Collecting dill==0.3.4 (from -r requirements.txt (line 1))
  Using cached https://files.pythonhosted.org/packages/b6/c3/973676ceb86b60835bb3978c6db67a5dc06be6cfdbd14ef0f5a13e3fc9fd/dill-0.3.4-py2.py3-none-any.whl
Requirement already satisfied: laplace==0.1 in /zhome/45/c/128687/.local/lib/python3.6/site-packages (from -r requirements.txt (line 2))
Collecting matplotlib==3.4.0 (from -r requirements.txt (line 3))
Running GPU.
[1,    10] loss: 1.892
[1,    20] loss: 1.837
[1,    30] loss: 1.768
[1,    40] loss: 1.688
[1,    50] loss: 1.700
[1,    60] loss: 1.597
[1,    70] loss: 1.695
[1,    80] loss: 1.614
[1,    90] loss: 1.582
[1,   100] loss: 1.618
[1,   110] loss: 1.575
[1,   120] loss: 1.593
[1,   130] loss: 1.525
[1,   140] loss: 1.516
[1,   150] loss: 1.504
[1,   160] loss: 1.556
[1,   170] loss: 1.604
[1,   180] loss: 1.530
[1,   190] loss: 1.495
[1,   200] loss: 1.566
[1,   210] loss: 1.414
[1,   220] loss: 1.530
[1,   230] loss: 1.526
[1,   240] loss: 1.473
[1,   250] loss: 1.433
[1,   260] loss: 1.512
[1,   270] loss: 1.492
[1,   280] loss: 1.449
[1,   290] loss: 1.450
[1,   300] loss: 1.485
[1,   310] loss: 1.387
[1,   320] loss: 1.555
[1,   330] loss: 1.443
[1,   340] loss: 1.438
[1,   350] loss: 1.426
[1,   360] loss: 1.518
[1,   370] loss: 1.440
[1,   380] loss: 1.420
[1,   390] loss: 1.400
[1,   400] loss: 1.374
[1,   410] loss: 1.494
[1,   420] loss: 1.428
[1,   430] loss: 1.406
[1,   440] loss: 1.461
[1,   450] loss: 1.475
[1,   460] loss: 1.428
[1,   470] loss: 1.405
[1,   480] loss: 1.471
[1,   490] loss: 1.469
[1,   500] loss: 1.435
[1,   510] loss: 1.432
[1,   520] loss: 1.380
[1,   530] loss: 1.373
[1,   540] loss: 1.398
[1,   550] loss: 1.371
[1,   560] loss: 1.414
[1,   570] loss: 1.480
[1,   580] loss: 1.434
[1,   590] loss: 1.422
[1,   600] loss: 1.435
[1,   610] loss: 1.372
[1,   620] loss: 1.450
[1,   630] loss: 1.369
[1,   640] loss: 1.461
[1,   650] loss: 1.466
[1,   660] loss: 1.379
[1,   670] loss: 1.418
[1,   680] loss: 1.435
[1,   690] loss: 1.408
[1,   700] loss: 1.406
[1,   710] loss: 1.435
[1,   720] loss: 1.411
[1,   730] loss: 1.370
[1,   740] loss: 1.404
[1,   750] loss: 1.433
[1,   760] loss: 1.414
[1,   770] loss: 1.409
[1,   780] loss: 1.483
[1,   790] loss: 1.374
[1,   800] loss: 1.355
[2,    10] loss: 1.513
[2,    20] loss: 1.425
[2,    30] loss: 1.369
[2,    40] loss: 1.342
[2,    50] loss: 1.404
[2,    60] loss: 1.421
[2,    70] loss: 1.373
[2,    80] loss: 1.402
[2,    90] loss: 1.448
[2,   100] loss: 1.416
[2,   110] loss: 1.327
[2,   120] loss: 1.347
[2,   130] loss: 1.314
[2,   140] loss: 1.412
[2,   150] loss: 1.367
[2,   160] loss: 1.349
[2,   170] loss: 1.462
[2,   180] loss: 1.380
[2,   190] loss: 1.352
[2,   200] loss: 1.341
[2,   210] loss: 1.387
[2,   220] loss: 1.453
[2,   230] loss: 1.400
[2,   240] loss: 1.369
[2,   250] loss: 1.372
[2,   260] loss: 1.417
[2,   270] loss: 1.327
[2,   280] loss: 1.326
[2,   290] loss: 1.334
[2,   300] loss: 1.382
[2,   310] loss: 1.369
[2,   320] loss: 1.444
[2,   330] loss: 1.374
[2,   340] loss: 1.295
[2,   350] loss: 1.365
[2,   360] loss: 1.413
[2,   370] loss: 1.368
[2,   380] loss: 1.272
[2,   390] loss: 1.334
[2,   400] loss: 1.300
[2,   410] loss: 1.339
[2,   420] loss: 1.388
[2,   430] loss: 1.312
[2,   440] loss: 1.423
[2,   450] loss: 1.400
[2,   460] loss: 1.342
[2,   470] loss: 1.404
[2,   480] loss: 1.281
[2,   490] loss: 1.353
[2,   500] loss: 1.291
[2,   510] loss: 1.234
[2,   520] loss: 1.406
[2,   530] loss: 1.423
[2,   540] loss: 1.316
[2,   550] loss: 1.328
[2,   560] loss: 1.375
[2,   570] loss: 1.358
[2,   580] loss: 1.399
[2,   590] loss: 1.308
[2,   600] loss: 1.447
[2,   610] loss: 1.354
[2,   620] loss: 1.318
[2,   630] loss: 1.340
[2,   640] loss: 1.357
[2,   650] loss: 1.281
[2,   660] loss: 1.344
[2,   670] loss: 1.318
[2,   680] loss: 1.322
[2,   690] loss: 1.333
[2,   700] loss: 1.238
[2,   710] loss: 1.314
[2,   720] loss: 1.445
[2,   730] loss: 1.259
[2,   740] loss: 1.360
[2,   750] loss: 1.402
[2,   760] loss: 1.344
[2,   770] loss: 1.363
[2,   780] loss: 1.258
[2,   790] loss: 1.295
[2,   800] loss: 1.369
[3,    10] loss: 1.335
[3,    20] loss: 1.366
[3,    30] loss: 1.339
[3,    40] loss: 1.248
[3,    50] loss: 1.358
[3,    60] loss: 1.360
[3,    70] loss: 1.288
[3,    80] loss: 1.333
[3,    90] loss: 1.286
[3,   100] loss: 1.274
[3,   110] loss: 1.302
[3,   120] loss: 1.395
[3,   130] loss: 1.402
[3,   140] loss: 1.398
[3,   150] loss: 1.345
[3,   160] loss: 1.320
[3,   170] loss: 1.372
[3,   180] loss: 1.329
[3,   190] loss: 1.334
[3,   200] loss: 1.342
[3,   210] loss: 1.332
[3,   220] loss: 1.299
[3,   230] loss: 1.325
[3,   240] loss: 1.277
[3,   250] loss: 1.366
[3,   260] loss: 1.331
[3,   270] loss: 1.248
[3,   280] loss: 1.274
[3,   290] loss: 1.257
[3,   300] loss: 1.216
[3,   310] loss: 1.294
[3,   320] loss: 1.277
[3,   330] loss: 1.365
[3,   340] loss: 1.394
[3,   350] loss: 1.257
[3,   360] loss: 1.218
[3,   370] loss: 1.342
[3,   380] loss: 1.270
[3,   390] loss: 1.336
[3,   400] loss: 1.291
[3,   410] loss: 1.277
[3,   420] loss: 1.315
[3,   430] loss: 1.292
[3,   440] loss: 1.352
[3,   450] loss: 1.381
[3,   460] loss: 1.262
[3,   470] loss: 1.287
[3,   480] loss: 1.345
[3,   490] loss: 1.262
[3,   500] loss: 1.249
[3,   510] loss: 1.305
[3,   520] loss: 1.297
[3,   530] loss: 1.347
[3,   540] loss: 1.334
[3,   550] loss: 1.322
[3,   560] loss: 1.280
[3,   570] loss: 1.241
[3,   580] loss: 1.267
[3,   590] loss: 1.336
[3,   600] loss: 1.355
[3,   610] loss: 1.212
[3,   620] loss: 1.257
[3,   630] loss: 1.226
[3,   640] loss: 1.234
[3,   650] loss: 1.310
[3,   660] loss: 1.380
[3,   670] loss: 1.213
[3,   680] loss: 1.226
[3,   690] loss: 1.273
[3,   700] loss: 1.247
[3,   710] loss: 1.316
[3,   720] loss: 1.260
[3,   730] loss: 1.300
[3,   740] loss: 1.278
[3,   750] loss: 1.242
[3,   760] loss: 1.250
[3,   770] loss: 1.347
[3,   780] loss: 1.255
[3,   790] loss: 1.236
[3,   800] loss: 1.300
[4,    10] loss: 1.437
[4,    20] loss: 1.274
[4,    30] loss: 1.295
[4,    40] loss: 1.230
[4,    50] loss: 1.270
[4,    60] loss: 1.305
[4,    70] loss: 1.345
[4,    80] loss: 1.319
[4,    90] loss: 1.294
[4,   100] loss: 1.362
[4,   110] loss: 1.230
[4,   120] loss: 1.276
[4,   130] loss: 1.320
[4,   140] loss: 1.266
[4,   150] loss: 1.239
[4,   160] loss: 1.205
[4,   170] loss: 1.179
[4,   180] loss: 1.281
[4,   190] loss: 1.333
[4,   200] loss: 1.282
[4,   210] loss: 1.181
[4,   220] loss: 1.293
[4,   230] loss: 1.279
[4,   240] loss: 1.265
[4,   250] loss: 1.180
[4,   260] loss: 1.315
[4,   270] loss: 1.204
[4,   280] loss: 1.203
[4,   290] loss: 1.230
[4,   300] loss: 1.249
[4,   310] loss: 1.216
[4,   320] loss: 1.235
[4,   330] loss: 1.169
[4,   340] loss: 1.186
[4,   350] loss: 1.220
[4,   360] loss: 1.164
[4,   370] loss: 1.246
[4,   380] loss: 1.207
[4,   390] loss: 1.348
[4,   400] loss: 1.364
[4,   410] loss: 1.358
[4,   420] loss: 1.288
[4,   430] loss: 1.237
[4,   440] loss: 1.285
[4,   450] loss: 1.218
[4,   460] loss: 1.164
[4,   470] loss: 1.196
[4,   480] loss: 1.234
[4,   490] loss: 1.263
[4,   500] loss: 1.213
[4,   510] loss: 1.283
[4,   520] loss: 1.262
[4,   530] loss: 1.099
[4,   540] loss: 1.264
[4,   550] loss: 1.173
[4,   560] loss: 1.208
[4,   570] loss: 1.187
[4,   580] loss: 1.190
[4,   590] loss: 1.269
[4,   600] loss: 1.197
[4,   610] loss: 1.238
[4,   620] loss: 1.283
[4,   630] loss: 1.145
[4,   640] loss: 1.324
[4,   650] loss: 1.298
[4,   660] loss: 1.238
[4,   670] loss: 1.209
[4,   680] loss: 1.143
[4,   690] loss: 1.181
[4,   700] loss: 1.321
[4,   710] loss: 1.169
[4,   720] loss: 1.283
[4,   730] loss: 1.287
[4,   740] loss: 1.170
[4,   750] loss: 1.054
[4,   760] loss: 1.220
[4,   770] loss: 1.289
[4,   780] loss: 1.260
[4,   790] loss: 1.247
[4,   800] loss: 1.221
[5,    10] loss: 1.218
[5,    20] loss: 1.101
[5,    30] loss: 1.220
[5,    40] loss: 1.233
[5,    50] loss: 1.145
[5,    60] loss: 1.257
[5,    70] loss: 1.061
[5,    80] loss: 1.203
[5,    90] loss: 1.304
[5,   100] loss: 1.196
[5,   110] loss: 1.201
[5,   120] loss: 1.158
[5,   130] loss: 1.237
[5,   140] loss: 1.214
[5,   150] loss: 1.264
[5,   160] loss: 1.153
[5,   170] loss: 1.256
[5,   180] loss: 1.271
[5,   190] loss: 1.204
[5,   200] loss: 1.187
[5,   210] loss: 1.250
[5,   220] loss: 1.202
[5,   230] loss: 1.237
[5,   240] loss: 1.244
[5,   250] loss: 1.233
[5,   260] loss: 1.174
[5,   270] loss: 1.243
[5,   280] loss: 1.176
[5,   290] loss: 1.219
[5,   300] loss: 1.193
[5,   310] loss: 1.226
[5,   320] loss: 1.220
[5,   330] loss: 1.144
[5,   340] loss: 1.280
[5,   350] loss: 1.152
[5,   360] loss: 1.097
[5,   370] loss: 1.221
[5,   380] loss: 1.237
[5,   390] loss: 1.232
[5,   400] loss: 1.181
[5,   410] loss: 1.084
[5,   420] loss: 1.213
[5,   430] loss: 1.137
[5,   440] loss: 1.144
[5,   450] loss: 1.149
[5,   460] loss: 1.154
[5,   470] loss: 1.094
[5,   480] loss: 1.207
[5,   490] loss: 1.177
[5,   500] loss: 1.145
[5,   510] loss: 1.193
[5,   520] loss: 1.162
[5,   530] loss: 1.125
[5,   540] loss: 1.114
[5,   550] loss: 1.225
[5,   560] loss: 1.134
[5,   570] loss: 1.191
[5,   580] loss: 1.166
[5,   590] loss: 1.218
[5,   600] loss: 1.150
[5,   610] loss: 1.254
[5,   620] loss: 1.212
[5,   630] loss: 1.199
[5,   640] loss: 1.201
[5,   650] loss: 1.121
[5,   660] loss: 1.303
[5,   670] loss: 1.198
[5,   680] loss: 1.190
[5,   690] loss: 1.211
[5,   700] loss: 1.171
[5,   710] loss: 1.207
[5,   720] loss: 1.218
[5,   730] loss: 1.154
[5,   740] loss: 1.187
[5,   750] loss: 1.143
[5,   760] loss: 1.093
[5,   770] loss: 1.226
[5,   780] loss: 1.249
[5,   790] loss: 1.203
[5,   800] loss: 1.119
[6,    10] loss: 1.185
[6,    20] loss: 1.120
[6,    30] loss: 1.060
[6,    40] loss: 1.151
[6,    50] loss: 1.114
[6,    60] loss: 1.128
[6,    70] loss: 1.076
[6,    80] loss: 1.167
[6,    90] loss: 1.098
[6,   100] loss: 1.141
[6,   110] loss: 1.173
[6,   120] loss: 1.140
[6,   130] loss: 1.196
[6,   140] loss: 1.153
[6,   150] loss: 1.073
[6,   160] loss: 1.172
[6,   170] loss: 1.085
[6,   180] loss: 1.195
[6,   190] loss: 1.103
[6,   200] loss: 1.168
[6,   210] loss: 1.130
[6,   220] loss: 1.174
[6,   230] loss: 1.219
[6,   240] loss: 1.130
[6,   250] loss: 1.047
[6,   260] loss: 1.141
[6,   270] loss: 1.197
[6,   280] loss: 1.191
[6,   290] loss: 1.114
[6,   300] loss: 1.149
[6,   310] loss: 1.194
[6,   320] loss: 1.130
[6,   330] loss: 1.140
[6,   340] loss: 1.103
[6,   350] loss: 1.205
[6,   360] loss: 1.143
[6,   370] loss: 1.199
[6,   380] loss: 1.064
[6,   390] loss: 1.160
[6,   400] loss: 1.170
[6,   410] loss: 1.119
[6,   420] loss: 1.131
[6,   430] loss: 1.072
[6,   440] loss: 1.129
[6,   450] loss: 1.057
[6,   460] loss: 1.131
[6,   470] loss: 1.073
[6,   480] loss: 1.123
[6,   490] loss: 1.121
[6,   500] loss: 1.070
[6,   510] loss: 1.206
[6,   520] loss: 1.219
[6,   530] loss: 1.129
[6,   540] loss: 1.182
[6,   550] loss: 1.171
[6,   560] loss: 1.095
[6,   570] loss: 1.208
[6,   580] loss: 1.190
[6,   590] loss: 1.202
[6,   600] loss: 1.159
[6,   610] loss: 1.115
[6,   620] loss: 1.130
[6,   630] loss: 1.119
[6,   640] loss: 1.033
[6,   650] loss: 1.205
[6,   660] loss: 1.076
[6,   670] loss: 1.119
[6,   680] loss: 1.159
[6,   690] loss: 1.144
[6,   700] loss: 1.084
[6,   710] loss: 1.184
[6,   720] loss: 1.120
[6,   730] loss: 1.179
[6,   740] loss: 1.140
[6,   750] loss: 1.258
[6,   760] loss: 1.142
[6,   770] loss: 1.107
[6,   780] loss: 1.151
[6,   790] loss: 1.234
[6,   800] loss: 1.134
[7,    10] loss: 1.078
[7,    20] loss: 1.158
[7,    30] loss: 1.099
[7,    40] loss: 1.208
[7,    50] loss: 1.166
[7,    60] loss: 1.164
[7,    70] loss: 1.021
[7,    80] loss: 1.088
[7,    90] loss: 1.167
[7,   100] loss: 1.213
[7,   110] loss: 1.230
[7,   120] loss: 1.174
[7,   130] loss: 1.071
[7,   140] loss: 1.102
[7,   150] loss: 1.238
[7,   160] loss: 1.148
[7,   170] loss: 1.040
[7,   180] loss: 1.049
[7,   190] loss: 1.052
[7,   200] loss: 1.038
[7,   210] loss: 1.047
[7,   220] loss: 1.133
[7,   230] loss: 1.046
[7,   240] loss: 1.124
[7,   250] loss: 1.140
[7,   260] loss: 1.061
[7,   270] loss: 1.042
[7,   280] loss: 1.142
[7,   290] loss: 1.104
[7,   300] loss: 1.177
[7,   310] loss: 1.162
[7,   320] loss: 1.102
[7,   330] loss: 1.209
[7,   340] loss: 1.168
[7,   350] loss: 1.064
[7,   360] loss: 1.045
[7,   370] loss: 1.136
[7,   380] loss: 1.154
[7,   390] loss: 1.151
[7,   400] loss: 1.096
[7,   410] loss: 1.177
[7,   420] loss: 1.053
[7,   430] loss: 1.166
[7,   440] loss: 1.111
[7,   450] loss: 1.098
[7,   460] loss: 1.089
[7,   470] loss: 1.090
[7,   480] loss: 1.103
[7,   490] loss: 1.108
[7,   500] loss: 1.153
[7,   510] loss: 1.109
[7,   520] loss: 1.052
[7,   530] loss: 1.111
[7,   540] loss: 0.974
[7,   550] loss: 1.082
[7,   560] loss: 1.116
[7,   570] loss: 1.141
[7,   580] loss: 1.031
[7,   590] loss: 1.156
[7,   600] loss: 1.152
[7,   610] loss: 1.120
[7,   620] loss: 1.191
[7,   630] loss: 1.221
[7,   640] loss: 1.271
[7,   650] loss: 1.137
[7,   660] loss: 1.062
[7,   670] loss: 1.113
[7,   680] loss: 1.115
[7,   690] loss: 1.066
[7,   700] loss: 1.097
[7,   710] loss: 1.146
[7,   720] loss: 1.257
[7,   730] loss: 1.082
[7,   740] loss: 1.161
[7,   750] loss: 1.105
[7,   760] loss: 1.030
[7,   770] loss: 1.044
[7,   780] loss: 1.178
[7,   790] loss: 1.021
[7,   800] loss: 1.139
[8,    10] loss: 1.156
[8,    20] loss: 1.061
[8,    30] loss: 1.168
[8,    40] loss: 1.128
[8,    50] loss: 1.185
[8,    60] loss: 1.107
[8,    70] loss: 1.062
[8,    80] loss: 1.062
[8,    90] loss: 1.376
[8,   100] loss: 1.349
[8,   110] loss: 1.402
[8,   120] loss: 1.412
[8,   130] loss: 1.290
[8,   140] loss: 1.287
[8,   150] loss: 1.143
[8,   160] loss: 1.237
[8,   170] loss: 1.165
[8,   180] loss: 1.160
[8,   190] loss: 1.128
[8,   200] loss: 1.099
[8,   210] loss: 1.190
[8,   220] loss: 1.117
[8,   230] loss: 1.138
[8,   240] loss: 1.231
[8,   250] loss: 1.270
[8,   260] loss: 1.097
[8,   270] loss: 1.195
[8,   280] loss: 1.183
[8,   290] loss: 1.172
[8,   300] loss: 1.246
[8,   310] loss: 1.101
[8,   320] loss: 1.100
[8,   330] loss: 0.973
[8,   340] loss: 1.076
[8,   350] loss: 1.100
[8,   360] loss: 1.148
[8,   370] loss: 1.115
[8,   380] loss: 1.132
[8,   390] loss: 1.199
[8,   400] loss: 1.090
[8,   410] loss: 1.055
[8,   420] loss: 1.113
[8,   430] loss: 1.113
[8,   440] loss: 1.033
[8,   450] loss: 1.108
[8,   460] loss: 1.168
[8,   470] loss: 1.094
[8,   480] loss: 1.190
[8,   490] loss: 0.976
[8,   500] loss: 1.151
[8,   510] loss: 1.255
[8,   520] loss: 1.118
[8,   530] loss: 1.104
[8,   540] loss: 1.084
[8,   550] loss: 1.192
[8,   560] loss: 1.064
[8,   570] loss: 1.044
[8,   580] loss: 1.170
[8,   590] loss: 1.115
[8,   600] loss: 1.040
[8,   610] loss: 1.115
[8,   620] loss: 1.187
[8,   630] loss: 1.150
[8,   640] loss: 1.084
[8,   650] loss: 1.205
[8,   660] loss: 1.251
[8,   670] loss: 1.130
[8,   680] loss: 1.101
[8,   690] loss: 1.176
[8,   700] loss: 1.134
[8,   710] loss: 1.126
[8,   720] loss: 1.197
[8,   730] loss: 1.194
[8,   740] loss: 1.202
[8,   750] loss: 1.139
[8,   760] loss: 1.107
[8,   770] loss: 1.212
[8,   780] loss: 1.108
[8,   790] loss: 1.092
[8,   800] loss: 1.165
[9,    10] loss: 1.214
[9,    20] loss: 1.223
[9,    30] loss: 1.116
[9,    40] loss: 1.134
[9,    50] loss: 1.103
[9,    60] loss: 1.178
[9,    70] loss: 1.138
[9,    80] loss: 1.228
[9,    90] loss: 1.129
[9,   100] loss: 1.198
[9,   110] loss: 1.102
[9,   120] loss: 1.114
[9,   130] loss: 1.067
[9,   140] loss: 1.142
[9,   150] loss: 1.128
[9,   160] loss: 1.145
[9,   170] loss: 1.188
[9,   180] loss: 1.186
[9,   190] loss: 1.124
[9,   200] loss: 1.154
[9,   210] loss: 1.108
[9,   220] loss: 1.007
[9,   230] loss: 1.054
[9,   240] loss: 1.191
[9,   250] loss: 1.092
[9,   260] loss: 1.086
[9,   270] loss: 1.037
[9,   280] loss: 1.075
[9,   290] loss: 1.104
[9,   300] loss: 1.115
[9,   310] loss: 1.064
[9,   320] loss: 1.043
[9,   330] loss: 1.080
[9,   340] loss: 1.052
[9,   350] loss: 1.037
[9,   360] loss: 1.132
[9,   370] loss: 1.128
[9,   380] loss: 1.114
[9,   390] loss: 1.105
[9,   400] loss: 1.063
[9,   410] loss: 1.033
[9,   420] loss: 0.977
[9,   430] loss: 1.041
[9,   440] loss: 1.061
[9,   450] loss: 1.138
[9,   460] loss: 1.115
[9,   470] loss: 1.027
[9,   480] loss: 1.119
[9,   490] loss: 1.184
[9,   500] loss: 1.131
[9,   510] loss: 1.124
[9,   520] loss: 1.127
[9,   530] loss: 1.127
[9,   540] loss: 1.110
[9,   550] loss: 0.993
[9,   560] loss: 1.044
[9,   570] loss: 1.035
[9,   580] loss: 1.191
[9,   590] loss: 1.007
[9,   600] loss: 1.081
[9,   610] loss: 1.057
[9,   620] loss: 1.119
[9,   630] loss: 1.012
[9,   640] loss: 1.034
[9,   650] loss: 1.065
[9,   660] loss: 1.127
[9,   670] loss: 1.013
[9,   680] loss: 1.153
[9,   690] loss: 1.040
[9,   700] loss: 1.022
[9,   710] loss: 1.086
[9,   720] loss: 1.052
[9,   730] loss: 1.029
[9,   740] loss: 0.999
[9,   750] loss: 1.095
[9,   760] loss: 1.040
[9,   770] loss: 1.038
[9,   780] loss: 1.109
[9,   790] loss: 1.062
[9,   800] loss: 1.049
[10,    10] loss: 1.186
[10,    20] loss: 1.153
[10,    30] loss: 1.113
[10,    40] loss: 1.102
[10,    50] loss: 1.156
[10,    60] loss: 1.034
[10,    70] loss: 1.139
[10,    80] loss: 1.155
[10,    90] loss: 1.045
[10,   100] loss: 1.084
[10,   110] loss: 1.074
[10,   120] loss: 1.075
[10,   130] loss: 1.206
[10,   140] loss: 1.087
[10,   150] loss: 1.038
[10,   160] loss: 1.109
[10,   170] loss: 1.074
[10,   180] loss: 1.069
[10,   190] loss: 1.065
[10,   200] loss: 1.041
[10,   210] loss: 1.059
[10,   220] loss: 1.052
[10,   230] loss: 1.063
[10,   240] loss: 1.093
[10,   250] loss: 1.113
[10,   260] loss: 1.037
[10,   270] loss: 1.117
[10,   280] loss: 0.961
[10,   290] loss: 1.073
[10,   300] loss: 1.043
[10,   310] loss: 1.104
[10,   320] loss: 1.101
[10,   330] loss: 1.036
[10,   340] loss: 0.958
[10,   350] loss: 1.024
[10,   360] loss: 1.024
[10,   370] loss: 1.064
[10,   380] loss: 1.071
[10,   390] loss: 1.120
[10,   400] loss: 1.017
[10,   410] loss: 1.075
[10,   420] loss: 1.097
[10,   430] loss: 1.106
[10,   440] loss: 0.972
[10,   450] loss: 1.051
[10,   460] loss: 1.104
[10,   470] loss: 1.147
[10,   480] loss: 1.010
[10,   490] loss: 1.022
[10,   500] loss: 1.199
[10,   510] loss: 0.972
[10,   520] loss: 1.186
[10,   530] loss: 1.134
[10,   540] loss: 1.129
[10,   550] loss: 1.105
[10,   560] loss: 1.299
[10,   570] loss: 1.147
[10,   580] loss: 1.142
[10,   590] loss: 1.143
[10,   600] loss: 0.944
[10,   610] loss: 1.081
[10,   620] loss: 1.042
[10,   630] loss: 1.032
[10,   640] loss: 0.993
[10,   650] loss: 0.966
[10,   660] loss: 1.107
[10,   670] loss: 1.044
[10,   680] loss: 1.059
[10,   690] loss: 1.122
[10,   700] loss: 1.180
[10,   710] loss: 1.128
[10,   720] loss: 1.024
[10,   730] loss: 1.101
[10,   740] loss: 1.016
[10,   750] loss: 1.005
[10,   760] loss: 1.093
[10,   770] loss: 1.139
[10,   780] loss: 1.056
[10,   790] loss: 1.077
[10,   800] loss: 1.132
[11,    10] loss: 1.177
[11,    20] loss: 0.958
[11,    30] loss: 1.131
[11,    40] loss: 1.050
[11,    50] loss: 0.996
[11,    60] loss: 1.096
[11,    70] loss: 1.029
[11,    80] loss: 1.150
[11,    90] loss: 1.128
[11,   100] loss: 1.148
[11,   110] loss: 1.009
[11,   120] loss: 0.953
[11,   130] loss: 1.086
[11,   140] loss: 1.051
[11,   150] loss: 1.001
[11,   160] loss: 1.026
[11,   170] loss: 1.119
[11,   180] loss: 1.069
[11,   190] loss: 1.001
[11,   200] loss: 1.014
[11,   210] loss: 1.031
[11,   220] loss: 1.073
[11,   230] loss: 0.966
[11,   240] loss: 0.995
[11,   250] loss: 0.994
[11,   260] loss: 1.203
[11,   270] loss: 1.088
[11,   280] loss: 1.208
[11,   290] loss: 1.097
[11,   300] loss: 1.134
[11,   310] loss: 1.100
[11,   320] loss: 1.025
[11,   330] loss: 1.035
[11,   340] loss: 1.027
[11,   350] loss: 1.136
[11,   360] loss: 1.052
[11,   370] loss: 1.038
[11,   380] loss: 1.085
[11,   390] loss: 1.055
[11,   400] loss: 1.078
[11,   410] loss: 1.058
[11,   420] loss: 1.040
[11,   430] loss: 1.105
[11,   440] loss: 1.009
[11,   450] loss: 1.075
[11,   460] loss: 0.979
[11,   470] loss: 0.975
[11,   480] loss: 1.014
[11,   490] loss: 1.130
[11,   500] loss: 1.070
[11,   510] loss: 1.043
[11,   520] loss: 1.004
[11,   530] loss: 1.119
[11,   540] loss: 1.109
[11,   550] loss: 1.085
[11,   560] loss: 0.981
[11,   570] loss: 0.948
[11,   580] loss: 1.005
[11,   590] loss: 1.081
[11,   600] loss: 1.022
[11,   610] loss: 1.029
[11,   620] loss: 1.002
[11,   630] loss: 0.978
[11,   640] loss: 1.041
[11,   650] loss: 1.024
[11,   660] loss: 0.975
[11,   670] loss: 1.031
[11,   680] loss: 0.978
[11,   690] loss: 1.039
[11,   700] loss: 1.136
[11,   710] loss: 1.116
[11,   720] loss: 1.123
[11,   730] loss: 1.007
[11,   740] loss: 1.029
[11,   750] loss: 1.070
[11,   760] loss: 1.068
[11,   770] loss: 1.123
[11,   780] loss: 1.154
[11,   790] loss: 1.044
[11,   800] loss: 1.129
[12,    10] loss: 1.099
[12,    20] loss: 1.132
[12,    30] loss: 0.984
[12,    40] loss: 1.052
[12,    50] loss: 1.063
[12,    60] loss: 1.016
[12,    70] loss: 1.008
[12,    80] loss: 0.929
[12,    90] loss: 0.993
[12,   100] loss: 1.046
[12,   110] loss: 0.970
[12,   120] loss: 1.076
[12,   130] loss: 1.031
[12,   140] loss: 1.004
[12,   150] loss: 1.044
[12,   160] loss: 1.143
[12,   170] loss: 1.018
[12,   180] loss: 1.042
[12,   190] loss: 1.056
[12,   200] loss: 1.010
[12,   210] loss: 1.030
[12,   220] loss: 1.118
[12,   230] loss: 0.952
[12,   240] loss: 1.016
[12,   250] loss: 1.069
[12,   260] loss: 1.047
[12,   270] loss: 0.983
[12,   280] loss: 0.982
[12,   290] loss: 0.980
[12,   300] loss: 0.990
[12,   310] loss: 1.038
[12,   320] loss: 1.061
[12,   330] loss: 1.063
[12,   340] loss: 0.920
[12,   350] loss: 1.038
[12,   360] loss: 0.991
[12,   370] loss: 0.945
[12,   380] loss: 1.002
[12,   390] loss: 0.934
[12,   400] loss: 0.992
[12,   410] loss: 0.976
[12,   420] loss: 1.105
[12,   430] loss: 0.982
[12,   440] loss: 0.972
[12,   450] loss: 1.028
[12,   460] loss: 1.054
[12,   470] loss: 1.053
[12,   480] loss: 0.933
[12,   490] loss: 1.047
[12,   500] loss: 1.115
[12,   510] loss: 1.148
[12,   520] loss: 1.032
[12,   530] loss: 1.101
[12,   540] loss: 1.068
[12,   550] loss: 1.075
[12,   560] loss: 0.963
[12,   570] loss: 0.997
[12,   580] loss: 1.005
[12,   590] loss: 1.056
[12,   600] loss: 1.010
[12,   610] loss: 0.927
[12,   620] loss: 0.956
[12,   630] loss: 1.061
[12,   640] loss: 1.128
[12,   650] loss: 1.060
[12,   660] loss: 1.050
[12,   670] loss: 1.171
[12,   680] loss: 1.140
[12,   690] loss: 1.063
[12,   700] loss: 1.012
[12,   710] loss: 0.980
[12,   720] loss: 0.992
[12,   730] loss: 0.975
[12,   740] loss: 1.109
[12,   750] loss: 1.019
[12,   760] loss: 1.108
[12,   770] loss: 1.062
[12,   780] loss: 1.034
[12,   790] loss: 0.991
[12,   800] loss: 0.990
[13,    10] loss: 1.091
[13,    20] loss: 1.010
[13,    30] loss: 1.018
[13,    40] loss: 1.064
[13,    50] loss: 1.025
[13,    60] loss: 1.069
[13,    70] loss: 1.076
[13,    80] loss: 0.979
[13,    90] loss: 1.076
[13,   100] loss: 0.938
[13,   110] loss: 0.953
[13,   120] loss: 1.031
[13,   130] loss: 1.039
[13,   140] loss: 1.049
[13,   150] loss: 1.121
[13,   160] loss: 1.095
[13,   170] loss: 1.011
[13,   180] loss: 0.946
[13,   190] loss: 1.017
[13,   200] loss: 1.037
[13,   210] loss: 0.940
[13,   220] loss: 1.061
[13,   230] loss: 1.112
[13,   240] loss: 1.144
[13,   250] loss: 1.185
[13,   260] loss: 1.146
[13,   270] loss: 0.994
[13,   280] loss: 1.134
[13,   290] loss: 1.021
[13,   300] loss: 1.081
[13,   310] loss: 0.984
[13,   320] loss: 0.933
[13,   330] loss: 1.009
[13,   340] loss: 1.080
[13,   350] loss: 1.018
[13,   360] loss: 1.074
[13,   370] loss: 0.980
[13,   380] loss: 0.953
[13,   390] loss: 1.100
[13,   400] loss: 0.980
[13,   410] loss: 0.933
[13,   420] loss: 1.030
[13,   430] loss: 1.077
[13,   440] loss: 1.000
[13,   450] loss: 0.993
[13,   460] loss: 0.898
[13,   470] loss: 1.089
[13,   480] loss: 0.875
[13,   490] loss: 0.955
[13,   500] loss: 0.996
[13,   510] loss: 1.010
[13,   520] loss: 0.967
[13,   530] loss: 1.015
[13,   540] loss: 1.019
[13,   550] loss: 0.883
[13,   560] loss: 1.094
[13,   570] loss: 1.037
[13,   580] loss: 1.075
[13,   590] loss: 1.022
[13,   600] loss: 0.966
[13,   610] loss: 1.089
[13,   620] loss: 0.951
[13,   630] loss: 1.083
[13,   640] loss: 1.025
[13,   650] loss: 0.940
[13,   660] loss: 1.051
[13,   670] loss: 1.024
[13,   680] loss: 1.086
[13,   690] loss: 1.072
[13,   700] loss: 1.000
[13,   710] loss: 1.065
[13,   720] loss: 1.063
[13,   730] loss: 1.084
[13,   740] loss: 0.971
[13,   750] loss: 1.022
[13,   760] loss: 1.068
[13,   770] loss: 1.067
[13,   780] loss: 1.087
[13,   790] loss: 0.988
[13,   800] loss: 0.992
[14,    10] loss: 1.167
[14,    20] loss: 1.038
[14,    30] loss: 0.931
[14,    40] loss: 1.096
[14,    50] loss: 1.086
[14,    60] loss: 1.032
[14,    70] loss: 0.977
[14,    80] loss: 1.033
[14,    90] loss: 1.101
[14,   100] loss: 1.043
[14,   110] loss: 0.944
[14,   120] loss: 1.054
[14,   130] loss: 1.016
[14,   140] loss: 1.073
[14,   150] loss: 1.033
[14,   160] loss: 0.965
[14,   170] loss: 1.061
[14,   180] loss: 1.096
[14,   190] loss: 1.021
[14,   200] loss: 0.938
[14,   210] loss: 1.132
[14,   220] loss: 1.007
[14,   230] loss: 0.932
[14,   240] loss: 1.029
[14,   250] loss: 1.073
[14,   260] loss: 0.930
[14,   270] loss: 1.057
[14,   280] loss: 1.066
[14,   290] loss: 0.981
[14,   300] loss: 1.059
[14,   310] loss: 0.972
[14,   320] loss: 1.011
[14,   330] loss: 1.003
[14,   340] loss: 1.070
[14,   350] loss: 1.029
[14,   360] loss: 1.036
[14,   370] loss: 1.039
[14,   380] loss: 0.954
[14,   390] loss: 0.962
[14,   400] loss: 0.958
[14,   410] loss: 1.052
[14,   420] loss: 1.043
[14,   430] loss: 1.022
[14,   440] loss: 1.063
[14,   450] loss: 1.017
[14,   460] loss: 0.982
[14,   470] loss: 0.976
[14,   480] loss: 1.025
[14,   490] loss: 1.032
[14,   500] loss: 1.041
[14,   510] loss: 1.202
[14,   520] loss: 1.054
[14,   530] loss: 0.985
[14,   540] loss: 1.158
[14,   550] loss: 1.032
[14,   560] loss: 1.004
[14,   570] loss: 1.018
[14,   580] loss: 1.029
[14,   590] loss: 1.021
[14,   600] loss: 0.971
[14,   610] loss: 1.065
[14,   620] loss: 0.928
[14,   630] loss: 0.985
[14,   640] loss: 0.991
[14,   650] loss: 0.930
[14,   660] loss: 0.975
[14,   670] loss: 1.081
[14,   680] loss: 1.052
[14,   690] loss: 0.989
[14,   700] loss: 1.056
[14,   710] loss: 1.014
[14,   720] loss: 1.049
[14,   730] loss: 1.064
[14,   740] loss: 0.910
[14,   750] loss: 0.983
[14,   760] loss: 0.995
[14,   770] loss: 1.095
[14,   780] loss: 0.948
[14,   790] loss: 0.961
[14,   800] loss: 0.950
[15,    10] loss: 1.056
[15,    20] loss: 0.919
[15,    30] loss: 0.936
[15,    40] loss: 0.966
[15,    50] loss: 1.009
[15,    60] loss: 0.994
[15,    70] loss: 0.986
[15,    80] loss: 1.021
[15,    90] loss: 1.032
[15,   100] loss: 1.064
[15,   110] loss: 0.962
[15,   120] loss: 1.075
[15,   130] loss: 1.041
[15,   140] loss: 1.020
[15,   150] loss: 1.037
[15,   160] loss: 1.129
[15,   170] loss: 1.045
[15,   180] loss: 1.097
[15,   190] loss: 0.961
[15,   200] loss: 1.006
[15,   210] loss: 0.984
[15,   220] loss: 0.956
[15,   230] loss: 1.063
[15,   240] loss: 1.005
[15,   250] loss: 1.084
[15,   260] loss: 1.057
[15,   270] loss: 1.026
[15,   280] loss: 1.208
[15,   290] loss: 1.195
[15,   300] loss: 1.230
[15,   310] loss: 0.977
[15,   320] loss: 1.134
[15,   330] loss: 1.191
[15,   340] loss: 1.031
[15,   350] loss: 1.041
[15,   360] loss: 0.965
[15,   370] loss: 0.985
[15,   380] loss: 0.975
[15,   390] loss: 0.908
[15,   400] loss: 0.998
[15,   410] loss: 0.965
[15,   420] loss: 1.005
[15,   430] loss: 1.008
[15,   440] loss: 0.953
[15,   450] loss: 1.041
[15,   460] loss: 1.010
[15,   470] loss: 0.967
[15,   480] loss: 1.015
[15,   490] loss: 0.998
[15,   500] loss: 1.024
[15,   510] loss: 1.051
[15,   520] loss: 1.008
[15,   530] loss: 1.150
[15,   540] loss: 1.036
[15,   550] loss: 1.081
[15,   560] loss: 1.022
[15,   570] loss: 1.020
[15,   580] loss: 1.017
[15,   590] loss: 1.025
[15,   600] loss: 0.951
[15,   610] loss: 0.978
[15,   620] loss: 0.946
[15,   630] loss: 1.023
[15,   640] loss: 1.041
[15,   650] loss: 1.031
[15,   660] loss: 0.980
[15,   670] loss: 0.977
[15,   680] loss: 0.932
[15,   690] loss: 1.031
[15,   700] loss: 1.001
[15,   710] loss: 1.008
[15,   720] loss: 1.105
[15,   730] loss: 1.011
[15,   740] loss: 0.947
[15,   750] loss: 0.978
[15,   760] loss: 1.060
[15,   770] loss: 0.894
[15,   780] loss: 0.953
[15,   790] loss: 1.064
[15,   800] loss: 1.083
[16,    10] loss: 0.985
[16,    20] loss: 0.969
[16,    30] loss: 1.034
[16,    40] loss: 1.019
[16,    50] loss: 0.981
[16,    60] loss: 1.018
[16,    70] loss: 1.039
[16,    80] loss: 0.999
[16,    90] loss: 0.992
[16,   100] loss: 0.887
[16,   110] loss: 0.955
[16,   120] loss: 0.966
[16,   130] loss: 1.090
[16,   140] loss: 0.987
[16,   150] loss: 1.056
[16,   160] loss: 1.151
[16,   170] loss: 0.881
[16,   180] loss: 0.969
[16,   190] loss: 0.944
[16,   200] loss: 0.902
[16,   210] loss: 0.923
[16,   220] loss: 1.024
[16,   230] loss: 0.954
[16,   240] loss: 1.099
[16,   250] loss: 1.096
[16,   260] loss: 0.915
[16,   270] loss: 1.010
[16,   280] loss: 0.928
[16,   290] loss: 1.093
[16,   300] loss: 0.935
[16,   310] loss: 1.060
[16,   320] loss: 0.913
[16,   330] loss: 1.096
[16,   340] loss: 0.975
[16,   350] loss: 1.019
[16,   360] loss: 0.966
[16,   370] loss: 1.008
[16,   380] loss: 0.988
[16,   390] loss: 0.958
[16,   400] loss: 0.953
[16,   410] loss: 0.953
[16,   420] loss: 1.013
[16,   430] loss: 1.013
[16,   440] loss: 0.992
[16,   450] loss: 1.041
[16,   460] loss: 1.041
[16,   470] loss: 1.012
[16,   480] loss: 1.078
[16,   490] loss: 1.069
[16,   500] loss: 0.958
[16,   510] loss: 1.074
[16,   520] loss: 0.945
[16,   530] loss: 1.082
[16,   540] loss: 0.951
[16,   550] loss: 0.950
[16,   560] loss: 1.056
[16,   570] loss: 1.083
[16,   580] loss: 1.067
[16,   590] loss: 0.973
[16,   600] loss: 0.952
[16,   610] loss: 0.975
[16,   620] loss: 1.023
[16,   630] loss: 0.987
[16,   640] loss: 0.900
[16,   650] loss: 0.978
[16,   660] loss: 0.814
[16,   670] loss: 0.952
[16,   680] loss: 0.942
[16,   690] loss: 1.001
[16,   700] loss: 0.985
[16,   710] loss: 1.051
[16,   720] loss: 0.980
[16,   730] loss: 0.971
[16,   740] loss: 1.029
[16,   750] loss: 1.014
[16,   760] loss: 1.002
[16,   770] loss: 1.111
[16,   780] loss: 0.953
[16,   790] loss: 1.068
[16,   800] loss: 0.894
[17,    10] loss: 0.947
[17,    20] loss: 1.028
[17,    30] loss: 0.899
[17,    40] loss: 1.073
[17,    50] loss: 1.110
[17,    60] loss: 1.002
[17,    70] loss: 0.948
[17,    80] loss: 0.926
[17,    90] loss: 0.966
[17,   100] loss: 0.928
[17,   110] loss: 0.995
[17,   120] loss: 0.989
[17,   130] loss: 1.047
[17,   140] loss: 0.988
[17,   150] loss: 0.988
[17,   160] loss: 0.941
[17,   170] loss: 0.965
[17,   180] loss: 1.083
[17,   190] loss: 0.990
[17,   200] loss: 1.110
[17,   210] loss: 1.123
[17,   220] loss: 0.967
[17,   230] loss: 1.013
[17,   240] loss: 0.973
[17,   250] loss: 0.964
[17,   260] loss: 1.017
[17,   270] loss: 0.989
[17,   280] loss: 1.009
[17,   290] loss: 1.003
[17,   300] loss: 1.068
[17,   310] loss: 1.054
[17,   320] loss: 0.891
[17,   330] loss: 1.104
[17,   340] loss: 1.002
[17,   350] loss: 0.977
[17,   360] loss: 0.936
[17,   370] loss: 0.890
[17,   380] loss: 0.934
[17,   390] loss: 1.075
[17,   400] loss: 0.975
[17,   410] loss: 1.024
[17,   420] loss: 0.945
[17,   430] loss: 0.940
[17,   440] loss: 0.934
[17,   450] loss: 0.909
[17,   460] loss: 1.043
[17,   470] loss: 0.925
[17,   480] loss: 0.974
[17,   490] loss: 1.008
[17,   500] loss: 1.071
[17,   510] loss: 1.021
[17,   520] loss: 0.947
[17,   530] loss: 1.063
[17,   540] loss: 0.862
[17,   550] loss: 0.941
[17,   560] loss: 0.974
[17,   570] loss: 0.945
[17,   580] loss: 0.941
[17,   590] loss: 1.014
[17,   600] loss: 0.982
[17,   610] loss: 0.967
[17,   620] loss: 1.007
[17,   630] loss: 0.966
[17,   640] loss: 0.955
[17,   650] loss: 0.913
[17,   660] loss: 0.972
[17,   670] loss: 1.027
[17,   680] loss: 0.963
[17,   690] loss: 1.010
[17,   700] loss: 0.950
[17,   710] loss: 0.986
[17,   720] loss: 0.963
[17,   730] loss: 1.038
[17,   740] loss: 0.999
[17,   750] loss: 1.065
[17,   760] loss: 0.999
[17,   770] loss: 1.026
[17,   780] loss: 0.990
[17,   790] loss: 1.021
[17,   800] loss: 0.957
[18,    10] loss: 0.990
[18,    20] loss: 0.980
[18,    30] loss: 0.990
[18,    40] loss: 0.860
[18,    50] loss: 0.984
[18,    60] loss: 0.906
[18,    70] loss: 0.898
[18,    80] loss: 0.961
[18,    90] loss: 0.890
[18,   100] loss: 0.963
[18,   110] loss: 1.053
[18,   120] loss: 0.942
[18,   130] loss: 0.951
[18,   140] loss: 0.969
[18,   150] loss: 0.948
[18,   160] loss: 0.889
[18,   170] loss: 0.963
[18,   180] loss: 0.931
[18,   190] loss: 0.964
[18,   200] loss: 0.953
[18,   210] loss: 1.072
[18,   220] loss: 1.048
[18,   230] loss: 1.083
[18,   240] loss: 0.987
[18,   250] loss: 1.092
[18,   260] loss: 1.126
[18,   270] loss: 1.053
[18,   280] loss: 1.067
[18,   290] loss: 1.057
[18,   300] loss: 1.115
[18,   310] loss: 1.041
[18,   320] loss: 1.094
[18,   330] loss: 0.997
[18,   340] loss: 1.084
[18,   350] loss: 1.060
[18,   360] loss: 1.009
[18,   370] loss: 1.004
[18,   380] loss: 0.992
[18,   390] loss: 1.040
[18,   400] loss: 1.076
[18,   410] loss: 1.009
[18,   420] loss: 1.049
[18,   430] loss: 1.007
[18,   440] loss: 1.000
[18,   450] loss: 0.926
[18,   460] loss: 0.981
[18,   470] loss: 0.954
[18,   480] loss: 0.972
[18,   490] loss: 1.077
[18,   500] loss: 0.947
[18,   510] loss: 1.100
[18,   520] loss: 1.068
[18,   530] loss: 0.988
[18,   540] loss: 1.041
[18,   550] loss: 1.096
[18,   560] loss: 1.005
[18,   570] loss: 0.975
[18,   580] loss: 1.009
[18,   590] loss: 1.008
[18,   600] loss: 0.994
[18,   610] loss: 0.940
[18,   620] loss: 1.020
[18,   630] loss: 1.061
[18,   640] loss: 0.987
[18,   650] loss: 1.003
[18,   660] loss: 1.035
[18,   670] loss: 0.998
[18,   680] loss: 1.018
[18,   690] loss: 1.134
[18,   700] loss: 0.973
[18,   710] loss: 0.943
[18,   720] loss: 1.020
[18,   730] loss: 0.992
[18,   740] loss: 1.009
[18,   750] loss: 1.061
[18,   760] loss: 0.911
[18,   770] loss: 0.970
[18,   780] loss: 0.988
[18,   790] loss: 0.869
[18,   800] loss: 0.909
[19,    10] loss: 1.058
[19,    20] loss: 0.953
[19,    30] loss: 1.072
[19,    40] loss: 1.140
[19,    50] loss: 1.133
[19,    60] loss: 0.999
[19,    70] loss: 1.023
[19,    80] loss: 1.037
[19,    90] loss: 1.056
[19,   100] loss: 1.001
[19,   110] loss: 1.081
[19,   120] loss: 1.086
[19,   130] loss: 1.083
[19,   140] loss: 1.071
[19,   150] loss: 1.042
[19,   160] loss: 1.127
[19,   170] loss: 0.976
[19,   180] loss: 0.989
[19,   190] loss: 1.068
[19,   200] loss: 1.060
[19,   210] loss: 1.052
[19,   220] loss: 1.105
[19,   230] loss: 0.961
[19,   240] loss: 1.038
[19,   250] loss: 1.040
[19,   260] loss: 1.057
[19,   270] loss: 1.011
[19,   280] loss: 0.978
[19,   290] loss: 0.953
[19,   300] loss: 0.901
[19,   310] loss: 1.049
[19,   320] loss: 0.997
[19,   330] loss: 0.972
[19,   340] loss: 0.952
[19,   350] loss: 0.911
[19,   360] loss: 1.062
[19,   370] loss: 0.962
[19,   380] loss: 1.029
[19,   390] loss: 0.918
[19,   400] loss: 0.915
[19,   410] loss: 0.893
[19,   420] loss: 1.042
[19,   430] loss: 0.944
[19,   440] loss: 1.024
[19,   450] loss: 0.905
[19,   460] loss: 1.005
[19,   470] loss: 0.953
[19,   480] loss: 0.899
[19,   490] loss: 0.948
[19,   500] loss: 0.970
[19,   510] loss: 1.084
[19,   520] loss: 1.036
[19,   530] loss: 0.973
[19,   540] loss: 1.096
[19,   550] loss: 1.058
[19,   560] loss: 1.013
[19,   570] loss: 0.996
[19,   580] loss: 0.964
[19,   590] loss: 0.973
[19,   600] loss: 0.976
[19,   610] loss: 0.891
[19,   620] loss: 1.025
[19,   630] loss: 0.972
[19,   640] loss: 0.871
[19,   650] loss: 0.967
[19,   660] loss: 0.989
[19,   670] loss: 1.018
[19,   680] loss: 0.974
[19,   690] loss: 1.035
[19,   700] loss: 0.911
[19,   710] loss: 0.935
[19,   720] loss: 0.970
[19,   730] loss: 0.880
[19,   740] loss: 1.016
[19,   750] loss: 0.947
[19,   760] loss: 0.955
[19,   770] loss: 0.961
[19,   780] loss: 0.946
[19,   790] loss: 0.961
[19,   800] loss: 1.127
[20,    10] loss: 1.045
[20,    20] loss: 1.084
[20,    30] loss: 1.067
[20,    40] loss: 0.964
[20,    50] loss: 0.985
[20,    60] loss: 0.912
[20,    70] loss: 0.961
[20,    80] loss: 0.952
[20,    90] loss: 1.092
[20,   100] loss: 0.945
[20,   110] loss: 0.950
[20,   120] loss: 0.960
[20,   130] loss: 0.926
[20,   140] loss: 0.929
[20,   150] loss: 0.949
[20,   160] loss: 1.028
[20,   170] loss: 1.105
[20,   180] loss: 1.057
[20,   190] loss: 1.023
[20,   200] loss: 1.070
[20,   210] loss: 0.941
[20,   220] loss: 1.078
[20,   230] loss: 1.001
[20,   240] loss: 0.988
[20,   250] loss: 1.014
[20,   260] loss: 1.066
[20,   270] loss: 1.010
[20,   280] loss: 0.991
[20,   290] loss: 0.953
[20,   300] loss: 0.984
[20,   310] loss: 1.003
[20,   320] loss: 0.958
[20,   330] loss: 0.950
[20,   340] loss: 0.968
[20,   350] loss: 1.068
[20,   360] loss: 0.981
[20,   370] loss: 1.052
[20,   380] loss: 0.873
[20,   390] loss: 1.015
[20,   400] loss: 0.888
[20,   410] loss: 0.965
[20,   420] loss: 0.951
[20,   430] loss: 1.028
[20,   440] loss: 0.930
[20,   450] loss: 0.918
[20,   460] loss: 0.956
[20,   470] loss: 0.901
[20,   480] loss: 0.952
[20,   490] loss: 1.013
[20,   500] loss: 0.838
[20,   510] loss: 1.094
[20,   520] loss: 0.989
[20,   530] loss: 0.998
[20,   540] loss: 0.953
[20,   550] loss: 0.921
[20,   560] loss: 0.918
[20,   570] loss: 0.841
[20,   580] loss: 1.028
[20,   590] loss: 0.962
[20,   600] loss: 1.013
[20,   610] loss: 0.955
[20,   620] loss: 0.948
[20,   630] loss: 1.061
[20,   640] loss: 0.938
[20,   650] loss: 0.891
[20,   660] loss: 0.964
[20,   670] loss: 1.072
[20,   680] loss: 1.027
[20,   690] loss: 1.011
[20,   700] loss: 0.956
[20,   710] loss: 0.980
[20,   720] loss: 1.035
[20,   730] loss: 0.968
[20,   740] loss: 0.988
[20,   750] loss: 0.955
[20,   760] loss: 0.995
[20,   770] loss: 1.151
[20,   780] loss: 1.107
[20,   790] loss: 0.998
[20,   800] loss: 0.930
[21,    10] loss: 0.904
[21,    20] loss: 0.993
[21,    30] loss: 0.994
[21,    40] loss: 0.981
[21,    50] loss: 1.061
[21,    60] loss: 0.951
[21,    70] loss: 0.901
[21,    80] loss: 0.996
[21,    90] loss: 1.037
[21,   100] loss: 0.924
[21,   110] loss: 0.960
[21,   120] loss: 0.915
[21,   130] loss: 0.948
[21,   140] loss: 0.902
[21,   150] loss: 0.980
[21,   160] loss: 0.940
[21,   170] loss: 0.983
[21,   180] loss: 0.947
[21,   190] loss: 1.040
[21,   200] loss: 0.870
[21,   210] loss: 0.968
[21,   220] loss: 0.970
[21,   230] loss: 0.920
[21,   240] loss: 1.009
[21,   250] loss: 0.871
[21,   260] loss: 0.891
[21,   270] loss: 1.003
[21,   280] loss: 0.903
[21,   290] loss: 1.042
[21,   300] loss: 1.017
[21,   310] loss: 1.120
[21,   320] loss: 1.060
[21,   330] loss: 1.032
[21,   340] loss: 1.127
[21,   350] loss: 1.196
[21,   360] loss: 0.957
[21,   370] loss: 0.991
[21,   380] loss: 1.018
[21,   390] loss: 1.042
[21,   400] loss: 0.900
[21,   410] loss: 1.023
[21,   420] loss: 1.044
[21,   430] loss: 0.980
[21,   440] loss: 0.922
[21,   450] loss: 1.038
[21,   460] loss: 1.056
[21,   470] loss: 1.031
[21,   480] loss: 1.144
[21,   490] loss: 0.956
[21,   500] loss: 1.040
[21,   510] loss: 0.937
[21,   520] loss: 0.861
[21,   530] loss: 0.867
[21,   540] loss: 0.945
[21,   550] loss: 1.067
[21,   560] loss: 1.031
[21,   570] loss: 1.056
[21,   580] loss: 1.134
[21,   590] loss: 1.128
[21,   600] loss: 1.081
[21,   610] loss: 0.975
[21,   620] loss: 0.988
[21,   630] loss: 1.030
[21,   640] loss: 0.870
[21,   650] loss: 0.815
[21,   660] loss: 0.868
[21,   670] loss: 1.003
[21,   680] loss: 1.004
[21,   690] loss: 0.899
[21,   700] loss: 0.990
[21,   710] loss: 0.897
[21,   720] loss: 0.996
[21,   730] loss: 0.954
[21,   740] loss: 0.844
[21,   750] loss: 1.015
[21,   760] loss: 0.970
[21,   770] loss: 1.073
[21,   780] loss: 1.048
[21,   790] loss: 0.989
[21,   800] loss: 1.044
[22,    10] loss: 0.939
[22,    20] loss: 1.053
[22,    30] loss: 0.965
[22,    40] loss: 1.013
[22,    50] loss: 0.977
[22,    60] loss: 1.014
[22,    70] loss: 1.052
[22,    80] loss: 0.960
[22,    90] loss: 0.982
[22,   100] loss: 0.935
[22,   110] loss: 1.040
[22,   120] loss: 0.976
[22,   130] loss: 0.978
[22,   140] loss: 0.979
[22,   150] loss: 0.928
[22,   160] loss: 0.831
[22,   170] loss: 1.089
[22,   180] loss: 0.960
[22,   190] loss: 0.977
[22,   200] loss: 1.088
[22,   210] loss: 1.107
[22,   220] loss: 1.068
[22,   230] loss: 1.018
[22,   240] loss: 1.072
[22,   250] loss: 1.037
[22,   260] loss: 1.014
[22,   270] loss: 1.050
[22,   280] loss: 0.927
[22,   290] loss: 1.020
[22,   300] loss: 0.994
[22,   310] loss: 0.980
[22,   320] loss: 0.949
[22,   330] loss: 1.006
[22,   340] loss: 0.935
[22,   350] loss: 0.985
[22,   360] loss: 0.987
[22,   370] loss: 1.192
[22,   380] loss: 1.071
[22,   390] loss: 0.921
[22,   400] loss: 0.958
[22,   410] loss: 1.021
[22,   420] loss: 1.007
[22,   430] loss: 0.981
[22,   440] loss: 0.965
[22,   450] loss: 0.861
[22,   460] loss: 0.985
[22,   470] loss: 0.901
[22,   480] loss: 0.955
[22,   490] loss: 1.013
[22,   500] loss: 0.864
[22,   510] loss: 0.946
[22,   520] loss: 0.957
[22,   530] loss: 0.962
[22,   540] loss: 0.985
[22,   550] loss: 1.020
[22,   560] loss: 0.974
[22,   570] loss: 0.979
[22,   580] loss: 1.015
[22,   590] loss: 0.936
[22,   600] loss: 0.956
[22,   610] loss: 0.970
[22,   620] loss: 0.970
[22,   630] loss: 1.065
[22,   640] loss: 1.015
[22,   650] loss: 1.181
[22,   660] loss: 1.088
[22,   670] loss: 0.981
[22,   680] loss: 0.946
[22,   690] loss: 0.941
[22,   700] loss: 0.937
[22,   710] loss: 1.107
[22,   720] loss: 0.948
[22,   730] loss: 0.965
[22,   740] loss: 1.040
[22,   750] loss: 1.098
[22,   760] loss: 0.943
[22,   770] loss: 0.986
[22,   780] loss: 0.955
[22,   790] loss: 1.049
[22,   800] loss: 1.058
[23,    10] loss: 0.919
[23,    20] loss: 1.089
[23,    30] loss: 0.975
[23,    40] loss: 0.964
[23,    50] loss: 0.986
[23,    60] loss: 0.880
[23,    70] loss: 0.984
[23,    80] loss: 0.947
[23,    90] loss: 0.960
[23,   100] loss: 0.932
[23,   110] loss: 0.981
[23,   120] loss: 0.854
[23,   130] loss: 0.989
[23,   140] loss: 0.986
[23,   150] loss: 1.041
[23,   160] loss: 0.953
[23,   170] loss: 0.932
[23,   180] loss: 1.013
[23,   190] loss: 1.011
[23,   200] loss: 1.105
[23,   210] loss: 1.081
[23,   220] loss: 1.140
[23,   230] loss: 0.937
[23,   240] loss: 1.052
[23,   250] loss: 1.043
[23,   260] loss: 1.003
[23,   270] loss: 0.977
[23,   280] loss: 0.992
[23,   290] loss: 1.050
[23,   300] loss: 0.967
[23,   310] loss: 1.002
[23,   320] loss: 0.914
[23,   330] loss: 0.966
[23,   340] loss: 1.002
[23,   350] loss: 0.879
[23,   360] loss: 1.017
[23,   370] loss: 0.957
[23,   380] loss: 0.910
[23,   390] loss: 0.960
[23,   400] loss: 0.937
[23,   410] loss: 0.976
[23,   420] loss: 0.874
[23,   430] loss: 0.904
[23,   440] loss: 0.899
[23,   450] loss: 0.984
[23,   460] loss: 1.040
[23,   470] loss: 0.931
[23,   480] loss: 1.006
[23,   490] loss: 1.012
[23,   500] loss: 0.985
[23,   510] loss: 0.884
[23,   520] loss: 0.953
[23,   530] loss: 0.955
[23,   540] loss: 0.946
[23,   550] loss: 1.004
[23,   560] loss: 0.897
[23,   570] loss: 0.981
[23,   580] loss: 0.913
[23,   590] loss: 0.911
[23,   600] loss: 0.992
[23,   610] loss: 1.013
[23,   620] loss: 0.845
[23,   630] loss: 0.989
[23,   640] loss: 1.089
[23,   650] loss: 0.983
[23,   660] loss: 0.962
[23,   670] loss: 0.989
[23,   680] loss: 0.993
[23,   690] loss: 1.086
[23,   700] loss: 0.941
[23,   710] loss: 0.902
[23,   720] loss: 0.924
[23,   730] loss: 0.906
[23,   740] loss: 0.887
[23,   750] loss: 0.908
[23,   760] loss: 0.921
[23,   770] loss: 0.911
[23,   780] loss: 0.992
[23,   790] loss: 0.872
[23,   800] loss: 0.862
[24,    10] loss: 0.903
[24,    20] loss: 0.991
[24,    30] loss: 1.027
[24,    40] loss: 0.964
[24,    50] loss: 1.029
[24,    60] loss: 1.020
[24,    70] loss: 1.011
[24,    80] loss: 0.964
[24,    90] loss: 0.931
[24,   100] loss: 0.871
[24,   110] loss: 0.929
[24,   120] loss: 0.892
[24,   130] loss: 0.964
[24,   140] loss: 0.950
[24,   150] loss: 0.927
[24,   160] loss: 0.949
[24,   170] loss: 1.020
[24,   180] loss: 0.897
[24,   190] loss: 0.914
[24,   200] loss: 0.900
[24,   210] loss: 1.062
[24,   220] loss: 0.899
[24,   230] loss: 0.885
[24,   240] loss: 0.942
[24,   250] loss: 0.958
[24,   260] loss: 1.009
[24,   270] loss: 1.020
[24,   280] loss: 0.969
[24,   290] loss: 0.911
[24,   300] loss: 0.928
[24,   310] loss: 0.961
[24,   320] loss: 0.946
[24,   330] loss: 0.944
[24,   340] loss: 1.031
[24,   350] loss: 0.929
[24,   360] loss: 0.925
[24,   370] loss: 0.866
[24,   380] loss: 0.918
[24,   390] loss: 0.973
[24,   400] loss: 0.921
[24,   410] loss: 0.953
[24,   420] loss: 0.896
[24,   430] loss: 1.011
[24,   440] loss: 0.901
[24,   450] loss: 1.079
[24,   460] loss: 1.055
[24,   470] loss: 0.991
[24,   480] loss: 1.066
[24,   490] loss: 1.009
[24,   500] loss: 0.888
[24,   510] loss: 0.950
[24,   520] loss: 0.970
[24,   530] loss: 1.023
[24,   540] loss: 1.041
[24,   550] loss: 0.906
[24,   560] loss: 0.961
[24,   570] loss: 1.075
[24,   580] loss: 0.970
[24,   590] loss: 0.906
[24,   600] loss: 0.989
[24,   610] loss: 0.978
[24,   620] loss: 0.967
[24,   630] loss: 1.039
[24,   640] loss: 1.054
[24,   650] loss: 1.050
[24,   660] loss: 0.949
[24,   670] loss: 1.108
[24,   680] loss: 1.050
[24,   690] loss: 0.911
[24,   700] loss: 1.017
[24,   710] loss: 1.003
[24,   720] loss: 1.055
[24,   730] loss: 0.963
[24,   740] loss: 0.940
[24,   750] loss: 0.985
[24,   760] loss: 0.993
[24,   770] loss: 1.080
[24,   780] loss: 0.938
[24,   790] loss: 0.958
[24,   800] loss: 0.956
[25,    10] loss: 0.994
[25,    20] loss: 0.940
[25,    30] loss: 1.008
[25,    40] loss: 1.064
[25,    50] loss: 0.903
[25,    60] loss: 0.903
[25,    70] loss: 1.084
[25,    80] loss: 0.920
[25,    90] loss: 0.841
[25,   100] loss: 0.924
[25,   110] loss: 0.928
[25,   120] loss: 0.885
[25,   130] loss: 0.937
[25,   140] loss: 0.950
[25,   150] loss: 0.997
[25,   160] loss: 1.041
[25,   170] loss: 0.998
[25,   180] loss: 0.969
[25,   190] loss: 0.981
[25,   200] loss: 1.076
[25,   210] loss: 1.089
[25,   220] loss: 0.908
[25,   230] loss: 0.887
[25,   240] loss: 0.884
[25,   250] loss: 0.926
[25,   260] loss: 0.937
[25,   270] loss: 0.943
[25,   280] loss: 1.034
[25,   290] loss: 1.131
[25,   300] loss: 1.041
[25,   310] loss: 0.948
[25,   320] loss: 1.008
[25,   330] loss: 1.002
[25,   340] loss: 0.971
[25,   350] loss: 0.913
[25,   360] loss: 0.986
[25,   370] loss: 0.965
[25,   380] loss: 1.047
[25,   390] loss: 0.951
[25,   400] loss: 1.024
[25,   410] loss: 0.950
[25,   420] loss: 0.967
[25,   430] loss: 0.940
[25,   440] loss: 0.968
[25,   450] loss: 0.929
[25,   460] loss: 0.975
[25,   470] loss: 0.965
[25,   480] loss: 0.937
[25,   490] loss: 0.979
[25,   500] loss: 1.024
[25,   510] loss: 0.972
[25,   520] loss: 0.959
[25,   530] loss: 0.913
[25,   540] loss: 0.989
[25,   550] loss: 1.013
[25,   560] loss: 1.010
[25,   570] loss: 0.936
[25,   580] loss: 0.915
[25,   590] loss: 1.008
[25,   600] loss: 0.997
[25,   610] loss: 0.979
[25,   620] loss: 0.839
[25,   630] loss: 0.902
[25,   640] loss: 0.925
[25,   650] loss: 0.933
[25,   660] loss: 0.944
[25,   670] loss: 0.790
[25,   680] loss: 0.922
[25,   690] loss: 0.980
[25,   700] loss: 0.992
[25,   710] loss: 0.944
[25,   720] loss: 1.022
[25,   730] loss: 0.974
[25,   740] loss: 0.975
[25,   750] loss: 1.027
[25,   760] loss: 1.049
[25,   770] loss: 0.995
[25,   780] loss: 1.006
[25,   790] loss: 0.942
[25,   800] loss: 1.077
[26,    10] loss: 1.070
[26,    20] loss: 1.025
[26,    30] loss: 1.076
[26,    40] loss: 0.960
[26,    50] loss: 0.919
[26,    60] loss: 1.026
[26,    70] loss: 0.988
[26,    80] loss: 0.999
[26,    90] loss: 0.908
[26,   100] loss: 0.885
[26,   110] loss: 0.856
[26,   120] loss: 0.920
[26,   130] loss: 0.923
[26,   140] loss: 1.012
[26,   150] loss: 0.975
[26,   160] loss: 0.887
[26,   170] loss: 0.910
[26,   180] loss: 0.998
[26,   190] loss: 0.981
[26,   200] loss: 0.914
[26,   210] loss: 0.920
[26,   220] loss: 0.903
[26,   230] loss: 0.974
[26,   240] loss: 0.922
[26,   250] loss: 0.968
[26,   260] loss: 0.935
[26,   270] loss: 0.992
[26,   280] loss: 0.885
[26,   290] loss: 0.954
[26,   300] loss: 0.834
[26,   310] loss: 0.850
[26,   320] loss: 0.899
[26,   330] loss: 0.951
[26,   340] loss: 0.908
[26,   350] loss: 0.986
[26,   360] loss: 0.917
[26,   370] loss: 0.930
[26,   380] loss: 0.956
[26,   390] loss: 0.982
[26,   400] loss: 0.907
[26,   410] loss: 0.978
[26,   420] loss: 0.954
[26,   430] loss: 1.004
[26,   440] loss: 0.895
[26,   450] loss: 0.991
[26,   460] loss: 0.939
[26,   470] loss: 0.997
[26,   480] loss: 1.046
[26,   490] loss: 0.961
[26,   500] loss: 0.952
[26,   510] loss: 0.889
[26,   520] loss: 0.893
[26,   530] loss: 0.962
[26,   540] loss: 0.944
[26,   550] loss: 0.896
[26,   560] loss: 0.904
[26,   570] loss: 0.966
[26,   580] loss: 0.963
[26,   590] loss: 0.946
[26,   600] loss: 0.945
[26,   610] loss: 0.963
[26,   620] loss: 1.007
[26,   630] loss: 1.012
[26,   640] loss: 0.993
[26,   650] loss: 1.000
[26,   660] loss: 1.087
[26,   670] loss: 0.955
[26,   680] loss: 0.996
[26,   690] loss: 0.989
[26,   700] loss: 1.140
[26,   710] loss: 0.964
[26,   720] loss: 1.050
[26,   730] loss: 0.970
[26,   740] loss: 0.932
[26,   750] loss: 0.956
[26,   760] loss: 0.957
[26,   770] loss: 0.935
[26,   780] loss: 0.915
[26,   790] loss: 0.953
[26,   800] loss: 0.983
[27,    10] loss: 0.935
[27,    20] loss: 0.930
[27,    30] loss: 0.909
[27,    40] loss: 0.887
[27,    50] loss: 0.918
[27,    60] loss: 0.865
[27,    70] loss: 0.958
[27,    80] loss: 0.990
[27,    90] loss: 0.980
[27,   100] loss: 0.981
[27,   110] loss: 0.985
[27,   120] loss: 0.942
[27,   130] loss: 0.964
[27,   140] loss: 0.968
[27,   150] loss: 1.024
[27,   160] loss: 0.977
[27,   170] loss: 1.012
[27,   180] loss: 0.982
[27,   190] loss: 1.050
[27,   200] loss: 0.926
[27,   210] loss: 1.040
[27,   220] loss: 0.952
[27,   230] loss: 0.967
[27,   240] loss: 1.104
[27,   250] loss: 0.961
[27,   260] loss: 1.024
[27,   270] loss: 0.973
[27,   280] loss: 0.968
[27,   290] loss: 0.969
[27,   300] loss: 0.988
[27,   310] loss: 1.127
[27,   320] loss: 0.941
[27,   330] loss: 1.002
[27,   340] loss: 0.938
[27,   350] loss: 0.859
[27,   360] loss: 1.123
[27,   370] loss: 0.931
[27,   380] loss: 0.978
[27,   390] loss: 1.009
[27,   400] loss: 0.965
[27,   410] loss: 0.947
[27,   420] loss: 0.989
[27,   430] loss: 0.955
[27,   440] loss: 0.969
[27,   450] loss: 0.925
[27,   460] loss: 1.110
[27,   470] loss: 0.844
[27,   480] loss: 0.899
[27,   490] loss: 0.938
[27,   500] loss: 0.835
[27,   510] loss: 0.861
[27,   520] loss: 0.962
[27,   530] loss: 0.864
[27,   540] loss: 0.919
[27,   550] loss: 1.001
[27,   560] loss: 0.985
[27,   570] loss: 0.996
[27,   580] loss: 0.922
[27,   590] loss: 1.007
[27,   600] loss: 1.017
[27,   610] loss: 1.041
[27,   620] loss: 1.030
[27,   630] loss: 0.914
[27,   640] loss: 0.931
[27,   650] loss: 0.941
[27,   660] loss: 0.928
[27,   670] loss: 0.882
[27,   680] loss: 0.978
[27,   690] loss: 1.008
[27,   700] loss: 1.180
[27,   710] loss: 1.097
[27,   720] loss: 1.119
[27,   730] loss: 1.097
[27,   740] loss: 1.061
[27,   750] loss: 1.005
[27,   760] loss: 0.897
[27,   770] loss: 0.969
[27,   780] loss: 0.922
[27,   790] loss: 0.921
[27,   800] loss: 1.001
[28,    10] loss: 0.924
[28,    20] loss: 0.888
[28,    30] loss: 0.939
[28,    40] loss: 1.005
[28,    50] loss: 0.901
[28,    60] loss: 1.113
[28,    70] loss: 0.979
[28,    80] loss: 0.896
[28,    90] loss: 1.059
[28,   100] loss: 0.879
[28,   110] loss: 0.852
[28,   120] loss: 0.888
[28,   130] loss: 0.936
[28,   140] loss: 1.011
[28,   150] loss: 0.979
[28,   160] loss: 0.910
[28,   170] loss: 0.975
[28,   180] loss: 1.020
[28,   190] loss: 0.932
[28,   200] loss: 0.932
[28,   210] loss: 0.932
[28,   220] loss: 0.960
[28,   230] loss: 0.994
[28,   240] loss: 0.856
[28,   250] loss: 0.869
[28,   260] loss: 0.844
[28,   270] loss: 1.043
[28,   280] loss: 0.958
[28,   290] loss: 1.022
[28,   300] loss: 0.915
[28,   310] loss: 1.015
[28,   320] loss: 0.900
[28,   330] loss: 1.060
[28,   340] loss: 0.920
[28,   350] loss: 0.947
[28,   360] loss: 0.992
[28,   370] loss: 0.906
[28,   380] loss: 0.942
[28,   390] loss: 0.977
[28,   400] loss: 0.942
[28,   410] loss: 0.903
[28,   420] loss: 0.999
[28,   430] loss: 0.956
[28,   440] loss: 0.951
[28,   450] loss: 1.107
[28,   460] loss: 1.099
[28,   470] loss: 1.019
[28,   480] loss: 0.986
[28,   490] loss: 0.957
[28,   500] loss: 1.019
[28,   510] loss: 0.935
[28,   520] loss: 0.976
[28,   530] loss: 0.898
[28,   540] loss: 0.976
[28,   550] loss: 0.973
[28,   560] loss: 0.988
[28,   570] loss: 0.941
[28,   580] loss: 0.919
[28,   590] loss: 0.939
[28,   600] loss: 0.944
[28,   610] loss: 0.895
[28,   620] loss: 1.010
[28,   630] loss: 0.883
[28,   640] loss: 0.942
[28,   650] loss: 1.075
[28,   660] loss: 1.046
[28,   670] loss: 0.991
[28,   680] loss: 1.021
[28,   690] loss: 1.015
[28,   700] loss: 0.931
[28,   710] loss: 0.912
[28,   720] loss: 0.966
[28,   730] loss: 0.919
[28,   740] loss: 0.935
[28,   750] loss: 0.904
[28,   760] loss: 0.988
[28,   770] loss: 0.893
[28,   780] loss: 0.955
[28,   790] loss: 0.899
[28,   800] loss: 0.906
[29,    10] loss: 0.961
[29,    20] loss: 1.030
[29,    30] loss: 1.001
[29,    40] loss: 1.000
[29,    50] loss: 0.997
[29,    60] loss: 1.010
[29,    70] loss: 0.987
[29,    80] loss: 0.977
[29,    90] loss: 0.955
[29,   100] loss: 0.998
[29,   110] loss: 0.987
[29,   120] loss: 0.979
[29,   130] loss: 0.989
[29,   140] loss: 0.989
[29,   150] loss: 0.872
[29,   160] loss: 0.827
[29,   170] loss: 0.895
[29,   180] loss: 0.978
[29,   190] loss: 1.021
[29,   200] loss: 0.816
[29,   210] loss: 0.895
[29,   220] loss: 0.851
[29,   230] loss: 1.074
[29,   240] loss: 0.922
[29,   250] loss: 1.010
[29,   260] loss: 1.002
[29,   270] loss: 0.970
[29,   280] loss: 0.968
[29,   290] loss: 0.885
[29,   300] loss: 0.845
[29,   310] loss: 0.996
[29,   320] loss: 0.974
[29,   330] loss: 0.938
[29,   340] loss: 0.895
[29,   350] loss: 0.964
[29,   360] loss: 1.020
[29,   370] loss: 0.925
[29,   380] loss: 0.962
[29,   390] loss: 0.965
[29,   400] loss: 0.887
[29,   410] loss: 0.923
[29,   420] loss: 1.036
[29,   430] loss: 0.923
[29,   440] loss: 0.910
[29,   450] loss: 1.007
[29,   460] loss: 1.031
[29,   470] loss: 0.993
[29,   480] loss: 0.980
[29,   490] loss: 0.900
[29,   500] loss: 0.862
[29,   510] loss: 0.963
[29,   520] loss: 0.976
[29,   530] loss: 0.883
[29,   540] loss: 0.976
[29,   550] loss: 0.912
[29,   560] loss: 0.953
[29,   570] loss: 0.993
[29,   580] loss: 1.067
[29,   590] loss: 0.955
[29,   600] loss: 0.972
[29,   610] loss: 0.949
[29,   620] loss: 0.875
[29,   630] loss: 1.068
[29,   640] loss: 1.028
[29,   650] loss: 1.093
[29,   660] loss: 1.061
[29,   670] loss: 1.056
[29,   680] loss: 1.019
[29,   690] loss: 1.078
[29,   700] loss: 0.981
[29,   710] loss: 0.912
[29,   720] loss: 1.000
[29,   730] loss: 0.969
[29,   740] loss: 0.916
[29,   750] loss: 0.966
[29,   760] loss: 0.932
[29,   770] loss: 0.983
[29,   780] loss: 0.866
[29,   790] loss: 0.969
[29,   800] loss: 0.973
[30,    10] loss: 1.015
[30,    20] loss: 1.026
[30,    30] loss: 0.910
[30,    40] loss: 0.942
[30,    50] loss: 0.840
[30,    60] loss: 0.894
[30,    70] loss: 0.850
[30,    80] loss: 0.966
[30,    90] loss: 0.948
[30,   100] loss: 0.915
[30,   110] loss: 0.992
[30,   120] loss: 0.840
[30,   130] loss: 0.923
[30,   140] loss: 0.891
[30,   150] loss: 0.971
[30,   160] loss: 1.011
[30,   170] loss: 1.011
[30,   180] loss: 0.956
[30,   190] loss: 0.953
[30,   200] loss: 0.898
[30,   210] loss: 0.981
[30,   220] loss: 0.848
[30,   230] loss: 0.989
[30,   240] loss: 0.898
[30,   250] loss: 0.980
[30,   260] loss: 0.872
[30,   270] loss: 0.936
[30,   280] loss: 0.987
[30,   290] loss: 1.023
[30,   300] loss: 1.091
[30,   310] loss: 0.982
[30,   320] loss: 0.993
[30,   330] loss: 0.944
[30,   340] loss: 0.941
[30,   350] loss: 0.901
[30,   360] loss: 0.832
[30,   370] loss: 0.959
[30,   380] loss: 1.009
[30,   390] loss: 0.928
[30,   400] loss: 0.967
[30,   410] loss: 0.957
[30,   420] loss: 0.904
[30,   430] loss: 0.926
[30,   440] loss: 0.905
[30,   450] loss: 0.951
[30,   460] loss: 1.025
[30,   470] loss: 0.964
[30,   480] loss: 0.917
[30,   490] loss: 1.073
[30,   500] loss: 1.209
[30,   510] loss: 0.930
[30,   520] loss: 1.081
[30,   530] loss: 1.013
[30,   540] loss: 1.063
[30,   550] loss: 0.962
[30,   560] loss: 0.919
[30,   570] loss: 0.924
[30,   580] loss: 0.993
[30,   590] loss: 0.902
[30,   600] loss: 0.942
[30,   610] loss: 0.944
[30,   620] loss: 1.032
[30,   630] loss: 0.929
[30,   640] loss: 0.896
[30,   650] loss: 1.044
[30,   660] loss: 0.973
[30,   670] loss: 1.006
[30,   680] loss: 0.896
[30,   690] loss: 0.957
[30,   700] loss: 0.950
[30,   710] loss: 1.002
[30,   720] loss: 1.000
[30,   730] loss: 0.925
[30,   740] loss: 0.930
[30,   750] loss: 0.924
[30,   760] loss: 0.903
[30,   770] loss: 0.860
[30,   780] loss: 0.905
[30,   790] loss: 0.929
[30,   800] loss: 1.149
[31,    10] loss: 1.014
[31,    20] loss: 1.076
[31,    30] loss: 1.025
[31,    40] loss: 0.892
[31,    50] loss: 0.920
[31,    60] loss: 0.969
[31,    70] loss: 0.979
[31,    80] loss: 0.925
[31,    90] loss: 0.971
[31,   100] loss: 0.969
[31,   110] loss: 0.979
[31,   120] loss: 0.880
[31,   130] loss: 1.105
[31,   140] loss: 0.941
[31,   150] loss: 1.035
[31,   160] loss: 0.999
[31,   170] loss: 0.907
[31,   180] loss: 0.977
[31,   190] loss: 0.952
[31,   200] loss: 0.973
[31,   210] loss: 0.985
[31,   220] loss: 1.030
[31,   230] loss: 0.923
[31,   240] loss: 0.897
[31,   250] loss: 0.848
[31,   260] loss: 0.908
[31,   270] loss: 1.037
[31,   280] loss: 0.906
[31,   290] loss: 0.828
[31,   300] loss: 1.038
[31,   310] loss: 0.825
[31,   320] loss: 0.886
[31,   330] loss: 0.970
[31,   340] loss: 1.017
[31,   350] loss: 0.965
[31,   360] loss: 0.937
[31,   370] loss: 0.912
[31,   380] loss: 0.966
[31,   390] loss: 0.955
[31,   400] loss: 0.952
[31,   410] loss: 0.892
[31,   420] loss: 1.029
[31,   430] loss: 0.934
[31,   440] loss: 0.936
[31,   450] loss: 1.045
[31,   460] loss: 0.841
[31,   470] loss: 0.917
[31,   480] loss: 1.019
[31,   490] loss: 0.915
[31,   500] loss: 0.944
[31,   510] loss: 0.954
[31,   520] loss: 0.913
[31,   530] loss: 0.970
[31,   540] loss: 0.922
[31,   550] loss: 0.979
[31,   560] loss: 0.891
[31,   570] loss: 1.046
[31,   580] loss: 1.008
[31,   590] loss: 0.900
[31,   600] loss: 0.902
[31,   610] loss: 0.874
[31,   620] loss: 1.018
[31,   630] loss: 0.976
[31,   640] loss: 0.890
[31,   650] loss: 0.927
[31,   660] loss: 0.982
[31,   670] loss: 1.004
[31,   680] loss: 0.908
[31,   690] loss: 0.978
[31,   700] loss: 0.915
[31,   710] loss: 0.872
[31,   720] loss: 1.058
[31,   730] loss: 0.895
[31,   740] loss: 0.896
[31,   750] loss: 1.019
[31,   760] loss: 0.970
[31,   770] loss: 0.956
[31,   780] loss: 0.954
[31,   790] loss: 0.940
[31,   800] loss: 0.926
[32,    10] loss: 0.858
[32,    20] loss: 0.838
[32,    30] loss: 0.890
[32,    40] loss: 0.868
[32,    50] loss: 0.963
[32,    60] loss: 0.927
[32,    70] loss: 0.949
[32,    80] loss: 0.923
[32,    90] loss: 0.861
[32,   100] loss: 0.978
[32,   110] loss: 0.961
[32,   120] loss: 0.976
[32,   130] loss: 0.928
[32,   140] loss: 0.877
[32,   150] loss: 0.880
[32,   160] loss: 0.823
[32,   170] loss: 1.008
[32,   180] loss: 1.121
[32,   190] loss: 1.047
[32,   200] loss: 0.997
[32,   210] loss: 0.948
[32,   220] loss: 0.938
[32,   230] loss: 0.919
[32,   240] loss: 0.981
[32,   250] loss: 0.908
[32,   260] loss: 0.940
[32,   270] loss: 0.904
[32,   280] loss: 1.009
[32,   290] loss: 0.882
[32,   300] loss: 0.970
[32,   310] loss: 0.898
[32,   320] loss: 0.815
[32,   330] loss: 0.961
[32,   340] loss: 0.919
[32,   350] loss: 0.887
[32,   360] loss: 0.830
[32,   370] loss: 0.945
[32,   380] loss: 0.884
[32,   390] loss: 0.885
[32,   400] loss: 0.898
[32,   410] loss: 0.975
[32,   420] loss: 1.011
[32,   430] loss: 0.888
[32,   440] loss: 0.926
[32,   450] loss: 0.911
[32,   460] loss: 0.950
[32,   470] loss: 1.026
[32,   480] loss: 0.973
[32,   490] loss: 1.084
[32,   500] loss: 0.931
[32,   510] loss: 0.832
[32,   520] loss: 1.037
[32,   530] loss: 0.866
[32,   540] loss: 0.908
[32,   550] loss: 0.944
[32,   560] loss: 0.861
[32,   570] loss: 0.910
[32,   580] loss: 0.977
[32,   590] loss: 0.866
[32,   600] loss: 0.920
[32,   610] loss: 0.947
[32,   620] loss: 0.953
[32,   630] loss: 1.005
[32,   640] loss: 1.060
[32,   650] loss: 0.979
[32,   660] loss: 1.011
[32,   670] loss: 0.968
[32,   680] loss: 0.964
[32,   690] loss: 1.028
[32,   700] loss: 0.958
[32,   710] loss: 0.989
[32,   720] loss: 0.966
[32,   730] loss: 0.977
[32,   740] loss: 0.948
[32,   750] loss: 1.018
[32,   760] loss: 1.022
[32,   770] loss: 0.801
[32,   780] loss: 0.921
[32,   790] loss: 0.945
[32,   800] loss: 1.017
[33,    10] loss: 1.024
[33,    20] loss: 0.872
[33,    30] loss: 1.007
[33,    40] loss: 0.954
[33,    50] loss: 0.843
[33,    60] loss: 0.834
[33,    70] loss: 0.929
[33,    80] loss: 0.940
[33,    90] loss: 0.899
[33,   100] loss: 0.885
[33,   110] loss: 1.011
[33,   120] loss: 0.902
[33,   130] loss: 0.913
[33,   140] loss: 0.953
[33,   150] loss: 0.989
[33,   160] loss: 1.048
[33,   170] loss: 0.896
[33,   180] loss: 0.951
[33,   190] loss: 1.042
[33,   200] loss: 0.929
[33,   210] loss: 0.904
[33,   220] loss: 1.035
[33,   230] loss: 0.916
[33,   240] loss: 0.983
[33,   250] loss: 0.920
[33,   260] loss: 0.812
[33,   270] loss: 0.976
[33,   280] loss: 1.014
[33,   290] loss: 0.988
[33,   300] loss: 0.920
[33,   310] loss: 0.846
[33,   320] loss: 0.904
[33,   330] loss: 0.901
[33,   340] loss: 0.988
[33,   350] loss: 0.945
[33,   360] loss: 0.861
[33,   370] loss: 1.009
[33,   380] loss: 0.962
[33,   390] loss: 0.850
[33,   400] loss: 0.987
[33,   410] loss: 0.978
[33,   420] loss: 0.906
[33,   430] loss: 0.940
[33,   440] loss: 1.069
[33,   450] loss: 0.875
[33,   460] loss: 0.865
[33,   470] loss: 0.944
[33,   480] loss: 1.035
[33,   490] loss: 0.975
[33,   500] loss: 0.990
[33,   510] loss: 0.928
[33,   520] loss: 0.890
[33,   530] loss: 0.942
[33,   540] loss: 0.985
[33,   550] loss: 0.925
[33,   560] loss: 0.988
[33,   570] loss: 0.844
[33,   580] loss: 0.977
[33,   590] loss: 0.860
[33,   600] loss: 0.979
[33,   610] loss: 0.902
[33,   620] loss: 0.850
[33,   630] loss: 0.916
[33,   640] loss: 1.020
[33,   650] loss: 0.977
[33,   660] loss: 1.010
[33,   670] loss: 0.965
[33,   680] loss: 1.067
[33,   690] loss: 0.917
[33,   700] loss: 0.848
[33,   710] loss: 0.972
[33,   720] loss: 0.980
[33,   730] loss: 0.962
[33,   740] loss: 0.863
[33,   750] loss: 0.914
[33,   760] loss: 0.994
[33,   770] loss: 0.916
[33,   780] loss: 0.869
[33,   790] loss: 0.989
[33,   800] loss: 0.998
[34,    10] loss: 0.864
[34,    20] loss: 0.986
[34,    30] loss: 0.898
[34,    40] loss: 0.960
[34,    50] loss: 0.901
[34,    60] loss: 0.995
[34,    70] loss: 1.128
[34,    80] loss: 0.971
[34,    90] loss: 1.040
[34,   100] loss: 0.995
[34,   110] loss: 0.955
[34,   120] loss: 0.909
[34,   130] loss: 0.889
[34,   140] loss: 0.885
[34,   150] loss: 0.933
[34,   160] loss: 1.048
[34,   170] loss: 0.942
[34,   180] loss: 0.995
[34,   190] loss: 0.849
[34,   200] loss: 0.946
[34,   210] loss: 0.984
[34,   220] loss: 0.979
[34,   230] loss: 0.962
[34,   240] loss: 0.938
[34,   250] loss: 0.933
[34,   260] loss: 0.952
[34,   270] loss: 0.969
[34,   280] loss: 0.976
[34,   290] loss: 0.998
[34,   300] loss: 0.927
[34,   310] loss: 0.913
[34,   320] loss: 0.931
[34,   330] loss: 0.936
[34,   340] loss: 0.934
[34,   350] loss: 0.847
[34,   360] loss: 0.817
[34,   370] loss: 0.912
[34,   380] loss: 0.928
[34,   390] loss: 0.994
[34,   400] loss: 0.932
[34,   410] loss: 0.882
[34,   420] loss: 0.965
[34,   430] loss: 1.001
[34,   440] loss: 0.999
[34,   450] loss: 0.960
[34,   460] loss: 0.996
[34,   470] loss: 0.932
[34,   480] loss: 0.934
[34,   490] loss: 1.006
[34,   500] loss: 0.976
[34,   510] loss: 0.995
[34,   520] loss: 0.924
[34,   530] loss: 0.924
[34,   540] loss: 0.951
[34,   550] loss: 0.897
[34,   560] loss: 0.978
[34,   570] loss: 0.942
[34,   580] loss: 0.871
[34,   590] loss: 0.900
[34,   600] loss: 0.998
[34,   610] loss: 1.060
[34,   620] loss: 0.928
[34,   630] loss: 0.948
[34,   640] loss: 0.998
[34,   650] loss: 0.979
[34,   660] loss: 0.962
[34,   670] loss: 0.839
[34,   680] loss: 1.005
[34,   690] loss: 0.875
[34,   700] loss: 0.971
[34,   710] loss: 0.974
[34,   720] loss: 0.868
[34,   730] loss: 0.857
[34,   740] loss: 0.873
[34,   750] loss: 0.959
[34,   760] loss: 0.990
[34,   770] loss: 0.965
[34,   780] loss: 0.910
[34,   790] loss: 0.918
[34,   800] loss: 1.024
[35,    10] loss: 0.946
[35,    20] loss: 1.120
[35,    30] loss: 0.993
[35,    40] loss: 0.981
[35,    50] loss: 0.869
[35,    60] loss: 0.912
[35,    70] loss: 0.933
[35,    80] loss: 0.985
[35,    90] loss: 0.853
[35,   100] loss: 0.914
[35,   110] loss: 0.982
[35,   120] loss: 0.915
[35,   130] loss: 0.962
[35,   140] loss: 0.934
[35,   150] loss: 0.874
[35,   160] loss: 0.935
[35,   170] loss: 0.890
[35,   180] loss: 0.884
[35,   190] loss: 0.886
[35,   200] loss: 0.861
[35,   210] loss: 0.930
[35,   220] loss: 0.916
[35,   230] loss: 0.904
[35,   240] loss: 0.830
[35,   250] loss: 0.916
[35,   260] loss: 0.899
[35,   270] loss: 0.983
[35,   280] loss: 0.880
[35,   290] loss: 0.995
[35,   300] loss: 0.990
[35,   310] loss: 0.993
[35,   320] loss: 0.995
[35,   330] loss: 0.915
[35,   340] loss: 0.959
[35,   350] loss: 1.017
[35,   360] loss: 0.939
[35,   370] loss: 0.911
[35,   380] loss: 0.852
[35,   390] loss: 0.904
[35,   400] loss: 1.011
[35,   410] loss: 0.959
[35,   420] loss: 1.032
[35,   430] loss: 0.990
[35,   440] loss: 1.075
[35,   450] loss: 0.967
[35,   460] loss: 0.920
[35,   470] loss: 0.932
[35,   480] loss: 0.875
[35,   490] loss: 0.917
[35,   500] loss: 0.852
[35,   510] loss: 0.946
[35,   520] loss: 0.862
[35,   530] loss: 0.936
[35,   540] loss: 0.925
[35,   550] loss: 1.061
[35,   560] loss: 0.969
[35,   570] loss: 0.805
[35,   580] loss: 0.986
[35,   590] loss: 0.896
[35,   600] loss: 1.153
[35,   610] loss: 0.877
[35,   620] loss: 0.978
[35,   630] loss: 0.891
[35,   640] loss: 1.051
[35,   650] loss: 0.892
[35,   660] loss: 0.874
[35,   670] loss: 0.972
[35,   680] loss: 0.877
[35,   690] loss: 1.031
[35,   700] loss: 1.009
[35,   710] loss: 0.913
[35,   720] loss: 0.977
[35,   730] loss: 0.995
[35,   740] loss: 0.923
[35,   750] loss: 0.972
[35,   760] loss: 0.866
[35,   770] loss: 0.950
[35,   780] loss: 0.776
[35,   790] loss: 0.854
[35,   800] loss: 1.002
[36,    10] loss: 0.918
[36,    20] loss: 1.021
[36,    30] loss: 0.965
[36,    40] loss: 0.946
[36,    50] loss: 0.901
[36,    60] loss: 0.970
[36,    70] loss: 1.019
[36,    80] loss: 0.947
[36,    90] loss: 0.883
[36,   100] loss: 0.893
[36,   110] loss: 0.951
[36,   120] loss: 1.014
[36,   130] loss: 1.019
[36,   140] loss: 0.852
[36,   150] loss: 0.927
[36,   160] loss: 0.843
[36,   170] loss: 0.945
[36,   180] loss: 0.856
[36,   190] loss: 0.877
[36,   200] loss: 1.008
[36,   210] loss: 1.050
[36,   220] loss: 0.907
[36,   230] loss: 0.983
[36,   240] loss: 0.998
[36,   250] loss: 0.976
[36,   260] loss: 1.011
[36,   270] loss: 0.834
[36,   280] loss: 0.909
[36,   290] loss: 0.878
[36,   300] loss: 0.948
[36,   310] loss: 0.876
[36,   320] loss: 0.847
[36,   330] loss: 0.980
[36,   340] loss: 0.911
[36,   350] loss: 0.872
[36,   360] loss: 0.872
[36,   370] loss: 0.953
[36,   380] loss: 0.917
[36,   390] loss: 0.857
[36,   400] loss: 0.931
[36,   410] loss: 1.004
[36,   420] loss: 0.939
[36,   430] loss: 0.935
[36,   440] loss: 0.888
[36,   450] loss: 0.970
[36,   460] loss: 0.873
[36,   470] loss: 0.971
[36,   480] loss: 1.002
[36,   490] loss: 0.924
[36,   500] loss: 0.852
[36,   510] loss: 1.022
[36,   520] loss: 0.952
[36,   530] loss: 1.024
[36,   540] loss: 0.975
[36,   550] loss: 1.076
[36,   560] loss: 0.925
[36,   570] loss: 0.904
[36,   580] loss: 1.073
[36,   590] loss: 0.989
[36,   600] loss: 1.056
[36,   610] loss: 0.927
[36,   620] loss: 0.889
[36,   630] loss: 0.815
[36,   640] loss: 0.864
[36,   650] loss: 0.999
[36,   660] loss: 0.932
[36,   670] loss: 0.874
[36,   680] loss: 0.870
[36,   690] loss: 0.917
[36,   700] loss: 0.869
[36,   710] loss: 0.861
[36,   720] loss: 0.830
[36,   730] loss: 0.983
[36,   740] loss: 0.951
[36,   750] loss: 0.993
[36,   760] loss: 1.147
[36,   770] loss: 0.945
[36,   780] loss: 0.847
[36,   790] loss: 0.887
[36,   800] loss: 0.907
[37,    10] loss: 0.902
[37,    20] loss: 0.996
[37,    30] loss: 0.971
[37,    40] loss: 1.027
[37,    50] loss: 1.021
[37,    60] loss: 0.919
[37,    70] loss: 0.912
[37,    80] loss: 0.904
[37,    90] loss: 1.042
[37,   100] loss: 0.898
[37,   110] loss: 0.959
[37,   120] loss: 0.923
[37,   130] loss: 0.970
[37,   140] loss: 0.911
[37,   150] loss: 0.889
[37,   160] loss: 0.962
[37,   170] loss: 0.917
[37,   180] loss: 0.963
[37,   190] loss: 0.973
[37,   200] loss: 1.145
[37,   210] loss: 1.078
[37,   220] loss: 1.089
[37,   230] loss: 0.932
[37,   240] loss: 1.029
[37,   250] loss: 0.961
[37,   260] loss: 0.926
[37,   270] loss: 1.024
[37,   280] loss: 0.956
[37,   290] loss: 1.006
[37,   300] loss: 0.871
[37,   310] loss: 0.870
[37,   320] loss: 0.907
[37,   330] loss: 0.946
[37,   340] loss: 0.949
[37,   350] loss: 0.978
[37,   360] loss: 1.038
[37,   370] loss: 0.906
[37,   380] loss: 0.951
[37,   390] loss: 0.942
[37,   400] loss: 0.906
[37,   410] loss: 0.979
[37,   420] loss: 0.964
[37,   430] loss: 0.821
[37,   440] loss: 0.956
[37,   450] loss: 0.966
[37,   460] loss: 0.798
[37,   470] loss: 0.988
[37,   480] loss: 0.826
[37,   490] loss: 0.898
[37,   500] loss: 1.054
[37,   510] loss: 0.946
[37,   520] loss: 1.078
[37,   530] loss: 0.967
[37,   540] loss: 0.913
[37,   550] loss: 0.960
[37,   560] loss: 0.887
[37,   570] loss: 0.913
[37,   580] loss: 0.963
[37,   590] loss: 0.923
[37,   600] loss: 0.923
[37,   610] loss: 0.913
[37,   620] loss: 0.812
[37,   630] loss: 1.002
[37,   640] loss: 0.831
[37,   650] loss: 1.012
[37,   660] loss: 0.931
[37,   670] loss: 0.890
[37,   680] loss: 0.941
[37,   690] loss: 1.073
[37,   700] loss: 0.944
[37,   710] loss: 0.957
[37,   720] loss: 0.964
[37,   730] loss: 0.867
[37,   740] loss: 0.918
[37,   750] loss: 1.075
[37,   760] loss: 0.945
[37,   770] loss: 1.005
[37,   780] loss: 1.039
[37,   790] loss: 0.822
[37,   800] loss: 0.965
[38,    10] loss: 1.051
[38,    20] loss: 0.972
[38,    30] loss: 1.104
[38,    40] loss: 0.988
[38,    50] loss: 0.865
[38,    60] loss: 1.035
[38,    70] loss: 0.838
[38,    80] loss: 0.873
[38,    90] loss: 0.886
[38,   100] loss: 1.018
[38,   110] loss: 0.920
[38,   120] loss: 1.101
[38,   130] loss: 0.788
[38,   140] loss: 1.023
[38,   150] loss: 0.861
[38,   160] loss: 0.850
[38,   170] loss: 0.939
[38,   180] loss: 0.942
[38,   190] loss: 0.962
[38,   200] loss: 0.991
[38,   210] loss: 1.034
[38,   220] loss: 0.944
[38,   230] loss: 0.976
[38,   240] loss: 0.930
[38,   250] loss: 0.891
[38,   260] loss: 0.904
[38,   270] loss: 0.991
[38,   280] loss: 0.883
[38,   290] loss: 0.855
[38,   300] loss: 0.993
[38,   310] loss: 0.894
[38,   320] loss: 1.096
[38,   330] loss: 0.954
[38,   340] loss: 1.029
[38,   350] loss: 1.017
[38,   360] loss: 0.936
[38,   370] loss: 0.915
[38,   380] loss: 0.909
[38,   390] loss: 0.998
[38,   400] loss: 0.911
[38,   410] loss: 0.938
[38,   420] loss: 0.975
[38,   430] loss: 0.902
[38,   440] loss: 0.969
[38,   450] loss: 0.922
[38,   460] loss: 1.015
[38,   470] loss: 0.986
[38,   480] loss: 0.906
[38,   490] loss: 0.892
[38,   500] loss: 0.899
[38,   510] loss: 0.909
[38,   520] loss: 0.937
[38,   530] loss: 0.971
[38,   540] loss: 0.953
[38,   550] loss: 0.931
[38,   560] loss: 0.915
[38,   570] loss: 0.943
[38,   580] loss: 0.977
[38,   590] loss: 0.917
[38,   600] loss: 0.922
[38,   610] loss: 0.971
[38,   620] loss: 0.882
[38,   630] loss: 0.949
[38,   640] loss: 0.940
[38,   650] loss: 1.002
[38,   660] loss: 0.890
[38,   670] loss: 0.983
[38,   680] loss: 0.945
[38,   690] loss: 0.910
[38,   700] loss: 0.922
[38,   710] loss: 0.907
[38,   720] loss: 1.020
[38,   730] loss: 1.025
[38,   740] loss: 0.930
[38,   750] loss: 0.826
[38,   760] loss: 0.961
[38,   770] loss: 0.936
[38,   780] loss: 0.960
[38,   790] loss: 0.861
[38,   800] loss: 0.924
[39,    10] loss: 0.889
[39,    20] loss: 1.007
[39,    30] loss: 0.962
[39,    40] loss: 0.883
[39,    50] loss: 0.908
[39,    60] loss: 0.908
[39,    70] loss: 0.908
[39,    80] loss: 0.952
[39,    90] loss: 0.899
[39,   100] loss: 0.955
[39,   110] loss: 0.837
[39,   120] loss: 0.936
[39,   130] loss: 1.040
[39,   140] loss: 0.954
[39,   150] loss: 0.837
[39,   160] loss: 0.940
[39,   170] loss: 0.960
[39,   180] loss: 0.865
[39,   190] loss: 0.955
[39,   200] loss: 0.970
[39,   210] loss: 1.042
[39,   220] loss: 0.955
[39,   230] loss: 0.989
[39,   240] loss: 0.937
[39,   250] loss: 0.849
[39,   260] loss: 0.898
[39,   270] loss: 0.914
[39,   280] loss: 0.943
[39,   290] loss: 0.920
[39,   300] loss: 1.012
[39,   310] loss: 0.916
[39,   320] loss: 0.819
[39,   330] loss: 0.905
[39,   340] loss: 0.818
[39,   350] loss: 0.933
[39,   360] loss: 1.032
[39,   370] loss: 0.903
[39,   380] loss: 0.898
[39,   390] loss: 0.894
[39,   400] loss: 0.995
[39,   410] loss: 0.915
[39,   420] loss: 0.915
[39,   430] loss: 0.936
[39,   440] loss: 0.990
[39,   450] loss: 0.937
[39,   460] loss: 1.004
[39,   470] loss: 0.869
[39,   480] loss: 1.032
[39,   490] loss: 0.826
[39,   500] loss: 0.935
[39,   510] loss: 0.907
[39,   520] loss: 0.927
[39,   530] loss: 0.880
[39,   540] loss: 1.081
[39,   550] loss: 0.932
[39,   560] loss: 0.881
[39,   570] loss: 0.874
[39,   580] loss: 0.945
[39,   590] loss: 0.856
[39,   600] loss: 0.956
[39,   610] loss: 0.889
[39,   620] loss: 0.860
[39,   630] loss: 0.981
[39,   640] loss: 1.003
[39,   650] loss: 0.961
[39,   660] loss: 1.006
[39,   670] loss: 0.920
[39,   680] loss: 0.938
[39,   690] loss: 0.907
[39,   700] loss: 0.896
[39,   710] loss: 0.853
[39,   720] loss: 0.929
[39,   730] loss: 0.959
[39,   740] loss: 0.914
[39,   750] loss: 0.879
[39,   760] loss: 0.933
[39,   770] loss: 0.897
[39,   780] loss: 0.905
[39,   790] loss: 1.051
[39,   800] loss: 0.913
[40,    10] loss: 0.989
[40,    20] loss: 0.947
[40,    30] loss: 1.083
[40,    40] loss: 0.960
[40,    50] loss: 1.015
[40,    60] loss: 0.992
[40,    70] loss: 1.026
[40,    80] loss: 1.011
[40,    90] loss: 0.974
[40,   100] loss: 0.882
[40,   110] loss: 1.019
[40,   120] loss: 0.947
[40,   130] loss: 0.899
[40,   140] loss: 0.965
[40,   150] loss: 1.030
[40,   160] loss: 0.939
[40,   170] loss: 0.938
[40,   180] loss: 0.798
[40,   190] loss: 0.806
[40,   200] loss: 1.002
[40,   210] loss: 0.971
[40,   220] loss: 0.871
[40,   230] loss: 0.808
[40,   240] loss: 0.995
[40,   250] loss: 0.900
[40,   260] loss: 0.960
[40,   270] loss: 0.869
[40,   280] loss: 0.878
[40,   290] loss: 1.026
[40,   300] loss: 0.969
[40,   310] loss: 1.016
[40,   320] loss: 1.046
[40,   330] loss: 0.859
[40,   340] loss: 0.781
[40,   350] loss: 0.881
[40,   360] loss: 0.937
[40,   370] loss: 0.938
[40,   380] loss: 0.968
[40,   390] loss: 0.958
[40,   400] loss: 0.835
[40,   410] loss: 0.915
[40,   420] loss: 0.830
[40,   430] loss: 0.910
[40,   440] loss: 0.882
[40,   450] loss: 0.972
[40,   460] loss: 0.908
[40,   470] loss: 1.024
[40,   480] loss: 0.946
[40,   490] loss: 0.981
[40,   500] loss: 1.015
[40,   510] loss: 1.018
[40,   520] loss: 0.930
[40,   530] loss: 1.001
[40,   540] loss: 1.089
[40,   550] loss: 0.945
[40,   560] loss: 0.992
[40,   570] loss: 0.989
[40,   580] loss: 0.943
[40,   590] loss: 0.830
[40,   600] loss: 0.945
[40,   610] loss: 0.880
[40,   620] loss: 0.939
[40,   630] loss: 0.899
[40,   640] loss: 0.980
[40,   650] loss: 0.864
[40,   660] loss: 0.986
[40,   670] loss: 0.921
[40,   680] loss: 0.952
[40,   690] loss: 1.029
[40,   700] loss: 0.833
[40,   710] loss: 0.837
[40,   720] loss: 0.935
[40,   730] loss: 0.870
[40,   740] loss: 0.921
[40,   750] loss: 1.001
[40,   760] loss: 0.922
[40,   770] loss: 0.866
[40,   780] loss: 0.931
[40,   790] loss: 0.852
[40,   800] loss: 0.874
[41,    10] loss: 1.163
[41,    20] loss: 1.201
[41,    30] loss: 1.117
[41,    40] loss: 1.041
[41,    50] loss: 1.122
[41,    60] loss: 0.909
[41,    70] loss: 0.892
[41,    80] loss: 0.851
[41,    90] loss: 0.894
[41,   100] loss: 0.942
[41,   110] loss: 0.813
[41,   120] loss: 0.929
[41,   130] loss: 0.945
[41,   140] loss: 0.948
[41,   150] loss: 0.961
[41,   160] loss: 0.969
[41,   170] loss: 1.012
[41,   180] loss: 0.940
[41,   190] loss: 0.932
[41,   200] loss: 0.942
[41,   210] loss: 0.880
[41,   220] loss: 0.951
[41,   230] loss: 0.929
[41,   240] loss: 0.981
[41,   250] loss: 0.952
[41,   260] loss: 0.913
[41,   270] loss: 0.919
[41,   280] loss: 0.922
[41,   290] loss: 1.029
[41,   300] loss: 1.061
[41,   310] loss: 0.908
[41,   320] loss: 0.948
[41,   330] loss: 0.942
[41,   340] loss: 0.858
[41,   350] loss: 0.926
[41,   360] loss: 0.878
[41,   370] loss: 0.870
[41,   380] loss: 0.902
[41,   390] loss: 0.953
[41,   400] loss: 0.890
[41,   410] loss: 0.928
[41,   420] loss: 0.912
[41,   430] loss: 0.910
[41,   440] loss: 0.953
[41,   450] loss: 0.820
[41,   460] loss: 1.060
[41,   470] loss: 0.977
[41,   480] loss: 0.922
[41,   490] loss: 1.006
[41,   500] loss: 0.933
[41,   510] loss: 0.963
[41,   520] loss: 0.893
[41,   530] loss: 0.933
[41,   540] loss: 0.946
[41,   550] loss: 0.875
[41,   560] loss: 0.959
[41,   570] loss: 0.961
[41,   580] loss: 0.980
[41,   590] loss: 0.839
[41,   600] loss: 0.888
[41,   610] loss: 0.932
[41,   620] loss: 1.022
[41,   630] loss: 0.952
[41,   640] loss: 0.911
[41,   650] loss: 0.949
[41,   660] loss: 0.836
[41,   670] loss: 0.994
[41,   680] loss: 0.965
[41,   690] loss: 0.864
[41,   700] loss: 0.995
[41,   710] loss: 0.966
[41,   720] loss: 0.930
[41,   730] loss: 0.948
[41,   740] loss: 0.945
[41,   750] loss: 0.899
[41,   760] loss: 0.966
[41,   770] loss: 0.989
[41,   780] loss: 0.966
[41,   790] loss: 0.932
[41,   800] loss: 0.873
[42,    10] loss: 0.891
[42,    20] loss: 0.934
[42,    30] loss: 0.941
[42,    40] loss: 0.835
[42,    50] loss: 0.973
[42,    60] loss: 0.903
[42,    70] loss: 0.800
[42,    80] loss: 0.892
[42,    90] loss: 0.998
[42,   100] loss: 0.962
[42,   110] loss: 0.861
[42,   120] loss: 0.932
[42,   130] loss: 0.964
[42,   140] loss: 0.864
[42,   150] loss: 0.919
[42,   160] loss: 0.897
[42,   170] loss: 0.906
[42,   180] loss: 0.970
[42,   190] loss: 0.998
[42,   200] loss: 0.958
[42,   210] loss: 1.039
[42,   220] loss: 0.864
[42,   230] loss: 0.962
[42,   240] loss: 0.941
[42,   250] loss: 0.959
[42,   260] loss: 0.932
[42,   270] loss: 0.907
[42,   280] loss: 0.981
[42,   290] loss: 0.965
[42,   300] loss: 1.203
[42,   310] loss: 1.097
[42,   320] loss: 0.997
[42,   330] loss: 0.886
[42,   340] loss: 1.076
[42,   350] loss: 0.913
[42,   360] loss: 0.915
[42,   370] loss: 0.916
[42,   380] loss: 0.982
[42,   390] loss: 1.001
[42,   400] loss: 1.006
[42,   410] loss: 0.910
[42,   420] loss: 0.988
[42,   430] loss: 1.025
[42,   440] loss: 1.031
[42,   450] loss: 1.143
[42,   460] loss: 0.944
[42,   470] loss: 0.995
[42,   480] loss: 0.942
[42,   490] loss: 1.062
[42,   500] loss: 1.011
[42,   510] loss: 0.936
[42,   520] loss: 0.972
[42,   530] loss: 0.986
[42,   540] loss: 0.890
[42,   550] loss: 0.942
[42,   560] loss: 0.948
[42,   570] loss: 0.906
[42,   580] loss: 0.909
[42,   590] loss: 1.020
[42,   600] loss: 0.922
[42,   610] loss: 1.001
[42,   620] loss: 0.949
[42,   630] loss: 0.888
[42,   640] loss: 0.938
[42,   650] loss: 0.960
[42,   660] loss: 1.000
[42,   670] loss: 1.022
[42,   680] loss: 1.209
[42,   690] loss: 1.413
[42,   700] loss: 1.421
[42,   710] loss: 1.167
[42,   720] loss: 1.133
[42,   730] loss: 1.208
[42,   740] loss: 1.184
[42,   750] loss: 1.059
[42,   760] loss: 1.114
[42,   770] loss: 0.990
[42,   780] loss: 1.140
[42,   790] loss: 1.106
[42,   800] loss: 1.019
[43,    10] loss: 1.047
[43,    20] loss: 1.006
[43,    30] loss: 1.012
[43,    40] loss: 0.998
[43,    50] loss: 0.969
[43,    60] loss: 0.991
[43,    70] loss: 0.882
[43,    80] loss: 1.033
[43,    90] loss: 1.046
[43,   100] loss: 1.045
[43,   110] loss: 1.003
[43,   120] loss: 0.922
[43,   130] loss: 0.938
[43,   140] loss: 0.925
[43,   150] loss: 0.937
[43,   160] loss: 0.891
[43,   170] loss: 0.980
[43,   180] loss: 0.928
[43,   190] loss: 0.968
[43,   200] loss: 1.056
[43,   210] loss: 1.039
[43,   220] loss: 0.913
[43,   230] loss: 0.911
[43,   240] loss: 1.010
[43,   250] loss: 0.968
[43,   260] loss: 0.942
[43,   270] loss: 0.908
[43,   280] loss: 0.939
[43,   290] loss: 0.816
[43,   300] loss: 1.065
[43,   310] loss: 0.890
[43,   320] loss: 1.119
[43,   330] loss: 0.985
[43,   340] loss: 0.942
[43,   350] loss: 0.958
[43,   360] loss: 0.952
[43,   370] loss: 1.020
[43,   380] loss: 1.015
[43,   390] loss: 0.912
[43,   400] loss: 0.986
[43,   410] loss: 0.814
[43,   420] loss: 0.893
[43,   430] loss: 0.958
[43,   440] loss: 0.956
[43,   450] loss: 0.977
[43,   460] loss: 0.944
[43,   470] loss: 0.907
[43,   480] loss: 0.872
[43,   490] loss: 0.933
[43,   500] loss: 0.980
[43,   510] loss: 0.969
[43,   520] loss: 0.928
[43,   530] loss: 0.955
[43,   540] loss: 0.948
[43,   550] loss: 0.913
[43,   560] loss: 0.889
[43,   570] loss: 0.983
[43,   580] loss: 0.871
[43,   590] loss: 0.935
[43,   600] loss: 0.918
[43,   610] loss: 1.040
[43,   620] loss: 0.996
[43,   630] loss: 0.819
[43,   640] loss: 0.944
[43,   650] loss: 0.875
[43,   660] loss: 0.852
[43,   670] loss: 0.934
[43,   680] loss: 0.980
[43,   690] loss: 0.928
[43,   700] loss: 0.929
[43,   710] loss: 0.973
[43,   720] loss: 0.911
[43,   730] loss: 1.035
[43,   740] loss: 1.154
[43,   750] loss: 1.066
[43,   760] loss: 0.844
[43,   770] loss: 1.045
[43,   780] loss: 0.964
[43,   790] loss: 0.938
[43,   800] loss: 0.964
[44,    10] loss: 1.013
[44,    20] loss: 0.865
[44,    30] loss: 0.926
[44,    40] loss: 1.002
[44,    50] loss: 0.915
[44,    60] loss: 0.872
[44,    70] loss: 0.963
[44,    80] loss: 0.869
[44,    90] loss: 0.969
[44,   100] loss: 0.969
[44,   110] loss: 0.929
[44,   120] loss: 0.807
[44,   130] loss: 1.020
[44,   140] loss: 0.926
[44,   150] loss: 0.902
[44,   160] loss: 0.878
[44,   170] loss: 0.935
[44,   180] loss: 0.893
[44,   190] loss: 0.971
[44,   200] loss: 0.869
[44,   210] loss: 0.930
[44,   220] loss: 0.895
[44,   230] loss: 0.913
[44,   240] loss: 0.979
[44,   250] loss: 0.927
[44,   260] loss: 0.972
[44,   270] loss: 0.936
[44,   280] loss: 0.866
[44,   290] loss: 0.983
[44,   300] loss: 0.918
[44,   310] loss: 0.922
[44,   320] loss: 1.020
[44,   330] loss: 0.895
[44,   340] loss: 0.935
[44,   350] loss: 0.917
[44,   360] loss: 0.965
[44,   370] loss: 0.958
[44,   380] loss: 0.987
[44,   390] loss: 0.851
[44,   400] loss: 0.930
[44,   410] loss: 0.892
[44,   420] loss: 0.921
[44,   430] loss: 1.007
[44,   440] loss: 0.926
[44,   450] loss: 0.983
[44,   460] loss: 0.896
[44,   470] loss: 0.921
[44,   480] loss: 0.976
[44,   490] loss: 1.016
[44,   500] loss: 0.875
[44,   510] loss: 0.932
[44,   520] loss: 0.877
[44,   530] loss: 0.932
[44,   540] loss: 0.928
[44,   550] loss: 1.047
[44,   560] loss: 0.890
[44,   570] loss: 0.984
[44,   580] loss: 0.887
[44,   590] loss: 0.945
[44,   600] loss: 0.993
[44,   610] loss: 0.879
[44,   620] loss: 0.796
[44,   630] loss: 0.889
[44,   640] loss: 0.954
[44,   650] loss: 0.953
[44,   660] loss: 1.003
[44,   670] loss: 0.994
[44,   680] loss: 0.943
[44,   690] loss: 0.948
[44,   700] loss: 0.997
[44,   710] loss: 0.854
[44,   720] loss: 0.933
[44,   730] loss: 0.871
[44,   740] loss: 0.877
[44,   750] loss: 0.974
[44,   760] loss: 0.847
[44,   770] loss: 0.980
[44,   780] loss: 0.971
[44,   790] loss: 0.964
[44,   800] loss: 0.917
[45,    10] loss: 0.939
[45,    20] loss: 0.917
[45,    30] loss: 0.913
[45,    40] loss: 0.945
[45,    50] loss: 0.924
[45,    60] loss: 0.926
[45,    70] loss: 0.912
[45,    80] loss: 0.963
[45,    90] loss: 0.890
[45,   100] loss: 0.918
[45,   110] loss: 0.934
[45,   120] loss: 0.906
[45,   130] loss: 0.961
[45,   140] loss: 1.024
[45,   150] loss: 0.818
[45,   160] loss: 0.879
[45,   170] loss: 0.915
[45,   180] loss: 0.944
[45,   190] loss: 0.903
[45,   200] loss: 0.983
[45,   210] loss: 1.056
[45,   220] loss: 0.894
[45,   230] loss: 0.919
[45,   240] loss: 0.886
[45,   250] loss: 0.944
[45,   260] loss: 0.847
[45,   270] loss: 0.939
[45,   280] loss: 0.860
[45,   290] loss: 0.968
[45,   300] loss: 0.896
[45,   310] loss: 0.965
[45,   320] loss: 0.917
[45,   330] loss: 0.882
[45,   340] loss: 0.895
[45,   350] loss: 0.845
[45,   360] loss: 1.014
[45,   370] loss: 0.974
[45,   380] loss: 0.915
[45,   390] loss: 0.957
[45,   400] loss: 1.004
[45,   410] loss: 0.937
[45,   420] loss: 0.900
[45,   430] loss: 0.985
[45,   440] loss: 1.052
[45,   450] loss: 0.969
[45,   460] loss: 0.970
[45,   470] loss: 1.010
[45,   480] loss: 0.930
[45,   490] loss: 0.858
[45,   500] loss: 0.887
[45,   510] loss: 0.919
[45,   520] loss: 0.980
[45,   530] loss: 0.898
[45,   540] loss: 1.058
[45,   550] loss: 0.899
[45,   560] loss: 0.949
[45,   570] loss: 0.958
[45,   580] loss: 0.819
[45,   590] loss: 0.853
[45,   600] loss: 0.939
[45,   610] loss: 0.897
[45,   620] loss: 1.062
[45,   630] loss: 1.057
[45,   640] loss: 0.954
[45,   650] loss: 1.021
[45,   660] loss: 0.887
[45,   670] loss: 0.983
[45,   680] loss: 0.949
[45,   690] loss: 0.997
[45,   700] loss: 0.910
[45,   710] loss: 0.950
[45,   720] loss: 0.909
[45,   730] loss: 0.849
[45,   740] loss: 0.805
[45,   750] loss: 0.938
[45,   760] loss: 1.023
[45,   770] loss: 1.061
[45,   780] loss: 0.946
[45,   790] loss: 0.996
[45,   800] loss: 0.971
[46,    10] loss: 0.884
[46,    20] loss: 0.911
[46,    30] loss: 0.935
[46,    40] loss: 0.985
[46,    50] loss: 0.933
[46,    60] loss: 0.959
[46,    70] loss: 1.025
[46,    80] loss: 0.833
[46,    90] loss: 1.003
[46,   100] loss: 1.033
[46,   110] loss: 0.999
[46,   120] loss: 0.973
[46,   130] loss: 0.849
[46,   140] loss: 0.892
[46,   150] loss: 0.934
[46,   160] loss: 0.884
[46,   170] loss: 1.035
[46,   180] loss: 0.976
[46,   190] loss: 0.904
[46,   200] loss: 0.860
[46,   210] loss: 0.970
[46,   220] loss: 0.958
[46,   230] loss: 0.878
[46,   240] loss: 0.935
[46,   250] loss: 0.881
[46,   260] loss: 0.902
[46,   270] loss: 0.937
[46,   280] loss: 0.885
[46,   290] loss: 0.853
[46,   300] loss: 0.902
[46,   310] loss: 0.968
[46,   320] loss: 0.913
[46,   330] loss: 0.932
[46,   340] loss: 0.887
[46,   350] loss: 0.890
[46,   360] loss: 0.922
[46,   370] loss: 0.880
[46,   380] loss: 0.905
[46,   390] loss: 0.896
[46,   400] loss: 0.964
[46,   410] loss: 0.889
[46,   420] loss: 1.022
[46,   430] loss: 0.832
[46,   440] loss: 0.892
[46,   450] loss: 0.924
[46,   460] loss: 0.957
[46,   470] loss: 0.955
[46,   480] loss: 0.933
[46,   490] loss: 1.039
[46,   500] loss: 0.997
[46,   510] loss: 0.795
[46,   520] loss: 0.937
[46,   530] loss: 0.818
[46,   540] loss: 0.834
[46,   550] loss: 0.955
[46,   560] loss: 0.961
[46,   570] loss: 0.886
[46,   580] loss: 0.993
[46,   590] loss: 0.923
[46,   600] loss: 0.993
[46,   610] loss: 0.975
[46,   620] loss: 0.947
[46,   630] loss: 0.947
[46,   640] loss: 1.002
[46,   650] loss: 1.014
[46,   660] loss: 0.984
[46,   670] loss: 1.040
[46,   680] loss: 0.873
[46,   690] loss: 0.919
[46,   700] loss: 0.854
[46,   710] loss: 0.967
[46,   720] loss: 0.979
[46,   730] loss: 0.928
[46,   740] loss: 0.847
[46,   750] loss: 0.853
[46,   760] loss: 0.910
[46,   770] loss: 0.949
[46,   780] loss: 0.899
[46,   790] loss: 0.859
[46,   800] loss: 0.890
[47,    10] loss: 0.914
[47,    20] loss: 1.014
[47,    30] loss: 1.025
[47,    40] loss: 0.979
[47,    50] loss: 0.840
[47,    60] loss: 0.853
[47,    70] loss: 0.877
[47,    80] loss: 0.912
[47,    90] loss: 0.888
[47,   100] loss: 0.889
[47,   110] loss: 1.000
[47,   120] loss: 0.931
[47,   130] loss: 0.903
[47,   140] loss: 1.034
[47,   150] loss: 0.901
[47,   160] loss: 0.913
[47,   170] loss: 0.831
[47,   180] loss: 0.915
[47,   190] loss: 0.933
[47,   200] loss: 0.895
[47,   210] loss: 0.811
[47,   220] loss: 0.857
[47,   230] loss: 0.909
[47,   240] loss: 0.900
[47,   250] loss: 1.009
[47,   260] loss: 0.956
[47,   270] loss: 0.954
[47,   280] loss: 0.935
[47,   290] loss: 0.952
[47,   300] loss: 0.881
[47,   310] loss: 1.020
[47,   320] loss: 0.854
[47,   330] loss: 0.944
[47,   340] loss: 0.919
[47,   350] loss: 0.936
[47,   360] loss: 0.952
[47,   370] loss: 0.947
[47,   380] loss: 0.961
[47,   390] loss: 0.882
[47,   400] loss: 0.928
[47,   410] loss: 1.050
[47,   420] loss: 0.991
[47,   430] loss: 1.116
[47,   440] loss: 0.990
[47,   450] loss: 0.971
[47,   460] loss: 0.870
[47,   470] loss: 0.941
[47,   480] loss: 1.005
[47,   490] loss: 0.983
[47,   500] loss: 0.893
[47,   510] loss: 0.934
[47,   520] loss: 0.940
[47,   530] loss: 0.946
[47,   540] loss: 0.843
[47,   550] loss: 0.949
[47,   560] loss: 1.009
[47,   570] loss: 0.914
[47,   580] loss: 0.950
[47,   590] loss: 0.851
[47,   600] loss: 0.976
[47,   610] loss: 0.895
[47,   620] loss: 1.009
[47,   630] loss: 0.854
[47,   640] loss: 0.920
[47,   650] loss: 0.898
[47,   660] loss: 0.941
[47,   670] loss: 0.960
[47,   680] loss: 0.909
[47,   690] loss: 0.880
[47,   700] loss: 0.875
[47,   710] loss: 0.970
[47,   720] loss: 1.016
[47,   730] loss: 0.891
[47,   740] loss: 0.970
[47,   750] loss: 0.986
[47,   760] loss: 0.989
[47,   770] loss: 0.975
[47,   780] loss: 0.969
[47,   790] loss: 1.013
[47,   800] loss: 0.978
[48,    10] loss: 0.960
[48,    20] loss: 0.803
[48,    30] loss: 1.012
[48,    40] loss: 0.890
[48,    50] loss: 0.838
[48,    60] loss: 0.992
[48,    70] loss: 0.886
[48,    80] loss: 0.831
[48,    90] loss: 0.935
[48,   100] loss: 1.018
[48,   110] loss: 0.852
[48,   120] loss: 1.040
[48,   130] loss: 0.895
[48,   140] loss: 0.949
[48,   150] loss: 0.856
[48,   160] loss: 0.978
[48,   170] loss: 0.973
[48,   180] loss: 0.894
[48,   190] loss: 1.032
[48,   200] loss: 0.932
[48,   210] loss: 0.949
[48,   220] loss: 0.967
[48,   230] loss: 0.852
[48,   240] loss: 0.991
[48,   250] loss: 0.949
[48,   260] loss: 0.926
[48,   270] loss: 0.967
[48,   280] loss: 0.986
[48,   290] loss: 0.932
[48,   300] loss: 0.951
[48,   310] loss: 0.863
[48,   320] loss: 0.957
[48,   330] loss: 0.893
[48,   340] loss: 0.911
[48,   350] loss: 0.956
[48,   360] loss: 0.918
[48,   370] loss: 0.873
[48,   380] loss: 0.931
[48,   390] loss: 1.013
[48,   400] loss: 0.995
[48,   410] loss: 0.960
[48,   420] loss: 0.915
[48,   430] loss: 0.887
[48,   440] loss: 0.947
[48,   450] loss: 1.090
[48,   460] loss: 0.948
[48,   470] loss: 0.951
[48,   480] loss: 0.960
[48,   490] loss: 0.976
[48,   500] loss: 0.910
[48,   510] loss: 1.007
[48,   520] loss: 0.886
[48,   530] loss: 0.915
[48,   540] loss: 0.848
[48,   550] loss: 0.937
[48,   560] loss: 0.945
[48,   570] loss: 0.916
[48,   580] loss: 0.842
[48,   590] loss: 0.881
[48,   600] loss: 1.003
[48,   610] loss: 0.848
[48,   620] loss: 0.881
[48,   630] loss: 0.909
[48,   640] loss: 0.933
[48,   650] loss: 1.051
[48,   660] loss: 1.004
[48,   670] loss: 0.996
[48,   680] loss: 0.966
[48,   690] loss: 0.952
[48,   700] loss: 0.918
[48,   710] loss: 0.956
[48,   720] loss: 1.005
[48,   730] loss: 0.905
[48,   740] loss: 0.874
[48,   750] loss: 0.890
[48,   760] loss: 0.835
[48,   770] loss: 0.898
[48,   780] loss: 0.966
[48,   790] loss: 1.074
[48,   800] loss: 0.837
[49,    10] loss: 0.921
[49,    20] loss: 0.949
[49,    30] loss: 0.915
[49,    40] loss: 0.981
[49,    50] loss: 0.926
[49,    60] loss: 0.890
[49,    70] loss: 0.946
[49,    80] loss: 0.981
[49,    90] loss: 0.957
[49,   100] loss: 1.012
[49,   110] loss: 0.931
[49,   120] loss: 0.972
[49,   130] loss: 0.939
[49,   140] loss: 1.054
[49,   150] loss: 1.010
[49,   160] loss: 1.012
[49,   170] loss: 0.936
[49,   180] loss: 0.957
[49,   190] loss: 1.041
[49,   200] loss: 0.953
[49,   210] loss: 0.916
[49,   220] loss: 0.915
[49,   230] loss: 0.915
[49,   240] loss: 0.965
[49,   250] loss: 0.884
[49,   260] loss: 0.822
[49,   270] loss: 0.932
[49,   280] loss: 0.896
[49,   290] loss: 0.887
[49,   300] loss: 0.938
[49,   310] loss: 0.866
[49,   320] loss: 0.990
[49,   330] loss: 1.009
[49,   340] loss: 0.967
[49,   350] loss: 0.943
[49,   360] loss: 0.933
[49,   370] loss: 0.879
[49,   380] loss: 0.871
[49,   390] loss: 0.893
[49,   400] loss: 0.926
[49,   410] loss: 0.928
[49,   420] loss: 0.919
[49,   430] loss: 0.858
[49,   440] loss: 0.900
[49,   450] loss: 0.933
[49,   460] loss: 0.955
[49,   470] loss: 0.928
[49,   480] loss: 0.938
[49,   490] loss: 0.850
[49,   500] loss: 0.904
[49,   510] loss: 0.910
[49,   520] loss: 0.970
[49,   530] loss: 0.985
[49,   540] loss: 0.975
[49,   550] loss: 0.940
[49,   560] loss: 0.917
[49,   570] loss: 0.964
[49,   580] loss: 0.972
[49,   590] loss: 0.848
[49,   600] loss: 0.974
[49,   610] loss: 0.959
[49,   620] loss: 1.002
[49,   630] loss: 0.852
[49,   640] loss: 0.834
[49,   650] loss: 0.940
[49,   660] loss: 0.905
[49,   670] loss: 0.858
[49,   680] loss: 0.873
[49,   690] loss: 0.914
[49,   700] loss: 0.859
[49,   710] loss: 0.941
[49,   720] loss: 1.065
[49,   730] loss: 0.884
[49,   740] loss: 0.876
[49,   750] loss: 0.882
[49,   760] loss: 0.885
[49,   770] loss: 0.884
[49,   780] loss: 0.949
[49,   790] loss: 0.859
[49,   800] loss: 0.863
[50,    10] loss: 1.001
[50,    20] loss: 1.070
[50,    30] loss: 0.967
[50,    40] loss: 1.085
[50,    50] loss: 0.958
[50,    60] loss: 0.889
[50,    70] loss: 0.883
[50,    80] loss: 0.884
[50,    90] loss: 0.957
[50,   100] loss: 0.898
[50,   110] loss: 0.916
[50,   120] loss: 0.929
[50,   130] loss: 0.950
[50,   140] loss: 0.892
[50,   150] loss: 0.942
[50,   160] loss: 1.003
[50,   170] loss: 0.930
[50,   180] loss: 0.954
[50,   190] loss: 0.822
[50,   200] loss: 0.915
[50,   210] loss: 0.933
[50,   220] loss: 0.935
[50,   230] loss: 0.834
[50,   240] loss: 0.917
[50,   250] loss: 0.914
[50,   260] loss: 0.981
[50,   270] loss: 0.953
[50,   280] loss: 0.953
[50,   290] loss: 0.915
[50,   300] loss: 0.915
[50,   310] loss: 0.891
[50,   320] loss: 0.856
[50,   330] loss: 0.988
[50,   340] loss: 1.026
[50,   350] loss: 0.873
[50,   360] loss: 0.880
[50,   370] loss: 0.901
[50,   380] loss: 0.920
[50,   390] loss: 0.919
[50,   400] loss: 0.903
[50,   410] loss: 0.966
[50,   420] loss: 0.851
[50,   430] loss: 0.839
[50,   440] loss: 0.864
[50,   450] loss: 0.951
[50,   460] loss: 0.867
[50,   470] loss: 0.807
[50,   480] loss: 1.004
[50,   490] loss: 0.920
[50,   500] loss: 0.942
[50,   510] loss: 0.983
[50,   520] loss: 0.818
[50,   530] loss: 1.055
[50,   540] loss: 0.919
[50,   550] loss: 0.915
[50,   560] loss: 0.958
[50,   570] loss: 0.886
[50,   580] loss: 0.954
[50,   590] loss: 0.898
[50,   600] loss: 0.865
[50,   610] loss: 0.889
[50,   620] loss: 0.926
[50,   630] loss: 0.978
[50,   640] loss: 0.954
[50,   650] loss: 0.851
[50,   660] loss: 0.834
[50,   670] loss: 0.830
[50,   680] loss: 0.987
[50,   690] loss: 0.944
[50,   700] loss: 0.887
[50,   710] loss: 0.893
[50,   720] loss: 0.958
[50,   730] loss: 0.863
[50,   740] loss: 0.974
[50,   750] loss: 1.010
[50,   760] loss: 0.858
[50,   770] loss: 1.031
[50,   780] loss: 0.903
[50,   790] loss: 0.963
[50,   800] loss: 0.954
Finished !!
Accuracy of the network: 62.06 %
