Collecting dill==0.3.4 (from -r requirements.txt (line 1))
  Using cached https://files.pythonhosted.org/packages/b6/c3/973676ceb86b60835bb3978c6db67a5dc06be6cfdbd14ef0f5a13e3fc9fd/dill-0.3.4-py2.py3-none-any.whl
Requirement already satisfied: laplace==0.1 in /zhome/45/c/128687/.local/lib/python3.6/site-packages (from -r requirements.txt (line 2))
Collecting matplotlib==3.4.0 (from -r requirements.txt (line 3))
Running GPU.
[1,    10] loss: 1.900
[1,    20] loss: 1.811
[1,    30] loss: 1.738
[1,    40] loss: 1.751
[1,    50] loss: 1.781
[1,    60] loss: 1.683
[1,    70] loss: 1.666
[1,    80] loss: 1.679
[1,    90] loss: 1.652
[1,   100] loss: 1.601
[1,   110] loss: 1.618
[1,   120] loss: 1.554
[1,   130] loss: 1.577
[1,   140] loss: 1.620
[1,   150] loss: 1.527
[1,   160] loss: 1.606
[1,   170] loss: 1.498
[1,   180] loss: 1.553
[1,   190] loss: 1.471
[1,   200] loss: 1.507
[1,   210] loss: 1.577
[1,   220] loss: 1.533
[1,   230] loss: 1.476
[1,   240] loss: 1.499
[1,   250] loss: 1.394
[1,   260] loss: 1.495
[1,   270] loss: 1.466
[1,   280] loss: 1.420
[1,   290] loss: 1.353
[1,   300] loss: 1.414
[1,   310] loss: 1.503
[1,   320] loss: 1.484
[1,   330] loss: 1.431
[1,   340] loss: 1.502
[1,   350] loss: 1.479
[1,   360] loss: 1.371
[1,   370] loss: 1.483
[1,   380] loss: 1.415
[1,   390] loss: 1.406
[1,   400] loss: 1.388
[1,   410] loss: 1.438
[1,   420] loss: 1.488
[1,   430] loss: 1.459
[1,   440] loss: 1.419
[1,   450] loss: 1.430
[1,   460] loss: 1.334
[1,   470] loss: 1.435
[1,   480] loss: 1.342
[1,   490] loss: 1.431
[1,   500] loss: 1.370
[1,   510] loss: 1.408
[1,   520] loss: 1.423
[1,   530] loss: 1.539
[1,   540] loss: 1.452
[1,   550] loss: 1.507
[1,   560] loss: 1.483
[1,   570] loss: 1.446
[1,   580] loss: 1.471
[1,   590] loss: 1.347
[1,   600] loss: 1.433
[1,   610] loss: 1.318
[1,   620] loss: 1.417
[1,   630] loss: 1.441
[1,   640] loss: 1.413
[1,   650] loss: 1.386
[1,   660] loss: 1.422
[1,   670] loss: 1.456
[1,   680] loss: 1.410
[1,   690] loss: 1.479
[1,   700] loss: 1.516
[1,   710] loss: 1.450
[1,   720] loss: 1.417
[1,   730] loss: 1.417
[1,   740] loss: 1.503
[1,   750] loss: 1.467
[1,   760] loss: 1.398
[1,   770] loss: 1.405
[1,   780] loss: 1.341
[1,   790] loss: 1.420
[1,   800] loss: 1.419
[2,    10] loss: 1.346
[2,    20] loss: 1.340
[2,    30] loss: 1.417
[2,    40] loss: 1.292
[2,    50] loss: 1.422
[2,    60] loss: 1.393
[2,    70] loss: 1.372
[2,    80] loss: 1.325
[2,    90] loss: 1.434
[2,   100] loss: 1.399
[2,   110] loss: 1.394
[2,   120] loss: 1.387
[2,   130] loss: 1.409
[2,   140] loss: 1.406
[2,   150] loss: 1.418
[2,   160] loss: 1.413
[2,   170] loss: 1.398
[2,   180] loss: 1.391
[2,   190] loss: 1.412
[2,   200] loss: 1.393
[2,   210] loss: 1.412
[2,   220] loss: 1.366
[2,   230] loss: 1.454
[2,   240] loss: 1.307
[2,   250] loss: 1.456
[2,   260] loss: 1.449
[2,   270] loss: 1.386
[2,   280] loss: 1.454
[2,   290] loss: 1.408
[2,   300] loss: 1.446
[2,   310] loss: 1.418
[2,   320] loss: 1.464
[2,   330] loss: 1.384
[2,   340] loss: 1.423
[2,   350] loss: 1.397
[2,   360] loss: 1.421
[2,   370] loss: 1.448
[2,   380] loss: 1.408
[2,   390] loss: 1.372
[2,   400] loss: 1.318
[2,   410] loss: 1.395
[2,   420] loss: 1.344
[2,   430] loss: 1.357
[2,   440] loss: 1.260
[2,   450] loss: 1.369
[2,   460] loss: 1.453
[2,   470] loss: 1.452
[2,   480] loss: 1.366
[2,   490] loss: 1.357
[2,   500] loss: 1.364
[2,   510] loss: 1.420
[2,   520] loss: 1.429
[2,   530] loss: 1.346
[2,   540] loss: 1.426
[2,   550] loss: 1.359
[2,   560] loss: 1.382
[2,   570] loss: 1.342
[2,   580] loss: 1.305
[2,   590] loss: 1.362
[2,   600] loss: 1.366
[2,   610] loss: 1.285
[2,   620] loss: 1.292
[2,   630] loss: 1.298
[2,   640] loss: 1.300
[2,   650] loss: 1.378
[2,   660] loss: 1.370
[2,   670] loss: 1.354
[2,   680] loss: 1.395
[2,   690] loss: 1.372
[2,   700] loss: 1.379
[2,   710] loss: 1.306
[2,   720] loss: 1.389
[2,   730] loss: 1.394
[2,   740] loss: 1.346
[2,   750] loss: 1.353
[2,   760] loss: 1.421
[2,   770] loss: 1.356
[2,   780] loss: 1.319
[2,   790] loss: 1.379
[2,   800] loss: 1.352
[3,    10] loss: 1.434
[3,    20] loss: 1.401
[3,    30] loss: 1.354
[3,    40] loss: 1.352
[3,    50] loss: 1.362
[3,    60] loss: 1.350
[3,    70] loss: 1.354
[3,    80] loss: 1.306
[3,    90] loss: 1.433
[3,   100] loss: 1.301
[3,   110] loss: 1.315
[3,   120] loss: 1.362
[3,   130] loss: 1.379
[3,   140] loss: 1.334
[3,   150] loss: 1.399
[3,   160] loss: 1.324
[3,   170] loss: 1.328
[3,   180] loss: 1.282
[3,   190] loss: 1.368
[3,   200] loss: 1.320
[3,   210] loss: 1.290
[3,   220] loss: 1.305
[3,   230] loss: 1.235
[3,   240] loss: 1.286
[3,   250] loss: 1.322
[3,   260] loss: 1.377
[3,   270] loss: 1.421
[3,   280] loss: 1.395
[3,   290] loss: 1.351
[3,   300] loss: 1.294
[3,   310] loss: 1.344
[3,   320] loss: 1.306
[3,   330] loss: 1.368
[3,   340] loss: 1.255
[3,   350] loss: 1.357
[3,   360] loss: 1.340
[3,   370] loss: 1.304
[3,   380] loss: 1.267
[3,   390] loss: 1.359
[3,   400] loss: 1.305
[3,   410] loss: 1.259
[3,   420] loss: 1.378
[3,   430] loss: 1.344
[3,   440] loss: 1.351
[3,   450] loss: 1.313
[3,   460] loss: 1.269
[3,   470] loss: 1.279
[3,   480] loss: 1.332
[3,   490] loss: 1.250
[3,   500] loss: 1.241
[3,   510] loss: 1.334
[3,   520] loss: 1.288
[3,   530] loss: 1.311
[3,   540] loss: 1.209
[3,   550] loss: 1.288
[3,   560] loss: 1.322
[3,   570] loss: 1.298
[3,   580] loss: 1.232
[3,   590] loss: 1.268
[3,   600] loss: 1.294
[3,   610] loss: 1.385
[3,   620] loss: 1.288
[3,   630] loss: 1.405
[3,   640] loss: 1.403
[3,   650] loss: 1.293
[3,   660] loss: 1.301
[3,   670] loss: 1.349
[3,   680] loss: 1.362
[3,   690] loss: 1.343
[3,   700] loss: 1.315
[3,   710] loss: 1.327
[3,   720] loss: 1.378
[3,   730] loss: 1.270
[3,   740] loss: 1.360
[3,   750] loss: 1.307
[3,   760] loss: 1.301
[3,   770] loss: 1.287
[3,   780] loss: 1.276
[3,   790] loss: 1.312
[3,   800] loss: 1.370
[4,    10] loss: 1.321
[4,    20] loss: 1.326
[4,    30] loss: 1.298
[4,    40] loss: 1.318
[4,    50] loss: 1.290
[4,    60] loss: 1.236
[4,    70] loss: 1.307
[4,    80] loss: 1.304
[4,    90] loss: 1.295
[4,   100] loss: 1.224
[4,   110] loss: 1.283
[4,   120] loss: 1.256
[4,   130] loss: 1.247
[4,   140] loss: 1.269
[4,   150] loss: 1.291
[4,   160] loss: 1.343
[4,   170] loss: 1.325
[4,   180] loss: 1.235
[4,   190] loss: 1.267
[4,   200] loss: 1.310
[4,   210] loss: 1.321
[4,   220] loss: 1.289
[4,   230] loss: 1.233
[4,   240] loss: 1.285
[4,   250] loss: 1.341
[4,   260] loss: 1.289
[4,   270] loss: 1.236
[4,   280] loss: 1.281
[4,   290] loss: 1.295
[4,   300] loss: 1.287
[4,   310] loss: 1.255
[4,   320] loss: 1.376
[4,   330] loss: 1.287
[4,   340] loss: 1.191
[4,   350] loss: 1.206
[4,   360] loss: 1.319
[4,   370] loss: 1.335
[4,   380] loss: 1.257
[4,   390] loss: 1.408
[4,   400] loss: 1.191
[4,   410] loss: 1.282
[4,   420] loss: 1.280
[4,   430] loss: 1.278
[4,   440] loss: 1.303
[4,   450] loss: 1.249
[4,   460] loss: 1.292
[4,   470] loss: 1.283
[4,   480] loss: 1.231
[4,   490] loss: 1.346
[4,   500] loss: 1.326
[4,   510] loss: 1.235
[4,   520] loss: 1.265
[4,   530] loss: 1.246
[4,   540] loss: 1.291
[4,   550] loss: 1.187
[4,   560] loss: 1.276
[4,   570] loss: 1.323
[4,   580] loss: 1.195
[4,   590] loss: 1.305
[4,   600] loss: 1.314
[4,   610] loss: 1.343
[4,   620] loss: 1.318
[4,   630] loss: 1.258
[4,   640] loss: 1.274
[4,   650] loss: 1.347
[4,   660] loss: 1.186
[4,   670] loss: 1.270
[4,   680] loss: 1.247
[4,   690] loss: 1.241
[4,   700] loss: 1.221
[4,   710] loss: 1.217
[4,   720] loss: 1.409
[4,   730] loss: 1.237
[4,   740] loss: 1.226
[4,   750] loss: 1.258
[4,   760] loss: 1.188
[4,   770] loss: 1.249
[4,   780] loss: 1.254
[4,   790] loss: 1.245
[4,   800] loss: 1.246
[5,    10] loss: 1.257
[5,    20] loss: 1.152
[5,    30] loss: 1.239
[5,    40] loss: 1.239
[5,    50] loss: 1.231
[5,    60] loss: 1.200
[5,    70] loss: 1.282
[5,    80] loss: 1.281
[5,    90] loss: 1.346
[5,   100] loss: 1.244
[5,   110] loss: 1.305
[5,   120] loss: 1.224
[5,   130] loss: 1.151
[5,   140] loss: 1.156
[5,   150] loss: 1.275
[5,   160] loss: 1.238
[5,   170] loss: 1.270
[5,   180] loss: 1.193
[5,   190] loss: 1.155
[5,   200] loss: 1.249
[5,   210] loss: 1.271
[5,   220] loss: 1.173
[5,   230] loss: 1.243
[5,   240] loss: 1.256
[5,   250] loss: 1.318
[5,   260] loss: 1.191
[5,   270] loss: 1.173
[5,   280] loss: 1.205
[5,   290] loss: 1.189
[5,   300] loss: 1.163
[5,   310] loss: 1.254
[5,   320] loss: 1.241
[5,   330] loss: 1.264
[5,   340] loss: 1.109
[5,   350] loss: 1.198
[5,   360] loss: 1.234
[5,   370] loss: 1.227
[5,   380] loss: 1.148
[5,   390] loss: 1.153
[5,   400] loss: 1.247
[5,   410] loss: 1.285
[5,   420] loss: 1.254
[5,   430] loss: 1.229
[5,   440] loss: 1.323
[5,   450] loss: 1.218
[5,   460] loss: 1.191
[5,   470] loss: 1.316
[5,   480] loss: 1.265
[5,   490] loss: 1.363
[5,   500] loss: 1.264
[5,   510] loss: 1.202
[5,   520] loss: 1.395
[5,   530] loss: 1.220
[5,   540] loss: 1.258
[5,   550] loss: 1.282
[5,   560] loss: 1.425
[5,   570] loss: 1.248
[5,   580] loss: 1.187
[5,   590] loss: 1.260
[5,   600] loss: 1.239
[5,   610] loss: 1.182
[5,   620] loss: 1.281
[5,   630] loss: 1.235
[5,   640] loss: 1.172
[5,   650] loss: 1.208
[5,   660] loss: 1.195
[5,   670] loss: 1.242
[5,   680] loss: 1.233
[5,   690] loss: 1.141
[5,   700] loss: 1.249
[5,   710] loss: 1.267
[5,   720] loss: 1.294
[5,   730] loss: 1.141
[5,   740] loss: 1.217
[5,   750] loss: 1.259
[5,   760] loss: 1.300
[5,   770] loss: 1.255
[5,   780] loss: 1.264
[5,   790] loss: 1.238
[5,   800] loss: 1.202
[6,    10] loss: 1.161
[6,    20] loss: 1.220
[6,    30] loss: 1.168
[6,    40] loss: 1.332
[6,    50] loss: 1.255
[6,    60] loss: 1.199
[6,    70] loss: 1.249
[6,    80] loss: 1.334
[6,    90] loss: 1.251
[6,   100] loss: 1.233
[6,   110] loss: 1.257
[6,   120] loss: 1.229
[6,   130] loss: 1.187
[6,   140] loss: 1.220
[6,   150] loss: 1.186
[6,   160] loss: 1.187
[6,   170] loss: 1.127
[6,   180] loss: 1.167
[6,   190] loss: 1.268
[6,   200] loss: 1.132
[6,   210] loss: 1.154
[6,   220] loss: 1.321
[6,   230] loss: 1.208
[6,   240] loss: 1.215
[6,   250] loss: 1.245
[6,   260] loss: 1.274
[6,   270] loss: 1.262
[6,   280] loss: 1.143
[6,   290] loss: 1.269
[6,   300] loss: 1.334
[6,   310] loss: 1.390
[6,   320] loss: 1.284
[6,   330] loss: 1.272
[6,   340] loss: 1.226
[6,   350] loss: 1.290
[6,   360] loss: 1.290
[6,   370] loss: 1.272
[6,   380] loss: 1.291
[6,   390] loss: 1.216
[6,   400] loss: 1.195
[6,   410] loss: 1.268
[6,   420] loss: 1.157
[6,   430] loss: 1.230
[6,   440] loss: 1.307
[6,   450] loss: 1.253
[6,   460] loss: 1.277
[6,   470] loss: 1.221
[6,   480] loss: 1.276
[6,   490] loss: 1.248
[6,   500] loss: 1.185
[6,   510] loss: 1.154
[6,   520] loss: 1.199
[6,   530] loss: 1.186
[6,   540] loss: 1.282
[6,   550] loss: 1.216
[6,   560] loss: 1.156
[6,   570] loss: 1.179
[6,   580] loss: 1.146
[6,   590] loss: 1.170
[6,   600] loss: 1.238
[6,   610] loss: 1.202
[6,   620] loss: 1.089
[6,   630] loss: 1.246
[6,   640] loss: 1.154
[6,   650] loss: 1.195
[6,   660] loss: 1.215
[6,   670] loss: 1.207
[6,   680] loss: 1.154
[6,   690] loss: 1.225
[6,   700] loss: 1.194
[6,   710] loss: 1.168
[6,   720] loss: 1.375
[6,   730] loss: 1.263
[6,   740] loss: 1.178
[6,   750] loss: 1.268
[6,   760] loss: 1.155
[6,   770] loss: 1.244
[6,   780] loss: 1.230
[6,   790] loss: 1.249
[6,   800] loss: 1.236
[7,    10] loss: 1.109
[7,    20] loss: 1.213
[7,    30] loss: 1.287
[7,    40] loss: 1.215
[7,    50] loss: 1.304
[7,    60] loss: 1.302
[7,    70] loss: 1.247
[7,    80] loss: 1.177
[7,    90] loss: 1.127
[7,   100] loss: 1.223
[7,   110] loss: 1.308
[7,   120] loss: 1.260
[7,   130] loss: 1.120
[7,   140] loss: 1.174
[7,   150] loss: 1.197
[7,   160] loss: 1.140
[7,   170] loss: 1.099
[7,   180] loss: 1.104
[7,   190] loss: 1.135
[7,   200] loss: 1.159
[7,   210] loss: 1.198
[7,   220] loss: 1.130
[7,   230] loss: 1.124
[7,   240] loss: 1.083
[7,   250] loss: 1.095
[7,   260] loss: 1.197
[7,   270] loss: 1.221
[7,   280] loss: 1.308
[7,   290] loss: 1.223
[7,   300] loss: 1.081
[7,   310] loss: 1.208
[7,   320] loss: 1.181
[7,   330] loss: 1.315
[7,   340] loss: 1.288
[7,   350] loss: 1.155
[7,   360] loss: 1.100
[7,   370] loss: 1.107
[7,   380] loss: 1.215
[7,   390] loss: 1.201
[7,   400] loss: 1.094
[7,   410] loss: 1.186
[7,   420] loss: 1.066
[7,   430] loss: 1.137
[7,   440] loss: 1.200
[7,   450] loss: 1.184
[7,   460] loss: 1.167
[7,   470] loss: 1.252
[7,   480] loss: 1.118
[7,   490] loss: 1.220
[7,   500] loss: 1.196
[7,   510] loss: 1.086
[7,   520] loss: 1.164
[7,   530] loss: 1.206
[7,   540] loss: 1.206
[7,   550] loss: 1.120
[7,   560] loss: 1.159
[7,   570] loss: 1.205
[7,   580] loss: 1.072
[7,   590] loss: 1.233
[7,   600] loss: 1.094
[7,   610] loss: 1.117
[7,   620] loss: 1.229
[7,   630] loss: 1.235
[7,   640] loss: 1.140
[7,   650] loss: 1.182
[7,   660] loss: 1.171
[7,   670] loss: 1.206
[7,   680] loss: 1.083
[7,   690] loss: 1.133
[7,   700] loss: 1.149
[7,   710] loss: 1.178
[7,   720] loss: 1.118
[7,   730] loss: 1.069
[7,   740] loss: 1.170
[7,   750] loss: 1.233
[7,   760] loss: 1.261
[7,   770] loss: 1.113
[7,   780] loss: 1.177
[7,   790] loss: 1.096
[7,   800] loss: 1.094
[8,    10] loss: 1.125
[8,    20] loss: 1.156
[8,    30] loss: 1.252
[8,    40] loss: 1.208
[8,    50] loss: 1.230
[8,    60] loss: 1.161
[8,    70] loss: 1.132
[8,    80] loss: 1.218
[8,    90] loss: 1.187
[8,   100] loss: 1.195
[8,   110] loss: 1.184
[8,   120] loss: 1.155
[8,   130] loss: 1.105
[8,   140] loss: 1.063
[8,   150] loss: 1.183
[8,   160] loss: 1.197
[8,   170] loss: 1.131
[8,   180] loss: 1.140
[8,   190] loss: 1.271
[8,   200] loss: 1.181
[8,   210] loss: 1.187
[8,   220] loss: 1.188
[8,   230] loss: 1.253
[8,   240] loss: 1.234
[8,   250] loss: 1.088
[8,   260] loss: 1.118
[8,   270] loss: 1.200
[8,   280] loss: 1.215
[8,   290] loss: 1.158
[8,   300] loss: 1.135
[8,   310] loss: 1.100
[8,   320] loss: 1.087
[8,   330] loss: 1.054
[8,   340] loss: 1.196
[8,   350] loss: 1.123
[8,   360] loss: 1.159
[8,   370] loss: 1.086
[8,   380] loss: 1.180
[8,   390] loss: 1.188
[8,   400] loss: 1.214
[8,   410] loss: 1.058
[8,   420] loss: 1.141
[8,   430] loss: 1.160
[8,   440] loss: 1.126
[8,   450] loss: 1.184
[8,   460] loss: 1.186
[8,   470] loss: 1.165
[8,   480] loss: 1.196
[8,   490] loss: 1.064
[8,   500] loss: 1.136
[8,   510] loss: 1.160
[8,   520] loss: 1.157
[8,   530] loss: 1.116
[8,   540] loss: 1.142
[8,   550] loss: 1.112
[8,   560] loss: 1.152
[8,   570] loss: 1.141
[8,   580] loss: 1.138
[8,   590] loss: 1.114
[8,   600] loss: 1.068
[8,   610] loss: 0.979
[8,   620] loss: 1.085
[8,   630] loss: 1.180
[8,   640] loss: 1.254
[8,   650] loss: 1.164
[8,   660] loss: 1.149
[8,   670] loss: 1.115
[8,   680] loss: 1.075
[8,   690] loss: 1.051
[8,   700] loss: 1.095
[8,   710] loss: 1.153
[8,   720] loss: 1.148
[8,   730] loss: 1.135
[8,   740] loss: 1.168
[8,   750] loss: 1.160
[8,   760] loss: 1.060
[8,   770] loss: 1.167
[8,   780] loss: 1.157
[8,   790] loss: 1.135
[8,   800] loss: 1.120
[9,    10] loss: 1.045
[9,    20] loss: 1.142
[9,    30] loss: 1.145
[9,    40] loss: 1.156
[9,    50] loss: 1.145
[9,    60] loss: 1.106
[9,    70] loss: 1.113
[9,    80] loss: 1.094
[9,    90] loss: 1.265
[9,   100] loss: 1.060
[9,   110] loss: 1.143
[9,   120] loss: 1.192
[9,   130] loss: 1.125
[9,   140] loss: 1.132
[9,   150] loss: 1.118
[9,   160] loss: 1.054
[9,   170] loss: 1.137
[9,   180] loss: 1.058
[9,   190] loss: 1.210
[9,   200] loss: 1.220
[9,   210] loss: 1.147
[9,   220] loss: 1.276
[9,   230] loss: 1.110
[9,   240] loss: 1.140
[9,   250] loss: 1.069
[9,   260] loss: 1.100
[9,   270] loss: 1.144
[9,   280] loss: 1.093
[9,   290] loss: 1.160
[9,   300] loss: 1.307
[9,   310] loss: 1.067
[9,   320] loss: 1.097
[9,   330] loss: 1.134
[9,   340] loss: 1.063
[9,   350] loss: 1.138
[9,   360] loss: 1.047
[9,   370] loss: 1.129
[9,   380] loss: 1.252
[9,   390] loss: 1.096
[9,   400] loss: 1.112
[9,   410] loss: 1.162
[9,   420] loss: 1.109
[9,   430] loss: 1.086
[9,   440] loss: 1.179
[9,   450] loss: 1.050
[9,   460] loss: 1.195
[9,   470] loss: 1.122
[9,   480] loss: 1.191
[9,   490] loss: 1.223
[9,   500] loss: 1.103
[9,   510] loss: 1.129
[9,   520] loss: 1.216
[9,   530] loss: 1.116
[9,   540] loss: 1.135
[9,   550] loss: 1.159
[9,   560] loss: 1.136
[9,   570] loss: 1.160
[9,   580] loss: 1.046
[9,   590] loss: 1.072
[9,   600] loss: 1.072
[9,   610] loss: 1.234
[9,   620] loss: 1.177
[9,   630] loss: 1.116
[9,   640] loss: 1.151
[9,   650] loss: 1.080
[9,   660] loss: 1.086
[9,   670] loss: 1.101
[9,   680] loss: 1.185
[9,   690] loss: 1.060
[9,   700] loss: 1.110
[9,   710] loss: 1.115
[9,   720] loss: 1.142
[9,   730] loss: 1.106
[9,   740] loss: 1.100
[9,   750] loss: 1.142
[9,   760] loss: 1.106
[9,   770] loss: 1.114
[9,   780] loss: 1.026
[9,   790] loss: 1.088
[9,   800] loss: 1.093
[10,    10] loss: 1.140
[10,    20] loss: 1.101
[10,    30] loss: 1.041
[10,    40] loss: 1.032
[10,    50] loss: 1.130
[10,    60] loss: 1.156
[10,    70] loss: 1.092
[10,    80] loss: 1.159
[10,    90] loss: 1.116
[10,   100] loss: 1.097
[10,   110] loss: 0.995
[10,   120] loss: 1.176
[10,   130] loss: 1.062
[10,   140] loss: 1.059
[10,   150] loss: 1.181
[10,   160] loss: 1.114
[10,   170] loss: 1.138
[10,   180] loss: 1.094
[10,   190] loss: 1.072
[10,   200] loss: 1.094
[10,   210] loss: 1.157
[10,   220] loss: 1.179
[10,   230] loss: 1.109
[10,   240] loss: 1.119
[10,   250] loss: 1.121
[10,   260] loss: 1.192
[10,   270] loss: 1.099
[10,   280] loss: 1.110
[10,   290] loss: 1.054
[10,   300] loss: 1.084
[10,   310] loss: 1.166
[10,   320] loss: 1.149
[10,   330] loss: 0.987
[10,   340] loss: 1.185
[10,   350] loss: 1.159
[10,   360] loss: 1.075
[10,   370] loss: 1.100
[10,   380] loss: 1.143
[10,   390] loss: 1.201
[10,   400] loss: 1.132
[10,   410] loss: 1.176
[10,   420] loss: 1.081
[10,   430] loss: 1.137
[10,   440] loss: 1.098
[10,   450] loss: 1.115
[10,   460] loss: 1.065
[10,   470] loss: 1.028
[10,   480] loss: 1.124
[10,   490] loss: 1.158
[10,   500] loss: 1.060
[10,   510] loss: 1.126
[10,   520] loss: 1.168
[10,   530] loss: 1.224
[10,   540] loss: 1.078
[10,   550] loss: 1.103
[10,   560] loss: 1.055
[10,   570] loss: 0.999
[10,   580] loss: 1.071
[10,   590] loss: 1.067
[10,   600] loss: 1.092
[10,   610] loss: 1.106
[10,   620] loss: 1.088
[10,   630] loss: 1.068
[10,   640] loss: 1.188
[10,   650] loss: 1.050
[10,   660] loss: 1.018
[10,   670] loss: 1.069
[10,   680] loss: 1.058
[10,   690] loss: 1.183
[10,   700] loss: 1.209
[10,   710] loss: 1.119
[10,   720] loss: 1.098
[10,   730] loss: 1.125
[10,   740] loss: 1.057
[10,   750] loss: 1.172
[10,   760] loss: 1.065
[10,   770] loss: 1.157
[10,   780] loss: 1.146
[10,   790] loss: 1.129
[10,   800] loss: 1.003
[11,    10] loss: 1.057
[11,    20] loss: 1.102
[11,    30] loss: 1.222
[11,    40] loss: 1.079
[11,    50] loss: 1.112
[11,    60] loss: 0.988
[11,    70] loss: 1.140
[11,    80] loss: 1.147
[11,    90] loss: 1.044
[11,   100] loss: 1.093
[11,   110] loss: 1.128
[11,   120] loss: 1.118
[11,   130] loss: 1.054
[11,   140] loss: 1.111
[11,   150] loss: 1.017
[11,   160] loss: 1.187
[11,   170] loss: 1.074
[11,   180] loss: 1.100
[11,   190] loss: 1.095
[11,   200] loss: 1.103
[11,   210] loss: 1.043
[11,   220] loss: 1.051
[11,   230] loss: 1.110
[11,   240] loss: 1.149
[11,   250] loss: 0.992
[11,   260] loss: 1.030
[11,   270] loss: 1.307
[11,   280] loss: 1.091
[11,   290] loss: 1.145
[11,   300] loss: 1.063
[11,   310] loss: 1.104
[11,   320] loss: 1.045
[11,   330] loss: 1.153
[11,   340] loss: 1.125
[11,   350] loss: 1.020
[11,   360] loss: 1.046
[11,   370] loss: 1.112
[11,   380] loss: 1.143
[11,   390] loss: 1.035
[11,   400] loss: 1.129
[11,   410] loss: 1.202
[11,   420] loss: 1.069
[11,   430] loss: 1.102
[11,   440] loss: 1.025
[11,   450] loss: 1.056
[11,   460] loss: 1.033
[11,   470] loss: 1.090
[11,   480] loss: 0.959
[11,   490] loss: 0.956
[11,   500] loss: 1.145
[11,   510] loss: 1.077
[11,   520] loss: 1.059
[11,   530] loss: 1.182
[11,   540] loss: 1.052
[11,   550] loss: 1.002
[11,   560] loss: 1.077
[11,   570] loss: 1.064
[11,   580] loss: 1.044
[11,   590] loss: 1.065
[11,   600] loss: 1.070
[11,   610] loss: 1.147
[11,   620] loss: 1.054
[11,   630] loss: 1.015
[11,   640] loss: 1.071
[11,   650] loss: 1.053
[11,   660] loss: 1.091
[11,   670] loss: 1.071
[11,   680] loss: 1.109
[11,   690] loss: 1.090
[11,   700] loss: 1.065
[11,   710] loss: 1.085
[11,   720] loss: 1.126
[11,   730] loss: 1.052
[11,   740] loss: 1.095
[11,   750] loss: 1.053
[11,   760] loss: 1.177
[11,   770] loss: 1.038
[11,   780] loss: 1.030
[11,   790] loss: 1.144
[11,   800] loss: 1.109
[12,    10] loss: 1.081
[12,    20] loss: 1.058
[12,    30] loss: 0.997
[12,    40] loss: 0.984
[12,    50] loss: 1.024
[12,    60] loss: 1.064
[12,    70] loss: 1.159
[12,    80] loss: 1.058
[12,    90] loss: 1.054
[12,   100] loss: 0.962
[12,   110] loss: 1.035
[12,   120] loss: 1.093
[12,   130] loss: 1.085
[12,   140] loss: 0.979
[12,   150] loss: 1.096
[12,   160] loss: 1.037
[12,   170] loss: 1.012
[12,   180] loss: 1.002
[12,   190] loss: 1.095
[12,   200] loss: 1.061
[12,   210] loss: 1.031
[12,   220] loss: 1.054
[12,   230] loss: 1.024
[12,   240] loss: 1.035
[12,   250] loss: 1.115
[12,   260] loss: 1.040
[12,   270] loss: 1.019
[12,   280] loss: 1.064
[12,   290] loss: 1.059
[12,   300] loss: 1.047
[12,   310] loss: 1.054
[12,   320] loss: 1.038
[12,   330] loss: 1.114
[12,   340] loss: 1.017
[12,   350] loss: 1.143
[12,   360] loss: 1.013
[12,   370] loss: 1.058
[12,   380] loss: 0.975
[12,   390] loss: 0.993
[12,   400] loss: 1.071
[12,   410] loss: 1.076
[12,   420] loss: 1.101
[12,   430] loss: 1.013
[12,   440] loss: 1.073
[12,   450] loss: 1.148
[12,   460] loss: 1.022
[12,   470] loss: 1.061
[12,   480] loss: 1.010
[12,   490] loss: 1.048
[12,   500] loss: 1.052
[12,   510] loss: 1.101
[12,   520] loss: 1.061
[12,   530] loss: 1.115
[12,   540] loss: 1.012
[12,   550] loss: 1.107
[12,   560] loss: 1.022
[12,   570] loss: 1.055
[12,   580] loss: 1.027
[12,   590] loss: 1.108
[12,   600] loss: 1.028
[12,   610] loss: 1.138
[12,   620] loss: 1.174
[12,   630] loss: 1.230
[12,   640] loss: 1.108
[12,   650] loss: 1.039
[12,   660] loss: 1.078
[12,   670] loss: 1.103
[12,   680] loss: 1.016
[12,   690] loss: 1.095
[12,   700] loss: 1.064
[12,   710] loss: 1.204
[12,   720] loss: 1.038
[12,   730] loss: 1.049
[12,   740] loss: 1.039
[12,   750] loss: 1.135
[12,   760] loss: 1.092
[12,   770] loss: 1.094
[12,   780] loss: 1.084
[12,   790] loss: 1.042
[12,   800] loss: 1.065
[13,    10] loss: 1.087
[13,    20] loss: 1.154
[13,    30] loss: 1.068
[13,    40] loss: 1.095
[13,    50] loss: 0.990
[13,    60] loss: 1.073
[13,    70] loss: 1.095
[13,    80] loss: 1.047
[13,    90] loss: 1.022
[13,   100] loss: 1.028
[13,   110] loss: 0.966
[13,   120] loss: 0.980
[13,   130] loss: 1.027
[13,   140] loss: 1.037
[13,   150] loss: 1.002
[13,   160] loss: 1.077
[13,   170] loss: 1.087
[13,   180] loss: 1.064
[13,   190] loss: 1.038
[13,   200] loss: 1.001
[13,   210] loss: 1.083
[13,   220] loss: 1.087
[13,   230] loss: 1.115
[13,   240] loss: 1.167
[13,   250] loss: 1.043
[13,   260] loss: 1.014
[13,   270] loss: 1.155
[13,   280] loss: 1.004
[13,   290] loss: 1.101
[13,   300] loss: 0.924
[13,   310] loss: 1.049
[13,   320] loss: 1.130
[13,   330] loss: 1.092
[13,   340] loss: 1.096
[13,   350] loss: 1.109
[13,   360] loss: 0.978
[13,   370] loss: 1.117
[13,   380] loss: 0.976
[13,   390] loss: 1.008
[13,   400] loss: 1.052
[13,   410] loss: 1.125
[13,   420] loss: 1.018
[13,   430] loss: 1.115
[13,   440] loss: 1.092
[13,   450] loss: 1.201
[13,   460] loss: 0.935
[13,   470] loss: 1.094
[13,   480] loss: 0.998
[13,   490] loss: 1.026
[13,   500] loss: 1.085
[13,   510] loss: 1.108
[13,   520] loss: 1.110
[13,   530] loss: 1.130
[13,   540] loss: 1.174
[13,   550] loss: 1.048
[13,   560] loss: 1.046
[13,   570] loss: 1.132
[13,   580] loss: 1.134
[13,   590] loss: 1.159
[13,   600] loss: 1.084
[13,   610] loss: 1.009
[13,   620] loss: 1.039
[13,   630] loss: 0.972
[13,   640] loss: 1.029
[13,   650] loss: 1.022
[13,   660] loss: 1.070
[13,   670] loss: 1.006
[13,   680] loss: 1.081
[13,   690] loss: 1.085
[13,   700] loss: 1.081
[13,   710] loss: 0.992
[13,   720] loss: 1.043
[13,   730] loss: 1.072
[13,   740] loss: 1.050
[13,   750] loss: 1.060
[13,   760] loss: 1.140
[13,   770] loss: 1.031
[13,   780] loss: 1.049
[13,   790] loss: 1.036
[13,   800] loss: 0.961
[14,    10] loss: 1.077
[14,    20] loss: 1.037
[14,    30] loss: 1.043
[14,    40] loss: 1.011
[14,    50] loss: 1.074
[14,    60] loss: 0.980
[14,    70] loss: 1.079
[14,    80] loss: 1.031
[14,    90] loss: 1.026
[14,   100] loss: 1.099
[14,   110] loss: 1.030
[14,   120] loss: 0.973
[14,   130] loss: 1.091
[14,   140] loss: 1.099
[14,   150] loss: 1.095
[14,   160] loss: 0.983
[14,   170] loss: 1.001
[14,   180] loss: 0.986
[14,   190] loss: 1.077
[14,   200] loss: 1.069
[14,   210] loss: 1.063
[14,   220] loss: 1.029
[14,   230] loss: 0.991
[14,   240] loss: 1.118
[14,   250] loss: 1.073
[14,   260] loss: 0.965
[14,   270] loss: 0.917
[14,   280] loss: 1.087
[14,   290] loss: 0.984
[14,   300] loss: 1.009
[14,   310] loss: 0.962
[14,   320] loss: 1.004
[14,   330] loss: 0.962
[14,   340] loss: 1.020
[14,   350] loss: 1.009
[14,   360] loss: 1.038
[14,   370] loss: 1.084
[14,   380] loss: 1.117
[14,   390] loss: 1.028
[14,   400] loss: 1.058
[14,   410] loss: 1.080
[14,   420] loss: 1.116
[14,   430] loss: 1.056
[14,   440] loss: 1.201
[14,   450] loss: 1.056
[14,   460] loss: 1.069
[14,   470] loss: 1.062
[14,   480] loss: 0.991
[14,   490] loss: 0.939
[14,   500] loss: 1.093
[14,   510] loss: 1.023
[14,   520] loss: 0.997
[14,   530] loss: 1.010
[14,   540] loss: 1.007
[14,   550] loss: 1.043
[14,   560] loss: 1.042
[14,   570] loss: 1.073
[14,   580] loss: 1.117
[14,   590] loss: 0.964
[14,   600] loss: 1.053
[14,   610] loss: 1.071
[14,   620] loss: 1.092
[14,   630] loss: 0.953
[14,   640] loss: 1.074
[14,   650] loss: 0.950
[14,   660] loss: 1.006
[14,   670] loss: 1.002
[14,   680] loss: 0.923
[14,   690] loss: 0.992
[14,   700] loss: 0.915
[14,   710] loss: 1.023
[14,   720] loss: 1.009
[14,   730] loss: 1.053
[14,   740] loss: 1.099
[14,   750] loss: 1.039
[14,   760] loss: 1.017
[14,   770] loss: 1.053
[14,   780] loss: 0.993
[14,   790] loss: 1.058
[14,   800] loss: 1.093
[15,    10] loss: 1.126
[15,    20] loss: 1.043
[15,    30] loss: 1.031
[15,    40] loss: 1.009
[15,    50] loss: 1.054
[15,    60] loss: 0.929
[15,    70] loss: 1.092
[15,    80] loss: 1.052
[15,    90] loss: 1.031
[15,   100] loss: 1.089
[15,   110] loss: 1.094
[15,   120] loss: 1.137
[15,   130] loss: 1.063
[15,   140] loss: 1.097
[15,   150] loss: 1.034
[15,   160] loss: 0.991
[15,   170] loss: 1.116
[15,   180] loss: 1.023
[15,   190] loss: 1.061
[15,   200] loss: 1.001
[15,   210] loss: 1.026
[15,   220] loss: 1.028
[15,   230] loss: 1.056
[15,   240] loss: 1.092
[15,   250] loss: 1.109
[15,   260] loss: 1.037
[15,   270] loss: 0.909
[15,   280] loss: 0.993
[15,   290] loss: 0.984
[15,   300] loss: 1.019
[15,   310] loss: 0.990
[15,   320] loss: 1.061
[15,   330] loss: 0.977
[15,   340] loss: 0.931
[15,   350] loss: 1.003
[15,   360] loss: 1.036
[15,   370] loss: 0.922
[15,   380] loss: 0.946
[15,   390] loss: 1.036
[15,   400] loss: 1.044
[15,   410] loss: 1.043
[15,   420] loss: 1.149
[15,   430] loss: 1.008
[15,   440] loss: 1.048
[15,   450] loss: 1.035
[15,   460] loss: 1.046
[15,   470] loss: 0.997
[15,   480] loss: 1.070
[15,   490] loss: 1.011
[15,   500] loss: 1.019
[15,   510] loss: 1.053
[15,   520] loss: 0.981
[15,   530] loss: 1.103
[15,   540] loss: 1.056
[15,   550] loss: 1.012
[15,   560] loss: 1.029
[15,   570] loss: 1.102
[15,   580] loss: 1.026
[15,   590] loss: 1.088
[15,   600] loss: 1.123
[15,   610] loss: 1.046
[15,   620] loss: 1.065
[15,   630] loss: 1.079
[15,   640] loss: 0.994
[15,   650] loss: 1.007
[15,   660] loss: 1.102
[15,   670] loss: 1.027
[15,   680] loss: 0.946
[15,   690] loss: 0.979
[15,   700] loss: 0.999
[15,   710] loss: 0.966
[15,   720] loss: 1.110
[15,   730] loss: 1.063
[15,   740] loss: 1.036
[15,   750] loss: 0.992
[15,   760] loss: 1.058
[15,   770] loss: 0.949
[15,   780] loss: 1.005
[15,   790] loss: 1.079
[15,   800] loss: 1.043
[16,    10] loss: 1.043
[16,    20] loss: 1.116
[16,    30] loss: 1.025
[16,    40] loss: 1.030
[16,    50] loss: 0.944
[16,    60] loss: 0.986
[16,    70] loss: 0.989
[16,    80] loss: 1.043
[16,    90] loss: 0.951
[16,   100] loss: 1.040
[16,   110] loss: 0.962
[16,   120] loss: 1.016
[16,   130] loss: 0.986
[16,   140] loss: 1.005
[16,   150] loss: 1.062
[16,   160] loss: 0.969
[16,   170] loss: 0.915
[16,   180] loss: 1.038
[16,   190] loss: 1.022
[16,   200] loss: 1.018
[16,   210] loss: 1.075
[16,   220] loss: 1.005
[16,   230] loss: 1.058
[16,   240] loss: 0.986
[16,   250] loss: 1.093
[16,   260] loss: 0.962
[16,   270] loss: 0.978
[16,   280] loss: 0.960
[16,   290] loss: 0.953
[16,   300] loss: 1.071
[16,   310] loss: 1.117
[16,   320] loss: 1.077
[16,   330] loss: 1.006
[16,   340] loss: 1.010
[16,   350] loss: 1.075
[16,   360] loss: 1.011
[16,   370] loss: 1.023
[16,   380] loss: 1.158
[16,   390] loss: 1.070
[16,   400] loss: 0.883
[16,   410] loss: 0.993
[16,   420] loss: 1.003
[16,   430] loss: 0.972
[16,   440] loss: 0.896
[16,   450] loss: 0.973
[16,   460] loss: 0.961
[16,   470] loss: 1.048
[16,   480] loss: 1.041
[16,   490] loss: 0.977
[16,   500] loss: 0.978
[16,   510] loss: 1.007
[16,   520] loss: 1.067
[16,   530] loss: 1.048
[16,   540] loss: 0.998
[16,   550] loss: 1.015
[16,   560] loss: 0.972
[16,   570] loss: 0.968
[16,   580] loss: 1.019
[16,   590] loss: 1.069
[16,   600] loss: 0.967
[16,   610] loss: 0.977
[16,   620] loss: 0.972
[16,   630] loss: 0.988
[16,   640] loss: 1.023
[16,   650] loss: 0.971
[16,   660] loss: 1.000
[16,   670] loss: 0.959
[16,   680] loss: 0.890
[16,   690] loss: 0.963
[16,   700] loss: 1.019
[16,   710] loss: 1.069
[16,   720] loss: 0.997
[16,   730] loss: 1.066
[16,   740] loss: 1.071
[16,   750] loss: 1.066
[16,   760] loss: 1.029
[16,   770] loss: 0.984
[16,   780] loss: 0.948
[16,   790] loss: 1.113
[16,   800] loss: 0.877
[17,    10] loss: 1.022
[17,    20] loss: 1.088
[17,    30] loss: 1.112
[17,    40] loss: 1.141
[17,    50] loss: 0.961
[17,    60] loss: 0.957
[17,    70] loss: 1.055
[17,    80] loss: 1.025
[17,    90] loss: 1.112
[17,   100] loss: 1.018
[17,   110] loss: 1.019
[17,   120] loss: 1.071
[17,   130] loss: 0.993
[17,   140] loss: 0.992
[17,   150] loss: 1.015
[17,   160] loss: 1.009
[17,   170] loss: 1.008
[17,   180] loss: 0.917
[17,   190] loss: 0.975
[17,   200] loss: 0.980
[17,   210] loss: 1.007
[17,   220] loss: 1.040
[17,   230] loss: 0.922
[17,   240] loss: 1.068
[17,   250] loss: 1.041
[17,   260] loss: 0.995
[17,   270] loss: 1.093
[17,   280] loss: 1.047
[17,   290] loss: 1.039
[17,   300] loss: 1.004
[17,   310] loss: 1.050
[17,   320] loss: 1.008
[17,   330] loss: 0.996
[17,   340] loss: 1.024
[17,   350] loss: 0.993
[17,   360] loss: 0.943
[17,   370] loss: 0.987
[17,   380] loss: 1.035
[17,   390] loss: 1.098
[17,   400] loss: 0.997
[17,   410] loss: 0.983
[17,   420] loss: 1.031
[17,   430] loss: 1.035
[17,   440] loss: 1.104
[17,   450] loss: 1.180
[17,   460] loss: 1.100
[17,   470] loss: 1.045
[17,   480] loss: 1.185
[17,   490] loss: 0.963
[17,   500] loss: 1.153
[17,   510] loss: 1.022
[17,   520] loss: 0.969
[17,   530] loss: 1.085
[17,   540] loss: 1.052
[17,   550] loss: 0.980
[17,   560] loss: 1.034
[17,   570] loss: 0.981
[17,   580] loss: 1.059
[17,   590] loss: 1.037
[17,   600] loss: 1.021
[17,   610] loss: 0.949
[17,   620] loss: 0.955
[17,   630] loss: 0.999
[17,   640] loss: 0.947
[17,   650] loss: 1.039
[17,   660] loss: 1.086
[17,   670] loss: 1.017
[17,   680] loss: 0.990
[17,   690] loss: 0.929
[17,   700] loss: 1.065
[17,   710] loss: 1.012
[17,   720] loss: 1.014
[17,   730] loss: 0.964
[17,   740] loss: 0.977
[17,   750] loss: 0.999
[17,   760] loss: 1.015
[17,   770] loss: 0.989
[17,   780] loss: 0.939
[17,   790] loss: 0.944
[17,   800] loss: 0.922
[18,    10] loss: 0.967
[18,    20] loss: 1.122
[18,    30] loss: 0.986
[18,    40] loss: 0.980
[18,    50] loss: 1.025
[18,    60] loss: 0.999
[18,    70] loss: 0.984
[18,    80] loss: 1.013
[18,    90] loss: 1.029
[18,   100] loss: 1.050
[18,   110] loss: 0.985
[18,   120] loss: 0.976
[18,   130] loss: 0.997
[18,   140] loss: 0.979
[18,   150] loss: 1.041
[18,   160] loss: 0.945
[18,   170] loss: 1.013
[18,   180] loss: 0.920
[18,   190] loss: 0.941
[18,   200] loss: 1.033
[18,   210] loss: 1.007
[18,   220] loss: 1.030
[18,   230] loss: 1.004
[18,   240] loss: 1.024
[18,   250] loss: 0.947
[18,   260] loss: 0.982
[18,   270] loss: 0.916
[18,   280] loss: 0.999
[18,   290] loss: 1.014
[18,   300] loss: 1.037
[18,   310] loss: 0.971
[18,   320] loss: 0.991
[18,   330] loss: 0.924
[18,   340] loss: 0.971
[18,   350] loss: 1.024
[18,   360] loss: 1.000
[18,   370] loss: 1.011
[18,   380] loss: 0.971
[18,   390] loss: 0.876
[18,   400] loss: 0.958
[18,   410] loss: 0.982
[18,   420] loss: 0.881
[18,   430] loss: 0.967
[18,   440] loss: 1.028
[18,   450] loss: 0.903
[18,   460] loss: 0.940
[18,   470] loss: 0.932
[18,   480] loss: 0.915
[18,   490] loss: 1.019
[18,   500] loss: 0.961
[18,   510] loss: 1.023
[18,   520] loss: 0.933
[18,   530] loss: 1.065
[18,   540] loss: 0.972
[18,   550] loss: 0.975
[18,   560] loss: 1.016
[18,   570] loss: 0.902
[18,   580] loss: 0.990
[18,   590] loss: 0.916
[18,   600] loss: 0.899
[18,   610] loss: 0.985
[18,   620] loss: 0.908
[18,   630] loss: 0.992
[18,   640] loss: 0.974
[18,   650] loss: 0.976
[18,   660] loss: 0.991
[18,   670] loss: 1.002
[18,   680] loss: 1.008
[18,   690] loss: 0.999
[18,   700] loss: 1.036
[18,   710] loss: 1.087
[18,   720] loss: 1.033
[18,   730] loss: 1.060
[18,   740] loss: 1.102
[18,   750] loss: 1.043
[18,   760] loss: 1.090
[18,   770] loss: 0.962
[18,   780] loss: 0.858
[18,   790] loss: 0.970
[18,   800] loss: 1.018
[19,    10] loss: 1.198
[19,    20] loss: 1.157
[19,    30] loss: 1.136
[19,    40] loss: 1.079
[19,    50] loss: 1.121
[19,    60] loss: 1.055
[19,    70] loss: 1.058
[19,    80] loss: 1.011
[19,    90] loss: 0.974
[19,   100] loss: 0.954
[19,   110] loss: 0.895
[19,   120] loss: 0.995
[19,   130] loss: 0.965
[19,   140] loss: 0.991
[19,   150] loss: 0.981
[19,   160] loss: 1.017
[19,   170] loss: 1.026
[19,   180] loss: 0.952
[19,   190] loss: 0.984
[19,   200] loss: 0.971
[19,   210] loss: 1.086
[19,   220] loss: 0.973
[19,   230] loss: 0.957
[19,   240] loss: 0.930
[19,   250] loss: 1.013
[19,   260] loss: 1.010
[19,   270] loss: 0.946
[19,   280] loss: 1.065
[19,   290] loss: 0.964
[19,   300] loss: 0.983
[19,   310] loss: 0.882
[19,   320] loss: 1.018
[19,   330] loss: 0.946
[19,   340] loss: 1.012
[19,   350] loss: 1.007
[19,   360] loss: 0.893
[19,   370] loss: 0.918
[19,   380] loss: 0.994
[19,   390] loss: 0.866
[19,   400] loss: 0.996
[19,   410] loss: 0.984
[19,   420] loss: 0.977
[19,   430] loss: 0.833
[19,   440] loss: 0.883
[19,   450] loss: 1.036
[19,   460] loss: 0.971
[19,   470] loss: 1.052
[19,   480] loss: 1.065
[19,   490] loss: 1.066
[19,   500] loss: 0.997
[19,   510] loss: 0.990
[19,   520] loss: 1.088
[19,   530] loss: 1.044
[19,   540] loss: 1.017
[19,   550] loss: 0.956
[19,   560] loss: 0.957
[19,   570] loss: 1.055
[19,   580] loss: 1.136
[19,   590] loss: 1.046
[19,   600] loss: 1.055
[19,   610] loss: 1.047
[19,   620] loss: 1.091
[19,   630] loss: 1.003
[19,   640] loss: 1.022
[19,   650] loss: 0.979
[19,   660] loss: 0.931
[19,   670] loss: 0.994
[19,   680] loss: 1.012
[19,   690] loss: 0.943
[19,   700] loss: 1.006
[19,   710] loss: 1.022
[19,   720] loss: 0.968
[19,   730] loss: 1.031
[19,   740] loss: 1.041
[19,   750] loss: 0.974
[19,   760] loss: 0.889
[19,   770] loss: 1.007
[19,   780] loss: 0.979
[19,   790] loss: 0.883
[19,   800] loss: 1.117
[20,    10] loss: 1.064
[20,    20] loss: 1.102
[20,    30] loss: 1.038
[20,    40] loss: 0.955
[20,    50] loss: 1.012
[20,    60] loss: 0.939
[20,    70] loss: 1.013
[20,    80] loss: 0.910
[20,    90] loss: 1.011
[20,   100] loss: 1.019
[20,   110] loss: 0.901
[20,   120] loss: 1.056
[20,   130] loss: 0.940
[20,   140] loss: 1.025
[20,   150] loss: 0.982
[20,   160] loss: 1.039
[20,   170] loss: 1.068
[20,   180] loss: 0.933
[20,   190] loss: 0.990
[20,   200] loss: 0.901
[20,   210] loss: 0.991
[20,   220] loss: 1.195
[20,   230] loss: 0.929
[20,   240] loss: 1.061
[20,   250] loss: 1.007
[20,   260] loss: 0.966
[20,   270] loss: 1.082
[20,   280] loss: 0.987
[20,   290] loss: 1.058
[20,   300] loss: 1.019
[20,   310] loss: 1.094
[20,   320] loss: 1.160
[20,   330] loss: 1.040
[20,   340] loss: 0.960
[20,   350] loss: 0.940
[20,   360] loss: 1.023
[20,   370] loss: 1.001
[20,   380] loss: 0.887
[20,   390] loss: 0.900
[20,   400] loss: 1.018
[20,   410] loss: 0.977
[20,   420] loss: 0.999
[20,   430] loss: 0.974
[20,   440] loss: 0.912
[20,   450] loss: 1.071
[20,   460] loss: 1.015
[20,   470] loss: 1.124
[20,   480] loss: 0.963
[20,   490] loss: 1.066
[20,   500] loss: 1.001
[20,   510] loss: 1.012
[20,   520] loss: 0.849
[20,   530] loss: 0.935
[20,   540] loss: 1.062
[20,   550] loss: 0.888
[20,   560] loss: 1.019
[20,   570] loss: 0.941
[20,   580] loss: 0.931
[20,   590] loss: 1.041
[20,   600] loss: 0.988
[20,   610] loss: 0.978
[20,   620] loss: 1.009
[20,   630] loss: 0.978
[20,   640] loss: 0.930
[20,   650] loss: 0.920
[20,   660] loss: 0.915
[20,   670] loss: 0.984
[20,   680] loss: 0.959
[20,   690] loss: 0.951
[20,   700] loss: 1.003
[20,   710] loss: 0.968
[20,   720] loss: 0.854
[20,   730] loss: 0.944
[20,   740] loss: 1.031
[20,   750] loss: 0.893
[20,   760] loss: 0.961
[20,   770] loss: 1.010
[20,   780] loss: 0.998
[20,   790] loss: 0.982
[20,   800] loss: 0.921
[21,    10] loss: 0.945
[21,    20] loss: 1.055
[21,    30] loss: 1.076
[21,    40] loss: 1.029
[21,    50] loss: 0.945
[21,    60] loss: 0.928
[21,    70] loss: 0.987
[21,    80] loss: 0.929
[21,    90] loss: 1.065
[21,   100] loss: 1.139
[21,   110] loss: 0.936
[21,   120] loss: 1.130
[21,   130] loss: 1.089
[21,   140] loss: 0.927
[21,   150] loss: 1.087
[21,   160] loss: 1.047
[21,   170] loss: 1.062
[21,   180] loss: 1.055
[21,   190] loss: 1.146
[21,   200] loss: 0.940
[21,   210] loss: 0.940
[21,   220] loss: 1.087
[21,   230] loss: 0.934
[21,   240] loss: 0.911
[21,   250] loss: 0.934
[21,   260] loss: 0.966
[21,   270] loss: 0.949
[21,   280] loss: 1.036
[21,   290] loss: 1.096
[21,   300] loss: 1.030
[21,   310] loss: 1.038
[21,   320] loss: 0.968
[21,   330] loss: 0.962
[21,   340] loss: 0.998
[21,   350] loss: 0.908
[21,   360] loss: 1.060
[21,   370] loss: 0.920
[21,   380] loss: 0.929
[21,   390] loss: 0.959
[21,   400] loss: 1.033
[21,   410] loss: 1.020
[21,   420] loss: 0.933
[21,   430] loss: 0.943
[21,   440] loss: 0.990
[21,   450] loss: 1.016
[21,   460] loss: 0.904
[21,   470] loss: 1.019
[21,   480] loss: 0.935
[21,   490] loss: 1.004
[21,   500] loss: 0.920
[21,   510] loss: 0.951
[21,   520] loss: 0.960
[21,   530] loss: 0.962
[21,   540] loss: 0.999
[21,   550] loss: 0.926
[21,   560] loss: 0.930
[21,   570] loss: 1.121
[21,   580] loss: 1.002
[21,   590] loss: 1.041
[21,   600] loss: 1.086
[21,   610] loss: 0.957
[21,   620] loss: 0.986
[21,   630] loss: 0.950
[21,   640] loss: 0.955
[21,   650] loss: 1.012
[21,   660] loss: 0.976
[21,   670] loss: 1.003
[21,   680] loss: 1.008
[21,   690] loss: 0.910
[21,   700] loss: 0.968
[21,   710] loss: 0.955
[21,   720] loss: 0.950
[21,   730] loss: 1.005
[21,   740] loss: 0.919
[21,   750] loss: 0.917
[21,   760] loss: 1.022
[21,   770] loss: 1.008
[21,   780] loss: 0.985
[21,   790] loss: 1.048
[21,   800] loss: 1.033
[22,    10] loss: 0.990
[22,    20] loss: 1.049
[22,    30] loss: 1.119
[22,    40] loss: 1.090
[22,    50] loss: 1.006
[22,    60] loss: 1.089
[22,    70] loss: 1.143
[22,    80] loss: 1.070
[22,    90] loss: 1.008
[22,   100] loss: 0.921
[22,   110] loss: 1.011
[22,   120] loss: 1.020
[22,   130] loss: 0.980
[22,   140] loss: 1.004
[22,   150] loss: 0.977
[22,   160] loss: 1.019
[22,   170] loss: 1.034
[22,   180] loss: 0.893
[22,   190] loss: 0.911
[22,   200] loss: 1.001
[22,   210] loss: 0.971
[22,   220] loss: 0.898
[22,   230] loss: 0.961
[22,   240] loss: 0.998
[22,   250] loss: 1.153
[22,   260] loss: 0.965
[22,   270] loss: 0.990
[22,   280] loss: 1.073
[22,   290] loss: 1.018
[22,   300] loss: 1.045
[22,   310] loss: 0.959
[22,   320] loss: 0.894
[22,   330] loss: 0.976
[22,   340] loss: 0.925
[22,   350] loss: 0.950
[22,   360] loss: 0.959
[22,   370] loss: 1.062
[22,   380] loss: 0.956
[22,   390] loss: 0.975
[22,   400] loss: 1.100
[22,   410] loss: 0.930
[22,   420] loss: 0.889
[22,   430] loss: 0.948
[22,   440] loss: 1.017
[22,   450] loss: 0.927
[22,   460] loss: 0.882
[22,   470] loss: 1.053
[22,   480] loss: 0.994
[22,   490] loss: 0.890
[22,   500] loss: 1.071
[22,   510] loss: 1.153
[22,   520] loss: 1.085
[22,   530] loss: 1.061
[22,   540] loss: 1.001
[22,   550] loss: 1.042
[22,   560] loss: 1.013
[22,   570] loss: 0.999
[22,   580] loss: 0.980
[22,   590] loss: 1.055
[22,   600] loss: 1.011
[22,   610] loss: 0.871
[22,   620] loss: 0.987
[22,   630] loss: 0.967
[22,   640] loss: 0.891
[22,   650] loss: 1.100
[22,   660] loss: 1.008
[22,   670] loss: 0.953
[22,   680] loss: 0.949
[22,   690] loss: 1.033
[22,   700] loss: 0.929
[22,   710] loss: 0.927
[22,   720] loss: 1.037
[22,   730] loss: 1.067
[22,   740] loss: 0.986
[22,   750] loss: 0.965
[22,   760] loss: 1.031
[22,   770] loss: 0.988
[22,   780] loss: 0.986
[22,   790] loss: 0.975
[22,   800] loss: 1.009
[23,    10] loss: 1.023
[23,    20] loss: 0.962
[23,    30] loss: 1.002
[23,    40] loss: 1.004
[23,    50] loss: 0.981
[23,    60] loss: 0.914
[23,    70] loss: 0.938
[23,    80] loss: 0.926
[23,    90] loss: 0.932
[23,   100] loss: 0.946
[23,   110] loss: 0.929
[23,   120] loss: 1.038
[23,   130] loss: 0.992
[23,   140] loss: 1.022
[23,   150] loss: 0.964
[23,   160] loss: 0.923
[23,   170] loss: 1.086
[23,   180] loss: 1.021
[23,   190] loss: 1.017
[23,   200] loss: 1.011
[23,   210] loss: 0.942
[23,   220] loss: 0.983
[23,   230] loss: 0.930
[23,   240] loss: 0.876
[23,   250] loss: 0.983
[23,   260] loss: 1.018
[23,   270] loss: 0.994
[23,   280] loss: 1.057
[23,   290] loss: 0.943
[23,   300] loss: 0.998
[23,   310] loss: 1.068
[23,   320] loss: 0.991
[23,   330] loss: 1.009
[23,   340] loss: 0.998
[23,   350] loss: 0.969
[23,   360] loss: 0.946
[23,   370] loss: 0.897
[23,   380] loss: 0.868
[23,   390] loss: 0.899
[23,   400] loss: 0.844
[23,   410] loss: 0.919
[23,   420] loss: 0.954
[23,   430] loss: 0.969
[23,   440] loss: 1.002
[23,   450] loss: 0.930
[23,   460] loss: 1.032
[23,   470] loss: 0.984
[23,   480] loss: 0.969
[23,   490] loss: 1.043
[23,   500] loss: 0.968
[23,   510] loss: 0.993
[23,   520] loss: 0.937
[23,   530] loss: 0.921
[23,   540] loss: 1.045
[23,   550] loss: 0.981
[23,   560] loss: 0.970
[23,   570] loss: 1.021
[23,   580] loss: 1.038
[23,   590] loss: 0.961
[23,   600] loss: 0.893
[23,   610] loss: 1.003
[23,   620] loss: 1.052
[23,   630] loss: 0.985
[23,   640] loss: 0.958
[23,   650] loss: 0.978
[23,   660] loss: 1.081
[23,   670] loss: 0.979
[23,   680] loss: 0.922
[23,   690] loss: 0.985
[23,   700] loss: 0.967
[23,   710] loss: 0.968
[23,   720] loss: 1.030
[23,   730] loss: 1.001
[23,   740] loss: 0.934
[23,   750] loss: 1.046
[23,   760] loss: 1.022
[23,   770] loss: 0.977
[23,   780] loss: 0.970
[23,   790] loss: 0.895
[23,   800] loss: 0.972
[24,    10] loss: 0.936
[24,    20] loss: 1.064
[24,    30] loss: 0.936
[24,    40] loss: 0.964
[24,    50] loss: 1.048
[24,    60] loss: 1.008
[24,    70] loss: 0.942
[24,    80] loss: 0.910
[24,    90] loss: 1.067
[24,   100] loss: 0.954
[24,   110] loss: 0.929
[24,   120] loss: 0.962
[24,   130] loss: 0.949
[24,   140] loss: 1.020
[24,   150] loss: 0.953
[24,   160] loss: 0.983
[24,   170] loss: 0.962
[24,   180] loss: 1.070
[24,   190] loss: 0.990
[24,   200] loss: 0.973
[24,   210] loss: 1.045
[24,   220] loss: 0.991
[24,   230] loss: 1.005
[24,   240] loss: 0.956
[24,   250] loss: 1.065
[24,   260] loss: 0.988
[24,   270] loss: 0.948
[24,   280] loss: 0.965
[24,   290] loss: 0.928
[24,   300] loss: 0.887
[24,   310] loss: 0.951
[24,   320] loss: 0.993
[24,   330] loss: 0.991
[24,   340] loss: 1.072
[24,   350] loss: 0.980
[24,   360] loss: 0.913
[24,   370] loss: 1.013
[24,   380] loss: 0.967
[24,   390] loss: 0.958
[24,   400] loss: 0.964
[24,   410] loss: 0.947
[24,   420] loss: 1.001
[24,   430] loss: 0.930
[24,   440] loss: 1.008
[24,   450] loss: 0.862
[24,   460] loss: 1.037
[24,   470] loss: 0.970
[24,   480] loss: 0.989
[24,   490] loss: 1.066
[24,   500] loss: 1.105
[24,   510] loss: 0.999
[24,   520] loss: 1.051
[24,   530] loss: 0.997
[24,   540] loss: 1.018
[24,   550] loss: 0.990
[24,   560] loss: 0.961
[24,   570] loss: 1.001
[24,   580] loss: 0.971
[24,   590] loss: 1.015
[24,   600] loss: 1.053
[24,   610] loss: 0.920
[24,   620] loss: 0.980
[24,   630] loss: 0.930
[24,   640] loss: 1.033
[24,   650] loss: 0.981
[24,   660] loss: 0.833
[24,   670] loss: 0.973
[24,   680] loss: 1.005
[24,   690] loss: 1.133
[24,   700] loss: 1.036
[24,   710] loss: 0.899
[24,   720] loss: 1.000
[24,   730] loss: 0.951
[24,   740] loss: 0.901
[24,   750] loss: 0.870
[24,   760] loss: 0.895
[24,   770] loss: 0.963
[24,   780] loss: 0.987
[24,   790] loss: 0.959
[24,   800] loss: 1.023
[25,    10] loss: 0.902
[25,    20] loss: 1.005
[25,    30] loss: 1.020
[25,    40] loss: 0.967
[25,    50] loss: 0.992
[25,    60] loss: 0.897
[25,    70] loss: 1.041
[25,    80] loss: 0.968
[25,    90] loss: 1.042
[25,   100] loss: 1.011
[25,   110] loss: 0.891
[25,   120] loss: 1.007
[25,   130] loss: 0.982
[25,   140] loss: 0.919
[25,   150] loss: 0.976
[25,   160] loss: 1.031
[25,   170] loss: 0.822
[25,   180] loss: 0.957
[25,   190] loss: 1.008
[25,   200] loss: 0.906
[25,   210] loss: 0.969
[25,   220] loss: 0.916
[25,   230] loss: 0.938
[25,   240] loss: 0.901
[25,   250] loss: 0.896
[25,   260] loss: 0.911
[25,   270] loss: 0.943
[25,   280] loss: 0.970
[25,   290] loss: 1.041
[25,   300] loss: 1.008
[25,   310] loss: 0.970
[25,   320] loss: 0.972
[25,   330] loss: 0.961
[25,   340] loss: 1.020
[25,   350] loss: 0.936
[25,   360] loss: 0.981
[25,   370] loss: 1.059
[25,   380] loss: 0.882
[25,   390] loss: 0.914
[25,   400] loss: 0.940
[25,   410] loss: 1.064
[25,   420] loss: 1.060
[25,   430] loss: 1.083
[25,   440] loss: 1.000
[25,   450] loss: 1.067
[25,   460] loss: 0.959
[25,   470] loss: 0.959
[25,   480] loss: 1.043
[25,   490] loss: 1.060
[25,   500] loss: 1.054
[25,   510] loss: 1.023
[25,   520] loss: 1.017
[25,   530] loss: 1.002
[25,   540] loss: 1.043
[25,   550] loss: 1.017
[25,   560] loss: 0.930
[25,   570] loss: 1.041
[25,   580] loss: 0.912
[25,   590] loss: 0.985
[25,   600] loss: 0.928
[25,   610] loss: 0.930
[25,   620] loss: 0.971
[25,   630] loss: 0.916
[25,   640] loss: 0.930
[25,   650] loss: 0.930
[25,   660] loss: 1.031
[25,   670] loss: 0.883
[25,   680] loss: 0.897
[25,   690] loss: 1.025
[25,   700] loss: 1.013
[25,   710] loss: 0.894
[25,   720] loss: 0.967
[25,   730] loss: 0.999
[25,   740] loss: 0.868
[25,   750] loss: 0.857
[25,   760] loss: 1.065
[25,   770] loss: 0.921
[25,   780] loss: 0.934
[25,   790] loss: 1.022
[25,   800] loss: 0.916
[26,    10] loss: 0.921
[26,    20] loss: 0.915
[26,    30] loss: 1.048
[26,    40] loss: 1.010
[26,    50] loss: 0.976
[26,    60] loss: 1.012
[26,    70] loss: 0.966
[26,    80] loss: 0.918
[26,    90] loss: 0.910
[26,   100] loss: 0.908
[26,   110] loss: 0.941
[26,   120] loss: 1.016
[26,   130] loss: 0.983
[26,   140] loss: 0.991
[26,   150] loss: 0.933
[26,   160] loss: 0.811
[26,   170] loss: 1.078
[26,   180] loss: 1.013
[26,   190] loss: 1.050
[26,   200] loss: 1.011
[26,   210] loss: 0.895
[26,   220] loss: 0.841
[26,   230] loss: 0.921
[26,   240] loss: 0.950
[26,   250] loss: 0.931
[26,   260] loss: 0.946
[26,   270] loss: 0.982
[26,   280] loss: 0.913
[26,   290] loss: 0.924
[26,   300] loss: 1.018
[26,   310] loss: 1.031
[26,   320] loss: 0.959
[26,   330] loss: 0.978
[26,   340] loss: 1.055
[26,   350] loss: 0.965
[26,   360] loss: 0.962
[26,   370] loss: 0.865
[26,   380] loss: 0.907
[26,   390] loss: 0.937
[26,   400] loss: 0.861
[26,   410] loss: 0.875
[26,   420] loss: 0.953
[26,   430] loss: 1.120
[26,   440] loss: 0.979
[26,   450] loss: 0.820
[26,   460] loss: 0.940
[26,   470] loss: 0.763
[26,   480] loss: 0.975
[26,   490] loss: 0.985
[26,   500] loss: 1.032
[26,   510] loss: 0.855
[26,   520] loss: 0.796
[26,   530] loss: 0.921
[26,   540] loss: 1.033
[26,   550] loss: 1.019
[26,   560] loss: 0.996
[26,   570] loss: 0.908
[26,   580] loss: 0.918
[26,   590] loss: 0.994
[26,   600] loss: 1.011
[26,   610] loss: 0.967
[26,   620] loss: 1.006
[26,   630] loss: 0.954
[26,   640] loss: 0.906
[26,   650] loss: 0.914
[26,   660] loss: 0.976
[26,   670] loss: 0.975
[26,   680] loss: 0.938
[26,   690] loss: 0.924
[26,   700] loss: 0.985
[26,   710] loss: 1.022
[26,   720] loss: 0.982
[26,   730] loss: 1.014
[26,   740] loss: 0.987
[26,   750] loss: 1.011
[26,   760] loss: 1.090
[26,   770] loss: 0.980
[26,   780] loss: 1.004
[26,   790] loss: 0.973
[26,   800] loss: 1.024
[27,    10] loss: 1.028
[27,    20] loss: 1.137
[27,    30] loss: 1.064
[27,    40] loss: 0.973
[27,    50] loss: 1.092
[27,    60] loss: 0.920
[27,    70] loss: 0.943
[27,    80] loss: 1.026
[27,    90] loss: 0.939
[27,   100] loss: 0.913
[27,   110] loss: 0.981
[27,   120] loss: 0.940
[27,   130] loss: 0.971
[27,   140] loss: 0.969
[27,   150] loss: 0.891
[27,   160] loss: 1.013
[27,   170] loss: 0.981
[27,   180] loss: 0.965
[27,   190] loss: 0.947
[27,   200] loss: 0.919
[27,   210] loss: 0.975
[27,   220] loss: 0.893
[27,   230] loss: 1.034
[27,   240] loss: 0.961
[27,   250] loss: 0.952
[27,   260] loss: 0.812
[27,   270] loss: 0.910
[27,   280] loss: 1.037
[27,   290] loss: 0.968
[27,   300] loss: 0.916
[27,   310] loss: 0.899
[27,   320] loss: 1.044
[27,   330] loss: 0.901
[27,   340] loss: 0.875
[27,   350] loss: 0.967
[27,   360] loss: 0.984
[27,   370] loss: 0.924
[27,   380] loss: 0.957
[27,   390] loss: 0.971
[27,   400] loss: 0.963
[27,   410] loss: 0.857
[27,   420] loss: 0.964
[27,   430] loss: 0.933
[27,   440] loss: 0.894
[27,   450] loss: 1.001
[27,   460] loss: 0.924
[27,   470] loss: 0.937
[27,   480] loss: 1.005
[27,   490] loss: 1.052
[27,   500] loss: 1.100
[27,   510] loss: 0.953
[27,   520] loss: 0.975
[27,   530] loss: 0.953
[27,   540] loss: 0.996
[27,   550] loss: 0.969
[27,   560] loss: 0.943
[27,   570] loss: 1.001
[27,   580] loss: 1.030
[27,   590] loss: 0.959
[27,   600] loss: 1.009
[27,   610] loss: 0.879
[27,   620] loss: 1.035
[27,   630] loss: 0.871
[27,   640] loss: 0.891
[27,   650] loss: 1.110
[27,   660] loss: 0.994
[27,   670] loss: 1.040
[27,   680] loss: 0.970
[27,   690] loss: 0.904
[27,   700] loss: 0.965
[27,   710] loss: 0.965
[27,   720] loss: 0.962
[27,   730] loss: 1.065
[27,   740] loss: 0.935
[27,   750] loss: 0.948
[27,   760] loss: 1.115
[27,   770] loss: 0.957
[27,   780] loss: 0.837
[27,   790] loss: 0.991
[27,   800] loss: 0.953
[28,    10] loss: 0.848
[28,    20] loss: 0.953
[28,    30] loss: 0.902
[28,    40] loss: 0.989
[28,    50] loss: 0.984
[28,    60] loss: 1.007
[28,    70] loss: 0.999
[28,    80] loss: 0.946
[28,    90] loss: 1.082
[28,   100] loss: 0.947
[28,   110] loss: 1.001
[28,   120] loss: 0.971
[28,   130] loss: 0.923
[28,   140] loss: 0.951
[28,   150] loss: 0.980
[28,   160] loss: 0.950
[28,   170] loss: 0.980
[28,   180] loss: 0.893
[28,   190] loss: 0.974
[28,   200] loss: 0.965
[28,   210] loss: 0.990
[28,   220] loss: 0.964
[28,   230] loss: 0.989
[28,   240] loss: 0.982
[28,   250] loss: 0.970
[28,   260] loss: 1.063
[28,   270] loss: 0.956
[28,   280] loss: 1.070
[28,   290] loss: 0.902
[28,   300] loss: 1.028
[28,   310] loss: 0.938
[28,   320] loss: 0.971
[28,   330] loss: 0.891
[28,   340] loss: 0.959
[28,   350] loss: 0.886
[28,   360] loss: 0.987
[28,   370] loss: 0.996
[28,   380] loss: 0.921
[28,   390] loss: 0.970
[28,   400] loss: 1.025
[28,   410] loss: 1.045
[28,   420] loss: 1.030
[28,   430] loss: 0.983
[28,   440] loss: 1.003
[28,   450] loss: 0.994
[28,   460] loss: 0.981
[28,   470] loss: 0.936
[28,   480] loss: 0.928
[28,   490] loss: 0.942
[28,   500] loss: 0.983
[28,   510] loss: 0.980
[28,   520] loss: 1.003
[28,   530] loss: 0.944
[28,   540] loss: 0.941
[28,   550] loss: 0.947
[28,   560] loss: 0.885
[28,   570] loss: 0.966
[28,   580] loss: 0.958
[28,   590] loss: 1.137
[28,   600] loss: 0.902
[28,   610] loss: 1.028
[28,   620] loss: 0.884
[28,   630] loss: 1.038
[28,   640] loss: 0.915
[28,   650] loss: 0.878
[28,   660] loss: 1.017
[28,   670] loss: 1.065
[28,   680] loss: 0.982
[28,   690] loss: 0.914
[28,   700] loss: 0.962
[28,   710] loss: 0.963
[28,   720] loss: 0.957
[28,   730] loss: 1.008
[28,   740] loss: 1.074
[28,   750] loss: 0.977
[28,   760] loss: 0.953
[28,   770] loss: 0.986
[28,   780] loss: 1.051
[28,   790] loss: 1.037
[28,   800] loss: 0.969
[29,    10] loss: 0.941
[29,    20] loss: 1.004
[29,    30] loss: 0.928
[29,    40] loss: 1.088
[29,    50] loss: 1.044
[29,    60] loss: 0.942
[29,    70] loss: 0.940
[29,    80] loss: 0.937
[29,    90] loss: 0.933
[29,   100] loss: 0.932
[29,   110] loss: 1.033
[29,   120] loss: 0.927
[29,   130] loss: 0.918
[29,   140] loss: 0.929
[29,   150] loss: 0.954
[29,   160] loss: 0.969
[29,   170] loss: 0.970
[29,   180] loss: 1.016
[29,   190] loss: 0.942
[29,   200] loss: 1.025
[29,   210] loss: 1.017
[29,   220] loss: 0.957
[29,   230] loss: 0.977
[29,   240] loss: 0.975
[29,   250] loss: 0.945
[29,   260] loss: 1.005
[29,   270] loss: 0.888
[29,   280] loss: 0.994
[29,   290] loss: 1.050
[29,   300] loss: 0.876
[29,   310] loss: 0.967
[29,   320] loss: 1.013
[29,   330] loss: 1.012
[29,   340] loss: 0.971
[29,   350] loss: 0.961
[29,   360] loss: 1.094
[29,   370] loss: 0.917
[29,   380] loss: 0.857
[29,   390] loss: 0.916
[29,   400] loss: 0.910
[29,   410] loss: 0.925
[29,   420] loss: 0.945
[29,   430] loss: 0.905
[29,   440] loss: 1.002
[29,   450] loss: 1.055
[29,   460] loss: 0.865
[29,   470] loss: 0.930
[29,   480] loss: 0.941
[29,   490] loss: 1.034
[29,   500] loss: 0.967
[29,   510] loss: 0.962
[29,   520] loss: 0.969
[29,   530] loss: 0.956
[29,   540] loss: 0.936
[29,   550] loss: 0.959
[29,   560] loss: 0.962
[29,   570] loss: 0.955
[29,   580] loss: 0.967
[29,   590] loss: 1.014
[29,   600] loss: 1.015
[29,   610] loss: 1.022
[29,   620] loss: 0.969
[29,   630] loss: 1.002
[29,   640] loss: 0.955
[29,   650] loss: 0.954
[29,   660] loss: 0.987
[29,   670] loss: 1.064
[29,   680] loss: 1.126
[29,   690] loss: 0.976
[29,   700] loss: 0.942
[29,   710] loss: 0.999
[29,   720] loss: 0.865
[29,   730] loss: 0.998
[29,   740] loss: 0.981
[29,   750] loss: 0.939
[29,   760] loss: 0.875
[29,   770] loss: 1.110
[29,   780] loss: 0.967
[29,   790] loss: 0.983
[29,   800] loss: 0.978
[30,    10] loss: 0.946
[30,    20] loss: 0.898
[30,    30] loss: 0.929
[30,    40] loss: 0.863
[30,    50] loss: 0.992
[30,    60] loss: 1.007
[30,    70] loss: 0.949
[30,    80] loss: 1.038
[30,    90] loss: 0.923
[30,   100] loss: 0.964
[30,   110] loss: 0.921
[30,   120] loss: 0.969
[30,   130] loss: 0.870
[30,   140] loss: 0.897
[30,   150] loss: 0.936
[30,   160] loss: 0.989
[30,   170] loss: 0.840
[30,   180] loss: 0.873
[30,   190] loss: 0.953
[30,   200] loss: 0.868
[30,   210] loss: 0.948
[30,   220] loss: 0.962
[30,   230] loss: 1.048
[30,   240] loss: 0.936
[30,   250] loss: 0.913
[30,   260] loss: 0.888
[30,   270] loss: 0.952
[30,   280] loss: 0.923
[30,   290] loss: 0.949
[30,   300] loss: 0.926
[30,   310] loss: 0.974
[30,   320] loss: 0.919
[30,   330] loss: 0.967
[30,   340] loss: 1.034
[30,   350] loss: 0.954
[30,   360] loss: 0.861
[30,   370] loss: 1.001
[30,   380] loss: 1.162
[30,   390] loss: 1.031
[30,   400] loss: 1.011
[30,   410] loss: 1.092
[30,   420] loss: 0.924
[30,   430] loss: 0.971
[30,   440] loss: 0.811
[30,   450] loss: 1.029
[30,   460] loss: 0.914
[30,   470] loss: 0.884
[30,   480] loss: 0.874
[30,   490] loss: 0.989
[30,   500] loss: 0.924
[30,   510] loss: 0.867
[30,   520] loss: 1.050
[30,   530] loss: 1.020
[30,   540] loss: 1.050
[30,   550] loss: 1.063
[30,   560] loss: 1.042
[30,   570] loss: 1.000
[30,   580] loss: 0.975
[30,   590] loss: 0.938
[30,   600] loss: 0.952
[30,   610] loss: 0.913
[30,   620] loss: 1.043
[30,   630] loss: 0.985
[30,   640] loss: 1.018
[30,   650] loss: 0.942
[30,   660] loss: 1.022
[30,   670] loss: 1.024
[30,   680] loss: 0.977
[30,   690] loss: 0.935
[30,   700] loss: 0.942
[30,   710] loss: 0.937
[30,   720] loss: 1.007
[30,   730] loss: 1.008
[30,   740] loss: 1.009
[30,   750] loss: 0.838
[30,   760] loss: 0.974
[30,   770] loss: 0.951
[30,   780] loss: 0.983
[30,   790] loss: 0.898
[30,   800] loss: 1.016
[31,    10] loss: 1.059
[31,    20] loss: 0.929
[31,    30] loss: 0.966
[31,    40] loss: 0.999
[31,    50] loss: 0.982
[31,    60] loss: 0.872
[31,    70] loss: 0.953
[31,    80] loss: 0.884
[31,    90] loss: 0.977
[31,   100] loss: 0.919
[31,   110] loss: 0.956
[31,   120] loss: 0.949
[31,   130] loss: 0.898
[31,   140] loss: 0.927
[31,   150] loss: 0.955
[31,   160] loss: 0.938
[31,   170] loss: 1.066
[31,   180] loss: 0.987
[31,   190] loss: 1.003
[31,   200] loss: 0.901
[31,   210] loss: 1.021
[31,   220] loss: 1.040
[31,   230] loss: 0.942
[31,   240] loss: 0.974
[31,   250] loss: 0.891
[31,   260] loss: 0.960
[31,   270] loss: 0.968
[31,   280] loss: 0.962
[31,   290] loss: 0.849
[31,   300] loss: 0.961
[31,   310] loss: 1.087
[31,   320] loss: 1.008
[31,   330] loss: 0.872
[31,   340] loss: 0.951
[31,   350] loss: 0.911
[31,   360] loss: 0.964
[31,   370] loss: 0.918
[31,   380] loss: 1.018
[31,   390] loss: 0.911
[31,   400] loss: 0.954
[31,   410] loss: 0.892
[31,   420] loss: 0.942
[31,   430] loss: 1.064
[31,   440] loss: 0.974
[31,   450] loss: 1.002
[31,   460] loss: 0.986
[31,   470] loss: 0.910
[31,   480] loss: 0.944
[31,   490] loss: 0.942
[31,   500] loss: 0.943
[31,   510] loss: 0.949
[31,   520] loss: 0.966
[31,   530] loss: 0.905
[31,   540] loss: 0.809
[31,   550] loss: 1.022
[31,   560] loss: 0.938
[31,   570] loss: 0.940
[31,   580] loss: 0.862
[31,   590] loss: 0.935
[31,   600] loss: 0.870
[31,   610] loss: 0.971
[31,   620] loss: 0.923
[31,   630] loss: 0.939
[31,   640] loss: 1.006
[31,   650] loss: 0.903
[31,   660] loss: 0.909
[31,   670] loss: 0.960
[31,   680] loss: 1.011
[31,   690] loss: 0.901
[31,   700] loss: 0.823
[31,   710] loss: 1.003
[31,   720] loss: 0.907
[31,   730] loss: 0.893
[31,   740] loss: 1.044
[31,   750] loss: 0.945
[31,   760] loss: 0.984
[31,   770] loss: 0.881
[31,   780] loss: 0.973
[31,   790] loss: 0.899
[31,   800] loss: 0.930
[32,    10] loss: 0.958
[32,    20] loss: 0.991
[32,    30] loss: 1.034
[32,    40] loss: 0.930
[32,    50] loss: 0.949
[32,    60] loss: 0.946
[32,    70] loss: 0.945
[32,    80] loss: 1.000
[32,    90] loss: 0.828
[32,   100] loss: 0.905
[32,   110] loss: 0.958
[32,   120] loss: 0.956
[32,   130] loss: 0.942
[32,   140] loss: 0.974
[32,   150] loss: 0.996
[32,   160] loss: 1.048
[32,   170] loss: 0.961
[32,   180] loss: 0.947
[32,   190] loss: 0.869
[32,   200] loss: 0.970
[32,   210] loss: 1.083
[32,   220] loss: 1.010
[32,   230] loss: 1.165
[32,   240] loss: 1.021
[32,   250] loss: 1.037
[32,   260] loss: 0.939
[32,   270] loss: 1.124
[32,   280] loss: 0.962
[32,   290] loss: 0.935
[32,   300] loss: 0.993
[32,   310] loss: 0.932
[32,   320] loss: 0.990
[32,   330] loss: 0.890
[32,   340] loss: 0.966
[32,   350] loss: 0.954
[32,   360] loss: 0.928
[32,   370] loss: 0.940
[32,   380] loss: 0.966
[32,   390] loss: 0.877
[32,   400] loss: 0.959
[32,   410] loss: 0.839
[32,   420] loss: 0.905
[32,   430] loss: 0.905
[32,   440] loss: 0.897
[32,   450] loss: 1.029
[32,   460] loss: 0.859
[32,   470] loss: 0.916
[32,   480] loss: 0.976
[32,   490] loss: 0.980
[32,   500] loss: 0.901
[32,   510] loss: 1.053
[32,   520] loss: 1.014
[32,   530] loss: 1.011
[32,   540] loss: 0.847
[32,   550] loss: 0.939
[32,   560] loss: 0.895
[32,   570] loss: 0.897
[32,   580] loss: 0.919
[32,   590] loss: 0.885
[32,   600] loss: 1.032
[32,   610] loss: 0.952
[32,   620] loss: 0.927
[32,   630] loss: 0.912
[32,   640] loss: 0.946
[32,   650] loss: 0.869
[32,   660] loss: 1.088
[32,   670] loss: 1.052
[32,   680] loss: 1.036
[32,   690] loss: 1.059
[32,   700] loss: 1.152
[32,   710] loss: 0.983
[32,   720] loss: 1.029
[32,   730] loss: 0.953
[32,   740] loss: 0.942
[32,   750] loss: 0.915
[32,   760] loss: 0.930
[32,   770] loss: 0.934
[32,   780] loss: 0.898
[32,   790] loss: 0.969
[32,   800] loss: 0.964
[33,    10] loss: 0.949
[33,    20] loss: 1.040
[33,    30] loss: 0.967
[33,    40] loss: 1.081
[33,    50] loss: 0.930
[33,    60] loss: 0.939
[33,    70] loss: 0.921
[33,    80] loss: 0.919
[33,    90] loss: 0.928
[33,   100] loss: 0.832
[33,   110] loss: 0.979
[33,   120] loss: 0.957
[33,   130] loss: 1.054
[33,   140] loss: 0.897
[33,   150] loss: 0.932
[33,   160] loss: 0.935
[33,   170] loss: 1.020
[33,   180] loss: 0.909
[33,   190] loss: 0.960
[33,   200] loss: 0.964
[33,   210] loss: 1.074
[33,   220] loss: 1.070
[33,   230] loss: 1.110
[33,   240] loss: 0.972
[33,   250] loss: 0.932
[33,   260] loss: 0.896
[33,   270] loss: 0.998
[33,   280] loss: 0.923
[33,   290] loss: 0.955
[33,   300] loss: 1.024
[33,   310] loss: 1.015
[33,   320] loss: 1.085
[33,   330] loss: 1.072
[33,   340] loss: 0.871
[33,   350] loss: 0.883
[33,   360] loss: 0.850
[33,   370] loss: 0.987
[33,   380] loss: 1.077
[33,   390] loss: 1.025
[33,   400] loss: 0.990
[33,   410] loss: 0.944
[33,   420] loss: 1.005
[33,   430] loss: 0.991
[33,   440] loss: 0.834
[33,   450] loss: 0.923
[33,   460] loss: 0.983
[33,   470] loss: 0.974
[33,   480] loss: 1.040
[33,   490] loss: 1.044
[33,   500] loss: 1.027
[33,   510] loss: 1.063
[33,   520] loss: 0.953
[33,   530] loss: 1.066
[33,   540] loss: 0.997
[33,   550] loss: 1.004
[33,   560] loss: 0.956
[33,   570] loss: 0.927
[33,   580] loss: 0.968
[33,   590] loss: 0.876
[33,   600] loss: 0.969
[33,   610] loss: 1.005
[33,   620] loss: 1.116
[33,   630] loss: 1.021
[33,   640] loss: 0.890
[33,   650] loss: 0.992
[33,   660] loss: 0.879
[33,   670] loss: 0.943
[33,   680] loss: 0.863
[33,   690] loss: 0.933
[33,   700] loss: 0.866
[33,   710] loss: 1.011
[33,   720] loss: 1.060
[33,   730] loss: 0.858
[33,   740] loss: 0.974
[33,   750] loss: 0.984
[33,   760] loss: 0.977
[33,   770] loss: 0.969
[33,   780] loss: 1.009
[33,   790] loss: 0.951
[33,   800] loss: 0.861
[34,    10] loss: 0.929
[34,    20] loss: 0.950
[34,    30] loss: 0.975
[34,    40] loss: 0.963
[34,    50] loss: 0.967
[34,    60] loss: 0.907
[34,    70] loss: 0.925
[34,    80] loss: 0.936
[34,    90] loss: 0.904
[34,   100] loss: 0.921
[34,   110] loss: 0.995
[34,   120] loss: 0.994
[34,   130] loss: 0.886
[34,   140] loss: 1.042
[34,   150] loss: 1.037
[34,   160] loss: 0.900
[34,   170] loss: 1.026
[34,   180] loss: 1.153
[34,   190] loss: 1.160
[34,   200] loss: 0.979
[34,   210] loss: 0.990
[34,   220] loss: 0.966
[34,   230] loss: 0.869
[34,   240] loss: 0.899
[34,   250] loss: 0.949
[34,   260] loss: 0.901
[34,   270] loss: 0.951
[34,   280] loss: 1.094
[34,   290] loss: 1.153
[34,   300] loss: 0.965
[34,   310] loss: 0.945
[34,   320] loss: 0.862
[34,   330] loss: 0.973
[34,   340] loss: 0.942
[34,   350] loss: 0.855
[34,   360] loss: 1.017
[34,   370] loss: 0.884
[34,   380] loss: 0.959
[34,   390] loss: 0.962
[34,   400] loss: 0.954
[34,   410] loss: 0.844
[34,   420] loss: 0.870
[34,   430] loss: 0.901
[34,   440] loss: 0.979
[34,   450] loss: 0.981
[34,   460] loss: 1.020
[34,   470] loss: 0.960
[34,   480] loss: 0.951
[34,   490] loss: 0.993
[34,   500] loss: 0.921
[34,   510] loss: 0.963
[34,   520] loss: 1.029
[34,   530] loss: 0.932
[34,   540] loss: 1.047
[34,   550] loss: 0.903
[34,   560] loss: 0.976
[34,   570] loss: 0.871
[34,   580] loss: 0.959
[34,   590] loss: 0.978
[34,   600] loss: 0.939
[34,   610] loss: 0.972
[34,   620] loss: 0.978
[34,   630] loss: 0.904
[34,   640] loss: 0.992
[34,   650] loss: 0.891
[34,   660] loss: 0.996
[34,   670] loss: 0.970
[34,   680] loss: 0.964
[34,   690] loss: 0.934
[34,   700] loss: 0.921
[34,   710] loss: 0.948
[34,   720] loss: 0.924
[34,   730] loss: 0.907
[34,   740] loss: 0.907
[34,   750] loss: 1.048
[34,   760] loss: 0.938
[34,   770] loss: 0.977
[34,   780] loss: 0.916
[34,   790] loss: 0.927
[34,   800] loss: 0.888
[35,    10] loss: 0.814
[35,    20] loss: 0.963
[35,    30] loss: 0.985
[35,    40] loss: 0.997
[35,    50] loss: 1.028
[35,    60] loss: 0.945
[35,    70] loss: 1.171
[35,    80] loss: 0.956
[35,    90] loss: 0.908
[35,   100] loss: 0.936
[35,   110] loss: 0.988
[35,   120] loss: 0.988
[35,   130] loss: 1.024
[35,   140] loss: 0.942
[35,   150] loss: 1.034
[35,   160] loss: 0.954
[35,   170] loss: 0.994
[35,   180] loss: 1.044
[35,   190] loss: 0.965
[35,   200] loss: 1.096
[35,   210] loss: 0.976
[35,   220] loss: 0.989
[35,   230] loss: 0.877
[35,   240] loss: 0.892
[35,   250] loss: 0.982
[35,   260] loss: 0.998
[35,   270] loss: 0.880
[35,   280] loss: 0.911
[35,   290] loss: 0.958
[35,   300] loss: 0.963
[35,   310] loss: 0.922
[35,   320] loss: 0.994
[35,   330] loss: 0.954
[35,   340] loss: 1.003
[35,   350] loss: 0.807
[35,   360] loss: 0.986
[35,   370] loss: 1.012
[35,   380] loss: 0.960
[35,   390] loss: 0.909
[35,   400] loss: 0.943
[35,   410] loss: 0.841
[35,   420] loss: 0.969
[35,   430] loss: 0.915
[35,   440] loss: 1.044
[35,   450] loss: 0.902
[35,   460] loss: 1.011
[35,   470] loss: 0.905
[35,   480] loss: 1.004
[35,   490] loss: 0.971
[35,   500] loss: 0.933
[35,   510] loss: 1.033
[35,   520] loss: 0.909
[35,   530] loss: 0.975
[35,   540] loss: 0.909
[35,   550] loss: 1.022
[35,   560] loss: 1.042
[35,   570] loss: 0.915
[35,   580] loss: 0.956
[35,   590] loss: 0.901
[35,   600] loss: 0.913
[35,   610] loss: 0.991
[35,   620] loss: 0.960
[35,   630] loss: 1.045
[35,   640] loss: 0.950
[35,   650] loss: 1.033
[35,   660] loss: 0.919
[35,   670] loss: 0.984
[35,   680] loss: 0.903
[35,   690] loss: 0.978
[35,   700] loss: 0.926
[35,   710] loss: 0.958
[35,   720] loss: 0.933
[35,   730] loss: 0.987
[35,   740] loss: 0.911
[35,   750] loss: 0.919
[35,   760] loss: 0.921
[35,   770] loss: 0.992
[35,   780] loss: 0.981
[35,   790] loss: 1.042
[35,   800] loss: 0.961
[36,    10] loss: 0.999
[36,    20] loss: 1.001
[36,    30] loss: 0.960
[36,    40] loss: 1.069
[36,    50] loss: 0.894
[36,    60] loss: 0.912
[36,    70] loss: 1.006
[36,    80] loss: 0.998
[36,    90] loss: 0.989
[36,   100] loss: 0.896
[36,   110] loss: 0.937
[36,   120] loss: 0.928
[36,   130] loss: 1.044
[36,   140] loss: 1.038
[36,   150] loss: 1.026
[36,   160] loss: 1.021
[36,   170] loss: 0.983
[36,   180] loss: 0.982
[36,   190] loss: 0.958
[36,   200] loss: 1.013
[36,   210] loss: 0.942
[36,   220] loss: 1.012
[36,   230] loss: 0.913
[36,   240] loss: 0.976
[36,   250] loss: 0.953
[36,   260] loss: 0.900
[36,   270] loss: 0.995
[36,   280] loss: 1.010
[36,   290] loss: 0.855
[36,   300] loss: 0.954
[36,   310] loss: 0.907
[36,   320] loss: 0.937
[36,   330] loss: 1.058
[36,   340] loss: 0.953
[36,   350] loss: 0.923
[36,   360] loss: 0.912
[36,   370] loss: 1.031
[36,   380] loss: 0.929
[36,   390] loss: 0.935
[36,   400] loss: 1.024
[36,   410] loss: 0.916
[36,   420] loss: 0.927
[36,   430] loss: 0.963
[36,   440] loss: 0.956
[36,   450] loss: 0.890
[36,   460] loss: 0.892
[36,   470] loss: 0.910
[36,   480] loss: 1.105
[36,   490] loss: 0.884
[36,   500] loss: 0.990
[36,   510] loss: 0.945
[36,   520] loss: 0.942
[36,   530] loss: 0.884
[36,   540] loss: 0.876
[36,   550] loss: 1.033
[36,   560] loss: 0.951
[36,   570] loss: 0.903
[36,   580] loss: 1.003
[36,   590] loss: 1.127
[36,   600] loss: 0.977
[36,   610] loss: 0.938
[36,   620] loss: 0.850
[36,   630] loss: 0.931
[36,   640] loss: 0.952
[36,   650] loss: 0.882
[36,   660] loss: 0.992
[36,   670] loss: 1.064
[36,   680] loss: 0.979
[36,   690] loss: 0.968
[36,   700] loss: 0.885
[36,   710] loss: 0.844
[36,   720] loss: 0.918
[36,   730] loss: 1.033
[36,   740] loss: 1.241
[36,   750] loss: 1.056
[36,   760] loss: 1.104
[36,   770] loss: 1.038
[36,   780] loss: 0.998
[36,   790] loss: 1.055
[36,   800] loss: 1.010
[37,    10] loss: 1.077
[37,    20] loss: 0.978
[37,    30] loss: 0.991
[37,    40] loss: 0.983
[37,    50] loss: 0.896
[37,    60] loss: 0.885
[37,    70] loss: 0.934
[37,    80] loss: 0.897
[37,    90] loss: 0.990
[37,   100] loss: 0.893
[37,   110] loss: 0.985
[37,   120] loss: 0.990
[37,   130] loss: 0.975
[37,   140] loss: 1.051
[37,   150] loss: 0.906
[37,   160] loss: 0.993
[37,   170] loss: 0.936
[37,   180] loss: 0.953
[37,   190] loss: 0.985
[37,   200] loss: 0.994
[37,   210] loss: 0.882
[37,   220] loss: 1.036
[37,   230] loss: 0.988
[37,   240] loss: 0.911
[37,   250] loss: 0.955
[37,   260] loss: 1.001
[37,   270] loss: 1.010
[37,   280] loss: 0.929
[37,   290] loss: 0.956
[37,   300] loss: 0.987
[37,   310] loss: 0.968
[37,   320] loss: 0.988
[37,   330] loss: 0.973
[37,   340] loss: 0.988
[37,   350] loss: 1.011
[37,   360] loss: 1.099
[37,   370] loss: 0.986
[37,   380] loss: 1.030
[37,   390] loss: 0.933
[37,   400] loss: 0.952
[37,   410] loss: 0.953
[37,   420] loss: 0.986
[37,   430] loss: 0.970
[37,   440] loss: 0.945
[37,   450] loss: 0.992
[37,   460] loss: 0.909
[37,   470] loss: 0.960
[37,   480] loss: 0.967
[37,   490] loss: 0.924
[37,   500] loss: 0.892
[37,   510] loss: 0.906
[37,   520] loss: 0.919
[37,   530] loss: 0.952
[37,   540] loss: 0.897
[37,   550] loss: 1.000
[37,   560] loss: 0.944
[37,   570] loss: 0.980
[37,   580] loss: 0.840
[37,   590] loss: 1.007
[37,   600] loss: 0.950
[37,   610] loss: 0.998
[37,   620] loss: 0.945
[37,   630] loss: 0.937
[37,   640] loss: 0.920
[37,   650] loss: 0.999
[37,   660] loss: 0.994
[37,   670] loss: 0.896
[37,   680] loss: 1.003
[37,   690] loss: 0.979
[37,   700] loss: 0.942
[37,   710] loss: 0.999
[37,   720] loss: 0.901
[37,   730] loss: 1.033
[37,   740] loss: 0.967
[37,   750] loss: 0.861
[37,   760] loss: 0.955
[37,   770] loss: 1.003
[37,   780] loss: 0.944
[37,   790] loss: 0.936
[37,   800] loss: 0.923
[38,    10] loss: 0.998
[38,    20] loss: 1.090
[38,    30] loss: 1.123
[38,    40] loss: 1.128
[38,    50] loss: 1.118
[38,    60] loss: 1.170
[38,    70] loss: 0.952
[38,    80] loss: 0.903
[38,    90] loss: 0.942
[38,   100] loss: 0.941
[38,   110] loss: 0.904
[38,   120] loss: 0.916
[38,   130] loss: 0.929
[38,   140] loss: 0.978
[38,   150] loss: 1.136
[38,   160] loss: 0.930
[38,   170] loss: 0.974
[38,   180] loss: 1.007
[38,   190] loss: 1.050
[38,   200] loss: 1.057
[38,   210] loss: 0.900
[38,   220] loss: 0.912
[38,   230] loss: 1.007
[38,   240] loss: 0.954
[38,   250] loss: 1.098
[38,   260] loss: 1.046
[38,   270] loss: 0.988
[38,   280] loss: 0.879
[38,   290] loss: 0.967
[38,   300] loss: 1.042
[38,   310] loss: 0.896
[38,   320] loss: 0.901
[38,   330] loss: 0.911
[38,   340] loss: 0.990
[38,   350] loss: 1.140
[38,   360] loss: 1.000
[38,   370] loss: 0.875
[38,   380] loss: 0.946
[38,   390] loss: 0.927
[38,   400] loss: 0.898
[38,   410] loss: 0.911
[38,   420] loss: 0.917
[38,   430] loss: 0.957
[38,   440] loss: 0.861
[38,   450] loss: 0.879
[38,   460] loss: 0.898
[38,   470] loss: 1.001
[38,   480] loss: 0.916
[38,   490] loss: 1.013
[38,   500] loss: 0.913
[38,   510] loss: 1.057
[38,   520] loss: 0.998
[38,   530] loss: 1.009
[38,   540] loss: 1.047
[38,   550] loss: 1.037
[38,   560] loss: 0.988
[38,   570] loss: 1.047
[38,   580] loss: 0.900
[38,   590] loss: 0.982
[38,   600] loss: 0.975
[38,   610] loss: 1.006
[38,   620] loss: 0.914
[38,   630] loss: 0.922
[38,   640] loss: 0.954
[38,   650] loss: 0.937
[38,   660] loss: 0.911
[38,   670] loss: 1.048
[38,   680] loss: 0.983
[38,   690] loss: 0.971
[38,   700] loss: 1.023
[38,   710] loss: 0.884
[38,   720] loss: 0.880
[38,   730] loss: 0.953
[38,   740] loss: 0.903
[38,   750] loss: 0.997
[38,   760] loss: 0.930
[38,   770] loss: 1.013
[38,   780] loss: 0.972
[38,   790] loss: 0.965
[38,   800] loss: 0.923
[39,    10] loss: 0.998
[39,    20] loss: 1.058
[39,    30] loss: 1.007
[39,    40] loss: 0.969
[39,    50] loss: 0.987
[39,    60] loss: 1.024
[39,    70] loss: 1.048
[39,    80] loss: 0.932
[39,    90] loss: 0.868
[39,   100] loss: 0.895
[39,   110] loss: 0.982
[39,   120] loss: 1.031
[39,   130] loss: 0.837
[39,   140] loss: 0.900
[39,   150] loss: 0.869
[39,   160] loss: 0.858
[39,   170] loss: 0.870
[39,   180] loss: 0.903
[39,   190] loss: 0.944
[39,   200] loss: 1.015
[39,   210] loss: 1.016
[39,   220] loss: 0.892
[39,   230] loss: 1.016
[39,   240] loss: 0.910
[39,   250] loss: 0.910
[39,   260] loss: 1.037
[39,   270] loss: 0.911
[39,   280] loss: 0.862
[39,   290] loss: 0.908
[39,   300] loss: 0.869
[39,   310] loss: 0.925
[39,   320] loss: 1.014
[39,   330] loss: 0.928
[39,   340] loss: 0.977
[39,   350] loss: 0.929
[39,   360] loss: 0.926
[39,   370] loss: 0.915
[39,   380] loss: 0.868
[39,   390] loss: 0.848
[39,   400] loss: 0.950
[39,   410] loss: 0.997
[39,   420] loss: 1.035
[39,   430] loss: 0.865
[39,   440] loss: 0.842
[39,   450] loss: 0.914
[39,   460] loss: 0.916
[39,   470] loss: 0.900
[39,   480] loss: 1.135
[39,   490] loss: 1.016
[39,   500] loss: 0.931
[39,   510] loss: 0.923
[39,   520] loss: 0.933
[39,   530] loss: 0.996
[39,   540] loss: 1.038
[39,   550] loss: 0.994
[39,   560] loss: 1.029
[39,   570] loss: 1.004
[39,   580] loss: 1.065
[39,   590] loss: 0.974
[39,   600] loss: 0.959
[39,   610] loss: 1.001
[39,   620] loss: 1.000
[39,   630] loss: 0.929
[39,   640] loss: 1.002
[39,   650] loss: 1.029
[39,   660] loss: 0.893
[39,   670] loss: 0.956
[39,   680] loss: 0.927
[39,   690] loss: 0.971
[39,   700] loss: 0.891
[39,   710] loss: 0.945
[39,   720] loss: 0.974
[39,   730] loss: 1.018
[39,   740] loss: 0.998
[39,   750] loss: 0.899
[39,   760] loss: 0.967
[39,   770] loss: 0.856
[39,   780] loss: 0.962
[39,   790] loss: 0.931
[39,   800] loss: 0.937
[40,    10] loss: 0.999
[40,    20] loss: 0.992
[40,    30] loss: 0.972
[40,    40] loss: 1.012
[40,    50] loss: 0.989
[40,    60] loss: 0.886
[40,    70] loss: 1.004
[40,    80] loss: 0.913
[40,    90] loss: 0.923
[40,   100] loss: 0.972
[40,   110] loss: 0.963
[40,   120] loss: 0.932
[40,   130] loss: 0.999
[40,   140] loss: 0.959
[40,   150] loss: 1.033
[40,   160] loss: 1.075
[40,   170] loss: 1.000
[40,   180] loss: 0.932
[40,   190] loss: 1.022
[40,   200] loss: 1.057
[40,   210] loss: 1.021
[40,   220] loss: 0.992
[40,   230] loss: 0.942
[40,   240] loss: 1.001
[40,   250] loss: 0.988
[40,   260] loss: 0.953
[40,   270] loss: 0.971
[40,   280] loss: 0.909
[40,   290] loss: 0.882
[40,   300] loss: 0.999
[40,   310] loss: 0.948
[40,   320] loss: 0.976
[40,   330] loss: 0.865
[40,   340] loss: 0.921
[40,   350] loss: 0.980
[40,   360] loss: 1.013
[40,   370] loss: 0.962
[40,   380] loss: 0.946
[40,   390] loss: 0.979
[40,   400] loss: 0.935
[40,   410] loss: 0.864
[40,   420] loss: 0.919
[40,   430] loss: 0.927
[40,   440] loss: 0.846
[40,   450] loss: 0.908
[40,   460] loss: 0.944
[40,   470] loss: 0.965
[40,   480] loss: 0.971
[40,   490] loss: 0.886
[40,   500] loss: 0.992
[40,   510] loss: 1.063
[40,   520] loss: 0.885
[40,   530] loss: 0.896
[40,   540] loss: 0.893
[40,   550] loss: 1.021
[40,   560] loss: 0.945
[40,   570] loss: 1.051
[40,   580] loss: 0.980
[40,   590] loss: 1.004
[40,   600] loss: 0.912
[40,   610] loss: 0.999
[40,   620] loss: 0.922
[40,   630] loss: 0.914
[40,   640] loss: 0.862
[40,   650] loss: 1.016
[40,   660] loss: 0.873
[40,   670] loss: 0.876
[40,   680] loss: 0.974
[40,   690] loss: 0.920
[40,   700] loss: 0.975
[40,   710] loss: 0.941
[40,   720] loss: 1.029
[40,   730] loss: 0.989
[40,   740] loss: 0.942
[40,   750] loss: 0.927
[40,   760] loss: 0.872
[40,   770] loss: 0.870
[40,   780] loss: 0.946
[40,   790] loss: 0.889
[40,   800] loss: 1.075
[41,    10] loss: 0.946
[41,    20] loss: 0.945
[41,    30] loss: 0.989
[41,    40] loss: 0.897
[41,    50] loss: 0.900
[41,    60] loss: 0.876
[41,    70] loss: 1.056
[41,    80] loss: 0.884
[41,    90] loss: 0.932
[41,   100] loss: 0.870
[41,   110] loss: 0.905
[41,   120] loss: 0.821
[41,   130] loss: 0.902
[41,   140] loss: 0.842
[41,   150] loss: 0.979
[41,   160] loss: 0.991
[41,   170] loss: 1.006
[41,   180] loss: 0.942
[41,   190] loss: 0.948
[41,   200] loss: 0.996
[41,   210] loss: 0.917
[41,   220] loss: 0.895
[41,   230] loss: 0.945
[41,   240] loss: 0.934
[41,   250] loss: 0.872
[41,   260] loss: 0.963
[41,   270] loss: 0.896
[41,   280] loss: 0.930
[41,   290] loss: 1.071
[41,   300] loss: 0.981
[41,   310] loss: 0.884
[41,   320] loss: 0.967
[41,   330] loss: 1.095
[41,   340] loss: 1.039
[41,   350] loss: 0.859
[41,   360] loss: 0.955
[41,   370] loss: 0.886
[41,   380] loss: 0.937
[41,   390] loss: 0.972
[41,   400] loss: 0.907
[41,   410] loss: 0.925
[41,   420] loss: 0.986
[41,   430] loss: 0.950
[41,   440] loss: 0.914
[41,   450] loss: 1.112
[41,   460] loss: 1.000
[41,   470] loss: 0.900
[41,   480] loss: 1.009
[41,   490] loss: 0.914
[41,   500] loss: 0.947
[41,   510] loss: 1.031
[41,   520] loss: 0.936
[41,   530] loss: 0.907
[41,   540] loss: 0.897
[41,   550] loss: 0.912
[41,   560] loss: 0.932
[41,   570] loss: 1.018
[41,   580] loss: 0.972
[41,   590] loss: 0.940
[41,   600] loss: 0.955
[41,   610] loss: 0.946
[41,   620] loss: 0.917
[41,   630] loss: 0.873
[41,   640] loss: 0.991
[41,   650] loss: 0.914
[41,   660] loss: 0.831
[41,   670] loss: 0.949
[41,   680] loss: 1.028
[41,   690] loss: 0.922
[41,   700] loss: 0.914
[41,   710] loss: 1.010
[41,   720] loss: 1.004
[41,   730] loss: 1.053
[41,   740] loss: 1.021
[41,   750] loss: 0.966
[41,   760] loss: 0.935
[41,   770] loss: 0.891
[41,   780] loss: 0.933
[41,   790] loss: 0.966
[41,   800] loss: 0.923
[42,    10] loss: 0.887
[42,    20] loss: 1.009
[42,    30] loss: 0.988
[42,    40] loss: 0.831
[42,    50] loss: 0.863
[42,    60] loss: 0.896
[42,    70] loss: 0.940
[42,    80] loss: 0.822
[42,    90] loss: 0.964
[42,   100] loss: 0.978
[42,   110] loss: 1.045
[42,   120] loss: 0.926
[42,   130] loss: 0.909
[42,   140] loss: 0.857
[42,   150] loss: 0.913
[42,   160] loss: 0.878
[42,   170] loss: 0.890
[42,   180] loss: 0.986
[42,   190] loss: 0.968
[42,   200] loss: 0.994
[42,   210] loss: 0.991
[42,   220] loss: 0.933
[42,   230] loss: 0.911
[42,   240] loss: 0.924
[42,   250] loss: 1.002
[42,   260] loss: 0.921
[42,   270] loss: 0.925
[42,   280] loss: 0.889
[42,   290] loss: 0.947
[42,   300] loss: 0.953
[42,   310] loss: 0.968
[42,   320] loss: 1.030
[42,   330] loss: 1.088
[42,   340] loss: 0.909
[42,   350] loss: 1.035
[42,   360] loss: 0.981
[42,   370] loss: 0.962
[42,   380] loss: 0.941
[42,   390] loss: 0.876
[42,   400] loss: 0.953
[42,   410] loss: 0.966
[42,   420] loss: 0.867
[42,   430] loss: 0.817
[42,   440] loss: 0.967
[42,   450] loss: 1.049
[42,   460] loss: 0.912
[42,   470] loss: 0.933
[42,   480] loss: 0.915
[42,   490] loss: 0.852
[42,   500] loss: 0.844
[42,   510] loss: 0.903
[42,   520] loss: 0.978
[42,   530] loss: 0.877
[42,   540] loss: 0.927
[42,   550] loss: 0.982
[42,   560] loss: 0.906
[42,   570] loss: 0.856
[42,   580] loss: 0.921
[42,   590] loss: 1.005
[42,   600] loss: 0.960
[42,   610] loss: 1.008
[42,   620] loss: 0.939
[42,   630] loss: 0.868
[42,   640] loss: 0.817
[42,   650] loss: 0.944
[42,   660] loss: 0.998
[42,   670] loss: 0.919
[42,   680] loss: 0.917
[42,   690] loss: 0.822
[42,   700] loss: 0.889
[42,   710] loss: 1.052
[42,   720] loss: 1.087
[42,   730] loss: 1.008
[42,   740] loss: 0.987
[42,   750] loss: 0.985
[42,   760] loss: 1.036
[42,   770] loss: 0.925
[42,   780] loss: 1.019
[42,   790] loss: 0.972
[42,   800] loss: 1.042
[43,    10] loss: 1.012
[43,    20] loss: 0.924
[43,    30] loss: 0.968
[43,    40] loss: 0.837
[43,    50] loss: 0.917
[43,    60] loss: 0.881
[43,    70] loss: 0.892
[43,    80] loss: 0.914
[43,    90] loss: 1.009
[43,   100] loss: 0.895
[43,   110] loss: 0.920
[43,   120] loss: 0.956
[43,   130] loss: 0.971
[43,   140] loss: 0.968
[43,   150] loss: 0.870
[43,   160] loss: 0.936
[43,   170] loss: 0.986
[43,   180] loss: 0.991
[43,   190] loss: 0.961
[43,   200] loss: 0.925
[43,   210] loss: 0.919
[43,   220] loss: 0.959
[43,   230] loss: 1.058
[43,   240] loss: 1.042
[43,   250] loss: 1.046
[43,   260] loss: 1.015
[43,   270] loss: 1.021
[43,   280] loss: 1.204
[43,   290] loss: 1.143
[43,   300] loss: 1.110
[43,   310] loss: 1.075
[43,   320] loss: 0.863
[43,   330] loss: 1.102
[43,   340] loss: 0.984
[43,   350] loss: 0.933
[43,   360] loss: 0.990
[43,   370] loss: 0.911
[43,   380] loss: 0.868
[43,   390] loss: 0.916
[43,   400] loss: 1.012
[43,   410] loss: 0.874
[43,   420] loss: 0.773
[43,   430] loss: 1.044
[43,   440] loss: 0.997
[43,   450] loss: 1.013
[43,   460] loss: 0.994
[43,   470] loss: 0.900
[43,   480] loss: 1.104
[43,   490] loss: 0.912
[43,   500] loss: 1.023
[43,   510] loss: 0.961
[43,   520] loss: 0.857
[43,   530] loss: 0.923
[43,   540] loss: 0.914
[43,   550] loss: 0.954
[43,   560] loss: 0.942
[43,   570] loss: 0.954
[43,   580] loss: 1.054
[43,   590] loss: 0.994
[43,   600] loss: 0.952
[43,   610] loss: 0.904
[43,   620] loss: 0.851
[43,   630] loss: 0.921
[43,   640] loss: 0.992
[43,   650] loss: 0.892
[43,   660] loss: 0.880
[43,   670] loss: 0.920
[43,   680] loss: 0.927
[43,   690] loss: 0.891
[43,   700] loss: 0.903
[43,   710] loss: 0.892
[43,   720] loss: 1.022
[43,   730] loss: 0.941
[43,   740] loss: 0.943
[43,   750] loss: 0.860
[43,   760] loss: 0.922
[43,   770] loss: 0.983
[43,   780] loss: 0.888
[43,   790] loss: 0.809
[43,   800] loss: 0.895
[44,    10] loss: 1.191
[44,    20] loss: 1.153
[44,    30] loss: 1.030
[44,    40] loss: 1.050
[44,    50] loss: 1.003
[44,    60] loss: 0.978
[44,    70] loss: 0.945
[44,    80] loss: 0.889
[44,    90] loss: 0.967
[44,   100] loss: 0.968
[44,   110] loss: 1.055
[44,   120] loss: 1.088
[44,   130] loss: 0.879
[44,   140] loss: 0.987
[44,   150] loss: 1.043
[44,   160] loss: 0.857
[44,   170] loss: 0.960
[44,   180] loss: 0.920
[44,   190] loss: 1.036
[44,   200] loss: 0.924
[44,   210] loss: 1.015
[44,   220] loss: 0.815
[44,   230] loss: 0.941
[44,   240] loss: 0.927
[44,   250] loss: 0.969
[44,   260] loss: 0.878
[44,   270] loss: 0.998
[44,   280] loss: 0.910
[44,   290] loss: 0.905
[44,   300] loss: 1.022
[44,   310] loss: 0.953
[44,   320] loss: 1.042
[44,   330] loss: 0.944
[44,   340] loss: 0.984
[44,   350] loss: 0.943
[44,   360] loss: 0.884
[44,   370] loss: 0.943
[44,   380] loss: 0.937
[44,   390] loss: 0.925
[44,   400] loss: 1.001
[44,   410] loss: 0.940
[44,   420] loss: 1.007
[44,   430] loss: 0.976
[44,   440] loss: 0.937
[44,   450] loss: 0.963
[44,   460] loss: 0.940
[44,   470] loss: 1.088
[44,   480] loss: 0.987
[44,   490] loss: 1.095
[44,   500] loss: 0.857
[44,   510] loss: 0.986
[44,   520] loss: 0.862
[44,   530] loss: 1.065
[44,   540] loss: 0.973
[44,   550] loss: 0.899
[44,   560] loss: 0.965
[44,   570] loss: 0.951
[44,   580] loss: 0.960
[44,   590] loss: 0.891
[44,   600] loss: 0.999
[44,   610] loss: 0.878
[44,   620] loss: 1.009
[44,   630] loss: 0.873
[44,   640] loss: 0.932
[44,   650] loss: 0.839
[44,   660] loss: 0.920
[44,   670] loss: 0.916
[44,   680] loss: 0.929
[44,   690] loss: 0.958
[44,   700] loss: 0.983
[44,   710] loss: 1.071
[44,   720] loss: 0.974
[44,   730] loss: 1.080
[44,   740] loss: 0.974
[44,   750] loss: 0.982
[44,   760] loss: 0.951
[44,   770] loss: 0.981
[44,   780] loss: 0.774
[44,   790] loss: 1.044
[44,   800] loss: 1.068
[45,    10] loss: 0.907
[45,    20] loss: 0.909
[45,    30] loss: 0.978
[45,    40] loss: 0.953
[45,    50] loss: 1.005
[45,    60] loss: 0.939
[45,    70] loss: 0.976
[45,    80] loss: 1.037
[45,    90] loss: 1.018
[45,   100] loss: 1.051
[45,   110] loss: 0.910
[45,   120] loss: 0.915
[45,   130] loss: 0.944
[45,   140] loss: 0.881
[45,   150] loss: 0.907
[45,   160] loss: 0.943
[45,   170] loss: 0.843
[45,   180] loss: 0.847
[45,   190] loss: 0.889
[45,   200] loss: 0.881
[45,   210] loss: 0.837
[45,   220] loss: 0.861
[45,   230] loss: 0.822
[45,   240] loss: 0.900
[45,   250] loss: 0.908
[45,   260] loss: 0.920
[45,   270] loss: 0.898
[45,   280] loss: 0.886
[45,   290] loss: 0.900
[45,   300] loss: 0.974
[45,   310] loss: 1.002
[45,   320] loss: 0.950
[45,   330] loss: 1.027
[45,   340] loss: 1.025
[45,   350] loss: 0.951
[45,   360] loss: 0.874
[45,   370] loss: 0.958
[45,   380] loss: 0.989
[45,   390] loss: 1.019
[45,   400] loss: 1.079
[45,   410] loss: 0.993
[45,   420] loss: 1.078
[45,   430] loss: 1.033
[45,   440] loss: 1.062
[45,   450] loss: 1.100
[45,   460] loss: 0.985
[45,   470] loss: 0.891
[45,   480] loss: 0.896
[45,   490] loss: 0.988
[45,   500] loss: 0.889
[45,   510] loss: 0.988
[45,   520] loss: 0.969
[45,   530] loss: 0.951
[45,   540] loss: 0.962
[45,   550] loss: 0.979
[45,   560] loss: 0.954
[45,   570] loss: 0.830
[45,   580] loss: 0.913
[45,   590] loss: 0.842
[45,   600] loss: 0.914
[45,   610] loss: 0.949
[45,   620] loss: 0.948
[45,   630] loss: 0.919
[45,   640] loss: 0.938
[45,   650] loss: 0.966
[45,   660] loss: 0.900
[45,   670] loss: 0.985
[45,   680] loss: 0.906
[45,   690] loss: 0.945
[45,   700] loss: 1.041
[45,   710] loss: 1.009
[45,   720] loss: 0.900
[45,   730] loss: 0.958
[45,   740] loss: 0.859
[45,   750] loss: 0.844
[45,   760] loss: 0.809
[45,   770] loss: 0.875
[45,   780] loss: 0.915
[45,   790] loss: 1.007
[45,   800] loss: 0.930
[46,    10] loss: 0.940
[46,    20] loss: 0.933
[46,    30] loss: 0.945
[46,    40] loss: 0.865
[46,    50] loss: 0.995
[46,    60] loss: 0.999
[46,    70] loss: 0.950
[46,    80] loss: 0.928
[46,    90] loss: 0.934
[46,   100] loss: 0.917
[46,   110] loss: 0.946
[46,   120] loss: 1.308
[46,   130] loss: 1.134
[46,   140] loss: 1.039
[46,   150] loss: 0.994
[46,   160] loss: 0.999
[46,   170] loss: 0.917
[46,   180] loss: 0.847
[46,   190] loss: 0.962
[46,   200] loss: 1.060
[46,   210] loss: 0.934
[46,   220] loss: 0.991
[46,   230] loss: 0.864
[46,   240] loss: 0.968
[46,   250] loss: 1.028
[46,   260] loss: 1.020
[46,   270] loss: 1.049
[46,   280] loss: 0.971
[46,   290] loss: 0.932
[46,   300] loss: 0.990
[46,   310] loss: 0.931
[46,   320] loss: 0.990
[46,   330] loss: 0.977
[46,   340] loss: 0.967
[46,   350] loss: 0.974
[46,   360] loss: 0.815
[46,   370] loss: 1.002
[46,   380] loss: 0.927
[46,   390] loss: 0.906
[46,   400] loss: 0.958
[46,   410] loss: 0.893
[46,   420] loss: 0.883
[46,   430] loss: 0.865
[46,   440] loss: 0.834
[46,   450] loss: 0.874
[46,   460] loss: 0.936
[46,   470] loss: 0.843
[46,   480] loss: 0.987
[46,   490] loss: 1.021
[46,   500] loss: 0.853
[46,   510] loss: 0.893
[46,   520] loss: 0.989
[46,   530] loss: 0.992
[46,   540] loss: 0.995
[46,   550] loss: 0.879
[46,   560] loss: 1.006
[46,   570] loss: 0.964
[46,   580] loss: 1.027
[46,   590] loss: 0.900
[46,   600] loss: 0.979
[46,   610] loss: 0.885
[46,   620] loss: 1.042
[46,   630] loss: 0.984
[46,   640] loss: 1.004
[46,   650] loss: 0.970
[46,   660] loss: 0.848
[46,   670] loss: 0.981
[46,   680] loss: 0.946
[46,   690] loss: 1.039
[46,   700] loss: 0.956
[46,   710] loss: 0.976
[46,   720] loss: 1.061
[46,   730] loss: 0.984
[46,   740] loss: 0.890
[46,   750] loss: 0.926
[46,   760] loss: 0.877
[46,   770] loss: 0.934
[46,   780] loss: 0.910
[46,   790] loss: 0.995
[46,   800] loss: 0.882
[47,    10] loss: 0.932
[47,    20] loss: 1.002
[47,    30] loss: 0.953
[47,    40] loss: 0.987
[47,    50] loss: 1.033
[47,    60] loss: 1.006
[47,    70] loss: 1.057
[47,    80] loss: 1.061
[47,    90] loss: 0.977
[47,   100] loss: 1.002
[47,   110] loss: 0.935
[47,   120] loss: 0.916
[47,   130] loss: 1.032
[47,   140] loss: 1.000
[47,   150] loss: 0.934
[47,   160] loss: 0.886
[47,   170] loss: 1.041
[47,   180] loss: 0.993
[47,   190] loss: 0.994
[47,   200] loss: 0.994
[47,   210] loss: 0.941
[47,   220] loss: 0.998
[47,   230] loss: 0.952
[47,   240] loss: 0.889
[47,   250] loss: 0.920
[47,   260] loss: 0.984
[47,   270] loss: 0.973
[47,   280] loss: 0.868
[47,   290] loss: 1.022
[47,   300] loss: 0.822
[47,   310] loss: 0.904
[47,   320] loss: 0.957
[47,   330] loss: 0.940
[47,   340] loss: 0.916
[47,   350] loss: 0.866
[47,   360] loss: 0.898
[47,   370] loss: 0.942
[47,   380] loss: 1.062
[47,   390] loss: 0.991
[47,   400] loss: 0.893
[47,   410] loss: 0.905
[47,   420] loss: 0.994
[47,   430] loss: 1.007
[47,   440] loss: 0.923
[47,   450] loss: 0.851
[47,   460] loss: 0.928
[47,   470] loss: 0.984
[47,   480] loss: 1.016
[47,   490] loss: 0.899
[47,   500] loss: 0.971
[47,   510] loss: 0.915
[47,   520] loss: 0.892
[47,   530] loss: 0.923
[47,   540] loss: 0.869
[47,   550] loss: 0.986
[47,   560] loss: 0.950
[47,   570] loss: 0.951
[47,   580] loss: 0.938
[47,   590] loss: 0.878
[47,   600] loss: 0.844
[47,   610] loss: 0.937
[47,   620] loss: 0.977
[47,   630] loss: 1.095
[47,   640] loss: 1.007
[47,   650] loss: 0.903
[47,   660] loss: 1.019
[47,   670] loss: 0.893
[47,   680] loss: 0.900
[47,   690] loss: 0.967
[47,   700] loss: 0.938
[47,   710] loss: 0.933
[47,   720] loss: 1.094
[47,   730] loss: 0.889
[47,   740] loss: 0.875
[47,   750] loss: 0.877
[47,   760] loss: 1.114
[47,   770] loss: 0.881
[47,   780] loss: 0.949
[47,   790] loss: 0.908
[47,   800] loss: 0.902
[48,    10] loss: 0.876
[48,    20] loss: 0.840
[48,    30] loss: 0.960
[48,    40] loss: 0.786
[48,    50] loss: 1.010
[48,    60] loss: 0.943
[48,    70] loss: 1.015
[48,    80] loss: 0.964
[48,    90] loss: 0.975
[48,   100] loss: 0.882
[48,   110] loss: 1.033
[48,   120] loss: 1.244
[48,   130] loss: 1.182
[48,   140] loss: 1.065
[48,   150] loss: 1.088
[48,   160] loss: 1.015
[48,   170] loss: 0.902
[48,   180] loss: 0.929
[48,   190] loss: 1.023
[48,   200] loss: 0.981
[48,   210] loss: 0.969
[48,   220] loss: 0.858
[48,   230] loss: 0.909
[48,   240] loss: 0.832
[48,   250] loss: 0.925
[48,   260] loss: 1.011
[48,   270] loss: 0.965
[48,   280] loss: 1.002
[48,   290] loss: 1.038
[48,   300] loss: 0.991
[48,   310] loss: 1.024
[48,   320] loss: 0.939
[48,   330] loss: 0.958
[48,   340] loss: 0.967
[48,   350] loss: 0.903
[48,   360] loss: 0.993
[48,   370] loss: 0.932
[48,   380] loss: 0.944
[48,   390] loss: 0.919
[48,   400] loss: 0.923
[48,   410] loss: 1.035
[48,   420] loss: 0.934
[48,   430] loss: 0.967
[48,   440] loss: 1.052
[48,   450] loss: 0.922
[48,   460] loss: 0.915
[48,   470] loss: 0.860
[48,   480] loss: 0.986
[48,   490] loss: 0.924
[48,   500] loss: 0.920
[48,   510] loss: 0.955
[48,   520] loss: 1.011
[48,   530] loss: 0.913
[48,   540] loss: 1.037
[48,   550] loss: 0.974
[48,   560] loss: 0.980
[48,   570] loss: 0.924
[48,   580] loss: 0.944
[48,   590] loss: 0.955
[48,   600] loss: 0.952
[48,   610] loss: 0.834
[48,   620] loss: 0.867
[48,   630] loss: 1.014
[48,   640] loss: 0.968
[48,   650] loss: 0.976
[48,   660] loss: 0.935
[48,   670] loss: 0.912
[48,   680] loss: 0.989
[48,   690] loss: 0.913
[48,   700] loss: 0.874
[48,   710] loss: 0.991
[48,   720] loss: 0.932
[48,   730] loss: 0.837
[48,   740] loss: 0.910
[48,   750] loss: 0.957
[48,   760] loss: 0.920
[48,   770] loss: 0.890
[48,   780] loss: 0.890
[48,   790] loss: 0.913
[48,   800] loss: 1.063
[49,    10] loss: 1.029
[49,    20] loss: 0.897
[49,    30] loss: 0.817
[49,    40] loss: 1.081
[49,    50] loss: 0.966
[49,    60] loss: 0.901
[49,    70] loss: 1.012
[49,    80] loss: 0.809
[49,    90] loss: 0.986
[49,   100] loss: 0.948
[49,   110] loss: 0.900
[49,   120] loss: 0.985
[49,   130] loss: 0.945
[49,   140] loss: 0.928
[49,   150] loss: 0.959
[49,   160] loss: 0.957
[49,   170] loss: 1.050
[49,   180] loss: 0.995
[49,   190] loss: 0.887
[49,   200] loss: 0.974
[49,   210] loss: 0.940
[49,   220] loss: 0.919
[49,   230] loss: 0.845
[49,   240] loss: 1.026
[49,   250] loss: 0.980
[49,   260] loss: 0.936
[49,   270] loss: 1.052
[49,   280] loss: 0.871
[49,   290] loss: 0.910
[49,   300] loss: 0.953
[49,   310] loss: 1.040
[49,   320] loss: 1.009
[49,   330] loss: 0.996
[49,   340] loss: 0.858
[49,   350] loss: 0.893
[49,   360] loss: 0.826
[49,   370] loss: 0.943
[49,   380] loss: 0.957
[49,   390] loss: 1.081
[49,   400] loss: 0.911
[49,   410] loss: 0.888
[49,   420] loss: 0.970
[49,   430] loss: 0.950
[49,   440] loss: 0.899
[49,   450] loss: 0.863
[49,   460] loss: 1.033
[49,   470] loss: 0.908
[49,   480] loss: 0.958
[49,   490] loss: 0.917
[49,   500] loss: 0.883
[49,   510] loss: 0.886
[49,   520] loss: 0.849
[49,   530] loss: 0.941
[49,   540] loss: 0.962
[49,   550] loss: 0.889
[49,   560] loss: 0.988
[49,   570] loss: 1.021
[49,   580] loss: 0.977
[49,   590] loss: 0.912
[49,   600] loss: 0.884
[49,   610] loss: 0.885
[49,   620] loss: 0.949
[49,   630] loss: 0.953
[49,   640] loss: 0.954
[49,   650] loss: 0.961
[49,   660] loss: 0.863
[49,   670] loss: 0.935
[49,   680] loss: 0.870
[49,   690] loss: 0.954
[49,   700] loss: 0.917
[49,   710] loss: 0.979
[49,   720] loss: 0.945
[49,   730] loss: 0.929
[49,   740] loss: 0.892
[49,   750] loss: 0.907
[49,   760] loss: 1.016
[49,   770] loss: 0.966
[49,   780] loss: 0.861
[49,   790] loss: 0.835
[49,   800] loss: 0.923
[50,    10] loss: 0.879
[50,    20] loss: 0.888
[50,    30] loss: 0.966
[50,    40] loss: 0.958
[50,    50] loss: 1.008
[50,    60] loss: 0.896
[50,    70] loss: 0.960
[50,    80] loss: 1.002
[50,    90] loss: 0.897
[50,   100] loss: 0.968
[50,   110] loss: 0.909
[50,   120] loss: 0.924
[50,   130] loss: 0.918
[50,   140] loss: 0.869
[50,   150] loss: 0.984
[50,   160] loss: 0.934
[50,   170] loss: 0.928
[50,   180] loss: 0.901
[50,   190] loss: 1.072
[50,   200] loss: 0.883
[50,   210] loss: 0.999
[50,   220] loss: 0.905
[50,   230] loss: 0.983
[50,   240] loss: 0.890
[50,   250] loss: 0.936
[50,   260] loss: 0.935
[50,   270] loss: 0.883
[50,   280] loss: 1.105
[50,   290] loss: 0.956
[50,   300] loss: 1.003
[50,   310] loss: 0.885
[50,   320] loss: 1.009
[50,   330] loss: 0.943
[50,   340] loss: 0.951
[50,   350] loss: 0.968
[50,   360] loss: 0.918
[50,   370] loss: 0.935
[50,   380] loss: 1.035
[50,   390] loss: 0.971
[50,   400] loss: 0.833
[50,   410] loss: 1.003
[50,   420] loss: 1.082
[50,   430] loss: 0.979
[50,   440] loss: 0.916
[50,   450] loss: 0.956
[50,   460] loss: 0.990
[50,   470] loss: 0.909
[50,   480] loss: 1.020
[50,   490] loss: 0.954
[50,   500] loss: 0.924
[50,   510] loss: 0.956
[50,   520] loss: 0.875
[50,   530] loss: 0.945
[50,   540] loss: 0.905
[50,   550] loss: 0.972
[50,   560] loss: 0.916
[50,   570] loss: 0.902
[50,   580] loss: 0.907
[50,   590] loss: 0.900
[50,   600] loss: 0.912
[50,   610] loss: 0.865
[50,   620] loss: 0.911
[50,   630] loss: 0.853
[50,   640] loss: 0.921
[50,   650] loss: 0.908
[50,   660] loss: 1.016
[50,   670] loss: 0.813
[50,   680] loss: 0.905
[50,   690] loss: 1.019
[50,   700] loss: 0.851
[50,   710] loss: 0.846
[50,   720] loss: 0.916
[50,   730] loss: 0.850
[50,   740] loss: 0.968
[50,   750] loss: 0.935
[50,   760] loss: 1.014
[50,   770] loss: 0.880
[50,   780] loss: 1.093
[50,   790] loss: 0.860
[50,   800] loss: 1.031
Finished !!
Accuracy of the network: 50.92 %
