Collecting dill==0.3.4 (from -r requirements.txt (line 1))
  Using cached https://files.pythonhosted.org/packages/b6/c3/973676ceb86b60835bb3978c6db67a5dc06be6cfdbd14ef0f5a13e3fc9fd/dill-0.3.4-py2.py3-none-any.whl
Requirement already satisfied: laplace==0.1 in /zhome/45/c/128687/.local/lib/python3.6/site-packages (from -r requirements.txt (line 2))
Collecting matplotlib==3.4.0 (from -r requirements.txt (line 3))
Running GPU.
[1,    10] loss: 1.870
[1,    20] loss: 1.823
[1,    30] loss: 1.791
[1,    40] loss: 1.726
[1,    50] loss: 1.668
[1,    60] loss: 1.688
[1,    70] loss: 1.655
[1,    80] loss: 1.588
[1,    90] loss: 1.607
[1,   100] loss: 1.585
[1,   110] loss: 1.558
[1,   120] loss: 1.660
[1,   130] loss: 1.576
[1,   140] loss: 1.531
[1,   150] loss: 1.560
[1,   160] loss: 1.565
[1,   170] loss: 1.464
[1,   180] loss: 1.414
[1,   190] loss: 1.501
[1,   200] loss: 1.513
[1,   210] loss: 1.492
[1,   220] loss: 1.448
[1,   230] loss: 1.518
[1,   240] loss: 1.322
[1,   250] loss: 1.465
[1,   260] loss: 1.401
[1,   270] loss: 1.435
[1,   280] loss: 1.415
[1,   290] loss: 1.409
[1,   300] loss: 1.491
[1,   310] loss: 1.389
[1,   320] loss: 1.596
[1,   330] loss: 1.495
[1,   340] loss: 1.434
[1,   350] loss: 1.500
[1,   360] loss: 1.427
[1,   370] loss: 1.433
[1,   380] loss: 1.395
[1,   390] loss: 1.468
[1,   400] loss: 1.381
[1,   410] loss: 1.428
[1,   420] loss: 1.444
[1,   430] loss: 1.408
[1,   440] loss: 1.425
[1,   450] loss: 1.488
[1,   460] loss: 1.441
[1,   470] loss: 1.373
[1,   480] loss: 1.422
[1,   490] loss: 1.465
[1,   500] loss: 1.430
[1,   510] loss: 1.448
[1,   520] loss: 1.462
[1,   530] loss: 1.407
[1,   540] loss: 1.459
[1,   550] loss: 1.426
[1,   560] loss: 1.422
[1,   570] loss: 1.393
[1,   580] loss: 1.478
[1,   590] loss: 1.401
[1,   600] loss: 1.464
[1,   610] loss: 1.472
[1,   620] loss: 1.360
[1,   630] loss: 1.350
[1,   640] loss: 1.396
[1,   650] loss: 1.495
[1,   660] loss: 1.458
[1,   670] loss: 1.389
[1,   680] loss: 1.346
[1,   690] loss: 1.528
[1,   700] loss: 1.420
[1,   710] loss: 1.304
[1,   720] loss: 1.408
[1,   730] loss: 1.392
[1,   740] loss: 1.386
[1,   750] loss: 1.459
[1,   760] loss: 1.365
[1,   770] loss: 1.373
[1,   780] loss: 1.456
[1,   790] loss: 1.312
[1,   800] loss: 1.469
[2,    10] loss: 1.391
[2,    20] loss: 1.433
[2,    30] loss: 1.345
[2,    40] loss: 1.478
[2,    50] loss: 1.380
[2,    60] loss: 1.316
[2,    70] loss: 1.440
[2,    80] loss: 1.384
[2,    90] loss: 1.492
[2,   100] loss: 1.449
[2,   110] loss: 1.520
[2,   120] loss: 1.378
[2,   130] loss: 1.455
[2,   140] loss: 1.385
[2,   150] loss: 1.440
[2,   160] loss: 1.402
[2,   170] loss: 1.443
[2,   180] loss: 1.377
[2,   190] loss: 1.405
[2,   200] loss: 1.377
[2,   210] loss: 1.381
[2,   220] loss: 1.367
[2,   230] loss: 1.447
[2,   240] loss: 1.358
[2,   250] loss: 1.421
[2,   260] loss: 1.373
[2,   270] loss: 1.406
[2,   280] loss: 1.450
[2,   290] loss: 1.361
[2,   300] loss: 1.382
[2,   310] loss: 1.414
[2,   320] loss: 1.314
[2,   330] loss: 1.387
[2,   340] loss: 1.390
[2,   350] loss: 1.404
[2,   360] loss: 1.405
[2,   370] loss: 1.408
[2,   380] loss: 1.337
[2,   390] loss: 1.368
[2,   400] loss: 1.329
[2,   410] loss: 1.342
[2,   420] loss: 1.385
[2,   430] loss: 1.321
[2,   440] loss: 1.345
[2,   450] loss: 1.339
[2,   460] loss: 1.359
[2,   470] loss: 1.357
[2,   480] loss: 1.317
[2,   490] loss: 1.380
[2,   500] loss: 1.310
[2,   510] loss: 1.311
[2,   520] loss: 1.384
[2,   530] loss: 1.340
[2,   540] loss: 1.298
[2,   550] loss: 1.284
[2,   560] loss: 1.405
[2,   570] loss: 1.396
[2,   580] loss: 1.377
[2,   590] loss: 1.337
[2,   600] loss: 1.308
[2,   610] loss: 1.333
[2,   620] loss: 1.264
[2,   630] loss: 1.369
[2,   640] loss: 1.322
[2,   650] loss: 1.416
[2,   660] loss: 1.328
[2,   670] loss: 1.318
[2,   680] loss: 1.435
[2,   690] loss: 1.349
[2,   700] loss: 1.380
[2,   710] loss: 1.385
[2,   720] loss: 1.342
[2,   730] loss: 1.400
[2,   740] loss: 1.292
[2,   750] loss: 1.388
[2,   760] loss: 1.362
[2,   770] loss: 1.424
[2,   780] loss: 1.335
[2,   790] loss: 1.320
[2,   800] loss: 1.368
[3,    10] loss: 1.431
[3,    20] loss: 1.316
[3,    30] loss: 1.432
[3,    40] loss: 1.396
[3,    50] loss: 1.332
[3,    60] loss: 1.315
[3,    70] loss: 1.412
[3,    80] loss: 1.409
[3,    90] loss: 1.307
[3,   100] loss: 1.304
[3,   110] loss: 1.387
[3,   120] loss: 1.327
[3,   130] loss: 1.288
[3,   140] loss: 1.344
[3,   150] loss: 1.390
[3,   160] loss: 1.396
[3,   170] loss: 1.367
[3,   180] loss: 1.322
[3,   190] loss: 1.309
[3,   200] loss: 1.393
[3,   210] loss: 1.381
[3,   220] loss: 1.233
[3,   230] loss: 1.403
[3,   240] loss: 1.309
[3,   250] loss: 1.342
[3,   260] loss: 1.319
[3,   270] loss: 1.369
[3,   280] loss: 1.320
[3,   290] loss: 1.401
[3,   300] loss: 1.327
[3,   310] loss: 1.353
[3,   320] loss: 1.308
[3,   330] loss: 1.383
[3,   340] loss: 1.403
[3,   350] loss: 1.334
[3,   360] loss: 1.365
[3,   370] loss: 1.272
[3,   380] loss: 1.257
[3,   390] loss: 1.408
[3,   400] loss: 1.374
[3,   410] loss: 1.284
[3,   420] loss: 1.443
[3,   430] loss: 1.400
[3,   440] loss: 1.344
[3,   450] loss: 1.330
[3,   460] loss: 1.262
[3,   470] loss: 1.289
[3,   480] loss: 1.363
[3,   490] loss: 1.262
[3,   500] loss: 1.292
[3,   510] loss: 1.352
[3,   520] loss: 1.392
[3,   530] loss: 1.284
[3,   540] loss: 1.380
[3,   550] loss: 1.327
[3,   560] loss: 1.354
[3,   570] loss: 1.352
[3,   580] loss: 1.366
[3,   590] loss: 1.248
[3,   600] loss: 1.349
[3,   610] loss: 1.379
[3,   620] loss: 1.324
[3,   630] loss: 1.342
[3,   640] loss: 1.287
[3,   650] loss: 1.374
[3,   660] loss: 1.217
[3,   670] loss: 1.373
[3,   680] loss: 1.309
[3,   690] loss: 1.372
[3,   700] loss: 1.345
[3,   710] loss: 1.323
[3,   720] loss: 1.243
[3,   730] loss: 1.328
[3,   740] loss: 1.312
[3,   750] loss: 1.301
[3,   760] loss: 1.328
[3,   770] loss: 1.416
[3,   780] loss: 1.270
[3,   790] loss: 1.295
[3,   800] loss: 1.291
[4,    10] loss: 1.337
[4,    20] loss: 1.155
[4,    30] loss: 1.262
[4,    40] loss: 1.230
[4,    50] loss: 1.370
[4,    60] loss: 1.189
[4,    70] loss: 1.273
[4,    80] loss: 1.303
[4,    90] loss: 1.372
[4,   100] loss: 1.199
[4,   110] loss: 1.311
[4,   120] loss: 1.247
[4,   130] loss: 1.357
[4,   140] loss: 1.227
[4,   150] loss: 1.369
[4,   160] loss: 1.369
[4,   170] loss: 1.299
[4,   180] loss: 1.320
[4,   190] loss: 1.293
[4,   200] loss: 1.258
[4,   210] loss: 1.253
[4,   220] loss: 1.372
[4,   230] loss: 1.312
[4,   240] loss: 1.344
[4,   250] loss: 1.381
[4,   260] loss: 1.340
[4,   270] loss: 1.278
[4,   280] loss: 1.269
[4,   290] loss: 1.254
[4,   300] loss: 1.310
[4,   310] loss: 1.317
[4,   320] loss: 1.307
[4,   330] loss: 1.374
[4,   340] loss: 1.260
[4,   350] loss: 1.269
[4,   360] loss: 1.289
[4,   370] loss: 1.288
[4,   380] loss: 1.243
[4,   390] loss: 1.393
[4,   400] loss: 1.328
[4,   410] loss: 1.326
[4,   420] loss: 1.289
[4,   430] loss: 1.243
[4,   440] loss: 1.206
[4,   450] loss: 1.318
[4,   460] loss: 1.276
[4,   470] loss: 1.264
[4,   480] loss: 1.290
[4,   490] loss: 1.251
[4,   500] loss: 1.254
[4,   510] loss: 1.353
[4,   520] loss: 1.343
[4,   530] loss: 1.341
[4,   540] loss: 1.345
[4,   550] loss: 1.237
[4,   560] loss: 1.349
[4,   570] loss: 1.234
[4,   580] loss: 1.375
[4,   590] loss: 1.274
[4,   600] loss: 1.250
[4,   610] loss: 1.294
[4,   620] loss: 1.259
[4,   630] loss: 1.287
[4,   640] loss: 1.306
[4,   650] loss: 1.247
[4,   660] loss: 1.276
[4,   670] loss: 1.377
[4,   680] loss: 1.297
[4,   690] loss: 1.276
[4,   700] loss: 1.379
[4,   710] loss: 1.268
[4,   720] loss: 1.239
[4,   730] loss: 1.268
[4,   740] loss: 1.269
[4,   750] loss: 1.410
[4,   760] loss: 1.383
[4,   770] loss: 1.289
[4,   780] loss: 1.361
[4,   790] loss: 1.221
[4,   800] loss: 1.316
[5,    10] loss: 1.245
[5,    20] loss: 1.239
[5,    30] loss: 1.310
[5,    40] loss: 1.309
[5,    50] loss: 1.280
[5,    60] loss: 1.279
[5,    70] loss: 1.198
[5,    80] loss: 1.361
[5,    90] loss: 1.292
[5,   100] loss: 1.235
[5,   110] loss: 1.206
[5,   120] loss: 1.248
[5,   130] loss: 1.294
[5,   140] loss: 1.205
[5,   150] loss: 1.219
[5,   160] loss: 1.205
[5,   170] loss: 1.296
[5,   180] loss: 1.238
[5,   190] loss: 1.284
[5,   200] loss: 1.150
[5,   210] loss: 1.382
[5,   220] loss: 1.328
[5,   230] loss: 1.331
[5,   240] loss: 1.228
[5,   250] loss: 1.272
[5,   260] loss: 1.296
[5,   270] loss: 1.252
[5,   280] loss: 1.244
[5,   290] loss: 1.317
[5,   300] loss: 1.339
[5,   310] loss: 1.266
[5,   320] loss: 1.218
[5,   330] loss: 1.315
[5,   340] loss: 1.361
[5,   350] loss: 1.220
[5,   360] loss: 1.203
[5,   370] loss: 1.141
[5,   380] loss: 1.266
[5,   390] loss: 1.344
[5,   400] loss: 1.212
[5,   410] loss: 1.310
[5,   420] loss: 1.316
[5,   430] loss: 1.323
[5,   440] loss: 1.204
[5,   450] loss: 1.209
[5,   460] loss: 1.290
[5,   470] loss: 1.159
[5,   480] loss: 1.305
[5,   490] loss: 1.321
[5,   500] loss: 1.277
[5,   510] loss: 1.238
[5,   520] loss: 1.320
[5,   530] loss: 1.386
[5,   540] loss: 1.241
[5,   550] loss: 1.201
[5,   560] loss: 1.224
[5,   570] loss: 1.227
[5,   580] loss: 1.368
[5,   590] loss: 1.201
[5,   600] loss: 1.257
[5,   610] loss: 1.301
[5,   620] loss: 1.236
[5,   630] loss: 1.264
[5,   640] loss: 1.222
[5,   650] loss: 1.205
[5,   660] loss: 1.234
[5,   670] loss: 1.322
[5,   680] loss: 1.269
[5,   690] loss: 1.249
[5,   700] loss: 1.277
[5,   710] loss: 1.323
[5,   720] loss: 1.280
[5,   730] loss: 1.207
[5,   740] loss: 1.302
[5,   750] loss: 1.268
[5,   760] loss: 1.229
[5,   770] loss: 1.282
[5,   780] loss: 1.295
[5,   790] loss: 1.252
[5,   800] loss: 1.306
[6,    10] loss: 1.203
[6,    20] loss: 1.166
[6,    30] loss: 1.096
[6,    40] loss: 1.215
[6,    50] loss: 1.272
[6,    60] loss: 1.193
[6,    70] loss: 1.174
[6,    80] loss: 1.303
[6,    90] loss: 1.269
[6,   100] loss: 1.153
[6,   110] loss: 1.229
[6,   120] loss: 1.271
[6,   130] loss: 1.218
[6,   140] loss: 1.222
[6,   150] loss: 1.256
[6,   160] loss: 1.179
[6,   170] loss: 1.166
[6,   180] loss: 1.227
[6,   190] loss: 1.340
[6,   200] loss: 1.220
[6,   210] loss: 1.255
[6,   220] loss: 1.238
[6,   230] loss: 1.265
[6,   240] loss: 1.165
[6,   250] loss: 1.164
[6,   260] loss: 1.208
[6,   270] loss: 1.193
[6,   280] loss: 1.293
[6,   290] loss: 1.173
[6,   300] loss: 1.257
[6,   310] loss: 1.184
[6,   320] loss: 1.195
[6,   330] loss: 1.119
[6,   340] loss: 1.277
[6,   350] loss: 1.248
[6,   360] loss: 1.195
[6,   370] loss: 1.194
[6,   380] loss: 1.294
[6,   390] loss: 1.212
[6,   400] loss: 1.148
[6,   410] loss: 1.163
[6,   420] loss: 1.237
[6,   430] loss: 1.302
[6,   440] loss: 1.295
[6,   450] loss: 1.252
[6,   460] loss: 1.314
[6,   470] loss: 1.211
[6,   480] loss: 1.322
[6,   490] loss: 1.172
[6,   500] loss: 1.250
[6,   510] loss: 1.244
[6,   520] loss: 1.201
[6,   530] loss: 1.231
[6,   540] loss: 1.348
[6,   550] loss: 1.240
[6,   560] loss: 1.205
[6,   570] loss: 1.286
[6,   580] loss: 1.211
[6,   590] loss: 1.267
[6,   600] loss: 1.211
[6,   610] loss: 1.236
[6,   620] loss: 1.229
[6,   630] loss: 1.246
[6,   640] loss: 1.221
[6,   650] loss: 1.186
[6,   660] loss: 1.255
[6,   670] loss: 1.142
[6,   680] loss: 1.202
[6,   690] loss: 1.379
[6,   700] loss: 1.145
[6,   710] loss: 1.235
[6,   720] loss: 1.296
[6,   730] loss: 1.278
[6,   740] loss: 1.270
[6,   750] loss: 1.246
[6,   760] loss: 1.130
[6,   770] loss: 1.220
[6,   780] loss: 1.161
[6,   790] loss: 1.216
[6,   800] loss: 1.230
[7,    10] loss: 1.186
[7,    20] loss: 1.197
[7,    30] loss: 1.155
[7,    40] loss: 1.292
[7,    50] loss: 1.263
[7,    60] loss: 1.210
[7,    70] loss: 1.207
[7,    80] loss: 1.197
[7,    90] loss: 1.225
[7,   100] loss: 1.292
[7,   110] loss: 1.132
[7,   120] loss: 1.205
[7,   130] loss: 1.177
[7,   140] loss: 1.256
[7,   150] loss: 1.291
[7,   160] loss: 1.162
[7,   170] loss: 1.179
[7,   180] loss: 1.195
[7,   190] loss: 1.222
[7,   200] loss: 1.194
[7,   210] loss: 1.228
[7,   220] loss: 1.190
[7,   230] loss: 1.189
[7,   240] loss: 1.204
[7,   250] loss: 1.179
[7,   260] loss: 1.227
[7,   270] loss: 1.155
[7,   280] loss: 1.152
[7,   290] loss: 1.215
[7,   300] loss: 1.116
[7,   310] loss: 1.182
[7,   320] loss: 1.159
[7,   330] loss: 1.189
[7,   340] loss: 1.161
[7,   350] loss: 1.165
[7,   360] loss: 1.220
[7,   370] loss: 1.111
[7,   380] loss: 1.203
[7,   390] loss: 1.195
[7,   400] loss: 1.211
[7,   410] loss: 1.112
[7,   420] loss: 1.293
[7,   430] loss: 1.173
[7,   440] loss: 1.233
[7,   450] loss: 1.230
[7,   460] loss: 1.170
[7,   470] loss: 1.163
[7,   480] loss: 1.168
[7,   490] loss: 1.110
[7,   500] loss: 1.208
[7,   510] loss: 1.192
[7,   520] loss: 1.177
[7,   530] loss: 1.191
[7,   540] loss: 1.218
[7,   550] loss: 1.214
[7,   560] loss: 1.123
[7,   570] loss: 1.165
[7,   580] loss: 1.207
[7,   590] loss: 1.120
[7,   600] loss: 1.133
[7,   610] loss: 1.174
[7,   620] loss: 1.115
[7,   630] loss: 1.201
[7,   640] loss: 1.231
[7,   650] loss: 1.067
[7,   660] loss: 1.146
[7,   670] loss: 1.204
[7,   680] loss: 1.219
[7,   690] loss: 1.107
[7,   700] loss: 1.051
[7,   710] loss: 1.202
[7,   720] loss: 1.240
[7,   730] loss: 1.123
[7,   740] loss: 1.196
[7,   750] loss: 1.161
[7,   760] loss: 1.254
[7,   770] loss: 1.214
[7,   780] loss: 1.216
[7,   790] loss: 1.085
[7,   800] loss: 1.106
[8,    10] loss: 1.172
[8,    20] loss: 1.047
[8,    30] loss: 1.038
[8,    40] loss: 1.090
[8,    50] loss: 1.206
[8,    60] loss: 1.205
[8,    70] loss: 1.256
[8,    80] loss: 1.097
[8,    90] loss: 1.167
[8,   100] loss: 1.228
[8,   110] loss: 1.051
[8,   120] loss: 1.184
[8,   130] loss: 1.226
[8,   140] loss: 1.199
[8,   150] loss: 1.299
[8,   160] loss: 1.185
[8,   170] loss: 1.084
[8,   180] loss: 1.159
[8,   190] loss: 1.172
[8,   200] loss: 1.114
[8,   210] loss: 1.161
[8,   220] loss: 1.142
[8,   230] loss: 1.133
[8,   240] loss: 1.236
[8,   250] loss: 1.079
[8,   260] loss: 1.229
[8,   270] loss: 1.137
[8,   280] loss: 1.195
[8,   290] loss: 1.065
[8,   300] loss: 1.141
[8,   310] loss: 1.071
[8,   320] loss: 1.161
[8,   330] loss: 1.105
[8,   340] loss: 1.134
[8,   350] loss: 1.211
[8,   360] loss: 1.098
[8,   370] loss: 1.072
[8,   380] loss: 1.043
[8,   390] loss: 1.154
[8,   400] loss: 1.136
[8,   410] loss: 1.122
[8,   420] loss: 1.186
[8,   430] loss: 1.127
[8,   440] loss: 1.150
[8,   450] loss: 1.179
[8,   460] loss: 1.194
[8,   470] loss: 1.109
[8,   480] loss: 1.135
[8,   490] loss: 1.205
[8,   500] loss: 1.194
[8,   510] loss: 1.121
[8,   520] loss: 1.139
[8,   530] loss: 1.199
[8,   540] loss: 1.056
[8,   550] loss: 1.094
[8,   560] loss: 1.066
[8,   570] loss: 1.152
[8,   580] loss: 1.220
[8,   590] loss: 1.220
[8,   600] loss: 1.138
[8,   610] loss: 1.165
[8,   620] loss: 1.030
[8,   630] loss: 1.135
[8,   640] loss: 1.267
[8,   650] loss: 1.165
[8,   660] loss: 1.222
[8,   670] loss: 1.200
[8,   680] loss: 1.202
[8,   690] loss: 1.308
[8,   700] loss: 1.243
[8,   710] loss: 1.225
[8,   720] loss: 1.149
[8,   730] loss: 1.135
[8,   740] loss: 1.148
[8,   750] loss: 1.127
[8,   760] loss: 1.134
[8,   770] loss: 1.145
[8,   780] loss: 1.173
[8,   790] loss: 1.312
[8,   800] loss: 1.133
[9,    10] loss: 1.152
[9,    20] loss: 1.146
[9,    30] loss: 1.234
[9,    40] loss: 1.157
[9,    50] loss: 1.178
[9,    60] loss: 1.121
[9,    70] loss: 1.061
[9,    80] loss: 1.170
[9,    90] loss: 1.243
[9,   100] loss: 1.146
[9,   110] loss: 1.218
[9,   120] loss: 1.162
[9,   130] loss: 1.029
[9,   140] loss: 1.113
[9,   150] loss: 1.009
[9,   160] loss: 1.121
[9,   170] loss: 1.133
[9,   180] loss: 1.164
[9,   190] loss: 1.109
[9,   200] loss: 1.078
[9,   210] loss: 1.015
[9,   220] loss: 1.208
[9,   230] loss: 1.256
[9,   240] loss: 1.205
[9,   250] loss: 1.195
[9,   260] loss: 1.044
[9,   270] loss: 1.190
[9,   280] loss: 1.114
[9,   290] loss: 1.148
[9,   300] loss: 1.163
[9,   310] loss: 1.197
[9,   320] loss: 1.154
[9,   330] loss: 1.058
[9,   340] loss: 1.191
[9,   350] loss: 1.242
[9,   360] loss: 1.204
[9,   370] loss: 1.156
[9,   380] loss: 1.147
[9,   390] loss: 1.120
[9,   400] loss: 1.161
[9,   410] loss: 1.198
[9,   420] loss: 1.175
[9,   430] loss: 1.134
[9,   440] loss: 0.979
[9,   450] loss: 1.179
[9,   460] loss: 1.087
[9,   470] loss: 1.129
[9,   480] loss: 1.085
[9,   490] loss: 1.161
[9,   500] loss: 1.116
[9,   510] loss: 1.102
[9,   520] loss: 1.167
[9,   530] loss: 1.211
[9,   540] loss: 1.123
[9,   550] loss: 1.089
[9,   560] loss: 1.167
[9,   570] loss: 1.120
[9,   580] loss: 1.022
[9,   590] loss: 1.013
[9,   600] loss: 1.142
[9,   610] loss: 1.071
[9,   620] loss: 1.122
[9,   630] loss: 1.126
[9,   640] loss: 1.175
[9,   650] loss: 1.097
[9,   660] loss: 1.187
[9,   670] loss: 1.125
[9,   680] loss: 1.159
[9,   690] loss: 1.105
[9,   700] loss: 1.244
[9,   710] loss: 1.254
[9,   720] loss: 1.197
[9,   730] loss: 1.105
[9,   740] loss: 1.214
[9,   750] loss: 1.213
[9,   760] loss: 1.121
[9,   770] loss: 1.153
[9,   780] loss: 1.084
[9,   790] loss: 1.153
[9,   800] loss: 1.085
[10,    10] loss: 1.085
[10,    20] loss: 1.112
[10,    30] loss: 1.142
[10,    40] loss: 1.009
[10,    50] loss: 1.173
[10,    60] loss: 1.103
[10,    70] loss: 1.096
[10,    80] loss: 1.137
[10,    90] loss: 1.233
[10,   100] loss: 1.222
[10,   110] loss: 1.102
[10,   120] loss: 1.244
[10,   130] loss: 1.102
[10,   140] loss: 1.124
[10,   150] loss: 1.205
[10,   160] loss: 1.064
[10,   170] loss: 1.116
[10,   180] loss: 1.068
[10,   190] loss: 1.154
[10,   200] loss: 1.152
[10,   210] loss: 1.105
[10,   220] loss: 1.028
[10,   230] loss: 1.125
[10,   240] loss: 1.044
[10,   250] loss: 1.193
[10,   260] loss: 1.116
[10,   270] loss: 1.083
[10,   280] loss: 1.088
[10,   290] loss: 1.072
[10,   300] loss: 1.141
[10,   310] loss: 1.179
[10,   320] loss: 1.185
[10,   330] loss: 1.171
[10,   340] loss: 1.017
[10,   350] loss: 1.155
[10,   360] loss: 1.075
[10,   370] loss: 1.156
[10,   380] loss: 1.110
[10,   390] loss: 1.091
[10,   400] loss: 1.096
[10,   410] loss: 1.044
[10,   420] loss: 1.174
[10,   430] loss: 1.069
[10,   440] loss: 1.146
[10,   450] loss: 1.161
[10,   460] loss: 1.147
[10,   470] loss: 1.208
[10,   480] loss: 1.185
[10,   490] loss: 1.018
[10,   500] loss: 1.054
[10,   510] loss: 1.132
[10,   520] loss: 1.123
[10,   530] loss: 1.088
[10,   540] loss: 1.184
[10,   550] loss: 1.032
[10,   560] loss: 1.074
[10,   570] loss: 1.079
[10,   580] loss: 1.024
[10,   590] loss: 1.025
[10,   600] loss: 1.122
[10,   610] loss: 1.078
[10,   620] loss: 1.035
[10,   630] loss: 1.124
[10,   640] loss: 1.046
[10,   650] loss: 1.245
[10,   660] loss: 1.162
[10,   670] loss: 1.065
[10,   680] loss: 1.108
[10,   690] loss: 0.968
[10,   700] loss: 1.090
[10,   710] loss: 1.143
[10,   720] loss: 1.070
[10,   730] loss: 1.070
[10,   740] loss: 1.078
[10,   750] loss: 1.048
[10,   760] loss: 1.229
[10,   770] loss: 1.214
[10,   780] loss: 1.153
[10,   790] loss: 1.204
[10,   800] loss: 1.111
[11,    10] loss: 1.069
[11,    20] loss: 1.064
[11,    30] loss: 1.231
[11,    40] loss: 1.118
[11,    50] loss: 1.040
[11,    60] loss: 1.131
[11,    70] loss: 1.136
[11,    80] loss: 1.192
[11,    90] loss: 1.115
[11,   100] loss: 1.055
[11,   110] loss: 1.108
[11,   120] loss: 1.127
[11,   130] loss: 1.008
[11,   140] loss: 1.110
[11,   150] loss: 1.139
[11,   160] loss: 1.030
[11,   170] loss: 1.071
[11,   180] loss: 1.171
[11,   190] loss: 1.035
[11,   200] loss: 0.982
[11,   210] loss: 1.054
[11,   220] loss: 1.147
[11,   230] loss: 1.061
[11,   240] loss: 1.141
[11,   250] loss: 1.157
[11,   260] loss: 1.135
[11,   270] loss: 1.077
[11,   280] loss: 1.065
[11,   290] loss: 1.129
[11,   300] loss: 1.113
[11,   310] loss: 1.135
[11,   320] loss: 1.108
[11,   330] loss: 0.971
[11,   340] loss: 1.105
[11,   350] loss: 1.064
[11,   360] loss: 1.097
[11,   370] loss: 1.122
[11,   380] loss: 1.054
[11,   390] loss: 1.145
[11,   400] loss: 1.064
[11,   410] loss: 1.029
[11,   420] loss: 1.059
[11,   430] loss: 1.051
[11,   440] loss: 1.031
[11,   450] loss: 1.092
[11,   460] loss: 1.118
[11,   470] loss: 1.136
[11,   480] loss: 1.080
[11,   490] loss: 1.107
[11,   500] loss: 1.056
[11,   510] loss: 1.160
[11,   520] loss: 1.067
[11,   530] loss: 1.150
[11,   540] loss: 1.097
[11,   550] loss: 1.039
[11,   560] loss: 1.103
[11,   570] loss: 1.092
[11,   580] loss: 1.121
[11,   590] loss: 1.008
[11,   600] loss: 1.103
[11,   610] loss: 1.055
[11,   620] loss: 1.165
[11,   630] loss: 1.068
[11,   640] loss: 1.092
[11,   650] loss: 1.044
[11,   660] loss: 1.150
[11,   670] loss: 1.079
[11,   680] loss: 1.054
[11,   690] loss: 1.099
[11,   700] loss: 1.155
[11,   710] loss: 1.102
[11,   720] loss: 1.066
[11,   730] loss: 1.009
[11,   740] loss: 1.081
[11,   750] loss: 1.040
[11,   760] loss: 1.077
[11,   770] loss: 1.142
[11,   780] loss: 1.067
[11,   790] loss: 1.109
[11,   800] loss: 1.119
[12,    10] loss: 1.072
[12,    20] loss: 1.148
[12,    30] loss: 1.153
[12,    40] loss: 1.058
[12,    50] loss: 0.993
[12,    60] loss: 1.035
[12,    70] loss: 1.053
[12,    80] loss: 1.047
[12,    90] loss: 1.167
[12,   100] loss: 0.996
[12,   110] loss: 1.005
[12,   120] loss: 1.123
[12,   130] loss: 1.134
[12,   140] loss: 1.080
[12,   150] loss: 1.090
[12,   160] loss: 1.025
[12,   170] loss: 1.145
[12,   180] loss: 1.047
[12,   190] loss: 1.019
[12,   200] loss: 0.965
[12,   210] loss: 1.116
[12,   220] loss: 1.099
[12,   230] loss: 1.116
[12,   240] loss: 0.980
[12,   250] loss: 1.086
[12,   260] loss: 0.993
[12,   270] loss: 1.014
[12,   280] loss: 1.071
[12,   290] loss: 1.092
[12,   300] loss: 0.975
[12,   310] loss: 1.032
[12,   320] loss: 1.134
[12,   330] loss: 1.003
[12,   340] loss: 1.110
[12,   350] loss: 1.139
[12,   360] loss: 1.067
[12,   370] loss: 1.101
[12,   380] loss: 1.107
[12,   390] loss: 0.993
[12,   400] loss: 1.084
[12,   410] loss: 1.055
[12,   420] loss: 1.184
[12,   430] loss: 1.011
[12,   440] loss: 0.947
[12,   450] loss: 1.006
[12,   460] loss: 0.962
[12,   470] loss: 1.142
[12,   480] loss: 1.077
[12,   490] loss: 1.064
[12,   500] loss: 1.151
[12,   510] loss: 1.186
[12,   520] loss: 1.062
[12,   530] loss: 1.021
[12,   540] loss: 1.066
[12,   550] loss: 1.098
[12,   560] loss: 1.052
[12,   570] loss: 1.062
[12,   580] loss: 0.984
[12,   590] loss: 1.106
[12,   600] loss: 1.131
[12,   610] loss: 1.044
[12,   620] loss: 1.054
[12,   630] loss: 1.020
[12,   640] loss: 1.020
[12,   650] loss: 0.945
[12,   660] loss: 1.066
[12,   670] loss: 1.105
[12,   680] loss: 1.125
[12,   690] loss: 1.083
[12,   700] loss: 1.077
[12,   710] loss: 1.145
[12,   720] loss: 0.985
[12,   730] loss: 0.985
[12,   740] loss: 0.984
[12,   750] loss: 0.995
[12,   760] loss: 1.181
[12,   770] loss: 1.079
[12,   780] loss: 1.097
[12,   790] loss: 1.138
[12,   800] loss: 1.053
[13,    10] loss: 1.190
[13,    20] loss: 1.038
[13,    30] loss: 1.047
[13,    40] loss: 1.122
[13,    50] loss: 1.109
[13,    60] loss: 1.157
[13,    70] loss: 0.996
[13,    80] loss: 1.061
[13,    90] loss: 1.152
[13,   100] loss: 1.021
[13,   110] loss: 1.023
[13,   120] loss: 1.027
[13,   130] loss: 1.127
[13,   140] loss: 1.028
[13,   150] loss: 1.105
[13,   160] loss: 1.042
[13,   170] loss: 1.098
[13,   180] loss: 1.002
[13,   190] loss: 1.113
[13,   200] loss: 1.117
[13,   210] loss: 1.065
[13,   220] loss: 1.140
[13,   230] loss: 1.046
[13,   240] loss: 1.042
[13,   250] loss: 1.008
[13,   260] loss: 1.046
[13,   270] loss: 1.025
[13,   280] loss: 1.114
[13,   290] loss: 1.109
[13,   300] loss: 1.012
[13,   310] loss: 0.995
[13,   320] loss: 1.079
[13,   330] loss: 1.079
[13,   340] loss: 1.103
[13,   350] loss: 1.056
[13,   360] loss: 1.060
[13,   370] loss: 1.078
[13,   380] loss: 1.029
[13,   390] loss: 1.172
[13,   400] loss: 1.025
[13,   410] loss: 1.000
[13,   420] loss: 1.130
[13,   430] loss: 1.022
[13,   440] loss: 1.039
[13,   450] loss: 1.084
[13,   460] loss: 1.025
[13,   470] loss: 1.141
[13,   480] loss: 1.172
[13,   490] loss: 1.063
[13,   500] loss: 1.026
[13,   510] loss: 1.065
[13,   520] loss: 0.999
[13,   530] loss: 1.000
[13,   540] loss: 1.063
[13,   550] loss: 1.101
[13,   560] loss: 1.049
[13,   570] loss: 1.031
[13,   580] loss: 0.924
[13,   590] loss: 1.091
[13,   600] loss: 0.938
[13,   610] loss: 1.063
[13,   620] loss: 1.076
[13,   630] loss: 1.051
[13,   640] loss: 1.114
[13,   650] loss: 1.088
[13,   660] loss: 1.064
[13,   670] loss: 1.081
[13,   680] loss: 1.125
[13,   690] loss: 1.190
[13,   700] loss: 1.135
[13,   710] loss: 1.149
[13,   720] loss: 1.041
[13,   730] loss: 1.026
[13,   740] loss: 1.034
[13,   750] loss: 1.014
[13,   760] loss: 1.140
[13,   770] loss: 0.948
[13,   780] loss: 1.044
[13,   790] loss: 1.109
[13,   800] loss: 1.137
[14,    10] loss: 1.073
[14,    20] loss: 0.969
[14,    30] loss: 1.140
[14,    40] loss: 1.040
[14,    50] loss: 1.083
[14,    60] loss: 1.081
[14,    70] loss: 0.912
[14,    80] loss: 1.074
[14,    90] loss: 1.116
[14,   100] loss: 0.989
[14,   110] loss: 1.119
[14,   120] loss: 1.042
[14,   130] loss: 1.103
[14,   140] loss: 1.073
[14,   150] loss: 1.118
[14,   160] loss: 0.971
[14,   170] loss: 1.041
[14,   180] loss: 1.024
[14,   190] loss: 1.047
[14,   200] loss: 1.027
[14,   210] loss: 1.086
[14,   220] loss: 1.031
[14,   230] loss: 0.969
[14,   240] loss: 1.045
[14,   250] loss: 1.097
[14,   260] loss: 0.996
[14,   270] loss: 1.061
[14,   280] loss: 1.088
[14,   290] loss: 1.012
[14,   300] loss: 1.054
[14,   310] loss: 1.066
[14,   320] loss: 1.107
[14,   330] loss: 1.021
[14,   340] loss: 1.070
[14,   350] loss: 1.150
[14,   360] loss: 1.145
[14,   370] loss: 1.140
[14,   380] loss: 1.033
[14,   390] loss: 1.037
[14,   400] loss: 1.115
[14,   410] loss: 1.130
[14,   420] loss: 0.979
[14,   430] loss: 1.127
[14,   440] loss: 1.045
[14,   450] loss: 1.068
[14,   460] loss: 1.014
[14,   470] loss: 1.024
[14,   480] loss: 1.077
[14,   490] loss: 0.998
[14,   500] loss: 1.024
[14,   510] loss: 1.083
[14,   520] loss: 1.105
[14,   530] loss: 1.047
[14,   540] loss: 1.084
[14,   550] loss: 1.072
[14,   560] loss: 1.070
[14,   570] loss: 1.025
[14,   580] loss: 1.038
[14,   590] loss: 1.007
[14,   600] loss: 1.075
[14,   610] loss: 1.073
[14,   620] loss: 1.067
[14,   630] loss: 1.007
[14,   640] loss: 1.099
[14,   650] loss: 1.023
[14,   660] loss: 1.048
[14,   670] loss: 1.095
[14,   680] loss: 1.073
[14,   690] loss: 1.144
[14,   700] loss: 1.134
[14,   710] loss: 1.020
[14,   720] loss: 0.966
[14,   730] loss: 1.062
[14,   740] loss: 1.026
[14,   750] loss: 1.128
[14,   760] loss: 1.077
[14,   770] loss: 1.091
[14,   780] loss: 1.065
[14,   790] loss: 0.936
[14,   800] loss: 1.051
[15,    10] loss: 1.056
[15,    20] loss: 1.106
[15,    30] loss: 1.024
[15,    40] loss: 0.886
[15,    50] loss: 1.052
[15,    60] loss: 1.062
[15,    70] loss: 1.167
[15,    80] loss: 1.070
[15,    90] loss: 1.090
[15,   100] loss: 1.080
[15,   110] loss: 1.099
[15,   120] loss: 0.974
[15,   130] loss: 1.095
[15,   140] loss: 1.061
[15,   150] loss: 0.988
[15,   160] loss: 1.022
[15,   170] loss: 1.132
[15,   180] loss: 1.014
[15,   190] loss: 0.961
[15,   200] loss: 1.030
[15,   210] loss: 1.006
[15,   220] loss: 1.023
[15,   230] loss: 1.058
[15,   240] loss: 1.029
[15,   250] loss: 1.052
[15,   260] loss: 1.026
[15,   270] loss: 1.082
[15,   280] loss: 1.037
[15,   290] loss: 1.081
[15,   300] loss: 1.196
[15,   310] loss: 1.148
[15,   320] loss: 0.971
[15,   330] loss: 0.992
[15,   340] loss: 1.033
[15,   350] loss: 0.974
[15,   360] loss: 1.052
[15,   370] loss: 1.038
[15,   380] loss: 1.013
[15,   390] loss: 0.972
[15,   400] loss: 0.982
[15,   410] loss: 1.017
[15,   420] loss: 0.990
[15,   430] loss: 1.000
[15,   440] loss: 1.096
[15,   450] loss: 1.050
[15,   460] loss: 1.055
[15,   470] loss: 0.984
[15,   480] loss: 1.093
[15,   490] loss: 1.016
[15,   500] loss: 1.048
[15,   510] loss: 1.067
[15,   520] loss: 1.032
[15,   530] loss: 0.979
[15,   540] loss: 1.070
[15,   550] loss: 1.015
[15,   560] loss: 1.061
[15,   570] loss: 1.012
[15,   580] loss: 1.046
[15,   590] loss: 1.011
[15,   600] loss: 1.093
[15,   610] loss: 1.150
[15,   620] loss: 1.071
[15,   630] loss: 1.085
[15,   640] loss: 1.032
[15,   650] loss: 1.038
[15,   660] loss: 1.034
[15,   670] loss: 1.097
[15,   680] loss: 0.997
[15,   690] loss: 1.026
[15,   700] loss: 0.977
[15,   710] loss: 1.006
[15,   720] loss: 0.950
[15,   730] loss: 1.080
[15,   740] loss: 1.107
[15,   750] loss: 1.086
[15,   760] loss: 0.977
[15,   770] loss: 1.025
[15,   780] loss: 1.043
[15,   790] loss: 0.993
[15,   800] loss: 1.103
[16,    10] loss: 1.058
[16,    20] loss: 1.236
[16,    30] loss: 1.155
[16,    40] loss: 1.118
[16,    50] loss: 1.061
[16,    60] loss: 1.122
[16,    70] loss: 0.940
[16,    80] loss: 1.060
[16,    90] loss: 1.110
[16,   100] loss: 1.105
[16,   110] loss: 1.095
[16,   120] loss: 1.040
[16,   130] loss: 1.025
[16,   140] loss: 1.043
[16,   150] loss: 0.990
[16,   160] loss: 1.061
[16,   170] loss: 1.004
[16,   180] loss: 1.055
[16,   190] loss: 0.991
[16,   200] loss: 0.980
[16,   210] loss: 1.050
[16,   220] loss: 1.142
[16,   230] loss: 1.017
[16,   240] loss: 1.027
[16,   250] loss: 1.028
[16,   260] loss: 1.019
[16,   270] loss: 0.922
[16,   280] loss: 0.972
[16,   290] loss: 0.965
[16,   300] loss: 1.129
[16,   310] loss: 1.064
[16,   320] loss: 1.110
[16,   330] loss: 1.114
[16,   340] loss: 1.028
[16,   350] loss: 0.979
[16,   360] loss: 1.085
[16,   370] loss: 0.961
[16,   380] loss: 1.059
[16,   390] loss: 1.091
[16,   400] loss: 1.140
[16,   410] loss: 1.105
[16,   420] loss: 1.088
[16,   430] loss: 1.054
[16,   440] loss: 1.094
[16,   450] loss: 1.014
[16,   460] loss: 1.038
[16,   470] loss: 0.973
[16,   480] loss: 1.015
[16,   490] loss: 1.020
[16,   500] loss: 0.970
[16,   510] loss: 1.004
[16,   520] loss: 1.071
[16,   530] loss: 1.001
[16,   540] loss: 0.993
[16,   550] loss: 1.117
[16,   560] loss: 0.981
[16,   570] loss: 1.066
[16,   580] loss: 1.074
[16,   590] loss: 1.108
[16,   600] loss: 1.076
[16,   610] loss: 1.035
[16,   620] loss: 1.104
[16,   630] loss: 1.055
[16,   640] loss: 1.155
[16,   650] loss: 1.117
[16,   660] loss: 1.021
[16,   670] loss: 1.052
[16,   680] loss: 0.963
[16,   690] loss: 0.944
[16,   700] loss: 1.035
[16,   710] loss: 0.965
[16,   720] loss: 1.089
[16,   730] loss: 1.020
[16,   740] loss: 0.986
[16,   750] loss: 0.995
[16,   760] loss: 1.092
[16,   770] loss: 1.014
[16,   780] loss: 0.989
[16,   790] loss: 1.016
[16,   800] loss: 1.009
[17,    10] loss: 1.104
[17,    20] loss: 1.026
[17,    30] loss: 1.018
[17,    40] loss: 1.079
[17,    50] loss: 1.067
[17,    60] loss: 1.058
[17,    70] loss: 1.162
[17,    80] loss: 0.967
[17,    90] loss: 1.137
[17,   100] loss: 1.053
[17,   110] loss: 0.963
[17,   120] loss: 1.004
[17,   130] loss: 1.013
[17,   140] loss: 1.074
[17,   150] loss: 0.952
[17,   160] loss: 1.068
[17,   170] loss: 1.026
[17,   180] loss: 0.948
[17,   190] loss: 0.965
[17,   200] loss: 1.056
[17,   210] loss: 0.879
[17,   220] loss: 1.030
[17,   230] loss: 1.090
[17,   240] loss: 1.023
[17,   250] loss: 1.021
[17,   260] loss: 1.026
[17,   270] loss: 0.960
[17,   280] loss: 1.129
[17,   290] loss: 1.115
[17,   300] loss: 1.009
[17,   310] loss: 1.010
[17,   320] loss: 1.010
[17,   330] loss: 1.065
[17,   340] loss: 0.974
[17,   350] loss: 0.965
[17,   360] loss: 0.985
[17,   370] loss: 1.068
[17,   380] loss: 1.040
[17,   390] loss: 0.999
[17,   400] loss: 1.065
[17,   410] loss: 0.987
[17,   420] loss: 1.059
[17,   430] loss: 1.063
[17,   440] loss: 0.983
[17,   450] loss: 1.023
[17,   460] loss: 1.050
[17,   470] loss: 1.164
[17,   480] loss: 1.133
[17,   490] loss: 1.060
[17,   500] loss: 1.118
[17,   510] loss: 1.085
[17,   520] loss: 0.999
[17,   530] loss: 0.964
[17,   540] loss: 0.971
[17,   550] loss: 1.045
[17,   560] loss: 1.134
[17,   570] loss: 0.978
[17,   580] loss: 1.107
[17,   590] loss: 1.054
[17,   600] loss: 0.997
[17,   610] loss: 0.957
[17,   620] loss: 1.132
[17,   630] loss: 1.126
[17,   640] loss: 1.130
[17,   650] loss: 1.070
[17,   660] loss: 1.151
[17,   670] loss: 1.113
[17,   680] loss: 1.060
[17,   690] loss: 0.956
[17,   700] loss: 0.971
[17,   710] loss: 1.040
[17,   720] loss: 1.039
[17,   730] loss: 1.038
[17,   740] loss: 1.062
[17,   750] loss: 1.148
[17,   760] loss: 1.086
[17,   770] loss: 1.047
[17,   780] loss: 1.030
[17,   790] loss: 1.075
[17,   800] loss: 1.069
[18,    10] loss: 1.077
[18,    20] loss: 1.099
[18,    30] loss: 1.125
[18,    40] loss: 1.143
[18,    50] loss: 0.959
[18,    60] loss: 0.993
[18,    70] loss: 1.038
[18,    80] loss: 1.018
[18,    90] loss: 1.035
[18,   100] loss: 0.999
[18,   110] loss: 1.064
[18,   120] loss: 1.022
[18,   130] loss: 1.005
[18,   140] loss: 1.025
[18,   150] loss: 1.095
[18,   160] loss: 0.977
[18,   170] loss: 1.092
[18,   180] loss: 1.112
[18,   190] loss: 1.003
[18,   200] loss: 0.949
[18,   210] loss: 1.018
[18,   220] loss: 1.018
[18,   230] loss: 0.957
[18,   240] loss: 0.989
[18,   250] loss: 1.065
[18,   260] loss: 1.042
[18,   270] loss: 1.039
[18,   280] loss: 1.039
[18,   290] loss: 1.086
[18,   300] loss: 1.050
[18,   310] loss: 1.071
[18,   320] loss: 1.060
[18,   330] loss: 1.004
[18,   340] loss: 0.975
[18,   350] loss: 1.085
[18,   360] loss: 0.999
[18,   370] loss: 1.015
[18,   380] loss: 1.046
[18,   390] loss: 0.949
[18,   400] loss: 1.053
[18,   410] loss: 0.943
[18,   420] loss: 0.968
[18,   430] loss: 0.887
[18,   440] loss: 1.040
[18,   450] loss: 1.012
[18,   460] loss: 1.023
[18,   470] loss: 1.041
[18,   480] loss: 1.030
[18,   490] loss: 1.062
[18,   500] loss: 1.235
[18,   510] loss: 1.097
[18,   520] loss: 1.029
[18,   530] loss: 1.081
[18,   540] loss: 0.972
[18,   550] loss: 1.030
[18,   560] loss: 1.017
[18,   570] loss: 1.069
[18,   580] loss: 1.016
[18,   590] loss: 1.173
[18,   600] loss: 1.095
[18,   610] loss: 1.086
[18,   620] loss: 1.047
[18,   630] loss: 1.092
[18,   640] loss: 0.994
[18,   650] loss: 0.989
[18,   660] loss: 1.075
[18,   670] loss: 1.064
[18,   680] loss: 0.974
[18,   690] loss: 1.055
[18,   700] loss: 1.070
[18,   710] loss: 1.010
[18,   720] loss: 1.050
[18,   730] loss: 1.080
[18,   740] loss: 1.025
[18,   750] loss: 1.067
[18,   760] loss: 1.063
[18,   770] loss: 1.106
[18,   780] loss: 0.890
[18,   790] loss: 0.995
[18,   800] loss: 1.043
[19,    10] loss: 0.909
[19,    20] loss: 1.020
[19,    30] loss: 1.045
[19,    40] loss: 1.125
[19,    50] loss: 1.051
[19,    60] loss: 0.958
[19,    70] loss: 1.080
[19,    80] loss: 0.945
[19,    90] loss: 1.042
[19,   100] loss: 1.038
[19,   110] loss: 1.094
[19,   120] loss: 1.069
[19,   130] loss: 1.063
[19,   140] loss: 0.987
[19,   150] loss: 0.968
[19,   160] loss: 0.937
[19,   170] loss: 1.111
[19,   180] loss: 1.119
[19,   190] loss: 1.060
[19,   200] loss: 0.939
[19,   210] loss: 1.032
[19,   220] loss: 1.015
[19,   230] loss: 1.070
[19,   240] loss: 1.031
[19,   250] loss: 0.974
[19,   260] loss: 0.893
[19,   270] loss: 1.005
[19,   280] loss: 1.004
[19,   290] loss: 0.988
[19,   300] loss: 1.112
[19,   310] loss: 1.044
[19,   320] loss: 1.114
[19,   330] loss: 1.087
[19,   340] loss: 1.124
[19,   350] loss: 1.006
[19,   360] loss: 1.046
[19,   370] loss: 0.944
[19,   380] loss: 0.951
[19,   390] loss: 1.007
[19,   400] loss: 1.076
[19,   410] loss: 1.021
[19,   420] loss: 0.947
[19,   430] loss: 0.939
[19,   440] loss: 0.968
[19,   450] loss: 1.013
[19,   460] loss: 1.010
[19,   470] loss: 0.890
[19,   480] loss: 1.061
[19,   490] loss: 1.069
[19,   500] loss: 1.038
[19,   510] loss: 1.011
[19,   520] loss: 1.015
[19,   530] loss: 1.035
[19,   540] loss: 1.021
[19,   550] loss: 0.991
[19,   560] loss: 0.960
[19,   570] loss: 1.003
[19,   580] loss: 0.925
[19,   590] loss: 1.006
[19,   600] loss: 0.954
[19,   610] loss: 1.089
[19,   620] loss: 1.045
[19,   630] loss: 0.909
[19,   640] loss: 1.094
[19,   650] loss: 0.998
[19,   660] loss: 1.043
[19,   670] loss: 1.013
[19,   680] loss: 1.041
[19,   690] loss: 0.974
[19,   700] loss: 1.029
[19,   710] loss: 0.938
[19,   720] loss: 0.965
[19,   730] loss: 1.070
[19,   740] loss: 0.984
[19,   750] loss: 1.022
[19,   760] loss: 0.955
[19,   770] loss: 0.944
[19,   780] loss: 1.035
[19,   790] loss: 0.924
[19,   800] loss: 1.100
[20,    10] loss: 1.006
[20,    20] loss: 1.014
[20,    30] loss: 1.097
[20,    40] loss: 0.894
[20,    50] loss: 1.019
[20,    60] loss: 1.057
[20,    70] loss: 1.032
[20,    80] loss: 1.070
[20,    90] loss: 1.032
[20,   100] loss: 1.029
[20,   110] loss: 1.070
[20,   120] loss: 1.068
[20,   130] loss: 0.976
[20,   140] loss: 0.997
[20,   150] loss: 1.055
[20,   160] loss: 0.985
[20,   170] loss: 1.006
[20,   180] loss: 1.045
[20,   190] loss: 1.066
[20,   200] loss: 1.056
[20,   210] loss: 1.065
[20,   220] loss: 1.014
[20,   230] loss: 1.114
[20,   240] loss: 0.974
[20,   250] loss: 0.984
[20,   260] loss: 0.981
[20,   270] loss: 1.021
[20,   280] loss: 1.049
[20,   290] loss: 1.143
[20,   300] loss: 1.015
[20,   310] loss: 1.026
[20,   320] loss: 1.006
[20,   330] loss: 1.018
[20,   340] loss: 0.974
[20,   350] loss: 1.005
[20,   360] loss: 1.046
[20,   370] loss: 0.974
[20,   380] loss: 1.130
[20,   390] loss: 0.957
[20,   400] loss: 1.051
[20,   410] loss: 1.052
[20,   420] loss: 0.963
[20,   430] loss: 0.906
[20,   440] loss: 1.030
[20,   450] loss: 1.062
[20,   460] loss: 0.977
[20,   470] loss: 0.958
[20,   480] loss: 1.039
[20,   490] loss: 1.045
[20,   500] loss: 1.010
[20,   510] loss: 1.078
[20,   520] loss: 0.947
[20,   530] loss: 1.015
[20,   540] loss: 0.956
[20,   550] loss: 0.977
[20,   560] loss: 1.083
[20,   570] loss: 1.067
[20,   580] loss: 1.004
[20,   590] loss: 1.016
[20,   600] loss: 1.036
[20,   610] loss: 1.013
[20,   620] loss: 0.979
[20,   630] loss: 0.947
[20,   640] loss: 1.067
[20,   650] loss: 1.098
[20,   660] loss: 0.964
[20,   670] loss: 1.056
[20,   680] loss: 0.939
[20,   690] loss: 0.921
[20,   700] loss: 0.915
[20,   710] loss: 0.986
[20,   720] loss: 1.007
[20,   730] loss: 0.919
[20,   740] loss: 1.049
[20,   750] loss: 1.030
[20,   760] loss: 0.947
[20,   770] loss: 0.948
[20,   780] loss: 1.102
[20,   790] loss: 0.976
[20,   800] loss: 1.000
[21,    10] loss: 0.922
[21,    20] loss: 0.924
[21,    30] loss: 0.991
[21,    40] loss: 1.037
[21,    50] loss: 0.962
[21,    60] loss: 1.043
[21,    70] loss: 1.083
[21,    80] loss: 1.062
[21,    90] loss: 0.952
[21,   100] loss: 0.987
[21,   110] loss: 0.992
[21,   120] loss: 0.986
[21,   130] loss: 1.058
[21,   140] loss: 0.963
[21,   150] loss: 0.935
[21,   160] loss: 1.003
[21,   170] loss: 1.073
[21,   180] loss: 1.038
[21,   190] loss: 1.003
[21,   200] loss: 1.094
[21,   210] loss: 1.077
[21,   220] loss: 1.012
[21,   230] loss: 0.982
[21,   240] loss: 0.927
[21,   250] loss: 0.982
[21,   260] loss: 0.971
[21,   270] loss: 1.036
[21,   280] loss: 1.012
[21,   290] loss: 1.023
[21,   300] loss: 1.000
[21,   310] loss: 1.017
[21,   320] loss: 1.022
[21,   330] loss: 0.997
[21,   340] loss: 0.976
[21,   350] loss: 1.124
[21,   360] loss: 1.015
[21,   370] loss: 1.036
[21,   380] loss: 1.026
[21,   390] loss: 1.033
[21,   400] loss: 1.043
[21,   410] loss: 1.042
[21,   420] loss: 1.027
[21,   430] loss: 1.016
[21,   440] loss: 1.030
[21,   450] loss: 1.025
[21,   460] loss: 0.895
[21,   470] loss: 0.932
[21,   480] loss: 0.927
[21,   490] loss: 0.980
[21,   500] loss: 0.913
[21,   510] loss: 0.970
[21,   520] loss: 0.951
[21,   530] loss: 0.924
[21,   540] loss: 0.946
[21,   550] loss: 1.002
[21,   560] loss: 1.038
[21,   570] loss: 0.990
[21,   580] loss: 0.963
[21,   590] loss: 1.110
[21,   600] loss: 1.177
[21,   610] loss: 0.995
[21,   620] loss: 1.134
[21,   630] loss: 1.107
[21,   640] loss: 1.090
[21,   650] loss: 0.962
[21,   660] loss: 0.912
[21,   670] loss: 0.992
[21,   680] loss: 0.998
[21,   690] loss: 0.972
[21,   700] loss: 0.928
[21,   710] loss: 0.966
[21,   720] loss: 0.999
[21,   730] loss: 1.009
[21,   740] loss: 1.016
[21,   750] loss: 1.023
[21,   760] loss: 1.010
[21,   770] loss: 1.001
[21,   780] loss: 1.059
[21,   790] loss: 0.951
[21,   800] loss: 1.135
[22,    10] loss: 0.995
[22,    20] loss: 1.051
[22,    30] loss: 1.004
[22,    40] loss: 1.068
[22,    50] loss: 1.016
[22,    60] loss: 1.072
[22,    70] loss: 1.039
[22,    80] loss: 1.131
[22,    90] loss: 1.031
[22,   100] loss: 1.014
[22,   110] loss: 0.976
[22,   120] loss: 1.005
[22,   130] loss: 1.043
[22,   140] loss: 1.039
[22,   150] loss: 0.953
[22,   160] loss: 1.042
[22,   170] loss: 0.998
[22,   180] loss: 1.013
[22,   190] loss: 0.946
[22,   200] loss: 0.985
[22,   210] loss: 1.019
[22,   220] loss: 1.022
[22,   230] loss: 0.994
[22,   240] loss: 1.045
[22,   250] loss: 1.070
[22,   260] loss: 0.951
[22,   270] loss: 0.977
[22,   280] loss: 1.056
[22,   290] loss: 0.950
[22,   300] loss: 0.959
[22,   310] loss: 1.044
[22,   320] loss: 1.089
[22,   330] loss: 1.106
[22,   340] loss: 1.142
[22,   350] loss: 0.998
[22,   360] loss: 0.947
[22,   370] loss: 1.026
[22,   380] loss: 1.027
[22,   390] loss: 0.995
[22,   400] loss: 1.011
[22,   410] loss: 1.028
[22,   420] loss: 1.075
[22,   430] loss: 1.030
[22,   440] loss: 1.056
[22,   450] loss: 0.958
[22,   460] loss: 0.954
[22,   470] loss: 1.062
[22,   480] loss: 1.000
[22,   490] loss: 0.971
[22,   500] loss: 0.988
[22,   510] loss: 0.854
[22,   520] loss: 0.927
[22,   530] loss: 0.887
[22,   540] loss: 0.966
[22,   550] loss: 0.927
[22,   560] loss: 0.922
[22,   570] loss: 1.055
[22,   580] loss: 0.971
[22,   590] loss: 1.050
[22,   600] loss: 0.933
[22,   610] loss: 0.908
[22,   620] loss: 1.013
[22,   630] loss: 0.941
[22,   640] loss: 1.055
[22,   650] loss: 1.072
[22,   660] loss: 1.020
[22,   670] loss: 1.059
[22,   680] loss: 1.007
[22,   690] loss: 1.017
[22,   700] loss: 1.019
[22,   710] loss: 1.083
[22,   720] loss: 1.083
[22,   730] loss: 1.010
[22,   740] loss: 1.002
[22,   750] loss: 0.995
[22,   760] loss: 0.904
[22,   770] loss: 0.948
[22,   780] loss: 0.928
[22,   790] loss: 0.967
[22,   800] loss: 0.917
[23,    10] loss: 1.029
[23,    20] loss: 0.929
[23,    30] loss: 1.040
[23,    40] loss: 1.004
[23,    50] loss: 1.031
[23,    60] loss: 0.936
[23,    70] loss: 0.956
[23,    80] loss: 1.078
[23,    90] loss: 1.005
[23,   100] loss: 1.045
[23,   110] loss: 0.999
[23,   120] loss: 1.033
[23,   130] loss: 0.939
[23,   140] loss: 0.987
[23,   150] loss: 1.012
[23,   160] loss: 1.134
[23,   170] loss: 0.974
[23,   180] loss: 1.070
[23,   190] loss: 1.028
[23,   200] loss: 0.950
[23,   210] loss: 1.055
[23,   220] loss: 1.061
[23,   230] loss: 1.021
[23,   240] loss: 0.989
[23,   250] loss: 0.903
[23,   260] loss: 1.120
[23,   270] loss: 1.018
[23,   280] loss: 1.005
[23,   290] loss: 1.008
[23,   300] loss: 1.016
[23,   310] loss: 0.983
[23,   320] loss: 1.061
[23,   330] loss: 0.968
[23,   340] loss: 0.958
[23,   350] loss: 0.966
[23,   360] loss: 0.979
[23,   370] loss: 0.999
[23,   380] loss: 0.994
[23,   390] loss: 1.093
[23,   400] loss: 1.001
[23,   410] loss: 0.982
[23,   420] loss: 1.011
[23,   430] loss: 1.078
[23,   440] loss: 1.049
[23,   450] loss: 1.072
[23,   460] loss: 0.976
[23,   470] loss: 0.993
[23,   480] loss: 0.934
[23,   490] loss: 1.036
[23,   500] loss: 0.966
[23,   510] loss: 1.063
[23,   520] loss: 1.077
[23,   530] loss: 0.977
[23,   540] loss: 1.050
[23,   550] loss: 0.975
[23,   560] loss: 1.025
[23,   570] loss: 1.075
[23,   580] loss: 1.021
[23,   590] loss: 0.970
[23,   600] loss: 1.032
[23,   610] loss: 1.016
[23,   620] loss: 1.035
[23,   630] loss: 1.016
[23,   640] loss: 1.039
[23,   650] loss: 0.998
[23,   660] loss: 0.988
[23,   670] loss: 0.946
[23,   680] loss: 0.991
[23,   690] loss: 1.060
[23,   700] loss: 1.100
[23,   710] loss: 0.922
[23,   720] loss: 0.928
[23,   730] loss: 1.019
[23,   740] loss: 1.124
[23,   750] loss: 0.954
[23,   760] loss: 1.070
[23,   770] loss: 1.101
[23,   780] loss: 0.930
[23,   790] loss: 0.938
[23,   800] loss: 1.047
[24,    10] loss: 1.052
[24,    20] loss: 1.002
[24,    30] loss: 0.973
[24,    40] loss: 1.034
[24,    50] loss: 1.000
[24,    60] loss: 1.021
[24,    70] loss: 1.079
[24,    80] loss: 0.979
[24,    90] loss: 1.007
[24,   100] loss: 0.878
[24,   110] loss: 1.068
[24,   120] loss: 0.997
[24,   130] loss: 0.959
[24,   140] loss: 1.015
[24,   150] loss: 1.002
[24,   160] loss: 0.997
[24,   170] loss: 1.040
[24,   180] loss: 0.937
[24,   190] loss: 0.963
[24,   200] loss: 1.001
[24,   210] loss: 1.027
[24,   220] loss: 1.115
[24,   230] loss: 1.089
[24,   240] loss: 1.010
[24,   250] loss: 1.001
[24,   260] loss: 1.041
[24,   270] loss: 0.939
[24,   280] loss: 1.058
[24,   290] loss: 1.017
[24,   300] loss: 0.922
[24,   310] loss: 0.966
[24,   320] loss: 0.905
[24,   330] loss: 1.052
[24,   340] loss: 1.033
[24,   350] loss: 1.027
[24,   360] loss: 1.001
[24,   370] loss: 1.015
[24,   380] loss: 0.884
[24,   390] loss: 1.006
[24,   400] loss: 1.105
[24,   410] loss: 1.055
[24,   420] loss: 1.026
[24,   430] loss: 1.116
[24,   440] loss: 1.064
[24,   450] loss: 1.065
[24,   460] loss: 1.034
[24,   470] loss: 1.038
[24,   480] loss: 1.026
[24,   490] loss: 0.959
[24,   500] loss: 0.909
[24,   510] loss: 1.036
[24,   520] loss: 0.954
[24,   530] loss: 1.057
[24,   540] loss: 0.968
[24,   550] loss: 0.962
[24,   560] loss: 0.965
[24,   570] loss: 1.070
[24,   580] loss: 0.922
[24,   590] loss: 1.062
[24,   600] loss: 0.943
[24,   610] loss: 0.971
[24,   620] loss: 1.028
[24,   630] loss: 1.040
[24,   640] loss: 1.056
[24,   650] loss: 1.118
[24,   660] loss: 0.931
[24,   670] loss: 1.023
[24,   680] loss: 1.036
[24,   690] loss: 0.975
[24,   700] loss: 1.047
[24,   710] loss: 0.991
[24,   720] loss: 0.991
[24,   730] loss: 0.931
[24,   740] loss: 0.992
[24,   750] loss: 0.998
[24,   760] loss: 1.052
[24,   770] loss: 1.011
[24,   780] loss: 1.127
[24,   790] loss: 0.983
[24,   800] loss: 0.986
[25,    10] loss: 0.963
[25,    20] loss: 0.930
[25,    30] loss: 1.023
[25,    40] loss: 1.081
[25,    50] loss: 1.000
[25,    60] loss: 1.048
[25,    70] loss: 1.177
[25,    80] loss: 1.035
[25,    90] loss: 0.925
[25,   100] loss: 1.029
[25,   110] loss: 1.001
[25,   120] loss: 1.032
[25,   130] loss: 1.070
[25,   140] loss: 0.929
[25,   150] loss: 1.048
[25,   160] loss: 0.886
[25,   170] loss: 0.978
[25,   180] loss: 1.010
[25,   190] loss: 1.123
[25,   200] loss: 0.912
[25,   210] loss: 0.964
[25,   220] loss: 0.980
[25,   230] loss: 1.026
[25,   240] loss: 0.972
[25,   250] loss: 1.071
[25,   260] loss: 0.941
[25,   270] loss: 0.928
[25,   280] loss: 1.045
[25,   290] loss: 0.947
[25,   300] loss: 0.980
[25,   310] loss: 1.026
[25,   320] loss: 1.103
[25,   330] loss: 1.026
[25,   340] loss: 0.952
[25,   350] loss: 0.976
[25,   360] loss: 1.004
[25,   370] loss: 0.961
[25,   380] loss: 1.025
[25,   390] loss: 0.908
[25,   400] loss: 1.016
[25,   410] loss: 1.066
[25,   420] loss: 1.051
[25,   430] loss: 1.088
[25,   440] loss: 1.013
[25,   450] loss: 1.021
[25,   460] loss: 0.984
[25,   470] loss: 0.907
[25,   480] loss: 1.007
[25,   490] loss: 1.047
[25,   500] loss: 0.989
[25,   510] loss: 0.869
[25,   520] loss: 1.000
[25,   530] loss: 1.009
[25,   540] loss: 1.040
[25,   550] loss: 1.016
[25,   560] loss: 0.890
[25,   570] loss: 1.019
[25,   580] loss: 0.909
[25,   590] loss: 0.963
[25,   600] loss: 0.944
[25,   610] loss: 1.023
[25,   620] loss: 0.887
[25,   630] loss: 0.975
[25,   640] loss: 0.986
[25,   650] loss: 0.921
[25,   660] loss: 0.960
[25,   670] loss: 0.915
[25,   680] loss: 0.963
[25,   690] loss: 1.110
[25,   700] loss: 1.075
[25,   710] loss: 1.024
[25,   720] loss: 0.887
[25,   730] loss: 1.086
[25,   740] loss: 1.096
[25,   750] loss: 1.058
[25,   760] loss: 0.920
[25,   770] loss: 0.974
[25,   780] loss: 0.998
[25,   790] loss: 1.054
[25,   800] loss: 1.117
[26,    10] loss: 0.977
[26,    20] loss: 0.975
[26,    30] loss: 1.023
[26,    40] loss: 1.070
[26,    50] loss: 0.999
[26,    60] loss: 0.951
[26,    70] loss: 0.962
[26,    80] loss: 0.971
[26,    90] loss: 0.959
[26,   100] loss: 1.133
[26,   110] loss: 0.947
[26,   120] loss: 0.896
[26,   130] loss: 1.006
[26,   140] loss: 1.027
[26,   150] loss: 0.966
[26,   160] loss: 1.068
[26,   170] loss: 0.950
[26,   180] loss: 1.032
[26,   190] loss: 0.990
[26,   200] loss: 1.026
[26,   210] loss: 1.032
[26,   220] loss: 1.112
[26,   230] loss: 1.074
[26,   240] loss: 1.121
[26,   250] loss: 0.961
[26,   260] loss: 1.043
[26,   270] loss: 0.904
[26,   280] loss: 1.025
[26,   290] loss: 1.001
[26,   300] loss: 0.956
[26,   310] loss: 0.998
[26,   320] loss: 0.926
[26,   330] loss: 1.023
[26,   340] loss: 0.978
[26,   350] loss: 1.097
[26,   360] loss: 1.061
[26,   370] loss: 1.006
[26,   380] loss: 1.056
[26,   390] loss: 1.017
[26,   400] loss: 0.991
[26,   410] loss: 1.144
[26,   420] loss: 1.045
[26,   430] loss: 0.972
[26,   440] loss: 1.011
[26,   450] loss: 0.939
[26,   460] loss: 0.974
[26,   470] loss: 1.019
[26,   480] loss: 1.062
[26,   490] loss: 1.017
[26,   500] loss: 1.048
[26,   510] loss: 0.994
[26,   520] loss: 0.926
[26,   530] loss: 1.041
[26,   540] loss: 0.897
[26,   550] loss: 1.168
[26,   560] loss: 0.929
[26,   570] loss: 0.971
[26,   580] loss: 0.916
[26,   590] loss: 0.942
[26,   600] loss: 0.993
[26,   610] loss: 0.989
[26,   620] loss: 0.990
[26,   630] loss: 0.937
[26,   640] loss: 0.955
[26,   650] loss: 0.997
[26,   660] loss: 0.903
[26,   670] loss: 0.902
[26,   680] loss: 0.971
[26,   690] loss: 0.995
[26,   700] loss: 1.030
[26,   710] loss: 1.016
[26,   720] loss: 0.930
[26,   730] loss: 0.986
[26,   740] loss: 1.034
[26,   750] loss: 0.844
[26,   760] loss: 1.021
[26,   770] loss: 1.005
[26,   780] loss: 0.975
[26,   790] loss: 0.955
[26,   800] loss: 0.962
[27,    10] loss: 1.142
[27,    20] loss: 1.153
[27,    30] loss: 0.977
[27,    40] loss: 1.099
[27,    50] loss: 0.998
[27,    60] loss: 1.026
[27,    70] loss: 1.051
[27,    80] loss: 1.060
[27,    90] loss: 1.077
[27,   100] loss: 0.976
[27,   110] loss: 0.936
[27,   120] loss: 0.968
[27,   130] loss: 0.966
[27,   140] loss: 1.073
[27,   150] loss: 0.933
[27,   160] loss: 1.060
[27,   170] loss: 0.968
[27,   180] loss: 0.965
[27,   190] loss: 1.033
[27,   200] loss: 0.909
[27,   210] loss: 1.103
[27,   220] loss: 1.033
[27,   230] loss: 0.957
[27,   240] loss: 1.000
[27,   250] loss: 1.020
[27,   260] loss: 1.041
[27,   270] loss: 0.972
[27,   280] loss: 1.008
[27,   290] loss: 1.003
[27,   300] loss: 1.040
[27,   310] loss: 0.994
[27,   320] loss: 0.971
[27,   330] loss: 1.113
[27,   340] loss: 1.010
[27,   350] loss: 1.025
[27,   360] loss: 0.927
[27,   370] loss: 1.037
[27,   380] loss: 1.058
[27,   390] loss: 1.048
[27,   400] loss: 0.991
[27,   410] loss: 0.940
[27,   420] loss: 1.019
[27,   430] loss: 0.895
[27,   440] loss: 0.969
[27,   450] loss: 0.969
[27,   460] loss: 0.988
[27,   470] loss: 0.927
[27,   480] loss: 0.978
[27,   490] loss: 0.971
[27,   500] loss: 0.968
[27,   510] loss: 0.944
[27,   520] loss: 0.989
[27,   530] loss: 1.021
[27,   540] loss: 0.991
[27,   550] loss: 0.952
[27,   560] loss: 0.952
[27,   570] loss: 0.948
[27,   580] loss: 0.971
[27,   590] loss: 1.040
[27,   600] loss: 1.091
[27,   610] loss: 1.024
[27,   620] loss: 0.961
[27,   630] loss: 1.175
[27,   640] loss: 1.052
[27,   650] loss: 1.047
[27,   660] loss: 1.060
[27,   670] loss: 1.057
[27,   680] loss: 0.990
[27,   690] loss: 0.939
[27,   700] loss: 1.014
[27,   710] loss: 1.001
[27,   720] loss: 0.965
[27,   730] loss: 1.053
[27,   740] loss: 0.947
[27,   750] loss: 1.025
[27,   760] loss: 1.067
[27,   770] loss: 0.943
[27,   780] loss: 1.000
[27,   790] loss: 0.952
[27,   800] loss: 1.015
[28,    10] loss: 0.978
[28,    20] loss: 1.039
[28,    30] loss: 0.996
[28,    40] loss: 0.976
[28,    50] loss: 1.004
[28,    60] loss: 1.045
[28,    70] loss: 0.971
[28,    80] loss: 0.953
[28,    90] loss: 0.987
[28,   100] loss: 1.021
[28,   110] loss: 1.001
[28,   120] loss: 0.965
[28,   130] loss: 0.939
[28,   140] loss: 1.000
[28,   150] loss: 0.940
[28,   160] loss: 0.960
[28,   170] loss: 1.075
[28,   180] loss: 0.978
[28,   190] loss: 1.040
[28,   200] loss: 1.057
[28,   210] loss: 1.012
[28,   220] loss: 1.077
[28,   230] loss: 0.977
[28,   240] loss: 0.923
[28,   250] loss: 0.999
[28,   260] loss: 1.004
[28,   270] loss: 0.974
[28,   280] loss: 1.022
[28,   290] loss: 0.991
[28,   300] loss: 0.959
[28,   310] loss: 1.164
[28,   320] loss: 1.008
[28,   330] loss: 0.966
[28,   340] loss: 1.007
[28,   350] loss: 0.997
[28,   360] loss: 0.984
[28,   370] loss: 1.015
[28,   380] loss: 1.024
[28,   390] loss: 0.961
[28,   400] loss: 1.011
[28,   410] loss: 0.864
[28,   420] loss: 0.963
[28,   430] loss: 1.059
[28,   440] loss: 0.957
[28,   450] loss: 0.930
[28,   460] loss: 0.981
[28,   470] loss: 1.102
[28,   480] loss: 0.920
[28,   490] loss: 0.997
[28,   500] loss: 1.009
[28,   510] loss: 0.915
[28,   520] loss: 1.022
[28,   530] loss: 1.030
[28,   540] loss: 0.998
[28,   550] loss: 0.953
[28,   560] loss: 0.888
[28,   570] loss: 1.079
[28,   580] loss: 0.961
[28,   590] loss: 0.995
[28,   600] loss: 1.017
[28,   610] loss: 0.985
[28,   620] loss: 1.001
[28,   630] loss: 1.025
[28,   640] loss: 0.937
[28,   650] loss: 0.932
[28,   660] loss: 0.939
[28,   670] loss: 0.996
[28,   680] loss: 1.010
[28,   690] loss: 0.909
[28,   700] loss: 0.976
[28,   710] loss: 0.993
[28,   720] loss: 1.004
[28,   730] loss: 1.034
[28,   740] loss: 0.887
[28,   750] loss: 0.973
[28,   760] loss: 0.971
[28,   770] loss: 0.894
[28,   780] loss: 1.084
[28,   790] loss: 1.056
[28,   800] loss: 1.095
[29,    10] loss: 0.972
[29,    20] loss: 1.090
[29,    30] loss: 0.967
[29,    40] loss: 0.905
[29,    50] loss: 1.082
[29,    60] loss: 0.950
[29,    70] loss: 1.000
[29,    80] loss: 0.988
[29,    90] loss: 0.995
[29,   100] loss: 0.944
[29,   110] loss: 0.903
[29,   120] loss: 0.988
[29,   130] loss: 0.995
[29,   140] loss: 1.019
[29,   150] loss: 0.959
[29,   160] loss: 1.018
[29,   170] loss: 0.977
[29,   180] loss: 0.982
[29,   190] loss: 0.894
[29,   200] loss: 0.989
[29,   210] loss: 0.948
[29,   220] loss: 0.974
[29,   230] loss: 0.987
[29,   240] loss: 0.923
[29,   250] loss: 1.101
[29,   260] loss: 1.032
[29,   270] loss: 0.962
[29,   280] loss: 0.927
[29,   290] loss: 1.011
[29,   300] loss: 0.994
[29,   310] loss: 1.006
[29,   320] loss: 0.980
[29,   330] loss: 1.033
[29,   340] loss: 1.003
[29,   350] loss: 0.985
[29,   360] loss: 0.989
[29,   370] loss: 0.972
[29,   380] loss: 0.923
[29,   390] loss: 0.965
[29,   400] loss: 0.953
[29,   410] loss: 1.020
[29,   420] loss: 0.971
[29,   430] loss: 0.997
[29,   440] loss: 1.017
[29,   450] loss: 1.066
[29,   460] loss: 0.988
[29,   470] loss: 0.917
[29,   480] loss: 0.997
[29,   490] loss: 0.992
[29,   500] loss: 1.028
[29,   510] loss: 1.005
[29,   520] loss: 0.995
[29,   530] loss: 1.040
[29,   540] loss: 1.017
[29,   550] loss: 0.943
[29,   560] loss: 1.009
[29,   570] loss: 0.962
[29,   580] loss: 0.994
[29,   590] loss: 0.928
[29,   600] loss: 0.956
[29,   610] loss: 1.021
[29,   620] loss: 0.897
[29,   630] loss: 1.015
[29,   640] loss: 0.967
[29,   650] loss: 1.024
[29,   660] loss: 0.983
[29,   670] loss: 1.057
[29,   680] loss: 1.066
[29,   690] loss: 0.924
[29,   700] loss: 0.977
[29,   710] loss: 1.062
[29,   720] loss: 0.980
[29,   730] loss: 0.848
[29,   740] loss: 0.930
[29,   750] loss: 1.001
[29,   760] loss: 1.024
[29,   770] loss: 1.007
[29,   780] loss: 1.122
[29,   790] loss: 0.993
[29,   800] loss: 0.917
[30,    10] loss: 1.080
[30,    20] loss: 1.080
[30,    30] loss: 1.144
[30,    40] loss: 1.001
[30,    50] loss: 0.902
[30,    60] loss: 1.009
[30,    70] loss: 1.031
[30,    80] loss: 1.025
[30,    90] loss: 1.030
[30,   100] loss: 1.011
[30,   110] loss: 0.997
[30,   120] loss: 0.973
[30,   130] loss: 0.957
[30,   140] loss: 1.050
[30,   150] loss: 0.942
[30,   160] loss: 1.032
[30,   170] loss: 0.984
[30,   180] loss: 1.072
[30,   190] loss: 0.955
[30,   200] loss: 1.024
[30,   210] loss: 0.958
[30,   220] loss: 1.047
[30,   230] loss: 0.955
[30,   240] loss: 1.112
[30,   250] loss: 0.920
[30,   260] loss: 0.979
[30,   270] loss: 0.918
[30,   280] loss: 1.060
[30,   290] loss: 0.990
[30,   300] loss: 1.061
[30,   310] loss: 0.976
[30,   320] loss: 1.006
[30,   330] loss: 1.046
[30,   340] loss: 0.993
[30,   350] loss: 1.083
[30,   360] loss: 1.043
[30,   370] loss: 1.036
[30,   380] loss: 1.045
[30,   390] loss: 1.063
[30,   400] loss: 0.976
[30,   410] loss: 0.959
[30,   420] loss: 0.958
[30,   430] loss: 1.007
[30,   440] loss: 0.927
[30,   450] loss: 0.934
[30,   460] loss: 0.977
[30,   470] loss: 0.918
[30,   480] loss: 0.947
[30,   490] loss: 0.994
[30,   500] loss: 0.961
[30,   510] loss: 0.883
[30,   520] loss: 1.013
[30,   530] loss: 1.003
[30,   540] loss: 0.984
[30,   550] loss: 1.006
[30,   560] loss: 0.890
[30,   570] loss: 0.935
[30,   580] loss: 1.034
[30,   590] loss: 1.002
[30,   600] loss: 1.036
[30,   610] loss: 0.884
[30,   620] loss: 0.955
[30,   630] loss: 0.940
[30,   640] loss: 1.009
[30,   650] loss: 0.991
[30,   660] loss: 0.978
[30,   670] loss: 0.918
[30,   680] loss: 1.043
[30,   690] loss: 0.950
[30,   700] loss: 0.971
[30,   710] loss: 0.944
[30,   720] loss: 0.897
[30,   730] loss: 1.012
[30,   740] loss: 0.991
[30,   750] loss: 0.939
[30,   760] loss: 0.929
[30,   770] loss: 1.009
[30,   780] loss: 1.031
[30,   790] loss: 0.991
[30,   800] loss: 0.990
[31,    10] loss: 0.968
[31,    20] loss: 0.913
[31,    30] loss: 1.075
[31,    40] loss: 1.031
[31,    50] loss: 1.044
[31,    60] loss: 0.990
[31,    70] loss: 0.965
[31,    80] loss: 0.931
[31,    90] loss: 1.010
[31,   100] loss: 1.018
[31,   110] loss: 1.032
[31,   120] loss: 0.976
[31,   130] loss: 1.069
[31,   140] loss: 0.986
[31,   150] loss: 1.022
[31,   160] loss: 1.034
[31,   170] loss: 1.035
[31,   180] loss: 0.945
[31,   190] loss: 1.005
[31,   200] loss: 0.879
[31,   210] loss: 0.959
[31,   220] loss: 0.907
[31,   230] loss: 0.963
[31,   240] loss: 0.954
[31,   250] loss: 0.994
[31,   260] loss: 1.050
[31,   270] loss: 1.122
[31,   280] loss: 0.982
[31,   290] loss: 0.956
[31,   300] loss: 0.991
[31,   310] loss: 1.060
[31,   320] loss: 0.969
[31,   330] loss: 0.950
[31,   340] loss: 0.981
[31,   350] loss: 0.833
[31,   360] loss: 0.979
[31,   370] loss: 0.952
[31,   380] loss: 0.990
[31,   390] loss: 0.953
[31,   400] loss: 0.942
[31,   410] loss: 0.998
[31,   420] loss: 0.952
[31,   430] loss: 1.117
[31,   440] loss: 1.037
[31,   450] loss: 1.076
[31,   460] loss: 0.970
[31,   470] loss: 1.009
[31,   480] loss: 0.954
[31,   490] loss: 0.959
[31,   500] loss: 0.913
[31,   510] loss: 0.946
[31,   520] loss: 0.998
[31,   530] loss: 0.937
[31,   540] loss: 0.910
[31,   550] loss: 1.000
[31,   560] loss: 1.035
[31,   570] loss: 1.042
[31,   580] loss: 1.030
[31,   590] loss: 1.032
[31,   600] loss: 1.099
[31,   610] loss: 1.042
[31,   620] loss: 1.060
[31,   630] loss: 1.087
[31,   640] loss: 0.902
[31,   650] loss: 0.966
[31,   660] loss: 0.950
[31,   670] loss: 0.936
[31,   680] loss: 0.872
[31,   690] loss: 1.050
[31,   700] loss: 0.953
[31,   710] loss: 0.886
[31,   720] loss: 1.042
[31,   730] loss: 0.904
[31,   740] loss: 0.977
[31,   750] loss: 0.983
[31,   760] loss: 1.078
[31,   770] loss: 1.056
[31,   780] loss: 1.014
[31,   790] loss: 1.038
[31,   800] loss: 0.949
[32,    10] loss: 0.943
[32,    20] loss: 0.965
[32,    30] loss: 1.030
[32,    40] loss: 1.049
[32,    50] loss: 0.903
[32,    60] loss: 0.887
[32,    70] loss: 1.020
[32,    80] loss: 0.949
[32,    90] loss: 1.069
[32,   100] loss: 0.881
[32,   110] loss: 0.920
[32,   120] loss: 0.918
[32,   130] loss: 0.977
[32,   140] loss: 1.097
[32,   150] loss: 0.963
[32,   160] loss: 0.987
[32,   170] loss: 1.011
[32,   180] loss: 1.072
[32,   190] loss: 0.949
[32,   200] loss: 0.947
[32,   210] loss: 1.066
[32,   220] loss: 1.076
[32,   230] loss: 1.037
[32,   240] loss: 0.921
[32,   250] loss: 0.966
[32,   260] loss: 0.982
[32,   270] loss: 1.005
[32,   280] loss: 1.094
[32,   290] loss: 1.034
[32,   300] loss: 1.053
[32,   310] loss: 0.990
[32,   320] loss: 0.918
[32,   330] loss: 0.919
[32,   340] loss: 0.985
[32,   350] loss: 1.002
[32,   360] loss: 1.009
[32,   370] loss: 1.038
[32,   380] loss: 1.009
[32,   390] loss: 1.016
[32,   400] loss: 0.960
[32,   410] loss: 1.036
[32,   420] loss: 1.004
[32,   430] loss: 1.068
[32,   440] loss: 0.911
[32,   450] loss: 1.016
[32,   460] loss: 1.034
[32,   470] loss: 1.013
[32,   480] loss: 0.928
[32,   490] loss: 0.968
[32,   500] loss: 1.002
[32,   510] loss: 1.093
[32,   520] loss: 0.933
[32,   530] loss: 0.947
[32,   540] loss: 1.002
[32,   550] loss: 0.925
[32,   560] loss: 0.909
[32,   570] loss: 1.015
[32,   580] loss: 0.962
[32,   590] loss: 0.910
[32,   600] loss: 0.991
[32,   610] loss: 1.123
[32,   620] loss: 0.992
[32,   630] loss: 1.028
[32,   640] loss: 1.059
[32,   650] loss: 0.970
[32,   660] loss: 0.957
[32,   670] loss: 0.930
[32,   680] loss: 0.959
[32,   690] loss: 0.985
[32,   700] loss: 1.024
[32,   710] loss: 0.982
[32,   720] loss: 0.910
[32,   730] loss: 1.083
[32,   740] loss: 1.011
[32,   750] loss: 1.087
[32,   760] loss: 0.990
[32,   770] loss: 1.094
[32,   780] loss: 0.910
[32,   790] loss: 0.954
[32,   800] loss: 0.946
[33,    10] loss: 1.008
[33,    20] loss: 0.887
[33,    30] loss: 1.026
[33,    40] loss: 0.922
[33,    50] loss: 0.987
[33,    60] loss: 0.874
[33,    70] loss: 0.934
[33,    80] loss: 1.069
[33,    90] loss: 0.992
[33,   100] loss: 1.064
[33,   110] loss: 0.984
[33,   120] loss: 1.096
[33,   130] loss: 0.985
[33,   140] loss: 1.087
[33,   150] loss: 1.000
[33,   160] loss: 0.954
[33,   170] loss: 0.952
[33,   180] loss: 0.915
[33,   190] loss: 0.944
[33,   200] loss: 0.980
[33,   210] loss: 1.037
[33,   220] loss: 0.980
[33,   230] loss: 1.048
[33,   240] loss: 1.020
[33,   250] loss: 0.932
[33,   260] loss: 0.973
[33,   270] loss: 1.079
[33,   280] loss: 1.045
[33,   290] loss: 1.009
[33,   300] loss: 1.021
[33,   310] loss: 0.986
[33,   320] loss: 1.101
[33,   330] loss: 1.003
[33,   340] loss: 1.082
[33,   350] loss: 0.923
[33,   360] loss: 0.981
[33,   370] loss: 0.879
[33,   380] loss: 0.916
[33,   390] loss: 0.968
[33,   400] loss: 0.982
[33,   410] loss: 0.998
[33,   420] loss: 0.939
[33,   430] loss: 0.924
[33,   440] loss: 1.020
[33,   450] loss: 0.998
[33,   460] loss: 1.093
[33,   470] loss: 0.946
[33,   480] loss: 0.923
[33,   490] loss: 0.933
[33,   500] loss: 1.060
[33,   510] loss: 1.000
[33,   520] loss: 0.946
[33,   530] loss: 1.008
[33,   540] loss: 0.917
[33,   550] loss: 0.957
[33,   560] loss: 0.925
[33,   570] loss: 0.979
[33,   580] loss: 0.931
[33,   590] loss: 0.965
[33,   600] loss: 0.931
[33,   610] loss: 0.963
[33,   620] loss: 1.025
[33,   630] loss: 0.984
[33,   640] loss: 1.081
[33,   650] loss: 1.025
[33,   660] loss: 0.965
[33,   670] loss: 0.992
[33,   680] loss: 0.996
[33,   690] loss: 0.944
[33,   700] loss: 1.030
[33,   710] loss: 0.953
[33,   720] loss: 0.992
[33,   730] loss: 0.980
[33,   740] loss: 0.952
[33,   750] loss: 1.053
[33,   760] loss: 0.973
[33,   770] loss: 0.997
[33,   780] loss: 1.036
[33,   790] loss: 0.934
[33,   800] loss: 0.941
[34,    10] loss: 0.908
[34,    20] loss: 1.067
[34,    30] loss: 1.016
[34,    40] loss: 0.868
[34,    50] loss: 0.960
[34,    60] loss: 0.884
[34,    70] loss: 1.013
[34,    80] loss: 1.158
[34,    90] loss: 1.039
[34,   100] loss: 1.019
[34,   110] loss: 1.005
[34,   120] loss: 0.935
[34,   130] loss: 0.968
[34,   140] loss: 0.925
[34,   150] loss: 1.055
[34,   160] loss: 1.007
[34,   170] loss: 0.901
[34,   180] loss: 1.073
[34,   190] loss: 0.982
[34,   200] loss: 1.106
[34,   210] loss: 1.007
[34,   220] loss: 1.064
[34,   230] loss: 1.034
[34,   240] loss: 1.030
[34,   250] loss: 1.017
[34,   260] loss: 1.011
[34,   270] loss: 1.008
[34,   280] loss: 0.953
[34,   290] loss: 1.082
[34,   300] loss: 0.887
[34,   310] loss: 1.000
[34,   320] loss: 1.062
[34,   330] loss: 0.979
[34,   340] loss: 0.940
[34,   350] loss: 1.001
[34,   360] loss: 1.039
[34,   370] loss: 1.019
[34,   380] loss: 0.946
[34,   390] loss: 0.856
[34,   400] loss: 0.921
[34,   410] loss: 0.918
[34,   420] loss: 0.909
[34,   430] loss: 0.973
[34,   440] loss: 0.947
[34,   450] loss: 1.022
[34,   460] loss: 0.970
[34,   470] loss: 1.023
[34,   480] loss: 1.003
[34,   490] loss: 1.091
[34,   500] loss: 1.045
[34,   510] loss: 0.961
[34,   520] loss: 1.029
[34,   530] loss: 1.061
[34,   540] loss: 0.979
[34,   550] loss: 0.898
[34,   560] loss: 0.829
[34,   570] loss: 0.970
[34,   580] loss: 1.004
[34,   590] loss: 1.025
[34,   600] loss: 1.017
[34,   610] loss: 0.906
[34,   620] loss: 0.969
[34,   630] loss: 1.040
[34,   640] loss: 1.054
[34,   650] loss: 0.889
[34,   660] loss: 0.948
[34,   670] loss: 0.982
[34,   680] loss: 0.945
[34,   690] loss: 1.003
[34,   700] loss: 1.071
[34,   710] loss: 0.918
[34,   720] loss: 0.958
[34,   730] loss: 1.000
[34,   740] loss: 0.948
[34,   750] loss: 0.945
[34,   760] loss: 0.993
[34,   770] loss: 1.054
[34,   780] loss: 1.036
[34,   790] loss: 0.962
[34,   800] loss: 1.032
[35,    10] loss: 0.958
[35,    20] loss: 1.040
[35,    30] loss: 0.878
[35,    40] loss: 1.010
[35,    50] loss: 0.915
[35,    60] loss: 1.147
[35,    70] loss: 1.031
[35,    80] loss: 1.050
[35,    90] loss: 1.003
[35,   100] loss: 0.986
[35,   110] loss: 1.007
[35,   120] loss: 0.975
[35,   130] loss: 1.008
[35,   140] loss: 0.933
[35,   150] loss: 0.889
[35,   160] loss: 1.042
[35,   170] loss: 0.976
[35,   180] loss: 0.969
[35,   190] loss: 1.071
[35,   200] loss: 0.976
[35,   210] loss: 1.026
[35,   220] loss: 0.890
[35,   230] loss: 0.954
[35,   240] loss: 0.931
[35,   250] loss: 0.952
[35,   260] loss: 0.985
[35,   270] loss: 1.015
[35,   280] loss: 0.975
[35,   290] loss: 0.980
[35,   300] loss: 0.926
[35,   310] loss: 0.985
[35,   320] loss: 0.911
[35,   330] loss: 0.949
[35,   340] loss: 0.972
[35,   350] loss: 1.035
[35,   360] loss: 0.993
[35,   370] loss: 0.968
[35,   380] loss: 1.050
[35,   390] loss: 1.039
[35,   400] loss: 0.953
[35,   410] loss: 1.039
[35,   420] loss: 1.064
[35,   430] loss: 1.020
[35,   440] loss: 0.997
[35,   450] loss: 0.998
[35,   460] loss: 0.969
[35,   470] loss: 1.040
[35,   480] loss: 1.030
[35,   490] loss: 1.104
[35,   500] loss: 0.999
[35,   510] loss: 1.039
[35,   520] loss: 1.056
[35,   530] loss: 1.008
[35,   540] loss: 1.010
[35,   550] loss: 1.053
[35,   560] loss: 0.927
[35,   570] loss: 0.945
[35,   580] loss: 0.931
[35,   590] loss: 0.955
[35,   600] loss: 0.978
[35,   610] loss: 1.036
[35,   620] loss: 0.941
[35,   630] loss: 0.973
[35,   640] loss: 0.957
[35,   650] loss: 1.023
[35,   660] loss: 0.943
[35,   670] loss: 0.881
[35,   680] loss: 1.079
[35,   690] loss: 0.995
[35,   700] loss: 0.912
[35,   710] loss: 0.968
[35,   720] loss: 0.980
[35,   730] loss: 1.005
[35,   740] loss: 0.915
[35,   750] loss: 0.946
[35,   760] loss: 0.954
[35,   770] loss: 1.109
[35,   780] loss: 0.992
[35,   790] loss: 0.964
[35,   800] loss: 0.913
[36,    10] loss: 1.019
[36,    20] loss: 1.033
[36,    30] loss: 0.943
[36,    40] loss: 1.038
[36,    50] loss: 0.925
[36,    60] loss: 0.925
[36,    70] loss: 0.970
[36,    80] loss: 1.004
[36,    90] loss: 1.020
[36,   100] loss: 1.119
[36,   110] loss: 0.985
[36,   120] loss: 0.963
[36,   130] loss: 0.993
[36,   140] loss: 0.947
[36,   150] loss: 0.976
[36,   160] loss: 0.927
[36,   170] loss: 0.834
[36,   180] loss: 0.967
[36,   190] loss: 0.952
[36,   200] loss: 0.974
[36,   210] loss: 0.908
[36,   220] loss: 0.945
[36,   230] loss: 0.984
[36,   240] loss: 0.895
[36,   250] loss: 0.966
[36,   260] loss: 0.980
[36,   270] loss: 1.033
[36,   280] loss: 1.146
[36,   290] loss: 0.995
[36,   300] loss: 1.002
[36,   310] loss: 0.952
[36,   320] loss: 1.041
[36,   330] loss: 0.993
[36,   340] loss: 0.908
[36,   350] loss: 0.989
[36,   360] loss: 1.003
[36,   370] loss: 1.005
[36,   380] loss: 0.984
[36,   390] loss: 0.961
[36,   400] loss: 0.944
[36,   410] loss: 1.045
[36,   420] loss: 1.086
[36,   430] loss: 1.040
[36,   440] loss: 1.043
[36,   450] loss: 0.964
[36,   460] loss: 1.057
[36,   470] loss: 0.943
[36,   480] loss: 1.003
[36,   490] loss: 0.920
[36,   500] loss: 0.891
[36,   510] loss: 1.055
[36,   520] loss: 1.001
[36,   530] loss: 0.965
[36,   540] loss: 0.956
[36,   550] loss: 0.961
[36,   560] loss: 0.939
[36,   570] loss: 1.052
[36,   580] loss: 1.043
[36,   590] loss: 0.956
[36,   600] loss: 0.985
[36,   610] loss: 0.963
[36,   620] loss: 0.940
[36,   630] loss: 1.036
[36,   640] loss: 1.038
[36,   650] loss: 0.909
[36,   660] loss: 1.036
[36,   670] loss: 0.917
[36,   680] loss: 0.983
[36,   690] loss: 0.968
[36,   700] loss: 1.022
[36,   710] loss: 1.057
[36,   720] loss: 0.969
[36,   730] loss: 1.116
[36,   740] loss: 1.004
[36,   750] loss: 0.960
[36,   760] loss: 0.916
[36,   770] loss: 0.994
[36,   780] loss: 1.095
[36,   790] loss: 1.051
[36,   800] loss: 0.964
[37,    10] loss: 1.017
[37,    20] loss: 0.913
[37,    30] loss: 0.924
[37,    40] loss: 0.958
[37,    50] loss: 0.947
[37,    60] loss: 0.952
[37,    70] loss: 0.892
[37,    80] loss: 0.986
[37,    90] loss: 0.942
[37,   100] loss: 0.999
[37,   110] loss: 0.954
[37,   120] loss: 0.983
[37,   130] loss: 0.877
[37,   140] loss: 0.967
[37,   150] loss: 1.015
[37,   160] loss: 0.952
[37,   170] loss: 0.961
[37,   180] loss: 0.954
[37,   190] loss: 0.959
[37,   200] loss: 0.960
[37,   210] loss: 0.998
[37,   220] loss: 1.096
[37,   230] loss: 1.017
[37,   240] loss: 1.042
[37,   250] loss: 0.957
[37,   260] loss: 0.967
[37,   270] loss: 0.909
[37,   280] loss: 0.901
[37,   290] loss: 0.981
[37,   300] loss: 1.041
[37,   310] loss: 0.908
[37,   320] loss: 1.037
[37,   330] loss: 1.031
[37,   340] loss: 0.921
[37,   350] loss: 1.023
[37,   360] loss: 1.032
[37,   370] loss: 0.931
[37,   380] loss: 0.920
[37,   390] loss: 0.896
[37,   400] loss: 1.043
[37,   410] loss: 0.992
[37,   420] loss: 0.954
[37,   430] loss: 1.092
[37,   440] loss: 0.943
[37,   450] loss: 1.012
[37,   460] loss: 1.075
[37,   470] loss: 0.941
[37,   480] loss: 0.888
[37,   490] loss: 0.874
[37,   500] loss: 0.963
[37,   510] loss: 0.960
[37,   520] loss: 0.955
[37,   530] loss: 0.914
[37,   540] loss: 0.916
[37,   550] loss: 0.893
[37,   560] loss: 0.909
[37,   570] loss: 0.951
[37,   580] loss: 0.928
[37,   590] loss: 0.921
[37,   600] loss: 0.914
[37,   610] loss: 0.948
[37,   620] loss: 1.013
[37,   630] loss: 1.080
[37,   640] loss: 1.013
[37,   650] loss: 1.084
[37,   660] loss: 0.956
[37,   670] loss: 0.974
[37,   680] loss: 1.031
[37,   690] loss: 0.875
[37,   700] loss: 0.908
[37,   710] loss: 0.896
[37,   720] loss: 0.966
[37,   730] loss: 1.050
[37,   740] loss: 1.075
[37,   750] loss: 0.946
[37,   760] loss: 0.949
[37,   770] loss: 1.006
[37,   780] loss: 0.980
[37,   790] loss: 1.012
[37,   800] loss: 0.988
[38,    10] loss: 1.092
[38,    20] loss: 1.009
[38,    30] loss: 1.031
[38,    40] loss: 1.037
[38,    50] loss: 1.045
[38,    60] loss: 0.894
[38,    70] loss: 0.959
[38,    80] loss: 0.881
[38,    90] loss: 1.030
[38,   100] loss: 0.994
[38,   110] loss: 0.944
[38,   120] loss: 0.966
[38,   130] loss: 0.957
[38,   140] loss: 0.883
[38,   150] loss: 0.871
[38,   160] loss: 0.908
[38,   170] loss: 0.956
[38,   180] loss: 0.974
[38,   190] loss: 0.968
[38,   200] loss: 0.944
[38,   210] loss: 0.951
[38,   220] loss: 0.967
[38,   230] loss: 0.948
[38,   240] loss: 0.889
[38,   250] loss: 0.939
[38,   260] loss: 0.948
[38,   270] loss: 0.964
[38,   280] loss: 0.965
[38,   290] loss: 1.031
[38,   300] loss: 0.933
[38,   310] loss: 0.908
[38,   320] loss: 1.050
[38,   330] loss: 0.896
[38,   340] loss: 0.915
[38,   350] loss: 0.990
[38,   360] loss: 0.978
[38,   370] loss: 0.962
[38,   380] loss: 1.000
[38,   390] loss: 0.956
[38,   400] loss: 1.070
[38,   410] loss: 1.002
[38,   420] loss: 0.917
[38,   430] loss: 1.012
[38,   440] loss: 0.872
[38,   450] loss: 0.910
[38,   460] loss: 1.057
[38,   470] loss: 0.998
[38,   480] loss: 0.950
[38,   490] loss: 0.987
[38,   500] loss: 0.912
[38,   510] loss: 1.115
[38,   520] loss: 1.036
[38,   530] loss: 1.059
[38,   540] loss: 1.019
[38,   550] loss: 0.937
[38,   560] loss: 1.084
[38,   570] loss: 1.021
[38,   580] loss: 1.013
[38,   590] loss: 0.941
[38,   600] loss: 0.998
[38,   610] loss: 0.896
[38,   620] loss: 0.956
[38,   630] loss: 1.009
[38,   640] loss: 0.936
[38,   650] loss: 1.028
[38,   660] loss: 0.992
[38,   670] loss: 1.007
[38,   680] loss: 1.085
[38,   690] loss: 0.993
[38,   700] loss: 1.036
[38,   710] loss: 1.037
[38,   720] loss: 0.936
[38,   730] loss: 0.908
[38,   740] loss: 0.958
[38,   750] loss: 0.949
[38,   760] loss: 1.109
[38,   770] loss: 0.990
[38,   780] loss: 1.003
[38,   790] loss: 0.968
[38,   800] loss: 0.952
[39,    10] loss: 0.879
[39,    20] loss: 0.932
[39,    30] loss: 1.036
[39,    40] loss: 1.019
[39,    50] loss: 0.940
[39,    60] loss: 1.044
[39,    70] loss: 1.123
[39,    80] loss: 0.996
[39,    90] loss: 0.990
[39,   100] loss: 0.999
[39,   110] loss: 0.975
[39,   120] loss: 1.103
[39,   130] loss: 1.051
[39,   140] loss: 1.102
[39,   150] loss: 0.990
[39,   160] loss: 1.051
[39,   170] loss: 1.035
[39,   180] loss: 0.926
[39,   190] loss: 0.901
[39,   200] loss: 0.954
[39,   210] loss: 1.029
[39,   220] loss: 0.867
[39,   230] loss: 1.036
[39,   240] loss: 1.007
[39,   250] loss: 0.920
[39,   260] loss: 0.967
[39,   270] loss: 0.986
[39,   280] loss: 0.981
[39,   290] loss: 1.022
[39,   300] loss: 1.076
[39,   310] loss: 1.076
[39,   320] loss: 0.985
[39,   330] loss: 0.972
[39,   340] loss: 0.973
[39,   350] loss: 1.059
[39,   360] loss: 1.056
[39,   370] loss: 0.899
[39,   380] loss: 0.888
[39,   390] loss: 1.009
[39,   400] loss: 0.939
[39,   410] loss: 0.837
[39,   420] loss: 1.039
[39,   430] loss: 0.976
[39,   440] loss: 0.903
[39,   450] loss: 0.978
[39,   460] loss: 1.097
[39,   470] loss: 1.023
[39,   480] loss: 0.942
[39,   490] loss: 1.104
[39,   500] loss: 1.064
[39,   510] loss: 1.071
[39,   520] loss: 0.999
[39,   530] loss: 1.002
[39,   540] loss: 0.906
[39,   550] loss: 0.993
[39,   560] loss: 0.952
[39,   570] loss: 0.983
[39,   580] loss: 0.999
[39,   590] loss: 0.964
[39,   600] loss: 0.938
[39,   610] loss: 0.903
[39,   620] loss: 0.941
[39,   630] loss: 0.915
[39,   640] loss: 0.801
[39,   650] loss: 0.903
[39,   660] loss: 0.897
[39,   670] loss: 0.943
[39,   680] loss: 0.952
[39,   690] loss: 1.063
[39,   700] loss: 0.865
[39,   710] loss: 0.910
[39,   720] loss: 1.026
[39,   730] loss: 0.950
[39,   740] loss: 0.985
[39,   750] loss: 0.910
[39,   760] loss: 0.877
[39,   770] loss: 0.988
[39,   780] loss: 0.965
[39,   790] loss: 0.995
[39,   800] loss: 0.974
[40,    10] loss: 0.987
[40,    20] loss: 0.953
[40,    30] loss: 0.961
[40,    40] loss: 0.882
[40,    50] loss: 1.083
[40,    60] loss: 1.045
[40,    70] loss: 0.941
[40,    80] loss: 0.981
[40,    90] loss: 1.103
[40,   100] loss: 0.995
[40,   110] loss: 1.012
[40,   120] loss: 0.961
[40,   130] loss: 1.039
[40,   140] loss: 0.989
[40,   150] loss: 0.951
[40,   160] loss: 1.020
[40,   170] loss: 1.094
[40,   180] loss: 1.028
[40,   190] loss: 0.912
[40,   200] loss: 0.927
[40,   210] loss: 1.003
[40,   220] loss: 1.010
[40,   230] loss: 1.125
[40,   240] loss: 0.898
[40,   250] loss: 1.001
[40,   260] loss: 1.025
[40,   270] loss: 0.950
[40,   280] loss: 0.935
[40,   290] loss: 0.965
[40,   300] loss: 0.913
[40,   310] loss: 0.968
[40,   320] loss: 1.026
[40,   330] loss: 0.981
[40,   340] loss: 0.905
[40,   350] loss: 0.983
[40,   360] loss: 0.981
[40,   370] loss: 0.923
[40,   380] loss: 1.039
[40,   390] loss: 1.004
[40,   400] loss: 1.026
[40,   410] loss: 0.998
[40,   420] loss: 1.036
[40,   430] loss: 0.959
[40,   440] loss: 0.905
[40,   450] loss: 0.938
[40,   460] loss: 1.083
[40,   470] loss: 1.037
[40,   480] loss: 0.908
[40,   490] loss: 0.959
[40,   500] loss: 1.023
[40,   510] loss: 0.995
[40,   520] loss: 0.955
[40,   530] loss: 0.955
[40,   540] loss: 1.089
[40,   550] loss: 0.999
[40,   560] loss: 0.960
[40,   570] loss: 1.000
[40,   580] loss: 0.995
[40,   590] loss: 0.953
[40,   600] loss: 0.911
[40,   610] loss: 0.966
[40,   620] loss: 1.125
[40,   630] loss: 1.071
[40,   640] loss: 1.041
[40,   650] loss: 0.956
[40,   660] loss: 1.013
[40,   670] loss: 0.944
[40,   680] loss: 0.931
[40,   690] loss: 0.904
[40,   700] loss: 1.048
[40,   710] loss: 1.034
[40,   720] loss: 0.972
[40,   730] loss: 0.871
[40,   740] loss: 0.961
[40,   750] loss: 1.056
[40,   760] loss: 0.906
[40,   770] loss: 1.036
[40,   780] loss: 0.942
[40,   790] loss: 0.919
[40,   800] loss: 1.001
[41,    10] loss: 0.948
[41,    20] loss: 0.936
[41,    30] loss: 1.062
[41,    40] loss: 1.028
[41,    50] loss: 0.887
[41,    60] loss: 0.934
[41,    70] loss: 0.880
[41,    80] loss: 0.857
[41,    90] loss: 0.997
[41,   100] loss: 1.073
[41,   110] loss: 1.041
[41,   120] loss: 0.894
[41,   130] loss: 0.923
[41,   140] loss: 0.976
[41,   150] loss: 0.912
[41,   160] loss: 1.007
[41,   170] loss: 0.992
[41,   180] loss: 1.062
[41,   190] loss: 0.981
[41,   200] loss: 0.952
[41,   210] loss: 0.987
[41,   220] loss: 1.014
[41,   230] loss: 0.977
[41,   240] loss: 0.946
[41,   250] loss: 0.955
[41,   260] loss: 0.990
[41,   270] loss: 0.895
[41,   280] loss: 0.938
[41,   290] loss: 0.932
[41,   300] loss: 1.048
[41,   310] loss: 1.016
[41,   320] loss: 0.946
[41,   330] loss: 0.997
[41,   340] loss: 0.887
[41,   350] loss: 0.968
[41,   360] loss: 0.961
[41,   370] loss: 0.994
[41,   380] loss: 1.014
[41,   390] loss: 0.934
[41,   400] loss: 0.867
[41,   410] loss: 0.931
[41,   420] loss: 1.019
[41,   430] loss: 0.946
[41,   440] loss: 0.986
[41,   450] loss: 1.006
[41,   460] loss: 0.963
[41,   470] loss: 0.903
[41,   480] loss: 1.118
[41,   490] loss: 1.006
[41,   500] loss: 1.028
[41,   510] loss: 0.966
[41,   520] loss: 0.955
[41,   530] loss: 0.979
[41,   540] loss: 0.964
[41,   550] loss: 1.149
[41,   560] loss: 1.062
[41,   570] loss: 1.031
[41,   580] loss: 1.002
[41,   590] loss: 1.059
[41,   600] loss: 1.018
[41,   610] loss: 0.964
[41,   620] loss: 0.975
[41,   630] loss: 0.954
[41,   640] loss: 0.971
[41,   650] loss: 0.985
[41,   660] loss: 0.932
[41,   670] loss: 1.023
[41,   680] loss: 0.981
[41,   690] loss: 0.999
[41,   700] loss: 1.104
[41,   710] loss: 0.998
[41,   720] loss: 1.032
[41,   730] loss: 0.982
[41,   740] loss: 1.051
[41,   750] loss: 1.026
[41,   760] loss: 0.936
[41,   770] loss: 1.007
[41,   780] loss: 1.042
[41,   790] loss: 0.969
[41,   800] loss: 0.991
[42,    10] loss: 0.972
[42,    20] loss: 1.023
[42,    30] loss: 0.983
[42,    40] loss: 1.025
[42,    50] loss: 1.034
[42,    60] loss: 0.902
[42,    70] loss: 1.032
[42,    80] loss: 1.003
[42,    90] loss: 0.986
[42,   100] loss: 0.953
[42,   110] loss: 0.989
[42,   120] loss: 0.962
[42,   130] loss: 0.905
[42,   140] loss: 1.032
[42,   150] loss: 0.980
[42,   160] loss: 1.023
[42,   170] loss: 0.959
[42,   180] loss: 0.984
[42,   190] loss: 1.052
[42,   200] loss: 1.026
[42,   210] loss: 0.990
[42,   220] loss: 0.986
[42,   230] loss: 0.853
[42,   240] loss: 0.963
[42,   250] loss: 0.899
[42,   260] loss: 0.904
[42,   270] loss: 0.971
[42,   280] loss: 0.939
[42,   290] loss: 1.059
[42,   300] loss: 0.965
[42,   310] loss: 0.947
[42,   320] loss: 1.059
[42,   330] loss: 1.037
[42,   340] loss: 1.029
[42,   350] loss: 1.017
[42,   360] loss: 0.913
[42,   370] loss: 0.927
[42,   380] loss: 1.087
[42,   390] loss: 1.007
[42,   400] loss: 0.971
[42,   410] loss: 0.941
[42,   420] loss: 0.872
[42,   430] loss: 1.017
[42,   440] loss: 1.117
[42,   450] loss: 1.055
[42,   460] loss: 0.908
[42,   470] loss: 0.915
[42,   480] loss: 0.956
[42,   490] loss: 0.882
[42,   500] loss: 0.882
[42,   510] loss: 0.982
[42,   520] loss: 0.956
[42,   530] loss: 0.921
[42,   540] loss: 1.061
[42,   550] loss: 1.038
[42,   560] loss: 0.901
[42,   570] loss: 1.005
[42,   580] loss: 0.976
[42,   590] loss: 0.925
[42,   600] loss: 1.038
[42,   610] loss: 0.998
[42,   620] loss: 1.001
[42,   630] loss: 1.006
[42,   640] loss: 0.985
[42,   650] loss: 1.080
[42,   660] loss: 0.998
[42,   670] loss: 1.030
[42,   680] loss: 0.964
[42,   690] loss: 0.942
[42,   700] loss: 1.040
[42,   710] loss: 0.965
[42,   720] loss: 1.055
[42,   730] loss: 1.049
[42,   740] loss: 0.903
[42,   750] loss: 0.933
[42,   760] loss: 1.051
[42,   770] loss: 1.070
[42,   780] loss: 0.880
[42,   790] loss: 0.926
[42,   800] loss: 0.935
[43,    10] loss: 0.882
[43,    20] loss: 0.943
[43,    30] loss: 0.965
[43,    40] loss: 0.986
[43,    50] loss: 1.052
[43,    60] loss: 0.925
[43,    70] loss: 0.950
[43,    80] loss: 1.041
[43,    90] loss: 0.949
[43,   100] loss: 0.984
[43,   110] loss: 1.008
[43,   120] loss: 0.975
[43,   130] loss: 0.950
[43,   140] loss: 0.952
[43,   150] loss: 0.978
[43,   160] loss: 1.014
[43,   170] loss: 0.974
[43,   180] loss: 0.889
[43,   190] loss: 0.991
[43,   200] loss: 0.908
[43,   210] loss: 1.000
[43,   220] loss: 0.973
[43,   230] loss: 0.955
[43,   240] loss: 0.997
[43,   250] loss: 0.990
[43,   260] loss: 1.122
[43,   270] loss: 1.141
[43,   280] loss: 0.986
[43,   290] loss: 1.052
[43,   300] loss: 0.948
[43,   310] loss: 0.968
[43,   320] loss: 0.998
[43,   330] loss: 1.005
[43,   340] loss: 0.951
[43,   350] loss: 0.974
[43,   360] loss: 0.938
[43,   370] loss: 1.097
[43,   380] loss: 1.048
[43,   390] loss: 0.984
[43,   400] loss: 0.997
[43,   410] loss: 0.990
[43,   420] loss: 1.021
[43,   430] loss: 0.998
[43,   440] loss: 0.932
[43,   450] loss: 0.968
[43,   460] loss: 0.919
[43,   470] loss: 0.934
[43,   480] loss: 1.056
[43,   490] loss: 1.088
[43,   500] loss: 1.019
[43,   510] loss: 0.933
[43,   520] loss: 1.009
[43,   530] loss: 0.920
[43,   540] loss: 1.000
[43,   550] loss: 0.955
[43,   560] loss: 0.912
[43,   570] loss: 1.004
[43,   580] loss: 0.993
[43,   590] loss: 0.998
[43,   600] loss: 1.062
[43,   610] loss: 1.012
[43,   620] loss: 0.885
[43,   630] loss: 0.976
[43,   640] loss: 0.983
[43,   650] loss: 0.902
[43,   660] loss: 0.970
[43,   670] loss: 0.979
[43,   680] loss: 0.962
[43,   690] loss: 0.952
[43,   700] loss: 1.050
[43,   710] loss: 0.959
[43,   720] loss: 1.023
[43,   730] loss: 0.920
[43,   740] loss: 0.965
[43,   750] loss: 1.073
[43,   760] loss: 1.016
[43,   770] loss: 0.964
[43,   780] loss: 0.995
[43,   790] loss: 1.026
[43,   800] loss: 1.005
[44,    10] loss: 1.017
[44,    20] loss: 0.963
[44,    30] loss: 0.948
[44,    40] loss: 1.031
[44,    50] loss: 0.901
[44,    60] loss: 0.997
[44,    70] loss: 0.910
[44,    80] loss: 0.964
[44,    90] loss: 0.951
[44,   100] loss: 1.068
[44,   110] loss: 0.982
[44,   120] loss: 0.939
[44,   130] loss: 1.065
[44,   140] loss: 0.891
[44,   150] loss: 0.892
[44,   160] loss: 0.990
[44,   170] loss: 0.972
[44,   180] loss: 0.888
[44,   190] loss: 0.871
[44,   200] loss: 1.041
[44,   210] loss: 0.950
[44,   220] loss: 0.878
[44,   230] loss: 0.940
[44,   240] loss: 0.938
[44,   250] loss: 1.015
[44,   260] loss: 0.936
[44,   270] loss: 0.978
[44,   280] loss: 1.100
[44,   290] loss: 0.917
[44,   300] loss: 1.057
[44,   310] loss: 0.955
[44,   320] loss: 0.902
[44,   330] loss: 0.922
[44,   340] loss: 0.854
[44,   350] loss: 1.014
[44,   360] loss: 1.021
[44,   370] loss: 1.022
[44,   380] loss: 0.917
[44,   390] loss: 1.043
[44,   400] loss: 0.873
[44,   410] loss: 1.001
[44,   420] loss: 1.009
[44,   430] loss: 0.980
[44,   440] loss: 0.984
[44,   450] loss: 0.937
[44,   460] loss: 0.965
[44,   470] loss: 0.986
[44,   480] loss: 0.981
[44,   490] loss: 0.989
[44,   500] loss: 0.963
[44,   510] loss: 0.918
[44,   520] loss: 0.916
[44,   530] loss: 1.068
[44,   540] loss: 1.012
[44,   550] loss: 0.978
[44,   560] loss: 0.967
[44,   570] loss: 0.951
[44,   580] loss: 0.991
[44,   590] loss: 0.993
[44,   600] loss: 1.081
[44,   610] loss: 1.069
[44,   620] loss: 0.971
[44,   630] loss: 0.972
[44,   640] loss: 0.863
[44,   650] loss: 1.037
[44,   660] loss: 1.012
[44,   670] loss: 0.962
[44,   680] loss: 0.992
[44,   690] loss: 1.049
[44,   700] loss: 1.097
[44,   710] loss: 1.005
[44,   720] loss: 0.936
[44,   730] loss: 1.065
[44,   740] loss: 0.959
[44,   750] loss: 0.993
[44,   760] loss: 0.919
[44,   770] loss: 0.968
[44,   780] loss: 1.006
[44,   790] loss: 0.919
[44,   800] loss: 1.059
[45,    10] loss: 1.022
[45,    20] loss: 1.046
[45,    30] loss: 0.874
[45,    40] loss: 0.951
[45,    50] loss: 0.880
[45,    60] loss: 0.985
[45,    70] loss: 0.887
[45,    80] loss: 0.986
[45,    90] loss: 0.969
[45,   100] loss: 1.025
[45,   110] loss: 1.049
[45,   120] loss: 1.022
[45,   130] loss: 1.130
[45,   140] loss: 0.930
[45,   150] loss: 1.053
[45,   160] loss: 1.083
[45,   170] loss: 1.005
[45,   180] loss: 1.012
[45,   190] loss: 1.010
[45,   200] loss: 1.062
[45,   210] loss: 1.002
[45,   220] loss: 0.941
[45,   230] loss: 0.972
[45,   240] loss: 1.030
[45,   250] loss: 1.007
[45,   260] loss: 0.955
[45,   270] loss: 0.917
[45,   280] loss: 0.929
[45,   290] loss: 0.989
[45,   300] loss: 0.976
[45,   310] loss: 0.902
[45,   320] loss: 1.044
[45,   330] loss: 0.966
[45,   340] loss: 1.007
[45,   350] loss: 0.916
[45,   360] loss: 0.976
[45,   370] loss: 0.992
[45,   380] loss: 1.132
[45,   390] loss: 1.018
[45,   400] loss: 0.955
[45,   410] loss: 0.977
[45,   420] loss: 0.925
[45,   430] loss: 0.950
[45,   440] loss: 1.008
[45,   450] loss: 0.995
[45,   460] loss: 0.984
[45,   470] loss: 0.989
[45,   480] loss: 0.983
[45,   490] loss: 0.996
[45,   500] loss: 0.977
[45,   510] loss: 0.985
[45,   520] loss: 0.996
[45,   530] loss: 0.938
[45,   540] loss: 0.926
[45,   550] loss: 0.948
[45,   560] loss: 0.883
[45,   570] loss: 0.983
[45,   580] loss: 0.997
[45,   590] loss: 0.995
[45,   600] loss: 1.027
[45,   610] loss: 0.954
[45,   620] loss: 0.895
[45,   630] loss: 1.040
[45,   640] loss: 1.047
[45,   650] loss: 0.956
[45,   660] loss: 1.046
[45,   670] loss: 1.022
[45,   680] loss: 0.944
[45,   690] loss: 1.021
[45,   700] loss: 1.003
[45,   710] loss: 1.007
[45,   720] loss: 0.926
[45,   730] loss: 1.016
[45,   740] loss: 0.963
[45,   750] loss: 1.017
[45,   760] loss: 0.873
[45,   770] loss: 0.934
[45,   780] loss: 0.948
[45,   790] loss: 0.979
[45,   800] loss: 0.971
[46,    10] loss: 1.050
[46,    20] loss: 1.030
[46,    30] loss: 1.012
[46,    40] loss: 0.899
[46,    50] loss: 1.003
[46,    60] loss: 1.002
[46,    70] loss: 1.052
[46,    80] loss: 0.952
[46,    90] loss: 0.918
[46,   100] loss: 1.005
[46,   110] loss: 0.925
[46,   120] loss: 1.056
[46,   130] loss: 0.996
[46,   140] loss: 1.005
[46,   150] loss: 1.058
[46,   160] loss: 0.946
[46,   170] loss: 0.897
[46,   180] loss: 0.979
[46,   190] loss: 0.955
[46,   200] loss: 1.025
[46,   210] loss: 0.913
[46,   220] loss: 1.028
[46,   230] loss: 0.987
[46,   240] loss: 1.082
[46,   250] loss: 0.950
[46,   260] loss: 0.920
[46,   270] loss: 1.074
[46,   280] loss: 0.919
[46,   290] loss: 0.943
[46,   300] loss: 0.976
[46,   310] loss: 1.020
[46,   320] loss: 0.982
[46,   330] loss: 0.945
[46,   340] loss: 1.003
[46,   350] loss: 0.969
[46,   360] loss: 1.065
[46,   370] loss: 1.145
[46,   380] loss: 0.986
[46,   390] loss: 0.941
[46,   400] loss: 1.031
[46,   410] loss: 0.997
[46,   420] loss: 0.968
[46,   430] loss: 0.932
[46,   440] loss: 0.981
[46,   450] loss: 0.958
[46,   460] loss: 0.964
[46,   470] loss: 0.951
[46,   480] loss: 0.941
[46,   490] loss: 1.085
[46,   500] loss: 0.869
[46,   510] loss: 0.989
[46,   520] loss: 1.085
[46,   530] loss: 0.996
[46,   540] loss: 1.013
[46,   550] loss: 0.937
[46,   560] loss: 0.971
[46,   570] loss: 0.903
[46,   580] loss: 0.975
[46,   590] loss: 0.864
[46,   600] loss: 0.968
[46,   610] loss: 0.966
[46,   620] loss: 0.976
[46,   630] loss: 0.909
[46,   640] loss: 0.981
[46,   650] loss: 0.980
[46,   660] loss: 0.895
[46,   670] loss: 0.939
[46,   680] loss: 0.960
[46,   690] loss: 0.999
[46,   700] loss: 0.971
[46,   710] loss: 0.964
[46,   720] loss: 1.019
[46,   730] loss: 0.997
[46,   740] loss: 0.933
[46,   750] loss: 1.007
[46,   760] loss: 1.191
[46,   770] loss: 1.012
[46,   780] loss: 0.880
[46,   790] loss: 1.138
[46,   800] loss: 0.994
[47,    10] loss: 1.037
[47,    20] loss: 1.019
[47,    30] loss: 0.920
[47,    40] loss: 0.931
[47,    50] loss: 0.918
[47,    60] loss: 0.997
[47,    70] loss: 1.101
[47,    80] loss: 0.972
[47,    90] loss: 1.099
[47,   100] loss: 1.031
[47,   110] loss: 0.956
[47,   120] loss: 0.927
[47,   130] loss: 0.886
[47,   140] loss: 1.008
[47,   150] loss: 1.069
[47,   160] loss: 0.967
[47,   170] loss: 0.974
[47,   180] loss: 0.934
[47,   190] loss: 0.975
[47,   200] loss: 0.892
[47,   210] loss: 1.050
[47,   220] loss: 0.953
[47,   230] loss: 1.010
[47,   240] loss: 1.021
[47,   250] loss: 0.971
[47,   260] loss: 1.034
[47,   270] loss: 1.020
[47,   280] loss: 0.895
[47,   290] loss: 1.029
[47,   300] loss: 0.920
[47,   310] loss: 0.958
[47,   320] loss: 0.985
[47,   330] loss: 0.940
[47,   340] loss: 0.996
[47,   350] loss: 0.903
[47,   360] loss: 0.857
[47,   370] loss: 0.960
[47,   380] loss: 0.958
[47,   390] loss: 0.913
[47,   400] loss: 1.035
[47,   410] loss: 0.964
[47,   420] loss: 1.030
[47,   430] loss: 0.928
[47,   440] loss: 1.027
[47,   450] loss: 1.049
[47,   460] loss: 1.025
[47,   470] loss: 1.011
[47,   480] loss: 1.048
[47,   490] loss: 1.126
[47,   500] loss: 0.980
[47,   510] loss: 0.958
[47,   520] loss: 0.880
[47,   530] loss: 0.955
[47,   540] loss: 0.913
[47,   550] loss: 0.905
[47,   560] loss: 1.043
[47,   570] loss: 0.946
[47,   580] loss: 0.914
[47,   590] loss: 0.918
[47,   600] loss: 0.975
[47,   610] loss: 0.875
[47,   620] loss: 0.893
[47,   630] loss: 0.994
[47,   640] loss: 1.021
[47,   650] loss: 0.874
[47,   660] loss: 1.008
[47,   670] loss: 0.914
[47,   680] loss: 0.920
[47,   690] loss: 0.956
[47,   700] loss: 1.039
[47,   710] loss: 1.065
[47,   720] loss: 1.040
[47,   730] loss: 1.021
[47,   740] loss: 0.960
[47,   750] loss: 1.005
[47,   760] loss: 1.001
[47,   770] loss: 0.817
[47,   780] loss: 0.927
[47,   790] loss: 1.017
[47,   800] loss: 1.024
[48,    10] loss: 1.009
[48,    20] loss: 0.963
[48,    30] loss: 0.926
[48,    40] loss: 0.976
[48,    50] loss: 0.953
[48,    60] loss: 0.915
[48,    70] loss: 1.042
[48,    80] loss: 0.884
[48,    90] loss: 0.862
[48,   100] loss: 1.013
[48,   110] loss: 0.932
[48,   120] loss: 1.073
[48,   130] loss: 0.937
[48,   140] loss: 0.896
[48,   150] loss: 0.924
[48,   160] loss: 1.049
[48,   170] loss: 1.090
[48,   180] loss: 0.905
[48,   190] loss: 0.983
[48,   200] loss: 0.948
[48,   210] loss: 1.039
[48,   220] loss: 0.977
[48,   230] loss: 0.953
[48,   240] loss: 0.972
[48,   250] loss: 0.964
[48,   260] loss: 1.003
[48,   270] loss: 1.016
[48,   280] loss: 0.944
[48,   290] loss: 0.988
[48,   300] loss: 1.006
[48,   310] loss: 1.018
[48,   320] loss: 0.993
[48,   330] loss: 0.914
[48,   340] loss: 1.075
[48,   350] loss: 0.912
[48,   360] loss: 1.011
[48,   370] loss: 0.994
[48,   380] loss: 1.012
[48,   390] loss: 1.005
[48,   400] loss: 1.023
[48,   410] loss: 0.957
[48,   420] loss: 0.901
[48,   430] loss: 0.782
[48,   440] loss: 0.940
[48,   450] loss: 0.827
[48,   460] loss: 0.933
[48,   470] loss: 1.021
[48,   480] loss: 0.935
[48,   490] loss: 0.943
[48,   500] loss: 0.991
[48,   510] loss: 1.014
[48,   520] loss: 1.067
[48,   530] loss: 1.012
[48,   540] loss: 0.982
[48,   550] loss: 0.850
[48,   560] loss: 1.066
[48,   570] loss: 1.141
[48,   580] loss: 1.061
[48,   590] loss: 1.039
[48,   600] loss: 1.027
[48,   610] loss: 0.932
[48,   620] loss: 0.926
[48,   630] loss: 0.912
[48,   640] loss: 1.009
[48,   650] loss: 1.065
[48,   660] loss: 1.099
[48,   670] loss: 0.994
[48,   680] loss: 0.904
[48,   690] loss: 1.009
[48,   700] loss: 0.975
[48,   710] loss: 0.965
[48,   720] loss: 0.974
[48,   730] loss: 0.962
[48,   740] loss: 0.996
[48,   750] loss: 1.037
[48,   760] loss: 0.920
[48,   770] loss: 0.962
[48,   780] loss: 0.875
[48,   790] loss: 0.974
[48,   800] loss: 1.021
[49,    10] loss: 1.111
[49,    20] loss: 0.990
[49,    30] loss: 1.010
[49,    40] loss: 1.014
[49,    50] loss: 1.004
[49,    60] loss: 0.919
[49,    70] loss: 0.890
[49,    80] loss: 1.033
[49,    90] loss: 0.938
[49,   100] loss: 0.960
[49,   110] loss: 1.011
[49,   120] loss: 1.009
[49,   130] loss: 0.882
[49,   140] loss: 0.927
[49,   150] loss: 0.927
[49,   160] loss: 0.923
[49,   170] loss: 1.068
[49,   180] loss: 0.999
[49,   190] loss: 1.068
[49,   200] loss: 0.909
[49,   210] loss: 0.949
[49,   220] loss: 0.896
[49,   230] loss: 1.010
[49,   240] loss: 0.956
[49,   250] loss: 0.972
[49,   260] loss: 1.058
[49,   270] loss: 1.090
[49,   280] loss: 0.973
[49,   290] loss: 1.014
[49,   300] loss: 0.965
[49,   310] loss: 1.059
[49,   320] loss: 0.874
[49,   330] loss: 0.956
[49,   340] loss: 1.009
[49,   350] loss: 1.044
[49,   360] loss: 0.858
[49,   370] loss: 1.085
[49,   380] loss: 1.009
[49,   390] loss: 1.082
[49,   400] loss: 1.066
[49,   410] loss: 1.061
[49,   420] loss: 0.898
[49,   430] loss: 0.986
[49,   440] loss: 1.004
[49,   450] loss: 1.030
[49,   460] loss: 0.944
[49,   470] loss: 0.963
[49,   480] loss: 0.977
[49,   490] loss: 0.931
[49,   500] loss: 0.929
[49,   510] loss: 0.912
[49,   520] loss: 0.944
[49,   530] loss: 0.970
[49,   540] loss: 0.930
[49,   550] loss: 0.950
[49,   560] loss: 0.905
[49,   570] loss: 1.011
[49,   580] loss: 0.920
[49,   590] loss: 0.933
[49,   600] loss: 0.955
[49,   610] loss: 0.962
[49,   620] loss: 0.939
[49,   630] loss: 0.973
[49,   640] loss: 0.910
[49,   650] loss: 0.962
[49,   660] loss: 0.978
[49,   670] loss: 1.035
[49,   680] loss: 1.105
[49,   690] loss: 1.010
[49,   700] loss: 1.018
[49,   710] loss: 0.943
[49,   720] loss: 0.940
[49,   730] loss: 0.941
[49,   740] loss: 0.888
[49,   750] loss: 0.940
[49,   760] loss: 1.103
[49,   770] loss: 1.073
[49,   780] loss: 0.988
[49,   790] loss: 1.052
[49,   800] loss: 0.994
[50,    10] loss: 1.095
[50,    20] loss: 0.956
[50,    30] loss: 0.967
[50,    40] loss: 1.016
[50,    50] loss: 0.895
[50,    60] loss: 0.950
[50,    70] loss: 0.993
[50,    80] loss: 1.028
[50,    90] loss: 0.902
[50,   100] loss: 0.993
[50,   110] loss: 1.030
[50,   120] loss: 0.984
[50,   130] loss: 0.870
[50,   140] loss: 0.997
[50,   150] loss: 1.041
[50,   160] loss: 0.929
[50,   170] loss: 0.868
[50,   180] loss: 0.943
[50,   190] loss: 1.099
[50,   200] loss: 1.018
[50,   210] loss: 0.963
[50,   220] loss: 1.021
[50,   230] loss: 1.005
[50,   240] loss: 1.011
[50,   250] loss: 0.992
[50,   260] loss: 0.973
[50,   270] loss: 0.981
[50,   280] loss: 0.902
[50,   290] loss: 0.969
[50,   300] loss: 0.949
[50,   310] loss: 0.995
[50,   320] loss: 0.958
[50,   330] loss: 0.917
[50,   340] loss: 0.971
[50,   350] loss: 1.061
[50,   360] loss: 0.978
[50,   370] loss: 1.105
[50,   380] loss: 0.992
[50,   390] loss: 0.979
[50,   400] loss: 0.931
[50,   410] loss: 1.037
[50,   420] loss: 0.987
[50,   430] loss: 1.025
[50,   440] loss: 0.897
[50,   450] loss: 1.051
[50,   460] loss: 0.951
[50,   470] loss: 0.997
[50,   480] loss: 0.945
[50,   490] loss: 1.004
[50,   500] loss: 1.124
[50,   510] loss: 0.904
[50,   520] loss: 1.010
[50,   530] loss: 1.010
[50,   540] loss: 1.029
[50,   550] loss: 1.018
[50,   560] loss: 0.997
[50,   570] loss: 0.909
[50,   580] loss: 0.918
[50,   590] loss: 0.924
[50,   600] loss: 1.033
[50,   610] loss: 0.967
[50,   620] loss: 1.026
[50,   630] loss: 1.036
[50,   640] loss: 1.022
[50,   650] loss: 0.922
[50,   660] loss: 0.928
[50,   670] loss: 0.951
[50,   680] loss: 0.980
[50,   690] loss: 0.881
[50,   700] loss: 0.942
[50,   710] loss: 1.024
[50,   720] loss: 0.918
[50,   730] loss: 0.933
[50,   740] loss: 0.903
[50,   750] loss: 0.935
[50,   760] loss: 0.983
[50,   770] loss: 0.998
[50,   780] loss: 0.850
[50,   790] loss: 0.951
[50,   800] loss: 0.986
Finished !!
Accuracy of the network: 45.51 %
