Collecting dill==0.3.4 (from -r requirements.txt (line 1))
  Using cached https://files.pythonhosted.org/packages/b6/c3/973676ceb86b60835bb3978c6db67a5dc06be6cfdbd14ef0f5a13e3fc9fd/dill-0.3.4-py2.py3-none-any.whl
Requirement already satisfied: laplace==0.1 in /zhome/45/c/128687/.local/lib/python3.6/site-packages (from -r requirements.txt (line 2))
Collecting matplotlib==3.4.0 (from -r requirements.txt (line 3))
Small: 0
Transform: 1
MaxPool: 0
Running GPU.
[1,    10] loss: 1.923
[1,    20] loss: 1.915
[1,    30] loss: 1.866
[1,    40] loss: 1.854
[1,    50] loss: 1.843
[1,    60] loss: 1.816
[1,    70] loss: 1.796
[1,    80] loss: 1.813
[1,    90] loss: 1.768
[1,   100] loss: 1.780
[1,   110] loss: 1.778
[1,   120] loss: 1.748
[1,   130] loss: 1.774
[1,   140] loss: 1.757
[1,   150] loss: 1.733
[1,   160] loss: 1.741
[1,   170] loss: 1.749
[1,   180] loss: 1.704
[1,   190] loss: 1.738
[1,   200] loss: 1.731
[1,   210] loss: 1.745
[1,   220] loss: 1.722
[1,   230] loss: 1.700
[1,   240] loss: 1.747
[1,   250] loss: 1.707
[1,   260] loss: 1.691
[1,   270] loss: 1.704
[1,   280] loss: 1.671
[1,   290] loss: 1.660
[1,   300] loss: 1.721
[1,   310] loss: 1.670
[1,   320] loss: 1.666
[1,   330] loss: 1.627
[1,   340] loss: 1.665
[1,   350] loss: 1.656
[1,   360] loss: 1.673
[1,   370] loss: 1.674
[1,   380] loss: 1.633
[1,   390] loss: 1.656
[1,   400] loss: 1.639
VALIDATION loss: 1.6135181188583374
[2,    10] loss: 1.657
[2,    20] loss: 1.630
[2,    30] loss: 1.664
[2,    40] loss: 1.662
[2,    50] loss: 1.633
[2,    60] loss: 1.674
[2,    70] loss: 1.647
[2,    80] loss: 1.647
[2,    90] loss: 1.631
[2,   100] loss: 1.642
[2,   110] loss: 1.639
[2,   120] loss: 1.654
[2,   130] loss: 1.613
[2,   140] loss: 1.613
[2,   150] loss: 1.664
[2,   160] loss: 1.643
[2,   170] loss: 1.621
[2,   180] loss: 1.624
[2,   190] loss: 1.648
[2,   200] loss: 1.574
[2,   210] loss: 1.638
[2,   220] loss: 1.679
[2,   230] loss: 1.615
[2,   240] loss: 1.657
[2,   250] loss: 1.653
[2,   260] loss: 1.623
[2,   270] loss: 1.588
[2,   280] loss: 1.604
[2,   290] loss: 1.620
[2,   300] loss: 1.616
[2,   310] loss: 1.584
[2,   320] loss: 1.622
[2,   330] loss: 1.644
[2,   340] loss: 1.622
[2,   350] loss: 1.606
[2,   360] loss: 1.630
[2,   370] loss: 1.596
[2,   380] loss: 1.623
[2,   390] loss: 1.612
[2,   400] loss: 1.613
VALIDATION loss: 1.5681766271591187
[3,    10] loss: 1.618
[3,    20] loss: 1.621
[3,    30] loss: 1.621
[3,    40] loss: 1.608
[3,    50] loss: 1.601
[3,    60] loss: 1.592
[3,    70] loss: 1.543
[3,    80] loss: 1.591
[3,    90] loss: 1.618
[3,   100] loss: 1.547
[3,   110] loss: 1.579
[3,   120] loss: 1.584
[3,   130] loss: 1.570
[3,   140] loss: 1.581
[3,   150] loss: 1.560
[3,   160] loss: 1.582
[3,   170] loss: 1.560
[3,   180] loss: 1.586
[3,   190] loss: 1.566
[3,   200] loss: 1.573
[3,   210] loss: 1.547
[3,   220] loss: 1.572
[3,   230] loss: 1.559
[3,   240] loss: 1.574
[3,   250] loss: 1.555
[3,   260] loss: 1.540
[3,   270] loss: 1.569
[3,   280] loss: 1.509
[3,   290] loss: 1.565
[3,   300] loss: 1.502
[3,   310] loss: 1.582
[3,   320] loss: 1.577
[3,   330] loss: 1.581
[3,   340] loss: 1.526
[3,   350] loss: 1.564
[3,   360] loss: 1.560
[3,   370] loss: 1.519
[3,   380] loss: 1.572
[3,   390] loss: 1.603
[3,   400] loss: 1.557
VALIDATION loss: 1.5116750001907349
[4,    10] loss: 1.530
[4,    20] loss: 1.526
[4,    30] loss: 1.529
[4,    40] loss: 1.553
[4,    50] loss: 1.555
[4,    60] loss: 1.503
[4,    70] loss: 1.561
[4,    80] loss: 1.501
[4,    90] loss: 1.517
[4,   100] loss: 1.522
[4,   110] loss: 1.515
[4,   120] loss: 1.526
[4,   130] loss: 1.506
[4,   140] loss: 1.590
[4,   150] loss: 1.535
[4,   160] loss: 1.533
[4,   170] loss: 1.506
[4,   180] loss: 1.529
[4,   190] loss: 1.523
[4,   200] loss: 1.515
[4,   210] loss: 1.532
[4,   220] loss: 1.504
[4,   230] loss: 1.572
[4,   240] loss: 1.493
[4,   250] loss: 1.464
[4,   260] loss: 1.525
[4,   270] loss: 1.560
[4,   280] loss: 1.514
[4,   290] loss: 1.524
[4,   300] loss: 1.481
[4,   310] loss: 1.498
[4,   320] loss: 1.552
[4,   330] loss: 1.462
[4,   340] loss: 1.466
[4,   350] loss: 1.462
[4,   360] loss: 1.502
[4,   370] loss: 1.471
[4,   380] loss: 1.520
[4,   390] loss: 1.597
[4,   400] loss: 1.516
VALIDATION loss: 1.4434237480163574
[5,    10] loss: 1.517
[5,    20] loss: 1.475
[5,    30] loss: 1.428
[5,    40] loss: 1.530
[5,    50] loss: 1.451
[5,    60] loss: 1.553
[5,    70] loss: 1.537
[5,    80] loss: 1.526
[5,    90] loss: 1.522
[5,   100] loss: 1.462
[5,   110] loss: 1.467
[5,   120] loss: 1.453
[5,   130] loss: 1.517
[5,   140] loss: 1.529
[5,   150] loss: 1.482
[5,   160] loss: 1.421
[5,   170] loss: 1.501
[5,   180] loss: 1.464
[5,   190] loss: 1.535
[5,   200] loss: 1.461
[5,   210] loss: 1.511
[5,   220] loss: 1.436
[5,   230] loss: 1.480
[5,   240] loss: 1.413
[5,   250] loss: 1.457
[5,   260] loss: 1.560
[5,   270] loss: 1.487
[5,   280] loss: 1.492
[5,   290] loss: 1.504
[5,   300] loss: 1.493
[5,   310] loss: 1.433
[5,   320] loss: 1.445
[5,   330] loss: 1.459
[5,   340] loss: 1.429
[5,   350] loss: 1.434
[5,   360] loss: 1.463
[5,   370] loss: 1.428
[5,   380] loss: 1.423
[5,   390] loss: 1.485
[5,   400] loss: 1.463
VALIDATION loss: 1.396380066871643
[6,    10] loss: 1.457
[6,    20] loss: 1.438
[6,    30] loss: 1.483
[6,    40] loss: 1.463
[6,    50] loss: 1.474
[6,    60] loss: 1.393
[6,    70] loss: 1.483
[6,    80] loss: 1.417
[6,    90] loss: 1.463
[6,   100] loss: 1.401
[6,   110] loss: 1.454
[6,   120] loss: 1.434
[6,   130] loss: 1.485
[6,   140] loss: 1.417
[6,   150] loss: 1.460
[6,   160] loss: 1.408
[6,   170] loss: 1.485
[6,   180] loss: 1.424
[6,   190] loss: 1.466
[6,   200] loss: 1.448
[6,   210] loss: 1.476
[6,   220] loss: 1.489
[6,   230] loss: 1.453
[6,   240] loss: 1.447
[6,   250] loss: 1.459
[6,   260] loss: 1.399
[6,   270] loss: 1.472
[6,   280] loss: 1.464
[6,   290] loss: 1.414
[6,   300] loss: 1.416
[6,   310] loss: 1.407
[6,   320] loss: 1.447
[6,   330] loss: 1.387
[6,   340] loss: 1.491
[6,   350] loss: 1.467
[6,   360] loss: 1.427
[6,   370] loss: 1.435
[6,   380] loss: 1.478
[6,   390] loss: 1.424
[6,   400] loss: 1.490
VALIDATION loss: 1.3621093034744263
[7,    10] loss: 1.423
[7,    20] loss: 1.397
[7,    30] loss: 1.440
[7,    40] loss: 1.441
[7,    50] loss: 1.426
[7,    60] loss: 1.461
[7,    70] loss: 1.383
[7,    80] loss: 1.481
[7,    90] loss: 1.429
[7,   100] loss: 1.472
[7,   110] loss: 1.430
[7,   120] loss: 1.408
[7,   130] loss: 1.389
[7,   140] loss: 1.370
[7,   150] loss: 1.482
[7,   160] loss: 1.421
[7,   170] loss: 1.332
[7,   180] loss: 1.462
[7,   190] loss: 1.450
[7,   200] loss: 1.467
[7,   210] loss: 1.389
[7,   220] loss: 1.450
[7,   230] loss: 1.380
[7,   240] loss: 1.459
[7,   250] loss: 1.397
[7,   260] loss: 1.412
[7,   270] loss: 1.455
[7,   280] loss: 1.456
[7,   290] loss: 1.396
[7,   300] loss: 1.338
[7,   310] loss: 1.438
[7,   320] loss: 1.489
[7,   330] loss: 1.455
[7,   340] loss: 1.389
[7,   350] loss: 1.443
[7,   360] loss: 1.370
[7,   370] loss: 1.414
[7,   380] loss: 1.425
[7,   390] loss: 1.427
[7,   400] loss: 1.405
VALIDATION loss: 1.335245966911316
[8,    10] loss: 1.331
[8,    20] loss: 1.399
[8,    30] loss: 1.375
[8,    40] loss: 1.424
[8,    50] loss: 1.305
[8,    60] loss: 1.431
[8,    70] loss: 1.400
[8,    80] loss: 1.377
[8,    90] loss: 1.399
[8,   100] loss: 1.430
[8,   110] loss: 1.389
[8,   120] loss: 1.432
[8,   130] loss: 1.335
[8,   140] loss: 1.381
[8,   150] loss: 1.375
[8,   160] loss: 1.405
[8,   170] loss: 1.388
[8,   180] loss: 1.370
[8,   190] loss: 1.329
[8,   200] loss: 1.386
[8,   210] loss: 1.367
[8,   220] loss: 1.423
[8,   230] loss: 1.447
[8,   240] loss: 1.445
[8,   250] loss: 1.340
[8,   260] loss: 1.394
[8,   270] loss: 1.402
[8,   280] loss: 1.333
[8,   290] loss: 1.385
[8,   300] loss: 1.418
[8,   310] loss: 1.325
[8,   320] loss: 1.455
[8,   330] loss: 1.440
[8,   340] loss: 1.380
[8,   350] loss: 1.404
[8,   360] loss: 1.404
[8,   370] loss: 1.373
[8,   380] loss: 1.377
[8,   390] loss: 1.442
[8,   400] loss: 1.446
VALIDATION loss: 1.267321228981018
[9,    10] loss: 1.393
[9,    20] loss: 1.392
[9,    30] loss: 1.319
[9,    40] loss: 1.360
[9,    50] loss: 1.409
[9,    60] loss: 1.354
[9,    70] loss: 1.392
[9,    80] loss: 1.405
[9,    90] loss: 1.399
[9,   100] loss: 1.348
[9,   110] loss: 1.384
[9,   120] loss: 1.322
[9,   130] loss: 1.418
[9,   140] loss: 1.366
[9,   150] loss: 1.356
[9,   160] loss: 1.406
[9,   170] loss: 1.391
[9,   180] loss: 1.390
[9,   190] loss: 1.334
[9,   200] loss: 1.416
[9,   210] loss: 1.382
[9,   220] loss: 1.378
[9,   230] loss: 1.436
[9,   240] loss: 1.334
[9,   250] loss: 1.425
[9,   260] loss: 1.351
[9,   270] loss: 1.321
[9,   280] loss: 1.291
[9,   290] loss: 1.341
[9,   300] loss: 1.320
[9,   310] loss: 1.359
[9,   320] loss: 1.365
[9,   330] loss: 1.358
[9,   340] loss: 1.356
[9,   350] loss: 1.418
[9,   360] loss: 1.387
[9,   370] loss: 1.338
[9,   380] loss: 1.373
[9,   390] loss: 1.378
[9,   400] loss: 1.376
VALIDATION loss: 1.2757564783096313
[10,    10] loss: 1.347
[10,    20] loss: 1.361
[10,    30] loss: 1.407
[10,    40] loss: 1.381
[10,    50] loss: 1.311
[10,    60] loss: 1.330
[10,    70] loss: 1.347
[10,    80] loss: 1.358
[10,    90] loss: 1.396
[10,   100] loss: 1.362
[10,   110] loss: 1.358
[10,   120] loss: 1.447
[10,   130] loss: 1.302
[10,   140] loss: 1.379
[10,   150] loss: 1.398
[10,   160] loss: 1.292
[10,   170] loss: 1.392
[10,   180] loss: 1.355
[10,   190] loss: 1.261
[10,   200] loss: 1.351
[10,   210] loss: 1.347
[10,   220] loss: 1.351
[10,   230] loss: 1.362
[10,   240] loss: 1.302
[10,   250] loss: 1.334
[10,   260] loss: 1.348
[10,   270] loss: 1.332
[10,   280] loss: 1.314
[10,   290] loss: 1.409
[10,   300] loss: 1.339
[10,   310] loss: 1.289
[10,   320] loss: 1.270
[10,   330] loss: 1.300
[10,   340] loss: 1.375
[10,   350] loss: 1.305
[10,   360] loss: 1.333
[10,   370] loss: 1.361
[10,   380] loss: 1.356
[10,   390] loss: 1.357
[10,   400] loss: 1.341
VALIDATION loss: 1.236708641052246
[11,    10] loss: 1.328
[11,    20] loss: 1.330
[11,    30] loss: 1.340
[11,    40] loss: 1.345
[11,    50] loss: 1.348
[11,    60] loss: 1.377
[11,    70] loss: 1.344
[11,    80] loss: 1.335
[11,    90] loss: 1.299
[11,   100] loss: 1.259
[11,   110] loss: 1.312
[11,   120] loss: 1.420
[11,   130] loss: 1.295
[11,   140] loss: 1.344
[11,   150] loss: 1.337
[11,   160] loss: 1.349
[11,   170] loss: 1.400
[11,   180] loss: 1.333
[11,   190] loss: 1.286
[11,   200] loss: 1.275
[11,   210] loss: 1.298
[11,   220] loss: 1.338
[11,   230] loss: 1.409
[11,   240] loss: 1.316
[11,   250] loss: 1.286
[11,   260] loss: 1.282
[11,   270] loss: 1.317
[11,   280] loss: 1.246
[11,   290] loss: 1.348
[11,   300] loss: 1.256
[11,   310] loss: 1.290
[11,   320] loss: 1.364
[11,   330] loss: 1.348
[11,   340] loss: 1.331
[11,   350] loss: 1.271
[11,   360] loss: 1.334
[11,   370] loss: 1.244
[11,   380] loss: 1.351
[11,   390] loss: 1.316
[11,   400] loss: 1.335
VALIDATION loss: 1.2049174308776855
[12,    10] loss: 1.299
[12,    20] loss: 1.312
[12,    30] loss: 1.310
[12,    40] loss: 1.276
[12,    50] loss: 1.320
[12,    60] loss: 1.326
[12,    70] loss: 1.324
[12,    80] loss: 1.255
[12,    90] loss: 1.262
[12,   100] loss: 1.369
[12,   110] loss: 1.259
[12,   120] loss: 1.351
[12,   130] loss: 1.286
[12,   140] loss: 1.334
[12,   150] loss: 1.335
[12,   160] loss: 1.317
[12,   170] loss: 1.277
[12,   180] loss: 1.305
[12,   190] loss: 1.217
[12,   200] loss: 1.285
[12,   210] loss: 1.380
[12,   220] loss: 1.344
[12,   230] loss: 1.359
[12,   240] loss: 1.326
[12,   250] loss: 1.341
[12,   260] loss: 1.316
[12,   270] loss: 1.333
[12,   280] loss: 1.268
[12,   290] loss: 1.263
[12,   300] loss: 1.288
[12,   310] loss: 1.335
[12,   320] loss: 1.304
[12,   330] loss: 1.286
[12,   340] loss: 1.316
[12,   350] loss: 1.204
[12,   360] loss: 1.300
[12,   370] loss: 1.307
[12,   380] loss: 1.272
[12,   390] loss: 1.393
[12,   400] loss: 1.229
VALIDATION loss: 1.2016311883926392
[13,    10] loss: 1.243
[13,    20] loss: 1.273
[13,    30] loss: 1.348
[13,    40] loss: 1.292
[13,    50] loss: 1.248
[13,    60] loss: 1.221
[13,    70] loss: 1.242
[13,    80] loss: 1.291
[13,    90] loss: 1.280
[13,   100] loss: 1.186
[13,   110] loss: 1.311
[13,   120] loss: 1.299
[13,   130] loss: 1.321
[13,   140] loss: 1.225
[13,   150] loss: 1.297
[13,   160] loss: 1.265
[13,   170] loss: 1.287
[13,   180] loss: 1.289
[13,   190] loss: 1.297
[13,   200] loss: 1.319
[13,   210] loss: 1.244
[13,   220] loss: 1.341
[13,   230] loss: 1.272
[13,   240] loss: 1.232
[13,   250] loss: 1.323
[13,   260] loss: 1.300
[13,   270] loss: 1.273
[13,   280] loss: 1.277
[13,   290] loss: 1.279
[13,   300] loss: 1.286
[13,   310] loss: 1.229
[13,   320] loss: 1.254
[13,   330] loss: 1.278
[13,   340] loss: 1.294
[13,   350] loss: 1.252
[13,   360] loss: 1.303
[13,   370] loss: 1.293
[13,   380] loss: 1.173
[13,   390] loss: 1.301
[13,   400] loss: 1.239
VALIDATION loss: 1.1323314905166626
[14,    10] loss: 1.266
[14,    20] loss: 1.290
[14,    30] loss: 1.266
[14,    40] loss: 1.279
[14,    50] loss: 1.225
[14,    60] loss: 1.207
[14,    70] loss: 1.234
[14,    80] loss: 1.209
[14,    90] loss: 1.259
[14,   100] loss: 1.305
[14,   110] loss: 1.232
[14,   120] loss: 1.234
[14,   130] loss: 1.216
[14,   140] loss: 1.320
[14,   150] loss: 1.314
[14,   160] loss: 1.285
[14,   170] loss: 1.249
[14,   180] loss: 1.257
[14,   190] loss: 1.260
[14,   200] loss: 1.341
[14,   210] loss: 1.246
[14,   220] loss: 1.274
[14,   230] loss: 1.238
[14,   240] loss: 1.212
[14,   250] loss: 1.289
[14,   260] loss: 1.274
[14,   270] loss: 1.268
[14,   280] loss: 1.242
[14,   290] loss: 1.243
[14,   300] loss: 1.244
[14,   310] loss: 1.262
[14,   320] loss: 1.329
[14,   330] loss: 1.245
[14,   340] loss: 1.236
[14,   350] loss: 1.261
[14,   360] loss: 1.229
[14,   370] loss: 1.273
[14,   380] loss: 1.248
[14,   390] loss: 1.309
[14,   400] loss: 1.213
VALIDATION loss: 1.169600248336792
[15,    10] loss: 1.326
[15,    20] loss: 1.215
[15,    30] loss: 1.206
[15,    40] loss: 1.194
[15,    50] loss: 1.276
[15,    60] loss: 1.245
[15,    70] loss: 1.239
[15,    80] loss: 1.271
[15,    90] loss: 1.271
[15,   100] loss: 1.238
[15,   110] loss: 1.296
[15,   120] loss: 1.258
[15,   130] loss: 1.250
[15,   140] loss: 1.224
[15,   150] loss: 1.219
[15,   160] loss: 1.223
[15,   170] loss: 1.237
[15,   180] loss: 1.259
[15,   190] loss: 1.247
[15,   200] loss: 1.158
[15,   210] loss: 1.250
[15,   220] loss: 1.229
[15,   230] loss: 1.243
[15,   240] loss: 1.271
[15,   250] loss: 1.225
[15,   260] loss: 1.330
[15,   270] loss: 1.203
[15,   280] loss: 1.250
[15,   290] loss: 1.263
[15,   300] loss: 1.275
[15,   310] loss: 1.276
[15,   320] loss: 1.250
[15,   330] loss: 1.226
[15,   340] loss: 1.216
[15,   350] loss: 1.294
[15,   360] loss: 1.277
[15,   370] loss: 1.259
[15,   380] loss: 1.243
[15,   390] loss: 1.266
[15,   400] loss: 1.239
VALIDATION loss: 1.3550506830215454
Finished !!
