Collecting dill==0.3.4 (from -r requirements.txt (line 1))
  Using cached https://files.pythonhosted.org/packages/b6/c3/973676ceb86b60835bb3978c6db67a5dc06be6cfdbd14ef0f5a13e3fc9fd/dill-0.3.4-py2.py3-none-any.whl
Requirement already satisfied: laplace==0.1 in /zhome/45/c/128687/.local/lib/python3.6/site-packages (from -r requirements.txt (line 2))
Collecting matplotlib==3.4.0 (from -r requirements.txt (line 3))
Running GPU.
[1,    10] loss: 1.922
[1,    20] loss: 1.739
[1,    30] loss: 1.614
[1,    40] loss: 1.639
[1,    50] loss: 1.532
[1,    60] loss: 1.545
[1,    70] loss: 1.476
[1,    80] loss: 1.480
[1,    90] loss: 1.430
[1,   100] loss: 1.346
[1,   110] loss: 1.437
[1,   120] loss: 1.327
[1,   130] loss: 1.373
[1,   140] loss: 1.433
[1,   150] loss: 1.335
[1,   160] loss: 1.443
[1,   170] loss: 1.383
[1,   180] loss: 1.393
[1,   190] loss: 1.370
[1,   200] loss: 1.331
[1,   210] loss: 1.326
[1,   220] loss: 1.238
[1,   230] loss: 1.336
[1,   240] loss: 1.185
[1,   250] loss: 1.277
[1,   260] loss: 1.316
[1,   270] loss: 1.254
[1,   280] loss: 1.164
[1,   290] loss: 1.174
[1,   300] loss: 1.246
[1,   310] loss: 1.184
[1,   320] loss: 1.279
[1,   330] loss: 1.268
[1,   340] loss: 1.266
[1,   350] loss: 1.162
[1,   360] loss: 1.259
[1,   370] loss: 1.286
[1,   380] loss: 1.369
[1,   390] loss: 1.247
[1,   400] loss: 1.203
[1,   410] loss: 1.151
[1,   420] loss: 1.220
[1,   430] loss: 1.183
[1,   440] loss: 1.132
[1,   450] loss: 1.184
[1,   460] loss: 1.260
[1,   470] loss: 1.133
[1,   480] loss: 1.206
[1,   490] loss: 1.147
[1,   500] loss: 1.179
[1,   510] loss: 1.107
[1,   520] loss: 1.310
[1,   530] loss: 1.200
[1,   540] loss: 1.197
[1,   550] loss: 1.127
[1,   560] loss: 1.192
[1,   570] loss: 1.288
[1,   580] loss: 1.114
[1,   590] loss: 1.185
[1,   600] loss: 1.199
[1,   610] loss: 1.223
[1,   620] loss: 1.127
[1,   630] loss: 1.169
[1,   640] loss: 1.215
[1,   650] loss: 0.973
[1,   660] loss: 1.214
[1,   670] loss: 1.130
[1,   680] loss: 1.114
[1,   690] loss: 1.180
[1,   700] loss: 1.079
[1,   710] loss: 1.146
[1,   720] loss: 1.092
[1,   730] loss: 1.021
[1,   740] loss: 1.130
[1,   750] loss: 0.957
[1,   760] loss: 1.150
[1,   770] loss: 1.106
[1,   780] loss: 1.138
[1,   790] loss: 1.123
[1,   800] loss: 1.083
[2,    10] loss: 1.031
[2,    20] loss: 1.108
[2,    30] loss: 0.889
[2,    40] loss: 0.949
[2,    50] loss: 0.930
[2,    60] loss: 1.063
[2,    70] loss: 0.939
[2,    80] loss: 1.093
[2,    90] loss: 0.980
[2,   100] loss: 1.061
[2,   110] loss: 0.907
[2,   120] loss: 0.937
[2,   130] loss: 0.959
[2,   140] loss: 0.962
[2,   150] loss: 1.061
[2,   160] loss: 0.931
[2,   170] loss: 0.963
[2,   180] loss: 0.967
[2,   190] loss: 0.974
[2,   200] loss: 0.982
[2,   210] loss: 0.982
[2,   220] loss: 0.904
[2,   230] loss: 0.942
[2,   240] loss: 1.031
[2,   250] loss: 1.005
[2,   260] loss: 0.902
[2,   270] loss: 0.926
[2,   280] loss: 1.058
[2,   290] loss: 0.987
[2,   300] loss: 1.009
[2,   310] loss: 0.965
[2,   320] loss: 0.955
[2,   330] loss: 0.901
[2,   340] loss: 0.893
[2,   350] loss: 0.862
[2,   360] loss: 0.839
[2,   370] loss: 0.868
[2,   380] loss: 0.921
[2,   390] loss: 0.866
[2,   400] loss: 0.912
[2,   410] loss: 0.874
[2,   420] loss: 0.867
[2,   430] loss: 0.832
[2,   440] loss: 0.822
[2,   450] loss: 0.927
[2,   460] loss: 0.944
[2,   470] loss: 0.957
[2,   480] loss: 1.014
[2,   490] loss: 0.912
[2,   500] loss: 0.892
[2,   510] loss: 0.803
[2,   520] loss: 0.862
[2,   530] loss: 0.813
[2,   540] loss: 0.918
[2,   550] loss: 0.713
[2,   560] loss: 0.939
[2,   570] loss: 0.796
[2,   580] loss: 0.809
[2,   590] loss: 0.907
[2,   600] loss: 0.851
[2,   610] loss: 0.733
[2,   620] loss: 0.832
[2,   630] loss: 0.901
[2,   640] loss: 0.940
[2,   650] loss: 0.848
[2,   660] loss: 0.912
[2,   670] loss: 0.790
[2,   680] loss: 0.891
[2,   690] loss: 0.886
[2,   700] loss: 0.832
[2,   710] loss: 0.783
[2,   720] loss: 0.882
[2,   730] loss: 0.848
[2,   740] loss: 0.889
[2,   750] loss: 0.877
[2,   760] loss: 0.854
[2,   770] loss: 0.801
[2,   780] loss: 0.784
[2,   790] loss: 0.799
[2,   800] loss: 0.825
[3,    10] loss: 0.942
[3,    20] loss: 0.786
[3,    30] loss: 0.790
[3,    40] loss: 0.840
[3,    50] loss: 0.851
[3,    60] loss: 0.856
[3,    70] loss: 0.796
[3,    80] loss: 0.735
[3,    90] loss: 0.787
[3,   100] loss: 0.731
[3,   110] loss: 0.790
[3,   120] loss: 0.800
[3,   130] loss: 0.759
[3,   140] loss: 0.688
[3,   150] loss: 0.842
[3,   160] loss: 0.747
[3,   170] loss: 0.752
[3,   180] loss: 0.854
[3,   190] loss: 1.003
[3,   200] loss: 0.760
[3,   210] loss: 0.750
[3,   220] loss: 0.671
[3,   230] loss: 0.780
[3,   240] loss: 0.703
[3,   250] loss: 0.912
[3,   260] loss: 0.696
[3,   270] loss: 0.768
[3,   280] loss: 0.705
[3,   290] loss: 0.687
[3,   300] loss: 0.746
[3,   310] loss: 0.778
[3,   320] loss: 0.711
[3,   330] loss: 0.803
[3,   340] loss: 0.738
[3,   350] loss: 0.975
[3,   360] loss: 0.806
[3,   370] loss: 0.840
[3,   380] loss: 0.728
[3,   390] loss: 0.767
[3,   400] loss: 0.813
[3,   410] loss: 0.686
[3,   420] loss: 0.739
[3,   430] loss: 0.859
[3,   440] loss: 0.854
[3,   450] loss: 0.723
[3,   460] loss: 0.668
[3,   470] loss: 0.680
[3,   480] loss: 0.702
[3,   490] loss: 0.764
[3,   500] loss: 0.803
[3,   510] loss: 0.782
[3,   520] loss: 0.817
[3,   530] loss: 0.722
[3,   540] loss: 0.739
[3,   550] loss: 0.752
[3,   560] loss: 0.742
[3,   570] loss: 0.818
[3,   580] loss: 0.721
[3,   590] loss: 0.655
[3,   600] loss: 0.643
[3,   610] loss: 0.819
[3,   620] loss: 0.711
[3,   630] loss: 0.733
[3,   640] loss: 0.733
[3,   650] loss: 0.591
[3,   660] loss: 0.769
[3,   670] loss: 0.826
[3,   680] loss: 0.852
[3,   690] loss: 0.808
[3,   700] loss: 0.587
[3,   710] loss: 0.661
[3,   720] loss: 0.576
[3,   730] loss: 0.666
[3,   740] loss: 0.649
[3,   750] loss: 0.671
[3,   760] loss: 0.699
[3,   770] loss: 0.751
[3,   780] loss: 0.701
[3,   790] loss: 0.819
[3,   800] loss: 0.648
[4,    10] loss: 0.795
[4,    20] loss: 0.715
[4,    30] loss: 0.660
[4,    40] loss: 0.698
[4,    50] loss: 0.645
[4,    60] loss: 0.752
[4,    70] loss: 0.695
[4,    80] loss: 0.712
[4,    90] loss: 0.686
[4,   100] loss: 0.699
[4,   110] loss: 0.732
[4,   120] loss: 0.786
[4,   130] loss: 0.788
[4,   140] loss: 0.734
[4,   150] loss: 0.618
[4,   160] loss: 0.730
[4,   170] loss: 0.798
[4,   180] loss: 0.782
[4,   190] loss: 0.678
[4,   200] loss: 0.779
[4,   210] loss: 0.800
[4,   220] loss: 0.838
[4,   230] loss: 0.768
[4,   240] loss: 0.767
[4,   250] loss: 0.616
[4,   260] loss: 0.756
[4,   270] loss: 0.685
[4,   280] loss: 0.754
[4,   290] loss: 0.623
[4,   300] loss: 0.694
[4,   310] loss: 0.798
[4,   320] loss: 0.699
[4,   330] loss: 0.628
[4,   340] loss: 0.663
[4,   350] loss: 0.608
[4,   360] loss: 0.673
[4,   370] loss: 0.580
[4,   380] loss: 0.746
[4,   390] loss: 0.605
[4,   400] loss: 0.676
[4,   410] loss: 0.720
[4,   420] loss: 0.673
[4,   430] loss: 0.617
[4,   440] loss: 0.790
[4,   450] loss: 0.722
[4,   460] loss: 0.624
[4,   470] loss: 0.660
[4,   480] loss: 0.671
[4,   490] loss: 0.736
[4,   500] loss: 0.611
[4,   510] loss: 0.632
[4,   520] loss: 0.686
[4,   530] loss: 0.656
[4,   540] loss: 0.632
[4,   550] loss: 0.685
[4,   560] loss: 0.707
[4,   570] loss: 0.809
[4,   580] loss: 0.719
[4,   590] loss: 0.744
[4,   600] loss: 0.664
[4,   610] loss: 0.751
[4,   620] loss: 0.741
[4,   630] loss: 0.832
[4,   640] loss: 0.737
[4,   650] loss: 0.702
[4,   660] loss: 0.757
[4,   670] loss: 0.659
[4,   680] loss: 0.715
[4,   690] loss: 0.747
[4,   700] loss: 0.710
[4,   710] loss: 0.717
[4,   720] loss: 0.715
[4,   730] loss: 0.605
[4,   740] loss: 0.650
[4,   750] loss: 0.735
[4,   760] loss: 0.540
[4,   770] loss: 0.662
[4,   780] loss: 0.786
[4,   790] loss: 0.681
[4,   800] loss: 0.708
[5,    10] loss: 0.656
[5,    20] loss: 0.684
[5,    30] loss: 0.712
[5,    40] loss: 0.718
[5,    50] loss: 0.663
[5,    60] loss: 0.570
[5,    70] loss: 0.600
[5,    80] loss: 0.649
[5,    90] loss: 0.675
[5,   100] loss: 0.693
[5,   110] loss: 0.629
[5,   120] loss: 0.666
[5,   130] loss: 0.652
[5,   140] loss: 0.700
[5,   150] loss: 0.778
[5,   160] loss: 0.545
[5,   170] loss: 0.636
[5,   180] loss: 0.631
[5,   190] loss: 0.771
[5,   200] loss: 0.624
[5,   210] loss: 0.746
[5,   220] loss: 0.639
[5,   230] loss: 0.749
[5,   240] loss: 0.558
[5,   250] loss: 0.634
[5,   260] loss: 0.654
[5,   270] loss: 0.685
[5,   280] loss: 0.721
[5,   290] loss: 0.625
[5,   300] loss: 0.667
[5,   310] loss: 0.643
[5,   320] loss: 0.564
[5,   330] loss: 0.625
[5,   340] loss: 0.576
[5,   350] loss: 0.611
[5,   360] loss: 0.566
[5,   370] loss: 0.542
[5,   380] loss: 0.593
[5,   390] loss: 0.610
[5,   400] loss: 0.659
[5,   410] loss: 0.619
[5,   420] loss: 0.663
[5,   430] loss: 0.631
[5,   440] loss: 0.739
[5,   450] loss: 0.661
[5,   460] loss: 0.726
[5,   470] loss: 0.634
[5,   480] loss: 0.567
[5,   490] loss: 0.650
[5,   500] loss: 0.641
[5,   510] loss: 0.591
[5,   520] loss: 0.708
[5,   530] loss: 0.637
[5,   540] loss: 0.680
[5,   550] loss: 0.649
[5,   560] loss: 0.620
[5,   570] loss: 0.644
[5,   580] loss: 0.578
[5,   590] loss: 0.726
[5,   600] loss: 0.591
[5,   610] loss: 0.660
[5,   620] loss: 0.694
[5,   630] loss: 0.657
[5,   640] loss: 0.725
[5,   650] loss: 0.814
[5,   660] loss: 0.648
[5,   670] loss: 0.736
[5,   680] loss: 0.608
[5,   690] loss: 0.607
[5,   700] loss: 0.622
[5,   710] loss: 0.661
[5,   720] loss: 0.583
[5,   730] loss: 0.642
[5,   740] loss: 0.714
[5,   750] loss: 0.667
[5,   760] loss: 0.652
[5,   770] loss: 0.570
[5,   780] loss: 0.599
[5,   790] loss: 0.659
[5,   800] loss: 0.598
[6,    10] loss: 0.595
[6,    20] loss: 0.620
[6,    30] loss: 0.672
[6,    40] loss: 0.552
[6,    50] loss: 0.687
[6,    60] loss: 0.608
[6,    70] loss: 0.615
[6,    80] loss: 0.600
[6,    90] loss: 0.558
[6,   100] loss: 0.617
[6,   110] loss: 0.552
[6,   120] loss: 0.658
[6,   130] loss: 0.702
[6,   140] loss: 0.591
[6,   150] loss: 0.643
[6,   160] loss: 0.565
[6,   170] loss: 0.561
[6,   180] loss: 0.537
[6,   190] loss: 0.577
[6,   200] loss: 0.563
[6,   210] loss: 0.599
[6,   220] loss: 0.541
[6,   230] loss: 0.537
[6,   240] loss: 0.603
[6,   250] loss: 0.501
[6,   260] loss: 0.630
[6,   270] loss: 0.606
[6,   280] loss: 0.611
[6,   290] loss: 0.567
[6,   300] loss: 0.666
[6,   310] loss: 0.557
[6,   320] loss: 0.624
[6,   330] loss: 0.688
[6,   340] loss: 0.611
[6,   350] loss: 0.669
[6,   360] loss: 0.598
[6,   370] loss: 0.601
[6,   380] loss: 0.658
[6,   390] loss: 0.606
[6,   400] loss: 0.617
[6,   410] loss: 0.634
[6,   420] loss: 0.670
[6,   430] loss: 0.602
[6,   440] loss: 0.564
[6,   450] loss: 0.552
[6,   460] loss: 0.618
[6,   470] loss: 0.719
[6,   480] loss: 0.605
[6,   490] loss: 0.685
[6,   500] loss: 0.733
[6,   510] loss: 0.677
[6,   520] loss: 0.538
[6,   530] loss: 0.700
[6,   540] loss: 0.636
[6,   550] loss: 0.526
[6,   560] loss: 0.536
[6,   570] loss: 0.632
[6,   580] loss: 0.606
[6,   590] loss: 0.585
[6,   600] loss: 0.543
[6,   610] loss: 0.675
[6,   620] loss: 0.578
[6,   630] loss: 0.609
[6,   640] loss: 0.679
[6,   650] loss: 0.573
[6,   660] loss: 0.621
[6,   670] loss: 0.602
[6,   680] loss: 0.563
[6,   690] loss: 0.724
[6,   700] loss: 0.637
[6,   710] loss: 0.674
[6,   720] loss: 0.635
[6,   730] loss: 0.672
[6,   740] loss: 0.633
[6,   750] loss: 0.691
[6,   760] loss: 0.692
[6,   770] loss: 0.727
[6,   780] loss: 0.729
[6,   790] loss: 0.656
[6,   800] loss: 0.707
[7,    10] loss: 0.584
[7,    20] loss: 0.659
[7,    30] loss: 0.575
[7,    40] loss: 0.576
[7,    50] loss: 0.566
[7,    60] loss: 0.629
[7,    70] loss: 0.612
[7,    80] loss: 0.595
[7,    90] loss: 0.704
[7,   100] loss: 0.595
[7,   110] loss: 0.587
[7,   120] loss: 0.576
[7,   130] loss: 0.594
[7,   140] loss: 0.597
[7,   150] loss: 0.600
[7,   160] loss: 0.581
[7,   170] loss: 0.631
[7,   180] loss: 0.573
[7,   190] loss: 0.583
[7,   200] loss: 0.545
[7,   210] loss: 0.577
[7,   220] loss: 0.649
[7,   230] loss: 0.547
[7,   240] loss: 0.581
[7,   250] loss: 0.598
[7,   260] loss: 0.615
[7,   270] loss: 0.641
[7,   280] loss: 0.591
[7,   290] loss: 0.641
[7,   300] loss: 0.571
[7,   310] loss: 0.505
[7,   320] loss: 0.637
[7,   330] loss: 0.557
[7,   340] loss: 0.582
[7,   350] loss: 0.573
[7,   360] loss: 0.572
[7,   370] loss: 0.686
[7,   380] loss: 0.648
[7,   390] loss: 0.651
[7,   400] loss: 0.533
[7,   410] loss: 0.549
[7,   420] loss: 0.593
[7,   430] loss: 0.500
[7,   440] loss: 0.603
[7,   450] loss: 0.496
[7,   460] loss: 0.640
[7,   470] loss: 0.632
[7,   480] loss: 0.508
[7,   490] loss: 0.754
[7,   500] loss: 0.667
[7,   510] loss: 0.649
[7,   520] loss: 0.606
[7,   530] loss: 0.598
[7,   540] loss: 0.556
[7,   550] loss: 0.553
[7,   560] loss: 0.629
[7,   570] loss: 0.553
[7,   580] loss: 0.506
[7,   590] loss: 0.569
[7,   600] loss: 0.677
[7,   610] loss: 0.509
[7,   620] loss: 0.545
[7,   630] loss: 0.661
[7,   640] loss: 0.481
[7,   650] loss: 0.592
[7,   660] loss: 0.600
[7,   670] loss: 0.609
[7,   680] loss: 0.647
[7,   690] loss: 0.621
[7,   700] loss: 0.547
[7,   710] loss: 0.524
[7,   720] loss: 0.660
[7,   730] loss: 0.562
[7,   740] loss: 0.677
[7,   750] loss: 0.690
[7,   760] loss: 0.664
[7,   770] loss: 0.630
[7,   780] loss: 0.605
[7,   790] loss: 0.609
[7,   800] loss: 0.656
[8,    10] loss: 0.607
[8,    20] loss: 0.556
[8,    30] loss: 0.646
[8,    40] loss: 0.633
[8,    50] loss: 0.487
[8,    60] loss: 0.609
[8,    70] loss: 0.566
[8,    80] loss: 0.567
[8,    90] loss: 0.620
[8,   100] loss: 0.662
[8,   110] loss: 0.570
[8,   120] loss: 0.462
[8,   130] loss: 0.600
[8,   140] loss: 0.585
[8,   150] loss: 0.480
[8,   160] loss: 0.538
[8,   170] loss: 0.553
[8,   180] loss: 0.622
[8,   190] loss: 0.663
[8,   200] loss: 0.654
[8,   210] loss: 0.616
[8,   220] loss: 0.612
[8,   230] loss: 0.599
[8,   240] loss: 0.532
[8,   250] loss: 0.514
[8,   260] loss: 0.559
[8,   270] loss: 0.602
[8,   280] loss: 0.657
[8,   290] loss: 0.541
[8,   300] loss: 0.590
[8,   310] loss: 0.630
[8,   320] loss: 0.581
[8,   330] loss: 0.483
[8,   340] loss: 0.635
[8,   350] loss: 0.480
[8,   360] loss: 0.553
[8,   370] loss: 0.516
[8,   380] loss: 0.586
[8,   390] loss: 0.610
[8,   400] loss: 0.583
[8,   410] loss: 0.584
[8,   420] loss: 0.555
[8,   430] loss: 0.671
[8,   440] loss: 0.552
[8,   450] loss: 0.595
[8,   460] loss: 0.606
[8,   470] loss: 0.581
[8,   480] loss: 0.577
[8,   490] loss: 0.572
[8,   500] loss: 0.553
[8,   510] loss: 0.675
[8,   520] loss: 0.574
[8,   530] loss: 0.570
[8,   540] loss: 0.487
[8,   550] loss: 0.496
[8,   560] loss: 0.500
[8,   570] loss: 0.585
[8,   580] loss: 0.552
[8,   590] loss: 0.522
[8,   600] loss: 0.549
[8,   610] loss: 0.570
[8,   620] loss: 0.603
[8,   630] loss: 0.658
[8,   640] loss: 0.679
[8,   650] loss: 0.583
[8,   660] loss: 0.621
[8,   670] loss: 0.564
[8,   680] loss: 0.647
[8,   690] loss: 0.585
[8,   700] loss: 0.572
[8,   710] loss: 0.601
[8,   720] loss: 0.592
[8,   730] loss: 0.535
[8,   740] loss: 0.583
[8,   750] loss: 0.541
[8,   760] loss: 0.513
[8,   770] loss: 0.577
[8,   780] loss: 0.601
[8,   790] loss: 0.581
[8,   800] loss: 0.568
[9,    10] loss: 0.572
[9,    20] loss: 0.530
[9,    30] loss: 0.571
[9,    40] loss: 0.444
[9,    50] loss: 0.568
[9,    60] loss: 0.630
[9,    70] loss: 0.576
[9,    80] loss: 0.495
[9,    90] loss: 0.615
[9,   100] loss: 0.608
[9,   110] loss: 0.542
[9,   120] loss: 0.570
[9,   130] loss: 0.560
[9,   140] loss: 0.529
[9,   150] loss: 0.546
[9,   160] loss: 0.574
[9,   170] loss: 0.627
[9,   180] loss: 0.608
[9,   190] loss: 0.516
[9,   200] loss: 0.580
[9,   210] loss: 0.579
[9,   220] loss: 0.647
[9,   230] loss: 0.524
[9,   240] loss: 0.586
[9,   250] loss: 0.547
[9,   260] loss: 0.625
[9,   270] loss: 0.593
[9,   280] loss: 0.597
[9,   290] loss: 0.626
[9,   300] loss: 0.530
[9,   310] loss: 0.563
[9,   320] loss: 0.606
[9,   330] loss: 0.543
[9,   340] loss: 0.534
[9,   350] loss: 0.576
[9,   360] loss: 0.565
[9,   370] loss: 0.511
[9,   380] loss: 0.585
[9,   390] loss: 0.573
[9,   400] loss: 0.529
[9,   410] loss: 0.633
[9,   420] loss: 0.519
[9,   430] loss: 0.593
[9,   440] loss: 0.576
[9,   450] loss: 0.553
[9,   460] loss: 0.590
[9,   470] loss: 0.604
[9,   480] loss: 0.547
[9,   490] loss: 0.639
[9,   500] loss: 0.561
[9,   510] loss: 0.579
[9,   520] loss: 0.556
[9,   530] loss: 0.560
[9,   540] loss: 0.593
[9,   550] loss: 0.587
[9,   560] loss: 0.455
[9,   570] loss: 0.495
[9,   580] loss: 0.479
[9,   590] loss: 0.504
[9,   600] loss: 0.494
[9,   610] loss: 0.585
[9,   620] loss: 0.588
[9,   630] loss: 0.576
[9,   640] loss: 0.543
[9,   650] loss: 0.475
[9,   660] loss: 0.564
[9,   670] loss: 0.597
[9,   680] loss: 0.580
[9,   690] loss: 0.646
[9,   700] loss: 0.561
[9,   710] loss: 0.609
[9,   720] loss: 0.603
[9,   730] loss: 0.505
[9,   740] loss: 0.572
[9,   750] loss: 0.639
[9,   760] loss: 0.611
[9,   770] loss: 0.482
[9,   780] loss: 0.598
[9,   790] loss: 0.522
[9,   800] loss: 0.550
[10,    10] loss: 0.580
[10,    20] loss: 0.484
[10,    30] loss: 0.551
[10,    40] loss: 0.533
[10,    50] loss: 0.526
[10,    60] loss: 0.503
[10,    70] loss: 0.502
[10,    80] loss: 0.524
[10,    90] loss: 0.607
[10,   100] loss: 0.579
[10,   110] loss: 0.510
[10,   120] loss: 0.460
[10,   130] loss: 0.501
[10,   140] loss: 0.522
[10,   150] loss: 0.424
[10,   160] loss: 0.548
[10,   170] loss: 0.504
[10,   180] loss: 0.554
[10,   190] loss: 0.639
[10,   200] loss: 0.517
[10,   210] loss: 0.634
[10,   220] loss: 0.436
[10,   230] loss: 0.627
[10,   240] loss: 0.522
[10,   250] loss: 0.703
[10,   260] loss: 0.567
[10,   270] loss: 0.558
[10,   280] loss: 0.619
[10,   290] loss: 0.596
[10,   300] loss: 0.633
[10,   310] loss: 0.607
[10,   320] loss: 0.629
[10,   330] loss: 0.564
[10,   340] loss: 0.548
[10,   350] loss: 0.552
[10,   360] loss: 0.604
[10,   370] loss: 0.585
[10,   380] loss: 0.508
[10,   390] loss: 0.577
[10,   400] loss: 0.590
[10,   410] loss: 0.559
[10,   420] loss: 0.543
[10,   430] loss: 0.459
[10,   440] loss: 0.685
[10,   450] loss: 0.562
[10,   460] loss: 0.560
[10,   470] loss: 0.540
[10,   480] loss: 0.538
[10,   490] loss: 0.574
[10,   500] loss: 0.529
[10,   510] loss: 0.638
[10,   520] loss: 0.580
[10,   530] loss: 0.599
[10,   540] loss: 0.614
[10,   550] loss: 0.575
[10,   560] loss: 0.509
[10,   570] loss: 0.507
[10,   580] loss: 0.517
[10,   590] loss: 0.562
[10,   600] loss: 0.519
[10,   610] loss: 0.596
[10,   620] loss: 0.460
[10,   630] loss: 0.553
[10,   640] loss: 0.590
[10,   650] loss: 0.612
[10,   660] loss: 0.522
[10,   670] loss: 0.501
[10,   680] loss: 0.624
[10,   690] loss: 0.598
[10,   700] loss: 0.584
[10,   710] loss: 0.521
[10,   720] loss: 0.592
[10,   730] loss: 0.495
[10,   740] loss: 0.519
[10,   750] loss: 0.599
[10,   760] loss: 0.486
[10,   770] loss: 0.633
[10,   780] loss: 0.608
[10,   790] loss: 0.522
[10,   800] loss: 0.540
[11,    10] loss: 0.527
[11,    20] loss: 0.467
[11,    30] loss: 0.483
[11,    40] loss: 0.436
[11,    50] loss: 0.450
[11,    60] loss: 0.633
[11,    70] loss: 0.562
[11,    80] loss: 0.557
[11,    90] loss: 0.545
[11,   100] loss: 0.631
[11,   110] loss: 0.571
[11,   120] loss: 0.597
[11,   130] loss: 0.556
[11,   140] loss: 0.504
[11,   150] loss: 0.531
[11,   160] loss: 0.520
[11,   170] loss: 0.523
[11,   180] loss: 0.462
[11,   190] loss: 0.592
[11,   200] loss: 0.531
[11,   210] loss: 0.526
[11,   220] loss: 0.549
[11,   230] loss: 0.559
[11,   240] loss: 0.538
[11,   250] loss: 0.559
[11,   260] loss: 0.563
[11,   270] loss: 0.450
[11,   280] loss: 0.515
[11,   290] loss: 0.585
[11,   300] loss: 0.573
[11,   310] loss: 0.543
[11,   320] loss: 0.553
[11,   330] loss: 0.506
[11,   340] loss: 0.499
[11,   350] loss: 0.614
[11,   360] loss: 0.488
[11,   370] loss: 0.556
[11,   380] loss: 0.501
[11,   390] loss: 0.543
[11,   400] loss: 0.496
[11,   410] loss: 0.532
[11,   420] loss: 0.491
[11,   430] loss: 0.496
[11,   440] loss: 0.563
[11,   450] loss: 0.490
[11,   460] loss: 0.561
[11,   470] loss: 0.590
[11,   480] loss: 0.547
[11,   490] loss: 0.540
[11,   500] loss: 0.501
[11,   510] loss: 0.564
[11,   520] loss: 0.462
[11,   530] loss: 0.538
[11,   540] loss: 0.543
[11,   550] loss: 0.547
[11,   560] loss: 0.541
[11,   570] loss: 0.568
[11,   580] loss: 0.508
[11,   590] loss: 0.516
[11,   600] loss: 0.416
[11,   610] loss: 0.471
[11,   620] loss: 0.499
[11,   630] loss: 0.439
[11,   640] loss: 0.569
[11,   650] loss: 0.566
[11,   660] loss: 0.509
[11,   670] loss: 0.469
[11,   680] loss: 0.482
[11,   690] loss: 0.564
[11,   700] loss: 0.512
[11,   710] loss: 0.539
[11,   720] loss: 0.488
[11,   730] loss: 0.531
[11,   740] loss: 0.630
[11,   750] loss: 0.637
[11,   760] loss: 0.531
[11,   770] loss: 0.545
[11,   780] loss: 0.497
[11,   790] loss: 0.677
[11,   800] loss: 0.566
[12,    10] loss: 0.487
[12,    20] loss: 0.542
[12,    30] loss: 0.607
[12,    40] loss: 0.460
[12,    50] loss: 0.538
[12,    60] loss: 0.563
[12,    70] loss: 0.583
[12,    80] loss: 0.532
[12,    90] loss: 0.541
[12,   100] loss: 0.525
[12,   110] loss: 0.476
[12,   120] loss: 0.450
[12,   130] loss: 0.525
[12,   140] loss: 0.638
[12,   150] loss: 0.581
[12,   160] loss: 0.571
[12,   170] loss: 0.432
[12,   180] loss: 0.444
[12,   190] loss: 0.530
[12,   200] loss: 0.477
[12,   210] loss: 0.579
[12,   220] loss: 0.563
[12,   230] loss: 0.539
[12,   240] loss: 0.568
[12,   250] loss: 0.624
[12,   260] loss: 0.568
[12,   270] loss: 0.507
[12,   280] loss: 0.602
[12,   290] loss: 0.571
[12,   300] loss: 0.463
[12,   310] loss: 0.598
[12,   320] loss: 0.549
[12,   330] loss: 0.430
[12,   340] loss: 0.535
[12,   350] loss: 0.544
[12,   360] loss: 0.505
[12,   370] loss: 0.466
[12,   380] loss: 0.456
[12,   390] loss: 0.515
[12,   400] loss: 0.525
[12,   410] loss: 0.530
[12,   420] loss: 0.652
[12,   430] loss: 0.537
[12,   440] loss: 0.523
[12,   450] loss: 0.414
[12,   460] loss: 0.544
[12,   470] loss: 0.470
[12,   480] loss: 0.484
[12,   490] loss: 0.525
[12,   500] loss: 0.580
[12,   510] loss: 0.532
[12,   520] loss: 0.525
[12,   530] loss: 0.560
[12,   540] loss: 0.557
[12,   550] loss: 0.622
[12,   560] loss: 0.507
[12,   570] loss: 0.560
[12,   580] loss: 0.491
[12,   590] loss: 0.456
[12,   600] loss: 0.610
[12,   610] loss: 0.534
[12,   620] loss: 0.499
[12,   630] loss: 0.492
[12,   640] loss: 0.490
[12,   650] loss: 0.510
[12,   660] loss: 0.609
[12,   670] loss: 0.562
[12,   680] loss: 0.612
[12,   690] loss: 0.551
[12,   700] loss: 0.490
[12,   710] loss: 0.485
[12,   720] loss: 0.548
[12,   730] loss: 0.657
[12,   740] loss: 0.501
[12,   750] loss: 0.487
[12,   760] loss: 0.603
[12,   770] loss: 0.476
[12,   780] loss: 0.473
[12,   790] loss: 0.502
[12,   800] loss: 0.539
[13,    10] loss: 0.554
[13,    20] loss: 0.554
[13,    30] loss: 0.461
[13,    40] loss: 0.509
[13,    50] loss: 0.587
[13,    60] loss: 0.546
[13,    70] loss: 0.550
[13,    80] loss: 0.617
[13,    90] loss: 0.529
[13,   100] loss: 0.536
[13,   110] loss: 0.391
[13,   120] loss: 0.564
[13,   130] loss: 0.514
[13,   140] loss: 0.494
[13,   150] loss: 0.533
[13,   160] loss: 0.496
[13,   170] loss: 0.535
[13,   180] loss: 0.429
[13,   190] loss: 0.505
[13,   200] loss: 0.517
[13,   210] loss: 0.515
[13,   220] loss: 0.598
[13,   230] loss: 0.446
[13,   240] loss: 0.492
[13,   250] loss: 0.464
[13,   260] loss: 0.492
[13,   270] loss: 0.619
[13,   280] loss: 0.492
[13,   290] loss: 0.470
[13,   300] loss: 0.464
[13,   310] loss: 0.542
[13,   320] loss: 0.492
[13,   330] loss: 0.547
[13,   340] loss: 0.581
[13,   350] loss: 0.521
[13,   360] loss: 0.570
[13,   370] loss: 0.599
[13,   380] loss: 0.537
[13,   390] loss: 0.648
[13,   400] loss: 0.516
[13,   410] loss: 0.609
[13,   420] loss: 0.631
[13,   430] loss: 0.571
[13,   440] loss: 0.385
[13,   450] loss: 0.455
[13,   460] loss: 0.510
[13,   470] loss: 0.456
[13,   480] loss: 0.453
[13,   490] loss: 0.514
[13,   500] loss: 0.540
[13,   510] loss: 0.541
[13,   520] loss: 0.512
[13,   530] loss: 0.498
[13,   540] loss: 0.485
[13,   550] loss: 0.446
[13,   560] loss: 0.504
[13,   570] loss: 0.580
[13,   580] loss: 0.614
[13,   590] loss: 0.479
[13,   600] loss: 0.476
[13,   610] loss: 0.518
[13,   620] loss: 0.480
[13,   630] loss: 0.472
[13,   640] loss: 0.592
[13,   650] loss: 0.555
[13,   660] loss: 0.413
[13,   670] loss: 0.569
[13,   680] loss: 0.534
[13,   690] loss: 0.439
[13,   700] loss: 0.611
[13,   710] loss: 0.560
[13,   720] loss: 0.541
[13,   730] loss: 0.464
[13,   740] loss: 0.516
[13,   750] loss: 0.507
[13,   760] loss: 0.590
[13,   770] loss: 0.539
[13,   780] loss: 0.652
[13,   790] loss: 0.637
[13,   800] loss: 0.522
[14,    10] loss: 0.557
[14,    20] loss: 0.554
[14,    30] loss: 0.643
[14,    40] loss: 0.586
[14,    50] loss: 0.545
[14,    60] loss: 0.619
[14,    70] loss: 0.513
[14,    80] loss: 0.529
[14,    90] loss: 0.454
[14,   100] loss: 0.578
[14,   110] loss: 0.579
[14,   120] loss: 0.554
[14,   130] loss: 0.543
[14,   140] loss: 0.487
[14,   150] loss: 0.489
[14,   160] loss: 0.533
[14,   170] loss: 0.517
[14,   180] loss: 0.524
[14,   190] loss: 0.494
[14,   200] loss: 0.540
[14,   210] loss: 0.503
[14,   220] loss: 0.472
[14,   230] loss: 0.526
[14,   240] loss: 0.469
[14,   250] loss: 0.467
[14,   260] loss: 0.468
[14,   270] loss: 0.514
[14,   280] loss: 0.580
[14,   290] loss: 0.596
[14,   300] loss: 0.649
[14,   310] loss: 0.464
[14,   320] loss: 0.548
[14,   330] loss: 0.494
[14,   340] loss: 0.460
[14,   350] loss: 0.554
[14,   360] loss: 0.531
[14,   370] loss: 0.462
[14,   380] loss: 0.502
[14,   390] loss: 0.524
[14,   400] loss: 0.472
[14,   410] loss: 0.601
[14,   420] loss: 0.487
[14,   430] loss: 0.645
[14,   440] loss: 0.532
[14,   450] loss: 0.467
[14,   460] loss: 0.532
[14,   470] loss: 0.522
[14,   480] loss: 0.517
[14,   490] loss: 0.583
[14,   500] loss: 0.578
[14,   510] loss: 0.439
[14,   520] loss: 0.512
[14,   530] loss: 0.437
[14,   540] loss: 0.501
[14,   550] loss: 0.556
[14,   560] loss: 0.506
[14,   570] loss: 0.475
[14,   580] loss: 0.655
[14,   590] loss: 0.464
[14,   600] loss: 0.498
[14,   610] loss: 0.501
[14,   620] loss: 0.477
[14,   630] loss: 0.531
[14,   640] loss: 0.501
[14,   650] loss: 0.468
[14,   660] loss: 0.512
[14,   670] loss: 0.523
[14,   680] loss: 0.497
[14,   690] loss: 0.524
[14,   700] loss: 0.554
[14,   710] loss: 0.441
[14,   720] loss: 0.541
[14,   730] loss: 0.588
[14,   740] loss: 0.484
[14,   750] loss: 0.556
[14,   760] loss: 0.552
[14,   770] loss: 0.574
[14,   780] loss: 0.560
[14,   790] loss: 0.606
[14,   800] loss: 0.575
[15,    10] loss: 0.535
[15,    20] loss: 0.490
[15,    30] loss: 0.481
[15,    40] loss: 0.474
[15,    50] loss: 0.559
[15,    60] loss: 0.614
[15,    70] loss: 0.559
[15,    80] loss: 0.525
[15,    90] loss: 0.598
[15,   100] loss: 0.518
[15,   110] loss: 0.537
[15,   120] loss: 0.682
[15,   130] loss: 0.560
[15,   140] loss: 0.438
[15,   150] loss: 0.538
[15,   160] loss: 0.600
[15,   170] loss: 0.476
[15,   180] loss: 0.511
[15,   190] loss: 0.492
[15,   200] loss: 0.541
[15,   210] loss: 0.494
[15,   220] loss: 0.525
[15,   230] loss: 0.504
[15,   240] loss: 0.556
[15,   250] loss: 0.480
[15,   260] loss: 0.493
[15,   270] loss: 0.535
[15,   280] loss: 0.613
[15,   290] loss: 0.459
[15,   300] loss: 0.500
[15,   310] loss: 0.470
[15,   320] loss: 0.494
[15,   330] loss: 0.533
[15,   340] loss: 0.465
[15,   350] loss: 0.448
[15,   360] loss: 0.494
[15,   370] loss: 0.465
[15,   380] loss: 0.508
[15,   390] loss: 0.504
[15,   400] loss: 0.456
[15,   410] loss: 0.498
[15,   420] loss: 0.560
[15,   430] loss: 0.479
[15,   440] loss: 0.475
[15,   450] loss: 0.659
[15,   460] loss: 0.517
[15,   470] loss: 0.474
[15,   480] loss: 0.587
[15,   490] loss: 0.503
[15,   500] loss: 0.472
[15,   510] loss: 0.483
[15,   520] loss: 0.478
[15,   530] loss: 0.583
[15,   540] loss: 0.470
[15,   550] loss: 0.498
[15,   560] loss: 0.590
[15,   570] loss: 0.501
[15,   580] loss: 0.595
[15,   590] loss: 0.473
[15,   600] loss: 0.535
[15,   610] loss: 0.546
[15,   620] loss: 0.618
[15,   630] loss: 0.576
[15,   640] loss: 0.601
[15,   650] loss: 0.544
[15,   660] loss: 0.546
[15,   670] loss: 0.505
[15,   680] loss: 0.553
[15,   690] loss: 0.445
[15,   700] loss: 0.452
[15,   710] loss: 0.483
[15,   720] loss: 0.551
[15,   730] loss: 0.525
[15,   740] loss: 0.461
[15,   750] loss: 0.577
[15,   760] loss: 0.517
[15,   770] loss: 0.490
[15,   780] loss: 0.494
[15,   790] loss: 0.504
[15,   800] loss: 0.556
[16,    10] loss: 0.625
[16,    20] loss: 0.530
[16,    30] loss: 0.543
[16,    40] loss: 0.529
[16,    50] loss: 0.553
[16,    60] loss: 0.503
[16,    70] loss: 0.493
[16,    80] loss: 0.466
[16,    90] loss: 0.523
[16,   100] loss: 0.574
[16,   110] loss: 0.589
[16,   120] loss: 0.517
[16,   130] loss: 0.483
[16,   140] loss: 0.567
[16,   150] loss: 0.567
[16,   160] loss: 0.482
[16,   170] loss: 0.414
[16,   180] loss: 0.462
[16,   190] loss: 0.452
[16,   200] loss: 0.575
[16,   210] loss: 0.457
[16,   220] loss: 0.544
[16,   230] loss: 0.674
[16,   240] loss: 0.606
[16,   250] loss: 0.496
[16,   260] loss: 0.607
[16,   270] loss: 0.529
[16,   280] loss: 0.559
[16,   290] loss: 0.529
[16,   300] loss: 0.499
[16,   310] loss: 0.509
[16,   320] loss: 0.524
[16,   330] loss: 0.486
[16,   340] loss: 0.530
[16,   350] loss: 0.516
[16,   360] loss: 0.416
[16,   370] loss: 0.553
[16,   380] loss: 0.496
[16,   390] loss: 0.553
[16,   400] loss: 0.563
[16,   410] loss: 0.467
[16,   420] loss: 0.534
[16,   430] loss: 0.505
[16,   440] loss: 0.487
[16,   450] loss: 0.494
[16,   460] loss: 0.494
[16,   470] loss: 0.482
[16,   480] loss: 0.561
[16,   490] loss: 0.528
[16,   500] loss: 0.486
[16,   510] loss: 0.515
[16,   520] loss: 0.437
[16,   530] loss: 0.544
[16,   540] loss: 0.477
[16,   550] loss: 0.561
[16,   560] loss: 0.506
[16,   570] loss: 0.569
[16,   580] loss: 0.469
[16,   590] loss: 0.521
[16,   600] loss: 0.488
[16,   610] loss: 0.495
[16,   620] loss: 0.482
[16,   630] loss: 0.488
[16,   640] loss: 0.547
[16,   650] loss: 0.471
[16,   660] loss: 0.574
[16,   670] loss: 0.531
[16,   680] loss: 0.507
[16,   690] loss: 0.522
[16,   700] loss: 0.468
[16,   710] loss: 0.524
[16,   720] loss: 0.603
[16,   730] loss: 0.500
[16,   740] loss: 0.583
[16,   750] loss: 0.480
[16,   760] loss: 0.530
[16,   770] loss: 0.442
[16,   780] loss: 0.408
[16,   790] loss: 0.481
[16,   800] loss: 0.510
[17,    10] loss: 0.561
[17,    20] loss: 0.657
[17,    30] loss: 0.571
[17,    40] loss: 0.498
[17,    50] loss: 0.537
[17,    60] loss: 0.444
[17,    70] loss: 0.580
[17,    80] loss: 0.511
[17,    90] loss: 0.530
[17,   100] loss: 0.526
[17,   110] loss: 0.457
[17,   120] loss: 0.451
[17,   130] loss: 0.531
[17,   140] loss: 0.534
[17,   150] loss: 0.561
[17,   160] loss: 0.544
[17,   170] loss: 0.609
[17,   180] loss: 0.507
[17,   190] loss: 0.459
[17,   200] loss: 0.512
[17,   210] loss: 0.592
[17,   220] loss: 0.534
[17,   230] loss: 0.519
[17,   240] loss: 0.516
[17,   250] loss: 0.510
[17,   260] loss: 0.486
[17,   270] loss: 0.533
[17,   280] loss: 0.458
[17,   290] loss: 0.512
[17,   300] loss: 0.526
[17,   310] loss: 0.580
[17,   320] loss: 0.541
[17,   330] loss: 0.550
[17,   340] loss: 0.605
[17,   350] loss: 0.730
[17,   360] loss: 0.633
[17,   370] loss: 0.598
[17,   380] loss: 0.483
[17,   390] loss: 0.623
[17,   400] loss: 0.534
[17,   410] loss: 0.661
[17,   420] loss: 0.503
[17,   430] loss: 0.573
[17,   440] loss: 0.708
[17,   450] loss: 0.482
[17,   460] loss: 0.557
[17,   470] loss: 0.524
[17,   480] loss: 0.449
[17,   490] loss: 0.581
[17,   500] loss: 0.450
[17,   510] loss: 0.537
[17,   520] loss: 0.511
[17,   530] loss: 0.481
[17,   540] loss: 0.502
[17,   550] loss: 0.433
[17,   560] loss: 0.447
[17,   570] loss: 0.451
[17,   580] loss: 0.539
[17,   590] loss: 0.556
[17,   600] loss: 0.592
[17,   610] loss: 0.564
[17,   620] loss: 0.537
[17,   630] loss: 0.565
[17,   640] loss: 0.535
[17,   650] loss: 0.525
[17,   660] loss: 0.500
[17,   670] loss: 0.491
[17,   680] loss: 0.516
[17,   690] loss: 0.521
[17,   700] loss: 0.499
[17,   710] loss: 0.584
[17,   720] loss: 0.518
[17,   730] loss: 0.491
[17,   740] loss: 0.481
[17,   750] loss: 0.533
[17,   760] loss: 0.558
[17,   770] loss: 0.550
[17,   780] loss: 0.429
[17,   790] loss: 0.442
[17,   800] loss: 0.501
[18,    10] loss: 0.439
[18,    20] loss: 0.508
[18,    30] loss: 0.469
[18,    40] loss: 0.501
[18,    50] loss: 0.508
[18,    60] loss: 0.438
[18,    70] loss: 0.534
[18,    80] loss: 0.513
[18,    90] loss: 0.428
[18,   100] loss: 0.470
[18,   110] loss: 0.465
[18,   120] loss: 0.533
[18,   130] loss: 0.520
[18,   140] loss: 0.471
[18,   150] loss: 0.568
[18,   160] loss: 0.602
[18,   170] loss: 0.561
[18,   180] loss: 0.617
[18,   190] loss: 0.718
[18,   200] loss: 0.645
[18,   210] loss: 0.611
[18,   220] loss: 0.502
[18,   230] loss: 0.514
[18,   240] loss: 0.509
[18,   250] loss: 0.473
[18,   260] loss: 0.486
[18,   270] loss: 0.522
[18,   280] loss: 0.505
[18,   290] loss: 0.523
[18,   300] loss: 0.548
[18,   310] loss: 0.539
[18,   320] loss: 0.578
[18,   330] loss: 0.559
[18,   340] loss: 0.499
[18,   350] loss: 0.519
[18,   360] loss: 0.518
[18,   370] loss: 0.512
[18,   380] loss: 0.567
[18,   390] loss: 0.583
[18,   400] loss: 0.490
[18,   410] loss: 0.517
[18,   420] loss: 0.475
[18,   430] loss: 0.550
[18,   440] loss: 0.483
[18,   450] loss: 0.538
[18,   460] loss: 0.601
[18,   470] loss: 0.482
[18,   480] loss: 0.464
[18,   490] loss: 0.470
[18,   500] loss: 0.483
[18,   510] loss: 0.470
[18,   520] loss: 0.500
[18,   530] loss: 0.510
[18,   540] loss: 0.441
[18,   550] loss: 0.513
[18,   560] loss: 0.466
[18,   570] loss: 0.596
[18,   580] loss: 0.486
[18,   590] loss: 0.547
[18,   600] loss: 0.506
[18,   610] loss: 0.597
[18,   620] loss: 0.458
[18,   630] loss: 0.436
[18,   640] loss: 0.538
[18,   650] loss: 0.456
[18,   660] loss: 0.395
[18,   670] loss: 0.576
[18,   680] loss: 0.451
[18,   690] loss: 0.506
[18,   700] loss: 0.467
[18,   710] loss: 0.470
[18,   720] loss: 0.423
[18,   730] loss: 0.439
[18,   740] loss: 0.609
[18,   750] loss: 0.827
[18,   760] loss: 0.655
[18,   770] loss: 0.602
[18,   780] loss: 0.611
[18,   790] loss: 0.625
[18,   800] loss: 0.487
[19,    10] loss: 0.583
[19,    20] loss: 0.552
[19,    30] loss: 0.564
[19,    40] loss: 0.453
[19,    50] loss: 0.471
[19,    60] loss: 0.449
[19,    70] loss: 0.571
[19,    80] loss: 0.452
[19,    90] loss: 0.635
[19,   100] loss: 0.564
[19,   110] loss: 0.586
[19,   120] loss: 0.491
[19,   130] loss: 0.520
[19,   140] loss: 0.570
[19,   150] loss: 0.563
[19,   160] loss: 0.426
[19,   170] loss: 0.445
[19,   180] loss: 0.465
[19,   190] loss: 0.624
[19,   200] loss: 0.473
[19,   210] loss: 0.504
[19,   220] loss: 0.607
[19,   230] loss: 0.512
[19,   240] loss: 0.480
[19,   250] loss: 0.479
[19,   260] loss: 0.467
[19,   270] loss: 0.570
[19,   280] loss: 0.518
[19,   290] loss: 0.448
[19,   300] loss: 0.441
[19,   310] loss: 0.485
[19,   320] loss: 0.456
[19,   330] loss: 0.481
[19,   340] loss: 0.509
[19,   350] loss: 0.528
[19,   360] loss: 0.471
[19,   370] loss: 0.467
[19,   380] loss: 0.508
[19,   390] loss: 0.413
[19,   400] loss: 0.511
[19,   410] loss: 0.539
[19,   420] loss: 0.494
[19,   430] loss: 0.584
[19,   440] loss: 0.588
[19,   450] loss: 0.556
[19,   460] loss: 0.608
[19,   470] loss: 0.571
[19,   480] loss: 0.573
[19,   490] loss: 0.509
[19,   500] loss: 0.556
[19,   510] loss: 0.462
[19,   520] loss: 0.464
[19,   530] loss: 0.494
[19,   540] loss: 0.514
[19,   550] loss: 0.481
[19,   560] loss: 0.466
[19,   570] loss: 0.576
[19,   580] loss: 0.451
[19,   590] loss: 0.485
[19,   600] loss: 0.645
[19,   610] loss: 0.513
[19,   620] loss: 0.601
[19,   630] loss: 0.552
[19,   640] loss: 0.529
[19,   650] loss: 0.634
[19,   660] loss: 0.514
[19,   670] loss: 0.516
[19,   680] loss: 0.465
[19,   690] loss: 0.464
[19,   700] loss: 0.532
[19,   710] loss: 0.567
[19,   720] loss: 0.531
[19,   730] loss: 0.433
[19,   740] loss: 0.414
[19,   750] loss: 0.456
[19,   760] loss: 0.563
[19,   770] loss: 0.560
[19,   780] loss: 0.431
[19,   790] loss: 0.507
[19,   800] loss: 0.448
[20,    10] loss: 0.523
[20,    20] loss: 0.506
[20,    30] loss: 0.553
[20,    40] loss: 0.531
[20,    50] loss: 0.525
[20,    60] loss: 0.530
[20,    70] loss: 0.555
[20,    80] loss: 0.550
[20,    90] loss: 0.532
[20,   100] loss: 0.560
[20,   110] loss: 0.504
[20,   120] loss: 0.503
[20,   130] loss: 0.561
[20,   140] loss: 0.393
[20,   150] loss: 0.442
[20,   160] loss: 0.551
[20,   170] loss: 0.547
[20,   180] loss: 0.507
[20,   190] loss: 0.472
[20,   200] loss: 0.536
[20,   210] loss: 0.488
[20,   220] loss: 0.581
[20,   230] loss: 0.536
[20,   240] loss: 0.591
[20,   250] loss: 0.536
[20,   260] loss: 0.505
[20,   270] loss: 0.519
[20,   280] loss: 0.561
[20,   290] loss: 0.480
[20,   300] loss: 0.493
[20,   310] loss: 0.506
[20,   320] loss: 0.513
[20,   330] loss: 0.525
[20,   340] loss: 0.541
[20,   350] loss: 0.641
[20,   360] loss: 0.527
[20,   370] loss: 0.489
[20,   380] loss: 0.586
[20,   390] loss: 0.565
[20,   400] loss: 0.540
[20,   410] loss: 0.523
[20,   420] loss: 0.488
[20,   430] loss: 0.456
[20,   440] loss: 0.457
[20,   450] loss: 0.507
[20,   460] loss: 0.530
[20,   470] loss: 0.487
[20,   480] loss: 0.513
[20,   490] loss: 0.514
[20,   500] loss: 0.528
[20,   510] loss: 0.478
[20,   520] loss: 0.518
[20,   530] loss: 0.545
[20,   540] loss: 0.587
[20,   550] loss: 0.553
[20,   560] loss: 0.576
[20,   570] loss: 0.570
[20,   580] loss: 0.481
[20,   590] loss: 0.583
[20,   600] loss: 0.561
[20,   610] loss: 0.473
[20,   620] loss: 0.594
[20,   630] loss: 0.659
[20,   640] loss: 0.685
[20,   650] loss: 0.594
[20,   660] loss: 0.650
[20,   670] loss: 0.651
[20,   680] loss: 0.520
[20,   690] loss: 0.646
[20,   700] loss: 0.518
[20,   710] loss: 0.545
[20,   720] loss: 0.475
[20,   730] loss: 0.522
[20,   740] loss: 0.476
[20,   750] loss: 0.493
[20,   760] loss: 0.473
[20,   770] loss: 0.494
[20,   780] loss: 0.612
[20,   790] loss: 0.461
[20,   800] loss: 0.434
[21,    10] loss: 0.420
[21,    20] loss: 0.513
[21,    30] loss: 0.440
[21,    40] loss: 0.504
[21,    50] loss: 0.443
[21,    60] loss: 0.549
[21,    70] loss: 0.404
[21,    80] loss: 0.489
[21,    90] loss: 0.526
[21,   100] loss: 0.491
[21,   110] loss: 0.557
[21,   120] loss: 0.477
[21,   130] loss: 0.487
[21,   140] loss: 0.425
[21,   150] loss: 0.579
[21,   160] loss: 0.644
[21,   170] loss: 0.685
[21,   180] loss: 0.611
[21,   190] loss: 0.499
[21,   200] loss: 0.485
[21,   210] loss: 0.479
[21,   220] loss: 0.573
[21,   230] loss: 0.521
[21,   240] loss: 0.592
[21,   250] loss: 0.501
[21,   260] loss: 0.451
[21,   270] loss: 0.468
[21,   280] loss: 0.540
[21,   290] loss: 0.419
[21,   300] loss: 0.536
[21,   310] loss: 0.524
[21,   320] loss: 0.485
[21,   330] loss: 0.388
[21,   340] loss: 0.524
[21,   350] loss: 0.535
[21,   360] loss: 0.491
[21,   370] loss: 0.528
[21,   380] loss: 0.516
[21,   390] loss: 0.464
[21,   400] loss: 0.555
[21,   410] loss: 0.503
[21,   420] loss: 0.456
[21,   430] loss: 0.452
[21,   440] loss: 0.626
[21,   450] loss: 0.442
[21,   460] loss: 0.565
[21,   470] loss: 0.466
[21,   480] loss: 0.462
[21,   490] loss: 0.649
[21,   500] loss: 0.531
[21,   510] loss: 0.578
[21,   520] loss: 0.429
[21,   530] loss: 0.395
[21,   540] loss: 0.463
[21,   550] loss: 0.460
[21,   560] loss: 0.548
[21,   570] loss: 0.448
[21,   580] loss: 0.446
[21,   590] loss: 0.575
[21,   600] loss: 0.509
[21,   610] loss: 0.518
[21,   620] loss: 0.558
[21,   630] loss: 0.591
[21,   640] loss: 0.541
[21,   650] loss: 0.637
[21,   660] loss: 0.528
[21,   670] loss: 0.518
[21,   680] loss: 0.436
[21,   690] loss: 0.515
[21,   700] loss: 0.465
[21,   710] loss: 0.467
[21,   720] loss: 0.565
[21,   730] loss: 0.483
[21,   740] loss: 0.519
[21,   750] loss: 0.594
[21,   760] loss: 0.492
[21,   770] loss: 0.529
[21,   780] loss: 0.573
[21,   790] loss: 0.557
[21,   800] loss: 0.451
[22,    10] loss: 0.464
[22,    20] loss: 0.549
[22,    30] loss: 0.626
[22,    40] loss: 0.475
[22,    50] loss: 0.504
[22,    60] loss: 0.612
[22,    70] loss: 0.531
[22,    80] loss: 0.510
[22,    90] loss: 0.493
[22,   100] loss: 0.462
[22,   110] loss: 0.539
[22,   120] loss: 0.523
[22,   130] loss: 0.513
[22,   140] loss: 0.537
[22,   150] loss: 0.466
[22,   160] loss: 0.424
[22,   170] loss: 0.563
[22,   180] loss: 0.574
[22,   190] loss: 0.504
[22,   200] loss: 0.566
[22,   210] loss: 0.514
[22,   220] loss: 0.525
[22,   230] loss: 0.501
[22,   240] loss: 0.450
[22,   250] loss: 0.431
[22,   260] loss: 0.460
[22,   270] loss: 0.457
[22,   280] loss: 0.513
[22,   290] loss: 0.513
[22,   300] loss: 0.610
[22,   310] loss: 0.568
[22,   320] loss: 0.474
[22,   330] loss: 0.509
[22,   340] loss: 0.548
[22,   350] loss: 0.456
[22,   360] loss: 0.545
[22,   370] loss: 0.543
[22,   380] loss: 0.577
[22,   390] loss: 0.554
[22,   400] loss: 0.517
[22,   410] loss: 0.471
[22,   420] loss: 0.523
[22,   430] loss: 0.600
[22,   440] loss: 0.444
[22,   450] loss: 0.402
[22,   460] loss: 0.528
[22,   470] loss: 0.425
[22,   480] loss: 0.433
[22,   490] loss: 0.474
[22,   500] loss: 0.474
[22,   510] loss: 0.622
[22,   520] loss: 0.584
[22,   530] loss: 0.577
[22,   540] loss: 0.496
[22,   550] loss: 0.550
[22,   560] loss: 0.468
[22,   570] loss: 0.464
[22,   580] loss: 0.476
[22,   590] loss: 0.518
[22,   600] loss: 0.465
[22,   610] loss: 0.492
[22,   620] loss: 0.507
[22,   630] loss: 0.517
[22,   640] loss: 0.472
[22,   650] loss: 0.433
[22,   660] loss: 0.459
[22,   670] loss: 0.462
[22,   680] loss: 0.447
[22,   690] loss: 0.518
[22,   700] loss: 0.471
[22,   710] loss: 0.463
[22,   720] loss: 0.521
[22,   730] loss: 0.443
[22,   740] loss: 0.572
[22,   750] loss: 0.562
[22,   760] loss: 0.489
[22,   770] loss: 0.526
[22,   780] loss: 0.558
[22,   790] loss: 0.553
[22,   800] loss: 0.469
[23,    10] loss: 0.550
[23,    20] loss: 0.582
[23,    30] loss: 0.600
[23,    40] loss: 0.552
[23,    50] loss: 0.575
[23,    60] loss: 0.595
[23,    70] loss: 0.511
[23,    80] loss: 0.466
[23,    90] loss: 0.510
[23,   100] loss: 0.506
[23,   110] loss: 0.535
[23,   120] loss: 0.510
[23,   130] loss: 0.565
[23,   140] loss: 0.425
[23,   150] loss: 0.442
[23,   160] loss: 0.491
[23,   170] loss: 0.608
[23,   180] loss: 0.474
[23,   190] loss: 0.478
[23,   200] loss: 0.463
[23,   210] loss: 0.508
[23,   220] loss: 0.546
[23,   230] loss: 0.542
[23,   240] loss: 0.464
[23,   250] loss: 0.453
[23,   260] loss: 0.483
[23,   270] loss: 0.509
[23,   280] loss: 0.498
[23,   290] loss: 0.512
[23,   300] loss: 0.466
[23,   310] loss: 0.550
[23,   320] loss: 0.508
[23,   330] loss: 0.470
[23,   340] loss: 0.477
[23,   350] loss: 0.541
[23,   360] loss: 0.537
[23,   370] loss: 0.549
[23,   380] loss: 0.471
[23,   390] loss: 0.519
[23,   400] loss: 0.490
[23,   410] loss: 0.539
[23,   420] loss: 0.507
[23,   430] loss: 0.432
[23,   440] loss: 0.428
[23,   450] loss: 0.463
[23,   460] loss: 0.526
[23,   470] loss: 0.418
[23,   480] loss: 0.518
[23,   490] loss: 0.415
[23,   500] loss: 0.548
[23,   510] loss: 0.497
[23,   520] loss: 0.476
[23,   530] loss: 0.487
[23,   540] loss: 0.462
[23,   550] loss: 0.452
[23,   560] loss: 0.463
[23,   570] loss: 0.469
[23,   580] loss: 0.510
[23,   590] loss: 0.454
[23,   600] loss: 0.432
[23,   610] loss: 0.434
[23,   620] loss: 0.511
[23,   630] loss: 0.509
[23,   640] loss: 0.534
[23,   650] loss: 0.483
[23,   660] loss: 0.539
[23,   670] loss: 0.539
[23,   680] loss: 0.542
[23,   690] loss: 0.467
[23,   700] loss: 0.465
[23,   710] loss: 0.464
[23,   720] loss: 0.617
[23,   730] loss: 0.463
[23,   740] loss: 0.574
[23,   750] loss: 0.472
[23,   760] loss: 0.424
[23,   770] loss: 0.488
[23,   780] loss: 0.539
[23,   790] loss: 0.410
[23,   800] loss: 0.485
[24,    10] loss: 0.606
[24,    20] loss: 0.457
[24,    30] loss: 0.555
[24,    40] loss: 0.511
[24,    50] loss: 0.497
[24,    60] loss: 0.467
[24,    70] loss: 0.590
[24,    80] loss: 0.464
[24,    90] loss: 0.515
[24,   100] loss: 0.511
[24,   110] loss: 0.548
[24,   120] loss: 0.583
[24,   130] loss: 0.514
[24,   140] loss: 0.590
[24,   150] loss: 0.535
[24,   160] loss: 0.479
[24,   170] loss: 0.480
[24,   180] loss: 0.504
[24,   190] loss: 0.482
[24,   200] loss: 0.484
[24,   210] loss: 0.506
[24,   220] loss: 0.501
[24,   230] loss: 0.471
[24,   240] loss: 0.468
[24,   250] loss: 0.527
[24,   260] loss: 0.547
[24,   270] loss: 0.521
[24,   280] loss: 0.497
[24,   290] loss: 0.619
[24,   300] loss: 0.521
[24,   310] loss: 0.622
[24,   320] loss: 0.546
[24,   330] loss: 0.532
[24,   340] loss: 0.495
[24,   350] loss: 0.466
[24,   360] loss: 0.450
[24,   370] loss: 0.521
[24,   380] loss: 0.523
[24,   390] loss: 0.529
[24,   400] loss: 0.453
[24,   410] loss: 0.499
[24,   420] loss: 0.442
[24,   430] loss: 0.465
[24,   440] loss: 0.507
[24,   450] loss: 0.564
[24,   460] loss: 0.430
[24,   470] loss: 0.582
[24,   480] loss: 0.536
[24,   490] loss: 0.600
[24,   500] loss: 0.434
[24,   510] loss: 0.446
[24,   520] loss: 0.478
[24,   530] loss: 0.512
[24,   540] loss: 0.469
[24,   550] loss: 0.498
[24,   560] loss: 0.507
[24,   570] loss: 0.456
[24,   580] loss: 0.498
[24,   590] loss: 0.561
[24,   600] loss: 0.556
[24,   610] loss: 0.561
[24,   620] loss: 0.494
[24,   630] loss: 0.501
[24,   640] loss: 0.481
[24,   650] loss: 0.462
[24,   660] loss: 0.517
[24,   670] loss: 0.530
[24,   680] loss: 0.502
[24,   690] loss: 0.613
[24,   700] loss: 0.435
[24,   710] loss: 0.529
[24,   720] loss: 0.442
[24,   730] loss: 0.547
[24,   740] loss: 0.536
[24,   750] loss: 0.514
[24,   760] loss: 0.420
[24,   770] loss: 0.531
[24,   780] loss: 0.501
[24,   790] loss: 0.483
[24,   800] loss: 0.585
[25,    10] loss: 0.520
[25,    20] loss: 0.552
[25,    30] loss: 0.446
[25,    40] loss: 0.459
[25,    50] loss: 0.486
[25,    60] loss: 0.574
[25,    70] loss: 0.500
[25,    80] loss: 0.419
[25,    90] loss: 0.466
[25,   100] loss: 0.510
[25,   110] loss: 0.518
[25,   120] loss: 0.532
[25,   130] loss: 0.554
[25,   140] loss: 0.454
[25,   150] loss: 0.552
[25,   160] loss: 0.508
[25,   170] loss: 0.508
[25,   180] loss: 0.456
[25,   190] loss: 0.431
[25,   200] loss: 0.530
[25,   210] loss: 0.593
[25,   220] loss: 0.510
[25,   230] loss: 0.561
[25,   240] loss: 0.443
[25,   250] loss: 0.532
[25,   260] loss: 0.513
[25,   270] loss: 0.460
[25,   280] loss: 0.531
[25,   290] loss: 0.474
[25,   300] loss: 0.557
[25,   310] loss: 0.522
[25,   320] loss: 0.538
[25,   330] loss: 0.499
[25,   340] loss: 0.504
[25,   350] loss: 0.467
[25,   360] loss: 0.481
[25,   370] loss: 0.475
[25,   380] loss: 0.538
[25,   390] loss: 0.464
[25,   400] loss: 0.493
[25,   410] loss: 0.435
[25,   420] loss: 0.508
[25,   430] loss: 0.468
[25,   440] loss: 0.520
[25,   450] loss: 0.594
[25,   460] loss: 0.572
[25,   470] loss: 0.479
[25,   480] loss: 0.479
[25,   490] loss: 0.504
[25,   500] loss: 0.483
[25,   510] loss: 0.389
[25,   520] loss: 0.524
[25,   530] loss: 0.572
[25,   540] loss: 0.499
[25,   550] loss: 0.613
[25,   560] loss: 0.523
[25,   570] loss: 0.617
[25,   580] loss: 0.533
[25,   590] loss: 0.506
[25,   600] loss: 0.533
[25,   610] loss: 0.520
[25,   620] loss: 0.512
[25,   630] loss: 0.533
[25,   640] loss: 0.500
[25,   650] loss: 0.477
[25,   660] loss: 0.467
[25,   670] loss: 0.472
[25,   680] loss: 0.413
[25,   690] loss: 0.488
[25,   700] loss: 0.483
[25,   710] loss: 0.506
[25,   720] loss: 0.470
[25,   730] loss: 0.568
[25,   740] loss: 0.539
[25,   750] loss: 0.509
[25,   760] loss: 0.543
[25,   770] loss: 0.461
[25,   780] loss: 0.395
[25,   790] loss: 0.564
[25,   800] loss: 0.489
[26,    10] loss: 0.504
[26,    20] loss: 0.465
[26,    30] loss: 0.440
[26,    40] loss: 0.498
[26,    50] loss: 0.489
[26,    60] loss: 0.522
[26,    70] loss: 0.455
[26,    80] loss: 0.396
[26,    90] loss: 0.561
[26,   100] loss: 0.541
[26,   110] loss: 0.503
[26,   120] loss: 0.404
[26,   130] loss: 0.541
[26,   140] loss: 0.438
[26,   150] loss: 0.561
[26,   160] loss: 0.559
[26,   170] loss: 0.554
[26,   180] loss: 0.456
[26,   190] loss: 0.481
[26,   200] loss: 0.547
[26,   210] loss: 0.600
[26,   220] loss: 0.490
[26,   230] loss: 0.539
[26,   240] loss: 0.582
[26,   250] loss: 0.657
[26,   260] loss: 0.584
[26,   270] loss: 0.566
[26,   280] loss: 0.584
[26,   290] loss: 0.541
[26,   300] loss: 0.582
[26,   310] loss: 0.544
[26,   320] loss: 0.571
[26,   330] loss: 0.571
[26,   340] loss: 0.585
[26,   350] loss: 0.533
[26,   360] loss: 0.496
[26,   370] loss: 0.493
[26,   380] loss: 0.534
[26,   390] loss: 0.465
[26,   400] loss: 0.454
[26,   410] loss: 0.496
[26,   420] loss: 0.472
[26,   430] loss: 0.455
[26,   440] loss: 0.463
[26,   450] loss: 0.512
[26,   460] loss: 0.523
[26,   470] loss: 0.622
[26,   480] loss: 0.503
[26,   490] loss: 0.578
[26,   500] loss: 0.470
[26,   510] loss: 0.498
[26,   520] loss: 0.469
[26,   530] loss: 0.500
[26,   540] loss: 0.412
[26,   550] loss: 0.523
[26,   560] loss: 0.435
[26,   570] loss: 0.491
[26,   580] loss: 0.553
[26,   590] loss: 0.503
[26,   600] loss: 0.475
[26,   610] loss: 0.479
[26,   620] loss: 0.478
[26,   630] loss: 0.440
[26,   640] loss: 0.518
[26,   650] loss: 0.480
[26,   660] loss: 0.510
[26,   670] loss: 0.506
[26,   680] loss: 0.507
[26,   690] loss: 0.544
[26,   700] loss: 0.497
[26,   710] loss: 0.535
[26,   720] loss: 0.471
[26,   730] loss: 0.400
[26,   740] loss: 0.475
[26,   750] loss: 0.519
[26,   760] loss: 0.467
[26,   770] loss: 0.536
[26,   780] loss: 0.605
[26,   790] loss: 0.488
[26,   800] loss: 0.416
[27,    10] loss: 0.440
[27,    20] loss: 0.465
[27,    30] loss: 0.518
[27,    40] loss: 0.524
[27,    50] loss: 0.474
[27,    60] loss: 0.536
[27,    70] loss: 0.514
[27,    80] loss: 0.466
[27,    90] loss: 0.481
[27,   100] loss: 0.443
[27,   110] loss: 0.462
[27,   120] loss: 0.392
[27,   130] loss: 0.483
[27,   140] loss: 0.488
[27,   150] loss: 0.549
[27,   160] loss: 0.468
[27,   170] loss: 0.529
[27,   180] loss: 0.459
[27,   190] loss: 0.478
[27,   200] loss: 0.488
[27,   210] loss: 0.501
[27,   220] loss: 0.470
[27,   230] loss: 0.527
[27,   240] loss: 0.535
[27,   250] loss: 0.464
[27,   260] loss: 0.469
[27,   270] loss: 0.392
[27,   280] loss: 0.519
[27,   290] loss: 0.449
[27,   300] loss: 0.453
[27,   310] loss: 0.469
[27,   320] loss: 0.479
[27,   330] loss: 0.540
[27,   340] loss: 0.506
[27,   350] loss: 0.618
[27,   360] loss: 0.490
[27,   370] loss: 0.485
[27,   380] loss: 0.463
[27,   390] loss: 0.521
[27,   400] loss: 0.494
[27,   410] loss: 0.459
[27,   420] loss: 0.484
[27,   430] loss: 0.401
[27,   440] loss: 0.484
[27,   450] loss: 0.486
[27,   460] loss: 0.392
[27,   470] loss: 0.547
[27,   480] loss: 0.441
[27,   490] loss: 0.606
[27,   500] loss: 0.541
[27,   510] loss: 0.556
[27,   520] loss: 0.556
[27,   530] loss: 0.463
[27,   540] loss: 0.496
[27,   550] loss: 0.591
[27,   560] loss: 0.551
[27,   570] loss: 0.494
[27,   580] loss: 0.492
[27,   590] loss: 0.482
[27,   600] loss: 0.540
[27,   610] loss: 0.509
[27,   620] loss: 0.605
[27,   630] loss: 0.479
[27,   640] loss: 0.538
[27,   650] loss: 0.559
[27,   660] loss: 0.551
[27,   670] loss: 0.521
[27,   680] loss: 0.561
[27,   690] loss: 0.503
[27,   700] loss: 0.528
[27,   710] loss: 0.574
[27,   720] loss: 0.463
[27,   730] loss: 0.505
[27,   740] loss: 0.470
[27,   750] loss: 0.532
[27,   760] loss: 0.600
[27,   770] loss: 0.441
[27,   780] loss: 0.566
[27,   790] loss: 0.537
[27,   800] loss: 0.561
[28,    10] loss: 0.518
[28,    20] loss: 0.524
[28,    30] loss: 0.446
[28,    40] loss: 0.524
[28,    50] loss: 0.512
[28,    60] loss: 0.493
[28,    70] loss: 0.466
[28,    80] loss: 0.512
[28,    90] loss: 0.534
[28,   100] loss: 0.583
[28,   110] loss: 0.433
[28,   120] loss: 0.468
[28,   130] loss: 0.606
[28,   140] loss: 0.483
[28,   150] loss: 0.564
[28,   160] loss: 0.486
[28,   170] loss: 0.430
[28,   180] loss: 0.576
[28,   190] loss: 0.436
[28,   200] loss: 0.442
[28,   210] loss: 0.511
[28,   220] loss: 0.582
[28,   230] loss: 0.525
[28,   240] loss: 0.618
[28,   250] loss: 0.580
[28,   260] loss: 0.490
[28,   270] loss: 0.526
[28,   280] loss: 0.586
[28,   290] loss: 0.568
[28,   300] loss: 0.461
[28,   310] loss: 0.586
[28,   320] loss: 0.522
[28,   330] loss: 0.438
[28,   340] loss: 0.458
[28,   350] loss: 0.602
[28,   360] loss: 0.556
[28,   370] loss: 0.443
[28,   380] loss: 0.457
[28,   390] loss: 0.471
[28,   400] loss: 0.492
[28,   410] loss: 0.418
[28,   420] loss: 0.462
[28,   430] loss: 0.406
[28,   440] loss: 0.538
[28,   450] loss: 0.482
[28,   460] loss: 0.469
[28,   470] loss: 0.496
[28,   480] loss: 0.428
[28,   490] loss: 0.471
[28,   500] loss: 0.397
[28,   510] loss: 0.372
[28,   520] loss: 0.568
[28,   530] loss: 0.492
[28,   540] loss: 0.529
[28,   550] loss: 0.462
[28,   560] loss: 0.686
[28,   570] loss: 0.629
[28,   580] loss: 0.669
[28,   590] loss: 0.586
[28,   600] loss: 0.592
[28,   610] loss: 0.534
[28,   620] loss: 0.564
[28,   630] loss: 0.402
[28,   640] loss: 0.489
[28,   650] loss: 0.557
[28,   660] loss: 0.447
[28,   670] loss: 0.572
[28,   680] loss: 0.521
[28,   690] loss: 0.499
[28,   700] loss: 0.467
[28,   710] loss: 0.516
[28,   720] loss: 0.421
[28,   730] loss: 0.503
[28,   740] loss: 0.510
[28,   750] loss: 0.443
[28,   760] loss: 0.431
[28,   770] loss: 0.504
[28,   780] loss: 0.521
[28,   790] loss: 0.422
[28,   800] loss: 0.450
[29,    10] loss: 0.497
[29,    20] loss: 0.478
[29,    30] loss: 0.536
[29,    40] loss: 0.443
[29,    50] loss: 0.495
[29,    60] loss: 0.430
[29,    70] loss: 0.513
[29,    80] loss: 0.465
[29,    90] loss: 0.495
[29,   100] loss: 0.469
[29,   110] loss: 0.455
[29,   120] loss: 0.568
[29,   130] loss: 0.608
[29,   140] loss: 0.452
[29,   150] loss: 0.532
[29,   160] loss: 0.452
[29,   170] loss: 0.485
[29,   180] loss: 0.541
[29,   190] loss: 0.419
[29,   200] loss: 0.457
[29,   210] loss: 0.428
[29,   220] loss: 0.389
[29,   230] loss: 0.402
[29,   240] loss: 0.532
[29,   250] loss: 0.508
[29,   260] loss: 0.485
[29,   270] loss: 0.531
[29,   280] loss: 0.503
[29,   290] loss: 0.447
[29,   300] loss: 0.473
[29,   310] loss: 0.480
[29,   320] loss: 0.435
[29,   330] loss: 0.594
[29,   340] loss: 0.547
[29,   350] loss: 0.469
[29,   360] loss: 0.485
[29,   370] loss: 0.439
[29,   380] loss: 0.438
[29,   390] loss: 0.553
[29,   400] loss: 0.502
[29,   410] loss: 0.528
[29,   420] loss: 0.473
[29,   430] loss: 0.519
[29,   440] loss: 0.547
[29,   450] loss: 0.566
[29,   460] loss: 0.513
[29,   470] loss: 0.478
[29,   480] loss: 0.445
[29,   490] loss: 0.509
[29,   500] loss: 0.558
[29,   510] loss: 0.566
[29,   520] loss: 0.482
[29,   530] loss: 0.569
[29,   540] loss: 0.518
[29,   550] loss: 0.508
[29,   560] loss: 0.533
[29,   570] loss: 0.585
[29,   580] loss: 0.490
[29,   590] loss: 0.483
[29,   600] loss: 0.456
[29,   610] loss: 0.496
[29,   620] loss: 0.525
[29,   630] loss: 0.472
[29,   640] loss: 0.512
[29,   650] loss: 0.525
[29,   660] loss: 0.523
[29,   670] loss: 0.594
[29,   680] loss: 0.503
[29,   690] loss: 0.595
[29,   700] loss: 0.535
[29,   710] loss: 0.478
[29,   720] loss: 0.506
[29,   730] loss: 0.469
[29,   740] loss: 0.443
[29,   750] loss: 0.586
[29,   760] loss: 0.553
[29,   770] loss: 0.483
[29,   780] loss: 0.517
[29,   790] loss: 0.526
[29,   800] loss: 0.642
[30,    10] loss: 0.501
[30,    20] loss: 0.572
[30,    30] loss: 0.517
[30,    40] loss: 0.517
[30,    50] loss: 0.526
[30,    60] loss: 0.489
[30,    70] loss: 0.518
[30,    80] loss: 0.524
[30,    90] loss: 0.530
[30,   100] loss: 0.535
[30,   110] loss: 0.506
[30,   120] loss: 0.472
[30,   130] loss: 0.434
[30,   140] loss: 0.433
[30,   150] loss: 0.391
[30,   160] loss: 0.497
[30,   170] loss: 0.505
[30,   180] loss: 0.379
[30,   190] loss: 0.484
[30,   200] loss: 0.541
[30,   210] loss: 0.448
[30,   220] loss: 0.504
[30,   230] loss: 0.439
[30,   240] loss: 0.433
[30,   250] loss: 0.537
[30,   260] loss: 0.504
[30,   270] loss: 0.506
[30,   280] loss: 0.393
[30,   290] loss: 0.415
[30,   300] loss: 0.401
[30,   310] loss: 0.447
[30,   320] loss: 0.493
[30,   330] loss: 0.412
[30,   340] loss: 0.491
[30,   350] loss: 0.464
[30,   360] loss: 0.421
[30,   370] loss: 0.437
[30,   380] loss: 0.444
[30,   390] loss: 0.444
[30,   400] loss: 0.450
[30,   410] loss: 0.508
[30,   420] loss: 0.514
[30,   430] loss: 0.471
[30,   440] loss: 0.538
[30,   450] loss: 0.414
[30,   460] loss: 0.438
[30,   470] loss: 0.513
[30,   480] loss: 0.515
[30,   490] loss: 0.512
[30,   500] loss: 0.508
[30,   510] loss: 0.510
[30,   520] loss: 0.527
[30,   530] loss: 0.608
[30,   540] loss: 0.637
[30,   550] loss: 0.577
[30,   560] loss: 0.596
[30,   570] loss: 0.521
[30,   580] loss: 0.615
[30,   590] loss: 0.552
[30,   600] loss: 0.665
[30,   610] loss: 0.541
[30,   620] loss: 0.596
[30,   630] loss: 0.572
[30,   640] loss: 0.465
[30,   650] loss: 0.500
[30,   660] loss: 0.569
[30,   670] loss: 0.482
[30,   680] loss: 0.624
[30,   690] loss: 0.517
[30,   700] loss: 0.535
[30,   710] loss: 0.607
[30,   720] loss: 0.554
[30,   730] loss: 0.507
[30,   740] loss: 0.537
[30,   750] loss: 0.514
[30,   760] loss: 0.536
[30,   770] loss: 0.477
[30,   780] loss: 0.463
[30,   790] loss: 0.455
[30,   800] loss: 0.507
[31,    10] loss: 0.449
[31,    20] loss: 0.419
[31,    30] loss: 0.617
[31,    40] loss: 0.446
[31,    50] loss: 0.484
[31,    60] loss: 0.422
[31,    70] loss: 0.409
[31,    80] loss: 0.530
[31,    90] loss: 0.465
[31,   100] loss: 0.450
[31,   110] loss: 0.389
[31,   120] loss: 0.492
[31,   130] loss: 0.398
[31,   140] loss: 0.486
[31,   150] loss: 0.508
[31,   160] loss: 0.520
[31,   170] loss: 0.512
[31,   180] loss: 0.637
[31,   190] loss: 0.656
[31,   200] loss: 0.518
[31,   210] loss: 0.614
[31,   220] loss: 0.545
[31,   230] loss: 0.474
[31,   240] loss: 0.567
[31,   250] loss: 0.456
[31,   260] loss: 0.478
[31,   270] loss: 0.516
[31,   280] loss: 0.539
[31,   290] loss: 0.502
[31,   300] loss: 0.489
[31,   310] loss: 0.446
[31,   320] loss: 0.562
[31,   330] loss: 0.592
[31,   340] loss: 0.621
[31,   350] loss: 0.524
[31,   360] loss: 0.501
[31,   370] loss: 0.499
[31,   380] loss: 0.512
[31,   390] loss: 0.526
[31,   400] loss: 0.491
[31,   410] loss: 0.611
[31,   420] loss: 0.449
[31,   430] loss: 0.504
[31,   440] loss: 0.642
[31,   450] loss: 0.491
[31,   460] loss: 0.543
[31,   470] loss: 0.523
[31,   480] loss: 0.495
[31,   490] loss: 0.410
[31,   500] loss: 0.554
[31,   510] loss: 0.515
[31,   520] loss: 0.464
[31,   530] loss: 0.483
[31,   540] loss: 0.521
[31,   550] loss: 0.459
[31,   560] loss: 0.491
[31,   570] loss: 0.603
[31,   580] loss: 0.578
[31,   590] loss: 0.542
[31,   600] loss: 0.477
[31,   610] loss: 0.456
[31,   620] loss: 0.446
[31,   630] loss: 0.423
[31,   640] loss: 0.538
[31,   650] loss: 0.501
[31,   660] loss: 0.438
[31,   670] loss: 0.418
[31,   680] loss: 0.444
[31,   690] loss: 0.463
[31,   700] loss: 0.447
[31,   710] loss: 0.489
[31,   720] loss: 0.504
[31,   730] loss: 0.379
[31,   740] loss: 0.506
[31,   750] loss: 0.541
[31,   760] loss: 0.497
[31,   770] loss: 0.529
[31,   780] loss: 0.434
[31,   790] loss: 0.556
[31,   800] loss: 0.536
[32,    10] loss: 0.577
[32,    20] loss: 0.520
[32,    30] loss: 0.584
[32,    40] loss: 0.481
[32,    50] loss: 0.481
[32,    60] loss: 0.528
[32,    70] loss: 0.367
[32,    80] loss: 0.496
[32,    90] loss: 0.475
[32,   100] loss: 0.449
[32,   110] loss: 0.522
[32,   120] loss: 0.514
[32,   130] loss: 0.501
[32,   140] loss: 0.508
[32,   150] loss: 0.527
[32,   160] loss: 0.520
[32,   170] loss: 0.490
[32,   180] loss: 0.554
[32,   190] loss: 0.534
[32,   200] loss: 0.480
[32,   210] loss: 0.506
[32,   220] loss: 0.493
[32,   230] loss: 0.507
[32,   240] loss: 0.533
[32,   250] loss: 0.501
[32,   260] loss: 0.474
[32,   270] loss: 0.536
[32,   280] loss: 0.510
[32,   290] loss: 0.499
[32,   300] loss: 0.450
[32,   310] loss: 0.586
[32,   320] loss: 0.481
[32,   330] loss: 0.460
[32,   340] loss: 0.505
[32,   350] loss: 0.521
[32,   360] loss: 0.491
[32,   370] loss: 0.442
[32,   380] loss: 0.435
[32,   390] loss: 0.580
[32,   400] loss: 0.522
[32,   410] loss: 0.390
[32,   420] loss: 0.531
[32,   430] loss: 0.601
[32,   440] loss: 0.491
[32,   450] loss: 0.479
[32,   460] loss: 0.541
[32,   470] loss: 0.481
[32,   480] loss: 0.471
[32,   490] loss: 0.454
[32,   500] loss: 0.469
[32,   510] loss: 0.434
[32,   520] loss: 0.594
[32,   530] loss: 0.550
[32,   540] loss: 0.611
[32,   550] loss: 0.594
[32,   560] loss: 0.467
[32,   570] loss: 0.548
[32,   580] loss: 0.607
[32,   590] loss: 0.581
[32,   600] loss: 0.655
[32,   610] loss: 0.561
[32,   620] loss: 0.525
[32,   630] loss: 0.621
[32,   640] loss: 0.484
[32,   650] loss: 0.534
[32,   660] loss: 0.465
[32,   670] loss: 0.471
[32,   680] loss: 0.443
[32,   690] loss: 0.497
[32,   700] loss: 0.497
[32,   710] loss: 0.446
[32,   720] loss: 0.539
[32,   730] loss: 0.549
[32,   740] loss: 0.482
[32,   750] loss: 0.500
[32,   760] loss: 0.461
[32,   770] loss: 0.553
[32,   780] loss: 0.451
[32,   790] loss: 0.480
[32,   800] loss: 0.587
[33,    10] loss: 0.502
[33,    20] loss: 0.488
[33,    30] loss: 0.534
[33,    40] loss: 0.478
[33,    50] loss: 0.455
[33,    60] loss: 0.547
[33,    70] loss: 0.457
[33,    80] loss: 0.448
[33,    90] loss: 0.500
[33,   100] loss: 0.523
[33,   110] loss: 0.575
[33,   120] loss: 0.500
[33,   130] loss: 0.499
[33,   140] loss: 0.567
[33,   150] loss: 0.535
[33,   160] loss: 0.511
[33,   170] loss: 0.530
[33,   180] loss: 0.496
[33,   190] loss: 0.485
[33,   200] loss: 0.529
[33,   210] loss: 0.492
[33,   220] loss: 0.462
[33,   230] loss: 0.500
[33,   240] loss: 0.451
[33,   250] loss: 0.465
[33,   260] loss: 0.457
[33,   270] loss: 0.499
[33,   280] loss: 0.479
[33,   290] loss: 0.514
[33,   300] loss: 0.535
[33,   310] loss: 0.474
[33,   320] loss: 0.500
[33,   330] loss: 0.457
[33,   340] loss: 0.460
[33,   350] loss: 0.484
[33,   360] loss: 0.519
[33,   370] loss: 0.662
[33,   380] loss: 0.574
[33,   390] loss: 0.488
[33,   400] loss: 0.485
[33,   410] loss: 0.556
[33,   420] loss: 0.527
[33,   430] loss: 0.465
[33,   440] loss: 0.522
[33,   450] loss: 0.483
[33,   460] loss: 0.428
[33,   470] loss: 0.497
[33,   480] loss: 0.439
[33,   490] loss: 0.471
[33,   500] loss: 0.529
[33,   510] loss: 0.582
[33,   520] loss: 0.542
[33,   530] loss: 0.568
[33,   540] loss: 0.484
[33,   550] loss: 0.532
[33,   560] loss: 0.467
[33,   570] loss: 0.535
[33,   580] loss: 0.457
[33,   590] loss: 0.485
[33,   600] loss: 0.645
[33,   610] loss: 0.491
[33,   620] loss: 0.461
[33,   630] loss: 0.530
[33,   640] loss: 0.566
[33,   650] loss: 0.554
[33,   660] loss: 0.476
[33,   670] loss: 0.499
[33,   680] loss: 0.468
[33,   690] loss: 0.558
[33,   700] loss: 0.512
[33,   710] loss: 0.402
[33,   720] loss: 0.428
[33,   730] loss: 0.614
[33,   740] loss: 0.553
[33,   750] loss: 0.611
[33,   760] loss: 0.523
[33,   770] loss: 0.475
[33,   780] loss: 0.510
[33,   790] loss: 0.545
[33,   800] loss: 0.504
[34,    10] loss: 0.551
[34,    20] loss: 0.529
[34,    30] loss: 0.583
[34,    40] loss: 0.478
[34,    50] loss: 0.516
[34,    60] loss: 0.561
[34,    70] loss: 0.548
[34,    80] loss: 0.458
[34,    90] loss: 0.504
[34,   100] loss: 0.507
[34,   110] loss: 0.502
[34,   120] loss: 0.512
[34,   130] loss: 0.472
[34,   140] loss: 0.451
[34,   150] loss: 0.500
[34,   160] loss: 0.444
[34,   170] loss: 0.480
[34,   180] loss: 0.477
[34,   190] loss: 0.474
[34,   200] loss: 0.515
[34,   210] loss: 0.448
[34,   220] loss: 0.480
[34,   230] loss: 0.482
[34,   240] loss: 0.469
[34,   250] loss: 0.524
[34,   260] loss: 0.525
[34,   270] loss: 0.500
[34,   280] loss: 0.549
[34,   290] loss: 0.429
[34,   300] loss: 0.459
[34,   310] loss: 0.419
[34,   320] loss: 0.531
[34,   330] loss: 0.518
[34,   340] loss: 0.459
[34,   350] loss: 0.448
[34,   360] loss: 0.570
[34,   370] loss: 0.530
[34,   380] loss: 0.499
[34,   390] loss: 0.424
[34,   400] loss: 0.613
[34,   410] loss: 0.542
[34,   420] loss: 0.497
[34,   430] loss: 0.534
[34,   440] loss: 0.477
[34,   450] loss: 0.496
[34,   460] loss: 0.523
[34,   470] loss: 0.464
[34,   480] loss: 0.521
[34,   490] loss: 0.545
[34,   500] loss: 0.527
[34,   510] loss: 0.524
[34,   520] loss: 0.512
[34,   530] loss: 0.510
[34,   540] loss: 0.517
[34,   550] loss: 0.525
[34,   560] loss: 0.456
[34,   570] loss: 0.464
[34,   580] loss: 0.455
[34,   590] loss: 0.404
[34,   600] loss: 0.535
[34,   610] loss: 0.460
[34,   620] loss: 0.468
[34,   630] loss: 0.476
[34,   640] loss: 0.393
[34,   650] loss: 0.489
[34,   660] loss: 0.441
[34,   670] loss: 0.479
[34,   680] loss: 0.487
[34,   690] loss: 0.503
[34,   700] loss: 0.508
[34,   710] loss: 0.494
[34,   720] loss: 0.408
[34,   730] loss: 0.579
[34,   740] loss: 0.640
[34,   750] loss: 0.496
[34,   760] loss: 0.435
[34,   770] loss: 0.527
[34,   780] loss: 0.459
[34,   790] loss: 0.515
[34,   800] loss: 0.492
[35,    10] loss: 0.556
[35,    20] loss: 0.471
[35,    30] loss: 0.494
[35,    40] loss: 0.475
[35,    50] loss: 0.510
[35,    60] loss: 0.479
[35,    70] loss: 0.445
[35,    80] loss: 0.468
[35,    90] loss: 0.463
[35,   100] loss: 0.418
[35,   110] loss: 0.524
[35,   120] loss: 0.501
[35,   130] loss: 0.522
[35,   140] loss: 0.452
[35,   150] loss: 0.508
[35,   160] loss: 0.512
[35,   170] loss: 0.436
[35,   180] loss: 0.449
[35,   190] loss: 0.463
[35,   200] loss: 0.460
[35,   210] loss: 0.519
[35,   220] loss: 0.549
[35,   230] loss: 0.560
[35,   240] loss: 0.510
[35,   250] loss: 0.599
[35,   260] loss: 0.549
[35,   270] loss: 0.505
[35,   280] loss: 0.471
[35,   290] loss: 0.460
[35,   300] loss: 0.534
[35,   310] loss: 0.485
[35,   320] loss: 0.460
[35,   330] loss: 0.516
[35,   340] loss: 0.584
[35,   350] loss: 0.455
[35,   360] loss: 0.496
[35,   370] loss: 0.465
[35,   380] loss: 0.437
[35,   390] loss: 0.516
[35,   400] loss: 0.604
[35,   410] loss: 0.499
[35,   420] loss: 0.433
[35,   430] loss: 0.495
[35,   440] loss: 0.451
[35,   450] loss: 0.426
[35,   460] loss: 0.443
[35,   470] loss: 0.489
[35,   480] loss: 0.558
[35,   490] loss: 0.449
[35,   500] loss: 0.530
[35,   510] loss: 0.481
[35,   520] loss: 0.560
[35,   530] loss: 0.572
[35,   540] loss: 0.505
[35,   550] loss: 0.525
[35,   560] loss: 0.517
[35,   570] loss: 0.524
[35,   580] loss: 0.590
[35,   590] loss: 0.490
[35,   600] loss: 0.521
[35,   610] loss: 0.480
[35,   620] loss: 0.520
[35,   630] loss: 0.449
[35,   640] loss: 0.473
[35,   650] loss: 0.584
[35,   660] loss: 0.481
[35,   670] loss: 0.511
[35,   680] loss: 0.526
[35,   690] loss: 0.518
[35,   700] loss: 0.458
[35,   710] loss: 0.565
[35,   720] loss: 0.423
[35,   730] loss: 0.419
[35,   740] loss: 0.410
[35,   750] loss: 0.579
[35,   760] loss: 0.551
[35,   770] loss: 0.550
[35,   780] loss: 0.540
[35,   790] loss: 0.468
[35,   800] loss: 0.456
[36,    10] loss: 0.556
[36,    20] loss: 0.468
[36,    30] loss: 0.498
[36,    40] loss: 0.450
[36,    50] loss: 0.455
[36,    60] loss: 0.470
[36,    70] loss: 0.498
[36,    80] loss: 0.529
[36,    90] loss: 0.418
[36,   100] loss: 0.487
[36,   110] loss: 0.535
[36,   120] loss: 0.446
[36,   130] loss: 0.511
[36,   140] loss: 0.495
[36,   150] loss: 0.395
[36,   160] loss: 0.482
[36,   170] loss: 0.477
[36,   180] loss: 0.417
[36,   190] loss: 0.552
[36,   200] loss: 0.607
[36,   210] loss: 0.459
[36,   220] loss: 0.402
[36,   230] loss: 0.418
[36,   240] loss: 0.517
[36,   250] loss: 0.472
[36,   260] loss: 0.483
[36,   270] loss: 0.517
[36,   280] loss: 0.481
[36,   290] loss: 0.481
[36,   300] loss: 0.430
[36,   310] loss: 0.499
[36,   320] loss: 0.625
[36,   330] loss: 0.469
[36,   340] loss: 0.509
[36,   350] loss: 0.509
[36,   360] loss: 0.454
[36,   370] loss: 0.498
[36,   380] loss: 0.495
[36,   390] loss: 0.586
[36,   400] loss: 0.574
[36,   410] loss: 0.492
[36,   420] loss: 0.541
[36,   430] loss: 0.427
[36,   440] loss: 0.491
[36,   450] loss: 0.460
[36,   460] loss: 0.597
[36,   470] loss: 0.496
[36,   480] loss: 0.554
[36,   490] loss: 0.475
[36,   500] loss: 0.518
[36,   510] loss: 0.501
[36,   520] loss: 0.464
[36,   530] loss: 0.484
[36,   540] loss: 0.541
[36,   550] loss: 0.447
[36,   560] loss: 0.479
[36,   570] loss: 0.622
[36,   580] loss: 0.488
[36,   590] loss: 0.454
[36,   600] loss: 0.634
[36,   610] loss: 0.473
[36,   620] loss: 0.592
[36,   630] loss: 0.524
[36,   640] loss: 0.527
[36,   650] loss: 0.470
[36,   660] loss: 0.571
[36,   670] loss: 0.576
[36,   680] loss: 0.601
[36,   690] loss: 0.494
[36,   700] loss: 0.414
[36,   710] loss: 0.495
[36,   720] loss: 0.533
[36,   730] loss: 0.494
[36,   740] loss: 0.623
[36,   750] loss: 0.545
[36,   760] loss: 0.523
[36,   770] loss: 0.414
[36,   780] loss: 0.478
[36,   790] loss: 0.464
[36,   800] loss: 0.463
[37,    10] loss: 0.473
[37,    20] loss: 0.464
[37,    30] loss: 0.473
[37,    40] loss: 0.447
[37,    50] loss: 0.442
[37,    60] loss: 0.498
[37,    70] loss: 0.622
[37,    80] loss: 0.580
[37,    90] loss: 0.572
[37,   100] loss: 0.431
[37,   110] loss: 0.662
[37,   120] loss: 0.549
[37,   130] loss: 0.488
[37,   140] loss: 0.459
[37,   150] loss: 0.480
[37,   160] loss: 0.510
[37,   170] loss: 0.530
[37,   180] loss: 0.502
[37,   190] loss: 0.575
[37,   200] loss: 0.522
[37,   210] loss: 0.425
[37,   220] loss: 0.490
[37,   230] loss: 0.459
[37,   240] loss: 0.426
[37,   250] loss: 0.471
[37,   260] loss: 0.443
[37,   270] loss: 0.502
[37,   280] loss: 0.535
[37,   290] loss: 0.449
[37,   300] loss: 0.479
[37,   310] loss: 0.408
[37,   320] loss: 0.484
[37,   330] loss: 0.400
[37,   340] loss: 0.613
[37,   350] loss: 0.489
[37,   360] loss: 0.535
[37,   370] loss: 0.512
[37,   380] loss: 0.413
[37,   390] loss: 0.488
[37,   400] loss: 0.547
[37,   410] loss: 0.478
[37,   420] loss: 0.431
[37,   430] loss: 0.547
[37,   440] loss: 0.477
[37,   450] loss: 0.542
[37,   460] loss: 0.523
[37,   470] loss: 0.476
[37,   480] loss: 0.515
[37,   490] loss: 0.516
[37,   500] loss: 0.494
[37,   510] loss: 0.562
[37,   520] loss: 0.476
[37,   530] loss: 0.468
[37,   540] loss: 0.411
[37,   550] loss: 0.500
[37,   560] loss: 0.465
[37,   570] loss: 0.488
[37,   580] loss: 0.559
[37,   590] loss: 0.463
[37,   600] loss: 0.372
[37,   610] loss: 0.459
[37,   620] loss: 0.475
[37,   630] loss: 0.444
[37,   640] loss: 0.560
[37,   650] loss: 0.617
[37,   660] loss: 0.466
[37,   670] loss: 0.443
[37,   680] loss: 0.471
[37,   690] loss: 0.428
[37,   700] loss: 0.495
[37,   710] loss: 0.524
[37,   720] loss: 0.527
[37,   730] loss: 0.493
[37,   740] loss: 0.457
[37,   750] loss: 0.557
[37,   760] loss: 0.452
[37,   770] loss: 0.490
[37,   780] loss: 0.535
[37,   790] loss: 0.497
[37,   800] loss: 0.405
[38,    10] loss: 0.540
[38,    20] loss: 0.452
[38,    30] loss: 0.499
[38,    40] loss: 0.484
[38,    50] loss: 0.478
[38,    60] loss: 0.483
[38,    70] loss: 0.422
[38,    80] loss: 0.503
[38,    90] loss: 0.520
[38,   100] loss: 0.429
[38,   110] loss: 0.487
[38,   120] loss: 0.394
[38,   130] loss: 0.459
[38,   140] loss: 0.383
[38,   150] loss: 0.438
[38,   160] loss: 0.455
[38,   170] loss: 0.518
[38,   180] loss: 0.483
[38,   190] loss: 0.513
[38,   200] loss: 0.427
[38,   210] loss: 0.446
[38,   220] loss: 0.505
[38,   230] loss: 0.585
[38,   240] loss: 0.505
[38,   250] loss: 0.469
[38,   260] loss: 0.482
[38,   270] loss: 0.451
[38,   280] loss: 0.443
[38,   290] loss: 0.489
[38,   300] loss: 0.503
[38,   310] loss: 0.498
[38,   320] loss: 0.497
[38,   330] loss: 0.518
[38,   340] loss: 0.477
[38,   350] loss: 0.439
[38,   360] loss: 0.473
[38,   370] loss: 0.532
[38,   380] loss: 0.531
[38,   390] loss: 0.571
[38,   400] loss: 0.524
[38,   410] loss: 0.475
[38,   420] loss: 0.477
[38,   430] loss: 0.501
[38,   440] loss: 0.540
[38,   450] loss: 0.463
[38,   460] loss: 0.458
[38,   470] loss: 0.402
[38,   480] loss: 0.395
[38,   490] loss: 0.388
[38,   500] loss: 0.386
[38,   510] loss: 0.487
[38,   520] loss: 0.565
[38,   530] loss: 0.537
[38,   540] loss: 0.470
[38,   550] loss: 0.454
[38,   560] loss: 0.419
[38,   570] loss: 0.429
[38,   580] loss: 0.498
[38,   590] loss: 0.552
[38,   600] loss: 0.454
[38,   610] loss: 0.553
[38,   620] loss: 0.427
[38,   630] loss: 0.473
[38,   640] loss: 0.436
[38,   650] loss: 0.523
[38,   660] loss: 0.503
[38,   670] loss: 0.562
[38,   680] loss: 0.513
[38,   690] loss: 0.423
[38,   700] loss: 0.495
[38,   710] loss: 0.560
[38,   720] loss: 0.498
[38,   730] loss: 0.461
[38,   740] loss: 0.470
[38,   750] loss: 0.444
[38,   760] loss: 0.471
[38,   770] loss: 0.411
[38,   780] loss: 0.498
[38,   790] loss: 0.504
[38,   800] loss: 0.418
[39,    10] loss: 0.555
[39,    20] loss: 0.598
[39,    30] loss: 0.494
[39,    40] loss: 0.694
[39,    50] loss: 0.593
[39,    60] loss: 0.545
[39,    70] loss: 0.470
[39,    80] loss: 0.395
[39,    90] loss: 0.474
[39,   100] loss: 0.457
[39,   110] loss: 0.540
[39,   120] loss: 0.515
[39,   130] loss: 0.486
[39,   140] loss: 0.499
[39,   150] loss: 0.503
[39,   160] loss: 0.487
[39,   170] loss: 0.498
[39,   180] loss: 0.462
[39,   190] loss: 0.542
[39,   200] loss: 0.486
[39,   210] loss: 0.458
[39,   220] loss: 0.450
[39,   230] loss: 0.451
[39,   240] loss: 0.399
[39,   250] loss: 0.356
[39,   260] loss: 0.486
[39,   270] loss: 0.509
[39,   280] loss: 0.481
[39,   290] loss: 0.507
[39,   300] loss: 0.487
[39,   310] loss: 0.506
[39,   320] loss: 0.474
[39,   330] loss: 0.496
[39,   340] loss: 0.432
[39,   350] loss: 0.430
[39,   360] loss: 0.468
[39,   370] loss: 0.504
[39,   380] loss: 0.495
[39,   390] loss: 0.444
[39,   400] loss: 0.461
[39,   410] loss: 0.470
[39,   420] loss: 0.565
[39,   430] loss: 0.572
[39,   440] loss: 0.464
[39,   450] loss: 0.495
[39,   460] loss: 0.481
[39,   470] loss: 0.471
[39,   480] loss: 0.391
[39,   490] loss: 0.640
[39,   500] loss: 0.460
[39,   510] loss: 0.404
[39,   520] loss: 0.481
[39,   530] loss: 0.436
[39,   540] loss: 0.537
[39,   550] loss: 0.577
[39,   560] loss: 0.513
[39,   570] loss: 0.562
[39,   580] loss: 0.577
[39,   590] loss: 0.485
[39,   600] loss: 0.463
[39,   610] loss: 0.475
[39,   620] loss: 0.417
[39,   630] loss: 0.487
[39,   640] loss: 0.559
[39,   650] loss: 0.485
[39,   660] loss: 0.455
[39,   670] loss: 0.580
[39,   680] loss: 0.443
[39,   690] loss: 0.505
[39,   700] loss: 0.507
[39,   710] loss: 0.520
[39,   720] loss: 0.410
[39,   730] loss: 0.519
[39,   740] loss: 0.509
[39,   750] loss: 0.556
[39,   760] loss: 0.574
[39,   770] loss: 0.499
[39,   780] loss: 0.401
[39,   790] loss: 0.464
[39,   800] loss: 0.532
[40,    10] loss: 0.672
[40,    20] loss: 0.674
[40,    30] loss: 0.600
[40,    40] loss: 0.561
[40,    50] loss: 0.606
[40,    60] loss: 0.549
[40,    70] loss: 0.481
[40,    80] loss: 0.594
[40,    90] loss: 0.524
[40,   100] loss: 0.542
[40,   110] loss: 0.539
[40,   120] loss: 0.498
[40,   130] loss: 0.455
[40,   140] loss: 0.500
[40,   150] loss: 0.473
[40,   160] loss: 0.454
[40,   170] loss: 0.545
[40,   180] loss: 0.574
[40,   190] loss: 0.524
[40,   200] loss: 0.512
[40,   210] loss: 0.479
[40,   220] loss: 0.461
[40,   230] loss: 0.639
[40,   240] loss: 0.433
[40,   250] loss: 0.539
[40,   260] loss: 0.506
[40,   270] loss: 0.412
[40,   280] loss: 0.500
[40,   290] loss: 0.473
[40,   300] loss: 0.544
[40,   310] loss: 0.417
[40,   320] loss: 0.442
[40,   330] loss: 0.400
[40,   340] loss: 0.446
[40,   350] loss: 0.439
[40,   360] loss: 0.549
[40,   370] loss: 0.463
[40,   380] loss: 0.489
[40,   390] loss: 0.538
[40,   400] loss: 0.483
[40,   410] loss: 0.450
[40,   420] loss: 0.507
[40,   430] loss: 0.428
[40,   440] loss: 0.493
[40,   450] loss: 0.439
[40,   460] loss: 0.428
[40,   470] loss: 0.460
[40,   480] loss: 0.497
[40,   490] loss: 0.485
[40,   500] loss: 0.452
[40,   510] loss: 0.464
[40,   520] loss: 0.537
[40,   530] loss: 0.370
[40,   540] loss: 0.494
[40,   550] loss: 0.537
[40,   560] loss: 0.526
[40,   570] loss: 0.488
[40,   580] loss: 0.517
[40,   590] loss: 0.502
[40,   600] loss: 0.465
[40,   610] loss: 0.481
[40,   620] loss: 0.591
[40,   630] loss: 0.484
[40,   640] loss: 0.530
[40,   650] loss: 0.470
[40,   660] loss: 0.420
[40,   670] loss: 0.512
[40,   680] loss: 0.408
[40,   690] loss: 0.473
[40,   700] loss: 0.403
[40,   710] loss: 0.490
[40,   720] loss: 0.513
[40,   730] loss: 0.493
[40,   740] loss: 0.453
[40,   750] loss: 0.476
[40,   760] loss: 0.544
[40,   770] loss: 0.540
[40,   780] loss: 0.485
[40,   790] loss: 0.429
[40,   800] loss: 0.541
[41,    10] loss: 0.425
[41,    20] loss: 0.491
[41,    30] loss: 0.548
[41,    40] loss: 0.502
[41,    50] loss: 0.527
[41,    60] loss: 0.383
[41,    70] loss: 0.479
[41,    80] loss: 0.467
[41,    90] loss: 0.499
[41,   100] loss: 0.582
[41,   110] loss: 0.467
[41,   120] loss: 0.574
[41,   130] loss: 0.465
[41,   140] loss: 0.502
[41,   150] loss: 0.424
[41,   160] loss: 0.552
[41,   170] loss: 0.495
[41,   180] loss: 0.418
[41,   190] loss: 0.480
[41,   200] loss: 0.444
[41,   210] loss: 0.445
[41,   220] loss: 0.459
[41,   230] loss: 0.490
[41,   240] loss: 0.497
[41,   250] loss: 0.456
[41,   260] loss: 0.492
[41,   270] loss: 0.464
[41,   280] loss: 0.590
[41,   290] loss: 0.437
[41,   300] loss: 0.459
[41,   310] loss: 0.605
[41,   320] loss: 0.509
[41,   330] loss: 0.618
[41,   340] loss: 0.592
[41,   350] loss: 0.506
[41,   360] loss: 0.471
[41,   370] loss: 0.460
[41,   380] loss: 0.457
[41,   390] loss: 0.423
[41,   400] loss: 0.407
[41,   410] loss: 0.492
[41,   420] loss: 0.451
[41,   430] loss: 0.470
[41,   440] loss: 0.493
[41,   450] loss: 0.432
[41,   460] loss: 0.484
[41,   470] loss: 0.467
[41,   480] loss: 0.516
[41,   490] loss: 0.428
[41,   500] loss: 0.397
[41,   510] loss: 0.481
[41,   520] loss: 0.545
[41,   530] loss: 0.468
[41,   540] loss: 0.473
[41,   550] loss: 0.531
[41,   560] loss: 0.472
[41,   570] loss: 0.458
[41,   580] loss: 0.495
[41,   590] loss: 0.444
[41,   600] loss: 0.508
[41,   610] loss: 0.542
[41,   620] loss: 0.520
[41,   630] loss: 0.434
[41,   640] loss: 0.522
[41,   650] loss: 0.536
[41,   660] loss: 0.526
[41,   670] loss: 0.523
[41,   680] loss: 0.470
[41,   690] loss: 0.469
[41,   700] loss: 0.461
[41,   710] loss: 0.517
[41,   720] loss: 0.511
[41,   730] loss: 0.475
[41,   740] loss: 0.503
[41,   750] loss: 0.500
[41,   760] loss: 0.558
[41,   770] loss: 0.561
[41,   780] loss: 0.497
[41,   790] loss: 0.500
[41,   800] loss: 0.550
[42,    10] loss: 0.431
[42,    20] loss: 0.396
[42,    30] loss: 0.514
[42,    40] loss: 0.530
[42,    50] loss: 0.492
[42,    60] loss: 0.465
[42,    70] loss: 0.538
[42,    80] loss: 0.473
[42,    90] loss: 0.444
[42,   100] loss: 0.483
[42,   110] loss: 0.486
[42,   120] loss: 0.464
[42,   130] loss: 0.499
[42,   140] loss: 0.562
[42,   150] loss: 0.424
[42,   160] loss: 0.523
[42,   170] loss: 0.452
[42,   180] loss: 0.457
[42,   190] loss: 0.522
[42,   200] loss: 0.447
[42,   210] loss: 0.473
[42,   220] loss: 0.491
[42,   230] loss: 0.503
[42,   240] loss: 0.515
[42,   250] loss: 0.491
[42,   260] loss: 0.439
[42,   270] loss: 0.497
[42,   280] loss: 0.554
[42,   290] loss: 0.588
[42,   300] loss: 0.501
[42,   310] loss: 0.563
[42,   320] loss: 0.488
[42,   330] loss: 0.518
[42,   340] loss: 0.488
[42,   350] loss: 0.513
[42,   360] loss: 0.477
[42,   370] loss: 0.483
[42,   380] loss: 0.502
[42,   390] loss: 0.519
[42,   400] loss: 0.514
[42,   410] loss: 0.417
[42,   420] loss: 0.444
[42,   430] loss: 0.507
[42,   440] loss: 0.507
[42,   450] loss: 0.479
[42,   460] loss: 0.453
[42,   470] loss: 0.413
[42,   480] loss: 0.525
[42,   490] loss: 0.548
[42,   500] loss: 0.475
[42,   510] loss: 0.498
[42,   520] loss: 0.481
[42,   530] loss: 0.536
[42,   540] loss: 0.472
[42,   550] loss: 0.519
[42,   560] loss: 0.435
[42,   570] loss: 0.513
[42,   580] loss: 0.592
[42,   590] loss: 0.517
[42,   600] loss: 0.545
[42,   610] loss: 0.571
[42,   620] loss: 0.506
[42,   630] loss: 0.445
[42,   640] loss: 0.562
[42,   650] loss: 0.490
[42,   660] loss: 0.509
[42,   670] loss: 0.491
[42,   680] loss: 0.512
[42,   690] loss: 0.497
[42,   700] loss: 0.447
[42,   710] loss: 0.557
[42,   720] loss: 0.533
[42,   730] loss: 0.481
[42,   740] loss: 0.537
[42,   750] loss: 0.484
[42,   760] loss: 0.552
[42,   770] loss: 0.493
[42,   780] loss: 0.472
[42,   790] loss: 0.471
[42,   800] loss: 0.464
[43,    10] loss: 0.420
[43,    20] loss: 0.454
[43,    30] loss: 0.442
[43,    40] loss: 0.471
[43,    50] loss: 0.368
[43,    60] loss: 0.400
[43,    70] loss: 0.352
[43,    80] loss: 0.486
[43,    90] loss: 0.473
[43,   100] loss: 0.478
[43,   110] loss: 0.468
[43,   120] loss: 0.521
[43,   130] loss: 0.417
[43,   140] loss: 0.474
[43,   150] loss: 0.465
[43,   160] loss: 0.470
[43,   170] loss: 0.558
[43,   180] loss: 0.462
[43,   190] loss: 0.476
[43,   200] loss: 0.456
[43,   210] loss: 0.501
[43,   220] loss: 0.454
[43,   230] loss: 0.517
[43,   240] loss: 0.589
[43,   250] loss: 0.523
[43,   260] loss: 0.557
[43,   270] loss: 0.462
[43,   280] loss: 0.520
[43,   290] loss: 0.541
[43,   300] loss: 0.578
[43,   310] loss: 0.491
[43,   320] loss: 0.538
[43,   330] loss: 0.502
[43,   340] loss: 0.433
[43,   350] loss: 0.570
[43,   360] loss: 0.492
[43,   370] loss: 0.455
[43,   380] loss: 0.490
[43,   390] loss: 0.512
[43,   400] loss: 0.482
[43,   410] loss: 0.502
[43,   420] loss: 0.545
[43,   430] loss: 0.461
[43,   440] loss: 0.553
[43,   450] loss: 0.561
[43,   460] loss: 0.531
[43,   470] loss: 0.515
[43,   480] loss: 0.512
[43,   490] loss: 0.459
[43,   500] loss: 0.520
[43,   510] loss: 0.533
[43,   520] loss: 0.421
[43,   530] loss: 0.493
[43,   540] loss: 0.487
[43,   550] loss: 0.459
[43,   560] loss: 0.389
[43,   570] loss: 0.515
[43,   580] loss: 0.555
[43,   590] loss: 0.436
[43,   600] loss: 0.567
[43,   610] loss: 0.492
[43,   620] loss: 0.494
[43,   630] loss: 0.527
[43,   640] loss: 0.485
[43,   650] loss: 0.434
[43,   660] loss: 0.524
[43,   670] loss: 0.586
[43,   680] loss: 0.557
[43,   690] loss: 0.495
[43,   700] loss: 0.576
[43,   710] loss: 0.449
[43,   720] loss: 0.456
[43,   730] loss: 0.551
[43,   740] loss: 0.450
[43,   750] loss: 0.536
[43,   760] loss: 0.499
[43,   770] loss: 0.469
[43,   780] loss: 0.536
[43,   790] loss: 0.498
[43,   800] loss: 0.475
[44,    10] loss: 0.516
[44,    20] loss: 0.405
[44,    30] loss: 0.468
[44,    40] loss: 0.421
[44,    50] loss: 0.456
[44,    60] loss: 0.455
[44,    70] loss: 0.468
[44,    80] loss: 0.416
[44,    90] loss: 0.416
[44,   100] loss: 0.566
[44,   110] loss: 0.575
[44,   120] loss: 0.513
[44,   130] loss: 0.421
[44,   140] loss: 0.418
[44,   150] loss: 0.508
[44,   160] loss: 0.426
[44,   170] loss: 0.535
[44,   180] loss: 0.484
[44,   190] loss: 0.456
[44,   200] loss: 0.475
[44,   210] loss: 0.431
[44,   220] loss: 0.440
[44,   230] loss: 0.477
[44,   240] loss: 0.464
[44,   250] loss: 0.550
[44,   260] loss: 0.534
[44,   270] loss: 0.417
[44,   280] loss: 0.490
[44,   290] loss: 0.495
[44,   300] loss: 0.539
[44,   310] loss: 0.465
[44,   320] loss: 0.502
[44,   330] loss: 0.561
[44,   340] loss: 0.483
[44,   350] loss: 0.467
[44,   360] loss: 0.470
[44,   370] loss: 0.556
[44,   380] loss: 0.471
[44,   390] loss: 0.608
[44,   400] loss: 0.579
[44,   410] loss: 0.468
[44,   420] loss: 0.369
[44,   430] loss: 0.488
[44,   440] loss: 0.435
[44,   450] loss: 0.501
[44,   460] loss: 0.441
[44,   470] loss: 0.515
[44,   480] loss: 0.429
[44,   490] loss: 0.497
[44,   500] loss: 0.439
[44,   510] loss: 0.448
[44,   520] loss: 0.454
[44,   530] loss: 0.479
[44,   540] loss: 0.484
[44,   550] loss: 0.440
[44,   560] loss: 0.460
[44,   570] loss: 0.503
[44,   580] loss: 0.474
[44,   590] loss: 0.545
[44,   600] loss: 0.453
[44,   610] loss: 0.485
[44,   620] loss: 0.435
[44,   630] loss: 0.473
[44,   640] loss: 0.521
[44,   650] loss: 0.463
[44,   660] loss: 0.471
[44,   670] loss: 0.443
[44,   680] loss: 0.506
[44,   690] loss: 0.531
[44,   700] loss: 0.504
[44,   710] loss: 0.426
[44,   720] loss: 0.481
[44,   730] loss: 0.463
[44,   740] loss: 0.520
[44,   750] loss: 0.521
[44,   760] loss: 0.508
[44,   770] loss: 0.416
[44,   780] loss: 0.502
[44,   790] loss: 0.428
[44,   800] loss: 0.461
[45,    10] loss: 0.490
[45,    20] loss: 0.554
[45,    30] loss: 0.538
[45,    40] loss: 0.458
[45,    50] loss: 0.516
[45,    60] loss: 0.505
[45,    70] loss: 0.582
[45,    80] loss: 0.474
[45,    90] loss: 0.453
[45,   100] loss: 0.534
[45,   110] loss: 0.606
[45,   120] loss: 0.530
[45,   130] loss: 0.534
[45,   140] loss: 0.482
[45,   150] loss: 0.414
[45,   160] loss: 0.455
[45,   170] loss: 0.476
[45,   180] loss: 0.424
[45,   190] loss: 0.495
[45,   200] loss: 0.471
[45,   210] loss: 0.394
[45,   220] loss: 0.483
[45,   230] loss: 0.495
[45,   240] loss: 0.514
[45,   250] loss: 0.519
[45,   260] loss: 0.426
[45,   270] loss: 0.533
[45,   280] loss: 0.449
[45,   290] loss: 0.487
[45,   300] loss: 0.415
[45,   310] loss: 0.469
[45,   320] loss: 0.464
[45,   330] loss: 0.453
[45,   340] loss: 0.558
[45,   350] loss: 0.432
[45,   360] loss: 0.511
[45,   370] loss: 0.403
[45,   380] loss: 0.430
[45,   390] loss: 0.458
[45,   400] loss: 0.493
[45,   410] loss: 0.480
[45,   420] loss: 0.477
[45,   430] loss: 0.466
[45,   440] loss: 0.449
[45,   450] loss: 0.503
[45,   460] loss: 0.526
[45,   470] loss: 0.421
[45,   480] loss: 0.460
[45,   490] loss: 0.475
[45,   500] loss: 0.527
[45,   510] loss: 0.423
[45,   520] loss: 0.487
[45,   530] loss: 0.533
[45,   540] loss: 0.554
[45,   550] loss: 0.599
[45,   560] loss: 0.538
[45,   570] loss: 0.490
[45,   580] loss: 0.439
[45,   590] loss: 0.530
[45,   600] loss: 0.435
[45,   610] loss: 0.448
[45,   620] loss: 0.435
[45,   630] loss: 0.464
[45,   640] loss: 0.515
[45,   650] loss: 0.430
[45,   660] loss: 0.425
[45,   670] loss: 0.388
[45,   680] loss: 0.524
[45,   690] loss: 0.444
[45,   700] loss: 0.520
[45,   710] loss: 0.490
[45,   720] loss: 0.455
[45,   730] loss: 0.458
[45,   740] loss: 0.472
[45,   750] loss: 0.452
[45,   760] loss: 0.441
[45,   770] loss: 0.476
[45,   780] loss: 0.497
[45,   790] loss: 0.467
[45,   800] loss: 0.504
[46,    10] loss: 0.562
[46,    20] loss: 0.481
[46,    30] loss: 0.429
[46,    40] loss: 0.536
[46,    50] loss: 0.597
[46,    60] loss: 0.495
[46,    70] loss: 0.501
[46,    80] loss: 0.556
[46,    90] loss: 0.526
[46,   100] loss: 0.568
[46,   110] loss: 0.497
[46,   120] loss: 0.423
[46,   130] loss: 0.450
[46,   140] loss: 0.370
[46,   150] loss: 0.502
[46,   160] loss: 0.439
[46,   170] loss: 0.529
[46,   180] loss: 0.464
[46,   190] loss: 0.442
[46,   200] loss: 0.486
[46,   210] loss: 0.512
[46,   220] loss: 0.458
[46,   230] loss: 0.469
[46,   240] loss: 0.432
[46,   250] loss: 0.440
[46,   260] loss: 0.493
[46,   270] loss: 0.539
[46,   280] loss: 0.498
[46,   290] loss: 0.501
[46,   300] loss: 0.506
[46,   310] loss: 0.489
[46,   320] loss: 0.471
[46,   330] loss: 0.472
[46,   340] loss: 0.507
[46,   350] loss: 0.431
[46,   360] loss: 0.424
[46,   370] loss: 0.542
[46,   380] loss: 0.488
[46,   390] loss: 0.425
[46,   400] loss: 0.420
[46,   410] loss: 0.459
[46,   420] loss: 0.451
[46,   430] loss: 0.436
[46,   440] loss: 0.582
[46,   450] loss: 0.444
[46,   460] loss: 0.525
[46,   470] loss: 0.523
[46,   480] loss: 0.580
[46,   490] loss: 0.581
[46,   500] loss: 0.538
[46,   510] loss: 0.568
[46,   520] loss: 0.473
[46,   530] loss: 0.520
[46,   540] loss: 0.488
[46,   550] loss: 0.601
[46,   560] loss: 0.558
[46,   570] loss: 0.495
[46,   580] loss: 0.430
[46,   590] loss: 0.519
[46,   600] loss: 0.471
[46,   610] loss: 0.446
[46,   620] loss: 0.488
[46,   630] loss: 0.520
[46,   640] loss: 0.460
[46,   650] loss: 0.479
[46,   660] loss: 0.475
[46,   670] loss: 0.484
[46,   680] loss: 0.446
[46,   690] loss: 0.500
[46,   700] loss: 0.406
[46,   710] loss: 0.503
[46,   720] loss: 0.508
[46,   730] loss: 0.486
[46,   740] loss: 0.477
[46,   750] loss: 0.460
[46,   760] loss: 0.586
[46,   770] loss: 0.536
[46,   780] loss: 0.477
[46,   790] loss: 0.454
[46,   800] loss: 0.479
[47,    10] loss: 0.546
[47,    20] loss: 0.416
[47,    30] loss: 0.512
[47,    40] loss: 0.490
[47,    50] loss: 0.496
[47,    60] loss: 0.505
[47,    70] loss: 0.531
[47,    80] loss: 0.559
[47,    90] loss: 0.447
[47,   100] loss: 0.477
[47,   110] loss: 0.429
[47,   120] loss: 0.586
[47,   130] loss: 0.520
[47,   140] loss: 0.557
[47,   150] loss: 0.457
[47,   160] loss: 0.406
[47,   170] loss: 0.441
[47,   180] loss: 0.507
[47,   190] loss: 0.516
[47,   200] loss: 0.539
[47,   210] loss: 0.495
[47,   220] loss: 0.442
[47,   230] loss: 0.442
[47,   240] loss: 0.486
[47,   250] loss: 0.484
[47,   260] loss: 0.412
[47,   270] loss: 0.448
[47,   280] loss: 0.465
[47,   290] loss: 0.403
[47,   300] loss: 0.677
[47,   310] loss: 0.775
[47,   320] loss: 0.744
[47,   330] loss: 0.633
[47,   340] loss: 0.660
[47,   350] loss: 0.614
[47,   360] loss: 0.495
[47,   370] loss: 0.513
[47,   380] loss: 0.541
[47,   390] loss: 0.493
[47,   400] loss: 0.493
[47,   410] loss: 0.523
[47,   420] loss: 0.541
[47,   430] loss: 0.536
[47,   440] loss: 0.461
[47,   450] loss: 0.566
[47,   460] loss: 0.465
[47,   470] loss: 0.476
[47,   480] loss: 0.553
[47,   490] loss: 0.620
[47,   500] loss: 0.568
[47,   510] loss: 0.563
[47,   520] loss: 0.429
[47,   530] loss: 0.438
[47,   540] loss: 0.454
[47,   550] loss: 0.437
[47,   560] loss: 0.520
[47,   570] loss: 0.458
[47,   580] loss: 0.438
[47,   590] loss: 0.418
[47,   600] loss: 0.432
[47,   610] loss: 0.562
[47,   620] loss: 0.527
[47,   630] loss: 0.487
[47,   640] loss: 0.507
[47,   650] loss: 0.507
[47,   660] loss: 0.517
[47,   670] loss: 0.476
[47,   680] loss: 0.482
[47,   690] loss: 0.492
[47,   700] loss: 0.514
[47,   710] loss: 0.398
[47,   720] loss: 0.492
[47,   730] loss: 0.517
[47,   740] loss: 0.527
[47,   750] loss: 0.513
[47,   760] loss: 0.460
[47,   770] loss: 0.490
[47,   780] loss: 0.486
[47,   790] loss: 0.509
[47,   800] loss: 0.415
[48,    10] loss: 0.559
[48,    20] loss: 0.611
[48,    30] loss: 0.612
[48,    40] loss: 0.505
[48,    50] loss: 0.568
[48,    60] loss: 0.524
[48,    70] loss: 0.523
[48,    80] loss: 0.505
[48,    90] loss: 0.472
[48,   100] loss: 0.410
[48,   110] loss: 0.425
[48,   120] loss: 0.517
[48,   130] loss: 0.603
[48,   140] loss: 0.572
[48,   150] loss: 0.497
[48,   160] loss: 0.576
[48,   170] loss: 0.469
[48,   180] loss: 0.499
[48,   190] loss: 0.449
[48,   200] loss: 0.535
[48,   210] loss: 0.465
[48,   220] loss: 0.432
[48,   230] loss: 0.464
[48,   240] loss: 0.495
[48,   250] loss: 0.497
[48,   260] loss: 0.481
[48,   270] loss: 0.464
[48,   280] loss: 0.498
[48,   290] loss: 0.481
[48,   300] loss: 0.477
[48,   310] loss: 0.535
[48,   320] loss: 0.429
[48,   330] loss: 0.437
[48,   340] loss: 0.501
[48,   350] loss: 0.537
[48,   360] loss: 0.547
[48,   370] loss: 0.578
[48,   380] loss: 0.617
[48,   390] loss: 0.553
[48,   400] loss: 0.556
[48,   410] loss: 0.493
[48,   420] loss: 0.522
[48,   430] loss: 0.587
[48,   440] loss: 0.464
[48,   450] loss: 0.547
[48,   460] loss: 0.491
[48,   470] loss: 0.514
[48,   480] loss: 0.509
[48,   490] loss: 0.435
[48,   500] loss: 0.478
[48,   510] loss: 0.507
[48,   520] loss: 0.518
[48,   530] loss: 0.443
[48,   540] loss: 0.610
[48,   550] loss: 0.501
[48,   560] loss: 0.407
[48,   570] loss: 0.481
[48,   580] loss: 0.455
[48,   590] loss: 0.459
[48,   600] loss: 0.469
[48,   610] loss: 0.394
[48,   620] loss: 0.469
[48,   630] loss: 0.529
[48,   640] loss: 0.476
[48,   650] loss: 0.503
[48,   660] loss: 0.449
[48,   670] loss: 0.549
[48,   680] loss: 0.469
[48,   690] loss: 0.450
[48,   700] loss: 0.483
[48,   710] loss: 0.597
[48,   720] loss: 0.513
[48,   730] loss: 0.522
[48,   740] loss: 0.496
[48,   750] loss: 0.383
[48,   760] loss: 0.470
[48,   770] loss: 0.481
[48,   780] loss: 0.502
[48,   790] loss: 0.455
[48,   800] loss: 0.555
[49,    10] loss: 0.520
[49,    20] loss: 0.473
[49,    30] loss: 0.592
[49,    40] loss: 0.490
[49,    50] loss: 0.455
[49,    60] loss: 0.445
[49,    70] loss: 0.486
[49,    80] loss: 0.475
[49,    90] loss: 0.486
[49,   100] loss: 0.517
[49,   110] loss: 0.476
[49,   120] loss: 0.540
[49,   130] loss: 0.485
[49,   140] loss: 0.548
[49,   150] loss: 0.461
[49,   160] loss: 0.480
[49,   170] loss: 0.493
[49,   180] loss: 0.495
[49,   190] loss: 0.436
[49,   200] loss: 0.424
[49,   210] loss: 0.429
[49,   220] loss: 0.477
[49,   230] loss: 0.499
[49,   240] loss: 0.502
[49,   250] loss: 0.388
[49,   260] loss: 0.492
[49,   270] loss: 0.448
[49,   280] loss: 0.502
[49,   290] loss: 0.480
[49,   300] loss: 0.522
[49,   310] loss: 0.442
[49,   320] loss: 0.415
[49,   330] loss: 0.500
[49,   340] loss: 0.495
[49,   350] loss: 0.463
[49,   360] loss: 0.443
[49,   370] loss: 0.384
[49,   380] loss: 0.494
[49,   390] loss: 0.475
[49,   400] loss: 0.416
[49,   410] loss: 0.472
[49,   420] loss: 0.431
[49,   430] loss: 0.456
[49,   440] loss: 0.513
[49,   450] loss: 0.468
[49,   460] loss: 0.544
[49,   470] loss: 0.482
[49,   480] loss: 0.459
[49,   490] loss: 0.460
[49,   500] loss: 0.500
[49,   510] loss: 0.479
[49,   520] loss: 0.531
[49,   530] loss: 0.545
[49,   540] loss: 0.412
[49,   550] loss: 0.483
[49,   560] loss: 0.484
[49,   570] loss: 0.495
[49,   580] loss: 0.436
[49,   590] loss: 0.409
[49,   600] loss: 0.499
[49,   610] loss: 0.502
[49,   620] loss: 0.528
[49,   630] loss: 0.525
[49,   640] loss: 0.582
[49,   650] loss: 0.532
[49,   660] loss: 0.570
[49,   670] loss: 0.493
[49,   680] loss: 0.548
[49,   690] loss: 0.458
[49,   700] loss: 0.471
[49,   710] loss: 0.445
[49,   720] loss: 0.484
[49,   730] loss: 0.497
[49,   740] loss: 0.454
[49,   750] loss: 0.487
[49,   760] loss: 0.442
[49,   770] loss: 0.483
[49,   780] loss: 0.515
[49,   790] loss: 0.509
[49,   800] loss: 0.465
[50,    10] loss: 0.436
[50,    20] loss: 0.522
[50,    30] loss: 0.499
[50,    40] loss: 0.469
[50,    50] loss: 0.462
[50,    60] loss: 0.464
[50,    70] loss: 0.533
[50,    80] loss: 0.465
[50,    90] loss: 0.471
[50,   100] loss: 0.576
[50,   110] loss: 0.537
[50,   120] loss: 0.441
[50,   130] loss: 0.545
[50,   140] loss: 0.414
[50,   150] loss: 0.512
[50,   160] loss: 0.490
[50,   170] loss: 0.454
[50,   180] loss: 0.529
[50,   190] loss: 0.479
[50,   200] loss: 0.414
[50,   210] loss: 0.445
[50,   220] loss: 0.444
[50,   230] loss: 0.424
[50,   240] loss: 0.412
[50,   250] loss: 0.515
[50,   260] loss: 0.448
[50,   270] loss: 0.464
[50,   280] loss: 0.394
[50,   290] loss: 0.514
[50,   300] loss: 0.457
[50,   310] loss: 0.486
[50,   320] loss: 0.504
[50,   330] loss: 0.443
[50,   340] loss: 0.513
[50,   350] loss: 0.412
[50,   360] loss: 0.559
[50,   370] loss: 0.501
[50,   380] loss: 0.517
[50,   390] loss: 0.537
[50,   400] loss: 0.460
[50,   410] loss: 0.605
[50,   420] loss: 0.490
[50,   430] loss: 0.482
[50,   440] loss: 0.457
[50,   450] loss: 0.545
[50,   460] loss: 0.536
[50,   470] loss: 0.474
[50,   480] loss: 0.513
[50,   490] loss: 0.541
[50,   500] loss: 0.431
[50,   510] loss: 0.447
[50,   520] loss: 0.540
[50,   530] loss: 0.441
[50,   540] loss: 0.492
[50,   550] loss: 0.533
[50,   560] loss: 0.514
[50,   570] loss: 0.470
[50,   580] loss: 0.475
[50,   590] loss: 0.426
[50,   600] loss: 0.497
[50,   610] loss: 0.528
[50,   620] loss: 0.475
[50,   630] loss: 0.434
[50,   640] loss: 0.450
[50,   650] loss: 0.393
[50,   660] loss: 0.553
[50,   670] loss: 0.510
[50,   680] loss: 0.401
[50,   690] loss: 0.455
[50,   700] loss: 0.499
[50,   710] loss: 0.453
[50,   720] loss: 0.456
[50,   730] loss: 0.528
[50,   740] loss: 0.375
[50,   750] loss: 0.426
[50,   760] loss: 0.433
[50,   770] loss: 0.462
[50,   780] loss: 0.447
[50,   790] loss: 0.485
[50,   800] loss: 0.514
Finished !!
Accuracy of the network: 59.18 %
