Collecting dill==0.3.4 (from -r requirements.txt (line 1))
  Using cached https://files.pythonhosted.org/packages/b6/c3/973676ceb86b60835bb3978c6db67a5dc06be6cfdbd14ef0f5a13e3fc9fd/dill-0.3.4-py2.py3-none-any.whl
Requirement already satisfied: laplace==0.1 in /zhome/45/c/128687/.local/lib/python3.6/site-packages (from -r requirements.txt (line 2))
Collecting matplotlib==3.4.0 (from -r requirements.txt (line 3))
Small: 0
Transform: 0
MaxPool: 1
Running GPU.
[1,    10] loss: 1.971
[1,    20] loss: 1.904
[1,    30] loss: 1.862
[1,    40] loss: 1.842
[1,    50] loss: 1.811
[1,    60] loss: 1.793
[1,    70] loss: 1.765
[1,    80] loss: 1.734
[1,    90] loss: 1.740
[1,   100] loss: 1.702
[1,   110] loss: 1.713
[1,   120] loss: 1.698
[1,   130] loss: 1.705
[1,   140] loss: 1.674
[1,   150] loss: 1.673
[1,   160] loss: 1.675
[1,   170] loss: 1.660
[1,   180] loss: 1.621
[1,   190] loss: 1.604
[1,   200] loss: 1.647
[1,   210] loss: 1.641
[1,   220] loss: 1.571
[1,   230] loss: 1.640
[1,   240] loss: 1.574
[1,   250] loss: 1.589
[1,   260] loss: 1.594
[1,   270] loss: 1.549
[1,   280] loss: 1.575
[1,   290] loss: 1.581
[1,   300] loss: 1.595
[1,   310] loss: 1.555
[1,   320] loss: 1.563
[1,   330] loss: 1.518
[1,   340] loss: 1.592
[1,   350] loss: 1.577
[1,   360] loss: 1.565
[1,   370] loss: 1.539
[1,   380] loss: 1.519
[1,   390] loss: 1.549
[1,   400] loss: 1.540
VALIDATION loss: 1.5378135442733765
[2,    10] loss: 1.554
[2,    20] loss: 1.475
[2,    30] loss: 1.564
[2,    40] loss: 1.476
[2,    50] loss: 1.565
[2,    60] loss: 1.486
[2,    70] loss: 1.476
[2,    80] loss: 1.493
[2,    90] loss: 1.490
[2,   100] loss: 1.507
[2,   110] loss: 1.495
[2,   120] loss: 1.466
[2,   130] loss: 1.479
[2,   140] loss: 1.497
[2,   150] loss: 1.469
[2,   160] loss: 1.509
[2,   170] loss: 1.438
[2,   180] loss: 1.403
[2,   190] loss: 1.471
[2,   200] loss: 1.466
[2,   210] loss: 1.480
[2,   220] loss: 1.430
[2,   230] loss: 1.413
[2,   240] loss: 1.392
[2,   250] loss: 1.399
[2,   260] loss: 1.461
[2,   270] loss: 1.444
[2,   280] loss: 1.417
[2,   290] loss: 1.415
[2,   300] loss: 1.382
[2,   310] loss: 1.415
[2,   320] loss: 1.454
[2,   330] loss: 1.518
[2,   340] loss: 1.419
[2,   350] loss: 1.439
[2,   360] loss: 1.423
[2,   370] loss: 1.408
[2,   380] loss: 1.440
[2,   390] loss: 1.359
[2,   400] loss: 1.414
VALIDATION loss: 1.3694945573806763
[3,    10] loss: 1.411
[3,    20] loss: 1.388
[3,    30] loss: 1.428
[3,    40] loss: 1.460
[3,    50] loss: 1.357
[3,    60] loss: 1.352
[3,    70] loss: 1.371
[3,    80] loss: 1.366
[3,    90] loss: 1.447
[3,   100] loss: 1.359
[3,   110] loss: 1.331
[3,   120] loss: 1.366
[3,   130] loss: 1.406
[3,   140] loss: 1.386
[3,   150] loss: 1.315
[3,   160] loss: 1.352
[3,   170] loss: 1.296
[3,   180] loss: 1.427
[3,   190] loss: 1.356
[3,   200] loss: 1.357
[3,   210] loss: 1.389
[3,   220] loss: 1.347
[3,   230] loss: 1.314
[3,   240] loss: 1.397
[3,   250] loss: 1.338
[3,   260] loss: 1.338
[3,   270] loss: 1.331
[3,   280] loss: 1.346
[3,   290] loss: 1.350
[3,   300] loss: 1.280
[3,   310] loss: 1.364
[3,   320] loss: 1.270
[3,   330] loss: 1.342
[3,   340] loss: 1.298
[3,   350] loss: 1.323
[3,   360] loss: 1.362
[3,   370] loss: 1.317
[3,   380] loss: 1.308
[3,   390] loss: 1.346
[3,   400] loss: 1.313
VALIDATION loss: 1.3060743808746338
[4,    10] loss: 1.336
[4,    20] loss: 1.280
[4,    30] loss: 1.291
[4,    40] loss: 1.346
[4,    50] loss: 1.316
[4,    60] loss: 1.314
[4,    70] loss: 1.293
[4,    80] loss: 1.225
[4,    90] loss: 1.270
[4,   100] loss: 1.308
[4,   110] loss: 1.271
[4,   120] loss: 1.296
[4,   130] loss: 1.313
[4,   140] loss: 1.286
[4,   150] loss: 1.297
[4,   160] loss: 1.323
[4,   170] loss: 1.302
[4,   180] loss: 1.295
[4,   190] loss: 1.268
[4,   200] loss: 1.280
[4,   210] loss: 1.284
[4,   220] loss: 1.265
[4,   230] loss: 1.230
[4,   240] loss: 1.319
[4,   250] loss: 1.242
[4,   260] loss: 1.182
[4,   270] loss: 1.241
[4,   280] loss: 1.280
[4,   290] loss: 1.220
[4,   300] loss: 1.209
[4,   310] loss: 1.279
[4,   320] loss: 1.244
[4,   330] loss: 1.193
[4,   340] loss: 1.265
[4,   350] loss: 1.261
[4,   360] loss: 1.270
[4,   370] loss: 1.311
[4,   380] loss: 1.270
[4,   390] loss: 1.227
[4,   400] loss: 1.187
VALIDATION loss: 1.2012473344802856
[5,    10] loss: 1.249
[5,    20] loss: 1.230
[5,    30] loss: 1.257
[5,    40] loss: 1.195
[5,    50] loss: 1.242
[5,    60] loss: 1.193
[5,    70] loss: 1.153
[5,    80] loss: 1.230
[5,    90] loss: 1.220
[5,   100] loss: 1.223
[5,   110] loss: 1.195
[5,   120] loss: 1.177
[5,   130] loss: 1.238
[5,   140] loss: 1.247
[5,   150] loss: 1.222
[5,   160] loss: 1.200
[5,   170] loss: 1.205
[5,   180] loss: 1.217
[5,   190] loss: 1.157
[5,   200] loss: 1.214
[5,   210] loss: 1.200
[5,   220] loss: 1.150
[5,   230] loss: 1.263
[5,   240] loss: 1.163
[5,   250] loss: 1.198
[5,   260] loss: 1.234
[5,   270] loss: 1.221
[5,   280] loss: 1.163
[5,   290] loss: 1.130
[5,   300] loss: 1.187
[5,   310] loss: 1.183
[5,   320] loss: 1.190
[5,   330] loss: 1.149
[5,   340] loss: 1.134
[5,   350] loss: 1.191
[5,   360] loss: 1.172
[5,   370] loss: 1.110
[5,   380] loss: 1.139
[5,   390] loss: 1.213
[5,   400] loss: 1.113
VALIDATION loss: 1.593155860900879
[6,    10] loss: 1.102
[6,    20] loss: 1.167
[6,    30] loss: 1.074
[6,    40] loss: 1.175
[6,    50] loss: 1.152
[6,    60] loss: 1.126
[6,    70] loss: 1.125
[6,    80] loss: 1.115
[6,    90] loss: 1.159
[6,   100] loss: 1.128
[6,   110] loss: 1.164
[6,   120] loss: 1.133
[6,   130] loss: 1.163
[6,   140] loss: 1.170
[6,   150] loss: 1.148
[6,   160] loss: 1.118
[6,   170] loss: 1.120
[6,   180] loss: 1.138
[6,   190] loss: 1.114
[6,   200] loss: 1.105
[6,   210] loss: 1.140
[6,   220] loss: 1.105
[6,   230] loss: 1.107
[6,   240] loss: 1.096
[6,   250] loss: 1.147
[6,   260] loss: 1.148
[6,   270] loss: 1.148
[6,   280] loss: 1.088
[6,   290] loss: 1.124
[6,   300] loss: 1.123
[6,   310] loss: 1.170
[6,   320] loss: 1.125
[6,   330] loss: 1.112
[6,   340] loss: 1.079
[6,   350] loss: 1.115
[6,   360] loss: 1.149
[6,   370] loss: 1.072
[6,   380] loss: 1.071
[6,   390] loss: 1.152
[6,   400] loss: 1.134
VALIDATION loss: 1.3027477264404297
[7,    10] loss: 1.091
[7,    20] loss: 1.100
[7,    30] loss: 1.052
[7,    40] loss: 1.107
[7,    50] loss: 1.040
[7,    60] loss: 1.073
[7,    70] loss: 1.093
[7,    80] loss: 1.078
[7,    90] loss: 1.070
[7,   100] loss: 1.100
[7,   110] loss: 1.046
[7,   120] loss: 1.027
[7,   130] loss: 1.098
[7,   140] loss: 1.104
[7,   150] loss: 1.082
[7,   160] loss: 1.072
[7,   170] loss: 1.046
[7,   180] loss: 1.052
[7,   190] loss: 1.024
[7,   200] loss: 1.121
[7,   210] loss: 1.023
[7,   220] loss: 1.129
[7,   230] loss: 1.043
[7,   240] loss: 1.084
[7,   250] loss: 1.059
[7,   260] loss: 1.083
[7,   270] loss: 1.069
[7,   280] loss: 1.004
[7,   290] loss: 1.052
[7,   300] loss: 1.102
[7,   310] loss: 1.058
[7,   320] loss: 1.054
[7,   330] loss: 1.038
[7,   340] loss: 1.050
[7,   350] loss: 1.077
[7,   360] loss: 1.040
[7,   370] loss: 1.082
[7,   380] loss: 1.015
[7,   390] loss: 1.008
[7,   400] loss: 1.064
VALIDATION loss: 1.078283429145813
[8,    10] loss: 1.044
[8,    20] loss: 1.031
[8,    30] loss: 1.108
[8,    40] loss: 1.031
[8,    50] loss: 1.000
[8,    60] loss: 1.003
[8,    70] loss: 1.079
[8,    80] loss: 1.012
[8,    90] loss: 1.006
[8,   100] loss: 1.011
[8,   110] loss: 0.990
[8,   120] loss: 1.001
[8,   130] loss: 1.012
[8,   140] loss: 1.045
[8,   150] loss: 1.039
[8,   160] loss: 1.051
[8,   170] loss: 1.034
[8,   180] loss: 1.013
[8,   190] loss: 0.972
[8,   200] loss: 1.064
[8,   210] loss: 1.001
[8,   220] loss: 1.030
[8,   230] loss: 0.948
[8,   240] loss: 1.073
[8,   250] loss: 0.981
[8,   260] loss: 1.006
[8,   270] loss: 1.039
[8,   280] loss: 0.962
[8,   290] loss: 0.938
[8,   300] loss: 0.985
[8,   310] loss: 1.032
[8,   320] loss: 1.044
[8,   330] loss: 1.023
[8,   340] loss: 1.006
[8,   350] loss: 0.966
[8,   360] loss: 0.987
[8,   370] loss: 1.001
[8,   380] loss: 0.972
[8,   390] loss: 0.987
[8,   400] loss: 0.976
VALIDATION loss: 1.2352317571640015
[9,    10] loss: 0.982
[9,    20] loss: 0.979
[9,    30] loss: 0.970
[9,    40] loss: 0.928
[9,    50] loss: 1.016
[9,    60] loss: 0.947
[9,    70] loss: 1.013
[9,    80] loss: 0.998
[9,    90] loss: 0.978
[9,   100] loss: 0.998
[9,   110] loss: 0.935
[9,   120] loss: 0.949
[9,   130] loss: 0.937
[9,   140] loss: 0.997
[9,   150] loss: 0.936
[9,   160] loss: 0.934
[9,   170] loss: 0.936
[9,   180] loss: 0.982
[9,   190] loss: 1.009
[9,   200] loss: 0.957
[9,   210] loss: 0.965
[9,   220] loss: 0.968
[9,   230] loss: 1.053
[9,   240] loss: 0.911
[9,   250] loss: 0.989
[9,   260] loss: 0.959
[9,   270] loss: 0.963
[9,   280] loss: 0.981
[9,   290] loss: 0.932
[9,   300] loss: 0.999
[9,   310] loss: 0.916
[9,   320] loss: 0.992
[9,   330] loss: 0.933
[9,   340] loss: 1.004
[9,   350] loss: 0.916
[9,   360] loss: 0.898
[9,   370] loss: 0.936
[9,   380] loss: 0.999
[9,   390] loss: 0.985
[9,   400] loss: 0.894
VALIDATION loss: 1.1678491830825806
[10,    10] loss: 0.998
[10,    20] loss: 0.970
[10,    30] loss: 0.951
[10,    40] loss: 0.995
[10,    50] loss: 0.918
[10,    60] loss: 0.909
[10,    70] loss: 0.895
[10,    80] loss: 0.904
[10,    90] loss: 0.977
[10,   100] loss: 0.943
[10,   110] loss: 0.888
[10,   120] loss: 0.960
[10,   130] loss: 0.910
[10,   140] loss: 0.858
[10,   150] loss: 0.896
[10,   160] loss: 0.934
[10,   170] loss: 0.910
[10,   180] loss: 0.948
[10,   190] loss: 0.948
[10,   200] loss: 0.961
[10,   210] loss: 0.885
[10,   220] loss: 0.916
[10,   230] loss: 0.889
[10,   240] loss: 0.895
[10,   250] loss: 0.926
[10,   260] loss: 0.866
[10,   270] loss: 0.964
[10,   280] loss: 0.893
[10,   290] loss: 0.897
[10,   300] loss: 0.896
[10,   310] loss: 0.887
[10,   320] loss: 0.907
[10,   330] loss: 0.927
[10,   340] loss: 0.893
[10,   350] loss: 0.882
[10,   360] loss: 0.934
[10,   370] loss: 0.817
[10,   380] loss: 0.973
[10,   390] loss: 0.960
[10,   400] loss: 0.912
VALIDATION loss: 1.04879629611969
[11,    10] loss: 0.861
[11,    20] loss: 0.973
[11,    30] loss: 0.808
[11,    40] loss: 0.855
[11,    50] loss: 0.872
[11,    60] loss: 0.925
[11,    70] loss: 0.856
[11,    80] loss: 0.845
[11,    90] loss: 0.907
[11,   100] loss: 0.919
[11,   110] loss: 0.845
[11,   120] loss: 0.900
[11,   130] loss: 0.931
[11,   140] loss: 0.889
[11,   150] loss: 0.916
[11,   160] loss: 0.867
[11,   170] loss: 0.867
[11,   180] loss: 0.880
[11,   190] loss: 0.853
[11,   200] loss: 0.885
[11,   210] loss: 0.895
[11,   220] loss: 0.937
[11,   230] loss: 0.920
[11,   240] loss: 0.786
[11,   250] loss: 0.878
[11,   260] loss: 0.895
[11,   270] loss: 0.891
[11,   280] loss: 0.971
[11,   290] loss: 0.868
[11,   300] loss: 0.884
[11,   310] loss: 0.865
[11,   320] loss: 0.878
[11,   330] loss: 0.842
[11,   340] loss: 0.788
[11,   350] loss: 0.875
[11,   360] loss: 0.929
[11,   370] loss: 0.817
[11,   380] loss: 0.806
[11,   390] loss: 0.891
[11,   400] loss: 0.855
VALIDATION loss: 1.1495095491409302
[12,    10] loss: 0.887
[12,    20] loss: 0.868
[12,    30] loss: 0.840
[12,    40] loss: 0.872
[12,    50] loss: 0.870
[12,    60] loss: 0.907
[12,    70] loss: 0.933
[12,    80] loss: 0.863
[12,    90] loss: 0.814
[12,   100] loss: 0.868
[12,   110] loss: 0.876
[12,   120] loss: 0.828
[12,   130] loss: 0.866
[12,   140] loss: 0.841
[12,   150] loss: 0.820
[12,   160] loss: 0.806
[12,   170] loss: 0.831
[12,   180] loss: 0.829
[12,   190] loss: 0.894
[12,   200] loss: 0.859
[12,   210] loss: 0.850
[12,   220] loss: 0.822
[12,   230] loss: 0.797
[12,   240] loss: 0.877
[12,   250] loss: 0.850
[12,   260] loss: 0.895
[12,   270] loss: 0.858
[12,   280] loss: 0.790
[12,   290] loss: 0.768
[12,   300] loss: 0.783
[12,   310] loss: 0.837
[12,   320] loss: 0.883
[12,   330] loss: 0.898
[12,   340] loss: 0.752
[12,   350] loss: 0.839
[12,   360] loss: 0.825
[12,   370] loss: 0.796
[12,   380] loss: 0.833
[12,   390] loss: 0.760
[12,   400] loss: 0.819
VALIDATION loss: 2.745684862136841
[13,    10] loss: 0.863
[13,    20] loss: 0.814
[13,    30] loss: 0.830
[13,    40] loss: 0.840
[13,    50] loss: 0.717
[13,    60] loss: 0.809
[13,    70] loss: 0.785
[13,    80] loss: 0.824
[13,    90] loss: 0.809
[13,   100] loss: 0.850
[13,   110] loss: 0.786
[13,   120] loss: 0.819
[13,   130] loss: 0.807
[13,   140] loss: 0.811
[13,   150] loss: 0.821
[13,   160] loss: 0.738
[13,   170] loss: 0.839
[13,   180] loss: 0.840
[13,   190] loss: 0.796
[13,   200] loss: 0.797
[13,   210] loss: 0.772
[13,   220] loss: 0.793
[13,   230] loss: 0.803
[13,   240] loss: 0.841
[13,   250] loss: 0.769
[13,   260] loss: 0.859
[13,   270] loss: 0.771
[13,   280] loss: 0.861
[13,   290] loss: 0.810
[13,   300] loss: 0.784
[13,   310] loss: 0.856
[13,   320] loss: 0.807
[13,   330] loss: 0.788
[13,   340] loss: 0.804
[13,   350] loss: 0.802
[13,   360] loss: 0.808
[13,   370] loss: 0.774
[13,   380] loss: 0.865
[13,   390] loss: 0.803
[13,   400] loss: 0.809
VALIDATION loss: 1.3506393432617188
[14,    10] loss: 0.818
[14,    20] loss: 0.762
[14,    30] loss: 0.788
[14,    40] loss: 0.808
[14,    50] loss: 0.740
[14,    60] loss: 0.849
[14,    70] loss: 0.751
[14,    80] loss: 0.822
[14,    90] loss: 0.781
[14,   100] loss: 0.761
[14,   110] loss: 0.760
[14,   120] loss: 0.801
[14,   130] loss: 0.771
[14,   140] loss: 0.754
[14,   150] loss: 0.836
[14,   160] loss: 0.685
[14,   170] loss: 0.798
[14,   180] loss: 0.763
[14,   190] loss: 0.740
[14,   200] loss: 0.839
[14,   210] loss: 0.839
[14,   220] loss: 0.824
[14,   230] loss: 0.742
[14,   240] loss: 0.753
[14,   250] loss: 0.763
[14,   260] loss: 0.743
[14,   270] loss: 0.744
[14,   280] loss: 0.746
[14,   290] loss: 0.731
[14,   300] loss: 0.731
[14,   310] loss: 0.824
[14,   320] loss: 0.832
[14,   330] loss: 0.774
[14,   340] loss: 0.815
[14,   350] loss: 0.791
[14,   360] loss: 0.766
[14,   370] loss: 0.799
[14,   380] loss: 0.743
[14,   390] loss: 0.818
[14,   400] loss: 0.819
VALIDATION loss: 1.1189806461334229
[15,    10] loss: 0.820
[15,    20] loss: 0.754
[15,    30] loss: 0.689
[15,    40] loss: 0.812
[15,    50] loss: 0.772
[15,    60] loss: 0.810
[15,    70] loss: 0.803
[15,    80] loss: 0.808
[15,    90] loss: 0.679
[15,   100] loss: 0.796
[15,   110] loss: 0.723
[15,   120] loss: 0.775
[15,   130] loss: 0.734
[15,   140] loss: 0.685
[15,   150] loss: 0.705
[15,   160] loss: 0.736
[15,   170] loss: 0.734
[15,   180] loss: 0.789
[15,   190] loss: 0.721
[15,   200] loss: 0.750
[15,   210] loss: 0.706
[15,   220] loss: 0.723
[15,   230] loss: 0.758
[15,   240] loss: 0.762
[15,   250] loss: 0.780
[15,   260] loss: 0.788
[15,   270] loss: 0.779
[15,   280] loss: 0.759
[15,   290] loss: 0.755
[15,   300] loss: 0.770
[15,   310] loss: 0.778
[15,   320] loss: 0.776
[15,   330] loss: 0.785
[15,   340] loss: 0.773
[15,   350] loss: 0.721
[15,   360] loss: 0.730
[15,   370] loss: 0.735
[15,   380] loss: 0.712
[15,   390] loss: 0.781
[15,   400] loss: 0.737
VALIDATION loss: 0.7273654937744141
Finished !!
