Collecting dill==0.3.4 (from -r requirements.txt (line 1))
  Using cached https://files.pythonhosted.org/packages/b6/c3/973676ceb86b60835bb3978c6db67a5dc06be6cfdbd14ef0f5a13e3fc9fd/dill-0.3.4-py2.py3-none-any.whl
Requirement already satisfied: laplace==0.1 in /zhome/45/c/128687/.local/lib/python3.6/site-packages (from -r requirements.txt (line 2))
Collecting matplotlib==3.4.0 (from -r requirements.txt (line 3))
Small: 0
Transform: 0
MaxPool: 0
Running GPU.
[1,    10] loss: 1.927
[1,    20] loss: 1.896
[1,    30] loss: 1.847
[1,    40] loss: 1.842
[1,    50] loss: 1.848
[1,    60] loss: 1.804
[1,    70] loss: 1.793
[1,    80] loss: 1.768
[1,    90] loss: 1.742
[1,   100] loss: 1.742
[1,   110] loss: 1.762
[1,   120] loss: 1.737
[1,   130] loss: 1.721
[1,   140] loss: 1.706
[1,   150] loss: 1.732
[1,   160] loss: 1.704
[1,   170] loss: 1.713
[1,   180] loss: 1.731
[1,   190] loss: 1.695
[1,   200] loss: 1.663
[1,   210] loss: 1.664
[1,   220] loss: 1.667
[1,   230] loss: 1.676
[1,   240] loss: 1.629
[1,   250] loss: 1.659
[1,   260] loss: 1.641
[1,   270] loss: 1.672
[1,   280] loss: 1.646
[1,   290] loss: 1.652
[1,   300] loss: 1.626
[1,   310] loss: 1.599
[1,   320] loss: 1.591
[1,   330] loss: 1.594
[1,   340] loss: 1.649
[1,   350] loss: 1.659
[1,   360] loss: 1.603
[1,   370] loss: 1.638
[1,   380] loss: 1.587
[1,   390] loss: 1.609
[1,   400] loss: 1.649
VALIDATION loss: 1.554647445678711
[2,    10] loss: 1.588
[2,    20] loss: 1.604
[2,    30] loss: 1.582
[2,    40] loss: 1.567
[2,    50] loss: 1.594
[2,    60] loss: 1.566
[2,    70] loss: 1.584
[2,    80] loss: 1.560
[2,    90] loss: 1.556
[2,   100] loss: 1.509
[2,   110] loss: 1.597
[2,   120] loss: 1.604
[2,   130] loss: 1.560
[2,   140] loss: 1.538
[2,   150] loss: 1.561
[2,   160] loss: 1.529
[2,   170] loss: 1.588
[2,   180] loss: 1.536
[2,   190] loss: 1.515
[2,   200] loss: 1.444
[2,   210] loss: 1.524
[2,   220] loss: 1.502
[2,   230] loss: 1.461
[2,   240] loss: 1.478
[2,   250] loss: 1.558
[2,   260] loss: 1.535
[2,   270] loss: 1.529
[2,   280] loss: 1.509
[2,   290] loss: 1.533
[2,   300] loss: 1.518
[2,   310] loss: 1.473
[2,   320] loss: 1.510
[2,   330] loss: 1.496
[2,   340] loss: 1.481
[2,   350] loss: 1.487
[2,   360] loss: 1.451
[2,   370] loss: 1.492
[2,   380] loss: 1.460
[2,   390] loss: 1.494
[2,   400] loss: 1.482
VALIDATION loss: 1.4626450538635254
[3,    10] loss: 1.463
[3,    20] loss: 1.455
[3,    30] loss: 1.448
[3,    40] loss: 1.427
[3,    50] loss: 1.461
[3,    60] loss: 1.487
[3,    70] loss: 1.459
[3,    80] loss: 1.497
[3,    90] loss: 1.452
[3,   100] loss: 1.453
[3,   110] loss: 1.460
[3,   120] loss: 1.415
[3,   130] loss: 1.477
[3,   140] loss: 1.440
[3,   150] loss: 1.420
[3,   160] loss: 1.408
[3,   170] loss: 1.462
[3,   180] loss: 1.417
[3,   190] loss: 1.428
[3,   200] loss: 1.504
[3,   210] loss: 1.431
[3,   220] loss: 1.417
[3,   230] loss: 1.400
[3,   240] loss: 1.440
[3,   250] loss: 1.461
[3,   260] loss: 1.401
[3,   270] loss: 1.410
[3,   280] loss: 1.346
[3,   290] loss: 1.379
[3,   300] loss: 1.405
[3,   310] loss: 1.397
[3,   320] loss: 1.370
[3,   330] loss: 1.431
[3,   340] loss: 1.401
[3,   350] loss: 1.403
[3,   360] loss: 1.397
[3,   370] loss: 1.441
[3,   380] loss: 1.400
[3,   390] loss: 1.395
[3,   400] loss: 1.346
VALIDATION loss: 1.334588646888733
[4,    10] loss: 1.367
[4,    20] loss: 1.388
[4,    30] loss: 1.322
[4,    40] loss: 1.365
[4,    50] loss: 1.322
[4,    60] loss: 1.388
[4,    70] loss: 1.358
[4,    80] loss: 1.354
[4,    90] loss: 1.387
[4,   100] loss: 1.375
[4,   110] loss: 1.343
[4,   120] loss: 1.348
[4,   130] loss: 1.405
[4,   140] loss: 1.369
[4,   150] loss: 1.394
[4,   160] loss: 1.351
[4,   170] loss: 1.371
[4,   180] loss: 1.327
[4,   190] loss: 1.366
[4,   200] loss: 1.328
[4,   210] loss: 1.367
[4,   220] loss: 1.391
[4,   230] loss: 1.342
[4,   240] loss: 1.389
[4,   250] loss: 1.322
[4,   260] loss: 1.383
[4,   270] loss: 1.332
[4,   280] loss: 1.409
[4,   290] loss: 1.302
[4,   300] loss: 1.368
[4,   310] loss: 1.349
[4,   320] loss: 1.307
[4,   330] loss: 1.333
[4,   340] loss: 1.369
[4,   350] loss: 1.335
[4,   360] loss: 1.301
[4,   370] loss: 1.364
[4,   380] loss: 1.365
[4,   390] loss: 1.310
[4,   400] loss: 1.324
VALIDATION loss: 1.2968809604644775
[5,    10] loss: 1.325
[5,    20] loss: 1.273
[5,    30] loss: 1.305
[5,    40] loss: 1.329
[5,    50] loss: 1.322
[5,    60] loss: 1.365
[5,    70] loss: 1.274
[5,    80] loss: 1.298
[5,    90] loss: 1.329
[5,   100] loss: 1.320
[5,   110] loss: 1.314
[5,   120] loss: 1.303
[5,   130] loss: 1.313
[5,   140] loss: 1.306
[5,   150] loss: 1.278
[5,   160] loss: 1.327
[5,   170] loss: 1.296
[5,   180] loss: 1.298
[5,   190] loss: 1.301
[5,   200] loss: 1.261
[5,   210] loss: 1.304
[5,   220] loss: 1.313
[5,   230] loss: 1.294
[5,   240] loss: 1.306
[5,   250] loss: 1.287
[5,   260] loss: 1.327
[5,   270] loss: 1.344
[5,   280] loss: 1.263
[5,   290] loss: 1.326
[5,   300] loss: 1.244
[5,   310] loss: 1.288
[5,   320] loss: 1.252
[5,   330] loss: 1.332
[5,   340] loss: 1.326
[5,   350] loss: 1.321
[5,   360] loss: 1.263
[5,   370] loss: 1.329
[5,   380] loss: 1.304
[5,   390] loss: 1.320
[5,   400] loss: 1.264
VALIDATION loss: 1.2376084327697754
[6,    10] loss: 1.272
[6,    20] loss: 1.255
[6,    30] loss: 1.252
[6,    40] loss: 1.259
[6,    50] loss: 1.283
[6,    60] loss: 1.293
[6,    70] loss: 1.304
[6,    80] loss: 1.263
[6,    90] loss: 1.218
[6,   100] loss: 1.303
[6,   110] loss: 1.204
[6,   120] loss: 1.274
[6,   130] loss: 1.249
[6,   140] loss: 1.284
[6,   150] loss: 1.273
[6,   160] loss: 1.327
[6,   170] loss: 1.255
[6,   180] loss: 1.248
[6,   190] loss: 1.290
[6,   200] loss: 1.263
[6,   210] loss: 1.182
[6,   220] loss: 1.262
[6,   230] loss: 1.248
[6,   240] loss: 1.219
[6,   250] loss: 1.239
[6,   260] loss: 1.257
[6,   270] loss: 1.314
[6,   280] loss: 1.269
[6,   290] loss: 1.220
[6,   300] loss: 1.237
[6,   310] loss: 1.205
[6,   320] loss: 1.291
[6,   330] loss: 1.251
[6,   340] loss: 1.287
[6,   350] loss: 1.302
[6,   360] loss: 1.195
[6,   370] loss: 1.242
[6,   380] loss: 1.230
[6,   390] loss: 1.238
[6,   400] loss: 1.278
VALIDATION loss: 1.1928855180740356
[7,    10] loss: 1.187
[7,    20] loss: 1.248
[7,    30] loss: 1.230
[7,    40] loss: 1.265
[7,    50] loss: 1.298
[7,    60] loss: 1.255
[7,    70] loss: 1.264
[7,    80] loss: 1.257
[7,    90] loss: 1.185
[7,   100] loss: 1.234
[7,   110] loss: 1.196
[7,   120] loss: 1.250
[7,   130] loss: 1.246
[7,   140] loss: 1.147
[7,   150] loss: 1.208
[7,   160] loss: 1.241
[7,   170] loss: 1.228
[7,   180] loss: 1.235
[7,   190] loss: 1.154
[7,   200] loss: 1.252
[7,   210] loss: 1.176
[7,   220] loss: 1.231
[7,   230] loss: 1.266
[7,   240] loss: 1.303
[7,   250] loss: 1.213
[7,   260] loss: 1.195
[7,   270] loss: 1.230
[7,   280] loss: 1.241
[7,   290] loss: 1.251
[7,   300] loss: 1.187
[7,   310] loss: 1.126
[7,   320] loss: 1.222
[7,   330] loss: 1.157
[7,   340] loss: 1.195
[7,   350] loss: 1.162
[7,   360] loss: 1.208
[7,   370] loss: 1.253
[7,   380] loss: 1.184
[7,   390] loss: 1.205
[7,   400] loss: 1.190
VALIDATION loss: 1.2085531949996948
[8,    10] loss: 1.183
[8,    20] loss: 1.210
[8,    30] loss: 1.213
[8,    40] loss: 1.213
[8,    50] loss: 1.169
[8,    60] loss: 1.218
[8,    70] loss: 1.200
[8,    80] loss: 1.231
[8,    90] loss: 1.228
[8,   100] loss: 1.232
[8,   110] loss: 1.203
[8,   120] loss: 1.161
[8,   130] loss: 1.174
[8,   140] loss: 1.163
[8,   150] loss: 1.174
[8,   160] loss: 1.217
[8,   170] loss: 1.129
[8,   180] loss: 1.188
[8,   190] loss: 1.222
[8,   200] loss: 1.212
[8,   210] loss: 1.153
[8,   220] loss: 1.199
[8,   230] loss: 1.135
[8,   240] loss: 1.126
[8,   250] loss: 1.158
[8,   260] loss: 1.169
[8,   270] loss: 1.182
[8,   280] loss: 1.188
[8,   290] loss: 1.166
[8,   300] loss: 1.160
[8,   310] loss: 1.118
[8,   320] loss: 1.130
[8,   330] loss: 1.225
[8,   340] loss: 1.167
[8,   350] loss: 1.175
[8,   360] loss: 1.135
[8,   370] loss: 1.102
[8,   380] loss: 1.167
[8,   390] loss: 1.136
[8,   400] loss: 1.145
VALIDATION loss: 1.114009976387024
[9,    10] loss: 1.156
[9,    20] loss: 1.154
[9,    30] loss: 1.195
[9,    40] loss: 1.085
[9,    50] loss: 1.171
[9,    60] loss: 1.134
[9,    70] loss: 1.092
[9,    80] loss: 1.115
[9,    90] loss: 1.143
[9,   100] loss: 1.137
[9,   110] loss: 1.146
[9,   120] loss: 1.098
[9,   130] loss: 1.131
[9,   140] loss: 1.113
[9,   150] loss: 1.121
[9,   160] loss: 1.146
[9,   170] loss: 1.180
[9,   180] loss: 1.118
[9,   190] loss: 1.169
[9,   200] loss: 1.123
[9,   210] loss: 1.141
[9,   220] loss: 1.165
[9,   230] loss: 1.163
[9,   240] loss: 1.123
[9,   250] loss: 1.134
[9,   260] loss: 1.097
[9,   270] loss: 1.099
[9,   280] loss: 1.143
[9,   290] loss: 1.162
[9,   300] loss: 1.131
[9,   310] loss: 1.109
[9,   320] loss: 1.126
[9,   330] loss: 1.131
[9,   340] loss: 1.076
[9,   350] loss: 1.139
[9,   360] loss: 1.080
[9,   370] loss: 1.123
[9,   380] loss: 1.129
[9,   390] loss: 1.105
[9,   400] loss: 1.134
VALIDATION loss: 1.0757369995117188
[10,    10] loss: 1.109
[10,    20] loss: 1.056
[10,    30] loss: 1.068
[10,    40] loss: 1.072
[10,    50] loss: 1.128
[10,    60] loss: 1.136
[10,    70] loss: 1.050
[10,    80] loss: 1.172
[10,    90] loss: 1.125
[10,   100] loss: 1.051
[10,   110] loss: 1.042
[10,   120] loss: 1.072
[10,   130] loss: 1.089
[10,   140] loss: 1.086
[10,   150] loss: 1.067
[10,   160] loss: 1.097
[10,   170] loss: 1.064
[10,   180] loss: 1.103
[10,   190] loss: 1.073
[10,   200] loss: 1.149
[10,   210] loss: 1.064
[10,   220] loss: 1.123
[10,   230] loss: 1.050
[10,   240] loss: 1.073
[10,   250] loss: 1.053
[10,   260] loss: 1.112
[10,   270] loss: 1.091
[10,   280] loss: 1.156
[10,   290] loss: 1.088
[10,   300] loss: 1.060
[10,   310] loss: 1.081
[10,   320] loss: 1.070
[10,   330] loss: 1.102
[10,   340] loss: 1.073
[10,   350] loss: 1.042
[10,   360] loss: 1.076
[10,   370] loss: 1.081
[10,   380] loss: 1.122
[10,   390] loss: 1.086
[10,   400] loss: 1.096
VALIDATION loss: 1.141689658164978
[11,    10] loss: 1.032
[11,    20] loss: 1.033
[11,    30] loss: 1.061
[11,    40] loss: 1.054
[11,    50] loss: 1.022
[11,    60] loss: 1.097
[11,    70] loss: 1.118
[11,    80] loss: 1.065
[11,    90] loss: 1.055
[11,   100] loss: 1.050
[11,   110] loss: 1.019
[11,   120] loss: 1.045
[11,   130] loss: 1.088
[11,   140] loss: 1.077
[11,   150] loss: 1.037
[11,   160] loss: 1.069
[11,   170] loss: 1.039
[11,   180] loss: 1.083
[11,   190] loss: 1.070
[11,   200] loss: 1.040
[11,   210] loss: 1.032
[11,   220] loss: 1.039
[11,   230] loss: 1.026
[11,   240] loss: 1.056
[11,   250] loss: 1.102
[11,   260] loss: 1.075
[11,   270] loss: 0.997
[11,   280] loss: 1.044
[11,   290] loss: 1.003
[11,   300] loss: 1.074
[11,   310] loss: 1.025
[11,   320] loss: 1.041
[11,   330] loss: 1.040
[11,   340] loss: 0.999
[11,   350] loss: 1.047
[11,   360] loss: 1.053
[11,   370] loss: 1.049
[11,   380] loss: 1.038
[11,   390] loss: 1.067
[11,   400] loss: 1.016
VALIDATION loss: 1.0408759117126465
[12,    10] loss: 1.047
[12,    20] loss: 1.026
[12,    30] loss: 1.031
[12,    40] loss: 1.026
[12,    50] loss: 0.997
[12,    60] loss: 0.982
[12,    70] loss: 0.987
[12,    80] loss: 1.035
[12,    90] loss: 1.014
[12,   100] loss: 1.018
[12,   110] loss: 1.016
[12,   120] loss: 1.009
[12,   130] loss: 1.044
[12,   140] loss: 1.040
[12,   150] loss: 1.079
[12,   160] loss: 1.031
[12,   170] loss: 0.989
[12,   180] loss: 1.037
[12,   190] loss: 0.962
[12,   200] loss: 1.014
[12,   210] loss: 1.082
[12,   220] loss: 1.015
[12,   230] loss: 0.970
[12,   240] loss: 0.953
[12,   250] loss: 0.999
[12,   260] loss: 1.009
[12,   270] loss: 0.982
[12,   280] loss: 0.987
[12,   290] loss: 0.955
[12,   300] loss: 0.977
[12,   310] loss: 1.024
[12,   320] loss: 0.981
[12,   330] loss: 1.008
[12,   340] loss: 1.010
[12,   350] loss: 1.054
[12,   360] loss: 1.024
[12,   370] loss: 0.928
[12,   380] loss: 1.002
[12,   390] loss: 1.007
[12,   400] loss: 1.029
VALIDATION loss: 0.9601144194602966
[13,    10] loss: 0.997
[13,    20] loss: 0.956
[13,    30] loss: 1.075
[13,    40] loss: 0.983
[13,    50] loss: 1.018
[13,    60] loss: 0.955
[13,    70] loss: 0.968
[13,    80] loss: 1.025
[13,    90] loss: 0.990
[13,   100] loss: 0.958
[13,   110] loss: 1.007
[13,   120] loss: 1.004
[13,   130] loss: 0.981
[13,   140] loss: 1.012
[13,   150] loss: 0.964
[13,   160] loss: 0.958
[13,   170] loss: 1.011
[13,   180] loss: 0.961
[13,   190] loss: 1.018
[13,   200] loss: 0.964
[13,   210] loss: 0.992
[13,   220] loss: 0.932
[13,   230] loss: 0.949
[13,   240] loss: 0.961
[13,   250] loss: 0.958
[13,   260] loss: 0.986
[13,   270] loss: 1.005
[13,   280] loss: 0.975
[13,   290] loss: 0.957
[13,   300] loss: 0.972
[13,   310] loss: 1.027
[13,   320] loss: 1.006
[13,   330] loss: 0.963
[13,   340] loss: 0.954
[13,   350] loss: 0.971
[13,   360] loss: 0.919
[13,   370] loss: 0.954
[13,   380] loss: 0.921
[13,   390] loss: 0.995
[13,   400] loss: 0.965
VALIDATION loss: 0.9713552594184875
[14,    10] loss: 0.932
[14,    20] loss: 0.963
[14,    30] loss: 0.919
[14,    40] loss: 0.931
[14,    50] loss: 0.886
[14,    60] loss: 0.927
[14,    70] loss: 0.986
[14,    80] loss: 0.970
[14,    90] loss: 0.952
[14,   100] loss: 1.002
[14,   110] loss: 0.931
[14,   120] loss: 0.998
[14,   130] loss: 0.933
[14,   140] loss: 0.925
[14,   150] loss: 0.940
[14,   160] loss: 0.927
[14,   170] loss: 0.944
[14,   180] loss: 0.944
[14,   190] loss: 0.907
[14,   200] loss: 0.945
[14,   210] loss: 0.965
[14,   220] loss: 0.927
[14,   230] loss: 0.921
[14,   240] loss: 0.983
[14,   250] loss: 0.946
[14,   260] loss: 1.002
[14,   270] loss: 0.953
[14,   280] loss: 0.881
[14,   290] loss: 0.956
[14,   300] loss: 0.901
[14,   310] loss: 0.852
[14,   320] loss: 0.866
[14,   330] loss: 0.923
[14,   340] loss: 0.948
[14,   350] loss: 0.904
[14,   360] loss: 1.000
[14,   370] loss: 0.940
[14,   380] loss: 0.966
[14,   390] loss: 0.959
[14,   400] loss: 0.938
VALIDATION loss: 0.906130313873291
[15,    10] loss: 0.900
[15,    20] loss: 0.952
[15,    30] loss: 0.978
[15,    40] loss: 0.878
[15,    50] loss: 0.881
[15,    60] loss: 0.990
[15,    70] loss: 0.876
[15,    80] loss: 0.887
[15,    90] loss: 0.973
[15,   100] loss: 0.903
[15,   110] loss: 0.901
[15,   120] loss: 0.954
[15,   130] loss: 0.895
[15,   140] loss: 0.953
[15,   150] loss: 0.921
[15,   160] loss: 0.936
[15,   170] loss: 0.896
[15,   180] loss: 0.932
[15,   190] loss: 0.952
[15,   200] loss: 0.944
[15,   210] loss: 0.916
[15,   220] loss: 0.942
[15,   230] loss: 0.921
[15,   240] loss: 0.898
[15,   250] loss: 0.887
[15,   260] loss: 0.930
[15,   270] loss: 0.941
[15,   280] loss: 0.900
[15,   290] loss: 0.940
[15,   300] loss: 0.945
[15,   310] loss: 0.923
[15,   320] loss: 0.872
[15,   330] loss: 0.902
[15,   340] loss: 0.924
[15,   350] loss: 0.929
[15,   360] loss: 0.852
[15,   370] loss: 0.888
[15,   380] loss: 0.913
[15,   390] loss: 0.883
[15,   400] loss: 0.932
VALIDATION loss: 0.8740888833999634
Finished !!
