Collecting dill==0.3.4 (from -r requirements.txt (line 1))
  Using cached https://files.pythonhosted.org/packages/b6/c3/973676ceb86b60835bb3978c6db67a5dc06be6cfdbd14ef0f5a13e3fc9fd/dill-0.3.4-py2.py3-none-any.whl
Requirement already satisfied: laplace==0.1 in /zhome/45/c/128687/.local/lib/python3.6/site-packages (from -r requirements.txt (line 2))
Collecting matplotlib==3.4.0 (from -r requirements.txt (line 3))
Small: 0
Transform: 1
MaxPool: 1
Running GPU.
[1,    10] loss: 1.912
[1,    20] loss: 1.888
[1,    30] loss: 1.844
[1,    40] loss: 1.839
[1,    50] loss: 1.801
[1,    60] loss: 1.809
[1,    70] loss: 1.793
[1,    80] loss: 1.770
[1,    90] loss: 1.786
[1,   100] loss: 1.733
[1,   110] loss: 1.717
[1,   120] loss: 1.752
[1,   130] loss: 1.712
[1,   140] loss: 1.721
[1,   150] loss: 1.726
[1,   160] loss: 1.706
[1,   170] loss: 1.712
[1,   180] loss: 1.716
[1,   190] loss: 1.675
[1,   200] loss: 1.700
[1,   210] loss: 1.687
[1,   220] loss: 1.710
[1,   230] loss: 1.672
[1,   240] loss: 1.688
[1,   250] loss: 1.615
[1,   260] loss: 1.691
[1,   270] loss: 1.632
[1,   280] loss: 1.616
[1,   290] loss: 1.639
[1,   300] loss: 1.606
[1,   310] loss: 1.633
[1,   320] loss: 1.589
[1,   330] loss: 1.572
[1,   340] loss: 1.627
[1,   350] loss: 1.606
[1,   360] loss: 1.594
[1,   370] loss: 1.642
[1,   380] loss: 1.587
[1,   390] loss: 1.588
[1,   400] loss: 1.606
VALIDATION loss: 1.6127707958221436
[2,    10] loss: 1.619
[2,    20] loss: 1.591
[2,    30] loss: 1.602
[2,    40] loss: 1.598
[2,    50] loss: 1.576
[2,    60] loss: 1.615
[2,    70] loss: 1.562
[2,    80] loss: 1.604
[2,    90] loss: 1.564
[2,   100] loss: 1.557
[2,   110] loss: 1.527
[2,   120] loss: 1.578
[2,   130] loss: 1.566
[2,   140] loss: 1.552
[2,   150] loss: 1.628
[2,   160] loss: 1.534
[2,   170] loss: 1.532
[2,   180] loss: 1.560
[2,   190] loss: 1.589
[2,   200] loss: 1.492
[2,   210] loss: 1.524
[2,   220] loss: 1.547
[2,   230] loss: 1.568
[2,   240] loss: 1.464
[2,   250] loss: 1.552
[2,   260] loss: 1.530
[2,   270] loss: 1.551
[2,   280] loss: 1.636
[2,   290] loss: 1.547
[2,   300] loss: 1.551
[2,   310] loss: 1.521
[2,   320] loss: 1.532
[2,   330] loss: 1.506
[2,   340] loss: 1.533
[2,   350] loss: 1.531
[2,   360] loss: 1.517
[2,   370] loss: 1.449
[2,   380] loss: 1.475
[2,   390] loss: 1.472
[2,   400] loss: 1.454
VALIDATION loss: 1.5985174179077148
[3,    10] loss: 1.435
[3,    20] loss: 1.481
[3,    30] loss: 1.467
[3,    40] loss: 1.465
[3,    50] loss: 1.423
[3,    60] loss: 1.437
[3,    70] loss: 1.460
[3,    80] loss: 1.519
[3,    90] loss: 1.495
[3,   100] loss: 1.500
[3,   110] loss: 1.511
[3,   120] loss: 1.372
[3,   130] loss: 1.503
[3,   140] loss: 1.498
[3,   150] loss: 1.458
[3,   160] loss: 1.469
[3,   170] loss: 1.442
[3,   180] loss: 1.471
[3,   190] loss: 1.475
[3,   200] loss: 1.499
[3,   210] loss: 1.512
[3,   220] loss: 1.462
[3,   230] loss: 1.450
[3,   240] loss: 1.461
[3,   250] loss: 1.456
[3,   260] loss: 1.455
[3,   270] loss: 1.460
[3,   280] loss: 1.403
[3,   290] loss: 1.430
[3,   300] loss: 1.419
[3,   310] loss: 1.444
[3,   320] loss: 1.401
[3,   330] loss: 1.421
[3,   340] loss: 1.448
[3,   350] loss: 1.455
[3,   360] loss: 1.397
[3,   370] loss: 1.445
[3,   380] loss: 1.495
[3,   390] loss: 1.468
[3,   400] loss: 1.413
VALIDATION loss: 1.502852439880371
[4,    10] loss: 1.368
[4,    20] loss: 1.473
[4,    30] loss: 1.391
[4,    40] loss: 1.430
[4,    50] loss: 1.446
[4,    60] loss: 1.441
[4,    70] loss: 1.366
[4,    80] loss: 1.371
[4,    90] loss: 1.384
[4,   100] loss: 1.388
[4,   110] loss: 1.483
[4,   120] loss: 1.476
[4,   130] loss: 1.487
[4,   140] loss: 1.461
[4,   150] loss: 1.367
[4,   160] loss: 1.434
[4,   170] loss: 1.377
[4,   180] loss: 1.351
[4,   190] loss: 1.424
[4,   200] loss: 1.322
[4,   210] loss: 1.356
[4,   220] loss: 1.416
[4,   230] loss: 1.344
[4,   240] loss: 1.412
[4,   250] loss: 1.393
[4,   260] loss: 1.405
[4,   270] loss: 1.374
[4,   280] loss: 1.383
[4,   290] loss: 1.397
[4,   300] loss: 1.386
[4,   310] loss: 1.422
[4,   320] loss: 1.387
[4,   330] loss: 1.399
[4,   340] loss: 1.388
[4,   350] loss: 1.421
[4,   360] loss: 1.359
[4,   370] loss: 1.414
[4,   380] loss: 1.415
[4,   390] loss: 1.368
[4,   400] loss: 1.383
VALIDATION loss: 1.339024305343628
[5,    10] loss: 1.402
[5,    20] loss: 1.338
[5,    30] loss: 1.406
[5,    40] loss: 1.387
[5,    50] loss: 1.323
[5,    60] loss: 1.387
[5,    70] loss: 1.392
[5,    80] loss: 1.380
[5,    90] loss: 1.312
[5,   100] loss: 1.389
[5,   110] loss: 1.424
[5,   120] loss: 1.352
[5,   130] loss: 1.301
[5,   140] loss: 1.297
[5,   150] loss: 1.433
[5,   160] loss: 1.371
[5,   170] loss: 1.393
[5,   180] loss: 1.362
[5,   190] loss: 1.405
[5,   200] loss: 1.425
[5,   210] loss: 1.371
[5,   220] loss: 1.386
[5,   230] loss: 1.401
[5,   240] loss: 1.350
[5,   250] loss: 1.347
[5,   260] loss: 1.326
[5,   270] loss: 1.371
[5,   280] loss: 1.425
[5,   290] loss: 1.371
[5,   300] loss: 1.324
[5,   310] loss: 1.299
[5,   320] loss: 1.334
[5,   330] loss: 1.282
[5,   340] loss: 1.388
[5,   350] loss: 1.407
[5,   360] loss: 1.261
[5,   370] loss: 1.301
[5,   380] loss: 1.391
[5,   390] loss: 1.417
[5,   400] loss: 1.372
VALIDATION loss: 1.3063074350357056
[6,    10] loss: 1.395
[6,    20] loss: 1.306
[6,    30] loss: 1.274
[6,    40] loss: 1.406
[6,    50] loss: 1.340
[6,    60] loss: 1.394
[6,    70] loss: 1.344
[6,    80] loss: 1.286
[6,    90] loss: 1.316
[6,   100] loss: 1.263
[6,   110] loss: 1.316
[6,   120] loss: 1.339
[6,   130] loss: 1.289
[6,   140] loss: 1.321
[6,   150] loss: 1.405
[6,   160] loss: 1.324
[6,   170] loss: 1.337
[6,   180] loss: 1.307
[6,   190] loss: 1.289
[6,   200] loss: 1.379
[6,   210] loss: 1.262
[6,   220] loss: 1.313
[6,   230] loss: 1.285
[6,   240] loss: 1.348
[6,   250] loss: 1.414
[6,   260] loss: 1.316
[6,   270] loss: 1.291
[6,   280] loss: 1.428
[6,   290] loss: 1.359
[6,   300] loss: 1.357
[6,   310] loss: 1.312
[6,   320] loss: 1.354
[6,   330] loss: 1.331
[6,   340] loss: 1.273
[6,   350] loss: 1.218
[6,   360] loss: 1.258
[6,   370] loss: 1.334
[6,   380] loss: 1.339
[6,   390] loss: 1.277
[6,   400] loss: 1.378
VALIDATION loss: 1.271502137184143
[7,    10] loss: 1.337
[7,    20] loss: 1.277
[7,    30] loss: 1.271
[7,    40] loss: 1.336
[7,    50] loss: 1.341
[7,    60] loss: 1.346
[7,    70] loss: 1.253
[7,    80] loss: 1.264
[7,    90] loss: 1.254
[7,   100] loss: 1.273
[7,   110] loss: 1.345
[7,   120] loss: 1.325
[7,   130] loss: 1.244
[7,   140] loss: 1.285
[7,   150] loss: 1.246
[7,   160] loss: 1.355
[7,   170] loss: 1.250
[7,   180] loss: 1.261
[7,   190] loss: 1.332
[7,   200] loss: 1.294
[7,   210] loss: 1.307
[7,   220] loss: 1.288
[7,   230] loss: 1.313
[7,   240] loss: 1.299
[7,   250] loss: 1.338
[7,   260] loss: 1.288
[7,   270] loss: 1.415
[7,   280] loss: 1.246
[7,   290] loss: 1.283
[7,   300] loss: 1.274
[7,   310] loss: 1.260
[7,   320] loss: 1.371
[7,   330] loss: 1.300
[7,   340] loss: 1.298
[7,   350] loss: 1.316
[7,   360] loss: 1.250
[7,   370] loss: 1.280
[7,   380] loss: 1.259
[7,   390] loss: 1.237
[7,   400] loss: 1.293
