Collecting dill==0.3.4 (from -r requirements.txt (line 1))
  Using cached https://files.pythonhosted.org/packages/b6/c3/973676ceb86b60835bb3978c6db67a5dc06be6cfdbd14ef0f5a13e3fc9fd/dill-0.3.4-py2.py3-none-any.whl
Requirement already satisfied: laplace==0.1 in /zhome/45/c/128687/.local/lib/python3.6/site-packages (from -r requirements.txt (line 2))
Collecting matplotlib==3.4.0 (from -r requirements.txt (line 3))
Running GPU.
[1,    10] loss: 1.843
[1,    20] loss: 1.579
[1,    30] loss: 1.499
[1,    40] loss: 1.493
[1,    50] loss: 1.559
[1,    60] loss: 1.432
[1,    70] loss: 1.395
[1,    80] loss: 1.341
[1,    90] loss: 1.272
[1,   100] loss: 1.221
[1,   110] loss: 1.248
[1,   120] loss: 1.188
[1,   130] loss: 1.297
[1,   140] loss: 1.298
[1,   150] loss: 1.080
[1,   160] loss: 1.075
[1,   170] loss: 1.029
[1,   180] loss: 1.044
[1,   190] loss: 1.095
[1,   200] loss: 0.962
[1,   210] loss: 1.073
[1,   220] loss: 1.095
[1,   230] loss: 0.991
[1,   240] loss: 1.037
[1,   250] loss: 0.988
[1,   260] loss: 1.048
[1,   270] loss: 1.024
[1,   280] loss: 1.069
[1,   290] loss: 1.003
[1,   300] loss: 1.011
[1,   310] loss: 0.977
[1,   320] loss: 0.903
[1,   330] loss: 0.841
[1,   340] loss: 0.868
[1,   350] loss: 0.854
[1,   360] loss: 0.771
[1,   370] loss: 0.920
[1,   380] loss: 0.837
[1,   390] loss: 0.945
[1,   400] loss: 0.876
[1,   410] loss: 0.806
[1,   420] loss: 0.823
[1,   430] loss: 0.764
[1,   440] loss: 0.985
[1,   450] loss: 0.863
[1,   460] loss: 0.777
[1,   470] loss: 0.795
[1,   480] loss: 0.718
[1,   490] loss: 0.725
[1,   500] loss: 0.742
[1,   510] loss: 0.810
[1,   520] loss: 0.796
[1,   530] loss: 0.800
[1,   540] loss: 0.721
[1,   550] loss: 0.821
[1,   560] loss: 0.673
[1,   570] loss: 0.686
[1,   580] loss: 0.734
[1,   590] loss: 0.770
[1,   600] loss: 0.694
[1,   610] loss: 0.769
[1,   620] loss: 0.768
[1,   630] loss: 0.620
[1,   640] loss: 0.709
[1,   650] loss: 0.644
[1,   660] loss: 0.677
[1,   670] loss: 0.646
[1,   680] loss: 0.633
[1,   690] loss: 0.717
[1,   700] loss: 0.747
[1,   710] loss: 0.732
[1,   720] loss: 0.648
[1,   730] loss: 0.685
[1,   740] loss: 0.758
[1,   750] loss: 0.585
[1,   760] loss: 0.669
[1,   770] loss: 0.685
[1,   780] loss: 0.535
[1,   790] loss: 0.751
[1,   800] loss: 0.630
[2,    10] loss: 0.687
[2,    20] loss: 0.736
[2,    30] loss: 0.675
[2,    40] loss: 0.690
[2,    50] loss: 0.612
[2,    60] loss: 0.594
[2,    70] loss: 0.615
[2,    80] loss: 0.644
[2,    90] loss: 0.651
[2,   100] loss: 0.604
[2,   110] loss: 0.638
[2,   120] loss: 0.592
[2,   130] loss: 0.549
[2,   140] loss: 0.608
[2,   150] loss: 0.526
[2,   160] loss: 0.580
[2,   170] loss: 0.564
[2,   180] loss: 0.576
[2,   190] loss: 0.618
[2,   200] loss: 0.632
[2,   210] loss: 0.713
[2,   220] loss: 0.601
[2,   230] loss: 0.556
[2,   240] loss: 0.552
[2,   250] loss: 0.520
[2,   260] loss: 0.562
[2,   270] loss: 0.776
[2,   280] loss: 0.630
[2,   290] loss: 0.674
[2,   300] loss: 0.694
[2,   310] loss: 0.598
[2,   320] loss: 0.537
[2,   330] loss: 0.577
[2,   340] loss: 0.506
[2,   350] loss: 0.542
[2,   360] loss: 0.618
[2,   370] loss: 0.521
[2,   380] loss: 0.501
[2,   390] loss: 0.522
[2,   400] loss: 0.538
[2,   410] loss: 0.574
[2,   420] loss: 0.613
[2,   430] loss: 0.481
[2,   440] loss: 0.554
[2,   450] loss: 0.617
[2,   460] loss: 0.573
[2,   470] loss: 0.498
[2,   480] loss: 0.611
[2,   490] loss: 0.594
[2,   500] loss: 0.637
[2,   510] loss: 0.571
[2,   520] loss: 0.599
[2,   530] loss: 0.485
[2,   540] loss: 0.540
[2,   550] loss: 0.521
[2,   560] loss: 0.591
[2,   570] loss: 0.523
[2,   580] loss: 0.523
[2,   590] loss: 0.527
[2,   600] loss: 0.535
[2,   610] loss: 0.530
[2,   620] loss: 0.468
[2,   630] loss: 0.500
[2,   640] loss: 0.511
[2,   650] loss: 0.531
[2,   660] loss: 0.573
[2,   670] loss: 0.587
[2,   680] loss: 0.563
[2,   690] loss: 0.606
[2,   700] loss: 0.583
[2,   710] loss: 0.618
[2,   720] loss: 0.565
[2,   730] loss: 0.592
[2,   740] loss: 0.519
[2,   750] loss: 0.608
[2,   760] loss: 0.506
[2,   770] loss: 0.475
[2,   780] loss: 0.556
[2,   790] loss: 0.619
[2,   800] loss: 0.539
[3,    10] loss: 0.475
[3,    20] loss: 0.523
[3,    30] loss: 0.528
[3,    40] loss: 0.541
[3,    50] loss: 0.490
[3,    60] loss: 0.526
[3,    70] loss: 0.416
[3,    80] loss: 0.541
[3,    90] loss: 0.443
[3,   100] loss: 0.659
[3,   110] loss: 0.479
[3,   120] loss: 0.508
[3,   130] loss: 0.517
[3,   140] loss: 0.426
[3,   150] loss: 0.494
[3,   160] loss: 0.528
[3,   170] loss: 0.500
[3,   180] loss: 0.502
[3,   190] loss: 0.519
[3,   200] loss: 0.481
[3,   210] loss: 0.513
[3,   220] loss: 0.414
[3,   230] loss: 0.481
[3,   240] loss: 0.499
[3,   250] loss: 0.472
[3,   260] loss: 0.488
[3,   270] loss: 0.588
[3,   280] loss: 0.509
[3,   290] loss: 0.495
[3,   300] loss: 0.557
[3,   310] loss: 0.479
[3,   320] loss: 0.478
[3,   330] loss: 0.472
[3,   340] loss: 0.452
[3,   350] loss: 0.475
[3,   360] loss: 0.472
[3,   370] loss: 0.503
[3,   380] loss: 0.542
[3,   390] loss: 0.431
[3,   400] loss: 0.437
[3,   410] loss: 0.425
[3,   420] loss: 0.577
[3,   430] loss: 0.434
[3,   440] loss: 0.452
[3,   450] loss: 0.504
[3,   460] loss: 0.468
[3,   470] loss: 0.494
[3,   480] loss: 0.494
[3,   490] loss: 0.441
[3,   500] loss: 0.516
[3,   510] loss: 0.598
[3,   520] loss: 0.500
[3,   530] loss: 0.518
[3,   540] loss: 0.535
[3,   550] loss: 0.541
[3,   560] loss: 0.481
[3,   570] loss: 0.544
[3,   580] loss: 0.494
[3,   590] loss: 0.431
[3,   600] loss: 0.451
[3,   610] loss: 0.537
[3,   620] loss: 0.519
[3,   630] loss: 0.480
[3,   640] loss: 0.431
[3,   650] loss: 0.508
[3,   660] loss: 0.447
[3,   670] loss: 0.462
[3,   680] loss: 0.463
[3,   690] loss: 0.413
[3,   700] loss: 0.435
[3,   710] loss: 0.447
[3,   720] loss: 0.506
[3,   730] loss: 0.523
[3,   740] loss: 0.443
[3,   750] loss: 0.472
[3,   760] loss: 0.357
[3,   770] loss: 0.484
[3,   780] loss: 0.431
[3,   790] loss: 0.408
[3,   800] loss: 0.475
[4,    10] loss: 0.461
[4,    20] loss: 0.504
[4,    30] loss: 0.411
[4,    40] loss: 0.335
[4,    50] loss: 0.444
[4,    60] loss: 0.459
[4,    70] loss: 0.473
[4,    80] loss: 0.490
[4,    90] loss: 0.489
[4,   100] loss: 0.496
[4,   110] loss: 0.458
[4,   120] loss: 0.437
[4,   130] loss: 0.420
[4,   140] loss: 0.484
[4,   150] loss: 0.534
[4,   160] loss: 0.426
[4,   170] loss: 0.519
[4,   180] loss: 0.418
[4,   190] loss: 0.412
[4,   200] loss: 0.460
[4,   210] loss: 0.428
[4,   220] loss: 0.424
[4,   230] loss: 0.435
[4,   240] loss: 0.445
[4,   250] loss: 0.444
[4,   260] loss: 0.424
[4,   270] loss: 0.429
[4,   280] loss: 0.472
[4,   290] loss: 0.374
[4,   300] loss: 0.399
[4,   310] loss: 0.454
[4,   320] loss: 0.426
[4,   330] loss: 0.456
[4,   340] loss: 0.500
[4,   350] loss: 0.495
[4,   360] loss: 0.437
[4,   370] loss: 0.404
[4,   380] loss: 0.495
[4,   390] loss: 0.445
[4,   400] loss: 0.398
[4,   410] loss: 0.415
[4,   420] loss: 0.450
[4,   430] loss: 0.385
[4,   440] loss: 0.388
[4,   450] loss: 0.424
[4,   460] loss: 0.438
[4,   470] loss: 0.429
[4,   480] loss: 0.440
[4,   490] loss: 0.452
[4,   500] loss: 0.468
[4,   510] loss: 0.413
[4,   520] loss: 0.439
[4,   530] loss: 0.506
[4,   540] loss: 0.440
[4,   550] loss: 0.453
[4,   560] loss: 0.434
[4,   570] loss: 0.473
[4,   580] loss: 0.359
[4,   590] loss: 0.403
[4,   600] loss: 0.420
[4,   610] loss: 0.461
[4,   620] loss: 0.560
[4,   630] loss: 0.422
[4,   640] loss: 0.394
[4,   650] loss: 0.357
[4,   660] loss: 0.390
[4,   670] loss: 0.438
[4,   680] loss: 0.375
[4,   690] loss: 0.424
[4,   700] loss: 0.451
[4,   710] loss: 0.397
[4,   720] loss: 0.474
[4,   730] loss: 0.369
[4,   740] loss: 0.398
[4,   750] loss: 0.435
[4,   760] loss: 0.462
[4,   770] loss: 0.413
[4,   780] loss: 0.440
[4,   790] loss: 0.427
[4,   800] loss: 0.336
[5,    10] loss: 0.501
[5,    20] loss: 0.371
[5,    30] loss: 0.402
[5,    40] loss: 0.415
[5,    50] loss: 0.426
[5,    60] loss: 0.350
[5,    70] loss: 0.376
[5,    80] loss: 0.437
[5,    90] loss: 0.418
[5,   100] loss: 0.405
[5,   110] loss: 0.393
[5,   120] loss: 0.415
[5,   130] loss: 0.395
[5,   140] loss: 0.365
[5,   150] loss: 0.397
[5,   160] loss: 0.446
[5,   170] loss: 0.335
[5,   180] loss: 0.386
[5,   190] loss: 0.441
[5,   200] loss: 0.475
[5,   210] loss: 0.526
[5,   220] loss: 0.438
[5,   230] loss: 0.401
[5,   240] loss: 0.436
[5,   250] loss: 0.437
[5,   260] loss: 0.373
[5,   270] loss: 0.410
[5,   280] loss: 0.421
[5,   290] loss: 0.429
[5,   300] loss: 0.406
[5,   310] loss: 0.437
[5,   320] loss: 0.400
[5,   330] loss: 0.419
[5,   340] loss: 0.359
[5,   350] loss: 0.405
[5,   360] loss: 0.412
[5,   370] loss: 0.449
[5,   380] loss: 0.462
[5,   390] loss: 0.413
[5,   400] loss: 0.444
[5,   410] loss: 0.309
[5,   420] loss: 0.373
[5,   430] loss: 0.419
[5,   440] loss: 0.391
[5,   450] loss: 0.458
[5,   460] loss: 0.417
[5,   470] loss: 0.375
[5,   480] loss: 0.434
[5,   490] loss: 0.358
[5,   500] loss: 0.347
[5,   510] loss: 0.496
[5,   520] loss: 0.578
[5,   530] loss: 0.564
[5,   540] loss: 0.527
[5,   550] loss: 0.502
[5,   560] loss: 0.400
[5,   570] loss: 0.525
[5,   580] loss: 0.476
[5,   590] loss: 0.494
[5,   600] loss: 0.497
[5,   610] loss: 0.382
[5,   620] loss: 0.437
[5,   630] loss: 0.394
[5,   640] loss: 0.393
[5,   650] loss: 0.410
[5,   660] loss: 0.336
[5,   670] loss: 0.492
[5,   680] loss: 0.430
[5,   690] loss: 0.425
[5,   700] loss: 0.408
[5,   710] loss: 0.348
[5,   720] loss: 0.350
[5,   730] loss: 0.433
[5,   740] loss: 0.340
[5,   750] loss: 0.319
[5,   760] loss: 0.393
[5,   770] loss: 0.397
[5,   780] loss: 0.387
[5,   790] loss: 0.362
[5,   800] loss: 0.338
[6,    10] loss: 0.431
[6,    20] loss: 0.435
[6,    30] loss: 0.449
[6,    40] loss: 0.367
[6,    50] loss: 0.341
[6,    60] loss: 0.335
[6,    70] loss: 0.359
[6,    80] loss: 0.393
[6,    90] loss: 0.398
[6,   100] loss: 0.433
[6,   110] loss: 0.461
[6,   120] loss: 0.403
[6,   130] loss: 0.488
[6,   140] loss: 0.495
[6,   150] loss: 0.389
[6,   160] loss: 0.373
[6,   170] loss: 0.367
[6,   180] loss: 0.396
[6,   190] loss: 0.387
[6,   200] loss: 0.396
[6,   210] loss: 0.376
[6,   220] loss: 0.418
[6,   230] loss: 0.385
[6,   240] loss: 0.368
[6,   250] loss: 0.351
[6,   260] loss: 0.373
[6,   270] loss: 0.338
[6,   280] loss: 0.357
[6,   290] loss: 0.367
[6,   300] loss: 0.348
[6,   310] loss: 0.392
[6,   320] loss: 0.369
[6,   330] loss: 0.475
[6,   340] loss: 0.393
[6,   350] loss: 0.303
[6,   360] loss: 0.381
[6,   370] loss: 0.414
[6,   380] loss: 0.443
[6,   390] loss: 0.408
[6,   400] loss: 0.311
[6,   410] loss: 0.372
[6,   420] loss: 0.376
[6,   430] loss: 0.389
[6,   440] loss: 0.360
[6,   450] loss: 0.355
[6,   460] loss: 0.370
[6,   470] loss: 0.341
[6,   480] loss: 0.444
[6,   490] loss: 0.383
[6,   500] loss: 0.380
[6,   510] loss: 0.510
[6,   520] loss: 0.480
[6,   530] loss: 0.368
[6,   540] loss: 0.441
[6,   550] loss: 0.407
[6,   560] loss: 0.415
[6,   570] loss: 0.346
[6,   580] loss: 0.342
[6,   590] loss: 0.473
[6,   600] loss: 0.395
[6,   610] loss: 0.412
[6,   620] loss: 0.424
[6,   630] loss: 0.355
[6,   640] loss: 0.405
[6,   650] loss: 0.395
[6,   660] loss: 0.448
[6,   670] loss: 0.453
[6,   680] loss: 0.404
[6,   690] loss: 0.437
[6,   700] loss: 0.390
[6,   710] loss: 0.352
[6,   720] loss: 0.344
[6,   730] loss: 0.391
[6,   740] loss: 0.333
[6,   750] loss: 0.415
[6,   760] loss: 0.404
[6,   770] loss: 0.391
[6,   780] loss: 0.405
[6,   790] loss: 0.387
[6,   800] loss: 0.338
[7,    10] loss: 0.385
[7,    20] loss: 0.420
[7,    30] loss: 0.411
[7,    40] loss: 0.341
[7,    50] loss: 0.327
[7,    60] loss: 0.343
[7,    70] loss: 0.324
[7,    80] loss: 0.396
[7,    90] loss: 0.315
[7,   100] loss: 0.340
[7,   110] loss: 0.372
[7,   120] loss: 0.347
[7,   130] loss: 0.391
[7,   140] loss: 0.381
[7,   150] loss: 0.386
[7,   160] loss: 0.410
[7,   170] loss: 0.408
[7,   180] loss: 0.402
[7,   190] loss: 0.378
[7,   200] loss: 0.404
[7,   210] loss: 0.362
[7,   220] loss: 0.385
[7,   230] loss: 0.365
[7,   240] loss: 0.337
[7,   250] loss: 0.360
[7,   260] loss: 0.418
[7,   270] loss: 0.376
[7,   280] loss: 0.348
[7,   290] loss: 0.368
[7,   300] loss: 0.396
[7,   310] loss: 0.383
[7,   320] loss: 0.458
[7,   330] loss: 0.409
[7,   340] loss: 0.384
[7,   350] loss: 0.366
[7,   360] loss: 0.313
[7,   370] loss: 0.445
[7,   380] loss: 0.373
[7,   390] loss: 0.293
[7,   400] loss: 0.317
[7,   410] loss: 0.377
[7,   420] loss: 0.400
[7,   430] loss: 0.376
[7,   440] loss: 0.314
[7,   450] loss: 0.331
[7,   460] loss: 0.372
[7,   470] loss: 0.392
[7,   480] loss: 0.355
[7,   490] loss: 0.390
[7,   500] loss: 0.403
[7,   510] loss: 0.344
[7,   520] loss: 0.434
[7,   530] loss: 0.391
[7,   540] loss: 0.387
[7,   550] loss: 0.334
[7,   560] loss: 0.362
[7,   570] loss: 0.482
[7,   580] loss: 0.422
[7,   590] loss: 0.462
[7,   600] loss: 0.399
[7,   610] loss: 0.322
[7,   620] loss: 0.387
[7,   630] loss: 0.353
[7,   640] loss: 0.354
[7,   650] loss: 0.409
[7,   660] loss: 0.415
[7,   670] loss: 0.373
[7,   680] loss: 0.358
[7,   690] loss: 0.369
[7,   700] loss: 0.418
[7,   710] loss: 0.398
[7,   720] loss: 0.373
[7,   730] loss: 0.345
[7,   740] loss: 0.280
[7,   750] loss: 0.364
[7,   760] loss: 0.428
[7,   770] loss: 0.336
[7,   780] loss: 0.371
[7,   790] loss: 0.339
[7,   800] loss: 0.323
[8,    10] loss: 0.382
[8,    20] loss: 0.407
[8,    30] loss: 0.421
[8,    40] loss: 0.394
[8,    50] loss: 0.328
[8,    60] loss: 0.406
[8,    70] loss: 0.486
[8,    80] loss: 0.393
[8,    90] loss: 0.335
[8,   100] loss: 0.377
[8,   110] loss: 0.333
[8,   120] loss: 0.365
[8,   130] loss: 0.385
[8,   140] loss: 0.329
[8,   150] loss: 0.353
[8,   160] loss: 0.362
[8,   170] loss: 0.379
[8,   180] loss: 0.345
[8,   190] loss: 0.405
[8,   200] loss: 0.367
[8,   210] loss: 0.398
[8,   220] loss: 0.384
[8,   230] loss: 0.377
[8,   240] loss: 0.398
[8,   250] loss: 0.385
[8,   260] loss: 0.353
[8,   270] loss: 0.386
[8,   280] loss: 0.369
[8,   290] loss: 0.331
[8,   300] loss: 0.387
[8,   310] loss: 0.381
[8,   320] loss: 0.424
[8,   330] loss: 0.323
[8,   340] loss: 0.393
[8,   350] loss: 0.376
[8,   360] loss: 0.400
[8,   370] loss: 0.392
[8,   380] loss: 0.335
[8,   390] loss: 0.368
[8,   400] loss: 0.299
[8,   410] loss: 0.360
[8,   420] loss: 0.315
[8,   430] loss: 0.321
[8,   440] loss: 0.366
[8,   450] loss: 0.303
[8,   460] loss: 0.319
[8,   470] loss: 0.351
[8,   480] loss: 0.387
[8,   490] loss: 0.335
[8,   500] loss: 0.360
[8,   510] loss: 0.325
[8,   520] loss: 0.388
[8,   530] loss: 0.352
[8,   540] loss: 0.295
[8,   550] loss: 0.386
[8,   560] loss: 0.315
[8,   570] loss: 0.357
[8,   580] loss: 0.373
[8,   590] loss: 0.379
[8,   600] loss: 0.366
[8,   610] loss: 0.375
[8,   620] loss: 0.413
[8,   630] loss: 0.322
[8,   640] loss: 0.365
[8,   650] loss: 0.354
[8,   660] loss: 0.256
[8,   670] loss: 0.423
[8,   680] loss: 0.342
[8,   690] loss: 0.398
[8,   700] loss: 0.348
[8,   710] loss: 0.432
[8,   720] loss: 0.490
[8,   730] loss: 0.427
[8,   740] loss: 0.419
[8,   750] loss: 0.421
[8,   760] loss: 0.421
[8,   770] loss: 0.388
[8,   780] loss: 0.373
[8,   790] loss: 0.407
[8,   800] loss: 0.410
[9,    10] loss: 0.426
[9,    20] loss: 0.357
[9,    30] loss: 0.345
[9,    40] loss: 0.313
[9,    50] loss: 0.290
[9,    60] loss: 0.256
[9,    70] loss: 0.336
[9,    80] loss: 0.391
[9,    90] loss: 0.299
[9,   100] loss: 0.332
[9,   110] loss: 0.396
[9,   120] loss: 0.454
[9,   130] loss: 0.394
[9,   140] loss: 0.446
[9,   150] loss: 0.371
[9,   160] loss: 0.353
[9,   170] loss: 0.412
[9,   180] loss: 0.371
[9,   190] loss: 0.308
[9,   200] loss: 0.330
[9,   210] loss: 0.328
[9,   220] loss: 0.341
[9,   230] loss: 0.381
[9,   240] loss: 0.318
[9,   250] loss: 0.376
[9,   260] loss: 0.325
[9,   270] loss: 0.301
[9,   280] loss: 0.391
[9,   290] loss: 0.320
[9,   300] loss: 0.445
[9,   310] loss: 0.451
[9,   320] loss: 0.418
[9,   330] loss: 0.408
[9,   340] loss: 0.352
[9,   350] loss: 0.346
[9,   360] loss: 0.405
[9,   370] loss: 0.350
[9,   380] loss: 0.425
[9,   390] loss: 0.348
[9,   400] loss: 0.371
[9,   410] loss: 0.350
[9,   420] loss: 0.357
[9,   430] loss: 0.306
[9,   440] loss: 0.280
[9,   450] loss: 0.352
[9,   460] loss: 0.471
[9,   470] loss: 0.463
[9,   480] loss: 0.351
[9,   490] loss: 0.410
[9,   500] loss: 0.367
[9,   510] loss: 0.455
[9,   520] loss: 0.392
[9,   530] loss: 0.405
[9,   540] loss: 0.382
[9,   550] loss: 0.343
[9,   560] loss: 0.370
[9,   570] loss: 0.301
[9,   580] loss: 0.322
[9,   590] loss: 0.382
[9,   600] loss: 0.364
[9,   610] loss: 0.358
[9,   620] loss: 0.301
[9,   630] loss: 0.328
[9,   640] loss: 0.345
[9,   650] loss: 0.403
[9,   660] loss: 0.352
[9,   670] loss: 0.330
[9,   680] loss: 0.403
[9,   690] loss: 0.360
[9,   700] loss: 0.372
[9,   710] loss: 0.356
[9,   720] loss: 0.396
[9,   730] loss: 0.347
[9,   740] loss: 0.357
[9,   750] loss: 0.458
[9,   760] loss: 0.387
[9,   770] loss: 0.315
[9,   780] loss: 0.358
[9,   790] loss: 0.384
[9,   800] loss: 0.350
[10,    10] loss: 0.313
[10,    20] loss: 0.383
[10,    30] loss: 0.342
[10,    40] loss: 0.355
[10,    50] loss: 0.331
[10,    60] loss: 0.344
[10,    70] loss: 0.308
[10,    80] loss: 0.313
[10,    90] loss: 0.366
[10,   100] loss: 0.343
[10,   110] loss: 0.315
[10,   120] loss: 0.352
[10,   130] loss: 0.365
[10,   140] loss: 0.367
[10,   150] loss: 0.404
[10,   160] loss: 0.332
[10,   170] loss: 0.388
[10,   180] loss: 0.356
[10,   190] loss: 0.331
[10,   200] loss: 0.318
[10,   210] loss: 0.315
[10,   220] loss: 0.356
[10,   230] loss: 0.426
[10,   240] loss: 0.411
[10,   250] loss: 0.457
[10,   260] loss: 0.385
[10,   270] loss: 0.391
[10,   280] loss: 0.383
[10,   290] loss: 0.363
[10,   300] loss: 0.372
[10,   310] loss: 0.326
[10,   320] loss: 0.437
[10,   330] loss: 0.326
[10,   340] loss: 0.371
[10,   350] loss: 0.316
[10,   360] loss: 0.317
[10,   370] loss: 0.319
[10,   380] loss: 0.378
[10,   390] loss: 0.319
[10,   400] loss: 0.355
[10,   410] loss: 0.344
[10,   420] loss: 0.352
[10,   430] loss: 0.335
[10,   440] loss: 0.328
[10,   450] loss: 0.330
[10,   460] loss: 0.328
[10,   470] loss: 0.281
[10,   480] loss: 0.391
[10,   490] loss: 0.290
[10,   500] loss: 0.368
[10,   510] loss: 0.432
[10,   520] loss: 0.310
[10,   530] loss: 0.397
[10,   540] loss: 0.374
[10,   550] loss: 0.384
[10,   560] loss: 0.364
[10,   570] loss: 0.369
[10,   580] loss: 0.442
[10,   590] loss: 0.441
[10,   600] loss: 0.487
[10,   610] loss: 0.415
[10,   620] loss: 0.374
[10,   630] loss: 0.415
[10,   640] loss: 0.312
[10,   650] loss: 0.353
[10,   660] loss: 0.397
[10,   670] loss: 0.372
[10,   680] loss: 0.371
[10,   690] loss: 0.374
[10,   700] loss: 0.392
[10,   710] loss: 0.377
[10,   720] loss: 0.319
[10,   730] loss: 0.350
[10,   740] loss: 0.368
[10,   750] loss: 0.333
[10,   760] loss: 0.405
[10,   770] loss: 0.365
[10,   780] loss: 0.354
[10,   790] loss: 0.379
[10,   800] loss: 0.416
[11,    10] loss: 0.349
[11,    20] loss: 0.368
[11,    30] loss: 0.298
[11,    40] loss: 0.316
[11,    50] loss: 0.348
[11,    60] loss: 0.359
[11,    70] loss: 0.351
[11,    80] loss: 0.392
[11,    90] loss: 0.329
[11,   100] loss: 0.304
[11,   110] loss: 0.353
[11,   120] loss: 0.359
[11,   130] loss: 0.423
[11,   140] loss: 0.358
[11,   150] loss: 0.463
[11,   160] loss: 0.390
[11,   170] loss: 0.382
[11,   180] loss: 0.335
[11,   190] loss: 0.359
[11,   200] loss: 0.447
[11,   210] loss: 0.347
[11,   220] loss: 0.312
[11,   230] loss: 0.403
[11,   240] loss: 0.396
[11,   250] loss: 0.372
[11,   260] loss: 0.323
[11,   270] loss: 0.384
[11,   280] loss: 0.387
[11,   290] loss: 0.400
[11,   300] loss: 0.362
[11,   310] loss: 0.332
[11,   320] loss: 0.301
[11,   330] loss: 0.372
[11,   340] loss: 0.324
[11,   350] loss: 0.303
[11,   360] loss: 0.296
[11,   370] loss: 0.328
[11,   380] loss: 0.341
[11,   390] loss: 0.397
[11,   400] loss: 0.352
[11,   410] loss: 0.282
[11,   420] loss: 0.350
[11,   430] loss: 0.335
[11,   440] loss: 0.370
[11,   450] loss: 0.350
[11,   460] loss: 0.328
[11,   470] loss: 0.357
[11,   480] loss: 0.356
[11,   490] loss: 0.309
[11,   500] loss: 0.296
[11,   510] loss: 0.346
[11,   520] loss: 0.351
[11,   530] loss: 0.334
[11,   540] loss: 0.279
[11,   550] loss: 0.398
[11,   560] loss: 0.342
[11,   570] loss: 0.375
[11,   580] loss: 0.378
[11,   590] loss: 0.379
[11,   600] loss: 0.307
[11,   610] loss: 0.381
[11,   620] loss: 0.359
[11,   630] loss: 0.312
[11,   640] loss: 0.369
[11,   650] loss: 0.308
[11,   660] loss: 0.335
[11,   670] loss: 0.337
[11,   680] loss: 0.361
[11,   690] loss: 0.335
[11,   700] loss: 0.379
[11,   710] loss: 0.404
[11,   720] loss: 0.370
[11,   730] loss: 0.293
[11,   740] loss: 0.278
[11,   750] loss: 0.275
[11,   760] loss: 0.324
[11,   770] loss: 0.320
[11,   780] loss: 0.314
[11,   790] loss: 0.297
[11,   800] loss: 0.368
[12,    10] loss: 0.419
[12,    20] loss: 0.385
[12,    30] loss: 0.315
[12,    40] loss: 0.326
[12,    50] loss: 0.363
[12,    60] loss: 0.332
[12,    70] loss: 0.316
[12,    80] loss: 0.320
[12,    90] loss: 0.254
[12,   100] loss: 0.335
[12,   110] loss: 0.352
[12,   120] loss: 0.350
[12,   130] loss: 0.423
[12,   140] loss: 0.385
[12,   150] loss: 0.324
[12,   160] loss: 0.403
[12,   170] loss: 0.352
[12,   180] loss: 0.379
[12,   190] loss: 0.353
[12,   200] loss: 0.427
[12,   210] loss: 0.356
[12,   220] loss: 0.330
[12,   230] loss: 0.308
[12,   240] loss: 0.319
[12,   250] loss: 0.302
[12,   260] loss: 0.348
[12,   270] loss: 0.290
[12,   280] loss: 0.355
[12,   290] loss: 0.340
[12,   300] loss: 0.349
[12,   310] loss: 0.297
[12,   320] loss: 0.319
[12,   330] loss: 0.331
[12,   340] loss: 0.438
[12,   350] loss: 0.359
[12,   360] loss: 0.362
[12,   370] loss: 0.414
[12,   380] loss: 0.399
[12,   390] loss: 0.371
[12,   400] loss: 0.392
[12,   410] loss: 0.378
[12,   420] loss: 0.305
[12,   430] loss: 0.371
[12,   440] loss: 0.381
[12,   450] loss: 0.416
[12,   460] loss: 0.340
[12,   470] loss: 0.308
[12,   480] loss: 0.297
[12,   490] loss: 0.330
[12,   500] loss: 0.392
[12,   510] loss: 0.354
[12,   520] loss: 0.494
[12,   530] loss: 0.355
[12,   540] loss: 0.342
[12,   550] loss: 0.332
[12,   560] loss: 0.329
[12,   570] loss: 0.340
[12,   580] loss: 0.401
[12,   590] loss: 0.340
[12,   600] loss: 0.301
[12,   610] loss: 0.326
[12,   620] loss: 0.303
[12,   630] loss: 0.373
[12,   640] loss: 0.330
[12,   650] loss: 0.354
[12,   660] loss: 0.357
[12,   670] loss: 0.373
[12,   680] loss: 0.320
[12,   690] loss: 0.408
[12,   700] loss: 0.391
[12,   710] loss: 0.391
[12,   720] loss: 0.324
[12,   730] loss: 0.298
[12,   740] loss: 0.308
[12,   750] loss: 0.310
[12,   760] loss: 0.337
[12,   770] loss: 0.341
[12,   780] loss: 0.353
[12,   790] loss: 0.429
[12,   800] loss: 0.341
[13,    10] loss: 0.357
[13,    20] loss: 0.370
[13,    30] loss: 0.378
[13,    40] loss: 0.302
[13,    50] loss: 0.363
[13,    60] loss: 0.327
[13,    70] loss: 0.372
[13,    80] loss: 0.364
[13,    90] loss: 0.335
[13,   100] loss: 0.383
[13,   110] loss: 0.322
[13,   120] loss: 0.358
[13,   130] loss: 0.407
[13,   140] loss: 0.404
[13,   150] loss: 0.373
[13,   160] loss: 0.360
[13,   170] loss: 0.394
[13,   180] loss: 0.372
[13,   190] loss: 0.356
[13,   200] loss: 0.403
[13,   210] loss: 0.355
[13,   220] loss: 0.345
[13,   230] loss: 0.382
[13,   240] loss: 0.381
[13,   250] loss: 0.421
[13,   260] loss: 0.375
[13,   270] loss: 0.309
[13,   280] loss: 0.374
[13,   290] loss: 0.312
[13,   300] loss: 0.309
[13,   310] loss: 0.390
[13,   320] loss: 0.346
[13,   330] loss: 0.356
[13,   340] loss: 0.303
[13,   350] loss: 0.339
[13,   360] loss: 0.396
[13,   370] loss: 0.309
[13,   380] loss: 0.287
[13,   390] loss: 0.349
[13,   400] loss: 0.317
[13,   410] loss: 0.385
[13,   420] loss: 0.369
[13,   430] loss: 0.286
[13,   440] loss: 0.359
[13,   450] loss: 0.353
[13,   460] loss: 0.374
[13,   470] loss: 0.338
[13,   480] loss: 0.389
[13,   490] loss: 0.348
[13,   500] loss: 0.345
[13,   510] loss: 0.343
[13,   520] loss: 0.326
[13,   530] loss: 0.360
[13,   540] loss: 0.337
[13,   550] loss: 0.397
[13,   560] loss: 0.328
[13,   570] loss: 0.337
[13,   580] loss: 0.342
[13,   590] loss: 0.294
[13,   600] loss: 0.304
[13,   610] loss: 0.366
[13,   620] loss: 0.413
[13,   630] loss: 0.325
[13,   640] loss: 0.335
[13,   650] loss: 0.280
[13,   660] loss: 0.269
[13,   670] loss: 0.349
[13,   680] loss: 0.305
[13,   690] loss: 0.350
[13,   700] loss: 0.271
[13,   710] loss: 0.307
[13,   720] loss: 0.299
[13,   730] loss: 0.340
[13,   740] loss: 0.352
[13,   750] loss: 0.271
[13,   760] loss: 0.339
[13,   770] loss: 0.384
[13,   780] loss: 0.369
[13,   790] loss: 0.358
[13,   800] loss: 0.343
[14,    10] loss: 0.366
[14,    20] loss: 0.323
[14,    30] loss: 0.312
[14,    40] loss: 0.368
[14,    50] loss: 0.406
[14,    60] loss: 0.295
[14,    70] loss: 0.369
[14,    80] loss: 0.382
[14,    90] loss: 0.333
[14,   100] loss: 0.339
[14,   110] loss: 0.263
[14,   120] loss: 0.283
[14,   130] loss: 0.352
[14,   140] loss: 0.305
[14,   150] loss: 0.396
[14,   160] loss: 0.320
[14,   170] loss: 0.301
[14,   180] loss: 0.324
[14,   190] loss: 0.302
[14,   200] loss: 0.331
[14,   210] loss: 0.264
[14,   220] loss: 0.370
[14,   230] loss: 0.334
[14,   240] loss: 0.303
[14,   250] loss: 0.348
[14,   260] loss: 0.329
[14,   270] loss: 0.408
[14,   280] loss: 0.408
[14,   290] loss: 0.303
[14,   300] loss: 0.363
[14,   310] loss: 0.382
[14,   320] loss: 0.324
[14,   330] loss: 0.416
[14,   340] loss: 0.356
[14,   350] loss: 0.366
[14,   360] loss: 0.324
[14,   370] loss: 0.361
[14,   380] loss: 0.261
[14,   390] loss: 0.295
[14,   400] loss: 0.360
[14,   410] loss: 0.380
[14,   420] loss: 0.318
[14,   430] loss: 0.295
[14,   440] loss: 0.312
[14,   450] loss: 0.413
[14,   460] loss: 0.270
[14,   470] loss: 0.306
[14,   480] loss: 0.329
[14,   490] loss: 0.342
[14,   500] loss: 0.321
[14,   510] loss: 0.362
[14,   520] loss: 0.350
[14,   530] loss: 0.288
[14,   540] loss: 0.258
[14,   550] loss: 0.366
[14,   560] loss: 0.311
[14,   570] loss: 0.366
[14,   580] loss: 0.380
[14,   590] loss: 0.298
[14,   600] loss: 0.351
[14,   610] loss: 0.357
[14,   620] loss: 0.320
[14,   630] loss: 0.371
[14,   640] loss: 0.311
[14,   650] loss: 0.279
[14,   660] loss: 0.423
[14,   670] loss: 0.375
[14,   680] loss: 0.346
[14,   690] loss: 0.379
[14,   700] loss: 0.308
[14,   710] loss: 0.354
[14,   720] loss: 0.337
[14,   730] loss: 0.393
[14,   740] loss: 0.373
[14,   750] loss: 0.359
[14,   760] loss: 0.402
[14,   770] loss: 0.342
[14,   780] loss: 0.347
[14,   790] loss: 0.369
[14,   800] loss: 0.344
[15,    10] loss: 0.322
[15,    20] loss: 0.379
[15,    30] loss: 0.341
[15,    40] loss: 0.341
[15,    50] loss: 0.331
[15,    60] loss: 0.330
[15,    70] loss: 0.356
[15,    80] loss: 0.284
[15,    90] loss: 0.345
[15,   100] loss: 0.354
[15,   110] loss: 0.330
[15,   120] loss: 0.356
[15,   130] loss: 0.299
[15,   140] loss: 0.298
[15,   150] loss: 0.365
[15,   160] loss: 0.336
[15,   170] loss: 0.374
[15,   180] loss: 0.436
[15,   190] loss: 0.307
[15,   200] loss: 0.416
[15,   210] loss: 0.328
[15,   220] loss: 0.276
[15,   230] loss: 0.352
[15,   240] loss: 0.400
[15,   250] loss: 0.343
[15,   260] loss: 0.380
[15,   270] loss: 0.383
[15,   280] loss: 0.357
[15,   290] loss: 0.339
[15,   300] loss: 0.314
[15,   310] loss: 0.294
[15,   320] loss: 0.306
[15,   330] loss: 0.315
[15,   340] loss: 0.319
[15,   350] loss: 0.370
[15,   360] loss: 0.316
[15,   370] loss: 0.288
[15,   380] loss: 0.320
[15,   390] loss: 0.352
[15,   400] loss: 0.345
[15,   410] loss: 0.314
[15,   420] loss: 0.355
[15,   430] loss: 0.323
[15,   440] loss: 0.314
[15,   450] loss: 0.341
[15,   460] loss: 0.361
[15,   470] loss: 0.342
[15,   480] loss: 0.391
[15,   490] loss: 0.285
[15,   500] loss: 0.366
[15,   510] loss: 0.302
[15,   520] loss: 0.311
[15,   530] loss: 0.327
[15,   540] loss: 0.340
[15,   550] loss: 0.366
[15,   560] loss: 0.297
[15,   570] loss: 0.323
[15,   580] loss: 0.352
[15,   590] loss: 0.390
[15,   600] loss: 0.355
[15,   610] loss: 0.292
[15,   620] loss: 0.298
[15,   630] loss: 0.398
[15,   640] loss: 0.383
[15,   650] loss: 0.349
[15,   660] loss: 0.306
[15,   670] loss: 0.379
[15,   680] loss: 0.425
[15,   690] loss: 0.331
[15,   700] loss: 0.323
[15,   710] loss: 0.331
[15,   720] loss: 0.321
[15,   730] loss: 0.307
[15,   740] loss: 0.320
[15,   750] loss: 0.321
[15,   760] loss: 0.308
[15,   770] loss: 0.340
[15,   780] loss: 0.339
[15,   790] loss: 0.389
[15,   800] loss: 0.347
[16,    10] loss: 0.410
[16,    20] loss: 0.428
[16,    30] loss: 0.280
[16,    40] loss: 0.456
[16,    50] loss: 0.345
[16,    60] loss: 0.428
[16,    70] loss: 0.339
[16,    80] loss: 0.396
[16,    90] loss: 0.370
[16,   100] loss: 0.406
[16,   110] loss: 0.382
[16,   120] loss: 0.329
[16,   130] loss: 0.387
[16,   140] loss: 0.307
[16,   150] loss: 0.296
[16,   160] loss: 0.345
[16,   170] loss: 0.302
[16,   180] loss: 0.388
[16,   190] loss: 0.278
[16,   200] loss: 0.327
[16,   210] loss: 0.271
[16,   220] loss: 0.322
[16,   230] loss: 0.298
[16,   240] loss: 0.303
[16,   250] loss: 0.373
[16,   260] loss: 0.313
[16,   270] loss: 0.266
[16,   280] loss: 0.288
[16,   290] loss: 0.359
[16,   300] loss: 0.380
[16,   310] loss: 0.344
[16,   320] loss: 0.292
[16,   330] loss: 0.320
[16,   340] loss: 0.315
[16,   350] loss: 0.305
[16,   360] loss: 0.326
[16,   370] loss: 0.402
[16,   380] loss: 0.380
[16,   390] loss: 0.409
[16,   400] loss: 0.340
[16,   410] loss: 0.380
[16,   420] loss: 0.348
[16,   430] loss: 0.286
[16,   440] loss: 0.347
[16,   450] loss: 0.335
[16,   460] loss: 0.347
[16,   470] loss: 0.369
[16,   480] loss: 0.332
[16,   490] loss: 0.316
[16,   500] loss: 0.286
[16,   510] loss: 0.321
[16,   520] loss: 0.371
[16,   530] loss: 0.361
[16,   540] loss: 0.299
[16,   550] loss: 0.370
[16,   560] loss: 0.374
[16,   570] loss: 0.366
[16,   580] loss: 0.363
[16,   590] loss: 0.299
[16,   600] loss: 0.343
[16,   610] loss: 0.423
[16,   620] loss: 0.313
[16,   630] loss: 0.342
[16,   640] loss: 0.391
[16,   650] loss: 0.429
[16,   660] loss: 0.401
[16,   670] loss: 0.373
[16,   680] loss: 0.291
[16,   690] loss: 0.336
[16,   700] loss: 0.310
[16,   710] loss: 0.343
[16,   720] loss: 0.360
[16,   730] loss: 0.333
[16,   740] loss: 0.284
[16,   750] loss: 0.385
[16,   760] loss: 0.342
[16,   770] loss: 0.363
[16,   780] loss: 0.333
[16,   790] loss: 0.372
[16,   800] loss: 0.301
[17,    10] loss: 0.361
[17,    20] loss: 0.328
[17,    30] loss: 0.324
[17,    40] loss: 0.323
[17,    50] loss: 0.381
[17,    60] loss: 0.353
[17,    70] loss: 0.332
[17,    80] loss: 0.271
[17,    90] loss: 0.318
[17,   100] loss: 0.291
[17,   110] loss: 0.337
[17,   120] loss: 0.329
[17,   130] loss: 0.385
[17,   140] loss: 0.314
[17,   150] loss: 0.306
[17,   160] loss: 0.321
[17,   170] loss: 0.354
[17,   180] loss: 0.293
[17,   190] loss: 0.290
[17,   200] loss: 0.375
[17,   210] loss: 0.306
[17,   220] loss: 0.295
[17,   230] loss: 0.337
[17,   240] loss: 0.364
[17,   250] loss: 0.404
[17,   260] loss: 0.312
[17,   270] loss: 0.432
[17,   280] loss: 0.312
[17,   290] loss: 0.310
[17,   300] loss: 0.298
[17,   310] loss: 0.359
[17,   320] loss: 0.360
[17,   330] loss: 0.306
[17,   340] loss: 0.395
[17,   350] loss: 0.288
[17,   360] loss: 0.342
[17,   370] loss: 0.336
[17,   380] loss: 0.327
[17,   390] loss: 0.354
[17,   400] loss: 0.277
[17,   410] loss: 0.303
[17,   420] loss: 0.326
[17,   430] loss: 0.265
[17,   440] loss: 0.271
[17,   450] loss: 0.357
[17,   460] loss: 0.337
[17,   470] loss: 0.335
[17,   480] loss: 0.315
[17,   490] loss: 0.270
[17,   500] loss: 0.266
[17,   510] loss: 0.329
[17,   520] loss: 0.285
[17,   530] loss: 0.302
[17,   540] loss: 0.309
[17,   550] loss: 0.324
[17,   560] loss: 0.366
[17,   570] loss: 0.262
[17,   580] loss: 0.368
[17,   590] loss: 0.290
[17,   600] loss: 0.288
[17,   610] loss: 0.361
[17,   620] loss: 0.302
[17,   630] loss: 0.343
[17,   640] loss: 0.395
[17,   650] loss: 0.494
[17,   660] loss: 0.309
[17,   670] loss: 0.411
[17,   680] loss: 0.338
[17,   690] loss: 0.321
[17,   700] loss: 0.384
[17,   710] loss: 0.380
[17,   720] loss: 0.353
[17,   730] loss: 0.361
[17,   740] loss: 0.337
[17,   750] loss: 0.432
[17,   760] loss: 0.336
[17,   770] loss: 0.354
[17,   780] loss: 0.332
[17,   790] loss: 0.336
[17,   800] loss: 0.344
[18,    10] loss: 0.321
[18,    20] loss: 0.356
[18,    30] loss: 0.328
[18,    40] loss: 0.272
[18,    50] loss: 0.339
[18,    60] loss: 0.294
[18,    70] loss: 0.318
[18,    80] loss: 0.327
[18,    90] loss: 0.315
[18,   100] loss: 0.307
[18,   110] loss: 0.366
[18,   120] loss: 0.330
[18,   130] loss: 0.369
[18,   140] loss: 0.420
[18,   150] loss: 0.387
[18,   160] loss: 0.428
[18,   170] loss: 0.380
[18,   180] loss: 0.415
[18,   190] loss: 0.305
[18,   200] loss: 0.327
[18,   210] loss: 0.311
[18,   220] loss: 0.353
[18,   230] loss: 0.363
[18,   240] loss: 0.312
[18,   250] loss: 0.296
[18,   260] loss: 0.374
[18,   270] loss: 0.286
[18,   280] loss: 0.332
[18,   290] loss: 0.351
[18,   300] loss: 0.337
[18,   310] loss: 0.292
[18,   320] loss: 0.353
[18,   330] loss: 0.325
[18,   340] loss: 0.281
[18,   350] loss: 0.286
[18,   360] loss: 0.291
[18,   370] loss: 0.273
[18,   380] loss: 0.348
[18,   390] loss: 0.334
[18,   400] loss: 0.384
[18,   410] loss: 0.371
[18,   420] loss: 0.358
[18,   430] loss: 0.365
[18,   440] loss: 0.402
[18,   450] loss: 0.305
[18,   460] loss: 0.343
[18,   470] loss: 0.350
[18,   480] loss: 0.378
[18,   490] loss: 0.380
[18,   500] loss: 0.329
[18,   510] loss: 0.396
[18,   520] loss: 0.354
[18,   530] loss: 0.312
[18,   540] loss: 0.306
[18,   550] loss: 0.315
[18,   560] loss: 0.306
[18,   570] loss: 0.302
[18,   580] loss: 0.268
[18,   590] loss: 0.322
[18,   600] loss: 0.456
[18,   610] loss: 0.358
[18,   620] loss: 0.327
[18,   630] loss: 0.342
[18,   640] loss: 0.402
[18,   650] loss: 0.344
[18,   660] loss: 0.340
[18,   670] loss: 0.410
[18,   680] loss: 0.409
[18,   690] loss: 0.295
[18,   700] loss: 0.305
[18,   710] loss: 0.310
[18,   720] loss: 0.330
[18,   730] loss: 0.276
[18,   740] loss: 0.303
[18,   750] loss: 0.325
[18,   760] loss: 0.342
[18,   770] loss: 0.365
[18,   780] loss: 0.358
[18,   790] loss: 0.293
[18,   800] loss: 0.322
[19,    10] loss: 0.322
[19,    20] loss: 0.320
[19,    30] loss: 0.364
[19,    40] loss: 0.306
[19,    50] loss: 0.323
[19,    60] loss: 0.326
[19,    70] loss: 0.374
[19,    80] loss: 0.318
[19,    90] loss: 0.286
[19,   100] loss: 0.328
[19,   110] loss: 0.325
[19,   120] loss: 0.320
[19,   130] loss: 0.354
[19,   140] loss: 0.275
[19,   150] loss: 0.302
[19,   160] loss: 0.313
[19,   170] loss: 0.371
[19,   180] loss: 0.339
[19,   190] loss: 0.341
[19,   200] loss: 0.379
[19,   210] loss: 0.342
[19,   220] loss: 0.297
[19,   230] loss: 0.287
[19,   240] loss: 0.291
[19,   250] loss: 0.403
[19,   260] loss: 0.426
[19,   270] loss: 0.398
[19,   280] loss: 0.375
[19,   290] loss: 0.313
[19,   300] loss: 0.331
[19,   310] loss: 0.326
[19,   320] loss: 0.389
[19,   330] loss: 0.320
[19,   340] loss: 0.351
[19,   350] loss: 0.409
[19,   360] loss: 0.305
[19,   370] loss: 0.332
[19,   380] loss: 0.298
[19,   390] loss: 0.420
[19,   400] loss: 0.345
[19,   410] loss: 0.342
[19,   420] loss: 0.363
[19,   430] loss: 0.301
[19,   440] loss: 0.307
[19,   450] loss: 0.349
[19,   460] loss: 0.374
[19,   470] loss: 0.301
[19,   480] loss: 0.294
[19,   490] loss: 0.328
[19,   500] loss: 0.260
[19,   510] loss: 0.360
[19,   520] loss: 0.328
[19,   530] loss: 0.396
[19,   540] loss: 0.336
[19,   550] loss: 0.346
[19,   560] loss: 0.355
[19,   570] loss: 0.362
[19,   580] loss: 0.298
[19,   590] loss: 0.278
[19,   600] loss: 0.279
[19,   610] loss: 0.285
[19,   620] loss: 0.362
[19,   630] loss: 0.343
[19,   640] loss: 0.379
[19,   650] loss: 0.366
[19,   660] loss: 0.372
[19,   670] loss: 0.334
[19,   680] loss: 0.389
[19,   690] loss: 0.345
[19,   700] loss: 0.375
[19,   710] loss: 0.282
[19,   720] loss: 0.345
[19,   730] loss: 0.315
[19,   740] loss: 0.330
[19,   750] loss: 0.376
[19,   760] loss: 0.328
[19,   770] loss: 0.343
[19,   780] loss: 0.388
[19,   790] loss: 0.341
[19,   800] loss: 0.284
[20,    10] loss: 0.378
[20,    20] loss: 0.303
[20,    30] loss: 0.326
[20,    40] loss: 0.306
[20,    50] loss: 0.310
[20,    60] loss: 0.339
[20,    70] loss: 0.334
[20,    80] loss: 0.360
[20,    90] loss: 0.394
[20,   100] loss: 0.344
[20,   110] loss: 0.293
[20,   120] loss: 0.304
[20,   130] loss: 0.307
[20,   140] loss: 0.305
[20,   150] loss: 0.342
[20,   160] loss: 0.307
[20,   170] loss: 0.350
[20,   180] loss: 0.343
[20,   190] loss: 0.298
[20,   200] loss: 0.336
[20,   210] loss: 0.308
[20,   220] loss: 0.338
[20,   230] loss: 0.284
[20,   240] loss: 0.310
[20,   250] loss: 0.318
[20,   260] loss: 0.379
[20,   270] loss: 0.326
[20,   280] loss: 0.324
[20,   290] loss: 0.293
[20,   300] loss: 0.379
[20,   310] loss: 0.313
[20,   320] loss: 0.318
[20,   330] loss: 0.317
[20,   340] loss: 0.339
[20,   350] loss: 0.332
[20,   360] loss: 0.319
[20,   370] loss: 0.265
[20,   380] loss: 0.294
[20,   390] loss: 0.305
[20,   400] loss: 0.315
[20,   410] loss: 0.332
[20,   420] loss: 0.353
[20,   430] loss: 0.346
[20,   440] loss: 0.336
[20,   450] loss: 0.433
[20,   460] loss: 0.384
[20,   470] loss: 0.359
[20,   480] loss: 0.357
[20,   490] loss: 0.295
[20,   500] loss: 0.295
[20,   510] loss: 0.334
[20,   520] loss: 0.314
[20,   530] loss: 0.294
[20,   540] loss: 0.353
[20,   550] loss: 0.367
[20,   560] loss: 0.332
[20,   570] loss: 0.302
[20,   580] loss: 0.268
[20,   590] loss: 0.320
[20,   600] loss: 0.315
[20,   610] loss: 0.305
[20,   620] loss: 0.348
[20,   630] loss: 0.413
[20,   640] loss: 0.343
[20,   650] loss: 0.341
[20,   660] loss: 0.318
[20,   670] loss: 0.367
[20,   680] loss: 0.330
[20,   690] loss: 0.375
[20,   700] loss: 0.281
[20,   710] loss: 0.273
[20,   720] loss: 0.315
[20,   730] loss: 0.304
[20,   740] loss: 0.328
[20,   750] loss: 0.347
[20,   760] loss: 0.421
[20,   770] loss: 0.456
[20,   780] loss: 0.380
[20,   790] loss: 0.399
[20,   800] loss: 0.327
[21,    10] loss: 0.321
[21,    20] loss: 0.334
[21,    30] loss: 0.359
[21,    40] loss: 0.308
[21,    50] loss: 0.287
[21,    60] loss: 0.341
[21,    70] loss: 0.323
[21,    80] loss: 0.258
[21,    90] loss: 0.323
[21,   100] loss: 0.315
[21,   110] loss: 0.285
[21,   120] loss: 0.354
[21,   130] loss: 0.323
[21,   140] loss: 0.386
[21,   150] loss: 0.289
[21,   160] loss: 0.261
[21,   170] loss: 0.327
[21,   180] loss: 0.298
[21,   190] loss: 0.297
[21,   200] loss: 0.317
[21,   210] loss: 0.326
[21,   220] loss: 0.302
[21,   230] loss: 0.379
[21,   240] loss: 0.368
[21,   250] loss: 0.364
[21,   260] loss: 0.405
[21,   270] loss: 0.331
[21,   280] loss: 0.335
[21,   290] loss: 0.300
[21,   300] loss: 0.406
[21,   310] loss: 0.335
[21,   320] loss: 0.364
[21,   330] loss: 0.298
[21,   340] loss: 0.324
[21,   350] loss: 0.256
[21,   360] loss: 0.350
[21,   370] loss: 0.334
[21,   380] loss: 0.311
[21,   390] loss: 0.292
[21,   400] loss: 0.328
[21,   410] loss: 0.305
[21,   420] loss: 0.368
[21,   430] loss: 0.340
[21,   440] loss: 0.289
[21,   450] loss: 0.377
[21,   460] loss: 0.373
[21,   470] loss: 0.339
[21,   480] loss: 0.375
[21,   490] loss: 0.359
[21,   500] loss: 0.341
[21,   510] loss: 0.344
[21,   520] loss: 0.276
[21,   530] loss: 0.398
[21,   540] loss: 0.268
[21,   550] loss: 0.417
[21,   560] loss: 0.348
[21,   570] loss: 0.393
[21,   580] loss: 0.308
[21,   590] loss: 0.327
[21,   600] loss: 0.372
[21,   610] loss: 0.382
[21,   620] loss: 0.375
[21,   630] loss: 0.361
[21,   640] loss: 0.377
[21,   650] loss: 0.337
[21,   660] loss: 0.363
[21,   670] loss: 0.387
[21,   680] loss: 0.337
[21,   690] loss: 0.309
[21,   700] loss: 0.340
[21,   710] loss: 0.326
[21,   720] loss: 0.297
[21,   730] loss: 0.324
[21,   740] loss: 0.364
[21,   750] loss: 0.332
[21,   760] loss: 0.288
[21,   770] loss: 0.291
[21,   780] loss: 0.253
[21,   790] loss: 0.349
[21,   800] loss: 0.315
[22,    10] loss: 0.385
[22,    20] loss: 0.383
[22,    30] loss: 0.421
[22,    40] loss: 0.348
[22,    50] loss: 0.316
[22,    60] loss: 0.338
[22,    70] loss: 0.361
[22,    80] loss: 0.287
[22,    90] loss: 0.229
[22,   100] loss: 0.365
[22,   110] loss: 0.302
[22,   120] loss: 0.292
[22,   130] loss: 0.282
[22,   140] loss: 0.292
[22,   150] loss: 0.329
[22,   160] loss: 0.329
[22,   170] loss: 0.355
[22,   180] loss: 0.336
[22,   190] loss: 0.330
[22,   200] loss: 0.366
[22,   210] loss: 0.307
[22,   220] loss: 0.348
[22,   230] loss: 0.367
[22,   240] loss: 0.360
[22,   250] loss: 0.309
[22,   260] loss: 0.418
[22,   270] loss: 0.357
[22,   280] loss: 0.294
[22,   290] loss: 0.350
[22,   300] loss: 0.339
[22,   310] loss: 0.337
[22,   320] loss: 0.335
[22,   330] loss: 0.332
[22,   340] loss: 0.315
[22,   350] loss: 0.354
[22,   360] loss: 0.322
[22,   370] loss: 0.326
[22,   380] loss: 0.314
[22,   390] loss: 0.323
[22,   400] loss: 0.386
[22,   410] loss: 0.361
[22,   420] loss: 0.310
[22,   430] loss: 0.324
[22,   440] loss: 0.339
[22,   450] loss: 0.320
[22,   460] loss: 0.352
[22,   470] loss: 0.377
[22,   480] loss: 0.330
[22,   490] loss: 0.331
[22,   500] loss: 0.295
[22,   510] loss: 0.322
[22,   520] loss: 0.331
[22,   530] loss: 0.271
[22,   540] loss: 0.316
[22,   550] loss: 0.295
[22,   560] loss: 0.299
[22,   570] loss: 0.304
[22,   580] loss: 0.320
[22,   590] loss: 0.329
[22,   600] loss: 0.334
[22,   610] loss: 0.310
[22,   620] loss: 0.343
[22,   630] loss: 0.297
[22,   640] loss: 0.393
[22,   650] loss: 0.328
[22,   660] loss: 0.319
[22,   670] loss: 0.390
[22,   680] loss: 0.330
[22,   690] loss: 0.301
[22,   700] loss: 0.334
[22,   710] loss: 0.345
[22,   720] loss: 0.350
[22,   730] loss: 0.422
[22,   740] loss: 0.296
[22,   750] loss: 0.388
[22,   760] loss: 0.345
[22,   770] loss: 0.304
[22,   780] loss: 0.318
[22,   790] loss: 0.338
[22,   800] loss: 0.311
[23,    10] loss: 0.310
[23,    20] loss: 0.376
[23,    30] loss: 0.334
[23,    40] loss: 0.284
[23,    50] loss: 0.356
[23,    60] loss: 0.333
[23,    70] loss: 0.293
[23,    80] loss: 0.304
[23,    90] loss: 0.302
[23,   100] loss: 0.347
[23,   110] loss: 0.329
[23,   120] loss: 0.345
[23,   130] loss: 0.299
[23,   140] loss: 0.298
[23,   150] loss: 0.299
[23,   160] loss: 0.338
[23,   170] loss: 0.323
[23,   180] loss: 0.285
[23,   190] loss: 0.324
[23,   200] loss: 0.328
[23,   210] loss: 0.307
[23,   220] loss: 0.388
[23,   230] loss: 0.347
[23,   240] loss: 0.306
[23,   250] loss: 0.350
[23,   260] loss: 0.313
[23,   270] loss: 0.286
[23,   280] loss: 0.232
[23,   290] loss: 0.258
[23,   300] loss: 0.334
[23,   310] loss: 0.300
[23,   320] loss: 0.298
[23,   330] loss: 0.316
[23,   340] loss: 0.353
[23,   350] loss: 0.281
[23,   360] loss: 0.327
[23,   370] loss: 0.324
[23,   380] loss: 0.368
[23,   390] loss: 0.391
[23,   400] loss: 0.378
[23,   410] loss: 0.299
[23,   420] loss: 0.337
[23,   430] loss: 0.326
[23,   440] loss: 0.323
[23,   450] loss: 0.349
[23,   460] loss: 0.317
[23,   470] loss: 0.329
[23,   480] loss: 0.368
[23,   490] loss: 0.342
[23,   500] loss: 0.330
[23,   510] loss: 0.356
[23,   520] loss: 0.382
[23,   530] loss: 0.373
[23,   540] loss: 0.386
[23,   550] loss: 0.316
[23,   560] loss: 0.389
[23,   570] loss: 0.351
[23,   580] loss: 0.341
[23,   590] loss: 0.352
[23,   600] loss: 0.364
[23,   610] loss: 0.307
[23,   620] loss: 0.347
[23,   630] loss: 0.399
[23,   640] loss: 0.310
[23,   650] loss: 0.296
[23,   660] loss: 0.333
[23,   670] loss: 0.301
[23,   680] loss: 0.351
[23,   690] loss: 0.359
[23,   700] loss: 0.310
[23,   710] loss: 0.357
[23,   720] loss: 0.342
[23,   730] loss: 0.403
[23,   740] loss: 0.332
[23,   750] loss: 0.332
[23,   760] loss: 0.333
[23,   770] loss: 0.298
[23,   780] loss: 0.394
[23,   790] loss: 0.298
[23,   800] loss: 0.439
[24,    10] loss: 0.401
[24,    20] loss: 0.387
[24,    30] loss: 0.337
[24,    40] loss: 0.378
[24,    50] loss: 0.314
[24,    60] loss: 0.332
[24,    70] loss: 0.343
[24,    80] loss: 0.307
[24,    90] loss: 0.377
[24,   100] loss: 0.357
[24,   110] loss: 0.332
[24,   120] loss: 0.387
[24,   130] loss: 0.296
[24,   140] loss: 0.292
[24,   150] loss: 0.303
[24,   160] loss: 0.324
[24,   170] loss: 0.335
[24,   180] loss: 0.286
[24,   190] loss: 0.282
[24,   200] loss: 0.314
[24,   210] loss: 0.302
[24,   220] loss: 0.277
[24,   230] loss: 0.299
[24,   240] loss: 0.334
[24,   250] loss: 0.343
[24,   260] loss: 0.329
[24,   270] loss: 0.299
[24,   280] loss: 0.324
[24,   290] loss: 0.322
[24,   300] loss: 0.350
[24,   310] loss: 0.344
[24,   320] loss: 0.291
[24,   330] loss: 0.379
[24,   340] loss: 0.347
[24,   350] loss: 0.382
[24,   360] loss: 0.271
[24,   370] loss: 0.325
[24,   380] loss: 0.348
[24,   390] loss: 0.320
[24,   400] loss: 0.356
[24,   410] loss: 0.303
[24,   420] loss: 0.309
[24,   430] loss: 0.262
[24,   440] loss: 0.343
[24,   450] loss: 0.310
[24,   460] loss: 0.273
[24,   470] loss: 0.358
[24,   480] loss: 0.260
[24,   490] loss: 0.360
[24,   500] loss: 0.376
[24,   510] loss: 0.371
[24,   520] loss: 0.296
[24,   530] loss: 0.344
[24,   540] loss: 0.295
[24,   550] loss: 0.308
[24,   560] loss: 0.325
[24,   570] loss: 0.284
[24,   580] loss: 0.293
[24,   590] loss: 0.328
[24,   600] loss: 0.307
[24,   610] loss: 0.306
[24,   620] loss: 0.432
[24,   630] loss: 0.349
[24,   640] loss: 0.335
[24,   650] loss: 0.368
[24,   660] loss: 0.381
[24,   670] loss: 0.329
[24,   680] loss: 0.341
[24,   690] loss: 0.340
[24,   700] loss: 0.335
[24,   710] loss: 0.322
[24,   720] loss: 0.332
[24,   730] loss: 0.335
[24,   740] loss: 0.338
[24,   750] loss: 0.367
[24,   760] loss: 0.335
[24,   770] loss: 0.399
[24,   780] loss: 0.306
[24,   790] loss: 0.341
[24,   800] loss: 0.339
[25,    10] loss: 0.268
[25,    20] loss: 0.297
[25,    30] loss: 0.306
[25,    40] loss: 0.314
[25,    50] loss: 0.446
[25,    60] loss: 0.309
[25,    70] loss: 0.295
[25,    80] loss: 0.330
[25,    90] loss: 0.328
[25,   100] loss: 0.300
[25,   110] loss: 0.315
[25,   120] loss: 0.316
[25,   130] loss: 0.359
[25,   140] loss: 0.345
[25,   150] loss: 0.325
[25,   160] loss: 0.333
[25,   170] loss: 0.386
[25,   180] loss: 0.335
[25,   190] loss: 0.337
[25,   200] loss: 0.269
[25,   210] loss: 0.373
[25,   220] loss: 0.294
[25,   230] loss: 0.338
[25,   240] loss: 0.287
[25,   250] loss: 0.345
[25,   260] loss: 0.312
[25,   270] loss: 0.366
[25,   280] loss: 0.335
[25,   290] loss: 0.344
[25,   300] loss: 0.250
[25,   310] loss: 0.329
[25,   320] loss: 0.343
[25,   330] loss: 0.349
[25,   340] loss: 0.341
[25,   350] loss: 0.343
[25,   360] loss: 0.356
[25,   370] loss: 0.329
[25,   380] loss: 0.311
[25,   390] loss: 0.314
[25,   400] loss: 0.350
[25,   410] loss: 0.393
[25,   420] loss: 0.316
[25,   430] loss: 0.421
[25,   440] loss: 0.327
[25,   450] loss: 0.293
[25,   460] loss: 0.350
[25,   470] loss: 0.341
[25,   480] loss: 0.284
[25,   490] loss: 0.379
[25,   500] loss: 0.350
[25,   510] loss: 0.377
[25,   520] loss: 0.378
[25,   530] loss: 0.371
[25,   540] loss: 0.361
[25,   550] loss: 0.296
[25,   560] loss: 0.300
[25,   570] loss: 0.298
[25,   580] loss: 0.323
[25,   590] loss: 0.343
[25,   600] loss: 0.393
[25,   610] loss: 0.373
[25,   620] loss: 0.325
[25,   630] loss: 0.289
[25,   640] loss: 0.339
[25,   650] loss: 0.326
[25,   660] loss: 0.334
[25,   670] loss: 0.357
[25,   680] loss: 0.284
[25,   690] loss: 0.308
[25,   700] loss: 0.357
[25,   710] loss: 0.342
[25,   720] loss: 0.267
[25,   730] loss: 0.359
[25,   740] loss: 0.348
[25,   750] loss: 0.281
[25,   760] loss: 0.274
[25,   770] loss: 0.386
[25,   780] loss: 0.322
[25,   790] loss: 0.362
[25,   800] loss: 0.359
[26,    10] loss: 0.329
[26,    20] loss: 0.345
[26,    30] loss: 0.333
[26,    40] loss: 0.329
[26,    50] loss: 0.359
[26,    60] loss: 0.305
[26,    70] loss: 0.422
[26,    80] loss: 0.336
[26,    90] loss: 0.378
[26,   100] loss: 0.401
[26,   110] loss: 0.313
[26,   120] loss: 0.356
[26,   130] loss: 0.369
[26,   140] loss: 0.351
[26,   150] loss: 0.331
[26,   160] loss: 0.308
[26,   170] loss: 0.392
[26,   180] loss: 0.269
[26,   190] loss: 0.302
[26,   200] loss: 0.296
[26,   210] loss: 0.287
[26,   220] loss: 0.284
[26,   230] loss: 0.379
[26,   240] loss: 0.280
[26,   250] loss: 0.357
[26,   260] loss: 0.310
[26,   270] loss: 0.349
[26,   280] loss: 0.290
[26,   290] loss: 0.324
[26,   300] loss: 0.367
[26,   310] loss: 0.360
[26,   320] loss: 0.304
[26,   330] loss: 0.281
[26,   340] loss: 0.369
[26,   350] loss: 0.291
[26,   360] loss: 0.333
[26,   370] loss: 0.331
[26,   380] loss: 0.335
[26,   390] loss: 0.315
[26,   400] loss: 0.340
[26,   410] loss: 0.351
[26,   420] loss: 0.343
[26,   430] loss: 0.327
[26,   440] loss: 0.346
[26,   450] loss: 0.285
[26,   460] loss: 0.305
[26,   470] loss: 0.351
[26,   480] loss: 0.258
[26,   490] loss: 0.319
[26,   500] loss: 0.343
[26,   510] loss: 0.343
[26,   520] loss: 0.361
[26,   530] loss: 0.338
[26,   540] loss: 0.350
[26,   550] loss: 0.265
[26,   560] loss: 0.336
[26,   570] loss: 0.320
[26,   580] loss: 0.337
[26,   590] loss: 0.296
[26,   600] loss: 0.378
[26,   610] loss: 0.353
[26,   620] loss: 0.382
[26,   630] loss: 0.299
[26,   640] loss: 0.365
[26,   650] loss: 0.324
[26,   660] loss: 0.334
[26,   670] loss: 0.305
[26,   680] loss: 0.371
[26,   690] loss: 0.343
[26,   700] loss: 0.286
[26,   710] loss: 0.330
[26,   720] loss: 0.347
[26,   730] loss: 0.298
[26,   740] loss: 0.385
[26,   750] loss: 0.332
[26,   760] loss: 0.329
[26,   770] loss: 0.343
[26,   780] loss: 0.326
[26,   790] loss: 0.297
[26,   800] loss: 0.299
[27,    10] loss: 0.373
[27,    20] loss: 0.334
[27,    30] loss: 0.334
[27,    40] loss: 0.302
[27,    50] loss: 0.319
[27,    60] loss: 0.343
[27,    70] loss: 0.308
[27,    80] loss: 0.290
[27,    90] loss: 0.322
[27,   100] loss: 0.333
[27,   110] loss: 0.240
[27,   120] loss: 0.339
[27,   130] loss: 0.382
[27,   140] loss: 0.396
[27,   150] loss: 0.350
[27,   160] loss: 0.315
[27,   170] loss: 0.358
[27,   180] loss: 0.303
[27,   190] loss: 0.426
[27,   200] loss: 0.351
[27,   210] loss: 0.283
[27,   220] loss: 0.373
[27,   230] loss: 0.331
[27,   240] loss: 0.328
[27,   250] loss: 0.343
[27,   260] loss: 0.341
[27,   270] loss: 0.341
[27,   280] loss: 0.273
[27,   290] loss: 0.315
[27,   300] loss: 0.334
[27,   310] loss: 0.278
[27,   320] loss: 0.286
[27,   330] loss: 0.316
[27,   340] loss: 0.326
[27,   350] loss: 0.307
[27,   360] loss: 0.335
[27,   370] loss: 0.377
[27,   380] loss: 0.315
[27,   390] loss: 0.294
[27,   400] loss: 0.342
[27,   410] loss: 0.312
[27,   420] loss: 0.330
[27,   430] loss: 0.343
[27,   440] loss: 0.311
[27,   450] loss: 0.325
[27,   460] loss: 0.340
[27,   470] loss: 0.318
[27,   480] loss: 0.279
[27,   490] loss: 0.258
[27,   500] loss: 0.354
[27,   510] loss: 0.323
[27,   520] loss: 0.530
[27,   530] loss: 0.521
[27,   540] loss: 0.527
[27,   550] loss: 0.481
[27,   560] loss: 0.446
[27,   570] loss: 0.423
[27,   580] loss: 0.405
[27,   590] loss: 0.351
[27,   600] loss: 0.383
[27,   610] loss: 0.406
[27,   620] loss: 0.342
[27,   630] loss: 0.387
[27,   640] loss: 0.379
[27,   650] loss: 0.399
[27,   660] loss: 0.368
[27,   670] loss: 0.372
[27,   680] loss: 0.301
[27,   690] loss: 0.336
[27,   700] loss: 0.333
[27,   710] loss: 0.307
[27,   720] loss: 0.383
[27,   730] loss: 0.300
[27,   740] loss: 0.386
[27,   750] loss: 0.389
[27,   760] loss: 0.365
[27,   770] loss: 0.376
[27,   780] loss: 0.388
[27,   790] loss: 0.332
[27,   800] loss: 0.327
[28,    10] loss: 0.310
[28,    20] loss: 0.346
[28,    30] loss: 0.314
[28,    40] loss: 0.350
[28,    50] loss: 0.350
[28,    60] loss: 0.280
[28,    70] loss: 0.371
[28,    80] loss: 0.291
[28,    90] loss: 0.308
[28,   100] loss: 0.329
[28,   110] loss: 0.296
[28,   120] loss: 0.321
[28,   130] loss: 0.288
[28,   140] loss: 0.270
[28,   150] loss: 0.281
[28,   160] loss: 0.369
[28,   170] loss: 0.324
[28,   180] loss: 0.296
[28,   190] loss: 0.289
[28,   200] loss: 0.311
[28,   210] loss: 0.324
[28,   220] loss: 0.347
[28,   230] loss: 0.269
[28,   240] loss: 0.318
[28,   250] loss: 0.329
[28,   260] loss: 0.236
[28,   270] loss: 0.317
[28,   280] loss: 0.307
[28,   290] loss: 0.280
[28,   300] loss: 0.323
[28,   310] loss: 0.295
[28,   320] loss: 0.305
[28,   330] loss: 0.325
[28,   340] loss: 0.398
[28,   350] loss: 0.354
[28,   360] loss: 0.398
[28,   370] loss: 0.330
[28,   380] loss: 0.364
[28,   390] loss: 0.356
[28,   400] loss: 0.342
[28,   410] loss: 0.351
[28,   420] loss: 0.277
[28,   430] loss: 0.328
[28,   440] loss: 0.347
[28,   450] loss: 0.404
[28,   460] loss: 0.264
[28,   470] loss: 0.360
[28,   480] loss: 0.291
[28,   490] loss: 0.320
[28,   500] loss: 0.286
[28,   510] loss: 0.297
[28,   520] loss: 0.317
[28,   530] loss: 0.360
[28,   540] loss: 0.317
[28,   550] loss: 0.308
[28,   560] loss: 0.328
[28,   570] loss: 0.272
[28,   580] loss: 0.346
[28,   590] loss: 0.311
[28,   600] loss: 0.311
[28,   610] loss: 0.333
[28,   620] loss: 0.375
[28,   630] loss: 0.322
[28,   640] loss: 0.336
[28,   650] loss: 0.325
[28,   660] loss: 0.359
[28,   670] loss: 0.314
[28,   680] loss: 0.262
[28,   690] loss: 0.316
[28,   700] loss: 0.306
[28,   710] loss: 0.293
[28,   720] loss: 0.263
[28,   730] loss: 0.314
[28,   740] loss: 0.307
[28,   750] loss: 0.315
[28,   760] loss: 0.316
[28,   770] loss: 0.377
[28,   780] loss: 0.317
[28,   790] loss: 0.294
[28,   800] loss: 0.346
[29,    10] loss: 0.375
[29,    20] loss: 0.332
[29,    30] loss: 0.323
[29,    40] loss: 0.420
[29,    50] loss: 0.302
[29,    60] loss: 0.332
[29,    70] loss: 0.371
[29,    80] loss: 0.335
[29,    90] loss: 0.291
[29,   100] loss: 0.316
[29,   110] loss: 0.277
[29,   120] loss: 0.350
[29,   130] loss: 0.350
[29,   140] loss: 0.296
[29,   150] loss: 0.344
[29,   160] loss: 0.294
[29,   170] loss: 0.329
[29,   180] loss: 0.291
[29,   190] loss: 0.296
[29,   200] loss: 0.336
[29,   210] loss: 0.301
[29,   220] loss: 0.297
[29,   230] loss: 0.324
[29,   240] loss: 0.297
[29,   250] loss: 0.285
[29,   260] loss: 0.291
[29,   270] loss: 0.345
[29,   280] loss: 0.337
[29,   290] loss: 0.378
[29,   300] loss: 0.325
[29,   310] loss: 0.272
[29,   320] loss: 0.307
[29,   330] loss: 0.341
[29,   340] loss: 0.367
[29,   350] loss: 0.371
[29,   360] loss: 0.396
[29,   370] loss: 0.357
[29,   380] loss: 0.300
[29,   390] loss: 0.414
[29,   400] loss: 0.327
[29,   410] loss: 0.264
[29,   420] loss: 0.294
[29,   430] loss: 0.354
[29,   440] loss: 0.277
[29,   450] loss: 0.276
[29,   460] loss: 0.304
[29,   470] loss: 0.304
[29,   480] loss: 0.329
[29,   490] loss: 0.337
[29,   500] loss: 0.292
[29,   510] loss: 0.316
[29,   520] loss: 0.344
[29,   530] loss: 0.296
[29,   540] loss: 0.295
[29,   550] loss: 0.297
[29,   560] loss: 0.267
[29,   570] loss: 0.313
[29,   580] loss: 0.304
[29,   590] loss: 0.281
[29,   600] loss: 0.357
[29,   610] loss: 0.299
[29,   620] loss: 0.353
[29,   630] loss: 0.312
[29,   640] loss: 0.362
[29,   650] loss: 0.362
[29,   660] loss: 0.305
[29,   670] loss: 0.304
[29,   680] loss: 0.345
[29,   690] loss: 0.321
[29,   700] loss: 0.317
[29,   710] loss: 0.326
[29,   720] loss: 0.301
[29,   730] loss: 0.365
[29,   740] loss: 0.364
[29,   750] loss: 0.340
[29,   760] loss: 0.269
[29,   770] loss: 0.352
[29,   780] loss: 0.276
[29,   790] loss: 0.309
[29,   800] loss: 0.355
[30,    10] loss: 0.328
[30,    20] loss: 0.426
[30,    30] loss: 0.356
[30,    40] loss: 0.344
[30,    50] loss: 0.286
[30,    60] loss: 0.308
[30,    70] loss: 0.317
[30,    80] loss: 0.298
[30,    90] loss: 0.270
[30,   100] loss: 0.277
[30,   110] loss: 0.292
[30,   120] loss: 0.342
[30,   130] loss: 0.303
[30,   140] loss: 0.357
[30,   150] loss: 0.317
[30,   160] loss: 0.341
[30,   170] loss: 0.369
[30,   180] loss: 0.334
[30,   190] loss: 0.355
[30,   200] loss: 0.338
[30,   210] loss: 0.326
[30,   220] loss: 0.348
[30,   230] loss: 0.319
[30,   240] loss: 0.338
[30,   250] loss: 0.320
[30,   260] loss: 0.326
[30,   270] loss: 0.327
[30,   280] loss: 0.305
[30,   290] loss: 0.333
[30,   300] loss: 0.333
[30,   310] loss: 0.330
[30,   320] loss: 0.328
[30,   330] loss: 0.317
[30,   340] loss: 0.308
[30,   350] loss: 0.335
[30,   360] loss: 0.283
[30,   370] loss: 0.268
[30,   380] loss: 0.292
[30,   390] loss: 0.277
[30,   400] loss: 0.318
[30,   410] loss: 0.282
[30,   420] loss: 0.313
[30,   430] loss: 0.315
[30,   440] loss: 0.357
[30,   450] loss: 0.280
[30,   460] loss: 0.323
[30,   470] loss: 0.353
[30,   480] loss: 0.323
[30,   490] loss: 0.370
[30,   500] loss: 0.331
[30,   510] loss: 0.359
[30,   520] loss: 0.400
[30,   530] loss: 0.372
[30,   540] loss: 0.351
[30,   550] loss: 0.399
[30,   560] loss: 0.345
[30,   570] loss: 0.324
[30,   580] loss: 0.399
[30,   590] loss: 0.361
[30,   600] loss: 0.332
[30,   610] loss: 0.305
[30,   620] loss: 0.347
[30,   630] loss: 0.287
[30,   640] loss: 0.288
[30,   650] loss: 0.304
[30,   660] loss: 0.321
[30,   670] loss: 0.299
[30,   680] loss: 0.337
[30,   690] loss: 0.303
[30,   700] loss: 0.314
[30,   710] loss: 0.313
[30,   720] loss: 0.378
[30,   730] loss: 0.361
[30,   740] loss: 0.427
[30,   750] loss: 0.347
[30,   760] loss: 0.331
[30,   770] loss: 0.398
[30,   780] loss: 0.326
[30,   790] loss: 0.343
[30,   800] loss: 0.344
[31,    10] loss: 0.343
[31,    20] loss: 0.291
[31,    30] loss: 0.310
[31,    40] loss: 0.303
[31,    50] loss: 0.302
[31,    60] loss: 0.295
[31,    70] loss: 0.335
[31,    80] loss: 0.330
[31,    90] loss: 0.283
[31,   100] loss: 0.309
[31,   110] loss: 0.320
[31,   120] loss: 0.298
[31,   130] loss: 0.278
[31,   140] loss: 0.333
[31,   150] loss: 0.294
[31,   160] loss: 0.315
[31,   170] loss: 0.340
[31,   180] loss: 0.325
[31,   190] loss: 0.339
[31,   200] loss: 0.327
[31,   210] loss: 0.321
[31,   220] loss: 0.283
[31,   230] loss: 0.312
[31,   240] loss: 0.316
[31,   250] loss: 0.347
[31,   260] loss: 0.322
[31,   270] loss: 0.297
[31,   280] loss: 0.255
[31,   290] loss: 0.251
[31,   300] loss: 0.283
[31,   310] loss: 0.338
[31,   320] loss: 0.389
[31,   330] loss: 0.332
[31,   340] loss: 0.342
[31,   350] loss: 0.324
[31,   360] loss: 0.272
[31,   370] loss: 0.330
[31,   380] loss: 0.358
[31,   390] loss: 0.371
[31,   400] loss: 0.398
[31,   410] loss: 0.328
[31,   420] loss: 0.349
[31,   430] loss: 0.311
[31,   440] loss: 0.269
[31,   450] loss: 0.323
[31,   460] loss: 0.325
[31,   470] loss: 0.333
[31,   480] loss: 0.334
[31,   490] loss: 0.393
[31,   500] loss: 0.383
[31,   510] loss: 0.361
[31,   520] loss: 0.396
[31,   530] loss: 0.324
[31,   540] loss: 0.345
[31,   550] loss: 0.327
[31,   560] loss: 0.408
[31,   570] loss: 0.321
[31,   580] loss: 0.279
[31,   590] loss: 0.296
[31,   600] loss: 0.373
[31,   610] loss: 0.310
[31,   620] loss: 0.349
[31,   630] loss: 0.271
[31,   640] loss: 0.360
[31,   650] loss: 0.304
[31,   660] loss: 0.311
[31,   670] loss: 0.311
[31,   680] loss: 0.308
[31,   690] loss: 0.335
[31,   700] loss: 0.370
[31,   710] loss: 0.335
[31,   720] loss: 0.298
[31,   730] loss: 0.313
[31,   740] loss: 0.400
[31,   750] loss: 0.373
[31,   760] loss: 0.360
[31,   770] loss: 0.279
[31,   780] loss: 0.253
[31,   790] loss: 0.361
[31,   800] loss: 0.328
[32,    10] loss: 0.367
[32,    20] loss: 0.306
[32,    30] loss: 0.322
[32,    40] loss: 0.414
[32,    50] loss: 0.337
[32,    60] loss: 0.356
[32,    70] loss: 0.329
[32,    80] loss: 0.308
[32,    90] loss: 0.286
[32,   100] loss: 0.252
[32,   110] loss: 0.333
[32,   120] loss: 0.342
[32,   130] loss: 0.354
[32,   140] loss: 0.294
[32,   150] loss: 0.324
[32,   160] loss: 0.328
[32,   170] loss: 0.325
[32,   180] loss: 0.330
[32,   190] loss: 0.332
[32,   200] loss: 0.324
[32,   210] loss: 0.323
[32,   220] loss: 0.313
[32,   230] loss: 0.361
[32,   240] loss: 0.266
[32,   250] loss: 0.311
[32,   260] loss: 0.305
[32,   270] loss: 0.317
[32,   280] loss: 0.351
[32,   290] loss: 0.343
[32,   300] loss: 0.392
[32,   310] loss: 0.282
[32,   320] loss: 0.331
[32,   330] loss: 0.273
[32,   340] loss: 0.302
[32,   350] loss: 0.312
[32,   360] loss: 0.368
[32,   370] loss: 0.412
[32,   380] loss: 0.376
[32,   390] loss: 0.312
[32,   400] loss: 0.286
[32,   410] loss: 0.308
[32,   420] loss: 0.398
[32,   430] loss: 0.299
[32,   440] loss: 0.314
[32,   450] loss: 0.330
[32,   460] loss: 0.340
[32,   470] loss: 0.377
[32,   480] loss: 0.317
[32,   490] loss: 0.336
[32,   500] loss: 0.299
[32,   510] loss: 0.263
[32,   520] loss: 0.307
[32,   530] loss: 0.248
[32,   540] loss: 0.339
[32,   550] loss: 0.316
[32,   560] loss: 0.321
[32,   570] loss: 0.318
[32,   580] loss: 0.280
[32,   590] loss: 0.346
[32,   600] loss: 0.300
[32,   610] loss: 0.276
[32,   620] loss: 0.333
[32,   630] loss: 0.286
[32,   640] loss: 0.368
[32,   650] loss: 0.332
[32,   660] loss: 0.365
[32,   670] loss: 0.306
[32,   680] loss: 0.315
[32,   690] loss: 0.316
[32,   700] loss: 0.334
[32,   710] loss: 0.325
[32,   720] loss: 0.314
[32,   730] loss: 0.374
[32,   740] loss: 0.347
[32,   750] loss: 0.320
[32,   760] loss: 0.301
[32,   770] loss: 0.305
[32,   780] loss: 0.351
[32,   790] loss: 0.329
[32,   800] loss: 0.350
[33,    10] loss: 0.347
[33,    20] loss: 0.352
[33,    30] loss: 0.362
[33,    40] loss: 0.309
[33,    50] loss: 0.291
[33,    60] loss: 0.329
[33,    70] loss: 0.287
[33,    80] loss: 0.367
[33,    90] loss: 0.350
[33,   100] loss: 0.274
[33,   110] loss: 0.343
[33,   120] loss: 0.292
[33,   130] loss: 0.302
[33,   140] loss: 0.291
[33,   150] loss: 0.302
[33,   160] loss: 0.322
[33,   170] loss: 0.348
[33,   180] loss: 0.318
[33,   190] loss: 0.320
[33,   200] loss: 0.296
[33,   210] loss: 0.303
[33,   220] loss: 0.334
[33,   230] loss: 0.306
[33,   240] loss: 0.290
[33,   250] loss: 0.360
[33,   260] loss: 0.351
[33,   270] loss: 0.281
[33,   280] loss: 0.335
[33,   290] loss: 0.336
[33,   300] loss: 0.328
[33,   310] loss: 0.317
[33,   320] loss: 0.329
[33,   330] loss: 0.356
[33,   340] loss: 0.333
[33,   350] loss: 0.308
[33,   360] loss: 0.315
[33,   370] loss: 0.277
[33,   380] loss: 0.271
[33,   390] loss: 0.275
[33,   400] loss: 0.291
[33,   410] loss: 0.292
[33,   420] loss: 0.286
[33,   430] loss: 0.303
[33,   440] loss: 0.339
[33,   450] loss: 0.334
[33,   460] loss: 0.353
[33,   470] loss: 0.356
[33,   480] loss: 0.301
[33,   490] loss: 0.365
[33,   500] loss: 0.384
[33,   510] loss: 0.373
[33,   520] loss: 0.383
[33,   530] loss: 0.349
[33,   540] loss: 0.354
[33,   550] loss: 0.333
[33,   560] loss: 0.359
[33,   570] loss: 0.352
[33,   580] loss: 0.312
[33,   590] loss: 0.361
[33,   600] loss: 0.339
[33,   610] loss: 0.377
[33,   620] loss: 0.336
[33,   630] loss: 0.364
[33,   640] loss: 0.325
[33,   650] loss: 0.365
[33,   660] loss: 0.348
[33,   670] loss: 0.345
[33,   680] loss: 0.348
[33,   690] loss: 0.375
[33,   700] loss: 0.368
[33,   710] loss: 0.317
[33,   720] loss: 0.345
[33,   730] loss: 0.338
[33,   740] loss: 0.344
[33,   750] loss: 0.395
[33,   760] loss: 0.378
[33,   770] loss: 0.366
[33,   780] loss: 0.356
[33,   790] loss: 0.359
[33,   800] loss: 0.386
[34,    10] loss: 0.376
[34,    20] loss: 0.300
[34,    30] loss: 0.336
[34,    40] loss: 0.324
[34,    50] loss: 0.317
[34,    60] loss: 0.254
[34,    70] loss: 0.265
[34,    80] loss: 0.286
[34,    90] loss: 0.255
[34,   100] loss: 0.248
[34,   110] loss: 0.365
[34,   120] loss: 0.282
[34,   130] loss: 0.286
[34,   140] loss: 0.289
[34,   150] loss: 0.304
[34,   160] loss: 0.319
[34,   170] loss: 0.313
[34,   180] loss: 0.310
[34,   190] loss: 0.342
[34,   200] loss: 0.331
[34,   210] loss: 0.343
[34,   220] loss: 0.328
[34,   230] loss: 0.297
[34,   240] loss: 0.279
[34,   250] loss: 0.308
[34,   260] loss: 0.309
[34,   270] loss: 0.307
[34,   280] loss: 0.322
[34,   290] loss: 0.323
[34,   300] loss: 0.305
[34,   310] loss: 0.404
[34,   320] loss: 0.334
[34,   330] loss: 0.331
[34,   340] loss: 0.282
[34,   350] loss: 0.295
[34,   360] loss: 0.303
[34,   370] loss: 0.315
[34,   380] loss: 0.306
[34,   390] loss: 0.369
[34,   400] loss: 0.409
[34,   410] loss: 0.284
[34,   420] loss: 0.313
[34,   430] loss: 0.362
[34,   440] loss: 0.355
[34,   450] loss: 0.391
[34,   460] loss: 0.386
[34,   470] loss: 0.399
[34,   480] loss: 0.322
[34,   490] loss: 0.370
[34,   500] loss: 0.377
[34,   510] loss: 0.422
[34,   520] loss: 0.372
[34,   530] loss: 0.453
[34,   540] loss: 0.470
[34,   550] loss: 0.426
[34,   560] loss: 0.340
[34,   570] loss: 0.402
[34,   580] loss: 0.362
[34,   590] loss: 0.327
[34,   600] loss: 0.467
[34,   610] loss: 0.342
[34,   620] loss: 0.315
[34,   630] loss: 0.278
[34,   640] loss: 0.363
[34,   650] loss: 0.429
[34,   660] loss: 0.349
[34,   670] loss: 0.327
[34,   680] loss: 0.301
[34,   690] loss: 0.291
[34,   700] loss: 0.304
[34,   710] loss: 0.323
[34,   720] loss: 0.278
[34,   730] loss: 0.362
[34,   740] loss: 0.273
[34,   750] loss: 0.335
[34,   760] loss: 0.326
[34,   770] loss: 0.303
[34,   780] loss: 0.313
[34,   790] loss: 0.390
[34,   800] loss: 0.367
[35,    10] loss: 0.407
[35,    20] loss: 0.374
[35,    30] loss: 0.340
[35,    40] loss: 0.252
[35,    50] loss: 0.338
[35,    60] loss: 0.331
[35,    70] loss: 0.369
[35,    80] loss: 0.307
[35,    90] loss: 0.309
[35,   100] loss: 0.369
[35,   110] loss: 0.285
[35,   120] loss: 0.374
[35,   130] loss: 0.352
[35,   140] loss: 0.315
[35,   150] loss: 0.344
[35,   160] loss: 0.307
[35,   170] loss: 0.297
[35,   180] loss: 0.301
[35,   190] loss: 0.313
[35,   200] loss: 0.349
[35,   210] loss: 0.316
[35,   220] loss: 0.320
[35,   230] loss: 0.261
[35,   240] loss: 0.308
[35,   250] loss: 0.301
[35,   260] loss: 0.323
[35,   270] loss: 0.261
[35,   280] loss: 0.227
[35,   290] loss: 0.357
[35,   300] loss: 0.329
[35,   310] loss: 0.305
[35,   320] loss: 0.299
[35,   330] loss: 0.283
[35,   340] loss: 0.304
[35,   350] loss: 0.282
[35,   360] loss: 0.320
[35,   370] loss: 0.386
[35,   380] loss: 0.354
[35,   390] loss: 0.392
[35,   400] loss: 0.277
[35,   410] loss: 0.316
[35,   420] loss: 0.266
[35,   430] loss: 0.313
[35,   440] loss: 0.319
[35,   450] loss: 0.391
[35,   460] loss: 0.313
[35,   470] loss: 0.375
[35,   480] loss: 0.295
[35,   490] loss: 0.276
[35,   500] loss: 0.293
[35,   510] loss: 0.340
[35,   520] loss: 0.305
[35,   530] loss: 0.278
[35,   540] loss: 0.351
[35,   550] loss: 0.349
[35,   560] loss: 0.326
[35,   570] loss: 0.350
[35,   580] loss: 0.372
[35,   590] loss: 0.344
[35,   600] loss: 0.412
[35,   610] loss: 0.306
[35,   620] loss: 0.339
[35,   630] loss: 0.322
[35,   640] loss: 0.369
[35,   650] loss: 0.366
[35,   660] loss: 0.359
[35,   670] loss: 0.256
[35,   680] loss: 0.283
[35,   690] loss: 0.372
[35,   700] loss: 0.299
[35,   710] loss: 0.376
[35,   720] loss: 0.311
[35,   730] loss: 0.282
[35,   740] loss: 0.315
[35,   750] loss: 0.288
[35,   760] loss: 0.305
[35,   770] loss: 0.361
[35,   780] loss: 0.304
[35,   790] loss: 0.298
[35,   800] loss: 0.281
[36,    10] loss: 0.377
[36,    20] loss: 0.251
[36,    30] loss: 0.303
[36,    40] loss: 0.320
[36,    50] loss: 0.364
[36,    60] loss: 0.317
[36,    70] loss: 0.325
[36,    80] loss: 0.321
[36,    90] loss: 0.305
[36,   100] loss: 0.264
[36,   110] loss: 0.297
[36,   120] loss: 0.319
[36,   130] loss: 0.335
[36,   140] loss: 0.353
[36,   150] loss: 0.380
[36,   160] loss: 0.352
[36,   170] loss: 0.397
[36,   180] loss: 0.351
[36,   190] loss: 0.364
[36,   200] loss: 0.271
[36,   210] loss: 0.342
[36,   220] loss: 0.263
[36,   230] loss: 0.269
[36,   240] loss: 0.307
[36,   250] loss: 0.299
[36,   260] loss: 0.303
[36,   270] loss: 0.289
[36,   280] loss: 0.329
[36,   290] loss: 0.393
[36,   300] loss: 0.289
[36,   310] loss: 0.321
[36,   320] loss: 0.362
[36,   330] loss: 0.384
[36,   340] loss: 0.430
[36,   350] loss: 0.363
[36,   360] loss: 0.297
[36,   370] loss: 0.341
[36,   380] loss: 0.346
[36,   390] loss: 0.333
[36,   400] loss: 0.377
[36,   410] loss: 0.308
[36,   420] loss: 0.352
[36,   430] loss: 0.337
[36,   440] loss: 0.336
[36,   450] loss: 0.311
[36,   460] loss: 0.333
[36,   470] loss: 0.285
[36,   480] loss: 0.307
[36,   490] loss: 0.315
[36,   500] loss: 0.300
[36,   510] loss: 0.337
[36,   520] loss: 0.286
[36,   530] loss: 0.343
[36,   540] loss: 0.307
[36,   550] loss: 0.319
[36,   560] loss: 0.312
[36,   570] loss: 0.287
[36,   580] loss: 0.343
[36,   590] loss: 0.336
[36,   600] loss: 0.308
[36,   610] loss: 0.285
[36,   620] loss: 0.314
[36,   630] loss: 0.308
[36,   640] loss: 0.375
[36,   650] loss: 0.326
[36,   660] loss: 0.312
[36,   670] loss: 0.307
[36,   680] loss: 0.335
[36,   690] loss: 0.290
[36,   700] loss: 0.343
[36,   710] loss: 0.369
[36,   720] loss: 0.339
[36,   730] loss: 0.303
[36,   740] loss: 0.268
[36,   750] loss: 0.340
[36,   760] loss: 0.267
[36,   770] loss: 0.263
[36,   780] loss: 0.314
[36,   790] loss: 0.319
[36,   800] loss: 0.281
[37,    10] loss: 0.259
[37,    20] loss: 0.277
[37,    30] loss: 0.317
[37,    40] loss: 0.307
[37,    50] loss: 0.284
[37,    60] loss: 0.297
[37,    70] loss: 0.272
[37,    80] loss: 0.323
[37,    90] loss: 0.370
[37,   100] loss: 0.343
[37,   110] loss: 0.307
[37,   120] loss: 0.326
[37,   130] loss: 0.367
[37,   140] loss: 0.307
[37,   150] loss: 0.306
[37,   160] loss: 0.367
[37,   170] loss: 0.351
[37,   180] loss: 0.334
[37,   190] loss: 0.280
[37,   200] loss: 0.352
[37,   210] loss: 0.332
[37,   220] loss: 0.362
[37,   230] loss: 0.349
[37,   240] loss: 0.346
[37,   250] loss: 0.310
[37,   260] loss: 0.383
[37,   270] loss: 0.306
[37,   280] loss: 0.299
[37,   290] loss: 0.354
[37,   300] loss: 0.308
[37,   310] loss: 0.305
[37,   320] loss: 0.357
[37,   330] loss: 0.252
[37,   340] loss: 0.292
[37,   350] loss: 0.356
[37,   360] loss: 0.354
[37,   370] loss: 0.297
[37,   380] loss: 0.329
[37,   390] loss: 0.417
[37,   400] loss: 0.369
[37,   410] loss: 0.311
[37,   420] loss: 0.314
[37,   430] loss: 0.334
[37,   440] loss: 0.316
[37,   450] loss: 0.348
[37,   460] loss: 0.293
[37,   470] loss: 0.323
[37,   480] loss: 0.341
[37,   490] loss: 0.283
[37,   500] loss: 0.361
[37,   510] loss: 0.352
[37,   520] loss: 0.287
[37,   530] loss: 0.409
[37,   540] loss: 0.316
[37,   550] loss: 0.304
[37,   560] loss: 0.324
[37,   570] loss: 0.409
[37,   580] loss: 0.310
[37,   590] loss: 0.272
[37,   600] loss: 0.318
[37,   610] loss: 0.273
[37,   620] loss: 0.314
[37,   630] loss: 0.257
[37,   640] loss: 0.301
[37,   650] loss: 0.346
[37,   660] loss: 0.282
[37,   670] loss: 0.360
[37,   680] loss: 0.352
[37,   690] loss: 0.353
[37,   700] loss: 0.304
[37,   710] loss: 0.277
[37,   720] loss: 0.311
[37,   730] loss: 0.342
[37,   740] loss: 0.363
[37,   750] loss: 0.290
[37,   760] loss: 0.301
[37,   770] loss: 0.349
[37,   780] loss: 0.325
[37,   790] loss: 0.292
[37,   800] loss: 0.340
[38,    10] loss: 0.306
[38,    20] loss: 0.268
[38,    30] loss: 0.285
[38,    40] loss: 0.316
[38,    50] loss: 0.297
[38,    60] loss: 0.318
[38,    70] loss: 0.330
[38,    80] loss: 0.335
[38,    90] loss: 0.309
[38,   100] loss: 0.286
[38,   110] loss: 0.333
[38,   120] loss: 0.314
[38,   130] loss: 0.322
[38,   140] loss: 0.311
[38,   150] loss: 0.301
[38,   160] loss: 0.395
[38,   170] loss: 0.331
[38,   180] loss: 0.307
[38,   190] loss: 0.324
[38,   200] loss: 0.317
[38,   210] loss: 0.411
[38,   220] loss: 0.287
[38,   230] loss: 0.264
[38,   240] loss: 0.312
[38,   250] loss: 0.309
[38,   260] loss: 0.341
[38,   270] loss: 0.334
[38,   280] loss: 0.350
[38,   290] loss: 0.324
[38,   300] loss: 0.303
[38,   310] loss: 0.316
[38,   320] loss: 0.278
[38,   330] loss: 0.345
[38,   340] loss: 0.333
[38,   350] loss: 0.335
[38,   360] loss: 0.323
[38,   370] loss: 0.322
[38,   380] loss: 0.263
[38,   390] loss: 0.360
[38,   400] loss: 0.396
[38,   410] loss: 0.325
[38,   420] loss: 0.322
[38,   430] loss: 0.367
[38,   440] loss: 0.252
[38,   450] loss: 0.310
[38,   460] loss: 0.323
[38,   470] loss: 0.327
[38,   480] loss: 0.342
[38,   490] loss: 0.278
[38,   500] loss: 0.315
[38,   510] loss: 0.339
[38,   520] loss: 0.295
[38,   530] loss: 0.278
[38,   540] loss: 0.355
[38,   550] loss: 0.324
[38,   560] loss: 0.309
[38,   570] loss: 0.248
[38,   580] loss: 0.296
[38,   590] loss: 0.300
[38,   600] loss: 0.317
[38,   610] loss: 0.274
[38,   620] loss: 0.286
[38,   630] loss: 0.352
[38,   640] loss: 0.354
[38,   650] loss: 0.299
[38,   660] loss: 0.317
[38,   670] loss: 0.319
[38,   680] loss: 0.353
[38,   690] loss: 0.347
[38,   700] loss: 0.331
[38,   710] loss: 0.319
[38,   720] loss: 0.401
[38,   730] loss: 0.323
[38,   740] loss: 0.363
[38,   750] loss: 0.322
[38,   760] loss: 0.316
[38,   770] loss: 0.325
[38,   780] loss: 0.328
[38,   790] loss: 0.386
[38,   800] loss: 0.374
[39,    10] loss: 0.341
[39,    20] loss: 0.260
[39,    30] loss: 0.317
[39,    40] loss: 0.370
[39,    50] loss: 0.275
[39,    60] loss: 0.308
[39,    70] loss: 0.295
[39,    80] loss: 0.379
[39,    90] loss: 0.393
[39,   100] loss: 0.345
[39,   110] loss: 0.306
[39,   120] loss: 0.327
[39,   130] loss: 0.338
[39,   140] loss: 0.370
[39,   150] loss: 0.354
[39,   160] loss: 0.311
[39,   170] loss: 0.302
[39,   180] loss: 0.334
[39,   190] loss: 0.274
[39,   200] loss: 0.297
[39,   210] loss: 0.301
[39,   220] loss: 0.378
[39,   230] loss: 0.324
[39,   240] loss: 0.306
[39,   250] loss: 0.307
[39,   260] loss: 0.336
[39,   270] loss: 0.359
[39,   280] loss: 0.331
[39,   290] loss: 0.303
[39,   300] loss: 0.336
[39,   310] loss: 0.291
[39,   320] loss: 0.340
[39,   330] loss: 0.339
[39,   340] loss: 0.320
[39,   350] loss: 0.445
[39,   360] loss: 0.300
[39,   370] loss: 0.298
[39,   380] loss: 0.317
[39,   390] loss: 0.303
[39,   400] loss: 0.337
[39,   410] loss: 0.282
[39,   420] loss: 0.321
[39,   430] loss: 0.298
[39,   440] loss: 0.298
[39,   450] loss: 0.341
[39,   460] loss: 0.313
[39,   470] loss: 0.277
[39,   480] loss: 0.284
[39,   490] loss: 0.320
[39,   500] loss: 0.281
[39,   510] loss: 0.336
[39,   520] loss: 0.328
[39,   530] loss: 0.318
[39,   540] loss: 0.338
[39,   550] loss: 0.353
[39,   560] loss: 0.328
[39,   570] loss: 0.333
[39,   580] loss: 0.303
[39,   590] loss: 0.386
[39,   600] loss: 0.308
[39,   610] loss: 0.259
[39,   620] loss: 0.298
[39,   630] loss: 0.256
[39,   640] loss: 0.308
[39,   650] loss: 0.323
[39,   660] loss: 0.307
[39,   670] loss: 0.310
[39,   680] loss: 0.337
[39,   690] loss: 0.351
[39,   700] loss: 0.320
[39,   710] loss: 0.340
[39,   720] loss: 0.344
[39,   730] loss: 0.285
[39,   740] loss: 0.337
[39,   750] loss: 0.291
[39,   760] loss: 0.359
[39,   770] loss: 0.389
[39,   780] loss: 0.358
[39,   790] loss: 0.315
[39,   800] loss: 0.282
[40,    10] loss: 0.400
[40,    20] loss: 0.356
[40,    30] loss: 0.322
[40,    40] loss: 0.337
[40,    50] loss: 0.352
[40,    60] loss: 0.342
[40,    70] loss: 0.318
[40,    80] loss: 0.332
[40,    90] loss: 0.347
[40,   100] loss: 0.313
[40,   110] loss: 0.333
[40,   120] loss: 0.349
[40,   130] loss: 0.340
[40,   140] loss: 0.339
[40,   150] loss: 0.239
[40,   160] loss: 0.343
[40,   170] loss: 0.301
[40,   180] loss: 0.353
[40,   190] loss: 0.368
[40,   200] loss: 0.407
[40,   210] loss: 0.335
[40,   220] loss: 0.410
[40,   230] loss: 0.339
[40,   240] loss: 0.338
[40,   250] loss: 0.368
[40,   260] loss: 0.294
[40,   270] loss: 0.372
[40,   280] loss: 0.372
[40,   290] loss: 0.331
[40,   300] loss: 0.249
[40,   310] loss: 0.330
[40,   320] loss: 0.299
[40,   330] loss: 0.329
[40,   340] loss: 0.379
[40,   350] loss: 0.301
[40,   360] loss: 0.326
[40,   370] loss: 0.388
[40,   380] loss: 0.447
[40,   390] loss: 0.343
[40,   400] loss: 0.366
[40,   410] loss: 0.417
[40,   420] loss: 0.399
[40,   430] loss: 0.390
[40,   440] loss: 0.365
[40,   450] loss: 0.354
[40,   460] loss: 0.287
[40,   470] loss: 0.286
[40,   480] loss: 0.298
[40,   490] loss: 0.322
[40,   500] loss: 0.277
[40,   510] loss: 0.305
[40,   520] loss: 0.300
[40,   530] loss: 0.337
[40,   540] loss: 0.318
[40,   550] loss: 0.342
[40,   560] loss: 0.328
[40,   570] loss: 0.318
[40,   580] loss: 0.305
[40,   590] loss: 0.371
[40,   600] loss: 0.320
[40,   610] loss: 0.254
[40,   620] loss: 0.331
[40,   630] loss: 0.275
[40,   640] loss: 0.335
[40,   650] loss: 0.283
[40,   660] loss: 0.381
[40,   670] loss: 0.352
[40,   680] loss: 0.358
[40,   690] loss: 0.341
[40,   700] loss: 0.366
[40,   710] loss: 0.321
[40,   720] loss: 0.260
[40,   730] loss: 0.319
[40,   740] loss: 0.336
[40,   750] loss: 0.322
[40,   760] loss: 0.373
[40,   770] loss: 0.287
[40,   780] loss: 0.402
[40,   790] loss: 0.345
[40,   800] loss: 0.318
[41,    10] loss: 0.300
[41,    20] loss: 0.317
[41,    30] loss: 0.335
[41,    40] loss: 0.339
[41,    50] loss: 0.286
[41,    60] loss: 0.234
[41,    70] loss: 0.287
[41,    80] loss: 0.342
[41,    90] loss: 0.285
[41,   100] loss: 0.247
[41,   110] loss: 0.256
[41,   120] loss: 0.290
[41,   130] loss: 0.231
[41,   140] loss: 0.297
[41,   150] loss: 0.335
[41,   160] loss: 0.327
[41,   170] loss: 0.323
[41,   180] loss: 0.276
[41,   190] loss: 0.333
[41,   200] loss: 0.323
[41,   210] loss: 0.273
[41,   220] loss: 0.290
[41,   230] loss: 0.312
[41,   240] loss: 0.316
[41,   250] loss: 0.360
[41,   260] loss: 0.253
[41,   270] loss: 0.322
[41,   280] loss: 0.349
[41,   290] loss: 0.355
[41,   300] loss: 0.286
[41,   310] loss: 0.252
[41,   320] loss: 0.303
[41,   330] loss: 0.320
[41,   340] loss: 0.321
[41,   350] loss: 0.293
[41,   360] loss: 0.397
[41,   370] loss: 0.307
[41,   380] loss: 0.313
[41,   390] loss: 0.325
[41,   400] loss: 0.268
[41,   410] loss: 0.332
[41,   420] loss: 0.331
[41,   430] loss: 0.343
[41,   440] loss: 0.329
[41,   450] loss: 0.318
[41,   460] loss: 0.302
[41,   470] loss: 0.288
[41,   480] loss: 0.290
[41,   490] loss: 0.305
[41,   500] loss: 0.332
[41,   510] loss: 0.308
[41,   520] loss: 0.343
[41,   530] loss: 0.348
[41,   540] loss: 0.328
[41,   550] loss: 0.344
[41,   560] loss: 0.301
[41,   570] loss: 0.397
[41,   580] loss: 0.277
[41,   590] loss: 0.351
[41,   600] loss: 0.269
[41,   610] loss: 0.368
[41,   620] loss: 0.376
[41,   630] loss: 0.320
[41,   640] loss: 0.314
[41,   650] loss: 0.301
[41,   660] loss: 0.358
[41,   670] loss: 0.351
[41,   680] loss: 0.304
[41,   690] loss: 0.303
[41,   700] loss: 0.262
[41,   710] loss: 0.288
[41,   720] loss: 0.342
[41,   730] loss: 0.257
[41,   740] loss: 0.353
[41,   750] loss: 0.391
[41,   760] loss: 0.341
[41,   770] loss: 0.303
[41,   780] loss: 0.325
[41,   790] loss: 0.271
[41,   800] loss: 0.343
[42,    10] loss: 0.239
[42,    20] loss: 0.332
[42,    30] loss: 0.348
[42,    40] loss: 0.341
[42,    50] loss: 0.314
[42,    60] loss: 0.306
[42,    70] loss: 0.285
[42,    80] loss: 0.305
[42,    90] loss: 0.307
[42,   100] loss: 0.317
[42,   110] loss: 0.326
[42,   120] loss: 0.322
[42,   130] loss: 0.365
[42,   140] loss: 0.288
[42,   150] loss: 0.416
[42,   160] loss: 0.302
[42,   170] loss: 0.287
[42,   180] loss: 0.327
[42,   190] loss: 0.335
[42,   200] loss: 0.322
[42,   210] loss: 0.366
[42,   220] loss: 0.319
[42,   230] loss: 0.252
[42,   240] loss: 0.313
[42,   250] loss: 0.322
[42,   260] loss: 0.360
[42,   270] loss: 0.280
[42,   280] loss: 0.301
[42,   290] loss: 0.330
[42,   300] loss: 0.290
[42,   310] loss: 0.342
[42,   320] loss: 0.295
[42,   330] loss: 0.335
[42,   340] loss: 0.333
[42,   350] loss: 0.294
[42,   360] loss: 0.286
[42,   370] loss: 0.306
[42,   380] loss: 0.328
[42,   390] loss: 0.300
[42,   400] loss: 0.329
[42,   410] loss: 0.346
[42,   420] loss: 0.314
[42,   430] loss: 0.349
[42,   440] loss: 0.324
[42,   450] loss: 0.335
[42,   460] loss: 0.315
[42,   470] loss: 0.327
[42,   480] loss: 0.391
[42,   490] loss: 0.305
[42,   500] loss: 0.330
[42,   510] loss: 0.421
[42,   520] loss: 0.388
[42,   530] loss: 0.426
[42,   540] loss: 0.400
[42,   550] loss: 0.312
[42,   560] loss: 0.369
[42,   570] loss: 0.409
[42,   580] loss: 0.283
[42,   590] loss: 0.315
[42,   600] loss: 0.268
[42,   610] loss: 0.308
[42,   620] loss: 0.352
[42,   630] loss: 0.322
[42,   640] loss: 0.356
[42,   650] loss: 0.301
[42,   660] loss: 0.317
[42,   670] loss: 0.299
[42,   680] loss: 0.292
[42,   690] loss: 0.401
[42,   700] loss: 0.310
[42,   710] loss: 0.351
[42,   720] loss: 0.357
[42,   730] loss: 0.300
[42,   740] loss: 0.266
[42,   750] loss: 0.384
[42,   760] loss: 0.310
[42,   770] loss: 0.264
[42,   780] loss: 0.327
[42,   790] loss: 0.329
[42,   800] loss: 0.383
[43,    10] loss: 0.311
[43,    20] loss: 0.342
[43,    30] loss: 0.289
[43,    40] loss: 0.293
[43,    50] loss: 0.340
[43,    60] loss: 0.304
[43,    70] loss: 0.312
[43,    80] loss: 0.361
[43,    90] loss: 0.317
[43,   100] loss: 0.293
[43,   110] loss: 0.356
[43,   120] loss: 0.297
[43,   130] loss: 0.353
[43,   140] loss: 0.312
[43,   150] loss: 0.270
[43,   160] loss: 0.325
[43,   170] loss: 0.413
[43,   180] loss: 0.316
[43,   190] loss: 0.276
[43,   200] loss: 0.297
[43,   210] loss: 0.327
[43,   220] loss: 0.324
[43,   230] loss: 0.295
[43,   240] loss: 0.295
[43,   250] loss: 0.308
[43,   260] loss: 0.276
[43,   270] loss: 0.270
[43,   280] loss: 0.302
[43,   290] loss: 0.284
[43,   300] loss: 0.345
[43,   310] loss: 0.332
[43,   320] loss: 0.297
[43,   330] loss: 0.353
[43,   340] loss: 0.339
[43,   350] loss: 0.290
[43,   360] loss: 0.375
[43,   370] loss: 0.373
[43,   380] loss: 0.302
[43,   390] loss: 0.357
[43,   400] loss: 0.323
[43,   410] loss: 0.292
[43,   420] loss: 0.311
[43,   430] loss: 0.322
[43,   440] loss: 0.322
[43,   450] loss: 0.321
[43,   460] loss: 0.333
[43,   470] loss: 0.347
[43,   480] loss: 0.342
[43,   490] loss: 0.306
[43,   500] loss: 0.263
[43,   510] loss: 0.364
[43,   520] loss: 0.314
[43,   530] loss: 0.328
[43,   540] loss: 0.327
[43,   550] loss: 0.428
[43,   560] loss: 0.307
[43,   570] loss: 0.365
[43,   580] loss: 0.272
[43,   590] loss: 0.372
[43,   600] loss: 0.326
[43,   610] loss: 0.408
[43,   620] loss: 0.318
[43,   630] loss: 0.358
[43,   640] loss: 0.328
[43,   650] loss: 0.273
[43,   660] loss: 0.310
[43,   670] loss: 0.313
[43,   680] loss: 0.318
[43,   690] loss: 0.249
[43,   700] loss: 0.330
[43,   710] loss: 0.338
[43,   720] loss: 0.349
[43,   730] loss: 0.313
[43,   740] loss: 0.367
[43,   750] loss: 0.300
[43,   760] loss: 0.382
[43,   770] loss: 0.308
[43,   780] loss: 0.345
[43,   790] loss: 0.401
[43,   800] loss: 0.366
[44,    10] loss: 0.369
[44,    20] loss: 0.369
[44,    30] loss: 0.331
[44,    40] loss: 0.316
[44,    50] loss: 0.278
[44,    60] loss: 0.319
[44,    70] loss: 0.317
[44,    80] loss: 0.296
[44,    90] loss: 0.335
[44,   100] loss: 0.320
[44,   110] loss: 0.390
[44,   120] loss: 0.304
[44,   130] loss: 0.269
[44,   140] loss: 0.353
[44,   150] loss: 0.330
[44,   160] loss: 0.377
[44,   170] loss: 0.350
[44,   180] loss: 0.334
[44,   190] loss: 0.304
[44,   200] loss: 0.331
[44,   210] loss: 0.309
[44,   220] loss: 0.279
[44,   230] loss: 0.358
[44,   240] loss: 0.320
[44,   250] loss: 0.266
[44,   260] loss: 0.288
[44,   270] loss: 0.323
[44,   280] loss: 0.310
[44,   290] loss: 0.305
[44,   300] loss: 0.370
[44,   310] loss: 0.317
[44,   320] loss: 0.379
[44,   330] loss: 0.286
[44,   340] loss: 0.257
[44,   350] loss: 0.334
[44,   360] loss: 0.363
[44,   370] loss: 0.331
[44,   380] loss: 0.252
[44,   390] loss: 0.263
[44,   400] loss: 0.260
[44,   410] loss: 0.323
[44,   420] loss: 0.278
[44,   430] loss: 0.344
[44,   440] loss: 0.377
[44,   450] loss: 0.367
[44,   460] loss: 0.308
[44,   470] loss: 0.344
[44,   480] loss: 0.334
[44,   490] loss: 0.372
[44,   500] loss: 0.354
[44,   510] loss: 0.287
[44,   520] loss: 0.351
[44,   530] loss: 0.307
[44,   540] loss: 0.339
[44,   550] loss: 0.350
[44,   560] loss: 0.307
[44,   570] loss: 0.332
[44,   580] loss: 0.328
[44,   590] loss: 0.372
[44,   600] loss: 0.305
[44,   610] loss: 0.375
[44,   620] loss: 0.391
[44,   630] loss: 0.251
[44,   640] loss: 0.326
[44,   650] loss: 0.338
[44,   660] loss: 0.350
[44,   670] loss: 0.339
[44,   680] loss: 0.331
[44,   690] loss: 0.342
[44,   700] loss: 0.331
[44,   710] loss: 0.412
[44,   720] loss: 0.303
[44,   730] loss: 0.342
[44,   740] loss: 0.324
[44,   750] loss: 0.339
[44,   760] loss: 0.307
[44,   770] loss: 0.267
[44,   780] loss: 0.261
[44,   790] loss: 0.328
[44,   800] loss: 0.326
[45,    10] loss: 0.308
[45,    20] loss: 0.263
[45,    30] loss: 0.363
[45,    40] loss: 0.320
[45,    50] loss: 0.334
[45,    60] loss: 0.289
[45,    70] loss: 0.350
[45,    80] loss: 0.303
[45,    90] loss: 0.292
[45,   100] loss: 0.322
[45,   110] loss: 0.265
[45,   120] loss: 0.283
[45,   130] loss: 0.299
[45,   140] loss: 0.298
[45,   150] loss: 0.321
[45,   160] loss: 0.333
[45,   170] loss: 0.242
[45,   180] loss: 0.317
[45,   190] loss: 0.305
[45,   200] loss: 0.343
[45,   210] loss: 0.323
[45,   220] loss: 0.362
[45,   230] loss: 0.365
[45,   240] loss: 0.305
[45,   250] loss: 0.307
[45,   260] loss: 0.300
[45,   270] loss: 0.337
[45,   280] loss: 0.322
[45,   290] loss: 0.320
[45,   300] loss: 0.406
[45,   310] loss: 0.370
[45,   320] loss: 0.366
[45,   330] loss: 0.301
[45,   340] loss: 0.331
[45,   350] loss: 0.264
[45,   360] loss: 0.296
[45,   370] loss: 0.334
[45,   380] loss: 0.320
[45,   390] loss: 0.394
[45,   400] loss: 0.278
[45,   410] loss: 0.346
[45,   420] loss: 0.283
[45,   430] loss: 0.317
[45,   440] loss: 0.350
[45,   450] loss: 0.284
[45,   460] loss: 0.335
[45,   470] loss: 0.318
[45,   480] loss: 0.319
[45,   490] loss: 0.281
[45,   500] loss: 0.250
[45,   510] loss: 0.324
[45,   520] loss: 0.341
[45,   530] loss: 0.330
[45,   540] loss: 0.296
[45,   550] loss: 0.362
[45,   560] loss: 0.314
[45,   570] loss: 0.355
[45,   580] loss: 0.307
[45,   590] loss: 0.318
[45,   600] loss: 0.347
[45,   610] loss: 0.384
[45,   620] loss: 0.340
[45,   630] loss: 0.337
[45,   640] loss: 0.381
[45,   650] loss: 0.237
[45,   660] loss: 0.349
[45,   670] loss: 0.294
[45,   680] loss: 0.337
[45,   690] loss: 0.347
[45,   700] loss: 0.370
[45,   710] loss: 0.333
[45,   720] loss: 0.365
[45,   730] loss: 0.335
[45,   740] loss: 0.348
[45,   750] loss: 0.312
[45,   760] loss: 0.318
[45,   770] loss: 0.416
[45,   780] loss: 0.343
[45,   790] loss: 0.371
[45,   800] loss: 0.346
[46,    10] loss: 0.405
[46,    20] loss: 0.326
[46,    30] loss: 0.297
[46,    40] loss: 0.306
[46,    50] loss: 0.380
[46,    60] loss: 0.293
[46,    70] loss: 0.307
[46,    80] loss: 0.325
[46,    90] loss: 0.396
[46,   100] loss: 0.331
[46,   110] loss: 0.294
[46,   120] loss: 0.278
[46,   130] loss: 0.320
[46,   140] loss: 0.307
[46,   150] loss: 0.326
[46,   160] loss: 0.340
[46,   170] loss: 0.343
[46,   180] loss: 0.340
[46,   190] loss: 0.305
[46,   200] loss: 0.316
[46,   210] loss: 0.243
[46,   220] loss: 0.317
[46,   230] loss: 0.329
[46,   240] loss: 0.341
[46,   250] loss: 0.301
[46,   260] loss: 0.332
[46,   270] loss: 0.344
[46,   280] loss: 0.301
[46,   290] loss: 0.306
[46,   300] loss: 0.404
[46,   310] loss: 0.305
[46,   320] loss: 0.294
[46,   330] loss: 0.292
[46,   340] loss: 0.352
[46,   350] loss: 0.317
[46,   360] loss: 0.306
[46,   370] loss: 0.306
[46,   380] loss: 0.288
[46,   390] loss: 0.282
[46,   400] loss: 0.289
[46,   410] loss: 0.277
[46,   420] loss: 0.353
[46,   430] loss: 0.354
[46,   440] loss: 0.348
[46,   450] loss: 0.306
[46,   460] loss: 0.340
[46,   470] loss: 0.298
[46,   480] loss: 0.342
[46,   490] loss: 0.377
[46,   500] loss: 0.310
[46,   510] loss: 0.320
[46,   520] loss: 0.429
[46,   530] loss: 0.313
[46,   540] loss: 0.287
[46,   550] loss: 0.373
[46,   560] loss: 0.297
[46,   570] loss: 0.277
[46,   580] loss: 0.315
[46,   590] loss: 0.308
[46,   600] loss: 0.265
[46,   610] loss: 0.329
[46,   620] loss: 0.352
[46,   630] loss: 0.336
[46,   640] loss: 0.297
[46,   650] loss: 0.300
[46,   660] loss: 0.324
[46,   670] loss: 0.316
[46,   680] loss: 0.310
[46,   690] loss: 0.313
[46,   700] loss: 0.370
[46,   710] loss: 0.346
[46,   720] loss: 0.320
[46,   730] loss: 0.350
[46,   740] loss: 0.331
[46,   750] loss: 0.270
[46,   760] loss: 0.223
[46,   770] loss: 0.345
[46,   780] loss: 0.294
[46,   790] loss: 0.266
[46,   800] loss: 0.340
[47,    10] loss: 0.275
[47,    20] loss: 0.305
[47,    30] loss: 0.253
[47,    40] loss: 0.290
[47,    50] loss: 0.293
[47,    60] loss: 0.344
[47,    70] loss: 0.306
[47,    80] loss: 0.295
[47,    90] loss: 0.299
[47,   100] loss: 0.359
[47,   110] loss: 0.348
[47,   120] loss: 0.256
[47,   130] loss: 0.344
[47,   140] loss: 0.357
[47,   150] loss: 0.369
[47,   160] loss: 0.279
[47,   170] loss: 0.304
[47,   180] loss: 0.278
[47,   190] loss: 0.359
[47,   200] loss: 0.315
[47,   210] loss: 0.321
[47,   220] loss: 0.303
[47,   230] loss: 0.351
[47,   240] loss: 0.363
[47,   250] loss: 0.280
[47,   260] loss: 0.284
[47,   270] loss: 0.311
[47,   280] loss: 0.332
[47,   290] loss: 0.330
[47,   300] loss: 0.307
[47,   310] loss: 0.263
[47,   320] loss: 0.261
[47,   330] loss: 0.296
[47,   340] loss: 0.286
[47,   350] loss: 0.325
[47,   360] loss: 0.341
[47,   370] loss: 0.296
[47,   380] loss: 0.340
[47,   390] loss: 0.270
[47,   400] loss: 0.352
[47,   410] loss: 0.324
[47,   420] loss: 0.311
[47,   430] loss: 0.281
[47,   440] loss: 0.344
[47,   450] loss: 0.279
[47,   460] loss: 0.385
[47,   470] loss: 0.324
[47,   480] loss: 0.357
[47,   490] loss: 0.354
[47,   500] loss: 0.294
[47,   510] loss: 0.429
[47,   520] loss: 0.313
[47,   530] loss: 0.398
[47,   540] loss: 0.361
[47,   550] loss: 0.436
[47,   560] loss: 0.284
[47,   570] loss: 0.352
[47,   580] loss: 0.326
[47,   590] loss: 0.410
[47,   600] loss: 0.375
[47,   610] loss: 0.368
[47,   620] loss: 0.348
[47,   630] loss: 0.270
[47,   640] loss: 0.296
[47,   650] loss: 0.300
[47,   660] loss: 0.334
[47,   670] loss: 0.311
[47,   680] loss: 0.329
[47,   690] loss: 0.371
[47,   700] loss: 0.318
[47,   710] loss: 0.253
[47,   720] loss: 0.249
[47,   730] loss: 0.296
[47,   740] loss: 0.369
[47,   750] loss: 0.318
[47,   760] loss: 0.354
[47,   770] loss: 0.359
[47,   780] loss: 0.290
[47,   790] loss: 0.328
[47,   800] loss: 0.346
[48,    10] loss: 0.351
[48,    20] loss: 0.320
[48,    30] loss: 0.335
[48,    40] loss: 0.298
[48,    50] loss: 0.381
[48,    60] loss: 0.344
[48,    70] loss: 0.306
[48,    80] loss: 0.328
[48,    90] loss: 0.303
[48,   100] loss: 0.313
[48,   110] loss: 0.406
[48,   120] loss: 0.313
[48,   130] loss: 0.314
[48,   140] loss: 0.347
[48,   150] loss: 0.344
[48,   160] loss: 0.328
[48,   170] loss: 0.352
[48,   180] loss: 0.349
[48,   190] loss: 0.394
[48,   200] loss: 0.398
[48,   210] loss: 0.333
[48,   220] loss: 0.318
[48,   230] loss: 0.359
[48,   240] loss: 0.382
[48,   250] loss: 0.320
[48,   260] loss: 0.295
[48,   270] loss: 0.369
[48,   280] loss: 0.293
[48,   290] loss: 0.309
[48,   300] loss: 0.294
[48,   310] loss: 0.277
[48,   320] loss: 0.311
[48,   330] loss: 0.293
[48,   340] loss: 0.264
[48,   350] loss: 0.322
[48,   360] loss: 0.281
[48,   370] loss: 0.298
[48,   380] loss: 0.284
[48,   390] loss: 0.315
[48,   400] loss: 0.291
[48,   410] loss: 0.289
[48,   420] loss: 0.290
[48,   430] loss: 0.248
[48,   440] loss: 0.368
[48,   450] loss: 0.342
[48,   460] loss: 0.335
[48,   470] loss: 0.283
[48,   480] loss: 0.356
[48,   490] loss: 0.320
[48,   500] loss: 0.311
[48,   510] loss: 0.300
[48,   520] loss: 0.330
[48,   530] loss: 0.362
[48,   540] loss: 0.366
[48,   550] loss: 0.360
[48,   560] loss: 0.310
[48,   570] loss: 0.300
[48,   580] loss: 0.318
[48,   590] loss: 0.254
[48,   600] loss: 0.314
[48,   610] loss: 0.409
[48,   620] loss: 0.325
[48,   630] loss: 0.351
[48,   640] loss: 0.299
[48,   650] loss: 0.356
[48,   660] loss: 0.312
[48,   670] loss: 0.315
[48,   680] loss: 0.412
[48,   690] loss: 0.342
[48,   700] loss: 0.411
[48,   710] loss: 0.342
[48,   720] loss: 0.265
[48,   730] loss: 0.298
[48,   740] loss: 0.322
[48,   750] loss: 0.259
[48,   760] loss: 0.256
[48,   770] loss: 0.321
[48,   780] loss: 0.273
[48,   790] loss: 0.315
[48,   800] loss: 0.305
[49,    10] loss: 0.380
[49,    20] loss: 0.346
[49,    30] loss: 0.321
[49,    40] loss: 0.323
[49,    50] loss: 0.314
[49,    60] loss: 0.328
[49,    70] loss: 0.370
[49,    80] loss: 0.281
[49,    90] loss: 0.255
[49,   100] loss: 0.252
[49,   110] loss: 0.348
[49,   120] loss: 0.322
[49,   130] loss: 0.357
[49,   140] loss: 0.297
[49,   150] loss: 0.351
[49,   160] loss: 0.313
[49,   170] loss: 0.317
[49,   180] loss: 0.321
[49,   190] loss: 0.261
[49,   200] loss: 0.309
[49,   210] loss: 0.304
[49,   220] loss: 0.325
[49,   230] loss: 0.317
[49,   240] loss: 0.317
[49,   250] loss: 0.294
[49,   260] loss: 0.301
[49,   270] loss: 0.295
[49,   280] loss: 0.332
[49,   290] loss: 0.297
[49,   300] loss: 0.334
[49,   310] loss: 0.312
[49,   320] loss: 0.272
[49,   330] loss: 0.333
[49,   340] loss: 0.307
[49,   350] loss: 0.354
[49,   360] loss: 0.247
[49,   370] loss: 0.252
[49,   380] loss: 0.368
[49,   390] loss: 0.350
[49,   400] loss: 0.338
[49,   410] loss: 0.297
[49,   420] loss: 0.352
[49,   430] loss: 0.366
[49,   440] loss: 0.332
[49,   450] loss: 0.323
[49,   460] loss: 0.337
[49,   470] loss: 0.381
[49,   480] loss: 0.289
[49,   490] loss: 0.344
[49,   500] loss: 0.348
[49,   510] loss: 0.291
[49,   520] loss: 0.283
[49,   530] loss: 0.321
[49,   540] loss: 0.337
[49,   550] loss: 0.341
[49,   560] loss: 0.291
[49,   570] loss: 0.261
[49,   580] loss: 0.310
[49,   590] loss: 0.297
[49,   600] loss: 0.335
[49,   610] loss: 0.317
[49,   620] loss: 0.355
[49,   630] loss: 0.273
[49,   640] loss: 0.281
[49,   650] loss: 0.355
[49,   660] loss: 0.331
[49,   670] loss: 0.349
[49,   680] loss: 0.346
[49,   690] loss: 0.345
[49,   700] loss: 0.327
[49,   710] loss: 0.299
[49,   720] loss: 0.377
[49,   730] loss: 0.311
[49,   740] loss: 0.324
[49,   750] loss: 0.321
[49,   760] loss: 0.333
[49,   770] loss: 0.366
[49,   780] loss: 0.302
[49,   790] loss: 0.299
[49,   800] loss: 0.389
[50,    10] loss: 0.439
[50,    20] loss: 0.315
[50,    30] loss: 0.290
[50,    40] loss: 0.394
[50,    50] loss: 0.302
[50,    60] loss: 0.303
[50,    70] loss: 0.329
[50,    80] loss: 0.316
[50,    90] loss: 0.357
[50,   100] loss: 0.256
[50,   110] loss: 0.318
[50,   120] loss: 0.293
[50,   130] loss: 0.309
[50,   140] loss: 0.312
[50,   150] loss: 0.275
[50,   160] loss: 0.381
[50,   170] loss: 0.347
[50,   180] loss: 0.375
[50,   190] loss: 0.286
[50,   200] loss: 0.333
[50,   210] loss: 0.289
[50,   220] loss: 0.313
[50,   230] loss: 0.281
[50,   240] loss: 0.310
[50,   250] loss: 0.383
[50,   260] loss: 0.290
[50,   270] loss: 0.301
[50,   280] loss: 0.321
[50,   290] loss: 0.311
[50,   300] loss: 0.330
[50,   310] loss: 0.305
[50,   320] loss: 0.325
[50,   330] loss: 0.315
[50,   340] loss: 0.345
[50,   350] loss: 0.305
[50,   360] loss: 0.332
[50,   370] loss: 0.325
[50,   380] loss: 0.389
[50,   390] loss: 0.291
[50,   400] loss: 0.298
[50,   410] loss: 0.280
[50,   420] loss: 0.370
[50,   430] loss: 0.341
[50,   440] loss: 0.257
[50,   450] loss: 0.260
[50,   460] loss: 0.269
[50,   470] loss: 0.290
[50,   480] loss: 0.293
[50,   490] loss: 0.283
[50,   500] loss: 0.346
[50,   510] loss: 0.408
[50,   520] loss: 0.330
[50,   530] loss: 0.332
[50,   540] loss: 0.347
[50,   550] loss: 0.327
[50,   560] loss: 0.353
[50,   570] loss: 0.304
[50,   580] loss: 0.369
[50,   590] loss: 0.378
[50,   600] loss: 0.293
[50,   610] loss: 0.292
[50,   620] loss: 0.350
[50,   630] loss: 0.345
[50,   640] loss: 0.344
[50,   650] loss: 0.313
[50,   660] loss: 0.277
[50,   670] loss: 0.337
[50,   680] loss: 0.303
[50,   690] loss: 0.312
[50,   700] loss: 0.242
[50,   710] loss: 0.286
[50,   720] loss: 0.277
[50,   730] loss: 0.370
[50,   740] loss: 0.323
[50,   750] loss: 0.294
[50,   760] loss: 0.385
[50,   770] loss: 0.422
[50,   780] loss: 0.363
[50,   790] loss: 0.301
[50,   800] loss: 0.399
Finished !!
Accuracy of the network: 62.40 %
