Collecting dill==0.3.4 (from -r requirements.txt (line 1))
  Using cached https://files.pythonhosted.org/packages/b6/c3/973676ceb86b60835bb3978c6db67a5dc06be6cfdbd14ef0f5a13e3fc9fd/dill-0.3.4-py2.py3-none-any.whl
Requirement already satisfied: laplace==0.1 in /zhome/45/c/128687/.local/lib/python3.6/site-packages (from -r requirements.txt (line 2))
Collecting matplotlib==3.4.0 (from -r requirements.txt (line 3))
Running GPU.
[1,    10] loss: 1.821
[1,    20] loss: 1.725
[1,    30] loss: 1.567
[1,    40] loss: 1.634
[1,    50] loss: 1.613
[1,    60] loss: 1.540
[1,    70] loss: 1.516
[1,    80] loss: 1.442
[1,    90] loss: 1.485
[1,   100] loss: 1.484
[1,   110] loss: 1.412
[1,   120] loss: 1.378
[1,   130] loss: 1.350
[1,   140] loss: 1.328
[1,   150] loss: 1.340
[1,   160] loss: 1.404
[1,   170] loss: 1.383
[1,   180] loss: 1.383
[1,   190] loss: 1.321
[1,   200] loss: 1.391
[1,   210] loss: 1.418
[1,   220] loss: 1.328
[1,   230] loss: 1.349
[1,   240] loss: 1.300
[1,   250] loss: 1.362
[1,   260] loss: 1.318
[1,   270] loss: 1.329
[1,   280] loss: 1.280
[1,   290] loss: 1.277
[1,   300] loss: 1.249
[1,   310] loss: 1.344
[1,   320] loss: 1.342
[1,   330] loss: 1.297
[1,   340] loss: 1.229
[1,   350] loss: 1.326
[1,   360] loss: 1.265
[1,   370] loss: 1.280
[1,   380] loss: 1.194
[1,   390] loss: 1.270
[1,   400] loss: 1.371
[1,   410] loss: 1.321
[1,   420] loss: 1.243
[1,   430] loss: 1.206
[1,   440] loss: 1.221
[1,   450] loss: 1.276
[1,   460] loss: 1.365
[1,   470] loss: 1.192
[1,   480] loss: 1.221
[1,   490] loss: 1.252
[1,   500] loss: 1.204
[1,   510] loss: 1.194
[1,   520] loss: 1.295
[1,   530] loss: 1.358
[1,   540] loss: 1.199
[1,   550] loss: 1.118
[1,   560] loss: 1.178
[1,   570] loss: 1.229
[1,   580] loss: 1.079
[1,   590] loss: 1.231
[1,   600] loss: 1.141
[1,   610] loss: 1.115
[1,   620] loss: 1.169
[1,   630] loss: 1.068
[1,   640] loss: 1.166
[1,   650] loss: 1.156
[1,   660] loss: 1.250
[1,   670] loss: 1.242
[1,   680] loss: 1.030
[1,   690] loss: 1.117
[1,   700] loss: 1.068
[1,   710] loss: 1.164
[1,   720] loss: 1.237
[1,   730] loss: 1.070
[1,   740] loss: 1.144
[1,   750] loss: 1.069
[1,   760] loss: 1.123
[1,   770] loss: 1.175
[1,   780] loss: 1.020
[1,   790] loss: 1.181
[1,   800] loss: 1.137
[2,    10] loss: 1.078
[2,    20] loss: 1.134
[2,    30] loss: 1.126
[2,    40] loss: 1.170
[2,    50] loss: 1.198
[2,    60] loss: 1.076
[2,    70] loss: 1.047
[2,    80] loss: 1.141
[2,    90] loss: 1.146
[2,   100] loss: 1.090
[2,   110] loss: 1.053
[2,   120] loss: 1.053
[2,   130] loss: 1.052
[2,   140] loss: 1.046
[2,   150] loss: 1.103
[2,   160] loss: 1.080
[2,   170] loss: 0.907
[2,   180] loss: 0.996
[2,   190] loss: 1.044
[2,   200] loss: 0.976
[2,   210] loss: 0.934
[2,   220] loss: 0.974
[2,   230] loss: 1.020
[2,   240] loss: 0.938
[2,   250] loss: 1.019
[2,   260] loss: 1.145
[2,   270] loss: 1.049
[2,   280] loss: 0.915
[2,   290] loss: 0.915
[2,   300] loss: 0.972
[2,   310] loss: 0.962
[2,   320] loss: 0.911
[2,   330] loss: 0.975
[2,   340] loss: 0.940
[2,   350] loss: 1.163
[2,   360] loss: 0.992
[2,   370] loss: 0.954
[2,   380] loss: 1.000
[2,   390] loss: 0.886
[2,   400] loss: 0.842
[2,   410] loss: 0.931
[2,   420] loss: 0.820
[2,   430] loss: 0.876
[2,   440] loss: 0.847
[2,   450] loss: 0.906
[2,   460] loss: 0.958
[2,   470] loss: 0.914
[2,   480] loss: 0.993
[2,   490] loss: 1.038
[2,   500] loss: 1.023
[2,   510] loss: 1.020
[2,   520] loss: 1.000
[2,   530] loss: 0.958
[2,   540] loss: 0.931
[2,   550] loss: 0.962
[2,   560] loss: 0.967
[2,   570] loss: 0.878
[2,   580] loss: 0.866
[2,   590] loss: 0.949
[2,   600] loss: 0.783
[2,   610] loss: 0.929
[2,   620] loss: 0.934
[2,   630] loss: 0.925
[2,   640] loss: 0.851
[2,   650] loss: 0.863
[2,   660] loss: 0.947
[2,   670] loss: 0.775
[2,   680] loss: 0.900
[2,   690] loss: 0.889
[2,   700] loss: 0.920
[2,   710] loss: 0.907
[2,   720] loss: 0.818
[2,   730] loss: 0.819
[2,   740] loss: 0.754
[2,   750] loss: 0.860
[2,   760] loss: 0.771
[2,   770] loss: 0.951
[2,   780] loss: 1.000
[2,   790] loss: 0.891
[2,   800] loss: 0.781
[3,    10] loss: 0.898
[3,    20] loss: 0.825
[3,    30] loss: 0.826
[3,    40] loss: 0.881
[3,    50] loss: 0.772
[3,    60] loss: 0.847
[3,    70] loss: 0.874
[3,    80] loss: 0.728
[3,    90] loss: 0.802
[3,   100] loss: 0.779
[3,   110] loss: 0.778
[3,   120] loss: 0.848
[3,   130] loss: 0.792
[3,   140] loss: 0.771
[3,   150] loss: 0.915
[3,   160] loss: 0.992
[3,   170] loss: 0.786
[3,   180] loss: 0.849
[3,   190] loss: 0.747
[3,   200] loss: 0.819
[3,   210] loss: 0.852
[3,   220] loss: 0.848
[3,   230] loss: 0.702
[3,   240] loss: 0.877
[3,   250] loss: 0.887
[3,   260] loss: 0.805
[3,   270] loss: 0.793
[3,   280] loss: 0.735
[3,   290] loss: 0.799
[3,   300] loss: 0.679
[3,   310] loss: 0.720
[3,   320] loss: 0.923
[3,   330] loss: 0.846
[3,   340] loss: 0.842
[3,   350] loss: 0.875
[3,   360] loss: 0.926
[3,   370] loss: 0.870
[3,   380] loss: 0.767
[3,   390] loss: 0.681
[3,   400] loss: 0.841
[3,   410] loss: 0.778
[3,   420] loss: 0.891
[3,   430] loss: 0.807
[3,   440] loss: 0.864
[3,   450] loss: 0.762
[3,   460] loss: 0.788
[3,   470] loss: 0.749
[3,   480] loss: 0.837
[3,   490] loss: 0.722
[3,   500] loss: 0.834
[3,   510] loss: 0.804
[3,   520] loss: 0.751
[3,   530] loss: 0.794
[3,   540] loss: 0.695
[3,   550] loss: 0.703
[3,   560] loss: 0.731
[3,   570] loss: 0.786
[3,   580] loss: 0.747
[3,   590] loss: 0.741
[3,   600] loss: 0.742
[3,   610] loss: 0.851
[3,   620] loss: 0.731
[3,   630] loss: 0.805
[3,   640] loss: 0.700
[3,   650] loss: 0.623
[3,   660] loss: 0.706
[3,   670] loss: 0.757
[3,   680] loss: 0.729
[3,   690] loss: 0.789
[3,   700] loss: 0.711
[3,   710] loss: 0.816
[3,   720] loss: 0.736
[3,   730] loss: 0.645
[3,   740] loss: 0.795
[3,   750] loss: 0.603
[3,   760] loss: 0.732
[3,   770] loss: 0.741
[3,   780] loss: 0.821
[3,   790] loss: 0.702
[3,   800] loss: 0.737
[4,    10] loss: 0.772
[4,    20] loss: 0.686
[4,    30] loss: 0.730
[4,    40] loss: 0.772
[4,    50] loss: 0.688
[4,    60] loss: 0.638
[4,    70] loss: 0.673
[4,    80] loss: 0.643
[4,    90] loss: 0.668
[4,   100] loss: 0.675
[4,   110] loss: 0.667
[4,   120] loss: 0.731
[4,   130] loss: 0.696
[4,   140] loss: 0.638
[4,   150] loss: 0.632
[4,   160] loss: 0.656
[4,   170] loss: 0.729
[4,   180] loss: 0.637
[4,   190] loss: 0.691
[4,   200] loss: 0.701
[4,   210] loss: 0.689
[4,   220] loss: 0.713
[4,   230] loss: 0.658
[4,   240] loss: 0.673
[4,   250] loss: 0.707
[4,   260] loss: 0.712
[4,   270] loss: 0.781
[4,   280] loss: 0.805
[4,   290] loss: 0.601
[4,   300] loss: 0.695
[4,   310] loss: 0.703
[4,   320] loss: 0.664
[4,   330] loss: 0.704
[4,   340] loss: 0.654
[4,   350] loss: 0.656
[4,   360] loss: 0.619
[4,   370] loss: 0.752
[4,   380] loss: 0.678
[4,   390] loss: 0.850
[4,   400] loss: 0.763
[4,   410] loss: 0.754
[4,   420] loss: 0.684
[4,   430] loss: 0.742
[4,   440] loss: 0.700
[4,   450] loss: 0.705
[4,   460] loss: 0.720
[4,   470] loss: 0.766
[4,   480] loss: 0.741
[4,   490] loss: 0.777
[4,   500] loss: 0.835
[4,   510] loss: 0.750
[4,   520] loss: 0.735
[4,   530] loss: 0.734
[4,   540] loss: 0.734
[4,   550] loss: 0.651
[4,   560] loss: 0.742
[4,   570] loss: 0.745
[4,   580] loss: 0.709
[4,   590] loss: 0.646
[4,   600] loss: 0.725
[4,   610] loss: 0.647
[4,   620] loss: 0.675
[4,   630] loss: 0.671
[4,   640] loss: 0.560
[4,   650] loss: 0.690
[4,   660] loss: 0.683
[4,   670] loss: 0.544
[4,   680] loss: 0.639
[4,   690] loss: 0.708
[4,   700] loss: 0.599
[4,   710] loss: 0.645
[4,   720] loss: 0.663
[4,   730] loss: 0.662
[4,   740] loss: 0.637
[4,   750] loss: 0.773
[4,   760] loss: 0.678
[4,   770] loss: 0.695
[4,   780] loss: 0.581
[4,   790] loss: 0.640
[4,   800] loss: 0.660
[5,    10] loss: 0.580
[5,    20] loss: 0.675
[5,    30] loss: 0.704
[5,    40] loss: 0.622
[5,    50] loss: 0.647
[5,    60] loss: 0.627
[5,    70] loss: 0.592
[5,    80] loss: 0.638
[5,    90] loss: 0.671
[5,   100] loss: 0.628
[5,   110] loss: 0.653
[5,   120] loss: 0.686
[5,   130] loss: 0.593
[5,   140] loss: 0.701
[5,   150] loss: 0.658
[5,   160] loss: 0.680
[5,   170] loss: 0.764
[5,   180] loss: 0.692
[5,   190] loss: 0.663
[5,   200] loss: 0.592
[5,   210] loss: 0.571
[5,   220] loss: 0.675
[5,   230] loss: 0.607
[5,   240] loss: 0.702
[5,   250] loss: 0.606
[5,   260] loss: 0.604
[5,   270] loss: 0.639
[5,   280] loss: 0.564
[5,   290] loss: 0.683
[5,   300] loss: 0.712
[5,   310] loss: 0.739
[5,   320] loss: 0.654
[5,   330] loss: 0.640
[5,   340] loss: 0.731
[5,   350] loss: 0.659
[5,   360] loss: 0.681
[5,   370] loss: 0.700
[5,   380] loss: 0.687
[5,   390] loss: 0.626
[5,   400] loss: 0.705
[5,   410] loss: 0.629
[5,   420] loss: 0.611
[5,   430] loss: 0.674
[5,   440] loss: 0.644
[5,   450] loss: 0.651
[5,   460] loss: 0.583
[5,   470] loss: 0.678
[5,   480] loss: 0.630
[5,   490] loss: 0.683
[5,   500] loss: 0.617
[5,   510] loss: 0.626
[5,   520] loss: 0.655
[5,   530] loss: 0.637
[5,   540] loss: 0.577
[5,   550] loss: 0.689
[5,   560] loss: 0.654
[5,   570] loss: 0.598
[5,   580] loss: 0.520
[5,   590] loss: 0.668
[5,   600] loss: 0.608
[5,   610] loss: 0.571
[5,   620] loss: 0.540
[5,   630] loss: 0.633
[5,   640] loss: 0.477
[5,   650] loss: 0.625
[5,   660] loss: 0.682
[5,   670] loss: 0.661
[5,   680] loss: 0.601
[5,   690] loss: 0.616
[5,   700] loss: 0.688
[5,   710] loss: 0.642
[5,   720] loss: 0.674
[5,   730] loss: 0.574
[5,   740] loss: 0.609
[5,   750] loss: 0.570
[5,   760] loss: 0.690
[5,   770] loss: 0.640
[5,   780] loss: 0.558
[5,   790] loss: 0.558
[5,   800] loss: 0.627
[6,    10] loss: 0.600
[6,    20] loss: 0.675
[6,    30] loss: 0.621
[6,    40] loss: 0.753
[6,    50] loss: 0.680
[6,    60] loss: 0.740
[6,    70] loss: 0.595
[6,    80] loss: 0.655
[6,    90] loss: 0.597
[6,   100] loss: 0.680
[6,   110] loss: 0.577
[6,   120] loss: 0.610
[6,   130] loss: 0.581
[6,   140] loss: 0.706
[6,   150] loss: 0.658
[6,   160] loss: 0.657
[6,   170] loss: 0.759
[6,   180] loss: 0.667
[6,   190] loss: 0.569
[6,   200] loss: 0.605
[6,   210] loss: 0.591
[6,   220] loss: 0.676
[6,   230] loss: 0.531
[6,   240] loss: 0.683
[6,   250] loss: 0.654
[6,   260] loss: 0.528
[6,   270] loss: 0.613
[6,   280] loss: 0.638
[6,   290] loss: 0.751
[6,   300] loss: 0.606
[6,   310] loss: 0.554
[6,   320] loss: 0.597
[6,   330] loss: 0.610
[6,   340] loss: 0.662
[6,   350] loss: 0.769
[6,   360] loss: 0.637
[6,   370] loss: 0.670
[6,   380] loss: 0.707
[6,   390] loss: 0.719
[6,   400] loss: 0.659
[6,   410] loss: 0.608
[6,   420] loss: 0.646
[6,   430] loss: 0.557
[6,   440] loss: 0.613
[6,   450] loss: 0.619
[6,   460] loss: 0.668
[6,   470] loss: 0.592
[6,   480] loss: 0.536
[6,   490] loss: 0.667
[6,   500] loss: 0.648
[6,   510] loss: 0.626
[6,   520] loss: 0.605
[6,   530] loss: 0.552
[6,   540] loss: 0.582
[6,   550] loss: 0.747
[6,   560] loss: 0.506
[6,   570] loss: 0.610
[6,   580] loss: 0.549
[6,   590] loss: 0.544
[6,   600] loss: 0.615
[6,   610] loss: 0.477
[6,   620] loss: 0.548
[6,   630] loss: 0.546
[6,   640] loss: 0.624
[6,   650] loss: 0.578
[6,   660] loss: 0.616
[6,   670] loss: 0.689
[6,   680] loss: 0.520
[6,   690] loss: 0.631
[6,   700] loss: 0.608
[6,   710] loss: 0.593
[6,   720] loss: 0.646
[6,   730] loss: 0.498
[6,   740] loss: 0.600
[6,   750] loss: 0.702
[6,   760] loss: 0.505
[6,   770] loss: 0.567
[6,   780] loss: 0.572
[6,   790] loss: 0.616
[6,   800] loss: 0.661
[7,    10] loss: 0.580
[7,    20] loss: 0.508
[7,    30] loss: 0.614
[7,    40] loss: 0.490
[7,    50] loss: 0.518
[7,    60] loss: 0.596
[7,    70] loss: 0.636
[7,    80] loss: 0.634
[7,    90] loss: 0.667
[7,   100] loss: 0.566
[7,   110] loss: 0.586
[7,   120] loss: 0.592
[7,   130] loss: 0.523
[7,   140] loss: 0.644
[7,   150] loss: 0.472
[7,   160] loss: 0.530
[7,   170] loss: 0.683
[7,   180] loss: 0.644
[7,   190] loss: 0.570
[7,   200] loss: 0.510
[7,   210] loss: 0.651
[7,   220] loss: 0.566
[7,   230] loss: 0.601
[7,   240] loss: 0.455
[7,   250] loss: 0.599
[7,   260] loss: 0.539
[7,   270] loss: 0.638
[7,   280] loss: 0.548
[7,   290] loss: 0.535
[7,   300] loss: 0.610
[7,   310] loss: 0.681
[7,   320] loss: 0.715
[7,   330] loss: 0.681
[7,   340] loss: 0.729
[7,   350] loss: 0.662
[7,   360] loss: 0.683
[7,   370] loss: 0.619
[7,   380] loss: 0.591
[7,   390] loss: 0.631
[7,   400] loss: 0.568
[7,   410] loss: 0.603
[7,   420] loss: 0.503
[7,   430] loss: 0.512
[7,   440] loss: 0.568
[7,   450] loss: 0.557
[7,   460] loss: 0.552
[7,   470] loss: 0.715
[7,   480] loss: 0.603
[7,   490] loss: 0.709
[7,   500] loss: 0.609
[7,   510] loss: 0.551
[7,   520] loss: 0.532
[7,   530] loss: 0.586
[7,   540] loss: 0.557
[7,   550] loss: 0.621
[7,   560] loss: 0.583
[7,   570] loss: 0.528
[7,   580] loss: 0.586
[7,   590] loss: 0.579
[7,   600] loss: 0.499
[7,   610] loss: 0.614
[7,   620] loss: 0.632
[7,   630] loss: 0.545
[7,   640] loss: 0.517
[7,   650] loss: 0.509
[7,   660] loss: 0.570
[7,   670] loss: 0.499
[7,   680] loss: 0.599
[7,   690] loss: 0.613
[7,   700] loss: 0.576
[7,   710] loss: 0.607
[7,   720] loss: 0.615
[7,   730] loss: 0.575
[7,   740] loss: 0.602
[7,   750] loss: 0.469
[7,   760] loss: 0.631
[7,   770] loss: 0.596
[7,   780] loss: 0.628
[7,   790] loss: 0.547
[7,   800] loss: 0.558
[8,    10] loss: 0.602
[8,    20] loss: 0.637
[8,    30] loss: 0.686
[8,    40] loss: 0.644
[8,    50] loss: 0.648
[8,    60] loss: 0.602
[8,    70] loss: 0.638
[8,    80] loss: 0.567
[8,    90] loss: 0.672
[8,   100] loss: 0.484
[8,   110] loss: 0.646
[8,   120] loss: 0.568
[8,   130] loss: 0.522
[8,   140] loss: 0.523
[8,   150] loss: 0.573
[8,   160] loss: 0.625
[8,   170] loss: 0.496
[8,   180] loss: 0.661
[8,   190] loss: 0.539
[8,   200] loss: 0.518
[8,   210] loss: 0.533
[8,   220] loss: 0.588
[8,   230] loss: 0.566
[8,   240] loss: 0.537
[8,   250] loss: 0.626
[8,   260] loss: 0.537
[8,   270] loss: 0.655
[8,   280] loss: 0.548
[8,   290] loss: 0.556
[8,   300] loss: 0.567
[8,   310] loss: 0.678
[8,   320] loss: 0.617
[8,   330] loss: 0.524
[8,   340] loss: 0.546
[8,   350] loss: 0.551
[8,   360] loss: 0.606
[8,   370] loss: 0.615
[8,   380] loss: 0.588
[8,   390] loss: 0.557
[8,   400] loss: 0.603
[8,   410] loss: 0.641
[8,   420] loss: 0.564
[8,   430] loss: 0.575
[8,   440] loss: 0.598
[8,   450] loss: 0.669
[8,   460] loss: 0.504
[8,   470] loss: 0.534
[8,   480] loss: 0.517
[8,   490] loss: 0.574
[8,   500] loss: 0.560
[8,   510] loss: 0.555
[8,   520] loss: 0.550
[8,   530] loss: 0.592
[8,   540] loss: 0.508
[8,   550] loss: 0.655
[8,   560] loss: 0.563
[8,   570] loss: 0.611
[8,   580] loss: 0.535
[8,   590] loss: 0.567
[8,   600] loss: 0.500
[8,   610] loss: 0.573
[8,   620] loss: 0.546
[8,   630] loss: 0.580
[8,   640] loss: 0.629
[8,   650] loss: 0.545
[8,   660] loss: 0.551
[8,   670] loss: 0.496
[8,   680] loss: 0.612
[8,   690] loss: 0.651
[8,   700] loss: 0.609
[8,   710] loss: 0.526
[8,   720] loss: 0.498
[8,   730] loss: 0.641
[8,   740] loss: 0.581
[8,   750] loss: 0.530
[8,   760] loss: 0.552
[8,   770] loss: 0.552
[8,   780] loss: 0.599
[8,   790] loss: 0.619
[8,   800] loss: 0.575
[9,    10] loss: 0.589
[9,    20] loss: 0.603
[9,    30] loss: 0.661
[9,    40] loss: 0.575
[9,    50] loss: 0.573
[9,    60] loss: 0.562
[9,    70] loss: 0.560
[9,    80] loss: 0.600
[9,    90] loss: 0.544
[9,   100] loss: 0.579
[9,   110] loss: 0.532
[9,   120] loss: 0.573
[9,   130] loss: 0.536
[9,   140] loss: 0.627
[9,   150] loss: 0.607
[9,   160] loss: 0.622
[9,   170] loss: 0.535
[9,   180] loss: 0.568
[9,   190] loss: 0.616
[9,   200] loss: 0.582
[9,   210] loss: 0.708
[9,   220] loss: 0.696
[9,   230] loss: 0.575
[9,   240] loss: 0.568
[9,   250] loss: 0.595
[9,   260] loss: 0.539
[9,   270] loss: 0.565
[9,   280] loss: 0.539
[9,   290] loss: 0.603
[9,   300] loss: 0.568
[9,   310] loss: 0.612
[9,   320] loss: 0.585
[9,   330] loss: 0.531
[9,   340] loss: 0.465
[9,   350] loss: 0.661
[9,   360] loss: 0.545
[9,   370] loss: 0.581
[9,   380] loss: 0.605
[9,   390] loss: 0.557
[9,   400] loss: 0.534
[9,   410] loss: 0.500
[9,   420] loss: 0.518
[9,   430] loss: 0.488
[9,   440] loss: 0.543
[9,   450] loss: 0.575
[9,   460] loss: 0.624
[9,   470] loss: 0.473
[9,   480] loss: 0.633
[9,   490] loss: 0.588
[9,   500] loss: 0.632
[9,   510] loss: 0.610
[9,   520] loss: 0.610
[9,   530] loss: 0.567
[9,   540] loss: 0.513
[9,   550] loss: 0.478
[9,   560] loss: 0.556
[9,   570] loss: 0.470
[9,   580] loss: 0.563
[9,   590] loss: 0.604
[9,   600] loss: 0.672
[9,   610] loss: 0.556
[9,   620] loss: 0.592
[9,   630] loss: 0.564
[9,   640] loss: 0.644
[9,   650] loss: 0.598
[9,   660] loss: 0.493
[9,   670] loss: 0.564
[9,   680] loss: 0.591
[9,   690] loss: 0.483
[9,   700] loss: 0.587
[9,   710] loss: 0.507
[9,   720] loss: 0.618
[9,   730] loss: 0.576
[9,   740] loss: 0.474
[9,   750] loss: 0.602
[9,   760] loss: 0.539
[9,   770] loss: 0.498
[9,   780] loss: 0.461
[9,   790] loss: 0.600
[9,   800] loss: 0.574
[10,    10] loss: 0.656
[10,    20] loss: 0.535
[10,    30] loss: 0.610
[10,    40] loss: 0.640
[10,    50] loss: 0.519
[10,    60] loss: 0.586
[10,    70] loss: 0.519
[10,    80] loss: 0.494
[10,    90] loss: 0.500
[10,   100] loss: 0.554
[10,   110] loss: 0.484
[10,   120] loss: 0.639
[10,   130] loss: 0.707
[10,   140] loss: 0.573
[10,   150] loss: 0.643
[10,   160] loss: 0.495
[10,   170] loss: 0.574
[10,   180] loss: 0.602
[10,   190] loss: 0.534
[10,   200] loss: 0.481
[10,   210] loss: 0.525
[10,   220] loss: 0.492
[10,   230] loss: 0.506
[10,   240] loss: 0.499
[10,   250] loss: 0.508
[10,   260] loss: 0.541
[10,   270] loss: 0.549
[10,   280] loss: 0.634
[10,   290] loss: 0.550
[10,   300] loss: 0.566
[10,   310] loss: 0.526
[10,   320] loss: 0.555
[10,   330] loss: 0.469
[10,   340] loss: 0.470
[10,   350] loss: 0.649
[10,   360] loss: 0.633
[10,   370] loss: 0.565
[10,   380] loss: 0.536
[10,   390] loss: 0.547
[10,   400] loss: 0.576
[10,   410] loss: 0.499
[10,   420] loss: 0.499
[10,   430] loss: 0.523
[10,   440] loss: 0.523
[10,   450] loss: 0.462
[10,   460] loss: 0.575
[10,   470] loss: 0.592
[10,   480] loss: 0.557
[10,   490] loss: 0.456
[10,   500] loss: 0.632
[10,   510] loss: 0.546
[10,   520] loss: 0.482
[10,   530] loss: 0.569
[10,   540] loss: 0.533
[10,   550] loss: 0.559
[10,   560] loss: 0.501
[10,   570] loss: 0.557
[10,   580] loss: 0.639
[10,   590] loss: 0.619
[10,   600] loss: 0.549
[10,   610] loss: 0.536
[10,   620] loss: 0.653
[10,   630] loss: 0.508
[10,   640] loss: 0.555
[10,   650] loss: 0.501
[10,   660] loss: 0.563
[10,   670] loss: 0.473
[10,   680] loss: 0.576
[10,   690] loss: 0.523
[10,   700] loss: 0.587
[10,   710] loss: 0.501
[10,   720] loss: 0.521
[10,   730] loss: 0.468
[10,   740] loss: 0.473
[10,   750] loss: 0.497
[10,   760] loss: 0.538
[10,   770] loss: 0.650
[10,   780] loss: 0.494
[10,   790] loss: 0.462
[10,   800] loss: 0.530
[11,    10] loss: 0.493
[11,    20] loss: 0.587
[11,    30] loss: 0.620
[11,    40] loss: 0.535
[11,    50] loss: 0.553
[11,    60] loss: 0.566
[11,    70] loss: 0.651
[11,    80] loss: 0.487
[11,    90] loss: 0.556
[11,   100] loss: 0.603
[11,   110] loss: 0.462
[11,   120] loss: 0.525
[11,   130] loss: 0.617
[11,   140] loss: 0.536
[11,   150] loss: 0.469
[11,   160] loss: 0.437
[11,   170] loss: 0.613
[11,   180] loss: 0.500
[11,   190] loss: 0.580
[11,   200] loss: 0.486
[11,   210] loss: 0.531
[11,   220] loss: 0.587
[11,   230] loss: 0.610
[11,   240] loss: 0.502
[11,   250] loss: 0.638
[11,   260] loss: 0.588
[11,   270] loss: 0.463
[11,   280] loss: 0.545
[11,   290] loss: 0.566
[11,   300] loss: 0.506
[11,   310] loss: 0.561
[11,   320] loss: 0.559
[11,   330] loss: 0.486
[11,   340] loss: 0.600
[11,   350] loss: 0.623
[11,   360] loss: 0.456
[11,   370] loss: 0.536
[11,   380] loss: 0.493
[11,   390] loss: 0.468
[11,   400] loss: 0.431
[11,   410] loss: 0.479
[11,   420] loss: 0.472
[11,   430] loss: 0.473
[11,   440] loss: 0.531
[11,   450] loss: 0.614
[11,   460] loss: 0.457
[11,   470] loss: 0.601
[11,   480] loss: 0.471
[11,   490] loss: 0.570
[11,   500] loss: 0.507
[11,   510] loss: 0.536
[11,   520] loss: 0.513
[11,   530] loss: 0.526
[11,   540] loss: 0.543
[11,   550] loss: 0.524
[11,   560] loss: 0.535
[11,   570] loss: 0.654
[11,   580] loss: 0.588
[11,   590] loss: 0.617
[11,   600] loss: 0.510
[11,   610] loss: 0.535
[11,   620] loss: 0.489
[11,   630] loss: 0.578
[11,   640] loss: 0.540
[11,   650] loss: 0.429
[11,   660] loss: 0.503
[11,   670] loss: 0.516
[11,   680] loss: 0.561
[11,   690] loss: 0.477
[11,   700] loss: 0.553
[11,   710] loss: 0.522
[11,   720] loss: 0.434
[11,   730] loss: 0.600
[11,   740] loss: 0.601
[11,   750] loss: 0.478
[11,   760] loss: 0.506
[11,   770] loss: 0.538
[11,   780] loss: 0.587
[11,   790] loss: 0.497
[11,   800] loss: 0.435
[12,    10] loss: 0.503
[12,    20] loss: 0.635
[12,    30] loss: 0.566
[12,    40] loss: 0.468
[12,    50] loss: 0.558
[12,    60] loss: 0.631
[12,    70] loss: 0.528
[12,    80] loss: 0.535
[12,    90] loss: 0.583
[12,   100] loss: 0.582
[12,   110] loss: 0.577
[12,   120] loss: 0.573
[12,   130] loss: 0.564
[12,   140] loss: 0.514
[12,   150] loss: 0.551
[12,   160] loss: 0.597
[12,   170] loss: 0.486
[12,   180] loss: 0.500
[12,   190] loss: 0.542
[12,   200] loss: 0.622
[12,   210] loss: 0.656
[12,   220] loss: 0.576
[12,   230] loss: 0.561
[12,   240] loss: 0.554
[12,   250] loss: 0.596
[12,   260] loss: 0.602
[12,   270] loss: 0.553
[12,   280] loss: 0.537
[12,   290] loss: 0.559
[12,   300] loss: 0.432
[12,   310] loss: 0.529
[12,   320] loss: 0.476
[12,   330] loss: 0.598
[12,   340] loss: 0.515
[12,   350] loss: 0.509
[12,   360] loss: 0.481
[12,   370] loss: 0.510
[12,   380] loss: 0.460
[12,   390] loss: 0.552
[12,   400] loss: 0.500
[12,   410] loss: 0.511
[12,   420] loss: 0.609
[12,   430] loss: 0.547
[12,   440] loss: 0.601
[12,   450] loss: 0.500
[12,   460] loss: 0.584
[12,   470] loss: 0.483
[12,   480] loss: 0.511
[12,   490] loss: 0.578
[12,   500] loss: 0.460
[12,   510] loss: 0.559
[12,   520] loss: 0.495
[12,   530] loss: 0.592
[12,   540] loss: 0.502
[12,   550] loss: 0.512
[12,   560] loss: 0.559
[12,   570] loss: 0.466
[12,   580] loss: 0.473
[12,   590] loss: 0.560
[12,   600] loss: 0.504
[12,   610] loss: 0.631
[12,   620] loss: 0.492
[12,   630] loss: 0.515
[12,   640] loss: 0.506
[12,   650] loss: 0.494
[12,   660] loss: 0.591
[12,   670] loss: 0.562
[12,   680] loss: 0.528
[12,   690] loss: 0.486
[12,   700] loss: 0.479
[12,   710] loss: 0.503
[12,   720] loss: 0.483
[12,   730] loss: 0.486
[12,   740] loss: 0.521
[12,   750] loss: 0.532
[12,   760] loss: 0.534
[12,   770] loss: 0.486
[12,   780] loss: 0.537
[12,   790] loss: 0.527
[12,   800] loss: 0.477
[13,    10] loss: 0.514
[13,    20] loss: 0.472
[13,    30] loss: 0.511
[13,    40] loss: 0.455
[13,    50] loss: 0.510
[13,    60] loss: 0.521
[13,    70] loss: 0.526
[13,    80] loss: 0.515
[13,    90] loss: 0.510
[13,   100] loss: 0.630
[13,   110] loss: 0.585
[13,   120] loss: 0.654
[13,   130] loss: 0.572
[13,   140] loss: 0.573
[13,   150] loss: 0.549
[13,   160] loss: 0.549
[13,   170] loss: 0.532
[13,   180] loss: 0.537
[13,   190] loss: 0.457
[13,   200] loss: 0.537
[13,   210] loss: 0.595
[13,   220] loss: 0.502
[13,   230] loss: 0.573
[13,   240] loss: 0.548
[13,   250] loss: 0.545
[13,   260] loss: 0.450
[13,   270] loss: 0.517
[13,   280] loss: 0.605
[13,   290] loss: 0.535
[13,   300] loss: 0.510
[13,   310] loss: 0.560
[13,   320] loss: 0.434
[13,   330] loss: 0.541
[13,   340] loss: 0.630
[13,   350] loss: 0.528
[13,   360] loss: 0.592
[13,   370] loss: 0.558
[13,   380] loss: 0.534
[13,   390] loss: 0.523
[13,   400] loss: 0.492
[13,   410] loss: 0.566
[13,   420] loss: 0.518
[13,   430] loss: 0.579
[13,   440] loss: 0.547
[13,   450] loss: 0.587
[13,   460] loss: 0.585
[13,   470] loss: 0.522
[13,   480] loss: 0.515
[13,   490] loss: 0.502
[13,   500] loss: 0.440
[13,   510] loss: 0.494
[13,   520] loss: 0.522
[13,   530] loss: 0.568
[13,   540] loss: 0.537
[13,   550] loss: 0.553
[13,   560] loss: 0.602
[13,   570] loss: 0.595
[13,   580] loss: 0.472
[13,   590] loss: 0.545
[13,   600] loss: 0.536
[13,   610] loss: 0.562
[13,   620] loss: 0.607
[13,   630] loss: 0.571
[13,   640] loss: 0.436
[13,   650] loss: 0.554
[13,   660] loss: 0.449
[13,   670] loss: 0.488
[13,   680] loss: 0.468
[13,   690] loss: 0.453
[13,   700] loss: 0.418
[13,   710] loss: 0.519
[13,   720] loss: 0.473
[13,   730] loss: 0.493
[13,   740] loss: 0.548
[13,   750] loss: 0.493
[13,   760] loss: 0.548
[13,   770] loss: 0.555
[13,   780] loss: 0.521
[13,   790] loss: 0.702
[13,   800] loss: 0.582
[14,    10] loss: 0.563
[14,    20] loss: 0.602
[14,    30] loss: 0.586
[14,    40] loss: 0.593
[14,    50] loss: 0.555
[14,    60] loss: 0.509
[14,    70] loss: 0.468
[14,    80] loss: 0.563
[14,    90] loss: 0.487
[14,   100] loss: 0.531
[14,   110] loss: 0.543
[14,   120] loss: 0.529
[14,   130] loss: 0.462
[14,   140] loss: 0.536
[14,   150] loss: 0.526
[14,   160] loss: 0.541
[14,   170] loss: 0.508
[14,   180] loss: 0.575
[14,   190] loss: 0.579
[14,   200] loss: 0.548
[14,   210] loss: 0.668
[14,   220] loss: 0.482
[14,   230] loss: 0.531
[14,   240] loss: 0.489
[14,   250] loss: 0.585
[14,   260] loss: 0.460
[14,   270] loss: 0.601
[14,   280] loss: 0.455
[14,   290] loss: 0.477
[14,   300] loss: 0.554
[14,   310] loss: 0.502
[14,   320] loss: 0.411
[14,   330] loss: 0.580
[14,   340] loss: 0.456
[14,   350] loss: 0.529
[14,   360] loss: 0.463
[14,   370] loss: 0.391
[14,   380] loss: 0.459
[14,   390] loss: 0.594
[14,   400] loss: 0.557
[14,   410] loss: 0.466
[14,   420] loss: 0.529
[14,   430] loss: 0.584
[14,   440] loss: 0.560
[14,   450] loss: 0.464
[14,   460] loss: 0.532
[14,   470] loss: 0.451
[14,   480] loss: 0.503
[14,   490] loss: 0.564
[14,   500] loss: 0.601
[14,   510] loss: 0.576
[14,   520] loss: 0.506
[14,   530] loss: 0.487
[14,   540] loss: 0.435
[14,   550] loss: 0.469
[14,   560] loss: 0.632
[14,   570] loss: 0.516
[14,   580] loss: 0.472
[14,   590] loss: 0.508
[14,   600] loss: 0.577
[14,   610] loss: 0.603
[14,   620] loss: 0.565
[14,   630] loss: 0.606
[14,   640] loss: 0.538
[14,   650] loss: 0.597
[14,   660] loss: 0.619
[14,   670] loss: 0.611
[14,   680] loss: 0.561
[14,   690] loss: 0.542
[14,   700] loss: 0.496
[14,   710] loss: 0.577
[14,   720] loss: 0.516
[14,   730] loss: 0.603
[14,   740] loss: 0.544
[14,   750] loss: 0.590
[14,   760] loss: 0.508
[14,   770] loss: 0.482
[14,   780] loss: 0.564
[14,   790] loss: 0.504
[14,   800] loss: 0.569
[15,    10] loss: 0.551
[15,    20] loss: 0.506
[15,    30] loss: 0.469
[15,    40] loss: 0.650
[15,    50] loss: 0.510
[15,    60] loss: 0.572
[15,    70] loss: 0.541
[15,    80] loss: 0.629
[15,    90] loss: 0.498
[15,   100] loss: 0.498
[15,   110] loss: 0.502
[15,   120] loss: 0.484
[15,   130] loss: 0.555
[15,   140] loss: 0.522
[15,   150] loss: 0.500
[15,   160] loss: 0.550
[15,   170] loss: 0.487
[15,   180] loss: 0.513
[15,   190] loss: 0.522
[15,   200] loss: 0.525
[15,   210] loss: 0.511
[15,   220] loss: 0.485
[15,   230] loss: 0.429
[15,   240] loss: 0.547
[15,   250] loss: 0.523
[15,   260] loss: 0.522
[15,   270] loss: 0.584
[15,   280] loss: 0.584
[15,   290] loss: 0.548
[15,   300] loss: 0.473
[15,   310] loss: 0.515
[15,   320] loss: 0.539
[15,   330] loss: 0.587
[15,   340] loss: 0.536
[15,   350] loss: 0.479
[15,   360] loss: 0.510
[15,   370] loss: 0.489
[15,   380] loss: 0.538
[15,   390] loss: 0.578
[15,   400] loss: 0.565
[15,   410] loss: 0.587
[15,   420] loss: 0.524
[15,   430] loss: 0.509
[15,   440] loss: 0.472
[15,   450] loss: 0.489
[15,   460] loss: 0.528
[15,   470] loss: 0.442
[15,   480] loss: 0.449
[15,   490] loss: 0.619
[15,   500] loss: 0.465
[15,   510] loss: 0.587
[15,   520] loss: 0.569
[15,   530] loss: 0.484
[15,   540] loss: 0.537
[15,   550] loss: 0.549
[15,   560] loss: 0.460
[15,   570] loss: 0.515
[15,   580] loss: 0.564
[15,   590] loss: 0.559
[15,   600] loss: 0.471
[15,   610] loss: 0.515
[15,   620] loss: 0.554
[15,   630] loss: 0.507
[15,   640] loss: 0.611
[15,   650] loss: 0.555
[15,   660] loss: 0.472
[15,   670] loss: 0.547
[15,   680] loss: 0.488
[15,   690] loss: 0.443
[15,   700] loss: 0.514
[15,   710] loss: 0.491
[15,   720] loss: 0.510
[15,   730] loss: 0.495
[15,   740] loss: 0.512
[15,   750] loss: 0.520
[15,   760] loss: 0.488
[15,   770] loss: 0.570
[15,   780] loss: 0.537
[15,   790] loss: 0.567
[15,   800] loss: 0.501
[16,    10] loss: 0.528
[16,    20] loss: 0.481
[16,    30] loss: 0.473
[16,    40] loss: 0.438
[16,    50] loss: 0.442
[16,    60] loss: 0.601
[16,    70] loss: 0.512
[16,    80] loss: 0.566
[16,    90] loss: 0.494
[16,   100] loss: 0.683
[16,   110] loss: 0.613
[16,   120] loss: 0.587
[16,   130] loss: 0.587
[16,   140] loss: 0.598
[16,   150] loss: 0.507
[16,   160] loss: 0.473
[16,   170] loss: 0.479
[16,   180] loss: 0.496
[16,   190] loss: 0.447
[16,   200] loss: 0.521
[16,   210] loss: 0.524
[16,   220] loss: 0.497
[16,   230] loss: 0.492
[16,   240] loss: 0.441
[16,   250] loss: 0.533
[16,   260] loss: 0.431
[16,   270] loss: 0.474
[16,   280] loss: 0.586
[16,   290] loss: 0.495
[16,   300] loss: 0.493
[16,   310] loss: 0.554
[16,   320] loss: 0.491
[16,   330] loss: 0.449
[16,   340] loss: 0.637
[16,   350] loss: 0.535
[16,   360] loss: 0.492
[16,   370] loss: 0.573
[16,   380] loss: 0.491
[16,   390] loss: 0.640
[16,   400] loss: 0.533
[16,   410] loss: 0.521
[16,   420] loss: 0.541
[16,   430] loss: 0.465
[16,   440] loss: 0.615
[16,   450] loss: 0.476
[16,   460] loss: 0.541
[16,   470] loss: 0.570
[16,   480] loss: 0.586
[16,   490] loss: 0.547
[16,   500] loss: 0.583
[16,   510] loss: 0.598
[16,   520] loss: 0.527
[16,   530] loss: 0.518
[16,   540] loss: 0.491
[16,   550] loss: 0.495
[16,   560] loss: 0.472
[16,   570] loss: 0.554
[16,   580] loss: 0.529
[16,   590] loss: 0.533
[16,   600] loss: 0.510
[16,   610] loss: 0.451
[16,   620] loss: 0.586
[16,   630] loss: 0.597
[16,   640] loss: 0.557
[16,   650] loss: 0.551
[16,   660] loss: 0.552
[16,   670] loss: 0.471
[16,   680] loss: 0.511
[16,   690] loss: 0.538
[16,   700] loss: 0.444
[16,   710] loss: 0.504
[16,   720] loss: 0.459
[16,   730] loss: 0.528
[16,   740] loss: 0.514
[16,   750] loss: 0.460
[16,   760] loss: 0.464
[16,   770] loss: 0.517
[16,   780] loss: 0.569
[16,   790] loss: 0.501
[16,   800] loss: 0.550
[17,    10] loss: 0.626
[17,    20] loss: 0.646
[17,    30] loss: 0.445
[17,    40] loss: 0.463
[17,    50] loss: 0.561
[17,    60] loss: 0.572
[17,    70] loss: 0.542
[17,    80] loss: 0.524
[17,    90] loss: 0.533
[17,   100] loss: 0.548
[17,   110] loss: 0.480
[17,   120] loss: 0.558
[17,   130] loss: 0.457
[17,   140] loss: 0.540
[17,   150] loss: 0.515
[17,   160] loss: 0.511
[17,   170] loss: 0.498
[17,   180] loss: 0.576
[17,   190] loss: 0.619
[17,   200] loss: 0.533
[17,   210] loss: 0.560
[17,   220] loss: 0.412
[17,   230] loss: 0.500
[17,   240] loss: 0.494
[17,   250] loss: 0.542
[17,   260] loss: 0.476
[17,   270] loss: 0.457
[17,   280] loss: 0.493
[17,   290] loss: 0.513
[17,   300] loss: 0.442
[17,   310] loss: 0.494
[17,   320] loss: 0.560
[17,   330] loss: 0.528
[17,   340] loss: 0.588
[17,   350] loss: 0.584
[17,   360] loss: 0.490
[17,   370] loss: 0.557
[17,   380] loss: 0.464
[17,   390] loss: 0.481
[17,   400] loss: 0.422
[17,   410] loss: 0.460
[17,   420] loss: 0.420
[17,   430] loss: 0.539
[17,   440] loss: 0.475
[17,   450] loss: 0.560
[17,   460] loss: 0.428
[17,   470] loss: 0.553
[17,   480] loss: 0.522
[17,   490] loss: 0.486
[17,   500] loss: 0.475
[17,   510] loss: 0.420
[17,   520] loss: 0.583
[17,   530] loss: 0.541
[17,   540] loss: 0.631
[17,   550] loss: 0.631
[17,   560] loss: 0.864
[17,   570] loss: 0.764
[17,   580] loss: 0.553
[17,   590] loss: 0.643
[17,   600] loss: 0.557
[17,   610] loss: 0.534
[17,   620] loss: 0.559
[17,   630] loss: 0.469
[17,   640] loss: 0.546
[17,   650] loss: 0.462
[17,   660] loss: 0.571
[17,   670] loss: 0.532
[17,   680] loss: 0.489
[17,   690] loss: 0.511
[17,   700] loss: 0.535
[17,   710] loss: 0.538
[17,   720] loss: 0.649
[17,   730] loss: 0.503
[17,   740] loss: 0.638
[17,   750] loss: 0.511
[17,   760] loss: 0.474
[17,   770] loss: 0.633
[17,   780] loss: 0.503
[17,   790] loss: 0.496
[17,   800] loss: 0.601
[18,    10] loss: 0.480
[18,    20] loss: 0.597
[18,    30] loss: 0.516
[18,    40] loss: 0.553
[18,    50] loss: 0.474
[18,    60] loss: 0.503
[18,    70] loss: 0.529
[18,    80] loss: 0.396
[18,    90] loss: 0.523
[18,   100] loss: 0.612
[18,   110] loss: 0.488
[18,   120] loss: 0.480
[18,   130] loss: 0.552
[18,   140] loss: 0.541
[18,   150] loss: 0.495
[18,   160] loss: 0.520
[18,   170] loss: 0.550
[18,   180] loss: 0.511
[18,   190] loss: 0.465
[18,   200] loss: 0.585
[18,   210] loss: 0.536
[18,   220] loss: 0.432
[18,   230] loss: 0.452
[18,   240] loss: 0.519
[18,   250] loss: 0.610
[18,   260] loss: 0.573
[18,   270] loss: 0.467
[18,   280] loss: 0.439
[18,   290] loss: 0.503
[18,   300] loss: 0.566
[18,   310] loss: 0.414
[18,   320] loss: 0.493
[18,   330] loss: 0.511
[18,   340] loss: 0.532
[18,   350] loss: 0.520
[18,   360] loss: 0.529
[18,   370] loss: 0.461
[18,   380] loss: 0.541
[18,   390] loss: 0.394
[18,   400] loss: 0.433
[18,   410] loss: 0.585
[18,   420] loss: 0.499
[18,   430] loss: 0.538
[18,   440] loss: 0.466
[18,   450] loss: 0.514
[18,   460] loss: 0.542
[18,   470] loss: 0.531
[18,   480] loss: 0.442
[18,   490] loss: 0.470
[18,   500] loss: 0.533
[18,   510] loss: 0.481
[18,   520] loss: 0.584
[18,   530] loss: 0.463
[18,   540] loss: 0.518
[18,   550] loss: 0.616
[18,   560] loss: 0.585
[18,   570] loss: 0.531
[18,   580] loss: 0.610
[18,   590] loss: 0.597
[18,   600] loss: 0.580
[18,   610] loss: 0.486
[18,   620] loss: 0.470
[18,   630] loss: 0.536
[18,   640] loss: 0.505
[18,   650] loss: 0.497
[18,   660] loss: 0.460
[18,   670] loss: 0.418
[18,   680] loss: 0.475
[18,   690] loss: 0.523
[18,   700] loss: 0.460
[18,   710] loss: 0.515
[18,   720] loss: 0.553
[18,   730] loss: 0.547
[18,   740] loss: 0.580
[18,   750] loss: 0.611
[18,   760] loss: 0.562
[18,   770] loss: 0.531
[18,   780] loss: 0.477
[18,   790] loss: 0.465
[18,   800] loss: 0.603
[19,    10] loss: 0.455
[19,    20] loss: 0.500
[19,    30] loss: 0.509
[19,    40] loss: 0.526
[19,    50] loss: 0.536
[19,    60] loss: 0.559
[19,    70] loss: 0.442
[19,    80] loss: 0.537
[19,    90] loss: 0.519
[19,   100] loss: 0.574
[19,   110] loss: 0.463
[19,   120] loss: 0.519
[19,   130] loss: 0.671
[19,   140] loss: 0.578
[19,   150] loss: 0.564
[19,   160] loss: 0.405
[19,   170] loss: 0.521
[19,   180] loss: 0.472
[19,   190] loss: 0.463
[19,   200] loss: 0.536
[19,   210] loss: 0.500
[19,   220] loss: 0.631
[19,   230] loss: 0.445
[19,   240] loss: 0.572
[19,   250] loss: 0.496
[19,   260] loss: 0.570
[19,   270] loss: 0.482
[19,   280] loss: 0.508
[19,   290] loss: 0.481
[19,   300] loss: 0.483
[19,   310] loss: 0.587
[19,   320] loss: 0.498
[19,   330] loss: 0.508
[19,   340] loss: 0.461
[19,   350] loss: 0.403
[19,   360] loss: 0.547
[19,   370] loss: 0.471
[19,   380] loss: 0.501
[19,   390] loss: 0.475
[19,   400] loss: 0.446
[19,   410] loss: 0.533
[19,   420] loss: 0.498
[19,   430] loss: 0.466
[19,   440] loss: 0.472
[19,   450] loss: 0.491
[19,   460] loss: 0.547
[19,   470] loss: 0.567
[19,   480] loss: 0.509
[19,   490] loss: 0.456
[19,   500] loss: 0.489
[19,   510] loss: 0.519
[19,   520] loss: 0.515
[19,   530] loss: 0.517
[19,   540] loss: 0.615
[19,   550] loss: 0.505
[19,   560] loss: 0.482
[19,   570] loss: 0.556
[19,   580] loss: 0.678
[19,   590] loss: 0.441
[19,   600] loss: 0.436
[19,   610] loss: 0.579
[19,   620] loss: 0.555
[19,   630] loss: 0.540
[19,   640] loss: 0.467
[19,   650] loss: 0.567
[19,   660] loss: 0.560
[19,   670] loss: 0.535
[19,   680] loss: 0.533
[19,   690] loss: 0.466
[19,   700] loss: 0.519
[19,   710] loss: 0.565
[19,   720] loss: 0.500
[19,   730] loss: 0.473
[19,   740] loss: 0.472
[19,   750] loss: 0.646
[19,   760] loss: 0.494
[19,   770] loss: 0.531
[19,   780] loss: 0.455
[19,   790] loss: 0.450
[19,   800] loss: 0.533
[20,    10] loss: 0.599
[20,    20] loss: 0.562
[20,    30] loss: 0.568
[20,    40] loss: 0.460
[20,    50] loss: 0.521
[20,    60] loss: 0.516
[20,    70] loss: 0.426
[20,    80] loss: 0.588
[20,    90] loss: 0.452
[20,   100] loss: 0.520
[20,   110] loss: 0.433
[20,   120] loss: 0.401
[20,   130] loss: 0.425
[20,   140] loss: 0.514
[20,   150] loss: 0.502
[20,   160] loss: 0.476
[20,   170] loss: 0.438
[20,   180] loss: 0.493
[20,   190] loss: 0.452
[20,   200] loss: 0.502
[20,   210] loss: 0.465
[20,   220] loss: 0.631
[20,   230] loss: 0.569
[20,   240] loss: 0.473
[20,   250] loss: 0.511
[20,   260] loss: 0.550
[20,   270] loss: 0.475
[20,   280] loss: 0.485
[20,   290] loss: 0.549
[20,   300] loss: 0.639
[20,   310] loss: 0.619
[20,   320] loss: 0.597
[20,   330] loss: 0.526
[20,   340] loss: 0.617
[20,   350] loss: 0.459
[20,   360] loss: 0.418
[20,   370] loss: 0.412
[20,   380] loss: 0.446
[20,   390] loss: 0.502
[20,   400] loss: 0.426
[20,   410] loss: 0.476
[20,   420] loss: 0.518
[20,   430] loss: 0.484
[20,   440] loss: 0.472
[20,   450] loss: 0.430
[20,   460] loss: 0.509
[20,   470] loss: 0.484
[20,   480] loss: 0.540
[20,   490] loss: 0.567
[20,   500] loss: 0.540
[20,   510] loss: 0.541
[20,   520] loss: 0.425
[20,   530] loss: 0.479
[20,   540] loss: 0.478
[20,   550] loss: 0.544
[20,   560] loss: 0.459
[20,   570] loss: 0.589
[20,   580] loss: 0.547
[20,   590] loss: 0.514
[20,   600] loss: 0.584
[20,   610] loss: 0.559
[20,   620] loss: 0.511
[20,   630] loss: 0.514
[20,   640] loss: 0.478
[20,   650] loss: 0.439
[20,   660] loss: 0.522
[20,   670] loss: 0.515
[20,   680] loss: 0.537
[20,   690] loss: 0.573
[20,   700] loss: 0.508
[20,   710] loss: 0.573
[20,   720] loss: 0.528
[20,   730] loss: 0.491
[20,   740] loss: 0.526
[20,   750] loss: 0.500
[20,   760] loss: 0.522
[20,   770] loss: 0.571
[20,   780] loss: 0.502
[20,   790] loss: 0.507
[20,   800] loss: 0.586
[21,    10] loss: 0.524
[21,    20] loss: 0.549
[21,    30] loss: 0.573
[21,    40] loss: 0.479
[21,    50] loss: 0.461
[21,    60] loss: 0.456
[21,    70] loss: 0.562
[21,    80] loss: 0.458
[21,    90] loss: 0.552
[21,   100] loss: 0.633
[21,   110] loss: 0.452
[21,   120] loss: 0.495
[21,   130] loss: 0.521
[21,   140] loss: 0.435
[21,   150] loss: 0.474
[21,   160] loss: 0.572
[21,   170] loss: 0.559
[21,   180] loss: 0.510
[21,   190] loss: 0.433
[21,   200] loss: 0.514
[21,   210] loss: 0.526
[21,   220] loss: 0.529
[21,   230] loss: 0.520
[21,   240] loss: 0.470
[21,   250] loss: 0.483
[21,   260] loss: 0.530
[21,   270] loss: 0.442
[21,   280] loss: 0.507
[21,   290] loss: 0.418
[21,   300] loss: 0.606
[21,   310] loss: 0.565
[21,   320] loss: 0.471
[21,   330] loss: 0.545
[21,   340] loss: 0.564
[21,   350] loss: 0.612
[21,   360] loss: 0.487
[21,   370] loss: 0.445
[21,   380] loss: 0.541
[21,   390] loss: 0.455
[21,   400] loss: 0.412
[21,   410] loss: 0.411
[21,   420] loss: 0.657
[21,   430] loss: 0.537
[21,   440] loss: 0.511
[21,   450] loss: 0.513
[21,   460] loss: 0.503
[21,   470] loss: 0.476
[21,   480] loss: 0.577
[21,   490] loss: 0.527
[21,   500] loss: 0.420
[21,   510] loss: 0.459
[21,   520] loss: 0.453
[21,   530] loss: 0.454
[21,   540] loss: 0.543
[21,   550] loss: 0.602
[21,   560] loss: 0.538
[21,   570] loss: 0.462
[21,   580] loss: 0.462
[21,   590] loss: 0.460
[21,   600] loss: 0.516
[21,   610] loss: 0.587
[21,   620] loss: 0.605
[21,   630] loss: 0.469
[21,   640] loss: 0.546
[21,   650] loss: 0.496
[21,   660] loss: 0.468
[21,   670] loss: 0.436
[21,   680] loss: 0.448
[21,   690] loss: 0.539
[21,   700] loss: 0.543
[21,   710] loss: 0.523
[21,   720] loss: 0.472
[21,   730] loss: 0.537
[21,   740] loss: 0.418
[21,   750] loss: 0.439
[21,   760] loss: 0.582
[21,   770] loss: 0.527
[21,   780] loss: 0.540
[21,   790] loss: 0.544
[21,   800] loss: 0.518
[22,    10] loss: 0.562
[22,    20] loss: 0.612
[22,    30] loss: 0.551
[22,    40] loss: 0.580
[22,    50] loss: 0.587
[22,    60] loss: 0.648
[22,    70] loss: 0.606
[22,    80] loss: 0.491
[22,    90] loss: 0.583
[22,   100] loss: 0.507
[22,   110] loss: 0.453
[22,   120] loss: 0.571
[22,   130] loss: 0.497
[22,   140] loss: 0.539
[22,   150] loss: 0.495
[22,   160] loss: 0.511
[22,   170] loss: 0.499
[22,   180] loss: 0.498
[22,   190] loss: 0.594
[22,   200] loss: 0.370
[22,   210] loss: 0.469
[22,   220] loss: 0.467
[22,   230] loss: 0.454
[22,   240] loss: 0.459
[22,   250] loss: 0.468
[22,   260] loss: 0.486
[22,   270] loss: 0.470
[22,   280] loss: 0.505
[22,   290] loss: 0.433
[22,   300] loss: 0.492
[22,   310] loss: 0.543
[22,   320] loss: 0.472
[22,   330] loss: 0.515
[22,   340] loss: 0.447
[22,   350] loss: 0.587
[22,   360] loss: 0.563
[22,   370] loss: 0.480
[22,   380] loss: 0.518
[22,   390] loss: 0.500
[22,   400] loss: 0.503
[22,   410] loss: 0.500
[22,   420] loss: 0.611
[22,   430] loss: 0.490
[22,   440] loss: 0.542
[22,   450] loss: 0.533
[22,   460] loss: 0.485
[22,   470] loss: 0.474
[22,   480] loss: 0.492
[22,   490] loss: 0.468
[22,   500] loss: 0.551
[22,   510] loss: 0.469
[22,   520] loss: 0.514
[22,   530] loss: 0.524
[22,   540] loss: 0.550
[22,   550] loss: 0.601
[22,   560] loss: 0.602
[22,   570] loss: 0.438
[22,   580] loss: 0.458
[22,   590] loss: 0.500
[22,   600] loss: 0.518
[22,   610] loss: 0.590
[22,   620] loss: 0.562
[22,   630] loss: 0.547
[22,   640] loss: 0.501
[22,   650] loss: 0.517
[22,   660] loss: 0.490
[22,   670] loss: 0.534
[22,   680] loss: 0.562
[22,   690] loss: 0.480
[22,   700] loss: 0.411
[22,   710] loss: 0.504
[22,   720] loss: 0.419
[22,   730] loss: 0.435
[22,   740] loss: 0.501
[22,   750] loss: 0.500
[22,   760] loss: 0.455
[22,   770] loss: 0.567
[22,   780] loss: 0.504
[22,   790] loss: 0.473
[22,   800] loss: 0.415
[23,    10] loss: 0.527
[23,    20] loss: 0.601
[23,    30] loss: 0.502
[23,    40] loss: 0.506
[23,    50] loss: 0.442
[23,    60] loss: 0.590
[23,    70] loss: 0.546
[23,    80] loss: 0.526
[23,    90] loss: 0.480
[23,   100] loss: 0.519
[23,   110] loss: 0.570
[23,   120] loss: 0.490
[23,   130] loss: 0.516
[23,   140] loss: 0.509
[23,   150] loss: 0.582
[23,   160] loss: 0.523
[23,   170] loss: 0.525
[23,   180] loss: 0.578
[23,   190] loss: 0.531
[23,   200] loss: 0.538
[23,   210] loss: 0.565
[23,   220] loss: 0.468
[23,   230] loss: 0.442
[23,   240] loss: 0.468
[23,   250] loss: 0.483
[23,   260] loss: 0.402
[23,   270] loss: 0.433
[23,   280] loss: 0.613
[23,   290] loss: 0.458
[23,   300] loss: 0.586
[23,   310] loss: 0.455
[23,   320] loss: 0.487
[23,   330] loss: 0.494
[23,   340] loss: 0.492
[23,   350] loss: 0.514
[23,   360] loss: 0.486
[23,   370] loss: 0.477
[23,   380] loss: 0.481
[23,   390] loss: 0.572
[23,   400] loss: 0.459
[23,   410] loss: 0.453
[23,   420] loss: 0.497
[23,   430] loss: 0.490
[23,   440] loss: 0.520
[23,   450] loss: 0.559
[23,   460] loss: 0.457
[23,   470] loss: 0.484
[23,   480] loss: 0.535
[23,   490] loss: 0.503
[23,   500] loss: 0.438
[23,   510] loss: 0.447
[23,   520] loss: 0.466
[23,   530] loss: 0.410
[23,   540] loss: 0.488
[23,   550] loss: 0.530
[23,   560] loss: 0.507
[23,   570] loss: 0.509
[23,   580] loss: 0.517
[23,   590] loss: 0.362
[23,   600] loss: 0.453
[23,   610] loss: 0.486
[23,   620] loss: 0.466
[23,   630] loss: 0.512
[23,   640] loss: 0.415
[23,   650] loss: 0.480
[23,   660] loss: 0.454
[23,   670] loss: 0.546
[23,   680] loss: 0.532
[23,   690] loss: 0.516
[23,   700] loss: 0.463
[23,   710] loss: 0.670
[23,   720] loss: 0.617
[23,   730] loss: 0.514
[23,   740] loss: 0.492
[23,   750] loss: 0.572
[23,   760] loss: 0.546
[23,   770] loss: 0.493
[23,   780] loss: 0.517
[23,   790] loss: 0.490
[23,   800] loss: 0.455
[24,    10] loss: 0.435
[24,    20] loss: 0.478
[24,    30] loss: 0.474
[24,    40] loss: 0.471
[24,    50] loss: 0.587
[24,    60] loss: 0.513
[24,    70] loss: 0.470
[24,    80] loss: 0.427
[24,    90] loss: 0.433
[24,   100] loss: 0.513
[24,   110] loss: 0.566
[24,   120] loss: 0.464
[24,   130] loss: 0.543
[24,   140] loss: 0.559
[24,   150] loss: 0.491
[24,   160] loss: 0.459
[24,   170] loss: 0.533
[24,   180] loss: 0.638
[24,   190] loss: 0.471
[24,   200] loss: 0.638
[24,   210] loss: 0.607
[24,   220] loss: 0.466
[24,   230] loss: 0.501
[24,   240] loss: 0.538
[24,   250] loss: 0.622
[24,   260] loss: 0.474
[24,   270] loss: 0.540
[24,   280] loss: 0.471
[24,   290] loss: 0.464
[24,   300] loss: 0.564
[24,   310] loss: 0.456
[24,   320] loss: 0.449
[24,   330] loss: 0.452
[24,   340] loss: 0.422
[24,   350] loss: 0.459
[24,   360] loss: 0.457
[24,   370] loss: 0.504
[24,   380] loss: 0.501
[24,   390] loss: 0.474
[24,   400] loss: 0.490
[24,   410] loss: 0.451
[24,   420] loss: 0.586
[24,   430] loss: 0.482
[24,   440] loss: 0.521
[24,   450] loss: 0.477
[24,   460] loss: 0.526
[24,   470] loss: 0.581
[24,   480] loss: 0.515
[24,   490] loss: 0.423
[24,   500] loss: 0.481
[24,   510] loss: 0.500
[24,   520] loss: 0.463
[24,   530] loss: 0.467
[24,   540] loss: 0.459
[24,   550] loss: 0.492
[24,   560] loss: 0.527
[24,   570] loss: 0.550
[24,   580] loss: 0.479
[24,   590] loss: 0.493
[24,   600] loss: 0.557
[24,   610] loss: 0.545
[24,   620] loss: 0.602
[24,   630] loss: 0.566
[24,   640] loss: 0.487
[24,   650] loss: 0.525
[24,   660] loss: 0.541
[24,   670] loss: 0.553
[24,   680] loss: 0.498
[24,   690] loss: 0.494
[24,   700] loss: 0.530
[24,   710] loss: 0.527
[24,   720] loss: 0.524
[24,   730] loss: 0.586
[24,   740] loss: 0.500
[24,   750] loss: 0.465
[24,   760] loss: 0.490
[24,   770] loss: 0.570
[24,   780] loss: 0.512
[24,   790] loss: 0.610
[24,   800] loss: 0.563
[25,    10] loss: 0.588
[25,    20] loss: 0.581
[25,    30] loss: 0.562
[25,    40] loss: 0.540
[25,    50] loss: 0.530
[25,    60] loss: 0.441
[25,    70] loss: 0.497
[25,    80] loss: 0.465
[25,    90] loss: 0.532
[25,   100] loss: 0.529
[25,   110] loss: 0.503
[25,   120] loss: 0.432
[25,   130] loss: 0.500
[25,   140] loss: 0.468
[25,   150] loss: 0.481
[25,   160] loss: 0.478
[25,   170] loss: 0.451
[25,   180] loss: 0.515
[25,   190] loss: 0.543
[25,   200] loss: 0.452
[25,   210] loss: 0.498
[25,   220] loss: 0.466
[25,   230] loss: 0.487
[25,   240] loss: 0.485
[25,   250] loss: 0.539
[25,   260] loss: 0.505
[25,   270] loss: 0.416
[25,   280] loss: 0.404
[25,   290] loss: 0.451
[25,   300] loss: 0.499
[25,   310] loss: 0.540
[25,   320] loss: 0.546
[25,   330] loss: 0.492
[25,   340] loss: 0.467
[25,   350] loss: 0.474
[25,   360] loss: 0.480
[25,   370] loss: 0.437
[25,   380] loss: 0.465
[25,   390] loss: 0.492
[25,   400] loss: 0.478
[25,   410] loss: 0.466
[25,   420] loss: 0.509
[25,   430] loss: 0.405
[25,   440] loss: 0.514
[25,   450] loss: 0.419
[25,   460] loss: 0.506
[25,   470] loss: 0.564
[25,   480] loss: 0.488
[25,   490] loss: 0.459
[25,   500] loss: 0.468
[25,   510] loss: 0.454
[25,   520] loss: 0.513
[25,   530] loss: 0.568
[25,   540] loss: 0.488
[25,   550] loss: 0.491
[25,   560] loss: 0.510
[25,   570] loss: 0.654
[25,   580] loss: 0.544
[25,   590] loss: 0.620
[25,   600] loss: 0.485
[25,   610] loss: 0.548
[25,   620] loss: 0.543
[25,   630] loss: 0.472
[25,   640] loss: 0.526
[25,   650] loss: 0.493
[25,   660] loss: 0.565
[25,   670] loss: 0.431
[25,   680] loss: 0.484
[25,   690] loss: 0.460
[25,   700] loss: 0.483
[25,   710] loss: 0.470
[25,   720] loss: 0.464
[25,   730] loss: 0.518
[25,   740] loss: 0.515
[25,   750] loss: 0.505
[25,   760] loss: 0.463
[25,   770] loss: 0.559
[25,   780] loss: 0.468
[25,   790] loss: 0.565
[25,   800] loss: 0.513
[26,    10] loss: 0.513
[26,    20] loss: 0.464
[26,    30] loss: 0.499
[26,    40] loss: 0.453
[26,    50] loss: 0.521
[26,    60] loss: 0.519
[26,    70] loss: 0.511
[26,    80] loss: 0.608
[26,    90] loss: 0.576
[26,   100] loss: 0.410
[26,   110] loss: 0.475
[26,   120] loss: 0.456
[26,   130] loss: 0.542
[26,   140] loss: 0.437
[26,   150] loss: 0.398
[26,   160] loss: 0.535
[26,   170] loss: 0.498
[26,   180] loss: 0.569
[26,   190] loss: 0.495
[26,   200] loss: 0.456
[26,   210] loss: 0.488
[26,   220] loss: 0.492
[26,   230] loss: 0.554
[26,   240] loss: 0.551
[26,   250] loss: 0.502
[26,   260] loss: 0.492
[26,   270] loss: 0.489
[26,   280] loss: 0.503
[26,   290] loss: 0.564
[26,   300] loss: 0.466
[26,   310] loss: 0.450
[26,   320] loss: 0.424
[26,   330] loss: 0.510
[26,   340] loss: 0.394
[26,   350] loss: 0.447
[26,   360] loss: 0.446
[26,   370] loss: 0.409
[26,   380] loss: 0.438
[26,   390] loss: 0.567
[26,   400] loss: 0.584
[26,   410] loss: 0.483
[26,   420] loss: 0.439
[26,   430] loss: 0.481
[26,   440] loss: 0.480
[26,   450] loss: 0.464
[26,   460] loss: 0.586
[26,   470] loss: 0.472
[26,   480] loss: 0.595
[26,   490] loss: 0.535
[26,   500] loss: 0.534
[26,   510] loss: 0.503
[26,   520] loss: 0.488
[26,   530] loss: 0.568
[26,   540] loss: 0.447
[26,   550] loss: 0.456
[26,   560] loss: 0.506
[26,   570] loss: 0.532
[26,   580] loss: 0.460
[26,   590] loss: 0.560
[26,   600] loss: 0.563
[26,   610] loss: 0.509
[26,   620] loss: 0.415
[26,   630] loss: 0.490
[26,   640] loss: 0.425
[26,   650] loss: 0.463
[26,   660] loss: 0.453
[26,   670] loss: 0.517
[26,   680] loss: 0.473
[26,   690] loss: 0.467
[26,   700] loss: 0.468
[26,   710] loss: 0.533
[26,   720] loss: 0.429
[26,   730] loss: 0.494
[26,   740] loss: 0.571
[26,   750] loss: 0.535
[26,   760] loss: 0.507
[26,   770] loss: 0.474
[26,   780] loss: 0.465
[26,   790] loss: 0.464
[26,   800] loss: 0.523
[27,    10] loss: 0.454
[27,    20] loss: 0.474
[27,    30] loss: 0.466
[27,    40] loss: 0.511
[27,    50] loss: 0.509
[27,    60] loss: 0.487
[27,    70] loss: 0.440
[27,    80] loss: 0.466
[27,    90] loss: 0.459
[27,   100] loss: 0.504
[27,   110] loss: 0.556
[27,   120] loss: 0.546
[27,   130] loss: 0.566
[27,   140] loss: 0.488
[27,   150] loss: 0.473
[27,   160] loss: 0.511
[27,   170] loss: 0.458
[27,   180] loss: 0.446
[27,   190] loss: 0.525
[27,   200] loss: 0.496
[27,   210] loss: 0.490
[27,   220] loss: 0.441
[27,   230] loss: 0.405
[27,   240] loss: 0.415
[27,   250] loss: 0.421
[27,   260] loss: 0.505
[27,   270] loss: 0.455
[27,   280] loss: 0.482
[27,   290] loss: 0.603
[27,   300] loss: 0.495
[27,   310] loss: 0.476
[27,   320] loss: 0.509
[27,   330] loss: 0.455
[27,   340] loss: 0.459
[27,   350] loss: 0.438
[27,   360] loss: 0.550
[27,   370] loss: 0.563
[27,   380] loss: 0.518
[27,   390] loss: 0.522
[27,   400] loss: 0.565
[27,   410] loss: 0.493
[27,   420] loss: 0.497
[27,   430] loss: 0.501
[27,   440] loss: 0.501
[27,   450] loss: 0.599
[27,   460] loss: 0.544
[27,   470] loss: 0.549
[27,   480] loss: 0.513
[27,   490] loss: 0.552
[27,   500] loss: 0.477
[27,   510] loss: 0.415
[27,   520] loss: 0.415
[27,   530] loss: 0.415
[27,   540] loss: 0.453
[27,   550] loss: 0.510
[27,   560] loss: 0.482
[27,   570] loss: 0.478
[27,   580] loss: 0.516
[27,   590] loss: 0.493
[27,   600] loss: 0.472
[27,   610] loss: 0.484
[27,   620] loss: 0.607
[27,   630] loss: 0.528
[27,   640] loss: 0.526
[27,   650] loss: 0.568
[27,   660] loss: 0.574
[27,   670] loss: 0.496
[27,   680] loss: 0.465
[27,   690] loss: 0.518
[27,   700] loss: 0.454
[27,   710] loss: 0.453
[27,   720] loss: 0.493
[27,   730] loss: 0.551
[27,   740] loss: 0.489
[27,   750] loss: 0.508
[27,   760] loss: 0.514
[27,   770] loss: 0.509
[27,   780] loss: 0.448
[27,   790] loss: 0.477
[27,   800] loss: 0.440
[28,    10] loss: 0.426
[28,    20] loss: 0.469
[28,    30] loss: 0.463
[28,    40] loss: 0.502
[28,    50] loss: 0.474
[28,    60] loss: 0.550
[28,    70] loss: 0.497
[28,    80] loss: 0.414
[28,    90] loss: 0.549
[28,   100] loss: 0.494
[28,   110] loss: 0.476
[28,   120] loss: 0.492
[28,   130] loss: 0.472
[28,   140] loss: 0.479
[28,   150] loss: 0.432
[28,   160] loss: 0.481
[28,   170] loss: 0.525
[28,   180] loss: 0.685
[28,   190] loss: 0.594
[28,   200] loss: 0.611
[28,   210] loss: 0.498
[28,   220] loss: 0.463
[28,   230] loss: 0.556
[28,   240] loss: 0.558
[28,   250] loss: 0.403
[28,   260] loss: 0.488
[28,   270] loss: 0.426
[28,   280] loss: 0.537
[28,   290] loss: 0.500
[28,   300] loss: 0.500
[28,   310] loss: 0.508
[28,   320] loss: 0.514
[28,   330] loss: 0.534
[28,   340] loss: 0.536
[28,   350] loss: 0.435
[28,   360] loss: 0.558
[28,   370] loss: 0.510
[28,   380] loss: 0.516
[28,   390] loss: 0.489
[28,   400] loss: 0.430
[28,   410] loss: 0.555
[28,   420] loss: 0.523
[28,   430] loss: 0.430
[28,   440] loss: 0.480
[28,   450] loss: 0.485
[28,   460] loss: 0.509
[28,   470] loss: 0.541
[28,   480] loss: 0.529
[28,   490] loss: 0.563
[28,   500] loss: 0.551
[28,   510] loss: 0.467
[28,   520] loss: 0.501
[28,   530] loss: 0.498
[28,   540] loss: 0.506
[28,   550] loss: 0.480
[28,   560] loss: 0.465
[28,   570] loss: 0.462
[28,   580] loss: 0.355
[28,   590] loss: 0.556
[28,   600] loss: 0.515
[28,   610] loss: 0.415
[28,   620] loss: 0.558
[28,   630] loss: 0.458
[28,   640] loss: 0.555
[28,   650] loss: 0.558
[28,   660] loss: 0.570
[28,   670] loss: 0.484
[28,   680] loss: 0.402
[28,   690] loss: 0.419
[28,   700] loss: 0.485
[28,   710] loss: 0.637
[28,   720] loss: 0.526
[28,   730] loss: 0.406
[28,   740] loss: 0.502
[28,   750] loss: 0.434
[28,   760] loss: 0.546
[28,   770] loss: 0.473
[28,   780] loss: 0.417
[28,   790] loss: 0.506
[28,   800] loss: 0.563
[29,    10] loss: 0.490
[29,    20] loss: 0.565
[29,    30] loss: 0.471
[29,    40] loss: 0.492
[29,    50] loss: 0.509
[29,    60] loss: 0.509
[29,    70] loss: 0.448
[29,    80] loss: 0.549
[29,    90] loss: 0.574
[29,   100] loss: 0.506
[29,   110] loss: 0.527
[29,   120] loss: 0.440
[29,   130] loss: 0.427
[29,   140] loss: 0.469
[29,   150] loss: 0.494
[29,   160] loss: 0.427
[29,   170] loss: 0.533
[29,   180] loss: 0.574
[29,   190] loss: 0.409
[29,   200] loss: 0.505
[29,   210] loss: 0.486
[29,   220] loss: 0.444
[29,   230] loss: 0.518
[29,   240] loss: 0.524
[29,   250] loss: 0.490
[29,   260] loss: 0.544
[29,   270] loss: 0.652
[29,   280] loss: 0.435
[29,   290] loss: 0.514
[29,   300] loss: 0.433
[29,   310] loss: 0.497
[29,   320] loss: 0.516
[29,   330] loss: 0.469
[29,   340] loss: 0.505
[29,   350] loss: 0.427
[29,   360] loss: 0.438
[29,   370] loss: 0.451
[29,   380] loss: 0.407
[29,   390] loss: 0.488
[29,   400] loss: 0.433
[29,   410] loss: 0.432
[29,   420] loss: 0.413
[29,   430] loss: 0.483
[29,   440] loss: 0.449
[29,   450] loss: 0.426
[29,   460] loss: 0.521
[29,   470] loss: 0.561
[29,   480] loss: 0.423
[29,   490] loss: 0.486
[29,   500] loss: 0.488
[29,   510] loss: 0.495
[29,   520] loss: 0.523
[29,   530] loss: 0.470
[29,   540] loss: 0.568
[29,   550] loss: 0.461
[29,   560] loss: 0.576
[29,   570] loss: 0.495
[29,   580] loss: 0.430
[29,   590] loss: 0.440
[29,   600] loss: 0.423
[29,   610] loss: 0.436
[29,   620] loss: 0.453
[29,   630] loss: 0.500
[29,   640] loss: 0.458
[29,   650] loss: 0.445
[29,   660] loss: 0.505
[29,   670] loss: 0.448
[29,   680] loss: 0.475
[29,   690] loss: 0.553
[29,   700] loss: 0.590
[29,   710] loss: 0.634
[29,   720] loss: 0.523
[29,   730] loss: 0.481
[29,   740] loss: 0.498
[29,   750] loss: 0.534
[29,   760] loss: 0.460
[29,   770] loss: 0.497
[29,   780] loss: 0.476
[29,   790] loss: 0.489
[29,   800] loss: 0.485
[30,    10] loss: 0.410
[30,    20] loss: 0.389
[30,    30] loss: 0.565
[30,    40] loss: 0.466
[30,    50] loss: 0.431
[30,    60] loss: 0.443
[30,    70] loss: 0.556
[30,    80] loss: 0.508
[30,    90] loss: 0.487
[30,   100] loss: 0.493
[30,   110] loss: 0.502
[30,   120] loss: 0.505
[30,   130] loss: 0.589
[30,   140] loss: 0.502
[30,   150] loss: 0.518
[30,   160] loss: 0.565
[30,   170] loss: 0.484
[30,   180] loss: 0.435
[30,   190] loss: 0.557
[30,   200] loss: 0.467
[30,   210] loss: 0.425
[30,   220] loss: 0.509
[30,   230] loss: 0.467
[30,   240] loss: 0.580
[30,   250] loss: 0.468
[30,   260] loss: 0.501
[30,   270] loss: 0.574
[30,   280] loss: 0.554
[30,   290] loss: 0.613
[30,   300] loss: 0.461
[30,   310] loss: 0.434
[30,   320] loss: 0.479
[30,   330] loss: 0.481
[30,   340] loss: 0.439
[30,   350] loss: 0.510
[30,   360] loss: 0.487
[30,   370] loss: 0.475
[30,   380] loss: 0.515
[30,   390] loss: 0.522
[30,   400] loss: 0.474
[30,   410] loss: 0.557
[30,   420] loss: 0.414
[30,   430] loss: 0.486
[30,   440] loss: 0.577
[30,   450] loss: 0.479
[30,   460] loss: 0.520
[30,   470] loss: 0.371
[30,   480] loss: 0.445
[30,   490] loss: 0.383
[30,   500] loss: 0.408
[30,   510] loss: 0.466
[30,   520] loss: 0.499
[30,   530] loss: 0.497
[30,   540] loss: 0.491
[30,   550] loss: 0.493
[30,   560] loss: 0.515
[30,   570] loss: 0.548
[30,   580] loss: 0.455
[30,   590] loss: 0.459
[30,   600] loss: 0.491
[30,   610] loss: 0.458
[30,   620] loss: 0.483
[30,   630] loss: 0.483
[30,   640] loss: 0.406
[30,   650] loss: 0.424
[30,   660] loss: 0.481
[30,   670] loss: 0.510
[30,   680] loss: 0.465
[30,   690] loss: 0.504
[30,   700] loss: 0.519
[30,   710] loss: 0.543
[30,   720] loss: 0.532
[30,   730] loss: 0.455
[30,   740] loss: 0.542
[30,   750] loss: 0.475
[30,   760] loss: 0.500
[30,   770] loss: 0.537
[30,   780] loss: 0.557
[30,   790] loss: 0.532
[30,   800] loss: 0.584
[31,    10] loss: 0.576
[31,    20] loss: 0.525
[31,    30] loss: 0.464
[31,    40] loss: 0.527
[31,    50] loss: 0.493
[31,    60] loss: 0.514
[31,    70] loss: 0.478
[31,    80] loss: 0.450
[31,    90] loss: 0.481
[31,   100] loss: 0.437
[31,   110] loss: 0.489
[31,   120] loss: 0.476
[31,   130] loss: 0.484
[31,   140] loss: 0.496
[31,   150] loss: 0.477
[31,   160] loss: 0.437
[31,   170] loss: 0.581
[31,   180] loss: 0.525
[31,   190] loss: 0.462
[31,   200] loss: 0.532
[31,   210] loss: 0.599
[31,   220] loss: 0.519
[31,   230] loss: 0.491
[31,   240] loss: 0.572
[31,   250] loss: 0.497
[31,   260] loss: 0.471
[31,   270] loss: 0.492
[31,   280] loss: 0.409
[31,   290] loss: 0.471
[31,   300] loss: 0.456
[31,   310] loss: 0.432
[31,   320] loss: 0.502
[31,   330] loss: 0.508
[31,   340] loss: 0.473
[31,   350] loss: 0.553
[31,   360] loss: 0.491
[31,   370] loss: 0.462
[31,   380] loss: 0.597
[31,   390] loss: 0.450
[31,   400] loss: 0.480
[31,   410] loss: 0.462
[31,   420] loss: 0.574
[31,   430] loss: 0.509
[31,   440] loss: 0.553
[31,   450] loss: 0.589
[31,   460] loss: 0.523
[31,   470] loss: 0.501
[31,   480] loss: 0.444
[31,   490] loss: 0.500
[31,   500] loss: 0.530
[31,   510] loss: 0.441
[31,   520] loss: 0.536
[31,   530] loss: 0.476
[31,   540] loss: 0.511
[31,   550] loss: 0.526
[31,   560] loss: 0.454
[31,   570] loss: 0.400
[31,   580] loss: 0.434
[31,   590] loss: 0.510
[31,   600] loss: 0.446
[31,   610] loss: 0.458
[31,   620] loss: 0.452
[31,   630] loss: 0.471
[31,   640] loss: 0.388
[31,   650] loss: 0.392
[31,   660] loss: 0.477
[31,   670] loss: 0.464
[31,   680] loss: 0.430
[31,   690] loss: 0.558
[31,   700] loss: 0.512
[31,   710] loss: 0.492
[31,   720] loss: 0.494
[31,   730] loss: 0.499
[31,   740] loss: 0.520
[31,   750] loss: 0.568
[31,   760] loss: 0.453
[31,   770] loss: 0.445
[31,   780] loss: 0.460
[31,   790] loss: 0.430
[31,   800] loss: 0.397
[32,    10] loss: 0.647
[32,    20] loss: 0.459
[32,    30] loss: 0.455
[32,    40] loss: 0.453
[32,    50] loss: 0.479
[32,    60] loss: 0.547
[32,    70] loss: 0.547
[32,    80] loss: 0.573
[32,    90] loss: 0.473
[32,   100] loss: 0.399
[32,   110] loss: 0.478
[32,   120] loss: 0.466
[32,   130] loss: 0.472
[32,   140] loss: 0.443
[32,   150] loss: 0.495
[32,   160] loss: 0.468
[32,   170] loss: 0.509
[32,   180] loss: 0.572
[32,   190] loss: 0.540
[32,   200] loss: 0.526
[32,   210] loss: 0.508
[32,   220] loss: 0.527
[32,   230] loss: 0.531
[32,   240] loss: 0.534
[32,   250] loss: 0.437
[32,   260] loss: 0.573
[32,   270] loss: 0.478
[32,   280] loss: 0.503
[32,   290] loss: 0.495
[32,   300] loss: 0.490
[32,   310] loss: 0.493
[32,   320] loss: 0.475
[32,   330] loss: 0.397
[32,   340] loss: 0.477
[32,   350] loss: 0.518
[32,   360] loss: 0.537
[32,   370] loss: 0.511
[32,   380] loss: 0.514
[32,   390] loss: 0.618
[32,   400] loss: 0.489
[32,   410] loss: 0.502
[32,   420] loss: 0.531
[32,   430] loss: 0.530
[32,   440] loss: 0.519
[32,   450] loss: 0.497
[32,   460] loss: 0.471
[32,   470] loss: 0.547
[32,   480] loss: 0.506
[32,   490] loss: 0.519
[32,   500] loss: 0.495
[32,   510] loss: 0.469
[32,   520] loss: 0.509
[32,   530] loss: 0.455
[32,   540] loss: 0.551
[32,   550] loss: 0.534
[32,   560] loss: 0.477
[32,   570] loss: 0.541
[32,   580] loss: 0.465
[32,   590] loss: 0.492
[32,   600] loss: 0.486
[32,   610] loss: 0.572
[32,   620] loss: 0.512
[32,   630] loss: 0.552
[32,   640] loss: 0.558
[32,   650] loss: 0.518
[32,   660] loss: 0.470
[32,   670] loss: 0.556
[32,   680] loss: 0.487
[32,   690] loss: 0.491
[32,   700] loss: 0.529
[32,   710] loss: 0.552
[32,   720] loss: 0.498
[32,   730] loss: 0.526
[32,   740] loss: 0.554
[32,   750] loss: 0.505
[32,   760] loss: 0.466
[32,   770] loss: 0.480
[32,   780] loss: 0.429
[32,   790] loss: 0.394
[32,   800] loss: 0.529
[33,    10] loss: 0.486
[33,    20] loss: 0.566
[33,    30] loss: 0.499
[33,    40] loss: 0.435
[33,    50] loss: 0.470
[33,    60] loss: 0.415
[33,    70] loss: 0.484
[33,    80] loss: 0.481
[33,    90] loss: 0.527
[33,   100] loss: 0.464
[33,   110] loss: 0.502
[33,   120] loss: 0.416
[33,   130] loss: 0.481
[33,   140] loss: 0.405
[33,   150] loss: 0.459
[33,   160] loss: 0.459
[33,   170] loss: 0.374
[33,   180] loss: 0.409
[33,   190] loss: 0.556
[33,   200] loss: 0.451
[33,   210] loss: 0.431
[33,   220] loss: 0.454
[33,   230] loss: 0.458
[33,   240] loss: 0.475
[33,   250] loss: 0.453
[33,   260] loss: 0.385
[33,   270] loss: 0.490
[33,   280] loss: 0.449
[33,   290] loss: 0.448
[33,   300] loss: 0.410
[33,   310] loss: 0.424
[33,   320] loss: 0.564
[33,   330] loss: 0.545
[33,   340] loss: 0.559
[33,   350] loss: 0.662
[33,   360] loss: 0.610
[33,   370] loss: 0.579
[33,   380] loss: 0.510
[33,   390] loss: 0.516
[33,   400] loss: 0.485
[33,   410] loss: 0.528
[33,   420] loss: 0.430
[33,   430] loss: 0.467
[33,   440] loss: 0.603
[33,   450] loss: 0.519
[33,   460] loss: 0.561
[33,   470] loss: 0.433
[33,   480] loss: 0.442
[33,   490] loss: 0.431
[33,   500] loss: 0.573
[33,   510] loss: 0.468
[33,   520] loss: 0.451
[33,   530] loss: 0.568
[33,   540] loss: 0.460
[33,   550] loss: 0.470
[33,   560] loss: 0.445
[33,   570] loss: 0.535
[33,   580] loss: 0.578
[33,   590] loss: 0.551
[33,   600] loss: 0.600
[33,   610] loss: 0.492
[33,   620] loss: 0.580
[33,   630] loss: 0.516
[33,   640] loss: 0.512
[33,   650] loss: 0.591
[33,   660] loss: 0.508
[33,   670] loss: 0.528
[33,   680] loss: 0.506
[33,   690] loss: 0.457
[33,   700] loss: 0.423
[33,   710] loss: 0.465
[33,   720] loss: 0.459
[33,   730] loss: 0.587
[33,   740] loss: 0.482
[33,   750] loss: 0.538
[33,   760] loss: 0.431
[33,   770] loss: 0.554
[33,   780] loss: 0.494
[33,   790] loss: 0.501
[33,   800] loss: 0.448
[34,    10] loss: 0.536
[34,    20] loss: 0.410
[34,    30] loss: 0.553
[34,    40] loss: 0.532
[34,    50] loss: 0.470
[34,    60] loss: 0.469
[34,    70] loss: 0.549
[34,    80] loss: 0.489
[34,    90] loss: 0.433
[34,   100] loss: 0.491
[34,   110] loss: 0.464
[34,   120] loss: 0.443
[34,   130] loss: 0.462
[34,   140] loss: 0.496
[34,   150] loss: 0.498
[34,   160] loss: 0.517
[34,   170] loss: 0.507
[34,   180] loss: 0.511
[34,   190] loss: 0.406
[34,   200] loss: 0.427
[34,   210] loss: 0.434
[34,   220] loss: 0.488
[34,   230] loss: 0.393
[34,   240] loss: 0.414
[34,   250] loss: 0.486
[34,   260] loss: 0.459
[34,   270] loss: 0.527
[34,   280] loss: 0.505
[34,   290] loss: 0.538
[34,   300] loss: 0.449
[34,   310] loss: 0.497
[34,   320] loss: 0.499
[34,   330] loss: 0.536
[34,   340] loss: 0.458
[34,   350] loss: 0.435
[34,   360] loss: 0.471
[34,   370] loss: 0.469
[34,   380] loss: 0.503
[34,   390] loss: 0.479
[34,   400] loss: 0.508
[34,   410] loss: 0.525
[34,   420] loss: 0.510
[34,   430] loss: 0.484
[34,   440] loss: 0.427
[34,   450] loss: 0.480
[34,   460] loss: 0.508
[34,   470] loss: 0.510
[34,   480] loss: 0.458
[34,   490] loss: 0.470
[34,   500] loss: 0.476
[34,   510] loss: 0.547
[34,   520] loss: 0.603
[34,   530] loss: 0.609
[34,   540] loss: 0.532
[34,   550] loss: 0.494
[34,   560] loss: 0.661
[34,   570] loss: 0.518
[34,   580] loss: 0.441
[34,   590] loss: 0.512
[34,   600] loss: 0.468
[34,   610] loss: 0.480
[34,   620] loss: 0.536
[34,   630] loss: 0.568
[34,   640] loss: 0.450
[34,   650] loss: 0.492
[34,   660] loss: 0.522
[34,   670] loss: 0.445
[34,   680] loss: 0.484
[34,   690] loss: 0.417
[34,   700] loss: 0.460
[34,   710] loss: 0.475
[34,   720] loss: 0.509
[34,   730] loss: 0.534
[34,   740] loss: 0.523
[34,   750] loss: 0.522
[34,   760] loss: 0.501
[34,   770] loss: 0.548
[34,   780] loss: 0.533
[34,   790] loss: 0.492
[34,   800] loss: 0.517
[35,    10] loss: 0.407
[35,    20] loss: 0.524
[35,    30] loss: 0.573
[35,    40] loss: 0.445
[35,    50] loss: 0.517
[35,    60] loss: 0.459
[35,    70] loss: 0.533
[35,    80] loss: 0.434
[35,    90] loss: 0.464
[35,   100] loss: 0.502
[35,   110] loss: 0.534
[35,   120] loss: 0.468
[35,   130] loss: 0.480
[35,   140] loss: 0.496
[35,   150] loss: 0.512
[35,   160] loss: 0.505
[35,   170] loss: 0.541
[35,   180] loss: 0.442
[35,   190] loss: 0.609
[35,   200] loss: 0.452
[35,   210] loss: 0.542
[35,   220] loss: 0.510
[35,   230] loss: 0.491
[35,   240] loss: 0.464
[35,   250] loss: 0.430
[35,   260] loss: 0.497
[35,   270] loss: 0.453
[35,   280] loss: 0.514
[35,   290] loss: 0.500
[35,   300] loss: 0.407
[35,   310] loss: 0.413
[35,   320] loss: 0.481
[35,   330] loss: 0.443
[35,   340] loss: 0.510
[35,   350] loss: 0.423
[35,   360] loss: 0.546
[35,   370] loss: 0.464
[35,   380] loss: 0.496
[35,   390] loss: 0.493
[35,   400] loss: 0.557
[35,   410] loss: 0.479
[35,   420] loss: 0.485
[35,   430] loss: 0.467
[35,   440] loss: 0.511
[35,   450] loss: 0.501
[35,   460] loss: 0.451
[35,   470] loss: 0.423
[35,   480] loss: 0.581
[35,   490] loss: 0.604
[35,   500] loss: 0.530
[35,   510] loss: 0.469
[35,   520] loss: 0.454
[35,   530] loss: 0.437
[35,   540] loss: 0.492
[35,   550] loss: 0.400
[35,   560] loss: 0.463
[35,   570] loss: 0.551
[35,   580] loss: 0.475
[35,   590] loss: 0.428
[35,   600] loss: 0.469
[35,   610] loss: 0.314
[35,   620] loss: 0.459
[35,   630] loss: 0.542
[35,   640] loss: 0.460
[35,   650] loss: 0.502
[35,   660] loss: 0.497
[35,   670] loss: 0.484
[35,   680] loss: 0.513
[35,   690] loss: 0.453
[35,   700] loss: 0.485
[35,   710] loss: 0.504
[35,   720] loss: 0.533
[35,   730] loss: 0.443
[35,   740] loss: 0.457
[35,   750] loss: 0.432
[35,   760] loss: 0.501
[35,   770] loss: 0.480
[35,   780] loss: 0.474
[35,   790] loss: 0.411
[35,   800] loss: 0.437
[36,    10] loss: 0.498
[36,    20] loss: 0.437
[36,    30] loss: 0.478
[36,    40] loss: 0.512
[36,    50] loss: 0.581
[36,    60] loss: 0.505
[36,    70] loss: 0.590
[36,    80] loss: 0.496
[36,    90] loss: 0.505
[36,   100] loss: 0.428
[36,   110] loss: 0.487
[36,   120] loss: 0.390
[36,   130] loss: 0.496
[36,   140] loss: 0.483
[36,   150] loss: 0.373
[36,   160] loss: 0.470
[36,   170] loss: 0.405
[36,   180] loss: 0.538
[36,   190] loss: 0.456
[36,   200] loss: 0.487
[36,   210] loss: 0.391
[36,   220] loss: 0.500
[36,   230] loss: 0.549
[36,   240] loss: 0.531
[36,   250] loss: 0.456
[36,   260] loss: 0.440
[36,   270] loss: 0.504
[36,   280] loss: 0.400
[36,   290] loss: 0.385
[36,   300] loss: 0.485
[36,   310] loss: 0.481
[36,   320] loss: 0.557
[36,   330] loss: 0.569
[36,   340] loss: 0.509
[36,   350] loss: 0.483
[36,   360] loss: 0.512
[36,   370] loss: 0.576
[36,   380] loss: 0.471
[36,   390] loss: 0.466
[36,   400] loss: 0.501
[36,   410] loss: 0.481
[36,   420] loss: 0.456
[36,   430] loss: 0.411
[36,   440] loss: 0.480
[36,   450] loss: 0.443
[36,   460] loss: 0.540
[36,   470] loss: 0.514
[36,   480] loss: 0.460
[36,   490] loss: 0.405
[36,   500] loss: 0.484
[36,   510] loss: 0.416
[36,   520] loss: 0.453
[36,   530] loss: 0.483
[36,   540] loss: 0.513
[36,   550] loss: 0.495
[36,   560] loss: 0.538
[36,   570] loss: 0.484
[36,   580] loss: 0.424
[36,   590] loss: 0.478
[36,   600] loss: 0.571
[36,   610] loss: 0.497
[36,   620] loss: 0.448
[36,   630] loss: 0.526
[36,   640] loss: 0.453
[36,   650] loss: 0.463
[36,   660] loss: 0.457
[36,   670] loss: 0.430
[36,   680] loss: 0.513
[36,   690] loss: 0.430
[36,   700] loss: 0.474
[36,   710] loss: 0.483
[36,   720] loss: 0.548
[36,   730] loss: 0.528
[36,   740] loss: 0.410
[36,   750] loss: 0.576
[36,   760] loss: 0.596
[36,   770] loss: 0.606
[36,   780] loss: 0.592
[36,   790] loss: 0.490
[36,   800] loss: 0.434
[37,    10] loss: 0.447
[37,    20] loss: 0.542
[37,    30] loss: 0.665
[37,    40] loss: 0.476
[37,    50] loss: 0.492
[37,    60] loss: 0.554
[37,    70] loss: 0.453
[37,    80] loss: 0.434
[37,    90] loss: 0.505
[37,   100] loss: 0.451
[37,   110] loss: 0.488
[37,   120] loss: 0.508
[37,   130] loss: 0.410
[37,   140] loss: 0.473
[37,   150] loss: 0.529
[37,   160] loss: 0.443
[37,   170] loss: 0.445
[37,   180] loss: 0.460
[37,   190] loss: 0.437
[37,   200] loss: 0.444
[37,   210] loss: 0.410
[37,   220] loss: 0.471
[37,   230] loss: 0.534
[37,   240] loss: 0.503
[37,   250] loss: 0.510
[37,   260] loss: 0.489
[37,   270] loss: 0.399
[37,   280] loss: 0.479
[37,   290] loss: 0.407
[37,   300] loss: 0.386
[37,   310] loss: 0.401
[37,   320] loss: 0.594
[37,   330] loss: 0.574
[37,   340] loss: 0.436
[37,   350] loss: 0.509
[37,   360] loss: 0.517
[37,   370] loss: 0.538
[37,   380] loss: 0.492
[37,   390] loss: 0.554
[37,   400] loss: 0.487
[37,   410] loss: 0.447
[37,   420] loss: 0.537
[37,   430] loss: 0.440
[37,   440] loss: 0.472
[37,   450] loss: 0.526
[37,   460] loss: 0.506
[37,   470] loss: 0.507
[37,   480] loss: 0.491
[37,   490] loss: 0.471
[37,   500] loss: 0.436
[37,   510] loss: 0.453
[37,   520] loss: 0.528
[37,   530] loss: 0.546
[37,   540] loss: 0.502
[37,   550] loss: 0.432
[37,   560] loss: 0.462
[37,   570] loss: 0.406
[37,   580] loss: 0.427
[37,   590] loss: 0.510
[37,   600] loss: 0.477
[37,   610] loss: 0.535
[37,   620] loss: 0.527
[37,   630] loss: 0.469
[37,   640] loss: 0.442
[37,   650] loss: 0.532
[37,   660] loss: 0.428
[37,   670] loss: 0.478
[37,   680] loss: 0.474
[37,   690] loss: 0.511
[37,   700] loss: 0.525
[37,   710] loss: 0.475
[37,   720] loss: 0.547
[37,   730] loss: 0.519
[37,   740] loss: 0.590
[37,   750] loss: 0.416
[37,   760] loss: 0.496
[37,   770] loss: 0.439
[37,   780] loss: 0.485
[37,   790] loss: 0.445
[37,   800] loss: 0.498
[38,    10] loss: 0.594
[38,    20] loss: 0.588
[38,    30] loss: 0.483
[38,    40] loss: 0.541
[38,    50] loss: 0.463
[38,    60] loss: 0.498
[38,    70] loss: 0.469
[38,    80] loss: 0.496
[38,    90] loss: 0.433
[38,   100] loss: 0.442
[38,   110] loss: 0.447
[38,   120] loss: 0.538
[38,   130] loss: 0.498
[38,   140] loss: 0.546
[38,   150] loss: 0.429
[38,   160] loss: 0.507
[38,   170] loss: 0.534
[38,   180] loss: 0.503
[38,   190] loss: 0.438
[38,   200] loss: 0.555
[38,   210] loss: 0.624
[38,   220] loss: 0.473
[38,   230] loss: 0.473
[38,   240] loss: 0.476
[38,   250] loss: 0.491
[38,   260] loss: 0.471
[38,   270] loss: 0.384
[38,   280] loss: 0.470
[38,   290] loss: 0.522
[38,   300] loss: 0.553
[38,   310] loss: 0.558
[38,   320] loss: 0.525
[38,   330] loss: 0.463
[38,   340] loss: 0.506
[38,   350] loss: 0.506
[38,   360] loss: 0.550
[38,   370] loss: 0.512
[38,   380] loss: 0.370
[38,   390] loss: 0.531
[38,   400] loss: 0.462
[38,   410] loss: 0.423
[38,   420] loss: 0.486
[38,   430] loss: 0.544
[38,   440] loss: 0.450
[38,   450] loss: 0.529
[38,   460] loss: 0.497
[38,   470] loss: 0.441
[38,   480] loss: 0.536
[38,   490] loss: 0.611
[38,   500] loss: 0.540
[38,   510] loss: 0.520
[38,   520] loss: 0.596
[38,   530] loss: 0.550
[38,   540] loss: 0.505
[38,   550] loss: 0.495
[38,   560] loss: 0.538
[38,   570] loss: 0.438
[38,   580] loss: 0.464
[38,   590] loss: 0.418
[38,   600] loss: 0.525
[38,   610] loss: 0.527
[38,   620] loss: 0.500
[38,   630] loss: 0.457
[38,   640] loss: 0.438
[38,   650] loss: 0.493
[38,   660] loss: 0.400
[38,   670] loss: 0.450
[38,   680] loss: 0.455
[38,   690] loss: 0.471
[38,   700] loss: 0.436
[38,   710] loss: 0.550
[38,   720] loss: 0.461
[38,   730] loss: 0.472
[38,   740] loss: 0.478
[38,   750] loss: 0.498
[38,   760] loss: 0.478
[38,   770] loss: 0.484
[38,   780] loss: 0.542
[38,   790] loss: 0.441
[38,   800] loss: 0.534
[39,    10] loss: 0.499
[39,    20] loss: 0.403
[39,    30] loss: 0.502
[39,    40] loss: 0.410
[39,    50] loss: 0.426
[39,    60] loss: 0.489
[39,    70] loss: 0.492
[39,    80] loss: 0.537
[39,    90] loss: 0.518
[39,   100] loss: 0.505
[39,   110] loss: 0.418
[39,   120] loss: 0.485
[39,   130] loss: 0.506
[39,   140] loss: 0.501
[39,   150] loss: 0.531
[39,   160] loss: 0.511
[39,   170] loss: 0.479
[39,   180] loss: 0.497
[39,   190] loss: 0.447
[39,   200] loss: 0.351
[39,   210] loss: 0.452
[39,   220] loss: 0.456
[39,   230] loss: 0.477
[39,   240] loss: 0.430
[39,   250] loss: 0.482
[39,   260] loss: 0.465
[39,   270] loss: 0.476
[39,   280] loss: 0.498
[39,   290] loss: 0.528
[39,   300] loss: 0.491
[39,   310] loss: 0.521
[39,   320] loss: 0.516
[39,   330] loss: 0.639
[39,   340] loss: 0.508
[39,   350] loss: 0.489
[39,   360] loss: 0.631
[39,   370] loss: 0.494
[39,   380] loss: 0.550
[39,   390] loss: 0.380
[39,   400] loss: 0.470
[39,   410] loss: 0.549
[39,   420] loss: 0.495
[39,   430] loss: 0.485
[39,   440] loss: 0.500
[39,   450] loss: 0.500
[39,   460] loss: 0.522
[39,   470] loss: 0.509
[39,   480] loss: 0.461
[39,   490] loss: 0.473
[39,   500] loss: 0.477
[39,   510] loss: 0.511
[39,   520] loss: 0.516
[39,   530] loss: 0.511
[39,   540] loss: 0.485
[39,   550] loss: 0.472
[39,   560] loss: 0.442
[39,   570] loss: 0.429
[39,   580] loss: 0.463
[39,   590] loss: 0.520
[39,   600] loss: 0.526
[39,   610] loss: 0.425
[39,   620] loss: 0.480
[39,   630] loss: 0.542
[39,   640] loss: 0.503
[39,   650] loss: 0.478
[39,   660] loss: 0.511
[39,   670] loss: 0.502
[39,   680] loss: 0.455
[39,   690] loss: 0.472
[39,   700] loss: 0.483
[39,   710] loss: 0.549
[39,   720] loss: 0.460
[39,   730] loss: 0.395
[39,   740] loss: 0.408
[39,   750] loss: 0.375
[39,   760] loss: 0.390
[39,   770] loss: 0.430
[39,   780] loss: 0.405
[39,   790] loss: 0.439
[39,   800] loss: 0.472
[40,    10] loss: 0.510
[40,    20] loss: 0.405
[40,    30] loss: 0.406
[40,    40] loss: 0.477
[40,    50] loss: 0.444
[40,    60] loss: 0.496
[40,    70] loss: 0.466
[40,    80] loss: 0.414
[40,    90] loss: 0.436
[40,   100] loss: 0.469
[40,   110] loss: 0.518
[40,   120] loss: 0.498
[40,   130] loss: 0.452
[40,   140] loss: 0.536
[40,   150] loss: 0.438
[40,   160] loss: 0.492
[40,   170] loss: 0.444
[40,   180] loss: 0.488
[40,   190] loss: 0.572
[40,   200] loss: 0.479
[40,   210] loss: 0.502
[40,   220] loss: 0.560
[40,   230] loss: 0.511
[40,   240] loss: 0.465
[40,   250] loss: 0.510
[40,   260] loss: 0.484
[40,   270] loss: 0.471
[40,   280] loss: 0.495
[40,   290] loss: 0.509
[40,   300] loss: 0.492
[40,   310] loss: 0.479
[40,   320] loss: 0.460
[40,   330] loss: 0.381
[40,   340] loss: 0.513
[40,   350] loss: 0.496
[40,   360] loss: 0.512
[40,   370] loss: 0.458
[40,   380] loss: 0.472
[40,   390] loss: 0.497
[40,   400] loss: 0.516
[40,   410] loss: 0.516
[40,   420] loss: 0.447
[40,   430] loss: 0.513
[40,   440] loss: 0.516
[40,   450] loss: 0.426
[40,   460] loss: 0.478
[40,   470] loss: 0.527
[40,   480] loss: 0.492
[40,   490] loss: 0.501
[40,   500] loss: 0.486
[40,   510] loss: 0.540
[40,   520] loss: 0.476
[40,   530] loss: 0.519
[40,   540] loss: 0.445
[40,   550] loss: 0.575
[40,   560] loss: 0.517
[40,   570] loss: 0.463
[40,   580] loss: 0.489
[40,   590] loss: 0.514
[40,   600] loss: 0.458
[40,   610] loss: 0.480
[40,   620] loss: 0.495
[40,   630] loss: 0.532
[40,   640] loss: 0.397
[40,   650] loss: 0.498
[40,   660] loss: 0.469
[40,   670] loss: 0.488
[40,   680] loss: 0.503
[40,   690] loss: 0.429
[40,   700] loss: 0.563
[40,   710] loss: 0.492
[40,   720] loss: 0.461
[40,   730] loss: 0.589
[40,   740] loss: 0.536
[40,   750] loss: 0.470
[40,   760] loss: 0.494
[40,   770] loss: 0.570
[40,   780] loss: 0.562
[40,   790] loss: 0.468
[40,   800] loss: 0.531
[41,    10] loss: 0.427
[41,    20] loss: 0.593
[41,    30] loss: 0.398
[41,    40] loss: 0.505
[41,    50] loss: 0.512
[41,    60] loss: 0.498
[41,    70] loss: 0.485
[41,    80] loss: 0.526
[41,    90] loss: 0.517
[41,   100] loss: 0.439
[41,   110] loss: 0.512
[41,   120] loss: 0.437
[41,   130] loss: 0.468
[41,   140] loss: 0.413
[41,   150] loss: 0.452
[41,   160] loss: 0.473
[41,   170] loss: 0.448
[41,   180] loss: 0.525
[41,   190] loss: 0.449
[41,   200] loss: 0.491
[41,   210] loss: 0.547
[41,   220] loss: 0.458
[41,   230] loss: 0.463
[41,   240] loss: 0.448
[41,   250] loss: 0.535
[41,   260] loss: 0.482
[41,   270] loss: 0.390
[41,   280] loss: 0.452
[41,   290] loss: 0.469
[41,   300] loss: 0.481
[41,   310] loss: 0.454
[41,   320] loss: 0.460
[41,   330] loss: 0.431
[41,   340] loss: 0.428
[41,   350] loss: 0.434
[41,   360] loss: 0.522
[41,   370] loss: 0.576
[41,   380] loss: 0.480
[41,   390] loss: 0.551
[41,   400] loss: 0.517
[41,   410] loss: 0.545
[41,   420] loss: 0.463
[41,   430] loss: 0.428
[41,   440] loss: 0.561
[41,   450] loss: 0.475
[41,   460] loss: 0.486
[41,   470] loss: 0.472
[41,   480] loss: 0.491
[41,   490] loss: 0.537
[41,   500] loss: 0.424
[41,   510] loss: 0.532
[41,   520] loss: 0.412
[41,   530] loss: 0.446
[41,   540] loss: 0.568
[41,   550] loss: 0.451
[41,   560] loss: 0.441
[41,   570] loss: 0.495
[41,   580] loss: 0.462
[41,   590] loss: 0.555
[41,   600] loss: 0.494
[41,   610] loss: 0.473
[41,   620] loss: 0.493
[41,   630] loss: 0.468
[41,   640] loss: 0.412
[41,   650] loss: 0.484
[41,   660] loss: 0.463
[41,   670] loss: 0.445
[41,   680] loss: 0.469
[41,   690] loss: 0.460
[41,   700] loss: 0.540
[41,   710] loss: 0.517
[41,   720] loss: 0.435
[41,   730] loss: 0.568
[41,   740] loss: 0.509
[41,   750] loss: 0.485
[41,   760] loss: 0.523
[41,   770] loss: 0.457
[41,   780] loss: 0.507
[41,   790] loss: 0.464
[41,   800] loss: 0.496
[42,    10] loss: 0.540
[42,    20] loss: 0.442
[42,    30] loss: 0.491
[42,    40] loss: 0.446
[42,    50] loss: 0.451
[42,    60] loss: 0.528
[42,    70] loss: 0.438
[42,    80] loss: 0.595
[42,    90] loss: 0.469
[42,   100] loss: 0.537
[42,   110] loss: 0.454
[42,   120] loss: 0.498
[42,   130] loss: 0.537
[42,   140] loss: 0.439
[42,   150] loss: 0.489
[42,   160] loss: 0.513
[42,   170] loss: 0.489
[42,   180] loss: 0.454
[42,   190] loss: 0.450
[42,   200] loss: 0.489
[42,   210] loss: 0.441
[42,   220] loss: 0.352
[42,   230] loss: 0.507
[42,   240] loss: 0.527
[42,   250] loss: 0.469
[42,   260] loss: 0.582
[42,   270] loss: 0.442
[42,   280] loss: 0.543
[42,   290] loss: 0.506
[42,   300] loss: 0.484
[42,   310] loss: 0.444
[42,   320] loss: 0.419
[42,   330] loss: 0.414
[42,   340] loss: 0.444
[42,   350] loss: 0.459
[42,   360] loss: 0.532
[42,   370] loss: 0.411
[42,   380] loss: 0.539
[42,   390] loss: 0.427
[42,   400] loss: 0.528
[42,   410] loss: 0.514
[42,   420] loss: 0.411
[42,   430] loss: 0.467
[42,   440] loss: 0.439
[42,   450] loss: 0.461
[42,   460] loss: 0.524
[42,   470] loss: 0.514
[42,   480] loss: 0.471
[42,   490] loss: 0.581
[42,   500] loss: 0.537
[42,   510] loss: 0.579
[42,   520] loss: 0.582
[42,   530] loss: 0.441
[42,   540] loss: 0.482
[42,   550] loss: 0.426
[42,   560] loss: 0.457
[42,   570] loss: 0.443
[42,   580] loss: 0.438
[42,   590] loss: 0.488
[42,   600] loss: 0.410
[42,   610] loss: 0.457
[42,   620] loss: 0.504
[42,   630] loss: 0.539
[42,   640] loss: 0.449
[42,   650] loss: 0.552
[42,   660] loss: 0.507
[42,   670] loss: 0.455
[42,   680] loss: 0.507
[42,   690] loss: 0.450
[42,   700] loss: 0.464
[42,   710] loss: 0.439
[42,   720] loss: 0.537
[42,   730] loss: 0.482
[42,   740] loss: 0.594
[42,   750] loss: 0.601
[42,   760] loss: 0.470
[42,   770] loss: 0.464
[42,   780] loss: 0.495
[42,   790] loss: 0.513
[42,   800] loss: 0.552
[43,    10] loss: 0.566
[43,    20] loss: 0.476
[43,    30] loss: 0.401
[43,    40] loss: 0.465
[43,    50] loss: 0.472
[43,    60] loss: 0.451
[43,    70] loss: 0.480
[43,    80] loss: 0.511
[43,    90] loss: 0.425
[43,   100] loss: 0.504
[43,   110] loss: 0.504
[43,   120] loss: 0.431
[43,   130] loss: 0.552
[43,   140] loss: 0.540
[43,   150] loss: 0.550
[43,   160] loss: 0.434
[43,   170] loss: 0.534
[43,   180] loss: 0.468
[43,   190] loss: 0.472
[43,   200] loss: 0.475
[43,   210] loss: 0.399
[43,   220] loss: 0.412
[43,   230] loss: 0.449
[43,   240] loss: 0.409
[43,   250] loss: 0.476
[43,   260] loss: 0.437
[43,   270] loss: 0.445
[43,   280] loss: 0.550
[43,   290] loss: 0.516
[43,   300] loss: 0.513
[43,   310] loss: 0.480
[43,   320] loss: 0.513
[43,   330] loss: 0.512
[43,   340] loss: 0.449
[43,   350] loss: 0.454
[43,   360] loss: 0.455
[43,   370] loss: 0.431
[43,   380] loss: 0.391
[43,   390] loss: 0.520
[43,   400] loss: 0.565
[43,   410] loss: 0.435
[43,   420] loss: 0.486
[43,   430] loss: 0.488
[43,   440] loss: 0.442
[43,   450] loss: 0.449
[43,   460] loss: 0.497
[43,   470] loss: 0.457
[43,   480] loss: 0.527
[43,   490] loss: 0.462
[43,   500] loss: 0.381
[43,   510] loss: 0.394
[43,   520] loss: 0.433
[43,   530] loss: 0.489
[43,   540] loss: 0.492
[43,   550] loss: 0.461
[43,   560] loss: 0.471
[43,   570] loss: 0.479
[43,   580] loss: 0.445
[43,   590] loss: 0.488
[43,   600] loss: 0.451
[43,   610] loss: 0.435
[43,   620] loss: 0.474
[43,   630] loss: 0.432
[43,   640] loss: 0.391
[43,   650] loss: 0.395
[43,   660] loss: 0.580
[43,   670] loss: 0.576
[43,   680] loss: 0.552
[43,   690] loss: 0.519
[43,   700] loss: 0.490
[43,   710] loss: 0.536
[43,   720] loss: 0.590
[43,   730] loss: 0.520
[43,   740] loss: 0.487
[43,   750] loss: 0.464
[43,   760] loss: 0.479
[43,   770] loss: 0.401
[43,   780] loss: 0.472
[43,   790] loss: 0.491
[43,   800] loss: 0.489
[44,    10] loss: 0.496
[44,    20] loss: 0.512
[44,    30] loss: 0.464
[44,    40] loss: 0.473
[44,    50] loss: 0.527
[44,    60] loss: 0.361
[44,    70] loss: 0.512
[44,    80] loss: 0.490
[44,    90] loss: 0.449
[44,   100] loss: 0.562
[44,   110] loss: 0.515
[44,   120] loss: 0.514
[44,   130] loss: 0.497
[44,   140] loss: 0.476
[44,   150] loss: 0.520
[44,   160] loss: 0.467
[44,   170] loss: 0.499
[44,   180] loss: 0.516
[44,   190] loss: 0.372
[44,   200] loss: 0.479
[44,   210] loss: 0.433
[44,   220] loss: 0.485
[44,   230] loss: 0.383
[44,   240] loss: 0.482
[44,   250] loss: 0.457
[44,   260] loss: 0.562
[44,   270] loss: 0.493
[44,   280] loss: 0.360
[44,   290] loss: 0.533
[44,   300] loss: 0.490
[44,   310] loss: 0.492
[44,   320] loss: 0.475
[44,   330] loss: 0.471
[44,   340] loss: 0.558
[44,   350] loss: 0.540
[44,   360] loss: 0.596
[44,   370] loss: 0.507
[44,   380] loss: 0.517
[44,   390] loss: 0.557
[44,   400] loss: 0.525
[44,   410] loss: 0.608
[44,   420] loss: 0.472
[44,   430] loss: 0.570
[44,   440] loss: 0.512
[44,   450] loss: 0.465
[44,   460] loss: 0.522
[44,   470] loss: 0.519
[44,   480] loss: 0.459
[44,   490] loss: 0.457
[44,   500] loss: 0.459
[44,   510] loss: 0.484
[44,   520] loss: 0.489
[44,   530] loss: 0.392
[44,   540] loss: 0.411
[44,   550] loss: 0.433
[44,   560] loss: 0.512
[44,   570] loss: 0.495
[44,   580] loss: 0.496
[44,   590] loss: 0.515
[44,   600] loss: 0.437
[44,   610] loss: 0.466
[44,   620] loss: 0.500
[44,   630] loss: 0.554
[44,   640] loss: 0.518
[44,   650] loss: 0.487
[44,   660] loss: 0.503
[44,   670] loss: 0.502
[44,   680] loss: 0.464
[44,   690] loss: 0.491
[44,   700] loss: 0.445
[44,   710] loss: 0.542
[44,   720] loss: 0.424
[44,   730] loss: 0.557
[44,   740] loss: 0.596
[44,   750] loss: 0.483
[44,   760] loss: 0.496
[44,   770] loss: 0.418
[44,   780] loss: 0.456
[44,   790] loss: 0.538
[44,   800] loss: 0.544
[45,    10] loss: 0.518
[45,    20] loss: 0.517
[45,    30] loss: 0.554
[45,    40] loss: 0.570
[45,    50] loss: 0.446
[45,    60] loss: 0.424
[45,    70] loss: 0.418
[45,    80] loss: 0.478
[45,    90] loss: 0.452
[45,   100] loss: 0.497
[45,   110] loss: 0.491
[45,   120] loss: 0.450
[45,   130] loss: 0.506
[45,   140] loss: 0.487
[45,   150] loss: 0.460
[45,   160] loss: 0.527
[45,   170] loss: 0.430
[45,   180] loss: 0.438
[45,   190] loss: 0.430
[45,   200] loss: 0.469
[45,   210] loss: 0.476
[45,   220] loss: 0.453
[45,   230] loss: 0.592
[45,   240] loss: 0.536
[45,   250] loss: 0.497
[45,   260] loss: 0.518
[45,   270] loss: 0.491
[45,   280] loss: 0.489
[45,   290] loss: 0.453
[45,   300] loss: 0.434
[45,   310] loss: 0.460
[45,   320] loss: 0.369
[45,   330] loss: 0.454
[45,   340] loss: 0.466
[45,   350] loss: 0.475
[45,   360] loss: 0.512
[45,   370] loss: 0.461
[45,   380] loss: 0.464
[45,   390] loss: 0.388
[45,   400] loss: 0.386
[45,   410] loss: 0.465
[45,   420] loss: 0.515
[45,   430] loss: 0.463
[45,   440] loss: 0.466
[45,   450] loss: 0.422
[45,   460] loss: 0.428
[45,   470] loss: 0.457
[45,   480] loss: 0.397
[45,   490] loss: 0.541
[45,   500] loss: 0.502
[45,   510] loss: 0.506
[45,   520] loss: 0.551
[45,   530] loss: 0.484
[45,   540] loss: 0.405
[45,   550] loss: 0.562
[45,   560] loss: 0.557
[45,   570] loss: 0.494
[45,   580] loss: 0.469
[45,   590] loss: 0.540
[45,   600] loss: 0.514
[45,   610] loss: 0.601
[45,   620] loss: 0.431
[45,   630] loss: 0.501
[45,   640] loss: 0.507
[45,   650] loss: 0.518
[45,   660] loss: 0.512
[45,   670] loss: 0.527
[45,   680] loss: 0.527
[45,   690] loss: 0.506
[45,   700] loss: 0.466
[45,   710] loss: 0.525
[45,   720] loss: 0.493
[45,   730] loss: 0.498
[45,   740] loss: 0.499
[45,   750] loss: 0.407
[45,   760] loss: 0.471
[45,   770] loss: 0.473
[45,   780] loss: 0.451
[45,   790] loss: 0.439
[45,   800] loss: 0.418
[46,    10] loss: 0.503
[46,    20] loss: 0.408
[46,    30] loss: 0.429
[46,    40] loss: 0.483
[46,    50] loss: 0.521
[46,    60] loss: 0.503
[46,    70] loss: 0.469
[46,    80] loss: 0.388
[46,    90] loss: 0.459
[46,   100] loss: 0.517
[46,   110] loss: 0.452
[46,   120] loss: 0.530
[46,   130] loss: 0.388
[46,   140] loss: 0.490
[46,   150] loss: 0.466
[46,   160] loss: 0.448
[46,   170] loss: 0.440
[46,   180] loss: 0.420
[46,   190] loss: 0.473
[46,   200] loss: 0.550
[46,   210] loss: 0.545
[46,   220] loss: 0.500
[46,   230] loss: 0.500
[46,   240] loss: 0.513
[46,   250] loss: 0.430
[46,   260] loss: 0.356
[46,   270] loss: 0.469
[46,   280] loss: 0.498
[46,   290] loss: 0.371
[46,   300] loss: 0.479
[46,   310] loss: 0.490
[46,   320] loss: 0.512
[46,   330] loss: 0.446
[46,   340] loss: 0.512
[46,   350] loss: 0.587
[46,   360] loss: 0.488
[46,   370] loss: 0.483
[46,   380] loss: 0.412
[46,   390] loss: 0.387
[46,   400] loss: 0.446
[46,   410] loss: 0.504
[46,   420] loss: 0.591
[46,   430] loss: 0.469
[46,   440] loss: 0.527
[46,   450] loss: 0.466
[46,   460] loss: 0.485
[46,   470] loss: 0.496
[46,   480] loss: 0.510
[46,   490] loss: 0.517
[46,   500] loss: 0.564
[46,   510] loss: 0.566
[46,   520] loss: 0.497
[46,   530] loss: 0.469
[46,   540] loss: 0.641
[46,   550] loss: 0.485
[46,   560] loss: 0.513
[46,   570] loss: 0.471
[46,   580] loss: 0.571
[46,   590] loss: 0.493
[46,   600] loss: 0.527
[46,   610] loss: 0.445
[46,   620] loss: 0.449
[46,   630] loss: 0.472
[46,   640] loss: 0.407
[46,   650] loss: 0.520
[46,   660] loss: 0.499
[46,   670] loss: 0.459
[46,   680] loss: 0.487
[46,   690] loss: 0.368
[46,   700] loss: 0.439
[46,   710] loss: 0.498
[46,   720] loss: 0.500
[46,   730] loss: 0.493
[46,   740] loss: 0.563
[46,   750] loss: 0.513
[46,   760] loss: 0.509
[46,   770] loss: 0.442
[46,   780] loss: 0.485
[46,   790] loss: 0.500
[46,   800] loss: 0.471
[47,    10] loss: 0.432
[47,    20] loss: 0.503
[47,    30] loss: 0.440
[47,    40] loss: 0.506
[47,    50] loss: 0.495
[47,    60] loss: 0.407
[47,    70] loss: 0.414
[47,    80] loss: 0.444
[47,    90] loss: 0.430
[47,   100] loss: 0.410
[47,   110] loss: 0.400
[47,   120] loss: 0.489
[47,   130] loss: 0.413
[47,   140] loss: 0.566
[47,   150] loss: 0.502
[47,   160] loss: 0.588
[47,   170] loss: 0.542
[47,   180] loss: 0.506
[47,   190] loss: 0.505
[47,   200] loss: 0.443
[47,   210] loss: 0.464
[47,   220] loss: 0.485
[47,   230] loss: 0.478
[47,   240] loss: 0.448
[47,   250] loss: 0.459
[47,   260] loss: 0.449
[47,   270] loss: 0.510
[47,   280] loss: 0.474
[47,   290] loss: 0.378
[47,   300] loss: 0.497
[47,   310] loss: 0.389
[47,   320] loss: 0.452
[47,   330] loss: 0.558
[47,   340] loss: 0.489
[47,   350] loss: 0.484
[47,   360] loss: 0.560
[47,   370] loss: 0.546
[47,   380] loss: 0.582
[47,   390] loss: 0.534
[47,   400] loss: 0.563
[47,   410] loss: 0.588
[47,   420] loss: 0.476
[47,   430] loss: 0.475
[47,   440] loss: 0.451
[47,   450] loss: 0.539
[47,   460] loss: 0.483
[47,   470] loss: 0.447
[47,   480] loss: 0.469
[47,   490] loss: 0.506
[47,   500] loss: 0.540
[47,   510] loss: 0.475
[47,   520] loss: 0.462
[47,   530] loss: 0.512
[47,   540] loss: 0.521
[47,   550] loss: 0.400
[47,   560] loss: 0.540
[47,   570] loss: 0.466
[47,   580] loss: 0.513
[47,   590] loss: 0.533
[47,   600] loss: 0.505
[47,   610] loss: 0.495
[47,   620] loss: 0.465
[47,   630] loss: 0.497
[47,   640] loss: 0.478
[47,   650] loss: 0.482
[47,   660] loss: 0.460
[47,   670] loss: 0.506
[47,   680] loss: 0.484
[47,   690] loss: 0.495
[47,   700] loss: 0.556
[47,   710] loss: 0.421
[47,   720] loss: 0.546
[47,   730] loss: 0.487
[47,   740] loss: 0.475
[47,   750] loss: 0.461
[47,   760] loss: 0.438
[47,   770] loss: 0.512
[47,   780] loss: 0.423
[47,   790] loss: 0.525
[47,   800] loss: 0.508
[48,    10] loss: 0.522
[48,    20] loss: 0.497
[48,    30] loss: 0.524
[48,    40] loss: 0.501
[48,    50] loss: 0.458
[48,    60] loss: 0.432
[48,    70] loss: 0.542
[48,    80] loss: 0.556
[48,    90] loss: 0.474
[48,   100] loss: 0.453
[48,   110] loss: 0.487
[48,   120] loss: 0.498
[48,   130] loss: 0.502
[48,   140] loss: 0.450
[48,   150] loss: 0.563
[48,   160] loss: 0.564
[48,   170] loss: 0.435
[48,   180] loss: 0.455
[48,   190] loss: 0.400
[48,   200] loss: 0.516
[48,   210] loss: 0.491
[48,   220] loss: 0.448
[48,   230] loss: 0.523
[48,   240] loss: 0.439
[48,   250] loss: 0.571
[48,   260] loss: 0.416
[48,   270] loss: 0.487
[48,   280] loss: 0.444
[48,   290] loss: 0.487
[48,   300] loss: 0.513
[48,   310] loss: 0.498
[48,   320] loss: 0.549
[48,   330] loss: 0.462
[48,   340] loss: 0.508
[48,   350] loss: 0.483
[48,   360] loss: 0.457
[48,   370] loss: 0.447
[48,   380] loss: 0.534
[48,   390] loss: 0.503
[48,   400] loss: 0.540
[48,   410] loss: 0.423
[48,   420] loss: 0.467
[48,   430] loss: 0.450
[48,   440] loss: 0.540
[48,   450] loss: 0.447
[48,   460] loss: 0.541
[48,   470] loss: 0.493
[48,   480] loss: 0.437
[48,   490] loss: 0.508
[48,   500] loss: 0.448
[48,   510] loss: 0.449
[48,   520] loss: 0.486
[48,   530] loss: 0.554
[48,   540] loss: 0.455
[48,   550] loss: 0.524
[48,   560] loss: 0.420
[48,   570] loss: 0.478
[48,   580] loss: 0.412
[48,   590] loss: 0.422
[48,   600] loss: 0.503
[48,   610] loss: 0.494
[48,   620] loss: 0.519
[48,   630] loss: 0.468
[48,   640] loss: 0.468
[48,   650] loss: 0.417
[48,   660] loss: 0.421
[48,   670] loss: 0.507
[48,   680] loss: 0.427
[48,   690] loss: 0.534
[48,   700] loss: 0.389
[48,   710] loss: 0.481
[48,   720] loss: 0.510
[48,   730] loss: 0.470
[48,   740] loss: 0.436
[48,   750] loss: 0.530
[48,   760] loss: 0.430
[48,   770] loss: 0.416
[48,   780] loss: 0.424
[48,   790] loss: 0.353
[48,   800] loss: 0.490
[49,    10] loss: 0.544
[49,    20] loss: 0.498
[49,    30] loss: 0.513
[49,    40] loss: 0.544
[49,    50] loss: 0.510
[49,    60] loss: 0.508
[49,    70] loss: 0.501
[49,    80] loss: 0.489
[49,    90] loss: 0.510
[49,   100] loss: 0.477
[49,   110] loss: 0.496
[49,   120] loss: 0.481
[49,   130] loss: 0.428
[49,   140] loss: 0.468
[49,   150] loss: 0.473
[49,   160] loss: 0.490
[49,   170] loss: 0.521
[49,   180] loss: 0.508
[49,   190] loss: 0.400
[49,   200] loss: 0.503
[49,   210] loss: 0.546
[49,   220] loss: 0.547
[49,   230] loss: 0.465
[49,   240] loss: 0.457
[49,   250] loss: 0.456
[49,   260] loss: 0.515
[49,   270] loss: 0.488
[49,   280] loss: 0.489
[49,   290] loss: 0.502
[49,   300] loss: 0.393
[49,   310] loss: 0.484
[49,   320] loss: 0.444
[49,   330] loss: 0.497
[49,   340] loss: 0.446
[49,   350] loss: 0.435
[49,   360] loss: 0.532
[49,   370] loss: 0.492
[49,   380] loss: 0.459
[49,   390] loss: 0.452
[49,   400] loss: 0.512
[49,   410] loss: 0.478
[49,   420] loss: 0.478
[49,   430] loss: 0.529
[49,   440] loss: 0.580
[49,   450] loss: 0.487
[49,   460] loss: 0.503
[49,   470] loss: 0.533
[49,   480] loss: 0.430
[49,   490] loss: 0.450
[49,   500] loss: 0.453
[49,   510] loss: 0.444
[49,   520] loss: 0.485
[49,   530] loss: 0.539
[49,   540] loss: 0.459
[49,   550] loss: 0.373
[49,   560] loss: 0.477
[49,   570] loss: 0.499
[49,   580] loss: 0.454
[49,   590] loss: 0.411
[49,   600] loss: 0.477
[49,   610] loss: 0.526
[49,   620] loss: 0.576
[49,   630] loss: 0.516
[49,   640] loss: 0.536
[49,   650] loss: 0.510
[49,   660] loss: 0.543
[49,   670] loss: 0.518
[49,   680] loss: 0.489
[49,   690] loss: 0.526
[49,   700] loss: 0.515
[49,   710] loss: 0.471
[49,   720] loss: 0.522
[49,   730] loss: 0.477
[49,   740] loss: 0.488
[49,   750] loss: 0.407
[49,   760] loss: 0.409
[49,   770] loss: 0.562
[49,   780] loss: 0.459
[49,   790] loss: 0.519
[49,   800] loss: 0.440
[50,    10] loss: 0.652
[50,    20] loss: 0.534
[50,    30] loss: 0.520
[50,    40] loss: 0.591
[50,    50] loss: 0.572
[50,    60] loss: 0.548
[50,    70] loss: 0.528
[50,    80] loss: 0.742
[50,    90] loss: 0.533
[50,   100] loss: 0.559
[50,   110] loss: 0.462
[50,   120] loss: 0.531
[50,   130] loss: 0.467
[50,   140] loss: 0.476
[50,   150] loss: 0.417
[50,   160] loss: 0.462
[50,   170] loss: 0.487
[50,   180] loss: 0.390
[50,   190] loss: 0.421
[50,   200] loss: 0.474
[50,   210] loss: 0.494
[50,   220] loss: 0.460
[50,   230] loss: 0.457
[50,   240] loss: 0.415
[50,   250] loss: 0.374
[50,   260] loss: 0.510
[50,   270] loss: 0.399
[50,   280] loss: 0.474
[50,   290] loss: 0.571
[50,   300] loss: 0.488
[50,   310] loss: 0.466
[50,   320] loss: 0.512
[50,   330] loss: 0.437
[50,   340] loss: 0.395
[50,   350] loss: 0.568
[50,   360] loss: 0.486
[50,   370] loss: 0.489
[50,   380] loss: 0.427
[50,   390] loss: 0.454
[50,   400] loss: 0.414
[50,   410] loss: 0.479
[50,   420] loss: 0.422
[50,   430] loss: 0.472
[50,   440] loss: 0.432
[50,   450] loss: 0.440
[50,   460] loss: 0.507
[50,   470] loss: 0.468
[50,   480] loss: 0.509
[50,   490] loss: 0.466
[50,   500] loss: 0.442
[50,   510] loss: 0.467
[50,   520] loss: 0.495
[50,   530] loss: 0.552
[50,   540] loss: 0.459
[50,   550] loss: 0.410
[50,   560] loss: 0.470
[50,   570] loss: 0.457
[50,   580] loss: 0.515
[50,   590] loss: 0.451
[50,   600] loss: 0.547
[50,   610] loss: 0.529
[50,   620] loss: 0.504
[50,   630] loss: 0.404
[50,   640] loss: 0.457
[50,   650] loss: 0.446
[50,   660] loss: 0.535
[50,   670] loss: 0.464
[50,   680] loss: 0.500
[50,   690] loss: 0.468
[50,   700] loss: 0.421
[50,   710] loss: 0.487
[50,   720] loss: 0.525
[50,   730] loss: 0.445
[50,   740] loss: 0.510
[50,   750] loss: 0.517
[50,   760] loss: 0.512
[50,   770] loss: 0.588
[50,   780] loss: 0.559
[50,   790] loss: 0.515
[50,   800] loss: 0.527
Finished !!
Accuracy of the network: 40.04 %
