Collecting dill==0.3.4 (from -r requirements.txt (line 1))
  Using cached https://files.pythonhosted.org/packages/b6/c3/973676ceb86b60835bb3978c6db67a5dc06be6cfdbd14ef0f5a13e3fc9fd/dill-0.3.4-py2.py3-none-any.whl
Requirement already satisfied: laplace==0.1 in /zhome/45/c/128687/.local/lib/python3.6/site-packages (from -r requirements.txt (line 2))
Collecting matplotlib==3.4.0 (from -r requirements.txt (line 3))
model loaded
Time elapsed (fit): 306.4410836696625 seconds
[Laplace] Acc.: 73.7%; ECE: 17.3% 
model loaded
Time elapsed (fit): 209.4528877735138 seconds
[Laplace] Acc.: 73.7%; ECE: 17.3% 
model loaded
Time elapsed (fit): 195.81625962257385 seconds
[Laplace] Acc.: 73.7%; ECE: 17.3% 
model loaded
Time elapsed (fit): 192.7278814315796 seconds
[Laplace] Acc.: 73.7%; ECE: 17.3% 
model loaded
Time elapsed (fit): 191.28704071044922 seconds
[Laplace] Acc.: 73.7%; ECE: 17.3% 
model loaded
Time elapsed (fit): 191.18731045722961 seconds
[Laplace] Acc.: 73.7%; ECE: 17.3% 
