Collecting dill==0.3.4 (from -r requirements.txt (line 1))
  Using cached https://files.pythonhosted.org/packages/b6/c3/973676ceb86b60835bb3978c6db67a5dc06be6cfdbd14ef0f5a13e3fc9fd/dill-0.3.4-py2.py3-none-any.whl
Requirement already satisfied: laplace==0.1 in /zhome/45/c/128687/.local/lib/python3.6/site-packages (from -r requirements.txt (line 2))
Collecting matplotlib==3.4.0 (from -r requirements.txt (line 3))
model loaded
Time elapsed (fit): 453.5342319011688 seconds
[Laplace] Acc.: 72.6%; ECE: 18.4% 
model loaded
Time elapsed (fit): 207.2634391784668 seconds
[Laplace] Acc.: 72.6%; ECE: 18.4% 
model loaded
Time elapsed (fit): 199.60149598121643 seconds
[Laplace] Acc.: 72.6%; ECE: 18.4% 
model loaded
Time elapsed (fit): 199.77870869636536 seconds
[Laplace] Acc.: 72.6%; ECE: 18.4% 
model loaded
Time elapsed (fit): 200.11747074127197 seconds
[Laplace] Acc.: 72.6%; ECE: 18.4% 
model loaded
Time elapsed (fit): 199.87861728668213 seconds
[Laplace] Acc.: 72.6%; ECE: 18.4% 
