Collecting dill==0.3.4 (from -r requirements.txt (line 1))
  Using cached https://files.pythonhosted.org/packages/b6/c3/973676ceb86b60835bb3978c6db67a5dc06be6cfdbd14ef0f5a13e3fc9fd/dill-0.3.4-py2.py3-none-any.whl
Requirement already satisfied: laplace==0.1 in /zhome/45/c/128687/.local/lib/python3.6/site-packages (from -r requirements.txt (line 2))
Collecting matplotlib==3.4.0 (from -r requirements.txt (line 3))
model loaded
Time elapsed (fit): 452.0122809410095 seconds
[Laplace] Acc.: 72.6%; ECE: 17.4% 
model loaded
Time elapsed (fit): 205.45450162887573 seconds
[Laplace] Acc.: 72.6%; ECE: 17.4% 
model loaded
Time elapsed (fit): 198.0200219154358 seconds
[Laplace] Acc.: 72.6%; ECE: 17.4% 
model loaded
Time elapsed (fit): 197.5769762992859 seconds
[Laplace] Acc.: 72.6%; ECE: 17.4% 
model loaded
Time elapsed (fit): 198.22922825813293 seconds
[Laplace] Acc.: 72.6%; ECE: 17.4% 
model loaded
Time elapsed (fit): 197.73377895355225 seconds
[Laplace] Acc.: 72.6%; ECE: 17.4% 
