Collecting dill==0.3.4 (from -r requirements.txt (line 1))
  Using cached https://files.pythonhosted.org/packages/b6/c3/973676ceb86b60835bb3978c6db67a5dc06be6cfdbd14ef0f5a13e3fc9fd/dill-0.3.4-py2.py3-none-any.whl
Requirement already satisfied: laplace==0.1 in /zhome/45/c/128687/.local/lib/python3.6/site-packages (from -r requirements.txt (line 2))
Collecting matplotlib==3.4.0 (from -r requirements.txt (line 3))
model loaded
Time elapsed (fit): 270.347562789917 seconds
[Laplace] Acc.: 74.4%; ECE: 16.3% 
model loaded
Time elapsed (fit): 195.22670364379883 seconds
[Laplace] Acc.: 74.4%; ECE: 16.3% 
model loaded
Time elapsed (fit): 188.95216965675354 seconds
[Laplace] Acc.: 74.4%; ECE: 16.3% 
model loaded
Time elapsed (fit): 188.5323417186737 seconds
[Laplace] Acc.: 74.4%; ECE: 16.3% 
model loaded
Time elapsed (fit): 188.3465061187744 seconds
[Laplace] Acc.: 74.4%; ECE: 16.3% 
model loaded
Time elapsed (fit): 188.18934226036072 seconds
[Laplace] Acc.: 74.4%; ECE: 16.3% 
