Collecting dill==0.3.4 (from -r requirements.txt (line 1))
  Using cached https://files.pythonhosted.org/packages/b6/c3/973676ceb86b60835bb3978c6db67a5dc06be6cfdbd14ef0f5a13e3fc9fd/dill-0.3.4-py2.py3-none-any.whl
Requirement already satisfied: laplace==0.1 in /zhome/45/c/128687/.local/lib/python3.6/site-packages (from -r requirements.txt (line 2))
Collecting matplotlib==3.4.0 (from -r requirements.txt (line 3))
model loaded
Time elapsed (fit): 195.5228991508484 seconds
[Laplace] Acc.: 91.84%; ECE: 1.83% 
model loaded
Time elapsed (fit): 189.81075811386108 seconds
[Laplace] Acc.: 91.84%; ECE: 1.89% 
model loaded
Time elapsed (fit): 189.9123113155365 seconds
[Laplace] Acc.: 91.84%; ECE: 1.89% 
model loaded
Time elapsed (fit): 186.9931559562683 seconds
[Laplace] Acc.: 91.84%; ECE: 1.85% 
model loaded
Time elapsed (fit): 183.7084538936615 seconds
[Laplace] Acc.: 91.84%; ECE: 1.84% 
model loaded
Time elapsed (fit): 188.68685388565063 seconds
[Laplace] Acc.: 91.84%; ECE: 1.83% 
