Collecting dill==0.3.4 (from -r requirements.txt (line 1))
  Using cached https://files.pythonhosted.org/packages/b6/c3/973676ceb86b60835bb3978c6db67a5dc06be6cfdbd14ef0f5a13e3fc9fd/dill-0.3.4-py2.py3-none-any.whl
Requirement already satisfied: laplace==0.1 in /zhome/45/c/128687/.local/lib/python3.6/site-packages (from -r requirements.txt (line 2))
Collecting matplotlib==3.4.0 (from -r requirements.txt (line 3))
model loaded
Time elapsed (fit): 285.51055669784546 seconds
[Laplace] Acc.: 91.77%; ECE: 1.78% 
model loaded
Time elapsed (fit): 186.01377630233765 seconds
[Laplace] Acc.: 91.77%; ECE: 1.72% 
model loaded
Time elapsed (fit): 181.23554968833923 seconds
[Laplace] Acc.: 91.77%; ECE: 1.77% 
model loaded
Time elapsed (fit): 180.81469893455505 seconds
[Laplace] Acc.: 91.80%; ECE: 1.73% 
model loaded
Time elapsed (fit): 180.9409282207489 seconds
[Laplace] Acc.: 91.77%; ECE: 1.72% 
model loaded
Time elapsed (fit): 180.13848853111267 seconds
[Laplace] Acc.: 91.80%; ECE: 1.75% 
