Collecting dill==0.3.4 (from -r requirements.txt (line 1))
  Using cached https://files.pythonhosted.org/packages/b6/c3/973676ceb86b60835bb3978c6db67a5dc06be6cfdbd14ef0f5a13e3fc9fd/dill-0.3.4-py2.py3-none-any.whl
Requirement already satisfied: laplace==0.1 in /zhome/45/c/128687/.local/lib/python3.6/site-packages (from -r requirements.txt (line 2))
Collecting matplotlib==3.4.0 (from -r requirements.txt (line 3))
model loaded
Time elapsed (fit): 190.00995111465454 seconds
[Laplace] Acc.: 91.80%; ECE: 1.70% 
model loaded
Time elapsed (fit): 190.7986443042755 seconds
[Laplace] Acc.: 91.80%; ECE: 1.72% 
model loaded
Time elapsed (fit): 189.62401914596558 seconds
[Laplace] Acc.: 91.80%; ECE: 1.15% 
model loaded
Time elapsed (fit): 189.89626598358154 seconds
[Laplace] Acc.: 91.80%; ECE: 1.14% 
model loaded
Time elapsed (fit): 189.18445110321045 seconds
[Laplace] Acc.: 91.80%; ECE: 1.14% 
model loaded
Time elapsed (fit): 189.7402904033661 seconds
[Laplace] Acc.: 91.80%; ECE: 1.15% 
