Collecting dill==0.3.4 (from -r requirements.txt (line 1))
  Using cached https://files.pythonhosted.org/packages/b6/c3/973676ceb86b60835bb3978c6db67a5dc06be6cfdbd14ef0f5a13e3fc9fd/dill-0.3.4-py2.py3-none-any.whl
Requirement already satisfied: laplace==0.1 in /zhome/45/c/128687/.local/lib/python3.6/site-packages (from -r requirements.txt (line 2))
Collecting matplotlib==3.4.0 (from -r requirements.txt (line 3))
model loaded
Time elapsed (fit): 188.2295424938202 seconds
[Laplace] Acc.: 91.80%; ECE: 3.03% 
model loaded
Time elapsed (fit): 187.7036805152893 seconds
[Laplace] Acc.: 91.77%; ECE: 2.86% 
model loaded
Time elapsed (fit): 188.85667276382446 seconds
[Laplace] Acc.: 91.80%; ECE: 3.04% 
model loaded
Time elapsed (fit): 189.28098893165588 seconds
[Laplace] Acc.: 91.80%; ECE: 2.97% 
model loaded
Time elapsed (fit): 189.4228641986847 seconds
[Laplace] Acc.: 91.80%; ECE: 2.93% 
model loaded
Time elapsed (fit): 189.46910095214844 seconds
[Laplace] Acc.: 91.77%; ECE: 3.02% 
