Collecting dill==0.3.4 (from -r requirements.txt (line 1))
  Using cached https://files.pythonhosted.org/packages/b6/c3/973676ceb86b60835bb3978c6db67a5dc06be6cfdbd14ef0f5a13e3fc9fd/dill-0.3.4-py2.py3-none-any.whl
Requirement already satisfied: laplace==0.1 in /zhome/45/c/128687/.local/lib/python3.6/site-packages (from -r requirements.txt (line 2))
Collecting matplotlib==3.4.0 (from -r requirements.txt (line 3))
model loaded
Time elapsed (fit): 191.9417119026184 seconds
[Laplace] Acc.: 91.77%; ECE: 1.06% 
model loaded
Time elapsed (fit): 191.9267385005951 seconds
[Laplace] Acc.: 91.80%; ECE: 1.12% 
model loaded
Time elapsed (fit): 191.51945400238037 seconds
[Laplace] Acc.: 91.77%; ECE: 1.07% 
model loaded
Time elapsed (fit): 191.89044046401978 seconds
[Laplace] Acc.: 91.77%; ECE: 1.06% 
model loaded
Time elapsed (fit): 188.14431977272034 seconds
[Laplace] Acc.: 91.80%; ECE: 1.09% 
model loaded
Time elapsed (fit): 199.7043809890747 seconds
[Laplace] Acc.: 91.77%; ECE: 1.09% 
