Collecting dill==0.3.4 (from -r requirements.txt (line 1))
  Using cached https://files.pythonhosted.org/packages/b6/c3/973676ceb86b60835bb3978c6db67a5dc06be6cfdbd14ef0f5a13e3fc9fd/dill-0.3.4-py2.py3-none-any.whl
Requirement already satisfied: laplace==0.1 in /zhome/45/c/128687/.local/lib/python3.6/site-packages (from -r requirements.txt (line 2))
Collecting matplotlib==3.4.0 (from -r requirements.txt (line 3))
model loaded
Time elapsed (fit): 1319.3290145397186 seconds
[Laplace] Acc.: 91.77%; ECE: 2.33% 
model loaded
Time elapsed (fit): 648.1571197509766 seconds
[Laplace] Acc.: 91.80%; ECE: 2.87% 
model loaded
Time elapsed (fit): 436.7451705932617 seconds
[Laplace] Acc.: 91.77%; ECE: 3.02% 
model loaded
Time elapsed (fit): 353.2134177684784 seconds
[Laplace] Acc.: 91.80%; ECE: 2.94% 
model loaded
Time elapsed (fit): 335.2376079559326 seconds
[Laplace] Acc.: 91.77%; ECE: 2.96% 
model loaded
Time elapsed (fit): 324.13908863067627 seconds
[Laplace] Acc.: 91.80%; ECE: 2.92% 
