Collecting dill==0.3.4 (from -r requirements.txt (line 1))
  Using cached https://files.pythonhosted.org/packages/b6/c3/973676ceb86b60835bb3978c6db67a5dc06be6cfdbd14ef0f5a13e3fc9fd/dill-0.3.4-py2.py3-none-any.whl
Requirement already satisfied: laplace==0.1 in /zhome/45/c/128687/.local/lib/python3.6/site-packages (from -r requirements.txt (line 2))
Collecting matplotlib==3.4.0 (from -r requirements.txt (line 3))
model loaded
Time elapsed (fit): 183.66530084609985 seconds
[Laplace] Acc.: 91.84%; ECE: 1.15% 
model loaded
Time elapsed (fit): 184.90274930000305 seconds
[Laplace] Acc.: 91.84%; ECE: 1.15% 
model loaded
Time elapsed (fit): 183.7732617855072 seconds
[Laplace] Acc.: 91.84%; ECE: 1.15% 
model loaded
Time elapsed (fit): 184.2467963695526 seconds
[Laplace] Acc.: 91.84%; ECE: 1.15% 
model loaded
Time elapsed (fit): 185.52659225463867 seconds
[Laplace] Acc.: 91.84%; ECE: 1.15% 
model loaded
Time elapsed (fit): 184.40526914596558 seconds
[Laplace] Acc.: 91.84%; ECE: 1.15% 
