Collecting dill==0.3.4 (from -r requirements.txt (line 1))
  Using cached https://files.pythonhosted.org/packages/b6/c3/973676ceb86b60835bb3978c6db67a5dc06be6cfdbd14ef0f5a13e3fc9fd/dill-0.3.4-py2.py3-none-any.whl
Requirement already satisfied: laplace==0.1 in /zhome/45/c/128687/.local/lib/python3.6/site-packages (from -r requirements.txt (line 2))
Collecting matplotlib==3.4.0 (from -r requirements.txt (line 3))
model loaded
Time elapsed (fit): 185.55622601509094 seconds
[Laplace] Acc.: 91.84%; ECE: 3.28% 
model loaded
Time elapsed (fit): 185.11443066596985 seconds
[Laplace] Acc.: 91.84%; ECE: 3.20% 
model loaded
Time elapsed (fit): 185.10868978500366 seconds
[Laplace] Acc.: 91.84%; ECE: 3.23% 
model loaded
Time elapsed (fit): 186.3547899723053 seconds
[Laplace] Acc.: 91.84%; ECE: 3.22% 
model loaded
Time elapsed (fit): 185.8638997077942 seconds
[Laplace] Acc.: 91.84%; ECE: 3.31% 
model loaded
Time elapsed (fit): 186.47470998764038 seconds
[Laplace] Acc.: 91.84%; ECE: 3.26% 
