Collecting dill==0.3.4 (from -r requirements.txt (line 1))
  Using cached https://files.pythonhosted.org/packages/b6/c3/973676ceb86b60835bb3978c6db67a5dc06be6cfdbd14ef0f5a13e3fc9fd/dill-0.3.4-py2.py3-none-any.whl
Requirement already satisfied: laplace==0.1 in /zhome/45/c/128687/.local/lib/python3.6/site-packages (from -r requirements.txt (line 2))
Collecting matplotlib==3.4.0 (from -r requirements.txt (line 3))
model loaded
Time elapsed (fit): 213.00789713859558 seconds
[Laplace] Acc.: 91.80%; ECE: 1.11% 
model loaded
Time elapsed (fit): 193.84275937080383 seconds
[Laplace] Acc.: 91.80%; ECE: 1.15% 
model loaded
Time elapsed (fit): 191.57822394371033 seconds
[Laplace] Acc.: 91.80%; ECE: 1.14% 
model loaded
Time elapsed (fit): 189.59958839416504 seconds
[Laplace] Acc.: 91.80%; ECE: 1.11% 
model loaded
Time elapsed (fit): 189.76961088180542 seconds
[Laplace] Acc.: 91.80%; ECE: 1.15% 
model loaded
Time elapsed (fit): 189.30949091911316 seconds
[Laplace] Acc.: 91.80%; ECE: 1.10% 
