Collecting dill==0.3.4 (from -r requirements.txt (line 1))
  Using cached https://files.pythonhosted.org/packages/b6/c3/973676ceb86b60835bb3978c6db67a5dc06be6cfdbd14ef0f5a13e3fc9fd/dill-0.3.4-py2.py3-none-any.whl
Requirement already satisfied: laplace==0.1 in /zhome/45/c/128687/.local/lib/python3.6/site-packages (from -r requirements.txt (line 2))
Collecting matplotlib==3.4.0 (from -r requirements.txt (line 3))
model loaded
Time elapsed (fit): 203.70171093940735 seconds
[Laplace] Acc.: 91.77%; ECE: 1.71% 
model loaded
Time elapsed (fit): 192.64355540275574 seconds
[Laplace] Acc.: 91.77%; ECE: 1.06% 
model loaded
Time elapsed (fit): 188.72239112854004 seconds
[Laplace] Acc.: 91.77%; ECE: 1.07% 
model loaded
Time elapsed (fit): 187.74714517593384 seconds
[Laplace] Acc.: 91.77%; ECE: 1.09% 
model loaded
Time elapsed (fit): 187.25435543060303 seconds
[Laplace] Acc.: 91.77%; ECE: 1.06% 
model loaded
Time elapsed (fit): 187.01677203178406 seconds
[Laplace] Acc.: 91.77%; ECE: 1.06% 
