Collecting dill==0.3.4 (from -r requirements.txt (line 1))
  Using cached https://files.pythonhosted.org/packages/b6/c3/973676ceb86b60835bb3978c6db67a5dc06be6cfdbd14ef0f5a13e3fc9fd/dill-0.3.4-py2.py3-none-any.whl
Requirement already satisfied: laplace==0.1 in /zhome/45/c/128687/.local/lib/python3.6/site-packages (from -r requirements.txt (line 2))
Collecting matplotlib==3.4.0 (from -r requirements.txt (line 3))
Small: 0
Transform: 1
MaxPool: 1
Running GPU.
[1,    10] loss: 1.884
[1,    20] loss: 1.782
[1,    30] loss: 1.696
[1,    40] loss: 1.702
[1,    50] loss: 1.638
[1,    60] loss: 1.569
[1,    70] loss: 1.553
[1,    80] loss: 1.613
[1,    90] loss: 1.563
[1,   100] loss: 1.563
[1,   110] loss: 1.566
[1,   120] loss: 1.503
[1,   130] loss: 1.482
[1,   140] loss: 1.469
[1,   150] loss: 1.440
[1,   160] loss: 1.391
[1,   170] loss: 1.416
[1,   180] loss: 1.467
[1,   190] loss: 1.459
[1,   200] loss: 1.437
[1,   210] loss: 1.460
[1,   220] loss: 1.392
[1,   230] loss: 1.465
[1,   240] loss: 1.379
[1,   250] loss: 1.332
[1,   260] loss: 1.378
[1,   270] loss: 1.364
[1,   280] loss: 1.423
[1,   290] loss: 1.400
[1,   300] loss: 1.261
[1,   310] loss: 1.340
[1,   320] loss: 1.351
[1,   330] loss: 1.278
[1,   340] loss: 1.278
[1,   350] loss: 1.228
[1,   360] loss: 1.362
[1,   370] loss: 1.262
[1,   380] loss: 1.310
[1,   390] loss: 1.316
[1,   400] loss: 1.333
VALIDATION loss: 1.5646986961364746
[2,    10] loss: 1.311
[2,    20] loss: 1.378
[2,    30] loss: 1.299
[2,    40] loss: 1.257
[2,    50] loss: 1.251
[2,    60] loss: 1.247
[2,    70] loss: 1.267
[2,    80] loss: 1.223
[2,    90] loss: 1.224
[2,   100] loss: 1.314
[2,   110] loss: 1.323
[2,   120] loss: 1.244
[2,   130] loss: 1.178
[2,   140] loss: 1.198
[2,   150] loss: 1.219
[2,   160] loss: 1.245
[2,   170] loss: 1.212
[2,   180] loss: 1.185
[2,   190] loss: 1.224
[2,   200] loss: 1.237
[2,   210] loss: 1.203
[2,   220] loss: 1.143
[2,   230] loss: 1.208
[2,   240] loss: 1.165
[2,   250] loss: 1.228
[2,   260] loss: 1.196
[2,   270] loss: 1.222
[2,   280] loss: 1.123
[2,   290] loss: 1.167
[2,   300] loss: 1.222
[2,   310] loss: 1.152
[2,   320] loss: 1.129
[2,   330] loss: 1.165
[2,   340] loss: 1.214
[2,   350] loss: 1.130
[2,   360] loss: 1.080
[2,   370] loss: 1.176
[2,   380] loss: 1.117
[2,   390] loss: 1.092
[2,   400] loss: 1.036
VALIDATION loss: 1.3223012685775757
[3,    10] loss: 1.053
[3,    20] loss: 1.154
[3,    30] loss: 1.126
[3,    40] loss: 1.121
[3,    50] loss: 1.080
[3,    60] loss: 1.023
[3,    70] loss: 1.139
[3,    80] loss: 1.025
[3,    90] loss: 1.124
[3,   100] loss: 1.181
[3,   110] loss: 1.107
[3,   120] loss: 1.031
[3,   130] loss: 1.085
[3,   140] loss: 1.112
[3,   150] loss: 1.094
[3,   160] loss: 1.059
[3,   170] loss: 1.128
[3,   180] loss: 1.099
[3,   190] loss: 1.073
[3,   200] loss: 1.033
[3,   210] loss: 1.005
[3,   220] loss: 1.059
[3,   230] loss: 1.042
[3,   240] loss: 1.136
[3,   250] loss: 1.054
[3,   260] loss: 0.975
[3,   270] loss: 1.050
[3,   280] loss: 1.021
[3,   290] loss: 1.025
[3,   300] loss: 1.030
[3,   310] loss: 1.090
[3,   320] loss: 1.119
[3,   330] loss: 1.117
[3,   340] loss: 1.047
[3,   350] loss: 1.017
[3,   360] loss: 1.042
[3,   370] loss: 1.080
[3,   380] loss: 0.996
[3,   390] loss: 1.037
[3,   400] loss: 0.929
VALIDATION loss: 1.7828119993209839
[4,    10] loss: 1.094
[4,    20] loss: 0.919
[4,    30] loss: 1.003
[4,    40] loss: 1.022
[4,    50] loss: 0.995
[4,    60] loss: 1.021
[4,    70] loss: 0.966
[4,    80] loss: 1.016
[4,    90] loss: 1.053
[4,   100] loss: 1.087
[4,   110] loss: 0.968
[4,   120] loss: 0.896
[4,   130] loss: 1.002
[4,   140] loss: 0.847
[4,   150] loss: 1.045
[4,   160] loss: 0.976
[4,   170] loss: 0.901
[4,   180] loss: 0.954
[4,   190] loss: 0.943
[4,   200] loss: 0.942
[4,   210] loss: 0.947
[4,   220] loss: 0.987
[4,   230] loss: 0.886
[4,   240] loss: 0.900
[4,   250] loss: 0.901
[4,   260] loss: 0.995
[4,   270] loss: 0.951
[4,   280] loss: 0.944
[4,   290] loss: 0.922
[4,   300] loss: 0.916
[4,   310] loss: 0.877
[4,   320] loss: 0.832
[4,   330] loss: 0.942
[4,   340] loss: 1.027
[4,   350] loss: 0.968
[4,   360] loss: 0.989
[4,   370] loss: 0.891
[4,   380] loss: 0.898
[4,   390] loss: 0.878
[4,   400] loss: 0.945
VALIDATION loss: 1.1907130479812622
[5,    10] loss: 0.899
[5,    20] loss: 0.930
[5,    30] loss: 0.976
[5,    40] loss: 0.967
[5,    50] loss: 0.925
[5,    60] loss: 0.902
[5,    70] loss: 0.864
[5,    80] loss: 0.939
[5,    90] loss: 0.864
[5,   100] loss: 0.803
[5,   110] loss: 0.869
[5,   120] loss: 0.989
[5,   130] loss: 0.882
[5,   140] loss: 0.809
[5,   150] loss: 0.927
[5,   160] loss: 0.853
[5,   170] loss: 0.908
[5,   180] loss: 0.806
[5,   190] loss: 0.931
[5,   200] loss: 0.825
[5,   210] loss: 0.972
[5,   220] loss: 0.854
[5,   230] loss: 0.876
[5,   240] loss: 0.862
[5,   250] loss: 0.887
[5,   260] loss: 0.804
[5,   270] loss: 0.888
[5,   280] loss: 0.879
[5,   290] loss: 0.746
[5,   300] loss: 0.878
[5,   310] loss: 0.857
[5,   320] loss: 0.845
[5,   330] loss: 0.877
[5,   340] loss: 0.789
[5,   350] loss: 0.792
[5,   360] loss: 0.863
[5,   370] loss: 0.870
[5,   380] loss: 0.817
[5,   390] loss: 0.745
[5,   400] loss: 0.680
VALIDATION loss: 1.8153060674667358
[6,    10] loss: 0.783
[6,    20] loss: 0.893
[6,    30] loss: 0.912
[6,    40] loss: 0.765
[6,    50] loss: 0.811
[6,    60] loss: 0.822
[6,    70] loss: 0.884
[6,    80] loss: 0.814
[6,    90] loss: 0.740
[6,   100] loss: 0.882
[6,   110] loss: 0.851
[6,   120] loss: 0.801
[6,   130] loss: 0.743
[6,   140] loss: 0.830
[6,   150] loss: 0.828
[6,   160] loss: 0.755
[6,   170] loss: 0.753
[6,   180] loss: 0.772
[6,   190] loss: 0.724
[6,   200] loss: 0.821
[6,   210] loss: 0.731
[6,   220] loss: 0.845
[6,   230] loss: 0.786
[6,   240] loss: 0.763
[6,   250] loss: 0.798
[6,   260] loss: 0.706
[6,   270] loss: 0.757
[6,   280] loss: 0.726
[6,   290] loss: 0.782
[6,   300] loss: 0.732
[6,   310] loss: 0.738
[6,   320] loss: 0.705
[6,   330] loss: 0.777
[6,   340] loss: 0.716
[6,   350] loss: 0.732
[6,   360] loss: 0.852
[6,   370] loss: 0.836
[6,   380] loss: 0.836
[6,   390] loss: 0.767
[6,   400] loss: 0.844
VALIDATION loss: 3.2223012447357178
[7,    10] loss: 0.785
[7,    20] loss: 0.688
[7,    30] loss: 0.791
[7,    40] loss: 0.851
[7,    50] loss: 0.773
[7,    60] loss: 0.747
[7,    70] loss: 0.795
[7,    80] loss: 0.781
[7,    90] loss: 0.724
[7,   100] loss: 0.707
[7,   110] loss: 0.763
[7,   120] loss: 0.841
[7,   130] loss: 0.726
[7,   140] loss: 0.802
[7,   150] loss: 0.825
[7,   160] loss: 0.760
[7,   170] loss: 0.805
[7,   180] loss: 0.757
[7,   190] loss: 0.695
[7,   200] loss: 0.738
[7,   210] loss: 0.729
[7,   220] loss: 0.746
[7,   230] loss: 0.686
[7,   240] loss: 0.726
[7,   250] loss: 0.709
[7,   260] loss: 0.773
[7,   270] loss: 0.823
[7,   280] loss: 0.841
[7,   290] loss: 0.742
[7,   300] loss: 0.683
[7,   310] loss: 0.782
[7,   320] loss: 0.688
[7,   330] loss: 0.697
[7,   340] loss: 0.753
[7,   350] loss: 0.623
[7,   360] loss: 0.733
[7,   370] loss: 0.777
[7,   380] loss: 0.806
[7,   390] loss: 0.708
[7,   400] loss: 0.681
VALIDATION loss: 1.1947813034057617
[8,    10] loss: 0.780
[8,    20] loss: 0.675
[8,    30] loss: 0.755
[8,    40] loss: 0.757
[8,    50] loss: 0.732
[8,    60] loss: 0.667
[8,    70] loss: 0.719
[8,    80] loss: 0.777
[8,    90] loss: 0.707
[8,   100] loss: 0.742
[8,   110] loss: 0.754
[8,   120] loss: 0.624
[8,   130] loss: 0.770
[8,   140] loss: 0.784
[8,   150] loss: 0.636
[8,   160] loss: 0.725
[8,   170] loss: 0.647
[8,   180] loss: 0.659
[8,   190] loss: 0.597
[8,   200] loss: 0.731
[8,   210] loss: 0.608
[8,   220] loss: 0.698
[8,   230] loss: 0.711
[8,   240] loss: 0.634
[8,   250] loss: 0.785
[8,   260] loss: 0.725
[8,   270] loss: 0.595
[8,   280] loss: 0.744
[8,   290] loss: 0.536
[8,   300] loss: 0.771
[8,   310] loss: 0.673
[8,   320] loss: 0.742
[8,   330] loss: 0.660
[8,   340] loss: 0.610
[8,   350] loss: 0.726
[8,   360] loss: 0.652
[8,   370] loss: 0.644
[8,   380] loss: 0.725
[8,   390] loss: 0.634
[8,   400] loss: 0.620
VALIDATION loss: 0.7353124618530273
[9,    10] loss: 0.739
[9,    20] loss: 0.659
[9,    30] loss: 0.684
[9,    40] loss: 0.619
[9,    50] loss: 0.664
[9,    60] loss: 0.631
[9,    70] loss: 0.705
[9,    80] loss: 0.660
[9,    90] loss: 0.581
[9,   100] loss: 0.709
[9,   110] loss: 0.715
[9,   120] loss: 0.599
[9,   130] loss: 0.721
[9,   140] loss: 0.809
[9,   150] loss: 0.592
[9,   160] loss: 0.585
[9,   170] loss: 0.622
[9,   180] loss: 0.670
[9,   190] loss: 0.548
[9,   200] loss: 0.587
[9,   210] loss: 0.683
[9,   220] loss: 0.585
[9,   230] loss: 0.609
[9,   240] loss: 0.685
[9,   250] loss: 0.769
[9,   260] loss: 0.721
[9,   270] loss: 0.678
[9,   280] loss: 0.576
[9,   290] loss: 0.721
[9,   300] loss: 0.669
[9,   310] loss: 0.533
[9,   320] loss: 0.694
[9,   330] loss: 0.655
[9,   340] loss: 0.689
[9,   350] loss: 0.700
[9,   360] loss: 0.592
[9,   370] loss: 0.578
[9,   380] loss: 0.717
[9,   390] loss: 0.569
[9,   400] loss: 0.579
VALIDATION loss: 1.4839320182800293
[10,    10] loss: 0.582
[10,    20] loss: 0.563
[10,    30] loss: 0.686
[10,    40] loss: 0.697
[10,    50] loss: 0.655
[10,    60] loss: 0.609
[10,    70] loss: 0.701
[10,    80] loss: 0.663
[10,    90] loss: 0.667
[10,   100] loss: 0.682
[10,   110] loss: 0.666
[10,   120] loss: 0.650
[10,   130] loss: 0.598
[10,   140] loss: 0.599
[10,   150] loss: 0.606
[10,   160] loss: 0.559
[10,   170] loss: 0.612
[10,   180] loss: 0.637
[10,   190] loss: 0.622
[10,   200] loss: 0.559
[10,   210] loss: 0.585
[10,   220] loss: 0.596
[10,   230] loss: 0.544
[10,   240] loss: 0.653
[10,   250] loss: 0.698
[10,   260] loss: 0.584
[10,   270] loss: 0.558
[10,   280] loss: 0.541
[10,   290] loss: 0.658
[10,   300] loss: 0.642
[10,   310] loss: 0.582
[10,   320] loss: 0.679
[10,   330] loss: 0.584
[10,   340] loss: 0.628
[10,   350] loss: 0.552
[10,   360] loss: 0.529
[10,   370] loss: 0.688
[10,   380] loss: 0.674
[10,   390] loss: 0.585
[10,   400] loss: 0.671
VALIDATION loss: 0.9655193090438843
[11,    10] loss: 0.611
[11,    20] loss: 0.570
[11,    30] loss: 0.548
[11,    40] loss: 0.613
[11,    50] loss: 0.625
[11,    60] loss: 0.612
[11,    70] loss: 0.606
[11,    80] loss: 0.501
[11,    90] loss: 0.639
[11,   100] loss: 0.561
[11,   110] loss: 0.637
[11,   120] loss: 0.512
[11,   130] loss: 0.536
[11,   140] loss: 0.687
[11,   150] loss: 0.627
[11,   160] loss: 0.624
[11,   170] loss: 0.644
[11,   180] loss: 0.546
[11,   190] loss: 0.684
[11,   200] loss: 0.590
[11,   210] loss: 0.655
[11,   220] loss: 0.575
[11,   230] loss: 0.563
[11,   240] loss: 0.593
[11,   250] loss: 0.621
[11,   260] loss: 0.555
[11,   270] loss: 0.577
[11,   280] loss: 0.620
[11,   290] loss: 0.494
[11,   300] loss: 0.536
[11,   310] loss: 0.643
[11,   320] loss: 0.673
[11,   330] loss: 0.646
[11,   340] loss: 0.534
[11,   350] loss: 0.591
[11,   360] loss: 0.549
[11,   370] loss: 0.622
[11,   380] loss: 0.594
[11,   390] loss: 0.567
[11,   400] loss: 0.596
VALIDATION loss: 0.5396855473518372
[12,    10] loss: 0.610
[12,    20] loss: 0.569
[12,    30] loss: 0.584
[12,    40] loss: 0.593
[12,    50] loss: 0.580
[12,    60] loss: 0.501
[12,    70] loss: 0.576
[12,    80] loss: 0.598
[12,    90] loss: 0.585
[12,   100] loss: 0.530
[12,   110] loss: 0.478
[12,   120] loss: 0.559
[12,   130] loss: 0.587
[12,   140] loss: 0.497
[12,   150] loss: 0.543
[12,   160] loss: 0.615
[12,   170] loss: 0.620
[12,   180] loss: 0.563
[12,   190] loss: 0.582
[12,   200] loss: 0.566
[12,   210] loss: 0.545
[12,   220] loss: 0.564
[12,   230] loss: 0.645
[12,   240] loss: 0.561
[12,   250] loss: 0.572
[12,   260] loss: 0.489
[12,   270] loss: 0.543
[12,   280] loss: 0.616
[12,   290] loss: 0.517
[12,   300] loss: 0.615
[12,   310] loss: 0.448
[12,   320] loss: 0.567
[12,   330] loss: 0.476
[12,   340] loss: 0.512
[12,   350] loss: 0.529
[12,   360] loss: 0.487
[12,   370] loss: 0.607
[12,   380] loss: 0.506
[12,   390] loss: 0.541
[12,   400] loss: 0.591
VALIDATION loss: 3.1761038303375244
[13,    10] loss: 0.549
[13,    20] loss: 0.540
[13,    30] loss: 0.483
[13,    40] loss: 0.517
[13,    50] loss: 0.469
[13,    60] loss: 0.506
[13,    70] loss: 0.543
[13,    80] loss: 0.575
[13,    90] loss: 0.599
[13,   100] loss: 0.637
[13,   110] loss: 0.506
[13,   120] loss: 0.597
[13,   130] loss: 0.517
[13,   140] loss: 0.460
[13,   150] loss: 0.540
[13,   160] loss: 0.491
[13,   170] loss: 0.501
[13,   180] loss: 0.534
[13,   190] loss: 0.559
[13,   200] loss: 0.498
[13,   210] loss: 0.517
[13,   220] loss: 0.575
[13,   230] loss: 0.536
[13,   240] loss: 0.526
[13,   250] loss: 0.588
[13,   260] loss: 0.612
[13,   270] loss: 0.529
[13,   280] loss: 0.509
[13,   290] loss: 0.558
[13,   300] loss: 0.530
[13,   310] loss: 0.589
[13,   320] loss: 0.586
[13,   330] loss: 0.563
[13,   340] loss: 0.531
[13,   350] loss: 0.533
[13,   360] loss: 0.483
[13,   370] loss: 0.523
[13,   380] loss: 0.458
[13,   390] loss: 0.502
[13,   400] loss: 0.561
VALIDATION loss: 0.8391348123550415
[14,    10] loss: 0.567
[14,    20] loss: 0.538
[14,    30] loss: 0.522
[14,    40] loss: 0.516
[14,    50] loss: 0.564
[14,    60] loss: 0.567
[14,    70] loss: 0.568
[14,    80] loss: 0.539
[14,    90] loss: 0.556
[14,   100] loss: 0.444
[14,   110] loss: 0.535
[14,   120] loss: 0.530
[14,   130] loss: 0.588
[14,   140] loss: 0.468
[14,   150] loss: 0.508
[14,   160] loss: 0.453
[14,   170] loss: 0.593
[14,   180] loss: 0.484
[14,   190] loss: 0.491
[14,   200] loss: 0.523
[14,   210] loss: 0.551
[14,   220] loss: 0.519
[14,   230] loss: 0.537
[14,   240] loss: 0.451
[14,   250] loss: 0.438
[14,   260] loss: 0.535
[14,   270] loss: 0.508
[14,   280] loss: 0.484
[14,   290] loss: 0.534
[14,   300] loss: 0.457
[14,   310] loss: 0.590
[14,   320] loss: 0.596
[14,   330] loss: 0.538
[14,   340] loss: 0.593
[14,   350] loss: 0.549
[14,   360] loss: 0.447
[14,   370] loss: 0.501
[14,   380] loss: 0.457
[14,   390] loss: 0.528
[14,   400] loss: 0.566
VALIDATION loss: 0.4507402777671814
[15,    10] loss: 0.431
[15,    20] loss: 0.478
[15,    30] loss: 0.513
[15,    40] loss: 0.491
[15,    50] loss: 0.528
[15,    60] loss: 0.455
[15,    70] loss: 0.542
[15,    80] loss: 0.496
[15,    90] loss: 0.460
[15,   100] loss: 0.576
[15,   110] loss: 0.472
[15,   120] loss: 0.493
[15,   130] loss: 0.474
[15,   140] loss: 0.468
[15,   150] loss: 0.550
[15,   160] loss: 0.453
[15,   170] loss: 0.495
[15,   180] loss: 0.501
[15,   190] loss: 0.448
[15,   200] loss: 0.511
[15,   210] loss: 0.513
[15,   220] loss: 0.454
[15,   230] loss: 0.502
[15,   240] loss: 0.505
[15,   250] loss: 0.515
[15,   260] loss: 0.515
[15,   270] loss: 0.505
[15,   280] loss: 0.479
[15,   290] loss: 0.509
[15,   300] loss: 0.493
[15,   310] loss: 0.494
[15,   320] loss: 0.494
[15,   330] loss: 0.474
[15,   340] loss: 0.420
[15,   350] loss: 0.527
[15,   360] loss: 0.445
[15,   370] loss: 0.492
[15,   380] loss: 0.520
[15,   390] loss: 0.528
[15,   400] loss: 0.516
VALIDATION loss: 0.7898081541061401
[16,    10] loss: 0.461
[16,    20] loss: 0.447
[16,    30] loss: 0.416
[16,    40] loss: 0.437
[16,    50] loss: 0.456
[16,    60] loss: 0.484
[16,    70] loss: 0.432
[16,    80] loss: 0.425
[16,    90] loss: 0.468
[16,   100] loss: 0.422
[16,   110] loss: 0.478
[16,   120] loss: 0.487
[16,   130] loss: 0.541
[16,   140] loss: 0.438
[16,   150] loss: 0.475
[16,   160] loss: 0.446
[16,   170] loss: 0.509
[16,   180] loss: 0.502
[16,   190] loss: 0.446
[16,   200] loss: 0.478
[16,   210] loss: 0.433
[16,   220] loss: 0.387
[16,   230] loss: 0.472
[16,   240] loss: 0.535
[16,   250] loss: 0.491
[16,   260] loss: 0.549
[16,   270] loss: 0.433
[16,   280] loss: 0.504
[16,   290] loss: 0.442
[16,   300] loss: 0.456
[16,   310] loss: 0.451
[16,   320] loss: 0.460
[16,   330] loss: 0.443
[16,   340] loss: 0.428
[16,   350] loss: 0.459
[16,   360] loss: 0.492
[16,   370] loss: 0.463
[16,   380] loss: 0.452
[16,   390] loss: 0.426
[16,   400] loss: 0.453
VALIDATION loss: 1.3540722131729126
[17,    10] loss: 0.448
[17,    20] loss: 0.570
[17,    30] loss: 0.419
[17,    40] loss: 0.464
[17,    50] loss: 0.612
[17,    60] loss: 0.810
[17,    70] loss: 0.528
[17,    80] loss: 0.550
[17,    90] loss: 0.540
[17,   100] loss: 0.520
[17,   110] loss: 0.496
[17,   120] loss: 0.545
[17,   130] loss: 0.460
[17,   140] loss: 0.486
[17,   150] loss: 0.441
[17,   160] loss: 0.496
[17,   170] loss: 0.473
[17,   180] loss: 0.473
[17,   190] loss: 0.447
[17,   200] loss: 0.480
[17,   210] loss: 0.413
[17,   220] loss: 0.384
[17,   230] loss: 0.404
[17,   240] loss: 0.432
[17,   250] loss: 0.434
[17,   260] loss: 0.458
[17,   270] loss: 0.466
[17,   280] loss: 0.481
[17,   290] loss: 0.531
[17,   300] loss: 0.431
[17,   310] loss: 0.472
[17,   320] loss: 0.568
[17,   330] loss: 0.512
[17,   340] loss: 0.392
[17,   350] loss: 0.454
[17,   360] loss: 0.462
[17,   370] loss: 0.493
[17,   380] loss: 0.449
[17,   390] loss: 0.472
[17,   400] loss: 0.384
VALIDATION loss: 1.0416452884674072
[18,    10] loss: 0.470
[18,    20] loss: 0.498
[18,    30] loss: 0.526
[18,    40] loss: 0.507
[18,    50] loss: 0.486
[18,    60] loss: 0.428
[18,    70] loss: 0.516
[18,    80] loss: 0.406
[18,    90] loss: 0.421
[18,   100] loss: 0.426
[18,   110] loss: 0.437
[18,   120] loss: 0.481
[18,   130] loss: 0.376
[18,   140] loss: 0.458
[18,   150] loss: 0.437
[18,   160] loss: 0.435
[18,   170] loss: 0.397
[18,   180] loss: 0.433
[18,   190] loss: 0.418
[18,   200] loss: 0.423
[18,   210] loss: 0.437
[18,   220] loss: 0.408
[18,   230] loss: 0.447
[18,   240] loss: 0.531
[18,   250] loss: 0.456
[18,   260] loss: 0.409
[18,   270] loss: 0.452
[18,   280] loss: 0.454
[18,   290] loss: 0.441
[18,   300] loss: 0.457
[18,   310] loss: 0.446
[18,   320] loss: 0.398
[18,   330] loss: 0.508
[18,   340] loss: 0.417
[18,   350] loss: 0.486
[18,   360] loss: 0.430
[18,   370] loss: 0.339
[18,   380] loss: 0.465
[18,   390] loss: 0.482
[18,   400] loss: 0.424
VALIDATION loss: 0.5215407609939575
[19,    10] loss: 0.426
[19,    20] loss: 0.546
[19,    30] loss: 0.429
[19,    40] loss: 0.496
[19,    50] loss: 0.363
[19,    60] loss: 0.360
[19,    70] loss: 0.422
[19,    80] loss: 0.366
[19,    90] loss: 0.469
[19,   100] loss: 0.424
[19,   110] loss: 0.375
[19,   120] loss: 0.387
[19,   130] loss: 0.447
[19,   140] loss: 0.498
[19,   150] loss: 0.411
[19,   160] loss: 0.493
[19,   170] loss: 0.369
[19,   180] loss: 0.472
[19,   190] loss: 0.489
[19,   200] loss: 0.516
[19,   210] loss: 0.444
[19,   220] loss: 0.451
[19,   230] loss: 0.477
[19,   240] loss: 0.393
[19,   250] loss: 0.381
[19,   260] loss: 0.447
[19,   270] loss: 0.405
[19,   280] loss: 0.458
[19,   290] loss: 0.404
[19,   300] loss: 0.367
[19,   310] loss: 0.469
[19,   320] loss: 0.451
[19,   330] loss: 0.392
[19,   340] loss: 0.429
[19,   350] loss: 0.392
[19,   360] loss: 0.391
[19,   370] loss: 0.417
[19,   380] loss: 0.439
[19,   390] loss: 0.436
[19,   400] loss: 0.482
VALIDATION loss: 0.4929670989513397
[20,    10] loss: 0.415
[20,    20] loss: 0.434
[20,    30] loss: 0.399
[20,    40] loss: 0.425
[20,    50] loss: 0.446
[20,    60] loss: 0.500
[20,    70] loss: 0.366
[20,    80] loss: 0.469
[20,    90] loss: 0.411
[20,   100] loss: 0.447
[20,   110] loss: 0.413
[20,   120] loss: 0.457
[20,   130] loss: 0.398
[20,   140] loss: 0.470
[20,   150] loss: 0.362
[20,   160] loss: 0.479
[20,   170] loss: 0.432
[20,   180] loss: 0.289
[20,   190] loss: 0.427
[20,   200] loss: 0.405
[20,   210] loss: 0.531
[20,   220] loss: 0.397
[20,   230] loss: 0.404
[20,   240] loss: 0.464
[20,   250] loss: 0.486
[20,   260] loss: 0.410
[20,   270] loss: 0.459
[20,   280] loss: 0.384
[20,   290] loss: 0.436
[20,   300] loss: 0.381
[20,   310] loss: 0.447
[20,   320] loss: 0.410
[20,   330] loss: 0.383
[20,   340] loss: 0.374
[20,   350] loss: 0.377
[20,   360] loss: 0.398
[20,   370] loss: 0.405
[20,   380] loss: 0.405
[20,   390] loss: 0.410
[20,   400] loss: 0.434
VALIDATION loss: 0.8835997581481934
[21,    10] loss: 0.407
[21,    20] loss: 0.343
[21,    30] loss: 0.396
[21,    40] loss: 0.442
[21,    50] loss: 0.377
[21,    60] loss: 0.327
[21,    70] loss: 0.371
[21,    80] loss: 0.391
[21,    90] loss: 0.436
[21,   100] loss: 0.442
[21,   110] loss: 0.400
[21,   120] loss: 0.387
[21,   130] loss: 0.377
[21,   140] loss: 0.407
[21,   150] loss: 0.367
[21,   160] loss: 0.405
[21,   170] loss: 0.431
[21,   180] loss: 0.376
[21,   190] loss: 0.434
[21,   200] loss: 0.455
[21,   210] loss: 0.432
[21,   220] loss: 0.403
[21,   230] loss: 0.415
[21,   240] loss: 0.407
[21,   250] loss: 0.406
[21,   260] loss: 0.419
[21,   270] loss: 0.457
[21,   280] loss: 0.466
[21,   290] loss: 0.417
[21,   300] loss: 0.422
[21,   310] loss: 0.391
[21,   320] loss: 0.431
[21,   330] loss: 0.359
[21,   340] loss: 0.422
[21,   350] loss: 0.349
[21,   360] loss: 0.439
[21,   370] loss: 0.415
[21,   380] loss: 0.374
[21,   390] loss: 0.413
[21,   400] loss: 0.399
VALIDATION loss: 1.9095529317855835
[22,    10] loss: 0.381
[22,    20] loss: 0.377
[22,    30] loss: 0.398
[22,    40] loss: 0.436
[22,    50] loss: 0.447
[22,    60] loss: 0.452
[22,    70] loss: 0.447
[22,    80] loss: 0.395
[22,    90] loss: 0.378
[22,   100] loss: 0.417
[22,   110] loss: 0.343
[22,   120] loss: 0.450
[22,   130] loss: 0.346
[22,   140] loss: 0.392
[22,   150] loss: 0.365
[22,   160] loss: 0.375
[22,   170] loss: 0.406
[22,   180] loss: 0.407
[22,   190] loss: 0.368
[22,   200] loss: 0.385
[22,   210] loss: 0.376
[22,   220] loss: 0.393
[22,   230] loss: 0.421
[22,   240] loss: 0.459
[22,   250] loss: 0.378
[22,   260] loss: 0.453
[22,   270] loss: 0.382
[22,   280] loss: 0.422
[22,   290] loss: 0.492
[22,   300] loss: 0.365
[22,   310] loss: 0.370
[22,   320] loss: 0.381
[22,   330] loss: 0.368
[22,   340] loss: 0.355
[22,   350] loss: 0.462
[22,   360] loss: 0.358
[22,   370] loss: 0.402
[22,   380] loss: 0.390
[22,   390] loss: 0.396
[22,   400] loss: 0.389
VALIDATION loss: 0.7787017822265625
[23,    10] loss: 0.412
[23,    20] loss: 0.450
[23,    30] loss: 0.384
[23,    40] loss: 0.393
[23,    50] loss: 0.389
[23,    60] loss: 0.371
[23,    70] loss: 0.379
[23,    80] loss: 0.320
[23,    90] loss: 0.392
[23,   100] loss: 0.386
[23,   110] loss: 0.317
[23,   120] loss: 0.405
[23,   130] loss: 0.428
[23,   140] loss: 0.370
[23,   150] loss: 0.412
[23,   160] loss: 0.326
[23,   170] loss: 0.474
[23,   180] loss: 0.354
[23,   190] loss: 0.385
[23,   200] loss: 0.355
[23,   210] loss: 0.413
[23,   220] loss: 0.307
[23,   230] loss: 0.444
[23,   240] loss: 0.351
[23,   250] loss: 0.370
[23,   260] loss: 0.375
[23,   270] loss: 0.380
[23,   280] loss: 0.434
[23,   290] loss: 0.320
[23,   300] loss: 0.328
[23,   310] loss: 0.339
[23,   320] loss: 0.271
[23,   330] loss: 0.298
[23,   340] loss: 0.405
[23,   350] loss: 0.397
[23,   360] loss: 0.318
[23,   370] loss: 0.402
[23,   380] loss: 0.330
[23,   390] loss: 0.446
[23,   400] loss: 0.351
VALIDATION loss: 6.963261127471924
[24,    10] loss: 0.329
[24,    20] loss: 0.313
[24,    30] loss: 0.370
[24,    40] loss: 0.418
[24,    50] loss: 0.365
[24,    60] loss: 0.358
[24,    70] loss: 0.424
[24,    80] loss: 0.418
[24,    90] loss: 0.390
[24,   100] loss: 0.318
[24,   110] loss: 0.364
[24,   120] loss: 0.369
[24,   130] loss: 0.352
[24,   140] loss: 0.296
[24,   150] loss: 0.363
[24,   160] loss: 0.379
[24,   170] loss: 0.364
[24,   180] loss: 0.399
[24,   190] loss: 0.322
[24,   200] loss: 0.402
[24,   210] loss: 0.387
[24,   220] loss: 0.330
[24,   230] loss: 0.374
[24,   240] loss: 0.374
[24,   250] loss: 0.379
[24,   260] loss: 0.427
[24,   270] loss: 0.353
[24,   280] loss: 0.344
[24,   290] loss: 0.404
[24,   300] loss: 0.388
[24,   310] loss: 0.402
[24,   320] loss: 0.360
[24,   330] loss: 0.378
[24,   340] loss: 0.355
[24,   350] loss: 0.377
[24,   360] loss: 0.363
[24,   370] loss: 0.284
[24,   380] loss: 0.343
[24,   390] loss: 0.423
[24,   400] loss: 0.355
VALIDATION loss: 0.4590624272823334
[25,    10] loss: 0.371
[25,    20] loss: 0.273
[25,    30] loss: 0.342
[25,    40] loss: 0.307
[25,    50] loss: 0.313
[25,    60] loss: 0.285
[25,    70] loss: 0.319
[25,    80] loss: 0.485
[25,    90] loss: 0.379
[25,   100] loss: 0.342
[25,   110] loss: 0.337
[25,   120] loss: 0.402
[25,   130] loss: 0.380
[25,   140] loss: 0.348
[25,   150] loss: 0.358
[25,   160] loss: 0.389
[25,   170] loss: 0.297
[25,   180] loss: 0.355
[25,   190] loss: 0.414
[25,   200] loss: 0.375
[25,   210] loss: 0.352
[25,   220] loss: 0.371
[25,   230] loss: 0.433
[25,   240] loss: 0.390
[25,   250] loss: 0.386
[25,   260] loss: 0.364
[25,   270] loss: 0.398
[25,   280] loss: 0.450
[25,   290] loss: 0.432
[25,   300] loss: 0.314
[25,   310] loss: 0.385
[25,   320] loss: 0.301
[25,   330] loss: 0.352
[25,   340] loss: 0.374
[25,   350] loss: 0.329
[25,   360] loss: 0.331
[25,   370] loss: 0.393
[25,   380] loss: 0.306
[25,   390] loss: 0.323
[25,   400] loss: 0.402
VALIDATION loss: 0.3309388756752014
[26,    10] loss: 0.336
[26,    20] loss: 0.392
[26,    30] loss: 0.367
[26,    40] loss: 0.403
[26,    50] loss: 0.347
[26,    60] loss: 0.367
[26,    70] loss: 0.366
[26,    80] loss: 0.302
[26,    90] loss: 0.347
[26,   100] loss: 0.346
[26,   110] loss: 0.409
[26,   120] loss: 0.301
[26,   130] loss: 0.317
[26,   140] loss: 0.301
[26,   150] loss: 0.328
[26,   160] loss: 0.338
[26,   170] loss: 0.402
[26,   180] loss: 0.406
[26,   190] loss: 0.360
[26,   200] loss: 0.335
[26,   210] loss: 0.307
[26,   220] loss: 0.330
[26,   230] loss: 0.334
[26,   240] loss: 0.320
[26,   250] loss: 0.388
[26,   260] loss: 0.339
[26,   270] loss: 0.305
[26,   280] loss: 0.301
[26,   290] loss: 0.341
[26,   300] loss: 0.282
[26,   310] loss: 0.316
[26,   320] loss: 0.378
[26,   330] loss: 0.345
[26,   340] loss: 0.342
[26,   350] loss: 0.306
[26,   360] loss: 0.347
[26,   370] loss: 0.348
[26,   380] loss: 0.372
[26,   390] loss: 0.357
[26,   400] loss: 0.359
VALIDATION loss: 1.293282151222229
[27,    10] loss: 0.334
[27,    20] loss: 0.360
[27,    30] loss: 0.416
[27,    40] loss: 0.408
[27,    50] loss: 0.355
[27,    60] loss: 0.373
[27,    70] loss: 0.314
[27,    80] loss: 0.355
[27,    90] loss: 0.313
[27,   100] loss: 0.337
[27,   110] loss: 0.380
[27,   120] loss: 0.443
[27,   130] loss: 0.317
[27,   140] loss: 0.312
[27,   150] loss: 0.325
[27,   160] loss: 0.342
[27,   170] loss: 0.377
[27,   180] loss: 0.332
[27,   190] loss: 0.333
[27,   200] loss: 0.286
[27,   210] loss: 0.298
[27,   220] loss: 0.284
[27,   230] loss: 0.369
[27,   240] loss: 0.302
[27,   250] loss: 0.315
[27,   260] loss: 0.376
[27,   270] loss: 0.313
[27,   280] loss: 0.280
[27,   290] loss: 0.370
[27,   300] loss: 0.346
[27,   310] loss: 0.288
[27,   320] loss: 0.311
[27,   330] loss: 0.403
[27,   340] loss: 0.381
[27,   350] loss: 0.409
[27,   360] loss: 0.301
[27,   370] loss: 0.281
[27,   380] loss: 0.298
[27,   390] loss: 0.297
[27,   400] loss: 0.291
VALIDATION loss: 0.2899433970451355
[28,    10] loss: 0.331
[28,    20] loss: 0.304
[28,    30] loss: 0.283
[28,    40] loss: 0.336
[28,    50] loss: 0.330
[28,    60] loss: 0.320
[28,    70] loss: 0.287
[28,    80] loss: 0.320
[28,    90] loss: 0.346
[28,   100] loss: 0.325
[28,   110] loss: 0.309
[28,   120] loss: 0.455
[28,   130] loss: 0.313
[28,   140] loss: 0.392
[28,   150] loss: 0.345
[28,   160] loss: 0.317
[28,   170] loss: 0.352
[28,   180] loss: 0.304
[28,   190] loss: 0.337
[28,   200] loss: 0.329
[28,   210] loss: 0.323
[28,   220] loss: 0.371
[28,   230] loss: 0.417
[28,   240] loss: 0.316
[28,   250] loss: 0.350
[28,   260] loss: 0.332
[28,   270] loss: 0.301
[28,   280] loss: 0.370
[28,   290] loss: 0.322
[28,   300] loss: 0.323
[28,   310] loss: 0.351
[28,   320] loss: 0.293
[28,   330] loss: 0.335
[28,   340] loss: 0.377
[28,   350] loss: 0.366
[28,   360] loss: 0.286
[28,   370] loss: 0.320
[28,   380] loss: 0.309
[28,   390] loss: 0.382
[28,   400] loss: 0.366
VALIDATION loss: 1.5585427284240723
[29,    10] loss: 0.290
[29,    20] loss: 0.358
[29,    30] loss: 0.324
[29,    40] loss: 0.328
[29,    50] loss: 0.290
[29,    60] loss: 0.272
[29,    70] loss: 0.365
[29,    80] loss: 0.316
[29,    90] loss: 0.277
[29,   100] loss: 0.364
[29,   110] loss: 0.317
[29,   120] loss: 0.345
[29,   130] loss: 0.332
[29,   140] loss: 0.297
[29,   150] loss: 0.297
[29,   160] loss: 0.290
[29,   170] loss: 0.363
[29,   180] loss: 0.344
[29,   190] loss: 0.275
[29,   200] loss: 0.334
[29,   210] loss: 0.367
[29,   220] loss: 0.319
[29,   230] loss: 0.310
[29,   240] loss: 0.261
[29,   250] loss: 0.356
[29,   260] loss: 0.332
[29,   270] loss: 0.284
[29,   280] loss: 0.313
[29,   290] loss: 0.354
[29,   300] loss: 0.334
[29,   310] loss: 0.284
[29,   320] loss: 0.321
[29,   330] loss: 0.354
[29,   340] loss: 0.280
[29,   350] loss: 0.350
[29,   360] loss: 0.395
[29,   370] loss: 0.299
[29,   380] loss: 0.327
[29,   390] loss: 0.333
[29,   400] loss: 0.328
VALIDATION loss: 0.3060228228569031
[30,    10] loss: 0.347
[30,    20] loss: 0.293
[30,    30] loss: 0.295
[30,    40] loss: 0.359
[30,    50] loss: 0.296
[30,    60] loss: 0.361
[30,    70] loss: 0.293
[30,    80] loss: 0.400
[30,    90] loss: 0.310
[30,   100] loss: 0.362
[30,   110] loss: 0.324
[30,   120] loss: 0.318
[30,   130] loss: 0.307
[30,   140] loss: 0.345
[30,   150] loss: 0.287
[30,   160] loss: 0.412
[30,   170] loss: 0.350
[30,   180] loss: 0.329
[30,   190] loss: 0.325
[30,   200] loss: 0.294
[30,   210] loss: 0.342
[30,   220] loss: 0.283
[30,   230] loss: 0.294
[30,   240] loss: 0.362
[30,   250] loss: 0.282
[30,   260] loss: 0.298
[30,   270] loss: 0.335
[30,   280] loss: 0.273
[30,   290] loss: 0.285
[30,   300] loss: 0.251
[30,   310] loss: 0.315
[30,   320] loss: 0.307
[30,   330] loss: 0.292
[30,   340] loss: 0.309
[30,   350] loss: 0.362
[30,   360] loss: 0.293
[30,   370] loss: 0.378
[30,   380] loss: 0.347
[30,   390] loss: 0.304
[30,   400] loss: 0.357
VALIDATION loss: 0.748197615146637
[31,    10] loss: 0.308
[31,    20] loss: 0.292
[31,    30] loss: 0.290
[31,    40] loss: 0.271
[31,    50] loss: 0.313
[31,    60] loss: 0.321
[31,    70] loss: 0.357
[31,    80] loss: 0.315
[31,    90] loss: 0.327
[31,   100] loss: 0.280
[31,   110] loss: 0.304
[31,   120] loss: 0.325
[31,   130] loss: 0.274
[31,   140] loss: 0.325
[31,   150] loss: 0.363
[31,   160] loss: 0.311
[31,   170] loss: 0.304
[31,   180] loss: 0.329
[31,   190] loss: 0.347
[31,   200] loss: 0.362
[31,   210] loss: 0.324
[31,   220] loss: 0.299
[31,   230] loss: 0.314
[31,   240] loss: 0.387
[31,   250] loss: 0.259
[31,   260] loss: 0.335
[31,   270] loss: 0.314
[31,   280] loss: 0.330
[31,   290] loss: 0.292
[31,   300] loss: 0.282
[31,   310] loss: 0.275
[31,   320] loss: 0.244
[31,   330] loss: 0.272
[31,   340] loss: 0.257
[31,   350] loss: 0.306
[31,   360] loss: 0.350
[31,   370] loss: 0.309
[31,   380] loss: 0.303
[31,   390] loss: 0.335
[31,   400] loss: 0.329
VALIDATION loss: 0.29695072770118713
[32,    10] loss: 0.353
[32,    20] loss: 0.283
[32,    30] loss: 0.296
[32,    40] loss: 0.358
[32,    50] loss: 0.301
[32,    60] loss: 0.240
[32,    70] loss: 0.343
[32,    80] loss: 0.337
[32,    90] loss: 0.340
[32,   100] loss: 0.315
[32,   110] loss: 0.300
[32,   120] loss: 0.336
[32,   130] loss: 0.317
[32,   140] loss: 0.319
[32,   150] loss: 0.337
[32,   160] loss: 0.279
[32,   170] loss: 0.322
[32,   180] loss: 0.337
[32,   190] loss: 0.323
[32,   200] loss: 0.309
[32,   210] loss: 0.287
[32,   220] loss: 0.341
[32,   230] loss: 0.294
[32,   240] loss: 0.369
[32,   250] loss: 0.273
[32,   260] loss: 0.287
[32,   270] loss: 0.299
[32,   280] loss: 0.337
[32,   290] loss: 0.368
[32,   300] loss: 0.357
[32,   310] loss: 0.220
[32,   320] loss: 0.273
[32,   330] loss: 0.317
[32,   340] loss: 0.230
[32,   350] loss: 0.229
[32,   360] loss: 0.337
[32,   370] loss: 0.291
[32,   380] loss: 0.307
[32,   390] loss: 0.308
[32,   400] loss: 0.330
VALIDATION loss: 0.5140305161476135
[33,    10] loss: 0.334
[33,    20] loss: 0.316
[33,    30] loss: 0.321
[33,    40] loss: 0.323
[33,    50] loss: 0.275
[33,    60] loss: 0.277
[33,    70] loss: 0.248
[33,    80] loss: 0.311
[33,    90] loss: 0.307
[33,   100] loss: 0.334
[33,   110] loss: 0.269
[33,   120] loss: 0.300
[33,   130] loss: 0.254
[33,   140] loss: 0.302
[33,   150] loss: 0.297
[33,   160] loss: 0.303
[33,   170] loss: 0.332
[33,   180] loss: 0.372
[33,   190] loss: 0.261
[33,   200] loss: 0.330
[33,   210] loss: 0.298
[33,   220] loss: 0.353
[33,   230] loss: 0.295
[33,   240] loss: 0.264
[33,   250] loss: 0.322
[33,   260] loss: 0.315
[33,   270] loss: 0.331
[33,   280] loss: 0.296
[33,   290] loss: 0.286
[33,   300] loss: 0.246
[33,   310] loss: 0.360
[33,   320] loss: 0.311
[33,   330] loss: 0.262
[33,   340] loss: 0.265
[33,   350] loss: 0.280
[33,   360] loss: 0.279
[33,   370] loss: 0.328
[33,   380] loss: 0.327
[33,   390] loss: 0.243
[33,   400] loss: 0.283
VALIDATION loss: 0.3055679202079773
[34,    10] loss: 0.339
[34,    20] loss: 0.244
[34,    30] loss: 0.320
[34,    40] loss: 0.325
[34,    50] loss: 0.326
[34,    60] loss: 0.299
[34,    70] loss: 0.304
[34,    80] loss: 0.273
[34,    90] loss: 0.329
[34,   100] loss: 0.326
[34,   110] loss: 0.328
[34,   120] loss: 0.303
[34,   130] loss: 0.310
[34,   140] loss: 0.300
[34,   150] loss: 0.245
[34,   160] loss: 0.297
[34,   170] loss: 0.307
[34,   180] loss: 0.270
[34,   190] loss: 0.301
[34,   200] loss: 0.306
[34,   210] loss: 0.279
[34,   220] loss: 0.360
[34,   230] loss: 0.233
[34,   240] loss: 0.330
[34,   250] loss: 0.274
[34,   260] loss: 0.283
[34,   270] loss: 0.246
[34,   280] loss: 0.315
[34,   290] loss: 0.281
[34,   300] loss: 0.266
[34,   310] loss: 0.274
[34,   320] loss: 0.304
[34,   330] loss: 0.267
[34,   340] loss: 0.297
[34,   350] loss: 0.339
[34,   360] loss: 0.300
[34,   370] loss: 0.285
[34,   380] loss: 0.294
[34,   390] loss: 0.296
[34,   400] loss: 0.329
VALIDATION loss: 0.2658574879169464
[35,    10] loss: 0.284
[35,    20] loss: 0.279
[35,    30] loss: 0.239
[35,    40] loss: 0.282
[35,    50] loss: 0.273
[35,    60] loss: 0.233
[35,    70] loss: 0.264
[35,    80] loss: 0.317
[35,    90] loss: 0.294
[35,   100] loss: 0.213
[35,   110] loss: 0.289
[35,   120] loss: 0.277
[35,   130] loss: 0.287
[35,   140] loss: 0.313
[35,   150] loss: 0.264
[35,   160] loss: 0.252
[35,   170] loss: 0.256
[35,   180] loss: 0.278
[35,   190] loss: 0.303
[35,   200] loss: 0.290
[35,   210] loss: 0.275
[35,   220] loss: 0.258
[35,   230] loss: 0.317
[35,   240] loss: 0.308
[35,   250] loss: 0.320
[35,   260] loss: 0.293
[35,   270] loss: 0.268
[35,   280] loss: 0.289
[35,   290] loss: 0.311
[35,   300] loss: 0.322
[35,   310] loss: 0.311
[35,   320] loss: 0.339
[35,   330] loss: 0.300
[35,   340] loss: 0.314
[35,   350] loss: 0.226
[35,   360] loss: 0.310
[35,   370] loss: 0.254
[35,   380] loss: 0.258
[35,   390] loss: 0.247
[35,   400] loss: 0.271
VALIDATION loss: 2.6440582275390625
[36,    10] loss: 0.270
[36,    20] loss: 0.247
[36,    30] loss: 0.283
[36,    40] loss: 0.245
[36,    50] loss: 0.288
[36,    60] loss: 0.244
[36,    70] loss: 0.290
[36,    80] loss: 0.259
[36,    90] loss: 0.295
[36,   100] loss: 0.336
[36,   110] loss: 0.321
[36,   120] loss: 0.231
[36,   130] loss: 0.283
[36,   140] loss: 0.280
[36,   150] loss: 0.232
[36,   160] loss: 0.237
[36,   170] loss: 0.289
[36,   180] loss: 0.267
[36,   190] loss: 0.321
[36,   200] loss: 0.253
[36,   210] loss: 0.234
[36,   220] loss: 0.221
[36,   230] loss: 0.294
[36,   240] loss: 0.269
[36,   250] loss: 0.314
[36,   260] loss: 0.272
[36,   270] loss: 0.306
[36,   280] loss: 0.282
[36,   290] loss: 0.291
[36,   300] loss: 0.297
[36,   310] loss: 0.218
[36,   320] loss: 0.317
[36,   330] loss: 0.239
[36,   340] loss: 0.267
[36,   350] loss: 0.244
[36,   360] loss: 0.330
[36,   370] loss: 0.231
[36,   380] loss: 0.294
[36,   390] loss: 0.319
[36,   400] loss: 0.297
VALIDATION loss: 0.28000420331954956
[37,    10] loss: 0.297
[37,    20] loss: 0.258
[37,    30] loss: 0.291
[37,    40] loss: 0.310
[37,    50] loss: 0.352
[37,    60] loss: 0.280
[37,    70] loss: 0.223
[37,    80] loss: 0.369
[37,    90] loss: 0.233
[37,   100] loss: 0.293
[37,   110] loss: 0.296
[37,   120] loss: 0.264
[37,   130] loss: 0.286
[37,   140] loss: 0.326
[37,   150] loss: 0.206
[37,   160] loss: 0.295
[37,   170] loss: 0.330
[37,   180] loss: 0.295
[37,   190] loss: 0.262
[37,   200] loss: 0.264
[37,   210] loss: 0.270
[37,   220] loss: 0.330
[37,   230] loss: 0.267
[37,   240] loss: 0.253
[37,   250] loss: 0.267
[37,   260] loss: 0.303
[37,   270] loss: 0.294
[37,   280] loss: 0.290
[37,   290] loss: 0.268
[37,   300] loss: 0.277
[37,   310] loss: 0.261
[37,   320] loss: 0.306
[37,   330] loss: 0.304
[37,   340] loss: 0.212
[37,   350] loss: 0.258
[37,   360] loss: 0.234
[37,   370] loss: 0.234
[37,   380] loss: 0.290
[37,   390] loss: 0.285
[37,   400] loss: 0.259
VALIDATION loss: 0.515146791934967
[38,    10] loss: 0.233
[38,    20] loss: 0.283
[38,    30] loss: 0.341
[38,    40] loss: 0.301
[38,    50] loss: 0.256
[38,    60] loss: 0.257
[38,    70] loss: 0.273
[38,    80] loss: 0.316
[38,    90] loss: 0.243
[38,   100] loss: 0.293
[38,   110] loss: 0.290
[38,   120] loss: 0.297
[38,   130] loss: 0.293
[38,   140] loss: 0.291
[38,   150] loss: 0.265
[38,   160] loss: 0.212
[38,   170] loss: 0.284
[38,   180] loss: 0.236
[38,   190] loss: 0.275
[38,   200] loss: 0.217
[38,   210] loss: 0.246
[38,   220] loss: 0.266
[38,   230] loss: 0.242
[38,   240] loss: 0.287
[38,   250] loss: 0.288
[38,   260] loss: 0.234
[38,   270] loss: 0.230
[38,   280] loss: 0.296
[38,   290] loss: 0.260
[38,   300] loss: 0.274
[38,   310] loss: 0.207
[38,   320] loss: 0.277
[38,   330] loss: 0.312
[38,   340] loss: 0.272
[38,   350] loss: 0.255
[38,   360] loss: 0.273
[38,   370] loss: 0.300
[38,   380] loss: 0.199
[38,   390] loss: 0.277
[38,   400] loss: 0.248
VALIDATION loss: 1.0404691696166992
[39,    10] loss: 0.267
[39,    20] loss: 0.263
[39,    30] loss: 0.276
[39,    40] loss: 0.262
[39,    50] loss: 0.305
[39,    60] loss: 0.259
[39,    70] loss: 0.255
[39,    80] loss: 0.286
[39,    90] loss: 0.282
[39,   100] loss: 0.206
[39,   110] loss: 0.228
[39,   120] loss: 0.270
[39,   130] loss: 0.220
[39,   140] loss: 0.212
[39,   150] loss: 0.237
[39,   160] loss: 0.247
[39,   170] loss: 0.233
[39,   180] loss: 0.223
[39,   190] loss: 0.253
[39,   200] loss: 0.246
[39,   210] loss: 0.298
[39,   220] loss: 0.244
[39,   230] loss: 0.270
[39,   240] loss: 0.200
[39,   250] loss: 0.262
[39,   260] loss: 0.247
[39,   270] loss: 0.243
[39,   280] loss: 0.278
[39,   290] loss: 0.195
[39,   300] loss: 0.297
[39,   310] loss: 0.238
[39,   320] loss: 0.242
[39,   330] loss: 0.220
[39,   340] loss: 0.314
[39,   350] loss: 0.264
[39,   360] loss: 0.255
[39,   370] loss: 0.279
[39,   380] loss: 0.293
[39,   390] loss: 0.269
[39,   400] loss: 0.240
VALIDATION loss: 1.0324410200119019
[40,    10] loss: 0.274
[40,    20] loss: 0.297
[40,    30] loss: 0.270
[40,    40] loss: 0.204
[40,    50] loss: 0.225
[40,    60] loss: 0.203
[40,    70] loss: 0.250
[40,    80] loss: 0.230
[40,    90] loss: 0.251
[40,   100] loss: 0.216
[40,   110] loss: 0.258
[40,   120] loss: 0.249
[40,   130] loss: 0.297
[40,   140] loss: 0.261
[40,   150] loss: 0.257
[40,   160] loss: 0.259
[40,   170] loss: 0.279
[40,   180] loss: 0.329
[40,   190] loss: 0.303
[40,   200] loss: 0.318
[40,   210] loss: 0.302
[40,   220] loss: 0.279
[40,   230] loss: 0.250
[40,   240] loss: 0.270
[40,   250] loss: 0.318
[40,   260] loss: 0.258
[40,   270] loss: 0.253
[40,   280] loss: 0.287
[40,   290] loss: 0.292
[40,   300] loss: 0.302
[40,   310] loss: 0.274
[40,   320] loss: 0.251
[40,   330] loss: 0.231
[40,   340] loss: 0.293
[40,   350] loss: 0.208
[40,   360] loss: 0.268
[40,   370] loss: 0.332
[40,   380] loss: 0.255
[40,   390] loss: 0.301
[40,   400] loss: 0.222
VALIDATION loss: 0.3735043406486511
[41,    10] loss: 0.269
[41,    20] loss: 0.274
[41,    30] loss: 0.274
[41,    40] loss: 0.236
[41,    50] loss: 0.216
[41,    60] loss: 0.253
[41,    70] loss: 0.227
[41,    80] loss: 0.224
[41,    90] loss: 0.220
[41,   100] loss: 0.307
[41,   110] loss: 0.248
[41,   120] loss: 0.248
[41,   130] loss: 0.242
[41,   140] loss: 0.212
[41,   150] loss: 0.261
[41,   160] loss: 0.235
[41,   170] loss: 0.248
[41,   180] loss: 0.284
[41,   190] loss: 0.295
[41,   200] loss: 0.332
[41,   210] loss: 0.265
[41,   220] loss: 0.253
[41,   230] loss: 0.243
[41,   240] loss: 0.270
[41,   250] loss: 0.317
[41,   260] loss: 0.223
[41,   270] loss: 0.281
[41,   280] loss: 0.210
[41,   290] loss: 0.233
[41,   300] loss: 0.225
[41,   310] loss: 0.226
[41,   320] loss: 0.234
[41,   330] loss: 0.291
[41,   340] loss: 0.254
[41,   350] loss: 0.261
[41,   360] loss: 0.277
[41,   370] loss: 0.271
[41,   380] loss: 0.226
[41,   390] loss: 0.289
[41,   400] loss: 0.266
VALIDATION loss: 0.3459685146808624
[42,    10] loss: 0.236
[42,    20] loss: 0.254
[42,    30] loss: 0.228
[42,    40] loss: 0.247
[42,    50] loss: 0.256
[42,    60] loss: 0.225
[42,    70] loss: 0.232
[42,    80] loss: 0.266
[42,    90] loss: 0.269
[42,   100] loss: 0.258
[42,   110] loss: 0.286
[42,   120] loss: 0.215
[42,   130] loss: 0.277
[42,   140] loss: 0.254
[42,   150] loss: 0.252
[42,   160] loss: 0.223
[42,   170] loss: 0.246
[42,   180] loss: 0.225
[42,   190] loss: 0.273
[42,   200] loss: 0.315
[42,   210] loss: 0.244
[42,   220] loss: 0.272
[42,   230] loss: 0.261
[42,   240] loss: 0.264
[42,   250] loss: 0.247
[42,   260] loss: 0.299
[42,   270] loss: 0.228
[42,   280] loss: 0.210
[42,   290] loss: 0.263
[42,   300] loss: 0.257
[42,   310] loss: 0.211
[42,   320] loss: 0.210
[42,   330] loss: 0.241
[42,   340] loss: 0.301
[42,   350] loss: 0.349
[42,   360] loss: 0.299
[42,   370] loss: 0.246
[42,   380] loss: 0.222
[42,   390] loss: 0.257
[42,   400] loss: 0.196
VALIDATION loss: 0.2753995656967163
[43,    10] loss: 0.257
[43,    20] loss: 0.244
[43,    30] loss: 0.245
[43,    40] loss: 0.213
[43,    50] loss: 0.216
[43,    60] loss: 0.236
[43,    70] loss: 0.278
[43,    80] loss: 0.238
[43,    90] loss: 0.224
[43,   100] loss: 0.256
[43,   110] loss: 0.279
[43,   120] loss: 0.228
[43,   130] loss: 0.272
[43,   140] loss: 0.222
[43,   150] loss: 0.163
[43,   160] loss: 0.244
[43,   170] loss: 0.266
[43,   180] loss: 0.241
[43,   190] loss: 0.269
[43,   200] loss: 0.220
[43,   210] loss: 0.245
[43,   220] loss: 0.273
[43,   230] loss: 0.358
[43,   240] loss: 0.256
[43,   250] loss: 0.246
[43,   260] loss: 0.199
[43,   270] loss: 0.209
[43,   280] loss: 0.244
[43,   290] loss: 0.249
[43,   300] loss: 0.229
[43,   310] loss: 0.306
[43,   320] loss: 0.217
[43,   330] loss: 0.239
[43,   340] loss: 0.239
[43,   350] loss: 0.242
[43,   360] loss: 0.187
[43,   370] loss: 0.254
[43,   380] loss: 0.271
[43,   390] loss: 0.272
[43,   400] loss: 0.251
VALIDATION loss: 0.39104652404785156
[44,    10] loss: 0.187
[44,    20] loss: 0.272
[44,    30] loss: 0.210
[44,    40] loss: 0.214
[44,    50] loss: 0.245
[44,    60] loss: 0.206
[44,    70] loss: 0.249
[44,    80] loss: 0.269
[44,    90] loss: 0.257
[44,   100] loss: 0.232
[44,   110] loss: 0.228
[44,   120] loss: 0.228
[44,   130] loss: 0.288
[44,   140] loss: 0.226
[44,   150] loss: 0.231
[44,   160] loss: 0.211
[44,   170] loss: 0.264
[44,   180] loss: 0.252
[44,   190] loss: 0.235
[44,   200] loss: 0.262
[44,   210] loss: 0.261
[44,   220] loss: 0.251
[44,   230] loss: 0.283
[44,   240] loss: 0.266
[44,   250] loss: 0.235
[44,   260] loss: 0.207
[44,   270] loss: 0.268
[44,   280] loss: 0.251
[44,   290] loss: 0.281
[44,   300] loss: 0.294
[44,   310] loss: 0.304
[44,   320] loss: 0.265
[44,   330] loss: 0.247
[44,   340] loss: 0.329
[44,   350] loss: 0.291
[44,   360] loss: 0.299
[44,   370] loss: 0.268
[44,   380] loss: 0.254
[44,   390] loss: 0.289
[44,   400] loss: 0.259
VALIDATION loss: 0.9448946714401245
[45,    10] loss: 0.251
[45,    20] loss: 0.210
[45,    30] loss: 0.290
[45,    40] loss: 0.251
[45,    50] loss: 0.286
[45,    60] loss: 0.268
[45,    70] loss: 0.278
[45,    80] loss: 0.265
[45,    90] loss: 0.212
[45,   100] loss: 0.226
[45,   110] loss: 0.242
[45,   120] loss: 0.302
[45,   130] loss: 0.260
[45,   140] loss: 0.221
[45,   150] loss: 0.211
[45,   160] loss: 0.227
[45,   170] loss: 0.227
[45,   180] loss: 0.233
[45,   190] loss: 0.217
[45,   200] loss: 0.222
[45,   210] loss: 0.273
[45,   220] loss: 0.232
[45,   230] loss: 0.264
[45,   240] loss: 0.298
[45,   250] loss: 0.196
[45,   260] loss: 0.262
[45,   270] loss: 0.238
[45,   280] loss: 0.278
[45,   290] loss: 0.300
[45,   300] loss: 0.272
[45,   310] loss: 0.264
[45,   320] loss: 0.236
[45,   330] loss: 0.164
[45,   340] loss: 0.226
[45,   350] loss: 0.236
[45,   360] loss: 0.220
[45,   370] loss: 0.251
[45,   380] loss: 0.227
[45,   390] loss: 0.243
[45,   400] loss: 0.214
VALIDATION loss: 0.24620574712753296
[46,    10] loss: 0.232
[46,    20] loss: 0.257
[46,    30] loss: 0.267
[46,    40] loss: 0.252
[46,    50] loss: 0.215
[46,    60] loss: 0.218
[46,    70] loss: 0.295
[46,    80] loss: 0.217
[46,    90] loss: 0.236
[46,   100] loss: 0.248
[46,   110] loss: 0.226
[46,   120] loss: 0.245
[46,   130] loss: 0.220
[46,   140] loss: 0.268
[46,   150] loss: 0.229
[46,   160] loss: 0.230
[46,   170] loss: 0.269
[46,   180] loss: 0.274
[46,   190] loss: 0.242
[46,   200] loss: 0.204
[46,   210] loss: 0.247
[46,   220] loss: 0.265
[46,   230] loss: 0.248
[46,   240] loss: 0.213
[46,   250] loss: 0.236
[46,   260] loss: 0.268
[46,   270] loss: 0.234
[46,   280] loss: 0.194
[46,   290] loss: 0.260
[46,   300] loss: 0.224
[46,   310] loss: 0.256
[46,   320] loss: 0.275
[46,   330] loss: 0.258
[46,   340] loss: 0.221
[46,   350] loss: 0.254
[46,   360] loss: 0.199
[46,   370] loss: 0.213
[46,   380] loss: 0.245
[46,   390] loss: 0.199
[46,   400] loss: 0.225
VALIDATION loss: 1.454951286315918
[47,    10] loss: 0.243
[47,    20] loss: 0.174
[47,    30] loss: 0.227
[47,    40] loss: 0.185
[47,    50] loss: 0.235
[47,    60] loss: 0.192
[47,    70] loss: 0.221
[47,    80] loss: 0.230
[47,    90] loss: 0.215
[47,   100] loss: 0.205
[47,   110] loss: 0.240
[47,   120] loss: 0.258
[47,   130] loss: 0.207
[47,   140] loss: 0.291
[47,   150] loss: 0.291
[47,   160] loss: 0.255
[47,   170] loss: 0.193
[47,   180] loss: 0.301
[47,   190] loss: 0.201
[47,   200] loss: 0.282
[47,   210] loss: 0.244
[47,   220] loss: 0.342
[47,   230] loss: 0.260
[47,   240] loss: 0.169
[47,   250] loss: 0.221
[47,   260] loss: 0.219
[47,   270] loss: 0.217
[47,   280] loss: 0.276
[47,   290] loss: 0.172
[47,   300] loss: 0.242
[47,   310] loss: 0.232
[47,   320] loss: 0.256
[47,   330] loss: 0.252
[47,   340] loss: 0.250
[47,   350] loss: 0.266
[47,   360] loss: 0.257
[47,   370] loss: 0.251
[47,   380] loss: 0.296
[47,   390] loss: 0.259
[47,   400] loss: 0.222
VALIDATION loss: 0.9272912740707397
[48,    10] loss: 0.258
[48,    20] loss: 0.282
[48,    30] loss: 0.182
[48,    40] loss: 0.213
[48,    50] loss: 0.227
[48,    60] loss: 0.204
[48,    70] loss: 0.196
[48,    80] loss: 0.239
[48,    90] loss: 0.187
[48,   100] loss: 0.218
[48,   110] loss: 0.191
[48,   120] loss: 0.223
[48,   130] loss: 0.283
[48,   140] loss: 0.219
[48,   150] loss: 0.194
[48,   160] loss: 0.224
[48,   170] loss: 0.271
[48,   180] loss: 0.236
[48,   190] loss: 0.303
[48,   200] loss: 0.236
[48,   210] loss: 0.234
[48,   220] loss: 0.279
[48,   230] loss: 0.211
[48,   240] loss: 0.256
[48,   250] loss: 0.274
[48,   260] loss: 0.185
[48,   270] loss: 0.252
[48,   280] loss: 0.253
[48,   290] loss: 0.244
[48,   300] loss: 0.228
[48,   310] loss: 0.279
[48,   320] loss: 0.239
[48,   330] loss: 0.313
[48,   340] loss: 0.220
[48,   350] loss: 0.330
[48,   360] loss: 0.203
[48,   370] loss: 0.290
[48,   380] loss: 0.217
[48,   390] loss: 0.237
[48,   400] loss: 0.228
VALIDATION loss: 0.40159690380096436
[49,    10] loss: 0.232
[49,    20] loss: 0.254
[49,    30] loss: 0.215
[49,    40] loss: 0.207
[49,    50] loss: 0.216
[49,    60] loss: 0.268
[49,    70] loss: 0.250
[49,    80] loss: 0.187
[49,    90] loss: 0.261
[49,   100] loss: 0.258
[49,   110] loss: 0.216
[49,   120] loss: 0.206
[49,   130] loss: 0.238
[49,   140] loss: 0.268
[49,   150] loss: 0.274
[49,   160] loss: 0.244
[49,   170] loss: 0.250
[49,   180] loss: 0.259
[49,   190] loss: 0.218
[49,   200] loss: 0.225
[49,   210] loss: 0.184
[49,   220] loss: 0.211
[49,   230] loss: 0.161
[49,   240] loss: 0.222
[49,   250] loss: 0.235
[49,   260] loss: 0.259
[49,   270] loss: 0.277
[49,   280] loss: 0.196
[49,   290] loss: 0.241
[49,   300] loss: 0.180
[49,   310] loss: 0.215
[49,   320] loss: 0.218
[49,   330] loss: 0.222
[49,   340] loss: 0.244
[49,   350] loss: 0.237
[49,   360] loss: 0.191
[49,   370] loss: 0.264
[49,   380] loss: 0.221
[49,   390] loss: 0.248
[49,   400] loss: 0.182
VALIDATION loss: 0.5760498046875
[50,    10] loss: 0.233
[50,    20] loss: 0.229
[50,    30] loss: 0.237
[50,    40] loss: 0.236
[50,    50] loss: 0.228
[50,    60] loss: 0.228
[50,    70] loss: 0.253
[50,    80] loss: 0.274
[50,    90] loss: 0.236
[50,   100] loss: 0.250
[50,   110] loss: 0.260
[50,   120] loss: 0.264
[50,   130] loss: 0.214
[50,   140] loss: 0.254
[50,   150] loss: 0.275
[50,   160] loss: 0.266
[50,   170] loss: 0.230
[50,   180] loss: 0.170
[50,   190] loss: 0.242
[50,   200] loss: 0.246
[50,   210] loss: 0.237
[50,   220] loss: 0.208
[50,   230] loss: 0.229
[50,   240] loss: 0.245
[50,   250] loss: 0.249
[50,   260] loss: 0.185
[50,   270] loss: 0.239
[50,   280] loss: 0.215
[50,   290] loss: 0.190
[50,   300] loss: 0.235
[50,   310] loss: 0.200
[50,   320] loss: 0.185
[50,   330] loss: 0.249
[50,   340] loss: 0.198
[50,   350] loss: 0.215
[50,   360] loss: 0.216
[50,   370] loss: 0.226
[50,   380] loss: 0.261
[50,   390] loss: 0.204
[50,   400] loss: 0.204
VALIDATION loss: 0.8653405904769897
[51,    10] loss: 0.211
[51,    20] loss: 0.249
[51,    30] loss: 0.256
[51,    40] loss: 0.223
[51,    50] loss: 0.207
[51,    60] loss: 0.251
[51,    70] loss: 0.229
[51,    80] loss: 0.206
[51,    90] loss: 0.208
[51,   100] loss: 0.247
[51,   110] loss: 0.277
[51,   120] loss: 0.214
[51,   130] loss: 0.254
[51,   140] loss: 0.192
[51,   150] loss: 0.209
[51,   160] loss: 0.198
[51,   170] loss: 0.205
[51,   180] loss: 0.229
[51,   190] loss: 0.236
[51,   200] loss: 0.231
[51,   210] loss: 0.252
[51,   220] loss: 0.227
[51,   230] loss: 0.244
[51,   240] loss: 0.193
[51,   250] loss: 0.269
[51,   260] loss: 0.234
[51,   270] loss: 0.221
[51,   280] loss: 0.235
[51,   290] loss: 0.174
[51,   300] loss: 0.227
[51,   310] loss: 0.219
[51,   320] loss: 0.258
[51,   330] loss: 0.260
[51,   340] loss: 0.227
[51,   350] loss: 0.185
[51,   360] loss: 0.250
[51,   370] loss: 0.206
[51,   380] loss: 0.201
[51,   390] loss: 0.167
[51,   400] loss: 0.255
VALIDATION loss: 1.2612879276275635
[52,    10] loss: 0.250
[52,    20] loss: 0.217
[52,    30] loss: 0.264
[52,    40] loss: 0.294
[52,    50] loss: 0.183
[52,    60] loss: 0.215
[52,    70] loss: 0.236
[52,    80] loss: 0.206
[52,    90] loss: 0.266
[52,   100] loss: 0.235
[52,   110] loss: 0.210
[52,   120] loss: 0.197
[52,   130] loss: 0.219
[52,   140] loss: 0.217
[52,   150] loss: 0.195
[52,   160] loss: 0.226
[52,   170] loss: 0.216
[52,   180] loss: 0.267
[52,   190] loss: 0.210
[52,   200] loss: 0.218
[52,   210] loss: 0.202
[52,   220] loss: 0.200
[52,   230] loss: 0.210
[52,   240] loss: 0.222
[52,   250] loss: 0.246
[52,   260] loss: 0.217
[52,   270] loss: 0.243
[52,   280] loss: 0.234
[52,   290] loss: 0.195
[52,   300] loss: 0.263
[52,   310] loss: 0.248
[52,   320] loss: 0.209
[52,   330] loss: 0.197
[52,   340] loss: 0.249
[52,   350] loss: 0.213
[52,   360] loss: 0.243
[52,   370] loss: 0.190
[52,   380] loss: 0.195
[52,   390] loss: 0.211
[52,   400] loss: 0.236
VALIDATION loss: 4.044883728027344
[53,    10] loss: 0.205
[53,    20] loss: 0.284
[53,    30] loss: 0.248
[53,    40] loss: 0.185
[53,    50] loss: 0.231
[53,    60] loss: 0.247
[53,    70] loss: 0.244
[53,    80] loss: 0.192
[53,    90] loss: 0.249
[53,   100] loss: 0.159
[53,   110] loss: 0.210
[53,   120] loss: 0.229
[53,   130] loss: 0.243
[53,   140] loss: 0.236
[53,   150] loss: 0.239
[53,   160] loss: 0.187
[53,   170] loss: 0.213
[53,   180] loss: 0.259
[53,   190] loss: 0.213
[53,   200] loss: 0.237
[53,   210] loss: 0.184
[53,   220] loss: 0.220
[53,   230] loss: 0.208
[53,   240] loss: 0.231
[53,   250] loss: 0.200
[53,   260] loss: 0.239
[53,   270] loss: 0.179
[53,   280] loss: 0.246
[53,   290] loss: 0.285
[53,   300] loss: 0.306
[53,   310] loss: 0.277
[53,   320] loss: 0.225
[53,   330] loss: 0.190
[53,   340] loss: 0.224
[53,   350] loss: 0.208
[53,   360] loss: 0.230
[53,   370] loss: 0.198
[53,   380] loss: 0.212
[53,   390] loss: 0.196
[53,   400] loss: 0.213
VALIDATION loss: 0.2274581789970398
[54,    10] loss: 0.219
[54,    20] loss: 0.211
[54,    30] loss: 0.187
[54,    40] loss: 0.244
[54,    50] loss: 0.193
[54,    60] loss: 0.242
[54,    70] loss: 0.162
[54,    80] loss: 0.220
[54,    90] loss: 0.220
[54,   100] loss: 0.196
[54,   110] loss: 0.157
[54,   120] loss: 0.200
[54,   130] loss: 0.213
[54,   140] loss: 0.191
[54,   150] loss: 0.252
[54,   160] loss: 0.234
[54,   170] loss: 0.237
[54,   180] loss: 0.240
[54,   190] loss: 0.153
[54,   200] loss: 0.247
[54,   210] loss: 0.199
[54,   220] loss: 0.216
[54,   230] loss: 0.185
[54,   240] loss: 0.229
[54,   250] loss: 0.275
[54,   260] loss: 0.196
[54,   270] loss: 0.228
[54,   280] loss: 0.226
[54,   290] loss: 0.206
[54,   300] loss: 0.174
[54,   310] loss: 0.194
[54,   320] loss: 0.207
[54,   330] loss: 0.219
[54,   340] loss: 0.274
[54,   350] loss: 0.207
[54,   360] loss: 0.180
[54,   370] loss: 0.254
[54,   380] loss: 0.196
[54,   390] loss: 0.333
[54,   400] loss: 0.242
VALIDATION loss: 0.46810171008110046
[55,    10] loss: 0.161
[55,    20] loss: 0.181
[55,    30] loss: 0.256
[55,    40] loss: 0.263
[55,    50] loss: 0.161
[55,    60] loss: 0.248
[55,    70] loss: 0.205
[55,    80] loss: 0.245
[55,    90] loss: 0.195
[55,   100] loss: 0.160
[55,   110] loss: 0.224
[55,   120] loss: 0.212
[55,   130] loss: 0.190
[55,   140] loss: 0.193
[55,   150] loss: 0.212
[55,   160] loss: 0.255
[55,   170] loss: 0.194
[55,   180] loss: 0.194
[55,   190] loss: 0.219
[55,   200] loss: 0.260
[55,   210] loss: 0.179
[55,   220] loss: 0.209
[55,   230] loss: 0.216
[55,   240] loss: 0.217
[55,   250] loss: 0.235
[55,   260] loss: 0.218
[55,   270] loss: 0.217
[55,   280] loss: 0.229
[55,   290] loss: 0.274
[55,   300] loss: 0.213
[55,   310] loss: 0.234
[55,   320] loss: 0.219
[55,   330] loss: 0.262
[55,   340] loss: 0.168
[55,   350] loss: 0.149
[55,   360] loss: 0.264
[55,   370] loss: 0.215
[55,   380] loss: 0.209
[55,   390] loss: 0.249
[55,   400] loss: 0.215
VALIDATION loss: 0.4784803092479706
[56,    10] loss: 0.182
[56,    20] loss: 0.220
[56,    30] loss: 0.223
[56,    40] loss: 0.203
[56,    50] loss: 0.220
[56,    60] loss: 0.206
[56,    70] loss: 0.201
[56,    80] loss: 0.192
[56,    90] loss: 0.193
[56,   100] loss: 0.190
[56,   110] loss: 0.234
[56,   120] loss: 0.219
[56,   130] loss: 0.201
[56,   140] loss: 0.198
[56,   150] loss: 0.247
[56,   160] loss: 0.190
[56,   170] loss: 0.240
[56,   180] loss: 0.224
[56,   190] loss: 0.244
[56,   200] loss: 0.255
[56,   210] loss: 0.248
[56,   220] loss: 0.209
[56,   230] loss: 0.226
[56,   240] loss: 0.191
[56,   250] loss: 0.232
[56,   260] loss: 0.198
[56,   270] loss: 0.222
[56,   280] loss: 0.242
[56,   290] loss: 0.233
[56,   300] loss: 0.260
[56,   310] loss: 0.146
[56,   320] loss: 0.167
[56,   330] loss: 0.229
[56,   340] loss: 0.198
[56,   350] loss: 0.288
[56,   360] loss: 0.207
[56,   370] loss: 0.206
[56,   380] loss: 0.209
[56,   390] loss: 0.173
[56,   400] loss: 0.217
VALIDATION loss: 1.8463014364242554
[57,    10] loss: 0.207
[57,    20] loss: 0.199
[57,    30] loss: 0.195
[57,    40] loss: 0.188
[57,    50] loss: 0.191
[57,    60] loss: 0.200
[57,    70] loss: 0.203
[57,    80] loss: 0.262
[57,    90] loss: 0.215
[57,   100] loss: 0.188
[57,   110] loss: 0.211
[57,   120] loss: 0.226
[57,   130] loss: 0.210
[57,   140] loss: 0.265
[57,   150] loss: 0.308
[57,   160] loss: 0.183
[57,   170] loss: 0.181
[57,   180] loss: 0.165
[57,   190] loss: 0.228
[57,   200] loss: 0.219
[57,   210] loss: 0.237
[57,   220] loss: 0.200
[57,   230] loss: 0.242
[57,   240] loss: 0.199
[57,   250] loss: 0.200
[57,   260] loss: 0.261
[57,   270] loss: 0.169
[57,   280] loss: 0.182
[57,   290] loss: 0.230
[57,   300] loss: 0.141
[57,   310] loss: 0.222
[57,   320] loss: 0.141
[57,   330] loss: 0.219
[57,   340] loss: 0.179
[57,   350] loss: 0.189
[57,   360] loss: 0.210
[57,   370] loss: 0.216
[57,   380] loss: 0.220
[57,   390] loss: 0.226
[57,   400] loss: 0.200
VALIDATION loss: 0.6382837891578674
[58,    10] loss: 0.186
[58,    20] loss: 0.203
[58,    30] loss: 0.232
[58,    40] loss: 0.172
[58,    50] loss: 0.214
[58,    60] loss: 0.220
[58,    70] loss: 0.233
[58,    80] loss: 0.248
[58,    90] loss: 0.182
[58,   100] loss: 0.207
[58,   110] loss: 0.244
[58,   120] loss: 0.227
[58,   130] loss: 0.197
[58,   140] loss: 0.178
[58,   150] loss: 0.217
[58,   160] loss: 0.242
[58,   170] loss: 0.192
[58,   180] loss: 0.218
[58,   190] loss: 0.202
[58,   200] loss: 0.186
[58,   210] loss: 0.184
[58,   220] loss: 0.225
[58,   230] loss: 0.195
[58,   240] loss: 0.230
[58,   250] loss: 0.272
[58,   260] loss: 0.239
[58,   270] loss: 0.242
[58,   280] loss: 0.231
[58,   290] loss: 0.167
[58,   300] loss: 0.210
[58,   310] loss: 0.263
[58,   320] loss: 0.245
[58,   330] loss: 0.212
[58,   340] loss: 0.176
[58,   350] loss: 0.164
[58,   360] loss: 0.247
[58,   370] loss: 0.176
[58,   380] loss: 0.181
[58,   390] loss: 0.181
[58,   400] loss: 0.193
VALIDATION loss: 0.2563861608505249
[59,    10] loss: 0.179
[59,    20] loss: 0.232
[59,    30] loss: 0.192
[59,    40] loss: 0.178
[59,    50] loss: 0.229
[59,    60] loss: 0.164
[59,    70] loss: 0.185
[59,    80] loss: 0.150
[59,    90] loss: 0.209
[59,   100] loss: 0.184
[59,   110] loss: 0.220
[59,   120] loss: 0.195
[59,   130] loss: 0.218
[59,   140] loss: 0.291
[59,   150] loss: 0.203
[59,   160] loss: 0.231
[59,   170] loss: 0.194
[59,   180] loss: 0.184
[59,   190] loss: 0.203
[59,   200] loss: 0.227
[59,   210] loss: 0.156
[59,   220] loss: 0.224
[59,   230] loss: 0.219
[59,   240] loss: 0.222
[59,   250] loss: 0.161
[59,   260] loss: 0.228
[59,   270] loss: 0.227
[59,   280] loss: 0.209
[59,   290] loss: 0.179
[59,   300] loss: 0.188
[59,   310] loss: 0.227
[59,   320] loss: 0.219
[59,   330] loss: 0.174
[59,   340] loss: 0.220
[59,   350] loss: 0.178
[59,   360] loss: 0.243
[59,   370] loss: 0.169
[59,   380] loss: 0.229
[59,   390] loss: 0.247
[59,   400] loss: 0.195
VALIDATION loss: 0.7866038084030151
[60,    10] loss: 0.166
[60,    20] loss: 0.219
[60,    30] loss: 0.170
[60,    40] loss: 0.210
[60,    50] loss: 0.250
[60,    60] loss: 0.198
[60,    70] loss: 0.196
[60,    80] loss: 0.185
[60,    90] loss: 0.175
[60,   100] loss: 0.185
[60,   110] loss: 0.178
[60,   120] loss: 0.220
[60,   130] loss: 0.235
[60,   140] loss: 0.230
[60,   150] loss: 0.183
[60,   160] loss: 0.184
[60,   170] loss: 0.177
[60,   180] loss: 0.230
[60,   190] loss: 0.203
[60,   200] loss: 0.197
[60,   210] loss: 0.225
[60,   220] loss: 0.201
[60,   230] loss: 0.254
[60,   240] loss: 0.219
[60,   250] loss: 0.239
[60,   260] loss: 0.206
[60,   270] loss: 0.224
[60,   280] loss: 0.180
[60,   290] loss: 0.184
[60,   300] loss: 0.235
[60,   310] loss: 0.182
[60,   320] loss: 0.260
[60,   330] loss: 0.193
[60,   340] loss: 0.217
[60,   350] loss: 0.181
[60,   360] loss: 0.223
[60,   370] loss: 0.194
[60,   380] loss: 0.247
[60,   390] loss: 0.211
[60,   400] loss: 0.215
VALIDATION loss: 0.2574459910392761
[61,    10] loss: 0.230
[61,    20] loss: 0.138
[61,    30] loss: 0.242
[61,    40] loss: 0.210
[61,    50] loss: 0.206
[61,    60] loss: 0.214
[61,    70] loss: 0.202
[61,    80] loss: 0.161
[61,    90] loss: 0.206
[61,   100] loss: 0.221
[61,   110] loss: 0.198
[61,   120] loss: 0.192
[61,   130] loss: 0.196
[61,   140] loss: 0.231
[61,   150] loss: 0.220
[61,   160] loss: 0.199
[61,   170] loss: 0.145
[61,   180] loss: 0.196
[61,   190] loss: 0.172
[61,   200] loss: 0.187
[61,   210] loss: 0.215
[61,   220] loss: 0.196
[61,   230] loss: 0.183
[61,   240] loss: 0.180
[61,   250] loss: 0.184
[61,   260] loss: 0.199
[61,   270] loss: 0.163
[61,   280] loss: 0.156
[61,   290] loss: 0.271
[61,   300] loss: 0.177
[61,   310] loss: 0.233
[61,   320] loss: 0.207
[61,   330] loss: 0.238
[61,   340] loss: 0.198
[61,   350] loss: 0.170
[61,   360] loss: 0.216
[61,   370] loss: 0.191
[61,   380] loss: 0.262
[61,   390] loss: 0.217
[61,   400] loss: 0.211
VALIDATION loss: 0.23536847531795502
[62,    10] loss: 0.205
[62,    20] loss: 0.211
[62,    30] loss: 0.182
[62,    40] loss: 0.197
[62,    50] loss: 0.221
[62,    60] loss: 0.273
[62,    70] loss: 0.163
[62,    80] loss: 0.205
[62,    90] loss: 0.198
[62,   100] loss: 0.221
[62,   110] loss: 0.167
[62,   120] loss: 0.211
[62,   130] loss: 0.198
[62,   140] loss: 0.197
[62,   150] loss: 0.214
[62,   160] loss: 0.136
[62,   170] loss: 0.198
[62,   180] loss: 0.256
[62,   190] loss: 0.187
[62,   200] loss: 0.195
[62,   210] loss: 0.174
[62,   220] loss: 0.223
[62,   230] loss: 0.219
[62,   240] loss: 0.178
[62,   250] loss: 0.214
[62,   260] loss: 0.212
[62,   270] loss: 0.223
[62,   280] loss: 0.213
[62,   290] loss: 0.192
[62,   300] loss: 0.139
[62,   310] loss: 0.225
[62,   320] loss: 0.202
[62,   330] loss: 0.181
[62,   340] loss: 0.240
[62,   350] loss: 0.159
[62,   360] loss: 0.195
[62,   370] loss: 0.178
[62,   380] loss: 0.197
[62,   390] loss: 0.215
[62,   400] loss: 0.215
VALIDATION loss: 0.3838346600532532
[63,    10] loss: 0.149
[63,    20] loss: 0.187
[63,    30] loss: 0.210
[63,    40] loss: 0.183
[63,    50] loss: 0.168
[63,    60] loss: 0.165
[63,    70] loss: 0.209
[63,    80] loss: 0.143
[63,    90] loss: 0.198
[63,   100] loss: 0.173
[63,   110] loss: 0.170
[63,   120] loss: 0.229
[63,   130] loss: 0.226
[63,   140] loss: 0.225
[63,   150] loss: 0.228
[63,   160] loss: 0.181
[63,   170] loss: 0.187
[63,   180] loss: 0.151
[63,   190] loss: 0.186
[63,   200] loss: 0.231
[63,   210] loss: 0.204
[63,   220] loss: 0.187
[63,   230] loss: 0.161
[63,   240] loss: 0.156
[63,   250] loss: 0.221
[63,   260] loss: 0.159
[63,   270] loss: 0.256
[63,   280] loss: 0.200
[63,   290] loss: 0.193
[63,   300] loss: 0.183
[63,   310] loss: 0.159
[63,   320] loss: 0.247
[63,   330] loss: 0.213
[63,   340] loss: 0.173
[63,   350] loss: 0.232
[63,   360] loss: 0.214
[63,   370] loss: 0.215
[63,   380] loss: 0.196
[63,   390] loss: 0.200
[63,   400] loss: 0.179
VALIDATION loss: 1.9771157503128052
[64,    10] loss: 0.256
[64,    20] loss: 0.167
[64,    30] loss: 0.172
[64,    40] loss: 0.164
[64,    50] loss: 0.172
[64,    60] loss: 0.159
[64,    70] loss: 0.210
[64,    80] loss: 0.177
[64,    90] loss: 0.171
[64,   100] loss: 0.226
[64,   110] loss: 0.170
[64,   120] loss: 0.169
[64,   130] loss: 0.203
[64,   140] loss: 0.201
[64,   150] loss: 0.221
[64,   160] loss: 0.214
[64,   170] loss: 0.219
[64,   180] loss: 0.188
[64,   190] loss: 0.227
[64,   200] loss: 0.177
[64,   210] loss: 0.216
[64,   220] loss: 0.244
[64,   230] loss: 0.202
[64,   240] loss: 0.193
[64,   250] loss: 0.184
[64,   260] loss: 0.203
[64,   270] loss: 0.201
[64,   280] loss: 0.236
[64,   290] loss: 0.193
[64,   300] loss: 0.190
[64,   310] loss: 0.203
[64,   320] loss: 0.213
[64,   330] loss: 0.252
[64,   340] loss: 0.174
[64,   350] loss: 0.201
[64,   360] loss: 0.227
[64,   370] loss: 0.196
[64,   380] loss: 0.173
[64,   390] loss: 0.193
[64,   400] loss: 0.171
VALIDATION loss: 0.24109190702438354
[65,    10] loss: 0.201
[65,    20] loss: 0.228
[65,    30] loss: 0.188
[65,    40] loss: 0.199
[65,    50] loss: 0.203
[65,    60] loss: 0.190
[65,    70] loss: 0.209
[65,    80] loss: 0.205
[65,    90] loss: 0.174
[65,   100] loss: 0.205
[65,   110] loss: 0.193
[65,   120] loss: 0.177
[65,   130] loss: 0.166
[65,   140] loss: 0.205
[65,   150] loss: 0.194
[65,   160] loss: 0.196
[65,   170] loss: 0.215
[65,   180] loss: 0.176
[65,   190] loss: 0.208
[65,   200] loss: 0.211
[65,   210] loss: 0.192
[65,   220] loss: 0.210
[65,   230] loss: 0.250
[65,   240] loss: 0.185
[65,   250] loss: 0.252
[65,   260] loss: 0.189
[65,   270] loss: 0.193
[65,   280] loss: 0.177
[65,   290] loss: 0.200
[65,   300] loss: 0.215
[65,   310] loss: 0.203
[65,   320] loss: 0.188
[65,   330] loss: 0.178
[65,   340] loss: 0.139
[65,   350] loss: 0.206
[65,   360] loss: 0.252
[65,   370] loss: 0.160
[65,   380] loss: 0.258
[65,   390] loss: 0.169
[65,   400] loss: 0.227
VALIDATION loss: 0.5343102216720581
[66,    10] loss: 0.207
[66,    20] loss: 0.220
[66,    30] loss: 0.201
[66,    40] loss: 0.144
[66,    50] loss: 0.145
[66,    60] loss: 0.150
[66,    70] loss: 0.206
[66,    80] loss: 0.185
[66,    90] loss: 0.182
[66,   100] loss: 0.203
[66,   110] loss: 0.219
[66,   120] loss: 0.199
[66,   130] loss: 0.188
[66,   140] loss: 0.173
[66,   150] loss: 0.219
[66,   160] loss: 0.262
[66,   170] loss: 0.185
[66,   180] loss: 0.169
[66,   190] loss: 0.174
[66,   200] loss: 0.220
[66,   210] loss: 0.179
[66,   220] loss: 0.166
[66,   230] loss: 0.222
[66,   240] loss: 0.197
[66,   250] loss: 0.196
[66,   260] loss: 0.228
[66,   270] loss: 0.177
[66,   280] loss: 0.206
[66,   290] loss: 0.195
[66,   300] loss: 0.142
[66,   310] loss: 0.175
[66,   320] loss: 0.216
[66,   330] loss: 0.178
[66,   340] loss: 0.180
[66,   350] loss: 0.250
[66,   360] loss: 0.183
[66,   370] loss: 0.183
[66,   380] loss: 0.220
[66,   390] loss: 0.171
[66,   400] loss: 0.177
VALIDATION loss: 0.19261090457439423
[67,    10] loss: 0.210
[67,    20] loss: 0.181
[67,    30] loss: 0.231
[67,    40] loss: 0.215
[67,    50] loss: 0.194
[67,    60] loss: 0.216
[67,    70] loss: 0.212
[67,    80] loss: 0.184
[67,    90] loss: 0.227
[67,   100] loss: 0.157
[67,   110] loss: 0.182
[67,   120] loss: 0.196
[67,   130] loss: 0.202
[67,   140] loss: 0.212
[67,   150] loss: 0.193
[67,   160] loss: 0.201
[67,   170] loss: 0.206
[67,   180] loss: 0.156
[67,   190] loss: 0.152
[67,   200] loss: 0.172
[67,   210] loss: 0.203
[67,   220] loss: 0.136
[67,   230] loss: 0.217
[67,   240] loss: 0.163
[67,   250] loss: 0.186
[67,   260] loss: 0.216
[67,   270] loss: 0.204
[67,   280] loss: 0.193
[67,   290] loss: 0.234
[67,   300] loss: 0.199
[67,   310] loss: 0.182
[67,   320] loss: 0.210
[67,   330] loss: 0.149
[67,   340] loss: 0.169
[67,   350] loss: 0.171
[67,   360] loss: 0.227
[67,   370] loss: 0.174
[67,   380] loss: 0.171
[67,   390] loss: 0.222
[67,   400] loss: 0.201
VALIDATION loss: 0.219464510679245
[68,    10] loss: 0.190
[68,    20] loss: 0.211
[68,    30] loss: 0.156
[68,    40] loss: 0.195
[68,    50] loss: 0.197
[68,    60] loss: 0.212
[68,    70] loss: 0.184
[68,    80] loss: 0.178
[68,    90] loss: 0.161
[68,   100] loss: 0.194
[68,   110] loss: 0.224
[68,   120] loss: 0.155
[68,   130] loss: 0.206
[68,   140] loss: 0.195
[68,   150] loss: 0.127
[68,   160] loss: 0.198
[68,   170] loss: 0.159
[68,   180] loss: 0.177
[68,   190] loss: 0.183
[68,   200] loss: 0.161
[68,   210] loss: 0.169
[68,   220] loss: 0.239
[68,   230] loss: 0.199
[68,   240] loss: 0.160
[68,   250] loss: 0.212
[68,   260] loss: 0.224
[68,   270] loss: 0.188
[68,   280] loss: 0.186
[68,   290] loss: 0.216
[68,   300] loss: 0.163
[68,   310] loss: 0.212
[68,   320] loss: 0.158
[68,   330] loss: 0.236
[68,   340] loss: 0.181
[68,   350] loss: 0.222
[68,   360] loss: 0.156
[68,   370] loss: 0.208
[68,   380] loss: 0.163
[68,   390] loss: 0.242
[68,   400] loss: 0.196
VALIDATION loss: 0.23115424811840057
[69,    10] loss: 0.174
[69,    20] loss: 0.197
[69,    30] loss: 0.224
[69,    40] loss: 0.128
[69,    50] loss: 0.195
[69,    60] loss: 0.122
[69,    70] loss: 0.212
[69,    80] loss: 0.189
[69,    90] loss: 0.195
[69,   100] loss: 0.182
[69,   110] loss: 0.165
[69,   120] loss: 0.154
[69,   130] loss: 0.138
[69,   140] loss: 0.187
[69,   150] loss: 0.191
[69,   160] loss: 0.176
[69,   170] loss: 0.200
[69,   180] loss: 0.193
[69,   190] loss: 0.200
[69,   200] loss: 0.238
[69,   210] loss: 0.200
[69,   220] loss: 0.201
[69,   230] loss: 0.185
[69,   240] loss: 0.207
[69,   250] loss: 0.204
[69,   260] loss: 0.164
[69,   270] loss: 0.212
[69,   280] loss: 0.208
[69,   290] loss: 0.153
[69,   300] loss: 0.180
[69,   310] loss: 0.168
[69,   320] loss: 0.168
[69,   330] loss: 0.148
[69,   340] loss: 0.184
[69,   350] loss: 0.167
[69,   360] loss: 0.199
[69,   370] loss: 0.206
[69,   380] loss: 0.208
[69,   390] loss: 0.219
[69,   400] loss: 0.154
VALIDATION loss: 1.083781123161316
[70,    10] loss: 0.160
[70,    20] loss: 0.171
[70,    30] loss: 0.174
[70,    40] loss: 0.195
[70,    50] loss: 0.228
[70,    60] loss: 0.225
[70,    70] loss: 0.179
[70,    80] loss: 0.181
[70,    90] loss: 0.182
[70,   100] loss: 0.192
[70,   110] loss: 0.180
[70,   120] loss: 0.192
[70,   130] loss: 0.208
[70,   140] loss: 0.181
[70,   150] loss: 0.163
[70,   160] loss: 0.146
[70,   170] loss: 0.169
[70,   180] loss: 0.202
[70,   190] loss: 0.132
[70,   200] loss: 0.168
[70,   210] loss: 0.192
[70,   220] loss: 0.178
[70,   230] loss: 0.198
[70,   240] loss: 0.203
[70,   250] loss: 0.191
[70,   260] loss: 0.151
[70,   270] loss: 0.178
[70,   280] loss: 0.192
[70,   290] loss: 0.212
[70,   300] loss: 0.175
[70,   310] loss: 0.170
[70,   320] loss: 0.188
[70,   330] loss: 0.192
[70,   340] loss: 0.226
[70,   350] loss: 0.199
[70,   360] loss: 0.219
[70,   370] loss: 0.199
[70,   380] loss: 0.207
[70,   390] loss: 0.118
[70,   400] loss: 0.149
VALIDATION loss: 0.20676873624324799
[71,    10] loss: 0.188
[71,    20] loss: 0.174
[71,    30] loss: 0.163
[71,    40] loss: 0.155
[71,    50] loss: 0.236
[71,    60] loss: 0.170
[71,    70] loss: 0.165
[71,    80] loss: 0.192
[71,    90] loss: 0.174
[71,   100] loss: 0.159
[71,   110] loss: 0.182
[71,   120] loss: 0.206
[71,   130] loss: 0.147
[71,   140] loss: 0.177
[71,   150] loss: 0.167
[71,   160] loss: 0.185
[71,   170] loss: 0.209
[71,   180] loss: 0.170
[71,   190] loss: 0.169
[71,   200] loss: 0.175
[71,   210] loss: 0.204
[71,   220] loss: 0.195
[71,   230] loss: 0.172
[71,   240] loss: 0.217
[71,   250] loss: 0.218
[71,   260] loss: 0.166
[71,   270] loss: 0.157
[71,   280] loss: 0.184
[71,   290] loss: 0.179
[71,   300] loss: 0.163
[71,   310] loss: 0.155
[71,   320] loss: 0.158
[71,   330] loss: 0.164
[71,   340] loss: 0.214
[71,   350] loss: 0.149
[71,   360] loss: 0.193
[71,   370] loss: 0.188
[71,   380] loss: 0.198
[71,   390] loss: 0.185
[71,   400] loss: 0.240
VALIDATION loss: 0.3679865002632141
[72,    10] loss: 0.158
[72,    20] loss: 0.171
[72,    30] loss: 0.182
[72,    40] loss: 0.178
[72,    50] loss: 0.177
[72,    60] loss: 0.171
[72,    70] loss: 0.171
[72,    80] loss: 0.174
[72,    90] loss: 0.181
[72,   100] loss: 0.187
[72,   110] loss: 0.205
[72,   120] loss: 0.188
[72,   130] loss: 0.156
[72,   140] loss: 0.192
[72,   150] loss: 0.199
[72,   160] loss: 0.224
[72,   170] loss: 0.238
[72,   180] loss: 0.184
[72,   190] loss: 0.192
[72,   200] loss: 0.139
[72,   210] loss: 0.151
[72,   220] loss: 0.207
[72,   230] loss: 0.134
[72,   240] loss: 0.147
[72,   250] loss: 0.180
[72,   260] loss: 0.171
[72,   270] loss: 0.188
[72,   280] loss: 0.198
[72,   290] loss: 0.162
[72,   300] loss: 0.193
[72,   310] loss: 0.132
[72,   320] loss: 0.175
[72,   330] loss: 0.184
[72,   340] loss: 0.157
[72,   350] loss: 0.199
[72,   360] loss: 0.206
[72,   370] loss: 0.202
[72,   380] loss: 0.224
[72,   390] loss: 0.191
[72,   400] loss: 0.170
VALIDATION loss: 0.25263819098472595
[73,    10] loss: 0.200
[73,    20] loss: 0.178
[73,    30] loss: 0.179
[73,    40] loss: 0.177
[73,    50] loss: 0.217
[73,    60] loss: 0.182
[73,    70] loss: 0.167
[73,    80] loss: 0.165
[73,    90] loss: 0.173
[73,   100] loss: 0.163
[73,   110] loss: 0.112
[73,   120] loss: 0.183
[73,   130] loss: 0.186
[73,   140] loss: 0.231
[73,   150] loss: 0.164
[73,   160] loss: 0.174
[73,   170] loss: 0.157
[73,   180] loss: 0.133
[73,   190] loss: 0.144
[73,   200] loss: 0.171
[73,   210] loss: 0.177
[73,   220] loss: 0.207
[73,   230] loss: 0.194
[73,   240] loss: 0.159
[73,   250] loss: 0.192
[73,   260] loss: 0.187
[73,   270] loss: 0.194
[73,   280] loss: 0.182
[73,   290] loss: 0.178
[73,   300] loss: 0.200
[73,   310] loss: 0.159
[73,   320] loss: 0.179
[73,   330] loss: 0.174
[73,   340] loss: 0.188
[73,   350] loss: 0.152
[73,   360] loss: 0.214
[73,   370] loss: 0.222
[73,   380] loss: 0.148
[73,   390] loss: 0.167
[73,   400] loss: 0.172
VALIDATION loss: 0.19488802552223206
[74,    10] loss: 0.229
[74,    20] loss: 0.162
[74,    30] loss: 0.175
[74,    40] loss: 0.191
[74,    50] loss: 0.178
[74,    60] loss: 0.161
[74,    70] loss: 0.159
[74,    80] loss: 0.219
[74,    90] loss: 0.204
[74,   100] loss: 0.189
[74,   110] loss: 0.162
[74,   120] loss: 0.199
[74,   130] loss: 0.149
[74,   140] loss: 0.197
[74,   150] loss: 0.157
[74,   160] loss: 0.200
[74,   170] loss: 0.233
[74,   180] loss: 0.166
[74,   190] loss: 0.247
[74,   200] loss: 0.193
[74,   210] loss: 0.155
[74,   220] loss: 0.173
[74,   230] loss: 0.215
[74,   240] loss: 0.178
[74,   250] loss: 0.149
[74,   260] loss: 0.155
[74,   270] loss: 0.178
[74,   280] loss: 0.155
[74,   290] loss: 0.204
[74,   300] loss: 0.146
[74,   310] loss: 0.122
[74,   320] loss: 0.195
[74,   330] loss: 0.144
[74,   340] loss: 0.190
[74,   350] loss: 0.194
[74,   360] loss: 0.206
[74,   370] loss: 0.234
[74,   380] loss: 0.188
[74,   390] loss: 0.129
[74,   400] loss: 0.190
VALIDATION loss: 0.2737610340118408
[75,    10] loss: 0.187
[75,    20] loss: 0.234
[75,    30] loss: 0.196
[75,    40] loss: 0.148
[75,    50] loss: 0.176
[75,    60] loss: 0.130
[75,    70] loss: 0.164
[75,    80] loss: 0.145
[75,    90] loss: 0.219
[75,   100] loss: 0.183
[75,   110] loss: 0.220
[75,   120] loss: 0.208
[75,   130] loss: 0.138
[75,   140] loss: 0.188
[75,   150] loss: 0.161
[75,   160] loss: 0.193
[75,   170] loss: 0.193
[75,   180] loss: 0.157
[75,   190] loss: 0.166
[75,   200] loss: 0.191
[75,   210] loss: 0.177
[75,   220] loss: 0.136
[75,   230] loss: 0.184
[75,   240] loss: 0.174
[75,   250] loss: 0.177
[75,   260] loss: 0.123
[75,   270] loss: 0.194
[75,   280] loss: 0.187
[75,   290] loss: 0.162
[75,   300] loss: 0.157
[75,   310] loss: 0.183
[75,   320] loss: 0.152
[75,   330] loss: 0.188
[75,   340] loss: 0.165
[75,   350] loss: 0.188
[75,   360] loss: 0.171
[75,   370] loss: 0.239
[75,   380] loss: 0.186
[75,   390] loss: 0.233
[75,   400] loss: 0.193
VALIDATION loss: 0.2157498449087143
[76,    10] loss: 0.209
[76,    20] loss: 0.190
[76,    30] loss: 0.166
[76,    40] loss: 0.174
[76,    50] loss: 0.202
[76,    60] loss: 0.175
[76,    70] loss: 0.194
[76,    80] loss: 0.170
[76,    90] loss: 0.179
[76,   100] loss: 0.166
[76,   110] loss: 0.187
[76,   120] loss: 0.173
[76,   130] loss: 0.183
[76,   140] loss: 0.167
[76,   150] loss: 0.182
[76,   160] loss: 0.159
[76,   170] loss: 0.171
[76,   180] loss: 0.197
[76,   190] loss: 0.145
[76,   200] loss: 0.183
[76,   210] loss: 0.200
[76,   220] loss: 0.182
[76,   230] loss: 0.181
[76,   240] loss: 0.232
[76,   250] loss: 0.180
[76,   260] loss: 0.168
[76,   270] loss: 0.165
[76,   280] loss: 0.188
[76,   290] loss: 0.193
[76,   300] loss: 0.165
[76,   310] loss: 0.207
[76,   320] loss: 0.136
[76,   330] loss: 0.169
[76,   340] loss: 0.187
[76,   350] loss: 0.154
[76,   360] loss: 0.182
[76,   370] loss: 0.132
[76,   380] loss: 0.143
[76,   390] loss: 0.141
[76,   400] loss: 0.156
VALIDATION loss: 0.17661795020103455
[77,    10] loss: 0.196
[77,    20] loss: 0.155
[77,    30] loss: 0.228
[77,    40] loss: 0.167
[77,    50] loss: 0.202
[77,    60] loss: 0.141
[77,    70] loss: 0.180
[77,    80] loss: 0.173
[77,    90] loss: 0.162
[77,   100] loss: 0.172
[77,   110] loss: 0.164
[77,   120] loss: 0.162
[77,   130] loss: 0.118
[77,   140] loss: 0.182
[77,   150] loss: 0.157
[77,   160] loss: 0.205
[77,   170] loss: 0.162
[77,   180] loss: 0.224
[77,   190] loss: 0.162
[77,   200] loss: 0.179
[77,   210] loss: 0.149
[77,   220] loss: 0.189
[77,   230] loss: 0.174
[77,   240] loss: 0.184
[77,   250] loss: 0.179
[77,   260] loss: 0.183
[77,   270] loss: 0.180
[77,   280] loss: 0.201
[77,   290] loss: 0.164
[77,   300] loss: 0.181
[77,   310] loss: 0.159
[77,   320] loss: 0.187
[77,   330] loss: 0.170
[77,   340] loss: 0.197
[77,   350] loss: 0.200
[77,   360] loss: 0.181
[77,   370] loss: 0.226
[77,   380] loss: 0.160
[77,   390] loss: 0.223
[77,   400] loss: 0.187
VALIDATION loss: 0.22244638204574585
[78,    10] loss: 0.149
[78,    20] loss: 0.168
[78,    30] loss: 0.193
[78,    40] loss: 0.234
[78,    50] loss: 0.147
[78,    60] loss: 0.206
[78,    70] loss: 0.171
[78,    80] loss: 0.168
[78,    90] loss: 0.155
[78,   100] loss: 0.174
[78,   110] loss: 0.152
[78,   120] loss: 0.166
[78,   130] loss: 0.166
[78,   140] loss: 0.152
[78,   150] loss: 0.167
[78,   160] loss: 0.130
[78,   170] loss: 0.145
[78,   180] loss: 0.137
[78,   190] loss: 0.154
[78,   200] loss: 0.158
[78,   210] loss: 0.193
[78,   220] loss: 0.136
[78,   230] loss: 0.146
[78,   240] loss: 0.150
[78,   250] loss: 0.151
[78,   260] loss: 0.193
[78,   270] loss: 0.138
[78,   280] loss: 0.178
[78,   290] loss: 0.150
[78,   300] loss: 0.162
[78,   310] loss: 0.193
[78,   320] loss: 0.181
[78,   330] loss: 0.181
[78,   340] loss: 0.191
[78,   350] loss: 0.196
[78,   360] loss: 0.171
[78,   370] loss: 0.200
[78,   380] loss: 0.211
[78,   390] loss: 0.202
[78,   400] loss: 0.186
VALIDATION loss: 0.3334622383117676
[79,    10] loss: 0.194
[79,    20] loss: 0.163
[79,    30] loss: 0.124
[79,    40] loss: 0.160
[79,    50] loss: 0.167
[79,    60] loss: 0.160
[79,    70] loss: 0.165
[79,    80] loss: 0.172
[79,    90] loss: 0.197
[79,   100] loss: 0.202
[79,   110] loss: 0.191
[79,   120] loss: 0.152
[79,   130] loss: 0.161
[79,   140] loss: 0.149
[79,   150] loss: 0.180
[79,   160] loss: 0.154
[79,   170] loss: 0.118
[79,   180] loss: 0.199
[79,   190] loss: 0.170
[79,   200] loss: 0.190
[79,   210] loss: 0.140
[79,   220] loss: 0.185
[79,   230] loss: 0.167
[79,   240] loss: 0.221
[79,   250] loss: 0.170
[79,   260] loss: 0.156
[79,   270] loss: 0.195
[79,   280] loss: 0.154
[79,   290] loss: 0.189
[79,   300] loss: 0.162
[79,   310] loss: 0.175
[79,   320] loss: 0.171
[79,   330] loss: 0.235
[79,   340] loss: 0.151
[79,   350] loss: 0.200
[79,   360] loss: 0.193
[79,   370] loss: 0.196
[79,   380] loss: 0.165
[79,   390] loss: 0.177
[79,   400] loss: 0.211
VALIDATION loss: 0.18437103927135468
[80,    10] loss: 0.182
[80,    20] loss: 0.114
[80,    30] loss: 0.206
[80,    40] loss: 0.193
[80,    50] loss: 0.135
[80,    60] loss: 0.180
[80,    70] loss: 0.199
[80,    80] loss: 0.168
[80,    90] loss: 0.128
[80,   100] loss: 0.186
[80,   110] loss: 0.158
[80,   120] loss: 0.138
[80,   130] loss: 0.162
[80,   140] loss: 0.124
[80,   150] loss: 0.154
[80,   160] loss: 0.199
[80,   170] loss: 0.189
[80,   180] loss: 0.152
[80,   190] loss: 0.215
[80,   200] loss: 0.148
[80,   210] loss: 0.195
[80,   220] loss: 0.211
[80,   230] loss: 0.177
[80,   240] loss: 0.215
[80,   250] loss: 0.168
[80,   260] loss: 0.194
[80,   270] loss: 0.160
[80,   280] loss: 0.173
[80,   290] loss: 0.185
[80,   300] loss: 0.232
[80,   310] loss: 0.175
[80,   320] loss: 0.128
[80,   330] loss: 0.157
[80,   340] loss: 0.139
[80,   350] loss: 0.136
[80,   360] loss: 0.166
[80,   370] loss: 0.153
[80,   380] loss: 0.215
[80,   390] loss: 0.209
[80,   400] loss: 0.175
VALIDATION loss: 0.1992984116077423
[81,    10] loss: 0.167
[81,    20] loss: 0.175
[81,    30] loss: 0.238
[81,    40] loss: 0.152
[81,    50] loss: 0.156
[81,    60] loss: 0.140
[81,    70] loss: 0.178
[81,    80] loss: 0.173
[81,    90] loss: 0.155
[81,   100] loss: 0.182
[81,   110] loss: 0.185
[81,   120] loss: 0.162
[81,   130] loss: 0.183
[81,   140] loss: 0.146
[81,   150] loss: 0.175
[81,   160] loss: 0.182
[81,   170] loss: 0.200
[81,   180] loss: 0.153
[81,   190] loss: 0.178
[81,   200] loss: 0.195
[81,   210] loss: 0.184
[81,   220] loss: 0.152
[81,   230] loss: 0.191
[81,   240] loss: 0.137
[81,   250] loss: 0.168
[81,   260] loss: 0.177
[81,   270] loss: 0.159
[81,   280] loss: 0.148
[81,   290] loss: 0.140
[81,   300] loss: 0.161
[81,   310] loss: 0.190
[81,   320] loss: 0.182
[81,   330] loss: 0.144
[81,   340] loss: 0.209
[81,   350] loss: 0.175
[81,   360] loss: 0.196
[81,   370] loss: 0.198
[81,   380] loss: 0.175
[81,   390] loss: 0.148
[81,   400] loss: 0.151
VALIDATION loss: 0.17658518254756927
[82,    10] loss: 0.167
[82,    20] loss: 0.190
[82,    30] loss: 0.202
[82,    40] loss: 0.157
[82,    50] loss: 0.160
[82,    60] loss: 0.141
[82,    70] loss: 0.191
[82,    80] loss: 0.169
[82,    90] loss: 0.157
[82,   100] loss: 0.169
[82,   110] loss: 0.170
[82,   120] loss: 0.164
[82,   130] loss: 0.195
[82,   140] loss: 0.124
[82,   150] loss: 0.145
[82,   160] loss: 0.184
[82,   170] loss: 0.182
[82,   180] loss: 0.173
[82,   190] loss: 0.150
[82,   200] loss: 0.136
[82,   210] loss: 0.181
[82,   220] loss: 0.152
[82,   230] loss: 0.128
[82,   240] loss: 0.190
[82,   250] loss: 0.151
[82,   260] loss: 0.178
[82,   270] loss: 0.181
[82,   280] loss: 0.170
[82,   290] loss: 0.139
[82,   300] loss: 0.193
[82,   310] loss: 0.159
[82,   320] loss: 0.124
[82,   330] loss: 0.199
[82,   340] loss: 0.165
[82,   350] loss: 0.145
[82,   360] loss: 0.179
[82,   370] loss: 0.162
[82,   380] loss: 0.142
[82,   390] loss: 0.165
[82,   400] loss: 0.186
VALIDATION loss: 0.2457171380519867
[83,    10] loss: 0.174
[83,    20] loss: 0.151
[83,    30] loss: 0.139
[83,    40] loss: 0.178
[83,    50] loss: 0.163
[83,    60] loss: 0.185
[83,    70] loss: 0.170
[83,    80] loss: 0.159
[83,    90] loss: 0.117
[83,   100] loss: 0.131
[83,   110] loss: 0.156
[83,   120] loss: 0.152
[83,   130] loss: 0.179
[83,   140] loss: 0.160
[83,   150] loss: 0.153
[83,   160] loss: 0.169
[83,   170] loss: 0.165
[83,   180] loss: 0.152
[83,   190] loss: 0.156
[83,   200] loss: 0.157
[83,   210] loss: 0.178
[83,   220] loss: 0.189
[83,   230] loss: 0.144
[83,   240] loss: 0.134
[83,   250] loss: 0.142
[83,   260] loss: 0.131
[83,   270] loss: 0.151
[83,   280] loss: 0.238
[83,   290] loss: 0.238
[83,   300] loss: 0.150
[83,   310] loss: 0.138
[83,   320] loss: 0.130
[83,   330] loss: 0.213
[83,   340] loss: 0.179
[83,   350] loss: 0.179
[83,   360] loss: 0.186
[83,   370] loss: 0.207
[83,   380] loss: 0.166
[83,   390] loss: 0.196
[83,   400] loss: 0.198
VALIDATION loss: 0.19668258726596832
[84,    10] loss: 0.196
[84,    20] loss: 0.220
[84,    30] loss: 0.188
[84,    40] loss: 0.201
[84,    50] loss: 0.149
[84,    60] loss: 0.165
[84,    70] loss: 0.201
[84,    80] loss: 0.168
[84,    90] loss: 0.113
[84,   100] loss: 0.184
[84,   110] loss: 0.191
[84,   120] loss: 0.178
[84,   130] loss: 0.117
[84,   140] loss: 0.162
[84,   150] loss: 0.116
[84,   160] loss: 0.189
[84,   170] loss: 0.170
[84,   180] loss: 0.166
[84,   190] loss: 0.142
[84,   200] loss: 0.214
[84,   210] loss: 0.136
[84,   220] loss: 0.149
[84,   230] loss: 0.194
[84,   240] loss: 0.159
[84,   250] loss: 0.158
[84,   260] loss: 0.181
[84,   270] loss: 0.157
[84,   280] loss: 0.209
[84,   290] loss: 0.153
[84,   300] loss: 0.213
[84,   310] loss: 0.172
[84,   320] loss: 0.203
[84,   330] loss: 0.141
[84,   340] loss: 0.188
[84,   350] loss: 0.192
[84,   360] loss: 0.171
[84,   370] loss: 0.125
[84,   380] loss: 0.214
[84,   390] loss: 0.172
[84,   400] loss: 0.145
VALIDATION loss: 0.22487324476242065
[85,    10] loss: 0.135
[85,    20] loss: 0.159
[85,    30] loss: 0.182
[85,    40] loss: 0.155
[85,    50] loss: 0.144
[85,    60] loss: 0.218
[85,    70] loss: 0.155
[85,    80] loss: 0.149
[85,    90] loss: 0.132
[85,   100] loss: 0.141
[85,   110] loss: 0.177
[85,   120] loss: 0.135
[85,   130] loss: 0.169
[85,   140] loss: 0.157
[85,   150] loss: 0.148
[85,   160] loss: 0.142
[85,   170] loss: 0.151
[85,   180] loss: 0.198
[85,   190] loss: 0.177
[85,   200] loss: 0.169
[85,   210] loss: 0.193
[85,   220] loss: 0.160
[85,   230] loss: 0.208
[85,   240] loss: 0.175
[85,   250] loss: 0.133
[85,   260] loss: 0.173
[85,   270] loss: 0.138
[85,   280] loss: 0.170
[85,   290] loss: 0.121
[85,   300] loss: 0.188
[85,   310] loss: 0.169
[85,   320] loss: 0.212
[85,   330] loss: 0.197
[85,   340] loss: 0.173
[85,   350] loss: 0.163
[85,   360] loss: 0.207
[85,   370] loss: 0.181
[85,   380] loss: 0.172
[85,   390] loss: 0.205
[85,   400] loss: 0.180
VALIDATION loss: 0.19948799908161163
[86,    10] loss: 0.157
[86,    20] loss: 0.126
[86,    30] loss: 0.179
[86,    40] loss: 0.172
[86,    50] loss: 0.189
[86,    60] loss: 0.168
[86,    70] loss: 0.167
[86,    80] loss: 0.195
[86,    90] loss: 0.174
[86,   100] loss: 0.146
[86,   110] loss: 0.181
[86,   120] loss: 0.164
[86,   130] loss: 0.176
[86,   140] loss: 0.169
[86,   150] loss: 0.168
[86,   160] loss: 0.152
[86,   170] loss: 0.164
[86,   180] loss: 0.117
[86,   190] loss: 0.166
[86,   200] loss: 0.135
[86,   210] loss: 0.177
[86,   220] loss: 0.168
[86,   230] loss: 0.185
[86,   240] loss: 0.171
[86,   250] loss: 0.163
[86,   260] loss: 0.174
[86,   270] loss: 0.160
[86,   280] loss: 0.110
[86,   290] loss: 0.167
[86,   300] loss: 0.175
[86,   310] loss: 0.180
[86,   320] loss: 0.147
[86,   330] loss: 0.179
[86,   340] loss: 0.138
[86,   350] loss: 0.173
[86,   360] loss: 0.180
[86,   370] loss: 0.175
[86,   380] loss: 0.171
[86,   390] loss: 0.147
[86,   400] loss: 0.162
VALIDATION loss: 0.17825090885162354
[87,    10] loss: 0.140
[87,    20] loss: 0.201
[87,    30] loss: 0.157
[87,    40] loss: 0.190
[87,    50] loss: 0.159
[87,    60] loss: 0.162
[87,    70] loss: 0.159
[87,    80] loss: 0.190
[87,    90] loss: 0.139
[87,   100] loss: 0.186
[87,   110] loss: 0.158
[87,   120] loss: 0.178
[87,   130] loss: 0.158
[87,   140] loss: 0.164
[87,   150] loss: 0.159
[87,   160] loss: 0.152
[87,   170] loss: 0.184
[87,   180] loss: 0.123
[87,   190] loss: 0.149
[87,   200] loss: 0.148
[87,   210] loss: 0.189
[87,   220] loss: 0.191
[87,   230] loss: 0.170
[87,   240] loss: 0.152
[87,   250] loss: 0.113
[87,   260] loss: 0.126
[87,   270] loss: 0.148
[87,   280] loss: 0.157
[87,   290] loss: 0.133
[87,   300] loss: 0.208
[87,   310] loss: 0.162
[87,   320] loss: 0.179
[87,   330] loss: 0.140
[87,   340] loss: 0.202
[87,   350] loss: 0.192
[87,   360] loss: 0.189
[87,   370] loss: 0.188
[87,   380] loss: 0.137
[87,   390] loss: 0.151
[87,   400] loss: 0.188
VALIDATION loss: 0.253414124250412
[88,    10] loss: 0.160
[88,    20] loss: 0.145
[88,    30] loss: 0.145
[88,    40] loss: 0.159
[88,    50] loss: 0.165
[88,    60] loss: 0.138
[88,    70] loss: 0.118
[88,    80] loss: 0.169
[88,    90] loss: 0.147
[88,   100] loss: 0.131
[88,   110] loss: 0.156
[88,   120] loss: 0.154
[88,   130] loss: 0.185
[88,   140] loss: 0.130
[88,   150] loss: 0.164
[88,   160] loss: 0.179
[88,   170] loss: 0.154
[88,   180] loss: 0.183
[88,   190] loss: 0.136
[88,   200] loss: 0.138
[88,   210] loss: 0.114
[88,   220] loss: 0.186
[88,   230] loss: 0.146
[88,   240] loss: 0.169
[88,   250] loss: 0.143
[88,   260] loss: 0.193
[88,   270] loss: 0.168
[88,   280] loss: 0.145
[88,   290] loss: 0.173
[88,   300] loss: 0.140
[88,   310] loss: 0.156
[88,   320] loss: 0.140
[88,   330] loss: 0.115
[88,   340] loss: 0.198
[88,   350] loss: 0.170
[88,   360] loss: 0.183
[88,   370] loss: 0.148
[88,   380] loss: 0.129
[88,   390] loss: 0.197
[88,   400] loss: 0.204
VALIDATION loss: 0.21635311841964722
[89,    10] loss: 0.124
[89,    20] loss: 0.193
[89,    30] loss: 0.167
[89,    40] loss: 0.147
[89,    50] loss: 0.192
[89,    60] loss: 0.172
[89,    70] loss: 0.156
[89,    80] loss: 0.153
[89,    90] loss: 0.167
[89,   100] loss: 0.157
[89,   110] loss: 0.165
[89,   120] loss: 0.167
[89,   130] loss: 0.180
[89,   140] loss: 0.159
[89,   150] loss: 0.191
[89,   160] loss: 0.140
[89,   170] loss: 0.149
[89,   180] loss: 0.148
[89,   190] loss: 0.158
[89,   200] loss: 0.218
[89,   210] loss: 0.166
[89,   220] loss: 0.169
[89,   230] loss: 0.163
[89,   240] loss: 0.172
[89,   250] loss: 0.130
[89,   260] loss: 0.193
[89,   270] loss: 0.144
[89,   280] loss: 0.129
[89,   290] loss: 0.124
[89,   300] loss: 0.165
[89,   310] loss: 0.143
[89,   320] loss: 0.177
[89,   330] loss: 0.141
[89,   340] loss: 0.178
[89,   350] loss: 0.210
[89,   360] loss: 0.171
[89,   370] loss: 0.151
[89,   380] loss: 0.184
[89,   390] loss: 0.173
[89,   400] loss: 0.151
VALIDATION loss: 0.1968044489622116
[90,    10] loss: 0.180
[90,    20] loss: 0.183
[90,    30] loss: 0.152
[90,    40] loss: 0.171
[90,    50] loss: 0.136
[90,    60] loss: 0.129
[90,    70] loss: 0.130
[90,    80] loss: 0.134
[90,    90] loss: 0.121
[90,   100] loss: 0.137
[90,   110] loss: 0.138
[90,   120] loss: 0.195
[90,   130] loss: 0.177
[90,   140] loss: 0.165
[90,   150] loss: 0.161
[90,   160] loss: 0.205
[90,   170] loss: 0.156
[90,   180] loss: 0.181
[90,   190] loss: 0.147
[90,   200] loss: 0.147
[90,   210] loss: 0.168
[90,   220] loss: 0.171
[90,   230] loss: 0.194
[90,   240] loss: 0.193
[90,   250] loss: 0.146
[90,   260] loss: 0.211
[90,   270] loss: 0.176
[90,   280] loss: 0.135
[90,   290] loss: 0.180
[90,   300] loss: 0.173
[90,   310] loss: 0.138
[90,   320] loss: 0.177
[90,   330] loss: 0.127
[90,   340] loss: 0.151
[90,   350] loss: 0.123
[90,   360] loss: 0.119
[90,   370] loss: 0.170
[90,   380] loss: 0.177
[90,   390] loss: 0.204
[90,   400] loss: 0.192
VALIDATION loss: 0.46324774622917175
[91,    10] loss: 0.155
[91,    20] loss: 0.185
[91,    30] loss: 0.132
[91,    40] loss: 0.159
[91,    50] loss: 0.154
[91,    60] loss: 0.119
[91,    70] loss: 0.135
[91,    80] loss: 0.144
[91,    90] loss: 0.138
[91,   100] loss: 0.184
[91,   110] loss: 0.126
[91,   120] loss: 0.172
[91,   130] loss: 0.166
[91,   140] loss: 0.181
[91,   150] loss: 0.131
[91,   160] loss: 0.186
[91,   170] loss: 0.164
[91,   180] loss: 0.174
[91,   190] loss: 0.176
[91,   200] loss: 0.150
[91,   210] loss: 0.173
[91,   220] loss: 0.140
[91,   230] loss: 0.150
[91,   240] loss: 0.186
[91,   250] loss: 0.185
[91,   260] loss: 0.192
[91,   270] loss: 0.168
[91,   280] loss: 0.168
[91,   290] loss: 0.162
[91,   300] loss: 0.152
[91,   310] loss: 0.202
[91,   320] loss: 0.159
[91,   330] loss: 0.188
[91,   340] loss: 0.173
[91,   350] loss: 0.164
[91,   360] loss: 0.174
[91,   370] loss: 0.150
[91,   380] loss: 0.182
[91,   390] loss: 0.185
[91,   400] loss: 0.173
VALIDATION loss: 0.31585779786109924
[92,    10] loss: 0.182
[92,    20] loss: 0.166
[92,    30] loss: 0.161
[92,    40] loss: 0.188
[92,    50] loss: 0.153
[92,    60] loss: 0.131
[92,    70] loss: 0.138
[92,    80] loss: 0.163
[92,    90] loss: 0.166
[92,   100] loss: 0.157
[92,   110] loss: 0.162
[92,   120] loss: 0.151
[92,   130] loss: 0.141
[92,   140] loss: 0.127
[92,   150] loss: 0.191
[92,   160] loss: 0.146
[92,   170] loss: 0.106
[92,   180] loss: 0.177
[92,   190] loss: 0.155
[92,   200] loss: 0.159
[92,   210] loss: 0.130
[92,   220] loss: 0.174
[92,   230] loss: 0.175
[92,   240] loss: 0.175
[92,   250] loss: 0.150
[92,   260] loss: 0.138
[92,   270] loss: 0.156
[92,   280] loss: 0.156
[92,   290] loss: 0.205
[92,   300] loss: 0.155
[92,   310] loss: 0.137
[92,   320] loss: 0.168
[92,   330] loss: 0.147
[92,   340] loss: 0.154
[92,   350] loss: 0.117
[92,   360] loss: 0.119
[92,   370] loss: 0.142
[92,   380] loss: 0.152
[92,   390] loss: 0.173
[92,   400] loss: 0.165
VALIDATION loss: 0.22713452577590942
[93,    10] loss: 0.118
[93,    20] loss: 0.170
[93,    30] loss: 0.165
[93,    40] loss: 0.146
[93,    50] loss: 0.218
[93,    60] loss: 0.181
[93,    70] loss: 0.147
[93,    80] loss: 0.179
[93,    90] loss: 0.166
[93,   100] loss: 0.149
[93,   110] loss: 0.160
[93,   120] loss: 0.180
[93,   130] loss: 0.169
[93,   140] loss: 0.149
[93,   150] loss: 0.157
[93,   160] loss: 0.151
[93,   170] loss: 0.117
[93,   180] loss: 0.144
[93,   190] loss: 0.136
[93,   200] loss: 0.130
[93,   210] loss: 0.170
[93,   220] loss: 0.162
[93,   230] loss: 0.171
[93,   240] loss: 0.142
[93,   250] loss: 0.156
[93,   260] loss: 0.180
[93,   270] loss: 0.168
[93,   280] loss: 0.211
[93,   290] loss: 0.137
[93,   300] loss: 0.160
[93,   310] loss: 0.131
[93,   320] loss: 0.124
[93,   330] loss: 0.142
[93,   340] loss: 0.133
[93,   350] loss: 0.152
[93,   360] loss: 0.171
[93,   370] loss: 0.106
[93,   380] loss: 0.209
[93,   390] loss: 0.180
[93,   400] loss: 0.130
VALIDATION loss: 0.1909460574388504
[94,    10] loss: 0.208
[94,    20] loss: 0.144
[94,    30] loss: 0.143
[94,    40] loss: 0.163
[94,    50] loss: 0.145
[94,    60] loss: 0.216
[94,    70] loss: 0.155
[94,    80] loss: 0.181
[94,    90] loss: 0.164
[94,   100] loss: 0.144
[94,   110] loss: 0.186
[94,   120] loss: 0.127
[94,   130] loss: 0.181
[94,   140] loss: 0.155
[94,   150] loss: 0.166
[94,   160] loss: 0.155
[94,   170] loss: 0.128
[94,   180] loss: 0.146
[94,   190] loss: 0.182
[94,   200] loss: 0.135
[94,   210] loss: 0.164
[94,   220] loss: 0.153
[94,   230] loss: 0.187
[94,   240] loss: 0.142
[94,   250] loss: 0.121
[94,   260] loss: 0.163
[94,   270] loss: 0.148
[94,   280] loss: 0.172
[94,   290] loss: 0.140
[94,   300] loss: 0.194
[94,   310] loss: 0.143
[94,   320] loss: 0.103
[94,   330] loss: 0.166
[94,   340] loss: 0.133
[94,   350] loss: 0.168
[94,   360] loss: 0.144
[94,   370] loss: 0.176
[94,   380] loss: 0.156
[94,   390] loss: 0.130
[94,   400] loss: 0.192
VALIDATION loss: 0.16476505994796753
[95,    10] loss: 0.154
[95,    20] loss: 0.137
[95,    30] loss: 0.150
[95,    40] loss: 0.109
[95,    50] loss: 0.133
[95,    60] loss: 0.148
[95,    70] loss: 0.174
[95,    80] loss: 0.161
[95,    90] loss: 0.185
[95,   100] loss: 0.127
[95,   110] loss: 0.148
[95,   120] loss: 0.148
[95,   130] loss: 0.142
[95,   140] loss: 0.146
[95,   150] loss: 0.184
[95,   160] loss: 0.136
[95,   170] loss: 0.189
[95,   180] loss: 0.152
[95,   190] loss: 0.121
[95,   200] loss: 0.164
[95,   210] loss: 0.155
[95,   220] loss: 0.161
[95,   230] loss: 0.189
[95,   240] loss: 0.196
[95,   250] loss: 0.207
[95,   260] loss: 0.144
[95,   270] loss: 0.161
[95,   280] loss: 0.212
[95,   290] loss: 0.186
[95,   300] loss: 0.165
[95,   310] loss: 0.132
[95,   320] loss: 0.209
[95,   330] loss: 0.155
[95,   340] loss: 0.141
[95,   350] loss: 0.118
[95,   360] loss: 0.135
[95,   370] loss: 0.129
[95,   380] loss: 0.179
[95,   390] loss: 0.122
[95,   400] loss: 0.164
VALIDATION loss: 0.21013306081295013
[96,    10] loss: 0.146
[96,    20] loss: 0.140
[96,    30] loss: 0.176
[96,    40] loss: 0.120
[96,    50] loss: 0.133
[96,    60] loss: 0.141
[96,    70] loss: 0.143
[96,    80] loss: 0.135
[96,    90] loss: 0.140
[96,   100] loss: 0.145
[96,   110] loss: 0.134
[96,   120] loss: 0.138
[96,   130] loss: 0.158
[96,   140] loss: 0.202
[96,   150] loss: 0.140
[96,   160] loss: 0.158
[96,   170] loss: 0.166
[96,   180] loss: 0.230
[96,   190] loss: 0.189
[96,   200] loss: 0.200
[96,   210] loss: 0.111
[96,   220] loss: 0.173
[96,   230] loss: 0.112
[96,   240] loss: 0.161
[96,   250] loss: 0.166
[96,   260] loss: 0.133
[96,   270] loss: 0.115
[96,   280] loss: 0.155
[96,   290] loss: 0.166
[96,   300] loss: 0.186
[96,   310] loss: 0.147
[96,   320] loss: 0.160
[96,   330] loss: 0.172
[96,   340] loss: 0.154
[96,   350] loss: 0.160
[96,   360] loss: 0.165
[96,   370] loss: 0.161
[96,   380] loss: 0.170
[96,   390] loss: 0.130
[96,   400] loss: 0.216
VALIDATION loss: 2.58485746383667
[97,    10] loss: 0.177
[97,    20] loss: 0.141
[97,    30] loss: 0.111
[97,    40] loss: 0.159
[97,    50] loss: 0.144
[97,    60] loss: 0.160
[97,    70] loss: 0.214
[97,    80] loss: 0.146
[97,    90] loss: 0.148
[97,   100] loss: 0.166
[97,   110] loss: 0.125
[97,   120] loss: 0.123
[97,   130] loss: 0.125
[97,   140] loss: 0.181
[97,   150] loss: 0.181
[97,   160] loss: 0.145
[97,   170] loss: 0.166
[97,   180] loss: 0.154
[97,   190] loss: 0.119
[97,   200] loss: 0.138
[97,   210] loss: 0.132
[97,   220] loss: 0.161
[97,   230] loss: 0.194
[97,   240] loss: 0.128
[97,   250] loss: 0.144
[97,   260] loss: 0.129
[97,   270] loss: 0.144
[97,   280] loss: 0.137
[97,   290] loss: 0.207
[97,   300] loss: 0.192
[97,   310] loss: 0.124
[97,   320] loss: 0.162
[97,   330] loss: 0.143
[97,   340] loss: 0.158
[97,   350] loss: 0.162
[97,   360] loss: 0.148
[97,   370] loss: 0.105
[97,   380] loss: 0.191
[97,   390] loss: 0.188
[97,   400] loss: 0.153
VALIDATION loss: 0.24176475405693054
[98,    10] loss: 0.122
[98,    20] loss: 0.114
[98,    30] loss: 0.136
[98,    40] loss: 0.143
[98,    50] loss: 0.185
[98,    60] loss: 0.190
[98,    70] loss: 0.157
[98,    80] loss: 0.190
[98,    90] loss: 0.153
[98,   100] loss: 0.180
[98,   110] loss: 0.175
[98,   120] loss: 0.155
[98,   130] loss: 0.137
[98,   140] loss: 0.156
[98,   150] loss: 0.151
[98,   160] loss: 0.109
[98,   170] loss: 0.144
[98,   180] loss: 0.133
[98,   190] loss: 0.142
[98,   200] loss: 0.185
[98,   210] loss: 0.195
[98,   220] loss: 0.121
[98,   230] loss: 0.170
[98,   240] loss: 0.147
[98,   250] loss: 0.130
[98,   260] loss: 0.119
[98,   270] loss: 0.165
[98,   280] loss: 0.142
[98,   290] loss: 0.149
[98,   300] loss: 0.175
[98,   310] loss: 0.137
[98,   320] loss: 0.164
[98,   330] loss: 0.192
[98,   340] loss: 0.169
[98,   350] loss: 0.159
[98,   360] loss: 0.185
[98,   370] loss: 0.168
[98,   380] loss: 0.168
[98,   390] loss: 0.180
[98,   400] loss: 0.156
VALIDATION loss: 0.21096281707286835
[99,    10] loss: 0.155
[99,    20] loss: 0.174
[99,    30] loss: 0.136
[99,    40] loss: 0.153
[99,    50] loss: 0.147
[99,    60] loss: 0.159
[99,    70] loss: 0.120
[99,    80] loss: 0.142
[99,    90] loss: 0.129
[99,   100] loss: 0.136
[99,   110] loss: 0.163
[99,   120] loss: 0.116
[99,   130] loss: 0.137
[99,   140] loss: 0.127
[99,   150] loss: 0.167
[99,   160] loss: 0.141
[99,   170] loss: 0.175
[99,   180] loss: 0.157
[99,   190] loss: 0.153
[99,   200] loss: 0.155
[99,   210] loss: 0.167
[99,   220] loss: 0.156
[99,   230] loss: 0.207
[99,   240] loss: 0.159
[99,   250] loss: 0.164
[99,   260] loss: 0.130
[99,   270] loss: 0.169
[99,   280] loss: 0.182
[99,   290] loss: 0.115
[99,   300] loss: 0.146
[99,   310] loss: 0.184
[99,   320] loss: 0.123
[99,   330] loss: 0.137
[99,   340] loss: 0.135
[99,   350] loss: 0.127
[99,   360] loss: 0.185
[99,   370] loss: 0.217
[99,   380] loss: 0.199
[99,   390] loss: 0.180
[99,   400] loss: 0.175
VALIDATION loss: 0.22198669612407684
[100,    10] loss: 0.170
[100,    20] loss: 0.130
[100,    30] loss: 0.160
[100,    40] loss: 0.139
[100,    50] loss: 0.139
[100,    60] loss: 0.158
[100,    70] loss: 0.204
[100,    80] loss: 0.159
[100,    90] loss: 0.127
[100,   100] loss: 0.172
[100,   110] loss: 0.188
[100,   120] loss: 0.125
[100,   130] loss: 0.152
[100,   140] loss: 0.158
[100,   150] loss: 0.129
[100,   160] loss: 0.141
[100,   170] loss: 0.118
[100,   180] loss: 0.194
[100,   190] loss: 0.131
[100,   200] loss: 0.150
[100,   210] loss: 0.189
[100,   220] loss: 0.165
[100,   230] loss: 0.135
[100,   240] loss: 0.151
[100,   250] loss: 0.151
[100,   260] loss: 0.135
[100,   270] loss: 0.167
[100,   280] loss: 0.173
[100,   290] loss: 0.180
[100,   300] loss: 0.164
[100,   310] loss: 0.164
[100,   320] loss: 0.157
[100,   330] loss: 0.150
[100,   340] loss: 0.137
[100,   350] loss: 0.114
[100,   360] loss: 0.155
[100,   370] loss: 0.131
[100,   380] loss: 0.163
[100,   390] loss: 0.175
[100,   400] loss: 0.116
VALIDATION loss: 0.18727751076221466
Finished !!
Accuracy of the network: 93.06 %
