Collecting dill==0.3.4 (from -r requirements.txt (line 1))
  Using cached https://files.pythonhosted.org/packages/b6/c3/973676ceb86b60835bb3978c6db67a5dc06be6cfdbd14ef0f5a13e3fc9fd/dill-0.3.4-py2.py3-none-any.whl
Requirement already satisfied: laplace==0.1 in /zhome/45/c/128687/.local/lib/python3.6/site-packages (from -r requirements.txt (line 2))
Collecting matplotlib==3.4.0 (from -r requirements.txt (line 3))
Small: 0
Transform: 1
MaxPool: 1
Running GPU.
[1,    10] loss: 1.904
[1,    20] loss: 1.771
[1,    30] loss: 1.684
[1,    40] loss: 1.680
[1,    50] loss: 1.622
[1,    60] loss: 1.584
[1,    70] loss: 1.607
[1,    80] loss: 1.544
[1,    90] loss: 1.523
[1,   100] loss: 1.510
[1,   110] loss: 1.506
[1,   120] loss: 1.440
[1,   130] loss: 1.520
[1,   140] loss: 1.493
[1,   150] loss: 1.440
[1,   160] loss: 1.432
[1,   170] loss: 1.483
[1,   180] loss: 1.388
[1,   190] loss: 1.441
[1,   200] loss: 1.398
[1,   210] loss: 1.398
[1,   220] loss: 1.414
[1,   230] loss: 1.407
[1,   240] loss: 1.391
[1,   250] loss: 1.418
[1,   260] loss: 1.387
[1,   270] loss: 1.421
[1,   280] loss: 1.381
[1,   290] loss: 1.345
[1,   300] loss: 1.305
[1,   310] loss: 1.347
[1,   320] loss: 1.333
[1,   330] loss: 1.281
[1,   340] loss: 1.341
[1,   350] loss: 1.348
[1,   360] loss: 1.282
[1,   370] loss: 1.335
[1,   380] loss: 1.265
[1,   390] loss: 1.212
[1,   400] loss: 1.292
VALIDATION loss: 1.2674041986465454
[2,    10] loss: 1.292
[2,    20] loss: 1.253
[2,    30] loss: 1.275
[2,    40] loss: 1.302
[2,    50] loss: 1.309
[2,    60] loss: 1.358
[2,    70] loss: 1.275
[2,    80] loss: 1.301
[2,    90] loss: 1.157
[2,   100] loss: 1.184
[2,   110] loss: 1.227
[2,   120] loss: 1.250
[2,   130] loss: 1.277
[2,   140] loss: 1.171
[2,   150] loss: 1.199
[2,   160] loss: 1.305
[2,   170] loss: 1.216
[2,   180] loss: 1.276
[2,   190] loss: 1.197
[2,   200] loss: 1.287
[2,   210] loss: 1.216
[2,   220] loss: 1.127
[2,   230] loss: 1.213
[2,   240] loss: 1.168
[2,   250] loss: 1.034
[2,   260] loss: 1.266
[2,   270] loss: 1.178
[2,   280] loss: 1.168
[2,   290] loss: 1.101
[2,   300] loss: 1.149
[2,   310] loss: 1.134
[2,   320] loss: 1.178
[2,   330] loss: 1.186
[2,   340] loss: 1.109
[2,   350] loss: 1.142
[2,   360] loss: 1.122
[2,   370] loss: 1.160
[2,   380] loss: 1.113
[2,   390] loss: 1.077
[2,   400] loss: 1.157
VALIDATION loss: 1.124230146408081
[3,    10] loss: 1.099
[3,    20] loss: 1.091
[3,    30] loss: 1.213
[3,    40] loss: 1.149
[3,    50] loss: 1.099
[3,    60] loss: 1.112
[3,    70] loss: 0.963
[3,    80] loss: 1.089
[3,    90] loss: 1.053
[3,   100] loss: 1.086
[3,   110] loss: 1.079
[3,   120] loss: 1.079
[3,   130] loss: 1.133
[3,   140] loss: 1.084
[3,   150] loss: 1.039
[3,   160] loss: 1.110
[3,   170] loss: 0.959
[3,   180] loss: 1.041
[3,   190] loss: 1.077
[3,   200] loss: 1.034
[3,   210] loss: 1.116
[3,   220] loss: 1.079
[3,   230] loss: 1.027
[3,   240] loss: 1.023
[3,   250] loss: 1.086
[3,   260] loss: 0.971
[3,   270] loss: 0.986
[3,   280] loss: 0.952
[3,   290] loss: 0.904
[3,   300] loss: 1.039
[3,   310] loss: 0.970
[3,   320] loss: 1.041
[3,   330] loss: 1.109
[3,   340] loss: 0.953
[3,   350] loss: 1.052
[3,   360] loss: 0.980
[3,   370] loss: 1.037
[3,   380] loss: 0.997
[3,   390] loss: 0.986
[3,   400] loss: 0.988
VALIDATION loss: 1.782902717590332
[4,    10] loss: 1.016
[4,    20] loss: 1.009
[4,    30] loss: 0.907
[4,    40] loss: 0.927
[4,    50] loss: 0.939
[4,    60] loss: 0.967
[4,    70] loss: 0.987
[4,    80] loss: 1.051
[4,    90] loss: 0.987
[4,   100] loss: 0.929
[4,   110] loss: 0.986
[4,   120] loss: 1.027
[4,   130] loss: 0.958
[4,   140] loss: 0.934
[4,   150] loss: 0.969
[4,   160] loss: 1.031
[4,   170] loss: 0.977
[4,   180] loss: 0.881
[4,   190] loss: 0.978
[4,   200] loss: 0.901
[4,   210] loss: 0.953
[4,   220] loss: 0.907
[4,   230] loss: 0.996
[4,   240] loss: 0.936
[4,   250] loss: 0.971
[4,   260] loss: 1.020
[4,   270] loss: 1.006
[4,   280] loss: 0.873
[4,   290] loss: 0.943
[4,   300] loss: 0.879
[4,   310] loss: 0.982
[4,   320] loss: 0.952
[4,   330] loss: 0.916
[4,   340] loss: 0.882
[4,   350] loss: 0.884
[4,   360] loss: 0.879
[4,   370] loss: 0.794
[4,   380] loss: 0.912
[4,   390] loss: 0.792
[4,   400] loss: 0.793
VALIDATION loss: 2.118985891342163
[5,    10] loss: 0.955
[5,    20] loss: 0.826
[5,    30] loss: 0.884
[5,    40] loss: 0.830
[5,    50] loss: 0.876
[5,    60] loss: 0.938
[5,    70] loss: 0.862
[5,    80] loss: 0.961
[5,    90] loss: 0.872
[5,   100] loss: 0.911
[5,   110] loss: 0.861
[5,   120] loss: 0.888
[5,   130] loss: 0.892
[5,   140] loss: 0.911
[5,   150] loss: 0.877
[5,   160] loss: 0.793
[5,   170] loss: 0.853
[5,   180] loss: 0.756
[5,   190] loss: 0.847
[5,   200] loss: 0.835
[5,   210] loss: 0.778
[5,   220] loss: 0.814
[5,   230] loss: 0.794
[5,   240] loss: 0.844
[5,   250] loss: 0.838
[5,   260] loss: 0.915
[5,   270] loss: 0.808
[5,   280] loss: 0.796
[5,   290] loss: 0.812
[5,   300] loss: 0.746
[5,   310] loss: 0.916
[5,   320] loss: 0.777
[5,   330] loss: 0.782
[5,   340] loss: 1.010
[5,   350] loss: 0.828
[5,   360] loss: 0.831
[5,   370] loss: 0.748
[5,   380] loss: 0.824
[5,   390] loss: 0.845
[5,   400] loss: 0.826
VALIDATION loss: 1.0500401258468628
[6,    10] loss: 0.805
[6,    20] loss: 0.746
[6,    30] loss: 0.789
[6,    40] loss: 0.758
[6,    50] loss: 0.714
[6,    60] loss: 0.765
[6,    70] loss: 0.808
[6,    80] loss: 0.773
[6,    90] loss: 0.719
[6,   100] loss: 0.810
[6,   110] loss: 0.761
[6,   120] loss: 0.869
[6,   130] loss: 0.728
[6,   140] loss: 0.743
[6,   150] loss: 0.807
[6,   160] loss: 0.704
[6,   170] loss: 0.785
[6,   180] loss: 0.785
[6,   190] loss: 0.752
[6,   200] loss: 0.825
[6,   210] loss: 0.767
[6,   220] loss: 0.748
[6,   230] loss: 0.837
[6,   240] loss: 0.787
[6,   250] loss: 0.795
[6,   260] loss: 0.875
[6,   270] loss: 0.821
[6,   280] loss: 0.818
[6,   290] loss: 0.741
[6,   300] loss: 0.718
[6,   310] loss: 0.678
[6,   320] loss: 0.779
[6,   330] loss: 0.833
[6,   340] loss: 0.697
[6,   350] loss: 0.765
[6,   360] loss: 0.805
[6,   370] loss: 0.758
[6,   380] loss: 0.798
[6,   390] loss: 0.732
[6,   400] loss: 0.742
VALIDATION loss: 0.8080703616142273
[7,    10] loss: 0.797
[7,    20] loss: 0.779
[7,    30] loss: 0.714
[7,    40] loss: 0.714
[7,    50] loss: 0.778
[7,    60] loss: 0.813
[7,    70] loss: 0.776
[7,    80] loss: 0.797
[7,    90] loss: 0.680
[7,   100] loss: 0.693
[7,   110] loss: 0.672
[7,   120] loss: 0.737
[7,   130] loss: 0.707
[7,   140] loss: 0.642
[7,   150] loss: 0.756
[7,   160] loss: 0.734
[7,   170] loss: 0.713
[7,   180] loss: 0.827
[7,   190] loss: 0.744
[7,   200] loss: 0.792
[7,   210] loss: 0.782
[7,   220] loss: 0.771
[7,   230] loss: 0.687
[7,   240] loss: 0.835
[7,   250] loss: 0.825
[7,   260] loss: 0.692
[7,   270] loss: 0.712
[7,   280] loss: 0.718
[7,   290] loss: 0.724
[7,   300] loss: 0.767
[7,   310] loss: 0.716
[7,   320] loss: 0.714
[7,   330] loss: 0.695
[7,   340] loss: 0.749
[7,   350] loss: 0.755
[7,   360] loss: 0.787
[7,   370] loss: 0.798
[7,   380] loss: 0.669
[7,   390] loss: 0.715
[7,   400] loss: 0.699
VALIDATION loss: 0.6624855995178223
[8,    10] loss: 0.741
[8,    20] loss: 0.710
[8,    30] loss: 0.726
[8,    40] loss: 0.729
[8,    50] loss: 0.736
[8,    60] loss: 0.706
[8,    70] loss: 0.774
[8,    80] loss: 0.751
[8,    90] loss: 0.772
[8,   100] loss: 0.776
[8,   110] loss: 0.683
[8,   120] loss: 0.693
[8,   130] loss: 0.672
[8,   140] loss: 0.750
[8,   150] loss: 0.688
[8,   160] loss: 0.702
[8,   170] loss: 0.695
[8,   180] loss: 0.675
[8,   190] loss: 0.580
[8,   200] loss: 0.707
[8,   210] loss: 0.717
[8,   220] loss: 0.617
[8,   230] loss: 0.624
[8,   240] loss: 0.686
[8,   250] loss: 0.730
[8,   260] loss: 0.675
[8,   270] loss: 0.630
[8,   280] loss: 0.649
[8,   290] loss: 0.609
[8,   300] loss: 0.685
[8,   310] loss: 0.625
[8,   320] loss: 0.587
[8,   330] loss: 0.687
[8,   340] loss: 0.653
[8,   350] loss: 0.697
[8,   360] loss: 0.730
[8,   370] loss: 0.714
[8,   380] loss: 0.771
[8,   390] loss: 0.613
[8,   400] loss: 0.765
VALIDATION loss: 2.9487688541412354
[9,    10] loss: 0.714
[9,    20] loss: 0.663
[9,    30] loss: 0.660
[9,    40] loss: 0.595
[9,    50] loss: 0.599
[9,    60] loss: 0.658
[9,    70] loss: 0.704
[9,    80] loss: 0.698
[9,    90] loss: 0.670
[9,   100] loss: 0.613
[9,   110] loss: 0.675
[9,   120] loss: 0.776
[9,   130] loss: 0.653
[9,   140] loss: 0.696
[9,   150] loss: 0.621
[9,   160] loss: 0.612
[9,   170] loss: 0.747
[9,   180] loss: 0.697
[9,   190] loss: 0.674
[9,   200] loss: 0.623
[9,   210] loss: 0.669
[9,   220] loss: 0.607
[9,   230] loss: 0.585
[9,   240] loss: 0.607
[9,   250] loss: 0.588
[9,   260] loss: 0.683
[9,   270] loss: 0.717
[9,   280] loss: 0.628
[9,   290] loss: 0.666
[9,   300] loss: 0.648
[9,   310] loss: 0.592
[9,   320] loss: 0.589
[9,   330] loss: 0.639
[9,   340] loss: 0.587
[9,   350] loss: 0.656
[9,   360] loss: 0.658
[9,   370] loss: 0.705
[9,   380] loss: 0.637
[9,   390] loss: 0.704
[9,   400] loss: 0.660
VALIDATION loss: 0.5860921740531921
[10,    10] loss: 0.665
[10,    20] loss: 0.638
[10,    30] loss: 0.657
[10,    40] loss: 0.591
[10,    50] loss: 0.565
[10,    60] loss: 0.618
[10,    70] loss: 0.678
[10,    80] loss: 0.542
[10,    90] loss: 0.648
[10,   100] loss: 0.598
[10,   110] loss: 0.638
[10,   120] loss: 0.631
[10,   130] loss: 0.643
[10,   140] loss: 0.591
[10,   150] loss: 0.646
[10,   160] loss: 0.616
[10,   170] loss: 0.736
[10,   180] loss: 0.636
[10,   190] loss: 0.644
[10,   200] loss: 0.547
[10,   210] loss: 0.538
[10,   220] loss: 0.528
[10,   230] loss: 0.541
[10,   240] loss: 0.532
[10,   250] loss: 0.609
[10,   260] loss: 0.561
[10,   270] loss: 0.646
[10,   280] loss: 0.520
[10,   290] loss: 0.619
[10,   300] loss: 0.619
[10,   310] loss: 0.593
[10,   320] loss: 0.642
[10,   330] loss: 0.635
[10,   340] loss: 0.636
[10,   350] loss: 0.585
[10,   360] loss: 0.641
[10,   370] loss: 0.622
[10,   380] loss: 0.643
[10,   390] loss: 0.643
[10,   400] loss: 0.573
VALIDATION loss: 0.78872150182724
[11,    10] loss: 0.575
[11,    20] loss: 0.529
[11,    30] loss: 0.573
[11,    40] loss: 0.587
[11,    50] loss: 0.590
[11,    60] loss: 0.621
[11,    70] loss: 0.547
[11,    80] loss: 0.699
[11,    90] loss: 0.581
[11,   100] loss: 0.492
[11,   110] loss: 0.575
[11,   120] loss: 0.561
[11,   130] loss: 0.575
[11,   140] loss: 0.540
[11,   150] loss: 0.571
[11,   160] loss: 0.639
[11,   170] loss: 0.531
[11,   180] loss: 0.591
[11,   190] loss: 0.606
[11,   200] loss: 0.582
[11,   210] loss: 0.649
[11,   220] loss: 0.532
[11,   230] loss: 0.595
[11,   240] loss: 0.520
[11,   250] loss: 0.631
[11,   260] loss: 0.499
[11,   270] loss: 0.571
[11,   280] loss: 0.669
[11,   290] loss: 0.620
[11,   300] loss: 0.561
[11,   310] loss: 0.519
[11,   320] loss: 0.604
[11,   330] loss: 0.615
[11,   340] loss: 0.520
[11,   350] loss: 0.511
[11,   360] loss: 0.570
[11,   370] loss: 0.586
[11,   380] loss: 0.579
[11,   390] loss: 0.753
[11,   400] loss: 0.573
VALIDATION loss: 0.6799943447113037
[12,    10] loss: 0.537
[12,    20] loss: 0.604
[12,    30] loss: 0.556
[12,    40] loss: 0.604
[12,    50] loss: 0.549
[12,    60] loss: 0.578
[12,    70] loss: 0.519
[12,    80] loss: 0.545
[12,    90] loss: 0.532
[12,   100] loss: 0.541
[12,   110] loss: 0.513
[12,   120] loss: 0.540
[12,   130] loss: 0.639
[12,   140] loss: 0.572
[12,   150] loss: 0.556
[12,   160] loss: 0.625
[12,   170] loss: 0.546
[12,   180] loss: 0.571
[12,   190] loss: 0.488
[12,   200] loss: 0.645
[12,   210] loss: 0.504
[12,   220] loss: 0.585
[12,   230] loss: 0.559
[12,   240] loss: 0.582
[12,   250] loss: 0.557
[12,   260] loss: 0.558
[12,   270] loss: 0.599
[12,   280] loss: 0.525
[12,   290] loss: 0.551
[12,   300] loss: 0.503
[12,   310] loss: 0.465
[12,   320] loss: 0.538
[12,   330] loss: 0.567
[12,   340] loss: 0.538
[12,   350] loss: 0.569
[12,   360] loss: 0.514
[12,   370] loss: 0.533
[12,   380] loss: 0.603
[12,   390] loss: 0.560
[12,   400] loss: 0.612
VALIDATION loss: 0.5122520327568054
[13,    10] loss: 0.567
[13,    20] loss: 0.609
[13,    30] loss: 0.494
[13,    40] loss: 0.445
[13,    50] loss: 0.588
[13,    60] loss: 0.513
[13,    70] loss: 0.529
[13,    80] loss: 0.455
[13,    90] loss: 0.540
[13,   100] loss: 0.523
[13,   110] loss: 0.504
[13,   120] loss: 0.533
[13,   130] loss: 0.494
[13,   140] loss: 0.532
[13,   150] loss: 0.511
[13,   160] loss: 0.574
[13,   170] loss: 0.568
[13,   180] loss: 0.558
[13,   190] loss: 0.539
[13,   200] loss: 0.616
[13,   210] loss: 0.465
[13,   220] loss: 0.516
[13,   230] loss: 0.479
[13,   240] loss: 0.560
[13,   250] loss: 0.479
[13,   260] loss: 0.483
[13,   270] loss: 0.551
[13,   280] loss: 0.505
[13,   290] loss: 0.503
[13,   300] loss: 0.476
[13,   310] loss: 0.598
[13,   320] loss: 0.577
[13,   330] loss: 0.516
[13,   340] loss: 0.491
[13,   350] loss: 0.491
[13,   360] loss: 0.545
[13,   370] loss: 0.513
[13,   380] loss: 0.536
[13,   390] loss: 0.502
[13,   400] loss: 0.561
VALIDATION loss: 6.219963550567627
[14,    10] loss: 0.556
[14,    20] loss: 0.479
[14,    30] loss: 0.450
[14,    40] loss: 0.619
[14,    50] loss: 0.563
[14,    60] loss: 0.460
[14,    70] loss: 0.500
[14,    80] loss: 0.402
[14,    90] loss: 0.460
[14,   100] loss: 0.488
[14,   110] loss: 0.526
[14,   120] loss: 0.475
[14,   130] loss: 0.487
[14,   140] loss: 0.499
[14,   150] loss: 0.511
[14,   160] loss: 0.493
[14,   170] loss: 0.471
[14,   180] loss: 0.511
[14,   190] loss: 0.539
[14,   200] loss: 0.443
[14,   210] loss: 0.497
[14,   220] loss: 0.505
[14,   230] loss: 0.526
[14,   240] loss: 0.583
[14,   250] loss: 0.467
[14,   260] loss: 0.548
[14,   270] loss: 0.451
[14,   280] loss: 0.464
[14,   290] loss: 0.455
[14,   300] loss: 0.501
[14,   310] loss: 0.601
[14,   320] loss: 0.531
[14,   330] loss: 0.442
[14,   340] loss: 0.507
[14,   350] loss: 0.489
[14,   360] loss: 0.466
[14,   370] loss: 0.525
[14,   380] loss: 0.547
[14,   390] loss: 0.493
[14,   400] loss: 0.438
VALIDATION loss: 1.07707679271698
[15,    10] loss: 0.520
[15,    20] loss: 0.449
[15,    30] loss: 0.545
[15,    40] loss: 0.512
[15,    50] loss: 0.547
[15,    60] loss: 0.571
[15,    70] loss: 0.491
[15,    80] loss: 0.443
[15,    90] loss: 0.500
[15,   100] loss: 0.492
[15,   110] loss: 0.473
[15,   120] loss: 0.484
[15,   130] loss: 0.534
[15,   140] loss: 0.491
[15,   150] loss: 0.454
[15,   160] loss: 0.557
[15,   170] loss: 0.421
[15,   180] loss: 0.437
[15,   190] loss: 0.491
[15,   200] loss: 0.504
[15,   210] loss: 0.459
[15,   220] loss: 0.569
[15,   230] loss: 0.471
[15,   240] loss: 0.480
[15,   250] loss: 0.504
[15,   260] loss: 0.368
[15,   270] loss: 0.474
[15,   280] loss: 0.483
[15,   290] loss: 0.486
[15,   300] loss: 0.428
[15,   310] loss: 0.513
[15,   320] loss: 0.450
[15,   330] loss: 0.494
[15,   340] loss: 0.538
[15,   350] loss: 0.521
[15,   360] loss: 0.498
[15,   370] loss: 0.521
[15,   380] loss: 0.454
[15,   390] loss: 0.483
[15,   400] loss: 0.451
VALIDATION loss: 0.6314002871513367
[16,    10] loss: 0.417
[16,    20] loss: 0.452
[16,    30] loss: 0.502
[16,    40] loss: 0.476
[16,    50] loss: 0.540
[16,    60] loss: 0.466
[16,    70] loss: 0.404
[16,    80] loss: 0.495
[16,    90] loss: 0.445
[16,   100] loss: 0.388
[16,   110] loss: 0.456
[16,   120] loss: 0.425
[16,   130] loss: 0.445
[16,   140] loss: 0.505
[16,   150] loss: 0.593
[16,   160] loss: 0.486
[16,   170] loss: 0.515
[16,   180] loss: 0.417
[16,   190] loss: 0.436
[16,   200] loss: 0.415
[16,   210] loss: 0.418
[16,   220] loss: 0.426
[16,   230] loss: 0.433
[16,   240] loss: 0.524
[16,   250] loss: 0.334
[16,   260] loss: 0.495
[16,   270] loss: 0.378
[16,   280] loss: 0.487
[16,   290] loss: 0.529
[16,   300] loss: 0.399
[16,   310] loss: 0.550
[16,   320] loss: 0.417
[16,   330] loss: 0.455
[16,   340] loss: 0.480
[16,   350] loss: 0.447
[16,   360] loss: 0.420
[16,   370] loss: 0.391
[16,   380] loss: 0.436
[16,   390] loss: 0.474
[16,   400] loss: 0.438
VALIDATION loss: 0.7309396266937256
[17,    10] loss: 0.520
[17,    20] loss: 0.460
[17,    30] loss: 0.405
[17,    40] loss: 0.449
[17,    50] loss: 0.454
[17,    60] loss: 0.442
[17,    70] loss: 0.375
[17,    80] loss: 0.482
[17,    90] loss: 0.403
[17,   100] loss: 0.448
[17,   110] loss: 0.426
[17,   120] loss: 0.487
[17,   130] loss: 0.511
[17,   140] loss: 0.420
[17,   150] loss: 0.503
[17,   160] loss: 0.458
[17,   170] loss: 0.537
[17,   180] loss: 0.441
[17,   190] loss: 0.379
[17,   200] loss: 0.399
[17,   210] loss: 0.485
[17,   220] loss: 0.433
[17,   230] loss: 0.424
[17,   240] loss: 0.431
[17,   250] loss: 0.465
[17,   260] loss: 0.439
[17,   270] loss: 0.457
[17,   280] loss: 0.422
[17,   290] loss: 0.359
[17,   300] loss: 0.481
[17,   310] loss: 0.476
[17,   320] loss: 0.472
[17,   330] loss: 0.455
[17,   340] loss: 0.412
[17,   350] loss: 0.364
[17,   360] loss: 0.439
[17,   370] loss: 0.485
[17,   380] loss: 0.462
[17,   390] loss: 0.476
[17,   400] loss: 0.430
VALIDATION loss: 0.9599270820617676
[18,    10] loss: 0.396
[18,    20] loss: 0.382
[18,    30] loss: 0.453
[18,    40] loss: 0.399
[18,    50] loss: 0.439
[18,    60] loss: 0.460
[18,    70] loss: 0.384
[18,    80] loss: 0.353
[18,    90] loss: 0.447
[18,   100] loss: 0.432
[18,   110] loss: 0.425
[18,   120] loss: 0.421
[18,   130] loss: 0.456
[18,   140] loss: 0.457
[18,   150] loss: 0.463
[18,   160] loss: 0.436
[18,   170] loss: 0.427
[18,   180] loss: 0.496
[18,   190] loss: 0.418
[18,   200] loss: 0.371
[18,   210] loss: 0.396
[18,   220] loss: 0.497
[18,   230] loss: 0.456
[18,   240] loss: 0.446
[18,   250] loss: 0.431
[18,   260] loss: 0.402
[18,   270] loss: 0.415
[18,   280] loss: 0.383
[18,   290] loss: 0.494
[18,   300] loss: 0.361
[18,   310] loss: 0.440
[18,   320] loss: 0.419
[18,   330] loss: 0.378
[18,   340] loss: 0.400
[18,   350] loss: 0.483
[18,   360] loss: 0.412
[18,   370] loss: 0.398
[18,   380] loss: 0.412
[18,   390] loss: 0.372
[18,   400] loss: 0.382
VALIDATION loss: 0.3299665153026581
[19,    10] loss: 0.361
[19,    20] loss: 0.471
[19,    30] loss: 0.463
[19,    40] loss: 0.350
[19,    50] loss: 0.428
[19,    60] loss: 0.428
[19,    70] loss: 0.387
[19,    80] loss: 0.380
[19,    90] loss: 0.421
[19,   100] loss: 0.429
[19,   110] loss: 0.413
[19,   120] loss: 0.385
[19,   130] loss: 0.501
[19,   140] loss: 0.406
[19,   150] loss: 0.429
[19,   160] loss: 0.433
[19,   170] loss: 0.427
[19,   180] loss: 0.474
[19,   190] loss: 0.421
[19,   200] loss: 0.469
[19,   210] loss: 0.421
[19,   220] loss: 0.345
[19,   230] loss: 0.408
[19,   240] loss: 0.403
[19,   250] loss: 0.468
[19,   260] loss: 0.447
[19,   270] loss: 0.349
[19,   280] loss: 0.387
[19,   290] loss: 0.419
[19,   300] loss: 0.476
[19,   310] loss: 0.457
[19,   320] loss: 0.423
[19,   330] loss: 0.446
[19,   340] loss: 0.399
[19,   350] loss: 0.419
[19,   360] loss: 0.408
[19,   370] loss: 0.374
[19,   380] loss: 0.383
[19,   390] loss: 0.549
[19,   400] loss: 0.389
VALIDATION loss: 2.859821081161499
[20,    10] loss: 0.413
[20,    20] loss: 0.402
[20,    30] loss: 0.421
[20,    40] loss: 0.428
[20,    50] loss: 0.435
[20,    60] loss: 0.362
[20,    70] loss: 0.398
[20,    80] loss: 0.508
[20,    90] loss: 0.430
[20,   100] loss: 0.384
[20,   110] loss: 0.404
[20,   120] loss: 0.307
[20,   130] loss: 0.403
[20,   140] loss: 0.436
[20,   150] loss: 0.438
[20,   160] loss: 0.373
[20,   170] loss: 0.397
[20,   180] loss: 0.380
[20,   190] loss: 0.479
[20,   200] loss: 0.421
[20,   210] loss: 0.431
[20,   220] loss: 0.348
[20,   230] loss: 0.411
[20,   240] loss: 0.398
[20,   250] loss: 0.471
[20,   260] loss: 0.441
[20,   270] loss: 0.377
[20,   280] loss: 0.410
[20,   290] loss: 0.408
[20,   300] loss: 0.379
[20,   310] loss: 0.394
[20,   320] loss: 0.393
[20,   330] loss: 0.315
[20,   340] loss: 0.404
[20,   350] loss: 0.393
[20,   360] loss: 0.407
[20,   370] loss: 0.405
[20,   380] loss: 0.359
[20,   390] loss: 0.395
[20,   400] loss: 0.377
VALIDATION loss: 0.3694399893283844
[21,    10] loss: 0.445
[21,    20] loss: 0.444
[21,    30] loss: 0.424
[21,    40] loss: 0.375
[21,    50] loss: 0.422
[21,    60] loss: 0.388
[21,    70] loss: 0.424
[21,    80] loss: 0.305
[21,    90] loss: 0.388
[21,   100] loss: 0.382
[21,   110] loss: 0.416
[21,   120] loss: 0.435
[21,   130] loss: 0.343
[21,   140] loss: 0.387
[21,   150] loss: 0.395
[21,   160] loss: 0.491
[21,   170] loss: 0.401
[21,   180] loss: 0.384
[21,   190] loss: 0.469
[21,   200] loss: 0.399
[21,   210] loss: 0.337
[21,   220] loss: 0.449
[21,   230] loss: 0.446
[21,   240] loss: 0.500
[21,   250] loss: 0.400
[21,   260] loss: 0.450
[21,   270] loss: 0.404
[21,   280] loss: 0.400
[21,   290] loss: 0.385
[21,   300] loss: 0.424
[21,   310] loss: 0.409
[21,   320] loss: 0.365
[21,   330] loss: 0.408
[21,   340] loss: 0.526
[21,   350] loss: 0.409
[21,   360] loss: 0.423
[21,   370] loss: 0.334
[21,   380] loss: 0.365
[21,   390] loss: 0.362
[21,   400] loss: 0.419
VALIDATION loss: 10.90212345123291
[22,    10] loss: 0.404
[22,    20] loss: 0.340
[22,    30] loss: 0.345
[22,    40] loss: 0.334
[22,    50] loss: 0.407
[22,    60] loss: 0.318
[22,    70] loss: 0.384
[22,    80] loss: 0.365
[22,    90] loss: 0.380
[22,   100] loss: 0.334
[22,   110] loss: 0.385
[22,   120] loss: 0.408
[22,   130] loss: 0.337
[22,   140] loss: 0.415
[22,   150] loss: 0.376
[22,   160] loss: 0.302
[22,   170] loss: 0.350
[22,   180] loss: 0.392
[22,   190] loss: 0.389
[22,   200] loss: 0.403
[22,   210] loss: 0.438
[22,   220] loss: 0.366
[22,   230] loss: 0.424
[22,   240] loss: 0.424
[22,   250] loss: 0.450
[22,   260] loss: 0.340
[22,   270] loss: 0.354
[22,   280] loss: 0.392
[22,   290] loss: 0.377
[22,   300] loss: 0.381
[22,   310] loss: 0.392
[22,   320] loss: 0.384
[22,   330] loss: 0.350
[22,   340] loss: 0.402
[22,   350] loss: 0.392
[22,   360] loss: 0.336
[22,   370] loss: 0.416
[22,   380] loss: 0.386
[22,   390] loss: 0.378
[22,   400] loss: 0.416
VALIDATION loss: 0.3966559171676636
[23,    10] loss: 0.385
[23,    20] loss: 0.360
[23,    30] loss: 0.381
[23,    40] loss: 0.354
[23,    50] loss: 0.358
[23,    60] loss: 0.354
[23,    70] loss: 0.328
[23,    80] loss: 0.353
[23,    90] loss: 0.329
[23,   100] loss: 0.347
[23,   110] loss: 0.382
[23,   120] loss: 0.435
[23,   130] loss: 0.436
[23,   140] loss: 0.317
[23,   150] loss: 0.338
[23,   160] loss: 0.429
[23,   170] loss: 0.348
[23,   180] loss: 0.338
[23,   190] loss: 0.377
[23,   200] loss: 0.350
[23,   210] loss: 0.388
[23,   220] loss: 0.343
[23,   230] loss: 0.351
[23,   240] loss: 0.355
[23,   250] loss: 0.303
[23,   260] loss: 0.432
[23,   270] loss: 0.416
[23,   280] loss: 0.365
[23,   290] loss: 0.339
[23,   300] loss: 0.402
[23,   310] loss: 0.370
[23,   320] loss: 0.456
[23,   330] loss: 0.313
[23,   340] loss: 0.336
[23,   350] loss: 0.390
[23,   360] loss: 0.380
[23,   370] loss: 0.302
[23,   380] loss: 0.392
[23,   390] loss: 0.387
[23,   400] loss: 0.400
VALIDATION loss: 0.30624160170555115
[24,    10] loss: 0.381
[24,    20] loss: 0.357
[24,    30] loss: 0.358
[24,    40] loss: 0.367
[24,    50] loss: 0.397
[24,    60] loss: 0.364
[24,    70] loss: 0.360
[24,    80] loss: 0.362
[24,    90] loss: 0.335
[24,   100] loss: 0.373
[24,   110] loss: 0.339
[24,   120] loss: 0.324
[24,   130] loss: 0.377
[24,   140] loss: 0.370
[24,   150] loss: 0.411
[24,   160] loss: 0.334
[24,   170] loss: 0.325
[24,   180] loss: 0.396
[24,   190] loss: 0.390
[24,   200] loss: 0.325
[24,   210] loss: 0.334
[24,   220] loss: 0.355
[24,   230] loss: 0.362
[24,   240] loss: 0.390
[24,   250] loss: 0.362
[24,   260] loss: 0.287
[24,   270] loss: 0.329
[24,   280] loss: 0.346
[24,   290] loss: 0.342
[24,   300] loss: 0.353
[24,   310] loss: 0.325
[24,   320] loss: 0.387
[24,   330] loss: 0.334
[24,   340] loss: 0.358
[24,   350] loss: 0.404
[24,   360] loss: 0.355
[24,   370] loss: 0.360
[24,   380] loss: 0.361
[24,   390] loss: 0.331
[24,   400] loss: 0.322
VALIDATION loss: 0.2995206415653229
[25,    10] loss: 0.398
[25,    20] loss: 0.322
[25,    30] loss: 0.298
[25,    40] loss: 0.386
[25,    50] loss: 0.336
[25,    60] loss: 0.358
[25,    70] loss: 0.342
[25,    80] loss: 0.387
[25,    90] loss: 0.329
[25,   100] loss: 0.327
[25,   110] loss: 0.366
[25,   120] loss: 0.376
[25,   130] loss: 0.343
[25,   140] loss: 0.315
[25,   150] loss: 0.421
[25,   160] loss: 0.299
[25,   170] loss: 0.372
[25,   180] loss: 0.368
[25,   190] loss: 0.429
[25,   200] loss: 0.373
[25,   210] loss: 0.304
[25,   220] loss: 0.361
[25,   230] loss: 0.308
[25,   240] loss: 0.359
[25,   250] loss: 0.365
[25,   260] loss: 0.365
[25,   270] loss: 0.342
[25,   280] loss: 0.304
[25,   290] loss: 0.294
[25,   300] loss: 0.318
[25,   310] loss: 0.357
[25,   320] loss: 0.379
[25,   330] loss: 0.249
[25,   340] loss: 0.332
[25,   350] loss: 0.314
[25,   360] loss: 0.343
[25,   370] loss: 0.378
[25,   380] loss: 0.367
[25,   390] loss: 0.458
[25,   400] loss: 0.398
VALIDATION loss: 2.779365301132202
[26,    10] loss: 0.334
[26,    20] loss: 0.345
[26,    30] loss: 0.317
[26,    40] loss: 0.361
[26,    50] loss: 0.305
[26,    60] loss: 0.351
[26,    70] loss: 0.322
[26,    80] loss: 0.320
[26,    90] loss: 0.316
[26,   100] loss: 0.428
[26,   110] loss: 0.325
[26,   120] loss: 0.362
[26,   130] loss: 0.339
[26,   140] loss: 0.326
[26,   150] loss: 0.385
[26,   160] loss: 0.344
[26,   170] loss: 0.369
[26,   180] loss: 0.321
[26,   190] loss: 0.373
[26,   200] loss: 0.393
[26,   210] loss: 0.306
[26,   220] loss: 0.321
[26,   230] loss: 0.298
[26,   240] loss: 0.302
[26,   250] loss: 0.358
[26,   260] loss: 0.319
[26,   270] loss: 0.377
[26,   280] loss: 0.308
[26,   290] loss: 0.301
[26,   300] loss: 0.341
[26,   310] loss: 0.332
[26,   320] loss: 0.314
[26,   330] loss: 0.320
[26,   340] loss: 0.371
[26,   350] loss: 0.327
[26,   360] loss: 0.407
[26,   370] loss: 0.284
[26,   380] loss: 0.365
[26,   390] loss: 0.296
[26,   400] loss: 0.334
VALIDATION loss: 0.41801130771636963
[27,    10] loss: 0.361
[27,    20] loss: 0.297
[27,    30] loss: 0.374
[27,    40] loss: 0.353
[27,    50] loss: 0.348
[27,    60] loss: 0.289
[27,    70] loss: 0.292
[27,    80] loss: 0.298
[27,    90] loss: 0.368
[27,   100] loss: 0.250
[27,   110] loss: 0.335
[27,   120] loss: 0.320
[27,   130] loss: 0.285
[27,   140] loss: 0.394
[27,   150] loss: 0.326
[27,   160] loss: 0.314
[27,   170] loss: 0.332
[27,   180] loss: 0.340
[27,   190] loss: 0.335
[27,   200] loss: 0.361
[27,   210] loss: 0.352
[27,   220] loss: 0.278
[27,   230] loss: 0.272
[27,   240] loss: 0.397
[27,   250] loss: 0.396
[27,   260] loss: 0.300
[27,   270] loss: 0.337
[27,   280] loss: 0.301
[27,   290] loss: 0.296
[27,   300] loss: 0.420
[27,   310] loss: 0.242
[27,   320] loss: 0.370
[27,   330] loss: 0.383
[27,   340] loss: 0.312
[27,   350] loss: 0.315
[27,   360] loss: 0.344
[27,   370] loss: 0.324
[27,   380] loss: 0.320
[27,   390] loss: 0.288
[27,   400] loss: 0.362
VALIDATION loss: 2.1852285861968994
[28,    10] loss: 0.297
[28,    20] loss: 0.315
[28,    30] loss: 0.276
[28,    40] loss: 0.350
[28,    50] loss: 0.395
[28,    60] loss: 0.393
[28,    70] loss: 0.328
[28,    80] loss: 0.304
[28,    90] loss: 0.336
[28,   100] loss: 0.260
[28,   110] loss: 0.250
[28,   120] loss: 0.297
[28,   130] loss: 0.293
[28,   140] loss: 0.341
[28,   150] loss: 0.344
[28,   160] loss: 0.287
[28,   170] loss: 0.381
[28,   180] loss: 0.348
[28,   190] loss: 0.414
[28,   200] loss: 0.357
[28,   210] loss: 0.344
[28,   220] loss: 0.331
[28,   230] loss: 0.321
[28,   240] loss: 0.308
[28,   250] loss: 0.330
[28,   260] loss: 0.302
[28,   270] loss: 0.277
[28,   280] loss: 0.304
[28,   290] loss: 0.329
[28,   300] loss: 0.379
[28,   310] loss: 0.359
[28,   320] loss: 0.329
[28,   330] loss: 0.334
[28,   340] loss: 0.422
[28,   350] loss: 0.293
[28,   360] loss: 0.340
[28,   370] loss: 0.341
[28,   380] loss: 0.301
[28,   390] loss: 0.269
[28,   400] loss: 0.279
VALIDATION loss: 0.287901371717453
[29,    10] loss: 0.287
[29,    20] loss: 0.364
[29,    30] loss: 0.375
[29,    40] loss: 0.260
[29,    50] loss: 0.279
[29,    60] loss: 0.277
[29,    70] loss: 0.300
[29,    80] loss: 0.316
[29,    90] loss: 0.248
[29,   100] loss: 0.357
[29,   110] loss: 0.320
[29,   120] loss: 0.304
[29,   130] loss: 0.329
[29,   140] loss: 0.229
[29,   150] loss: 0.331
[29,   160] loss: 0.313
[29,   170] loss: 0.269
[29,   180] loss: 0.346
[29,   190] loss: 0.353
[29,   200] loss: 0.361
[29,   210] loss: 0.355
[29,   220] loss: 0.309
[29,   230] loss: 0.334
[29,   240] loss: 0.293
[29,   250] loss: 0.277
[29,   260] loss: 0.280
[29,   270] loss: 0.282
[29,   280] loss: 0.338
[29,   290] loss: 0.311
[29,   300] loss: 0.326
[29,   310] loss: 0.364
[29,   320] loss: 0.381
[29,   330] loss: 0.327
[29,   340] loss: 0.344
[29,   350] loss: 0.378
[29,   360] loss: 0.353
[29,   370] loss: 0.338
[29,   380] loss: 0.357
[29,   390] loss: 0.283
[29,   400] loss: 0.305
VALIDATION loss: 0.3168180584907532
[30,    10] loss: 0.251
[30,    20] loss: 0.345
[30,    30] loss: 0.378
[30,    40] loss: 0.269
[30,    50] loss: 0.291
[30,    60] loss: 0.301
[30,    70] loss: 0.317
[30,    80] loss: 0.313
[30,    90] loss: 0.340
[30,   100] loss: 0.356
[30,   110] loss: 0.304
[30,   120] loss: 0.299
[30,   130] loss: 0.366
[30,   140] loss: 0.329
[30,   150] loss: 0.333
[30,   160] loss: 0.321
[30,   170] loss: 0.311
[30,   180] loss: 0.305
[30,   190] loss: 0.322
[30,   200] loss: 0.375
[30,   210] loss: 0.301
[30,   220] loss: 0.302
[30,   230] loss: 0.287
[30,   240] loss: 0.286
[30,   250] loss: 0.287
[30,   260] loss: 0.294
[30,   270] loss: 0.315
[30,   280] loss: 0.292
[30,   290] loss: 0.310
[30,   300] loss: 0.339
[30,   310] loss: 0.352
[30,   320] loss: 0.332
[30,   330] loss: 0.266
[30,   340] loss: 0.360
[30,   350] loss: 0.277
[30,   360] loss: 0.246
[30,   370] loss: 0.254
[30,   380] loss: 0.299
[30,   390] loss: 0.334
[30,   400] loss: 0.303
VALIDATION loss: 6.134850978851318
[31,    10] loss: 0.320
[31,    20] loss: 0.260
[31,    30] loss: 0.314
[31,    40] loss: 0.332
[31,    50] loss: 0.302
[31,    60] loss: 0.330
[31,    70] loss: 0.265
[31,    80] loss: 0.343
[31,    90] loss: 0.344
[31,   100] loss: 0.321
[31,   110] loss: 0.303
[31,   120] loss: 0.363
[31,   130] loss: 0.343
[31,   140] loss: 0.304
[31,   150] loss: 0.306
[31,   160] loss: 0.284
[31,   170] loss: 0.329
[31,   180] loss: 0.298
[31,   190] loss: 0.355
[31,   200] loss: 0.327
[31,   210] loss: 0.359
[31,   220] loss: 0.293
[31,   230] loss: 0.332
[31,   240] loss: 0.309
[31,   250] loss: 0.318
[31,   260] loss: 0.308
[31,   270] loss: 0.358
[31,   280] loss: 0.306
[31,   290] loss: 0.320
[31,   300] loss: 0.324
[31,   310] loss: 0.299
[31,   320] loss: 0.313
[31,   330] loss: 0.327
[31,   340] loss: 0.326
[31,   350] loss: 0.266
[31,   360] loss: 0.282
[31,   370] loss: 0.310
[31,   380] loss: 0.280
[31,   390] loss: 0.249
[31,   400] loss: 0.295
VALIDATION loss: 0.27053967118263245
[32,    10] loss: 0.318
[32,    20] loss: 0.268
[32,    30] loss: 0.254
[32,    40] loss: 0.305
[32,    50] loss: 0.333
[32,    60] loss: 0.316
[32,    70] loss: 0.263
[32,    80] loss: 0.311
[32,    90] loss: 0.290
[32,   100] loss: 0.352
[32,   110] loss: 0.254
[32,   120] loss: 0.223
[32,   130] loss: 0.260
[32,   140] loss: 0.249
[32,   150] loss: 0.259
[32,   160] loss: 0.264
[32,   170] loss: 0.356
[32,   180] loss: 0.277
[32,   190] loss: 0.324
[32,   200] loss: 0.255
[32,   210] loss: 0.347
[32,   220] loss: 0.305
[32,   230] loss: 0.337
[32,   240] loss: 0.325
[32,   250] loss: 0.250
[32,   260] loss: 0.260
[32,   270] loss: 0.370
[32,   280] loss: 0.274
[32,   290] loss: 0.335
[32,   300] loss: 0.307
[32,   310] loss: 0.290
[32,   320] loss: 0.287
[32,   330] loss: 0.271
[32,   340] loss: 0.320
[32,   350] loss: 0.294
[32,   360] loss: 0.265
[32,   370] loss: 0.289
[32,   380] loss: 0.270
[32,   390] loss: 0.335
[32,   400] loss: 0.203
VALIDATION loss: 1.142881155014038
[33,    10] loss: 0.279
[33,    20] loss: 0.233
[33,    30] loss: 0.311
[33,    40] loss: 0.303
[33,    50] loss: 0.284
[33,    60] loss: 0.328
[33,    70] loss: 0.305
[33,    80] loss: 0.253
[33,    90] loss: 0.265
[33,   100] loss: 0.294
[33,   110] loss: 0.275
[33,   120] loss: 0.296
[33,   130] loss: 0.254
[33,   140] loss: 0.256
[33,   150] loss: 0.339
[33,   160] loss: 0.282
[33,   170] loss: 0.293
[33,   180] loss: 0.297
[33,   190] loss: 0.293
[33,   200] loss: 0.303
[33,   210] loss: 0.300
[33,   220] loss: 0.281
[33,   230] loss: 0.355
[33,   240] loss: 0.306
[33,   250] loss: 0.345
[33,   260] loss: 0.291
[33,   270] loss: 0.259
[33,   280] loss: 0.279
[33,   290] loss: 0.303
[33,   300] loss: 0.344
[33,   310] loss: 0.410
[33,   320] loss: 0.329
[33,   330] loss: 0.314
[33,   340] loss: 0.360
[33,   350] loss: 0.285
[33,   360] loss: 0.280
[33,   370] loss: 0.289
[33,   380] loss: 0.248
[33,   390] loss: 0.281
[33,   400] loss: 0.312
VALIDATION loss: 3.9325640201568604
[34,    10] loss: 0.283
[34,    20] loss: 0.322
[34,    30] loss: 0.270
[34,    40] loss: 0.329
[34,    50] loss: 0.299
[34,    60] loss: 0.250
[34,    70] loss: 0.293
[34,    80] loss: 0.251
[34,    90] loss: 0.313
[34,   100] loss: 0.303
[34,   110] loss: 0.260
[34,   120] loss: 0.233
[34,   130] loss: 0.329
[34,   140] loss: 0.306
[34,   150] loss: 0.242
[34,   160] loss: 0.348
[34,   170] loss: 0.251
[34,   180] loss: 0.259
[34,   190] loss: 0.235
[34,   200] loss: 0.245
[34,   210] loss: 0.312
[34,   220] loss: 0.293
[34,   230] loss: 0.296
[34,   240] loss: 0.277
[34,   250] loss: 0.278
[34,   260] loss: 0.339
[34,   270] loss: 0.384
[34,   280] loss: 0.377
[34,   290] loss: 0.279
[34,   300] loss: 0.277
[34,   310] loss: 0.325
[34,   320] loss: 0.241
[34,   330] loss: 0.250
[34,   340] loss: 0.257
[34,   350] loss: 0.311
[34,   360] loss: 0.228
[34,   370] loss: 0.307
[34,   380] loss: 0.229
[34,   390] loss: 0.255
[34,   400] loss: 0.320
VALIDATION loss: 2.164381742477417
[35,    10] loss: 0.291
[35,    20] loss: 0.247
[35,    30] loss: 0.289
[35,    40] loss: 0.260
[35,    50] loss: 0.299
[35,    60] loss: 0.257
[35,    70] loss: 0.273
[35,    80] loss: 0.321
[35,    90] loss: 0.256
[35,   100] loss: 0.296
[35,   110] loss: 0.247
[35,   120] loss: 0.267
[35,   130] loss: 0.245
[35,   140] loss: 0.262
[35,   150] loss: 0.238
[35,   160] loss: 0.285
[35,   170] loss: 0.302
[35,   180] loss: 0.298
[35,   190] loss: 0.283
[35,   200] loss: 0.200
[35,   210] loss: 0.315
[35,   220] loss: 0.249
[35,   230] loss: 0.272
[35,   240] loss: 0.220
[35,   250] loss: 0.289
[35,   260] loss: 0.235
[35,   270] loss: 0.316
[35,   280] loss: 0.242
[35,   290] loss: 0.291
[35,   300] loss: 0.359
[35,   310] loss: 0.248
[35,   320] loss: 0.330
[35,   330] loss: 0.321
[35,   340] loss: 0.261
[35,   350] loss: 0.261
[35,   360] loss: 0.241
[35,   370] loss: 0.291
[35,   380] loss: 0.259
[35,   390] loss: 0.282
[35,   400] loss: 0.316
VALIDATION loss: 1.3415826559066772
[36,    10] loss: 0.325
[36,    20] loss: 0.253
[36,    30] loss: 0.316
[36,    40] loss: 0.302
[36,    50] loss: 0.249
[36,    60] loss: 0.283
[36,    70] loss: 0.210
[36,    80] loss: 0.355
[36,    90] loss: 0.240
[36,   100] loss: 0.263
[36,   110] loss: 0.257
[36,   120] loss: 0.264
[36,   130] loss: 0.288
[36,   140] loss: 0.267
[36,   150] loss: 0.291
[36,   160] loss: 0.221
[36,   170] loss: 0.261
[36,   180] loss: 0.294
[36,   190] loss: 0.308
[36,   200] loss: 0.256
[36,   210] loss: 0.300
[36,   220] loss: 0.239
[36,   230] loss: 0.274
[36,   240] loss: 0.347
[36,   250] loss: 0.276
[36,   260] loss: 0.282
[36,   270] loss: 0.276
[36,   280] loss: 0.285
[36,   290] loss: 0.272
[36,   300] loss: 0.308
[36,   310] loss: 0.241
[36,   320] loss: 0.228
[36,   330] loss: 0.263
[36,   340] loss: 0.297
[36,   350] loss: 0.241
[36,   360] loss: 0.231
[36,   370] loss: 0.238
[36,   380] loss: 0.288
[36,   390] loss: 0.256
[36,   400] loss: 0.311
VALIDATION loss: 0.40677154064178467
[37,    10] loss: 0.228
[37,    20] loss: 0.303
[37,    30] loss: 0.245
[37,    40] loss: 0.294
[37,    50] loss: 0.267
[37,    60] loss: 0.277
[37,    70] loss: 0.297
[37,    80] loss: 0.257
[37,    90] loss: 0.226
[37,   100] loss: 0.286
[37,   110] loss: 0.256
[37,   120] loss: 0.293
[37,   130] loss: 0.238
[37,   140] loss: 0.261
[37,   150] loss: 0.326
[37,   160] loss: 0.269
[37,   170] loss: 0.237
[37,   180] loss: 0.266
[37,   190] loss: 0.249
[37,   200] loss: 0.255
[37,   210] loss: 0.293
[37,   220] loss: 0.255
[37,   230] loss: 0.278
[37,   240] loss: 0.225
[37,   250] loss: 0.243
[37,   260] loss: 0.233
[37,   270] loss: 0.223
[37,   280] loss: 0.261
[37,   290] loss: 0.268
[37,   300] loss: 0.291
[37,   310] loss: 0.274
[37,   320] loss: 0.214
[37,   330] loss: 0.279
[37,   340] loss: 0.260
[37,   350] loss: 0.290
[37,   360] loss: 0.271
[37,   370] loss: 0.255
[37,   380] loss: 0.260
[37,   390] loss: 0.303
[37,   400] loss: 0.282
VALIDATION loss: 0.2562654912471771
[38,    10] loss: 0.290
[38,    20] loss: 0.319
[38,    30] loss: 0.284
[38,    40] loss: 0.317
[38,    50] loss: 0.267
[38,    60] loss: 0.258
[38,    70] loss: 0.296
[38,    80] loss: 0.275
[38,    90] loss: 0.302
[38,   100] loss: 0.281
[38,   110] loss: 0.237
[38,   120] loss: 0.303
[38,   130] loss: 0.290
[38,   140] loss: 0.231
[38,   150] loss: 0.269
[38,   160] loss: 0.295
[38,   170] loss: 0.288
[38,   180] loss: 0.276
[38,   190] loss: 0.354
[38,   200] loss: 0.284
[38,   210] loss: 0.317
[38,   220] loss: 0.282
[38,   230] loss: 0.229
[38,   240] loss: 0.228
[38,   250] loss: 0.221
[38,   260] loss: 0.228
[38,   270] loss: 0.249
[38,   280] loss: 0.201
[38,   290] loss: 0.261
[38,   300] loss: 0.294
[38,   310] loss: 0.218
[38,   320] loss: 0.243
[38,   330] loss: 0.208
[38,   340] loss: 0.303
[38,   350] loss: 0.256
[38,   360] loss: 0.262
[38,   370] loss: 0.249
[38,   380] loss: 0.182
[38,   390] loss: 0.286
[38,   400] loss: 0.243
VALIDATION loss: 0.4282223880290985
[39,    10] loss: 0.247
[39,    20] loss: 0.318
[39,    30] loss: 0.275
[39,    40] loss: 0.299
[39,    50] loss: 0.217
[39,    60] loss: 0.241
[39,    70] loss: 0.216
[39,    80] loss: 0.252
[39,    90] loss: 0.241
[39,   100] loss: 0.251
[39,   110] loss: 0.338
[39,   120] loss: 0.205
[39,   130] loss: 0.195
[39,   140] loss: 0.264
[39,   150] loss: 0.266
[39,   160] loss: 0.200
[39,   170] loss: 0.267
[39,   180] loss: 0.248
[39,   190] loss: 0.185
[39,   200] loss: 0.264
[39,   210] loss: 0.264
[39,   220] loss: 0.224
[39,   230] loss: 0.243
[39,   240] loss: 0.293
[39,   250] loss: 0.290
[39,   260] loss: 0.283
[39,   270] loss: 0.200
[39,   280] loss: 0.291
[39,   290] loss: 0.283
[39,   300] loss: 0.223
[39,   310] loss: 0.263
[39,   320] loss: 0.264
[39,   330] loss: 0.279
[39,   340] loss: 0.292
[39,   350] loss: 0.247
[39,   360] loss: 0.247
[39,   370] loss: 0.301
[39,   380] loss: 0.228
[39,   390] loss: 0.318
[39,   400] loss: 0.253
VALIDATION loss: 3.65651535987854
[40,    10] loss: 0.302
[40,    20] loss: 0.259
[40,    30] loss: 0.259
[40,    40] loss: 0.258
[40,    50] loss: 0.290
[40,    60] loss: 0.303
[40,    70] loss: 0.249
[40,    80] loss: 0.231
[40,    90] loss: 0.245
[40,   100] loss: 0.203
[40,   110] loss: 0.254
[40,   120] loss: 0.291
[40,   130] loss: 0.253
[40,   140] loss: 0.241
[40,   150] loss: 0.257
[40,   160] loss: 0.238
[40,   170] loss: 0.279
[40,   180] loss: 0.194
[40,   190] loss: 0.248
[40,   200] loss: 0.281
[40,   210] loss: 0.223
[40,   220] loss: 0.192
[40,   230] loss: 0.204
[40,   240] loss: 0.318
[40,   250] loss: 0.244
[40,   260] loss: 0.237
[40,   270] loss: 0.308
[40,   280] loss: 0.242
[40,   290] loss: 0.275
[40,   300] loss: 0.264
[40,   310] loss: 0.248
[40,   320] loss: 0.247
[40,   330] loss: 0.242
[40,   340] loss: 0.346
[40,   350] loss: 0.251
[40,   360] loss: 0.283
[40,   370] loss: 0.280
[40,   380] loss: 0.241
[40,   390] loss: 0.257
[40,   400] loss: 0.231
VALIDATION loss: 0.22289404273033142
[41,    10] loss: 0.268
[41,    20] loss: 0.293
[41,    30] loss: 0.273
[41,    40] loss: 0.167
[41,    50] loss: 0.207
[41,    60] loss: 0.236
[41,    70] loss: 0.244
[41,    80] loss: 0.230
[41,    90] loss: 0.317
[41,   100] loss: 0.258
[41,   110] loss: 0.301
[41,   120] loss: 0.248
[41,   130] loss: 0.311
[41,   140] loss: 0.223
[41,   150] loss: 0.251
[41,   160] loss: 0.214
[41,   170] loss: 0.214
[41,   180] loss: 0.232
[41,   190] loss: 0.219
[41,   200] loss: 0.227
[41,   210] loss: 0.228
[41,   220] loss: 0.285
[41,   230] loss: 0.244
[41,   240] loss: 0.257
[41,   250] loss: 0.269
[41,   260] loss: 0.289
[41,   270] loss: 0.306
[41,   280] loss: 0.213
[41,   290] loss: 0.327
[41,   300] loss: 0.267
[41,   310] loss: 0.280
[41,   320] loss: 0.249
[41,   330] loss: 0.271
[41,   340] loss: 0.218
[41,   350] loss: 0.226
[41,   360] loss: 0.238
[41,   370] loss: 0.236
[41,   380] loss: 0.292
[41,   390] loss: 0.312
[41,   400] loss: 0.248
VALIDATION loss: 0.4086648225784302
[42,    10] loss: 0.195
[42,    20] loss: 0.240
[42,    30] loss: 0.239
[42,    40] loss: 0.299
[42,    50] loss: 0.250
[42,    60] loss: 0.267
[42,    70] loss: 0.273
[42,    80] loss: 0.230
[42,    90] loss: 0.278
[42,   100] loss: 0.218
[42,   110] loss: 0.275
[42,   120] loss: 0.242
[42,   130] loss: 0.247
[42,   140] loss: 0.289
[42,   150] loss: 0.241
[42,   160] loss: 0.243
[42,   170] loss: 0.250
[42,   180] loss: 0.226
[42,   190] loss: 0.242
[42,   200] loss: 0.205
[42,   210] loss: 0.261
[42,   220] loss: 0.285
[42,   230] loss: 0.256
[42,   240] loss: 0.292
[42,   250] loss: 0.258
[42,   260] loss: 0.228
[42,   270] loss: 0.230
[42,   280] loss: 0.224
[42,   290] loss: 0.241
[42,   300] loss: 0.279
[42,   310] loss: 0.225
[42,   320] loss: 0.255
[42,   330] loss: 0.193
[42,   340] loss: 0.223
[42,   350] loss: 0.245
[42,   360] loss: 0.214
[42,   370] loss: 0.298
[42,   380] loss: 0.209
[42,   390] loss: 0.230
[42,   400] loss: 0.271
VALIDATION loss: 0.34373608231544495
[43,    10] loss: 0.261
[43,    20] loss: 0.263
[43,    30] loss: 0.299
[43,    40] loss: 0.215
[43,    50] loss: 0.231
[43,    60] loss: 0.291
[43,    70] loss: 0.269
[43,    80] loss: 0.261
[43,    90] loss: 0.248
[43,   100] loss: 0.312
[43,   110] loss: 0.219
[43,   120] loss: 0.242
[43,   130] loss: 0.265
[43,   140] loss: 0.262
[43,   150] loss: 0.237
[43,   160] loss: 0.190
[43,   170] loss: 0.240
[43,   180] loss: 0.281
[43,   190] loss: 0.280
[43,   200] loss: 0.263
[43,   210] loss: 0.225
[43,   220] loss: 0.279
[43,   230] loss: 0.269
[43,   240] loss: 0.227
[43,   250] loss: 0.269
[43,   260] loss: 0.227
[43,   270] loss: 0.256
[43,   280] loss: 0.188
[43,   290] loss: 0.250
[43,   300] loss: 0.235
[43,   310] loss: 0.241
[43,   320] loss: 0.247
[43,   330] loss: 0.222
[43,   340] loss: 0.203
[43,   350] loss: 0.255
[43,   360] loss: 0.195
[43,   370] loss: 0.189
[43,   380] loss: 0.216
[43,   390] loss: 0.277
[43,   400] loss: 0.307
VALIDATION loss: 0.28405970335006714
[44,    10] loss: 0.214
[44,    20] loss: 0.244
[44,    30] loss: 0.258
[44,    40] loss: 0.260
[44,    50] loss: 0.270
[44,    60] loss: 0.278
[44,    70] loss: 0.246
[44,    80] loss: 0.202
[44,    90] loss: 0.254
[44,   100] loss: 0.262
[44,   110] loss: 0.220
[44,   120] loss: 0.232
[44,   130] loss: 0.234
[44,   140] loss: 0.238
[44,   150] loss: 0.188
[44,   160] loss: 0.300
[44,   170] loss: 0.267
[44,   180] loss: 0.213
[44,   190] loss: 0.237
[44,   200] loss: 0.215
[44,   210] loss: 0.274
[44,   220] loss: 0.287
[44,   230] loss: 0.288
[44,   240] loss: 0.255
[44,   250] loss: 0.208
[44,   260] loss: 0.251
[44,   270] loss: 0.193
[44,   280] loss: 0.256
[44,   290] loss: 0.263
[44,   300] loss: 0.199
[44,   310] loss: 0.206
[44,   320] loss: 0.309
[44,   330] loss: 0.268
[44,   340] loss: 0.258
[44,   350] loss: 0.258
[44,   360] loss: 0.241
[44,   370] loss: 0.237
[44,   380] loss: 0.222
[44,   390] loss: 0.223
[44,   400] loss: 0.223
VALIDATION loss: 0.8714869618415833
[45,    10] loss: 0.192
[45,    20] loss: 0.205
[45,    30] loss: 0.268
[45,    40] loss: 0.185
[45,    50] loss: 0.204
[45,    60] loss: 0.253
[45,    70] loss: 0.211
[45,    80] loss: 0.257
[45,    90] loss: 0.229
[45,   100] loss: 0.255
[45,   110] loss: 0.224
[45,   120] loss: 0.245
[45,   130] loss: 0.235
[45,   140] loss: 0.224
[45,   150] loss: 0.211
[45,   160] loss: 0.262
[45,   170] loss: 0.204
[45,   180] loss: 0.203
[45,   190] loss: 0.234
[45,   200] loss: 0.219
[45,   210] loss: 0.233
[45,   220] loss: 0.232
[45,   230] loss: 0.223
[45,   240] loss: 0.164
[45,   250] loss: 0.238
[45,   260] loss: 0.286
[45,   270] loss: 0.282
[45,   280] loss: 0.237
[45,   290] loss: 0.239
[45,   300] loss: 0.217
[45,   310] loss: 0.282
[45,   320] loss: 0.293
[45,   330] loss: 0.230
[45,   340] loss: 0.260
[45,   350] loss: 0.249
[45,   360] loss: 0.262
[45,   370] loss: 0.266
[45,   380] loss: 0.247
[45,   390] loss: 0.241
[45,   400] loss: 0.210
VALIDATION loss: 0.6408049464225769
[46,    10] loss: 0.266
[46,    20] loss: 0.262
[46,    30] loss: 0.350
[46,    40] loss: 0.235
[46,    50] loss: 0.240
[46,    60] loss: 0.202
[46,    70] loss: 0.250
[46,    80] loss: 0.270
[46,    90] loss: 0.317
[46,   100] loss: 0.234
[46,   110] loss: 0.219
[46,   120] loss: 0.253
[46,   130] loss: 0.236
[46,   140] loss: 0.217
[46,   150] loss: 0.250
[46,   160] loss: 0.242
[46,   170] loss: 0.176
[46,   180] loss: 0.279
[46,   190] loss: 0.243
[46,   200] loss: 0.232
[46,   210] loss: 0.256
[46,   220] loss: 0.237
[46,   230] loss: 0.230
[46,   240] loss: 0.229
[46,   250] loss: 0.265
[46,   260] loss: 0.236
[46,   270] loss: 0.186
[46,   280] loss: 0.188
[46,   290] loss: 0.183
[46,   300] loss: 0.232
[46,   310] loss: 0.210
[46,   320] loss: 0.227
[46,   330] loss: 0.179
[46,   340] loss: 0.278
[46,   350] loss: 0.208
[46,   360] loss: 0.222
[46,   370] loss: 0.237
[46,   380] loss: 0.233
[46,   390] loss: 0.237
[46,   400] loss: 0.240
VALIDATION loss: 0.3324853479862213
[47,    10] loss: 0.232
[47,    20] loss: 0.233
[47,    30] loss: 0.265
[47,    40] loss: 0.210
[47,    50] loss: 0.279
[47,    60] loss: 0.240
[47,    70] loss: 0.274
[47,    80] loss: 0.272
[47,    90] loss: 0.186
[47,   100] loss: 0.206
[47,   110] loss: 0.311
[47,   120] loss: 0.199
[47,   130] loss: 0.268
[47,   140] loss: 0.237
[47,   150] loss: 0.192
[47,   160] loss: 0.234
[47,   170] loss: 0.209
[47,   180] loss: 0.203
[47,   190] loss: 0.263
[47,   200] loss: 0.212
[47,   210] loss: 0.255
[47,   220] loss: 0.217
[47,   230] loss: 0.226
[47,   240] loss: 0.186
[47,   250] loss: 0.205
[47,   260] loss: 0.226
[47,   270] loss: 0.200
[47,   280] loss: 0.232
[47,   290] loss: 0.214
[47,   300] loss: 0.230
[47,   310] loss: 0.267
[47,   320] loss: 0.194
[47,   330] loss: 0.255
[47,   340] loss: 0.253
[47,   350] loss: 0.257
[47,   360] loss: 0.271
[47,   370] loss: 0.244
[47,   380] loss: 0.216
[47,   390] loss: 0.195
[47,   400] loss: 0.206
VALIDATION loss: 0.21410664916038513
[48,    10] loss: 0.210
[48,    20] loss: 0.198
[48,    30] loss: 0.245
[48,    40] loss: 0.190
[48,    50] loss: 0.259
[48,    60] loss: 0.205
[48,    70] loss: 0.209
[48,    80] loss: 0.212
[48,    90] loss: 0.206
[48,   100] loss: 0.269
[48,   110] loss: 0.216
[48,   120] loss: 0.247
[48,   130] loss: 0.256
[48,   140] loss: 0.263
[48,   150] loss: 0.230
[48,   160] loss: 0.241
[48,   170] loss: 0.240
[48,   180] loss: 0.248
[48,   190] loss: 0.210
[48,   200] loss: 0.191
[48,   210] loss: 0.192
[48,   220] loss: 0.238
[48,   230] loss: 0.167
[48,   240] loss: 0.343
[48,   250] loss: 0.237
[48,   260] loss: 0.221
[48,   270] loss: 0.187
[48,   280] loss: 0.256
[48,   290] loss: 0.240
[48,   300] loss: 0.234
[48,   310] loss: 0.200
[48,   320] loss: 0.225
[48,   330] loss: 0.219
[48,   340] loss: 0.218
[48,   350] loss: 0.257
[48,   360] loss: 0.289
[48,   370] loss: 0.223
[48,   380] loss: 0.290
[48,   390] loss: 0.210
[48,   400] loss: 0.192
VALIDATION loss: 0.576802670955658
[49,    10] loss: 0.228
[49,    20] loss: 0.237
[49,    30] loss: 0.187
[49,    40] loss: 0.192
[49,    50] loss: 0.207
[49,    60] loss: 0.200
[49,    70] loss: 0.253
[49,    80] loss: 0.212
[49,    90] loss: 0.211
[49,   100] loss: 0.239
[49,   110] loss: 0.254
[49,   120] loss: 0.193
[49,   130] loss: 0.256
[49,   140] loss: 0.204
[49,   150] loss: 0.220
[49,   160] loss: 0.253
[49,   170] loss: 0.237
[49,   180] loss: 0.263
[49,   190] loss: 0.175
[49,   200] loss: 0.204
[49,   210] loss: 0.207
[49,   220] loss: 0.263
[49,   230] loss: 0.206
[49,   240] loss: 0.246
[49,   250] loss: 0.242
[49,   260] loss: 0.226
[49,   270] loss: 0.180
[49,   280] loss: 0.229
[49,   290] loss: 0.208
[49,   300] loss: 0.234
[49,   310] loss: 0.252
[49,   320] loss: 0.185
[49,   330] loss: 0.249
[49,   340] loss: 0.191
[49,   350] loss: 0.200
[49,   360] loss: 0.247
[49,   370] loss: 0.222
[49,   380] loss: 0.227
[49,   390] loss: 0.221
[49,   400] loss: 0.203
VALIDATION loss: 0.3009371757507324
[50,    10] loss: 0.209
[50,    20] loss: 0.167
[50,    30] loss: 0.189
[50,    40] loss: 0.236
[50,    50] loss: 0.213
[50,    60] loss: 0.239
[50,    70] loss: 0.199
[50,    80] loss: 0.195
[50,    90] loss: 0.207
[50,   100] loss: 0.204
[50,   110] loss: 0.204
[50,   120] loss: 0.249
[50,   130] loss: 0.211
[50,   140] loss: 0.267
[50,   150] loss: 0.232
[50,   160] loss: 0.212
[50,   170] loss: 0.207
[50,   180] loss: 0.250
[50,   190] loss: 0.189
[50,   200] loss: 0.205
[50,   210] loss: 0.196
[50,   220] loss: 0.223
[50,   230] loss: 0.267
[50,   240] loss: 0.251
[50,   250] loss: 0.273
[50,   260] loss: 0.239
[50,   270] loss: 0.154
[50,   280] loss: 0.225
[50,   290] loss: 0.234
[50,   300] loss: 0.181
[50,   310] loss: 0.260
[50,   320] loss: 0.251
[50,   330] loss: 0.220
[50,   340] loss: 0.211
[50,   350] loss: 0.184
[50,   360] loss: 0.191
[50,   370] loss: 0.179
[50,   380] loss: 0.222
[50,   390] loss: 0.206
[50,   400] loss: 0.192
VALIDATION loss: 0.20489484071731567
[51,    10] loss: 0.179
[51,    20] loss: 0.238
[51,    30] loss: 0.210
[51,    40] loss: 0.195
[51,    50] loss: 0.217
[51,    60] loss: 0.264
[51,    70] loss: 0.236
[51,    80] loss: 0.244
[51,    90] loss: 0.259
[51,   100] loss: 0.233
[51,   110] loss: 0.210
[51,   120] loss: 0.229
[51,   130] loss: 0.257
[51,   140] loss: 0.212
[51,   150] loss: 0.216
[51,   160] loss: 0.184
[51,   170] loss: 0.252
[51,   180] loss: 0.192
[51,   190] loss: 0.213
[51,   200] loss: 0.268
[51,   210] loss: 0.273
[51,   220] loss: 0.240
[51,   230] loss: 0.261
[51,   240] loss: 0.210
[51,   250] loss: 0.229
[51,   260] loss: 0.181
[51,   270] loss: 0.239
[51,   280] loss: 0.174
[51,   290] loss: 0.178
[51,   300] loss: 0.185
[51,   310] loss: 0.213
[51,   320] loss: 0.186
[51,   330] loss: 0.212
[51,   340] loss: 0.198
[51,   350] loss: 0.207
[51,   360] loss: 0.164
[51,   370] loss: 0.263
[51,   380] loss: 0.210
[51,   390] loss: 0.247
[51,   400] loss: 0.215
VALIDATION loss: 0.19887970387935638
[52,    10] loss: 0.260
[52,    20] loss: 0.226
[52,    30] loss: 0.189
[52,    40] loss: 0.232
[52,    50] loss: 0.214
[52,    60] loss: 0.224
[52,    70] loss: 0.215
[52,    80] loss: 0.229
[52,    90] loss: 0.183
[52,   100] loss: 0.193
[52,   110] loss: 0.189
[52,   120] loss: 0.272
[52,   130] loss: 0.149
[52,   140] loss: 0.255
[52,   150] loss: 0.248
[52,   160] loss: 0.175
[52,   170] loss: 0.182
[52,   180] loss: 0.188
[52,   190] loss: 0.214
[52,   200] loss: 0.185
[52,   210] loss: 0.197
[52,   220] loss: 0.216
[52,   230] loss: 0.210
[52,   240] loss: 0.215
[52,   250] loss: 0.199
[52,   260] loss: 0.258
[52,   270] loss: 0.220
[52,   280] loss: 0.177
[52,   290] loss: 0.249
[52,   300] loss: 0.215
[52,   310] loss: 0.236
[52,   320] loss: 0.261
[52,   330] loss: 0.200
[52,   340] loss: 0.198
[52,   350] loss: 0.213
[52,   360] loss: 0.188
[52,   370] loss: 0.208
[52,   380] loss: 0.236
[52,   390] loss: 0.214
[52,   400] loss: 0.199
VALIDATION loss: 0.1979956179857254
[53,    10] loss: 0.215
[53,    20] loss: 0.221
[53,    30] loss: 0.245
[53,    40] loss: 0.184
[53,    50] loss: 0.217
[53,    60] loss: 0.231
[53,    70] loss: 0.228
[53,    80] loss: 0.175
[53,    90] loss: 0.201
[53,   100] loss: 0.171
[53,   110] loss: 0.237
[53,   120] loss: 0.216
[53,   130] loss: 0.256
[53,   140] loss: 0.207
[53,   150] loss: 0.213
[53,   160] loss: 0.209
[53,   170] loss: 0.211
[53,   180] loss: 0.176
[53,   190] loss: 0.284
[53,   200] loss: 0.264
[53,   210] loss: 0.235
[53,   220] loss: 0.188
[53,   230] loss: 0.238
[53,   240] loss: 0.267
[53,   250] loss: 0.197
[53,   260] loss: 0.224
[53,   270] loss: 0.180
[53,   280] loss: 0.241
[53,   290] loss: 0.185
[53,   300] loss: 0.255
[53,   310] loss: 0.197
[53,   320] loss: 0.237
[53,   330] loss: 0.219
[53,   340] loss: 0.231
[53,   350] loss: 0.233
[53,   360] loss: 0.189
[53,   370] loss: 0.247
[53,   380] loss: 0.181
[53,   390] loss: 0.235
[53,   400] loss: 0.206
VALIDATION loss: 0.2008345127105713
[54,    10] loss: 0.288
[54,    20] loss: 0.182
[54,    30] loss: 0.215
[54,    40] loss: 0.213
[54,    50] loss: 0.206
[54,    60] loss: 0.169
[54,    70] loss: 0.215
[54,    80] loss: 0.231
[54,    90] loss: 0.192
[54,   100] loss: 0.245
[54,   110] loss: 0.230
[54,   120] loss: 0.215
[54,   130] loss: 0.227
[54,   140] loss: 0.215
[54,   150] loss: 0.227
[54,   160] loss: 0.170
[54,   170] loss: 0.243
[54,   180] loss: 0.184
[54,   190] loss: 0.203
[54,   200] loss: 0.222
[54,   210] loss: 0.205
[54,   220] loss: 0.200
[54,   230] loss: 0.243
[54,   240] loss: 0.272
[54,   250] loss: 0.214
[54,   260] loss: 0.212
[54,   270] loss: 0.199
[54,   280] loss: 0.210
[54,   290] loss: 0.251
[54,   300] loss: 0.198
[54,   310] loss: 0.214
[54,   320] loss: 0.216
[54,   330] loss: 0.165
[54,   340] loss: 0.232
[54,   350] loss: 0.120
[54,   360] loss: 0.209
[54,   370] loss: 0.176
[54,   380] loss: 0.179
[54,   390] loss: 0.210
[54,   400] loss: 0.219
VALIDATION loss: 0.232553169131279
[55,    10] loss: 0.200
[55,    20] loss: 0.208
[55,    30] loss: 0.188
[55,    40] loss: 0.241
[55,    50] loss: 0.211
[55,    60] loss: 0.189
[55,    70] loss: 0.197
[55,    80] loss: 0.242
[55,    90] loss: 0.226
[55,   100] loss: 0.188
[55,   110] loss: 0.195
[55,   120] loss: 0.158
[55,   130] loss: 0.160
[55,   140] loss: 0.166
[55,   150] loss: 0.155
[55,   160] loss: 0.222
[55,   170] loss: 0.222
[55,   180] loss: 0.212
[55,   190] loss: 0.232
[55,   200] loss: 0.198
[55,   210] loss: 0.230
[55,   220] loss: 0.193
[55,   230] loss: 0.244
[55,   240] loss: 0.264
[55,   250] loss: 0.226
[55,   260] loss: 0.261
[55,   270] loss: 0.221
[55,   280] loss: 0.210
[55,   290] loss: 0.223
[55,   300] loss: 0.205
[55,   310] loss: 0.190
[55,   320] loss: 0.214
[55,   330] loss: 0.198
[55,   340] loss: 0.262
[55,   350] loss: 0.222
[55,   360] loss: 0.233
[55,   370] loss: 0.247
[55,   380] loss: 0.218
[55,   390] loss: 0.209
[55,   400] loss: 0.166
VALIDATION loss: 0.20595453679561615
[56,    10] loss: 0.228
[56,    20] loss: 0.223
[56,    30] loss: 0.189
[56,    40] loss: 0.196
[56,    50] loss: 0.189
[56,    60] loss: 0.186
[56,    70] loss: 0.189
[56,    80] loss: 0.217
[56,    90] loss: 0.208
[56,   100] loss: 0.229
[56,   110] loss: 0.229
[56,   120] loss: 0.208
[56,   130] loss: 0.179
[56,   140] loss: 0.204
[56,   150] loss: 0.234
[56,   160] loss: 0.190
[56,   170] loss: 0.196
[56,   180] loss: 0.229
[56,   190] loss: 0.258
[56,   200] loss: 0.221
[56,   210] loss: 0.196
[56,   220] loss: 0.201
[56,   230] loss: 0.210
[56,   240] loss: 0.183
[56,   250] loss: 0.233
[56,   260] loss: 0.192
[56,   270] loss: 0.211
[56,   280] loss: 0.167
[56,   290] loss: 0.199
[56,   300] loss: 0.199
[56,   310] loss: 0.214
[56,   320] loss: 0.149
[56,   330] loss: 0.206
[56,   340] loss: 0.165
[56,   350] loss: 0.241
[56,   360] loss: 0.188
[56,   370] loss: 0.238
[56,   380] loss: 0.255
[56,   390] loss: 0.305
[56,   400] loss: 0.264
VALIDATION loss: 0.5981342196464539
[57,    10] loss: 0.271
[57,    20] loss: 0.219
[57,    30] loss: 0.238
[57,    40] loss: 0.184
[57,    50] loss: 0.210
[57,    60] loss: 0.191
[57,    70] loss: 0.217
[57,    80] loss: 0.265
[57,    90] loss: 0.254
[57,   100] loss: 0.233
[57,   110] loss: 0.233
[57,   120] loss: 0.166
[57,   130] loss: 0.214
[57,   140] loss: 0.164
[57,   150] loss: 0.174
[57,   160] loss: 0.219
[57,   170] loss: 0.178
[57,   180] loss: 0.169
[57,   190] loss: 0.214
[57,   200] loss: 0.211
[57,   210] loss: 0.166
[57,   220] loss: 0.186
[57,   230] loss: 0.185
[57,   240] loss: 0.189
[57,   250] loss: 0.237
[57,   260] loss: 0.176
[57,   270] loss: 0.224
[57,   280] loss: 0.219
[57,   290] loss: 0.249
[57,   300] loss: 0.164
[57,   310] loss: 0.171
[57,   320] loss: 0.236
[57,   330] loss: 0.185
[57,   340] loss: 0.191
[57,   350] loss: 0.197
[57,   360] loss: 0.240
[57,   370] loss: 0.213
[57,   380] loss: 0.219
[57,   390] loss: 0.170
[57,   400] loss: 0.195
VALIDATION loss: 0.40320414304733276
[58,    10] loss: 0.180
[58,    20] loss: 0.173
[58,    30] loss: 0.226
[58,    40] loss: 0.205
[58,    50] loss: 0.165
[58,    60] loss: 0.194
[58,    70] loss: 0.205
[58,    80] loss: 0.213
[58,    90] loss: 0.197
[58,   100] loss: 0.206
[58,   110] loss: 0.211
[58,   120] loss: 0.204
[58,   130] loss: 0.247
[58,   140] loss: 0.253
[58,   150] loss: 0.177
[58,   160] loss: 0.191
[58,   170] loss: 0.195
[58,   180] loss: 0.264
[58,   190] loss: 0.222
[58,   200] loss: 0.187
[58,   210] loss: 0.227
[58,   220] loss: 0.226
[58,   230] loss: 0.186
[58,   240] loss: 0.230
[58,   250] loss: 0.166
[58,   260] loss: 0.193
[58,   270] loss: 0.169
[58,   280] loss: 0.155
[58,   290] loss: 0.212
[58,   300] loss: 0.240
[58,   310] loss: 0.202
[58,   320] loss: 0.178
[58,   330] loss: 0.197
[58,   340] loss: 0.207
[58,   350] loss: 0.152
[58,   360] loss: 0.184
[58,   370] loss: 0.187
[58,   380] loss: 0.174
[58,   390] loss: 0.186
[58,   400] loss: 0.241
VALIDATION loss: 0.1925976723432541
[59,    10] loss: 0.178
[59,    20] loss: 0.195
[59,    30] loss: 0.212
[59,    40] loss: 0.150
[59,    50] loss: 0.236
[59,    60] loss: 0.202
[59,    70] loss: 0.149
[59,    80] loss: 0.245
[59,    90] loss: 0.221
[59,   100] loss: 0.201
[59,   110] loss: 0.165
[59,   120] loss: 0.217
[59,   130] loss: 0.226
[59,   140] loss: 0.238
[59,   150] loss: 0.200
[59,   160] loss: 0.224
[59,   170] loss: 0.212
[59,   180] loss: 0.226
[59,   190] loss: 0.195
[59,   200] loss: 0.215
[59,   210] loss: 0.191
[59,   220] loss: 0.202
[59,   230] loss: 0.162
[59,   240] loss: 0.228
[59,   250] loss: 0.180
[59,   260] loss: 0.224
[59,   270] loss: 0.165
[59,   280] loss: 0.183
[59,   290] loss: 0.160
[59,   300] loss: 0.208
[59,   310] loss: 0.188
[59,   320] loss: 0.197
[59,   330] loss: 0.210
[59,   340] loss: 0.198
[59,   350] loss: 0.189
[59,   360] loss: 0.234
[59,   370] loss: 0.215
[59,   380] loss: 0.167
[59,   390] loss: 0.205
[59,   400] loss: 0.187
VALIDATION loss: 0.2367418259382248
[60,    10] loss: 0.151
[60,    20] loss: 0.138
[60,    30] loss: 0.160
[60,    40] loss: 0.200
[60,    50] loss: 0.182
[60,    60] loss: 0.208
[60,    70] loss: 0.219
[60,    80] loss: 0.233
[60,    90] loss: 0.235
[60,   100] loss: 0.244
[60,   110] loss: 0.170
[60,   120] loss: 0.189
[60,   130] loss: 0.207
[60,   140] loss: 0.167
[60,   150] loss: 0.208
[60,   160] loss: 0.174
[60,   170] loss: 0.216
[60,   180] loss: 0.159
[60,   190] loss: 0.234
[60,   200] loss: 0.206
[60,   210] loss: 0.213
[60,   220] loss: 0.189
[60,   230] loss: 0.187
[60,   240] loss: 0.237
[60,   250] loss: 0.189
[60,   260] loss: 0.215
[60,   270] loss: 0.159
[60,   280] loss: 0.229
[60,   290] loss: 0.177
[60,   300] loss: 0.190
[60,   310] loss: 0.188
[60,   320] loss: 0.174
[60,   330] loss: 0.222
[60,   340] loss: 0.166
[60,   350] loss: 0.186
[60,   360] loss: 0.212
[60,   370] loss: 0.198
[60,   380] loss: 0.166
[60,   390] loss: 0.187
[60,   400] loss: 0.283
VALIDATION loss: 0.18011640012264252
[61,    10] loss: 0.161
[61,    20] loss: 0.186
[61,    30] loss: 0.142
[61,    40] loss: 0.222
[61,    50] loss: 0.165
[61,    60] loss: 0.150
[61,    70] loss: 0.185
[61,    80] loss: 0.196
[61,    90] loss: 0.211
[61,   100] loss: 0.217
[61,   110] loss: 0.208
[61,   120] loss: 0.187
[61,   130] loss: 0.239
[61,   140] loss: 0.211
[61,   150] loss: 0.168
[61,   160] loss: 0.165
[61,   170] loss: 0.193
[61,   180] loss: 0.185
[61,   190] loss: 0.201
[61,   200] loss: 0.194
[61,   210] loss: 0.170
[61,   220] loss: 0.195
[61,   230] loss: 0.253
[61,   240] loss: 0.199
[61,   250] loss: 0.179
[61,   260] loss: 0.183
[61,   270] loss: 0.227
[61,   280] loss: 0.179
[61,   290] loss: 0.167
[61,   300] loss: 0.172
[61,   310] loss: 0.154
[61,   320] loss: 0.188
[61,   330] loss: 0.145
[61,   340] loss: 0.197
[61,   350] loss: 0.191
[61,   360] loss: 0.235
[61,   370] loss: 0.163
[61,   380] loss: 0.200
[61,   390] loss: 0.237
[61,   400] loss: 0.181
VALIDATION loss: 0.3323146402835846
[62,    10] loss: 0.184
[62,    20] loss: 0.158
[62,    30] loss: 0.195
[62,    40] loss: 0.216
[62,    50] loss: 0.146
[62,    60] loss: 0.170
[62,    70] loss: 0.212
[62,    80] loss: 0.212
[62,    90] loss: 0.242
[62,   100] loss: 0.170
[62,   110] loss: 0.220
[62,   120] loss: 0.199
[62,   130] loss: 0.149
[62,   140] loss: 0.201
[62,   150] loss: 0.208
[62,   160] loss: 0.191
[62,   170] loss: 0.153
[62,   180] loss: 0.179
[62,   190] loss: 0.191
[62,   200] loss: 0.203
[62,   210] loss: 0.184
[62,   220] loss: 0.171
[62,   230] loss: 0.122
[62,   240] loss: 0.204
[62,   250] loss: 0.216
[62,   260] loss: 0.230
[62,   270] loss: 0.167
[62,   280] loss: 0.194
[62,   290] loss: 0.205
[62,   300] loss: 0.159
[62,   310] loss: 0.204
[62,   320] loss: 0.171
[62,   330] loss: 0.162
[62,   340] loss: 0.183
[62,   350] loss: 0.206
[62,   360] loss: 0.222
[62,   370] loss: 0.190
[62,   380] loss: 0.192
[62,   390] loss: 0.150
[62,   400] loss: 0.195
VALIDATION loss: 0.21084506809711456
[63,    10] loss: 0.211
[63,    20] loss: 0.178
[63,    30] loss: 0.164
[63,    40] loss: 0.153
[63,    50] loss: 0.180
[63,    60] loss: 0.175
[63,    70] loss: 0.170
[63,    80] loss: 0.176
[63,    90] loss: 0.182
[63,   100] loss: 0.214
[63,   110] loss: 0.193
[63,   120] loss: 0.208
[63,   130] loss: 0.197
[63,   140] loss: 0.175
[63,   150] loss: 0.155
[63,   160] loss: 0.177
[63,   170] loss: 0.182
[63,   180] loss: 0.198
[63,   190] loss: 0.182
[63,   200] loss: 0.229
[63,   210] loss: 0.191
[63,   220] loss: 0.223
[63,   230] loss: 0.168
[63,   240] loss: 0.211
[63,   250] loss: 0.241
[63,   260] loss: 0.171
[63,   270] loss: 0.188
[63,   280] loss: 0.168
[63,   290] loss: 0.205
[63,   300] loss: 0.219
[63,   310] loss: 0.181
[63,   320] loss: 0.196
[63,   330] loss: 0.193
[63,   340] loss: 0.186
[63,   350] loss: 0.204
[63,   360] loss: 0.167
[63,   370] loss: 0.228
[63,   380] loss: 0.180
[63,   390] loss: 0.204
[63,   400] loss: 0.248
VALIDATION loss: 0.17797555029392242
[64,    10] loss: 0.180
[64,    20] loss: 0.180
[64,    30] loss: 0.191
[64,    40] loss: 0.247
[64,    50] loss: 0.183
[64,    60] loss: 0.174
[64,    70] loss: 0.156
[64,    80] loss: 0.239
[64,    90] loss: 0.149
[64,   100] loss: 0.168
[64,   110] loss: 0.226
[64,   120] loss: 0.170
[64,   130] loss: 0.181
[64,   140] loss: 0.222
[64,   150] loss: 0.172
[64,   160] loss: 0.151
[64,   170] loss: 0.167
[64,   180] loss: 0.179
[64,   190] loss: 0.210
[64,   200] loss: 0.201
[64,   210] loss: 0.199
[64,   220] loss: 0.210
[64,   230] loss: 0.221
[64,   240] loss: 0.193
[64,   250] loss: 0.200
[64,   260] loss: 0.214
[64,   270] loss: 0.171
[64,   280] loss: 0.174
[64,   290] loss: 0.183
[64,   300] loss: 0.222
[64,   310] loss: 0.188
[64,   320] loss: 0.218
[64,   330] loss: 0.155
[64,   340] loss: 0.292
[64,   350] loss: 0.236
[64,   360] loss: 0.175
[64,   370] loss: 0.184
[64,   380] loss: 0.177
[64,   390] loss: 0.157
[64,   400] loss: 0.213
VALIDATION loss: 0.19809657335281372
[65,    10] loss: 0.199
[65,    20] loss: 0.170
[65,    30] loss: 0.147
[65,    40] loss: 0.203
[65,    50] loss: 0.157
[65,    60] loss: 0.171
[65,    70] loss: 0.152
[65,    80] loss: 0.190
[65,    90] loss: 0.220
[65,   100] loss: 0.179
[65,   110] loss: 0.208
[65,   120] loss: 0.174
[65,   130] loss: 0.217
[65,   140] loss: 0.158
[65,   150] loss: 0.166
[65,   160] loss: 0.183
[65,   170] loss: 0.203
[65,   180] loss: 0.170
[65,   190] loss: 0.196
[65,   200] loss: 0.183
[65,   210] loss: 0.235
[65,   220] loss: 0.186
[65,   230] loss: 0.117
[65,   240] loss: 0.146
[65,   250] loss: 0.160
[65,   260] loss: 0.169
[65,   270] loss: 0.173
[65,   280] loss: 0.222
[65,   290] loss: 0.156
[65,   300] loss: 0.221
[65,   310] loss: 0.221
[65,   320] loss: 0.195
[65,   330] loss: 0.194
[65,   340] loss: 0.155
[65,   350] loss: 0.203
[65,   360] loss: 0.201
[65,   370] loss: 0.248
[65,   380] loss: 0.196
[65,   390] loss: 0.245
[65,   400] loss: 0.196
VALIDATION loss: 0.5271649360656738
[66,    10] loss: 0.165
[66,    20] loss: 0.184
[66,    30] loss: 0.180
[66,    40] loss: 0.192
[66,    50] loss: 0.191
[66,    60] loss: 0.183
[66,    70] loss: 0.181
[66,    80] loss: 0.142
[66,    90] loss: 0.229
[66,   100] loss: 0.180
[66,   110] loss: 0.191
[66,   120] loss: 0.184
[66,   130] loss: 0.221
[66,   140] loss: 0.204
[66,   150] loss: 0.215
[66,   160] loss: 0.184
[66,   170] loss: 0.142
[66,   180] loss: 0.193
[66,   190] loss: 0.211
[66,   200] loss: 0.180
[66,   210] loss: 0.204
[66,   220] loss: 0.196
[66,   230] loss: 0.161
[66,   240] loss: 0.221
[66,   250] loss: 0.173
[66,   260] loss: 0.149
[66,   270] loss: 0.176
[66,   280] loss: 0.179
[66,   290] loss: 0.226
[66,   300] loss: 0.169
[66,   310] loss: 0.205
[66,   320] loss: 0.202
[66,   330] loss: 0.230
[66,   340] loss: 0.196
[66,   350] loss: 0.147
[66,   360] loss: 0.198
[66,   370] loss: 0.206
[66,   380] loss: 0.182
[66,   390] loss: 0.222
[66,   400] loss: 0.158
VALIDATION loss: 0.21118031442165375
[67,    10] loss: 0.174
[67,    20] loss: 0.186
[67,    30] loss: 0.180
[67,    40] loss: 0.191
[67,    50] loss: 0.233
[67,    60] loss: 0.222
[67,    70] loss: 0.172
[67,    80] loss: 0.166
[67,    90] loss: 0.204
[67,   100] loss: 0.183
[67,   110] loss: 0.149
[67,   120] loss: 0.178
[67,   130] loss: 0.147
[67,   140] loss: 0.205
[67,   150] loss: 0.168
[67,   160] loss: 0.157
[67,   170] loss: 0.257
[67,   180] loss: 0.181
[67,   190] loss: 0.173
[67,   200] loss: 0.209
[67,   210] loss: 0.158
[67,   220] loss: 0.197
[67,   230] loss: 0.184
[67,   240] loss: 0.174
[67,   250] loss: 0.139
[67,   260] loss: 0.192
[67,   270] loss: 0.208
[67,   280] loss: 0.184
[67,   290] loss: 0.173
[67,   300] loss: 0.235
[67,   310] loss: 0.145
[67,   320] loss: 0.185
[67,   330] loss: 0.201
[67,   340] loss: 0.223
[67,   350] loss: 0.230
[67,   360] loss: 0.158
[67,   370] loss: 0.149
[67,   380] loss: 0.234
[67,   390] loss: 0.218
[67,   400] loss: 0.225
VALIDATION loss: 0.24520128965377808
[68,    10] loss: 0.204
[68,    20] loss: 0.214
[68,    30] loss: 0.180
[68,    40] loss: 0.179
[68,    50] loss: 0.208
[68,    60] loss: 0.197
[68,    70] loss: 0.245
[68,    80] loss: 0.234
[68,    90] loss: 0.190
[68,   100] loss: 0.171
[68,   110] loss: 0.230
[68,   120] loss: 0.194
[68,   130] loss: 0.201
[68,   140] loss: 0.207
[68,   150] loss: 0.179
[68,   160] loss: 0.192
[68,   170] loss: 0.216
[68,   180] loss: 0.175
[68,   190] loss: 0.186
[68,   200] loss: 0.156
[68,   210] loss: 0.172
[68,   220] loss: 0.210
[68,   230] loss: 0.181
[68,   240] loss: 0.165
[68,   250] loss: 0.149
[68,   260] loss: 0.193
[68,   270] loss: 0.196
[68,   280] loss: 0.173
[68,   290] loss: 0.179
[68,   300] loss: 0.196
[68,   310] loss: 0.173
[68,   320] loss: 0.210
[68,   330] loss: 0.220
[68,   340] loss: 0.152
[68,   350] loss: 0.169
[68,   360] loss: 0.178
[68,   370] loss: 0.209
[68,   380] loss: 0.179
[68,   390] loss: 0.197
[68,   400] loss: 0.195
VALIDATION loss: 0.9166677594184875
[69,    10] loss: 0.188
[69,    20] loss: 0.135
[69,    30] loss: 0.154
[69,    40] loss: 0.206
[69,    50] loss: 0.177
[69,    60] loss: 0.169
[69,    70] loss: 0.245
[69,    80] loss: 0.187
[69,    90] loss: 0.162
[69,   100] loss: 0.199
[69,   110] loss: 0.204
[69,   120] loss: 0.201
[69,   130] loss: 0.218
[69,   140] loss: 0.165
[69,   150] loss: 0.173
[69,   160] loss: 0.213
[69,   170] loss: 0.195
[69,   180] loss: 0.165
[69,   190] loss: 0.182
[69,   200] loss: 0.184
[69,   210] loss: 0.128
[69,   220] loss: 0.175
[69,   230] loss: 0.139
[69,   240] loss: 0.178
[69,   250] loss: 0.205
[69,   260] loss: 0.198
[69,   270] loss: 0.200
[69,   280] loss: 0.156
[69,   290] loss: 0.141
[69,   300] loss: 0.178
[69,   310] loss: 0.208
[69,   320] loss: 0.153
[69,   330] loss: 0.163
[69,   340] loss: 0.179
[69,   350] loss: 0.167
[69,   360] loss: 0.162
[69,   370] loss: 0.197
[69,   380] loss: 0.155
[69,   390] loss: 0.191
[69,   400] loss: 0.174
VALIDATION loss: 0.16377383470535278
[70,    10] loss: 0.161
[70,    20] loss: 0.216
[70,    30] loss: 0.175
[70,    40] loss: 0.161
[70,    50] loss: 0.128
[70,    60] loss: 0.197
[70,    70] loss: 0.139
[70,    80] loss: 0.233
[70,    90] loss: 0.142
[70,   100] loss: 0.233
[70,   110] loss: 0.205
[70,   120] loss: 0.192
[70,   130] loss: 0.168
[70,   140] loss: 0.178
[70,   150] loss: 0.170
[70,   160] loss: 0.187
[70,   170] loss: 0.204
[70,   180] loss: 0.171
[70,   190] loss: 0.197
[70,   200] loss: 0.154
[70,   210] loss: 0.198
[70,   220] loss: 0.162
[70,   230] loss: 0.173
[70,   240] loss: 0.129
[70,   250] loss: 0.153
[70,   260] loss: 0.152
[70,   270] loss: 0.174
[70,   280] loss: 0.191
[70,   290] loss: 0.172
[70,   300] loss: 0.147
[70,   310] loss: 0.146
[70,   320] loss: 0.177
[70,   330] loss: 0.184
[70,   340] loss: 0.199
[70,   350] loss: 0.187
[70,   360] loss: 0.191
[70,   370] loss: 0.169
[70,   380] loss: 0.190
[70,   390] loss: 0.200
[70,   400] loss: 0.145
VALIDATION loss: 0.5057697892189026
[71,    10] loss: 0.150
[71,    20] loss: 0.139
[71,    30] loss: 0.171
[71,    40] loss: 0.226
[71,    50] loss: 0.213
[71,    60] loss: 0.197
[71,    70] loss: 0.175
[71,    80] loss: 0.166
[71,    90] loss: 0.174
[71,   100] loss: 0.179
[71,   110] loss: 0.183
[71,   120] loss: 0.171
[71,   130] loss: 0.219
[71,   140] loss: 0.182
[71,   150] loss: 0.161
[71,   160] loss: 0.252
[71,   170] loss: 0.135
[71,   180] loss: 0.185
[71,   190] loss: 0.171
[71,   200] loss: 0.195
[71,   210] loss: 0.149
[71,   220] loss: 0.193
[71,   230] loss: 0.141
[71,   240] loss: 0.203
[71,   250] loss: 0.161
[71,   260] loss: 0.210
[71,   270] loss: 0.171
[71,   280] loss: 0.137
[71,   290] loss: 0.171
[71,   300] loss: 0.165
[71,   310] loss: 0.186
[71,   320] loss: 0.171
[71,   330] loss: 0.184
[71,   340] loss: 0.189
[71,   350] loss: 0.177
[71,   360] loss: 0.160
[71,   370] loss: 0.199
[71,   380] loss: 0.156
[71,   390] loss: 0.177
[71,   400] loss: 0.215
VALIDATION loss: 1.7382076978683472
[72,    10] loss: 0.203
[72,    20] loss: 0.167
[72,    30] loss: 0.213
[72,    40] loss: 0.196
[72,    50] loss: 0.178
[72,    60] loss: 0.201
[72,    70] loss: 0.135
[72,    80] loss: 0.208
[72,    90] loss: 0.164
[72,   100] loss: 0.148
[72,   110] loss: 0.139
[72,   120] loss: 0.137
[72,   130] loss: 0.161
[72,   140] loss: 0.183
[72,   150] loss: 0.198
[72,   160] loss: 0.223
[72,   170] loss: 0.164
[72,   180] loss: 0.153
[72,   190] loss: 0.226
[72,   200] loss: 0.183
[72,   210] loss: 0.224
[72,   220] loss: 0.173
[72,   230] loss: 0.186
[72,   240] loss: 0.156
[72,   250] loss: 0.149
[72,   260] loss: 0.186
[72,   270] loss: 0.160
[72,   280] loss: 0.197
[72,   290] loss: 0.175
[72,   300] loss: 0.212
[72,   310] loss: 0.191
[72,   320] loss: 0.190
[72,   330] loss: 0.175
[72,   340] loss: 0.163
[72,   350] loss: 0.164
[72,   360] loss: 0.148
[72,   370] loss: 0.176
[72,   380] loss: 0.194
[72,   390] loss: 0.162
[72,   400] loss: 0.182
VALIDATION loss: 0.17199237644672394
[73,    10] loss: 0.163
[73,    20] loss: 0.190
[73,    30] loss: 0.156
[73,    40] loss: 0.236
[73,    50] loss: 0.141
[73,    60] loss: 0.198
[73,    70] loss: 0.187
[73,    80] loss: 0.139
[73,    90] loss: 0.191
[73,   100] loss: 0.167
[73,   110] loss: 0.183
[73,   120] loss: 0.197
[73,   130] loss: 0.176
[73,   140] loss: 0.134
[73,   150] loss: 0.181
[73,   160] loss: 0.142
[73,   170] loss: 0.159
[73,   180] loss: 0.132
[73,   190] loss: 0.164
[73,   200] loss: 0.198
[73,   210] loss: 0.135
[73,   220] loss: 0.190
[73,   230] loss: 0.156
[73,   240] loss: 0.155
[73,   250] loss: 0.187
[73,   260] loss: 0.195
[73,   270] loss: 0.205
[73,   280] loss: 0.169
[73,   290] loss: 0.174
[73,   300] loss: 0.200
[73,   310] loss: 0.163
[73,   320] loss: 0.163
[73,   330] loss: 0.180
[73,   340] loss: 0.235
[73,   350] loss: 0.188
[73,   360] loss: 0.209
[73,   370] loss: 0.154
[73,   380] loss: 0.173
[73,   390] loss: 0.177
[73,   400] loss: 0.178
VALIDATION loss: 0.9074207544326782
[74,    10] loss: 0.158
[74,    20] loss: 0.183
[74,    30] loss: 0.227
[74,    40] loss: 0.136
[74,    50] loss: 0.174
[74,    60] loss: 0.182
[74,    70] loss: 0.189
[74,    80] loss: 0.223
[74,    90] loss: 0.194
[74,   100] loss: 0.175
[74,   110] loss: 0.161
[74,   120] loss: 0.145
[74,   130] loss: 0.149
[74,   140] loss: 0.168
[74,   150] loss: 0.151
[74,   160] loss: 0.221
[74,   170] loss: 0.152
[74,   180] loss: 0.200
[74,   190] loss: 0.169
[74,   200] loss: 0.183
[74,   210] loss: 0.177
[74,   220] loss: 0.154
[74,   230] loss: 0.177
[74,   240] loss: 0.190
[74,   250] loss: 0.169
[74,   260] loss: 0.174
[74,   270] loss: 0.170
[74,   280] loss: 0.163
[74,   290] loss: 0.176
[74,   300] loss: 0.200
[74,   310] loss: 0.138
[74,   320] loss: 0.170
[74,   330] loss: 0.190
[74,   340] loss: 0.177
[74,   350] loss: 0.183
[74,   360] loss: 0.211
[74,   370] loss: 0.208
[74,   380] loss: 0.166
[74,   390] loss: 0.197
[74,   400] loss: 0.167
VALIDATION loss: 0.18297629058361053
[75,    10] loss: 0.160
[75,    20] loss: 0.168
[75,    30] loss: 0.158
[75,    40] loss: 0.154
[75,    50] loss: 0.121
[75,    60] loss: 0.165
[75,    70] loss: 0.196
[75,    80] loss: 0.142
[75,    90] loss: 0.199
[75,   100] loss: 0.208
[75,   110] loss: 0.153
[75,   120] loss: 0.168
[75,   130] loss: 0.211
[75,   140] loss: 0.236
[75,   150] loss: 0.193
[75,   160] loss: 0.159
[75,   170] loss: 0.215
[75,   180] loss: 0.163
[75,   190] loss: 0.150
[75,   200] loss: 0.146
[75,   210] loss: 0.174
[75,   220] loss: 0.159
[75,   230] loss: 0.143
[75,   240] loss: 0.154
[75,   250] loss: 0.147
[75,   260] loss: 0.200
[75,   270] loss: 0.159
[75,   280] loss: 0.139
[75,   290] loss: 0.142
[75,   300] loss: 0.162
[75,   310] loss: 0.174
[75,   320] loss: 0.198
[75,   330] loss: 0.159
[75,   340] loss: 0.167
[75,   350] loss: 0.214
[75,   360] loss: 0.147
[75,   370] loss: 0.193
[75,   380] loss: 0.217
[75,   390] loss: 0.244
[75,   400] loss: 0.222
VALIDATION loss: 0.5245355367660522
[76,    10] loss: 0.184
[76,    20] loss: 0.182
[76,    30] loss: 0.264
[76,    40] loss: 0.175
[76,    50] loss: 0.165
[76,    60] loss: 0.152
[76,    70] loss: 0.176
[76,    80] loss: 0.136
[76,    90] loss: 0.172
[76,   100] loss: 0.149
[76,   110] loss: 0.163
[76,   120] loss: 0.190
[76,   130] loss: 0.171
[76,   140] loss: 0.177
[76,   150] loss: 0.142
[76,   160] loss: 0.200
[76,   170] loss: 0.120
[76,   180] loss: 0.158
[76,   190] loss: 0.137
[76,   200] loss: 0.165
[76,   210] loss: 0.148
[76,   220] loss: 0.186
[76,   230] loss: 0.192
[76,   240] loss: 0.194
[76,   250] loss: 0.134
[76,   260] loss: 0.198
[76,   270] loss: 0.189
[76,   280] loss: 0.150
[76,   290] loss: 0.189
[76,   300] loss: 0.193
[76,   310] loss: 0.110
[76,   320] loss: 0.196
[76,   330] loss: 0.165
[76,   340] loss: 0.127
[76,   350] loss: 0.208
[76,   360] loss: 0.183
[76,   370] loss: 0.222
[76,   380] loss: 0.227
[76,   390] loss: 0.156
[76,   400] loss: 0.182
VALIDATION loss: 0.17147177457809448
[77,    10] loss: 0.207
[77,    20] loss: 0.165
[77,    30] loss: 0.227
[77,    40] loss: 0.180
[77,    50] loss: 0.167
[77,    60] loss: 0.168
[77,    70] loss: 0.162
[77,    80] loss: 0.169
[77,    90] loss: 0.176
[77,   100] loss: 0.145
[77,   110] loss: 0.156
[77,   120] loss: 0.132
[77,   130] loss: 0.171
[77,   140] loss: 0.148
[77,   150] loss: 0.174
[77,   160] loss: 0.176
[77,   170] loss: 0.162
[77,   180] loss: 0.168
[77,   190] loss: 0.183
[77,   200] loss: 0.124
[77,   210] loss: 0.168
[77,   220] loss: 0.182
[77,   230] loss: 0.142
[77,   240] loss: 0.136
[77,   250] loss: 0.214
[77,   260] loss: 0.184
[77,   270] loss: 0.199
[77,   280] loss: 0.167
[77,   290] loss: 0.183
[77,   300] loss: 0.217
[77,   310] loss: 0.194
[77,   320] loss: 0.129
[77,   330] loss: 0.158
[77,   340] loss: 0.134
[77,   350] loss: 0.180
[77,   360] loss: 0.165
[77,   370] loss: 0.185
[77,   380] loss: 0.181
[77,   390] loss: 0.169
[77,   400] loss: 0.190
VALIDATION loss: 0.18172940611839294
[78,    10] loss: 0.189
[78,    20] loss: 0.186
[78,    30] loss: 0.137
[78,    40] loss: 0.165
[78,    50] loss: 0.216
[78,    60] loss: 0.195
[78,    70] loss: 0.154
[78,    80] loss: 0.144
[78,    90] loss: 0.159
[78,   100] loss: 0.172
[78,   110] loss: 0.176
[78,   120] loss: 0.199
[78,   130] loss: 0.176
[78,   140] loss: 0.173
[78,   150] loss: 0.151
[78,   160] loss: 0.195
[78,   170] loss: 0.139
[78,   180] loss: 0.149
[78,   190] loss: 0.186
[78,   200] loss: 0.137
[78,   210] loss: 0.169
[78,   220] loss: 0.127
[78,   230] loss: 0.228
[78,   240] loss: 0.179
[78,   250] loss: 0.195
[78,   260] loss: 0.191
[78,   270] loss: 0.170
[78,   280] loss: 0.204
[78,   290] loss: 0.187
[78,   300] loss: 0.148
[78,   310] loss: 0.204
[78,   320] loss: 0.182
[78,   330] loss: 0.132
[78,   340] loss: 0.189
[78,   350] loss: 0.185
[78,   360] loss: 0.189
[78,   370] loss: 0.152
[78,   380] loss: 0.169
[78,   390] loss: 0.163
[78,   400] loss: 0.150
VALIDATION loss: 0.26077714562416077
[79,    10] loss: 0.155
[79,    20] loss: 0.191
[79,    30] loss: 0.193
[79,    40] loss: 0.131
[79,    50] loss: 0.180
[79,    60] loss: 0.170
[79,    70] loss: 0.146
[79,    80] loss: 0.162
[79,    90] loss: 0.126
[79,   100] loss: 0.153
[79,   110] loss: 0.132
[79,   120] loss: 0.171
[79,   130] loss: 0.152
[79,   140] loss: 0.149
[79,   150] loss: 0.188
[79,   160] loss: 0.159
[79,   170] loss: 0.164
[79,   180] loss: 0.178
[79,   190] loss: 0.155
[79,   200] loss: 0.183
[79,   210] loss: 0.178
[79,   220] loss: 0.167
[79,   230] loss: 0.168
[79,   240] loss: 0.168
[79,   250] loss: 0.123
[79,   260] loss: 0.228
[79,   270] loss: 0.183
[79,   280] loss: 0.189
[79,   290] loss: 0.177
[79,   300] loss: 0.216
[79,   310] loss: 0.185
[79,   320] loss: 0.138
[79,   330] loss: 0.160
[79,   340] loss: 0.166
[79,   350] loss: 0.176
[79,   360] loss: 0.208
[79,   370] loss: 0.171
[79,   380] loss: 0.171
[79,   390] loss: 0.181
[79,   400] loss: 0.154
VALIDATION loss: 0.671078622341156
[80,    10] loss: 0.154
[80,    20] loss: 0.139
[80,    30] loss: 0.173
[80,    40] loss: 0.198
[80,    50] loss: 0.162
[80,    60] loss: 0.128
[80,    70] loss: 0.185
[80,    80] loss: 0.150
[80,    90] loss: 0.134
[80,   100] loss: 0.126
[80,   110] loss: 0.187
[80,   120] loss: 0.173
[80,   130] loss: 0.161
[80,   140] loss: 0.204
[80,   150] loss: 0.183
[80,   160] loss: 0.179
[80,   170] loss: 0.186
[80,   180] loss: 0.179
[80,   190] loss: 0.198
[80,   200] loss: 0.151
[80,   210] loss: 0.153
[80,   220] loss: 0.117
[80,   230] loss: 0.183
[80,   240] loss: 0.227
[80,   250] loss: 0.184
[80,   260] loss: 0.164
[80,   270] loss: 0.177
[80,   280] loss: 0.198
[80,   290] loss: 0.164
[80,   300] loss: 0.136
[80,   310] loss: 0.161
[80,   320] loss: 0.146
[80,   330] loss: 0.203
[80,   340] loss: 0.180
[80,   350] loss: 0.135
[80,   360] loss: 0.171
[80,   370] loss: 0.155
[80,   380] loss: 0.145
[80,   390] loss: 0.165
[80,   400] loss: 0.161
VALIDATION loss: 0.21030563116073608
[81,    10] loss: 0.131
[81,    20] loss: 0.096
[81,    30] loss: 0.145
[81,    40] loss: 0.192
[81,    50] loss: 0.129
[81,    60] loss: 0.169
[81,    70] loss: 0.176
[81,    80] loss: 0.164
[81,    90] loss: 0.198
[81,   100] loss: 0.232
[81,   110] loss: 0.161
[81,   120] loss: 0.142
[81,   130] loss: 0.152
[81,   140] loss: 0.166
[81,   150] loss: 0.158
[81,   160] loss: 0.133
[81,   170] loss: 0.155
[81,   180] loss: 0.133
[81,   190] loss: 0.144
[81,   200] loss: 0.155
[81,   210] loss: 0.178
[81,   220] loss: 0.179
[81,   230] loss: 0.150
[81,   240] loss: 0.170
[81,   250] loss: 0.153
[81,   260] loss: 0.168
[81,   270] loss: 0.124
[81,   280] loss: 0.169
[81,   290] loss: 0.207
[81,   300] loss: 0.118
[81,   310] loss: 0.133
[81,   320] loss: 0.160
[81,   330] loss: 0.153
[81,   340] loss: 0.165
[81,   350] loss: 0.200
[81,   360] loss: 0.150
[81,   370] loss: 0.158
[81,   380] loss: 0.162
[81,   390] loss: 0.164
[81,   400] loss: 0.178
VALIDATION loss: 2.5041723251342773
[82,    10] loss: 0.193
[82,    20] loss: 0.165
[82,    30] loss: 0.156
[82,    40] loss: 0.207
[82,    50] loss: 0.138
[82,    60] loss: 0.201
[82,    70] loss: 0.116
[82,    80] loss: 0.163
[82,    90] loss: 0.167
[82,   100] loss: 0.166
[82,   110] loss: 0.185
[82,   120] loss: 0.161
[82,   130] loss: 0.147
[82,   140] loss: 0.138
[82,   150] loss: 0.178
[82,   160] loss: 0.136
[82,   170] loss: 0.149
[82,   180] loss: 0.167
[82,   190] loss: 0.111
[82,   200] loss: 0.144
[82,   210] loss: 0.207
[82,   220] loss: 0.156
[82,   230] loss: 0.152
[82,   240] loss: 0.153
[82,   250] loss: 0.169
[82,   260] loss: 0.191
[82,   270] loss: 0.137
[82,   280] loss: 0.146
[82,   290] loss: 0.179
[82,   300] loss: 0.140
[82,   310] loss: 0.191
[82,   320] loss: 0.146
[82,   330] loss: 0.168
[82,   340] loss: 0.160
[82,   350] loss: 0.188
[82,   360] loss: 0.162
[82,   370] loss: 0.165
[82,   380] loss: 0.148
[82,   390] loss: 0.172
[82,   400] loss: 0.161
VALIDATION loss: 0.24070598185062408
[83,    10] loss: 0.173
[83,    20] loss: 0.122
[83,    30] loss: 0.127
[83,    40] loss: 0.157
[83,    50] loss: 0.127
[83,    60] loss: 0.135
[83,    70] loss: 0.158
[83,    80] loss: 0.129
[83,    90] loss: 0.128
[83,   100] loss: 0.144
[83,   110] loss: 0.160
[83,   120] loss: 0.198
[83,   130] loss: 0.144
[83,   140] loss: 0.147
[83,   150] loss: 0.165
[83,   160] loss: 0.174
[83,   170] loss: 0.165
[83,   180] loss: 0.197
[83,   190] loss: 0.183
[83,   200] loss: 0.135
[83,   210] loss: 0.193
[83,   220] loss: 0.187
[83,   230] loss: 0.200
[83,   240] loss: 0.182
[83,   250] loss: 0.216
[83,   260] loss: 0.161
[83,   270] loss: 0.163
[83,   280] loss: 0.199
[83,   290] loss: 0.107
[83,   300] loss: 0.194
[83,   310] loss: 0.127
[83,   320] loss: 0.166
[83,   330] loss: 0.178
[83,   340] loss: 0.191
[83,   350] loss: 0.175
[83,   360] loss: 0.171
[83,   370] loss: 0.142
[83,   380] loss: 0.195
[83,   390] loss: 0.173
[83,   400] loss: 0.175
VALIDATION loss: 0.19791164994239807
[84,    10] loss: 0.165
[84,    20] loss: 0.150
[84,    30] loss: 0.153
[84,    40] loss: 0.151
[84,    50] loss: 0.192
[84,    60] loss: 0.161
[84,    70] loss: 0.155
[84,    80] loss: 0.156
[84,    90] loss: 0.169
[84,   100] loss: 0.208
[84,   110] loss: 0.157
[84,   120] loss: 0.144
[84,   130] loss: 0.171
[84,   140] loss: 0.166
[84,   150] loss: 0.149
[84,   160] loss: 0.165
[84,   170] loss: 0.152
[84,   180] loss: 0.220
[84,   190] loss: 0.159
[84,   200] loss: 0.165
[84,   210] loss: 0.176
[84,   220] loss: 0.180
[84,   230] loss: 0.159
[84,   240] loss: 0.199
[84,   250] loss: 0.142
[84,   260] loss: 0.183
[84,   270] loss: 0.136
[84,   280] loss: 0.162
[84,   290] loss: 0.178
[84,   300] loss: 0.197
[84,   310] loss: 0.163
[84,   320] loss: 0.197
[84,   330] loss: 0.116
[84,   340] loss: 0.172
[84,   350] loss: 0.170
[84,   360] loss: 0.170
[84,   370] loss: 0.174
[84,   380] loss: 0.177
[84,   390] loss: 0.173
[84,   400] loss: 0.167
VALIDATION loss: 0.33711978793144226
[85,    10] loss: 0.168
[85,    20] loss: 0.152
[85,    30] loss: 0.174
[85,    40] loss: 0.214
[85,    50] loss: 0.148
[85,    60] loss: 0.169
[85,    70] loss: 0.141
[85,    80] loss: 0.165
[85,    90] loss: 0.162
[85,   100] loss: 0.169
[85,   110] loss: 0.140
[85,   120] loss: 0.185
[85,   130] loss: 0.178
[85,   140] loss: 0.129
[85,   150] loss: 0.162
[85,   160] loss: 0.131
[85,   170] loss: 0.184
[85,   180] loss: 0.140
[85,   190] loss: 0.137
[85,   200] loss: 0.137
[85,   210] loss: 0.144
[85,   220] loss: 0.166
[85,   230] loss: 0.168
[85,   240] loss: 0.161
[85,   250] loss: 0.118
[85,   260] loss: 0.183
[85,   270] loss: 0.172
[85,   280] loss: 0.173
[85,   290] loss: 0.175
[85,   300] loss: 0.183
[85,   310] loss: 0.183
[85,   320] loss: 0.170
[85,   330] loss: 0.211
[85,   340] loss: 0.206
[85,   350] loss: 0.187
[85,   360] loss: 0.150
[85,   370] loss: 0.131
[85,   380] loss: 0.190
[85,   390] loss: 0.153
[85,   400] loss: 0.165
VALIDATION loss: 2.431175708770752
[86,    10] loss: 0.198
[86,    20] loss: 0.173
[86,    30] loss: 0.173
[86,    40] loss: 0.181
[86,    50] loss: 0.144
[86,    60] loss: 0.128
[86,    70] loss: 0.217
[86,    80] loss: 0.153
[86,    90] loss: 0.172
[86,   100] loss: 0.125
[86,   110] loss: 0.212
[86,   120] loss: 0.174
[86,   130] loss: 0.164
[86,   140] loss: 0.199
[86,   150] loss: 0.152
[86,   160] loss: 0.175
[86,   170] loss: 0.142
[86,   180] loss: 0.179
[86,   190] loss: 0.171
[86,   200] loss: 0.142
[86,   210] loss: 0.156
[86,   220] loss: 0.170
[86,   230] loss: 0.144
[86,   240] loss: 0.152
[86,   250] loss: 0.158
[86,   260] loss: 0.140
[86,   270] loss: 0.178
[86,   280] loss: 0.158
[86,   290] loss: 0.171
[86,   300] loss: 0.166
[86,   310] loss: 0.208
[86,   320] loss: 0.180
[86,   330] loss: 0.136
[86,   340] loss: 0.171
[86,   350] loss: 0.192
[86,   360] loss: 0.163
[86,   370] loss: 0.149
[86,   380] loss: 0.174
[86,   390] loss: 0.151
[86,   400] loss: 0.182
VALIDATION loss: 0.2070319503545761
[87,    10] loss: 0.130
[87,    20] loss: 0.146
[87,    30] loss: 0.107
[87,    40] loss: 0.152
[87,    50] loss: 0.144
[87,    60] loss: 0.145
[87,    70] loss: 0.157
[87,    80] loss: 0.160
[87,    90] loss: 0.168
[87,   100] loss: 0.218
[87,   110] loss: 0.173
[87,   120] loss: 0.169
[87,   130] loss: 0.204
[87,   140] loss: 0.161
[87,   150] loss: 0.146
[87,   160] loss: 0.155
[87,   170] loss: 0.156
[87,   180] loss: 0.168
[87,   190] loss: 0.145
[87,   200] loss: 0.159
[87,   210] loss: 0.129
[87,   220] loss: 0.140
[87,   230] loss: 0.191
[87,   240] loss: 0.164
[87,   250] loss: 0.195
[87,   260] loss: 0.163
[87,   270] loss: 0.164
[87,   280] loss: 0.202
[87,   290] loss: 0.154
[87,   300] loss: 0.129
[87,   310] loss: 0.161
[87,   320] loss: 0.126
[87,   330] loss: 0.141
[87,   340] loss: 0.153
[87,   350] loss: 0.144
[87,   360] loss: 0.155
[87,   370] loss: 0.196
[87,   380] loss: 0.146
[87,   390] loss: 0.164
[87,   400] loss: 0.156
VALIDATION loss: 0.21059298515319824
[88,    10] loss: 0.143
[88,    20] loss: 0.163
[88,    30] loss: 0.135
[88,    40] loss: 0.131
[88,    50] loss: 0.140
[88,    60] loss: 0.159
[88,    70] loss: 0.140
[88,    80] loss: 0.197
[88,    90] loss: 0.174
[88,   100] loss: 0.126
[88,   110] loss: 0.137
[88,   120] loss: 0.128
[88,   130] loss: 0.137
[88,   140] loss: 0.143
[88,   150] loss: 0.156
[88,   160] loss: 0.154
[88,   170] loss: 0.185
[88,   180] loss: 0.198
[88,   190] loss: 0.183
[88,   200] loss: 0.164
[88,   210] loss: 0.143
[88,   220] loss: 0.148
[88,   230] loss: 0.198
[88,   240] loss: 0.141
[88,   250] loss: 0.170
[88,   260] loss: 0.164
[88,   270] loss: 0.239
[88,   280] loss: 0.129
[88,   290] loss: 0.147
[88,   300] loss: 0.146
[88,   310] loss: 0.165
[88,   320] loss: 0.126
[88,   330] loss: 0.145
[88,   340] loss: 0.132
[88,   350] loss: 0.191
[88,   360] loss: 0.128
[88,   370] loss: 0.161
[88,   380] loss: 0.157
[88,   390] loss: 0.156
[88,   400] loss: 0.138
VALIDATION loss: 0.17325174808502197
[89,    10] loss: 0.158
[89,    20] loss: 0.145
[89,    30] loss: 0.157
[89,    40] loss: 0.130
[89,    50] loss: 0.202
[89,    60] loss: 0.141
[89,    70] loss: 0.144
[89,    80] loss: 0.223
[89,    90] loss: 0.228
[89,   100] loss: 0.156
[89,   110] loss: 0.184
[89,   120] loss: 0.156
[89,   130] loss: 0.187
[89,   140] loss: 0.127
[89,   150] loss: 0.113
[89,   160] loss: 0.150
[89,   170] loss: 0.177
[89,   180] loss: 0.147
[89,   190] loss: 0.139
[89,   200] loss: 0.155
[89,   210] loss: 0.130
[89,   220] loss: 0.154
[89,   230] loss: 0.164
[89,   240] loss: 0.182
[89,   250] loss: 0.192
[89,   260] loss: 0.172
[89,   270] loss: 0.176
[89,   280] loss: 0.127
[89,   290] loss: 0.132
[89,   300] loss: 0.184
[89,   310] loss: 0.193
[89,   320] loss: 0.162
[89,   330] loss: 0.214
[89,   340] loss: 0.164
[89,   350] loss: 0.121
[89,   360] loss: 0.132
[89,   370] loss: 0.153
[89,   380] loss: 0.149
[89,   390] loss: 0.127
[89,   400] loss: 0.155
VALIDATION loss: 0.35508275032043457
[90,    10] loss: 0.112
[90,    20] loss: 0.125
[90,    30] loss: 0.125
[90,    40] loss: 0.185
[90,    50] loss: 0.120
[90,    60] loss: 0.133
[90,    70] loss: 0.115
[90,    80] loss: 0.201
[90,    90] loss: 0.181
[90,   100] loss: 0.145
[90,   110] loss: 0.136
[90,   120] loss: 0.168
[90,   130] loss: 0.163
[90,   140] loss: 0.158
[90,   150] loss: 0.184
[90,   160] loss: 0.140
[90,   170] loss: 0.165
[90,   180] loss: 0.157
[90,   190] loss: 0.159
[90,   200] loss: 0.167
[90,   210] loss: 0.186
[90,   220] loss: 0.242
[90,   230] loss: 0.136
[90,   240] loss: 0.163
[90,   250] loss: 0.163
[90,   260] loss: 0.134
[90,   270] loss: 0.168
[90,   280] loss: 0.205
[90,   290] loss: 0.167
[90,   300] loss: 0.158
[90,   310] loss: 0.165
[90,   320] loss: 0.197
[90,   330] loss: 0.157
[90,   340] loss: 0.177
[90,   350] loss: 0.134
[90,   360] loss: 0.121
[90,   370] loss: 0.153
[90,   380] loss: 0.157
[90,   390] loss: 0.156
[90,   400] loss: 0.112
VALIDATION loss: 0.26136815547943115
[91,    10] loss: 0.156
[91,    20] loss: 0.177
[91,    30] loss: 0.139
[91,    40] loss: 0.171
[91,    50] loss: 0.136
[91,    60] loss: 0.161
[91,    70] loss: 0.162
[91,    80] loss: 0.155
[91,    90] loss: 0.153
[91,   100] loss: 0.162
[91,   110] loss: 0.135
[91,   120] loss: 0.117
[91,   130] loss: 0.135
[91,   140] loss: 0.178
[91,   150] loss: 0.146
[91,   160] loss: 0.149
[91,   170] loss: 0.165
[91,   180] loss: 0.183
[91,   190] loss: 0.162
[91,   200] loss: 0.157
[91,   210] loss: 0.190
[91,   220] loss: 0.169
[91,   230] loss: 0.147
[91,   240] loss: 0.181
[91,   250] loss: 0.188
[91,   260] loss: 0.131
[91,   270] loss: 0.165
[91,   280] loss: 0.158
[91,   290] loss: 0.143
[91,   300] loss: 0.161
[91,   310] loss: 0.123
[91,   320] loss: 0.207
[91,   330] loss: 0.121
[91,   340] loss: 0.149
[91,   350] loss: 0.120
[91,   360] loss: 0.123
[91,   370] loss: 0.138
[91,   380] loss: 0.199
[91,   390] loss: 0.158
[91,   400] loss: 0.162
VALIDATION loss: 0.1532488763332367
[92,    10] loss: 0.146
[92,    20] loss: 0.159
[92,    30] loss: 0.131
[92,    40] loss: 0.145
[92,    50] loss: 0.148
[92,    60] loss: 0.132
[92,    70] loss: 0.136
[92,    80] loss: 0.152
[92,    90] loss: 0.154
[92,   100] loss: 0.179
[92,   110] loss: 0.142
[92,   120] loss: 0.176
[92,   130] loss: 0.189
[92,   140] loss: 0.130
[92,   150] loss: 0.151
[92,   160] loss: 0.190
[92,   170] loss: 0.156
[92,   180] loss: 0.185
[92,   190] loss: 0.166
[92,   200] loss: 0.146
[92,   210] loss: 0.134
[92,   220] loss: 0.182
[92,   230] loss: 0.187
[92,   240] loss: 0.180
[92,   250] loss: 0.178
[92,   260] loss: 0.162
[92,   270] loss: 0.179
[92,   280] loss: 0.188
[92,   290] loss: 0.152
[92,   300] loss: 0.140
[92,   310] loss: 0.141
[92,   320] loss: 0.176
[92,   330] loss: 0.123
[92,   340] loss: 0.206
[92,   350] loss: 0.155
[92,   360] loss: 0.155
[92,   370] loss: 0.195
[92,   380] loss: 0.187
[92,   390] loss: 0.149
[92,   400] loss: 0.193
VALIDATION loss: 0.3578493297100067
[93,    10] loss: 0.171
[93,    20] loss: 0.145
[93,    30] loss: 0.169
[93,    40] loss: 0.155
[93,    50] loss: 0.180
[93,    60] loss: 0.170
[93,    70] loss: 0.101
[93,    80] loss: 0.176
[93,    90] loss: 0.149
[93,   100] loss: 0.143
[93,   110] loss: 0.166
[93,   120] loss: 0.214
[93,   130] loss: 0.149
[93,   140] loss: 0.122
[93,   150] loss: 0.173
[93,   160] loss: 0.099
[93,   170] loss: 0.199
[93,   180] loss: 0.148
[93,   190] loss: 0.162
[93,   200] loss: 0.161
[93,   210] loss: 0.150
[93,   220] loss: 0.164
[93,   230] loss: 0.179
[93,   240] loss: 0.131
[93,   250] loss: 0.147
[93,   260] loss: 0.156
[93,   270] loss: 0.140
[93,   280] loss: 0.166
[93,   290] loss: 0.160
[93,   300] loss: 0.145
[93,   310] loss: 0.145
[93,   320] loss: 0.148
[93,   330] loss: 0.146
[93,   340] loss: 0.186
[93,   350] loss: 0.204
[93,   360] loss: 0.140
[93,   370] loss: 0.096
[93,   380] loss: 0.184
[93,   390] loss: 0.121
[93,   400] loss: 0.173
VALIDATION loss: 2.418398141860962
[94,    10] loss: 0.123
[94,    20] loss: 0.159
[94,    30] loss: 0.184
[94,    40] loss: 0.147
[94,    50] loss: 0.163
[94,    60] loss: 0.182
[94,    70] loss: 0.185
[94,    80] loss: 0.125
[94,    90] loss: 0.162
[94,   100] loss: 0.187
[94,   110] loss: 0.131
[94,   120] loss: 0.174
[94,   130] loss: 0.141
[94,   140] loss: 0.135
[94,   150] loss: 0.172
[94,   160] loss: 0.172
[94,   170] loss: 0.165
[94,   180] loss: 0.146
[94,   190] loss: 0.106
[94,   200] loss: 0.139
[94,   210] loss: 0.153
[94,   220] loss: 0.155
[94,   230] loss: 0.160
[94,   240] loss: 0.154
[94,   250] loss: 0.161
[94,   260] loss: 0.152
[94,   270] loss: 0.127
[94,   280] loss: 0.139
[94,   290] loss: 0.178
[94,   300] loss: 0.144
[94,   310] loss: 0.133
[94,   320] loss: 0.137
[94,   330] loss: 0.162
[94,   340] loss: 0.177
[94,   350] loss: 0.155
[94,   360] loss: 0.149
[94,   370] loss: 0.155
[94,   380] loss: 0.167
[94,   390] loss: 0.169
[94,   400] loss: 0.125
VALIDATION loss: 0.9318623542785645
[95,    10] loss: 0.167
[95,    20] loss: 0.133
[95,    30] loss: 0.140
[95,    40] loss: 0.177
[95,    50] loss: 0.159
[95,    60] loss: 0.127
[95,    70] loss: 0.126
[95,    80] loss: 0.133
[95,    90] loss: 0.128
[95,   100] loss: 0.142
[95,   110] loss: 0.178
[95,   120] loss: 0.111
[95,   130] loss: 0.126
[95,   140] loss: 0.117
[95,   150] loss: 0.181
[95,   160] loss: 0.133
[95,   170] loss: 0.171
[95,   180] loss: 0.171
[95,   190] loss: 0.194
[95,   200] loss: 0.157
[95,   210] loss: 0.148
[95,   220] loss: 0.136
[95,   230] loss: 0.121
[95,   240] loss: 0.142
[95,   250] loss: 0.170
[95,   260] loss: 0.170
[95,   270] loss: 0.141
[95,   280] loss: 0.128
[95,   290] loss: 0.125
[95,   300] loss: 0.137
[95,   310] loss: 0.141
[95,   320] loss: 0.129
[95,   330] loss: 0.182
[95,   340] loss: 0.160
[95,   350] loss: 0.167
[95,   360] loss: 0.192
[95,   370] loss: 0.146
[95,   380] loss: 0.187
[95,   390] loss: 0.122
[95,   400] loss: 0.140
VALIDATION loss: 0.1594894826412201
[96,    10] loss: 0.165
[96,    20] loss: 0.137
[96,    30] loss: 0.148
[96,    40] loss: 0.146
[96,    50] loss: 0.152
[96,    60] loss: 0.120
[96,    70] loss: 0.122
[96,    80] loss: 0.132
[96,    90] loss: 0.145
[96,   100] loss: 0.137
[96,   110] loss: 0.130
[96,   120] loss: 0.110
[96,   130] loss: 0.177
[96,   140] loss: 0.142
[96,   150] loss: 0.108
[96,   160] loss: 0.152
[96,   170] loss: 0.165
[96,   180] loss: 0.114
[96,   190] loss: 0.175
[96,   200] loss: 0.113
[96,   210] loss: 0.129
[96,   220] loss: 0.133
[96,   230] loss: 0.177
[96,   240] loss: 0.179
[96,   250] loss: 0.143
[96,   260] loss: 0.162
[96,   270] loss: 0.152
[96,   280] loss: 0.180
[96,   290] loss: 0.128
[96,   300] loss: 0.156
[96,   310] loss: 0.155
[96,   320] loss: 0.181
[96,   330] loss: 0.139
[96,   340] loss: 0.187
[96,   350] loss: 0.119
[96,   360] loss: 0.162
[96,   370] loss: 0.164
[96,   380] loss: 0.105
[96,   390] loss: 0.155
[96,   400] loss: 0.113
VALIDATION loss: 0.14834655821323395
[97,    10] loss: 0.157
[97,    20] loss: 0.125
[97,    30] loss: 0.126
[97,    40] loss: 0.136
[97,    50] loss: 0.136
[97,    60] loss: 0.112
[97,    70] loss: 0.146
[97,    80] loss: 0.177
[97,    90] loss: 0.124
[97,   100] loss: 0.162
[97,   110] loss: 0.135
[97,   120] loss: 0.151
[97,   130] loss: 0.155
[97,   140] loss: 0.157
[97,   150] loss: 0.139
[97,   160] loss: 0.137
[97,   170] loss: 0.171
[97,   180] loss: 0.200
[97,   190] loss: 0.141
[97,   200] loss: 0.191
[97,   210] loss: 0.150
[97,   220] loss: 0.166
[97,   230] loss: 0.165
[97,   240] loss: 0.192
[97,   250] loss: 0.134
[97,   260] loss: 0.155
[97,   270] loss: 0.104
[97,   280] loss: 0.175
[97,   290] loss: 0.180
[97,   300] loss: 0.158
[97,   310] loss: 0.128
[97,   320] loss: 0.141
[97,   330] loss: 0.146
[97,   340] loss: 0.169
[97,   350] loss: 0.177
[97,   360] loss: 0.140
[97,   370] loss: 0.190
[97,   380] loss: 0.162
[97,   390] loss: 0.173
[97,   400] loss: 0.154
VALIDATION loss: 0.21885289251804352
[98,    10] loss: 0.137
[98,    20] loss: 0.139
[98,    30] loss: 0.157
[98,    40] loss: 0.138
[98,    50] loss: 0.151
[98,    60] loss: 0.166
[98,    70] loss: 0.166
[98,    80] loss: 0.161
[98,    90] loss: 0.218
[98,   100] loss: 0.123
[98,   110] loss: 0.113
[98,   120] loss: 0.198
[98,   130] loss: 0.156
[98,   140] loss: 0.155
[98,   150] loss: 0.153
[98,   160] loss: 0.130
[98,   170] loss: 0.187
[98,   180] loss: 0.138
[98,   190] loss: 0.142
[98,   200] loss: 0.156
[98,   210] loss: 0.203
[98,   220] loss: 0.183
[98,   230] loss: 0.135
[98,   240] loss: 0.148
[98,   250] loss: 0.139
[98,   260] loss: 0.165
[98,   270] loss: 0.201
[98,   280] loss: 0.120
[98,   290] loss: 0.117
[98,   300] loss: 0.148
[98,   310] loss: 0.098
[98,   320] loss: 0.119
[98,   330] loss: 0.138
[98,   340] loss: 0.152
[98,   350] loss: 0.159
[98,   360] loss: 0.147
[98,   370] loss: 0.154
[98,   380] loss: 0.187
[98,   390] loss: 0.167
[98,   400] loss: 0.178
VALIDATION loss: 0.17526021599769592
[99,    10] loss: 0.195
[99,    20] loss: 0.187
[99,    30] loss: 0.151
[99,    40] loss: 0.165
[99,    50] loss: 0.133
[99,    60] loss: 0.154
[99,    70] loss: 0.116
[99,    80] loss: 0.142
[99,    90] loss: 0.113
[99,   100] loss: 0.149
[99,   110] loss: 0.166
[99,   120] loss: 0.149
[99,   130] loss: 0.137
[99,   140] loss: 0.151
[99,   150] loss: 0.199
[99,   160] loss: 0.109
[99,   170] loss: 0.181
[99,   180] loss: 0.151
[99,   190] loss: 0.150
[99,   200] loss: 0.127
[99,   210] loss: 0.125
[99,   220] loss: 0.113
[99,   230] loss: 0.186
[99,   240] loss: 0.155
[99,   250] loss: 0.137
[99,   260] loss: 0.182
[99,   270] loss: 0.134
[99,   280] loss: 0.119
[99,   290] loss: 0.165
[99,   300] loss: 0.135
[99,   310] loss: 0.166
[99,   320] loss: 0.168
[99,   330] loss: 0.168
[99,   340] loss: 0.151
[99,   350] loss: 0.160
[99,   360] loss: 0.138
[99,   370] loss: 0.127
[99,   380] loss: 0.128
[99,   390] loss: 0.167
[99,   400] loss: 0.155
VALIDATION loss: 1.3102833032608032
[100,    10] loss: 0.118
[100,    20] loss: 0.132
[100,    30] loss: 0.135
[100,    40] loss: 0.119
[100,    50] loss: 0.152
[100,    60] loss: 0.116
[100,    70] loss: 0.123
[100,    80] loss: 0.132
[100,    90] loss: 0.131
[100,   100] loss: 0.132
[100,   110] loss: 0.141
[100,   120] loss: 0.141
[100,   130] loss: 0.142
[100,   140] loss: 0.178
[100,   150] loss: 0.123
[100,   160] loss: 0.138
[100,   170] loss: 0.157
[100,   180] loss: 0.140
[100,   190] loss: 0.156
[100,   200] loss: 0.157
[100,   210] loss: 0.141
[100,   220] loss: 0.117
[100,   230] loss: 0.132
[100,   240] loss: 0.179
[100,   250] loss: 0.180
[100,   260] loss: 0.162
[100,   270] loss: 0.167
[100,   280] loss: 0.198
[100,   290] loss: 0.159
[100,   300] loss: 0.110
[100,   310] loss: 0.164
[100,   320] loss: 0.119
[100,   330] loss: 0.195
[100,   340] loss: 0.187
[100,   350] loss: 0.148
[100,   360] loss: 0.145
[100,   370] loss: 0.157
[100,   380] loss: 0.135
[100,   390] loss: 0.165
[100,   400] loss: 0.101
VALIDATION loss: 0.4300742745399475
Finished !!
Accuracy of the network: 81.76 %
