Collecting dill==0.3.4 (from -r requirements.txt (line 1))
  Using cached https://files.pythonhosted.org/packages/b6/c3/973676ceb86b60835bb3978c6db67a5dc06be6cfdbd14ef0f5a13e3fc9fd/dill-0.3.4-py2.py3-none-any.whl
Requirement already satisfied: laplace==0.1 in /zhome/45/c/128687/.local/lib/python3.6/site-packages (from -r requirements.txt (line 2))
Collecting matplotlib==3.4.0 (from -r requirements.txt (line 3))
Small: 0
Transform: 1
MaxPool: 1
Running GPU.
[1,    10] loss: 1.911
[1,    20] loss: 1.762
[1,    30] loss: 1.665
[1,    40] loss: 1.632
[1,    50] loss: 1.617
[1,    60] loss: 1.578
[1,    70] loss: 1.553
[1,    80] loss: 1.523
[1,    90] loss: 1.590
[1,   100] loss: 1.516
[1,   110] loss: 1.455
[1,   120] loss: 1.488
[1,   130] loss: 1.463
[1,   140] loss: 1.523
[1,   150] loss: 1.458
[1,   160] loss: 1.471
[1,   170] loss: 1.417
[1,   180] loss: 1.426
[1,   190] loss: 1.443
[1,   200] loss: 1.496
[1,   210] loss: 1.422
[1,   220] loss: 1.420
[1,   230] loss: 1.386
[1,   240] loss: 1.394
[1,   250] loss: 1.331
[1,   260] loss: 1.365
[1,   270] loss: 1.370
[1,   280] loss: 1.315
[1,   290] loss: 1.313
[1,   300] loss: 1.280
[1,   310] loss: 1.372
[1,   320] loss: 1.449
[1,   330] loss: 1.314
[1,   340] loss: 1.272
[1,   350] loss: 1.313
[1,   360] loss: 1.275
[1,   370] loss: 1.328
[1,   380] loss: 1.261
[1,   390] loss: 1.312
[1,   400] loss: 1.371
VALIDATION loss: 1.306388020515442
[2,    10] loss: 1.327
[2,    20] loss: 1.253
[2,    30] loss: 1.266
[2,    40] loss: 1.262
[2,    50] loss: 1.266
[2,    60] loss: 1.214
[2,    70] loss: 1.306
[2,    80] loss: 1.211
[2,    90] loss: 1.273
[2,   100] loss: 1.243
[2,   110] loss: 1.243
[2,   120] loss: 1.232
[2,   130] loss: 1.215
[2,   140] loss: 1.184
[2,   150] loss: 1.289
[2,   160] loss: 1.238
[2,   170] loss: 1.233
[2,   180] loss: 1.286
[2,   190] loss: 1.205
[2,   200] loss: 1.225
[2,   210] loss: 1.150
[2,   220] loss: 1.249
[2,   230] loss: 1.164
[2,   240] loss: 1.152
[2,   250] loss: 1.157
[2,   260] loss: 1.187
[2,   270] loss: 1.129
[2,   280] loss: 1.234
[2,   290] loss: 1.206
[2,   300] loss: 1.228
[2,   310] loss: 1.236
[2,   320] loss: 1.231
[2,   330] loss: 1.150
[2,   340] loss: 1.156
[2,   350] loss: 1.250
[2,   360] loss: 1.166
[2,   370] loss: 1.213
[2,   380] loss: 1.125
[2,   390] loss: 1.144
[2,   400] loss: 1.174
VALIDATION loss: 1.1747583150863647
[3,    10] loss: 1.101
[3,    20] loss: 1.127
[3,    30] loss: 1.185
[3,    40] loss: 1.169
[3,    50] loss: 1.096
[3,    60] loss: 1.085
[3,    70] loss: 1.083
[3,    80] loss: 1.067
[3,    90] loss: 1.146
[3,   100] loss: 1.196
[3,   110] loss: 1.118
[3,   120] loss: 1.096
[3,   130] loss: 1.048
[3,   140] loss: 0.997
[3,   150] loss: 1.030
[3,   160] loss: 1.123
[3,   170] loss: 1.098
[3,   180] loss: 1.074
[3,   190] loss: 1.160
[3,   200] loss: 1.075
[3,   210] loss: 1.053
[3,   220] loss: 1.138
[3,   230] loss: 1.072
[3,   240] loss: 1.098
[3,   250] loss: 1.058
[3,   260] loss: 1.059
[3,   270] loss: 1.071
[3,   280] loss: 1.034
[3,   290] loss: 1.053
[3,   300] loss: 1.035
[3,   310] loss: 1.058
[3,   320] loss: 1.028
[3,   330] loss: 1.009
[3,   340] loss: 1.095
[3,   350] loss: 1.082
[3,   360] loss: 1.041
[3,   370] loss: 1.033
[3,   380] loss: 1.053
[3,   390] loss: 0.953
[3,   400] loss: 1.061
VALIDATION loss: 1.0363914966583252
[4,    10] loss: 1.103
[4,    20] loss: 1.099
[4,    30] loss: 1.064
[4,    40] loss: 1.021
[4,    50] loss: 1.015
[4,    60] loss: 1.013
[4,    70] loss: 1.005
[4,    80] loss: 0.952
[4,    90] loss: 0.892
[4,   100] loss: 1.007
[4,   110] loss: 1.091
[4,   120] loss: 0.961
[4,   130] loss: 0.942
[4,   140] loss: 0.944
[4,   150] loss: 1.037
[4,   160] loss: 0.856
[4,   170] loss: 0.984
[4,   180] loss: 0.945
[4,   190] loss: 1.035
[4,   200] loss: 0.945
[4,   210] loss: 0.911
[4,   220] loss: 0.938
[4,   230] loss: 0.934
[4,   240] loss: 0.971
[4,   250] loss: 0.949
[4,   260] loss: 0.961
[4,   270] loss: 0.948
[4,   280] loss: 0.994
[4,   290] loss: 0.975
[4,   300] loss: 0.939
[4,   310] loss: 0.876
[4,   320] loss: 0.997
[4,   330] loss: 0.950
[4,   340] loss: 0.910
[4,   350] loss: 1.055
[4,   360] loss: 0.869
[4,   370] loss: 0.944
[4,   380] loss: 0.936
[4,   390] loss: 0.907
[4,   400] loss: 0.954
VALIDATION loss: 1.3217310905456543
[5,    10] loss: 0.944
[5,    20] loss: 0.879
[5,    30] loss: 0.938
[5,    40] loss: 0.892
[5,    50] loss: 0.888
[5,    60] loss: 0.858
[5,    70] loss: 0.876
[5,    80] loss: 0.921
[5,    90] loss: 0.921
[5,   100] loss: 0.919
[5,   110] loss: 0.979
[5,   120] loss: 1.063
[5,   130] loss: 0.974
[5,   140] loss: 0.889
[5,   150] loss: 0.935
[5,   160] loss: 0.791
[5,   170] loss: 0.912
[5,   180] loss: 0.875
[5,   190] loss: 0.853
[5,   200] loss: 0.937
[5,   210] loss: 0.895
[5,   220] loss: 0.904
[5,   230] loss: 0.883
[5,   240] loss: 0.760
[5,   250] loss: 0.828
[5,   260] loss: 0.861
[5,   270] loss: 0.971
[5,   280] loss: 0.870
[5,   290] loss: 0.887
[5,   300] loss: 0.902
[5,   310] loss: 0.851
[5,   320] loss: 0.867
[5,   330] loss: 1.012
[5,   340] loss: 0.876
[5,   350] loss: 0.860
[5,   360] loss: 0.897
[5,   370] loss: 0.802
[5,   380] loss: 0.903
[5,   390] loss: 0.783
[5,   400] loss: 0.807
VALIDATION loss: 2.2195980548858643
[6,    10] loss: 0.909
[6,    20] loss: 0.872
[6,    30] loss: 0.852
[6,    40] loss: 0.900
[6,    50] loss: 0.844
[6,    60] loss: 0.840
[6,    70] loss: 0.889
[6,    80] loss: 0.843
[6,    90] loss: 0.762
[6,   100] loss: 0.965
[6,   110] loss: 0.761
[6,   120] loss: 0.830
[6,   130] loss: 0.765
[6,   140] loss: 0.895
[6,   150] loss: 0.811
[6,   160] loss: 0.778
[6,   170] loss: 0.873
[6,   180] loss: 0.803
[6,   190] loss: 0.763
[6,   200] loss: 0.771
[6,   210] loss: 0.828
[6,   220] loss: 0.825
[6,   230] loss: 0.751
[6,   240] loss: 0.722
[6,   250] loss: 0.779
[6,   260] loss: 0.801
[6,   270] loss: 0.771
[6,   280] loss: 0.802
[6,   290] loss: 0.837
[6,   300] loss: 0.802
[6,   310] loss: 0.751
[6,   320] loss: 0.727
[6,   330] loss: 0.700
[6,   340] loss: 0.722
[6,   350] loss: 0.843
[6,   360] loss: 0.747
[6,   370] loss: 0.649
[6,   380] loss: 0.722
[6,   390] loss: 0.753
[6,   400] loss: 0.809
VALIDATION loss: 1.0377570390701294
[7,    10] loss: 0.754
[7,    20] loss: 0.741
[7,    30] loss: 0.895
[7,    40] loss: 0.794
[7,    50] loss: 0.786
[7,    60] loss: 0.804
[7,    70] loss: 0.817
[7,    80] loss: 0.800
[7,    90] loss: 0.744
[7,   100] loss: 0.829
[7,   110] loss: 0.814
[7,   120] loss: 0.726
[7,   130] loss: 0.783
[7,   140] loss: 0.718
[7,   150] loss: 0.800
[7,   160] loss: 0.775
[7,   170] loss: 0.809
[7,   180] loss: 0.796
[7,   190] loss: 0.761
[7,   200] loss: 0.770
[7,   210] loss: 0.785
[7,   220] loss: 0.714
[7,   230] loss: 0.736
[7,   240] loss: 0.718
[7,   250] loss: 0.749
[7,   260] loss: 0.799
[7,   270] loss: 0.776
[7,   280] loss: 0.775
[7,   290] loss: 0.766
[7,   300] loss: 0.750
[7,   310] loss: 0.689
[7,   320] loss: 0.765
[7,   330] loss: 0.650
[7,   340] loss: 0.753
[7,   350] loss: 0.681
[7,   360] loss: 0.808
[7,   370] loss: 0.657
[7,   380] loss: 0.737
[7,   390] loss: 0.757
[7,   400] loss: 0.770
VALIDATION loss: 0.8290077447891235
[8,    10] loss: 0.741
[8,    20] loss: 0.763
[8,    30] loss: 0.710
[8,    40] loss: 0.809
[8,    50] loss: 0.817
[8,    60] loss: 0.676
[8,    70] loss: 0.677
[8,    80] loss: 0.697
[8,    90] loss: 0.668
[8,   100] loss: 0.753
[8,   110] loss: 0.734
[8,   120] loss: 0.680
[8,   130] loss: 0.665
[8,   140] loss: 0.571
[8,   150] loss: 0.618
[8,   160] loss: 0.856
[8,   170] loss: 0.706
[8,   180] loss: 0.754
[8,   190] loss: 0.800
[8,   200] loss: 0.723
[8,   210] loss: 0.668
[8,   220] loss: 0.757
[8,   230] loss: 0.773
[8,   240] loss: 0.580
[8,   250] loss: 0.694
[8,   260] loss: 0.752
[8,   270] loss: 0.752
[8,   280] loss: 0.720
[8,   290] loss: 0.649
[8,   300] loss: 0.742
[8,   310] loss: 0.853
[8,   320] loss: 0.679
[8,   330] loss: 0.759
[8,   340] loss: 0.715
[8,   350] loss: 0.738
[8,   360] loss: 0.736
[8,   370] loss: 0.674
[8,   380] loss: 0.656
[8,   390] loss: 0.677
[8,   400] loss: 0.662
VALIDATION loss: 0.7820596694946289
[9,    10] loss: 0.721
[9,    20] loss: 0.618
[9,    30] loss: 0.624
[9,    40] loss: 0.631
[9,    50] loss: 0.600
[9,    60] loss: 0.633
[9,    70] loss: 0.670
[9,    80] loss: 0.676
[9,    90] loss: 0.644
[9,   100] loss: 0.757
[9,   110] loss: 0.675
[9,   120] loss: 0.703
[9,   130] loss: 0.687
[9,   140] loss: 0.626
[9,   150] loss: 0.698
[9,   160] loss: 0.687
[9,   170] loss: 0.644
[9,   180] loss: 0.679
[9,   190] loss: 0.608
[9,   200] loss: 0.658
[9,   210] loss: 0.628
[9,   220] loss: 0.681
[9,   230] loss: 0.681
[9,   240] loss: 0.622
[9,   250] loss: 0.659
[9,   260] loss: 0.653
[9,   270] loss: 0.788
[9,   280] loss: 0.653
[9,   290] loss: 0.746
[9,   300] loss: 0.689
[9,   310] loss: 0.659
[9,   320] loss: 0.718
[9,   330] loss: 0.697
[9,   340] loss: 0.690
[9,   350] loss: 0.642
[9,   360] loss: 0.702
[9,   370] loss: 0.637
[9,   380] loss: 0.565
[9,   390] loss: 0.674
[9,   400] loss: 0.579
VALIDATION loss: 3.382962703704834
[10,    10] loss: 0.648
[10,    20] loss: 0.601
[10,    30] loss: 0.681
[10,    40] loss: 0.639
[10,    50] loss: 0.624
[10,    60] loss: 0.646
[10,    70] loss: 0.560
[10,    80] loss: 0.605
[10,    90] loss: 0.762
[10,   100] loss: 0.609
[10,   110] loss: 0.666
[10,   120] loss: 0.596
[10,   130] loss: 0.610
[10,   140] loss: 0.647
[10,   150] loss: 0.600
[10,   160] loss: 0.649
[10,   170] loss: 0.625
[10,   180] loss: 0.681
[10,   190] loss: 0.678
[10,   200] loss: 0.733
[10,   210] loss: 0.678
[10,   220] loss: 0.661
[10,   230] loss: 0.694
[10,   240] loss: 0.665
[10,   250] loss: 0.676
[10,   260] loss: 0.649
[10,   270] loss: 0.719
[10,   280] loss: 0.611
[10,   290] loss: 0.720
[10,   300] loss: 0.623
[10,   310] loss: 0.607
[10,   320] loss: 0.625
[10,   330] loss: 0.599
[10,   340] loss: 0.673
[10,   350] loss: 0.613
[10,   360] loss: 0.651
[10,   370] loss: 0.652
[10,   380] loss: 0.554
[10,   390] loss: 0.556
[10,   400] loss: 0.563
VALIDATION loss: 2.1723573207855225
[11,    10] loss: 0.621
[11,    20] loss: 0.675
[11,    30] loss: 0.639
[11,    40] loss: 0.583
[11,    50] loss: 0.631
[11,    60] loss: 0.599
[11,    70] loss: 0.597
[11,    80] loss: 0.618
[11,    90] loss: 0.637
[11,   100] loss: 0.590
[11,   110] loss: 0.615
[11,   120] loss: 0.688
[11,   130] loss: 0.582
[11,   140] loss: 0.584
[11,   150] loss: 0.577
[11,   160] loss: 0.699
[11,   170] loss: 0.571
[11,   180] loss: 0.598
[11,   190] loss: 0.579
[11,   200] loss: 0.636
[11,   210] loss: 0.653
[11,   220] loss: 0.545
[11,   230] loss: 0.584
[11,   240] loss: 0.569
[11,   250] loss: 0.549
[11,   260] loss: 0.540
[11,   270] loss: 0.569
[11,   280] loss: 0.555
[11,   290] loss: 0.613
[11,   300] loss: 0.546
[11,   310] loss: 0.623
[11,   320] loss: 0.614
[11,   330] loss: 0.563
[11,   340] loss: 0.504
[11,   350] loss: 0.543
[11,   360] loss: 0.584
[11,   370] loss: 0.590
[11,   380] loss: 0.570
[11,   390] loss: 0.556
[11,   400] loss: 0.533
VALIDATION loss: 1.1181187629699707
[12,    10] loss: 0.609
[12,    20] loss: 0.606
[12,    30] loss: 0.593
[12,    40] loss: 0.624
[12,    50] loss: 0.561
[12,    60] loss: 0.554
[12,    70] loss: 0.582
[12,    80] loss: 0.557
[12,    90] loss: 0.538
[12,   100] loss: 0.669
[12,   110] loss: 0.631
[12,   120] loss: 0.626
[12,   130] loss: 0.674
[12,   140] loss: 0.524
[12,   150] loss: 0.501
[12,   160] loss: 0.572
[12,   170] loss: 0.586
[12,   180] loss: 0.651
[12,   190] loss: 0.638
[12,   200] loss: 0.648
[12,   210] loss: 0.568
[12,   220] loss: 0.611
[12,   230] loss: 0.664
[12,   240] loss: 0.511
[12,   250] loss: 0.576
[12,   260] loss: 0.544
[12,   270] loss: 0.545
[12,   280] loss: 0.590
[12,   290] loss: 0.598
[12,   300] loss: 0.511
[12,   310] loss: 0.589
[12,   320] loss: 0.539
[12,   330] loss: 0.650
[12,   340] loss: 0.574
[12,   350] loss: 0.614
[12,   360] loss: 0.638
[12,   370] loss: 0.582
[12,   380] loss: 0.627
[12,   390] loss: 0.549
[12,   400] loss: 0.626
VALIDATION loss: 0.603556752204895
[13,    10] loss: 0.601
[13,    20] loss: 0.625
[13,    30] loss: 0.545
[13,    40] loss: 0.530
[13,    50] loss: 0.553
[13,    60] loss: 0.471
[13,    70] loss: 0.515
[13,    80] loss: 0.583
[13,    90] loss: 0.578
[13,   100] loss: 0.553
[13,   110] loss: 0.628
[13,   120] loss: 0.537
[13,   130] loss: 0.612
[13,   140] loss: 0.542
[13,   150] loss: 0.557
[13,   160] loss: 0.561
[13,   170] loss: 0.593
[13,   180] loss: 0.511
[13,   190] loss: 0.501
[13,   200] loss: 0.488
[13,   210] loss: 0.565
[13,   220] loss: 0.539
[13,   230] loss: 0.573
[13,   240] loss: 0.601
[13,   250] loss: 0.515
[13,   260] loss: 0.559
[13,   270] loss: 0.561
[13,   280] loss: 0.577
[13,   290] loss: 0.502
[13,   300] loss: 0.547
[13,   310] loss: 0.569
[13,   320] loss: 0.512
[13,   330] loss: 0.416
[13,   340] loss: 0.477
[13,   350] loss: 0.558
[13,   360] loss: 0.553
[13,   370] loss: 0.584
[13,   380] loss: 0.609
[13,   390] loss: 0.541
[13,   400] loss: 0.453
VALIDATION loss: 0.6913920640945435
[14,    10] loss: 0.543
[14,    20] loss: 0.509
[14,    30] loss: 0.532
[14,    40] loss: 0.585
[14,    50] loss: 0.587
[14,    60] loss: 0.622
[14,    70] loss: 0.550
[14,    80] loss: 0.509
[14,    90] loss: 0.482
[14,   100] loss: 0.536
[14,   110] loss: 0.565
[14,   120] loss: 0.491
[14,   130] loss: 0.501
[14,   140] loss: 0.554
[14,   150] loss: 0.502
[14,   160] loss: 0.505
[14,   170] loss: 0.514
[14,   180] loss: 0.524
[14,   190] loss: 0.505
[14,   200] loss: 0.501
[14,   210] loss: 0.414
[14,   220] loss: 0.514
[14,   230] loss: 0.542
[14,   240] loss: 0.547
[14,   250] loss: 0.464
[14,   260] loss: 0.525
[14,   270] loss: 0.577
[14,   280] loss: 0.572
[14,   290] loss: 0.538
[14,   300] loss: 0.554
[14,   310] loss: 0.538
[14,   320] loss: 0.592
[14,   330] loss: 0.522
[14,   340] loss: 0.553
[14,   350] loss: 0.568
[14,   360] loss: 0.509
[14,   370] loss: 0.497
[14,   380] loss: 0.481
[14,   390] loss: 0.627
[14,   400] loss: 0.529
VALIDATION loss: 0.7588539719581604
[15,    10] loss: 0.437
[15,    20] loss: 0.556
[15,    30] loss: 0.436
[15,    40] loss: 0.480
[15,    50] loss: 0.485
[15,    60] loss: 0.393
[15,    70] loss: 0.595
[15,    80] loss: 0.484
[15,    90] loss: 0.496
[15,   100] loss: 0.472
[15,   110] loss: 0.495
[15,   120] loss: 0.489
[15,   130] loss: 0.396
[15,   140] loss: 0.547
[15,   150] loss: 0.504
[15,   160] loss: 0.402
[15,   170] loss: 0.589
[15,   180] loss: 0.518
[15,   190] loss: 0.492
[15,   200] loss: 0.486
[15,   210] loss: 0.443
[15,   220] loss: 0.475
[15,   230] loss: 0.546
[15,   240] loss: 0.473
[15,   250] loss: 0.554
[15,   260] loss: 0.580
[15,   270] loss: 0.457
[15,   280] loss: 0.533
[15,   290] loss: 0.389
[15,   300] loss: 0.471
[15,   310] loss: 0.492
[15,   320] loss: 0.485
[15,   330] loss: 0.530
[15,   340] loss: 0.429
[15,   350] loss: 0.491
[15,   360] loss: 0.528
[15,   370] loss: 0.507
[15,   380] loss: 0.494
[15,   390] loss: 0.558
[15,   400] loss: 0.536
VALIDATION loss: 1.1254140138626099
[16,    10] loss: 0.538
[16,    20] loss: 0.559
[16,    30] loss: 0.506
[16,    40] loss: 0.434
[16,    50] loss: 0.476
[16,    60] loss: 0.496
[16,    70] loss: 0.638
[16,    80] loss: 0.588
[16,    90] loss: 0.496
[16,   100] loss: 0.450
[16,   110] loss: 0.518
[16,   120] loss: 0.482
[16,   130] loss: 0.466
[16,   140] loss: 0.493
[16,   150] loss: 0.489
[16,   160] loss: 0.544
[16,   170] loss: 0.449
[16,   180] loss: 0.471
[16,   190] loss: 0.475
[16,   200] loss: 0.394
[16,   210] loss: 0.531
[16,   220] loss: 0.493
[16,   230] loss: 0.503
[16,   240] loss: 0.433
[16,   250] loss: 0.461
[16,   260] loss: 0.483
[16,   270] loss: 0.537
[16,   280] loss: 0.474
[16,   290] loss: 0.559
[16,   300] loss: 0.514
[16,   310] loss: 0.501
[16,   320] loss: 0.444
[16,   330] loss: 0.472
[16,   340] loss: 0.449
[16,   350] loss: 0.441
[16,   360] loss: 0.386
[16,   370] loss: 0.468
[16,   380] loss: 0.374
[16,   390] loss: 0.457
[16,   400] loss: 0.448
VALIDATION loss: 1.0729326009750366
[17,    10] loss: 0.525
[17,    20] loss: 0.521
[17,    30] loss: 0.514
[17,    40] loss: 0.543
[17,    50] loss: 0.487
[17,    60] loss: 0.450
[17,    70] loss: 0.525
[17,    80] loss: 0.505
[17,    90] loss: 0.493
[17,   100] loss: 0.455
[17,   110] loss: 0.427
[17,   120] loss: 0.487
[17,   130] loss: 0.461
[17,   140] loss: 0.476
[17,   150] loss: 0.402
[17,   160] loss: 0.439
[17,   170] loss: 0.435
[17,   180] loss: 0.469
[17,   190] loss: 0.484
[17,   200] loss: 0.488
[17,   210] loss: 0.525
[17,   220] loss: 0.557
[17,   230] loss: 0.555
[17,   240] loss: 0.457
[17,   250] loss: 0.499
[17,   260] loss: 0.516
[17,   270] loss: 0.463
[17,   280] loss: 0.477
[17,   290] loss: 0.515
[17,   300] loss: 0.474
[17,   310] loss: 0.413
[17,   320] loss: 0.399
[17,   330] loss: 0.485
[17,   340] loss: 0.376
[17,   350] loss: 0.435
[17,   360] loss: 0.446
[17,   370] loss: 0.419
[17,   380] loss: 0.501
[17,   390] loss: 0.439
[17,   400] loss: 0.450
VALIDATION loss: 1.355847716331482
[18,    10] loss: 0.451
[18,    20] loss: 0.524
[18,    30] loss: 0.435
[18,    40] loss: 0.465
[18,    50] loss: 0.406
[18,    60] loss: 0.469
[18,    70] loss: 0.470
[18,    80] loss: 0.500
[18,    90] loss: 0.456
[18,   100] loss: 0.452
[18,   110] loss: 0.429
[18,   120] loss: 0.484
[18,   130] loss: 0.444
[18,   140] loss: 0.456
[18,   150] loss: 0.459
[18,   160] loss: 0.593
[18,   170] loss: 0.467
[18,   180] loss: 0.515
[18,   190] loss: 0.466
[18,   200] loss: 0.418
[18,   210] loss: 0.448
[18,   220] loss: 0.511
[18,   230] loss: 0.468
[18,   240] loss: 0.442
[18,   250] loss: 0.445
[18,   260] loss: 0.446
[18,   270] loss: 0.476
[18,   280] loss: 0.461
[18,   290] loss: 0.456
[18,   300] loss: 0.412
[18,   310] loss: 0.425
[18,   320] loss: 0.530
[18,   330] loss: 0.515
[18,   340] loss: 0.514
[18,   350] loss: 0.413
[18,   360] loss: 0.424
[18,   370] loss: 0.462
[18,   380] loss: 0.501
[18,   390] loss: 0.380
[18,   400] loss: 0.475
VALIDATION loss: 0.5111744403839111
[19,    10] loss: 0.427
[19,    20] loss: 0.422
[19,    30] loss: 0.459
[19,    40] loss: 0.515
[19,    50] loss: 0.496
[19,    60] loss: 0.445
[19,    70] loss: 0.466
[19,    80] loss: 0.427
[19,    90] loss: 0.417
[19,   100] loss: 0.447
[19,   110] loss: 0.464
[19,   120] loss: 0.460
[19,   130] loss: 0.459
[19,   140] loss: 0.521
[19,   150] loss: 0.440
[19,   160] loss: 0.458
[19,   170] loss: 0.420
[19,   180] loss: 0.407
[19,   190] loss: 0.411
[19,   200] loss: 0.369
[19,   210] loss: 0.406
[19,   220] loss: 0.393
[19,   230] loss: 0.371
[19,   240] loss: 0.359
[19,   250] loss: 0.464
[19,   260] loss: 0.392
[19,   270] loss: 0.500
[19,   280] loss: 0.448
[19,   290] loss: 0.406
[19,   300] loss: 0.515
[19,   310] loss: 0.513
[19,   320] loss: 0.381
[19,   330] loss: 0.398
[19,   340] loss: 0.410
[19,   350] loss: 0.491
[19,   360] loss: 0.461
[19,   370] loss: 0.414
[19,   380] loss: 0.449
[19,   390] loss: 0.414
[19,   400] loss: 0.454
VALIDATION loss: 2.2292654514312744
[20,    10] loss: 0.418
[20,    20] loss: 0.460
[20,    30] loss: 0.453
[20,    40] loss: 0.410
[20,    50] loss: 0.359
[20,    60] loss: 0.426
[20,    70] loss: 0.440
[20,    80] loss: 0.376
[20,    90] loss: 0.408
[20,   100] loss: 0.411
[20,   110] loss: 0.381
[20,   120] loss: 0.455
[20,   130] loss: 0.430
[20,   140] loss: 0.376
[20,   150] loss: 0.464
[20,   160] loss: 0.441
[20,   170] loss: 0.449
[20,   180] loss: 0.391
[20,   190] loss: 0.374
[20,   200] loss: 0.446
[20,   210] loss: 0.419
[20,   220] loss: 0.386
[20,   230] loss: 0.397
[20,   240] loss: 0.426
[20,   250] loss: 0.431
[20,   260] loss: 0.415
[20,   270] loss: 0.419
[20,   280] loss: 0.387
[20,   290] loss: 0.429
[20,   300] loss: 0.414
[20,   310] loss: 0.455
[20,   320] loss: 0.442
[20,   330] loss: 0.405
[20,   340] loss: 0.451
[20,   350] loss: 0.428
[20,   360] loss: 0.416
[20,   370] loss: 0.430
[20,   380] loss: 0.427
[20,   390] loss: 0.493
[20,   400] loss: 0.451
VALIDATION loss: 1.1952955722808838
[21,    10] loss: 0.438
[21,    20] loss: 0.359
[21,    30] loss: 0.410
[21,    40] loss: 0.511
[21,    50] loss: 0.405
[21,    60] loss: 0.418
[21,    70] loss: 0.449
[21,    80] loss: 0.410
[21,    90] loss: 0.403
[21,   100] loss: 0.442
[21,   110] loss: 0.347
[21,   120] loss: 0.380
[21,   130] loss: 0.358
[21,   140] loss: 0.458
[21,   150] loss: 0.380
[21,   160] loss: 0.382
[21,   170] loss: 0.468
[21,   180] loss: 0.422
[21,   190] loss: 0.358
[21,   200] loss: 0.386
[21,   210] loss: 0.462
[21,   220] loss: 0.428
[21,   230] loss: 0.459
[21,   240] loss: 0.439
[21,   250] loss: 0.355
[21,   260] loss: 0.462
[21,   270] loss: 0.426
[21,   280] loss: 0.450
[21,   290] loss: 0.395
[21,   300] loss: 0.451
[21,   310] loss: 0.442
[21,   320] loss: 0.411
[21,   330] loss: 0.419
[21,   340] loss: 0.440
[21,   350] loss: 0.337
[21,   360] loss: 0.371
[21,   370] loss: 0.414
[21,   380] loss: 0.433
[21,   390] loss: 0.401
[21,   400] loss: 0.416
VALIDATION loss: 2.1328279972076416
[22,    10] loss: 0.372
[22,    20] loss: 0.410
[22,    30] loss: 0.367
[22,    40] loss: 0.354
[22,    50] loss: 0.445
[22,    60] loss: 0.353
[22,    70] loss: 0.367
[22,    80] loss: 0.413
[22,    90] loss: 0.434
[22,   100] loss: 0.412
[22,   110] loss: 0.400
[22,   120] loss: 0.437
[22,   130] loss: 0.315
[22,   140] loss: 0.415
[22,   150] loss: 0.303
[22,   160] loss: 0.460
[22,   170] loss: 0.440
[22,   180] loss: 0.455
[22,   190] loss: 0.411
[22,   200] loss: 0.408
[22,   210] loss: 0.444
[22,   220] loss: 0.434
[22,   230] loss: 0.388
[22,   240] loss: 0.482
[22,   250] loss: 0.335
[22,   260] loss: 0.412
[22,   270] loss: 0.466
[22,   280] loss: 0.458
[22,   290] loss: 0.474
[22,   300] loss: 0.474
[22,   310] loss: 0.493
[22,   320] loss: 0.347
[22,   330] loss: 0.413
[22,   340] loss: 0.408
[22,   350] loss: 0.386
[22,   360] loss: 0.429
[22,   370] loss: 0.377
[22,   380] loss: 0.366
[22,   390] loss: 0.353
[22,   400] loss: 0.375
VALIDATION loss: 1.8517342805862427
[23,    10] loss: 0.363
[23,    20] loss: 0.379
[23,    30] loss: 0.423
[23,    40] loss: 0.416
[23,    50] loss: 0.349
[23,    60] loss: 0.357
[23,    70] loss: 0.389
[23,    80] loss: 0.378
[23,    90] loss: 0.404
[23,   100] loss: 0.378
[23,   110] loss: 0.481
[23,   120] loss: 0.382
[23,   130] loss: 0.373
[23,   140] loss: 0.316
[23,   150] loss: 0.360
[23,   160] loss: 0.453
[23,   170] loss: 0.365
[23,   180] loss: 0.340
[23,   190] loss: 0.334
[23,   200] loss: 0.348
[23,   210] loss: 0.379
[23,   220] loss: 0.347
[23,   230] loss: 0.389
[23,   240] loss: 0.408
[23,   250] loss: 0.412
[23,   260] loss: 0.364
[23,   270] loss: 0.409
[23,   280] loss: 0.510
[23,   290] loss: 0.418
[23,   300] loss: 0.410
[23,   310] loss: 0.294
[23,   320] loss: 0.366
[23,   330] loss: 0.418
[23,   340] loss: 0.371
[23,   350] loss: 0.369
[23,   360] loss: 0.419
[23,   370] loss: 0.439
[23,   380] loss: 0.406
[23,   390] loss: 0.420
[23,   400] loss: 0.427
VALIDATION loss: 1.0542213916778564
[24,    10] loss: 0.327
[24,    20] loss: 0.345
[24,    30] loss: 0.366
[24,    40] loss: 0.374
[24,    50] loss: 0.400
[24,    60] loss: 0.402
[24,    70] loss: 0.344
[24,    80] loss: 0.332
[24,    90] loss: 0.426
[24,   100] loss: 0.403
[24,   110] loss: 0.390
[24,   120] loss: 0.408
[24,   130] loss: 0.371
[24,   140] loss: 0.368
[24,   150] loss: 0.412
[24,   160] loss: 0.358
[24,   170] loss: 0.412
[24,   180] loss: 0.371
[24,   190] loss: 0.437
[24,   200] loss: 0.381
[24,   210] loss: 0.332
[24,   220] loss: 0.411
[24,   230] loss: 0.425
[24,   240] loss: 0.321
[24,   250] loss: 0.398
[24,   260] loss: 0.398
[24,   270] loss: 0.411
[24,   280] loss: 0.353
[24,   290] loss: 0.376
[24,   300] loss: 0.370
[24,   310] loss: 0.391
[24,   320] loss: 0.408
[24,   330] loss: 0.330
[24,   340] loss: 0.408
[24,   350] loss: 0.355
[24,   360] loss: 0.316
[24,   370] loss: 0.447
[24,   380] loss: 0.376
[24,   390] loss: 0.399
[24,   400] loss: 0.348
VALIDATION loss: 2.6528944969177246
[25,    10] loss: 0.434
[25,    20] loss: 0.350
[25,    30] loss: 0.301
[25,    40] loss: 0.467
[25,    50] loss: 0.390
[25,    60] loss: 0.320
[25,    70] loss: 0.376
[25,    80] loss: 0.408
[25,    90] loss: 0.370
[25,   100] loss: 0.398
[25,   110] loss: 0.370
[25,   120] loss: 0.413
[25,   130] loss: 0.364
[25,   140] loss: 0.306
[25,   150] loss: 0.330
[25,   160] loss: 0.358
[25,   170] loss: 0.350
[25,   180] loss: 0.430
[25,   190] loss: 0.360
[25,   200] loss: 0.323
[25,   210] loss: 0.322
[25,   220] loss: 0.348
[25,   230] loss: 0.369
[25,   240] loss: 0.311
[25,   250] loss: 0.359
[25,   260] loss: 0.385
[25,   270] loss: 0.357
[25,   280] loss: 0.397
[25,   290] loss: 0.373
[25,   300] loss: 0.363
[25,   310] loss: 0.439
[25,   320] loss: 0.352
[25,   330] loss: 0.363
[25,   340] loss: 0.348
[25,   350] loss: 0.402
[25,   360] loss: 0.367
[25,   370] loss: 0.419
[25,   380] loss: 0.386
[25,   390] loss: 0.374
[25,   400] loss: 0.347
VALIDATION loss: 0.2960049510002136
[26,    10] loss: 0.374
[26,    20] loss: 0.350
[26,    30] loss: 0.386
[26,    40] loss: 0.314
[26,    50] loss: 0.284
[26,    60] loss: 0.462
[26,    70] loss: 0.286
[26,    80] loss: 0.355
[26,    90] loss: 0.429
[26,   100] loss: 0.426
[26,   110] loss: 0.324
[26,   120] loss: 0.372
[26,   130] loss: 0.354
[26,   140] loss: 0.408
[26,   150] loss: 0.300
[26,   160] loss: 0.363
[26,   170] loss: 0.422
[26,   180] loss: 0.404
[26,   190] loss: 0.346
[26,   200] loss: 0.372
[26,   210] loss: 0.373
[26,   220] loss: 0.337
[26,   230] loss: 0.348
[26,   240] loss: 0.370
[26,   250] loss: 0.458
[26,   260] loss: 0.436
[26,   270] loss: 0.377
[26,   280] loss: 0.318
[26,   290] loss: 0.354
[26,   300] loss: 0.278
[26,   310] loss: 0.404
[26,   320] loss: 0.354
[26,   330] loss: 0.352
[26,   340] loss: 0.387
[26,   350] loss: 0.306
[26,   360] loss: 0.362
[26,   370] loss: 0.355
[26,   380] loss: 0.331
[26,   390] loss: 0.354
[26,   400] loss: 0.403
VALIDATION loss: 0.5011037588119507
[27,    10] loss: 0.352
[27,    20] loss: 0.373
[27,    30] loss: 0.350
[27,    40] loss: 0.358
[27,    50] loss: 0.313
[27,    60] loss: 0.334
[27,    70] loss: 0.290
[27,    80] loss: 0.375
[27,    90] loss: 0.367
[27,   100] loss: 0.415
[27,   110] loss: 0.387
[27,   120] loss: 0.346
[27,   130] loss: 0.377
[27,   140] loss: 0.363
[27,   150] loss: 0.304
[27,   160] loss: 0.380
[27,   170] loss: 0.360
[27,   180] loss: 0.326
[27,   190] loss: 0.368
[27,   200] loss: 0.370
[27,   210] loss: 0.320
[27,   220] loss: 0.346
[27,   230] loss: 0.359
[27,   240] loss: 0.374
[27,   250] loss: 0.329
[27,   260] loss: 0.342
[27,   270] loss: 0.317
[27,   280] loss: 0.331
[27,   290] loss: 0.321
[27,   300] loss: 0.376
[27,   310] loss: 0.365
[27,   320] loss: 0.420
[27,   330] loss: 0.375
[27,   340] loss: 0.358
[27,   350] loss: 0.342
[27,   360] loss: 0.324
[27,   370] loss: 0.284
[27,   380] loss: 0.342
[27,   390] loss: 0.396
[27,   400] loss: 0.333
VALIDATION loss: 0.4178098440170288
[28,    10] loss: 0.380
[28,    20] loss: 0.295
[28,    30] loss: 0.328
[28,    40] loss: 0.321
[28,    50] loss: 0.409
[28,    60] loss: 0.338
[28,    70] loss: 0.306
[28,    80] loss: 0.289
[28,    90] loss: 0.338
[28,   100] loss: 0.381
[28,   110] loss: 0.337
[28,   120] loss: 0.302
[28,   130] loss: 0.309
[28,   140] loss: 0.408
[28,   150] loss: 0.384
[28,   160] loss: 0.344
[28,   170] loss: 0.330
[28,   180] loss: 0.312
[28,   190] loss: 0.352
[28,   200] loss: 0.309
[28,   210] loss: 0.278
[28,   220] loss: 0.405
[28,   230] loss: 0.346
[28,   240] loss: 0.356
[28,   250] loss: 0.458
[28,   260] loss: 0.339
[28,   270] loss: 0.398
[28,   280] loss: 0.325
[28,   290] loss: 0.447
[28,   300] loss: 0.403
[28,   310] loss: 0.409
[28,   320] loss: 0.306
[28,   330] loss: 0.401
[28,   340] loss: 0.376
[28,   350] loss: 0.296
[28,   360] loss: 0.399
[28,   370] loss: 0.315
[28,   380] loss: 0.389
[28,   390] loss: 0.334
[28,   400] loss: 0.351
VALIDATION loss: 1.3108493089675903
[29,    10] loss: 0.352
[29,    20] loss: 0.347
[29,    30] loss: 0.262
[29,    40] loss: 0.349
[29,    50] loss: 0.432
[29,    60] loss: 0.317
[29,    70] loss: 0.381
[29,    80] loss: 0.350
[29,    90] loss: 0.352
[29,   100] loss: 0.347
[29,   110] loss: 0.330
[29,   120] loss: 0.309
[29,   130] loss: 0.381
[29,   140] loss: 0.355
[29,   150] loss: 0.350
[29,   160] loss: 0.303
[29,   170] loss: 0.343
[29,   180] loss: 0.336
[29,   190] loss: 0.331
[29,   200] loss: 0.296
[29,   210] loss: 0.264
[29,   220] loss: 0.345
[29,   230] loss: 0.347
[29,   240] loss: 0.298
[29,   250] loss: 0.354
[29,   260] loss: 0.352
[29,   270] loss: 0.340
[29,   280] loss: 0.356
[29,   290] loss: 0.348
[29,   300] loss: 0.347
[29,   310] loss: 0.286
[29,   320] loss: 0.324
[29,   330] loss: 0.296
[29,   340] loss: 0.354
[29,   350] loss: 0.337
[29,   360] loss: 0.381
[29,   370] loss: 0.368
[29,   380] loss: 0.310
[29,   390] loss: 0.299
[29,   400] loss: 0.303
VALIDATION loss: 0.3253633379936218
[30,    10] loss: 0.260
[30,    20] loss: 0.327
[30,    30] loss: 0.348
[30,    40] loss: 0.379
[30,    50] loss: 0.320
[30,    60] loss: 0.358
[30,    70] loss: 0.315
[30,    80] loss: 0.304
[30,    90] loss: 0.281
[30,   100] loss: 0.358
[30,   110] loss: 0.300
[30,   120] loss: 0.279
[30,   130] loss: 0.337
[30,   140] loss: 0.344
[30,   150] loss: 0.343
[30,   160] loss: 0.348
[30,   170] loss: 0.306
[30,   180] loss: 0.313
[30,   190] loss: 0.299
[30,   200] loss: 0.320
[30,   210] loss: 0.314
[30,   220] loss: 0.378
[30,   230] loss: 0.276
[30,   240] loss: 0.361
[30,   250] loss: 0.374
[30,   260] loss: 0.343
[30,   270] loss: 0.313
[30,   280] loss: 0.327
[30,   290] loss: 0.299
[30,   300] loss: 0.357
[30,   310] loss: 0.358
[30,   320] loss: 0.366
[30,   330] loss: 0.369
[30,   340] loss: 0.311
[30,   350] loss: 0.374
[30,   360] loss: 0.309
[30,   370] loss: 0.380
[30,   380] loss: 0.319
[30,   390] loss: 0.360
[30,   400] loss: 0.316
VALIDATION loss: 0.421537846326828
[31,    10] loss: 0.290
[31,    20] loss: 0.373
[31,    30] loss: 0.304
[31,    40] loss: 0.264
[31,    50] loss: 0.305
[31,    60] loss: 0.329
[31,    70] loss: 0.326
[31,    80] loss: 0.268
[31,    90] loss: 0.259
[31,   100] loss: 0.321
[31,   110] loss: 0.319
[31,   120] loss: 0.361
[31,   130] loss: 0.363
[31,   140] loss: 0.296
[31,   150] loss: 0.376
[31,   160] loss: 0.334
[31,   170] loss: 0.316
[31,   180] loss: 0.270
[31,   190] loss: 0.332
[31,   200] loss: 0.313
[31,   210] loss: 0.389
[31,   220] loss: 0.343
[31,   230] loss: 0.276
[31,   240] loss: 0.359
[31,   250] loss: 0.361
[31,   260] loss: 0.262
[31,   270] loss: 0.335
[31,   280] loss: 0.290
[31,   290] loss: 0.337
[31,   300] loss: 0.278
[31,   310] loss: 0.306
[31,   320] loss: 0.299
[31,   330] loss: 0.330
[31,   340] loss: 0.314
[31,   350] loss: 0.381
[31,   360] loss: 0.288
[31,   370] loss: 0.324
[31,   380] loss: 0.241
[31,   390] loss: 0.299
[31,   400] loss: 0.366
VALIDATION loss: 7.990539073944092
[32,    10] loss: 0.361
[32,    20] loss: 0.305
[32,    30] loss: 0.331
[32,    40] loss: 0.295
[32,    50] loss: 0.298
[32,    60] loss: 0.408
[32,    70] loss: 0.385
[32,    80] loss: 0.309
[32,    90] loss: 0.339
[32,   100] loss: 0.295
[32,   110] loss: 0.289
[32,   120] loss: 0.295
[32,   130] loss: 0.299
[32,   140] loss: 0.320
[32,   150] loss: 0.316
[32,   160] loss: 0.299
[32,   170] loss: 0.259
[32,   180] loss: 0.320
[32,   190] loss: 0.324
[32,   200] loss: 0.293
[32,   210] loss: 0.287
[32,   220] loss: 0.373
[32,   230] loss: 0.361
[32,   240] loss: 0.254
[32,   250] loss: 0.377
[32,   260] loss: 0.348
[32,   270] loss: 0.324
[32,   280] loss: 0.254
[32,   290] loss: 0.284
[32,   300] loss: 0.349
[32,   310] loss: 0.311
[32,   320] loss: 0.301
[32,   330] loss: 0.292
[32,   340] loss: 0.341
[32,   350] loss: 0.323
[32,   360] loss: 0.285
[32,   370] loss: 0.324
[32,   380] loss: 0.329
[32,   390] loss: 0.272
[32,   400] loss: 0.349
VALIDATION loss: 0.40365472435951233
[33,    10] loss: 0.297
[33,    20] loss: 0.372
[33,    30] loss: 0.351
[33,    40] loss: 0.319
[33,    50] loss: 0.276
[33,    60] loss: 0.305
[33,    70] loss: 0.336
[33,    80] loss: 0.246
[33,    90] loss: 0.279
[33,   100] loss: 0.253
[33,   110] loss: 0.339
[33,   120] loss: 0.403
[33,   130] loss: 0.282
[33,   140] loss: 0.322
[33,   150] loss: 0.340
[33,   160] loss: 0.323
[33,   170] loss: 0.264
[33,   180] loss: 0.248
[33,   190] loss: 0.360
[33,   200] loss: 0.278
[33,   210] loss: 0.325
[33,   220] loss: 0.273
[33,   230] loss: 0.322
[33,   240] loss: 0.347
[33,   250] loss: 0.339
[33,   260] loss: 0.301
[33,   270] loss: 0.296
[33,   280] loss: 0.321
[33,   290] loss: 0.313
[33,   300] loss: 0.329
[33,   310] loss: 0.326
[33,   320] loss: 0.338
[33,   330] loss: 0.318
[33,   340] loss: 0.321
[33,   350] loss: 0.353
[33,   360] loss: 0.281
[33,   370] loss: 0.330
[33,   380] loss: 0.343
[33,   390] loss: 0.328
[33,   400] loss: 0.293
VALIDATION loss: 2.2324342727661133
[34,    10] loss: 0.272
[34,    20] loss: 0.311
[34,    30] loss: 0.281
[34,    40] loss: 0.326
[34,    50] loss: 0.316
[34,    60] loss: 0.311
[34,    70] loss: 0.306
[34,    80] loss: 0.276
[34,    90] loss: 0.311
[34,   100] loss: 0.318
[34,   110] loss: 0.292
[34,   120] loss: 0.315
[34,   130] loss: 0.305
[34,   140] loss: 0.302
[34,   150] loss: 0.351
[34,   160] loss: 0.304
[34,   170] loss: 0.218
[34,   180] loss: 0.381
[34,   190] loss: 0.312
[34,   200] loss: 0.335
[34,   210] loss: 0.333
[34,   220] loss: 0.300
[34,   230] loss: 0.278
[34,   240] loss: 0.303
[34,   250] loss: 0.257
[34,   260] loss: 0.252
[34,   270] loss: 0.301
[34,   280] loss: 0.239
[34,   290] loss: 0.266
[34,   300] loss: 0.339
[34,   310] loss: 0.329
[34,   320] loss: 0.246
[34,   330] loss: 0.299
[34,   340] loss: 0.363
[34,   350] loss: 0.258
[34,   360] loss: 0.277
[34,   370] loss: 0.335
[34,   380] loss: 0.322
[34,   390] loss: 0.286
[34,   400] loss: 0.307
VALIDATION loss: 0.25055667757987976
[35,    10] loss: 0.283
[35,    20] loss: 0.288
[35,    30] loss: 0.290
[35,    40] loss: 0.320
[35,    50] loss: 0.292
[35,    60] loss: 0.341
[35,    70] loss: 0.307
[35,    80] loss: 0.372
[35,    90] loss: 0.288
[35,   100] loss: 0.358
[35,   110] loss: 0.308
[35,   120] loss: 0.331
[35,   130] loss: 0.319
[35,   140] loss: 0.353
[35,   150] loss: 0.328
[35,   160] loss: 0.294
[35,   170] loss: 0.345
[35,   180] loss: 0.305
[35,   190] loss: 0.348
[35,   200] loss: 0.299
[35,   210] loss: 0.298
[35,   220] loss: 0.311
[35,   230] loss: 0.275
[35,   240] loss: 0.354
[35,   250] loss: 0.306
[35,   260] loss: 0.287
[35,   270] loss: 0.373
[35,   280] loss: 0.271
[35,   290] loss: 0.278
[35,   300] loss: 0.305
[35,   310] loss: 0.315
[35,   320] loss: 0.300
[35,   330] loss: 0.243
[35,   340] loss: 0.256
[35,   350] loss: 0.360
[35,   360] loss: 0.241
[35,   370] loss: 0.256
[35,   380] loss: 0.287
[35,   390] loss: 0.343
[35,   400] loss: 0.224
VALIDATION loss: 0.3126288652420044
[36,    10] loss: 0.303
[36,    20] loss: 0.273
[36,    30] loss: 0.271
[36,    40] loss: 0.275
[36,    50] loss: 0.270
[36,    60] loss: 0.318
[36,    70] loss: 0.280
[36,    80] loss: 0.304
[36,    90] loss: 0.287
[36,   100] loss: 0.302
[36,   110] loss: 0.283
[36,   120] loss: 0.305
[36,   130] loss: 0.364
[36,   140] loss: 0.323
[36,   150] loss: 0.305
[36,   160] loss: 0.323
[36,   170] loss: 0.291
[36,   180] loss: 0.342
[36,   190] loss: 0.360
[36,   200] loss: 0.326
[36,   210] loss: 0.256
[36,   220] loss: 0.377
[36,   230] loss: 0.274
[36,   240] loss: 0.291
[36,   250] loss: 0.286
[36,   260] loss: 0.259
[36,   270] loss: 0.311
[36,   280] loss: 0.337
[36,   290] loss: 0.271
[36,   300] loss: 0.285
[36,   310] loss: 0.314
[36,   320] loss: 0.272
[36,   330] loss: 0.217
[36,   340] loss: 0.286
[36,   350] loss: 0.283
[36,   360] loss: 0.287
[36,   370] loss: 0.264
[36,   380] loss: 0.340
[36,   390] loss: 0.274
[36,   400] loss: 0.299
VALIDATION loss: 2.31550669670105
[37,    10] loss: 0.294
[37,    20] loss: 0.302
[37,    30] loss: 0.280
[37,    40] loss: 0.266
[37,    50] loss: 0.250
[37,    60] loss: 0.276
[37,    70] loss: 0.294
[37,    80] loss: 0.321
[37,    90] loss: 0.291
[37,   100] loss: 0.256
[37,   110] loss: 0.310
[37,   120] loss: 0.268
[37,   130] loss: 0.270
[37,   140] loss: 0.268
[37,   150] loss: 0.296
[37,   160] loss: 0.261
[37,   170] loss: 0.324
[37,   180] loss: 0.289
[37,   190] loss: 0.322
[37,   200] loss: 0.318
[37,   210] loss: 0.349
[37,   220] loss: 0.326
[37,   230] loss: 0.346
[37,   240] loss: 0.299
[37,   250] loss: 0.222
[37,   260] loss: 0.311
[37,   270] loss: 0.297
[37,   280] loss: 0.281
[37,   290] loss: 0.278
[37,   300] loss: 0.287
[37,   310] loss: 0.274
[37,   320] loss: 0.294
[37,   330] loss: 0.264
[37,   340] loss: 0.350
[37,   350] loss: 0.266
[37,   360] loss: 0.289
[37,   370] loss: 0.286
[37,   380] loss: 0.290
[37,   390] loss: 0.295
[37,   400] loss: 0.343
VALIDATION loss: 0.9693079590797424
[38,    10] loss: 0.271
[38,    20] loss: 0.241
[38,    30] loss: 0.261
[38,    40] loss: 0.330
[38,    50] loss: 0.251
[38,    60] loss: 0.277
[38,    70] loss: 0.260
[38,    80] loss: 0.262
[38,    90] loss: 0.235
[38,   100] loss: 0.272
[38,   110] loss: 0.395
[38,   120] loss: 0.329
[38,   130] loss: 0.271
[38,   140] loss: 0.279
[38,   150] loss: 0.231
[38,   160] loss: 0.335
[38,   170] loss: 0.321
[38,   180] loss: 0.357
[38,   190] loss: 0.268
[38,   200] loss: 0.372
[38,   210] loss: 0.303
[38,   220] loss: 0.311
[38,   230] loss: 0.313
[38,   240] loss: 0.253
[38,   250] loss: 0.270
[38,   260] loss: 0.273
[38,   270] loss: 0.322
[38,   280] loss: 0.247
[38,   290] loss: 0.266
[38,   300] loss: 0.303
[38,   310] loss: 0.290
[38,   320] loss: 0.253
[38,   330] loss: 0.230
[38,   340] loss: 0.288
[38,   350] loss: 0.265
[38,   360] loss: 0.284
[38,   370] loss: 0.264
[38,   380] loss: 0.296
[38,   390] loss: 0.288
[38,   400] loss: 0.279
VALIDATION loss: 1.0090450048446655
[39,    10] loss: 0.230
[39,    20] loss: 0.250
[39,    30] loss: 0.322
[39,    40] loss: 0.243
[39,    50] loss: 0.315
[39,    60] loss: 0.292
[39,    70] loss: 0.267
[39,    80] loss: 0.301
[39,    90] loss: 0.333
[39,   100] loss: 0.266
[39,   110] loss: 0.256
[39,   120] loss: 0.261
[39,   130] loss: 0.304
[39,   140] loss: 0.303
[39,   150] loss: 0.257
[39,   160] loss: 0.288
[39,   170] loss: 0.273
[39,   180] loss: 0.314
[39,   190] loss: 0.296
[39,   200] loss: 0.242
[39,   210] loss: 0.300
[39,   220] loss: 0.307
[39,   230] loss: 0.272
[39,   240] loss: 0.228
[39,   250] loss: 0.238
[39,   260] loss: 0.285
[39,   270] loss: 0.294
[39,   280] loss: 0.280
[39,   290] loss: 0.310
[39,   300] loss: 0.240
[39,   310] loss: 0.236
[39,   320] loss: 0.305
[39,   330] loss: 0.289
[39,   340] loss: 0.290
[39,   350] loss: 0.273
[39,   360] loss: 0.253
[39,   370] loss: 0.303
[39,   380] loss: 0.262
[39,   390] loss: 0.255
[39,   400] loss: 0.293
VALIDATION loss: 0.7942812442779541
[40,    10] loss: 0.312
[40,    20] loss: 0.266
[40,    30] loss: 0.230
[40,    40] loss: 0.268
[40,    50] loss: 0.235
[40,    60] loss: 0.261
[40,    70] loss: 0.262
[40,    80] loss: 0.284
[40,    90] loss: 0.336
[40,   100] loss: 0.297
[40,   110] loss: 0.272
[40,   120] loss: 0.298
[40,   130] loss: 0.307
[40,   140] loss: 0.335
[40,   150] loss: 0.251
[40,   160] loss: 0.274
[40,   170] loss: 0.308
[40,   180] loss: 0.271
[40,   190] loss: 0.313
[40,   200] loss: 0.217
[40,   210] loss: 0.330
[40,   220] loss: 0.317
[40,   230] loss: 0.286
[40,   240] loss: 0.260
[40,   250] loss: 0.284
[40,   260] loss: 0.235
[40,   270] loss: 0.326
[40,   280] loss: 0.320
[40,   290] loss: 0.221
[40,   300] loss: 0.282
[40,   310] loss: 0.314
[40,   320] loss: 0.259
[40,   330] loss: 0.251
[40,   340] loss: 0.234
[40,   350] loss: 0.273
[40,   360] loss: 0.325
[40,   370] loss: 0.303
[40,   380] loss: 0.298
[40,   390] loss: 0.253
[40,   400] loss: 0.251
VALIDATION loss: 0.44129088521003723
[41,    10] loss: 0.274
[41,    20] loss: 0.227
[41,    30] loss: 0.228
[41,    40] loss: 0.273
[41,    50] loss: 0.277
[41,    60] loss: 0.258
[41,    70] loss: 0.339
[41,    80] loss: 0.267
[41,    90] loss: 0.259
[41,   100] loss: 0.248
[41,   110] loss: 0.225
[41,   120] loss: 0.235
[41,   130] loss: 0.274
[41,   140] loss: 0.261
[41,   150] loss: 0.291
[41,   160] loss: 0.277
[41,   170] loss: 0.277
[41,   180] loss: 0.277
[41,   190] loss: 0.247
[41,   200] loss: 0.270
[41,   210] loss: 0.251
[41,   220] loss: 0.296
[41,   230] loss: 0.234
[41,   240] loss: 0.266
[41,   250] loss: 0.252
[41,   260] loss: 0.245
[41,   270] loss: 0.245
[41,   280] loss: 0.275
[41,   290] loss: 0.322
[41,   300] loss: 0.192
[41,   310] loss: 0.276
[41,   320] loss: 0.271
[41,   330] loss: 0.241
[41,   340] loss: 0.321
[41,   350] loss: 0.235
[41,   360] loss: 0.244
[41,   370] loss: 0.298
[41,   380] loss: 0.293
[41,   390] loss: 0.276
[41,   400] loss: 0.289
VALIDATION loss: 0.2409319281578064
[42,    10] loss: 0.245
[42,    20] loss: 0.307
[42,    30] loss: 0.267
[42,    40] loss: 0.316
[42,    50] loss: 0.222
[42,    60] loss: 0.265
[42,    70] loss: 0.305
[42,    80] loss: 0.241
[42,    90] loss: 0.192
[42,   100] loss: 0.202
[42,   110] loss: 0.264
[42,   120] loss: 0.225
[42,   130] loss: 0.288
[42,   140] loss: 0.285
[42,   150] loss: 0.268
[42,   160] loss: 0.281
[42,   170] loss: 0.277
[42,   180] loss: 0.286
[42,   190] loss: 0.256
[42,   200] loss: 0.289
[42,   210] loss: 0.288
[42,   220] loss: 0.306
[42,   230] loss: 0.275
[42,   240] loss: 0.229
[42,   250] loss: 0.322
[42,   260] loss: 0.288
[42,   270] loss: 0.275
[42,   280] loss: 0.244
[42,   290] loss: 0.245
[42,   300] loss: 0.274
[42,   310] loss: 0.231
[42,   320] loss: 0.232
[42,   330] loss: 0.215
[42,   340] loss: 0.266
[42,   350] loss: 0.207
[42,   360] loss: 0.330
[42,   370] loss: 0.272
[42,   380] loss: 0.230
[42,   390] loss: 0.271
[42,   400] loss: 0.253
VALIDATION loss: 1.277260184288025
[43,    10] loss: 0.312
[43,    20] loss: 0.272
[43,    30] loss: 0.265
[43,    40] loss: 0.233
[43,    50] loss: 0.308
[43,    60] loss: 0.266
[43,    70] loss: 0.231
[43,    80] loss: 0.287
[43,    90] loss: 0.247
[43,   100] loss: 0.241
[43,   110] loss: 0.237
[43,   120] loss: 0.288
[43,   130] loss: 0.213
[43,   140] loss: 0.273
[43,   150] loss: 0.253
[43,   160] loss: 0.249
[43,   170] loss: 0.302
[43,   180] loss: 0.306
[43,   190] loss: 0.291
[43,   200] loss: 0.272
[43,   210] loss: 0.295
[43,   220] loss: 0.294
[43,   230] loss: 0.266
[43,   240] loss: 0.302
[43,   250] loss: 0.220
[43,   260] loss: 0.260
[43,   270] loss: 0.310
[43,   280] loss: 0.242
[43,   290] loss: 0.264
[43,   300] loss: 0.307
[43,   310] loss: 0.272
[43,   320] loss: 0.269
[43,   330] loss: 0.278
[43,   340] loss: 0.255
[43,   350] loss: 0.210
[43,   360] loss: 0.231
[43,   370] loss: 0.273
[43,   380] loss: 0.301
[43,   390] loss: 0.286
[43,   400] loss: 0.262
VALIDATION loss: 0.7471725344657898
[44,    10] loss: 0.300
[44,    20] loss: 0.237
[44,    30] loss: 0.303
[44,    40] loss: 0.262
[44,    50] loss: 0.295
[44,    60] loss: 0.225
[44,    70] loss: 0.268
[44,    80] loss: 0.285
[44,    90] loss: 0.263
[44,   100] loss: 0.289
[44,   110] loss: 0.220
[44,   120] loss: 0.308
[44,   130] loss: 0.255
[44,   140] loss: 0.260
[44,   150] loss: 0.247
[44,   160] loss: 0.256
[44,   170] loss: 0.213
[44,   180] loss: 0.293
[44,   190] loss: 0.253
[44,   200] loss: 0.261
[44,   210] loss: 0.250
[44,   220] loss: 0.249
[44,   230] loss: 0.248
[44,   240] loss: 0.304
[44,   250] loss: 0.224
[44,   260] loss: 0.282
[44,   270] loss: 0.269
[44,   280] loss: 0.210
[44,   290] loss: 0.286
[44,   300] loss: 0.302
[44,   310] loss: 0.185
[44,   320] loss: 0.268
[44,   330] loss: 0.236
[44,   340] loss: 0.273
[44,   350] loss: 0.260
[44,   360] loss: 0.270
[44,   370] loss: 0.259
[44,   380] loss: 0.255
[44,   390] loss: 0.209
[44,   400] loss: 0.280
VALIDATION loss: 1.0378600358963013
[45,    10] loss: 0.253
[45,    20] loss: 0.274
[45,    30] loss: 0.255
[45,    40] loss: 0.269
[45,    50] loss: 0.245
[45,    60] loss: 0.276
[45,    70] loss: 0.281
[45,    80] loss: 0.264
[45,    90] loss: 0.318
[45,   100] loss: 0.251
[45,   110] loss: 0.244
[45,   120] loss: 0.256
[45,   130] loss: 0.291
[45,   140] loss: 0.236
[45,   150] loss: 0.222
[45,   160] loss: 0.231
[45,   170] loss: 0.281
[45,   180] loss: 0.308
[45,   190] loss: 0.312
[45,   200] loss: 0.220
[45,   210] loss: 0.281
[45,   220] loss: 0.261
[45,   230] loss: 0.229
[45,   240] loss: 0.192
[45,   250] loss: 0.249
[45,   260] loss: 0.213
[45,   270] loss: 0.277
[45,   280] loss: 0.228
[45,   290] loss: 0.235
[45,   300] loss: 0.247
[45,   310] loss: 0.272
[45,   320] loss: 0.250
[45,   330] loss: 0.241
[45,   340] loss: 0.267
[45,   350] loss: 0.223
[45,   360] loss: 0.196
[45,   370] loss: 0.268
[45,   380] loss: 0.217
[45,   390] loss: 0.215
[45,   400] loss: 0.229
VALIDATION loss: 0.490813285112381
[46,    10] loss: 0.271
[46,    20] loss: 0.280
[46,    30] loss: 0.247
[46,    40] loss: 0.217
[46,    50] loss: 0.267
[46,    60] loss: 0.241
[46,    70] loss: 0.315
[46,    80] loss: 0.248
[46,    90] loss: 0.216
[46,   100] loss: 0.239
[46,   110] loss: 0.236
[46,   120] loss: 0.238
[46,   130] loss: 0.256
[46,   140] loss: 0.288
[46,   150] loss: 0.181
[46,   160] loss: 0.268
[46,   170] loss: 0.269
[46,   180] loss: 0.275
[46,   190] loss: 0.255
[46,   200] loss: 0.278
[46,   210] loss: 0.252
[46,   220] loss: 0.254
[46,   230] loss: 0.258
[46,   240] loss: 0.280
[46,   250] loss: 0.294
[46,   260] loss: 0.244
[46,   270] loss: 0.289
[46,   280] loss: 0.237
[46,   290] loss: 0.246
[46,   300] loss: 0.254
[46,   310] loss: 0.238
[46,   320] loss: 0.278
[46,   330] loss: 0.227
[46,   340] loss: 0.231
[46,   350] loss: 0.297
[46,   360] loss: 0.216
[46,   370] loss: 0.268
[46,   380] loss: 0.217
[46,   390] loss: 0.193
[46,   400] loss: 0.260
VALIDATION loss: 0.31008774042129517
[47,    10] loss: 0.251
[47,    20] loss: 0.253
[47,    30] loss: 0.269
[47,    40] loss: 0.216
[47,    50] loss: 0.293
[47,    60] loss: 0.223
[47,    70] loss: 0.250
[47,    80] loss: 0.227
[47,    90] loss: 0.230
[47,   100] loss: 0.266
[47,   110] loss: 0.269
[47,   120] loss: 0.219
[47,   130] loss: 0.255
[47,   140] loss: 0.228
[47,   150] loss: 0.298
[47,   160] loss: 0.333
[47,   170] loss: 0.205
[47,   180] loss: 0.244
[47,   190] loss: 0.221
[47,   200] loss: 0.312
[47,   210] loss: 0.207
[47,   220] loss: 0.221
[47,   230] loss: 0.241
[47,   240] loss: 0.260
[47,   250] loss: 0.207
[47,   260] loss: 0.224
[47,   270] loss: 0.273
[47,   280] loss: 0.287
[47,   290] loss: 0.240
[47,   300] loss: 0.218
[47,   310] loss: 0.198
[47,   320] loss: 0.283
[47,   330] loss: 0.240
[47,   340] loss: 0.259
[47,   350] loss: 0.278
[47,   360] loss: 0.270
[47,   370] loss: 0.232
[47,   380] loss: 0.228
[47,   390] loss: 0.219
[47,   400] loss: 0.261
VALIDATION loss: 0.24950715899467468
[48,    10] loss: 0.214
[48,    20] loss: 0.253
[48,    30] loss: 0.219
[48,    40] loss: 0.257
[48,    50] loss: 0.281
[48,    60] loss: 0.219
[48,    70] loss: 0.245
[48,    80] loss: 0.277
[48,    90] loss: 0.269
[48,   100] loss: 0.315
[48,   110] loss: 0.243
[48,   120] loss: 0.283
[48,   130] loss: 0.286
[48,   140] loss: 0.266
[48,   150] loss: 0.248
[48,   160] loss: 0.223
[48,   170] loss: 0.219
[48,   180] loss: 0.257
[48,   190] loss: 0.262
[48,   200] loss: 0.248
[48,   210] loss: 0.237
[48,   220] loss: 0.263
[48,   230] loss: 0.176
[48,   240] loss: 0.256
[48,   250] loss: 0.249
[48,   260] loss: 0.204
[48,   270] loss: 0.208
[48,   280] loss: 0.231
[48,   290] loss: 0.334
[48,   300] loss: 0.232
[48,   310] loss: 0.242
[48,   320] loss: 0.288
[48,   330] loss: 0.226
[48,   340] loss: 0.246
[48,   350] loss: 0.239
[48,   360] loss: 0.285
[48,   370] loss: 0.190
[48,   380] loss: 0.186
[48,   390] loss: 0.219
[48,   400] loss: 0.278
VALIDATION loss: 0.2565154433250427
[49,    10] loss: 0.220
[49,    20] loss: 0.204
[49,    30] loss: 0.218
[49,    40] loss: 0.256
[49,    50] loss: 0.216
[49,    60] loss: 0.274
[49,    70] loss: 0.167
[49,    80] loss: 0.243
[49,    90] loss: 0.239
[49,   100] loss: 0.226
[49,   110] loss: 0.245
[49,   120] loss: 0.255
[49,   130] loss: 0.262
[49,   140] loss: 0.237
[49,   150] loss: 0.210
[49,   160] loss: 0.241
[49,   170] loss: 0.273
[49,   180] loss: 0.242
[49,   190] loss: 0.286
[49,   200] loss: 0.239
[49,   210] loss: 0.190
[49,   220] loss: 0.230
[49,   230] loss: 0.226
[49,   240] loss: 0.246
[49,   250] loss: 0.252
[49,   260] loss: 0.208
[49,   270] loss: 0.216
[49,   280] loss: 0.251
[49,   290] loss: 0.243
[49,   300] loss: 0.201
[49,   310] loss: 0.190
[49,   320] loss: 0.222
[49,   330] loss: 0.219
[49,   340] loss: 0.265
[49,   350] loss: 0.260
[49,   360] loss: 0.274
[49,   370] loss: 0.213
[49,   380] loss: 0.222
[49,   390] loss: 0.229
[49,   400] loss: 0.220
VALIDATION loss: 0.22064605355262756
[50,    10] loss: 0.213
[50,    20] loss: 0.174
[50,    30] loss: 0.256
[50,    40] loss: 0.198
[50,    50] loss: 0.199
[50,    60] loss: 0.218
[50,    70] loss: 0.304
[50,    80] loss: 0.225
[50,    90] loss: 0.254
[50,   100] loss: 0.196
[50,   110] loss: 0.260
[50,   120] loss: 0.223
[50,   130] loss: 0.264
[50,   140] loss: 0.248
[50,   150] loss: 0.257
[50,   160] loss: 0.217
[50,   170] loss: 0.247
[50,   180] loss: 0.251
[50,   190] loss: 0.227
[50,   200] loss: 0.246
[50,   210] loss: 0.257
[50,   220] loss: 0.211
[50,   230] loss: 0.220
[50,   240] loss: 0.249
[50,   250] loss: 0.247
[50,   260] loss: 0.223
[50,   270] loss: 0.212
[50,   280] loss: 0.272
[50,   290] loss: 0.239
[50,   300] loss: 0.219
[50,   310] loss: 0.155
[50,   320] loss: 0.294
[50,   330] loss: 0.297
[50,   340] loss: 0.261
[50,   350] loss: 0.234
[50,   360] loss: 0.266
[50,   370] loss: 0.218
[50,   380] loss: 0.213
[50,   390] loss: 0.230
[50,   400] loss: 0.268
VALIDATION loss: 0.7792904376983643
[51,    10] loss: 0.242
[51,    20] loss: 0.226
[51,    30] loss: 0.191
[51,    40] loss: 0.236
[51,    50] loss: 0.226
[51,    60] loss: 0.286
[51,    70] loss: 0.282
[51,    80] loss: 0.218
[51,    90] loss: 0.232
[51,   100] loss: 0.176
[51,   110] loss: 0.276
[51,   120] loss: 0.285
[51,   130] loss: 0.225
[51,   140] loss: 0.178
[51,   150] loss: 0.223
[51,   160] loss: 0.258
[51,   170] loss: 0.269
[51,   180] loss: 0.250
[51,   190] loss: 0.202
[51,   200] loss: 0.288
[51,   210] loss: 0.205
[51,   220] loss: 0.266
[51,   230] loss: 0.269
[51,   240] loss: 0.181
[51,   250] loss: 0.222
[51,   260] loss: 0.247
[51,   270] loss: 0.234
[51,   280] loss: 0.224
[51,   290] loss: 0.197
[51,   300] loss: 0.207
[51,   310] loss: 0.255
[51,   320] loss: 0.269
[51,   330] loss: 0.263
[51,   340] loss: 0.193
[51,   350] loss: 0.273
[51,   360] loss: 0.280
[51,   370] loss: 0.256
[51,   380] loss: 0.228
[51,   390] loss: 0.273
[51,   400] loss: 0.259
VALIDATION loss: 0.3233402967453003
[52,    10] loss: 0.227
[52,    20] loss: 0.206
[52,    30] loss: 0.215
[52,    40] loss: 0.245
[52,    50] loss: 0.237
[52,    60] loss: 0.235
[52,    70] loss: 0.204
[52,    80] loss: 0.221
[52,    90] loss: 0.252
[52,   100] loss: 0.224
[52,   110] loss: 0.202
[52,   120] loss: 0.185
[52,   130] loss: 0.229
[52,   140] loss: 0.171
[52,   150] loss: 0.265
[52,   160] loss: 0.176
[52,   170] loss: 0.234
[52,   180] loss: 0.195
[52,   190] loss: 0.208
[52,   200] loss: 0.215
[52,   210] loss: 0.232
[52,   220] loss: 0.286
[52,   230] loss: 0.258
[52,   240] loss: 0.267
[52,   250] loss: 0.237
[52,   260] loss: 0.258
[52,   270] loss: 0.246
[52,   280] loss: 0.222
[52,   290] loss: 0.306
[52,   300] loss: 0.210
[52,   310] loss: 0.234
[52,   320] loss: 0.214
[52,   330] loss: 0.284
[52,   340] loss: 0.294
[52,   350] loss: 0.232
[52,   360] loss: 0.164
[52,   370] loss: 0.288
[52,   380] loss: 0.237
[52,   390] loss: 0.235
[52,   400] loss: 0.205
VALIDATION loss: 0.3100630044937134
[53,    10] loss: 0.213
[53,    20] loss: 0.193
[53,    30] loss: 0.235
[53,    40] loss: 0.223
[53,    50] loss: 0.206
[53,    60] loss: 0.193
[53,    70] loss: 0.229
[53,    80] loss: 0.275
[53,    90] loss: 0.242
[53,   100] loss: 0.182
[53,   110] loss: 0.207
[53,   120] loss: 0.211
[53,   130] loss: 0.208
[53,   140] loss: 0.277
[53,   150] loss: 0.247
[53,   160] loss: 0.236
[53,   170] loss: 0.232
[53,   180] loss: 0.182
[53,   190] loss: 0.214
[53,   200] loss: 0.176
[53,   210] loss: 0.272
[53,   220] loss: 0.193
[53,   230] loss: 0.265
[53,   240] loss: 0.224
[53,   250] loss: 0.257
[53,   260] loss: 0.227
[53,   270] loss: 0.272
[53,   280] loss: 0.213
[53,   290] loss: 0.198
[53,   300] loss: 0.270
[53,   310] loss: 0.181
[53,   320] loss: 0.214
[53,   330] loss: 0.237
[53,   340] loss: 0.267
[53,   350] loss: 0.184
[53,   360] loss: 0.227
[53,   370] loss: 0.218
[53,   380] loss: 0.240
[53,   390] loss: 0.235
[53,   400] loss: 0.258
VALIDATION loss: 0.9066038727760315
[54,    10] loss: 0.265
[54,    20] loss: 0.177
[54,    30] loss: 0.224
[54,    40] loss: 0.215
[54,    50] loss: 0.219
[54,    60] loss: 0.245
[54,    70] loss: 0.245
[54,    80] loss: 0.244
[54,    90] loss: 0.221
[54,   100] loss: 0.200
[54,   110] loss: 0.196
[54,   120] loss: 0.246
[54,   130] loss: 0.265
[54,   140] loss: 0.235
[54,   150] loss: 0.281
[54,   160] loss: 0.283
[54,   170] loss: 0.234
[54,   180] loss: 0.237
[54,   190] loss: 0.174
[54,   200] loss: 0.235
[54,   210] loss: 0.206
[54,   220] loss: 0.243
[54,   230] loss: 0.240
[54,   240] loss: 0.270
[54,   250] loss: 0.267
[54,   260] loss: 0.232
[54,   270] loss: 0.238
[54,   280] loss: 0.251
[54,   290] loss: 0.286
[54,   300] loss: 0.270
[54,   310] loss: 0.279
[54,   320] loss: 0.169
[54,   330] loss: 0.206
[54,   340] loss: 0.284
[54,   350] loss: 0.244
[54,   360] loss: 0.180
[54,   370] loss: 0.204
[54,   380] loss: 0.240
[54,   390] loss: 0.200
[54,   400] loss: 0.234
VALIDATION loss: 1.2512767314910889
[55,    10] loss: 0.201
[55,    20] loss: 0.171
[55,    30] loss: 0.231
[55,    40] loss: 0.123
[55,    50] loss: 0.183
[55,    60] loss: 0.190
[55,    70] loss: 0.222
[55,    80] loss: 0.282
[55,    90] loss: 0.188
[55,   100] loss: 0.198
[55,   110] loss: 0.262
[55,   120] loss: 0.220
[55,   130] loss: 0.257
[55,   140] loss: 0.221
[55,   150] loss: 0.270
[55,   160] loss: 0.204
[55,   170] loss: 0.200
[55,   180] loss: 0.183
[55,   190] loss: 0.184
[55,   200] loss: 0.275
[55,   210] loss: 0.250
[55,   220] loss: 0.276
[55,   230] loss: 0.220
[55,   240] loss: 0.239
[55,   250] loss: 0.250
[55,   260] loss: 0.239
[55,   270] loss: 0.193
[55,   280] loss: 0.229
[55,   290] loss: 0.187
[55,   300] loss: 0.223
[55,   310] loss: 0.265
[55,   320] loss: 0.248
[55,   330] loss: 0.211
[55,   340] loss: 0.199
[55,   350] loss: 0.174
[55,   360] loss: 0.214
[55,   370] loss: 0.230
[55,   380] loss: 0.239
[55,   390] loss: 0.208
[55,   400] loss: 0.252
VALIDATION loss: 0.7723508477210999
[56,    10] loss: 0.205
[56,    20] loss: 0.179
[56,    30] loss: 0.222
[56,    40] loss: 0.205
[56,    50] loss: 0.200
[56,    60] loss: 0.255
[56,    70] loss: 0.259
[56,    80] loss: 0.216
[56,    90] loss: 0.257
[56,   100] loss: 0.258
[56,   110] loss: 0.259
[56,   120] loss: 0.217
[56,   130] loss: 0.238
[56,   140] loss: 0.180
[56,   150] loss: 0.241
[56,   160] loss: 0.230
[56,   170] loss: 0.256
[56,   180] loss: 0.214
[56,   190] loss: 0.286
[56,   200] loss: 0.256
[56,   210] loss: 0.233
[56,   220] loss: 0.210
[56,   230] loss: 0.259
[56,   240] loss: 0.231
[56,   250] loss: 0.214
[56,   260] loss: 0.230
[56,   270] loss: 0.206
[56,   280] loss: 0.243
[56,   290] loss: 0.186
[56,   300] loss: 0.212
[56,   310] loss: 0.238
[56,   320] loss: 0.221
[56,   330] loss: 0.225
[56,   340] loss: 0.192
[56,   350] loss: 0.205
[56,   360] loss: 0.186
[56,   370] loss: 0.244
[56,   380] loss: 0.178
[56,   390] loss: 0.254
[56,   400] loss: 0.209
VALIDATION loss: 0.22743850946426392
[57,    10] loss: 0.217
[57,    20] loss: 0.209
[57,    30] loss: 0.290
[57,    40] loss: 0.199
[57,    50] loss: 0.190
[57,    60] loss: 0.197
[57,    70] loss: 0.204
[57,    80] loss: 0.234
[57,    90] loss: 0.228
[57,   100] loss: 0.265
[57,   110] loss: 0.189
[57,   120] loss: 0.235
[57,   130] loss: 0.189
[57,   140] loss: 0.217
[57,   150] loss: 0.206
[57,   160] loss: 0.251
[57,   170] loss: 0.221
[57,   180] loss: 0.260
[57,   190] loss: 0.236
[57,   200] loss: 0.276
[57,   210] loss: 0.224
[57,   220] loss: 0.256
[57,   230] loss: 0.203
[57,   240] loss: 0.233
[57,   250] loss: 0.184
[57,   260] loss: 0.185
[57,   270] loss: 0.185
[57,   280] loss: 0.176
[57,   290] loss: 0.260
[57,   300] loss: 0.210
[57,   310] loss: 0.273
[57,   320] loss: 0.256
[57,   330] loss: 0.276
[57,   340] loss: 0.204
[57,   350] loss: 0.196
[57,   360] loss: 0.198
[57,   370] loss: 0.173
[57,   380] loss: 0.226
[57,   390] loss: 0.219
[57,   400] loss: 0.193
VALIDATION loss: 0.23877738416194916
[58,    10] loss: 0.240
[58,    20] loss: 0.260
[58,    30] loss: 0.188
[58,    40] loss: 0.247
[58,    50] loss: 0.222
[58,    60] loss: 0.227
[58,    70] loss: 0.223
[58,    80] loss: 0.262
[58,    90] loss: 0.301
[58,   100] loss: 0.189
[58,   110] loss: 0.175
[58,   120] loss: 0.201
[58,   130] loss: 0.236
[58,   140] loss: 0.193
[58,   150] loss: 0.216
[58,   160] loss: 0.210
[58,   170] loss: 0.213
[58,   180] loss: 0.215
[58,   190] loss: 0.229
[58,   200] loss: 0.252
[58,   210] loss: 0.276
[58,   220] loss: 0.247
[58,   230] loss: 0.267
[58,   240] loss: 0.259
[58,   250] loss: 0.211
[58,   260] loss: 0.271
[58,   270] loss: 0.190
[58,   280] loss: 0.221
[58,   290] loss: 0.218
[58,   300] loss: 0.206
[58,   310] loss: 0.251
[58,   320] loss: 0.205
[58,   330] loss: 0.256
[58,   340] loss: 0.173
[58,   350] loss: 0.201
[58,   360] loss: 0.198
[58,   370] loss: 0.231
[58,   380] loss: 0.233
[58,   390] loss: 0.211
[58,   400] loss: 0.234
VALIDATION loss: 0.33203473687171936
[59,    10] loss: 0.168
[59,    20] loss: 0.247
[59,    30] loss: 0.219
[59,    40] loss: 0.180
[59,    50] loss: 0.210
[59,    60] loss: 0.232
[59,    70] loss: 0.231
[59,    80] loss: 0.215
[59,    90] loss: 0.294
[59,   100] loss: 0.212
[59,   110] loss: 0.215
[59,   120] loss: 0.227
[59,   130] loss: 0.209
[59,   140] loss: 0.180
[59,   150] loss: 0.237
[59,   160] loss: 0.237
[59,   170] loss: 0.183
[59,   180] loss: 0.228
[59,   190] loss: 0.178
[59,   200] loss: 0.207
[59,   210] loss: 0.191
[59,   220] loss: 0.218
[59,   230] loss: 0.236
[59,   240] loss: 0.213
[59,   250] loss: 0.197
[59,   260] loss: 0.216
[59,   270] loss: 0.208
[59,   280] loss: 0.214
[59,   290] loss: 0.264
[59,   300] loss: 0.232
[59,   310] loss: 0.242
[59,   320] loss: 0.190
[59,   330] loss: 0.204
[59,   340] loss: 0.211
[59,   350] loss: 0.197
[59,   360] loss: 0.246
[59,   370] loss: 0.223
[59,   380] loss: 0.262
[59,   390] loss: 0.255
[59,   400] loss: 0.175
VALIDATION loss: 0.7071408629417419
[60,    10] loss: 0.242
[60,    20] loss: 0.268
[60,    30] loss: 0.230
[60,    40] loss: 0.180
[60,    50] loss: 0.229
[60,    60] loss: 0.176
[60,    70] loss: 0.219
[60,    80] loss: 0.193
[60,    90] loss: 0.232
[60,   100] loss: 0.244
[60,   110] loss: 0.210
[60,   120] loss: 0.237
[60,   130] loss: 0.176
[60,   140] loss: 0.200
[60,   150] loss: 0.204
[60,   160] loss: 0.182
[60,   170] loss: 0.198
[60,   180] loss: 0.184
[60,   190] loss: 0.284
[60,   200] loss: 0.152
[60,   210] loss: 0.203
[60,   220] loss: 0.209
[60,   230] loss: 0.179
[60,   240] loss: 0.212
[60,   250] loss: 0.196
[60,   260] loss: 0.220
[60,   270] loss: 0.183
[60,   280] loss: 0.225
[60,   290] loss: 0.198
[60,   300] loss: 0.206
[60,   310] loss: 0.246
[60,   320] loss: 0.231
[60,   330] loss: 0.168
[60,   340] loss: 0.222
[60,   350] loss: 0.238
[60,   360] loss: 0.197
[60,   370] loss: 0.269
[60,   380] loss: 0.237
[60,   390] loss: 0.193
[60,   400] loss: 0.262
VALIDATION loss: 0.21606118977069855
[61,    10] loss: 0.218
[61,    20] loss: 0.194
[61,    30] loss: 0.209
[61,    40] loss: 0.172
[61,    50] loss: 0.166
[61,    60] loss: 0.233
[61,    70] loss: 0.193
[61,    80] loss: 0.203
[61,    90] loss: 0.187
[61,   100] loss: 0.199
[61,   110] loss: 0.268
[61,   120] loss: 0.202
[61,   130] loss: 0.224
[61,   140] loss: 0.209
[61,   150] loss: 0.199
[61,   160] loss: 0.235
[61,   170] loss: 0.187
[61,   180] loss: 0.190
[61,   190] loss: 0.178
[61,   200] loss: 0.239
[61,   210] loss: 0.250
[61,   220] loss: 0.238
[61,   230] loss: 0.201
[61,   240] loss: 0.192
[61,   250] loss: 0.177
[61,   260] loss: 0.161
[61,   270] loss: 0.188
[61,   280] loss: 0.230
[61,   290] loss: 0.202
[61,   300] loss: 0.179
[61,   310] loss: 0.211
[61,   320] loss: 0.197
[61,   330] loss: 0.214
[61,   340] loss: 0.187
[61,   350] loss: 0.215
[61,   360] loss: 0.212
[61,   370] loss: 0.187
[61,   380] loss: 0.198
[61,   390] loss: 0.235
[61,   400] loss: 0.201
VALIDATION loss: 0.25002217292785645
[62,    10] loss: 0.197
[62,    20] loss: 0.209
[62,    30] loss: 0.225
[62,    40] loss: 0.196
[62,    50] loss: 0.217
[62,    60] loss: 0.207
[62,    70] loss: 0.163
[62,    80] loss: 0.174
[62,    90] loss: 0.194
[62,   100] loss: 0.228
[62,   110] loss: 0.172
[62,   120] loss: 0.188
[62,   130] loss: 0.262
[62,   140] loss: 0.224
[62,   150] loss: 0.260
[62,   160] loss: 0.229
[62,   170] loss: 0.190
[62,   180] loss: 0.182
[62,   190] loss: 0.192
[62,   200] loss: 0.236
[62,   210] loss: 0.243
[62,   220] loss: 0.184
[62,   230] loss: 0.199
[62,   240] loss: 0.182
[62,   250] loss: 0.186
[62,   260] loss: 0.166
[62,   270] loss: 0.225
[62,   280] loss: 0.233
[62,   290] loss: 0.164
[62,   300] loss: 0.181
[62,   310] loss: 0.198
[62,   320] loss: 0.171
[62,   330] loss: 0.174
[62,   340] loss: 0.251
[62,   350] loss: 0.237
[62,   360] loss: 0.203
[62,   370] loss: 0.252
[62,   380] loss: 0.201
[62,   390] loss: 0.227
[62,   400] loss: 0.232
VALIDATION loss: 0.5982859134674072
[63,    10] loss: 0.176
[63,    20] loss: 0.204
[63,    30] loss: 0.201
[63,    40] loss: 0.204
[63,    50] loss: 0.154
[63,    60] loss: 0.209
[63,    70] loss: 0.228
[63,    80] loss: 0.221
[63,    90] loss: 0.226
[63,   100] loss: 0.187
[63,   110] loss: 0.195
[63,   120] loss: 0.218
[63,   130] loss: 0.192
[63,   140] loss: 0.190
[63,   150] loss: 0.233
[63,   160] loss: 0.203
[63,   170] loss: 0.242
[63,   180] loss: 0.219
[63,   190] loss: 0.203
[63,   200] loss: 0.227
[63,   210] loss: 0.184
[63,   220] loss: 0.189
[63,   230] loss: 0.277
[63,   240] loss: 0.180
[63,   250] loss: 0.159
[63,   260] loss: 0.181
[63,   270] loss: 0.247
[63,   280] loss: 0.252
[63,   290] loss: 0.237
[63,   300] loss: 0.280
[63,   310] loss: 0.180
[63,   320] loss: 0.241
[63,   330] loss: 0.194
[63,   340] loss: 0.228
[63,   350] loss: 0.179
[63,   360] loss: 0.296
[63,   370] loss: 0.223
[63,   380] loss: 0.209
[63,   390] loss: 0.212
[63,   400] loss: 0.208
VALIDATION loss: 0.36572086811065674
[64,    10] loss: 0.209
[64,    20] loss: 0.163
[64,    30] loss: 0.201
[64,    40] loss: 0.207
[64,    50] loss: 0.229
[64,    60] loss: 0.179
[64,    70] loss: 0.193
[64,    80] loss: 0.202
[64,    90] loss: 0.174
[64,   100] loss: 0.220
[64,   110] loss: 0.232
[64,   120] loss: 0.220
[64,   130] loss: 0.239
[64,   140] loss: 0.238
[64,   150] loss: 0.195
[64,   160] loss: 0.194
[64,   170] loss: 0.206
[64,   180] loss: 0.223
[64,   190] loss: 0.198
[64,   200] loss: 0.288
[64,   210] loss: 0.249
[64,   220] loss: 0.181
[64,   230] loss: 0.236
[64,   240] loss: 0.190
[64,   250] loss: 0.224
[64,   260] loss: 0.180
[64,   270] loss: 0.162
[64,   280] loss: 0.190
[64,   290] loss: 0.223
[64,   300] loss: 0.193
[64,   310] loss: 0.145
[64,   320] loss: 0.221
[64,   330] loss: 0.224
[64,   340] loss: 0.173
[64,   350] loss: 0.165
[64,   360] loss: 0.211
[64,   370] loss: 0.226
[64,   380] loss: 0.259
[64,   390] loss: 0.197
[64,   400] loss: 0.233
VALIDATION loss: 2.166158437728882
[65,    10] loss: 0.241
[65,    20] loss: 0.223
[65,    30] loss: 0.257
[65,    40] loss: 0.243
[65,    50] loss: 0.198
[65,    60] loss: 0.224
[65,    70] loss: 0.238
[65,    80] loss: 0.210
[65,    90] loss: 0.231
[65,   100] loss: 0.198
[65,   110] loss: 0.220
[65,   120] loss: 0.168
[65,   130] loss: 0.195
[65,   140] loss: 0.225
[65,   150] loss: 0.207
[65,   160] loss: 0.191
[65,   170] loss: 0.224
[65,   180] loss: 0.211
[65,   190] loss: 0.195
[65,   200] loss: 0.200
[65,   210] loss: 0.217
[65,   220] loss: 0.216
[65,   230] loss: 0.211
[65,   240] loss: 0.204
[65,   250] loss: 0.224
[65,   260] loss: 0.205
[65,   270] loss: 0.238
[65,   280] loss: 0.152
[65,   290] loss: 0.193
[65,   300] loss: 0.201
[65,   310] loss: 0.206
[65,   320] loss: 0.237
[65,   330] loss: 0.204
[65,   340] loss: 0.221
[65,   350] loss: 0.244
[65,   360] loss: 0.200
[65,   370] loss: 0.217
[65,   380] loss: 0.173
[65,   390] loss: 0.228
[65,   400] loss: 0.261
VALIDATION loss: 0.2716476321220398
[66,    10] loss: 0.193
[66,    20] loss: 0.256
[66,    30] loss: 0.184
[66,    40] loss: 0.193
[66,    50] loss: 0.190
[66,    60] loss: 0.192
[66,    70] loss: 0.220
[66,    80] loss: 0.220
[66,    90] loss: 0.213
[66,   100] loss: 0.199
[66,   110] loss: 0.219
[66,   120] loss: 0.171
[66,   130] loss: 0.217
[66,   140] loss: 0.184
[66,   150] loss: 0.247
[66,   160] loss: 0.191
[66,   170] loss: 0.182
[66,   180] loss: 0.189
[66,   190] loss: 0.153
[66,   200] loss: 0.165
[66,   210] loss: 0.231
[66,   220] loss: 0.189
[66,   230] loss: 0.190
[66,   240] loss: 0.205
[66,   250] loss: 0.163
[66,   260] loss: 0.210
[66,   270] loss: 0.196
[66,   280] loss: 0.203
[66,   290] loss: 0.209
[66,   300] loss: 0.158
[66,   310] loss: 0.221
[66,   320] loss: 0.194
[66,   330] loss: 0.221
[66,   340] loss: 0.190
[66,   350] loss: 0.205
[66,   360] loss: 0.166
[66,   370] loss: 0.176
[66,   380] loss: 0.189
[66,   390] loss: 0.178
[66,   400] loss: 0.145
VALIDATION loss: 0.6840637922286987
[67,    10] loss: 0.211
[67,    20] loss: 0.166
[67,    30] loss: 0.286
[67,    40] loss: 0.149
[67,    50] loss: 0.185
[67,    60] loss: 0.186
[67,    70] loss: 0.182
[67,    80] loss: 0.279
[67,    90] loss: 0.210
[67,   100] loss: 0.165
[67,   110] loss: 0.197
[67,   120] loss: 0.186
[67,   130] loss: 0.200
[67,   140] loss: 0.188
[67,   150] loss: 0.226
[67,   160] loss: 0.209
[67,   170] loss: 0.164
[67,   180] loss: 0.177
[67,   190] loss: 0.237
[67,   200] loss: 0.182
[67,   210] loss: 0.247
[67,   220] loss: 0.169
[67,   230] loss: 0.179
[67,   240] loss: 0.171
[67,   250] loss: 0.210
[67,   260] loss: 0.182
[67,   270] loss: 0.225
[67,   280] loss: 0.211
[67,   290] loss: 0.131
[67,   300] loss: 0.205
[67,   310] loss: 0.195
[67,   320] loss: 0.241
[67,   330] loss: 0.238
[67,   340] loss: 0.177
[67,   350] loss: 0.175
[67,   360] loss: 0.199
[67,   370] loss: 0.190
[67,   380] loss: 0.226
[67,   390] loss: 0.178
[67,   400] loss: 0.184
VALIDATION loss: 0.19350406527519226
[68,    10] loss: 0.174
[68,    20] loss: 0.170
[68,    30] loss: 0.186
[68,    40] loss: 0.184
[68,    50] loss: 0.176
[68,    60] loss: 0.188
[68,    70] loss: 0.214
[68,    80] loss: 0.268
[68,    90] loss: 0.212
[68,   100] loss: 0.199
[68,   110] loss: 0.210
[68,   120] loss: 0.196
[68,   130] loss: 0.211
[68,   140] loss: 0.193
[68,   150] loss: 0.221
[68,   160] loss: 0.196
[68,   170] loss: 0.193
[68,   180] loss: 0.214
[68,   190] loss: 0.169
[68,   200] loss: 0.178
[68,   210] loss: 0.228
[68,   220] loss: 0.233
[68,   230] loss: 0.221
[68,   240] loss: 0.187
[68,   250] loss: 0.184
[68,   260] loss: 0.204
[68,   270] loss: 0.193
[68,   280] loss: 0.224
[68,   290] loss: 0.168
[68,   300] loss: 0.208
[68,   310] loss: 0.185
[68,   320] loss: 0.176
[68,   330] loss: 0.201
[68,   340] loss: 0.175
[68,   350] loss: 0.191
[68,   360] loss: 0.171
[68,   370] loss: 0.170
[68,   380] loss: 0.149
[68,   390] loss: 0.193
[68,   400] loss: 0.230
VALIDATION loss: 0.20346330106258392
[69,    10] loss: 0.172
[69,    20] loss: 0.258
[69,    30] loss: 0.151
[69,    40] loss: 0.211
[69,    50] loss: 0.210
[69,    60] loss: 0.252
[69,    70] loss: 0.242
[69,    80] loss: 0.231
[69,    90] loss: 0.186
[69,   100] loss: 0.168
[69,   110] loss: 0.182
[69,   120] loss: 0.192
[69,   130] loss: 0.220
[69,   140] loss: 0.219
[69,   150] loss: 0.223
[69,   160] loss: 0.240
[69,   170] loss: 0.240
[69,   180] loss: 0.232
[69,   190] loss: 0.137
[69,   200] loss: 0.192
[69,   210] loss: 0.255
[69,   220] loss: 0.182
[69,   230] loss: 0.161
[69,   240] loss: 0.204
[69,   250] loss: 0.191
[69,   260] loss: 0.196
[69,   270] loss: 0.190
[69,   280] loss: 0.213
[69,   290] loss: 0.195
[69,   300] loss: 0.221
[69,   310] loss: 0.164
[69,   320] loss: 0.213
[69,   330] loss: 0.162
[69,   340] loss: 0.160
[69,   350] loss: 0.170
[69,   360] loss: 0.182
[69,   370] loss: 0.194
[69,   380] loss: 0.184
[69,   390] loss: 0.171
[69,   400] loss: 0.214
VALIDATION loss: 0.20869214832782745
[70,    10] loss: 0.228
[70,    20] loss: 0.184
[70,    30] loss: 0.274
[70,    40] loss: 0.141
[70,    50] loss: 0.183
[70,    60] loss: 0.163
[70,    70] loss: 0.224
[70,    80] loss: 0.147
[70,    90] loss: 0.179
[70,   100] loss: 0.189
[70,   110] loss: 0.185
[70,   120] loss: 0.196
[70,   130] loss: 0.213
[70,   140] loss: 0.147
[70,   150] loss: 0.194
[70,   160] loss: 0.223
[70,   170] loss: 0.212
[70,   180] loss: 0.185
[70,   190] loss: 0.148
[70,   200] loss: 0.149
[70,   210] loss: 0.167
[70,   220] loss: 0.152
[70,   230] loss: 0.194
[70,   240] loss: 0.142
[70,   250] loss: 0.204
[70,   260] loss: 0.158
[70,   270] loss: 0.243
[70,   280] loss: 0.158
[70,   290] loss: 0.158
[70,   300] loss: 0.154
[70,   310] loss: 0.234
[70,   320] loss: 0.180
[70,   330] loss: 0.186
[70,   340] loss: 0.202
[70,   350] loss: 0.241
[70,   360] loss: 0.168
[70,   370] loss: 0.207
[70,   380] loss: 0.249
[70,   390] loss: 0.200
[70,   400] loss: 0.265
VALIDATION loss: 0.2579902112483978
[71,    10] loss: 0.201
[71,    20] loss: 0.190
[71,    30] loss: 0.140
[71,    40] loss: 0.197
[71,    50] loss: 0.215
[71,    60] loss: 0.203
[71,    70] loss: 0.188
[71,    80] loss: 0.184
[71,    90] loss: 0.223
[71,   100] loss: 0.164
[71,   110] loss: 0.190
[71,   120] loss: 0.197
[71,   130] loss: 0.180
[71,   140] loss: 0.175
[71,   150] loss: 0.238
[71,   160] loss: 0.229
[71,   170] loss: 0.187
[71,   180] loss: 0.213
[71,   190] loss: 0.226
[71,   200] loss: 0.215
[71,   210] loss: 0.225
[71,   220] loss: 0.215
[71,   230] loss: 0.207
[71,   240] loss: 0.252
[71,   250] loss: 0.203
[71,   260] loss: 0.216
[71,   270] loss: 0.161
[71,   280] loss: 0.195
[71,   290] loss: 0.187
[71,   300] loss: 0.162
[71,   310] loss: 0.149
[71,   320] loss: 0.166
[71,   330] loss: 0.205
[71,   340] loss: 0.126
[71,   350] loss: 0.166
[71,   360] loss: 0.196
[71,   370] loss: 0.198
[71,   380] loss: 0.174
[71,   390] loss: 0.153
[71,   400] loss: 0.194
VALIDATION loss: 0.17342963814735413
[72,    10] loss: 0.170
[72,    20] loss: 0.183
[72,    30] loss: 0.166
[72,    40] loss: 0.151
[72,    50] loss: 0.173
[72,    60] loss: 0.253
[72,    70] loss: 0.216
[72,    80] loss: 0.167
[72,    90] loss: 0.202
[72,   100] loss: 0.210
[72,   110] loss: 0.177
[72,   120] loss: 0.162
[72,   130] loss: 0.208
[72,   140] loss: 0.168
[72,   150] loss: 0.224
[72,   160] loss: 0.170
[72,   170] loss: 0.204
[72,   180] loss: 0.170
[72,   190] loss: 0.202
[72,   200] loss: 0.184
[72,   210] loss: 0.230
[72,   220] loss: 0.164
[72,   230] loss: 0.171
[72,   240] loss: 0.135
[72,   250] loss: 0.176
[72,   260] loss: 0.168
[72,   270] loss: 0.178
[72,   280] loss: 0.181
[72,   290] loss: 0.211
[72,   300] loss: 0.202
[72,   310] loss: 0.194
[72,   320] loss: 0.147
[72,   330] loss: 0.172
[72,   340] loss: 0.191
[72,   350] loss: 0.207
[72,   360] loss: 0.210
[72,   370] loss: 0.242
[72,   380] loss: 0.197
[72,   390] loss: 0.179
[72,   400] loss: 0.173
VALIDATION loss: 0.1654660701751709
[73,    10] loss: 0.150
[73,    20] loss: 0.174
[73,    30] loss: 0.204
[73,    40] loss: 0.171
[73,    50] loss: 0.186
[73,    60] loss: 0.193
[73,    70] loss: 0.187
[73,    80] loss: 0.194
[73,    90] loss: 0.159
[73,   100] loss: 0.165
[73,   110] loss: 0.140
[73,   120] loss: 0.167
[73,   130] loss: 0.202
[73,   140] loss: 0.149
[73,   150] loss: 0.200
[73,   160] loss: 0.185
[73,   170] loss: 0.184
[73,   180] loss: 0.247
[73,   190] loss: 0.183
[73,   200] loss: 0.203
[73,   210] loss: 0.173
[73,   220] loss: 0.188
[73,   230] loss: 0.184
[73,   240] loss: 0.225
[73,   250] loss: 0.175
[73,   260] loss: 0.187
[73,   270] loss: 0.202
[73,   280] loss: 0.208
[73,   290] loss: 0.154
[73,   300] loss: 0.202
[73,   310] loss: 0.184
[73,   320] loss: 0.182
[73,   330] loss: 0.170
[73,   340] loss: 0.217
[73,   350] loss: 0.194
[73,   360] loss: 0.198
[73,   370] loss: 0.192
[73,   380] loss: 0.216
[73,   390] loss: 0.200
[73,   400] loss: 0.244
VALIDATION loss: 0.18507780134677887
[74,    10] loss: 0.183
[74,    20] loss: 0.165
[74,    30] loss: 0.200
[74,    40] loss: 0.175
[74,    50] loss: 0.201
[74,    60] loss: 0.194
[74,    70] loss: 0.162
[74,    80] loss: 0.173
[74,    90] loss: 0.196
[74,   100] loss: 0.212
[74,   110] loss: 0.187
[74,   120] loss: 0.187
[74,   130] loss: 0.223
[74,   140] loss: 0.182
[74,   150] loss: 0.189
[74,   160] loss: 0.156
[74,   170] loss: 0.170
[74,   180] loss: 0.185
[74,   190] loss: 0.212
[74,   200] loss: 0.155
[74,   210] loss: 0.192
[74,   220] loss: 0.186
[74,   230] loss: 0.170
[74,   240] loss: 0.184
[74,   250] loss: 0.159
[74,   260] loss: 0.161
[74,   270] loss: 0.209
[74,   280] loss: 0.189
[74,   290] loss: 0.181
[74,   300] loss: 0.230
[74,   310] loss: 0.210
[74,   320] loss: 0.159
[74,   330] loss: 0.168
[74,   340] loss: 0.164
[74,   350] loss: 0.167
[74,   360] loss: 0.152
[74,   370] loss: 0.238
[74,   380] loss: 0.229
[74,   390] loss: 0.185
[74,   400] loss: 0.180
VALIDATION loss: 0.2256690263748169
[75,    10] loss: 0.153
[75,    20] loss: 0.187
[75,    30] loss: 0.139
[75,    40] loss: 0.204
[75,    50] loss: 0.198
[75,    60] loss: 0.201
[75,    70] loss: 0.222
[75,    80] loss: 0.156
[75,    90] loss: 0.195
[75,   100] loss: 0.239
[75,   110] loss: 0.226
[75,   120] loss: 0.193
[75,   130] loss: 0.175
[75,   140] loss: 0.155
[75,   150] loss: 0.174
[75,   160] loss: 0.190
[75,   170] loss: 0.195
[75,   180] loss: 0.182
[75,   190] loss: 0.182
[75,   200] loss: 0.178
[75,   210] loss: 0.207
[75,   220] loss: 0.217
[75,   230] loss: 0.215
[75,   240] loss: 0.228
[75,   250] loss: 0.174
[75,   260] loss: 0.198
[75,   270] loss: 0.216
[75,   280] loss: 0.213
[75,   290] loss: 0.147
[75,   300] loss: 0.189
[75,   310] loss: 0.164
[75,   320] loss: 0.186
[75,   330] loss: 0.168
[75,   340] loss: 0.251
[75,   350] loss: 0.230
[75,   360] loss: 0.185
[75,   370] loss: 0.167
[75,   380] loss: 0.184
[75,   390] loss: 0.186
[75,   400] loss: 0.147
VALIDATION loss: 0.18782003223896027
[76,    10] loss: 0.164
[76,    20] loss: 0.174
[76,    30] loss: 0.163
[76,    40] loss: 0.213
[76,    50] loss: 0.204
[76,    60] loss: 0.160
[76,    70] loss: 0.154
[76,    80] loss: 0.216
[76,    90] loss: 0.160
[76,   100] loss: 0.199
[76,   110] loss: 0.145
[76,   120] loss: 0.149
[76,   130] loss: 0.200
[76,   140] loss: 0.196
[76,   150] loss: 0.140
[76,   160] loss: 0.180
[76,   170] loss: 0.206
[76,   180] loss: 0.226
[76,   190] loss: 0.190
[76,   200] loss: 0.196
[76,   210] loss: 0.142
[76,   220] loss: 0.188
[76,   230] loss: 0.166
[76,   240] loss: 0.147
[76,   250] loss: 0.205
[76,   260] loss: 0.160
[76,   270] loss: 0.160
[76,   280] loss: 0.214
[76,   290] loss: 0.187
[76,   300] loss: 0.216
[76,   310] loss: 0.169
[76,   320] loss: 0.193
[76,   330] loss: 0.159
[76,   340] loss: 0.223
[76,   350] loss: 0.165
[76,   360] loss: 0.182
[76,   370] loss: 0.177
[76,   380] loss: 0.183
[76,   390] loss: 0.138
[76,   400] loss: 0.175
VALIDATION loss: 0.17440083622932434
[77,    10] loss: 0.211
[77,    20] loss: 0.195
[77,    30] loss: 0.175
[77,    40] loss: 0.163
[77,    50] loss: 0.167
[77,    60] loss: 0.168
[77,    70] loss: 0.256
[77,    80] loss: 0.176
[77,    90] loss: 0.203
[77,   100] loss: 0.225
[77,   110] loss: 0.200
[77,   120] loss: 0.219
[77,   130] loss: 0.205
[77,   140] loss: 0.220
[77,   150] loss: 0.258
[77,   160] loss: 0.147
[77,   170] loss: 0.223
[77,   180] loss: 0.181
[77,   190] loss: 0.229
[77,   200] loss: 0.160
[77,   210] loss: 0.201
[77,   220] loss: 0.203
[77,   230] loss: 0.162
[77,   240] loss: 0.159
[77,   250] loss: 0.155
[77,   260] loss: 0.201
[77,   270] loss: 0.187
[77,   280] loss: 0.226
[77,   290] loss: 0.184
[77,   300] loss: 0.233
[77,   310] loss: 0.191
[77,   320] loss: 0.125
[77,   330] loss: 0.211
[77,   340] loss: 0.218
[77,   350] loss: 0.179
[77,   360] loss: 0.208
[77,   370] loss: 0.175
[77,   380] loss: 0.151
[77,   390] loss: 0.176
[77,   400] loss: 0.149
VALIDATION loss: 0.24169553816318512
[78,    10] loss: 0.163
[78,    20] loss: 0.143
[78,    30] loss: 0.174
[78,    40] loss: 0.209
[78,    50] loss: 0.194
[78,    60] loss: 0.185
[78,    70] loss: 0.199
[78,    80] loss: 0.164
[78,    90] loss: 0.230
[78,   100] loss: 0.167
[78,   110] loss: 0.166
[78,   120] loss: 0.129
[78,   130] loss: 0.167
[78,   140] loss: 0.156
[78,   150] loss: 0.195
[78,   160] loss: 0.207
[78,   170] loss: 0.237
[78,   180] loss: 0.147
[78,   190] loss: 0.214
[78,   200] loss: 0.167
[78,   210] loss: 0.172
[78,   220] loss: 0.184
[78,   230] loss: 0.203
[78,   240] loss: 0.208
[78,   250] loss: 0.122
[78,   260] loss: 0.175
[78,   270] loss: 0.181
[78,   280] loss: 0.190
[78,   290] loss: 0.189
[78,   300] loss: 0.151
[78,   310] loss: 0.203
[78,   320] loss: 0.163
[78,   330] loss: 0.196
[78,   340] loss: 0.181
[78,   350] loss: 0.179
[78,   360] loss: 0.180
[78,   370] loss: 0.165
[78,   380] loss: 0.162
[78,   390] loss: 0.172
[78,   400] loss: 0.225
VALIDATION loss: 3.942837953567505
[79,    10] loss: 0.156
[79,    20] loss: 0.172
[79,    30] loss: 0.125
[79,    40] loss: 0.180
[79,    50] loss: 0.221
[79,    60] loss: 0.142
[79,    70] loss: 0.238
[79,    80] loss: 0.230
[79,    90] loss: 0.191
[79,   100] loss: 0.169
[79,   110] loss: 0.182
[79,   120] loss: 0.187
[79,   130] loss: 0.180
[79,   140] loss: 0.197
[79,   150] loss: 0.176
[79,   160] loss: 0.142
[79,   170] loss: 0.142
[79,   180] loss: 0.158
[79,   190] loss: 0.191
[79,   200] loss: 0.196
[79,   210] loss: 0.225
[79,   220] loss: 0.181
[79,   230] loss: 0.191
[79,   240] loss: 0.188
[79,   250] loss: 0.196
[79,   260] loss: 0.172
[79,   270] loss: 0.180
[79,   280] loss: 0.218
[79,   290] loss: 0.144
[79,   300] loss: 0.172
[79,   310] loss: 0.185
[79,   320] loss: 0.205
[79,   330] loss: 0.185
[79,   340] loss: 0.180
[79,   350] loss: 0.122
[79,   360] loss: 0.210
[79,   370] loss: 0.185
[79,   380] loss: 0.182
[79,   390] loss: 0.152
[79,   400] loss: 0.161
VALIDATION loss: 0.42262187600135803
[80,    10] loss: 0.179
[80,    20] loss: 0.153
[80,    30] loss: 0.158
[80,    40] loss: 0.162
[80,    50] loss: 0.245
[80,    60] loss: 0.158
[80,    70] loss: 0.156
[80,    80] loss: 0.211
[80,    90] loss: 0.182
[80,   100] loss: 0.177
[80,   110] loss: 0.197
[80,   120] loss: 0.197
[80,   130] loss: 0.173
[80,   140] loss: 0.195
[80,   150] loss: 0.138
[80,   160] loss: 0.147
[80,   170] loss: 0.158
[80,   180] loss: 0.175
[80,   190] loss: 0.179
[80,   200] loss: 0.204
[80,   210] loss: 0.209
[80,   220] loss: 0.196
[80,   230] loss: 0.145
[80,   240] loss: 0.161
[80,   250] loss: 0.201
[80,   260] loss: 0.207
[80,   270] loss: 0.207
[80,   280] loss: 0.164
[80,   290] loss: 0.186
[80,   300] loss: 0.181
[80,   310] loss: 0.189
[80,   320] loss: 0.157
[80,   330] loss: 0.221
[80,   340] loss: 0.210
[80,   350] loss: 0.175
[80,   360] loss: 0.187
[80,   370] loss: 0.229
[80,   380] loss: 0.153
[80,   390] loss: 0.171
[80,   400] loss: 0.166
VALIDATION loss: 0.30492520332336426
[81,    10] loss: 0.179
[81,    20] loss: 0.202
[81,    30] loss: 0.173
[81,    40] loss: 0.203
[81,    50] loss: 0.171
[81,    60] loss: 0.232
[81,    70] loss: 0.154
[81,    80] loss: 0.212
[81,    90] loss: 0.183
[81,   100] loss: 0.171
[81,   110] loss: 0.215
[81,   120] loss: 0.268
[81,   130] loss: 0.145
[81,   140] loss: 0.182
[81,   150] loss: 0.160
[81,   160] loss: 0.225
[81,   170] loss: 0.160
[81,   180] loss: 0.177
[81,   190] loss: 0.188
[81,   200] loss: 0.158
[81,   210] loss: 0.145
[81,   220] loss: 0.169
[81,   230] loss: 0.200
[81,   240] loss: 0.153
[81,   250] loss: 0.176
[81,   260] loss: 0.195
[81,   270] loss: 0.181
[81,   280] loss: 0.117
[81,   290] loss: 0.144
[81,   300] loss: 0.175
[81,   310] loss: 0.216
[81,   320] loss: 0.197
[81,   330] loss: 0.170
[81,   340] loss: 0.169
[81,   350] loss: 0.150
[81,   360] loss: 0.225
[81,   370] loss: 0.162
[81,   380] loss: 0.138
[81,   390] loss: 0.189
[81,   400] loss: 0.202
VALIDATION loss: 0.46681565046310425
[82,    10] loss: 0.139
[82,    20] loss: 0.163
[82,    30] loss: 0.219
[82,    40] loss: 0.189
[82,    50] loss: 0.148
[82,    60] loss: 0.204
[82,    70] loss: 0.142
[82,    80] loss: 0.227
[82,    90] loss: 0.159
[82,   100] loss: 0.190
[82,   110] loss: 0.169
[82,   120] loss: 0.142
[82,   130] loss: 0.153
[82,   140] loss: 0.212
[82,   150] loss: 0.198
[82,   160] loss: 0.131
[82,   170] loss: 0.174
[82,   180] loss: 0.168
[82,   190] loss: 0.144
[82,   200] loss: 0.167
[82,   210] loss: 0.157
[82,   220] loss: 0.194
[82,   230] loss: 0.180
[82,   240] loss: 0.165
[82,   250] loss: 0.207
[82,   260] loss: 0.199
[82,   270] loss: 0.158
[82,   280] loss: 0.183
[82,   290] loss: 0.148
[82,   300] loss: 0.170
[82,   310] loss: 0.161
[82,   320] loss: 0.152
[82,   330] loss: 0.179
[82,   340] loss: 0.206
[82,   350] loss: 0.185
[82,   360] loss: 0.196
[82,   370] loss: 0.185
[82,   380] loss: 0.128
[82,   390] loss: 0.179
[82,   400] loss: 0.182
VALIDATION loss: 0.4365132451057434
[83,    10] loss: 0.137
[83,    20] loss: 0.174
[83,    30] loss: 0.134
[83,    40] loss: 0.146
[83,    50] loss: 0.223
[83,    60] loss: 0.180
[83,    70] loss: 0.137
[83,    80] loss: 0.171
[83,    90] loss: 0.187
[83,   100] loss: 0.158
[83,   110] loss: 0.201
[83,   120] loss: 0.141
[83,   130] loss: 0.177
[83,   140] loss: 0.206
[83,   150] loss: 0.216
[83,   160] loss: 0.176
[83,   170] loss: 0.227
[83,   180] loss: 0.209
[83,   190] loss: 0.200
[83,   200] loss: 0.150
[83,   210] loss: 0.207
[83,   220] loss: 0.188
[83,   230] loss: 0.174
[83,   240] loss: 0.146
[83,   250] loss: 0.138
[83,   260] loss: 0.147
[83,   270] loss: 0.190
[83,   280] loss: 0.177
[83,   290] loss: 0.222
[83,   300] loss: 0.191
[83,   310] loss: 0.182
[83,   320] loss: 0.189
[83,   330] loss: 0.186
[83,   340] loss: 0.180
[83,   350] loss: 0.199
[83,   360] loss: 0.179
[83,   370] loss: 0.173
[83,   380] loss: 0.186
[83,   390] loss: 0.134
[83,   400] loss: 0.181
VALIDATION loss: 1.4237608909606934
[84,    10] loss: 0.171
[84,    20] loss: 0.217
[84,    30] loss: 0.184
[84,    40] loss: 0.242
[84,    50] loss: 0.218
[84,    60] loss: 0.212
[84,    70] loss: 0.198
[84,    80] loss: 0.198
[84,    90] loss: 0.147
[84,   100] loss: 0.204
[84,   110] loss: 0.136
[84,   120] loss: 0.176
[84,   130] loss: 0.185
[84,   140] loss: 0.180
[84,   150] loss: 0.145
[84,   160] loss: 0.176
[84,   170] loss: 0.157
[84,   180] loss: 0.185
[84,   190] loss: 0.213
[84,   200] loss: 0.153
[84,   210] loss: 0.137
[84,   220] loss: 0.174
[84,   230] loss: 0.186
[84,   240] loss: 0.181
[84,   250] loss: 0.218
[84,   260] loss: 0.187
[84,   270] loss: 0.188
[84,   280] loss: 0.208
[84,   290] loss: 0.239
[84,   300] loss: 0.219
[84,   310] loss: 0.142
[84,   320] loss: 0.218
[84,   330] loss: 0.219
[84,   340] loss: 0.148
[84,   350] loss: 0.164
[84,   360] loss: 0.184
[84,   370] loss: 0.120
[84,   380] loss: 0.192
[84,   390] loss: 0.150
[84,   400] loss: 0.173
VALIDATION loss: 0.1831773817539215
[85,    10] loss: 0.150
[85,    20] loss: 0.178
[85,    30] loss: 0.170
[85,    40] loss: 0.189
[85,    50] loss: 0.150
[85,    60] loss: 0.165
[85,    70] loss: 0.200
[85,    80] loss: 0.152
[85,    90] loss: 0.204
[85,   100] loss: 0.175
[85,   110] loss: 0.233
[85,   120] loss: 0.167
[85,   130] loss: 0.188
[85,   140] loss: 0.185
[85,   150] loss: 0.093
[85,   160] loss: 0.196
[85,   170] loss: 0.205
[85,   180] loss: 0.236
[85,   190] loss: 0.195
[85,   200] loss: 0.201
[85,   210] loss: 0.197
[85,   220] loss: 0.123
[85,   230] loss: 0.180
[85,   240] loss: 0.144
[85,   250] loss: 0.186
[85,   260] loss: 0.189
[85,   270] loss: 0.166
[85,   280] loss: 0.218
[85,   290] loss: 0.159
[85,   300] loss: 0.173
[85,   310] loss: 0.163
[85,   320] loss: 0.198
[85,   330] loss: 0.206
[85,   340] loss: 0.150
[85,   350] loss: 0.216
[85,   360] loss: 0.156
[85,   370] loss: 0.165
[85,   380] loss: 0.182
[85,   390] loss: 0.215
[85,   400] loss: 0.190
VALIDATION loss: 0.39184871315956116
[86,    10] loss: 0.182
[86,    20] loss: 0.153
[86,    30] loss: 0.163
[86,    40] loss: 0.167
[86,    50] loss: 0.206
[86,    60] loss: 0.166
[86,    70] loss: 0.201
[86,    80] loss: 0.155
[86,    90] loss: 0.191
[86,   100] loss: 0.161
[86,   110] loss: 0.150
[86,   120] loss: 0.166
[86,   130] loss: 0.180
[86,   140] loss: 0.185
[86,   150] loss: 0.150
[86,   160] loss: 0.200
[86,   170] loss: 0.191
[86,   180] loss: 0.179
[86,   190] loss: 0.177
[86,   200] loss: 0.155
[86,   210] loss: 0.148
[86,   220] loss: 0.200
[86,   230] loss: 0.225
[86,   240] loss: 0.217
[86,   250] loss: 0.219
[86,   260] loss: 0.146
[86,   270] loss: 0.164
[86,   280] loss: 0.166
[86,   290] loss: 0.165
[86,   300] loss: 0.118
[86,   310] loss: 0.175
[86,   320] loss: 0.155
[86,   330] loss: 0.213
[86,   340] loss: 0.152
[86,   350] loss: 0.169
[86,   360] loss: 0.179
[86,   370] loss: 0.114
[86,   380] loss: 0.149
[86,   390] loss: 0.138
[86,   400] loss: 0.177
VALIDATION loss: 0.17014288902282715
[87,    10] loss: 0.219
[87,    20] loss: 0.142
[87,    30] loss: 0.158
[87,    40] loss: 0.191
[87,    50] loss: 0.169
[87,    60] loss: 0.157
[87,    70] loss: 0.243
[87,    80] loss: 0.138
[87,    90] loss: 0.157
[87,   100] loss: 0.140
[87,   110] loss: 0.152
[87,   120] loss: 0.153
[87,   130] loss: 0.144
[87,   140] loss: 0.154
[87,   150] loss: 0.144
[87,   160] loss: 0.169
[87,   170] loss: 0.169
[87,   180] loss: 0.134
[87,   190] loss: 0.169
[87,   200] loss: 0.188
[87,   210] loss: 0.174
[87,   220] loss: 0.169
[87,   230] loss: 0.171
[87,   240] loss: 0.130
[87,   250] loss: 0.205
[87,   260] loss: 0.129
[87,   270] loss: 0.185
[87,   280] loss: 0.158
[87,   290] loss: 0.129
[87,   300] loss: 0.189
[87,   310] loss: 0.184
[87,   320] loss: 0.149
[87,   330] loss: 0.154
[87,   340] loss: 0.167
[87,   350] loss: 0.167
[87,   360] loss: 0.155
[87,   370] loss: 0.158
[87,   380] loss: 0.164
[87,   390] loss: 0.194
[87,   400] loss: 0.185
VALIDATION loss: 1.347943663597107
[88,    10] loss: 0.233
[88,    20] loss: 0.176
[88,    30] loss: 0.141
[88,    40] loss: 0.151
[88,    50] loss: 0.186
[88,    60] loss: 0.206
[88,    70] loss: 0.146
[88,    80] loss: 0.201
[88,    90] loss: 0.145
[88,   100] loss: 0.140
[88,   110] loss: 0.165
[88,   120] loss: 0.156
[88,   130] loss: 0.193
[88,   140] loss: 0.152
[88,   150] loss: 0.225
[88,   160] loss: 0.155
[88,   170] loss: 0.172
[88,   180] loss: 0.145
[88,   190] loss: 0.184
[88,   200] loss: 0.171
[88,   210] loss: 0.183
[88,   220] loss: 0.163
[88,   230] loss: 0.136
[88,   240] loss: 0.162
[88,   250] loss: 0.160
[88,   260] loss: 0.184
[88,   270] loss: 0.224
[88,   280] loss: 0.163
[88,   290] loss: 0.133
[88,   300] loss: 0.215
[88,   310] loss: 0.188
[88,   320] loss: 0.140
[88,   330] loss: 0.209
[88,   340] loss: 0.191
[88,   350] loss: 0.194
[88,   360] loss: 0.155
[88,   370] loss: 0.190
[88,   380] loss: 0.150
[88,   390] loss: 0.174
[88,   400] loss: 0.131
VALIDATION loss: 0.1739785522222519
[89,    10] loss: 0.184
[89,    20] loss: 0.188
[89,    30] loss: 0.123
[89,    40] loss: 0.136
[89,    50] loss: 0.186
[89,    60] loss: 0.169
[89,    70] loss: 0.189
[89,    80] loss: 0.141
[89,    90] loss: 0.158
[89,   100] loss: 0.134
[89,   110] loss: 0.145
[89,   120] loss: 0.163
[89,   130] loss: 0.172
[89,   140] loss: 0.170
[89,   150] loss: 0.174
[89,   160] loss: 0.143
[89,   170] loss: 0.221
[89,   180] loss: 0.155
[89,   190] loss: 0.152
[89,   200] loss: 0.214
[89,   210] loss: 0.184
[89,   220] loss: 0.191
[89,   230] loss: 0.124
[89,   240] loss: 0.159
[89,   250] loss: 0.165
[89,   260] loss: 0.205
[89,   270] loss: 0.217
[89,   280] loss: 0.202
[89,   290] loss: 0.172
[89,   300] loss: 0.164
[89,   310] loss: 0.187
[89,   320] loss: 0.146
[89,   330] loss: 0.148
[89,   340] loss: 0.098
[89,   350] loss: 0.191
[89,   360] loss: 0.168
[89,   370] loss: 0.144
[89,   380] loss: 0.146
[89,   390] loss: 0.179
[89,   400] loss: 0.171
VALIDATION loss: 0.16690367460250854
[90,    10] loss: 0.157
[90,    20] loss: 0.149
[90,    30] loss: 0.160
[90,    40] loss: 0.160
[90,    50] loss: 0.182
[90,    60] loss: 0.130
[90,    70] loss: 0.147
[90,    80] loss: 0.148
[90,    90] loss: 0.181
[90,   100] loss: 0.126
[90,   110] loss: 0.168
[90,   120] loss: 0.164
[90,   130] loss: 0.163
[90,   140] loss: 0.186
[90,   150] loss: 0.172
[90,   160] loss: 0.145
[90,   170] loss: 0.210
[90,   180] loss: 0.123
[90,   190] loss: 0.155
[90,   200] loss: 0.191
[90,   210] loss: 0.213
[90,   220] loss: 0.201
[90,   230] loss: 0.155
[90,   240] loss: 0.130
[90,   250] loss: 0.231
[90,   260] loss: 0.200
[90,   270] loss: 0.219
[90,   280] loss: 0.154
[90,   290] loss: 0.174
[90,   300] loss: 0.222
[90,   310] loss: 0.158
[90,   320] loss: 0.118
[90,   330] loss: 0.161
[90,   340] loss: 0.173
[90,   350] loss: 0.183
[90,   360] loss: 0.169
[90,   370] loss: 0.145
[90,   380] loss: 0.177
[90,   390] loss: 0.178
[90,   400] loss: 0.189
VALIDATION loss: 0.42801573872566223
[91,    10] loss: 0.138
[91,    20] loss: 0.140
[91,    30] loss: 0.140
[91,    40] loss: 0.161
[91,    50] loss: 0.152
[91,    60] loss: 0.139
[91,    70] loss: 0.131
[91,    80] loss: 0.123
[91,    90] loss: 0.122
[91,   100] loss: 0.161
[91,   110] loss: 0.159
[91,   120] loss: 0.135
[91,   130] loss: 0.122
[91,   140] loss: 0.153
[91,   150] loss: 0.117
[91,   160] loss: 0.179
[91,   170] loss: 0.165
[91,   180] loss: 0.157
[91,   190] loss: 0.155
[91,   200] loss: 0.163
[91,   210] loss: 0.146
[91,   220] loss: 0.198
[91,   230] loss: 0.178
[91,   240] loss: 0.202
[91,   250] loss: 0.149
[91,   260] loss: 0.184
[91,   270] loss: 0.174
[91,   280] loss: 0.153
[91,   290] loss: 0.223
[91,   300] loss: 0.170
[91,   310] loss: 0.155
[91,   320] loss: 0.186
[91,   330] loss: 0.179
[91,   340] loss: 0.204
[91,   350] loss: 0.187
[91,   360] loss: 0.219
[91,   370] loss: 0.141
[91,   380] loss: 0.162
[91,   390] loss: 0.177
[91,   400] loss: 0.200
VALIDATION loss: 0.32399827241897583
[92,    10] loss: 0.171
[92,    20] loss: 0.162
[92,    30] loss: 0.152
[92,    40] loss: 0.141
[92,    50] loss: 0.145
[92,    60] loss: 0.173
[92,    70] loss: 0.141
[92,    80] loss: 0.152
[92,    90] loss: 0.196
[92,   100] loss: 0.179
[92,   110] loss: 0.149
[92,   120] loss: 0.125
[92,   130] loss: 0.157
[92,   140] loss: 0.151
[92,   150] loss: 0.173
[92,   160] loss: 0.140
[92,   170] loss: 0.123
[92,   180] loss: 0.148
[92,   190] loss: 0.167
[92,   200] loss: 0.128
[92,   210] loss: 0.164
[92,   220] loss: 0.190
[92,   230] loss: 0.217
[92,   240] loss: 0.149
[92,   250] loss: 0.176
[92,   260] loss: 0.139
[92,   270] loss: 0.206
[92,   280] loss: 0.204
[92,   290] loss: 0.148
[92,   300] loss: 0.197
[92,   310] loss: 0.176
[92,   320] loss: 0.186
[92,   330] loss: 0.123
[92,   340] loss: 0.175
[92,   350] loss: 0.153
[92,   360] loss: 0.180
[92,   370] loss: 0.208
[92,   380] loss: 0.169
[92,   390] loss: 0.166
[92,   400] loss: 0.169
VALIDATION loss: 0.17142099142074585
[93,    10] loss: 0.190
[93,    20] loss: 0.168
[93,    30] loss: 0.158
[93,    40] loss: 0.137
[93,    50] loss: 0.170
[93,    60] loss: 0.133
[93,    70] loss: 0.171
[93,    80] loss: 0.150
[93,    90] loss: 0.143
[93,   100] loss: 0.157
[93,   110] loss: 0.162
[93,   120] loss: 0.132
[93,   130] loss: 0.116
[93,   140] loss: 0.176
[93,   150] loss: 0.192
[93,   160] loss: 0.153
[93,   170] loss: 0.137
[93,   180] loss: 0.145
[93,   190] loss: 0.165
[93,   200] loss: 0.135
[93,   210] loss: 0.173
[93,   220] loss: 0.174
[93,   230] loss: 0.185
[93,   240] loss: 0.146
[93,   250] loss: 0.199
[93,   260] loss: 0.130
[93,   270] loss: 0.165
[93,   280] loss: 0.194
[93,   290] loss: 0.163
[93,   300] loss: 0.178
[93,   310] loss: 0.218
[93,   320] loss: 0.165
[93,   330] loss: 0.137
[93,   340] loss: 0.149
[93,   350] loss: 0.121
[93,   360] loss: 0.127
[93,   370] loss: 0.151
[93,   380] loss: 0.157
[93,   390] loss: 0.198
[93,   400] loss: 0.155
VALIDATION loss: 0.22966907918453217
[94,    10] loss: 0.117
[94,    20] loss: 0.178
[94,    30] loss: 0.107
[94,    40] loss: 0.174
[94,    50] loss: 0.143
[94,    60] loss: 0.131
[94,    70] loss: 0.153
[94,    80] loss: 0.204
[94,    90] loss: 0.170
[94,   100] loss: 0.173
[94,   110] loss: 0.172
[94,   120] loss: 0.185
[94,   130] loss: 0.173
[94,   140] loss: 0.201
[94,   150] loss: 0.190
[94,   160] loss: 0.176
[94,   170] loss: 0.132
[94,   180] loss: 0.151
[94,   190] loss: 0.179
[94,   200] loss: 0.149
[94,   210] loss: 0.193
[94,   220] loss: 0.180
[94,   230] loss: 0.171
[94,   240] loss: 0.182
[94,   250] loss: 0.174
[94,   260] loss: 0.183
[94,   270] loss: 0.162
[94,   280] loss: 0.153
[94,   290] loss: 0.210
[94,   300] loss: 0.128
[94,   310] loss: 0.132
[94,   320] loss: 0.160
[94,   330] loss: 0.155
[94,   340] loss: 0.159
[94,   350] loss: 0.163
[94,   360] loss: 0.159
[94,   370] loss: 0.193
[94,   380] loss: 0.148
[94,   390] loss: 0.161
[94,   400] loss: 0.217
VALIDATION loss: 0.7160781025886536
[95,    10] loss: 0.175
[95,    20] loss: 0.175
[95,    30] loss: 0.206
[95,    40] loss: 0.183
[95,    50] loss: 0.153
[95,    60] loss: 0.190
[95,    70] loss: 0.188
[95,    80] loss: 0.154
[95,    90] loss: 0.145
[95,   100] loss: 0.126
[95,   110] loss: 0.196
[95,   120] loss: 0.145
[95,   130] loss: 0.145
[95,   140] loss: 0.148
[95,   150] loss: 0.149
[95,   160] loss: 0.162
[95,   170] loss: 0.143
[95,   180] loss: 0.147
[95,   190] loss: 0.164
[95,   200] loss: 0.140
[95,   210] loss: 0.191
[95,   220] loss: 0.207
[95,   230] loss: 0.117
[95,   240] loss: 0.177
[95,   250] loss: 0.113
[95,   260] loss: 0.199
[95,   270] loss: 0.183
[95,   280] loss: 0.132
[95,   290] loss: 0.155
[95,   300] loss: 0.155
[95,   310] loss: 0.158
[95,   320] loss: 0.189
[95,   330] loss: 0.139
[95,   340] loss: 0.166
[95,   350] loss: 0.231
[95,   360] loss: 0.166
[95,   370] loss: 0.193
[95,   380] loss: 0.150
[95,   390] loss: 0.118
[95,   400] loss: 0.128
VALIDATION loss: 0.18683110177516937
[96,    10] loss: 0.161
[96,    20] loss: 0.140
[96,    30] loss: 0.140
[96,    40] loss: 0.114
[96,    50] loss: 0.118
[96,    60] loss: 0.156
[96,    70] loss: 0.135
[96,    80] loss: 0.149
[96,    90] loss: 0.155
[96,   100] loss: 0.154
[96,   110] loss: 0.149
[96,   120] loss: 0.135
[96,   130] loss: 0.119
[96,   140] loss: 0.133
[96,   150] loss: 0.137
[96,   160] loss: 0.235
[96,   170] loss: 0.162
[96,   180] loss: 0.191
[96,   190] loss: 0.156
[96,   200] loss: 0.155
[96,   210] loss: 0.216
[96,   220] loss: 0.167
[96,   230] loss: 0.162
[96,   240] loss: 0.168
[96,   250] loss: 0.209
[96,   260] loss: 0.169
[96,   270] loss: 0.155
[96,   280] loss: 0.191
[96,   290] loss: 0.136
[96,   300] loss: 0.126
[96,   310] loss: 0.152
[96,   320] loss: 0.161
[96,   330] loss: 0.158
[96,   340] loss: 0.169
[96,   350] loss: 0.173
[96,   360] loss: 0.188
[96,   370] loss: 0.132
[96,   380] loss: 0.183
[96,   390] loss: 0.166
[96,   400] loss: 0.148
VALIDATION loss: 0.17160049080848694
[97,    10] loss: 0.132
[97,    20] loss: 0.182
[97,    30] loss: 0.137
[97,    40] loss: 0.124
[97,    50] loss: 0.173
[97,    60] loss: 0.155
[97,    70] loss: 0.152
[97,    80] loss: 0.148
[97,    90] loss: 0.124
[97,   100] loss: 0.139
[97,   110] loss: 0.196
[97,   120] loss: 0.204
[97,   130] loss: 0.148
[97,   140] loss: 0.164
[97,   150] loss: 0.147
[97,   160] loss: 0.207
[97,   170] loss: 0.148
[97,   180] loss: 0.136
[97,   190] loss: 0.145
[97,   200] loss: 0.181
[97,   210] loss: 0.186
[97,   220] loss: 0.174
[97,   230] loss: 0.159
[97,   240] loss: 0.169
[97,   250] loss: 0.175
[97,   260] loss: 0.191
[97,   270] loss: 0.159
[97,   280] loss: 0.200
[97,   290] loss: 0.159
[97,   300] loss: 0.167
[97,   310] loss: 0.113
[97,   320] loss: 0.172
[97,   330] loss: 0.161
[97,   340] loss: 0.168
[97,   350] loss: 0.169
[97,   360] loss: 0.127
[97,   370] loss: 0.154
[97,   380] loss: 0.171
[97,   390] loss: 0.150
[97,   400] loss: 0.152
VALIDATION loss: 0.2439838945865631
[98,    10] loss: 0.173
[98,    20] loss: 0.202
[98,    30] loss: 0.162
[98,    40] loss: 0.178
[98,    50] loss: 0.122
[98,    60] loss: 0.167
[98,    70] loss: 0.130
[98,    80] loss: 0.180
[98,    90] loss: 0.147
[98,   100] loss: 0.167
[98,   110] loss: 0.127
[98,   120] loss: 0.197
[98,   130] loss: 0.148
[98,   140] loss: 0.113
[98,   150] loss: 0.198
[98,   160] loss: 0.164
[98,   170] loss: 0.199
[98,   180] loss: 0.184
[98,   190] loss: 0.132
[98,   200] loss: 0.185
[98,   210] loss: 0.174
[98,   220] loss: 0.178
[98,   230] loss: 0.202
[98,   240] loss: 0.200
[98,   250] loss: 0.129
[98,   260] loss: 0.164
[98,   270] loss: 0.126
[98,   280] loss: 0.112
[98,   290] loss: 0.165
[98,   300] loss: 0.162
[98,   310] loss: 0.188
[98,   320] loss: 0.145
[98,   330] loss: 0.174
[98,   340] loss: 0.196
[98,   350] loss: 0.181
[98,   360] loss: 0.134
[98,   370] loss: 0.184
[98,   380] loss: 0.146
[98,   390] loss: 0.143
[98,   400] loss: 0.121
VALIDATION loss: 0.15895037353038788
[99,    10] loss: 0.167
[99,    20] loss: 0.146
[99,    30] loss: 0.132
[99,    40] loss: 0.176
[99,    50] loss: 0.174
[99,    60] loss: 0.155
[99,    70] loss: 0.131
[99,    80] loss: 0.163
[99,    90] loss: 0.110
[99,   100] loss: 0.147
[99,   110] loss: 0.195
[99,   120] loss: 0.160
[99,   130] loss: 0.166
[99,   140] loss: 0.163
[99,   150] loss: 0.134
[99,   160] loss: 0.123
[99,   170] loss: 0.178
[99,   180] loss: 0.198
[99,   190] loss: 0.140
[99,   200] loss: 0.185
[99,   210] loss: 0.146
[99,   220] loss: 0.138
[99,   230] loss: 0.198
[99,   240] loss: 0.178
[99,   250] loss: 0.148
[99,   260] loss: 0.159
[99,   270] loss: 0.141
[99,   280] loss: 0.201
[99,   290] loss: 0.190
[99,   300] loss: 0.156
[99,   310] loss: 0.143
[99,   320] loss: 0.142
[99,   330] loss: 0.142
[99,   340] loss: 0.141
[99,   350] loss: 0.136
[99,   360] loss: 0.159
[99,   370] loss: 0.136
[99,   380] loss: 0.136
[99,   390] loss: 0.143
[99,   400] loss: 0.148
VALIDATION loss: 0.2675987780094147
[100,    10] loss: 0.205
[100,    20] loss: 0.143
[100,    30] loss: 0.157
[100,    40] loss: 0.126
[100,    50] loss: 0.157
[100,    60] loss: 0.132
[100,    70] loss: 0.145
[100,    80] loss: 0.164
[100,    90] loss: 0.155
[100,   100] loss: 0.200
[100,   110] loss: 0.142
[100,   120] loss: 0.135
[100,   130] loss: 0.180
[100,   140] loss: 0.129
[100,   150] loss: 0.137
[100,   160] loss: 0.161
[100,   170] loss: 0.148
[100,   180] loss: 0.165
[100,   190] loss: 0.120
[100,   200] loss: 0.160
[100,   210] loss: 0.243
[100,   220] loss: 0.160
[100,   230] loss: 0.213
[100,   240] loss: 0.145
[100,   250] loss: 0.146
[100,   260] loss: 0.138
[100,   270] loss: 0.160
[100,   280] loss: 0.163
[100,   290] loss: 0.145
[100,   300] loss: 0.151
[100,   310] loss: 0.159
[100,   320] loss: 0.137
[100,   330] loss: 0.165
[100,   340] loss: 0.152
[100,   350] loss: 0.156
[100,   360] loss: 0.116
[100,   370] loss: 0.160
[100,   380] loss: 0.185
[100,   390] loss: 0.166
[100,   400] loss: 0.188
VALIDATION loss: 0.4592583179473877
Finished !!
Accuracy of the network: 81.23 %
