Collecting dill==0.3.4 (from -r requirements.txt (line 1))
  Using cached https://files.pythonhosted.org/packages/b6/c3/973676ceb86b60835bb3978c6db67a5dc06be6cfdbd14ef0f5a13e3fc9fd/dill-0.3.4-py2.py3-none-any.whl
Requirement already satisfied: laplace==0.1 in /zhome/45/c/128687/.local/lib/python3.6/site-packages (from -r requirements.txt (line 2))
Collecting matplotlib==3.4.0 (from -r requirements.txt (line 3))
Small: 0
Transform: 1
MaxPool: 1
Running GPU.
[1,    10] loss: 1.921
[1,    20] loss: 1.807
[1,    30] loss: 1.712
[1,    40] loss: 1.679
[1,    50] loss: 1.666
[1,    60] loss: 1.597
[1,    70] loss: 1.555
[1,    80] loss: 1.535
[1,    90] loss: 1.540
[1,   100] loss: 1.537
[1,   110] loss: 1.520
[1,   120] loss: 1.469
[1,   130] loss: 1.445
[1,   140] loss: 1.458
[1,   150] loss: 1.455
[1,   160] loss: 1.425
[1,   170] loss: 1.451
[1,   180] loss: 1.430
[1,   190] loss: 1.391
[1,   200] loss: 1.380
[1,   210] loss: 1.360
[1,   220] loss: 1.437
[1,   230] loss: 1.432
[1,   240] loss: 1.425
[1,   250] loss: 1.460
[1,   260] loss: 1.388
[1,   270] loss: 1.384
[1,   280] loss: 1.347
[1,   290] loss: 1.337
[1,   300] loss: 1.339
[1,   310] loss: 1.332
[1,   320] loss: 1.342
[1,   330] loss: 1.334
[1,   340] loss: 1.379
[1,   350] loss: 1.331
[1,   360] loss: 1.303
[1,   370] loss: 1.330
[1,   380] loss: 1.353
[1,   390] loss: 1.395
[1,   400] loss: 1.303
VALIDATION loss: 1.3034666776657104
[2,    10] loss: 1.299
[2,    20] loss: 1.254
[2,    30] loss: 1.249
[2,    40] loss: 1.252
[2,    50] loss: 1.308
[2,    60] loss: 1.207
[2,    70] loss: 1.293
[2,    80] loss: 1.322
[2,    90] loss: 1.251
[2,   100] loss: 1.238
[2,   110] loss: 1.245
[2,   120] loss: 1.145
[2,   130] loss: 1.269
[2,   140] loss: 1.216
[2,   150] loss: 1.224
[2,   160] loss: 1.255
[2,   170] loss: 1.249
[2,   180] loss: 1.256
[2,   190] loss: 1.226
[2,   200] loss: 1.286
[2,   210] loss: 1.246
[2,   220] loss: 1.322
[2,   230] loss: 1.296
[2,   240] loss: 1.263
[2,   250] loss: 1.214
[2,   260] loss: 1.176
[2,   270] loss: 1.258
[2,   280] loss: 1.183
[2,   290] loss: 1.207
[2,   300] loss: 1.178
[2,   310] loss: 1.193
[2,   320] loss: 1.178
[2,   330] loss: 1.239
[2,   340] loss: 1.196
[2,   350] loss: 1.205
[2,   360] loss: 1.119
[2,   370] loss: 1.210
[2,   380] loss: 1.204
[2,   390] loss: 1.175
[2,   400] loss: 1.171
VALIDATION loss: 1.1086186170578003
[3,    10] loss: 1.103
[3,    20] loss: 1.114
[3,    30] loss: 1.162
[3,    40] loss: 1.077
[3,    50] loss: 1.108
[3,    60] loss: 1.066
[3,    70] loss: 1.095
[3,    80] loss: 1.196
[3,    90] loss: 1.075
[3,   100] loss: 1.188
[3,   110] loss: 1.083
[3,   120] loss: 1.120
[3,   130] loss: 1.109
[3,   140] loss: 1.127
[3,   150] loss: 1.137
[3,   160] loss: 1.091
[3,   170] loss: 1.137
[3,   180] loss: 0.974
[3,   190] loss: 1.036
[3,   200] loss: 1.115
[3,   210] loss: 1.003
[3,   220] loss: 1.088
[3,   230] loss: 1.065
[3,   240] loss: 1.043
[3,   250] loss: 1.133
[3,   260] loss: 1.009
[3,   270] loss: 1.054
[3,   280] loss: 1.016
[3,   290] loss: 1.094
[3,   300] loss: 1.093
[3,   310] loss: 1.073
[3,   320] loss: 1.055
[3,   330] loss: 1.055
[3,   340] loss: 1.092
[3,   350] loss: 1.068
[3,   360] loss: 1.154
[3,   370] loss: 1.094
[3,   380] loss: 1.023
[3,   390] loss: 1.085
[3,   400] loss: 1.014
VALIDATION loss: 2.0695295333862305
[4,    10] loss: 1.094
[4,    20] loss: 1.013
[4,    30] loss: 0.976
[4,    40] loss: 1.022
[4,    50] loss: 0.986
[4,    60] loss: 0.924
[4,    70] loss: 1.007
[4,    80] loss: 1.044
[4,    90] loss: 1.047
[4,   100] loss: 0.960
[4,   110] loss: 1.046
[4,   120] loss: 1.077
[4,   130] loss: 0.975
[4,   140] loss: 1.053
[4,   150] loss: 1.023
[4,   160] loss: 0.957
[4,   170] loss: 1.064
[4,   180] loss: 1.052
[4,   190] loss: 1.002
[4,   200] loss: 1.022
[4,   210] loss: 0.949
[4,   220] loss: 1.002
[4,   230] loss: 1.068
[4,   240] loss: 0.949
[4,   250] loss: 0.940
[4,   260] loss: 0.871
[4,   270] loss: 0.966
[4,   280] loss: 0.982
[4,   290] loss: 0.981
[4,   300] loss: 0.974
[4,   310] loss: 0.990
[4,   320] loss: 1.042
[4,   330] loss: 1.013
[4,   340] loss: 0.910
[4,   350] loss: 0.942
[4,   360] loss: 0.906
[4,   370] loss: 1.009
[4,   380] loss: 1.048
[4,   390] loss: 1.038
[4,   400] loss: 0.976
VALIDATION loss: 1.240743637084961
[5,    10] loss: 0.993
[5,    20] loss: 0.912
[5,    30] loss: 0.876
[5,    40] loss: 0.956
[5,    50] loss: 0.909
[5,    60] loss: 0.871
[5,    70] loss: 0.896
[5,    80] loss: 0.937
[5,    90] loss: 0.898
[5,   100] loss: 1.088
[5,   110] loss: 1.049
[5,   120] loss: 0.978
[5,   130] loss: 0.993
[5,   140] loss: 0.895
[5,   150] loss: 0.906
[5,   160] loss: 0.963
[5,   170] loss: 0.967
[5,   180] loss: 0.864
[5,   190] loss: 0.946
[5,   200] loss: 1.001
[5,   210] loss: 0.837
[5,   220] loss: 0.909
[5,   230] loss: 0.816
[5,   240] loss: 0.868
[5,   250] loss: 0.789
[5,   260] loss: 0.974
[5,   270] loss: 0.875
[5,   280] loss: 0.924
[5,   290] loss: 0.980
[5,   300] loss: 0.848
[5,   310] loss: 0.945
[5,   320] loss: 0.891
[5,   330] loss: 0.909
[5,   340] loss: 0.904
[5,   350] loss: 0.781
[5,   360] loss: 0.928
[5,   370] loss: 0.836
[5,   380] loss: 0.865
[5,   390] loss: 0.832
[5,   400] loss: 0.908
VALIDATION loss: 0.9848789572715759
[6,    10] loss: 0.889
[6,    20] loss: 0.877
[6,    30] loss: 0.843
[6,    40] loss: 0.866
[6,    50] loss: 0.880
[6,    60] loss: 0.811
[6,    70] loss: 0.838
[6,    80] loss: 0.959
[6,    90] loss: 0.904
[6,   100] loss: 0.856
[6,   110] loss: 0.755
[6,   120] loss: 0.847
[6,   130] loss: 0.813
[6,   140] loss: 0.795
[6,   150] loss: 0.910
[6,   160] loss: 0.835
[6,   170] loss: 0.773
[6,   180] loss: 0.771
[6,   190] loss: 0.792
[6,   200] loss: 0.848
[6,   210] loss: 0.836
[6,   220] loss: 0.713
[6,   230] loss: 0.823
[6,   240] loss: 0.809
[6,   250] loss: 0.844
[6,   260] loss: 0.777
[6,   270] loss: 0.879
[6,   280] loss: 0.891
[6,   290] loss: 0.832
[6,   300] loss: 0.746
[6,   310] loss: 0.771
[6,   320] loss: 0.709
[6,   330] loss: 0.688
[6,   340] loss: 0.723
[6,   350] loss: 0.863
[6,   360] loss: 0.780
[6,   370] loss: 0.863
[6,   380] loss: 0.757
[6,   390] loss: 0.800
[6,   400] loss: 0.891
VALIDATION loss: 1.5656275749206543
[7,    10] loss: 0.721
[7,    20] loss: 0.861
[7,    30] loss: 0.771
[7,    40] loss: 0.865
[7,    50] loss: 0.870
[7,    60] loss: 0.776
[7,    70] loss: 0.742
[7,    80] loss: 0.796
[7,    90] loss: 0.913
[7,   100] loss: 0.748
[7,   110] loss: 0.826
[7,   120] loss: 0.720
[7,   130] loss: 0.715
[7,   140] loss: 0.801
[7,   150] loss: 0.775
[7,   160] loss: 0.878
[7,   170] loss: 0.811
[7,   180] loss: 0.786
[7,   190] loss: 0.748
[7,   200] loss: 0.700
[7,   210] loss: 0.729
[7,   220] loss: 0.715
[7,   230] loss: 0.748
[7,   240] loss: 0.752
[7,   250] loss: 0.796
[7,   260] loss: 0.721
[7,   270] loss: 0.818
[7,   280] loss: 0.715
[7,   290] loss: 0.784
[7,   300] loss: 0.776
[7,   310] loss: 0.791
[7,   320] loss: 0.791
[7,   330] loss: 0.749
[7,   340] loss: 0.762
[7,   350] loss: 0.784
[7,   360] loss: 0.631
[7,   370] loss: 0.719
[7,   380] loss: 0.773
[7,   390] loss: 0.872
[7,   400] loss: 0.607
VALIDATION loss: 0.693358838558197
[8,    10] loss: 0.747
[8,    20] loss: 0.712
[8,    30] loss: 0.646
[8,    40] loss: 0.774
[8,    50] loss: 0.809
[8,    60] loss: 0.711
[8,    70] loss: 0.675
[8,    80] loss: 0.694
[8,    90] loss: 0.678
[8,   100] loss: 0.718
[8,   110] loss: 0.790
[8,   120] loss: 0.675
[8,   130] loss: 0.736
[8,   140] loss: 0.708
[8,   150] loss: 0.750
[8,   160] loss: 0.778
[8,   170] loss: 0.783
[8,   180] loss: 0.712
[8,   190] loss: 0.752
[8,   200] loss: 0.698
[8,   210] loss: 0.626
[8,   220] loss: 0.614
[8,   230] loss: 0.723
[8,   240] loss: 0.762
[8,   250] loss: 0.683
[8,   260] loss: 0.690
[8,   270] loss: 0.773
[8,   280] loss: 0.620
[8,   290] loss: 0.748
[8,   300] loss: 0.717
[8,   310] loss: 0.652
[8,   320] loss: 0.730
[8,   330] loss: 0.591
[8,   340] loss: 0.665
[8,   350] loss: 0.693
[8,   360] loss: 0.684
[8,   370] loss: 0.772
[8,   380] loss: 0.694
[8,   390] loss: 0.662
[8,   400] loss: 0.696
VALIDATION loss: 1.6243152618408203
[9,    10] loss: 0.697
[9,    20] loss: 0.650
[9,    30] loss: 0.678
[9,    40] loss: 0.710
[9,    50] loss: 0.838
[9,    60] loss: 0.745
[9,    70] loss: 0.640
[9,    80] loss: 0.641
[9,    90] loss: 0.645
[9,   100] loss: 0.572
[9,   110] loss: 0.693
[9,   120] loss: 0.690
[9,   130] loss: 0.701
[9,   140] loss: 0.664
[9,   150] loss: 0.646
[9,   160] loss: 0.698
[9,   170] loss: 0.683
[9,   180] loss: 0.756
[9,   190] loss: 0.679
[9,   200] loss: 0.657
[9,   210] loss: 0.703
[9,   220] loss: 0.633
[9,   230] loss: 0.614
[9,   240] loss: 0.723
[9,   250] loss: 0.748
[9,   260] loss: 0.673
[9,   270] loss: 0.598
[9,   280] loss: 0.686
[9,   290] loss: 0.670
[9,   300] loss: 0.648
[9,   310] loss: 0.674
[9,   320] loss: 0.720
[9,   330] loss: 0.702
[9,   340] loss: 0.704
[9,   350] loss: 0.626
[9,   360] loss: 0.696
[9,   370] loss: 0.641
[9,   380] loss: 0.658
[9,   390] loss: 0.706
[9,   400] loss: 0.650
VALIDATION loss: 0.7034562826156616
[10,    10] loss: 0.643
[10,    20] loss: 0.653
[10,    30] loss: 0.682
[10,    40] loss: 0.647
[10,    50] loss: 0.717
[10,    60] loss: 0.601
[10,    70] loss: 0.620
[10,    80] loss: 0.670
[10,    90] loss: 0.640
[10,   100] loss: 0.628
[10,   110] loss: 0.614
[10,   120] loss: 0.619
[10,   130] loss: 0.656
[10,   140] loss: 0.573
[10,   150] loss: 0.616
[10,   160] loss: 0.679
[10,   170] loss: 0.673
[10,   180] loss: 0.665
[10,   190] loss: 0.721
[10,   200] loss: 0.645
[10,   210] loss: 0.668
[10,   220] loss: 0.666
[10,   230] loss: 0.716
[10,   240] loss: 0.597
[10,   250] loss: 0.625
[10,   260] loss: 0.629
[10,   270] loss: 0.590
[10,   280] loss: 0.628
[10,   290] loss: 0.588
[10,   300] loss: 0.629
[10,   310] loss: 0.679
[10,   320] loss: 0.554
[10,   330] loss: 0.747
[10,   340] loss: 0.727
[10,   350] loss: 0.672
[10,   360] loss: 0.652
[10,   370] loss: 0.649
[10,   380] loss: 0.647
[10,   390] loss: 0.677
[10,   400] loss: 0.602
VALIDATION loss: 0.769871175289154
[11,    10] loss: 0.630
[11,    20] loss: 0.522
[11,    30] loss: 0.587
[11,    40] loss: 0.562
[11,    50] loss: 0.594
[11,    60] loss: 0.594
[11,    70] loss: 0.651
[11,    80] loss: 0.722
[11,    90] loss: 0.647
[11,   100] loss: 0.793
[11,   110] loss: 0.637
[11,   120] loss: 0.702
[11,   130] loss: 0.675
[11,   140] loss: 0.564
[11,   150] loss: 0.689
[11,   160] loss: 0.640
[11,   170] loss: 0.549
[11,   180] loss: 0.616
[11,   190] loss: 0.558
[11,   200] loss: 0.551
[11,   210] loss: 0.588
[11,   220] loss: 0.518
[11,   230] loss: 0.650
[11,   240] loss: 0.693
[11,   250] loss: 0.576
[11,   260] loss: 0.626
[11,   270] loss: 0.526
[11,   280] loss: 0.639
[11,   290] loss: 0.564
[11,   300] loss: 0.550
[11,   310] loss: 0.608
[11,   320] loss: 0.628
[11,   330] loss: 0.593
[11,   340] loss: 0.586
[11,   350] loss: 0.561
[11,   360] loss: 0.599
[11,   370] loss: 0.583
[11,   380] loss: 0.579
[11,   390] loss: 0.608
[11,   400] loss: 0.655
VALIDATION loss: 0.5424115061759949
[12,    10] loss: 0.586
[12,    20] loss: 0.548
[12,    30] loss: 0.573
[12,    40] loss: 0.540
[12,    50] loss: 0.508
[12,    60] loss: 0.553
[12,    70] loss: 0.579
[12,    80] loss: 0.553
[12,    90] loss: 0.649
[12,   100] loss: 0.533
[12,   110] loss: 0.531
[12,   120] loss: 0.564
[12,   130] loss: 0.603
[12,   140] loss: 0.538
[12,   150] loss: 0.560
[12,   160] loss: 0.542
[12,   170] loss: 0.586
[12,   180] loss: 0.611
[12,   190] loss: 0.555
[12,   200] loss: 0.626
[12,   210] loss: 0.572
[12,   220] loss: 0.549
[12,   230] loss: 0.531
[12,   240] loss: 0.591
[12,   250] loss: 0.517
[12,   260] loss: 0.580
[12,   270] loss: 0.610
[12,   280] loss: 0.596
[12,   290] loss: 0.577
[12,   300] loss: 0.596
[12,   310] loss: 0.593
[12,   320] loss: 0.497
[12,   330] loss: 0.538
[12,   340] loss: 0.533
[12,   350] loss: 0.550
[12,   360] loss: 0.552
[12,   370] loss: 0.557
[12,   380] loss: 0.531
[12,   390] loss: 0.623
[12,   400] loss: 0.582
VALIDATION loss: 0.8214857578277588
[13,    10] loss: 0.566
[13,    20] loss: 0.512
[13,    30] loss: 0.546
[13,    40] loss: 0.598
[13,    50] loss: 0.565
[13,    60] loss: 0.574
[13,    70] loss: 0.543
[13,    80] loss: 0.617
[13,    90] loss: 0.515
[13,   100] loss: 0.622
[13,   110] loss: 0.525
[13,   120] loss: 0.656
[13,   130] loss: 0.501
[13,   140] loss: 0.553
[13,   150] loss: 0.571
[13,   160] loss: 0.561
[13,   170] loss: 0.632
[13,   180] loss: 0.594
[13,   190] loss: 0.563
[13,   200] loss: 0.523
[13,   210] loss: 0.512
[13,   220] loss: 0.565
[13,   230] loss: 0.574
[13,   240] loss: 0.553
[13,   250] loss: 0.515
[13,   260] loss: 0.489
[13,   270] loss: 0.512
[13,   280] loss: 0.533
[13,   290] loss: 0.563
[13,   300] loss: 0.594
[13,   310] loss: 0.514
[13,   320] loss: 0.556
[13,   330] loss: 0.560
[13,   340] loss: 0.462
[13,   350] loss: 0.574
[13,   360] loss: 0.543
[13,   370] loss: 0.515
[13,   380] loss: 0.548
[13,   390] loss: 0.563
[13,   400] loss: 0.548
VALIDATION loss: 0.8708786964416504
[14,    10] loss: 0.571
[14,    20] loss: 0.573
[14,    30] loss: 0.483
[14,    40] loss: 0.522
[14,    50] loss: 0.423
[14,    60] loss: 0.539
[14,    70] loss: 0.453
[14,    80] loss: 0.517
[14,    90] loss: 0.491
[14,   100] loss: 0.515
[14,   110] loss: 0.485
[14,   120] loss: 0.522
[14,   130] loss: 0.627
[14,   140] loss: 0.573
[14,   150] loss: 0.537
[14,   160] loss: 0.593
[14,   170] loss: 0.525
[14,   180] loss: 0.579
[14,   190] loss: 0.502
[14,   200] loss: 0.576
[14,   210] loss: 0.535
[14,   220] loss: 0.512
[14,   230] loss: 0.547
[14,   240] loss: 0.504
[14,   250] loss: 0.472
[14,   260] loss: 0.475
[14,   270] loss: 0.510
[14,   280] loss: 0.505
[14,   290] loss: 0.501
[14,   300] loss: 0.456
[14,   310] loss: 0.534
[14,   320] loss: 0.487
[14,   330] loss: 0.479
[14,   340] loss: 0.561
[14,   350] loss: 0.576
[14,   360] loss: 0.488
[14,   370] loss: 0.499
[14,   380] loss: 0.478
[14,   390] loss: 0.443
[14,   400] loss: 0.512
VALIDATION loss: 1.9724373817443848
[15,    10] loss: 0.504
[15,    20] loss: 0.520
[15,    30] loss: 0.582
[15,    40] loss: 0.522
[15,    50] loss: 0.580
[15,    60] loss: 0.539
[15,    70] loss: 0.421
[15,    80] loss: 0.550
[15,    90] loss: 0.484
[15,   100] loss: 0.506
[15,   110] loss: 0.404
[15,   120] loss: 0.419
[15,   130] loss: 0.518
[15,   140] loss: 0.474
[15,   150] loss: 0.510
[15,   160] loss: 0.479
[15,   170] loss: 0.566
[15,   180] loss: 0.581
[15,   190] loss: 0.546
[15,   200] loss: 0.540
[15,   210] loss: 0.450
[15,   220] loss: 0.428
[15,   230] loss: 0.458
[15,   240] loss: 0.490
[15,   250] loss: 0.519
[15,   260] loss: 0.505
[15,   270] loss: 0.465
[15,   280] loss: 0.501
[15,   290] loss: 0.507
[15,   300] loss: 0.509
[15,   310] loss: 0.548
[15,   320] loss: 0.455
[15,   330] loss: 0.539
[15,   340] loss: 0.523
[15,   350] loss: 0.407
[15,   360] loss: 0.441
[15,   370] loss: 0.426
[15,   380] loss: 0.486
[15,   390] loss: 0.532
[15,   400] loss: 0.553
VALIDATION loss: 1.7733055353164673
[16,    10] loss: 0.470
[16,    20] loss: 0.462
[16,    30] loss: 0.478
[16,    40] loss: 0.544
[16,    50] loss: 0.521
[16,    60] loss: 0.377
[16,    70] loss: 0.500
[16,    80] loss: 0.470
[16,    90] loss: 0.479
[16,   100] loss: 0.469
[16,   110] loss: 0.516
[16,   120] loss: 0.467
[16,   130] loss: 0.477
[16,   140] loss: 0.514
[16,   150] loss: 0.434
[16,   160] loss: 0.387
[16,   170] loss: 0.425
[16,   180] loss: 0.514
[16,   190] loss: 0.505
[16,   200] loss: 0.452
[16,   210] loss: 0.442
[16,   220] loss: 0.416
[16,   230] loss: 0.492
[16,   240] loss: 0.395
[16,   250] loss: 0.397
[16,   260] loss: 0.480
[16,   270] loss: 0.499
[16,   280] loss: 0.472
[16,   290] loss: 0.527
[16,   300] loss: 0.485
[16,   310] loss: 0.485
[16,   320] loss: 0.441
[16,   330] loss: 0.492
[16,   340] loss: 0.549
[16,   350] loss: 0.525
[16,   360] loss: 0.476
[16,   370] loss: 0.463
[16,   380] loss: 0.488
[16,   390] loss: 0.413
[16,   400] loss: 0.461
VALIDATION loss: 0.7429645657539368
[17,    10] loss: 0.422
[17,    20] loss: 0.414
[17,    30] loss: 0.505
[17,    40] loss: 0.441
[17,    50] loss: 0.494
[17,    60] loss: 0.479
[17,    70] loss: 0.489
[17,    80] loss: 0.438
[17,    90] loss: 0.460
[17,   100] loss: 0.503
[17,   110] loss: 0.443
[17,   120] loss: 0.531
[17,   130] loss: 0.442
[17,   140] loss: 0.451
[17,   150] loss: 0.450
[17,   160] loss: 0.438
[17,   170] loss: 0.448
[17,   180] loss: 0.440
[17,   190] loss: 0.467
[17,   200] loss: 0.421
[17,   210] loss: 0.470
[17,   220] loss: 0.518
[17,   230] loss: 0.452
[17,   240] loss: 0.411
[17,   250] loss: 0.393
[17,   260] loss: 0.447
[17,   270] loss: 0.511
[17,   280] loss: 0.506
[17,   290] loss: 0.512
[17,   300] loss: 0.407
[17,   310] loss: 0.476
[17,   320] loss: 0.420
[17,   330] loss: 0.455
[17,   340] loss: 0.440
[17,   350] loss: 0.429
[17,   360] loss: 0.387
[17,   370] loss: 0.462
[17,   380] loss: 0.384
[17,   390] loss: 0.427
[17,   400] loss: 0.425
VALIDATION loss: 0.6422939896583557
[18,    10] loss: 0.373
[18,    20] loss: 0.450
[18,    30] loss: 0.523
[18,    40] loss: 0.491
[18,    50] loss: 0.463
[18,    60] loss: 0.471
[18,    70] loss: 0.476
[18,    80] loss: 0.404
[18,    90] loss: 0.481
[18,   100] loss: 0.422
[18,   110] loss: 0.411
[18,   120] loss: 0.464
[18,   130] loss: 0.427
[18,   140] loss: 0.353
[18,   150] loss: 0.501
[18,   160] loss: 0.421
[18,   170] loss: 0.415
[18,   180] loss: 0.432
[18,   190] loss: 0.367
[18,   200] loss: 0.417
[18,   210] loss: 0.434
[18,   220] loss: 0.436
[18,   230] loss: 0.459
[18,   240] loss: 0.426
[18,   250] loss: 0.446
[18,   260] loss: 0.429
[18,   270] loss: 0.469
[18,   280] loss: 0.417
[18,   290] loss: 0.456
[18,   300] loss: 0.450
[18,   310] loss: 0.502
[18,   320] loss: 0.487
[18,   330] loss: 0.452
[18,   340] loss: 0.481
[18,   350] loss: 0.452
[18,   360] loss: 0.443
[18,   370] loss: 0.483
[18,   380] loss: 0.363
[18,   390] loss: 0.414
[18,   400] loss: 0.472
VALIDATION loss: 4.409897804260254
[19,    10] loss: 0.430
[19,    20] loss: 0.412
[19,    30] loss: 0.428
[19,    40] loss: 0.468
[19,    50] loss: 0.367
[19,    60] loss: 0.384
[19,    70] loss: 0.372
[19,    80] loss: 0.408
[19,    90] loss: 0.453
[19,   100] loss: 0.393
[19,   110] loss: 0.431
[19,   120] loss: 0.416
[19,   130] loss: 0.397
[19,   140] loss: 0.430
[19,   150] loss: 0.445
[19,   160] loss: 0.401
[19,   170] loss: 0.413
[19,   180] loss: 0.388
[19,   190] loss: 0.415
[19,   200] loss: 0.413
[19,   210] loss: 0.423
[19,   220] loss: 0.452
[19,   230] loss: 0.415
[19,   240] loss: 0.406
[19,   250] loss: 0.448
[19,   260] loss: 0.352
[19,   270] loss: 0.465
[19,   280] loss: 0.380
[19,   290] loss: 0.429
[19,   300] loss: 0.508
[19,   310] loss: 0.449
[19,   320] loss: 0.435
[19,   330] loss: 0.430
[19,   340] loss: 0.445
[19,   350] loss: 0.424
[19,   360] loss: 0.427
[19,   370] loss: 0.432
[19,   380] loss: 0.473
[19,   390] loss: 0.400
[19,   400] loss: 0.360
VALIDATION loss: 4.900787353515625
[20,    10] loss: 0.335
[20,    20] loss: 0.410
[20,    30] loss: 0.452
[20,    40] loss: 0.353
[20,    50] loss: 0.414
[20,    60] loss: 0.422
[20,    70] loss: 0.394
[20,    80] loss: 0.347
[20,    90] loss: 0.371
[20,   100] loss: 0.380
[20,   110] loss: 0.482
[20,   120] loss: 0.402
[20,   130] loss: 0.348
[20,   140] loss: 0.465
[20,   150] loss: 0.482
[20,   160] loss: 0.375
[20,   170] loss: 0.435
[20,   180] loss: 0.363
[20,   190] loss: 0.404
[20,   200] loss: 0.360
[20,   210] loss: 0.475
[20,   220] loss: 0.421
[20,   230] loss: 0.411
[20,   240] loss: 0.398
[20,   250] loss: 0.423
[20,   260] loss: 0.418
[20,   270] loss: 0.424
[20,   280] loss: 0.411
[20,   290] loss: 0.399
[20,   300] loss: 0.384
[20,   310] loss: 0.405
[20,   320] loss: 0.461
[20,   330] loss: 0.455
[20,   340] loss: 0.413
[20,   350] loss: 0.428
[20,   360] loss: 0.444
[20,   370] loss: 0.453
[20,   380] loss: 0.457
[20,   390] loss: 0.432
[20,   400] loss: 0.429
VALIDATION loss: 0.8411169052124023
[21,    10] loss: 0.418
[21,    20] loss: 0.370
[21,    30] loss: 0.403
[21,    40] loss: 0.398
[21,    50] loss: 0.381
[21,    60] loss: 0.366
[21,    70] loss: 0.438
[21,    80] loss: 0.430
[21,    90] loss: 0.375
[21,   100] loss: 0.359
[21,   110] loss: 0.400
[21,   120] loss: 0.420
[21,   130] loss: 0.431
[21,   140] loss: 0.352
[21,   150] loss: 0.387
[21,   160] loss: 0.353
[21,   170] loss: 0.395
[21,   180] loss: 0.465
[21,   190] loss: 0.378
[21,   200] loss: 0.465
[21,   210] loss: 0.454
[21,   220] loss: 0.398
[21,   230] loss: 0.374
[21,   240] loss: 0.404
[21,   250] loss: 0.406
[21,   260] loss: 0.424
[21,   270] loss: 0.351
[21,   280] loss: 0.448
[21,   290] loss: 0.405
[21,   300] loss: 0.376
[21,   310] loss: 0.417
[21,   320] loss: 0.402
[21,   330] loss: 0.364
[21,   340] loss: 0.360
[21,   350] loss: 0.361
[21,   360] loss: 0.303
[21,   370] loss: 0.373
[21,   380] loss: 0.492
[21,   390] loss: 0.381
[21,   400] loss: 0.361
VALIDATION loss: 2.9838573932647705
[22,    10] loss: 0.436
[22,    20] loss: 0.401
[22,    30] loss: 0.351
[22,    40] loss: 0.461
[22,    50] loss: 0.350
[22,    60] loss: 0.372
[22,    70] loss: 0.395
[22,    80] loss: 0.411
[22,    90] loss: 0.410
[22,   100] loss: 0.415
[22,   110] loss: 0.365
[22,   120] loss: 0.400
[22,   130] loss: 0.392
[22,   140] loss: 0.338
[22,   150] loss: 0.379
[22,   160] loss: 0.355
[22,   170] loss: 0.418
[22,   180] loss: 0.346
[22,   190] loss: 0.375
[22,   200] loss: 0.409
[22,   210] loss: 0.400
[22,   220] loss: 0.428
[22,   230] loss: 0.437
[22,   240] loss: 0.362
[22,   250] loss: 0.333
[22,   260] loss: 0.412
[22,   270] loss: 0.388
[22,   280] loss: 0.340
[22,   290] loss: 0.359
[22,   300] loss: 0.446
[22,   310] loss: 0.411
[22,   320] loss: 0.392
[22,   330] loss: 0.456
[22,   340] loss: 0.403
[22,   350] loss: 0.395
[22,   360] loss: 0.454
[22,   370] loss: 0.441
[22,   380] loss: 0.388
[22,   390] loss: 0.341
[22,   400] loss: 0.372
VALIDATION loss: 0.6320496201515198
[23,    10] loss: 0.441
[23,    20] loss: 0.423
[23,    30] loss: 0.383
[23,    40] loss: 0.387
[23,    50] loss: 0.341
[23,    60] loss: 0.335
[23,    70] loss: 0.323
[23,    80] loss: 0.337
[23,    90] loss: 0.382
[23,   100] loss: 0.373
[23,   110] loss: 0.450
[23,   120] loss: 0.403
[23,   130] loss: 0.381
[23,   140] loss: 0.430
[23,   150] loss: 0.399
[23,   160] loss: 0.445
[23,   170] loss: 0.380
[23,   180] loss: 0.312
[23,   190] loss: 0.378
[23,   200] loss: 0.424
[23,   210] loss: 0.346
[23,   220] loss: 0.411
[23,   230] loss: 0.352
[23,   240] loss: 0.376
[23,   250] loss: 0.376
[23,   260] loss: 0.420
[23,   270] loss: 0.437
[23,   280] loss: 0.361
[23,   290] loss: 0.370
[23,   300] loss: 0.328
[23,   310] loss: 0.366
[23,   320] loss: 0.347
[23,   330] loss: 0.463
[23,   340] loss: 0.438
[23,   350] loss: 0.452
[23,   360] loss: 0.324
[23,   370] loss: 0.388
[23,   380] loss: 0.404
[23,   390] loss: 0.394
[23,   400] loss: 0.387
VALIDATION loss: 0.4796053469181061
[24,    10] loss: 0.348
[24,    20] loss: 0.353
[24,    30] loss: 0.292
[24,    40] loss: 0.389
[24,    50] loss: 0.413
[24,    60] loss: 0.339
[24,    70] loss: 0.465
[24,    80] loss: 0.412
[24,    90] loss: 0.321
[24,   100] loss: 0.370
[24,   110] loss: 0.346
[24,   120] loss: 0.394
[24,   130] loss: 0.402
[24,   140] loss: 0.349
[24,   150] loss: 0.312
[24,   160] loss: 0.376
[24,   170] loss: 0.407
[24,   180] loss: 0.364
[24,   190] loss: 0.415
[24,   200] loss: 0.397
[24,   210] loss: 0.347
[24,   220] loss: 0.419
[24,   230] loss: 0.355
[24,   240] loss: 0.359
[24,   250] loss: 0.359
[24,   260] loss: 0.352
[24,   270] loss: 0.326
[24,   280] loss: 0.391
[24,   290] loss: 0.348
[24,   300] loss: 0.413
[24,   310] loss: 0.352
[24,   320] loss: 0.435
[24,   330] loss: 0.306
[24,   340] loss: 0.347
[24,   350] loss: 0.365
[24,   360] loss: 0.361
[24,   370] loss: 0.382
[24,   380] loss: 0.352
[24,   390] loss: 0.378
[24,   400] loss: 0.412
VALIDATION loss: 0.5169500112533569
[25,    10] loss: 0.369
[25,    20] loss: 0.325
[25,    30] loss: 0.353
[25,    40] loss: 0.432
[25,    50] loss: 0.286
[25,    60] loss: 0.403
[25,    70] loss: 0.338
[25,    80] loss: 0.380
[25,    90] loss: 0.350
[25,   100] loss: 0.369
[25,   110] loss: 0.350
[25,   120] loss: 0.405
[25,   130] loss: 0.320
[25,   140] loss: 0.395
[25,   150] loss: 0.354
[25,   160] loss: 0.364
[25,   170] loss: 0.341
[25,   180] loss: 0.354
[25,   190] loss: 0.382
[25,   200] loss: 0.362
[25,   210] loss: 0.359
[25,   220] loss: 0.347
[25,   230] loss: 0.380
[25,   240] loss: 0.398
[25,   250] loss: 0.287
[25,   260] loss: 0.362
[25,   270] loss: 0.341
[25,   280] loss: 0.365
[25,   290] loss: 0.392
[25,   300] loss: 0.300
[25,   310] loss: 0.331
[25,   320] loss: 0.415
[25,   330] loss: 0.341
[25,   340] loss: 0.307
[25,   350] loss: 0.319
[25,   360] loss: 0.344
[25,   370] loss: 0.377
[25,   380] loss: 0.336
[25,   390] loss: 0.321
[25,   400] loss: 0.420
VALIDATION loss: 0.30331504344940186
[26,    10] loss: 0.372
[26,    20] loss: 0.363
[26,    30] loss: 0.395
[26,    40] loss: 0.335
[26,    50] loss: 0.330
[26,    60] loss: 0.356
[26,    70] loss: 0.309
[26,    80] loss: 0.351
[26,    90] loss: 0.328
[26,   100] loss: 0.375
[26,   110] loss: 0.326
[26,   120] loss: 0.284
[26,   130] loss: 0.330
[26,   140] loss: 0.350
[26,   150] loss: 0.371
[26,   160] loss: 0.289
[26,   170] loss: 0.370
[26,   180] loss: 0.345
[26,   190] loss: 0.278
[26,   200] loss: 0.345
[26,   210] loss: 0.368
[26,   220] loss: 0.330
[26,   230] loss: 0.329
[26,   240] loss: 0.378
[26,   250] loss: 0.339
[26,   260] loss: 0.386
[26,   270] loss: 0.386
[26,   280] loss: 0.309
[26,   290] loss: 0.334
[26,   300] loss: 0.299
[26,   310] loss: 0.301
[26,   320] loss: 0.397
[26,   330] loss: 0.345
[26,   340] loss: 0.357
[26,   350] loss: 0.363
[26,   360] loss: 0.353
[26,   370] loss: 0.421
[26,   380] loss: 0.370
[26,   390] loss: 0.378
[26,   400] loss: 0.444
VALIDATION loss: 0.752475380897522
[27,    10] loss: 0.330
[27,    20] loss: 0.351
[27,    30] loss: 0.364
[27,    40] loss: 0.283
[27,    50] loss: 0.292
[27,    60] loss: 0.362
[27,    70] loss: 0.269
[27,    80] loss: 0.375
[27,    90] loss: 0.416
[27,   100] loss: 0.392
[27,   110] loss: 0.358
[27,   120] loss: 0.322
[27,   130] loss: 0.304
[27,   140] loss: 0.297
[27,   150] loss: 0.334
[27,   160] loss: 0.326
[27,   170] loss: 0.331
[27,   180] loss: 0.301
[27,   190] loss: 0.332
[27,   200] loss: 0.337
[27,   210] loss: 0.302
[27,   220] loss: 0.305
[27,   230] loss: 0.369
[27,   240] loss: 0.409
[27,   250] loss: 0.351
[27,   260] loss: 0.302
[27,   270] loss: 0.359
[27,   280] loss: 0.317
[27,   290] loss: 0.375
[27,   300] loss: 0.312
[27,   310] loss: 0.321
[27,   320] loss: 0.373
[27,   330] loss: 0.364
[27,   340] loss: 0.325
[27,   350] loss: 0.297
[27,   360] loss: 0.378
[27,   370] loss: 0.291
[27,   380] loss: 0.393
[27,   390] loss: 0.373
[27,   400] loss: 0.387
VALIDATION loss: 0.4618537425994873
[28,    10] loss: 0.287
[28,    20] loss: 0.328
[28,    30] loss: 0.333
[28,    40] loss: 0.353
[28,    50] loss: 0.287
[28,    60] loss: 0.323
[28,    70] loss: 0.296
[28,    80] loss: 0.371
[28,    90] loss: 0.281
[28,   100] loss: 0.310
[28,   110] loss: 0.346
[28,   120] loss: 0.328
[28,   130] loss: 0.332
[28,   140] loss: 0.299
[28,   150] loss: 0.386
[28,   160] loss: 0.340
[28,   170] loss: 0.357
[28,   180] loss: 0.318
[28,   190] loss: 0.362
[28,   200] loss: 0.289
[28,   210] loss: 0.272
[28,   220] loss: 0.337
[28,   230] loss: 0.388
[28,   240] loss: 0.339
[28,   250] loss: 0.315
[28,   260] loss: 0.327
[28,   270] loss: 0.345
[28,   280] loss: 0.321
[28,   290] loss: 0.352
[28,   300] loss: 0.350
[28,   310] loss: 0.379
[28,   320] loss: 0.350
[28,   330] loss: 0.311
[28,   340] loss: 0.238
[28,   350] loss: 0.385
[28,   360] loss: 0.345
[28,   370] loss: 0.341
[28,   380] loss: 0.323
[28,   390] loss: 0.349
[28,   400] loss: 0.328
VALIDATION loss: 0.8488072752952576
[29,    10] loss: 0.308
[29,    20] loss: 0.320
[29,    30] loss: 0.292
[29,    40] loss: 0.370
[29,    50] loss: 0.287
[29,    60] loss: 0.384
[29,    70] loss: 0.295
[29,    80] loss: 0.260
[29,    90] loss: 0.307
[29,   100] loss: 0.323
[29,   110] loss: 0.361
[29,   120] loss: 0.302
[29,   130] loss: 0.326
[29,   140] loss: 0.314
[29,   150] loss: 0.352
[29,   160] loss: 0.336
[29,   170] loss: 0.326
[29,   180] loss: 0.351
[29,   190] loss: 0.331
[29,   200] loss: 0.373
[29,   210] loss: 0.317
[29,   220] loss: 0.325
[29,   230] loss: 0.355
[29,   240] loss: 0.309
[29,   250] loss: 0.346
[29,   260] loss: 0.283
[29,   270] loss: 0.373
[29,   280] loss: 0.397
[29,   290] loss: 0.314
[29,   300] loss: 0.317
[29,   310] loss: 0.345
[29,   320] loss: 0.321
[29,   330] loss: 0.334
[29,   340] loss: 0.319
[29,   350] loss: 0.359
[29,   360] loss: 0.321
[29,   370] loss: 0.283
[29,   380] loss: 0.266
[29,   390] loss: 0.353
[29,   400] loss: 0.305
VALIDATION loss: 3.5022530555725098
[30,    10] loss: 0.352
[30,    20] loss: 0.386
[30,    30] loss: 0.661
[30,    40] loss: 0.468
[30,    50] loss: 0.404
[30,    60] loss: 0.393
[30,    70] loss: 0.347
[30,    80] loss: 0.360
[30,    90] loss: 0.330
[30,   100] loss: 0.339
[30,   110] loss: 0.280
[30,   120] loss: 0.296
[30,   130] loss: 0.263
[30,   140] loss: 0.247
[30,   150] loss: 0.308
[30,   160] loss: 0.329
[30,   170] loss: 0.300
[30,   180] loss: 0.305
[30,   190] loss: 0.312
[30,   200] loss: 0.343
[30,   210] loss: 0.300
[30,   220] loss: 0.292
[30,   230] loss: 0.328
[30,   240] loss: 0.382
[30,   250] loss: 0.334
[30,   260] loss: 0.352
[30,   270] loss: 0.432
[30,   280] loss: 0.277
[30,   290] loss: 0.306
[30,   300] loss: 0.338
[30,   310] loss: 0.295
[30,   320] loss: 0.338
[30,   330] loss: 0.342
[30,   340] loss: 0.303
[30,   350] loss: 0.292
[30,   360] loss: 0.289
[30,   370] loss: 0.356
[30,   380] loss: 0.359
[30,   390] loss: 0.356
[30,   400] loss: 0.329
VALIDATION loss: 1.637202501296997
[31,    10] loss: 0.287
[31,    20] loss: 0.331
[31,    30] loss: 0.276
[31,    40] loss: 0.295
[31,    50] loss: 0.339
[31,    60] loss: 0.297
[31,    70] loss: 0.324
[31,    80] loss: 0.332
[31,    90] loss: 0.371
[31,   100] loss: 0.389
[31,   110] loss: 0.273
[31,   120] loss: 0.331
[31,   130] loss: 0.325
[31,   140] loss: 0.352
[31,   150] loss: 0.323
[31,   160] loss: 0.291
[31,   170] loss: 0.264
[31,   180] loss: 0.291
[31,   190] loss: 0.360
[31,   200] loss: 0.264
[31,   210] loss: 0.342
[31,   220] loss: 0.365
[31,   230] loss: 0.321
[31,   240] loss: 0.339
[31,   250] loss: 0.309
[31,   260] loss: 0.379
[31,   270] loss: 0.381
[31,   280] loss: 0.354
[31,   290] loss: 0.287
[31,   300] loss: 0.338
[31,   310] loss: 0.387
[31,   320] loss: 0.280
[31,   330] loss: 0.315
[31,   340] loss: 0.317
[31,   350] loss: 0.265
[31,   360] loss: 0.365
[31,   370] loss: 0.265
[31,   380] loss: 0.414
[31,   390] loss: 0.334
[31,   400] loss: 0.315
VALIDATION loss: 1.056326150894165
[32,    10] loss: 0.344
[32,    20] loss: 0.258
[32,    30] loss: 0.338
[32,    40] loss: 0.299
[32,    50] loss: 0.283
[32,    60] loss: 0.295
[32,    70] loss: 0.306
[32,    80] loss: 0.323
[32,    90] loss: 0.286
[32,   100] loss: 0.279
[32,   110] loss: 0.290
[32,   120] loss: 0.308
[32,   130] loss: 0.270
[32,   140] loss: 0.249
[32,   150] loss: 0.265
[32,   160] loss: 0.311
[32,   170] loss: 0.304
[32,   180] loss: 0.305
[32,   190] loss: 0.292
[32,   200] loss: 0.307
[32,   210] loss: 0.312
[32,   220] loss: 0.278
[32,   230] loss: 0.285
[32,   240] loss: 0.284
[32,   250] loss: 0.320
[32,   260] loss: 0.297
[32,   270] loss: 0.272
[32,   280] loss: 0.253
[32,   290] loss: 0.240
[32,   300] loss: 0.267
[32,   310] loss: 0.340
[32,   320] loss: 0.327
[32,   330] loss: 0.266
[32,   340] loss: 0.336
[32,   350] loss: 0.294
[32,   360] loss: 0.323
[32,   370] loss: 0.284
[32,   380] loss: 0.273
[32,   390] loss: 0.354
[32,   400] loss: 0.336
VALIDATION loss: 0.31237563490867615
[33,    10] loss: 0.294
[33,    20] loss: 0.337
[33,    30] loss: 0.257
[33,    40] loss: 0.261
[33,    50] loss: 0.305
[33,    60] loss: 0.312
[33,    70] loss: 0.331
[33,    80] loss: 0.365
[33,    90] loss: 0.323
[33,   100] loss: 0.360
[33,   110] loss: 0.260
[33,   120] loss: 0.348
[33,   130] loss: 0.357
[33,   140] loss: 0.401
[33,   150] loss: 0.319
[33,   160] loss: 0.306
[33,   170] loss: 0.237
[33,   180] loss: 0.279
[33,   190] loss: 0.333
[33,   200] loss: 0.316
[33,   210] loss: 0.328
[33,   220] loss: 0.356
[33,   230] loss: 0.322
[33,   240] loss: 0.273
[33,   250] loss: 0.309
[33,   260] loss: 0.278
[33,   270] loss: 0.290
[33,   280] loss: 0.305
[33,   290] loss: 0.365
[33,   300] loss: 0.320
[33,   310] loss: 0.260
[33,   320] loss: 0.275
[33,   330] loss: 0.352
[33,   340] loss: 0.237
[33,   350] loss: 0.282
[33,   360] loss: 0.285
[33,   370] loss: 0.318
[33,   380] loss: 0.277
[33,   390] loss: 0.318
[33,   400] loss: 0.321
VALIDATION loss: 0.43149685859680176
[34,    10] loss: 0.341
[34,    20] loss: 0.330
[34,    30] loss: 0.242
[34,    40] loss: 0.288
[34,    50] loss: 0.314
[34,    60] loss: 0.274
[34,    70] loss: 0.250
[34,    80] loss: 0.293
[34,    90] loss: 0.267
[34,   100] loss: 0.291
[34,   110] loss: 0.296
[34,   120] loss: 0.336
[34,   130] loss: 0.363
[34,   140] loss: 0.298
[34,   150] loss: 0.325
[34,   160] loss: 0.319
[34,   170] loss: 0.274
[34,   180] loss: 0.265
[34,   190] loss: 0.296
[34,   200] loss: 0.356
[34,   210] loss: 0.365
[34,   220] loss: 0.306
[34,   230] loss: 0.337
[34,   240] loss: 0.225
[34,   250] loss: 0.382
[34,   260] loss: 0.282
[34,   270] loss: 0.266
[34,   280] loss: 0.299
[34,   290] loss: 0.275
[34,   300] loss: 0.284
[34,   310] loss: 0.271
[34,   320] loss: 0.258
[34,   330] loss: 0.276
[34,   340] loss: 0.263
[34,   350] loss: 0.350
[34,   360] loss: 0.378
[34,   370] loss: 0.249
[34,   380] loss: 0.341
[34,   390] loss: 0.273
[34,   400] loss: 0.279
VALIDATION loss: 0.25823140144348145
[35,    10] loss: 0.359
[35,    20] loss: 0.257
[35,    30] loss: 0.355
[35,    40] loss: 0.305
[35,    50] loss: 0.293
[35,    60] loss: 0.259
[35,    70] loss: 0.274
[35,    80] loss: 0.262
[35,    90] loss: 0.265
[35,   100] loss: 0.317
[35,   110] loss: 0.366
[35,   120] loss: 0.261
[35,   130] loss: 0.258
[35,   140] loss: 0.359
[35,   150] loss: 0.262
[35,   160] loss: 0.286
[35,   170] loss: 0.283
[35,   180] loss: 0.294
[35,   190] loss: 0.279
[35,   200] loss: 0.300
[35,   210] loss: 0.272
[35,   220] loss: 0.275
[35,   230] loss: 0.255
[35,   240] loss: 0.306
[35,   250] loss: 0.295
[35,   260] loss: 0.304
[35,   270] loss: 0.248
[35,   280] loss: 0.274
[35,   290] loss: 0.308
[35,   300] loss: 0.276
[35,   310] loss: 0.298
[35,   320] loss: 0.306
[35,   330] loss: 0.259
[35,   340] loss: 0.327
[35,   350] loss: 0.282
[35,   360] loss: 0.320
[35,   370] loss: 0.311
[35,   380] loss: 0.219
[35,   390] loss: 0.274
[35,   400] loss: 0.291
VALIDATION loss: 0.6190779209136963
[36,    10] loss: 0.245
[36,    20] loss: 0.245
[36,    30] loss: 0.254
[36,    40] loss: 0.214
[36,    50] loss: 0.259
[36,    60] loss: 0.240
[36,    70] loss: 0.249
[36,    80] loss: 0.263
[36,    90] loss: 0.350
[36,   100] loss: 0.278
[36,   110] loss: 0.266
[36,   120] loss: 0.300
[36,   130] loss: 0.264
[36,   140] loss: 0.275
[36,   150] loss: 0.311
[36,   160] loss: 0.295
[36,   170] loss: 0.294
[36,   180] loss: 0.269
[36,   190] loss: 0.305
[36,   200] loss: 0.299
[36,   210] loss: 0.312
[36,   220] loss: 0.307
[36,   230] loss: 0.286
[36,   240] loss: 0.272
[36,   250] loss: 0.298
[36,   260] loss: 0.311
[36,   270] loss: 0.275
[36,   280] loss: 0.312
[36,   290] loss: 0.288
[36,   300] loss: 0.252
[36,   310] loss: 0.259
[36,   320] loss: 0.275
[36,   330] loss: 0.350
[36,   340] loss: 0.269
[36,   350] loss: 0.297
[36,   360] loss: 0.334
[36,   370] loss: 0.284
[36,   380] loss: 0.292
[36,   390] loss: 0.261
[36,   400] loss: 0.253
VALIDATION loss: 1.2107264995574951
[37,    10] loss: 0.291
[37,    20] loss: 0.272
[37,    30] loss: 0.259
[37,    40] loss: 0.297
[37,    50] loss: 0.304
[37,    60] loss: 0.286
[37,    70] loss: 0.257
[37,    80] loss: 0.328
[37,    90] loss: 0.277
[37,   100] loss: 0.275
[37,   110] loss: 0.281
[37,   120] loss: 0.290
[37,   130] loss: 0.311
[37,   140] loss: 0.264
[37,   150] loss: 0.341
[37,   160] loss: 0.252
[37,   170] loss: 0.336
[37,   180] loss: 0.247
[37,   190] loss: 0.359
[37,   200] loss: 0.266
[37,   210] loss: 0.269
[37,   220] loss: 0.246
[37,   230] loss: 0.229
[37,   240] loss: 0.229
[37,   250] loss: 0.315
[37,   260] loss: 0.225
[37,   270] loss: 0.283
[37,   280] loss: 0.281
[37,   290] loss: 0.261
[37,   300] loss: 0.253
[37,   310] loss: 0.244
[37,   320] loss: 0.247
[37,   330] loss: 0.225
[37,   340] loss: 0.277
[37,   350] loss: 0.273
[37,   360] loss: 0.299
[37,   370] loss: 0.258
[37,   380] loss: 0.300
[37,   390] loss: 0.270
[37,   400] loss: 0.249
VALIDATION loss: 0.2673954367637634
[38,    10] loss: 0.252
[38,    20] loss: 0.233
[38,    30] loss: 0.218
[38,    40] loss: 0.244
[38,    50] loss: 0.322
[38,    60] loss: 0.267
[38,    70] loss: 0.271
[38,    80] loss: 0.245
[38,    90] loss: 0.249
[38,   100] loss: 0.303
[38,   110] loss: 0.333
[38,   120] loss: 0.248
[38,   130] loss: 0.328
[38,   140] loss: 0.251
[38,   150] loss: 0.255
[38,   160] loss: 0.279
[38,   170] loss: 0.314
[38,   180] loss: 0.321
[38,   190] loss: 0.242
[38,   200] loss: 0.286
[38,   210] loss: 0.235
[38,   220] loss: 0.265
[38,   230] loss: 0.314
[38,   240] loss: 0.214
[38,   250] loss: 0.249
[38,   260] loss: 0.252
[38,   270] loss: 0.272
[38,   280] loss: 0.328
[38,   290] loss: 0.241
[38,   300] loss: 0.278
[38,   310] loss: 0.191
[38,   320] loss: 0.353
[38,   330] loss: 0.294
[38,   340] loss: 0.248
[38,   350] loss: 0.322
[38,   360] loss: 0.260
[38,   370] loss: 0.246
[38,   380] loss: 0.289
[38,   390] loss: 0.335
[38,   400] loss: 0.234
VALIDATION loss: 0.2671085298061371
[39,    10] loss: 0.247
[39,    20] loss: 0.257
[39,    30] loss: 0.226
[39,    40] loss: 0.243
[39,    50] loss: 0.283
[39,    60] loss: 0.280
[39,    70] loss: 0.241
[39,    80] loss: 0.270
[39,    90] loss: 0.298
[39,   100] loss: 0.221
[39,   110] loss: 0.258
[39,   120] loss: 0.308
[39,   130] loss: 0.255
[39,   140] loss: 0.248
[39,   150] loss: 0.255
[39,   160] loss: 0.298
[39,   170] loss: 0.312
[39,   180] loss: 0.247
[39,   190] loss: 0.261
[39,   200] loss: 0.246
[39,   210] loss: 0.289
[39,   220] loss: 0.304
[39,   230] loss: 0.261
[39,   240] loss: 0.309
[39,   250] loss: 0.256
[39,   260] loss: 0.296
[39,   270] loss: 0.236
[39,   280] loss: 0.237
[39,   290] loss: 0.292
[39,   300] loss: 0.229
[39,   310] loss: 0.255
[39,   320] loss: 0.259
[39,   330] loss: 0.304
[39,   340] loss: 0.271
[39,   350] loss: 0.220
[39,   360] loss: 0.245
[39,   370] loss: 0.237
[39,   380] loss: 0.245
[39,   390] loss: 0.291
[39,   400] loss: 0.310
VALIDATION loss: 0.6159490942955017
[40,    10] loss: 0.214
[40,    20] loss: 0.296
[40,    30] loss: 0.344
[40,    40] loss: 0.194
[40,    50] loss: 0.240
[40,    60] loss: 0.219
[40,    70] loss: 0.318
[40,    80] loss: 0.310
[40,    90] loss: 0.253
[40,   100] loss: 0.251
[40,   110] loss: 0.294
[40,   120] loss: 0.267
[40,   130] loss: 0.289
[40,   140] loss: 0.272
[40,   150] loss: 0.229
[40,   160] loss: 0.258
[40,   170] loss: 0.226
[40,   180] loss: 0.272
[40,   190] loss: 0.280
[40,   200] loss: 0.296
[40,   210] loss: 0.221
[40,   220] loss: 0.301
[40,   230] loss: 0.229
[40,   240] loss: 0.220
[40,   250] loss: 0.255
[40,   260] loss: 0.241
[40,   270] loss: 0.318
[40,   280] loss: 0.209
[40,   290] loss: 0.266
[40,   300] loss: 0.292
[40,   310] loss: 0.276
[40,   320] loss: 0.219
[40,   330] loss: 0.249
[40,   340] loss: 0.240
[40,   350] loss: 0.261
[40,   360] loss: 0.293
[40,   370] loss: 0.263
[40,   380] loss: 0.344
[40,   390] loss: 0.262
[40,   400] loss: 0.274
VALIDATION loss: 0.3310796916484833
[41,    10] loss: 0.268
[41,    20] loss: 0.263
[41,    30] loss: 0.263
[41,    40] loss: 0.265
[41,    50] loss: 0.248
[41,    60] loss: 0.251
[41,    70] loss: 0.221
[41,    80] loss: 0.247
[41,    90] loss: 0.267
[41,   100] loss: 0.201
[41,   110] loss: 0.251
[41,   120] loss: 0.288
[41,   130] loss: 0.275
[41,   140] loss: 0.285
[41,   150] loss: 0.230
[41,   160] loss: 0.279
[41,   170] loss: 0.216
[41,   180] loss: 0.262
[41,   190] loss: 0.276
[41,   200] loss: 0.296
[41,   210] loss: 0.306
[41,   220] loss: 0.280
[41,   230] loss: 0.250
[41,   240] loss: 0.237
[41,   250] loss: 0.279
[41,   260] loss: 0.298
[41,   270] loss: 0.285
[41,   280] loss: 0.256
[41,   290] loss: 0.261
[41,   300] loss: 0.246
[41,   310] loss: 0.221
[41,   320] loss: 0.249
[41,   330] loss: 0.252
[41,   340] loss: 0.244
[41,   350] loss: 0.293
[41,   360] loss: 0.271
[41,   370] loss: 0.268
[41,   380] loss: 0.304
[41,   390] loss: 0.288
[41,   400] loss: 0.239
VALIDATION loss: 0.3410736620426178
[42,    10] loss: 0.289
[42,    20] loss: 0.218
[42,    30] loss: 0.239
[42,    40] loss: 0.279
[42,    50] loss: 0.232
[42,    60] loss: 0.241
[42,    70] loss: 0.237
[42,    80] loss: 0.260
[42,    90] loss: 0.218
[42,   100] loss: 0.222
[42,   110] loss: 0.230
[42,   120] loss: 0.279
[42,   130] loss: 0.228
[42,   140] loss: 0.274
[42,   150] loss: 0.261
[42,   160] loss: 0.259
[42,   170] loss: 0.255
[42,   180] loss: 0.287
[42,   190] loss: 0.207
[42,   200] loss: 0.284
[42,   210] loss: 0.259
[42,   220] loss: 0.281
[42,   230] loss: 0.261
[42,   240] loss: 0.232
[42,   250] loss: 0.236
[42,   260] loss: 0.272
[42,   270] loss: 0.259
[42,   280] loss: 0.246
[42,   290] loss: 0.241
[42,   300] loss: 0.214
[42,   310] loss: 0.266
[42,   320] loss: 0.258
[42,   330] loss: 0.273
[42,   340] loss: 0.258
[42,   350] loss: 0.245
[42,   360] loss: 0.334
[42,   370] loss: 0.265
[42,   380] loss: 0.262
[42,   390] loss: 0.289
[42,   400] loss: 0.245
VALIDATION loss: 0.556515097618103
[43,    10] loss: 0.250
[43,    20] loss: 0.262
[43,    30] loss: 0.296
[43,    40] loss: 0.234
[43,    50] loss: 0.325
[43,    60] loss: 0.262
[43,    70] loss: 0.251
[43,    80] loss: 0.203
[43,    90] loss: 0.228
[43,   100] loss: 0.248
[43,   110] loss: 0.247
[43,   120] loss: 0.300
[43,   130] loss: 0.230
[43,   140] loss: 0.165
[43,   150] loss: 0.271
[43,   160] loss: 0.254
[43,   170] loss: 0.258
[43,   180] loss: 0.301
[43,   190] loss: 0.225
[43,   200] loss: 0.288
[43,   210] loss: 0.222
[43,   220] loss: 0.228
[43,   230] loss: 0.270
[43,   240] loss: 0.249
[43,   250] loss: 0.227
[43,   260] loss: 0.300
[43,   270] loss: 0.207
[43,   280] loss: 0.260
[43,   290] loss: 0.357
[43,   300] loss: 0.249
[43,   310] loss: 0.248
[43,   320] loss: 0.263
[43,   330] loss: 0.278
[43,   340] loss: 0.316
[43,   350] loss: 0.227
[43,   360] loss: 0.278
[43,   370] loss: 0.173
[43,   380] loss: 0.205
[43,   390] loss: 0.229
[43,   400] loss: 0.286
VALIDATION loss: 0.26727816462516785
[44,    10] loss: 0.212
[44,    20] loss: 0.232
[44,    30] loss: 0.275
[44,    40] loss: 0.219
[44,    50] loss: 0.245
[44,    60] loss: 0.324
[44,    70] loss: 0.244
[44,    80] loss: 0.218
[44,    90] loss: 0.225
[44,   100] loss: 0.267
[44,   110] loss: 0.241
[44,   120] loss: 0.293
[44,   130] loss: 0.294
[44,   140] loss: 0.249
[44,   150] loss: 0.220
[44,   160] loss: 0.269
[44,   170] loss: 0.278
[44,   180] loss: 0.274
[44,   190] loss: 0.240
[44,   200] loss: 0.256
[44,   210] loss: 0.300
[44,   220] loss: 0.249
[44,   230] loss: 0.265
[44,   240] loss: 0.251
[44,   250] loss: 0.290
[44,   260] loss: 0.267
[44,   270] loss: 0.267
[44,   280] loss: 0.266
[44,   290] loss: 0.235
[44,   300] loss: 0.255
[44,   310] loss: 0.287
[44,   320] loss: 0.258
[44,   330] loss: 0.276
[44,   340] loss: 0.222
[44,   350] loss: 0.262
[44,   360] loss: 0.241
[44,   370] loss: 0.244
[44,   380] loss: 0.193
[44,   390] loss: 0.220
[44,   400] loss: 0.269
VALIDATION loss: 0.3334255814552307
[45,    10] loss: 0.236
[45,    20] loss: 0.213
[45,    30] loss: 0.251
[45,    40] loss: 0.258
[45,    50] loss: 0.245
[45,    60] loss: 0.205
[45,    70] loss: 0.267
[45,    80] loss: 0.253
[45,    90] loss: 0.279
[45,   100] loss: 0.241
[45,   110] loss: 0.252
[45,   120] loss: 0.252
[45,   130] loss: 0.237
[45,   140] loss: 0.210
[45,   150] loss: 0.209
[45,   160] loss: 0.223
[45,   170] loss: 0.227
[45,   180] loss: 0.276
[45,   190] loss: 0.244
[45,   200] loss: 0.203
[45,   210] loss: 0.274
[45,   220] loss: 0.218
[45,   230] loss: 0.307
[45,   240] loss: 0.261
[45,   250] loss: 0.240
[45,   260] loss: 0.262
[45,   270] loss: 0.232
[45,   280] loss: 0.247
[45,   290] loss: 0.289
[45,   300] loss: 0.241
[45,   310] loss: 0.246
[45,   320] loss: 0.230
[45,   330] loss: 0.228
[45,   340] loss: 0.221
[45,   350] loss: 0.255
[45,   360] loss: 0.222
[45,   370] loss: 0.297
[45,   380] loss: 0.230
[45,   390] loss: 0.269
[45,   400] loss: 0.242
VALIDATION loss: 0.9976869225502014
[46,    10] loss: 0.240
[46,    20] loss: 0.223
[46,    30] loss: 0.294
[46,    40] loss: 0.252
[46,    50] loss: 0.240
[46,    60] loss: 0.217
[46,    70] loss: 0.237
[46,    80] loss: 0.251
[46,    90] loss: 0.235
[46,   100] loss: 0.298
[46,   110] loss: 0.332
[46,   120] loss: 0.228
[46,   130] loss: 0.255
[46,   140] loss: 0.248
[46,   150] loss: 0.259
[46,   160] loss: 0.265
[46,   170] loss: 0.189
[46,   180] loss: 0.195
[46,   190] loss: 0.230
[46,   200] loss: 0.251
[46,   210] loss: 0.254
[46,   220] loss: 0.216
[46,   230] loss: 0.234
[46,   240] loss: 0.240
[46,   250] loss: 0.240
[46,   260] loss: 0.262
[46,   270] loss: 0.278
[46,   280] loss: 0.261
[46,   290] loss: 0.276
[46,   300] loss: 0.255
[46,   310] loss: 0.188
[46,   320] loss: 0.246
[46,   330] loss: 0.206
[46,   340] loss: 0.236
[46,   350] loss: 0.290
[46,   360] loss: 0.260
[46,   370] loss: 0.309
[46,   380] loss: 0.219
[46,   390] loss: 0.225
[46,   400] loss: 0.202
VALIDATION loss: 0.2030838131904602
[47,    10] loss: 0.217
[47,    20] loss: 0.204
[47,    30] loss: 0.208
[47,    40] loss: 0.265
[47,    50] loss: 0.274
[47,    60] loss: 0.223
[47,    70] loss: 0.266
[47,    80] loss: 0.250
[47,    90] loss: 0.267
[47,   100] loss: 0.216
[47,   110] loss: 0.201
[47,   120] loss: 0.266
[47,   130] loss: 0.237
[47,   140] loss: 0.242
[47,   150] loss: 0.229
[47,   160] loss: 0.186
[47,   170] loss: 0.207
[47,   180] loss: 0.232
[47,   190] loss: 0.234
[47,   200] loss: 0.210
[47,   210] loss: 0.277
[47,   220] loss: 0.233
[47,   230] loss: 0.285
[47,   240] loss: 0.235
[47,   250] loss: 0.265
[47,   260] loss: 0.227
[47,   270] loss: 0.249
[47,   280] loss: 0.260
[47,   290] loss: 0.196
[47,   300] loss: 0.196
[47,   310] loss: 0.230
[47,   320] loss: 0.240
[47,   330] loss: 0.273
[47,   340] loss: 0.180
[47,   350] loss: 0.220
[47,   360] loss: 0.236
[47,   370] loss: 0.248
[47,   380] loss: 0.265
[47,   390] loss: 0.253
[47,   400] loss: 0.224
VALIDATION loss: 0.7804214358329773
[48,    10] loss: 0.223
[48,    20] loss: 0.277
[48,    30] loss: 0.247
[48,    40] loss: 0.226
[48,    50] loss: 0.211
[48,    60] loss: 0.211
[48,    70] loss: 0.232
[48,    80] loss: 0.198
[48,    90] loss: 0.208
[48,   100] loss: 0.206
[48,   110] loss: 0.227
[48,   120] loss: 0.252
[48,   130] loss: 0.193
[48,   140] loss: 0.259
[48,   150] loss: 0.215
[48,   160] loss: 0.218
[48,   170] loss: 0.225
[48,   180] loss: 0.199
[48,   190] loss: 0.221
[48,   200] loss: 0.178
[48,   210] loss: 0.274
[48,   220] loss: 0.215
[48,   230] loss: 0.221
[48,   240] loss: 0.290
[48,   250] loss: 0.260
[48,   260] loss: 0.213
[48,   270] loss: 0.216
[48,   280] loss: 0.233
[48,   290] loss: 0.213
[48,   300] loss: 0.202
[48,   310] loss: 0.209
[48,   320] loss: 0.214
[48,   330] loss: 0.243
[48,   340] loss: 0.200
[48,   350] loss: 0.238
[48,   360] loss: 0.266
[48,   370] loss: 0.217
[48,   380] loss: 0.229
[48,   390] loss: 0.251
[48,   400] loss: 0.225
VALIDATION loss: 1.4282342195510864
[49,    10] loss: 0.216
[49,    20] loss: 0.284
[49,    30] loss: 0.218
[49,    40] loss: 0.299
[49,    50] loss: 0.229
[49,    60] loss: 0.229
[49,    70] loss: 0.244
[49,    80] loss: 0.262
[49,    90] loss: 0.206
[49,   100] loss: 0.187
[49,   110] loss: 0.204
[49,   120] loss: 0.261
[49,   130] loss: 0.283
[49,   140] loss: 0.265
[49,   150] loss: 0.306
[49,   160] loss: 0.224
[49,   170] loss: 0.189
[49,   180] loss: 0.257
[49,   190] loss: 0.223
[49,   200] loss: 0.209
[49,   210] loss: 0.288
[49,   220] loss: 0.256
[49,   230] loss: 0.203
[49,   240] loss: 0.246
[49,   250] loss: 0.253
[49,   260] loss: 0.251
[49,   270] loss: 0.242
[49,   280] loss: 0.239
[49,   290] loss: 0.226
[49,   300] loss: 0.235
[49,   310] loss: 0.213
[49,   320] loss: 0.257
[49,   330] loss: 0.229
[49,   340] loss: 0.209
[49,   350] loss: 0.231
[49,   360] loss: 0.213
[49,   370] loss: 0.229
[49,   380] loss: 0.212
[49,   390] loss: 0.215
[49,   400] loss: 0.187
VALIDATION loss: 0.23837421834468842
[50,    10] loss: 0.219
[50,    20] loss: 0.226
[50,    30] loss: 0.267
[50,    40] loss: 0.229
[50,    50] loss: 0.218
[50,    60] loss: 0.219
[50,    70] loss: 0.271
[50,    80] loss: 0.225
[50,    90] loss: 0.265
[50,   100] loss: 0.216
[50,   110] loss: 0.218
[50,   120] loss: 0.195
[50,   130] loss: 0.202
[50,   140] loss: 0.224
[50,   150] loss: 0.230
[50,   160] loss: 0.226
[50,   170] loss: 0.215
[50,   180] loss: 0.284
[50,   190] loss: 0.227
[50,   200] loss: 0.188
[50,   210] loss: 0.276
[50,   220] loss: 0.219
[50,   230] loss: 0.246
[50,   240] loss: 0.198
[50,   250] loss: 0.201
[50,   260] loss: 0.184
[50,   270] loss: 0.210
[50,   280] loss: 0.173
[50,   290] loss: 0.235
[50,   300] loss: 0.234
[50,   310] loss: 0.234
[50,   320] loss: 0.237
[50,   330] loss: 0.265
[50,   340] loss: 0.240
[50,   350] loss: 0.230
[50,   360] loss: 0.222
[50,   370] loss: 0.240
[50,   380] loss: 0.220
[50,   390] loss: 0.266
[50,   400] loss: 0.251
VALIDATION loss: 0.2930336594581604
[51,    10] loss: 0.222
[51,    20] loss: 0.222
[51,    30] loss: 0.237
[51,    40] loss: 0.215
[51,    50] loss: 0.174
[51,    60] loss: 0.212
[51,    70] loss: 0.232
[51,    80] loss: 0.298
[51,    90] loss: 0.205
[51,   100] loss: 0.251
[51,   110] loss: 0.275
[51,   120] loss: 0.306
[51,   130] loss: 0.234
[51,   140] loss: 0.208
[51,   150] loss: 0.232
[51,   160] loss: 0.227
[51,   170] loss: 0.231
[51,   180] loss: 0.267
[51,   190] loss: 0.218
[51,   200] loss: 0.220
[51,   210] loss: 0.222
[51,   220] loss: 0.231
[51,   230] loss: 0.217
[51,   240] loss: 0.183
[51,   250] loss: 0.236
[51,   260] loss: 0.233
[51,   270] loss: 0.222
[51,   280] loss: 0.288
[51,   290] loss: 0.244
[51,   300] loss: 0.190
[51,   310] loss: 0.233
[51,   320] loss: 0.232
[51,   330] loss: 0.250
[51,   340] loss: 0.208
[51,   350] loss: 0.167
[51,   360] loss: 0.206
[51,   370] loss: 0.249
[51,   380] loss: 0.256
[51,   390] loss: 0.241
[51,   400] loss: 0.248
VALIDATION loss: 0.3385198414325714
[52,    10] loss: 0.232
[52,    20] loss: 0.242
[52,    30] loss: 0.224
[52,    40] loss: 0.196
[52,    50] loss: 0.198
[52,    60] loss: 0.184
[52,    70] loss: 0.228
[52,    80] loss: 0.274
[52,    90] loss: 0.253
[52,   100] loss: 0.210
[52,   110] loss: 0.265
[52,   120] loss: 0.267
[52,   130] loss: 0.203
[52,   140] loss: 0.222
[52,   150] loss: 0.186
[52,   160] loss: 0.240
[52,   170] loss: 0.258
[52,   180] loss: 0.173
[52,   190] loss: 0.238
[52,   200] loss: 0.205
[52,   210] loss: 0.195
[52,   220] loss: 0.185
[52,   230] loss: 0.225
[52,   240] loss: 0.241
[52,   250] loss: 0.231
[52,   260] loss: 0.243
[52,   270] loss: 0.222
[52,   280] loss: 0.236
[52,   290] loss: 0.189
[52,   300] loss: 0.238
[52,   310] loss: 0.208
[52,   320] loss: 0.209
[52,   330] loss: 0.209
[52,   340] loss: 0.249
[52,   350] loss: 0.220
[52,   360] loss: 0.211
[52,   370] loss: 0.232
[52,   380] loss: 0.250
[52,   390] loss: 0.183
[52,   400] loss: 0.214
VALIDATION loss: 3.428365468978882
[53,    10] loss: 0.260
[53,    20] loss: 0.240
[53,    30] loss: 0.280
[53,    40] loss: 0.263
[53,    50] loss: 0.237
[53,    60] loss: 0.270
[53,    70] loss: 0.287
[53,    80] loss: 0.199
[53,    90] loss: 0.189
[53,   100] loss: 0.179
[53,   110] loss: 0.211
[53,   120] loss: 0.233
[53,   130] loss: 0.204
[53,   140] loss: 0.251
[53,   150] loss: 0.196
[53,   160] loss: 0.234
[53,   170] loss: 0.211
[53,   180] loss: 0.201
[53,   190] loss: 0.197
[53,   200] loss: 0.188
[53,   210] loss: 0.216
[53,   220] loss: 0.223
[53,   230] loss: 0.186
[53,   240] loss: 0.196
[53,   250] loss: 0.242
[53,   260] loss: 0.205
[53,   270] loss: 0.215
[53,   280] loss: 0.237
[53,   290] loss: 0.210
[53,   300] loss: 0.208
[53,   310] loss: 0.214
[53,   320] loss: 0.208
[53,   330] loss: 0.261
[53,   340] loss: 0.206
[53,   350] loss: 0.158
[53,   360] loss: 0.258
[53,   370] loss: 0.182
[53,   380] loss: 0.208
[53,   390] loss: 0.215
[53,   400] loss: 0.256
VALIDATION loss: 0.21554110944271088
[54,    10] loss: 0.208
[54,    20] loss: 0.229
[54,    30] loss: 0.210
[54,    40] loss: 0.227
[54,    50] loss: 0.215
[54,    60] loss: 0.247
[54,    70] loss: 0.237
[54,    80] loss: 0.168
[54,    90] loss: 0.246
[54,   100] loss: 0.230
[54,   110] loss: 0.234
[54,   120] loss: 0.189
[54,   130] loss: 0.217
[54,   140] loss: 0.192
[54,   150] loss: 0.230
[54,   160] loss: 0.289
[54,   170] loss: 0.193
[54,   180] loss: 0.218
[54,   190] loss: 0.209
[54,   200] loss: 0.193
[54,   210] loss: 0.236
[54,   220] loss: 0.220
[54,   230] loss: 0.237
[54,   240] loss: 0.229
[54,   250] loss: 0.181
[54,   260] loss: 0.203
[54,   270] loss: 0.213
[54,   280] loss: 0.236
[54,   290] loss: 0.237
[54,   300] loss: 0.223
[54,   310] loss: 0.258
[54,   320] loss: 0.205
[54,   330] loss: 0.230
[54,   340] loss: 0.219
[54,   350] loss: 0.262
[54,   360] loss: 0.249
[54,   370] loss: 0.203
[54,   380] loss: 0.221
[54,   390] loss: 0.234
[54,   400] loss: 0.248
VALIDATION loss: 0.2127045840024948
[55,    10] loss: 0.263
[55,    20] loss: 0.219
[55,    30] loss: 0.232
[55,    40] loss: 0.240
[55,    50] loss: 0.199
[55,    60] loss: 0.203
[55,    70] loss: 0.166
[55,    80] loss: 0.228
[55,    90] loss: 0.266
[55,   100] loss: 0.242
[55,   110] loss: 0.237
[55,   120] loss: 0.212
[55,   130] loss: 0.213
[55,   140] loss: 0.178
[55,   150] loss: 0.213
[55,   160] loss: 0.167
[55,   170] loss: 0.232
[55,   180] loss: 0.208
[55,   190] loss: 0.201
[55,   200] loss: 0.241
[55,   210] loss: 0.236
[55,   220] loss: 0.209
[55,   230] loss: 0.216
[55,   240] loss: 0.214
[55,   250] loss: 0.196
[55,   260] loss: 0.220
[55,   270] loss: 0.264
[55,   280] loss: 0.228
[55,   290] loss: 0.265
[55,   300] loss: 0.201
[55,   310] loss: 0.263
[55,   320] loss: 0.263
[55,   330] loss: 0.199
[55,   340] loss: 0.177
[55,   350] loss: 0.249
[55,   360] loss: 0.227
[55,   370] loss: 0.236
[55,   380] loss: 0.217
[55,   390] loss: 0.250
[55,   400] loss: 0.234
VALIDATION loss: 0.5890151858329773
[56,    10] loss: 0.237
[56,    20] loss: 0.191
[56,    30] loss: 0.242
[56,    40] loss: 0.234
[56,    50] loss: 0.204
[56,    60] loss: 0.221
[56,    70] loss: 0.195
[56,    80] loss: 0.248
[56,    90] loss: 0.166
[56,   100] loss: 0.189
[56,   110] loss: 0.218
[56,   120] loss: 0.259
[56,   130] loss: 0.213
[56,   140] loss: 0.220
[56,   150] loss: 0.200
[56,   160] loss: 0.271
[56,   170] loss: 0.188
[56,   180] loss: 0.240
[56,   190] loss: 0.233
[56,   200] loss: 0.185
[56,   210] loss: 0.213
[56,   220] loss: 0.247
[56,   230] loss: 0.235
[56,   240] loss: 0.249
[56,   250] loss: 0.201
[56,   260] loss: 0.228
[56,   270] loss: 0.208
[56,   280] loss: 0.234
[56,   290] loss: 0.247
[56,   300] loss: 0.195
[56,   310] loss: 0.211
[56,   320] loss: 0.269
[56,   330] loss: 0.227
[56,   340] loss: 0.181
[56,   350] loss: 0.219
[56,   360] loss: 0.230
[56,   370] loss: 0.207
[56,   380] loss: 0.165
[56,   390] loss: 0.197
[56,   400] loss: 0.224
VALIDATION loss: 0.2241106927394867
[57,    10] loss: 0.203
[57,    20] loss: 0.152
[57,    30] loss: 0.240
[57,    40] loss: 0.246
[57,    50] loss: 0.226
[57,    60] loss: 0.188
[57,    70] loss: 0.253
[57,    80] loss: 0.222
[57,    90] loss: 0.247
[57,   100] loss: 0.215
[57,   110] loss: 0.216
[57,   120] loss: 0.168
[57,   130] loss: 0.199
[57,   140] loss: 0.208
[57,   150] loss: 0.189
[57,   160] loss: 0.197
[57,   170] loss: 0.220
[57,   180] loss: 0.234
[57,   190] loss: 0.276
[57,   200] loss: 0.193
[57,   210] loss: 0.230
[57,   220] loss: 0.210
[57,   230] loss: 0.183
[57,   240] loss: 0.212
[57,   250] loss: 0.186
[57,   260] loss: 0.224
[57,   270] loss: 0.277
[57,   280] loss: 0.200
[57,   290] loss: 0.226
[57,   300] loss: 0.248
[57,   310] loss: 0.215
[57,   320] loss: 0.213
[57,   330] loss: 0.173
[57,   340] loss: 0.212
[57,   350] loss: 0.232
[57,   360] loss: 0.191
[57,   370] loss: 0.201
[57,   380] loss: 0.206
[57,   390] loss: 0.233
[57,   400] loss: 0.262
VALIDATION loss: 0.20419402420520782
[58,    10] loss: 0.186
[58,    20] loss: 0.254
[58,    30] loss: 0.192
[58,    40] loss: 0.212
[58,    50] loss: 0.252
[58,    60] loss: 0.215
[58,    70] loss: 0.155
[58,    80] loss: 0.208
[58,    90] loss: 0.210
[58,   100] loss: 0.213
[58,   110] loss: 0.202
[58,   120] loss: 0.252
[58,   130] loss: 0.195
[58,   140] loss: 0.157
[58,   150] loss: 0.192
[58,   160] loss: 0.241
[58,   170] loss: 0.203
[58,   180] loss: 0.234
[58,   190] loss: 0.188
[58,   200] loss: 0.234
[58,   210] loss: 0.183
[58,   220] loss: 0.227
[58,   230] loss: 0.200
[58,   240] loss: 0.220
[58,   250] loss: 0.189
[58,   260] loss: 0.168
[58,   270] loss: 0.201
[58,   280] loss: 0.202
[58,   290] loss: 0.190
[58,   300] loss: 0.184
[58,   310] loss: 0.209
[58,   320] loss: 0.220
[58,   330] loss: 0.232
[58,   340] loss: 0.189
[58,   350] loss: 0.270
[58,   360] loss: 0.230
[58,   370] loss: 0.200
[58,   380] loss: 0.173
[58,   390] loss: 0.178
[58,   400] loss: 0.239
VALIDATION loss: 0.33158132433891296
[59,    10] loss: 0.170
[59,    20] loss: 0.243
[59,    30] loss: 0.201
[59,    40] loss: 0.205
[59,    50] loss: 0.208
[59,    60] loss: 0.217
[59,    70] loss: 0.201
[59,    80] loss: 0.219
[59,    90] loss: 0.264
[59,   100] loss: 0.168
[59,   110] loss: 0.241
[59,   120] loss: 0.204
[59,   130] loss: 0.201
[59,   140] loss: 0.196
[59,   150] loss: 0.297
[59,   160] loss: 0.227
[59,   170] loss: 0.204
[59,   180] loss: 0.260
[59,   190] loss: 0.190
[59,   200] loss: 0.201
[59,   210] loss: 0.223
[59,   220] loss: 0.195
[59,   230] loss: 0.245
[59,   240] loss: 0.238
[59,   250] loss: 0.197
[59,   260] loss: 0.235
[59,   270] loss: 0.218
[59,   280] loss: 0.174
[59,   290] loss: 0.204
[59,   300] loss: 0.180
[59,   310] loss: 0.273
[59,   320] loss: 0.185
[59,   330] loss: 0.180
[59,   340] loss: 0.233
[59,   350] loss: 0.231
[59,   360] loss: 0.226
[59,   370] loss: 0.180
[59,   380] loss: 0.169
[59,   390] loss: 0.200
[59,   400] loss: 0.237
VALIDATION loss: 3.7516355514526367
[60,    10] loss: 0.240
[60,    20] loss: 0.197
[60,    30] loss: 0.205
[60,    40] loss: 0.225
[60,    50] loss: 0.165
[60,    60] loss: 0.191
[60,    70] loss: 0.188
[60,    80] loss: 0.195
[60,    90] loss: 0.169
[60,   100] loss: 0.188
[60,   110] loss: 0.191
[60,   120] loss: 0.243
[60,   130] loss: 0.241
[60,   140] loss: 0.220
[60,   150] loss: 0.195
[60,   160] loss: 0.174
[60,   170] loss: 0.217
[60,   180] loss: 0.144
[60,   190] loss: 0.200
[60,   200] loss: 0.184
[60,   210] loss: 0.155
[60,   220] loss: 0.148
[60,   230] loss: 0.216
[60,   240] loss: 0.154
[60,   250] loss: 0.218
[60,   260] loss: 0.183
[60,   270] loss: 0.186
[60,   280] loss: 0.253
[60,   290] loss: 0.227
[60,   300] loss: 0.250
[60,   310] loss: 0.193
[60,   320] loss: 0.225
[60,   330] loss: 0.231
[60,   340] loss: 0.234
[60,   350] loss: 0.192
[60,   360] loss: 0.227
[60,   370] loss: 0.222
[60,   380] loss: 0.215
[60,   390] loss: 0.197
[60,   400] loss: 0.192
VALIDATION loss: 1.7399002313613892
[61,    10] loss: 0.149
[61,    20] loss: 0.239
[61,    30] loss: 0.164
[61,    40] loss: 0.245
[61,    50] loss: 0.187
[61,    60] loss: 0.185
[61,    70] loss: 0.197
[61,    80] loss: 0.185
[61,    90] loss: 0.228
[61,   100] loss: 0.156
[61,   110] loss: 0.229
[61,   120] loss: 0.177
[61,   130] loss: 0.222
[61,   140] loss: 0.207
[61,   150] loss: 0.224
[61,   160] loss: 0.209
[61,   170] loss: 0.191
[61,   180] loss: 0.215
[61,   190] loss: 0.216
[61,   200] loss: 0.155
[61,   210] loss: 0.174
[61,   220] loss: 0.186
[61,   230] loss: 0.183
[61,   240] loss: 0.168
[61,   250] loss: 0.209
[61,   260] loss: 0.217
[61,   270] loss: 0.220
[61,   280] loss: 0.233
[61,   290] loss: 0.161
[61,   300] loss: 0.176
[61,   310] loss: 0.210
[61,   320] loss: 0.190
[61,   330] loss: 0.199
[61,   340] loss: 0.177
[61,   350] loss: 0.234
[61,   360] loss: 0.164
[61,   370] loss: 0.202
[61,   380] loss: 0.166
[61,   390] loss: 0.255
[61,   400] loss: 0.228
VALIDATION loss: 0.30515822768211365
[62,    10] loss: 0.243
[62,    20] loss: 0.183
[62,    30] loss: 0.221
[62,    40] loss: 0.270
[62,    50] loss: 0.189
[62,    60] loss: 0.190
[62,    70] loss: 0.184
[62,    80] loss: 0.192
[62,    90] loss: 0.195
[62,   100] loss: 0.205
[62,   110] loss: 0.183
[62,   120] loss: 0.215
[62,   130] loss: 0.166
[62,   140] loss: 0.203
[62,   150] loss: 0.211
[62,   160] loss: 0.184
[62,   170] loss: 0.252
[62,   180] loss: 0.167
[62,   190] loss: 0.170
[62,   200] loss: 0.176
[62,   210] loss: 0.237
[62,   220] loss: 0.198
[62,   230] loss: 0.199
[62,   240] loss: 0.191
[62,   250] loss: 0.168
[62,   260] loss: 0.193
[62,   270] loss: 0.165
[62,   280] loss: 0.229
[62,   290] loss: 0.223
[62,   300] loss: 0.175
[62,   310] loss: 0.207
[62,   320] loss: 0.241
[62,   330] loss: 0.210
[62,   340] loss: 0.227
[62,   350] loss: 0.195
[62,   360] loss: 0.230
[62,   370] loss: 0.204
[62,   380] loss: 0.197
[62,   390] loss: 0.224
[62,   400] loss: 0.215
VALIDATION loss: 0.19837744534015656
[63,    10] loss: 0.218
[63,    20] loss: 0.192
[63,    30] loss: 0.251
[63,    40] loss: 0.233
[63,    50] loss: 0.177
[63,    60] loss: 0.201
[63,    70] loss: 0.190
[63,    80] loss: 0.209
[63,    90] loss: 0.177
[63,   100] loss: 0.220
[63,   110] loss: 0.263
[63,   120] loss: 0.211
[63,   130] loss: 0.164
[63,   140] loss: 0.153
[63,   150] loss: 0.174
[63,   160] loss: 0.171
[63,   170] loss: 0.156
[63,   180] loss: 0.166
[63,   190] loss: 0.185
[63,   200] loss: 0.227
[63,   210] loss: 0.251
[63,   220] loss: 0.186
[63,   230] loss: 0.173
[63,   240] loss: 0.186
[63,   250] loss: 0.188
[63,   260] loss: 0.217
[63,   270] loss: 0.177
[63,   280] loss: 0.168
[63,   290] loss: 0.214
[63,   300] loss: 0.225
[63,   310] loss: 0.223
[63,   320] loss: 0.239
[63,   330] loss: 0.204
[63,   340] loss: 0.216
[63,   350] loss: 0.193
[63,   360] loss: 0.210
[63,   370] loss: 0.163
[63,   380] loss: 0.225
[63,   390] loss: 0.190
[63,   400] loss: 0.227
VALIDATION loss: 0.320879191160202
[64,    10] loss: 0.155
[64,    20] loss: 0.220
[64,    30] loss: 0.199
[64,    40] loss: 0.172
[64,    50] loss: 0.186
[64,    60] loss: 0.212
[64,    70] loss: 0.196
[64,    80] loss: 0.204
[64,    90] loss: 0.177
[64,   100] loss: 0.171
[64,   110] loss: 0.207
[64,   120] loss: 0.180
[64,   130] loss: 0.210
[64,   140] loss: 0.204
[64,   150] loss: 0.213
[64,   160] loss: 0.214
[64,   170] loss: 0.193
[64,   180] loss: 0.175
[64,   190] loss: 0.206
[64,   200] loss: 0.181
[64,   210] loss: 0.183
[64,   220] loss: 0.215
[64,   230] loss: 0.232
[64,   240] loss: 0.191
[64,   250] loss: 0.236
[64,   260] loss: 0.161
[64,   270] loss: 0.181
[64,   280] loss: 0.143
[64,   290] loss: 0.199
[64,   300] loss: 0.228
[64,   310] loss: 0.241
[64,   320] loss: 0.190
[64,   330] loss: 0.187
[64,   340] loss: 0.195
[64,   350] loss: 0.158
[64,   360] loss: 0.243
[64,   370] loss: 0.207
[64,   380] loss: 0.194
[64,   390] loss: 0.206
[64,   400] loss: 0.185
VALIDATION loss: 1.065994143486023
[65,    10] loss: 0.239
[65,    20] loss: 0.221
[65,    30] loss: 0.224
[65,    40] loss: 0.206
[65,    50] loss: 0.182
[65,    60] loss: 0.172
[65,    70] loss: 0.211
[65,    80] loss: 0.177
[65,    90] loss: 0.147
[65,   100] loss: 0.242
[65,   110] loss: 0.163
[65,   120] loss: 0.141
[65,   130] loss: 0.187
[65,   140] loss: 0.213
[65,   150] loss: 0.191
[65,   160] loss: 0.193
[65,   170] loss: 0.166
[65,   180] loss: 0.225
[65,   190] loss: 0.191
[65,   200] loss: 0.203
[65,   210] loss: 0.136
[65,   220] loss: 0.220
[65,   230] loss: 0.204
[65,   240] loss: 0.149
[65,   250] loss: 0.198
[65,   260] loss: 0.216
[65,   270] loss: 0.227
[65,   280] loss: 0.176
[65,   290] loss: 0.201
[65,   300] loss: 0.173
[65,   310] loss: 0.170
[65,   320] loss: 0.159
[65,   330] loss: 0.188
[65,   340] loss: 0.207
[65,   350] loss: 0.179
[65,   360] loss: 0.168
[65,   370] loss: 0.204
[65,   380] loss: 0.191
[65,   390] loss: 0.191
[65,   400] loss: 0.147
VALIDATION loss: 0.16806180775165558
[66,    10] loss: 0.136
[66,    20] loss: 0.172
[66,    30] loss: 0.200
[66,    40] loss: 0.224
[66,    50] loss: 0.207
[66,    60] loss: 0.210
[66,    70] loss: 0.194
[66,    80] loss: 0.167
[66,    90] loss: 0.193
[66,   100] loss: 0.171
[66,   110] loss: 0.150
[66,   120] loss: 0.194
[66,   130] loss: 0.208
[66,   140] loss: 0.200
[66,   150] loss: 0.190
[66,   160] loss: 0.166
[66,   170] loss: 0.188
[66,   180] loss: 0.162
[66,   190] loss: 0.221
[66,   200] loss: 0.184
[66,   210] loss: 0.160
[66,   220] loss: 0.188
[66,   230] loss: 0.224
[66,   240] loss: 0.168
[66,   250] loss: 0.218
[66,   260] loss: 0.194
[66,   270] loss: 0.201
[66,   280] loss: 0.183
[66,   290] loss: 0.179
[66,   300] loss: 0.187
[66,   310] loss: 0.240
[66,   320] loss: 0.208
[66,   330] loss: 0.157
[66,   340] loss: 0.214
[66,   350] loss: 0.198
[66,   360] loss: 0.204
[66,   370] loss: 0.236
[66,   380] loss: 0.159
[66,   390] loss: 0.215
[66,   400] loss: 0.213
VALIDATION loss: 0.1643611192703247
[67,    10] loss: 0.199
[67,    20] loss: 0.151
[67,    30] loss: 0.197
[67,    40] loss: 0.175
[67,    50] loss: 0.160
[67,    60] loss: 0.188
[67,    70] loss: 0.204
[67,    80] loss: 0.139
[67,    90] loss: 0.160
[67,   100] loss: 0.180
[67,   110] loss: 0.181
[67,   120] loss: 0.160
[67,   130] loss: 0.223
[67,   140] loss: 0.167
[67,   150] loss: 0.190
[67,   160] loss: 0.183
[67,   170] loss: 0.202
[67,   180] loss: 0.218
[67,   190] loss: 0.198
[67,   200] loss: 0.162
[67,   210] loss: 0.167
[67,   220] loss: 0.228
[67,   230] loss: 0.191
[67,   240] loss: 0.231
[67,   250] loss: 0.205
[67,   260] loss: 0.211
[67,   270] loss: 0.184
[67,   280] loss: 0.163
[67,   290] loss: 0.173
[67,   300] loss: 0.217
[67,   310] loss: 0.191
[67,   320] loss: 0.181
[67,   330] loss: 0.150
[67,   340] loss: 0.156
[67,   350] loss: 0.215
[67,   360] loss: 0.192
[67,   370] loss: 0.182
[67,   380] loss: 0.166
[67,   390] loss: 0.208
[67,   400] loss: 0.215
VALIDATION loss: 0.24647261202335358
[68,    10] loss: 0.210
[68,    20] loss: 0.165
[68,    30] loss: 0.149
[68,    40] loss: 0.191
[68,    50] loss: 0.218
[68,    60] loss: 0.153
[68,    70] loss: 0.163
[68,    80] loss: 0.133
[68,    90] loss: 0.168
[68,   100] loss: 0.212
[68,   110] loss: 0.172
[68,   120] loss: 0.208
[68,   130] loss: 0.195
[68,   140] loss: 0.174
[68,   150] loss: 0.211
[68,   160] loss: 0.198
[68,   170] loss: 0.177
[68,   180] loss: 0.204
[68,   190] loss: 0.204
[68,   200] loss: 0.226
[68,   210] loss: 0.155
[68,   220] loss: 0.150
[68,   230] loss: 0.235
[68,   240] loss: 0.174
[68,   250] loss: 0.185
[68,   260] loss: 0.210
[68,   270] loss: 0.222
[68,   280] loss: 0.251
[68,   290] loss: 0.181
[68,   300] loss: 0.213
[68,   310] loss: 0.215
[68,   320] loss: 0.207
[68,   330] loss: 0.253
[68,   340] loss: 0.168
[68,   350] loss: 0.193
[68,   360] loss: 0.183
[68,   370] loss: 0.165
[68,   380] loss: 0.178
[68,   390] loss: 0.174
[68,   400] loss: 0.174
VALIDATION loss: 0.17379701137542725
[69,    10] loss: 0.180
[69,    20] loss: 0.161
[69,    30] loss: 0.124
[69,    40] loss: 0.169
[69,    50] loss: 0.205
[69,    60] loss: 0.148
[69,    70] loss: 0.168
[69,    80] loss: 0.242
[69,    90] loss: 0.240
[69,   100] loss: 0.202
[69,   110] loss: 0.208
[69,   120] loss: 0.163
[69,   130] loss: 0.208
[69,   140] loss: 0.196
[69,   150] loss: 0.260
[69,   160] loss: 0.178
[69,   170] loss: 0.179
[69,   180] loss: 0.169
[69,   190] loss: 0.187
[69,   200] loss: 0.185
[69,   210] loss: 0.216
[69,   220] loss: 0.172
[69,   230] loss: 0.217
[69,   240] loss: 0.205
[69,   250] loss: 0.189
[69,   260] loss: 0.185
[69,   270] loss: 0.181
[69,   280] loss: 0.195
[69,   290] loss: 0.171
[69,   300] loss: 0.213
[69,   310] loss: 0.198
[69,   320] loss: 0.179
[69,   330] loss: 0.180
[69,   340] loss: 0.198
[69,   350] loss: 0.207
[69,   360] loss: 0.208
[69,   370] loss: 0.196
[69,   380] loss: 0.203
[69,   390] loss: 0.174
[69,   400] loss: 0.159
VALIDATION loss: 0.17056222259998322
[70,    10] loss: 0.190
[70,    20] loss: 0.246
[70,    30] loss: 0.245
[70,    40] loss: 0.178
[70,    50] loss: 0.195
[70,    60] loss: 0.229
[70,    70] loss: 0.165
[70,    80] loss: 0.175
[70,    90] loss: 0.190
[70,   100] loss: 0.191
[70,   110] loss: 0.177
[70,   120] loss: 0.221
[70,   130] loss: 0.145
[70,   140] loss: 0.211
[70,   150] loss: 0.217
[70,   160] loss: 0.177
[70,   170] loss: 0.182
[70,   180] loss: 0.171
[70,   190] loss: 0.153
[70,   200] loss: 0.173
[70,   210] loss: 0.215
[70,   220] loss: 0.198
[70,   230] loss: 0.168
[70,   240] loss: 0.231
[70,   250] loss: 0.132
[70,   260] loss: 0.156
[70,   270] loss: 0.174
[70,   280] loss: 0.210
[70,   290] loss: 0.167
[70,   300] loss: 0.208
[70,   310] loss: 0.131
[70,   320] loss: 0.170
[70,   330] loss: 0.179
[70,   340] loss: 0.218
[70,   350] loss: 0.199
[70,   360] loss: 0.219
[70,   370] loss: 0.220
[70,   380] loss: 0.169
[70,   390] loss: 0.196
[70,   400] loss: 0.234
VALIDATION loss: 0.4302316904067993
[71,    10] loss: 0.171
[71,    20] loss: 0.144
[71,    30] loss: 0.215
[71,    40] loss: 0.144
[71,    50] loss: 0.206
[71,    60] loss: 0.191
[71,    70] loss: 0.163
[71,    80] loss: 0.205
[71,    90] loss: 0.206
[71,   100] loss: 0.167
[71,   110] loss: 0.201
[71,   120] loss: 0.215
[71,   130] loss: 0.169
[71,   140] loss: 0.208
[71,   150] loss: 0.192
[71,   160] loss: 0.187
[71,   170] loss: 0.210
[71,   180] loss: 0.178
[71,   190] loss: 0.199
[71,   200] loss: 0.161
[71,   210] loss: 0.214
[71,   220] loss: 0.181
[71,   230] loss: 0.181
[71,   240] loss: 0.179
[71,   250] loss: 0.195
[71,   260] loss: 0.272
[71,   270] loss: 0.166
[71,   280] loss: 0.233
[71,   290] loss: 0.156
[71,   300] loss: 0.178
[71,   310] loss: 0.162
[71,   320] loss: 0.159
[71,   330] loss: 0.202
[71,   340] loss: 0.175
[71,   350] loss: 0.180
[71,   360] loss: 0.189
[71,   370] loss: 0.202
[71,   380] loss: 0.182
[71,   390] loss: 0.171
[71,   400] loss: 0.178
VALIDATION loss: 0.24471282958984375
[72,    10] loss: 0.212
[72,    20] loss: 0.181
[72,    30] loss: 0.217
[72,    40] loss: 0.184
[72,    50] loss: 0.185
[72,    60] loss: 0.193
[72,    70] loss: 0.283
[72,    80] loss: 0.150
[72,    90] loss: 0.177
[72,   100] loss: 0.175
[72,   110] loss: 0.178
[72,   120] loss: 0.196
[72,   130] loss: 0.181
[72,   140] loss: 0.193
[72,   150] loss: 0.158
[72,   160] loss: 0.166
[72,   170] loss: 0.199
[72,   180] loss: 0.172
[72,   190] loss: 0.217
[72,   200] loss: 0.154
[72,   210] loss: 0.219
[72,   220] loss: 0.175
[72,   230] loss: 0.193
[72,   240] loss: 0.163
[72,   250] loss: 0.205
[72,   260] loss: 0.152
[72,   270] loss: 0.170
[72,   280] loss: 0.166
[72,   290] loss: 0.170
[72,   300] loss: 0.158
[72,   310] loss: 0.157
[72,   320] loss: 0.160
[72,   330] loss: 0.193
[72,   340] loss: 0.201
[72,   350] loss: 0.190
[72,   360] loss: 0.208
[72,   370] loss: 0.161
[72,   380] loss: 0.188
[72,   390] loss: 0.159
[72,   400] loss: 0.171
VALIDATION loss: 3.5230963230133057
[73,    10] loss: 0.146
[73,    20] loss: 0.195
[73,    30] loss: 0.193
[73,    40] loss: 0.223
[73,    50] loss: 0.158
[73,    60] loss: 0.149
[73,    70] loss: 0.158
[73,    80] loss: 0.200
[73,    90] loss: 0.134
[73,   100] loss: 0.190
[73,   110] loss: 0.180
[73,   120] loss: 0.147
[73,   130] loss: 0.211
[73,   140] loss: 0.164
[73,   150] loss: 0.201
[73,   160] loss: 0.137
[73,   170] loss: 0.185
[73,   180] loss: 0.155
[73,   190] loss: 0.159
[73,   200] loss: 0.209
[73,   210] loss: 0.239
[73,   220] loss: 0.137
[73,   230] loss: 0.158
[73,   240] loss: 0.173
[73,   250] loss: 0.182
[73,   260] loss: 0.175
[73,   270] loss: 0.221
[73,   280] loss: 0.209
[73,   290] loss: 0.201
[73,   300] loss: 0.182
[73,   310] loss: 0.161
[73,   320] loss: 0.234
[73,   330] loss: 0.167
[73,   340] loss: 0.191
[73,   350] loss: 0.181
[73,   360] loss: 0.178
[73,   370] loss: 0.228
[73,   380] loss: 0.158
[73,   390] loss: 0.197
[73,   400] loss: 0.207
VALIDATION loss: 1.2339649200439453
[74,    10] loss: 0.177
[74,    20] loss: 0.144
[74,    30] loss: 0.149
[74,    40] loss: 0.155
[74,    50] loss: 0.181
[74,    60] loss: 0.175
[74,    70] loss: 0.160
[74,    80] loss: 0.157
[74,    90] loss: 0.169
[74,   100] loss: 0.143
[74,   110] loss: 0.188
[74,   120] loss: 0.196
[74,   130] loss: 0.188
[74,   140] loss: 0.196
[74,   150] loss: 0.183
[74,   160] loss: 0.237
[74,   170] loss: 0.199
[74,   180] loss: 0.183
[74,   190] loss: 0.198
[74,   200] loss: 0.220
[74,   210] loss: 0.199
[74,   220] loss: 0.204
[74,   230] loss: 0.190
[74,   240] loss: 0.210
[74,   250] loss: 0.222
[74,   260] loss: 0.214
[74,   270] loss: 0.139
[74,   280] loss: 0.196
[74,   290] loss: 0.174
[74,   300] loss: 0.134
[74,   310] loss: 0.183
[74,   320] loss: 0.189
[74,   330] loss: 0.200
[74,   340] loss: 0.122
[74,   350] loss: 0.237
[74,   360] loss: 0.154
[74,   370] loss: 0.152
[74,   380] loss: 0.201
[74,   390] loss: 0.149
[74,   400] loss: 0.213
VALIDATION loss: 0.21599136292934418
[75,    10] loss: 0.141
[75,    20] loss: 0.157
[75,    30] loss: 0.167
[75,    40] loss: 0.174
[75,    50] loss: 0.211
[75,    60] loss: 0.146
[75,    70] loss: 0.156
[75,    80] loss: 0.167
[75,    90] loss: 0.179
[75,   100] loss: 0.158
[75,   110] loss: 0.180
[75,   120] loss: 0.157
[75,   130] loss: 0.142
[75,   140] loss: 0.154
[75,   150] loss: 0.192
[75,   160] loss: 0.181
[75,   170] loss: 0.180
[75,   180] loss: 0.166
[75,   190] loss: 0.200
[75,   200] loss: 0.198
[75,   210] loss: 0.184
[75,   220] loss: 0.238
[75,   230] loss: 0.175
[75,   240] loss: 0.280
[75,   250] loss: 0.178
[75,   260] loss: 0.201
[75,   270] loss: 0.182
[75,   280] loss: 0.197
[75,   290] loss: 0.190
[75,   300] loss: 0.189
[75,   310] loss: 0.162
[75,   320] loss: 0.164
[75,   330] loss: 0.180
[75,   340] loss: 0.167
[75,   350] loss: 0.138
[75,   360] loss: 0.161
[75,   370] loss: 0.194
[75,   380] loss: 0.208
[75,   390] loss: 0.206
[75,   400] loss: 0.184
VALIDATION loss: 1.6271873712539673
[76,    10] loss: 0.187
[76,    20] loss: 0.166
[76,    30] loss: 0.187
[76,    40] loss: 0.132
[76,    50] loss: 0.192
[76,    60] loss: 0.156
[76,    70] loss: 0.160
[76,    80] loss: 0.198
[76,    90] loss: 0.149
[76,   100] loss: 0.234
[76,   110] loss: 0.150
[76,   120] loss: 0.131
[76,   130] loss: 0.187
[76,   140] loss: 0.230
[76,   150] loss: 0.133
[76,   160] loss: 0.196
[76,   170] loss: 0.190
[76,   180] loss: 0.159
[76,   190] loss: 0.199
[76,   200] loss: 0.172
[76,   210] loss: 0.165
[76,   220] loss: 0.193
[76,   230] loss: 0.175
[76,   240] loss: 0.206
[76,   250] loss: 0.173
[76,   260] loss: 0.196
[76,   270] loss: 0.170
[76,   280] loss: 0.140
[76,   290] loss: 0.172
[76,   300] loss: 0.208
[76,   310] loss: 0.153
[76,   320] loss: 0.168
[76,   330] loss: 0.169
[76,   340] loss: 0.130
[76,   350] loss: 0.189
[76,   360] loss: 0.175
[76,   370] loss: 0.154
[76,   380] loss: 0.144
[76,   390] loss: 0.203
[76,   400] loss: 0.213
VALIDATION loss: 0.8933884501457214
[77,    10] loss: 0.139
[77,    20] loss: 0.131
[77,    30] loss: 0.199
[77,    40] loss: 0.159
[77,    50] loss: 0.201
[77,    60] loss: 0.152
[77,    70] loss: 0.185
[77,    80] loss: 0.160
[77,    90] loss: 0.149
[77,   100] loss: 0.144
[77,   110] loss: 0.197
[77,   120] loss: 0.112
[77,   130] loss: 0.174
[77,   140] loss: 0.206
[77,   150] loss: 0.204
[77,   160] loss: 0.170
[77,   170] loss: 0.171
[77,   180] loss: 0.213
[77,   190] loss: 0.188
[77,   200] loss: 0.162
[77,   210] loss: 0.144
[77,   220] loss: 0.195
[77,   230] loss: 0.144
[77,   240] loss: 0.192
[77,   250] loss: 0.212
[77,   260] loss: 0.148
[77,   270] loss: 0.193
[77,   280] loss: 0.157
[77,   290] loss: 0.214
[77,   300] loss: 0.226
[77,   310] loss: 0.164
[77,   320] loss: 0.173
[77,   330] loss: 0.223
[77,   340] loss: 0.151
[77,   350] loss: 0.197
[77,   360] loss: 0.174
[77,   370] loss: 0.164
[77,   380] loss: 0.186
[77,   390] loss: 0.173
[77,   400] loss: 0.212
VALIDATION loss: 0.48278817534446716
[78,    10] loss: 0.180
[78,    20] loss: 0.191
[78,    30] loss: 0.209
[78,    40] loss: 0.165
[78,    50] loss: 0.156
[78,    60] loss: 0.157
[78,    70] loss: 0.182
[78,    80] loss: 0.187
[78,    90] loss: 0.183
[78,   100] loss: 0.168
[78,   110] loss: 0.163
[78,   120] loss: 0.247
[78,   130] loss: 0.201
[78,   140] loss: 0.229
[78,   150] loss: 0.155
[78,   160] loss: 0.169
[78,   170] loss: 0.146
[78,   180] loss: 0.186
[78,   190] loss: 0.173
[78,   200] loss: 0.182
[78,   210] loss: 0.167
[78,   220] loss: 0.177
[78,   230] loss: 0.188
[78,   240] loss: 0.168
[78,   250] loss: 0.174
[78,   260] loss: 0.131
[78,   270] loss: 0.194
[78,   280] loss: 0.153
[78,   290] loss: 0.153
[78,   300] loss: 0.164
[78,   310] loss: 0.142
[78,   320] loss: 0.201
[78,   330] loss: 0.179
[78,   340] loss: 0.154
[78,   350] loss: 0.175
[78,   360] loss: 0.189
[78,   370] loss: 0.161
[78,   380] loss: 0.139
[78,   390] loss: 0.214
[78,   400] loss: 0.177
VALIDATION loss: 0.19987769424915314
[79,    10] loss: 0.177
[79,    20] loss: 0.209
[79,    30] loss: 0.158
[79,    40] loss: 0.243
[79,    50] loss: 0.150
[79,    60] loss: 0.166
[79,    70] loss: 0.160
[79,    80] loss: 0.172
[79,    90] loss: 0.181
[79,   100] loss: 0.173
[79,   110] loss: 0.181
[79,   120] loss: 0.158
[79,   130] loss: 0.179
[79,   140] loss: 0.140
[79,   150] loss: 0.203
[79,   160] loss: 0.107
[79,   170] loss: 0.231
[79,   180] loss: 0.166
[79,   190] loss: 0.189
[79,   200] loss: 0.215
[79,   210] loss: 0.185
[79,   220] loss: 0.138
[79,   230] loss: 0.158
[79,   240] loss: 0.171
[79,   250] loss: 0.157
[79,   260] loss: 0.211
[79,   270] loss: 0.183
[79,   280] loss: 0.179
[79,   290] loss: 0.178
[79,   300] loss: 0.189
[79,   310] loss: 0.235
[79,   320] loss: 0.146
[79,   330] loss: 0.153
[79,   340] loss: 0.145
[79,   350] loss: 0.162
[79,   360] loss: 0.145
[79,   370] loss: 0.155
[79,   380] loss: 0.127
[79,   390] loss: 0.136
[79,   400] loss: 0.202
VALIDATION loss: 0.1809881627559662
[80,    10] loss: 0.150
[80,    20] loss: 0.122
[80,    30] loss: 0.176
[80,    40] loss: 0.199
[80,    50] loss: 0.195
[80,    60] loss: 0.160
[80,    70] loss: 0.207
[80,    80] loss: 0.169
[80,    90] loss: 0.159
[80,   100] loss: 0.159
[80,   110] loss: 0.131
[80,   120] loss: 0.155
[80,   130] loss: 0.168
[80,   140] loss: 0.221
[80,   150] loss: 0.221
[80,   160] loss: 0.204
[80,   170] loss: 0.204
[80,   180] loss: 0.199
[80,   190] loss: 0.147
[80,   200] loss: 0.194
[80,   210] loss: 0.227
[80,   220] loss: 0.189
[80,   230] loss: 0.185
[80,   240] loss: 0.163
[80,   250] loss: 0.140
[80,   260] loss: 0.139
[80,   270] loss: 0.143
[80,   280] loss: 0.158
[80,   290] loss: 0.192
[80,   300] loss: 0.193
[80,   310] loss: 0.174
[80,   320] loss: 0.146
[80,   330] loss: 0.196
[80,   340] loss: 0.147
[80,   350] loss: 0.163
[80,   360] loss: 0.168
[80,   370] loss: 0.190
[80,   380] loss: 0.195
[80,   390] loss: 0.185
[80,   400] loss: 0.171
VALIDATION loss: 0.4565015435218811
[81,    10] loss: 0.190
[81,    20] loss: 0.213
[81,    30] loss: 0.237
[81,    40] loss: 0.168
[81,    50] loss: 0.174
[81,    60] loss: 0.153
[81,    70] loss: 0.181
[81,    80] loss: 0.146
[81,    90] loss: 0.155
[81,   100] loss: 0.204
[81,   110] loss: 0.158
[81,   120] loss: 0.152
[81,   130] loss: 0.132
[81,   140] loss: 0.171
[81,   150] loss: 0.196
[81,   160] loss: 0.164
[81,   170] loss: 0.190
[81,   180] loss: 0.189
[81,   190] loss: 0.164
[81,   200] loss: 0.154
[81,   210] loss: 0.178
[81,   220] loss: 0.143
[81,   230] loss: 0.189
[81,   240] loss: 0.185
[81,   250] loss: 0.144
[81,   260] loss: 0.138
[81,   270] loss: 0.119
[81,   280] loss: 0.151
[81,   290] loss: 0.177
[81,   300] loss: 0.176
[81,   310] loss: 0.218
[81,   320] loss: 0.171
[81,   330] loss: 0.164
[81,   340] loss: 0.158
[81,   350] loss: 0.143
[81,   360] loss: 0.193
[81,   370] loss: 0.154
[81,   380] loss: 0.194
[81,   390] loss: 0.219
[81,   400] loss: 0.162
VALIDATION loss: 0.1612212359905243
[82,    10] loss: 0.155
[82,    20] loss: 0.152
[82,    30] loss: 0.166
[82,    40] loss: 0.143
[82,    50] loss: 0.158
[82,    60] loss: 0.148
[82,    70] loss: 0.166
[82,    80] loss: 0.168
[82,    90] loss: 0.177
[82,   100] loss: 0.154
[82,   110] loss: 0.186
[82,   120] loss: 0.164
[82,   130] loss: 0.172
[82,   140] loss: 0.198
[82,   150] loss: 0.174
[82,   160] loss: 0.160
[82,   170] loss: 0.157
[82,   180] loss: 0.182
[82,   190] loss: 0.174
[82,   200] loss: 0.186
[82,   210] loss: 0.146
[82,   220] loss: 0.156
[82,   230] loss: 0.147
[82,   240] loss: 0.159
[82,   250] loss: 0.191
[82,   260] loss: 0.171
[82,   270] loss: 0.154
[82,   280] loss: 0.202
[82,   290] loss: 0.196
[82,   300] loss: 0.122
[82,   310] loss: 0.181
[82,   320] loss: 0.140
[82,   330] loss: 0.128
[82,   340] loss: 0.152
[82,   350] loss: 0.152
[82,   360] loss: 0.161
[82,   370] loss: 0.184
[82,   380] loss: 0.180
[82,   390] loss: 0.181
[82,   400] loss: 0.226
VALIDATION loss: 0.18762989342212677
[83,    10] loss: 0.151
[83,    20] loss: 0.199
[83,    30] loss: 0.132
[83,    40] loss: 0.160
[83,    50] loss: 0.115
[83,    60] loss: 0.143
[83,    70] loss: 0.157
[83,    80] loss: 0.182
[83,    90] loss: 0.205
[83,   100] loss: 0.163
[83,   110] loss: 0.173
[83,   120] loss: 0.154
[83,   130] loss: 0.160
[83,   140] loss: 0.184
[83,   150] loss: 0.184
[83,   160] loss: 0.185
[83,   170] loss: 0.173
[83,   180] loss: 0.163
[83,   190] loss: 0.159
[83,   200] loss: 0.207
[83,   210] loss: 0.156
[83,   220] loss: 0.237
[83,   230] loss: 0.153
[83,   240] loss: 0.146
[83,   250] loss: 0.177
[83,   260] loss: 0.139
[83,   270] loss: 0.169
[83,   280] loss: 0.146
[83,   290] loss: 0.179
[83,   300] loss: 0.175
[83,   310] loss: 0.179
[83,   320] loss: 0.164
[83,   330] loss: 0.167
[83,   340] loss: 0.186
[83,   350] loss: 0.190
[83,   360] loss: 0.141
[83,   370] loss: 0.167
[83,   380] loss: 0.156
[83,   390] loss: 0.179
[83,   400] loss: 0.198
VALIDATION loss: 0.2051580399274826
[84,    10] loss: 0.135
[84,    20] loss: 0.190
[84,    30] loss: 0.190
[84,    40] loss: 0.200
[84,    50] loss: 0.162
[84,    60] loss: 0.183
[84,    70] loss: 0.220
[84,    80] loss: 0.178
[84,    90] loss: 0.141
[84,   100] loss: 0.124
[84,   110] loss: 0.189
[84,   120] loss: 0.138
[84,   130] loss: 0.142
[84,   140] loss: 0.169
[84,   150] loss: 0.160
[84,   160] loss: 0.180
[84,   170] loss: 0.161
[84,   180] loss: 0.138
[84,   190] loss: 0.145
[84,   200] loss: 0.225
[84,   210] loss: 0.151
[84,   220] loss: 0.199
[84,   230] loss: 0.173
[84,   240] loss: 0.140
[84,   250] loss: 0.147
[84,   260] loss: 0.193
[84,   270] loss: 0.214
[84,   280] loss: 0.158
[84,   290] loss: 0.156
[84,   300] loss: 0.203
[84,   310] loss: 0.136
[84,   320] loss: 0.166
[84,   330] loss: 0.199
[84,   340] loss: 0.182
[84,   350] loss: 0.163
[84,   360] loss: 0.155
[84,   370] loss: 0.159
[84,   380] loss: 0.176
[84,   390] loss: 0.195
[84,   400] loss: 0.194
VALIDATION loss: 0.2626233696937561
[85,    10] loss: 0.161
[85,    20] loss: 0.196
[85,    30] loss: 0.166
[85,    40] loss: 0.162
[85,    50] loss: 0.165
[85,    60] loss: 0.177
[85,    70] loss: 0.180
[85,    80] loss: 0.194
[85,    90] loss: 0.152
[85,   100] loss: 0.193
[85,   110] loss: 0.171
[85,   120] loss: 0.174
[85,   130] loss: 0.143
[85,   140] loss: 0.154
[85,   150] loss: 0.159
[85,   160] loss: 0.149
[85,   170] loss: 0.161
[85,   180] loss: 0.184
[85,   190] loss: 0.152
[85,   200] loss: 0.195
[85,   210] loss: 0.164
[85,   220] loss: 0.171
[85,   230] loss: 0.173
[85,   240] loss: 0.141
[85,   250] loss: 0.156
[85,   260] loss: 0.152
[85,   270] loss: 0.194
[85,   280] loss: 0.176
[85,   290] loss: 0.153
[85,   300] loss: 0.131
[85,   310] loss: 0.170
[85,   320] loss: 0.149
[85,   330] loss: 0.164
[85,   340] loss: 0.173
[85,   350] loss: 0.176
[85,   360] loss: 0.152
[85,   370] loss: 0.134
[85,   380] loss: 0.151
[85,   390] loss: 0.174
[85,   400] loss: 0.160
VALIDATION loss: 0.7396141290664673
[86,    10] loss: 0.151
[86,    20] loss: 0.150
[86,    30] loss: 0.115
[86,    40] loss: 0.217
[86,    50] loss: 0.123
[86,    60] loss: 0.159
[86,    70] loss: 0.112
[86,    80] loss: 0.136
[86,    90] loss: 0.172
[86,   100] loss: 0.132
[86,   110] loss: 0.169
[86,   120] loss: 0.136
[86,   130] loss: 0.141
[86,   140] loss: 0.151
[86,   150] loss: 0.119
[86,   160] loss: 0.158
[86,   170] loss: 0.146
[86,   180] loss: 0.203
[86,   190] loss: 0.163
[86,   200] loss: 0.149
[86,   210] loss: 0.166
[86,   220] loss: 0.177
[86,   230] loss: 0.211
[86,   240] loss: 0.160
[86,   250] loss: 0.158
[86,   260] loss: 0.180
[86,   270] loss: 0.198
[86,   280] loss: 0.157
[86,   290] loss: 0.178
[86,   300] loss: 0.167
[86,   310] loss: 0.195
[86,   320] loss: 0.188
[86,   330] loss: 0.175
[86,   340] loss: 0.148
[86,   350] loss: 0.149
[86,   360] loss: 0.162
[86,   370] loss: 0.189
[86,   380] loss: 0.125
[86,   390] loss: 0.153
[86,   400] loss: 0.184
VALIDATION loss: 0.19489018619060516
[87,    10] loss: 0.154
[87,    20] loss: 0.162
[87,    30] loss: 0.128
[87,    40] loss: 0.149
[87,    50] loss: 0.169
[87,    60] loss: 0.175
[87,    70] loss: 0.157
[87,    80] loss: 0.138
[87,    90] loss: 0.152
[87,   100] loss: 0.159
[87,   110] loss: 0.169
[87,   120] loss: 0.154
[87,   130] loss: 0.143
[87,   140] loss: 0.187
[87,   150] loss: 0.147
[87,   160] loss: 0.149
[87,   170] loss: 0.143
[87,   180] loss: 0.094
[87,   190] loss: 0.173
[87,   200] loss: 0.185
[87,   210] loss: 0.155
[87,   220] loss: 0.123
[87,   230] loss: 0.174
[87,   240] loss: 0.140
[87,   250] loss: 0.203
[87,   260] loss: 0.165
[87,   270] loss: 0.200
[87,   280] loss: 0.185
[87,   290] loss: 0.253
[87,   300] loss: 0.150
[87,   310] loss: 0.150
[87,   320] loss: 0.135
[87,   330] loss: 0.192
[87,   340] loss: 0.200
[87,   350] loss: 0.191
[87,   360] loss: 0.176
[87,   370] loss: 0.238
[87,   380] loss: 0.155
[87,   390] loss: 0.177
[87,   400] loss: 0.147
VALIDATION loss: 0.1810513585805893
[88,    10] loss: 0.131
[88,    20] loss: 0.188
[88,    30] loss: 0.159
[88,    40] loss: 0.199
[88,    50] loss: 0.162
[88,    60] loss: 0.169
[88,    70] loss: 0.165
[88,    80] loss: 0.132
[88,    90] loss: 0.130
[88,   100] loss: 0.147
[88,   110] loss: 0.157
[88,   120] loss: 0.172
[88,   130] loss: 0.163
[88,   140] loss: 0.169
[88,   150] loss: 0.160
[88,   160] loss: 0.173
[88,   170] loss: 0.188
[88,   180] loss: 0.143
[88,   190] loss: 0.132
[88,   200] loss: 0.214
[88,   210] loss: 0.135
[88,   220] loss: 0.132
[88,   230] loss: 0.263
[88,   240] loss: 0.172
[88,   250] loss: 0.169
[88,   260] loss: 0.173
[88,   270] loss: 0.144
[88,   280] loss: 0.163
[88,   290] loss: 0.150
[88,   300] loss: 0.188
[88,   310] loss: 0.147
[88,   320] loss: 0.176
[88,   330] loss: 0.167
[88,   340] loss: 0.211
[88,   350] loss: 0.144
[88,   360] loss: 0.224
[88,   370] loss: 0.175
[88,   380] loss: 0.162
[88,   390] loss: 0.148
[88,   400] loss: 0.143
VALIDATION loss: 0.941217839717865
[89,    10] loss: 0.196
[89,    20] loss: 0.152
[89,    30] loss: 0.171
[89,    40] loss: 0.175
[89,    50] loss: 0.144
[89,    60] loss: 0.189
[89,    70] loss: 0.181
[89,    80] loss: 0.173
[89,    90] loss: 0.169
[89,   100] loss: 0.139
[89,   110] loss: 0.178
[89,   120] loss: 0.151
[89,   130] loss: 0.129
[89,   140] loss: 0.147
[89,   150] loss: 0.164
[89,   160] loss: 0.164
[89,   170] loss: 0.159
[89,   180] loss: 0.183
[89,   190] loss: 0.173
[89,   200] loss: 0.212
[89,   210] loss: 0.159
[89,   220] loss: 0.138
[89,   230] loss: 0.157
[89,   240] loss: 0.131
[89,   250] loss: 0.149
[89,   260] loss: 0.250
[89,   270] loss: 0.191
[89,   280] loss: 0.168
[89,   290] loss: 0.153
[89,   300] loss: 0.145
[89,   310] loss: 0.168
[89,   320] loss: 0.142
[89,   330] loss: 0.155
[89,   340] loss: 0.155
[89,   350] loss: 0.156
[89,   360] loss: 0.138
[89,   370] loss: 0.159
[89,   380] loss: 0.124
[89,   390] loss: 0.132
[89,   400] loss: 0.162
VALIDATION loss: 0.2121388018131256
[90,    10] loss: 0.143
[90,    20] loss: 0.127
[90,    30] loss: 0.147
[90,    40] loss: 0.110
[90,    50] loss: 0.140
[90,    60] loss: 0.112
[90,    70] loss: 0.220
[90,    80] loss: 0.103
[90,    90] loss: 0.190
[90,   100] loss: 0.105
[90,   110] loss: 0.133
[90,   120] loss: 0.151
[90,   130] loss: 0.121
[90,   140] loss: 0.207
[90,   150] loss: 0.146
[90,   160] loss: 0.185
[90,   170] loss: 0.147
[90,   180] loss: 0.211
[90,   190] loss: 0.169
[90,   200] loss: 0.135
[90,   210] loss: 0.143
[90,   220] loss: 0.115
[90,   230] loss: 0.140
[90,   240] loss: 0.108
[90,   250] loss: 0.179
[90,   260] loss: 0.137
[90,   270] loss: 0.171
[90,   280] loss: 0.198
[90,   290] loss: 0.158
[90,   300] loss: 0.155
[90,   310] loss: 0.175
[90,   320] loss: 0.163
[90,   330] loss: 0.161
[90,   340] loss: 0.182
[90,   350] loss: 0.152
[90,   360] loss: 0.153
[90,   370] loss: 0.203
[90,   380] loss: 0.184
[90,   390] loss: 0.252
[90,   400] loss: 0.126
VALIDATION loss: 0.2762855887413025
[91,    10] loss: 0.117
[91,    20] loss: 0.175
[91,    30] loss: 0.209
[91,    40] loss: 0.145
[91,    50] loss: 0.162
[91,    60] loss: 0.181
[91,    70] loss: 0.157
[91,    80] loss: 0.150
[91,    90] loss: 0.161
[91,   100] loss: 0.163
[91,   110] loss: 0.177
[91,   120] loss: 0.106
[91,   130] loss: 0.150
[91,   140] loss: 0.153
[91,   150] loss: 0.150
[91,   160] loss: 0.173
[91,   170] loss: 0.150
[91,   180] loss: 0.159
[91,   190] loss: 0.160
[91,   200] loss: 0.180
[91,   210] loss: 0.148
[91,   220] loss: 0.237
[91,   230] loss: 0.145
[91,   240] loss: 0.171
[91,   250] loss: 0.140
[91,   260] loss: 0.194
[91,   270] loss: 0.162
[91,   280] loss: 0.163
[91,   290] loss: 0.163
[91,   300] loss: 0.158
[91,   310] loss: 0.118
[91,   320] loss: 0.124
[91,   330] loss: 0.153
[91,   340] loss: 0.167
[91,   350] loss: 0.123
[91,   360] loss: 0.153
[91,   370] loss: 0.175
[91,   380] loss: 0.153
[91,   390] loss: 0.142
[91,   400] loss: 0.155
VALIDATION loss: 0.21355655789375305
[92,    10] loss: 0.126
[92,    20] loss: 0.203
[92,    30] loss: 0.125
[92,    40] loss: 0.103
[92,    50] loss: 0.111
[92,    60] loss: 0.140
[92,    70] loss: 0.184
[92,    80] loss: 0.194
[92,    90] loss: 0.184
[92,   100] loss: 0.142
[92,   110] loss: 0.187
[92,   120] loss: 0.198
[92,   130] loss: 0.157
[92,   140] loss: 0.155
[92,   150] loss: 0.125
[92,   160] loss: 0.174
[92,   170] loss: 0.182
[92,   180] loss: 0.126
[92,   190] loss: 0.185
[92,   200] loss: 0.130
[92,   210] loss: 0.139
[92,   220] loss: 0.195
[92,   230] loss: 0.119
[92,   240] loss: 0.131
[92,   250] loss: 0.163
[92,   260] loss: 0.125
[92,   270] loss: 0.161
[92,   280] loss: 0.149
[92,   290] loss: 0.169
[92,   300] loss: 0.188
[92,   310] loss: 0.124
[92,   320] loss: 0.176
[92,   330] loss: 0.223
[92,   340] loss: 0.119
[92,   350] loss: 0.168
[92,   360] loss: 0.145
[92,   370] loss: 0.191
[92,   380] loss: 0.149
[92,   390] loss: 0.181
[92,   400] loss: 0.176
VALIDATION loss: 0.1720222681760788
[93,    10] loss: 0.169
[93,    20] loss: 0.182
[93,    30] loss: 0.172
[93,    40] loss: 0.162
[93,    50] loss: 0.140
[93,    60] loss: 0.171
[93,    70] loss: 0.158
[93,    80] loss: 0.125
[93,    90] loss: 0.199
[93,   100] loss: 0.188
[93,   110] loss: 0.150
[93,   120] loss: 0.161
[93,   130] loss: 0.163
[93,   140] loss: 0.164
[93,   150] loss: 0.165
[93,   160] loss: 0.148
[93,   170] loss: 0.167
[93,   180] loss: 0.148
[93,   190] loss: 0.162
[93,   200] loss: 0.157
[93,   210] loss: 0.165
[93,   220] loss: 0.189
[93,   230] loss: 0.175
[93,   240] loss: 0.147
[93,   250] loss: 0.160
[93,   260] loss: 0.150
[93,   270] loss: 0.147
[93,   280] loss: 0.128
[93,   290] loss: 0.124
[93,   300] loss: 0.171
[93,   310] loss: 0.171
[93,   320] loss: 0.152
[93,   330] loss: 0.148
[93,   340] loss: 0.145
[93,   350] loss: 0.146
[93,   360] loss: 0.150
[93,   370] loss: 0.169
[93,   380] loss: 0.163
[93,   390] loss: 0.176
[93,   400] loss: 0.116
VALIDATION loss: 0.24785852432250977
[94,    10] loss: 0.222
[94,    20] loss: 0.171
[94,    30] loss: 0.143
[94,    40] loss: 0.169
[94,    50] loss: 0.143
[94,    60] loss: 0.156
[94,    70] loss: 0.121
[94,    80] loss: 0.201
[94,    90] loss: 0.215
[94,   100] loss: 0.170
[94,   110] loss: 0.139
[94,   120] loss: 0.191
[94,   130] loss: 0.144
[94,   140] loss: 0.141
[94,   150] loss: 0.148
[94,   160] loss: 0.160
[94,   170] loss: 0.147
[94,   180] loss: 0.145
[94,   190] loss: 0.152
[94,   200] loss: 0.168
[94,   210] loss: 0.136
[94,   220] loss: 0.147
[94,   230] loss: 0.146
[94,   240] loss: 0.152
[94,   250] loss: 0.190
[94,   260] loss: 0.127
[94,   270] loss: 0.150
[94,   280] loss: 0.134
[94,   290] loss: 0.205
[94,   300] loss: 0.116
[94,   310] loss: 0.163
[94,   320] loss: 0.162
[94,   330] loss: 0.141
[94,   340] loss: 0.174
[94,   350] loss: 0.171
[94,   360] loss: 0.192
[94,   370] loss: 0.151
[94,   380] loss: 0.171
[94,   390] loss: 0.167
[94,   400] loss: 0.187
VALIDATION loss: 0.20103073120117188
[95,    10] loss: 0.151
[95,    20] loss: 0.131
[95,    30] loss: 0.139
[95,    40] loss: 0.152
[95,    50] loss: 0.149
[95,    60] loss: 0.162
[95,    70] loss: 0.122
[95,    80] loss: 0.174
[95,    90] loss: 0.162
[95,   100] loss: 0.162
[95,   110] loss: 0.119
[95,   120] loss: 0.152
[95,   130] loss: 0.163
[95,   140] loss: 0.200
[95,   150] loss: 0.133
[95,   160] loss: 0.159
[95,   170] loss: 0.174
[95,   180] loss: 0.167
[95,   190] loss: 0.141
[95,   200] loss: 0.213
[95,   210] loss: 0.177
[95,   220] loss: 0.167
[95,   230] loss: 0.133
[95,   240] loss: 0.156
[95,   250] loss: 0.182
[95,   260] loss: 0.153
[95,   270] loss: 0.159
[95,   280] loss: 0.128
[95,   290] loss: 0.106
[95,   300] loss: 0.157
[95,   310] loss: 0.155
[95,   320] loss: 0.131
[95,   330] loss: 0.180
[95,   340] loss: 0.143
[95,   350] loss: 0.159
[95,   360] loss: 0.184
[95,   370] loss: 0.183
[95,   380] loss: 0.154
[95,   390] loss: 0.170
[95,   400] loss: 0.188
VALIDATION loss: 0.20180590450763702
[96,    10] loss: 0.160
[96,    20] loss: 0.180
[96,    30] loss: 0.146
[96,    40] loss: 0.142
[96,    50] loss: 0.165
[96,    60] loss: 0.161
[96,    70] loss: 0.195
[96,    80] loss: 0.144
[96,    90] loss: 0.158
[96,   100] loss: 0.149
[96,   110] loss: 0.152
[96,   120] loss: 0.170
[96,   130] loss: 0.137
[96,   140] loss: 0.122
[96,   150] loss: 0.150
[96,   160] loss: 0.145
[96,   170] loss: 0.192
[96,   180] loss: 0.121
[96,   190] loss: 0.131
[96,   200] loss: 0.179
[96,   210] loss: 0.155
[96,   220] loss: 0.168
[96,   230] loss: 0.188
[96,   240] loss: 0.132
[96,   250] loss: 0.118
[96,   260] loss: 0.192
[96,   270] loss: 0.142
[96,   280] loss: 0.138
[96,   290] loss: 0.171
[96,   300] loss: 0.139
[96,   310] loss: 0.170
[96,   320] loss: 0.158
[96,   330] loss: 0.146
[96,   340] loss: 0.160
[96,   350] loss: 0.149
[96,   360] loss: 0.149
[96,   370] loss: 0.156
[96,   380] loss: 0.145
[96,   390] loss: 0.164
[96,   400] loss: 0.144
VALIDATION loss: 0.1749534010887146
[97,    10] loss: 0.191
[97,    20] loss: 0.110
[97,    30] loss: 0.147
[97,    40] loss: 0.153
[97,    50] loss: 0.125
[97,    60] loss: 0.142
[97,    70] loss: 0.136
[97,    80] loss: 0.135
[97,    90] loss: 0.160
[97,   100] loss: 0.166
[97,   110] loss: 0.179
[97,   120] loss: 0.188
[97,   130] loss: 0.153
[97,   140] loss: 0.143
[97,   150] loss: 0.162
[97,   160] loss: 0.193
[97,   170] loss: 0.167
[97,   180] loss: 0.142
[97,   190] loss: 0.126
[97,   200] loss: 0.159
[97,   210] loss: 0.127
[97,   220] loss: 0.147
[97,   230] loss: 0.182
[97,   240] loss: 0.206
[97,   250] loss: 0.149
[97,   260] loss: 0.136
[97,   270] loss: 0.144
[97,   280] loss: 0.187
[97,   290] loss: 0.170
[97,   300] loss: 0.160
[97,   310] loss: 0.164
[97,   320] loss: 0.162
[97,   330] loss: 0.129
[97,   340] loss: 0.169
[97,   350] loss: 0.139
[97,   360] loss: 0.144
[97,   370] loss: 0.178
[97,   380] loss: 0.143
[97,   390] loss: 0.173
[97,   400] loss: 0.175
VALIDATION loss: 0.16362954676151276
[98,    10] loss: 0.120
[98,    20] loss: 0.193
[98,    30] loss: 0.149
[98,    40] loss: 0.152
[98,    50] loss: 0.096
[98,    60] loss: 0.138
[98,    70] loss: 0.127
[98,    80] loss: 0.137
[98,    90] loss: 0.082
[98,   100] loss: 0.110
[98,   110] loss: 0.169
[98,   120] loss: 0.154
[98,   130] loss: 0.184
[98,   140] loss: 0.151
[98,   150] loss: 0.162
[98,   160] loss: 0.163
[98,   170] loss: 0.162
[98,   180] loss: 0.220
[98,   190] loss: 0.148
[98,   200] loss: 0.158
[98,   210] loss: 0.151
[98,   220] loss: 0.140
[98,   230] loss: 0.165
[98,   240] loss: 0.169
[98,   250] loss: 0.184
[98,   260] loss: 0.150
[98,   270] loss: 0.157
[98,   280] loss: 0.155
[98,   290] loss: 0.134
[98,   300] loss: 0.143
[98,   310] loss: 0.182
[98,   320] loss: 0.146
[98,   330] loss: 0.138
[98,   340] loss: 0.168
[98,   350] loss: 0.152
[98,   360] loss: 0.146
[98,   370] loss: 0.168
[98,   380] loss: 0.164
[98,   390] loss: 0.133
[98,   400] loss: 0.193
VALIDATION loss: 0.1695072501897812
[99,    10] loss: 0.135
[99,    20] loss: 0.174
[99,    30] loss: 0.144
[99,    40] loss: 0.169
[99,    50] loss: 0.191
[99,    60] loss: 0.176
[99,    70] loss: 0.199
[99,    80] loss: 0.187
[99,    90] loss: 0.155
[99,   100] loss: 0.125
[99,   110] loss: 0.163
[99,   120] loss: 0.164
[99,   130] loss: 0.182
[99,   140] loss: 0.152
[99,   150] loss: 0.156
[99,   160] loss: 0.168
[99,   170] loss: 0.105
[99,   180] loss: 0.125
[99,   190] loss: 0.140
[99,   200] loss: 0.130
[99,   210] loss: 0.152
[99,   220] loss: 0.136
[99,   230] loss: 0.213
[99,   240] loss: 0.121
[99,   250] loss: 0.130
[99,   260] loss: 0.185
[99,   270] loss: 0.118
[99,   280] loss: 0.151
[99,   290] loss: 0.156
[99,   300] loss: 0.158
[99,   310] loss: 0.153
[99,   320] loss: 0.190
[99,   330] loss: 0.208
[99,   340] loss: 0.119
[99,   350] loss: 0.157
[99,   360] loss: 0.174
[99,   370] loss: 0.137
[99,   380] loss: 0.184
[99,   390] loss: 0.186
[99,   400] loss: 0.137
VALIDATION loss: 0.31591591238975525
[100,    10] loss: 0.134
[100,    20] loss: 0.160
[100,    30] loss: 0.129
[100,    40] loss: 0.148
[100,    50] loss: 0.162
[100,    60] loss: 0.118
[100,    70] loss: 0.136
[100,    80] loss: 0.159
[100,    90] loss: 0.130
[100,   100] loss: 0.158
[100,   110] loss: 0.154
[100,   120] loss: 0.136
[100,   130] loss: 0.165
[100,   140] loss: 0.143
[100,   150] loss: 0.159
[100,   160] loss: 0.170
[100,   170] loss: 0.151
[100,   180] loss: 0.171
[100,   190] loss: 0.215
[100,   200] loss: 0.127
[100,   210] loss: 0.156
[100,   220] loss: 0.153
[100,   230] loss: 0.180
[100,   240] loss: 0.149
[100,   250] loss: 0.174
[100,   260] loss: 0.135
[100,   270] loss: 0.146
[100,   280] loss: 0.141
[100,   290] loss: 0.130
[100,   300] loss: 0.159
[100,   310] loss: 0.128
[100,   320] loss: 0.181
[100,   330] loss: 0.154
[100,   340] loss: 0.159
[100,   350] loss: 0.152
[100,   360] loss: 0.129
[100,   370] loss: 0.128
[100,   380] loss: 0.155
[100,   390] loss: 0.173
[100,   400] loss: 0.164
VALIDATION loss: 0.19333693385124207
Finished !!
Accuracy of the network: 91.40 %
