Collecting dill==0.3.4 (from -r requirements.txt (line 1))
  Using cached https://files.pythonhosted.org/packages/b6/c3/973676ceb86b60835bb3978c6db67a5dc06be6cfdbd14ef0f5a13e3fc9fd/dill-0.3.4-py2.py3-none-any.whl
Requirement already satisfied: laplace==0.1 in /zhome/45/c/128687/.local/lib/python3.6/site-packages (from -r requirements.txt (line 2))
Collecting matplotlib==3.4.0 (from -r requirements.txt (line 3))
Small: 0
Transform: 1
MaxPool: 1
Running GPU.
[1,    10] loss: 1.882
[1,    20] loss: 1.756
[1,    30] loss: 1.689
[1,    40] loss: 1.662
[1,    50] loss: 1.592
[1,    60] loss: 1.604
[1,    70] loss: 1.621
[1,    80] loss: 1.547
[1,    90] loss: 1.599
[1,   100] loss: 1.502
[1,   110] loss: 1.437
[1,   120] loss: 1.424
[1,   130] loss: 1.502
[1,   140] loss: 1.455
[1,   150] loss: 1.452
[1,   160] loss: 1.398
[1,   170] loss: 1.424
[1,   180] loss: 1.448
[1,   190] loss: 1.398
[1,   200] loss: 1.429
[1,   210] loss: 1.421
[1,   220] loss: 1.368
[1,   230] loss: 1.405
[1,   240] loss: 1.401
[1,   250] loss: 1.413
[1,   260] loss: 1.355
[1,   270] loss: 1.394
[1,   280] loss: 1.296
[1,   290] loss: 1.320
[1,   300] loss: 1.344
[1,   310] loss: 1.241
[1,   320] loss: 1.396
[1,   330] loss: 1.339
[1,   340] loss: 1.343
[1,   350] loss: 1.315
[1,   360] loss: 1.241
[1,   370] loss: 1.306
[1,   380] loss: 1.252
[1,   390] loss: 1.299
[1,   400] loss: 1.305
VALIDATION loss: 1.256057858467102
[2,    10] loss: 1.314
[2,    20] loss: 1.272
[2,    30] loss: 1.255
[2,    40] loss: 1.230
[2,    50] loss: 1.235
[2,    60] loss: 1.258
[2,    70] loss: 1.248
[2,    80] loss: 1.315
[2,    90] loss: 1.206
[2,   100] loss: 1.235
[2,   110] loss: 1.242
[2,   120] loss: 1.199
[2,   130] loss: 1.277
[2,   140] loss: 1.189
[2,   150] loss: 1.160
[2,   160] loss: 1.192
[2,   170] loss: 1.230
[2,   180] loss: 1.130
[2,   190] loss: 1.136
[2,   200] loss: 1.207
[2,   210] loss: 1.198
[2,   220] loss: 1.215
[2,   230] loss: 1.188
[2,   240] loss: 1.168
[2,   250] loss: 1.063
[2,   260] loss: 1.178
[2,   270] loss: 1.148
[2,   280] loss: 1.172
[2,   290] loss: 1.208
[2,   300] loss: 1.133
[2,   310] loss: 1.128
[2,   320] loss: 1.163
[2,   330] loss: 1.122
[2,   340] loss: 1.192
[2,   350] loss: 1.094
[2,   360] loss: 1.134
[2,   370] loss: 1.122
[2,   380] loss: 1.073
[2,   390] loss: 1.080
[2,   400] loss: 1.107
VALIDATION loss: 1.324637532234192
[3,    10] loss: 1.203
[3,    20] loss: 1.139
[3,    30] loss: 1.032
[3,    40] loss: 1.061
[3,    50] loss: 1.093
[3,    60] loss: 1.020
[3,    70] loss: 1.101
[3,    80] loss: 0.970
[3,    90] loss: 1.140
[3,   100] loss: 1.089
[3,   110] loss: 1.099
[3,   120] loss: 1.015
[3,   130] loss: 0.921
[3,   140] loss: 1.024
[3,   150] loss: 1.044
[3,   160] loss: 1.051
[3,   170] loss: 1.092
[3,   180] loss: 1.072
[3,   190] loss: 1.085
[3,   200] loss: 1.023
[3,   210] loss: 1.052
[3,   220] loss: 1.071
[3,   230] loss: 0.991
[3,   240] loss: 0.980
[3,   250] loss: 1.031
[3,   260] loss: 1.057
[3,   270] loss: 0.986
[3,   280] loss: 0.977
[3,   290] loss: 0.990
[3,   300] loss: 1.016
[3,   310] loss: 1.040
[3,   320] loss: 0.964
[3,   330] loss: 0.980
[3,   340] loss: 1.025
[3,   350] loss: 0.968
[3,   360] loss: 1.042
[3,   370] loss: 1.086
[3,   380] loss: 0.972
[3,   390] loss: 0.963
[3,   400] loss: 0.928
VALIDATION loss: 1.0310324430465698
[4,    10] loss: 1.048
[4,    20] loss: 0.994
[4,    30] loss: 0.945
[4,    40] loss: 1.095
[4,    50] loss: 1.034
[4,    60] loss: 0.955
[4,    70] loss: 0.983
[4,    80] loss: 1.024
[4,    90] loss: 1.073
[4,   100] loss: 0.907
[4,   110] loss: 0.912
[4,   120] loss: 0.990
[4,   130] loss: 0.958
[4,   140] loss: 0.891
[4,   150] loss: 0.986
[4,   160] loss: 0.899
[4,   170] loss: 0.991
[4,   180] loss: 0.968
[4,   190] loss: 0.997
[4,   200] loss: 0.974
[4,   210] loss: 0.914
[4,   220] loss: 0.857
[4,   230] loss: 0.884
[4,   240] loss: 0.936
[4,   250] loss: 0.875
[4,   260] loss: 0.833
[4,   270] loss: 0.973
[4,   280] loss: 0.953
[4,   290] loss: 0.851
[4,   300] loss: 0.856
[4,   310] loss: 1.012
[4,   320] loss: 0.994
[4,   330] loss: 0.874
[4,   340] loss: 0.848
[4,   350] loss: 0.881
[4,   360] loss: 0.910
[4,   370] loss: 0.835
[4,   380] loss: 0.888
[4,   390] loss: 0.888
[4,   400] loss: 0.843
VALIDATION loss: 5.1816935539245605
[5,    10] loss: 0.982
[5,    20] loss: 0.951
[5,    30] loss: 0.845
[5,    40] loss: 0.954
[5,    50] loss: 0.860
[5,    60] loss: 0.863
[5,    70] loss: 0.814
[5,    80] loss: 0.871
[5,    90] loss: 0.921
[5,   100] loss: 0.894
[5,   110] loss: 0.833
[5,   120] loss: 0.845
[5,   130] loss: 0.869
[5,   140] loss: 0.786
[5,   150] loss: 0.933
[5,   160] loss: 0.919
[5,   170] loss: 0.905
[5,   180] loss: 0.727
[5,   190] loss: 0.796
[5,   200] loss: 0.827
[5,   210] loss: 0.841
[5,   220] loss: 0.947
[5,   230] loss: 0.950
[5,   240] loss: 0.790
[5,   250] loss: 0.869
[5,   260] loss: 0.852
[5,   270] loss: 0.812
[5,   280] loss: 0.873
[5,   290] loss: 0.919
[5,   300] loss: 0.837
[5,   310] loss: 0.772
[5,   320] loss: 0.778
[5,   330] loss: 0.838
[5,   340] loss: 0.836
[5,   350] loss: 0.641
[5,   360] loss: 0.858
[5,   370] loss: 0.861
[5,   380] loss: 0.863
[5,   390] loss: 0.842
[5,   400] loss: 0.937
VALIDATION loss: 3.372131586074829
[6,    10] loss: 0.785
[6,    20] loss: 0.850
[6,    30] loss: 0.889
[6,    40] loss: 0.749
[6,    50] loss: 0.882
[6,    60] loss: 0.776
[6,    70] loss: 0.802
[6,    80] loss: 0.894
[6,    90] loss: 0.824
[6,   100] loss: 0.888
[6,   110] loss: 0.772
[6,   120] loss: 0.844
[6,   130] loss: 0.868
[6,   140] loss: 0.838
[6,   150] loss: 0.894
[6,   160] loss: 0.863
[6,   170] loss: 0.775
[6,   180] loss: 0.853
[6,   190] loss: 0.818
[6,   200] loss: 0.770
[6,   210] loss: 0.772
[6,   220] loss: 0.885
[6,   230] loss: 0.725
[6,   240] loss: 0.786
[6,   250] loss: 0.706
[6,   260] loss: 0.820
[6,   270] loss: 0.771
[6,   280] loss: 0.845
[6,   290] loss: 0.778
[6,   300] loss: 0.739
[6,   310] loss: 0.688
[6,   320] loss: 0.676
[6,   330] loss: 0.665
[6,   340] loss: 0.848
[6,   350] loss: 0.878
[6,   360] loss: 0.738
[6,   370] loss: 0.861
[6,   380] loss: 0.856
[6,   390] loss: 0.837
[6,   400] loss: 0.706
VALIDATION loss: 1.2893919944763184
[7,    10] loss: 0.806
[7,    20] loss: 0.766
[7,    30] loss: 0.848
[7,    40] loss: 0.785
[7,    50] loss: 0.829
[7,    60] loss: 0.732
[7,    70] loss: 0.652
[7,    80] loss: 0.782
[7,    90] loss: 0.762
[7,   100] loss: 0.778
[7,   110] loss: 0.804
[7,   120] loss: 0.840
[7,   130] loss: 0.759
[7,   140] loss: 0.821
[7,   150] loss: 0.786
[7,   160] loss: 0.753
[7,   170] loss: 0.695
[7,   180] loss: 0.673
[7,   190] loss: 0.828
[7,   200] loss: 0.727
[7,   210] loss: 0.657
[7,   220] loss: 0.589
[7,   230] loss: 0.814
[7,   240] loss: 0.757
[7,   250] loss: 0.744
[7,   260] loss: 0.811
[7,   270] loss: 0.708
[7,   280] loss: 0.790
[7,   290] loss: 0.857
[7,   300] loss: 0.767
[7,   310] loss: 0.749
[7,   320] loss: 0.746
[7,   330] loss: 0.745
[7,   340] loss: 0.673
[7,   350] loss: 0.738
[7,   360] loss: 0.692
[7,   370] loss: 0.709
[7,   380] loss: 0.669
[7,   390] loss: 0.716
[7,   400] loss: 0.662
VALIDATION loss: 1.0630227327346802
[8,    10] loss: 0.733
[8,    20] loss: 0.689
[8,    30] loss: 0.714
[8,    40] loss: 0.788
[8,    50] loss: 0.659
[8,    60] loss: 0.718
[8,    70] loss: 0.690
[8,    80] loss: 0.660
[8,    90] loss: 0.695
[8,   100] loss: 0.670
[8,   110] loss: 0.693
[8,   120] loss: 0.675
[8,   130] loss: 0.759
[8,   140] loss: 0.660
[8,   150] loss: 0.745
[8,   160] loss: 0.715
[8,   170] loss: 0.637
[8,   180] loss: 0.753
[8,   190] loss: 0.702
[8,   200] loss: 0.642
[8,   210] loss: 0.683
[8,   220] loss: 0.599
[8,   230] loss: 0.657
[8,   240] loss: 0.597
[8,   250] loss: 0.637
[8,   260] loss: 0.731
[8,   270] loss: 0.768
[8,   280] loss: 0.754
[8,   290] loss: 0.682
[8,   300] loss: 0.673
[8,   310] loss: 0.709
[8,   320] loss: 0.730
[8,   330] loss: 0.752
[8,   340] loss: 0.677
[8,   350] loss: 0.691
[8,   360] loss: 0.705
[8,   370] loss: 0.709
[8,   380] loss: 0.717
[8,   390] loss: 0.625
[8,   400] loss: 0.723
VALIDATION loss: 1.429663896560669
[9,    10] loss: 0.679
[9,    20] loss: 0.741
[9,    30] loss: 0.644
[9,    40] loss: 0.643
[9,    50] loss: 0.662
[9,    60] loss: 0.635
[9,    70] loss: 0.620
[9,    80] loss: 0.641
[9,    90] loss: 0.640
[9,   100] loss: 0.567
[9,   110] loss: 0.554
[9,   120] loss: 0.650
[9,   130] loss: 0.731
[9,   140] loss: 0.730
[9,   150] loss: 0.640
[9,   160] loss: 0.620
[9,   170] loss: 0.727
[9,   180] loss: 0.702
[9,   190] loss: 0.729
[9,   200] loss: 0.642
[9,   210] loss: 0.777
[9,   220] loss: 0.607
[9,   230] loss: 0.634
[9,   240] loss: 0.659
[9,   250] loss: 0.620
[9,   260] loss: 0.581
[9,   270] loss: 0.660
[9,   280] loss: 0.604
[9,   290] loss: 0.590
[9,   300] loss: 0.584
[9,   310] loss: 0.694
[9,   320] loss: 0.627
[9,   330] loss: 0.702
[9,   340] loss: 0.678
[9,   350] loss: 0.658
[9,   360] loss: 0.757
[9,   370] loss: 0.773
[9,   380] loss: 0.783
[9,   390] loss: 0.575
[9,   400] loss: 0.651
VALIDATION loss: 3.102735996246338
[10,    10] loss: 0.614
[10,    20] loss: 0.640
[10,    30] loss: 0.600
[10,    40] loss: 0.603
[10,    50] loss: 0.604
[10,    60] loss: 0.717
[10,    70] loss: 0.596
[10,    80] loss: 0.590
[10,    90] loss: 0.614
[10,   100] loss: 0.574
[10,   110] loss: 0.610
[10,   120] loss: 0.677
[10,   130] loss: 0.640
[10,   140] loss: 0.671
[10,   150] loss: 0.584
[10,   160] loss: 0.639
[10,   170] loss: 0.536
[10,   180] loss: 0.598
[10,   190] loss: 0.638
[10,   200] loss: 0.638
[10,   210] loss: 0.728
[10,   220] loss: 0.645
[10,   230] loss: 0.630
[10,   240] loss: 0.698
[10,   250] loss: 0.620
[10,   260] loss: 0.658
[10,   270] loss: 0.633
[10,   280] loss: 0.550
[10,   290] loss: 0.632
[10,   300] loss: 0.645
[10,   310] loss: 0.566
[10,   320] loss: 0.649
[10,   330] loss: 0.669
[10,   340] loss: 0.680
[10,   350] loss: 0.568
[10,   360] loss: 0.673
[10,   370] loss: 0.570
[10,   380] loss: 0.607
[10,   390] loss: 0.632
[10,   400] loss: 0.544
VALIDATION loss: 1.133685827255249
[11,    10] loss: 0.584
[11,    20] loss: 0.567
[11,    30] loss: 0.598
[11,    40] loss: 0.674
[11,    50] loss: 0.639
[11,    60] loss: 0.557
[11,    70] loss: 0.436
[11,    80] loss: 0.563
[11,    90] loss: 0.689
[11,   100] loss: 0.589
[11,   110] loss: 0.640
[11,   120] loss: 0.553
[11,   130] loss: 0.627
[11,   140] loss: 0.634
[11,   150] loss: 0.528
[11,   160] loss: 0.623
[11,   170] loss: 0.593
[11,   180] loss: 0.586
[11,   190] loss: 0.683
[11,   200] loss: 0.640
[11,   210] loss: 0.618
[11,   220] loss: 0.537
[11,   230] loss: 0.566
[11,   240] loss: 0.755
[11,   250] loss: 0.574
[11,   260] loss: 0.624
[11,   270] loss: 0.524
[11,   280] loss: 0.556
[11,   290] loss: 0.582
[11,   300] loss: 0.606
[11,   310] loss: 0.493
[11,   320] loss: 0.679
[11,   330] loss: 0.624
[11,   340] loss: 0.615
[11,   350] loss: 0.594
[11,   360] loss: 0.604
[11,   370] loss: 0.633
[11,   380] loss: 0.689
[11,   390] loss: 0.608
[11,   400] loss: 0.609
VALIDATION loss: 0.9929971098899841
[12,    10] loss: 0.624
[12,    20] loss: 0.506
[12,    30] loss: 0.575
[12,    40] loss: 0.586
[12,    50] loss: 0.583
[12,    60] loss: 0.626
[12,    70] loss: 0.589
[12,    80] loss: 0.607
[12,    90] loss: 0.552
[12,   100] loss: 0.523
[12,   110] loss: 0.580
[12,   120] loss: 0.518
[12,   130] loss: 0.627
[12,   140] loss: 0.594
[12,   150] loss: 0.606
[12,   160] loss: 0.513
[12,   170] loss: 0.565
[12,   180] loss: 0.637
[12,   190] loss: 0.606
[12,   200] loss: 0.706
[12,   210] loss: 0.561
[12,   220] loss: 0.527
[12,   230] loss: 0.573
[12,   240] loss: 0.539
[12,   250] loss: 0.536
[12,   260] loss: 0.558
[12,   270] loss: 0.632
[12,   280] loss: 0.601
[12,   290] loss: 0.552
[12,   300] loss: 0.520
[12,   310] loss: 0.637
[12,   320] loss: 0.580
[12,   330] loss: 0.485
[12,   340] loss: 0.582
[12,   350] loss: 0.613
[12,   360] loss: 0.547
[12,   370] loss: 0.586
[12,   380] loss: 0.562
[12,   390] loss: 0.539
[12,   400] loss: 0.571
VALIDATION loss: 0.5282406210899353
[13,    10] loss: 0.510
[13,    20] loss: 0.487
[13,    30] loss: 0.599
[13,    40] loss: 0.519
[13,    50] loss: 0.505
[13,    60] loss: 0.567
[13,    70] loss: 0.529
[13,    80] loss: 0.614
[13,    90] loss: 0.566
[13,   100] loss: 0.508
[13,   110] loss: 0.494
[13,   120] loss: 0.575
[13,   130] loss: 0.551
[13,   140] loss: 0.615
[13,   150] loss: 0.585
[13,   160] loss: 0.551
[13,   170] loss: 0.521
[13,   180] loss: 0.480
[13,   190] loss: 0.508
[13,   200] loss: 0.565
[13,   210] loss: 0.508
[13,   220] loss: 0.545
[13,   230] loss: 0.601
[13,   240] loss: 0.530
[13,   250] loss: 0.469
[13,   260] loss: 0.537
[13,   270] loss: 0.480
[13,   280] loss: 0.469
[13,   290] loss: 0.586
[13,   300] loss: 0.618
[13,   310] loss: 0.489
[13,   320] loss: 0.535
[13,   330] loss: 0.452
[13,   340] loss: 0.550
[13,   350] loss: 0.426
[13,   360] loss: 0.553
[13,   370] loss: 0.593
[13,   380] loss: 0.467
[13,   390] loss: 0.537
[13,   400] loss: 0.538
VALIDATION loss: 0.7290664315223694
[14,    10] loss: 0.623
[14,    20] loss: 0.493
[14,    30] loss: 0.501
[14,    40] loss: 0.508
[14,    50] loss: 0.513
[14,    60] loss: 0.487
[14,    70] loss: 0.527
[14,    80] loss: 0.479
[14,    90] loss: 0.464
[14,   100] loss: 0.503
[14,   110] loss: 0.493
[14,   120] loss: 0.494
[14,   130] loss: 0.485
[14,   140] loss: 0.566
[14,   150] loss: 0.552
[14,   160] loss: 0.532
[14,   170] loss: 0.502
[14,   180] loss: 0.602
[14,   190] loss: 0.573
[14,   200] loss: 0.499
[14,   210] loss: 0.564
[14,   220] loss: 0.559
[14,   230] loss: 0.458
[14,   240] loss: 0.525
[14,   250] loss: 0.522
[14,   260] loss: 0.546
[14,   270] loss: 0.494
[14,   280] loss: 0.548
[14,   290] loss: 0.590
[14,   300] loss: 0.519
[14,   310] loss: 0.516
[14,   320] loss: 0.458
[14,   330] loss: 0.470
[14,   340] loss: 0.533
[14,   350] loss: 0.537
[14,   360] loss: 0.543
[14,   370] loss: 0.580
[14,   380] loss: 0.609
[14,   390] loss: 0.522
[14,   400] loss: 0.482
VALIDATION loss: 0.4359164237976074
[15,    10] loss: 0.509
[15,    20] loss: 0.497
[15,    30] loss: 0.396
[15,    40] loss: 0.505
[15,    50] loss: 0.537
[15,    60] loss: 0.550
[15,    70] loss: 0.477
[15,    80] loss: 0.681
[15,    90] loss: 0.524
[15,   100] loss: 0.514
[15,   110] loss: 0.432
[15,   120] loss: 0.511
[15,   130] loss: 0.532
[15,   140] loss: 0.475
[15,   150] loss: 0.440
[15,   160] loss: 0.560
[15,   170] loss: 0.492
[15,   180] loss: 0.547
[15,   190] loss: 0.580
[15,   200] loss: 0.550
[15,   210] loss: 0.551
[15,   220] loss: 0.473
[15,   230] loss: 0.493
[15,   240] loss: 0.484
[15,   250] loss: 0.518
[15,   260] loss: 0.490
[15,   270] loss: 0.569
[15,   280] loss: 0.501
[15,   290] loss: 0.461
[15,   300] loss: 0.498
[15,   310] loss: 0.556
[15,   320] loss: 0.450
[15,   330] loss: 0.438
[15,   340] loss: 0.489
[15,   350] loss: 0.552
[15,   360] loss: 0.449
[15,   370] loss: 0.482
[15,   380] loss: 0.454
[15,   390] loss: 0.552
[15,   400] loss: 0.425
VALIDATION loss: 0.9456730484962463
[16,    10] loss: 0.491
[16,    20] loss: 0.519
[16,    30] loss: 0.470
[16,    40] loss: 0.441
[16,    50] loss: 0.536
[16,    60] loss: 0.434
[16,    70] loss: 0.423
[16,    80] loss: 0.413
[16,    90] loss: 0.448
[16,   100] loss: 0.471
[16,   110] loss: 0.533
[16,   120] loss: 0.541
[16,   130] loss: 0.534
[16,   140] loss: 0.411
[16,   150] loss: 0.515
[16,   160] loss: 0.564
[16,   170] loss: 0.652
[16,   180] loss: 0.519
[16,   190] loss: 0.539
[16,   200] loss: 0.552
[16,   210] loss: 0.452
[16,   220] loss: 0.513
[16,   230] loss: 0.485
[16,   240] loss: 0.494
[16,   250] loss: 0.509
[16,   260] loss: 0.496
[16,   270] loss: 0.379
[16,   280] loss: 0.421
[16,   290] loss: 0.486
[16,   300] loss: 0.552
[16,   310] loss: 0.511
[16,   320] loss: 0.489
[16,   330] loss: 0.386
[16,   340] loss: 0.507
[16,   350] loss: 0.445
[16,   360] loss: 0.436
[16,   370] loss: 0.446
[16,   380] loss: 0.513
[16,   390] loss: 0.505
[16,   400] loss: 0.558
VALIDATION loss: 0.6366426944732666
[17,    10] loss: 0.418
[17,    20] loss: 0.520
[17,    30] loss: 0.509
[17,    40] loss: 0.408
[17,    50] loss: 0.471
[17,    60] loss: 0.488
[17,    70] loss: 0.481
[17,    80] loss: 0.492
[17,    90] loss: 0.520
[17,   100] loss: 0.480
[17,   110] loss: 0.447
[17,   120] loss: 0.499
[17,   130] loss: 0.404
[17,   140] loss: 0.464
[17,   150] loss: 0.503
[17,   160] loss: 0.525
[17,   170] loss: 0.448
[17,   180] loss: 0.448
[17,   190] loss: 0.566
[17,   200] loss: 0.463
[17,   210] loss: 0.477
[17,   220] loss: 0.474
[17,   230] loss: 0.575
[17,   240] loss: 0.515
[17,   250] loss: 0.458
[17,   260] loss: 0.404
[17,   270] loss: 0.460
[17,   280] loss: 0.415
[17,   290] loss: 0.512
[17,   300] loss: 0.414
[17,   310] loss: 0.421
[17,   320] loss: 0.410
[17,   330] loss: 0.443
[17,   340] loss: 0.388
[17,   350] loss: 0.542
[17,   360] loss: 0.419
[17,   370] loss: 0.450
[17,   380] loss: 0.438
[17,   390] loss: 0.418
[17,   400] loss: 0.444
VALIDATION loss: 4.070913791656494
[18,    10] loss: 0.459
[18,    20] loss: 0.457
[18,    30] loss: 0.420
[18,    40] loss: 0.509
[18,    50] loss: 0.458
[18,    60] loss: 0.448
[18,    70] loss: 0.389
[18,    80] loss: 0.419
[18,    90] loss: 0.421
[18,   100] loss: 0.528
[18,   110] loss: 0.468
[18,   120] loss: 0.429
[18,   130] loss: 0.437
[18,   140] loss: 0.488
[18,   150] loss: 0.419
[18,   160] loss: 0.408
[18,   170] loss: 0.425
[18,   180] loss: 0.392
[18,   190] loss: 0.459
[18,   200] loss: 0.402
[18,   210] loss: 0.464
[18,   220] loss: 0.361
[18,   230] loss: 0.565
[18,   240] loss: 0.494
[18,   250] loss: 0.478
[18,   260] loss: 0.398
[18,   270] loss: 0.451
[18,   280] loss: 0.464
[18,   290] loss: 0.405
[18,   300] loss: 0.447
[18,   310] loss: 0.411
[18,   320] loss: 0.504
[18,   330] loss: 0.397
[18,   340] loss: 0.466
[18,   350] loss: 0.421
[18,   360] loss: 0.442
[18,   370] loss: 0.382
[18,   380] loss: 0.401
[18,   390] loss: 0.413
[18,   400] loss: 0.438
VALIDATION loss: 0.6769420504570007
[19,    10] loss: 0.440
[19,    20] loss: 0.451
[19,    30] loss: 0.407
[19,    40] loss: 0.434
[19,    50] loss: 0.466
[19,    60] loss: 0.452
[19,    70] loss: 0.401
[19,    80] loss: 0.484
[19,    90] loss: 0.440
[19,   100] loss: 0.485
[19,   110] loss: 0.428
[19,   120] loss: 0.437
[19,   130] loss: 0.425
[19,   140] loss: 0.411
[19,   150] loss: 0.388
[19,   160] loss: 0.435
[19,   170] loss: 0.476
[19,   180] loss: 0.410
[19,   190] loss: 0.470
[19,   200] loss: 0.420
[19,   210] loss: 0.402
[19,   220] loss: 0.482
[19,   230] loss: 0.397
[19,   240] loss: 0.410
[19,   250] loss: 0.433
[19,   260] loss: 0.381
[19,   270] loss: 0.449
[19,   280] loss: 0.442
[19,   290] loss: 0.447
[19,   300] loss: 0.401
[19,   310] loss: 0.426
[19,   320] loss: 0.471
[19,   330] loss: 0.388
[19,   340] loss: 0.528
[19,   350] loss: 0.468
[19,   360] loss: 0.494
[19,   370] loss: 0.453
[19,   380] loss: 0.418
[19,   390] loss: 0.485
[19,   400] loss: 0.440
VALIDATION loss: 4.989686965942383
[20,    10] loss: 0.425
[20,    20] loss: 0.418
[20,    30] loss: 0.421
[20,    40] loss: 0.350
[20,    50] loss: 0.404
[20,    60] loss: 0.465
[20,    70] loss: 0.451
[20,    80] loss: 0.457
[20,    90] loss: 0.461
[20,   100] loss: 0.483
[20,   110] loss: 0.372
[20,   120] loss: 0.452
[20,   130] loss: 0.433
[20,   140] loss: 0.453
[20,   150] loss: 0.498
[20,   160] loss: 0.446
[20,   170] loss: 0.398
[20,   180] loss: 0.398
[20,   190] loss: 0.426
[20,   200] loss: 0.383
[20,   210] loss: 0.401
[20,   220] loss: 0.403
[20,   230] loss: 0.451
[20,   240] loss: 0.368
[20,   250] loss: 0.459
[20,   260] loss: 0.386
[20,   270] loss: 0.398
[20,   280] loss: 0.433
[20,   290] loss: 0.479
[20,   300] loss: 0.451
[20,   310] loss: 0.352
[20,   320] loss: 0.400
[20,   330] loss: 0.406
[20,   340] loss: 0.387
[20,   350] loss: 0.475
[20,   360] loss: 0.410
[20,   370] loss: 0.410
[20,   380] loss: 0.342
[20,   390] loss: 0.395
[20,   400] loss: 0.437
VALIDATION loss: 3.265716075897217
[21,    10] loss: 0.458
[21,    20] loss: 0.481
[21,    30] loss: 0.429
[21,    40] loss: 0.427
[21,    50] loss: 0.365
[21,    60] loss: 0.424
[21,    70] loss: 0.432
[21,    80] loss: 0.432
[21,    90] loss: 0.487
[21,   100] loss: 0.373
[21,   110] loss: 0.452
[21,   120] loss: 0.381
[21,   130] loss: 0.408
[21,   140] loss: 0.388
[21,   150] loss: 0.407
[21,   160] loss: 0.397
[21,   170] loss: 0.328
[21,   180] loss: 0.377
[21,   190] loss: 0.383
[21,   200] loss: 0.439
[21,   210] loss: 0.386
[21,   220] loss: 0.401
[21,   230] loss: 0.521
[21,   240] loss: 0.326
[21,   250] loss: 0.449
[21,   260] loss: 0.403
[21,   270] loss: 0.420
[21,   280] loss: 0.454
[21,   290] loss: 0.367
[21,   300] loss: 0.420
[21,   310] loss: 0.426
[21,   320] loss: 0.455
[21,   330] loss: 0.419
[21,   340] loss: 0.394
[21,   350] loss: 0.357
[21,   360] loss: 0.459
[21,   370] loss: 0.447
[21,   380] loss: 0.384
[21,   390] loss: 0.356
[21,   400] loss: 0.403
VALIDATION loss: 0.3786858320236206
[22,    10] loss: 0.389
[22,    20] loss: 0.462
[22,    30] loss: 0.335
[22,    40] loss: 0.378
[22,    50] loss: 0.388
[22,    60] loss: 0.385
[22,    70] loss: 0.455
[22,    80] loss: 0.397
[22,    90] loss: 0.460
[22,   100] loss: 0.352
[22,   110] loss: 0.358
[22,   120] loss: 0.483
[22,   130] loss: 0.425
[22,   140] loss: 0.417
[22,   150] loss: 0.363
[22,   160] loss: 0.398
[22,   170] loss: 0.501
[22,   180] loss: 0.427
[22,   190] loss: 0.387
[22,   200] loss: 0.376
[22,   210] loss: 0.451
[22,   220] loss: 0.416
[22,   230] loss: 0.405
[22,   240] loss: 0.381
[22,   250] loss: 0.391
[22,   260] loss: 0.357
[22,   270] loss: 0.389
[22,   280] loss: 0.352
[22,   290] loss: 0.356
[22,   300] loss: 0.398
[22,   310] loss: 0.453
[22,   320] loss: 0.422
[22,   330] loss: 0.451
[22,   340] loss: 0.293
[22,   350] loss: 0.481
[22,   360] loss: 0.366
[22,   370] loss: 0.389
[22,   380] loss: 0.438
[22,   390] loss: 0.380
[22,   400] loss: 0.353
VALIDATION loss: 1.901025652885437
[23,    10] loss: 0.392
[23,    20] loss: 0.367
[23,    30] loss: 0.342
[23,    40] loss: 0.393
[23,    50] loss: 0.311
[23,    60] loss: 0.473
[23,    70] loss: 0.361
[23,    80] loss: 0.408
[23,    90] loss: 0.362
[23,   100] loss: 0.428
[23,   110] loss: 0.374
[23,   120] loss: 0.397
[23,   130] loss: 0.384
[23,   140] loss: 0.376
[23,   150] loss: 0.437
[23,   160] loss: 0.410
[23,   170] loss: 0.357
[23,   180] loss: 0.389
[23,   190] loss: 0.392
[23,   200] loss: 0.405
[23,   210] loss: 0.411
[23,   220] loss: 0.286
[23,   230] loss: 0.410
[23,   240] loss: 0.383
[23,   250] loss: 0.383
[23,   260] loss: 0.350
[23,   270] loss: 0.406
[23,   280] loss: 0.341
[23,   290] loss: 0.363
[23,   300] loss: 0.361
[23,   310] loss: 0.445
[23,   320] loss: 0.399
[23,   330] loss: 0.399
[23,   340] loss: 0.388
[23,   350] loss: 0.365
[23,   360] loss: 0.369
[23,   370] loss: 0.334
[23,   380] loss: 0.451
[23,   390] loss: 0.344
[23,   400] loss: 0.329
VALIDATION loss: 2.3339834213256836
[24,    10] loss: 0.418
[24,    20] loss: 0.413
[24,    30] loss: 0.437
[24,    40] loss: 0.409
[24,    50] loss: 0.346
[24,    60] loss: 0.315
[24,    70] loss: 0.409
[24,    80] loss: 0.349
[24,    90] loss: 0.340
[24,   100] loss: 0.328
[24,   110] loss: 0.395
[24,   120] loss: 0.402
[24,   130] loss: 0.349
[24,   140] loss: 0.378
[24,   150] loss: 0.372
[24,   160] loss: 0.394
[24,   170] loss: 0.321
[24,   180] loss: 0.327
[24,   190] loss: 0.359
[24,   200] loss: 0.316
[24,   210] loss: 0.439
[24,   220] loss: 0.499
[24,   230] loss: 0.505
[24,   240] loss: 0.412
[24,   250] loss: 0.468
[24,   260] loss: 0.358
[24,   270] loss: 0.387
[24,   280] loss: 0.377
[24,   290] loss: 0.503
[24,   300] loss: 0.406
[24,   310] loss: 0.368
[24,   320] loss: 0.335
[24,   330] loss: 0.376
[24,   340] loss: 0.406
[24,   350] loss: 0.348
[24,   360] loss: 0.353
[24,   370] loss: 0.367
[24,   380] loss: 0.343
[24,   390] loss: 0.320
[24,   400] loss: 0.402
VALIDATION loss: 0.33999359607696533
[25,    10] loss: 0.401
[25,    20] loss: 0.339
[25,    30] loss: 0.342
[25,    40] loss: 0.362
[25,    50] loss: 0.353
[25,    60] loss: 0.384
[25,    70] loss: 0.353
[25,    80] loss: 0.361
[25,    90] loss: 0.390
[25,   100] loss: 0.336
[25,   110] loss: 0.421
[25,   120] loss: 0.377
[25,   130] loss: 0.354
[25,   140] loss: 0.356
[25,   150] loss: 0.343
[25,   160] loss: 0.332
[25,   170] loss: 0.333
[25,   180] loss: 0.416
[25,   190] loss: 0.333
[25,   200] loss: 0.390
[25,   210] loss: 0.354
[25,   220] loss: 0.374
[25,   230] loss: 0.295
[25,   240] loss: 0.374
[25,   250] loss: 0.324
[25,   260] loss: 0.323
[25,   270] loss: 0.399
[25,   280] loss: 0.381
[25,   290] loss: 0.331
[25,   300] loss: 0.332
[25,   310] loss: 0.345
[25,   320] loss: 0.317
[25,   330] loss: 0.456
[25,   340] loss: 0.372
[25,   350] loss: 0.386
[25,   360] loss: 0.359
[25,   370] loss: 0.387
[25,   380] loss: 0.360
[25,   390] loss: 0.325
[25,   400] loss: 0.332
VALIDATION loss: 0.34125345945358276
[26,    10] loss: 0.343
[26,    20] loss: 0.339
[26,    30] loss: 0.382
[26,    40] loss: 0.314
[26,    50] loss: 0.343
[26,    60] loss: 0.359
[26,    70] loss: 0.329
[26,    80] loss: 0.392
[26,    90] loss: 0.385
[26,   100] loss: 0.414
[26,   110] loss: 0.389
[26,   120] loss: 0.337
[26,   130] loss: 0.379
[26,   140] loss: 0.340
[26,   150] loss: 0.347
[26,   160] loss: 0.358
[26,   170] loss: 0.351
[26,   180] loss: 0.386
[26,   190] loss: 0.414
[26,   200] loss: 0.355
[26,   210] loss: 0.295
[26,   220] loss: 0.397
[26,   230] loss: 0.310
[26,   240] loss: 0.297
[26,   250] loss: 0.355
[26,   260] loss: 0.362
[26,   270] loss: 0.397
[26,   280] loss: 0.332
[26,   290] loss: 0.370
[26,   300] loss: 0.339
[26,   310] loss: 0.349
[26,   320] loss: 0.326
[26,   330] loss: 0.333
[26,   340] loss: 0.344
[26,   350] loss: 0.324
[26,   360] loss: 0.301
[26,   370] loss: 0.318
[26,   380] loss: 0.343
[26,   390] loss: 0.350
[26,   400] loss: 0.289
VALIDATION loss: 0.5334939956665039
[27,    10] loss: 0.292
[27,    20] loss: 0.328
[27,    30] loss: 0.376
[27,    40] loss: 0.342
[27,    50] loss: 0.358
[27,    60] loss: 0.329
[27,    70] loss: 0.277
[27,    80] loss: 0.330
[27,    90] loss: 0.320
[27,   100] loss: 0.355
[27,   110] loss: 0.326
[27,   120] loss: 0.331
[27,   130] loss: 0.385
[27,   140] loss: 0.408
[27,   150] loss: 0.391
[27,   160] loss: 0.340
[27,   170] loss: 0.334
[27,   180] loss: 0.400
[27,   190] loss: 0.371
[27,   200] loss: 0.287
[27,   210] loss: 0.331
[27,   220] loss: 0.353
[27,   230] loss: 0.321
[27,   240] loss: 0.335
[27,   250] loss: 0.338
[27,   260] loss: 0.412
[27,   270] loss: 0.340
[27,   280] loss: 0.284
[27,   290] loss: 0.352
[27,   300] loss: 0.334
[27,   310] loss: 0.321
[27,   320] loss: 0.295
[27,   330] loss: 0.301
[27,   340] loss: 0.300
[27,   350] loss: 0.392
[27,   360] loss: 0.353
[27,   370] loss: 0.309
[27,   380] loss: 0.331
[27,   390] loss: 0.275
[27,   400] loss: 0.362
VALIDATION loss: 0.7719930410385132
[28,    10] loss: 0.328
[28,    20] loss: 0.316
[28,    30] loss: 0.342
[28,    40] loss: 0.385
[28,    50] loss: 0.336
[28,    60] loss: 0.381
[28,    70] loss: 0.287
[28,    80] loss: 0.324
[28,    90] loss: 0.333
[28,   100] loss: 0.327
[28,   110] loss: 0.295
[28,   120] loss: 0.333
[28,   130] loss: 0.334
[28,   140] loss: 0.405
[28,   150] loss: 0.268
[28,   160] loss: 0.301
[28,   170] loss: 0.319
[28,   180] loss: 0.319
[28,   190] loss: 0.312
[28,   200] loss: 0.336
[28,   210] loss: 0.368
[28,   220] loss: 0.324
[28,   230] loss: 0.290
[28,   240] loss: 0.410
[28,   250] loss: 0.389
[28,   260] loss: 0.334
[28,   270] loss: 0.336
[28,   280] loss: 0.329
[28,   290] loss: 0.278
[28,   300] loss: 0.302
[28,   310] loss: 0.333
[28,   320] loss: 0.269
[28,   330] loss: 0.357
[28,   340] loss: 0.370
[28,   350] loss: 0.304
[28,   360] loss: 0.304
[28,   370] loss: 0.336
[28,   380] loss: 0.369
[28,   390] loss: 0.349
[28,   400] loss: 0.320
VALIDATION loss: 0.9453287124633789
[29,    10] loss: 0.284
[29,    20] loss: 0.327
[29,    30] loss: 0.342
[29,    40] loss: 0.314
[29,    50] loss: 0.317
[29,    60] loss: 0.325
[29,    70] loss: 0.318
[29,    80] loss: 0.360
[29,    90] loss: 0.338
[29,   100] loss: 0.315
[29,   110] loss: 0.299
[29,   120] loss: 0.298
[29,   130] loss: 0.363
[29,   140] loss: 0.381
[29,   150] loss: 0.376
[29,   160] loss: 0.338
[29,   170] loss: 0.330
[29,   180] loss: 0.357
[29,   190] loss: 0.392
[29,   200] loss: 0.422
[29,   210] loss: 0.343
[29,   220] loss: 0.325
[29,   230] loss: 0.297
[29,   240] loss: 0.334
[29,   250] loss: 0.346
[29,   260] loss: 0.357
[29,   270] loss: 0.319
[29,   280] loss: 0.284
[29,   290] loss: 0.329
[29,   300] loss: 0.317
[29,   310] loss: 0.341
[29,   320] loss: 0.372
[29,   330] loss: 0.347
[29,   340] loss: 0.353
[29,   350] loss: 0.327
[29,   360] loss: 0.351
[29,   370] loss: 0.335
[29,   380] loss: 0.336
[29,   390] loss: 0.321
[29,   400] loss: 0.319
VALIDATION loss: 1.4646574258804321
[30,    10] loss: 0.300
[30,    20] loss: 0.278
[30,    30] loss: 0.297
[30,    40] loss: 0.312
[30,    50] loss: 0.331
[30,    60] loss: 0.283
[30,    70] loss: 0.315
[30,    80] loss: 0.248
[30,    90] loss: 0.345
[30,   100] loss: 0.337
[30,   110] loss: 0.282
[30,   120] loss: 0.315
[30,   130] loss: 0.321
[30,   140] loss: 0.321
[30,   150] loss: 0.360
[30,   160] loss: 0.355
[30,   170] loss: 0.343
[30,   180] loss: 0.269
[30,   190] loss: 0.291
[30,   200] loss: 0.333
[30,   210] loss: 0.320
[30,   220] loss: 0.331
[30,   230] loss: 0.259
[30,   240] loss: 0.349
[30,   250] loss: 0.316
[30,   260] loss: 0.375
[30,   270] loss: 0.308
[30,   280] loss: 0.381
[30,   290] loss: 0.276
[30,   300] loss: 0.417
[30,   310] loss: 0.354
[30,   320] loss: 0.270
[30,   330] loss: 0.339
[30,   340] loss: 0.288
[30,   350] loss: 0.278
[30,   360] loss: 0.307
[30,   370] loss: 0.394
[30,   380] loss: 0.345
[30,   390] loss: 0.363
[30,   400] loss: 0.380
VALIDATION loss: 7.061017036437988
[31,    10] loss: 0.376
[31,    20] loss: 0.333
[31,    30] loss: 0.434
[31,    40] loss: 0.293
[31,    50] loss: 0.289
[31,    60] loss: 0.379
[31,    70] loss: 0.319
[31,    80] loss: 0.294
[31,    90] loss: 0.345
[31,   100] loss: 0.332
[31,   110] loss: 0.320
[31,   120] loss: 0.336
[31,   130] loss: 0.291
[31,   140] loss: 0.334
[31,   150] loss: 0.326
[31,   160] loss: 0.317
[31,   170] loss: 0.353
[31,   180] loss: 0.345
[31,   190] loss: 0.383
[31,   200] loss: 0.314
[31,   210] loss: 0.366
[31,   220] loss: 0.338
[31,   230] loss: 0.346
[31,   240] loss: 0.309
[31,   250] loss: 0.333
[31,   260] loss: 0.346
[31,   270] loss: 0.361
[31,   280] loss: 0.337
[31,   290] loss: 0.312
[31,   300] loss: 0.318
[31,   310] loss: 0.335
[31,   320] loss: 0.365
[31,   330] loss: 0.282
[31,   340] loss: 0.316
[31,   350] loss: 0.361
[31,   360] loss: 0.285
[31,   370] loss: 0.333
[31,   380] loss: 0.324
[31,   390] loss: 0.264
[31,   400] loss: 0.237
VALIDATION loss: 0.29387015104293823
[32,    10] loss: 0.295
[32,    20] loss: 0.291
[32,    30] loss: 0.320
[32,    40] loss: 0.257
[32,    50] loss: 0.332
[32,    60] loss: 0.359
[32,    70] loss: 0.327
[32,    80] loss: 0.286
[32,    90] loss: 0.313
[32,   100] loss: 0.330
[32,   110] loss: 0.325
[32,   120] loss: 0.376
[32,   130] loss: 0.321
[32,   140] loss: 0.325
[32,   150] loss: 0.283
[32,   160] loss: 0.304
[32,   170] loss: 0.317
[32,   180] loss: 0.287
[32,   190] loss: 0.259
[32,   200] loss: 0.341
[32,   210] loss: 0.276
[32,   220] loss: 0.304
[32,   230] loss: 0.352
[32,   240] loss: 0.323
[32,   250] loss: 0.323
[32,   260] loss: 0.248
[32,   270] loss: 0.308
[32,   280] loss: 0.309
[32,   290] loss: 0.274
[32,   300] loss: 0.317
[32,   310] loss: 0.343
[32,   320] loss: 0.308
[32,   330] loss: 0.324
[32,   340] loss: 0.287
[32,   350] loss: 0.330
[32,   360] loss: 0.300
[32,   370] loss: 0.296
[32,   380] loss: 0.329
[32,   390] loss: 0.285
[32,   400] loss: 0.269
VALIDATION loss: 1.3035376071929932
[33,    10] loss: 0.243
[33,    20] loss: 0.313
[33,    30] loss: 0.214
[33,    40] loss: 0.297
[33,    50] loss: 0.329
[33,    60] loss: 0.340
[33,    70] loss: 0.273
[33,    80] loss: 0.299
[33,    90] loss: 0.336
[33,   100] loss: 0.262
[33,   110] loss: 0.314
[33,   120] loss: 0.363
[33,   130] loss: 0.269
[33,   140] loss: 0.332
[33,   150] loss: 0.344
[33,   160] loss: 0.235
[33,   170] loss: 0.303
[33,   180] loss: 0.339
[33,   190] loss: 0.326
[33,   200] loss: 0.278
[33,   210] loss: 0.237
[33,   220] loss: 0.284
[33,   230] loss: 0.261
[33,   240] loss: 0.306
[33,   250] loss: 0.306
[33,   260] loss: 0.334
[33,   270] loss: 0.326
[33,   280] loss: 0.418
[33,   290] loss: 0.413
[33,   300] loss: 0.360
[33,   310] loss: 0.342
[33,   320] loss: 0.306
[33,   330] loss: 0.393
[33,   340] loss: 0.320
[33,   350] loss: 0.327
[33,   360] loss: 0.320
[33,   370] loss: 0.315
[33,   380] loss: 0.307
[33,   390] loss: 0.242
[33,   400] loss: 0.371
VALIDATION loss: 3.5038821697235107
[34,    10] loss: 0.316
[34,    20] loss: 0.315
[34,    30] loss: 0.293
[34,    40] loss: 0.283
[34,    50] loss: 0.283
[34,    60] loss: 0.258
[34,    70] loss: 0.287
[34,    80] loss: 0.351
[34,    90] loss: 0.258
[34,   100] loss: 0.285
[34,   110] loss: 0.303
[34,   120] loss: 0.352
[34,   130] loss: 0.320
[34,   140] loss: 0.292
[34,   150] loss: 0.322
[34,   160] loss: 0.281
[34,   170] loss: 0.313
[34,   180] loss: 0.298
[34,   190] loss: 0.299
[34,   200] loss: 0.315
[34,   210] loss: 0.310
[34,   220] loss: 0.276
[34,   230] loss: 0.328
[34,   240] loss: 0.277
[34,   250] loss: 0.263
[34,   260] loss: 0.313
[34,   270] loss: 0.272
[34,   280] loss: 0.341
[34,   290] loss: 0.318
[34,   300] loss: 0.278
[34,   310] loss: 0.258
[34,   320] loss: 0.278
[34,   330] loss: 0.243
[34,   340] loss: 0.304
[34,   350] loss: 0.244
[34,   360] loss: 0.273
[34,   370] loss: 0.307
[34,   380] loss: 0.332
[34,   390] loss: 0.320
[34,   400] loss: 0.239
VALIDATION loss: 0.2664538621902466
[35,    10] loss: 0.275
[35,    20] loss: 0.259
[35,    30] loss: 0.302
[35,    40] loss: 0.318
[35,    50] loss: 0.291
[35,    60] loss: 0.249
[35,    70] loss: 0.361
[35,    80] loss: 0.318
[35,    90] loss: 0.249
[35,   100] loss: 0.285
[35,   110] loss: 0.369
[35,   120] loss: 0.317
[35,   130] loss: 0.345
[35,   140] loss: 0.259
[35,   150] loss: 0.280
[35,   160] loss: 0.338
[35,   170] loss: 0.292
[35,   180] loss: 0.287
[35,   190] loss: 0.350
[35,   200] loss: 0.325
[35,   210] loss: 0.291
[35,   220] loss: 0.331
[35,   230] loss: 0.264
[35,   240] loss: 0.307
[35,   250] loss: 0.260
[35,   260] loss: 0.288
[35,   270] loss: 0.308
[35,   280] loss: 0.280
[35,   290] loss: 0.277
[35,   300] loss: 0.273
[35,   310] loss: 0.306
[35,   320] loss: 0.265
[35,   330] loss: 0.272
[35,   340] loss: 0.298
[35,   350] loss: 0.300
[35,   360] loss: 0.349
[35,   370] loss: 0.312
[35,   380] loss: 0.231
[35,   390] loss: 0.271
[35,   400] loss: 0.259
VALIDATION loss: 0.5434901118278503
[36,    10] loss: 0.287
[36,    20] loss: 0.286
[36,    30] loss: 0.301
[36,    40] loss: 0.328
[36,    50] loss: 0.307
[36,    60] loss: 0.334
[36,    70] loss: 0.251
[36,    80] loss: 0.251
[36,    90] loss: 0.258
[36,   100] loss: 0.305
[36,   110] loss: 0.297
[36,   120] loss: 0.245
[36,   130] loss: 0.292
[36,   140] loss: 0.274
[36,   150] loss: 0.277
[36,   160] loss: 0.312
[36,   170] loss: 0.317
[36,   180] loss: 0.269
[36,   190] loss: 0.250
[36,   200] loss: 0.293
[36,   210] loss: 0.285
[36,   220] loss: 0.252
[36,   230] loss: 0.332
[36,   240] loss: 0.381
[36,   250] loss: 0.255
[36,   260] loss: 0.231
[36,   270] loss: 0.273
[36,   280] loss: 0.249
[36,   290] loss: 0.349
[36,   300] loss: 0.285
[36,   310] loss: 0.270
[36,   320] loss: 0.281
[36,   330] loss: 0.296
[36,   340] loss: 0.267
[36,   350] loss: 0.322
[36,   360] loss: 0.269
[36,   370] loss: 0.311
[36,   380] loss: 0.318
[36,   390] loss: 0.256
[36,   400] loss: 0.315
VALIDATION loss: 0.6559042930603027
[37,    10] loss: 0.311
[37,    20] loss: 0.272
[37,    30] loss: 0.331
[37,    40] loss: 0.300
[37,    50] loss: 0.288
[37,    60] loss: 0.245
[37,    70] loss: 0.216
[37,    80] loss: 0.287
[37,    90] loss: 0.240
[37,   100] loss: 0.294
[37,   110] loss: 0.303
[37,   120] loss: 0.350
[37,   130] loss: 0.241
[37,   140] loss: 0.268
[37,   150] loss: 0.269
[37,   160] loss: 0.274
[37,   170] loss: 0.285
[37,   180] loss: 0.322
[37,   190] loss: 0.309
[37,   200] loss: 0.298
[37,   210] loss: 0.251
[37,   220] loss: 0.295
[37,   230] loss: 0.292
[37,   240] loss: 0.267
[37,   250] loss: 0.264
[37,   260] loss: 0.280
[37,   270] loss: 0.312
[37,   280] loss: 0.313
[37,   290] loss: 0.255
[37,   300] loss: 0.347
[37,   310] loss: 0.248
[37,   320] loss: 0.361
[37,   330] loss: 0.250
[37,   340] loss: 0.261
[37,   350] loss: 0.301
[37,   360] loss: 0.275
[37,   370] loss: 0.266
[37,   380] loss: 0.275
[37,   390] loss: 0.280
[37,   400] loss: 0.236
VALIDATION loss: 0.23528233170509338
[38,    10] loss: 0.216
[38,    20] loss: 0.264
[38,    30] loss: 0.311
[38,    40] loss: 0.271
[38,    50] loss: 0.297
[38,    60] loss: 0.237
[38,    70] loss: 0.256
[38,    80] loss: 0.255
[38,    90] loss: 0.259
[38,   100] loss: 0.293
[38,   110] loss: 0.297
[38,   120] loss: 0.276
[38,   130] loss: 0.298
[38,   140] loss: 0.323
[38,   150] loss: 0.263
[38,   160] loss: 0.191
[38,   170] loss: 0.283
[38,   180] loss: 0.264
[38,   190] loss: 0.263
[38,   200] loss: 0.311
[38,   210] loss: 0.292
[38,   220] loss: 0.255
[38,   230] loss: 0.251
[38,   240] loss: 0.272
[38,   250] loss: 0.276
[38,   260] loss: 0.305
[38,   270] loss: 0.238
[38,   280] loss: 0.321
[38,   290] loss: 0.313
[38,   300] loss: 0.282
[38,   310] loss: 0.348
[38,   320] loss: 0.319
[38,   330] loss: 0.261
[38,   340] loss: 0.318
[38,   350] loss: 0.227
[38,   360] loss: 0.326
[38,   370] loss: 0.255
[38,   380] loss: 0.303
[38,   390] loss: 0.316
[38,   400] loss: 0.293
VALIDATION loss: 0.24555422365665436
[39,    10] loss: 0.265
[39,    20] loss: 0.277
[39,    30] loss: 0.319
[39,    40] loss: 0.278
[39,    50] loss: 0.246
[39,    60] loss: 0.262
[39,    70] loss: 0.251
[39,    80] loss: 0.250
[39,    90] loss: 0.234
[39,   100] loss: 0.257
[39,   110] loss: 0.260
[39,   120] loss: 0.263
[39,   130] loss: 0.263
[39,   140] loss: 0.291
[39,   150] loss: 0.313
[39,   160] loss: 0.286
[39,   170] loss: 0.222
[39,   180] loss: 0.235
[39,   190] loss: 0.269
[39,   200] loss: 0.283
[39,   210] loss: 0.246
[39,   220] loss: 0.303
[39,   230] loss: 0.334
[39,   240] loss: 0.296
[39,   250] loss: 0.277
[39,   260] loss: 0.235
[39,   270] loss: 0.272
[39,   280] loss: 0.306
[39,   290] loss: 0.317
[39,   300] loss: 0.212
[39,   310] loss: 0.238
[39,   320] loss: 0.321
[39,   330] loss: 0.315
[39,   340] loss: 0.286
[39,   350] loss: 0.294
[39,   360] loss: 0.287
[39,   370] loss: 0.294
[39,   380] loss: 0.270
[39,   390] loss: 0.230
[39,   400] loss: 0.275
VALIDATION loss: 0.31785663962364197
[40,    10] loss: 0.262
[40,    20] loss: 0.247
[40,    30] loss: 0.264
[40,    40] loss: 0.227
[40,    50] loss: 0.277
[40,    60] loss: 0.256
[40,    70] loss: 0.287
[40,    80] loss: 0.308
[40,    90] loss: 0.265
[40,   100] loss: 0.291
[40,   110] loss: 0.267
[40,   120] loss: 0.327
[40,   130] loss: 0.269
[40,   140] loss: 0.224
[40,   150] loss: 0.257
[40,   160] loss: 0.276
[40,   170] loss: 0.307
[40,   180] loss: 0.320
[40,   190] loss: 0.287
[40,   200] loss: 0.300
[40,   210] loss: 0.301
[40,   220] loss: 0.213
[40,   230] loss: 0.271
[40,   240] loss: 0.255
[40,   250] loss: 0.274
[40,   260] loss: 0.252
[40,   270] loss: 0.245
[40,   280] loss: 0.290
[40,   290] loss: 0.270
[40,   300] loss: 0.278
[40,   310] loss: 0.304
[40,   320] loss: 0.227
[40,   330] loss: 0.262
[40,   340] loss: 0.310
[40,   350] loss: 0.245
[40,   360] loss: 0.284
[40,   370] loss: 0.273
[40,   380] loss: 0.242
[40,   390] loss: 0.283
[40,   400] loss: 0.225
VALIDATION loss: 0.3849155306816101
[41,    10] loss: 0.258
[41,    20] loss: 0.227
[41,    30] loss: 0.256
[41,    40] loss: 0.238
[41,    50] loss: 0.264
[41,    60] loss: 0.245
[41,    70] loss: 0.281
[41,    80] loss: 0.313
[41,    90] loss: 0.235
[41,   100] loss: 0.289
[41,   110] loss: 0.250
[41,   120] loss: 0.274
[41,   130] loss: 0.262
[41,   140] loss: 0.249
[41,   150] loss: 0.288
[41,   160] loss: 0.234
[41,   170] loss: 0.226
[41,   180] loss: 0.242
[41,   190] loss: 0.228
[41,   200] loss: 0.308
[41,   210] loss: 0.188
[41,   220] loss: 0.225
[41,   230] loss: 0.263
[41,   240] loss: 0.247
[41,   250] loss: 0.260
[41,   260] loss: 0.187
[41,   270] loss: 0.265
[41,   280] loss: 0.274
[41,   290] loss: 0.281
[41,   300] loss: 0.291
[41,   310] loss: 0.281
[41,   320] loss: 0.235
[41,   330] loss: 0.250
[41,   340] loss: 0.229
[41,   350] loss: 0.226
[41,   360] loss: 0.302
[41,   370] loss: 0.254
[41,   380] loss: 0.278
[41,   390] loss: 0.234
[41,   400] loss: 0.280
VALIDATION loss: 0.22687363624572754
[42,    10] loss: 0.220
[42,    20] loss: 0.240
[42,    30] loss: 0.301
[42,    40] loss: 0.253
[42,    50] loss: 0.287
[42,    60] loss: 0.244
[42,    70] loss: 0.295
[42,    80] loss: 0.238
[42,    90] loss: 0.252
[42,   100] loss: 0.245
[42,   110] loss: 0.226
[42,   120] loss: 0.231
[42,   130] loss: 0.264
[42,   140] loss: 0.249
[42,   150] loss: 0.212
[42,   160] loss: 0.231
[42,   170] loss: 0.223
[42,   180] loss: 0.228
[42,   190] loss: 0.228
[42,   200] loss: 0.294
[42,   210] loss: 0.310
[42,   220] loss: 0.318
[42,   230] loss: 0.263
[42,   240] loss: 0.345
[42,   250] loss: 0.316
[42,   260] loss: 0.256
[42,   270] loss: 0.258
[42,   280] loss: 0.248
[42,   290] loss: 0.250
[42,   300] loss: 0.298
[42,   310] loss: 0.265
[42,   320] loss: 0.275
[42,   330] loss: 0.218
[42,   340] loss: 0.257
[42,   350] loss: 0.289
[42,   360] loss: 0.211
[42,   370] loss: 0.254
[42,   380] loss: 0.193
[42,   390] loss: 0.238
[42,   400] loss: 0.223
VALIDATION loss: 0.37268444895744324
[43,    10] loss: 0.267
[43,    20] loss: 0.289
[43,    30] loss: 0.279
[43,    40] loss: 0.271
[43,    50] loss: 0.243
[43,    60] loss: 0.234
[43,    70] loss: 0.239
[43,    80] loss: 0.241
[43,    90] loss: 0.220
[43,   100] loss: 0.266
[43,   110] loss: 0.269
[43,   120] loss: 0.249
[43,   130] loss: 0.291
[43,   140] loss: 0.278
[43,   150] loss: 0.236
[43,   160] loss: 0.215
[43,   170] loss: 0.243
[43,   180] loss: 0.308
[43,   190] loss: 0.315
[43,   200] loss: 0.254
[43,   210] loss: 0.262
[43,   220] loss: 0.221
[43,   230] loss: 0.230
[43,   240] loss: 0.266
[43,   250] loss: 0.258
[43,   260] loss: 0.241
[43,   270] loss: 0.287
[43,   280] loss: 0.298
[43,   290] loss: 0.269
[43,   300] loss: 0.240
[43,   310] loss: 0.241
[43,   320] loss: 0.325
[43,   330] loss: 0.235
[43,   340] loss: 0.271
[43,   350] loss: 0.274
[43,   360] loss: 0.282
[43,   370] loss: 0.241
[43,   380] loss: 0.215
[43,   390] loss: 0.290
[43,   400] loss: 0.290
VALIDATION loss: 0.6138730049133301
[44,    10] loss: 0.248
[44,    20] loss: 0.275
[44,    30] loss: 0.320
[44,    40] loss: 0.252
[44,    50] loss: 0.202
[44,    60] loss: 0.236
[44,    70] loss: 0.265
[44,    80] loss: 0.247
[44,    90] loss: 0.313
[44,   100] loss: 0.238
[44,   110] loss: 0.306
[44,   120] loss: 0.263
[44,   130] loss: 0.262
[44,   140] loss: 0.281
[44,   150] loss: 0.297
[44,   160] loss: 0.241
[44,   170] loss: 0.274
[44,   180] loss: 0.224
[44,   190] loss: 0.204
[44,   200] loss: 0.270
[44,   210] loss: 0.212
[44,   220] loss: 0.264
[44,   230] loss: 0.222
[44,   240] loss: 0.265
[44,   250] loss: 0.203
[44,   260] loss: 0.278
[44,   270] loss: 0.235
[44,   280] loss: 0.247
[44,   290] loss: 0.262
[44,   300] loss: 0.285
[44,   310] loss: 0.288
[44,   320] loss: 0.254
[44,   330] loss: 0.299
[44,   340] loss: 0.261
[44,   350] loss: 0.276
[44,   360] loss: 0.255
[44,   370] loss: 0.252
[44,   380] loss: 0.285
[44,   390] loss: 0.212
[44,   400] loss: 0.208
VALIDATION loss: 4.605834484100342
[45,    10] loss: 0.272
[45,    20] loss: 0.314
[45,    30] loss: 0.303
[45,    40] loss: 0.176
[45,    50] loss: 0.281
[45,    60] loss: 0.202
[45,    70] loss: 0.237
[45,    80] loss: 0.208
[45,    90] loss: 0.221
[45,   100] loss: 0.264
[45,   110] loss: 0.291
[45,   120] loss: 0.181
[45,   130] loss: 0.290
[45,   140] loss: 0.244
[45,   150] loss: 0.255
[45,   160] loss: 0.187
[45,   170] loss: 0.232
[45,   180] loss: 0.244
[45,   190] loss: 0.299
[45,   200] loss: 0.268
[45,   210] loss: 0.226
[45,   220] loss: 0.309
[45,   230] loss: 0.322
[45,   240] loss: 0.250
[45,   250] loss: 0.293
[45,   260] loss: 0.321
[45,   270] loss: 0.242
[45,   280] loss: 0.233
[45,   290] loss: 0.275
[45,   300] loss: 0.269
[45,   310] loss: 0.257
[45,   320] loss: 0.238
[45,   330] loss: 0.202
[45,   340] loss: 0.209
[45,   350] loss: 0.278
[45,   360] loss: 0.233
[45,   370] loss: 0.232
[45,   380] loss: 0.195
[45,   390] loss: 0.213
[45,   400] loss: 0.251
VALIDATION loss: 0.2284839153289795
[46,    10] loss: 0.241
[46,    20] loss: 0.214
[46,    30] loss: 0.233
[46,    40] loss: 0.247
[46,    50] loss: 0.196
[46,    60] loss: 0.242
[46,    70] loss: 0.228
[46,    80] loss: 0.228
[46,    90] loss: 0.230
[46,   100] loss: 0.238
[46,   110] loss: 0.261
[46,   120] loss: 0.242
[46,   130] loss: 0.244
[46,   140] loss: 0.252
[46,   150] loss: 0.196
[46,   160] loss: 0.217
[46,   170] loss: 0.289
[46,   180] loss: 0.285
[46,   190] loss: 0.256
[46,   200] loss: 0.255
[46,   210] loss: 0.264
[46,   220] loss: 0.247
[46,   230] loss: 0.285
[46,   240] loss: 0.255
[46,   250] loss: 0.217
[46,   260] loss: 0.228
[46,   270] loss: 0.216
[46,   280] loss: 0.238
[46,   290] loss: 0.252
[46,   300] loss: 0.246
[46,   310] loss: 0.291
[46,   320] loss: 0.243
[46,   330] loss: 0.242
[46,   340] loss: 0.204
[46,   350] loss: 0.271
[46,   360] loss: 0.224
[46,   370] loss: 0.285
[46,   380] loss: 0.247
[46,   390] loss: 0.234
[46,   400] loss: 0.267
VALIDATION loss: 0.4637509286403656
[47,    10] loss: 0.264
[47,    20] loss: 0.220
[47,    30] loss: 0.297
[47,    40] loss: 0.253
[47,    50] loss: 0.293
[47,    60] loss: 0.212
[47,    70] loss: 0.257
[47,    80] loss: 0.195
[47,    90] loss: 0.204
[47,   100] loss: 0.220
[47,   110] loss: 0.219
[47,   120] loss: 0.221
[47,   130] loss: 0.230
[47,   140] loss: 0.249
[47,   150] loss: 0.221
[47,   160] loss: 0.214
[47,   170] loss: 0.229
[47,   180] loss: 0.230
[47,   190] loss: 0.304
[47,   200] loss: 0.249
[47,   210] loss: 0.218
[47,   220] loss: 0.258
[47,   230] loss: 0.254
[47,   240] loss: 0.284
[47,   250] loss: 0.184
[47,   260] loss: 0.290
[47,   270] loss: 0.201
[47,   280] loss: 0.186
[47,   290] loss: 0.235
[47,   300] loss: 0.257
[47,   310] loss: 0.246
[47,   320] loss: 0.222
[47,   330] loss: 0.194
[47,   340] loss: 0.242
[47,   350] loss: 0.198
[47,   360] loss: 0.249
[47,   370] loss: 0.200
[47,   380] loss: 0.289
[47,   390] loss: 0.245
[47,   400] loss: 0.241
VALIDATION loss: 0.7750891447067261
[48,    10] loss: 0.235
[48,    20] loss: 0.224
[48,    30] loss: 0.252
[48,    40] loss: 0.249
[48,    50] loss: 0.244
[48,    60] loss: 0.309
[48,    70] loss: 0.234
[48,    80] loss: 0.248
[48,    90] loss: 0.252
[48,   100] loss: 0.187
[48,   110] loss: 0.266
[48,   120] loss: 0.205
[48,   130] loss: 0.227
[48,   140] loss: 0.241
[48,   150] loss: 0.224
[48,   160] loss: 0.200
[48,   170] loss: 0.249
[48,   180] loss: 0.246
[48,   190] loss: 0.212
[48,   200] loss: 0.202
[48,   210] loss: 0.253
[48,   220] loss: 0.225
[48,   230] loss: 0.211
[48,   240] loss: 0.247
[48,   250] loss: 0.191
[48,   260] loss: 0.228
[48,   270] loss: 0.217
[48,   280] loss: 0.293
[48,   290] loss: 0.188
[48,   300] loss: 0.202
[48,   310] loss: 0.232
[48,   320] loss: 0.240
[48,   330] loss: 0.257
[48,   340] loss: 0.227
[48,   350] loss: 0.268
[48,   360] loss: 0.252
[48,   370] loss: 0.280
[48,   380] loss: 0.246
[48,   390] loss: 0.236
[48,   400] loss: 0.209
VALIDATION loss: 0.22976697981357574
[49,    10] loss: 0.257
[49,    20] loss: 0.197
[49,    30] loss: 0.200
[49,    40] loss: 0.272
[49,    50] loss: 0.213
[49,    60] loss: 0.253
[49,    70] loss: 0.207
[49,    80] loss: 0.220
[49,    90] loss: 0.268
[49,   100] loss: 0.253
[49,   110] loss: 0.265
[49,   120] loss: 0.253
[49,   130] loss: 0.238
[49,   140] loss: 0.228
[49,   150] loss: 0.257
[49,   160] loss: 0.215
[49,   170] loss: 0.251
[49,   180] loss: 0.223
[49,   190] loss: 0.231
[49,   200] loss: 0.221
[49,   210] loss: 0.219
[49,   220] loss: 0.234
[49,   230] loss: 0.242
[49,   240] loss: 0.235
[49,   250] loss: 0.250
[49,   260] loss: 0.268
[49,   270] loss: 0.256
[49,   280] loss: 0.210
[49,   290] loss: 0.276
[49,   300] loss: 0.183
[49,   310] loss: 0.175
[49,   320] loss: 0.245
[49,   330] loss: 0.202
[49,   340] loss: 0.267
[49,   350] loss: 0.197
[49,   360] loss: 0.226
[49,   370] loss: 0.265
[49,   380] loss: 0.204
[49,   390] loss: 0.225
[49,   400] loss: 0.244
VALIDATION loss: 1.1862773895263672
[50,    10] loss: 0.315
[50,    20] loss: 0.166
[50,    30] loss: 0.207
[50,    40] loss: 0.178
[50,    50] loss: 0.201
[50,    60] loss: 0.221
[50,    70] loss: 0.203
[50,    80] loss: 0.221
[50,    90] loss: 0.210
[50,   100] loss: 0.219
[50,   110] loss: 0.259
[50,   120] loss: 0.197
[50,   130] loss: 0.227
[50,   140] loss: 0.234
[50,   150] loss: 0.210
[50,   160] loss: 0.257
[50,   170] loss: 0.281
[50,   180] loss: 0.211
[50,   190] loss: 0.233
[50,   200] loss: 0.222
[50,   210] loss: 0.224
[50,   220] loss: 0.281
[50,   230] loss: 0.202
[50,   240] loss: 0.207
[50,   250] loss: 0.163
[50,   260] loss: 0.248
[50,   270] loss: 0.217
[50,   280] loss: 0.258
[50,   290] loss: 0.219
[50,   300] loss: 0.230
[50,   310] loss: 0.207
[50,   320] loss: 0.243
[50,   330] loss: 0.235
[50,   340] loss: 0.251
[50,   350] loss: 0.296
[50,   360] loss: 0.230
[50,   370] loss: 0.212
[50,   380] loss: 0.204
[50,   390] loss: 0.253
[50,   400] loss: 0.211
VALIDATION loss: 0.4089067876338959
[51,    10] loss: 0.238
[51,    20] loss: 0.212
[51,    30] loss: 0.235
[51,    40] loss: 0.239
[51,    50] loss: 0.237
[51,    60] loss: 0.291
[51,    70] loss: 0.224
[51,    80] loss: 0.215
[51,    90] loss: 0.226
[51,   100] loss: 0.196
[51,   110] loss: 0.292
[51,   120] loss: 0.197
[51,   130] loss: 0.215
[51,   140] loss: 0.256
[51,   150] loss: 0.194
[51,   160] loss: 0.232
[51,   170] loss: 0.244
[51,   180] loss: 0.193
[51,   190] loss: 0.213
[51,   200] loss: 0.180
[51,   210] loss: 0.202
[51,   220] loss: 0.204
[51,   230] loss: 0.250
[51,   240] loss: 0.243
[51,   250] loss: 0.207
[51,   260] loss: 0.244
[51,   270] loss: 0.253
[51,   280] loss: 0.270
[51,   290] loss: 0.260
[51,   300] loss: 0.251
[51,   310] loss: 0.208
[51,   320] loss: 0.283
[51,   330] loss: 0.257
[51,   340] loss: 0.278
[51,   350] loss: 0.192
[51,   360] loss: 0.223
[51,   370] loss: 0.246
[51,   380] loss: 0.270
[51,   390] loss: 0.199
[51,   400] loss: 0.272
VALIDATION loss: 0.3524979054927826
[52,    10] loss: 0.221
[52,    20] loss: 0.247
[52,    30] loss: 0.220
[52,    40] loss: 0.214
[52,    50] loss: 0.205
[52,    60] loss: 0.222
[52,    70] loss: 0.167
[52,    80] loss: 0.231
[52,    90] loss: 0.176
[52,   100] loss: 0.223
[52,   110] loss: 0.244
[52,   120] loss: 0.237
[52,   130] loss: 0.221
[52,   140] loss: 0.192
[52,   150] loss: 0.185
[52,   160] loss: 0.255
[52,   170] loss: 0.269
[52,   180] loss: 0.212
[52,   190] loss: 0.260
[52,   200] loss: 0.220
[52,   210] loss: 0.230
[52,   220] loss: 0.236
[52,   230] loss: 0.224
[52,   240] loss: 0.221
[52,   250] loss: 0.207
[52,   260] loss: 0.225
[52,   270] loss: 0.230
[52,   280] loss: 0.265
[52,   290] loss: 0.219
[52,   300] loss: 0.192
[52,   310] loss: 0.239
[52,   320] loss: 0.191
[52,   330] loss: 0.239
[52,   340] loss: 0.214
[52,   350] loss: 0.218
[52,   360] loss: 0.225
[52,   370] loss: 0.254
[52,   380] loss: 0.270
[52,   390] loss: 0.307
[52,   400] loss: 0.233
VALIDATION loss: 0.3717331290245056
[53,    10] loss: 0.258
[53,    20] loss: 0.278
[53,    30] loss: 0.256
[53,    40] loss: 0.245
[53,    50] loss: 0.186
[53,    60] loss: 0.250
[53,    70] loss: 0.204
[53,    80] loss: 0.223
[53,    90] loss: 0.217
[53,   100] loss: 0.269
[53,   110] loss: 0.188
[53,   120] loss: 0.193
[53,   130] loss: 0.203
[53,   140] loss: 0.211
[53,   150] loss: 0.271
[53,   160] loss: 0.236
[53,   170] loss: 0.245
[53,   180] loss: 0.187
[53,   190] loss: 0.213
[53,   200] loss: 0.227
[53,   210] loss: 0.192
[53,   220] loss: 0.227
[53,   230] loss: 0.178
[53,   240] loss: 0.253
[53,   250] loss: 0.234
[53,   260] loss: 0.188
[53,   270] loss: 0.252
[53,   280] loss: 0.207
[53,   290] loss: 0.193
[53,   300] loss: 0.226
[53,   310] loss: 0.202
[53,   320] loss: 0.245
[53,   330] loss: 0.223
[53,   340] loss: 0.176
[53,   350] loss: 0.177
[53,   360] loss: 0.153
[53,   370] loss: 0.223
[53,   380] loss: 0.210
[53,   390] loss: 0.223
[53,   400] loss: 0.226
VALIDATION loss: 0.5087519288063049
[54,    10] loss: 0.187
[54,    20] loss: 0.212
[54,    30] loss: 0.250
[54,    40] loss: 0.204
[54,    50] loss: 0.240
[54,    60] loss: 0.200
[54,    70] loss: 0.324
[54,    80] loss: 0.188
[54,    90] loss: 0.235
[54,   100] loss: 0.204
[54,   110] loss: 0.202
[54,   120] loss: 0.269
[54,   130] loss: 0.186
[54,   140] loss: 0.206
[54,   150] loss: 0.232
[54,   160] loss: 0.210
[54,   170] loss: 0.191
[54,   180] loss: 0.206
[54,   190] loss: 0.201
[54,   200] loss: 0.186
[54,   210] loss: 0.211
[54,   220] loss: 0.247
[54,   230] loss: 0.250
[54,   240] loss: 0.207
[54,   250] loss: 0.205
[54,   260] loss: 0.243
[54,   270] loss: 0.217
[54,   280] loss: 0.209
[54,   290] loss: 0.191
[54,   300] loss: 0.221
[54,   310] loss: 0.198
[54,   320] loss: 0.185
[54,   330] loss: 0.203
[54,   340] loss: 0.215
[54,   350] loss: 0.211
[54,   360] loss: 0.220
[54,   370] loss: 0.198
[54,   380] loss: 0.279
[54,   390] loss: 0.221
[54,   400] loss: 0.230
VALIDATION loss: 3.3449184894561768
[55,    10] loss: 0.196
[55,    20] loss: 0.213
[55,    30] loss: 0.270
[55,    40] loss: 0.256
[55,    50] loss: 0.218
[55,    60] loss: 0.194
[55,    70] loss: 0.228
[55,    80] loss: 0.258
[55,    90] loss: 0.191
[55,   100] loss: 0.209
[55,   110] loss: 0.176
[55,   120] loss: 0.200
[55,   130] loss: 0.223
[55,   140] loss: 0.178
[55,   150] loss: 0.156
[55,   160] loss: 0.237
[55,   170] loss: 0.195
[55,   180] loss: 0.224
[55,   190] loss: 0.259
[55,   200] loss: 0.305
[55,   210] loss: 0.205
[55,   220] loss: 0.236
[55,   230] loss: 0.208
[55,   240] loss: 0.173
[55,   250] loss: 0.192
[55,   260] loss: 0.184
[55,   270] loss: 0.166
[55,   280] loss: 0.239
[55,   290] loss: 0.218
[55,   300] loss: 0.203
[55,   310] loss: 0.223
[55,   320] loss: 0.208
[55,   330] loss: 0.161
[55,   340] loss: 0.254
[55,   350] loss: 0.231
[55,   360] loss: 0.222
[55,   370] loss: 0.287
[55,   380] loss: 0.250
[55,   390] loss: 0.245
[55,   400] loss: 0.271
VALIDATION loss: 0.5001161694526672
[56,    10] loss: 0.185
[56,    20] loss: 0.268
[56,    30] loss: 0.238
[56,    40] loss: 0.249
[56,    50] loss: 0.260
[56,    60] loss: 0.225
[56,    70] loss: 0.173
[56,    80] loss: 0.177
[56,    90] loss: 0.237
[56,   100] loss: 0.177
[56,   110] loss: 0.193
[56,   120] loss: 0.163
[56,   130] loss: 0.205
[56,   140] loss: 0.250
[56,   150] loss: 0.220
[56,   160] loss: 0.219
[56,   170] loss: 0.200
[56,   180] loss: 0.216
[56,   190] loss: 0.227
[56,   200] loss: 0.166
[56,   210] loss: 0.190
[56,   220] loss: 0.174
[56,   230] loss: 0.199
[56,   240] loss: 0.237
[56,   250] loss: 0.220
[56,   260] loss: 0.189
[56,   270] loss: 0.251
[56,   280] loss: 0.187
[56,   290] loss: 0.146
[56,   300] loss: 0.196
[56,   310] loss: 0.264
[56,   320] loss: 0.254
[56,   330] loss: 0.207
[56,   340] loss: 0.262
[56,   350] loss: 0.256
[56,   360] loss: 0.183
[56,   370] loss: 0.260
[56,   380] loss: 0.203
[56,   390] loss: 0.216
[56,   400] loss: 0.212
VALIDATION loss: 0.30733567476272583
[57,    10] loss: 0.170
[57,    20] loss: 0.220
[57,    30] loss: 0.257
[57,    40] loss: 0.233
[57,    50] loss: 0.167
[57,    60] loss: 0.224
[57,    70] loss: 0.201
[57,    80] loss: 0.231
[57,    90] loss: 0.176
[57,   100] loss: 0.220
[57,   110] loss: 0.252
[57,   120] loss: 0.234
[57,   130] loss: 0.266
[57,   140] loss: 0.204
[57,   150] loss: 0.249
[57,   160] loss: 0.232
[57,   170] loss: 0.159
[57,   180] loss: 0.195
[57,   190] loss: 0.228
[57,   200] loss: 0.169
[57,   210] loss: 0.229
[57,   220] loss: 0.186
[57,   230] loss: 0.234
[57,   240] loss: 0.259
[57,   250] loss: 0.199
[57,   260] loss: 0.211
[57,   270] loss: 0.179
[57,   280] loss: 0.173
[57,   290] loss: 0.194
[57,   300] loss: 0.196
[57,   310] loss: 0.207
[57,   320] loss: 0.219
[57,   330] loss: 0.214
[57,   340] loss: 0.225
[57,   350] loss: 0.200
[57,   360] loss: 0.185
[57,   370] loss: 0.234
[57,   380] loss: 0.294
[57,   390] loss: 0.222
[57,   400] loss: 0.211
VALIDATION loss: 0.9991651773452759
[58,    10] loss: 0.205
[58,    20] loss: 0.241
[58,    30] loss: 0.216
[58,    40] loss: 0.221
[58,    50] loss: 0.182
[58,    60] loss: 0.174
[58,    70] loss: 0.217
[58,    80] loss: 0.195
[58,    90] loss: 0.258
[58,   100] loss: 0.235
[58,   110] loss: 0.247
[58,   120] loss: 0.234
[58,   130] loss: 0.198
[58,   140] loss: 0.207
[58,   150] loss: 0.266
[58,   160] loss: 0.237
[58,   170] loss: 0.175
[58,   180] loss: 0.174
[58,   190] loss: 0.182
[58,   200] loss: 0.226
[58,   210] loss: 0.197
[58,   220] loss: 0.200
[58,   230] loss: 0.224
[58,   240] loss: 0.235
[58,   250] loss: 0.219
[58,   260] loss: 0.224
[58,   270] loss: 0.160
[58,   280] loss: 0.179
[58,   290] loss: 0.211
[58,   300] loss: 0.202
[58,   310] loss: 0.202
[58,   320] loss: 0.212
[58,   330] loss: 0.167
[58,   340] loss: 0.189
[58,   350] loss: 0.196
[58,   360] loss: 0.186
[58,   370] loss: 0.216
[58,   380] loss: 0.225
[58,   390] loss: 0.190
[58,   400] loss: 0.215
VALIDATION loss: 1.228989839553833
[59,    10] loss: 0.202
[59,    20] loss: 0.218
[59,    30] loss: 0.173
[59,    40] loss: 0.209
[59,    50] loss: 0.175
[59,    60] loss: 0.208
[59,    70] loss: 0.204
[59,    80] loss: 0.211
[59,    90] loss: 0.234
[59,   100] loss: 0.238
[59,   110] loss: 0.206
[59,   120] loss: 0.165
[59,   130] loss: 0.187
[59,   140] loss: 0.189
[59,   150] loss: 0.195
[59,   160] loss: 0.243
[59,   170] loss: 0.242
[59,   180] loss: 0.216
[59,   190] loss: 0.210
[59,   200] loss: 0.181
[59,   210] loss: 0.182
[59,   220] loss: 0.195
[59,   230] loss: 0.245
[59,   240] loss: 0.233
[59,   250] loss: 0.233
[59,   260] loss: 0.235
[59,   270] loss: 0.239
[59,   280] loss: 0.206
[59,   290] loss: 0.177
[59,   300] loss: 0.227
[59,   310] loss: 0.237
[59,   320] loss: 0.184
[59,   330] loss: 0.226
[59,   340] loss: 0.194
[59,   350] loss: 0.181
[59,   360] loss: 0.154
[59,   370] loss: 0.226
[59,   380] loss: 0.201
[59,   390] loss: 0.228
[59,   400] loss: 0.191
VALIDATION loss: 1.5144431591033936
[60,    10] loss: 0.189
[60,    20] loss: 0.235
[60,    30] loss: 0.191
[60,    40] loss: 0.201
[60,    50] loss: 0.204
[60,    60] loss: 0.205
[60,    70] loss: 0.206
[60,    80] loss: 0.210
[60,    90] loss: 0.199
[60,   100] loss: 0.225
[60,   110] loss: 0.187
[60,   120] loss: 0.242
[60,   130] loss: 0.191
[60,   140] loss: 0.240
[60,   150] loss: 0.212
[60,   160] loss: 0.162
[60,   170] loss: 0.153
[60,   180] loss: 0.223
[60,   190] loss: 0.228
[60,   200] loss: 0.236
[60,   210] loss: 0.209
[60,   220] loss: 0.186
[60,   230] loss: 0.202
[60,   240] loss: 0.179
[60,   250] loss: 0.173
[60,   260] loss: 0.215
[60,   270] loss: 0.216
[60,   280] loss: 0.190
[60,   290] loss: 0.132
[60,   300] loss: 0.257
[60,   310] loss: 0.241
[60,   320] loss: 0.188
[60,   330] loss: 0.206
[60,   340] loss: 0.168
[60,   350] loss: 0.202
[60,   360] loss: 0.194
[60,   370] loss: 0.207
[60,   380] loss: 0.225
[60,   390] loss: 0.237
[60,   400] loss: 0.203
VALIDATION loss: 0.21873141825199127
[61,    10] loss: 0.194
[61,    20] loss: 0.193
[61,    30] loss: 0.217
[61,    40] loss: 0.198
[61,    50] loss: 0.161
[61,    60] loss: 0.192
[61,    70] loss: 0.179
[61,    80] loss: 0.209
[61,    90] loss: 0.223
[61,   100] loss: 0.185
[61,   110] loss: 0.162
[61,   120] loss: 0.187
[61,   130] loss: 0.210
[61,   140] loss: 0.211
[61,   150] loss: 0.183
[61,   160] loss: 0.224
[61,   170] loss: 0.197
[61,   180] loss: 0.200
[61,   190] loss: 0.167
[61,   200] loss: 0.229
[61,   210] loss: 0.185
[61,   220] loss: 0.174
[61,   230] loss: 0.201
[61,   240] loss: 0.195
[61,   250] loss: 0.203
[61,   260] loss: 0.156
[61,   270] loss: 0.218
[61,   280] loss: 0.219
[61,   290] loss: 0.201
[61,   300] loss: 0.239
[61,   310] loss: 0.209
[61,   320] loss: 0.167
[61,   330] loss: 0.176
[61,   340] loss: 0.163
[61,   350] loss: 0.226
[61,   360] loss: 0.212
[61,   370] loss: 0.184
[61,   380] loss: 0.198
[61,   390] loss: 0.195
[61,   400] loss: 0.262
VALIDATION loss: 0.46842285990715027
[62,    10] loss: 0.201
[62,    20] loss: 0.192
[62,    30] loss: 0.178
[62,    40] loss: 0.165
[62,    50] loss: 0.263
[62,    60] loss: 0.189
[62,    70] loss: 0.243
[62,    80] loss: 0.198
[62,    90] loss: 0.191
[62,   100] loss: 0.154
[62,   110] loss: 0.221
[62,   120] loss: 0.223
[62,   130] loss: 0.155
[62,   140] loss: 0.229
[62,   150] loss: 0.155
[62,   160] loss: 0.187
[62,   170] loss: 0.216
[62,   180] loss: 0.226
[62,   190] loss: 0.163
[62,   200] loss: 0.197
[62,   210] loss: 0.218
[62,   220] loss: 0.223
[62,   230] loss: 0.275
[62,   240] loss: 0.174
[62,   250] loss: 0.190
[62,   260] loss: 0.190
[62,   270] loss: 0.173
[62,   280] loss: 0.230
[62,   290] loss: 0.194
[62,   300] loss: 0.225
[62,   310] loss: 0.207
[62,   320] loss: 0.201
[62,   330] loss: 0.196
[62,   340] loss: 0.217
[62,   350] loss: 0.195
[62,   360] loss: 0.186
[62,   370] loss: 0.214
[62,   380] loss: 0.225
[62,   390] loss: 0.167
[62,   400] loss: 0.142
VALIDATION loss: 0.2236279398202896
[63,    10] loss: 0.153
[63,    20] loss: 0.148
[63,    30] loss: 0.231
[63,    40] loss: 0.173
[63,    50] loss: 0.160
[63,    60] loss: 0.206
[63,    70] loss: 0.144
[63,    80] loss: 0.213
[63,    90] loss: 0.206
[63,   100] loss: 0.163
[63,   110] loss: 0.224
[63,   120] loss: 0.167
[63,   130] loss: 0.187
[63,   140] loss: 0.222
[63,   150] loss: 0.231
[63,   160] loss: 0.217
[63,   170] loss: 0.173
[63,   180] loss: 0.209
[63,   190] loss: 0.202
[63,   200] loss: 0.232
[63,   210] loss: 0.212
[63,   220] loss: 0.221
[63,   230] loss: 0.228
[63,   240] loss: 0.172
[63,   250] loss: 0.232
[63,   260] loss: 0.207
[63,   270] loss: 0.173
[63,   280] loss: 0.216
[63,   290] loss: 0.209
[63,   300] loss: 0.219
[63,   310] loss: 0.223
[63,   320] loss: 0.169
[63,   330] loss: 0.158
[63,   340] loss: 0.171
[63,   350] loss: 0.189
[63,   360] loss: 0.169
[63,   370] loss: 0.157
[63,   380] loss: 0.180
[63,   390] loss: 0.194
[63,   400] loss: 0.245
VALIDATION loss: 0.28453075885772705
[64,    10] loss: 0.196
[64,    20] loss: 0.220
[64,    30] loss: 0.276
[64,    40] loss: 0.189
[64,    50] loss: 0.233
[64,    60] loss: 0.209
[64,    70] loss: 0.159
[64,    80] loss: 0.144
[64,    90] loss: 0.244
[64,   100] loss: 0.172
[64,   110] loss: 0.209
[64,   120] loss: 0.211
[64,   130] loss: 0.173
[64,   140] loss: 0.190
[64,   150] loss: 0.226
[64,   160] loss: 0.193
[64,   170] loss: 0.211
[64,   180] loss: 0.151
[64,   190] loss: 0.190
[64,   200] loss: 0.153
[64,   210] loss: 0.244
[64,   220] loss: 0.152
[64,   230] loss: 0.215
[64,   240] loss: 0.233
[64,   250] loss: 0.196
[64,   260] loss: 0.219
[64,   270] loss: 0.248
[64,   280] loss: 0.232
[64,   290] loss: 0.256
[64,   300] loss: 0.232
[64,   310] loss: 0.194
[64,   320] loss: 0.209
[64,   330] loss: 0.198
[64,   340] loss: 0.243
[64,   350] loss: 0.162
[64,   360] loss: 0.157
[64,   370] loss: 0.202
[64,   380] loss: 0.161
[64,   390] loss: 0.191
[64,   400] loss: 0.189
VALIDATION loss: 0.21570655703544617
[65,    10] loss: 0.229
[65,    20] loss: 0.197
[65,    30] loss: 0.156
[65,    40] loss: 0.206
[65,    50] loss: 0.238
[65,    60] loss: 0.147
[65,    70] loss: 0.126
[65,    80] loss: 0.192
[65,    90] loss: 0.230
[65,   100] loss: 0.232
[65,   110] loss: 0.202
[65,   120] loss: 0.166
[65,   130] loss: 0.150
[65,   140] loss: 0.247
[65,   150] loss: 0.153
[65,   160] loss: 0.170
[65,   170] loss: 0.160
[65,   180] loss: 0.209
[65,   190] loss: 0.232
[65,   200] loss: 0.206
[65,   210] loss: 0.186
[65,   220] loss: 0.190
[65,   230] loss: 0.173
[65,   240] loss: 0.189
[65,   250] loss: 0.182
[65,   260] loss: 0.174
[65,   270] loss: 0.185
[65,   280] loss: 0.174
[65,   290] loss: 0.186
[65,   300] loss: 0.179
[65,   310] loss: 0.172
[65,   320] loss: 0.219
[65,   330] loss: 0.162
[65,   340] loss: 0.167
[65,   350] loss: 0.227
[65,   360] loss: 0.188
[65,   370] loss: 0.230
[65,   380] loss: 0.250
[65,   390] loss: 0.219
[65,   400] loss: 0.219
VALIDATION loss: 0.7857621312141418
[66,    10] loss: 0.206
[66,    20] loss: 0.211
[66,    30] loss: 0.162
[66,    40] loss: 0.197
[66,    50] loss: 0.202
[66,    60] loss: 0.208
[66,    70] loss: 0.191
[66,    80] loss: 0.204
[66,    90] loss: 0.160
[66,   100] loss: 0.231
[66,   110] loss: 0.194
[66,   120] loss: 0.210
[66,   130] loss: 0.231
[66,   140] loss: 0.230
[66,   150] loss: 0.248
[66,   160] loss: 0.188
[66,   170] loss: 0.191
[66,   180] loss: 0.178
[66,   190] loss: 0.210
[66,   200] loss: 0.236
[66,   210] loss: 0.203
[66,   220] loss: 0.194
[66,   230] loss: 0.206
[66,   240] loss: 0.207
[66,   250] loss: 0.163
[66,   260] loss: 0.144
[66,   270] loss: 0.205
[66,   280] loss: 0.197
[66,   290] loss: 0.257
[66,   300] loss: 0.166
[66,   310] loss: 0.160
[66,   320] loss: 0.214
[66,   330] loss: 0.231
[66,   340] loss: 0.229
[66,   350] loss: 0.193
[66,   360] loss: 0.169
[66,   370] loss: 0.172
[66,   380] loss: 0.135
[66,   390] loss: 0.290
[66,   400] loss: 0.218
VALIDATION loss: 0.4982363283634186
[67,    10] loss: 0.217
[67,    20] loss: 0.150
[67,    30] loss: 0.191
[67,    40] loss: 0.208
[67,    50] loss: 0.215
[67,    60] loss: 0.197
[67,    70] loss: 0.216
[67,    80] loss: 0.225
[67,    90] loss: 0.178
[67,   100] loss: 0.172
[67,   110] loss: 0.149
[67,   120] loss: 0.222
[67,   130] loss: 0.174
[67,   140] loss: 0.168
[67,   150] loss: 0.171
[67,   160] loss: 0.211
[67,   170] loss: 0.209
[67,   180] loss: 0.188
[67,   190] loss: 0.204
[67,   200] loss: 0.197
[67,   210] loss: 0.209
[67,   220] loss: 0.215
[67,   230] loss: 0.184
[67,   240] loss: 0.198
[67,   250] loss: 0.159
[67,   260] loss: 0.178
[67,   270] loss: 0.164
[67,   280] loss: 0.169
[67,   290] loss: 0.165
[67,   300] loss: 0.168
[67,   310] loss: 0.204
[67,   320] loss: 0.183
[67,   330] loss: 0.155
[67,   340] loss: 0.204
[67,   350] loss: 0.169
[67,   360] loss: 0.156
[67,   370] loss: 0.195
[67,   380] loss: 0.178
[67,   390] loss: 0.196
[67,   400] loss: 0.197
VALIDATION loss: 0.20322027802467346
[68,    10] loss: 0.177
[68,    20] loss: 0.176
[68,    30] loss: 0.230
[68,    40] loss: 0.208
[68,    50] loss: 0.193
[68,    60] loss: 0.228
[68,    70] loss: 0.182
[68,    80] loss: 0.220
[68,    90] loss: 0.225
[68,   100] loss: 0.193
[68,   110] loss: 0.203
[68,   120] loss: 0.181
[68,   130] loss: 0.213
[68,   140] loss: 0.189
[68,   150] loss: 0.165
[68,   160] loss: 0.166
[68,   170] loss: 0.169
[68,   180] loss: 0.221
[68,   190] loss: 0.181
[68,   200] loss: 0.186
[68,   210] loss: 0.244
[68,   220] loss: 0.216
[68,   230] loss: 0.217
[68,   240] loss: 0.194
[68,   250] loss: 0.212
[68,   260] loss: 0.210
[68,   270] loss: 0.152
[68,   280] loss: 0.202
[68,   290] loss: 0.204
[68,   300] loss: 0.194
[68,   310] loss: 0.175
[68,   320] loss: 0.159
[68,   330] loss: 0.131
[68,   340] loss: 0.211
[68,   350] loss: 0.189
[68,   360] loss: 0.171
[68,   370] loss: 0.160
[68,   380] loss: 0.195
[68,   390] loss: 0.241
[68,   400] loss: 0.147
VALIDATION loss: 0.2195456624031067
[69,    10] loss: 0.186
[69,    20] loss: 0.259
[69,    30] loss: 0.201
[69,    40] loss: 0.156
[69,    50] loss: 0.215
[69,    60] loss: 0.155
[69,    70] loss: 0.218
[69,    80] loss: 0.147
[69,    90] loss: 0.157
[69,   100] loss: 0.282
[69,   110] loss: 0.193
[69,   120] loss: 0.183
[69,   130] loss: 0.192
[69,   140] loss: 0.194
[69,   150] loss: 0.202
[69,   160] loss: 0.202
[69,   170] loss: 0.174
[69,   180] loss: 0.147
[69,   190] loss: 0.183
[69,   200] loss: 0.154
[69,   210] loss: 0.223
[69,   220] loss: 0.164
[69,   230] loss: 0.234
[69,   240] loss: 0.191
[69,   250] loss: 0.186
[69,   260] loss: 0.139
[69,   270] loss: 0.230
[69,   280] loss: 0.191
[69,   290] loss: 0.187
[69,   300] loss: 0.194
[69,   310] loss: 0.240
[69,   320] loss: 0.149
[69,   330] loss: 0.182
[69,   340] loss: 0.177
[69,   350] loss: 0.172
[69,   360] loss: 0.184
[69,   370] loss: 0.214
[69,   380] loss: 0.181
[69,   390] loss: 0.213
[69,   400] loss: 0.235
VALIDATION loss: 0.44121047854423523
[70,    10] loss: 0.197
[70,    20] loss: 0.222
[70,    30] loss: 0.196
[70,    40] loss: 0.187
[70,    50] loss: 0.181
[70,    60] loss: 0.191
[70,    70] loss: 0.175
[70,    80] loss: 0.256
[70,    90] loss: 0.192
[70,   100] loss: 0.207
[70,   110] loss: 0.202
[70,   120] loss: 0.209
[70,   130] loss: 0.154
[70,   140] loss: 0.171
[70,   150] loss: 0.166
[70,   160] loss: 0.195
[70,   170] loss: 0.139
[70,   180] loss: 0.156
[70,   190] loss: 0.181
[70,   200] loss: 0.170
[70,   210] loss: 0.161
[70,   220] loss: 0.213
[70,   230] loss: 0.209
[70,   240] loss: 0.184
[70,   250] loss: 0.203
[70,   260] loss: 0.139
[70,   270] loss: 0.208
[70,   280] loss: 0.169
[70,   290] loss: 0.213
[70,   300] loss: 0.229
[70,   310] loss: 0.230
[70,   320] loss: 0.186
[70,   330] loss: 0.165
[70,   340] loss: 0.181
[70,   350] loss: 0.190
[70,   360] loss: 0.198
[70,   370] loss: 0.234
[70,   380] loss: 0.166
[70,   390] loss: 0.215
[70,   400] loss: 0.183
VALIDATION loss: 0.7231836318969727
[71,    10] loss: 0.190
[71,    20] loss: 0.223
[71,    30] loss: 0.189
[71,    40] loss: 0.169
[71,    50] loss: 0.158
[71,    60] loss: 0.181
[71,    70] loss: 0.143
[71,    80] loss: 0.196
[71,    90] loss: 0.207
[71,   100] loss: 0.158
[71,   110] loss: 0.175
[71,   120] loss: 0.134
[71,   130] loss: 0.171
[71,   140] loss: 0.196
[71,   150] loss: 0.183
[71,   160] loss: 0.169
[71,   170] loss: 0.145
[71,   180] loss: 0.155
[71,   190] loss: 0.159
[71,   200] loss: 0.218
[71,   210] loss: 0.233
[71,   220] loss: 0.197
[71,   230] loss: 0.176
[71,   240] loss: 0.205
[71,   250] loss: 0.210
[71,   260] loss: 0.177
[71,   270] loss: 0.145
[71,   280] loss: 0.184
[71,   290] loss: 0.167
[71,   300] loss: 0.182
[71,   310] loss: 0.166
[71,   320] loss: 0.200
[71,   330] loss: 0.146
[71,   340] loss: 0.264
[71,   350] loss: 0.198
[71,   360] loss: 0.186
[71,   370] loss: 0.155
[71,   380] loss: 0.198
[71,   390] loss: 0.141
[71,   400] loss: 0.157
VALIDATION loss: 0.17656752467155457
[72,    10] loss: 0.188
[72,    20] loss: 0.188
[72,    30] loss: 0.202
[72,    40] loss: 0.171
[72,    50] loss: 0.159
[72,    60] loss: 0.163
[72,    70] loss: 0.150
[72,    80] loss: 0.198
[72,    90] loss: 0.214
[72,   100] loss: 0.174
[72,   110] loss: 0.176
[72,   120] loss: 0.196
[72,   130] loss: 0.214
[72,   140] loss: 0.196
[72,   150] loss: 0.166
[72,   160] loss: 0.148
[72,   170] loss: 0.157
[72,   180] loss: 0.168
[72,   190] loss: 0.172
[72,   200] loss: 0.196
[72,   210] loss: 0.205
[72,   220] loss: 0.172
[72,   230] loss: 0.187
[72,   240] loss: 0.149
[72,   250] loss: 0.185
[72,   260] loss: 0.153
[72,   270] loss: 0.222
[72,   280] loss: 0.176
[72,   290] loss: 0.188
[72,   300] loss: 0.180
[72,   310] loss: 0.200
[72,   320] loss: 0.199
[72,   330] loss: 0.215
[72,   340] loss: 0.207
[72,   350] loss: 0.191
[72,   360] loss: 0.221
[72,   370] loss: 0.189
[72,   380] loss: 0.167
[72,   390] loss: 0.174
[72,   400] loss: 0.198
VALIDATION loss: 0.17909438908100128
[73,    10] loss: 0.179
[73,    20] loss: 0.162
[73,    30] loss: 0.211
[73,    40] loss: 0.168
[73,    50] loss: 0.167
[73,    60] loss: 0.217
[73,    70] loss: 0.197
[73,    80] loss: 0.198
[73,    90] loss: 0.204
[73,   100] loss: 0.130
[73,   110] loss: 0.189
[73,   120] loss: 0.175
[73,   130] loss: 0.198
[73,   140] loss: 0.192
[73,   150] loss: 0.207
[73,   160] loss: 0.146
[73,   170] loss: 0.176
[73,   180] loss: 0.170
[73,   190] loss: 0.136
[73,   200] loss: 0.132
[73,   210] loss: 0.174
[73,   220] loss: 0.165
[73,   230] loss: 0.207
[73,   240] loss: 0.182
[73,   250] loss: 0.216
[73,   260] loss: 0.172
[73,   270] loss: 0.194
[73,   280] loss: 0.176
[73,   290] loss: 0.148
[73,   300] loss: 0.158
[73,   310] loss: 0.215
[73,   320] loss: 0.222
[73,   330] loss: 0.166
[73,   340] loss: 0.212
[73,   350] loss: 0.171
[73,   360] loss: 0.155
[73,   370] loss: 0.144
[73,   380] loss: 0.212
[73,   390] loss: 0.189
[73,   400] loss: 0.137
VALIDATION loss: 0.2637080252170563
[74,    10] loss: 0.191
[74,    20] loss: 0.145
[74,    30] loss: 0.207
[74,    40] loss: 0.172
[74,    50] loss: 0.196
[74,    60] loss: 0.145
[74,    70] loss: 0.226
[74,    80] loss: 0.148
[74,    90] loss: 0.211
[74,   100] loss: 0.167
[74,   110] loss: 0.153
[74,   120] loss: 0.185
[74,   130] loss: 0.224
[74,   140] loss: 0.187
[74,   150] loss: 0.218
[74,   160] loss: 0.206
[74,   170] loss: 0.223
[74,   180] loss: 0.250
[74,   190] loss: 0.179
[74,   200] loss: 0.168
[74,   210] loss: 0.133
[74,   220] loss: 0.174
[74,   230] loss: 0.118
[74,   240] loss: 0.157
[74,   250] loss: 0.193
[74,   260] loss: 0.179
[74,   270] loss: 0.197
[74,   280] loss: 0.182
[74,   290] loss: 0.165
[74,   300] loss: 0.199
[74,   310] loss: 0.170
[74,   320] loss: 0.212
[74,   330] loss: 0.218
[74,   340] loss: 0.204
[74,   350] loss: 0.212
[74,   360] loss: 0.173
[74,   370] loss: 0.200
[74,   380] loss: 0.226
[74,   390] loss: 0.185
[74,   400] loss: 0.157
VALIDATION loss: 0.17609837651252747
[75,    10] loss: 0.150
[75,    20] loss: 0.145
[75,    30] loss: 0.131
[75,    40] loss: 0.147
[75,    50] loss: 0.147
[75,    60] loss: 0.150
[75,    70] loss: 0.147
[75,    80] loss: 0.174
[75,    90] loss: 0.188
[75,   100] loss: 0.157
[75,   110] loss: 0.173
[75,   120] loss: 0.190
[75,   130] loss: 0.145
[75,   140] loss: 0.223
[75,   150] loss: 0.222
[75,   160] loss: 0.192
[75,   170] loss: 0.168
[75,   180] loss: 0.141
[75,   190] loss: 0.246
[75,   200] loss: 0.200
[75,   210] loss: 0.160
[75,   220] loss: 0.140
[75,   230] loss: 0.143
[75,   240] loss: 0.168
[75,   250] loss: 0.161
[75,   260] loss: 0.170
[75,   270] loss: 0.145
[75,   280] loss: 0.148
[75,   290] loss: 0.192
[75,   300] loss: 0.218
[75,   310] loss: 0.206
[75,   320] loss: 0.181
[75,   330] loss: 0.170
[75,   340] loss: 0.216
[75,   350] loss: 0.195
[75,   360] loss: 0.207
[75,   370] loss: 0.156
[75,   380] loss: 0.172
[75,   390] loss: 0.221
[75,   400] loss: 0.209
VALIDATION loss: 0.22070087492465973
[76,    10] loss: 0.194
[76,    20] loss: 0.165
[76,    30] loss: 0.172
[76,    40] loss: 0.170
[76,    50] loss: 0.185
[76,    60] loss: 0.169
[76,    70] loss: 0.132
[76,    80] loss: 0.176
[76,    90] loss: 0.155
[76,   100] loss: 0.121
[76,   110] loss: 0.213
[76,   120] loss: 0.169
[76,   130] loss: 0.137
[76,   140] loss: 0.153
[76,   150] loss: 0.145
[76,   160] loss: 0.181
[76,   170] loss: 0.202
[76,   180] loss: 0.193
[76,   190] loss: 0.228
[76,   200] loss: 0.186
[76,   210] loss: 0.156
[76,   220] loss: 0.185
[76,   230] loss: 0.177
[76,   240] loss: 0.169
[76,   250] loss: 0.135
[76,   260] loss: 0.180
[76,   270] loss: 0.181
[76,   280] loss: 0.170
[76,   290] loss: 0.159
[76,   300] loss: 0.173
[76,   310] loss: 0.172
[76,   320] loss: 0.133
[76,   330] loss: 0.178
[76,   340] loss: 0.176
[76,   350] loss: 0.185
[76,   360] loss: 0.198
[76,   370] loss: 0.188
[76,   380] loss: 0.218
[76,   390] loss: 0.214
[76,   400] loss: 0.176
VALIDATION loss: 0.705993115901947
[77,    10] loss: 0.211
[77,    20] loss: 0.133
[77,    30] loss: 0.181
[77,    40] loss: 0.186
[77,    50] loss: 0.161
[77,    60] loss: 0.168
[77,    70] loss: 0.197
[77,    80] loss: 0.188
[77,    90] loss: 0.176
[77,   100] loss: 0.151
[77,   110] loss: 0.160
[77,   120] loss: 0.147
[77,   130] loss: 0.212
[77,   140] loss: 0.136
[77,   150] loss: 0.178
[77,   160] loss: 0.207
[77,   170] loss: 0.237
[77,   180] loss: 0.199
[77,   190] loss: 0.171
[77,   200] loss: 0.166
[77,   210] loss: 0.134
[77,   220] loss: 0.190
[77,   230] loss: 0.167
[77,   240] loss: 0.145
[77,   250] loss: 0.134
[77,   260] loss: 0.185
[77,   270] loss: 0.156
[77,   280] loss: 0.145
[77,   290] loss: 0.167
[77,   300] loss: 0.224
[77,   310] loss: 0.150
[77,   320] loss: 0.207
[77,   330] loss: 0.192
[77,   340] loss: 0.189
[77,   350] loss: 0.148
[77,   360] loss: 0.188
[77,   370] loss: 0.240
[77,   380] loss: 0.151
[77,   390] loss: 0.204
[77,   400] loss: 0.173
VALIDATION loss: 1.8604581356048584
[78,    10] loss: 0.181
[78,    20] loss: 0.199
[78,    30] loss: 0.201
[78,    40] loss: 0.198
[78,    50] loss: 0.172
[78,    60] loss: 0.170
[78,    70] loss: 0.163
[78,    80] loss: 0.167
[78,    90] loss: 0.236
[78,   100] loss: 0.155
[78,   110] loss: 0.163
[78,   120] loss: 0.177
[78,   130] loss: 0.197
[78,   140] loss: 0.149
[78,   150] loss: 0.161
[78,   160] loss: 0.205
[78,   170] loss: 0.204
[78,   180] loss: 0.207
[78,   190] loss: 0.191
[78,   200] loss: 0.193
[78,   210] loss: 0.166
[78,   220] loss: 0.246
[78,   230] loss: 0.175
[78,   240] loss: 0.166
[78,   250] loss: 0.178
[78,   260] loss: 0.133
[78,   270] loss: 0.184
[78,   280] loss: 0.158
[78,   290] loss: 0.215
[78,   300] loss: 0.164
[78,   310] loss: 0.133
[78,   320] loss: 0.177
[78,   330] loss: 0.108
[78,   340] loss: 0.189
[78,   350] loss: 0.124
[78,   360] loss: 0.200
[78,   370] loss: 0.183
[78,   380] loss: 0.193
[78,   390] loss: 0.189
[78,   400] loss: 0.147
VALIDATION loss: 1.2246434688568115
[79,    10] loss: 0.198
[79,    20] loss: 0.174
[79,    30] loss: 0.171
[79,    40] loss: 0.134
[79,    50] loss: 0.159
[79,    60] loss: 0.141
[79,    70] loss: 0.161
[79,    80] loss: 0.154
[79,    90] loss: 0.173
[79,   100] loss: 0.152
[79,   110] loss: 0.160
[79,   120] loss: 0.166
[79,   130] loss: 0.157
[79,   140] loss: 0.221
[79,   150] loss: 0.181
[79,   160] loss: 0.151
[79,   170] loss: 0.180
[79,   180] loss: 0.173
[79,   190] loss: 0.182
[79,   200] loss: 0.162
[79,   210] loss: 0.222
[79,   220] loss: 0.186
[79,   230] loss: 0.205
[79,   240] loss: 0.219
[79,   250] loss: 0.178
[79,   260] loss: 0.147
[79,   270] loss: 0.144
[79,   280] loss: 0.174
[79,   290] loss: 0.192
[79,   300] loss: 0.160
[79,   310] loss: 0.164
[79,   320] loss: 0.158
[79,   330] loss: 0.144
[79,   340] loss: 0.207
[79,   350] loss: 0.168
[79,   360] loss: 0.179
[79,   370] loss: 0.156
[79,   380] loss: 0.200
[79,   390] loss: 0.158
[79,   400] loss: 0.173
VALIDATION loss: 0.19517676532268524
[80,    10] loss: 0.244
[80,    20] loss: 0.169
[80,    30] loss: 0.150
[80,    40] loss: 0.207
[80,    50] loss: 0.167
[80,    60] loss: 0.153
[80,    70] loss: 0.195
[80,    80] loss: 0.149
[80,    90] loss: 0.135
[80,   100] loss: 0.151
[80,   110] loss: 0.181
[80,   120] loss: 0.188
[80,   130] loss: 0.148
[80,   140] loss: 0.207
[80,   150] loss: 0.188
[80,   160] loss: 0.153
[80,   170] loss: 0.218
[80,   180] loss: 0.151
[80,   190] loss: 0.169
[80,   200] loss: 0.161
[80,   210] loss: 0.214
[80,   220] loss: 0.149
[80,   230] loss: 0.146
[80,   240] loss: 0.201
[80,   250] loss: 0.223
[80,   260] loss: 0.196
[80,   270] loss: 0.175
[80,   280] loss: 0.164
[80,   290] loss: 0.147
[80,   300] loss: 0.160
[80,   310] loss: 0.226
[80,   320] loss: 0.157
[80,   330] loss: 0.180
[80,   340] loss: 0.172
[80,   350] loss: 0.193
[80,   360] loss: 0.230
[80,   370] loss: 0.131
[80,   380] loss: 0.131
[80,   390] loss: 0.134
[80,   400] loss: 0.190
VALIDATION loss: 0.15481121838092804
[81,    10] loss: 0.194
[81,    20] loss: 0.144
[81,    30] loss: 0.171
[81,    40] loss: 0.159
[81,    50] loss: 0.143
[81,    60] loss: 0.164
[81,    70] loss: 0.115
[81,    80] loss: 0.174
[81,    90] loss: 0.202
[81,   100] loss: 0.191
[81,   110] loss: 0.168
[81,   120] loss: 0.182
[81,   130] loss: 0.159
[81,   140] loss: 0.156
[81,   150] loss: 0.136
[81,   160] loss: 0.165
[81,   170] loss: 0.142
[81,   180] loss: 0.137
[81,   190] loss: 0.162
[81,   200] loss: 0.150
[81,   210] loss: 0.145
[81,   220] loss: 0.159
[81,   230] loss: 0.176
[81,   240] loss: 0.200
[81,   250] loss: 0.182
[81,   260] loss: 0.144
[81,   270] loss: 0.174
[81,   280] loss: 0.150
[81,   290] loss: 0.168
[81,   300] loss: 0.192
[81,   310] loss: 0.213
[81,   320] loss: 0.197
[81,   330] loss: 0.174
[81,   340] loss: 0.199
[81,   350] loss: 0.155
[81,   360] loss: 0.193
[81,   370] loss: 0.195
[81,   380] loss: 0.178
[81,   390] loss: 0.175
[81,   400] loss: 0.190
VALIDATION loss: 0.19822300970554352
[82,    10] loss: 0.128
[82,    20] loss: 0.164
[82,    30] loss: 0.160
[82,    40] loss: 0.194
[82,    50] loss: 0.161
[82,    60] loss: 0.153
[82,    70] loss: 0.176
[82,    80] loss: 0.205
[82,    90] loss: 0.195
[82,   100] loss: 0.154
[82,   110] loss: 0.189
[82,   120] loss: 0.177
[82,   130] loss: 0.154
[82,   140] loss: 0.157
[82,   150] loss: 0.172
[82,   160] loss: 0.226
[82,   170] loss: 0.218
[82,   180] loss: 0.168
[82,   190] loss: 0.177
[82,   200] loss: 0.131
[82,   210] loss: 0.162
[82,   220] loss: 0.153
[82,   230] loss: 0.205
[82,   240] loss: 0.189
[82,   250] loss: 0.170
[82,   260] loss: 0.158
[82,   270] loss: 0.240
[82,   280] loss: 0.193
[82,   290] loss: 0.199
[82,   300] loss: 0.226
[82,   310] loss: 0.150
[82,   320] loss: 0.190
[82,   330] loss: 0.141
[82,   340] loss: 0.146
[82,   350] loss: 0.145
[82,   360] loss: 0.113
[82,   370] loss: 0.163
[82,   380] loss: 0.151
[82,   390] loss: 0.153
[82,   400] loss: 0.178
VALIDATION loss: 0.171651229262352
[83,    10] loss: 0.145
[83,    20] loss: 0.233
[83,    30] loss: 0.172
[83,    40] loss: 0.152
[83,    50] loss: 0.168
[83,    60] loss: 0.171
[83,    70] loss: 0.148
[83,    80] loss: 0.157
[83,    90] loss: 0.173
[83,   100] loss: 0.212
[83,   110] loss: 0.164
[83,   120] loss: 0.135
[83,   130] loss: 0.151
[83,   140] loss: 0.184
[83,   150] loss: 0.159
[83,   160] loss: 0.154
[83,   170] loss: 0.126
[83,   180] loss: 0.151
[83,   190] loss: 0.159
[83,   200] loss: 0.182
[83,   210] loss: 0.136
[83,   220] loss: 0.168
[83,   230] loss: 0.138
[83,   240] loss: 0.185
[83,   250] loss: 0.191
[83,   260] loss: 0.158
[83,   270] loss: 0.163
[83,   280] loss: 0.176
[83,   290] loss: 0.163
[83,   300] loss: 0.169
[83,   310] loss: 0.173
[83,   320] loss: 0.166
[83,   330] loss: 0.153
[83,   340] loss: 0.190
[83,   350] loss: 0.170
[83,   360] loss: 0.166
[83,   370] loss: 0.207
[83,   380] loss: 0.180
[83,   390] loss: 0.186
[83,   400] loss: 0.175
VALIDATION loss: 0.21472199261188507
[84,    10] loss: 0.190
[84,    20] loss: 0.179
[84,    30] loss: 0.164
[84,    40] loss: 0.140
[84,    50] loss: 0.156
[84,    60] loss: 0.182
[84,    70] loss: 0.166
[84,    80] loss: 0.143
[84,    90] loss: 0.112
[84,   100] loss: 0.160
[84,   110] loss: 0.134
[84,   120] loss: 0.179
[84,   130] loss: 0.162
[84,   140] loss: 0.149
[84,   150] loss: 0.165
[84,   160] loss: 0.113
[84,   170] loss: 0.179
[84,   180] loss: 0.206
[84,   190] loss: 0.153
[84,   200] loss: 0.138
[84,   210] loss: 0.185
[84,   220] loss: 0.140
[84,   230] loss: 0.139
[84,   240] loss: 0.120
[84,   250] loss: 0.207
[84,   260] loss: 0.153
[84,   270] loss: 0.159
[84,   280] loss: 0.181
[84,   290] loss: 0.222
[84,   300] loss: 0.176
[84,   310] loss: 0.201
[84,   320] loss: 0.168
[84,   330] loss: 0.193
[84,   340] loss: 0.195
[84,   350] loss: 0.200
[84,   360] loss: 0.208
[84,   370] loss: 0.179
[84,   380] loss: 0.211
[84,   390] loss: 0.158
[84,   400] loss: 0.176
VALIDATION loss: 0.36839407682418823
[85,    10] loss: 0.160
[85,    20] loss: 0.136
[85,    30] loss: 0.217
[85,    40] loss: 0.189
[85,    50] loss: 0.178
[85,    60] loss: 0.159
[85,    70] loss: 0.192
[85,    80] loss: 0.148
[85,    90] loss: 0.143
[85,   100] loss: 0.149
[85,   110] loss: 0.202
[85,   120] loss: 0.147
[85,   130] loss: 0.174
[85,   140] loss: 0.148
[85,   150] loss: 0.190
[85,   160] loss: 0.161
[85,   170] loss: 0.159
[85,   180] loss: 0.136
[85,   190] loss: 0.170
[85,   200] loss: 0.152
[85,   210] loss: 0.175
[85,   220] loss: 0.176
[85,   230] loss: 0.166
[85,   240] loss: 0.152
[85,   250] loss: 0.192
[85,   260] loss: 0.155
[85,   270] loss: 0.129
[85,   280] loss: 0.151
[85,   290] loss: 0.202
[85,   300] loss: 0.144
[85,   310] loss: 0.206
[85,   320] loss: 0.132
[85,   330] loss: 0.156
[85,   340] loss: 0.135
[85,   350] loss: 0.154
[85,   360] loss: 0.143
[85,   370] loss: 0.182
[85,   380] loss: 0.217
[85,   390] loss: 0.156
[85,   400] loss: 0.173
VALIDATION loss: 0.4218830168247223
[86,    10] loss: 0.154
[86,    20] loss: 0.207
[86,    30] loss: 0.145
[86,    40] loss: 0.146
[86,    50] loss: 0.163
[86,    60] loss: 0.145
[86,    70] loss: 0.141
[86,    80] loss: 0.140
[86,    90] loss: 0.161
[86,   100] loss: 0.180
[86,   110] loss: 0.137
[86,   120] loss: 0.102
[86,   130] loss: 0.187
[86,   140] loss: 0.155
[86,   150] loss: 0.160
[86,   160] loss: 0.202
[86,   170] loss: 0.193
[86,   180] loss: 0.150
[86,   190] loss: 0.229
[86,   200] loss: 0.166
[86,   210] loss: 0.203
[86,   220] loss: 0.176
[86,   230] loss: 0.183
[86,   240] loss: 0.143
[86,   250] loss: 0.182
[86,   260] loss: 0.162
[86,   270] loss: 0.209
[86,   280] loss: 0.170
[86,   290] loss: 0.190
[86,   300] loss: 0.165
[86,   310] loss: 0.143
[86,   320] loss: 0.204
[86,   330] loss: 0.166
[86,   340] loss: 0.175
[86,   350] loss: 0.187
[86,   360] loss: 0.133
[86,   370] loss: 0.134
[86,   380] loss: 0.194
[86,   390] loss: 0.151
[86,   400] loss: 0.143
VALIDATION loss: 0.15967144072055817
[87,    10] loss: 0.171
[87,    20] loss: 0.158
[87,    30] loss: 0.178
[87,    40] loss: 0.159
[87,    50] loss: 0.115
[87,    60] loss: 0.135
[87,    70] loss: 0.144
[87,    80] loss: 0.160
[87,    90] loss: 0.148
[87,   100] loss: 0.168
[87,   110] loss: 0.170
[87,   120] loss: 0.163
[87,   130] loss: 0.184
[87,   140] loss: 0.200
[87,   150] loss: 0.154
[87,   160] loss: 0.188
[87,   170] loss: 0.172
[87,   180] loss: 0.167
[87,   190] loss: 0.181
[87,   200] loss: 0.193
[87,   210] loss: 0.176
[87,   220] loss: 0.197
[87,   230] loss: 0.160
[87,   240] loss: 0.141
[87,   250] loss: 0.116
[87,   260] loss: 0.159
[87,   270] loss: 0.200
[87,   280] loss: 0.155
[87,   290] loss: 0.174
[87,   300] loss: 0.147
[87,   310] loss: 0.168
[87,   320] loss: 0.146
[87,   330] loss: 0.171
[87,   340] loss: 0.130
[87,   350] loss: 0.168
[87,   360] loss: 0.114
[87,   370] loss: 0.188
[87,   380] loss: 0.171
[87,   390] loss: 0.186
[87,   400] loss: 0.158
VALIDATION loss: 5.434343338012695
[88,    10] loss: 0.181
[88,    20] loss: 0.134
[88,    30] loss: 0.187
[88,    40] loss: 0.156
[88,    50] loss: 0.182
[88,    60] loss: 0.153
[88,    70] loss: 0.195
[88,    80] loss: 0.180
[88,    90] loss: 0.138
[88,   100] loss: 0.176
[88,   110] loss: 0.122
[88,   120] loss: 0.172
[88,   130] loss: 0.181
[88,   140] loss: 0.153
[88,   150] loss: 0.146
[88,   160] loss: 0.177
[88,   170] loss: 0.182
[88,   180] loss: 0.154
[88,   190] loss: 0.095
[88,   200] loss: 0.130
[88,   210] loss: 0.202
[88,   220] loss: 0.146
[88,   230] loss: 0.178
[88,   240] loss: 0.161
[88,   250] loss: 0.161
[88,   260] loss: 0.160
[88,   270] loss: 0.187
[88,   280] loss: 0.151
[88,   290] loss: 0.181
[88,   300] loss: 0.189
[88,   310] loss: 0.152
[88,   320] loss: 0.163
[88,   330] loss: 0.149
[88,   340] loss: 0.179
[88,   350] loss: 0.198
[88,   360] loss: 0.181
[88,   370] loss: 0.143
[88,   380] loss: 0.208
[88,   390] loss: 0.151
[88,   400] loss: 0.169
VALIDATION loss: 0.21283206343650818
[89,    10] loss: 0.184
[89,    20] loss: 0.127
[89,    30] loss: 0.159
[89,    40] loss: 0.164
[89,    50] loss: 0.126
[89,    60] loss: 0.148
[89,    70] loss: 0.164
[89,    80] loss: 0.153
[89,    90] loss: 0.121
[89,   100] loss: 0.131
[89,   110] loss: 0.218
[89,   120] loss: 0.207
[89,   130] loss: 0.164
[89,   140] loss: 0.232
[89,   150] loss: 0.191
[89,   160] loss: 0.152
[89,   170] loss: 0.155
[89,   180] loss: 0.142
[89,   190] loss: 0.194
[89,   200] loss: 0.153
[89,   210] loss: 0.186
[89,   220] loss: 0.198
[89,   230] loss: 0.164
[89,   240] loss: 0.149
[89,   250] loss: 0.125
[89,   260] loss: 0.139
[89,   270] loss: 0.192
[89,   280] loss: 0.165
[89,   290] loss: 0.125
[89,   300] loss: 0.172
[89,   310] loss: 0.146
[89,   320] loss: 0.146
[89,   330] loss: 0.178
[89,   340] loss: 0.169
[89,   350] loss: 0.107
[89,   360] loss: 0.169
[89,   370] loss: 0.124
[89,   380] loss: 0.145
[89,   390] loss: 0.178
[89,   400] loss: 0.131
VALIDATION loss: 0.1574339121580124
[90,    10] loss: 0.129
[90,    20] loss: 0.166
[90,    30] loss: 0.176
[90,    40] loss: 0.153
[90,    50] loss: 0.122
[90,    60] loss: 0.168
[90,    70] loss: 0.185
[90,    80] loss: 0.226
[90,    90] loss: 0.193
[90,   100] loss: 0.169
[90,   110] loss: 0.168
[90,   120] loss: 0.137
[90,   130] loss: 0.158
[90,   140] loss: 0.151
[90,   150] loss: 0.158
[90,   160] loss: 0.182
[90,   170] loss: 0.180
[90,   180] loss: 0.139
[90,   190] loss: 0.193
[90,   200] loss: 0.160
[90,   210] loss: 0.177
[90,   220] loss: 0.130
[90,   230] loss: 0.140
[90,   240] loss: 0.158
[90,   250] loss: 0.131
[90,   260] loss: 0.140
[90,   270] loss: 0.131
[90,   280] loss: 0.153
[90,   290] loss: 0.168
[90,   300] loss: 0.193
[90,   310] loss: 0.210
[90,   320] loss: 0.164
[90,   330] loss: 0.136
[90,   340] loss: 0.154
[90,   350] loss: 0.175
[90,   360] loss: 0.167
[90,   370] loss: 0.162
[90,   380] loss: 0.178
[90,   390] loss: 0.146
[90,   400] loss: 0.180
VALIDATION loss: 0.30527523159980774
[91,    10] loss: 0.197
[91,    20] loss: 0.142
[91,    30] loss: 0.160
[91,    40] loss: 0.214
[91,    50] loss: 0.168
[91,    60] loss: 0.147
[91,    70] loss: 0.157
[91,    80] loss: 0.156
[91,    90] loss: 0.142
[91,   100] loss: 0.119
[91,   110] loss: 0.165
[91,   120] loss: 0.220
[91,   130] loss: 0.170
[91,   140] loss: 0.202
[91,   150] loss: 0.203
[91,   160] loss: 0.205
[91,   170] loss: 0.150
[91,   180] loss: 0.130
[91,   190] loss: 0.115
[91,   200] loss: 0.149
[91,   210] loss: 0.148
[91,   220] loss: 0.146
[91,   230] loss: 0.185
[91,   240] loss: 0.192
[91,   250] loss: 0.154
[91,   260] loss: 0.140
[91,   270] loss: 0.155
[91,   280] loss: 0.149
[91,   290] loss: 0.154
[91,   300] loss: 0.172
[91,   310] loss: 0.140
[91,   320] loss: 0.213
[91,   330] loss: 0.150
[91,   340] loss: 0.126
[91,   350] loss: 0.184
[91,   360] loss: 0.279
[91,   370] loss: 0.188
[91,   380] loss: 0.228
[91,   390] loss: 0.196
[91,   400] loss: 0.169
VALIDATION loss: 0.16383467614650726
[92,    10] loss: 0.123
[92,    20] loss: 0.122
[92,    30] loss: 0.120
[92,    40] loss: 0.154
[92,    50] loss: 0.175
[92,    60] loss: 0.170
[92,    70] loss: 0.123
[92,    80] loss: 0.192
[92,    90] loss: 0.170
[92,   100] loss: 0.190
[92,   110] loss: 0.156
[92,   120] loss: 0.152
[92,   130] loss: 0.152
[92,   140] loss: 0.173
[92,   150] loss: 0.169
[92,   160] loss: 0.152
[92,   170] loss: 0.185
[92,   180] loss: 0.152
[92,   190] loss: 0.194
[92,   200] loss: 0.153
[92,   210] loss: 0.199
[92,   220] loss: 0.173
[92,   230] loss: 0.169
[92,   240] loss: 0.163
[92,   250] loss: 0.153
[92,   260] loss: 0.167
[92,   270] loss: 0.133
[92,   280] loss: 0.155
[92,   290] loss: 0.139
[92,   300] loss: 0.180
[92,   310] loss: 0.159
[92,   320] loss: 0.232
[92,   330] loss: 0.165
[92,   340] loss: 0.197
[92,   350] loss: 0.160
[92,   360] loss: 0.146
[92,   370] loss: 0.132
[92,   380] loss: 0.193
[92,   390] loss: 0.165
[92,   400] loss: 0.165
VALIDATION loss: 0.3394975960254669
[93,    10] loss: 0.132
[93,    20] loss: 0.117
[93,    30] loss: 0.174
[93,    40] loss: 0.194
[93,    50] loss: 0.136
[93,    60] loss: 0.181
[93,    70] loss: 0.174
[93,    80] loss: 0.128
[93,    90] loss: 0.141
[93,   100] loss: 0.187
[93,   110] loss: 0.148
[93,   120] loss: 0.125
[93,   130] loss: 0.188
[93,   140] loss: 0.158
[93,   150] loss: 0.172
[93,   160] loss: 0.184
[93,   170] loss: 0.155
[93,   180] loss: 0.143
[93,   190] loss: 0.183
[93,   200] loss: 0.218
[93,   210] loss: 0.165
[93,   220] loss: 0.154
[93,   230] loss: 0.105
[93,   240] loss: 0.172
[93,   250] loss: 0.177
[93,   260] loss: 0.146
[93,   270] loss: 0.180
[93,   280] loss: 0.150
[93,   290] loss: 0.201
[93,   300] loss: 0.149
[93,   310] loss: 0.156
[93,   320] loss: 0.130
[93,   330] loss: 0.201
[93,   340] loss: 0.194
[93,   350] loss: 0.167
[93,   360] loss: 0.112
[93,   370] loss: 0.116
[93,   380] loss: 0.127
[93,   390] loss: 0.138
[93,   400] loss: 0.122
VALIDATION loss: 0.17049284279346466
[94,    10] loss: 0.177
[94,    20] loss: 0.148
[94,    30] loss: 0.168
[94,    40] loss: 0.156
[94,    50] loss: 0.164
[94,    60] loss: 0.136
[94,    70] loss: 0.153
[94,    80] loss: 0.140
[94,    90] loss: 0.177
[94,   100] loss: 0.145
[94,   110] loss: 0.192
[94,   120] loss: 0.212
[94,   130] loss: 0.166
[94,   140] loss: 0.136
[94,   150] loss: 0.161
[94,   160] loss: 0.176
[94,   170] loss: 0.150
[94,   180] loss: 0.123
[94,   190] loss: 0.170
[94,   200] loss: 0.181
[94,   210] loss: 0.125
[94,   220] loss: 0.172
[94,   230] loss: 0.158
[94,   240] loss: 0.188
[94,   250] loss: 0.192
[94,   260] loss: 0.156
[94,   270] loss: 0.197
[94,   280] loss: 0.123
[94,   290] loss: 0.161
[94,   300] loss: 0.134
[94,   310] loss: 0.154
[94,   320] loss: 0.139
[94,   330] loss: 0.170
[94,   340] loss: 0.150
[94,   350] loss: 0.135
[94,   360] loss: 0.198
[94,   370] loss: 0.169
[94,   380] loss: 0.149
[94,   390] loss: 0.120
[94,   400] loss: 0.152
VALIDATION loss: 0.17674361169338226
[95,    10] loss: 0.188
[95,    20] loss: 0.198
[95,    30] loss: 0.158
[95,    40] loss: 0.154
[95,    50] loss: 0.201
[95,    60] loss: 0.154
[95,    70] loss: 0.173
[95,    80] loss: 0.148
[95,    90] loss: 0.160
[95,   100] loss: 0.174
[95,   110] loss: 0.102
[95,   120] loss: 0.137
[95,   130] loss: 0.185
[95,   140] loss: 0.160
[95,   150] loss: 0.135
[95,   160] loss: 0.162
[95,   170] loss: 0.201
[95,   180] loss: 0.203
[95,   190] loss: 0.121
[95,   200] loss: 0.185
[95,   210] loss: 0.151
[95,   220] loss: 0.132
[95,   230] loss: 0.155
[95,   240] loss: 0.200
[95,   250] loss: 0.154
[95,   260] loss: 0.158
[95,   270] loss: 0.175
[95,   280] loss: 0.110
[95,   290] loss: 0.148
[95,   300] loss: 0.117
[95,   310] loss: 0.102
[95,   320] loss: 0.135
[95,   330] loss: 0.149
[95,   340] loss: 0.127
[95,   350] loss: 0.160
[95,   360] loss: 0.175
[95,   370] loss: 0.120
[95,   380] loss: 0.146
[95,   390] loss: 0.123
[95,   400] loss: 0.139
VALIDATION loss: 0.17289452254772186
[96,    10] loss: 0.145
[96,    20] loss: 0.101
[96,    30] loss: 0.140
[96,    40] loss: 0.171
[96,    50] loss: 0.117
[96,    60] loss: 0.106
[96,    70] loss: 0.171
[96,    80] loss: 0.172
[96,    90] loss: 0.185
[96,   100] loss: 0.186
[96,   110] loss: 0.190
[96,   120] loss: 0.178
[96,   130] loss: 0.178
[96,   140] loss: 0.130
[96,   150] loss: 0.149
[96,   160] loss: 0.138
[96,   170] loss: 0.143
[96,   180] loss: 0.123
[96,   190] loss: 0.122
[96,   200] loss: 0.144
[96,   210] loss: 0.135
[96,   220] loss: 0.157
[96,   230] loss: 0.129
[96,   240] loss: 0.143
[96,   250] loss: 0.124
[96,   260] loss: 0.152
[96,   270] loss: 0.164
[96,   280] loss: 0.176
[96,   290] loss: 0.136
[96,   300] loss: 0.175
[96,   310] loss: 0.182
[96,   320] loss: 0.148
[96,   330] loss: 0.154
[96,   340] loss: 0.139
[96,   350] loss: 0.184
[96,   360] loss: 0.146
[96,   370] loss: 0.185
[96,   380] loss: 0.180
[96,   390] loss: 0.179
[96,   400] loss: 0.125
VALIDATION loss: 0.18296688795089722
[97,    10] loss: 0.152
[97,    20] loss: 0.112
[97,    30] loss: 0.174
[97,    40] loss: 0.136
[97,    50] loss: 0.160
[97,    60] loss: 0.172
[97,    70] loss: 0.146
[97,    80] loss: 0.201
[97,    90] loss: 0.169
[97,   100] loss: 0.149
[97,   110] loss: 0.178
[97,   120] loss: 0.188
[97,   130] loss: 0.145
[97,   140] loss: 0.133
[97,   150] loss: 0.198
[97,   160] loss: 0.109
[97,   170] loss: 0.147
[97,   180] loss: 0.141
[97,   190] loss: 0.168
[97,   200] loss: 0.175
[97,   210] loss: 0.189
[97,   220] loss: 0.150
[97,   230] loss: 0.165
[97,   240] loss: 0.144
[97,   250] loss: 0.139
[97,   260] loss: 0.163
[97,   270] loss: 0.122
[97,   280] loss: 0.127
[97,   290] loss: 0.156
[97,   300] loss: 0.111
[97,   310] loss: 0.135
[97,   320] loss: 0.141
[97,   330] loss: 0.137
[97,   340] loss: 0.154
[97,   350] loss: 0.123
[97,   360] loss: 0.105
[97,   370] loss: 0.133
[97,   380] loss: 0.128
[97,   390] loss: 0.178
[97,   400] loss: 0.188
VALIDATION loss: 0.16620303690433502
[98,    10] loss: 0.125
[98,    20] loss: 0.149
[98,    30] loss: 0.128
[98,    40] loss: 0.171
[98,    50] loss: 0.150
[98,    60] loss: 0.136
[98,    70] loss: 0.201
[98,    80] loss: 0.196
[98,    90] loss: 0.152
[98,   100] loss: 0.191
[98,   110] loss: 0.163
[98,   120] loss: 0.132
[98,   130] loss: 0.143
[98,   140] loss: 0.164
[98,   150] loss: 0.146
[98,   160] loss: 0.171
[98,   170] loss: 0.164
[98,   180] loss: 0.170
[98,   190] loss: 0.164
[98,   200] loss: 0.168
[98,   210] loss: 0.165
[98,   220] loss: 0.120
[98,   230] loss: 0.159
[98,   240] loss: 0.138
[98,   250] loss: 0.115
[98,   260] loss: 0.127
[98,   270] loss: 0.239
[98,   280] loss: 0.134
[98,   290] loss: 0.155
[98,   300] loss: 0.116
[98,   310] loss: 0.124
[98,   320] loss: 0.219
[98,   330] loss: 0.153
[98,   340] loss: 0.151
[98,   350] loss: 0.131
[98,   360] loss: 0.120
[98,   370] loss: 0.194
[98,   380] loss: 0.137
[98,   390] loss: 0.156
[98,   400] loss: 0.161
VALIDATION loss: 0.3212737739086151
[99,    10] loss: 0.119
[99,    20] loss: 0.146
[99,    30] loss: 0.147
[99,    40] loss: 0.160
[99,    50] loss: 0.170
[99,    60] loss: 0.130
[99,    70] loss: 0.157
[99,    80] loss: 0.167
[99,    90] loss: 0.159
[99,   100] loss: 0.117
[99,   110] loss: 0.130
[99,   120] loss: 0.134
[99,   130] loss: 0.117
[99,   140] loss: 0.161
[99,   150] loss: 0.129
[99,   160] loss: 0.179
[99,   170] loss: 0.158
[99,   180] loss: 0.158
[99,   190] loss: 0.154
[99,   200] loss: 0.145
[99,   210] loss: 0.097
[99,   220] loss: 0.115
[99,   230] loss: 0.136
[99,   240] loss: 0.172
[99,   250] loss: 0.180
[99,   260] loss: 0.128
[99,   270] loss: 0.139
[99,   280] loss: 0.159
[99,   290] loss: 0.175
[99,   300] loss: 0.162
[99,   310] loss: 0.175
[99,   320] loss: 0.209
[99,   330] loss: 0.168
[99,   340] loss: 0.151
[99,   350] loss: 0.161
[99,   360] loss: 0.135
[99,   370] loss: 0.214
[99,   380] loss: 0.165
[99,   390] loss: 0.157
[99,   400] loss: 0.139
VALIDATION loss: 0.38132521510124207
[100,    10] loss: 0.144
[100,    20] loss: 0.123
[100,    30] loss: 0.171
[100,    40] loss: 0.130
[100,    50] loss: 0.160
[100,    60] loss: 0.138
[100,    70] loss: 0.091
[100,    80] loss: 0.121
[100,    90] loss: 0.146
[100,   100] loss: 0.148
[100,   110] loss: 0.117
[100,   120] loss: 0.151
[100,   130] loss: 0.131
[100,   140] loss: 0.166
[100,   150] loss: 0.156
[100,   160] loss: 0.136
[100,   170] loss: 0.155
[100,   180] loss: 0.176
[100,   190] loss: 0.119
[100,   200] loss: 0.155
[100,   210] loss: 0.155
[100,   220] loss: 0.134
[100,   230] loss: 0.142
[100,   240] loss: 0.146
[100,   250] loss: 0.183
[100,   260] loss: 0.172
[100,   270] loss: 0.118
[100,   280] loss: 0.165
[100,   290] loss: 0.143
[100,   300] loss: 0.145
[100,   310] loss: 0.142
[100,   320] loss: 0.151
[100,   330] loss: 0.115
[100,   340] loss: 0.127
[100,   350] loss: 0.167
[100,   360] loss: 0.159
[100,   370] loss: 0.185
[100,   380] loss: 0.167
[100,   390] loss: 0.136
[100,   400] loss: 0.143
VALIDATION loss: 0.39531227946281433
Finished !!
Accuracy of the network: 84.27 %
