Collecting dill==0.3.4 (from -r requirements.txt (line 1))
  Using cached https://files.pythonhosted.org/packages/b6/c3/973676ceb86b60835bb3978c6db67a5dc06be6cfdbd14ef0f5a13e3fc9fd/dill-0.3.4-py2.py3-none-any.whl
Requirement already satisfied: laplace==0.1 in /zhome/45/c/128687/.local/lib/python3.6/site-packages (from -r requirements.txt (line 2))
Collecting matplotlib==3.4.0 (from -r requirements.txt (line 3))
Small: 0
Transform: 1
MaxPool: 1
Running GPU.
[1,    10] loss: 1.862
[1,    20] loss: 1.766
[1,    30] loss: 1.685
[1,    40] loss: 1.578
[1,    50] loss: 1.543
[1,    60] loss: 1.529
[1,    70] loss: 1.570
[1,    80] loss: 1.560
[1,    90] loss: 1.492
[1,   100] loss: 1.478
[1,   110] loss: 1.504
[1,   120] loss: 1.439
[1,   130] loss: 1.483
[1,   140] loss: 1.446
[1,   150] loss: 1.368
[1,   160] loss: 1.473
[1,   170] loss: 1.392
[1,   180] loss: 1.431
[1,   190] loss: 1.456
[1,   200] loss: 1.399
[1,   210] loss: 1.383
[1,   220] loss: 1.398
[1,   230] loss: 1.354
[1,   240] loss: 1.445
[1,   250] loss: 1.324
[1,   260] loss: 1.347
[1,   270] loss: 1.349
[1,   280] loss: 1.337
[1,   290] loss: 1.394
[1,   300] loss: 1.416
[1,   310] loss: 1.267
[1,   320] loss: 1.358
[1,   330] loss: 1.345
[1,   340] loss: 1.375
[1,   350] loss: 1.336
[1,   360] loss: 1.346
[1,   370] loss: 1.358
[1,   380] loss: 1.226
[1,   390] loss: 1.281
[1,   400] loss: 1.313
VALIDATION loss: 1.2484383583068848
[2,    10] loss: 1.302
[2,    20] loss: 1.288
[2,    30] loss: 1.283
[2,    40] loss: 1.307
[2,    50] loss: 1.278
[2,    60] loss: 1.220
[2,    70] loss: 1.318
[2,    80] loss: 1.289
[2,    90] loss: 1.195
[2,   100] loss: 1.271
[2,   110] loss: 1.219
[2,   120] loss: 1.291
[2,   130] loss: 1.241
[2,   140] loss: 1.288
[2,   150] loss: 1.241
[2,   160] loss: 1.263
[2,   170] loss: 1.192
[2,   180] loss: 1.222
[2,   190] loss: 1.225
[2,   200] loss: 1.215
[2,   210] loss: 1.168
[2,   220] loss: 1.192
[2,   230] loss: 1.175
[2,   240] loss: 1.211
[2,   250] loss: 1.234
[2,   260] loss: 1.157
[2,   270] loss: 1.181
[2,   280] loss: 1.253
[2,   290] loss: 1.190
[2,   300] loss: 1.212
[2,   310] loss: 1.143
[2,   320] loss: 1.197
[2,   330] loss: 1.147
[2,   340] loss: 1.202
[2,   350] loss: 1.104
[2,   360] loss: 1.210
[2,   370] loss: 1.141
[2,   380] loss: 1.122
[2,   390] loss: 1.151
[2,   400] loss: 1.211
VALIDATION loss: 1.894445538520813
[3,    10] loss: 1.140
[3,    20] loss: 1.123
[3,    30] loss: 1.064
[3,    40] loss: 1.130
[3,    50] loss: 1.131
[3,    60] loss: 1.132
[3,    70] loss: 1.101
[3,    80] loss: 1.102
[3,    90] loss: 1.111
[3,   100] loss: 1.141
[3,   110] loss: 1.014
[3,   120] loss: 1.116
[3,   130] loss: 1.161
[3,   140] loss: 1.078
[3,   150] loss: 0.994
[3,   160] loss: 1.065
[3,   170] loss: 1.082
[3,   180] loss: 0.952
[3,   190] loss: 1.172
[3,   200] loss: 1.076
[3,   210] loss: 1.091
[3,   220] loss: 1.147
[3,   230] loss: 1.092
[3,   240] loss: 1.107
[3,   250] loss: 1.110
[3,   260] loss: 1.090
[3,   270] loss: 1.030
[3,   280] loss: 1.012
[3,   290] loss: 1.078
[3,   300] loss: 1.054
[3,   310] loss: 1.072
[3,   320] loss: 1.028
[3,   330] loss: 1.025
[3,   340] loss: 1.056
[3,   350] loss: 1.028
[3,   360] loss: 0.896
[3,   370] loss: 1.185
[3,   380] loss: 0.950
[3,   390] loss: 1.103
[3,   400] loss: 1.021
VALIDATION loss: 2.0311837196350098
[4,    10] loss: 1.050
[4,    20] loss: 0.985
[4,    30] loss: 1.016
[4,    40] loss: 0.942
[4,    50] loss: 1.072
[4,    60] loss: 1.001
[4,    70] loss: 0.949
[4,    80] loss: 1.013
[4,    90] loss: 0.930
[4,   100] loss: 1.051
[4,   110] loss: 0.998
[4,   120] loss: 1.019
[4,   130] loss: 0.954
[4,   140] loss: 0.995
[4,   150] loss: 0.944
[4,   160] loss: 0.924
[4,   170] loss: 0.943
[4,   180] loss: 0.913
[4,   190] loss: 1.011
[4,   200] loss: 0.937
[4,   210] loss: 1.059
[4,   220] loss: 0.974
[4,   230] loss: 0.974
[4,   240] loss: 0.935
[4,   250] loss: 0.868
[4,   260] loss: 1.040
[4,   270] loss: 1.061
[4,   280] loss: 0.941
[4,   290] loss: 0.943
[4,   300] loss: 0.910
[4,   310] loss: 0.970
[4,   320] loss: 0.888
[4,   330] loss: 0.900
[4,   340] loss: 0.963
[4,   350] loss: 1.124
[4,   360] loss: 0.992
[4,   370] loss: 0.892
[4,   380] loss: 0.958
[4,   390] loss: 0.865
[4,   400] loss: 0.963
VALIDATION loss: 0.9233319163322449
[5,    10] loss: 0.965
[5,    20] loss: 0.966
[5,    30] loss: 0.854
[5,    40] loss: 0.889
[5,    50] loss: 0.868
[5,    60] loss: 1.025
[5,    70] loss: 0.986
[5,    80] loss: 0.935
[5,    90] loss: 0.856
[5,   100] loss: 0.898
[5,   110] loss: 0.846
[5,   120] loss: 0.871
[5,   130] loss: 0.830
[5,   140] loss: 0.739
[5,   150] loss: 0.846
[5,   160] loss: 0.783
[5,   170] loss: 0.861
[5,   180] loss: 0.896
[5,   190] loss: 0.890
[5,   200] loss: 0.884
[5,   210] loss: 0.840
[5,   220] loss: 0.820
[5,   230] loss: 0.940
[5,   240] loss: 0.874
[5,   250] loss: 0.934
[5,   260] loss: 0.870
[5,   270] loss: 0.851
[5,   280] loss: 0.897
[5,   290] loss: 0.862
[5,   300] loss: 0.782
[5,   310] loss: 0.802
[5,   320] loss: 0.828
[5,   330] loss: 0.887
[5,   340] loss: 0.914
[5,   350] loss: 0.865
[5,   360] loss: 0.893
[5,   370] loss: 0.822
[5,   380] loss: 0.749
[5,   390] loss: 0.903
[5,   400] loss: 0.894
VALIDATION loss: 1.5034537315368652
[6,    10] loss: 0.731
[6,    20] loss: 0.855
[6,    30] loss: 0.853
[6,    40] loss: 0.817
[6,    50] loss: 0.834
[6,    60] loss: 0.946
[6,    70] loss: 0.803
[6,    80] loss: 0.810
[6,    90] loss: 0.854
[6,   100] loss: 0.859
[6,   110] loss: 0.750
[6,   120] loss: 0.851
[6,   130] loss: 0.921
[6,   140] loss: 0.895
[6,   150] loss: 0.752
[6,   160] loss: 0.805
[6,   170] loss: 0.820
[6,   180] loss: 0.831
[6,   190] loss: 0.851
[6,   200] loss: 0.852
[6,   210] loss: 0.831
[6,   220] loss: 0.829
[6,   230] loss: 0.816
[6,   240] loss: 0.912
[6,   250] loss: 0.831
[6,   260] loss: 0.870
[6,   270] loss: 0.703
[6,   280] loss: 0.796
[6,   290] loss: 0.774
[6,   300] loss: 0.831
[6,   310] loss: 0.823
[6,   320] loss: 0.805
[6,   330] loss: 0.707
[6,   340] loss: 0.736
[6,   350] loss: 0.630
[6,   360] loss: 0.801
[6,   370] loss: 0.742
[6,   380] loss: 0.779
[6,   390] loss: 0.746
[6,   400] loss: 0.753
VALIDATION loss: 0.7783789038658142
[7,    10] loss: 0.796
[7,    20] loss: 0.721
[7,    30] loss: 0.824
[7,    40] loss: 0.783
[7,    50] loss: 0.779
[7,    60] loss: 0.760
[7,    70] loss: 0.794
[7,    80] loss: 0.832
[7,    90] loss: 0.716
[7,   100] loss: 0.826
[7,   110] loss: 0.779
[7,   120] loss: 0.870
[7,   130] loss: 0.649
[7,   140] loss: 0.751
[7,   150] loss: 0.746
[7,   160] loss: 0.719
[7,   170] loss: 0.862
[7,   180] loss: 0.832
[7,   190] loss: 0.753
[7,   200] loss: 0.725
[7,   210] loss: 0.783
[7,   220] loss: 0.742
[7,   230] loss: 0.767
[7,   240] loss: 0.748
[7,   250] loss: 0.850
[7,   260] loss: 0.753
[7,   270] loss: 0.642
[7,   280] loss: 0.682
[7,   290] loss: 0.712
[7,   300] loss: 0.809
[7,   310] loss: 0.664
[7,   320] loss: 0.750
[7,   330] loss: 0.752
[7,   340] loss: 0.728
[7,   350] loss: 0.693
[7,   360] loss: 0.798
[7,   370] loss: 0.803
[7,   380] loss: 0.739
[7,   390] loss: 0.759
[7,   400] loss: 0.810
VALIDATION loss: 0.7605826258659363
[8,    10] loss: 0.800
[8,    20] loss: 0.807
[8,    30] loss: 0.772
[8,    40] loss: 0.597
[8,    50] loss: 0.657
[8,    60] loss: 0.711
[8,    70] loss: 0.684
[8,    80] loss: 0.693
[8,    90] loss: 0.693
[8,   100] loss: 0.713
[8,   110] loss: 0.692
[8,   120] loss: 0.747
[8,   130] loss: 0.692
[8,   140] loss: 0.688
[8,   150] loss: 0.753
[8,   160] loss: 0.721
[8,   170] loss: 0.601
[8,   180] loss: 0.730
[8,   190] loss: 0.631
[8,   200] loss: 0.772
[8,   210] loss: 0.738
[8,   220] loss: 0.691
[8,   230] loss: 0.699
[8,   240] loss: 0.710
[8,   250] loss: 0.630
[8,   260] loss: 0.856
[8,   270] loss: 0.643
[8,   280] loss: 0.685
[8,   290] loss: 0.652
[8,   300] loss: 0.690
[8,   310] loss: 0.694
[8,   320] loss: 0.689
[8,   330] loss: 0.693
[8,   340] loss: 0.678
[8,   350] loss: 0.710
[8,   360] loss: 0.659
[8,   370] loss: 0.650
[8,   380] loss: 0.652
[8,   390] loss: 0.632
[8,   400] loss: 0.606
VALIDATION loss: 0.7438911199569702
[9,    10] loss: 0.643
[9,    20] loss: 0.671
[9,    30] loss: 0.668
[9,    40] loss: 0.735
[9,    50] loss: 0.651
[9,    60] loss: 0.718
[9,    70] loss: 0.742
[9,    80] loss: 0.662
[9,    90] loss: 0.779
[9,   100] loss: 0.686
[9,   110] loss: 0.754
[9,   120] loss: 0.673
[9,   130] loss: 0.702
[9,   140] loss: 0.591
[9,   150] loss: 0.783
[9,   160] loss: 0.705
[9,   170] loss: 0.635
[9,   180] loss: 0.610
[9,   190] loss: 0.727
[9,   200] loss: 0.651
[9,   210] loss: 0.686
[9,   220] loss: 0.626
[9,   230] loss: 0.642
[9,   240] loss: 0.690
[9,   250] loss: 0.680
[9,   260] loss: 0.606
[9,   270] loss: 0.619
[9,   280] loss: 0.663
[9,   290] loss: 0.594
[9,   300] loss: 0.678
[9,   310] loss: 0.666
[9,   320] loss: 0.690
[9,   330] loss: 0.664
[9,   340] loss: 0.735
[9,   350] loss: 0.725
[9,   360] loss: 0.546
[9,   370] loss: 0.676
[9,   380] loss: 0.680
[9,   390] loss: 0.707
[9,   400] loss: 0.679
VALIDATION loss: 0.8061431050300598
[10,    10] loss: 0.640
[10,    20] loss: 0.626
[10,    30] loss: 0.552
[10,    40] loss: 0.612
[10,    50] loss: 0.741
[10,    60] loss: 0.678
[10,    70] loss: 0.695
[10,    80] loss: 0.649
[10,    90] loss: 0.527
[10,   100] loss: 0.533
[10,   110] loss: 0.585
[10,   120] loss: 0.636
[10,   130] loss: 0.706
[10,   140] loss: 0.520
[10,   150] loss: 0.644
[10,   160] loss: 0.650
[10,   170] loss: 0.682
[10,   180] loss: 0.679
[10,   190] loss: 0.633
[10,   200] loss: 0.622
[10,   210] loss: 0.701
[10,   220] loss: 0.635
[10,   230] loss: 0.618
[10,   240] loss: 0.700
[10,   250] loss: 0.685
[10,   260] loss: 0.665
[10,   270] loss: 0.580
[10,   280] loss: 0.624
[10,   290] loss: 0.607
[10,   300] loss: 0.729
[10,   310] loss: 0.666
[10,   320] loss: 0.691
[10,   330] loss: 0.580
[10,   340] loss: 0.713
[10,   350] loss: 0.654
[10,   360] loss: 0.647
[10,   370] loss: 0.583
[10,   380] loss: 0.554
[10,   390] loss: 0.541
[10,   400] loss: 0.603
VALIDATION loss: 0.5983462333679199
[11,    10] loss: 0.651
[11,    20] loss: 0.625
[11,    30] loss: 0.623
[11,    40] loss: 0.668
[11,    50] loss: 0.620
[11,    60] loss: 0.629
[11,    70] loss: 0.638
[11,    80] loss: 0.714
[11,    90] loss: 0.698
[11,   100] loss: 0.604
[11,   110] loss: 0.647
[11,   120] loss: 0.579
[11,   130] loss: 0.591
[11,   140] loss: 0.517
[11,   150] loss: 0.537
[11,   160] loss: 0.682
[11,   170] loss: 0.635
[11,   180] loss: 0.685
[11,   190] loss: 0.517
[11,   200] loss: 0.633
[11,   210] loss: 0.602
[11,   220] loss: 0.530
[11,   230] loss: 0.609
[11,   240] loss: 0.660
[11,   250] loss: 0.672
[11,   260] loss: 0.566
[11,   270] loss: 0.647
[11,   280] loss: 0.647
[11,   290] loss: 0.595
[11,   300] loss: 0.567
[11,   310] loss: 0.631
[11,   320] loss: 0.540
[11,   330] loss: 0.494
[11,   340] loss: 0.559
[11,   350] loss: 0.678
[11,   360] loss: 0.466
[11,   370] loss: 0.552
[11,   380] loss: 0.617
[11,   390] loss: 0.649
[11,   400] loss: 0.546
VALIDATION loss: 0.6487393379211426
[12,    10] loss: 0.518
[12,    20] loss: 0.489
[12,    30] loss: 0.681
[12,    40] loss: 0.567
[12,    50] loss: 0.617
[12,    60] loss: 0.576
[12,    70] loss: 0.659
[12,    80] loss: 0.643
[12,    90] loss: 0.462
[12,   100] loss: 0.596
[12,   110] loss: 0.601
[12,   120] loss: 0.518
[12,   130] loss: 0.712
[12,   140] loss: 0.503
[12,   150] loss: 0.570
[12,   160] loss: 0.538
[12,   170] loss: 0.543
[12,   180] loss: 0.503
[12,   190] loss: 0.621
[12,   200] loss: 0.505
[12,   210] loss: 0.566
[12,   220] loss: 0.584
[12,   230] loss: 0.523
[12,   240] loss: 0.616
[12,   250] loss: 0.664
[12,   260] loss: 0.612
[12,   270] loss: 0.503
[12,   280] loss: 0.632
[12,   290] loss: 0.560
[12,   300] loss: 0.538
[12,   310] loss: 0.599
[12,   320] loss: 0.602
[12,   330] loss: 0.546
[12,   340] loss: 0.511
[12,   350] loss: 0.546
[12,   360] loss: 0.542
[12,   370] loss: 0.462
[12,   380] loss: 0.594
[12,   390] loss: 0.553
[12,   400] loss: 0.603
VALIDATION loss: 0.6214741468429565
[13,    10] loss: 0.524
[13,    20] loss: 0.519
[13,    30] loss: 0.513
[13,    40] loss: 0.562
[13,    50] loss: 0.521
[13,    60] loss: 0.575
[13,    70] loss: 0.470
[13,    80] loss: 0.523
[13,    90] loss: 0.587
[13,   100] loss: 0.519
[13,   110] loss: 0.628
[13,   120] loss: 0.577
[13,   130] loss: 0.571
[13,   140] loss: 0.547
[13,   150] loss: 0.484
[13,   160] loss: 0.507
[13,   170] loss: 0.506
[13,   180] loss: 0.550
[13,   190] loss: 0.473
[13,   200] loss: 0.537
[13,   210] loss: 0.554
[13,   220] loss: 0.588
[13,   230] loss: 0.600
[13,   240] loss: 0.565
[13,   250] loss: 0.557
[13,   260] loss: 0.542
[13,   270] loss: 0.534
[13,   280] loss: 0.526
[13,   290] loss: 0.569
[13,   300] loss: 0.528
[13,   310] loss: 0.629
[13,   320] loss: 0.548
[13,   330] loss: 0.572
[13,   340] loss: 0.586
[13,   350] loss: 0.541
[13,   360] loss: 0.494
[13,   370] loss: 0.602
[13,   380] loss: 0.478
[13,   390] loss: 0.574
[13,   400] loss: 0.509
VALIDATION loss: 0.4699476957321167
[14,    10] loss: 0.492
[14,    20] loss: 0.563
[14,    30] loss: 0.508
[14,    40] loss: 0.573
[14,    50] loss: 0.585
[14,    60] loss: 0.518
[14,    70] loss: 0.465
[14,    80] loss: 0.600
[14,    90] loss: 0.490
[14,   100] loss: 0.534
[14,   110] loss: 0.596
[14,   120] loss: 0.504
[14,   130] loss: 0.497
[14,   140] loss: 0.498
[14,   150] loss: 0.499
[14,   160] loss: 0.598
[14,   170] loss: 0.599
[14,   180] loss: 0.466
[14,   190] loss: 0.477
[14,   200] loss: 0.473
[14,   210] loss: 0.401
[14,   220] loss: 0.512
[14,   230] loss: 0.519
[14,   240] loss: 0.463
[14,   250] loss: 0.474
[14,   260] loss: 0.543
[14,   270] loss: 0.510
[14,   280] loss: 0.542
[14,   290] loss: 0.534
[14,   300] loss: 0.540
[14,   310] loss: 0.595
[14,   320] loss: 0.450
[14,   330] loss: 0.428
[14,   340] loss: 0.449
[14,   350] loss: 0.602
[14,   360] loss: 0.559
[14,   370] loss: 0.548
[14,   380] loss: 0.504
[14,   390] loss: 0.385
[14,   400] loss: 0.548
VALIDATION loss: 0.48120662569999695
[15,    10] loss: 0.575
[15,    20] loss: 0.565
[15,    30] loss: 0.454
[15,    40] loss: 0.458
[15,    50] loss: 0.452
[15,    60] loss: 0.607
[15,    70] loss: 0.486
[15,    80] loss: 0.538
[15,    90] loss: 0.623
[15,   100] loss: 0.469
[15,   110] loss: 0.534
[15,   120] loss: 0.523
[15,   130] loss: 0.539
[15,   140] loss: 0.446
[15,   150] loss: 0.464
[15,   160] loss: 0.464
[15,   170] loss: 0.496
[15,   180] loss: 0.489
[15,   190] loss: 0.492
[15,   200] loss: 0.498
[15,   210] loss: 0.527
[15,   220] loss: 0.472
[15,   230] loss: 0.537
[15,   240] loss: 0.455
[15,   250] loss: 0.511
[15,   260] loss: 0.460
[15,   270] loss: 0.572
[15,   280] loss: 0.488
[15,   290] loss: 0.499
[15,   300] loss: 0.484
[15,   310] loss: 0.514
[15,   320] loss: 0.457
[15,   330] loss: 0.502
[15,   340] loss: 0.471
[15,   350] loss: 0.515
[15,   360] loss: 0.444
[15,   370] loss: 0.578
[15,   380] loss: 0.541
[15,   390] loss: 0.493
[15,   400] loss: 0.522
VALIDATION loss: 1.2642779350280762
[16,    10] loss: 0.504
[16,    20] loss: 0.524
[16,    30] loss: 0.534
[16,    40] loss: 0.528
[16,    50] loss: 0.469
[16,    60] loss: 0.474
[16,    70] loss: 0.467
[16,    80] loss: 0.434
[16,    90] loss: 0.502
[16,   100] loss: 0.571
[16,   110] loss: 0.457
[16,   120] loss: 0.525
[16,   130] loss: 0.482
[16,   140] loss: 0.440
[16,   150] loss: 0.485
[16,   160] loss: 0.499
[16,   170] loss: 0.437
[16,   180] loss: 0.514
[16,   190] loss: 0.524
[16,   200] loss: 0.511
[16,   210] loss: 0.492
[16,   220] loss: 0.519
[16,   230] loss: 0.511
[16,   240] loss: 0.426
[16,   250] loss: 0.538
[16,   260] loss: 0.530
[16,   270] loss: 0.604
[16,   280] loss: 0.464
[16,   290] loss: 0.484
[16,   300] loss: 0.475
[16,   310] loss: 0.507
[16,   320] loss: 0.469
[16,   330] loss: 0.500
[16,   340] loss: 0.488
[16,   350] loss: 0.473
[16,   360] loss: 0.578
[16,   370] loss: 0.480
[16,   380] loss: 0.497
[16,   390] loss: 0.444
[16,   400] loss: 0.446
VALIDATION loss: 0.5370913743972778
[17,    10] loss: 0.498
[17,    20] loss: 0.451
[17,    30] loss: 0.487
[17,    40] loss: 0.538
[17,    50] loss: 0.499
[17,    60] loss: 0.436
[17,    70] loss: 0.471
[17,    80] loss: 0.462
[17,    90] loss: 0.417
[17,   100] loss: 0.403
[17,   110] loss: 0.374
[17,   120] loss: 0.418
[17,   130] loss: 0.485
[17,   140] loss: 0.439
[17,   150] loss: 0.522
[17,   160] loss: 0.407
[17,   170] loss: 0.488
[17,   180] loss: 0.495
[17,   190] loss: 0.504
[17,   200] loss: 0.534
[17,   210] loss: 0.485
[17,   220] loss: 0.479
[17,   230] loss: 0.465
[17,   240] loss: 0.580
[17,   250] loss: 0.324
[17,   260] loss: 0.497
[17,   270] loss: 0.444
[17,   280] loss: 0.489
[17,   290] loss: 0.580
[17,   300] loss: 0.509
[17,   310] loss: 0.467
[17,   320] loss: 0.449
[17,   330] loss: 0.448
[17,   340] loss: 0.481
[17,   350] loss: 0.405
[17,   360] loss: 0.477
[17,   370] loss: 0.411
[17,   380] loss: 0.401
[17,   390] loss: 0.408
[17,   400] loss: 0.396
VALIDATION loss: 0.4183084964752197
[18,    10] loss: 0.445
[18,    20] loss: 0.448
[18,    30] loss: 0.452
[18,    40] loss: 0.408
[18,    50] loss: 0.440
[18,    60] loss: 0.428
[18,    70] loss: 0.437
[18,    80] loss: 0.454
[18,    90] loss: 0.514
[18,   100] loss: 0.515
[18,   110] loss: 0.425
[18,   120] loss: 0.437
[18,   130] loss: 0.458
[18,   140] loss: 0.452
[18,   150] loss: 0.445
[18,   160] loss: 0.499
[18,   170] loss: 0.496
[18,   180] loss: 0.435
[18,   190] loss: 0.435
[18,   200] loss: 0.481
[18,   210] loss: 0.498
[18,   220] loss: 0.429
[18,   230] loss: 0.442
[18,   240] loss: 0.468
[18,   250] loss: 0.484
[18,   260] loss: 0.412
[18,   270] loss: 0.417
[18,   280] loss: 0.489
[18,   290] loss: 0.489
[18,   300] loss: 0.449
[18,   310] loss: 0.429
[18,   320] loss: 0.430
[18,   330] loss: 0.458
[18,   340] loss: 0.451
[18,   350] loss: 0.483
[18,   360] loss: 0.507
[18,   370] loss: 0.421
[18,   380] loss: 0.414
[18,   390] loss: 0.472
[18,   400] loss: 0.444
VALIDATION loss: 0.44600731134414673
[19,    10] loss: 0.480
[19,    20] loss: 0.451
[19,    30] loss: 0.369
[19,    40] loss: 0.403
[19,    50] loss: 0.429
[19,    60] loss: 0.412
[19,    70] loss: 0.516
[19,    80] loss: 0.445
[19,    90] loss: 0.472
[19,   100] loss: 0.499
[19,   110] loss: 0.465
[19,   120] loss: 0.396
[19,   130] loss: 0.552
[19,   140] loss: 0.471
[19,   150] loss: 0.493
[19,   160] loss: 0.463
[19,   170] loss: 0.484
[19,   180] loss: 0.455
[19,   190] loss: 0.473
[19,   200] loss: 0.399
[19,   210] loss: 0.415
[19,   220] loss: 0.381
[19,   230] loss: 0.406
[19,   240] loss: 0.378
[19,   250] loss: 0.370
[19,   260] loss: 0.428
[19,   270] loss: 0.366
[19,   280] loss: 0.434
[19,   290] loss: 0.442
[19,   300] loss: 0.477
[19,   310] loss: 0.413
[19,   320] loss: 0.446
[19,   330] loss: 0.417
[19,   340] loss: 0.361
[19,   350] loss: 0.388
[19,   360] loss: 0.459
[19,   370] loss: 0.390
[19,   380] loss: 0.466
[19,   390] loss: 0.456
[19,   400] loss: 0.444
VALIDATION loss: 0.551796555519104
[20,    10] loss: 0.423
[20,    20] loss: 0.442
[20,    30] loss: 0.444
[20,    40] loss: 0.377
[20,    50] loss: 0.427
[20,    60] loss: 0.424
[20,    70] loss: 0.403
[20,    80] loss: 0.350
[20,    90] loss: 0.373
[20,   100] loss: 0.456
[20,   110] loss: 0.511
[20,   120] loss: 0.516
[20,   130] loss: 0.377
[20,   140] loss: 0.414
[20,   150] loss: 0.371
[20,   160] loss: 0.440
[20,   170] loss: 0.406
[20,   180] loss: 0.394
[20,   190] loss: 0.406
[20,   200] loss: 0.414
[20,   210] loss: 0.433
[20,   220] loss: 0.355
[20,   230] loss: 0.445
[20,   240] loss: 0.409
[20,   250] loss: 0.351
[20,   260] loss: 0.388
[20,   270] loss: 0.392
[20,   280] loss: 0.432
[20,   290] loss: 0.479
[20,   300] loss: 0.461
[20,   310] loss: 0.401
[20,   320] loss: 0.450
[20,   330] loss: 0.369
[20,   340] loss: 0.475
[20,   350] loss: 0.364
[20,   360] loss: 0.345
[20,   370] loss: 0.380
[20,   380] loss: 0.411
[20,   390] loss: 0.471
[20,   400] loss: 0.448
VALIDATION loss: 0.4021203815937042
[21,    10] loss: 0.476
[21,    20] loss: 0.421
[21,    30] loss: 0.422
[21,    40] loss: 0.334
[21,    50] loss: 0.427
[21,    60] loss: 0.472
[21,    70] loss: 0.436
[21,    80] loss: 0.359
[21,    90] loss: 0.428
[21,   100] loss: 0.384
[21,   110] loss: 0.430
[21,   120] loss: 0.348
[21,   130] loss: 0.350
[21,   140] loss: 0.371
[21,   150] loss: 0.473
[21,   160] loss: 0.391
[21,   170] loss: 0.398
[21,   180] loss: 0.415
[21,   190] loss: 0.450
[21,   200] loss: 0.378
[21,   210] loss: 0.398
[21,   220] loss: 0.494
[21,   230] loss: 0.436
[21,   240] loss: 0.434
[21,   250] loss: 0.393
[21,   260] loss: 0.450
[21,   270] loss: 0.422
[21,   280] loss: 0.398
[21,   290] loss: 0.418
[21,   300] loss: 0.474
[21,   310] loss: 0.380
[21,   320] loss: 0.390
[21,   330] loss: 0.399
[21,   340] loss: 0.353
[21,   350] loss: 0.418
[21,   360] loss: 0.420
[21,   370] loss: 0.335
[21,   380] loss: 0.431
[21,   390] loss: 0.457
[21,   400] loss: 0.343
VALIDATION loss: 0.9371442198753357
[22,    10] loss: 0.395
[22,    20] loss: 0.392
[22,    30] loss: 0.412
[22,    40] loss: 0.509
[22,    50] loss: 0.424
[22,    60] loss: 0.407
[22,    70] loss: 0.471
[22,    80] loss: 0.412
[22,    90] loss: 0.360
[22,   100] loss: 0.412
[22,   110] loss: 0.371
[22,   120] loss: 0.367
[22,   130] loss: 0.432
[22,   140] loss: 0.453
[22,   150] loss: 0.391
[22,   160] loss: 0.446
[22,   170] loss: 0.410
[22,   180] loss: 0.347
[22,   190] loss: 0.407
[22,   200] loss: 0.406
[22,   210] loss: 0.434
[22,   220] loss: 0.346
[22,   230] loss: 0.326
[22,   240] loss: 0.376
[22,   250] loss: 0.363
[22,   260] loss: 0.388
[22,   270] loss: 0.389
[22,   280] loss: 0.419
[22,   290] loss: 0.347
[22,   300] loss: 0.336
[22,   310] loss: 0.385
[22,   320] loss: 0.419
[22,   330] loss: 0.343
[22,   340] loss: 0.340
[22,   350] loss: 0.477
[22,   360] loss: 0.364
[22,   370] loss: 0.392
[22,   380] loss: 0.453
[22,   390] loss: 0.417
[22,   400] loss: 0.357
VALIDATION loss: 1.5831316709518433
[23,    10] loss: 0.424
[23,    20] loss: 0.406
[23,    30] loss: 0.383
[23,    40] loss: 0.369
[23,    50] loss: 0.339
[23,    60] loss: 0.391
[23,    70] loss: 0.419
[23,    80] loss: 0.370
[23,    90] loss: 0.326
[23,   100] loss: 0.396
[23,   110] loss: 0.348
[23,   120] loss: 0.430
[23,   130] loss: 0.477
[23,   140] loss: 0.453
[23,   150] loss: 0.374
[23,   160] loss: 0.409
[23,   170] loss: 0.338
[23,   180] loss: 0.375
[23,   190] loss: 0.334
[23,   200] loss: 0.420
[23,   210] loss: 0.383
[23,   220] loss: 0.393
[23,   230] loss: 0.445
[23,   240] loss: 0.371
[23,   250] loss: 0.351
[23,   260] loss: 0.449
[23,   270] loss: 0.354
[23,   280] loss: 0.388
[23,   290] loss: 0.508
[23,   300] loss: 0.408
[23,   310] loss: 0.322
[23,   320] loss: 0.365
[23,   330] loss: 0.317
[23,   340] loss: 0.388
[23,   350] loss: 0.309
[23,   360] loss: 0.382
[23,   370] loss: 0.332
[23,   380] loss: 0.378
[23,   390] loss: 0.335
[23,   400] loss: 0.356
VALIDATION loss: 0.4513261318206787
[24,    10] loss: 0.439
[24,    20] loss: 0.455
[24,    30] loss: 0.438
[24,    40] loss: 0.391
[24,    50] loss: 0.400
[24,    60] loss: 0.343
[24,    70] loss: 0.357
[24,    80] loss: 0.341
[24,    90] loss: 0.318
[24,   100] loss: 0.298
[24,   110] loss: 0.412
[24,   120] loss: 0.311
[24,   130] loss: 0.353
[24,   140] loss: 0.428
[24,   150] loss: 0.411
[24,   160] loss: 0.328
[24,   170] loss: 0.401
[24,   180] loss: 0.366
[24,   190] loss: 0.381
[24,   200] loss: 0.372
[24,   210] loss: 0.450
[24,   220] loss: 0.360
[24,   230] loss: 0.358
[24,   240] loss: 0.424
[24,   250] loss: 0.431
[24,   260] loss: 0.422
[24,   270] loss: 0.338
[24,   280] loss: 0.376
[24,   290] loss: 0.369
[24,   300] loss: 0.342
[24,   310] loss: 0.384
[24,   320] loss: 0.408
[24,   330] loss: 0.304
[24,   340] loss: 0.372
[24,   350] loss: 0.400
[24,   360] loss: 0.323
[24,   370] loss: 0.384
[24,   380] loss: 0.336
[24,   390] loss: 0.365
[24,   400] loss: 0.360
VALIDATION loss: 1.0501594543457031
[25,    10] loss: 0.369
[25,    20] loss: 0.372
[25,    30] loss: 0.357
[25,    40] loss: 0.392
[25,    50] loss: 0.307
[25,    60] loss: 0.423
[25,    70] loss: 0.427
[25,    80] loss: 0.365
[25,    90] loss: 0.350
[25,   100] loss: 0.375
[25,   110] loss: 0.372
[25,   120] loss: 0.381
[25,   130] loss: 0.380
[25,   140] loss: 0.302
[25,   150] loss: 0.357
[25,   160] loss: 0.382
[25,   170] loss: 0.366
[25,   180] loss: 0.397
[25,   190] loss: 0.360
[25,   200] loss: 0.387
[25,   210] loss: 0.416
[25,   220] loss: 0.306
[25,   230] loss: 0.282
[25,   240] loss: 0.312
[25,   250] loss: 0.349
[25,   260] loss: 0.388
[25,   270] loss: 0.361
[25,   280] loss: 0.350
[25,   290] loss: 0.358
[25,   300] loss: 0.373
[25,   310] loss: 0.398
[25,   320] loss: 0.370
[25,   330] loss: 0.388
[25,   340] loss: 0.334
[25,   350] loss: 0.356
[25,   360] loss: 0.397
[25,   370] loss: 0.396
[25,   380] loss: 0.405
[25,   390] loss: 0.356
[25,   400] loss: 0.387
VALIDATION loss: 0.3312792479991913
[26,    10] loss: 0.429
[26,    20] loss: 0.391
[26,    30] loss: 0.333
[26,    40] loss: 0.329
[26,    50] loss: 0.359
[26,    60] loss: 0.303
[26,    70] loss: 0.323
[26,    80] loss: 0.323
[26,    90] loss: 0.363
[26,   100] loss: 0.395
[26,   110] loss: 0.404
[26,   120] loss: 0.387
[26,   130] loss: 0.361
[26,   140] loss: 0.372
[26,   150] loss: 0.410
[26,   160] loss: 0.325
[26,   170] loss: 0.330
[26,   180] loss: 0.369
[26,   190] loss: 0.382
[26,   200] loss: 0.378
[26,   210] loss: 0.354
[26,   220] loss: 0.316
[26,   230] loss: 0.290
[26,   240] loss: 0.380
[26,   250] loss: 0.327
[26,   260] loss: 0.324
[26,   270] loss: 0.319
[26,   280] loss: 0.322
[26,   290] loss: 0.368
[26,   300] loss: 0.444
[26,   310] loss: 0.358
[26,   320] loss: 0.363
[26,   330] loss: 0.334
[26,   340] loss: 0.367
[26,   350] loss: 0.361
[26,   360] loss: 0.350
[26,   370] loss: 0.345
[26,   380] loss: 0.329
[26,   390] loss: 0.344
[26,   400] loss: 0.389
VALIDATION loss: 1.945290446281433
[27,    10] loss: 0.430
[27,    20] loss: 0.347
[27,    30] loss: 0.338
[27,    40] loss: 0.294
[27,    50] loss: 0.394
[27,    60] loss: 0.358
[27,    70] loss: 0.324
[27,    80] loss: 0.369
[27,    90] loss: 0.366
[27,   100] loss: 0.335
[27,   110] loss: 0.329
[27,   120] loss: 0.355
[27,   130] loss: 0.328
[27,   140] loss: 0.337
[27,   150] loss: 0.294
[27,   160] loss: 0.272
[27,   170] loss: 0.340
[27,   180] loss: 0.353
[27,   190] loss: 0.349
[27,   200] loss: 0.387
[27,   210] loss: 0.402
[27,   220] loss: 0.333
[27,   230] loss: 0.369
[27,   240] loss: 0.350
[27,   250] loss: 0.350
[27,   260] loss: 0.337
[27,   270] loss: 0.350
[27,   280] loss: 0.320
[27,   290] loss: 0.309
[27,   300] loss: 0.381
[27,   310] loss: 0.464
[27,   320] loss: 0.360
[27,   330] loss: 0.411
[27,   340] loss: 0.355
[27,   350] loss: 0.348
[27,   360] loss: 0.331
[27,   370] loss: 0.262
[27,   380] loss: 0.297
[27,   390] loss: 0.315
[27,   400] loss: 0.352
VALIDATION loss: 0.3557799160480499
[28,    10] loss: 0.282
[28,    20] loss: 0.346
[28,    30] loss: 0.340
[28,    40] loss: 0.373
[28,    50] loss: 0.315
[28,    60] loss: 0.295
[28,    70] loss: 0.302
[28,    80] loss: 0.334
[28,    90] loss: 0.367
[28,   100] loss: 0.349
[28,   110] loss: 0.328
[28,   120] loss: 0.403
[28,   130] loss: 0.348
[28,   140] loss: 0.310
[28,   150] loss: 0.337
[28,   160] loss: 0.352
[28,   170] loss: 0.323
[28,   180] loss: 0.353
[28,   190] loss: 0.433
[28,   200] loss: 0.260
[28,   210] loss: 0.404
[28,   220] loss: 0.328
[28,   230] loss: 0.399
[28,   240] loss: 0.322
[28,   250] loss: 0.300
[28,   260] loss: 0.316
[28,   270] loss: 0.298
[28,   280] loss: 0.321
[28,   290] loss: 0.302
[28,   300] loss: 0.278
[28,   310] loss: 0.374
[28,   320] loss: 0.328
[28,   330] loss: 0.372
[28,   340] loss: 0.344
[28,   350] loss: 0.354
[28,   360] loss: 0.321
[28,   370] loss: 0.365
[28,   380] loss: 0.375
[28,   390] loss: 0.364
[28,   400] loss: 0.348
VALIDATION loss: 0.29314976930618286
[29,    10] loss: 0.271
[29,    20] loss: 0.254
[29,    30] loss: 0.322
[29,    40] loss: 0.311
[29,    50] loss: 0.316
[29,    60] loss: 0.360
[29,    70] loss: 0.336
[29,    80] loss: 0.297
[29,    90] loss: 0.313
[29,   100] loss: 0.428
[29,   110] loss: 0.303
[29,   120] loss: 0.328
[29,   130] loss: 0.279
[29,   140] loss: 0.321
[29,   150] loss: 0.289
[29,   160] loss: 0.386
[29,   170] loss: 0.371
[29,   180] loss: 0.259
[29,   190] loss: 0.356
[29,   200] loss: 0.313
[29,   210] loss: 0.343
[29,   220] loss: 0.333
[29,   230] loss: 0.368
[29,   240] loss: 0.380
[29,   250] loss: 0.403
[29,   260] loss: 0.253
[29,   270] loss: 0.297
[29,   280] loss: 0.300
[29,   290] loss: 0.397
[29,   300] loss: 0.333
[29,   310] loss: 0.359
[29,   320] loss: 0.262
[29,   330] loss: 0.362
[29,   340] loss: 0.269
[29,   350] loss: 0.307
[29,   360] loss: 0.320
[29,   370] loss: 0.313
[29,   380] loss: 0.318
[29,   390] loss: 0.286
[29,   400] loss: 0.308
VALIDATION loss: 0.4291688799858093
[30,    10] loss: 0.310
[30,    20] loss: 0.337
[30,    30] loss: 0.368
[30,    40] loss: 0.281
[30,    50] loss: 0.313
[30,    60] loss: 0.276
[30,    70] loss: 0.364
[30,    80] loss: 0.374
[30,    90] loss: 0.295
[30,   100] loss: 0.304
[30,   110] loss: 0.305
[30,   120] loss: 0.337
[30,   130] loss: 0.275
[30,   140] loss: 0.288
[30,   150] loss: 0.350
[30,   160] loss: 0.328
[30,   170] loss: 0.304
[30,   180] loss: 0.283
[30,   190] loss: 0.256
[30,   200] loss: 0.283
[30,   210] loss: 0.312
[30,   220] loss: 0.302
[30,   230] loss: 0.362
[30,   240] loss: 0.349
[30,   250] loss: 0.343
[30,   260] loss: 0.337
[30,   270] loss: 0.319
[30,   280] loss: 0.335
[30,   290] loss: 0.352
[30,   300] loss: 0.328
[30,   310] loss: 0.316
[30,   320] loss: 0.326
[30,   330] loss: 0.328
[30,   340] loss: 0.279
[30,   350] loss: 0.352
[30,   360] loss: 0.308
[30,   370] loss: 0.273
[30,   380] loss: 0.296
[30,   390] loss: 0.325
[30,   400] loss: 0.290
VALIDATION loss: 0.33508238196372986
[31,    10] loss: 0.295
[31,    20] loss: 0.289
[31,    30] loss: 0.291
[31,    40] loss: 0.329
[31,    50] loss: 0.343
[31,    60] loss: 0.274
[31,    70] loss: 0.304
[31,    80] loss: 0.320
[31,    90] loss: 0.338
[31,   100] loss: 0.322
[31,   110] loss: 0.329
[31,   120] loss: 0.320
[31,   130] loss: 0.320
[31,   140] loss: 0.366
[31,   150] loss: 0.306
[31,   160] loss: 0.277
[31,   170] loss: 0.252
[31,   180] loss: 0.332
[31,   190] loss: 0.394
[31,   200] loss: 0.350
[31,   210] loss: 0.337
[31,   220] loss: 0.311
[31,   230] loss: 0.303
[31,   240] loss: 0.287
[31,   250] loss: 0.358
[31,   260] loss: 0.328
[31,   270] loss: 0.445
[31,   280] loss: 0.300
[31,   290] loss: 0.303
[31,   300] loss: 0.261
[31,   310] loss: 0.369
[31,   320] loss: 0.354
[31,   330] loss: 0.309
[31,   340] loss: 0.311
[31,   350] loss: 0.318
[31,   360] loss: 0.294
[31,   370] loss: 0.233
[31,   380] loss: 0.321
[31,   390] loss: 0.317
[31,   400] loss: 0.327
VALIDATION loss: 0.2904614508152008
[32,    10] loss: 0.320
[32,    20] loss: 0.304
[32,    30] loss: 0.376
[32,    40] loss: 0.330
[32,    50] loss: 0.321
[32,    60] loss: 0.246
[32,    70] loss: 0.311
[32,    80] loss: 0.318
[32,    90] loss: 0.269
[32,   100] loss: 0.327
[32,   110] loss: 0.285
[32,   120] loss: 0.317
[32,   130] loss: 0.281
[32,   140] loss: 0.242
[32,   150] loss: 0.282
[32,   160] loss: 0.349
[32,   170] loss: 0.268
[32,   180] loss: 0.334
[32,   190] loss: 0.302
[32,   200] loss: 0.306
[32,   210] loss: 0.335
[32,   220] loss: 0.348
[32,   230] loss: 0.300
[32,   240] loss: 0.324
[32,   250] loss: 0.283
[32,   260] loss: 0.260
[32,   270] loss: 0.315
[32,   280] loss: 0.270
[32,   290] loss: 0.337
[32,   300] loss: 0.312
[32,   310] loss: 0.287
[32,   320] loss: 0.388
[32,   330] loss: 0.306
[32,   340] loss: 0.325
[32,   350] loss: 0.275
[32,   360] loss: 0.276
[32,   370] loss: 0.283
[32,   380] loss: 0.333
[32,   390] loss: 0.328
[32,   400] loss: 0.280
VALIDATION loss: 0.33445098996162415
[33,    10] loss: 0.300
[33,    20] loss: 0.309
[33,    30] loss: 0.299
[33,    40] loss: 0.267
[33,    50] loss: 0.346
[33,    60] loss: 0.345
[33,    70] loss: 0.335
[33,    80] loss: 0.311
[33,    90] loss: 0.312
[33,   100] loss: 0.286
[33,   110] loss: 0.302
[33,   120] loss: 0.302
[33,   130] loss: 0.314
[33,   140] loss: 0.286
[33,   150] loss: 0.312
[33,   160] loss: 0.303
[33,   170] loss: 0.294
[33,   180] loss: 0.338
[33,   190] loss: 0.309
[33,   200] loss: 0.268
[33,   210] loss: 0.325
[33,   220] loss: 0.267
[33,   230] loss: 0.263
[33,   240] loss: 0.355
[33,   250] loss: 0.379
[33,   260] loss: 0.261
[33,   270] loss: 0.357
[33,   280] loss: 0.274
[33,   290] loss: 0.268
[33,   300] loss: 0.283
[33,   310] loss: 0.312
[33,   320] loss: 0.254
[33,   330] loss: 0.326
[33,   340] loss: 0.383
[33,   350] loss: 0.254
[33,   360] loss: 0.253
[33,   370] loss: 0.295
[33,   380] loss: 0.275
[33,   390] loss: 0.235
[33,   400] loss: 0.278
VALIDATION loss: 0.33109089732170105
[34,    10] loss: 0.277
[34,    20] loss: 0.252
[34,    30] loss: 0.289
[34,    40] loss: 0.285
[34,    50] loss: 0.321
[34,    60] loss: 0.303
[34,    70] loss: 0.298
[34,    80] loss: 0.256
[34,    90] loss: 0.288
[34,   100] loss: 0.316
[34,   110] loss: 0.342
[34,   120] loss: 0.326
[34,   130] loss: 0.271
[34,   140] loss: 0.255
[34,   150] loss: 0.270
[34,   160] loss: 0.281
[34,   170] loss: 0.283
[34,   180] loss: 0.256
[34,   190] loss: 0.270
[34,   200] loss: 0.315
[34,   210] loss: 0.269
[34,   220] loss: 0.296
[34,   230] loss: 0.282
[34,   240] loss: 0.350
[34,   250] loss: 0.289
[34,   260] loss: 0.276
[34,   270] loss: 0.313
[34,   280] loss: 0.205
[34,   290] loss: 0.329
[34,   300] loss: 0.350
[34,   310] loss: 0.271
[34,   320] loss: 0.278
[34,   330] loss: 0.267
[34,   340] loss: 0.356
[34,   350] loss: 0.290
[34,   360] loss: 0.280
[34,   370] loss: 0.281
[34,   380] loss: 0.346
[34,   390] loss: 0.325
[34,   400] loss: 0.271
VALIDATION loss: 0.3133019804954529
[35,    10] loss: 0.230
[35,    20] loss: 0.242
[35,    30] loss: 0.357
[35,    40] loss: 0.280
[35,    50] loss: 0.288
[35,    60] loss: 0.262
[35,    70] loss: 0.234
[35,    80] loss: 0.348
[35,    90] loss: 0.262
[35,   100] loss: 0.303
[35,   110] loss: 0.285
[35,   120] loss: 0.259
[35,   130] loss: 0.219
[35,   140] loss: 0.360
[35,   150] loss: 0.320
[35,   160] loss: 0.255
[35,   170] loss: 0.298
[35,   180] loss: 0.289
[35,   190] loss: 0.312
[35,   200] loss: 0.246
[35,   210] loss: 0.314
[35,   220] loss: 0.348
[35,   230] loss: 0.338
[35,   240] loss: 0.273
[35,   250] loss: 0.300
[35,   260] loss: 0.378
[35,   270] loss: 0.296
[35,   280] loss: 0.333
[35,   290] loss: 0.294
[35,   300] loss: 0.357
[35,   310] loss: 0.321
[35,   320] loss: 0.331
[35,   330] loss: 0.271
[35,   340] loss: 0.261
[35,   350] loss: 0.237
[35,   360] loss: 0.270
[35,   370] loss: 0.221
[35,   380] loss: 0.281
[35,   390] loss: 0.255
[35,   400] loss: 0.286
VALIDATION loss: 0.2486693263053894
[36,    10] loss: 0.262
[36,    20] loss: 0.259
[36,    30] loss: 0.267
[36,    40] loss: 0.235
[36,    50] loss: 0.338
[36,    60] loss: 0.314
[36,    70] loss: 0.252
[36,    80] loss: 0.314
[36,    90] loss: 0.280
[36,   100] loss: 0.246
[36,   110] loss: 0.290
[36,   120] loss: 0.276
[36,   130] loss: 0.286
[36,   140] loss: 0.237
[36,   150] loss: 0.316
[36,   160] loss: 0.291
[36,   170] loss: 0.326
[36,   180] loss: 0.250
[36,   190] loss: 0.356
[36,   200] loss: 0.286
[36,   210] loss: 0.279
[36,   220] loss: 0.290
[36,   230] loss: 0.247
[36,   240] loss: 0.293
[36,   250] loss: 0.277
[36,   260] loss: 0.296
[36,   270] loss: 0.237
[36,   280] loss: 0.289
[36,   290] loss: 0.262
[36,   300] loss: 0.282
[36,   310] loss: 0.253
[36,   320] loss: 0.222
[36,   330] loss: 0.310
[36,   340] loss: 0.310
[36,   350] loss: 0.252
[36,   360] loss: 0.250
[36,   370] loss: 0.278
[36,   380] loss: 0.286
[36,   390] loss: 0.278
[36,   400] loss: 0.344
VALIDATION loss: 0.5393346548080444
[37,    10] loss: 0.212
[37,    20] loss: 0.241
[37,    30] loss: 0.326
[37,    40] loss: 0.272
[37,    50] loss: 0.284
[37,    60] loss: 0.296
[37,    70] loss: 0.291
[37,    80] loss: 0.259
[37,    90] loss: 0.288
[37,   100] loss: 0.299
[37,   110] loss: 0.291
[37,   120] loss: 0.244
[37,   130] loss: 0.240
[37,   140] loss: 0.262
[37,   150] loss: 0.247
[37,   160] loss: 0.317
[37,   170] loss: 0.341
[37,   180] loss: 0.289
[37,   190] loss: 0.247
[37,   200] loss: 0.266
[37,   210] loss: 0.304
[37,   220] loss: 0.329
[37,   230] loss: 0.298
[37,   240] loss: 0.283
[37,   250] loss: 0.318
[37,   260] loss: 0.253
[37,   270] loss: 0.266
[37,   280] loss: 0.311
[37,   290] loss: 0.230
[37,   300] loss: 0.310
[37,   310] loss: 0.289
[37,   320] loss: 0.299
[37,   330] loss: 0.248
[37,   340] loss: 0.362
[37,   350] loss: 0.293
[37,   360] loss: 0.283
[37,   370] loss: 0.277
[37,   380] loss: 0.282
[37,   390] loss: 0.245
[37,   400] loss: 0.278
VALIDATION loss: 0.35209527611732483
[38,    10] loss: 0.309
[38,    20] loss: 0.284
[38,    30] loss: 0.250
[38,    40] loss: 0.307
[38,    50] loss: 0.205
[38,    60] loss: 0.288
[38,    70] loss: 0.275
[38,    80] loss: 0.267
[38,    90] loss: 0.276
[38,   100] loss: 0.245
[38,   110] loss: 0.318
[38,   120] loss: 0.284
[38,   130] loss: 0.282
[38,   140] loss: 0.290
[38,   150] loss: 0.265
[38,   160] loss: 0.286
[38,   170] loss: 0.272
[38,   180] loss: 0.282
[38,   190] loss: 0.296
[38,   200] loss: 0.211
[38,   210] loss: 0.232
[38,   220] loss: 0.303
[38,   230] loss: 0.231
[38,   240] loss: 0.275
[38,   250] loss: 0.304
[38,   260] loss: 0.300
[38,   270] loss: 0.233
[38,   280] loss: 0.278
[38,   290] loss: 0.234
[38,   300] loss: 0.307
[38,   310] loss: 0.301
[38,   320] loss: 0.247
[38,   330] loss: 0.315
[38,   340] loss: 0.279
[38,   350] loss: 0.280
[38,   360] loss: 0.253
[38,   370] loss: 0.253
[38,   380] loss: 0.277
[38,   390] loss: 0.230
[38,   400] loss: 0.304
VALIDATION loss: 0.27784886956214905
[39,    10] loss: 0.297
[39,    20] loss: 0.295
[39,    30] loss: 0.286
[39,    40] loss: 0.258
[39,    50] loss: 0.259
[39,    60] loss: 0.279
[39,    70] loss: 0.268
[39,    80] loss: 0.269
[39,    90] loss: 0.239
[39,   100] loss: 0.326
[39,   110] loss: 0.262
[39,   120] loss: 0.196
[39,   130] loss: 0.259
[39,   140] loss: 0.231
[39,   150] loss: 0.257
[39,   160] loss: 0.243
[39,   170] loss: 0.262
[39,   180] loss: 0.327
[39,   190] loss: 0.248
[39,   200] loss: 0.282
[39,   210] loss: 0.261
[39,   220] loss: 0.310
[39,   230] loss: 0.282
[39,   240] loss: 0.312
[39,   250] loss: 0.226
[39,   260] loss: 0.255
[39,   270] loss: 0.249
[39,   280] loss: 0.264
[39,   290] loss: 0.284
[39,   300] loss: 0.257
[39,   310] loss: 0.262
[39,   320] loss: 0.300
[39,   330] loss: 0.279
[39,   340] loss: 0.185
[39,   350] loss: 0.255
[39,   360] loss: 0.268
[39,   370] loss: 0.280
[39,   380] loss: 0.281
[39,   390] loss: 0.318
[39,   400] loss: 0.271
VALIDATION loss: 0.8561761379241943
[40,    10] loss: 0.252
[40,    20] loss: 0.247
[40,    30] loss: 0.223
[40,    40] loss: 0.270
[40,    50] loss: 0.282
[40,    60] loss: 0.243
[40,    70] loss: 0.244
[40,    80] loss: 0.229
[40,    90] loss: 0.245
[40,   100] loss: 0.236
[40,   110] loss: 0.195
[40,   120] loss: 0.215
[40,   130] loss: 0.288
[40,   140] loss: 0.286
[40,   150] loss: 0.252
[40,   160] loss: 0.317
[40,   170] loss: 0.300
[40,   180] loss: 0.246
[40,   190] loss: 0.316
[40,   200] loss: 0.288
[40,   210] loss: 0.266
[40,   220] loss: 0.253
[40,   230] loss: 0.252
[40,   240] loss: 0.220
[40,   250] loss: 0.276
[40,   260] loss: 0.251
[40,   270] loss: 0.275
[40,   280] loss: 0.255
[40,   290] loss: 0.232
[40,   300] loss: 0.245
[40,   310] loss: 0.269
[40,   320] loss: 0.232
[40,   330] loss: 0.300
[40,   340] loss: 0.278
[40,   350] loss: 0.218
[40,   360] loss: 0.270
[40,   370] loss: 0.279
[40,   380] loss: 0.259
[40,   390] loss: 0.263
[40,   400] loss: 0.265
VALIDATION loss: 0.24494506418704987
[41,    10] loss: 0.219
[41,    20] loss: 0.259
[41,    30] loss: 0.278
[41,    40] loss: 0.265
[41,    50] loss: 0.274
[41,    60] loss: 0.277
[41,    70] loss: 0.228
[41,    80] loss: 0.237
[41,    90] loss: 0.200
[41,   100] loss: 0.268
[41,   110] loss: 0.250
[41,   120] loss: 0.241
[41,   130] loss: 0.306
[41,   140] loss: 0.237
[41,   150] loss: 0.263
[41,   160] loss: 0.194
[41,   170] loss: 0.244
[41,   180] loss: 0.277
[41,   190] loss: 0.235
[41,   200] loss: 0.281
[41,   210] loss: 0.235
[41,   220] loss: 0.253
[41,   230] loss: 0.291
[41,   240] loss: 0.300
[41,   250] loss: 0.286
[41,   260] loss: 0.371
[41,   270] loss: 0.251
[41,   280] loss: 0.258
[41,   290] loss: 0.298
[41,   300] loss: 0.267
[41,   310] loss: 0.252
[41,   320] loss: 0.261
[41,   330] loss: 0.277
[41,   340] loss: 0.240
[41,   350] loss: 0.231
[41,   360] loss: 0.256
[41,   370] loss: 0.328
[41,   380] loss: 0.223
[41,   390] loss: 0.315
[41,   400] loss: 0.284
VALIDATION loss: 0.5241926908493042
[42,    10] loss: 0.223
[42,    20] loss: 0.249
[42,    30] loss: 0.292
[42,    40] loss: 0.276
[42,    50] loss: 0.251
[42,    60] loss: 0.254
[42,    70] loss: 0.273
[42,    80] loss: 0.195
[42,    90] loss: 0.194
[42,   100] loss: 0.235
[42,   110] loss: 0.263
[42,   120] loss: 0.264
[42,   130] loss: 0.243
[42,   140] loss: 0.280
[42,   150] loss: 0.273
[42,   160] loss: 0.255
[42,   170] loss: 0.265
[42,   180] loss: 0.251
[42,   190] loss: 0.317
[42,   200] loss: 0.285
[42,   210] loss: 0.298
[42,   220] loss: 0.297
[42,   230] loss: 0.234
[42,   240] loss: 0.229
[42,   250] loss: 0.232
[42,   260] loss: 0.226
[42,   270] loss: 0.275
[42,   280] loss: 0.250
[42,   290] loss: 0.228
[42,   300] loss: 0.282
[42,   310] loss: 0.236
[42,   320] loss: 0.219
[42,   330] loss: 0.250
[42,   340] loss: 0.308
[42,   350] loss: 0.235
[42,   360] loss: 0.276
[42,   370] loss: 0.282
[42,   380] loss: 0.276
[42,   390] loss: 0.227
[42,   400] loss: 0.232
VALIDATION loss: 0.2762618660926819
[43,    10] loss: 0.238
[43,    20] loss: 0.213
[43,    30] loss: 0.309
[43,    40] loss: 0.231
[43,    50] loss: 0.265
[43,    60] loss: 0.293
[43,    70] loss: 0.248
[43,    80] loss: 0.237
[43,    90] loss: 0.272
[43,   100] loss: 0.247
[43,   110] loss: 0.281
[43,   120] loss: 0.294
[43,   130] loss: 0.208
[43,   140] loss: 0.222
[43,   150] loss: 0.267
[43,   160] loss: 0.279
[43,   170] loss: 0.296
[43,   180] loss: 0.179
[43,   190] loss: 0.223
[43,   200] loss: 0.243
[43,   210] loss: 0.214
[43,   220] loss: 0.221
[43,   230] loss: 0.266
[43,   240] loss: 0.234
[43,   250] loss: 0.305
[43,   260] loss: 0.268
[43,   270] loss: 0.269
[43,   280] loss: 0.223
[43,   290] loss: 0.245
[43,   300] loss: 0.214
[43,   310] loss: 0.273
[43,   320] loss: 0.306
[43,   330] loss: 0.222
[43,   340] loss: 0.276
[43,   350] loss: 0.234
[43,   360] loss: 0.280
[43,   370] loss: 0.251
[43,   380] loss: 0.258
[43,   390] loss: 0.260
[43,   400] loss: 0.278
VALIDATION loss: 0.43472281098365784
[44,    10] loss: 0.221
[44,    20] loss: 0.195
[44,    30] loss: 0.207
[44,    40] loss: 0.285
[44,    50] loss: 0.283
[44,    60] loss: 0.238
[44,    70] loss: 0.246
[44,    80] loss: 0.265
[44,    90] loss: 0.275
[44,   100] loss: 0.261
[44,   110] loss: 0.278
[44,   120] loss: 0.248
[44,   130] loss: 0.255
[44,   140] loss: 0.217
[44,   150] loss: 0.211
[44,   160] loss: 0.253
[44,   170] loss: 0.266
[44,   180] loss: 0.230
[44,   190] loss: 0.195
[44,   200] loss: 0.298
[44,   210] loss: 0.296
[44,   220] loss: 0.255
[44,   230] loss: 0.223
[44,   240] loss: 0.258
[44,   250] loss: 0.285
[44,   260] loss: 0.270
[44,   270] loss: 0.279
[44,   280] loss: 0.236
[44,   290] loss: 0.273
[44,   300] loss: 0.286
[44,   310] loss: 0.233
[44,   320] loss: 0.245
[44,   330] loss: 0.222
[44,   340] loss: 0.223
[44,   350] loss: 0.262
[44,   360] loss: 0.208
[44,   370] loss: 0.260
[44,   380] loss: 0.232
[44,   390] loss: 0.216
[44,   400] loss: 0.207
VALIDATION loss: 0.3065788745880127
[45,    10] loss: 0.282
[45,    20] loss: 0.267
[45,    30] loss: 0.277
[45,    40] loss: 0.172
[45,    50] loss: 0.259
[45,    60] loss: 0.269
[45,    70] loss: 0.271
[45,    80] loss: 0.274
[45,    90] loss: 0.241
[45,   100] loss: 0.225
[45,   110] loss: 0.215
[45,   120] loss: 0.225
[45,   130] loss: 0.268
[45,   140] loss: 0.254
[45,   150] loss: 0.235
[45,   160] loss: 0.228
[45,   170] loss: 0.214
[45,   180] loss: 0.223
[45,   190] loss: 0.256
[45,   200] loss: 0.253
[45,   210] loss: 0.281
[45,   220] loss: 0.261
[45,   230] loss: 0.200
[45,   240] loss: 0.211
[45,   250] loss: 0.279
[45,   260] loss: 0.264
[45,   270] loss: 0.244
[45,   280] loss: 0.257
[45,   290] loss: 0.240
[45,   300] loss: 0.221
[45,   310] loss: 0.231
[45,   320] loss: 0.223
[45,   330] loss: 0.200
[45,   340] loss: 0.273
[45,   350] loss: 0.242
[45,   360] loss: 0.269
[45,   370] loss: 0.237
[45,   380] loss: 0.254
[45,   390] loss: 0.332
[45,   400] loss: 0.253
VALIDATION loss: 0.48654448986053467
[46,    10] loss: 0.264
[46,    20] loss: 0.221
[46,    30] loss: 0.278
[46,    40] loss: 0.244
[46,    50] loss: 0.293
[46,    60] loss: 0.255
[46,    70] loss: 0.258
[46,    80] loss: 0.281
[46,    90] loss: 0.225
[46,   100] loss: 0.281
[46,   110] loss: 0.223
[46,   120] loss: 0.212
[46,   130] loss: 0.176
[46,   140] loss: 0.230
[46,   150] loss: 0.197
[46,   160] loss: 0.250
[46,   170] loss: 0.251
[46,   180] loss: 0.277
[46,   190] loss: 0.243
[46,   200] loss: 0.244
[46,   210] loss: 0.283
[46,   220] loss: 0.267
[46,   230] loss: 0.221
[46,   240] loss: 0.229
[46,   250] loss: 0.202
[46,   260] loss: 0.219
[46,   270] loss: 0.206
[46,   280] loss: 0.194
[46,   290] loss: 0.216
[46,   300] loss: 0.240
[46,   310] loss: 0.214
[46,   320] loss: 0.271
[46,   330] loss: 0.289
[46,   340] loss: 0.264
[46,   350] loss: 0.219
[46,   360] loss: 0.263
[46,   370] loss: 0.271
[46,   380] loss: 0.245
[46,   390] loss: 0.264
[46,   400] loss: 0.265
VALIDATION loss: 0.2520659267902374
[47,    10] loss: 0.222
[47,    20] loss: 0.214
[47,    30] loss: 0.247
[47,    40] loss: 0.242
[47,    50] loss: 0.221
[47,    60] loss: 0.207
[47,    70] loss: 0.212
[47,    80] loss: 0.206
[47,    90] loss: 0.213
[47,   100] loss: 0.221
[47,   110] loss: 0.287
[47,   120] loss: 0.252
[47,   130] loss: 0.229
[47,   140] loss: 0.257
[47,   150] loss: 0.263
[47,   160] loss: 0.248
[47,   170] loss: 0.250
[47,   180] loss: 0.261
[47,   190] loss: 0.196
[47,   200] loss: 0.227
[47,   210] loss: 0.148
[47,   220] loss: 0.235
[47,   230] loss: 0.211
[47,   240] loss: 0.259
[47,   250] loss: 0.222
[47,   260] loss: 0.208
[47,   270] loss: 0.254
[47,   280] loss: 0.219
[47,   290] loss: 0.220
[47,   300] loss: 0.309
[47,   310] loss: 0.241
[47,   320] loss: 0.277
[47,   330] loss: 0.248
[47,   340] loss: 0.197
[47,   350] loss: 0.245
[47,   360] loss: 0.264
[47,   370] loss: 0.226
[47,   380] loss: 0.227
[47,   390] loss: 0.165
[47,   400] loss: 0.264
VALIDATION loss: 0.23628303408622742
[48,    10] loss: 0.252
[48,    20] loss: 0.208
[48,    30] loss: 0.163
[48,    40] loss: 0.215
[48,    50] loss: 0.225
[48,    60] loss: 0.179
[48,    70] loss: 0.205
[48,    80] loss: 0.222
[48,    90] loss: 0.199
[48,   100] loss: 0.231
[48,   110] loss: 0.273
[48,   120] loss: 0.219
[48,   130] loss: 0.233
[48,   140] loss: 0.272
[48,   150] loss: 0.283
[48,   160] loss: 0.232
[48,   170] loss: 0.259
[48,   180] loss: 0.242
[48,   190] loss: 0.232
[48,   200] loss: 0.241
[48,   210] loss: 0.202
[48,   220] loss: 0.222
[48,   230] loss: 0.202
[48,   240] loss: 0.236
[48,   250] loss: 0.271
[48,   260] loss: 0.200
[48,   270] loss: 0.223
[48,   280] loss: 0.250
[48,   290] loss: 0.221
[48,   300] loss: 0.256
[48,   310] loss: 0.216
[48,   320] loss: 0.247
[48,   330] loss: 0.176
[48,   340] loss: 0.202
[48,   350] loss: 0.258
[48,   360] loss: 0.175
[48,   370] loss: 0.263
[48,   380] loss: 0.233
[48,   390] loss: 0.204
[48,   400] loss: 0.240
VALIDATION loss: 0.28131186962127686
[49,    10] loss: 0.252
[49,    20] loss: 0.219
[49,    30] loss: 0.245
[49,    40] loss: 0.180
[49,    50] loss: 0.246
[49,    60] loss: 0.222
[49,    70] loss: 0.214
[49,    80] loss: 0.222
[49,    90] loss: 0.212
[49,   100] loss: 0.182
[49,   110] loss: 0.192
[49,   120] loss: 0.212
[49,   130] loss: 0.203
[49,   140] loss: 0.233
[49,   150] loss: 0.197
[49,   160] loss: 0.234
[49,   170] loss: 0.198
[49,   180] loss: 0.246
[49,   190] loss: 0.219
[49,   200] loss: 0.192
[49,   210] loss: 0.213
[49,   220] loss: 0.224
[49,   230] loss: 0.249
[49,   240] loss: 0.207
[49,   250] loss: 0.261
[49,   260] loss: 0.204
[49,   270] loss: 0.235
[49,   280] loss: 0.202
[49,   290] loss: 0.237
[49,   300] loss: 0.270
[49,   310] loss: 0.205
[49,   320] loss: 0.249
[49,   330] loss: 0.232
[49,   340] loss: 0.211
[49,   350] loss: 0.236
[49,   360] loss: 0.280
[49,   370] loss: 0.174
[49,   380] loss: 0.214
[49,   390] loss: 0.266
[49,   400] loss: 0.216
VALIDATION loss: 0.23860318958759308
[50,    10] loss: 0.200
[50,    20] loss: 0.203
[50,    30] loss: 0.275
[50,    40] loss: 0.213
[50,    50] loss: 0.244
[50,    60] loss: 0.207
[50,    70] loss: 0.204
[50,    80] loss: 0.226
[50,    90] loss: 0.244
[50,   100] loss: 0.244
[50,   110] loss: 0.283
[50,   120] loss: 0.190
[50,   130] loss: 0.191
[50,   140] loss: 0.266
[50,   150] loss: 0.211
[50,   160] loss: 0.235
[50,   170] loss: 0.200
[50,   180] loss: 0.251
[50,   190] loss: 0.209
[50,   200] loss: 0.195
[50,   210] loss: 0.210
[50,   220] loss: 0.233
[50,   230] loss: 0.224
[50,   240] loss: 0.221
[50,   250] loss: 0.213
[50,   260] loss: 0.192
[50,   270] loss: 0.268
[50,   280] loss: 0.216
[50,   290] loss: 0.229
[50,   300] loss: 0.229
[50,   310] loss: 0.275
[50,   320] loss: 0.149
[50,   330] loss: 0.223
[50,   340] loss: 0.231
[50,   350] loss: 0.252
[50,   360] loss: 0.268
[50,   370] loss: 0.213
[50,   380] loss: 0.236
[50,   390] loss: 0.204
[50,   400] loss: 0.227
VALIDATION loss: 0.20389226078987122
[51,    10] loss: 0.197
[51,    20] loss: 0.198
[51,    30] loss: 0.258
[51,    40] loss: 0.226
[51,    50] loss: 0.193
[51,    60] loss: 0.176
[51,    70] loss: 0.193
[51,    80] loss: 0.233
[51,    90] loss: 0.194
[51,   100] loss: 0.186
[51,   110] loss: 0.215
[51,   120] loss: 0.220
[51,   130] loss: 0.208
[51,   140] loss: 0.188
[51,   150] loss: 0.205
[51,   160] loss: 0.220
[51,   170] loss: 0.212
[51,   180] loss: 0.247
[51,   190] loss: 0.207
[51,   200] loss: 0.221
[51,   210] loss: 0.202
[51,   220] loss: 0.244
[51,   230] loss: 0.247
[51,   240] loss: 0.203
[51,   250] loss: 0.239
[51,   260] loss: 0.214
[51,   270] loss: 0.302
[51,   280] loss: 0.280
[51,   290] loss: 0.241
[51,   300] loss: 0.245
[51,   310] loss: 0.219
[51,   320] loss: 0.231
[51,   330] loss: 0.230
[51,   340] loss: 0.212
[51,   350] loss: 0.233
[51,   360] loss: 0.260
[51,   370] loss: 0.219
[51,   380] loss: 0.327
[51,   390] loss: 0.204
[51,   400] loss: 0.264
VALIDATION loss: 0.6106665134429932
[52,    10] loss: 0.260
[52,    20] loss: 0.210
[52,    30] loss: 0.233
[52,    40] loss: 0.202
[52,    50] loss: 0.223
[52,    60] loss: 0.193
[52,    70] loss: 0.165
[52,    80] loss: 0.192
[52,    90] loss: 0.228
[52,   100] loss: 0.210
[52,   110] loss: 0.192
[52,   120] loss: 0.247
[52,   130] loss: 0.240
[52,   140] loss: 0.223
[52,   150] loss: 0.309
[52,   160] loss: 0.247
[52,   170] loss: 0.191
[52,   180] loss: 0.239
[52,   190] loss: 0.156
[52,   200] loss: 0.204
[52,   210] loss: 0.188
[52,   220] loss: 0.222
[52,   230] loss: 0.231
[52,   240] loss: 0.205
[52,   250] loss: 0.231
[52,   260] loss: 0.223
[52,   270] loss: 0.236
[52,   280] loss: 0.195
[52,   290] loss: 0.241
[52,   300] loss: 0.218
[52,   310] loss: 0.244
[52,   320] loss: 0.249
[52,   330] loss: 0.186
[52,   340] loss: 0.236
[52,   350] loss: 0.227
[52,   360] loss: 0.194
[52,   370] loss: 0.221
[52,   380] loss: 0.218
[52,   390] loss: 0.262
[52,   400] loss: 0.279
VALIDATION loss: 0.7106339931488037
[53,    10] loss: 0.155
[53,    20] loss: 0.219
[53,    30] loss: 0.172
[53,    40] loss: 0.242
[53,    50] loss: 0.211
[53,    60] loss: 0.187
[53,    70] loss: 0.174
[53,    80] loss: 0.185
[53,    90] loss: 0.150
[53,   100] loss: 0.230
[53,   110] loss: 0.160
[53,   120] loss: 0.238
[53,   130] loss: 0.241
[53,   140] loss: 0.174
[53,   150] loss: 0.220
[53,   160] loss: 0.208
[53,   170] loss: 0.266
[53,   180] loss: 0.256
[53,   190] loss: 0.230
[53,   200] loss: 0.215
[53,   210] loss: 0.216
[53,   220] loss: 0.265
[53,   230] loss: 0.191
[53,   240] loss: 0.205
[53,   250] loss: 0.234
[53,   260] loss: 0.239
[53,   270] loss: 0.180
[53,   280] loss: 0.222
[53,   290] loss: 0.243
[53,   300] loss: 0.237
[53,   310] loss: 0.225
[53,   320] loss: 0.245
[53,   330] loss: 0.179
[53,   340] loss: 0.241
[53,   350] loss: 0.253
[53,   360] loss: 0.239
[53,   370] loss: 0.230
[53,   380] loss: 0.229
[53,   390] loss: 0.224
[53,   400] loss: 0.200
VALIDATION loss: 0.22147664427757263
[54,    10] loss: 0.203
[54,    20] loss: 0.173
[54,    30] loss: 0.190
[54,    40] loss: 0.250
[54,    50] loss: 0.231
[54,    60] loss: 0.289
[54,    70] loss: 0.196
[54,    80] loss: 0.220
[54,    90] loss: 0.208
[54,   100] loss: 0.208
[54,   110] loss: 0.207
[54,   120] loss: 0.231
[54,   130] loss: 0.200
[54,   140] loss: 0.238
[54,   150] loss: 0.230
[54,   160] loss: 0.201
[54,   170] loss: 0.206
[54,   180] loss: 0.199
[54,   190] loss: 0.177
[54,   200] loss: 0.253
[54,   210] loss: 0.236
[54,   220] loss: 0.213
[54,   230] loss: 0.212
[54,   240] loss: 0.206
[54,   250] loss: 0.213
[54,   260] loss: 0.208
[54,   270] loss: 0.203
[54,   280] loss: 0.166
[54,   290] loss: 0.236
[54,   300] loss: 0.235
[54,   310] loss: 0.220
[54,   320] loss: 0.232
[54,   330] loss: 0.216
[54,   340] loss: 0.232
[54,   350] loss: 0.238
[54,   360] loss: 0.215
[54,   370] loss: 0.245
[54,   380] loss: 0.197
[54,   390] loss: 0.213
[54,   400] loss: 0.228
VALIDATION loss: 0.344343364238739
[55,    10] loss: 0.155
[55,    20] loss: 0.169
[55,    30] loss: 0.217
[55,    40] loss: 0.214
[55,    50] loss: 0.226
[55,    60] loss: 0.187
[55,    70] loss: 0.180
[55,    80] loss: 0.206
[55,    90] loss: 0.182
[55,   100] loss: 0.205
[55,   110] loss: 0.208
[55,   120] loss: 0.224
[55,   130] loss: 0.274
[55,   140] loss: 0.218
[55,   150] loss: 0.261
[55,   160] loss: 0.208
[55,   170] loss: 0.225
[55,   180] loss: 0.239
[55,   190] loss: 0.165
[55,   200] loss: 0.173
[55,   210] loss: 0.179
[55,   220] loss: 0.250
[55,   230] loss: 0.233
[55,   240] loss: 0.210
[55,   250] loss: 0.217
[55,   260] loss: 0.198
[55,   270] loss: 0.224
[55,   280] loss: 0.212
[55,   290] loss: 0.165
[55,   300] loss: 0.208
[55,   310] loss: 0.160
[55,   320] loss: 0.193
[55,   330] loss: 0.260
[55,   340] loss: 0.209
[55,   350] loss: 0.245
[55,   360] loss: 0.206
[55,   370] loss: 0.192
[55,   380] loss: 0.226
[55,   390] loss: 0.222
[55,   400] loss: 0.215
VALIDATION loss: 0.4995473623275757
[56,    10] loss: 0.268
[56,    20] loss: 0.184
[56,    30] loss: 0.182
[56,    40] loss: 0.223
[56,    50] loss: 0.177
[56,    60] loss: 0.201
[56,    70] loss: 0.224
[56,    80] loss: 0.216
[56,    90] loss: 0.232
[56,   100] loss: 0.219
[56,   110] loss: 0.211
[56,   120] loss: 0.221
[56,   130] loss: 0.220
[56,   140] loss: 0.202
[56,   150] loss: 0.199
[56,   160] loss: 0.235
[56,   170] loss: 0.192
[56,   180] loss: 0.156
[56,   190] loss: 0.174
[56,   200] loss: 0.193
[56,   210] loss: 0.220
[56,   220] loss: 0.241
[56,   230] loss: 0.197
[56,   240] loss: 0.283
[56,   250] loss: 0.229
[56,   260] loss: 0.234
[56,   270] loss: 0.306
[56,   280] loss: 0.176
[56,   290] loss: 0.239
[56,   300] loss: 0.206
[56,   310] loss: 0.206
[56,   320] loss: 0.234
[56,   330] loss: 0.216
[56,   340] loss: 0.204
[56,   350] loss: 0.210
[56,   360] loss: 0.182
[56,   370] loss: 0.181
[56,   380] loss: 0.228
[56,   390] loss: 0.251
[56,   400] loss: 0.217
VALIDATION loss: 0.2825961112976074
[57,    10] loss: 0.162
[57,    20] loss: 0.209
[57,    30] loss: 0.187
[57,    40] loss: 0.250
[57,    50] loss: 0.221
[57,    60] loss: 0.246
[57,    70] loss: 0.189
[57,    80] loss: 0.255
[57,    90] loss: 0.179
[57,   100] loss: 0.181
[57,   110] loss: 0.249
[57,   120] loss: 0.298
[57,   130] loss: 0.196
[57,   140] loss: 0.231
[57,   150] loss: 0.201
[57,   160] loss: 0.264
[57,   170] loss: 0.184
[57,   180] loss: 0.229
[57,   190] loss: 0.226
[57,   200] loss: 0.218
[57,   210] loss: 0.222
[57,   220] loss: 0.248
[57,   230] loss: 0.227
[57,   240] loss: 0.192
[57,   250] loss: 0.259
[57,   260] loss: 0.185
[57,   270] loss: 0.140
[57,   280] loss: 0.224
[57,   290] loss: 0.195
[57,   300] loss: 0.207
[57,   310] loss: 0.175
[57,   320] loss: 0.186
[57,   330] loss: 0.190
[57,   340] loss: 0.206
[57,   350] loss: 0.209
[57,   360] loss: 0.192
[57,   370] loss: 0.187
[57,   380] loss: 0.176
[57,   390] loss: 0.175
[57,   400] loss: 0.187
VALIDATION loss: 0.2056434005498886
[58,    10] loss: 0.167
[58,    20] loss: 0.182
[58,    30] loss: 0.225
[58,    40] loss: 0.201
[58,    50] loss: 0.250
[58,    60] loss: 0.156
[58,    70] loss: 0.214
[58,    80] loss: 0.200
[58,    90] loss: 0.206
[58,   100] loss: 0.200
[58,   110] loss: 0.227
[58,   120] loss: 0.244
[58,   130] loss: 0.150
[58,   140] loss: 0.191
[58,   150] loss: 0.219
[58,   160] loss: 0.191
[58,   170] loss: 0.201
[58,   180] loss: 0.207
[58,   190] loss: 0.208
[58,   200] loss: 0.210
[58,   210] loss: 0.179
[58,   220] loss: 0.217
[58,   230] loss: 0.198
[58,   240] loss: 0.218
[58,   250] loss: 0.154
[58,   260] loss: 0.212
[58,   270] loss: 0.178
[58,   280] loss: 0.165
[58,   290] loss: 0.165
[58,   300] loss: 0.187
[58,   310] loss: 0.252
[58,   320] loss: 0.221
[58,   330] loss: 0.220
[58,   340] loss: 0.212
[58,   350] loss: 0.237
[58,   360] loss: 0.196
[58,   370] loss: 0.205
[58,   380] loss: 0.208
[58,   390] loss: 0.174
[58,   400] loss: 0.182
VALIDATION loss: 0.1930878758430481
[59,    10] loss: 0.178
[59,    20] loss: 0.207
[59,    30] loss: 0.224
[59,    40] loss: 0.212
[59,    50] loss: 0.181
[59,    60] loss: 0.166
[59,    70] loss: 0.179
[59,    80] loss: 0.183
[59,    90] loss: 0.154
[59,   100] loss: 0.215
[59,   110] loss: 0.186
[59,   120] loss: 0.166
[59,   130] loss: 0.205
[59,   140] loss: 0.190
[59,   150] loss: 0.184
[59,   160] loss: 0.238
[59,   170] loss: 0.199
[59,   180] loss: 0.209
[59,   190] loss: 0.175
[59,   200] loss: 0.231
[59,   210] loss: 0.193
[59,   220] loss: 0.153
[59,   230] loss: 0.226
[59,   240] loss: 0.210
[59,   250] loss: 0.169
[59,   260] loss: 0.193
[59,   270] loss: 0.177
[59,   280] loss: 0.200
[59,   290] loss: 0.206
[59,   300] loss: 0.177
[59,   310] loss: 0.160
[59,   320] loss: 0.177
[59,   330] loss: 0.251
[59,   340] loss: 0.180
[59,   350] loss: 0.212
[59,   360] loss: 0.242
[59,   370] loss: 0.205
[59,   380] loss: 0.183
[59,   390] loss: 0.133
[59,   400] loss: 0.210
VALIDATION loss: 0.2523285448551178
[60,    10] loss: 0.199
[60,    20] loss: 0.279
[60,    30] loss: 0.192
[60,    40] loss: 0.206
[60,    50] loss: 0.214
[60,    60] loss: 0.183
[60,    70] loss: 0.169
[60,    80] loss: 0.183
[60,    90] loss: 0.182
[60,   100] loss: 0.214
[60,   110] loss: 0.206
[60,   120] loss: 0.224
[60,   130] loss: 0.190
[60,   140] loss: 0.202
[60,   150] loss: 0.243
[60,   160] loss: 0.189
[60,   170] loss: 0.186
[60,   180] loss: 0.191
[60,   190] loss: 0.139
[60,   200] loss: 0.185
[60,   210] loss: 0.195
[60,   220] loss: 0.198
[60,   230] loss: 0.219
[60,   240] loss: 0.197
[60,   250] loss: 0.178
[60,   260] loss: 0.253
[60,   270] loss: 0.215
[60,   280] loss: 0.256
[60,   290] loss: 0.195
[60,   300] loss: 0.198
[60,   310] loss: 0.205
[60,   320] loss: 0.190
[60,   330] loss: 0.243
[60,   340] loss: 0.194
[60,   350] loss: 0.230
[60,   360] loss: 0.195
[60,   370] loss: 0.234
[60,   380] loss: 0.175
[60,   390] loss: 0.197
[60,   400] loss: 0.241
VALIDATION loss: 0.19769388437271118
[61,    10] loss: 0.195
[61,    20] loss: 0.240
[61,    30] loss: 0.180
[61,    40] loss: 0.179
[61,    50] loss: 0.251
[61,    60] loss: 0.176
[61,    70] loss: 0.203
[61,    80] loss: 0.185
[61,    90] loss: 0.238
[61,   100] loss: 0.194
[61,   110] loss: 0.224
[61,   120] loss: 0.190
[61,   130] loss: 0.209
[61,   140] loss: 0.222
[61,   150] loss: 0.219
[61,   160] loss: 0.228
[61,   170] loss: 0.204
[61,   180] loss: 0.201
[61,   190] loss: 0.162
[61,   200] loss: 0.174
[61,   210] loss: 0.193
[61,   220] loss: 0.221
[61,   230] loss: 0.232
[61,   240] loss: 0.187
[61,   250] loss: 0.199
[61,   260] loss: 0.161
[61,   270] loss: 0.182
[61,   280] loss: 0.251
[61,   290] loss: 0.194
[61,   300] loss: 0.241
[61,   310] loss: 0.206
[61,   320] loss: 0.159
[61,   330] loss: 0.216
[61,   340] loss: 0.199
[61,   350] loss: 0.197
[61,   360] loss: 0.195
[61,   370] loss: 0.228
[61,   380] loss: 0.162
[61,   390] loss: 0.151
[61,   400] loss: 0.178
VALIDATION loss: 0.6594107151031494
[62,    10] loss: 0.253
[62,    20] loss: 0.190
[62,    30] loss: 0.140
[62,    40] loss: 0.187
[62,    50] loss: 0.180
[62,    60] loss: 0.178
[62,    70] loss: 0.202
[62,    80] loss: 0.212
[62,    90] loss: 0.207
[62,   100] loss: 0.267
[62,   110] loss: 0.180
[62,   120] loss: 0.199
[62,   130] loss: 0.241
[62,   140] loss: 0.173
[62,   150] loss: 0.156
[62,   160] loss: 0.187
[62,   170] loss: 0.240
[62,   180] loss: 0.228
[62,   190] loss: 0.182
[62,   200] loss: 0.184
[62,   210] loss: 0.196
[62,   220] loss: 0.197
[62,   230] loss: 0.217
[62,   240] loss: 0.193
[62,   250] loss: 0.171
[62,   260] loss: 0.170
[62,   270] loss: 0.170
[62,   280] loss: 0.195
[62,   290] loss: 0.189
[62,   300] loss: 0.159
[62,   310] loss: 0.176
[62,   320] loss: 0.175
[62,   330] loss: 0.171
[62,   340] loss: 0.221
[62,   350] loss: 0.207
[62,   360] loss: 0.184
[62,   370] loss: 0.158
[62,   380] loss: 0.170
[62,   390] loss: 0.186
[62,   400] loss: 0.220
VALIDATION loss: 0.47683805227279663
[63,    10] loss: 0.191
[63,    20] loss: 0.237
[63,    30] loss: 0.178
[63,    40] loss: 0.201
[63,    50] loss: 0.151
[63,    60] loss: 0.247
[63,    70] loss: 0.187
[63,    80] loss: 0.209
[63,    90] loss: 0.201
[63,   100] loss: 0.201
[63,   110] loss: 0.217
[63,   120] loss: 0.200
[63,   130] loss: 0.214
[63,   140] loss: 0.193
[63,   150] loss: 0.180
[63,   160] loss: 0.161
[63,   170] loss: 0.163
[63,   180] loss: 0.203
[63,   190] loss: 0.148
[63,   200] loss: 0.181
[63,   210] loss: 0.180
[63,   220] loss: 0.178
[63,   230] loss: 0.171
[63,   240] loss: 0.215
[63,   250] loss: 0.243
[63,   260] loss: 0.212
[63,   270] loss: 0.193
[63,   280] loss: 0.215
[63,   290] loss: 0.158
[63,   300] loss: 0.166
[63,   310] loss: 0.199
[63,   320] loss: 0.240
[63,   330] loss: 0.193
[63,   340] loss: 0.160
[63,   350] loss: 0.193
[63,   360] loss: 0.245
[63,   370] loss: 0.188
[63,   380] loss: 0.162
[63,   390] loss: 0.188
[63,   400] loss: 0.196
VALIDATION loss: 0.21904891729354858
[64,    10] loss: 0.187
[64,    20] loss: 0.169
[64,    30] loss: 0.165
[64,    40] loss: 0.177
[64,    50] loss: 0.144
[64,    60] loss: 0.158
[64,    70] loss: 0.219
[64,    80] loss: 0.229
[64,    90] loss: 0.178
[64,   100] loss: 0.200
[64,   110] loss: 0.187
[64,   120] loss: 0.189
[64,   130] loss: 0.201
[64,   140] loss: 0.191
[64,   150] loss: 0.219
[64,   160] loss: 0.193
[64,   170] loss: 0.149
[64,   180] loss: 0.209
[64,   190] loss: 0.225
[64,   200] loss: 0.178
[64,   210] loss: 0.193
[64,   220] loss: 0.207
[64,   230] loss: 0.189
[64,   240] loss: 0.221
[64,   250] loss: 0.174
[64,   260] loss: 0.227
[64,   270] loss: 0.216
[64,   280] loss: 0.185
[64,   290] loss: 0.153
[64,   300] loss: 0.184
[64,   310] loss: 0.120
[64,   320] loss: 0.183
[64,   330] loss: 0.223
[64,   340] loss: 0.180
[64,   350] loss: 0.221
[64,   360] loss: 0.184
[64,   370] loss: 0.181
[64,   380] loss: 0.199
[64,   390] loss: 0.255
[64,   400] loss: 0.198
VALIDATION loss: 1.4700591564178467
[65,    10] loss: 0.180
[65,    20] loss: 0.187
[65,    30] loss: 0.185
[65,    40] loss: 0.160
[65,    50] loss: 0.211
[65,    60] loss: 0.155
[65,    70] loss: 0.168
[65,    80] loss: 0.170
[65,    90] loss: 0.200
[65,   100] loss: 0.193
[65,   110] loss: 0.237
[65,   120] loss: 0.212
[65,   130] loss: 0.166
[65,   140] loss: 0.191
[65,   150] loss: 0.183
[65,   160] loss: 0.181
[65,   170] loss: 0.178
[65,   180] loss: 0.192
[65,   190] loss: 0.197
[65,   200] loss: 0.204
[65,   210] loss: 0.207
[65,   220] loss: 0.203
[65,   230] loss: 0.162
[65,   240] loss: 0.173
[65,   250] loss: 0.138
[65,   260] loss: 0.132
[65,   270] loss: 0.178
[65,   280] loss: 0.194
[65,   290] loss: 0.160
[65,   300] loss: 0.172
[65,   310] loss: 0.251
[65,   320] loss: 0.231
[65,   330] loss: 0.157
[65,   340] loss: 0.209
[65,   350] loss: 0.186
[65,   360] loss: 0.197
[65,   370] loss: 0.194
[65,   380] loss: 0.172
[65,   390] loss: 0.168
[65,   400] loss: 0.181
VALIDATION loss: 0.2157956212759018
[66,    10] loss: 0.165
[66,    20] loss: 0.234
[66,    30] loss: 0.228
[66,    40] loss: 0.205
[66,    50] loss: 0.166
[66,    60] loss: 0.179
[66,    70] loss: 0.175
[66,    80] loss: 0.182
[66,    90] loss: 0.158
[66,   100] loss: 0.233
[66,   110] loss: 0.205
[66,   120] loss: 0.201
[66,   130] loss: 0.235
[66,   140] loss: 0.174
[66,   150] loss: 0.188
[66,   160] loss: 0.206
[66,   170] loss: 0.204
[66,   180] loss: 0.156
[66,   190] loss: 0.226
[66,   200] loss: 0.213
[66,   210] loss: 0.163
[66,   220] loss: 0.237
[66,   230] loss: 0.222
[66,   240] loss: 0.205
[66,   250] loss: 0.189
[66,   260] loss: 0.191
[66,   270] loss: 0.193
[66,   280] loss: 0.185
[66,   290] loss: 0.196
[66,   300] loss: 0.152
[66,   310] loss: 0.164
[66,   320] loss: 0.198
[66,   330] loss: 0.172
[66,   340] loss: 0.198
[66,   350] loss: 0.199
[66,   360] loss: 0.181
[66,   370] loss: 0.161
[66,   380] loss: 0.190
[66,   390] loss: 0.187
[66,   400] loss: 0.199
VALIDATION loss: 0.19247807562351227
[67,    10] loss: 0.227
[67,    20] loss: 0.146
[67,    30] loss: 0.195
[67,    40] loss: 0.174
[67,    50] loss: 0.174
[67,    60] loss: 0.176
[67,    70] loss: 0.205
[67,    80] loss: 0.185
[67,    90] loss: 0.208
[67,   100] loss: 0.113
[67,   110] loss: 0.248
[67,   120] loss: 0.185
[67,   130] loss: 0.190
[67,   140] loss: 0.171
[67,   150] loss: 0.166
[67,   160] loss: 0.151
[67,   170] loss: 0.200
[67,   180] loss: 0.172
[67,   190] loss: 0.164
[67,   200] loss: 0.195
[67,   210] loss: 0.216
[67,   220] loss: 0.221
[67,   230] loss: 0.201
[67,   240] loss: 0.200
[67,   250] loss: 0.174
[67,   260] loss: 0.208
[67,   270] loss: 0.175
[67,   280] loss: 0.223
[67,   290] loss: 0.243
[67,   300] loss: 0.231
[67,   310] loss: 0.222
[67,   320] loss: 0.170
[67,   330] loss: 0.226
[67,   340] loss: 0.168
[67,   350] loss: 0.190
[67,   360] loss: 0.152
[67,   370] loss: 0.162
[67,   380] loss: 0.156
[67,   390] loss: 0.152
[67,   400] loss: 0.198
VALIDATION loss: 0.18022462725639343
[68,    10] loss: 0.204
[68,    20] loss: 0.167
[68,    30] loss: 0.209
[68,    40] loss: 0.243
[68,    50] loss: 0.161
[68,    60] loss: 0.157
[68,    70] loss: 0.174
[68,    80] loss: 0.166
[68,    90] loss: 0.136
[68,   100] loss: 0.227
[68,   110] loss: 0.189
[68,   120] loss: 0.166
[68,   130] loss: 0.168
[68,   140] loss: 0.178
[68,   150] loss: 0.209
[68,   160] loss: 0.158
[68,   170] loss: 0.170
[68,   180] loss: 0.139
[68,   190] loss: 0.125
[68,   200] loss: 0.233
[68,   210] loss: 0.193
[68,   220] loss: 0.231
[68,   230] loss: 0.175
[68,   240] loss: 0.139
[68,   250] loss: 0.157
[68,   260] loss: 0.155
[68,   270] loss: 0.218
[68,   280] loss: 0.210
[68,   290] loss: 0.192
[68,   300] loss: 0.161
[68,   310] loss: 0.149
[68,   320] loss: 0.194
[68,   330] loss: 0.194
[68,   340] loss: 0.199
[68,   350] loss: 0.172
[68,   360] loss: 0.180
[68,   370] loss: 0.196
[68,   380] loss: 0.216
[68,   390] loss: 0.214
[68,   400] loss: 0.203
VALIDATION loss: 0.20993615686893463
[69,    10] loss: 0.219
[69,    20] loss: 0.176
[69,    30] loss: 0.241
[69,    40] loss: 0.202
[69,    50] loss: 0.156
[69,    60] loss: 0.138
[69,    70] loss: 0.149
[69,    80] loss: 0.228
[69,    90] loss: 0.218
[69,   100] loss: 0.199
[69,   110] loss: 0.177
[69,   120] loss: 0.192
[69,   130] loss: 0.122
[69,   140] loss: 0.190
[69,   150] loss: 0.234
[69,   160] loss: 0.210
[69,   170] loss: 0.174
[69,   180] loss: 0.171
[69,   190] loss: 0.231
[69,   200] loss: 0.201
[69,   210] loss: 0.163
[69,   220] loss: 0.192
[69,   230] loss: 0.212
[69,   240] loss: 0.195
[69,   250] loss: 0.199
[69,   260] loss: 0.194
[69,   270] loss: 0.176
[69,   280] loss: 0.181
[69,   290] loss: 0.146
[69,   300] loss: 0.187
[69,   310] loss: 0.187
[69,   320] loss: 0.163
[69,   330] loss: 0.144
[69,   340] loss: 0.192
[69,   350] loss: 0.203
[69,   360] loss: 0.182
[69,   370] loss: 0.207
[69,   380] loss: 0.180
[69,   390] loss: 0.157
[69,   400] loss: 0.219
VALIDATION loss: 0.8546971678733826
[70,    10] loss: 0.217
[70,    20] loss: 0.186
[70,    30] loss: 0.183
[70,    40] loss: 0.175
[70,    50] loss: 0.155
[70,    60] loss: 0.147
[70,    70] loss: 0.190
[70,    80] loss: 0.185
[70,    90] loss: 0.181
[70,   100] loss: 0.204
[70,   110] loss: 0.161
[70,   120] loss: 0.182
[70,   130] loss: 0.183
[70,   140] loss: 0.155
[70,   150] loss: 0.220
[70,   160] loss: 0.151
[70,   170] loss: 0.177
[70,   180] loss: 0.143
[70,   190] loss: 0.159
[70,   200] loss: 0.193
[70,   210] loss: 0.141
[70,   220] loss: 0.238
[70,   230] loss: 0.210
[70,   240] loss: 0.177
[70,   250] loss: 0.184
[70,   260] loss: 0.190
[70,   270] loss: 0.168
[70,   280] loss: 0.177
[70,   290] loss: 0.142
[70,   300] loss: 0.205
[70,   310] loss: 0.167
[70,   320] loss: 0.171
[70,   330] loss: 0.157
[70,   340] loss: 0.198
[70,   350] loss: 0.195
[70,   360] loss: 0.155
[70,   370] loss: 0.183
[70,   380] loss: 0.236
[70,   390] loss: 0.172
[70,   400] loss: 0.148
VALIDATION loss: 0.20252962410449982
[71,    10] loss: 0.173
[71,    20] loss: 0.145
[71,    30] loss: 0.171
[71,    40] loss: 0.147
[71,    50] loss: 0.172
[71,    60] loss: 0.173
[71,    70] loss: 0.220
[71,    80] loss: 0.222
[71,    90] loss: 0.154
[71,   100] loss: 0.179
[71,   110] loss: 0.163
[71,   120] loss: 0.207
[71,   130] loss: 0.196
[71,   140] loss: 0.189
[71,   150] loss: 0.182
[71,   160] loss: 0.158
[71,   170] loss: 0.151
[71,   180] loss: 0.160
[71,   190] loss: 0.163
[71,   200] loss: 0.185
[71,   210] loss: 0.165
[71,   220] loss: 0.187
[71,   230] loss: 0.143
[71,   240] loss: 0.134
[71,   250] loss: 0.242
[71,   260] loss: 0.209
[71,   270] loss: 0.231
[71,   280] loss: 0.238
[71,   290] loss: 0.205
[71,   300] loss: 0.204
[71,   310] loss: 0.149
[71,   320] loss: 0.158
[71,   330] loss: 0.160
[71,   340] loss: 0.205
[71,   350] loss: 0.204
[71,   360] loss: 0.168
[71,   370] loss: 0.174
[71,   380] loss: 0.194
[71,   390] loss: 0.206
[71,   400] loss: 0.195
VALIDATION loss: 0.2032332867383957
[72,    10] loss: 0.200
[72,    20] loss: 0.161
[72,    30] loss: 0.194
[72,    40] loss: 0.208
[72,    50] loss: 0.253
[72,    60] loss: 0.199
[72,    70] loss: 0.176
[72,    80] loss: 0.204
[72,    90] loss: 0.146
[72,   100] loss: 0.164
[72,   110] loss: 0.218
[72,   120] loss: 0.197
[72,   130] loss: 0.170
[72,   140] loss: 0.167
[72,   150] loss: 0.190
[72,   160] loss: 0.152
[72,   170] loss: 0.172
[72,   180] loss: 0.146
[72,   190] loss: 0.177
[72,   200] loss: 0.182
[72,   210] loss: 0.165
[72,   220] loss: 0.159
[72,   230] loss: 0.188
[72,   240] loss: 0.222
[72,   250] loss: 0.169
[72,   260] loss: 0.165
[72,   270] loss: 0.172
[72,   280] loss: 0.152
[72,   290] loss: 0.169
[72,   300] loss: 0.178
[72,   310] loss: 0.204
[72,   320] loss: 0.195
[72,   330] loss: 0.219
[72,   340] loss: 0.153
[72,   350] loss: 0.161
[72,   360] loss: 0.155
[72,   370] loss: 0.187
[72,   380] loss: 0.132
[72,   390] loss: 0.218
[72,   400] loss: 0.145
VALIDATION loss: 0.17081540822982788
[73,    10] loss: 0.177
[73,    20] loss: 0.148
[73,    30] loss: 0.188
[73,    40] loss: 0.167
[73,    50] loss: 0.185
[73,    60] loss: 0.233
[73,    70] loss: 0.154
[73,    80] loss: 0.200
[73,    90] loss: 0.171
[73,   100] loss: 0.125
[73,   110] loss: 0.168
[73,   120] loss: 0.122
[73,   130] loss: 0.182
[73,   140] loss: 0.152
[73,   150] loss: 0.171
[73,   160] loss: 0.205
[73,   170] loss: 0.200
[73,   180] loss: 0.215
[73,   190] loss: 0.150
[73,   200] loss: 0.146
[73,   210] loss: 0.178
[73,   220] loss: 0.142
[73,   230] loss: 0.240
[73,   240] loss: 0.210
[73,   250] loss: 0.193
[73,   260] loss: 0.203
[73,   270] loss: 0.154
[73,   280] loss: 0.167
[73,   290] loss: 0.134
[73,   300] loss: 0.198
[73,   310] loss: 0.218
[73,   320] loss: 0.161
[73,   330] loss: 0.138
[73,   340] loss: 0.171
[73,   350] loss: 0.161
[73,   360] loss: 0.163
[73,   370] loss: 0.231
[73,   380] loss: 0.176
[73,   390] loss: 0.168
[73,   400] loss: 0.147
VALIDATION loss: 0.17893382906913757
[74,    10] loss: 0.167
[74,    20] loss: 0.156
[74,    30] loss: 0.186
[74,    40] loss: 0.156
[74,    50] loss: 0.167
[74,    60] loss: 0.155
[74,    70] loss: 0.178
[74,    80] loss: 0.191
[74,    90] loss: 0.211
[74,   100] loss: 0.183
[74,   110] loss: 0.144
[74,   120] loss: 0.175
[74,   130] loss: 0.189
[74,   140] loss: 0.231
[74,   150] loss: 0.165
[74,   160] loss: 0.146
[74,   170] loss: 0.162
[74,   180] loss: 0.145
[74,   190] loss: 0.173
[74,   200] loss: 0.162
[74,   210] loss: 0.189
[74,   220] loss: 0.196
[74,   230] loss: 0.160
[74,   240] loss: 0.199
[74,   250] loss: 0.179
[74,   260] loss: 0.183
[74,   270] loss: 0.219
[74,   280] loss: 0.166
[74,   290] loss: 0.159
[74,   300] loss: 0.165
[74,   310] loss: 0.166
[74,   320] loss: 0.244
[74,   330] loss: 0.233
[74,   340] loss: 0.196
[74,   350] loss: 0.157
[74,   360] loss: 0.195
[74,   370] loss: 0.170
[74,   380] loss: 0.173
[74,   390] loss: 0.172
[74,   400] loss: 0.147
VALIDATION loss: 0.2179020792245865
[75,    10] loss: 0.167
[75,    20] loss: 0.179
[75,    30] loss: 0.175
[75,    40] loss: 0.180
[75,    50] loss: 0.214
[75,    60] loss: 0.146
[75,    70] loss: 0.174
[75,    80] loss: 0.160
[75,    90] loss: 0.142
[75,   100] loss: 0.174
[75,   110] loss: 0.145
[75,   120] loss: 0.174
[75,   130] loss: 0.162
[75,   140] loss: 0.169
[75,   150] loss: 0.182
[75,   160] loss: 0.195
[75,   170] loss: 0.178
[75,   180] loss: 0.168
[75,   190] loss: 0.220
[75,   200] loss: 0.217
[75,   210] loss: 0.186
[75,   220] loss: 0.168
[75,   230] loss: 0.158
[75,   240] loss: 0.168
[75,   250] loss: 0.122
[75,   260] loss: 0.153
[75,   270] loss: 0.175
[75,   280] loss: 0.165
[75,   290] loss: 0.176
[75,   300] loss: 0.148
[75,   310] loss: 0.112
[75,   320] loss: 0.167
[75,   330] loss: 0.193
[75,   340] loss: 0.170
[75,   350] loss: 0.151
[75,   360] loss: 0.179
[75,   370] loss: 0.186
[75,   380] loss: 0.157
[75,   390] loss: 0.176
[75,   400] loss: 0.176
VALIDATION loss: 0.25385192036628723
[76,    10] loss: 0.188
[76,    20] loss: 0.163
[76,    30] loss: 0.173
[76,    40] loss: 0.210
[76,    50] loss: 0.173
[76,    60] loss: 0.154
[76,    70] loss: 0.186
[76,    80] loss: 0.181
[76,    90] loss: 0.158
[76,   100] loss: 0.171
[76,   110] loss: 0.195
[76,   120] loss: 0.186
[76,   130] loss: 0.234
[76,   140] loss: 0.174
[76,   150] loss: 0.168
[76,   160] loss: 0.162
[76,   170] loss: 0.155
[76,   180] loss: 0.202
[76,   190] loss: 0.186
[76,   200] loss: 0.171
[76,   210] loss: 0.153
[76,   220] loss: 0.156
[76,   230] loss: 0.179
[76,   240] loss: 0.176
[76,   250] loss: 0.117
[76,   260] loss: 0.204
[76,   270] loss: 0.150
[76,   280] loss: 0.187
[76,   290] loss: 0.170
[76,   300] loss: 0.163
[76,   310] loss: 0.201
[76,   320] loss: 0.161
[76,   330] loss: 0.182
[76,   340] loss: 0.164
[76,   350] loss: 0.125
[76,   360] loss: 0.097
[76,   370] loss: 0.146
[76,   380] loss: 0.203
[76,   390] loss: 0.161
[76,   400] loss: 0.185
VALIDATION loss: 0.20385977625846863
[77,    10] loss: 0.149
[77,    20] loss: 0.181
[77,    30] loss: 0.192
[77,    40] loss: 0.163
[77,    50] loss: 0.136
[77,    60] loss: 0.177
[77,    70] loss: 0.195
[77,    80] loss: 0.144
[77,    90] loss: 0.148
[77,   100] loss: 0.163
[77,   110] loss: 0.168
[77,   120] loss: 0.170
[77,   130] loss: 0.155
[77,   140] loss: 0.179
[77,   150] loss: 0.155
[77,   160] loss: 0.141
[77,   170] loss: 0.115
[77,   180] loss: 0.145
[77,   190] loss: 0.212
[77,   200] loss: 0.151
[77,   210] loss: 0.181
[77,   220] loss: 0.178
[77,   230] loss: 0.196
[77,   240] loss: 0.158
[77,   250] loss: 0.195
[77,   260] loss: 0.125
[77,   270] loss: 0.167
[77,   280] loss: 0.174
[77,   290] loss: 0.222
[77,   300] loss: 0.186
[77,   310] loss: 0.181
[77,   320] loss: 0.204
[77,   330] loss: 0.162
[77,   340] loss: 0.186
[77,   350] loss: 0.183
[77,   360] loss: 0.252
[77,   370] loss: 0.215
[77,   380] loss: 0.199
[77,   390] loss: 0.134
[77,   400] loss: 0.174
VALIDATION loss: 0.1933896243572235
[78,    10] loss: 0.204
[78,    20] loss: 0.155
[78,    30] loss: 0.254
[78,    40] loss: 0.206
[78,    50] loss: 0.205
[78,    60] loss: 0.159
[78,    70] loss: 0.154
[78,    80] loss: 0.162
[78,    90] loss: 0.145
[78,   100] loss: 0.172
[78,   110] loss: 0.210
[78,   120] loss: 0.222
[78,   130] loss: 0.175
[78,   140] loss: 0.173
[78,   150] loss: 0.172
[78,   160] loss: 0.164
[78,   170] loss: 0.192
[78,   180] loss: 0.168
[78,   190] loss: 0.144
[78,   200] loss: 0.148
[78,   210] loss: 0.228
[78,   220] loss: 0.184
[78,   230] loss: 0.183
[78,   240] loss: 0.150
[78,   250] loss: 0.170
[78,   260] loss: 0.207
[78,   270] loss: 0.147
[78,   280] loss: 0.211
[78,   290] loss: 0.143
[78,   300] loss: 0.210
[78,   310] loss: 0.160
[78,   320] loss: 0.155
[78,   330] loss: 0.137
[78,   340] loss: 0.151
[78,   350] loss: 0.137
[78,   360] loss: 0.194
[78,   370] loss: 0.135
[78,   380] loss: 0.194
[78,   390] loss: 0.165
[78,   400] loss: 0.200
VALIDATION loss: 0.7070410847663879
[79,    10] loss: 0.127
[79,    20] loss: 0.157
[79,    30] loss: 0.148
[79,    40] loss: 0.174
[79,    50] loss: 0.195
[79,    60] loss: 0.236
[79,    70] loss: 0.163
[79,    80] loss: 0.181
[79,    90] loss: 0.206
[79,   100] loss: 0.190
[79,   110] loss: 0.186
[79,   120] loss: 0.213
[79,   130] loss: 0.183
[79,   140] loss: 0.187
[79,   150] loss: 0.210
[79,   160] loss: 0.173
[79,   170] loss: 0.195
[79,   180] loss: 0.201
[79,   190] loss: 0.160
[79,   200] loss: 0.174
[79,   210] loss: 0.174
[79,   220] loss: 0.149
[79,   230] loss: 0.190
[79,   240] loss: 0.144
[79,   250] loss: 0.115
[79,   260] loss: 0.186
[79,   270] loss: 0.125
[79,   280] loss: 0.180
[79,   290] loss: 0.147
[79,   300] loss: 0.180
[79,   310] loss: 0.132
[79,   320] loss: 0.136
[79,   330] loss: 0.154
[79,   340] loss: 0.170
[79,   350] loss: 0.177
[79,   360] loss: 0.180
[79,   370] loss: 0.157
[79,   380] loss: 0.172
[79,   390] loss: 0.153
[79,   400] loss: 0.149
VALIDATION loss: 0.23069171607494354
[80,    10] loss: 0.185
[80,    20] loss: 0.182
[80,    30] loss: 0.148
[80,    40] loss: 0.140
[80,    50] loss: 0.204
[80,    60] loss: 0.155
[80,    70] loss: 0.177
[80,    80] loss: 0.158
[80,    90] loss: 0.164
[80,   100] loss: 0.154
[80,   110] loss: 0.162
[80,   120] loss: 0.169
[80,   130] loss: 0.159
[80,   140] loss: 0.179
[80,   150] loss: 0.141
[80,   160] loss: 0.155
[80,   170] loss: 0.132
[80,   180] loss: 0.162
[80,   190] loss: 0.166
[80,   200] loss: 0.133
[80,   210] loss: 0.143
[80,   220] loss: 0.148
[80,   230] loss: 0.149
[80,   240] loss: 0.167
[80,   250] loss: 0.148
[80,   260] loss: 0.177
[80,   270] loss: 0.200
[80,   280] loss: 0.152
[80,   290] loss: 0.148
[80,   300] loss: 0.174
[80,   310] loss: 0.209
[80,   320] loss: 0.197
[80,   330] loss: 0.146
[80,   340] loss: 0.172
[80,   350] loss: 0.182
[80,   360] loss: 0.201
[80,   370] loss: 0.164
[80,   380] loss: 0.176
[80,   390] loss: 0.191
[80,   400] loss: 0.176
VALIDATION loss: 0.16710896790027618
[81,    10] loss: 0.166
[81,    20] loss: 0.187
[81,    30] loss: 0.183
[81,    40] loss: 0.167
[81,    50] loss: 0.197
[81,    60] loss: 0.183
[81,    70] loss: 0.166
[81,    80] loss: 0.171
[81,    90] loss: 0.167
[81,   100] loss: 0.169
[81,   110] loss: 0.159
[81,   120] loss: 0.163
[81,   130] loss: 0.156
[81,   140] loss: 0.150
[81,   150] loss: 0.195
[81,   160] loss: 0.182
[81,   170] loss: 0.196
[81,   180] loss: 0.177
[81,   190] loss: 0.175
[81,   200] loss: 0.155
[81,   210] loss: 0.176
[81,   220] loss: 0.135
[81,   230] loss: 0.205
[81,   240] loss: 0.177
[81,   250] loss: 0.130
[81,   260] loss: 0.139
[81,   270] loss: 0.189
[81,   280] loss: 0.169
[81,   290] loss: 0.161
[81,   300] loss: 0.152
[81,   310] loss: 0.172
[81,   320] loss: 0.193
[81,   330] loss: 0.162
[81,   340] loss: 0.139
[81,   350] loss: 0.148
[81,   360] loss: 0.192
[81,   370] loss: 0.171
[81,   380] loss: 0.177
[81,   390] loss: 0.170
[81,   400] loss: 0.158
VALIDATION loss: 0.2054283320903778
[82,    10] loss: 0.174
[82,    20] loss: 0.175
[82,    30] loss: 0.145
[82,    40] loss: 0.126
[82,    50] loss: 0.191
[82,    60] loss: 0.172
[82,    70] loss: 0.139
[82,    80] loss: 0.207
[82,    90] loss: 0.149
[82,   100] loss: 0.167
[82,   110] loss: 0.147
[82,   120] loss: 0.201
[82,   130] loss: 0.141
[82,   140] loss: 0.178
[82,   150] loss: 0.147
[82,   160] loss: 0.137
[82,   170] loss: 0.136
[82,   180] loss: 0.128
[82,   190] loss: 0.188
[82,   200] loss: 0.209
[82,   210] loss: 0.179
[82,   220] loss: 0.210
[82,   230] loss: 0.191
[82,   240] loss: 0.181
[82,   250] loss: 0.163
[82,   260] loss: 0.128
[82,   270] loss: 0.182
[82,   280] loss: 0.186
[82,   290] loss: 0.168
[82,   300] loss: 0.159
[82,   310] loss: 0.173
[82,   320] loss: 0.190
[82,   330] loss: 0.160
[82,   340] loss: 0.193
[82,   350] loss: 0.181
[82,   360] loss: 0.176
[82,   370] loss: 0.149
[82,   380] loss: 0.180
[82,   390] loss: 0.188
[82,   400] loss: 0.145
VALIDATION loss: 0.1954151690006256
[83,    10] loss: 0.189
[83,    20] loss: 0.167
[83,    30] loss: 0.140
[83,    40] loss: 0.141
[83,    50] loss: 0.185
[83,    60] loss: 0.152
[83,    70] loss: 0.155
[83,    80] loss: 0.129
[83,    90] loss: 0.163
[83,   100] loss: 0.167
[83,   110] loss: 0.181
[83,   120] loss: 0.174
[83,   130] loss: 0.153
[83,   140] loss: 0.151
[83,   150] loss: 0.137
[83,   160] loss: 0.206
[83,   170] loss: 0.192
[83,   180] loss: 0.173
[83,   190] loss: 0.159
[83,   200] loss: 0.192
[83,   210] loss: 0.157
[83,   220] loss: 0.118
[83,   230] loss: 0.184
[83,   240] loss: 0.193
[83,   250] loss: 0.183
[83,   260] loss: 0.175
[83,   270] loss: 0.161
[83,   280] loss: 0.146
[83,   290] loss: 0.176
[83,   300] loss: 0.162
[83,   310] loss: 0.170
[83,   320] loss: 0.201
[83,   330] loss: 0.165
[83,   340] loss: 0.174
[83,   350] loss: 0.154
[83,   360] loss: 0.166
[83,   370] loss: 0.145
[83,   380] loss: 0.190
[83,   390] loss: 0.152
[83,   400] loss: 0.191
VALIDATION loss: 0.17385855317115784
[84,    10] loss: 0.176
[84,    20] loss: 0.199
[84,    30] loss: 0.160
[84,    40] loss: 0.155
[84,    50] loss: 0.134
[84,    60] loss: 0.194
[84,    70] loss: 0.157
[84,    80] loss: 0.144
[84,    90] loss: 0.139
[84,   100] loss: 0.122
[84,   110] loss: 0.136
[84,   120] loss: 0.180
[84,   130] loss: 0.158
[84,   140] loss: 0.190
[84,   150] loss: 0.200
[84,   160] loss: 0.180
[84,   170] loss: 0.162
[84,   180] loss: 0.160
[84,   190] loss: 0.172
[84,   200] loss: 0.172
[84,   210] loss: 0.199
[84,   220] loss: 0.161
[84,   230] loss: 0.153
[84,   240] loss: 0.115
[84,   250] loss: 0.196
[84,   260] loss: 0.169
[84,   270] loss: 0.216
[84,   280] loss: 0.153
[84,   290] loss: 0.146
[84,   300] loss: 0.231
[84,   310] loss: 0.115
[84,   320] loss: 0.138
[84,   330] loss: 0.172
[84,   340] loss: 0.173
[84,   350] loss: 0.217
[84,   360] loss: 0.178
[84,   370] loss: 0.150
[84,   380] loss: 0.140
[84,   390] loss: 0.146
[84,   400] loss: 0.142
VALIDATION loss: 0.20362964272499084
[85,    10] loss: 0.149
[85,    20] loss: 0.135
[85,    30] loss: 0.124
[85,    40] loss: 0.145
[85,    50] loss: 0.150
[85,    60] loss: 0.166
[85,    70] loss: 0.167
[85,    80] loss: 0.144
[85,    90] loss: 0.177
[85,   100] loss: 0.161
[85,   110] loss: 0.168
[85,   120] loss: 0.162
[85,   130] loss: 0.164
[85,   140] loss: 0.160
[85,   150] loss: 0.153
[85,   160] loss: 0.167
[85,   170] loss: 0.144
[85,   180] loss: 0.227
[85,   190] loss: 0.144
[85,   200] loss: 0.117
[85,   210] loss: 0.162
[85,   220] loss: 0.129
[85,   230] loss: 0.135
[85,   240] loss: 0.152
[85,   250] loss: 0.174
[85,   260] loss: 0.143
[85,   270] loss: 0.181
[85,   280] loss: 0.189
[85,   290] loss: 0.179
[85,   300] loss: 0.235
[85,   310] loss: 0.170
[85,   320] loss: 0.186
[85,   330] loss: 0.128
[85,   340] loss: 0.174
[85,   350] loss: 0.186
[85,   360] loss: 0.164
[85,   370] loss: 0.181
[85,   380] loss: 0.167
[85,   390] loss: 0.135
[85,   400] loss: 0.132
VALIDATION loss: 0.1730421483516693
[86,    10] loss: 0.200
[86,    20] loss: 0.126
[86,    30] loss: 0.166
[86,    40] loss: 0.177
[86,    50] loss: 0.135
[86,    60] loss: 0.142
[86,    70] loss: 0.178
[86,    80] loss: 0.162
[86,    90] loss: 0.161
[86,   100] loss: 0.130
[86,   110] loss: 0.187
[86,   120] loss: 0.176
[86,   130] loss: 0.170
[86,   140] loss: 0.181
[86,   150] loss: 0.213
[86,   160] loss: 0.143
[86,   170] loss: 0.179
[86,   180] loss: 0.163
[86,   190] loss: 0.122
[86,   200] loss: 0.167
[86,   210] loss: 0.124
[86,   220] loss: 0.143
[86,   230] loss: 0.138
[86,   240] loss: 0.181
[86,   250] loss: 0.140
[86,   260] loss: 0.135
[86,   270] loss: 0.172
[86,   280] loss: 0.169
[86,   290] loss: 0.137
[86,   300] loss: 0.171
[86,   310] loss: 0.148
[86,   320] loss: 0.155
[86,   330] loss: 0.166
[86,   340] loss: 0.151
[86,   350] loss: 0.160
[86,   360] loss: 0.186
[86,   370] loss: 0.176
[86,   380] loss: 0.158
[86,   390] loss: 0.197
[86,   400] loss: 0.151
VALIDATION loss: 0.18695808947086334
[87,    10] loss: 0.147
[87,    20] loss: 0.177
[87,    30] loss: 0.133
[87,    40] loss: 0.133
[87,    50] loss: 0.140
[87,    60] loss: 0.159
[87,    70] loss: 0.155
[87,    80] loss: 0.186
[87,    90] loss: 0.187
[87,   100] loss: 0.168
[87,   110] loss: 0.170
[87,   120] loss: 0.155
[87,   130] loss: 0.156
[87,   140] loss: 0.165
[87,   150] loss: 0.133
[87,   160] loss: 0.128
[87,   170] loss: 0.122
[87,   180] loss: 0.153
[87,   190] loss: 0.167
[87,   200] loss: 0.153
[87,   210] loss: 0.175
[87,   220] loss: 0.239
[87,   230] loss: 0.161
[87,   240] loss: 0.154
[87,   250] loss: 0.192
[87,   260] loss: 0.140
[87,   270] loss: 0.133
[87,   280] loss: 0.218
[87,   290] loss: 0.112
[87,   300] loss: 0.155
[87,   310] loss: 0.205
[87,   320] loss: 0.160
[87,   330] loss: 0.135
[87,   340] loss: 0.170
[87,   350] loss: 0.144
[87,   360] loss: 0.157
[87,   370] loss: 0.130
[87,   380] loss: 0.153
[87,   390] loss: 0.185
[87,   400] loss: 0.160
VALIDATION loss: 0.18726257979869843
[88,    10] loss: 0.250
[88,    20] loss: 0.151
[88,    30] loss: 0.174
[88,    40] loss: 0.176
[88,    50] loss: 0.146
[88,    60] loss: 0.180
[88,    70] loss: 0.105
[88,    80] loss: 0.154
[88,    90] loss: 0.204
[88,   100] loss: 0.117
[88,   110] loss: 0.169
[88,   120] loss: 0.185
[88,   130] loss: 0.167
[88,   140] loss: 0.132
[88,   150] loss: 0.101
[88,   160] loss: 0.188
[88,   170] loss: 0.159
[88,   180] loss: 0.190
[88,   190] loss: 0.141
[88,   200] loss: 0.133
[88,   210] loss: 0.149
[88,   220] loss: 0.196
[88,   230] loss: 0.131
[88,   240] loss: 0.155
[88,   250] loss: 0.165
[88,   260] loss: 0.125
[88,   270] loss: 0.178
[88,   280] loss: 0.183
[88,   290] loss: 0.180
[88,   300] loss: 0.152
[88,   310] loss: 0.174
[88,   320] loss: 0.181
[88,   330] loss: 0.195
[88,   340] loss: 0.177
[88,   350] loss: 0.163
[88,   360] loss: 0.209
[88,   370] loss: 0.152
[88,   380] loss: 0.128
[88,   390] loss: 0.154
[88,   400] loss: 0.165
VALIDATION loss: 0.5770105123519897
[89,    10] loss: 0.171
[89,    20] loss: 0.143
[89,    30] loss: 0.168
[89,    40] loss: 0.124
[89,    50] loss: 0.124
[89,    60] loss: 0.193
[89,    70] loss: 0.153
[89,    80] loss: 0.165
[89,    90] loss: 0.150
[89,   100] loss: 0.146
[89,   110] loss: 0.150
[89,   120] loss: 0.165
[89,   130] loss: 0.132
[89,   140] loss: 0.156
[89,   150] loss: 0.150
[89,   160] loss: 0.142
[89,   170] loss: 0.182
[89,   180] loss: 0.179
[89,   190] loss: 0.132
[89,   200] loss: 0.134
[89,   210] loss: 0.122
[89,   220] loss: 0.147
[89,   230] loss: 0.150
[89,   240] loss: 0.141
[89,   250] loss: 0.141
[89,   260] loss: 0.155
[89,   270] loss: 0.173
[89,   280] loss: 0.144
[89,   290] loss: 0.142
[89,   300] loss: 0.152
[89,   310] loss: 0.140
[89,   320] loss: 0.193
[89,   330] loss: 0.137
[89,   340] loss: 0.160
[89,   350] loss: 0.193
[89,   360] loss: 0.196
[89,   370] loss: 0.170
[89,   380] loss: 0.177
[89,   390] loss: 0.168
[89,   400] loss: 0.152
VALIDATION loss: 0.17033268511295319
[90,    10] loss: 0.173
[90,    20] loss: 0.098
[90,    30] loss: 0.147
[90,    40] loss: 0.117
[90,    50] loss: 0.166
[90,    60] loss: 0.145
[90,    70] loss: 0.159
[90,    80] loss: 0.211
[90,    90] loss: 0.182
[90,   100] loss: 0.135
[90,   110] loss: 0.238
[90,   120] loss: 0.165
[90,   130] loss: 0.125
[90,   140] loss: 0.149
[90,   150] loss: 0.131
[90,   160] loss: 0.153
[90,   170] loss: 0.153
[90,   180] loss: 0.124
[90,   190] loss: 0.188
[90,   200] loss: 0.111
[90,   210] loss: 0.146
[90,   220] loss: 0.184
[90,   230] loss: 0.151
[90,   240] loss: 0.166
[90,   250] loss: 0.138
[90,   260] loss: 0.174
[90,   270] loss: 0.144
[90,   280] loss: 0.169
[90,   290] loss: 0.139
[90,   300] loss: 0.162
[90,   310] loss: 0.160
[90,   320] loss: 0.150
[90,   330] loss: 0.166
[90,   340] loss: 0.121
[90,   350] loss: 0.145
[90,   360] loss: 0.181
[90,   370] loss: 0.183
[90,   380] loss: 0.222
[90,   390] loss: 0.165
[90,   400] loss: 0.169
VALIDATION loss: 0.170645609498024
[91,    10] loss: 0.161
[91,    20] loss: 0.184
[91,    30] loss: 0.196
[91,    40] loss: 0.195
[91,    50] loss: 0.144
[91,    60] loss: 0.169
[91,    70] loss: 0.173
[91,    80] loss: 0.150
[91,    90] loss: 0.147
[91,   100] loss: 0.153
[91,   110] loss: 0.121
[91,   120] loss: 0.131
[91,   130] loss: 0.101
[91,   140] loss: 0.126
[91,   150] loss: 0.165
[91,   160] loss: 0.135
[91,   170] loss: 0.196
[91,   180] loss: 0.155
[91,   190] loss: 0.131
[91,   200] loss: 0.120
[91,   210] loss: 0.168
[91,   220] loss: 0.216
[91,   230] loss: 0.152
[91,   240] loss: 0.155
[91,   250] loss: 0.150
[91,   260] loss: 0.124
[91,   270] loss: 0.140
[91,   280] loss: 0.142
[91,   290] loss: 0.146
[91,   300] loss: 0.131
[91,   310] loss: 0.127
[91,   320] loss: 0.131
[91,   330] loss: 0.167
[91,   340] loss: 0.139
[91,   350] loss: 0.142
[91,   360] loss: 0.160
[91,   370] loss: 0.162
[91,   380] loss: 0.146
[91,   390] loss: 0.156
[91,   400] loss: 0.141
VALIDATION loss: 0.2110627442598343
[92,    10] loss: 0.197
[92,    20] loss: 0.196
[92,    30] loss: 0.180
[92,    40] loss: 0.177
[92,    50] loss: 0.152
[92,    60] loss: 0.167
[92,    70] loss: 0.138
[92,    80] loss: 0.166
[92,    90] loss: 0.186
[92,   100] loss: 0.167
[92,   110] loss: 0.209
[92,   120] loss: 0.140
[92,   130] loss: 0.156
[92,   140] loss: 0.148
[92,   150] loss: 0.173
[92,   160] loss: 0.146
[92,   170] loss: 0.191
[92,   180] loss: 0.132
[92,   190] loss: 0.164
[92,   200] loss: 0.174
[92,   210] loss: 0.169
[92,   220] loss: 0.167
[92,   230] loss: 0.161
[92,   240] loss: 0.149
[92,   250] loss: 0.138
[92,   260] loss: 0.154
[92,   270] loss: 0.155
[92,   280] loss: 0.171
[92,   290] loss: 0.127
[92,   300] loss: 0.130
[92,   310] loss: 0.132
[92,   320] loss: 0.163
[92,   330] loss: 0.133
[92,   340] loss: 0.207
[92,   350] loss: 0.138
[92,   360] loss: 0.147
[92,   370] loss: 0.111
[92,   380] loss: 0.152
[92,   390] loss: 0.125
[92,   400] loss: 0.155
VALIDATION loss: 0.2010878622531891
[93,    10] loss: 0.182
[93,    20] loss: 0.144
[93,    30] loss: 0.161
[93,    40] loss: 0.145
[93,    50] loss: 0.124
[93,    60] loss: 0.132
[93,    70] loss: 0.166
[93,    80] loss: 0.162
[93,    90] loss: 0.157
[93,   100] loss: 0.129
[93,   110] loss: 0.154
[93,   120] loss: 0.148
[93,   130] loss: 0.148
[93,   140] loss: 0.171
[93,   150] loss: 0.140
[93,   160] loss: 0.157
[93,   170] loss: 0.170
[93,   180] loss: 0.189
[93,   190] loss: 0.156
[93,   200] loss: 0.199
[93,   210] loss: 0.168
[93,   220] loss: 0.123
[93,   230] loss: 0.153
[93,   240] loss: 0.158
[93,   250] loss: 0.213
[93,   260] loss: 0.175
[93,   270] loss: 0.131
[93,   280] loss: 0.154
[93,   290] loss: 0.165
[93,   300] loss: 0.202
[93,   310] loss: 0.147
[93,   320] loss: 0.162
[93,   330] loss: 0.177
[93,   340] loss: 0.157
[93,   350] loss: 0.143
[93,   360] loss: 0.163
[93,   370] loss: 0.176
[93,   380] loss: 0.151
[93,   390] loss: 0.175
[93,   400] loss: 0.127
VALIDATION loss: 0.20212127268314362
[94,    10] loss: 0.123
[94,    20] loss: 0.136
[94,    30] loss: 0.126
[94,    40] loss: 0.115
[94,    50] loss: 0.102
[94,    60] loss: 0.140
[94,    70] loss: 0.171
[94,    80] loss: 0.162
[94,    90] loss: 0.128
[94,   100] loss: 0.213
[94,   110] loss: 0.198
[94,   120] loss: 0.188
[94,   130] loss: 0.182
[94,   140] loss: 0.184
[94,   150] loss: 0.184
[94,   160] loss: 0.149
[94,   170] loss: 0.173
[94,   180] loss: 0.179
[94,   190] loss: 0.151
[94,   200] loss: 0.139
[94,   210] loss: 0.140
[94,   220] loss: 0.110
[94,   230] loss: 0.172
[94,   240] loss: 0.148
[94,   250] loss: 0.102
[94,   260] loss: 0.168
[94,   270] loss: 0.135
[94,   280] loss: 0.154
[94,   290] loss: 0.168
[94,   300] loss: 0.188
[94,   310] loss: 0.176
[94,   320] loss: 0.150
[94,   330] loss: 0.121
[94,   340] loss: 0.180
[94,   350] loss: 0.193
[94,   360] loss: 0.164
[94,   370] loss: 0.153
[94,   380] loss: 0.131
[94,   390] loss: 0.202
[94,   400] loss: 0.135
VALIDATION loss: 0.30826234817504883
[95,    10] loss: 0.138
[95,    20] loss: 0.179
[95,    30] loss: 0.148
[95,    40] loss: 0.133
[95,    50] loss: 0.147
[95,    60] loss: 0.165
[95,    70] loss: 0.171
[95,    80] loss: 0.148
[95,    90] loss: 0.126
[95,   100] loss: 0.198
[95,   110] loss: 0.128
[95,   120] loss: 0.115
[95,   130] loss: 0.119
[95,   140] loss: 0.157
[95,   150] loss: 0.144
[95,   160] loss: 0.156
[95,   170] loss: 0.158
[95,   180] loss: 0.169
[95,   190] loss: 0.114
[95,   200] loss: 0.184
[95,   210] loss: 0.165
[95,   220] loss: 0.138
[95,   230] loss: 0.139
[95,   240] loss: 0.157
[95,   250] loss: 0.172
[95,   260] loss: 0.144
[95,   270] loss: 0.145
[95,   280] loss: 0.168
[95,   290] loss: 0.153
[95,   300] loss: 0.166
[95,   310] loss: 0.190
[95,   320] loss: 0.136
[95,   330] loss: 0.190
[95,   340] loss: 0.141
[95,   350] loss: 0.117
[95,   360] loss: 0.193
[95,   370] loss: 0.179
[95,   380] loss: 0.143
[95,   390] loss: 0.140
[95,   400] loss: 0.148
VALIDATION loss: 0.3455961346626282
[96,    10] loss: 0.159
[96,    20] loss: 0.134
[96,    30] loss: 0.161
[96,    40] loss: 0.173
[96,    50] loss: 0.171
[96,    60] loss: 0.185
[96,    70] loss: 0.120
[96,    80] loss: 0.173
[96,    90] loss: 0.130
[96,   100] loss: 0.143
[96,   110] loss: 0.145
[96,   120] loss: 0.163
[96,   130] loss: 0.195
[96,   140] loss: 0.159
[96,   150] loss: 0.119
[96,   160] loss: 0.148
[96,   170] loss: 0.160
[96,   180] loss: 0.136
[96,   190] loss: 0.133
[96,   200] loss: 0.132
[96,   210] loss: 0.141
[96,   220] loss: 0.132
[96,   230] loss: 0.127
[96,   240] loss: 0.106
[96,   250] loss: 0.147
[96,   260] loss: 0.203
[96,   270] loss: 0.159
[96,   280] loss: 0.133
[96,   290] loss: 0.151
[96,   300] loss: 0.175
[96,   310] loss: 0.168
[96,   320] loss: 0.139
[96,   330] loss: 0.176
[96,   340] loss: 0.162
[96,   350] loss: 0.199
[96,   360] loss: 0.122
[96,   370] loss: 0.118
[96,   380] loss: 0.133
[96,   390] loss: 0.186
[96,   400] loss: 0.132
VALIDATION loss: 0.19581818580627441
[97,    10] loss: 0.136
[97,    20] loss: 0.151
[97,    30] loss: 0.141
[97,    40] loss: 0.155
[97,    50] loss: 0.144
[97,    60] loss: 0.209
[97,    70] loss: 0.170
[97,    80] loss: 0.186
[97,    90] loss: 0.151
[97,   100] loss: 0.119
[97,   110] loss: 0.131
[97,   120] loss: 0.133
[97,   130] loss: 0.124
[97,   140] loss: 0.155
[97,   150] loss: 0.160
[97,   160] loss: 0.133
[97,   170] loss: 0.218
[97,   180] loss: 0.147
[97,   190] loss: 0.183
[97,   200] loss: 0.127
[97,   210] loss: 0.151
[97,   220] loss: 0.202
[97,   230] loss: 0.133
[97,   240] loss: 0.132
[97,   250] loss: 0.135
[97,   260] loss: 0.113
[97,   270] loss: 0.146
[97,   280] loss: 0.190
[97,   290] loss: 0.145
[97,   300] loss: 0.204
[97,   310] loss: 0.149
[97,   320] loss: 0.161
[97,   330] loss: 0.172
[97,   340] loss: 0.130
[97,   350] loss: 0.099
[97,   360] loss: 0.162
[97,   370] loss: 0.149
[97,   380] loss: 0.148
[97,   390] loss: 0.159
[97,   400] loss: 0.154
VALIDATION loss: 1.4793459177017212
[98,    10] loss: 0.157
[98,    20] loss: 0.146
[98,    30] loss: 0.116
[98,    40] loss: 0.185
[98,    50] loss: 0.139
[98,    60] loss: 0.156
[98,    70] loss: 0.162
[98,    80] loss: 0.136
[98,    90] loss: 0.146
[98,   100] loss: 0.159
[98,   110] loss: 0.137
[98,   120] loss: 0.118
[98,   130] loss: 0.130
[98,   140] loss: 0.139
[98,   150] loss: 0.173
[98,   160] loss: 0.134
[98,   170] loss: 0.154
[98,   180] loss: 0.143
[98,   190] loss: 0.160
[98,   200] loss: 0.163
[98,   210] loss: 0.142
[98,   220] loss: 0.132
[98,   230] loss: 0.130
[98,   240] loss: 0.151
[98,   250] loss: 0.127
[98,   260] loss: 0.187
[98,   270] loss: 0.146
[98,   280] loss: 0.164
[98,   290] loss: 0.131
[98,   300] loss: 0.122
[98,   310] loss: 0.196
[98,   320] loss: 0.142
[98,   330] loss: 0.157
[98,   340] loss: 0.161
[98,   350] loss: 0.139
[98,   360] loss: 0.160
[98,   370] loss: 0.148
[98,   380] loss: 0.168
[98,   390] loss: 0.151
[98,   400] loss: 0.159
VALIDATION loss: 0.19899553060531616
[99,    10] loss: 0.127
[99,    20] loss: 0.139
[99,    30] loss: 0.135
[99,    40] loss: 0.130
[99,    50] loss: 0.154
[99,    60] loss: 0.134
[99,    70] loss: 0.144
[99,    80] loss: 0.163
[99,    90] loss: 0.146
[99,   100] loss: 0.125
[99,   110] loss: 0.157
[99,   120] loss: 0.146
[99,   130] loss: 0.165
[99,   140] loss: 0.171
[99,   150] loss: 0.156
[99,   160] loss: 0.175
[99,   170] loss: 0.188
[99,   180] loss: 0.157
[99,   190] loss: 0.175
[99,   200] loss: 0.157
[99,   210] loss: 0.171
[99,   220] loss: 0.155
[99,   230] loss: 0.152
[99,   240] loss: 0.156
[99,   250] loss: 0.114
[99,   260] loss: 0.125
[99,   270] loss: 0.142
[99,   280] loss: 0.166
[99,   290] loss: 0.148
[99,   300] loss: 0.121
[99,   310] loss: 0.149
[99,   320] loss: 0.165
[99,   330] loss: 0.124
[99,   340] loss: 0.152
[99,   350] loss: 0.164
[99,   360] loss: 0.155
[99,   370] loss: 0.140
[99,   380] loss: 0.168
[99,   390] loss: 0.132
[99,   400] loss: 0.119
VALIDATION loss: 0.19200235605239868
[100,    10] loss: 0.174
[100,    20] loss: 0.135
[100,    30] loss: 0.135
[100,    40] loss: 0.143
[100,    50] loss: 0.109
[100,    60] loss: 0.114
[100,    70] loss: 0.168
[100,    80] loss: 0.172
[100,    90] loss: 0.154
[100,   100] loss: 0.146
[100,   110] loss: 0.161
[100,   120] loss: 0.130
[100,   130] loss: 0.153
[100,   140] loss: 0.141
[100,   150] loss: 0.167
[100,   160] loss: 0.180
[100,   170] loss: 0.149
[100,   180] loss: 0.132
[100,   190] loss: 0.117
[100,   200] loss: 0.154
[100,   210] loss: 0.160
[100,   220] loss: 0.151
[100,   230] loss: 0.119
[100,   240] loss: 0.146
[100,   250] loss: 0.148
[100,   260] loss: 0.117
[100,   270] loss: 0.157
[100,   280] loss: 0.141
[100,   290] loss: 0.116
[100,   300] loss: 0.127
[100,   310] loss: 0.128
[100,   320] loss: 0.130
[100,   330] loss: 0.127
[100,   340] loss: 0.158
[100,   350] loss: 0.184
[100,   360] loss: 0.161
[100,   370] loss: 0.166
[100,   380] loss: 0.151
[100,   390] loss: 0.151
[100,   400] loss: 0.157
VALIDATION loss: 0.17198000848293304
Finished !!
Accuracy of the network: 92.77 %
