Collecting dill==0.3.4 (from -r requirements.txt (line 1))
  Using cached https://files.pythonhosted.org/packages/b6/c3/973676ceb86b60835bb3978c6db67a5dc06be6cfdbd14ef0f5a13e3fc9fd/dill-0.3.4-py2.py3-none-any.whl
Requirement already satisfied: laplace==0.1 in /zhome/45/c/128687/.local/lib/python3.6/site-packages (from -r requirements.txt (line 2))
Collecting matplotlib==3.4.0 (from -r requirements.txt (line 3))
Small: 0
Transform: 1
MaxPool: 1
Running GPU.
[1,    10] loss: 1.897
[1,    20] loss: 1.789
[1,    30] loss: 1.712
[1,    40] loss: 1.677
[1,    50] loss: 1.633
[1,    60] loss: 1.632
[1,    70] loss: 1.563
[1,    80] loss: 1.549
[1,    90] loss: 1.574
[1,   100] loss: 1.436
[1,   110] loss: 1.497
[1,   120] loss: 1.500
[1,   130] loss: 1.525
[1,   140] loss: 1.484
[1,   150] loss: 1.467
[1,   160] loss: 1.429
[1,   170] loss: 1.427
[1,   180] loss: 1.428
[1,   190] loss: 1.400
[1,   200] loss: 1.338
[1,   210] loss: 1.374
[1,   220] loss: 1.409
[1,   230] loss: 1.432
[1,   240] loss: 1.397
[1,   250] loss: 1.321
[1,   260] loss: 1.374
[1,   270] loss: 1.339
[1,   280] loss: 1.387
[1,   290] loss: 1.337
[1,   300] loss: 1.290
[1,   310] loss: 1.428
[1,   320] loss: 1.366
[1,   330] loss: 1.321
[1,   340] loss: 1.304
[1,   350] loss: 1.331
[1,   360] loss: 1.325
[1,   370] loss: 1.407
[1,   380] loss: 1.307
[1,   390] loss: 1.272
[1,   400] loss: 1.225
VALIDATION loss: 1.4299198389053345
[2,    10] loss: 1.197
[2,    20] loss: 1.237
[2,    30] loss: 1.221
[2,    40] loss: 1.305
[2,    50] loss: 1.167
[2,    60] loss: 1.230
[2,    70] loss: 1.186
[2,    80] loss: 1.196
[2,    90] loss: 1.299
[2,   100] loss: 1.145
[2,   110] loss: 1.272
[2,   120] loss: 1.191
[2,   130] loss: 1.229
[2,   140] loss: 1.236
[2,   150] loss: 1.345
[2,   160] loss: 1.237
[2,   170] loss: 1.172
[2,   180] loss: 1.187
[2,   190] loss: 1.203
[2,   200] loss: 1.195
[2,   210] loss: 1.201
[2,   220] loss: 1.212
[2,   230] loss: 1.193
[2,   240] loss: 1.234
[2,   250] loss: 1.261
[2,   260] loss: 1.204
[2,   270] loss: 1.136
[2,   280] loss: 1.160
[2,   290] loss: 1.121
[2,   300] loss: 1.142
[2,   310] loss: 1.139
[2,   320] loss: 1.083
[2,   330] loss: 1.068
[2,   340] loss: 1.113
[2,   350] loss: 1.264
[2,   360] loss: 1.066
[2,   370] loss: 1.062
[2,   380] loss: 1.055
[2,   390] loss: 1.114
[2,   400] loss: 1.057
VALIDATION loss: 1.225356936454773
[3,    10] loss: 1.102
[3,    20] loss: 1.143
[3,    30] loss: 1.121
[3,    40] loss: 1.019
[3,    50] loss: 1.032
[3,    60] loss: 1.115
[3,    70] loss: 1.084
[3,    80] loss: 1.039
[3,    90] loss: 1.020
[3,   100] loss: 1.077
[3,   110] loss: 1.126
[3,   120] loss: 1.014
[3,   130] loss: 1.018
[3,   140] loss: 1.023
[3,   150] loss: 1.143
[3,   160] loss: 1.052
[3,   170] loss: 1.024
[3,   180] loss: 0.955
[3,   190] loss: 1.028
[3,   200] loss: 1.072
[3,   210] loss: 1.065
[3,   220] loss: 1.006
[3,   230] loss: 0.966
[3,   240] loss: 1.092
[3,   250] loss: 0.958
[3,   260] loss: 0.961
[3,   270] loss: 1.012
[3,   280] loss: 0.948
[3,   290] loss: 0.958
[3,   300] loss: 0.963
[3,   310] loss: 0.915
[3,   320] loss: 1.019
[3,   330] loss: 0.978
[3,   340] loss: 0.915
[3,   350] loss: 0.841
[3,   360] loss: 0.987
[3,   370] loss: 1.002
[3,   380] loss: 0.972
[3,   390] loss: 0.964
[3,   400] loss: 0.861
VALIDATION loss: 1.0530002117156982
[4,    10] loss: 0.955
[4,    20] loss: 0.908
[4,    30] loss: 0.956
[4,    40] loss: 0.899
[4,    50] loss: 1.002
[4,    60] loss: 0.978
[4,    70] loss: 0.860
[4,    80] loss: 0.892
[4,    90] loss: 0.967
[4,   100] loss: 0.940
[4,   110] loss: 0.878
[4,   120] loss: 0.987
[4,   130] loss: 0.891
[4,   140] loss: 0.967
[4,   150] loss: 0.870
[4,   160] loss: 0.986
[4,   170] loss: 0.852
[4,   180] loss: 0.804
[4,   190] loss: 0.965
[4,   200] loss: 0.915
[4,   210] loss: 0.945
[4,   220] loss: 0.934
[4,   230] loss: 0.894
[4,   240] loss: 0.867
[4,   250] loss: 0.887
[4,   260] loss: 0.930
[4,   270] loss: 0.951
[4,   280] loss: 0.908
[4,   290] loss: 0.850
[4,   300] loss: 1.005
[4,   310] loss: 0.853
[4,   320] loss: 0.977
[4,   330] loss: 0.799
[4,   340] loss: 0.820
[4,   350] loss: 0.836
[4,   360] loss: 0.779
[4,   370] loss: 0.862
[4,   380] loss: 0.848
[4,   390] loss: 0.874
[4,   400] loss: 0.818
VALIDATION loss: 3.1443026065826416
[5,    10] loss: 1.001
[5,    20] loss: 0.948
[5,    30] loss: 0.876
[5,    40] loss: 0.808
[5,    50] loss: 0.815
[5,    60] loss: 0.787
[5,    70] loss: 0.856
[5,    80] loss: 0.846
[5,    90] loss: 0.868
[5,   100] loss: 0.900
[5,   110] loss: 0.749
[5,   120] loss: 0.797
[5,   130] loss: 0.828
[5,   140] loss: 0.791
[5,   150] loss: 0.810
[5,   160] loss: 0.805
[5,   170] loss: 0.798
[5,   180] loss: 0.888
[5,   190] loss: 0.836
[5,   200] loss: 0.819
[5,   210] loss: 0.891
[5,   220] loss: 0.824
[5,   230] loss: 0.778
[5,   240] loss: 0.904
[5,   250] loss: 0.914
[5,   260] loss: 0.770
[5,   270] loss: 0.800
[5,   280] loss: 0.876
[5,   290] loss: 0.882
[5,   300] loss: 0.767
[5,   310] loss: 0.773
[5,   320] loss: 0.779
[5,   330] loss: 0.825
[5,   340] loss: 0.813
[5,   350] loss: 0.821
[5,   360] loss: 0.709
[5,   370] loss: 0.787
[5,   380] loss: 0.725
[5,   390] loss: 0.762
[5,   400] loss: 0.723
VALIDATION loss: 0.7188950777053833
[6,    10] loss: 0.778
[6,    20] loss: 0.829
[6,    30] loss: 0.799
[6,    40] loss: 0.782
[6,    50] loss: 0.869
[6,    60] loss: 0.851
[6,    70] loss: 0.857
[6,    80] loss: 0.827
[6,    90] loss: 0.802
[6,   100] loss: 0.838
[6,   110] loss: 0.769
[6,   120] loss: 0.894
[6,   130] loss: 0.662
[6,   140] loss: 0.781
[6,   150] loss: 0.827
[6,   160] loss: 0.700
[6,   170] loss: 0.729
[6,   180] loss: 0.787
[6,   190] loss: 0.647
[6,   200] loss: 0.742
[6,   210] loss: 0.818
[6,   220] loss: 0.742
[6,   230] loss: 0.727
[6,   240] loss: 0.937
[6,   250] loss: 0.837
[6,   260] loss: 0.729
[6,   270] loss: 0.733
[6,   280] loss: 0.720
[6,   290] loss: 0.769
[6,   300] loss: 0.706
[6,   310] loss: 0.729
[6,   320] loss: 0.700
[6,   330] loss: 0.811
[6,   340] loss: 0.765
[6,   350] loss: 0.829
[6,   360] loss: 0.770
[6,   370] loss: 0.735
[6,   380] loss: 0.711
[6,   390] loss: 0.706
[6,   400] loss: 0.830
VALIDATION loss: 0.8420676589012146
[7,    10] loss: 0.700
[7,    20] loss: 0.781
[7,    30] loss: 0.702
[7,    40] loss: 0.756
[7,    50] loss: 0.714
[7,    60] loss: 0.726
[7,    70] loss: 0.701
[7,    80] loss: 0.722
[7,    90] loss: 0.768
[7,   100] loss: 0.754
[7,   110] loss: 0.758
[7,   120] loss: 0.750
[7,   130] loss: 0.804
[7,   140] loss: 0.806
[7,   150] loss: 0.811
[7,   160] loss: 0.738
[7,   170] loss: 0.747
[7,   180] loss: 0.693
[7,   190] loss: 0.630
[7,   200] loss: 0.717
[7,   210] loss: 0.698
[7,   220] loss: 0.720
[7,   230] loss: 0.631
[7,   240] loss: 0.641
[7,   250] loss: 0.742
[7,   260] loss: 0.678
[7,   270] loss: 0.650
[7,   280] loss: 0.728
[7,   290] loss: 0.812
[7,   300] loss: 0.694
[7,   310] loss: 0.741
[7,   320] loss: 0.748
[7,   330] loss: 0.609
[7,   340] loss: 0.705
[7,   350] loss: 0.781
[7,   360] loss: 0.620
[7,   370] loss: 0.788
[7,   380] loss: 0.789
[7,   390] loss: 0.672
[7,   400] loss: 0.748
VALIDATION loss: 2.324528932571411
[8,    10] loss: 0.718
[8,    20] loss: 0.668
[8,    30] loss: 0.573
[8,    40] loss: 0.712
[8,    50] loss: 0.670
[8,    60] loss: 0.628
[8,    70] loss: 0.658
[8,    80] loss: 0.680
[8,    90] loss: 0.771
[8,   100] loss: 0.687
[8,   110] loss: 0.703
[8,   120] loss: 0.583
[8,   130] loss: 0.722
[8,   140] loss: 0.711
[8,   150] loss: 0.773
[8,   160] loss: 0.729
[8,   170] loss: 0.610
[8,   180] loss: 0.598
[8,   190] loss: 0.656
[8,   200] loss: 0.668
[8,   210] loss: 0.642
[8,   220] loss: 0.737
[8,   230] loss: 0.559
[8,   240] loss: 0.697
[8,   250] loss: 0.668
[8,   260] loss: 0.697
[8,   270] loss: 0.682
[8,   280] loss: 0.688
[8,   290] loss: 0.619
[8,   300] loss: 0.696
[8,   310] loss: 0.703
[8,   320] loss: 0.675
[8,   330] loss: 0.658
[8,   340] loss: 0.630
[8,   350] loss: 0.673
[8,   360] loss: 0.738
[8,   370] loss: 0.652
[8,   380] loss: 0.675
[8,   390] loss: 0.688
[8,   400] loss: 0.678
VALIDATION loss: 0.8274744153022766
[9,    10] loss: 0.597
[9,    20] loss: 0.659
[9,    30] loss: 0.659
[9,    40] loss: 0.675
[9,    50] loss: 0.618
[9,    60] loss: 0.596
[9,    70] loss: 0.566
[9,    80] loss: 0.603
[9,    90] loss: 0.572
[9,   100] loss: 0.524
[9,   110] loss: 0.639
[9,   120] loss: 0.683
[9,   130] loss: 0.641
[9,   140] loss: 0.677
[9,   150] loss: 0.639
[9,   160] loss: 0.631
[9,   170] loss: 0.679
[9,   180] loss: 0.692
[9,   190] loss: 0.725
[9,   200] loss: 0.642
[9,   210] loss: 0.631
[9,   220] loss: 0.577
[9,   230] loss: 0.593
[9,   240] loss: 0.657
[9,   250] loss: 0.675
[9,   260] loss: 0.617
[9,   270] loss: 0.632
[9,   280] loss: 0.706
[9,   290] loss: 0.645
[9,   300] loss: 0.705
[9,   310] loss: 0.624
[9,   320] loss: 0.609
[9,   330] loss: 0.594
[9,   340] loss: 0.673
[9,   350] loss: 0.607
[9,   360] loss: 0.648
[9,   370] loss: 0.553
[9,   380] loss: 0.636
[9,   390] loss: 0.634
[9,   400] loss: 0.623
VALIDATION loss: 0.8439214825630188
[10,    10] loss: 0.563
[10,    20] loss: 0.619
[10,    30] loss: 0.527
[10,    40] loss: 0.503
[10,    50] loss: 0.657
[10,    60] loss: 0.576
[10,    70] loss: 0.595
[10,    80] loss: 0.544
[10,    90] loss: 0.654
[10,   100] loss: 0.627
[10,   110] loss: 0.584
[10,   120] loss: 0.546
[10,   130] loss: 0.664
[10,   140] loss: 0.585
[10,   150] loss: 0.645
[10,   160] loss: 0.616
[10,   170] loss: 0.686
[10,   180] loss: 0.589
[10,   190] loss: 0.649
[10,   200] loss: 0.758
[10,   210] loss: 0.579
[10,   220] loss: 0.544
[10,   230] loss: 0.559
[10,   240] loss: 0.660
[10,   250] loss: 0.701
[10,   260] loss: 0.500
[10,   270] loss: 0.550
[10,   280] loss: 0.592
[10,   290] loss: 0.591
[10,   300] loss: 0.606
[10,   310] loss: 0.629
[10,   320] loss: 0.523
[10,   330] loss: 0.564
[10,   340] loss: 0.576
[10,   350] loss: 0.580
[10,   360] loss: 0.609
[10,   370] loss: 0.614
[10,   380] loss: 0.542
[10,   390] loss: 0.498
[10,   400] loss: 0.578
VALIDATION loss: 0.738189697265625
[11,    10] loss: 0.618
[11,    20] loss: 0.598
[11,    30] loss: 0.571
[11,    40] loss: 0.601
[11,    50] loss: 0.538
[11,    60] loss: 0.527
[11,    70] loss: 0.557
[11,    80] loss: 0.526
[11,    90] loss: 0.544
[11,   100] loss: 0.576
[11,   110] loss: 0.595
[11,   120] loss: 0.607
[11,   130] loss: 0.553
[11,   140] loss: 0.585
[11,   150] loss: 0.477
[11,   160] loss: 0.535
[11,   170] loss: 0.527
[11,   180] loss: 0.597
[11,   190] loss: 0.677
[11,   200] loss: 0.676
[11,   210] loss: 0.528
[11,   220] loss: 0.524
[11,   230] loss: 0.561
[11,   240] loss: 0.461
[11,   250] loss: 0.569
[11,   260] loss: 0.556
[11,   270] loss: 0.624
[11,   280] loss: 0.593
[11,   290] loss: 0.609
[11,   300] loss: 0.580
[11,   310] loss: 0.614
[11,   320] loss: 0.543
[11,   330] loss: 0.638
[11,   340] loss: 0.527
[11,   350] loss: 0.546
[11,   360] loss: 0.501
[11,   370] loss: 0.626
[11,   380] loss: 0.521
[11,   390] loss: 0.600
[11,   400] loss: 0.574
VALIDATION loss: 1.3202482461929321
[12,    10] loss: 0.600
[12,    20] loss: 0.513
[12,    30] loss: 0.542
[12,    40] loss: 0.515
[12,    50] loss: 0.552
[12,    60] loss: 0.560
[12,    70] loss: 0.551
[12,    80] loss: 0.534
[12,    90] loss: 0.514
[12,   100] loss: 0.477
[12,   110] loss: 0.514
[12,   120] loss: 0.462
[12,   130] loss: 0.531
[12,   140] loss: 0.585
[12,   150] loss: 0.549
[12,   160] loss: 0.585
[12,   170] loss: 0.592
[12,   180] loss: 0.509
[12,   190] loss: 0.453
[12,   200] loss: 0.603
[12,   210] loss: 0.557
[12,   220] loss: 0.474
[12,   230] loss: 0.635
[12,   240] loss: 0.517
[12,   250] loss: 0.530
[12,   260] loss: 0.551
[12,   270] loss: 0.551
[12,   280] loss: 0.492
[12,   290] loss: 0.541
[12,   300] loss: 0.515
[12,   310] loss: 0.536
[12,   320] loss: 0.517
[12,   330] loss: 0.491
[12,   340] loss: 0.524
[12,   350] loss: 0.662
[12,   360] loss: 0.490
[12,   370] loss: 0.574
[12,   380] loss: 0.506
[12,   390] loss: 0.512
[12,   400] loss: 0.557
VALIDATION loss: 0.538941502571106
[13,    10] loss: 0.540
[13,    20] loss: 0.581
[13,    30] loss: 0.450
[13,    40] loss: 0.544
[13,    50] loss: 0.516
[13,    60] loss: 0.579
[13,    70] loss: 0.558
[13,    80] loss: 0.504
[13,    90] loss: 0.453
[13,   100] loss: 0.614
[13,   110] loss: 0.500
[13,   120] loss: 0.518
[13,   130] loss: 0.559
[13,   140] loss: 0.494
[13,   150] loss: 0.522
[13,   160] loss: 0.566
[13,   170] loss: 0.456
[13,   180] loss: 0.533
[13,   190] loss: 0.442
[13,   200] loss: 0.508
[13,   210] loss: 0.540
[13,   220] loss: 0.510
[13,   230] loss: 0.504
[13,   240] loss: 0.634
[13,   250] loss: 0.584
[13,   260] loss: 0.549
[13,   270] loss: 0.484
[13,   280] loss: 0.462
[13,   290] loss: 0.619
[13,   300] loss: 0.557
[13,   310] loss: 0.485
[13,   320] loss: 0.521
[13,   330] loss: 0.537
[13,   340] loss: 0.491
[13,   350] loss: 0.497
[13,   360] loss: 0.507
[13,   370] loss: 0.502
[13,   380] loss: 0.543
[13,   390] loss: 0.549
[13,   400] loss: 0.528
VALIDATION loss: 0.727917492389679
[14,    10] loss: 0.504
[14,    20] loss: 0.503
[14,    30] loss: 0.557
[14,    40] loss: 0.503
[14,    50] loss: 0.594
[14,    60] loss: 0.564
[14,    70] loss: 0.584
[14,    80] loss: 0.543
[14,    90] loss: 0.432
[14,   100] loss: 0.473
[14,   110] loss: 0.554
[14,   120] loss: 0.569
[14,   130] loss: 0.507
[14,   140] loss: 0.641
[14,   150] loss: 0.548
[14,   160] loss: 0.549
[14,   170] loss: 0.502
[14,   180] loss: 0.419
[14,   190] loss: 0.521
[14,   200] loss: 0.473
[14,   210] loss: 0.477
[14,   220] loss: 0.616
[14,   230] loss: 0.476
[14,   240] loss: 0.505
[14,   250] loss: 0.524
[14,   260] loss: 0.564
[14,   270] loss: 0.495
[14,   280] loss: 0.456
[14,   290] loss: 0.560
[14,   300] loss: 0.569
[14,   310] loss: 0.506
[14,   320] loss: 0.516
[14,   330] loss: 0.422
[14,   340] loss: 0.576
[14,   350] loss: 0.530
[14,   360] loss: 0.435
[14,   370] loss: 0.499
[14,   380] loss: 0.471
[14,   390] loss: 0.538
[14,   400] loss: 0.545
VALIDATION loss: 1.723801851272583
[15,    10] loss: 0.606
[15,    20] loss: 0.462
[15,    30] loss: 0.560
[15,    40] loss: 0.436
[15,    50] loss: 0.453
[15,    60] loss: 0.508
[15,    70] loss: 0.449
[15,    80] loss: 0.528
[15,    90] loss: 0.436
[15,   100] loss: 0.522
[15,   110] loss: 0.484
[15,   120] loss: 0.490
[15,   130] loss: 0.471
[15,   140] loss: 0.373
[15,   150] loss: 0.480
[15,   160] loss: 0.459
[15,   170] loss: 0.477
[15,   180] loss: 0.461
[15,   190] loss: 0.476
[15,   200] loss: 0.504
[15,   210] loss: 0.413
[15,   220] loss: 0.487
[15,   230] loss: 0.392
[15,   240] loss: 0.447
[15,   250] loss: 0.509
[15,   260] loss: 0.494
[15,   270] loss: 0.494
[15,   280] loss: 0.432
[15,   290] loss: 0.417
[15,   300] loss: 0.505
[15,   310] loss: 0.546
[15,   320] loss: 0.473
[15,   330] loss: 0.455
[15,   340] loss: 0.521
[15,   350] loss: 0.468
[15,   360] loss: 0.570
[15,   370] loss: 0.432
[15,   380] loss: 0.535
[15,   390] loss: 0.559
[15,   400] loss: 0.421
VALIDATION loss: 0.4661290943622589
[16,    10] loss: 0.488
[16,    20] loss: 0.468
[16,    30] loss: 0.442
[16,    40] loss: 0.459
[16,    50] loss: 0.533
[16,    60] loss: 0.496
[16,    70] loss: 0.454
[16,    80] loss: 0.436
[16,    90] loss: 0.479
[16,   100] loss: 0.470
[16,   110] loss: 0.497
[16,   120] loss: 0.493
[16,   130] loss: 0.442
[16,   140] loss: 0.383
[16,   150] loss: 0.463
[16,   160] loss: 0.515
[16,   170] loss: 0.418
[16,   180] loss: 0.431
[16,   190] loss: 0.418
[16,   200] loss: 0.391
[16,   210] loss: 0.472
[16,   220] loss: 0.428
[16,   230] loss: 0.450
[16,   240] loss: 0.466
[16,   250] loss: 0.475
[16,   260] loss: 0.509
[16,   270] loss: 0.470
[16,   280] loss: 0.454
[16,   290] loss: 0.482
[16,   300] loss: 0.456
[16,   310] loss: 0.461
[16,   320] loss: 0.505
[16,   330] loss: 0.423
[16,   340] loss: 0.415
[16,   350] loss: 0.533
[16,   360] loss: 0.369
[16,   370] loss: 0.491
[16,   380] loss: 0.470
[16,   390] loss: 0.530
[16,   400] loss: 0.445
VALIDATION loss: 0.4297217130661011
[17,    10] loss: 0.508
[17,    20] loss: 0.469
[17,    30] loss: 0.546
[17,    40] loss: 0.494
[17,    50] loss: 0.468
[17,    60] loss: 0.437
[17,    70] loss: 0.387
[17,    80] loss: 0.432
[17,    90] loss: 0.507
[17,   100] loss: 0.482
[17,   110] loss: 0.429
[17,   120] loss: 0.481
[17,   130] loss: 0.471
[17,   140] loss: 0.438
[17,   150] loss: 0.351
[17,   160] loss: 0.436
[17,   170] loss: 0.486
[17,   180] loss: 0.446
[17,   190] loss: 0.508
[17,   200] loss: 0.443
[17,   210] loss: 0.432
[17,   220] loss: 0.386
[17,   230] loss: 0.414
[17,   240] loss: 0.449
[17,   250] loss: 0.440
[17,   260] loss: 0.490
[17,   270] loss: 0.342
[17,   280] loss: 0.404
[17,   290] loss: 0.414
[17,   300] loss: 0.447
[17,   310] loss: 0.352
[17,   320] loss: 0.438
[17,   330] loss: 0.416
[17,   340] loss: 0.441
[17,   350] loss: 0.409
[17,   360] loss: 0.412
[17,   370] loss: 0.415
[17,   380] loss: 0.440
[17,   390] loss: 0.567
[17,   400] loss: 0.390
VALIDATION loss: 1.0034849643707275
[18,    10] loss: 0.513
[18,    20] loss: 0.436
[18,    30] loss: 0.395
[18,    40] loss: 0.432
[18,    50] loss: 0.412
[18,    60] loss: 0.514
[18,    70] loss: 0.365
[18,    80] loss: 0.419
[18,    90] loss: 0.417
[18,   100] loss: 0.364
[18,   110] loss: 0.423
[18,   120] loss: 0.397
[18,   130] loss: 0.508
[18,   140] loss: 0.409
[18,   150] loss: 0.452
[18,   160] loss: 0.465
[18,   170] loss: 0.481
[18,   180] loss: 0.472
[18,   190] loss: 0.383
[18,   200] loss: 0.474
[18,   210] loss: 0.485
[18,   220] loss: 0.474
[18,   230] loss: 0.422
[18,   240] loss: 0.485
[18,   250] loss: 0.414
[18,   260] loss: 0.407
[18,   270] loss: 0.417
[18,   280] loss: 0.436
[18,   290] loss: 0.513
[18,   300] loss: 0.504
[18,   310] loss: 0.450
[18,   320] loss: 0.520
[18,   330] loss: 0.513
[18,   340] loss: 0.495
[18,   350] loss: 0.410
[18,   360] loss: 0.470
[18,   370] loss: 0.426
[18,   380] loss: 0.426
[18,   390] loss: 0.409
[18,   400] loss: 0.391
VALIDATION loss: 0.3335008919239044
[19,    10] loss: 0.405
[19,    20] loss: 0.495
[19,    30] loss: 0.409
[19,    40] loss: 0.385
[19,    50] loss: 0.402
[19,    60] loss: 0.420
[19,    70] loss: 0.341
[19,    80] loss: 0.434
[19,    90] loss: 0.465
[19,   100] loss: 0.369
[19,   110] loss: 0.393
[19,   120] loss: 0.369
[19,   130] loss: 0.385
[19,   140] loss: 0.415
[19,   150] loss: 0.354
[19,   160] loss: 0.481
[19,   170] loss: 0.448
[19,   180] loss: 0.545
[19,   190] loss: 0.354
[19,   200] loss: 0.415
[19,   210] loss: 0.398
[19,   220] loss: 0.402
[19,   230] loss: 0.379
[19,   240] loss: 0.430
[19,   250] loss: 0.394
[19,   260] loss: 0.396
[19,   270] loss: 0.409
[19,   280] loss: 0.420
[19,   290] loss: 0.446
[19,   300] loss: 0.461
[19,   310] loss: 0.400
[19,   320] loss: 0.457
[19,   330] loss: 0.378
[19,   340] loss: 0.479
[19,   350] loss: 0.372
[19,   360] loss: 0.413
[19,   370] loss: 0.426
[19,   380] loss: 0.394
[19,   390] loss: 0.415
[19,   400] loss: 0.373
VALIDATION loss: 0.776337742805481
[20,    10] loss: 0.401
[20,    20] loss: 0.405
[20,    30] loss: 0.391
[20,    40] loss: 0.440
[20,    50] loss: 0.357
[20,    60] loss: 0.393
[20,    70] loss: 0.392
[20,    80] loss: 0.401
[20,    90] loss: 0.380
[20,   100] loss: 0.421
[20,   110] loss: 0.352
[20,   120] loss: 0.414
[20,   130] loss: 0.424
[20,   140] loss: 0.387
[20,   150] loss: 0.535
[20,   160] loss: 0.421
[20,   170] loss: 0.401
[20,   180] loss: 0.346
[20,   190] loss: 0.393
[20,   200] loss: 0.387
[20,   210] loss: 0.427
[20,   220] loss: 0.403
[20,   230] loss: 0.381
[20,   240] loss: 0.447
[20,   250] loss: 0.395
[20,   260] loss: 0.312
[20,   270] loss: 0.400
[20,   280] loss: 0.407
[20,   290] loss: 0.457
[20,   300] loss: 0.464
[20,   310] loss: 0.394
[20,   320] loss: 0.374
[20,   330] loss: 0.348
[20,   340] loss: 0.436
[20,   350] loss: 0.429
[20,   360] loss: 0.374
[20,   370] loss: 0.407
[20,   380] loss: 0.370
[20,   390] loss: 0.422
[20,   400] loss: 0.425
VALIDATION loss: 6.087819576263428
[21,    10] loss: 0.315
[21,    20] loss: 0.443
[21,    30] loss: 0.439
[21,    40] loss: 0.451
[21,    50] loss: 0.417
[21,    60] loss: 0.428
[21,    70] loss: 0.433
[21,    80] loss: 0.394
[21,    90] loss: 0.353
[21,   100] loss: 0.356
[21,   110] loss: 0.347
[21,   120] loss: 0.413
[21,   130] loss: 0.407
[21,   140] loss: 0.343
[21,   150] loss: 0.396
[21,   160] loss: 0.459
[21,   170] loss: 0.430
[21,   180] loss: 0.324
[21,   190] loss: 0.333
[21,   200] loss: 0.481
[21,   210] loss: 0.444
[21,   220] loss: 0.366
[21,   230] loss: 0.435
[21,   240] loss: 0.394
[21,   250] loss: 0.386
[21,   260] loss: 0.369
[21,   270] loss: 0.345
[21,   280] loss: 0.384
[21,   290] loss: 0.441
[21,   300] loss: 0.364
[21,   310] loss: 0.414
[21,   320] loss: 0.396
[21,   330] loss: 0.357
[21,   340] loss: 0.439
[21,   350] loss: 0.388
[21,   360] loss: 0.406
[21,   370] loss: 0.408
[21,   380] loss: 0.355
[21,   390] loss: 0.424
[21,   400] loss: 0.428
VALIDATION loss: 0.5059433579444885
[22,    10] loss: 0.376
[22,    20] loss: 0.397
[22,    30] loss: 0.341
[22,    40] loss: 0.382
[22,    50] loss: 0.410
[22,    60] loss: 0.352
[22,    70] loss: 0.365
[22,    80] loss: 0.369
[22,    90] loss: 0.343
[22,   100] loss: 0.427
[22,   110] loss: 0.397
[22,   120] loss: 0.363
[22,   130] loss: 0.410
[22,   140] loss: 0.404
[22,   150] loss: 0.404
[22,   160] loss: 0.413
[22,   170] loss: 0.401
[22,   180] loss: 0.321
[22,   190] loss: 0.418
[22,   200] loss: 0.347
[22,   210] loss: 0.389
[22,   220] loss: 0.487
[22,   230] loss: 0.423
[22,   240] loss: 0.300
[22,   250] loss: 0.401
[22,   260] loss: 0.407
[22,   270] loss: 0.420
[22,   280] loss: 0.427
[22,   290] loss: 0.323
[22,   300] loss: 0.418
[22,   310] loss: 0.390
[22,   320] loss: 0.506
[22,   330] loss: 0.477
[22,   340] loss: 0.365
[22,   350] loss: 0.382
[22,   360] loss: 0.436
[22,   370] loss: 0.401
[22,   380] loss: 0.419
[22,   390] loss: 0.379
[22,   400] loss: 0.417
VALIDATION loss: 0.7095522284507751
[23,    10] loss: 0.354
[23,    20] loss: 0.387
[23,    30] loss: 0.420
[23,    40] loss: 0.392
[23,    50] loss: 0.348
[23,    60] loss: 0.437
[23,    70] loss: 0.417
[23,    80] loss: 0.316
[23,    90] loss: 0.398
[23,   100] loss: 0.379
[23,   110] loss: 0.346
[23,   120] loss: 0.312
[23,   130] loss: 0.362
[23,   140] loss: 0.327
[23,   150] loss: 0.361
[23,   160] loss: 0.301
[23,   170] loss: 0.315
[23,   180] loss: 0.310
[23,   190] loss: 0.381
[23,   200] loss: 0.366
[23,   210] loss: 0.379
[23,   220] loss: 0.398
[23,   230] loss: 0.371
[23,   240] loss: 0.365
[23,   250] loss: 0.399
[23,   260] loss: 0.309
[23,   270] loss: 0.407
[23,   280] loss: 0.358
[23,   290] loss: 0.376
[23,   300] loss: 0.366
[23,   310] loss: 0.418
[23,   320] loss: 0.348
[23,   330] loss: 0.452
[23,   340] loss: 0.376
[23,   350] loss: 0.371
[23,   360] loss: 0.327
[23,   370] loss: 0.346
[23,   380] loss: 0.356
[23,   390] loss: 0.389
[23,   400] loss: 0.295
VALIDATION loss: 0.5423462390899658
[24,    10] loss: 0.397
[24,    20] loss: 0.342
[24,    30] loss: 0.275
[24,    40] loss: 0.359
[24,    50] loss: 0.434
[24,    60] loss: 0.415
[24,    70] loss: 0.374
[24,    80] loss: 0.362
[24,    90] loss: 0.331
[24,   100] loss: 0.373
[24,   110] loss: 0.387
[24,   120] loss: 0.295
[24,   130] loss: 0.326
[24,   140] loss: 0.302
[24,   150] loss: 0.334
[24,   160] loss: 0.318
[24,   170] loss: 0.368
[24,   180] loss: 0.356
[24,   190] loss: 0.321
[24,   200] loss: 0.337
[24,   210] loss: 0.360
[24,   220] loss: 0.344
[24,   230] loss: 0.299
[24,   240] loss: 0.364
[24,   250] loss: 0.348
[24,   260] loss: 0.376
[24,   270] loss: 0.379
[24,   280] loss: 0.398
[24,   290] loss: 0.291
[24,   300] loss: 0.364
[24,   310] loss: 0.375
[24,   320] loss: 0.330
[24,   330] loss: 0.380
[24,   340] loss: 0.373
[24,   350] loss: 0.358
[24,   360] loss: 0.359
[24,   370] loss: 0.393
[24,   380] loss: 0.351
[24,   390] loss: 0.398
[24,   400] loss: 0.377
VALIDATION loss: 0.4937167167663574
[25,    10] loss: 0.445
[25,    20] loss: 0.320
[25,    30] loss: 0.302
[25,    40] loss: 0.261
[25,    50] loss: 0.329
[25,    60] loss: 0.374
[25,    70] loss: 0.300
[25,    80] loss: 0.358
[25,    90] loss: 0.350
[25,   100] loss: 0.393
[25,   110] loss: 0.383
[25,   120] loss: 0.390
[25,   130] loss: 0.400
[25,   140] loss: 0.394
[25,   150] loss: 0.437
[25,   160] loss: 0.382
[25,   170] loss: 0.433
[25,   180] loss: 0.285
[25,   190] loss: 0.411
[25,   200] loss: 0.332
[25,   210] loss: 0.388
[25,   220] loss: 0.356
[25,   230] loss: 0.366
[25,   240] loss: 0.327
[25,   250] loss: 0.328
[25,   260] loss: 0.336
[25,   270] loss: 0.393
[25,   280] loss: 0.300
[25,   290] loss: 0.364
[25,   300] loss: 0.343
[25,   310] loss: 0.354
[25,   320] loss: 0.322
[25,   330] loss: 0.362
[25,   340] loss: 0.419
[25,   350] loss: 0.411
[25,   360] loss: 0.398
[25,   370] loss: 0.418
[25,   380] loss: 0.406
[25,   390] loss: 0.370
[25,   400] loss: 0.234
VALIDATION loss: 0.7192683815956116
[26,    10] loss: 0.392
[26,    20] loss: 0.314
[26,    30] loss: 0.290
[26,    40] loss: 0.339
[26,    50] loss: 0.315
[26,    60] loss: 0.378
[26,    70] loss: 0.320
[26,    80] loss: 0.336
[26,    90] loss: 0.380
[26,   100] loss: 0.285
[26,   110] loss: 0.331
[26,   120] loss: 0.394
[26,   130] loss: 0.351
[26,   140] loss: 0.380
[26,   150] loss: 0.312
[26,   160] loss: 0.307
[26,   170] loss: 0.376
[26,   180] loss: 0.354
[26,   190] loss: 0.287
[26,   200] loss: 0.316
[26,   210] loss: 0.348
[26,   220] loss: 0.315
[26,   230] loss: 0.294
[26,   240] loss: 0.389
[26,   250] loss: 0.282
[26,   260] loss: 0.339
[26,   270] loss: 0.368
[26,   280] loss: 0.302
[26,   290] loss: 0.332
[26,   300] loss: 0.363
[26,   310] loss: 0.336
[26,   320] loss: 0.375
[26,   330] loss: 0.282
[26,   340] loss: 0.395
[26,   350] loss: 0.364
[26,   360] loss: 0.391
[26,   370] loss: 0.344
[26,   380] loss: 0.311
[26,   390] loss: 0.321
[26,   400] loss: 0.313
VALIDATION loss: 0.7082469463348389
[27,    10] loss: 0.342
[27,    20] loss: 0.276
[27,    30] loss: 0.330
[27,    40] loss: 0.318
[27,    50] loss: 0.296
[27,    60] loss: 0.348
[27,    70] loss: 0.351
[27,    80] loss: 0.354
[27,    90] loss: 0.427
[27,   100] loss: 0.310
[27,   110] loss: 0.347
[27,   120] loss: 0.357
[27,   130] loss: 0.358
[27,   140] loss: 0.321
[27,   150] loss: 0.360
[27,   160] loss: 0.340
[27,   170] loss: 0.354
[27,   180] loss: 0.379
[27,   190] loss: 0.417
[27,   200] loss: 0.341
[27,   210] loss: 0.362
[27,   220] loss: 0.305
[27,   230] loss: 0.305
[27,   240] loss: 0.362
[27,   250] loss: 0.289
[27,   260] loss: 0.387
[27,   270] loss: 0.353
[27,   280] loss: 0.290
[27,   290] loss: 0.357
[27,   300] loss: 0.349
[27,   310] loss: 0.372
[27,   320] loss: 0.283
[27,   330] loss: 0.303
[27,   340] loss: 0.323
[27,   350] loss: 0.346
[27,   360] loss: 0.338
[27,   370] loss: 0.376
[27,   380] loss: 0.338
[27,   390] loss: 0.280
[27,   400] loss: 0.329
VALIDATION loss: 0.28305914998054504
[28,    10] loss: 0.320
[28,    20] loss: 0.386
[28,    30] loss: 0.317
[28,    40] loss: 0.343
[28,    50] loss: 0.380
[28,    60] loss: 0.234
[28,    70] loss: 0.301
[28,    80] loss: 0.396
[28,    90] loss: 0.379
[28,   100] loss: 0.348
[28,   110] loss: 0.327
[28,   120] loss: 0.335
[28,   130] loss: 0.336
[28,   140] loss: 0.328
[28,   150] loss: 0.310
[28,   160] loss: 0.351
[28,   170] loss: 0.336
[28,   180] loss: 0.305
[28,   190] loss: 0.377
[28,   200] loss: 0.366
[28,   210] loss: 0.374
[28,   220] loss: 0.360
[28,   230] loss: 0.361
[28,   240] loss: 0.311
[28,   250] loss: 0.381
[28,   260] loss: 0.341
[28,   270] loss: 0.266
[28,   280] loss: 0.383
[28,   290] loss: 0.345
[28,   300] loss: 0.291
[28,   310] loss: 0.334
[28,   320] loss: 0.308
[28,   330] loss: 0.274
[28,   340] loss: 0.327
[28,   350] loss: 0.346
[28,   360] loss: 0.307
[28,   370] loss: 0.315
[28,   380] loss: 0.313
[28,   390] loss: 0.297
[28,   400] loss: 0.265
VALIDATION loss: 0.3362120985984802
[29,    10] loss: 0.308
[29,    20] loss: 0.357
[29,    30] loss: 0.346
[29,    40] loss: 0.283
[29,    50] loss: 0.315
[29,    60] loss: 0.237
[29,    70] loss: 0.294
[29,    80] loss: 0.320
[29,    90] loss: 0.286
[29,   100] loss: 0.321
[29,   110] loss: 0.326
[29,   120] loss: 0.330
[29,   130] loss: 0.338
[29,   140] loss: 0.326
[29,   150] loss: 0.384
[29,   160] loss: 0.333
[29,   170] loss: 0.305
[29,   180] loss: 0.294
[29,   190] loss: 0.277
[29,   200] loss: 0.343
[29,   210] loss: 0.278
[29,   220] loss: 0.308
[29,   230] loss: 0.292
[29,   240] loss: 0.391
[29,   250] loss: 0.287
[29,   260] loss: 0.349
[29,   270] loss: 0.312
[29,   280] loss: 0.355
[29,   290] loss: 0.307
[29,   300] loss: 0.368
[29,   310] loss: 0.244
[29,   320] loss: 0.339
[29,   330] loss: 0.304
[29,   340] loss: 0.320
[29,   350] loss: 0.317
[29,   360] loss: 0.313
[29,   370] loss: 0.289
[29,   380] loss: 0.321
[29,   390] loss: 0.339
[29,   400] loss: 0.310
VALIDATION loss: 0.3618151545524597
[30,    10] loss: 0.359
[30,    20] loss: 0.369
[30,    30] loss: 0.293
[30,    40] loss: 0.252
[30,    50] loss: 0.353
[30,    60] loss: 0.377
[30,    70] loss: 0.250
[30,    80] loss: 0.295
[30,    90] loss: 0.270
[30,   100] loss: 0.280
[30,   110] loss: 0.337
[30,   120] loss: 0.283
[30,   130] loss: 0.278
[30,   140] loss: 0.268
[30,   150] loss: 0.283
[30,   160] loss: 0.243
[30,   170] loss: 0.327
[30,   180] loss: 0.309
[30,   190] loss: 0.241
[30,   200] loss: 0.278
[30,   210] loss: 0.333
[30,   220] loss: 0.389
[30,   230] loss: 0.371
[30,   240] loss: 0.361
[30,   250] loss: 0.325
[30,   260] loss: 0.296
[30,   270] loss: 0.280
[30,   280] loss: 0.351
[30,   290] loss: 0.330
[30,   300] loss: 0.315
[30,   310] loss: 0.366
[30,   320] loss: 0.322
[30,   330] loss: 0.283
[30,   340] loss: 0.299
[30,   350] loss: 0.283
[30,   360] loss: 0.256
[30,   370] loss: 0.342
[30,   380] loss: 0.285
[30,   390] loss: 0.299
[30,   400] loss: 0.255
VALIDATION loss: 0.30348753929138184
[31,    10] loss: 0.369
[31,    20] loss: 0.311
[31,    30] loss: 0.249
[31,    40] loss: 0.294
[31,    50] loss: 0.295
[31,    60] loss: 0.261
[31,    70] loss: 0.294
[31,    80] loss: 0.345
[31,    90] loss: 0.306
[31,   100] loss: 0.334
[31,   110] loss: 0.333
[31,   120] loss: 0.320
[31,   130] loss: 0.324
[31,   140] loss: 0.298
[31,   150] loss: 0.281
[31,   160] loss: 0.293
[31,   170] loss: 0.316
[31,   180] loss: 0.295
[31,   190] loss: 0.398
[31,   200] loss: 0.287
[31,   210] loss: 0.335
[31,   220] loss: 0.330
[31,   230] loss: 0.333
[31,   240] loss: 0.262
[31,   250] loss: 0.314
[31,   260] loss: 0.320
[31,   270] loss: 0.354
[31,   280] loss: 0.268
[31,   290] loss: 0.301
[31,   300] loss: 0.297
[31,   310] loss: 0.324
[31,   320] loss: 0.290
[31,   330] loss: 0.277
[31,   340] loss: 0.299
[31,   350] loss: 0.257
[31,   360] loss: 0.285
[31,   370] loss: 0.308
[31,   380] loss: 0.271
[31,   390] loss: 0.235
[31,   400] loss: 0.255
VALIDATION loss: 0.42403319478034973
[32,    10] loss: 0.357
[32,    20] loss: 0.306
[32,    30] loss: 0.250
[32,    40] loss: 0.272
[32,    50] loss: 0.280
[32,    60] loss: 0.357
[32,    70] loss: 0.299
[32,    80] loss: 0.313
[32,    90] loss: 0.261
[32,   100] loss: 0.325
[32,   110] loss: 0.325
[32,   120] loss: 0.272
[32,   130] loss: 0.302
[32,   140] loss: 0.310
[32,   150] loss: 0.254
[32,   160] loss: 0.228
[32,   170] loss: 0.354
[32,   180] loss: 0.264
[32,   190] loss: 0.306
[32,   200] loss: 0.282
[32,   210] loss: 0.275
[32,   220] loss: 0.348
[32,   230] loss: 0.306
[32,   240] loss: 0.289
[32,   250] loss: 0.252
[32,   260] loss: 0.244
[32,   270] loss: 0.341
[32,   280] loss: 0.329
[32,   290] loss: 0.305
[32,   300] loss: 0.286
[32,   310] loss: 0.294
[32,   320] loss: 0.289
[32,   330] loss: 0.264
[32,   340] loss: 0.309
[32,   350] loss: 0.307
[32,   360] loss: 0.289
[32,   370] loss: 0.289
[32,   380] loss: 0.263
[32,   390] loss: 0.303
[32,   400] loss: 0.292
VALIDATION loss: 0.2949509918689728
[33,    10] loss: 0.328
[33,    20] loss: 0.223
[33,    30] loss: 0.311
[33,    40] loss: 0.312
[33,    50] loss: 0.284
[33,    60] loss: 0.317
[33,    70] loss: 0.301
[33,    80] loss: 0.307
[33,    90] loss: 0.262
[33,   100] loss: 0.325
[33,   110] loss: 0.282
[33,   120] loss: 0.347
[33,   130] loss: 0.297
[33,   140] loss: 0.275
[33,   150] loss: 0.293
[33,   160] loss: 0.232
[33,   170] loss: 0.288
[33,   180] loss: 0.253
[33,   190] loss: 0.268
[33,   200] loss: 0.233
[33,   210] loss: 0.272
[33,   220] loss: 0.279
[33,   230] loss: 0.264
[33,   240] loss: 0.263
[33,   250] loss: 0.243
[33,   260] loss: 0.293
[33,   270] loss: 0.288
[33,   280] loss: 0.307
[33,   290] loss: 0.279
[33,   300] loss: 0.314
[33,   310] loss: 0.251
[33,   320] loss: 0.310
[33,   330] loss: 0.263
[33,   340] loss: 0.309
[33,   350] loss: 0.342
[33,   360] loss: 0.363
[33,   370] loss: 0.260
[33,   380] loss: 0.323
[33,   390] loss: 0.277
[33,   400] loss: 0.268
VALIDATION loss: 0.30503135919570923
[34,    10] loss: 0.322
[34,    20] loss: 0.278
[34,    30] loss: 0.341
[34,    40] loss: 0.304
[34,    50] loss: 0.288
[34,    60] loss: 0.308
[34,    70] loss: 0.304
[34,    80] loss: 0.314
[34,    90] loss: 0.267
[34,   100] loss: 0.314
[34,   110] loss: 0.316
[34,   120] loss: 0.348
[34,   130] loss: 0.258
[34,   140] loss: 0.251
[34,   150] loss: 0.252
[34,   160] loss: 0.285
[34,   170] loss: 0.292
[34,   180] loss: 0.275
[34,   190] loss: 0.325
[34,   200] loss: 0.323
[34,   210] loss: 0.286
[34,   220] loss: 0.302
[34,   230] loss: 0.311
[34,   240] loss: 0.272
[34,   250] loss: 0.286
[34,   260] loss: 0.328
[34,   270] loss: 0.241
[34,   280] loss: 0.285
[34,   290] loss: 0.241
[34,   300] loss: 0.331
[34,   310] loss: 0.290
[34,   320] loss: 0.318
[34,   330] loss: 0.275
[34,   340] loss: 0.281
[34,   350] loss: 0.264
[34,   360] loss: 0.244
[34,   370] loss: 0.288
[34,   380] loss: 0.306
[34,   390] loss: 0.291
[34,   400] loss: 0.261
VALIDATION loss: 0.8212310075759888
[35,    10] loss: 0.265
[35,    20] loss: 0.241
[35,    30] loss: 0.253
[35,    40] loss: 0.329
[35,    50] loss: 0.299
[35,    60] loss: 0.305
[35,    70] loss: 0.284
[35,    80] loss: 0.303
[35,    90] loss: 0.296
[35,   100] loss: 0.285
[35,   110] loss: 0.318
[35,   120] loss: 0.224
[35,   130] loss: 0.247
[35,   140] loss: 0.298
[35,   150] loss: 0.273
[35,   160] loss: 0.298
[35,   170] loss: 0.210
[35,   180] loss: 0.252
[35,   190] loss: 0.286
[35,   200] loss: 0.297
[35,   210] loss: 0.234
[35,   220] loss: 0.262
[35,   230] loss: 0.230
[35,   240] loss: 0.319
[35,   250] loss: 0.296
[35,   260] loss: 0.239
[35,   270] loss: 0.243
[35,   280] loss: 0.258
[35,   290] loss: 0.328
[35,   300] loss: 0.319
[35,   310] loss: 0.273
[35,   320] loss: 0.259
[35,   330] loss: 0.283
[35,   340] loss: 0.338
[35,   350] loss: 0.282
[35,   360] loss: 0.290
[35,   370] loss: 0.325
[35,   380] loss: 0.266
[35,   390] loss: 0.286
[35,   400] loss: 0.305
VALIDATION loss: 0.5563874840736389
[36,    10] loss: 0.310
[36,    20] loss: 0.276
[36,    30] loss: 0.224
[36,    40] loss: 0.285
[36,    50] loss: 0.302
[36,    60] loss: 0.271
[36,    70] loss: 0.277
[36,    80] loss: 0.301
[36,    90] loss: 0.221
[36,   100] loss: 0.246
[36,   110] loss: 0.256
[36,   120] loss: 0.278
[36,   130] loss: 0.278
[36,   140] loss: 0.259
[36,   150] loss: 0.330
[36,   160] loss: 0.291
[36,   170] loss: 0.304
[36,   180] loss: 0.257
[36,   190] loss: 0.289
[36,   200] loss: 0.259
[36,   210] loss: 0.288
[36,   220] loss: 0.265
[36,   230] loss: 0.277
[36,   240] loss: 0.250
[36,   250] loss: 0.268
[36,   260] loss: 0.291
[36,   270] loss: 0.287
[36,   280] loss: 0.264
[36,   290] loss: 0.220
[36,   300] loss: 0.310
[36,   310] loss: 0.293
[36,   320] loss: 0.223
[36,   330] loss: 0.239
[36,   340] loss: 0.340
[36,   350] loss: 0.295
[36,   360] loss: 0.268
[36,   370] loss: 0.269
[36,   380] loss: 0.262
[36,   390] loss: 0.248
[36,   400] loss: 0.249
VALIDATION loss: 0.2898698151111603
[37,    10] loss: 0.271
[37,    20] loss: 0.271
[37,    30] loss: 0.264
[37,    40] loss: 0.271
[37,    50] loss: 0.304
[37,    60] loss: 0.244
[37,    70] loss: 0.201
[37,    80] loss: 0.275
[37,    90] loss: 0.267
[37,   100] loss: 0.322
[37,   110] loss: 0.247
[37,   120] loss: 0.271
[37,   130] loss: 0.245
[37,   140] loss: 0.224
[37,   150] loss: 0.216
[37,   160] loss: 0.292
[37,   170] loss: 0.223
[37,   180] loss: 0.305
[37,   190] loss: 0.321
[37,   200] loss: 0.255
[37,   210] loss: 0.236
[37,   220] loss: 0.235
[37,   230] loss: 0.309
[37,   240] loss: 0.316
[37,   250] loss: 0.321
[37,   260] loss: 0.247
[37,   270] loss: 0.268
[37,   280] loss: 0.269
[37,   290] loss: 0.211
[37,   300] loss: 0.285
[37,   310] loss: 0.260
[37,   320] loss: 0.254
[37,   330] loss: 0.270
[37,   340] loss: 0.269
[37,   350] loss: 0.241
[37,   360] loss: 0.225
[37,   370] loss: 0.235
[37,   380] loss: 0.269
[37,   390] loss: 0.268
[37,   400] loss: 0.288
VALIDATION loss: 0.24310334026813507
[38,    10] loss: 0.249
[38,    20] loss: 0.239
[38,    30] loss: 0.203
[38,    40] loss: 0.298
[38,    50] loss: 0.220
[38,    60] loss: 0.244
[38,    70] loss: 0.271
[38,    80] loss: 0.297
[38,    90] loss: 0.230
[38,   100] loss: 0.230
[38,   110] loss: 0.269
[38,   120] loss: 0.240
[38,   130] loss: 0.281
[38,   140] loss: 0.248
[38,   150] loss: 0.273
[38,   160] loss: 0.257
[38,   170] loss: 0.255
[38,   180] loss: 0.225
[38,   190] loss: 0.266
[38,   200] loss: 0.310
[38,   210] loss: 0.203
[38,   220] loss: 0.237
[38,   230] loss: 0.302
[38,   240] loss: 0.293
[38,   250] loss: 0.262
[38,   260] loss: 0.258
[38,   270] loss: 0.253
[38,   280] loss: 0.290
[38,   290] loss: 0.301
[38,   300] loss: 0.210
[38,   310] loss: 0.241
[38,   320] loss: 0.286
[38,   330] loss: 0.282
[38,   340] loss: 0.314
[38,   350] loss: 0.229
[38,   360] loss: 0.282
[38,   370] loss: 0.269
[38,   380] loss: 0.208
[38,   390] loss: 0.290
[38,   400] loss: 0.265
VALIDATION loss: 0.5774024724960327
[39,    10] loss: 0.257
[39,    20] loss: 0.239
[39,    30] loss: 0.337
[39,    40] loss: 0.240
[39,    50] loss: 0.262
[39,    60] loss: 0.209
[39,    70] loss: 0.274
[39,    80] loss: 0.289
[39,    90] loss: 0.252
[39,   100] loss: 0.292
[39,   110] loss: 0.241
[39,   120] loss: 0.278
[39,   130] loss: 0.230
[39,   140] loss: 0.235
[39,   150] loss: 0.285
[39,   160] loss: 0.238
[39,   170] loss: 0.234
[39,   180] loss: 0.222
[39,   190] loss: 0.243
[39,   200] loss: 0.274
[39,   210] loss: 0.220
[39,   220] loss: 0.298
[39,   230] loss: 0.308
[39,   240] loss: 0.226
[39,   250] loss: 0.245
[39,   260] loss: 0.227
[39,   270] loss: 0.237
[39,   280] loss: 0.221
[39,   290] loss: 0.275
[39,   300] loss: 0.261
[39,   310] loss: 0.224
[39,   320] loss: 0.319
[39,   330] loss: 0.239
[39,   340] loss: 0.292
[39,   350] loss: 0.231
[39,   360] loss: 0.290
[39,   370] loss: 0.290
[39,   380] loss: 0.293
[39,   390] loss: 0.254
[39,   400] loss: 0.226
VALIDATION loss: 2.128246784210205
[40,    10] loss: 0.194
[40,    20] loss: 0.241
[40,    30] loss: 0.290
[40,    40] loss: 0.258
[40,    50] loss: 0.290
[40,    60] loss: 0.224
[40,    70] loss: 0.220
[40,    80] loss: 0.275
[40,    90] loss: 0.211
[40,   100] loss: 0.209
[40,   110] loss: 0.248
[40,   120] loss: 0.239
[40,   130] loss: 0.227
[40,   140] loss: 0.231
[40,   150] loss: 0.257
[40,   160] loss: 0.261
[40,   170] loss: 0.219
[40,   180] loss: 0.231
[40,   190] loss: 0.280
[40,   200] loss: 0.302
[40,   210] loss: 0.250
[40,   220] loss: 0.277
[40,   230] loss: 0.259
[40,   240] loss: 0.242
[40,   250] loss: 0.279
[40,   260] loss: 0.237
[40,   270] loss: 0.253
[40,   280] loss: 0.278
[40,   290] loss: 0.238
[40,   300] loss: 0.261
[40,   310] loss: 0.226
[40,   320] loss: 0.317
[40,   330] loss: 0.374
[40,   340] loss: 0.312
[40,   350] loss: 0.254
[40,   360] loss: 0.256
[40,   370] loss: 0.236
[40,   380] loss: 0.283
[40,   390] loss: 0.226
[40,   400] loss: 0.242
VALIDATION loss: 0.23604148626327515
[41,    10] loss: 0.203
[41,    20] loss: 0.261
[41,    30] loss: 0.219
[41,    40] loss: 0.219
[41,    50] loss: 0.260
[41,    60] loss: 0.265
[41,    70] loss: 0.253
[41,    80] loss: 0.201
[41,    90] loss: 0.264
[41,   100] loss: 0.285
[41,   110] loss: 0.267
[41,   120] loss: 0.270
[41,   130] loss: 0.294
[41,   140] loss: 0.293
[41,   150] loss: 0.229
[41,   160] loss: 0.283
[41,   170] loss: 0.199
[41,   180] loss: 0.296
[41,   190] loss: 0.253
[41,   200] loss: 0.224
[41,   210] loss: 0.257
[41,   220] loss: 0.237
[41,   230] loss: 0.253
[41,   240] loss: 0.203
[41,   250] loss: 0.278
[41,   260] loss: 0.194
[41,   270] loss: 0.247
[41,   280] loss: 0.218
[41,   290] loss: 0.257
[41,   300] loss: 0.237
[41,   310] loss: 0.307
[41,   320] loss: 0.260
[41,   330] loss: 0.251
[41,   340] loss: 0.251
[41,   350] loss: 0.219
[41,   360] loss: 0.256
[41,   370] loss: 0.252
[41,   380] loss: 0.307
[41,   390] loss: 0.264
[41,   400] loss: 0.275
VALIDATION loss: 3.3064162731170654
[42,    10] loss: 0.220
[42,    20] loss: 0.288
[42,    30] loss: 0.205
[42,    40] loss: 0.235
[42,    50] loss: 0.261
[42,    60] loss: 0.275
[42,    70] loss: 0.213
[42,    80] loss: 0.248
[42,    90] loss: 0.232
[42,   100] loss: 0.306
[42,   110] loss: 0.222
[42,   120] loss: 0.279
[42,   130] loss: 0.220
[42,   140] loss: 0.233
[42,   150] loss: 0.258
[42,   160] loss: 0.280
[42,   170] loss: 0.227
[42,   180] loss: 0.234
[42,   190] loss: 0.216
[42,   200] loss: 0.267
[42,   210] loss: 0.254
[42,   220] loss: 0.236
[42,   230] loss: 0.252
[42,   240] loss: 0.209
[42,   250] loss: 0.296
[42,   260] loss: 0.238
[42,   270] loss: 0.233
[42,   280] loss: 0.218
[42,   290] loss: 0.218
[42,   300] loss: 0.261
[42,   310] loss: 0.230
[42,   320] loss: 0.230
[42,   330] loss: 0.251
[42,   340] loss: 0.258
[42,   350] loss: 0.257
[42,   360] loss: 0.256
[42,   370] loss: 0.283
[42,   380] loss: 0.235
[42,   390] loss: 0.277
[42,   400] loss: 0.251
VALIDATION loss: 0.29060816764831543
[43,    10] loss: 0.229
[43,    20] loss: 0.244
[43,    30] loss: 0.240
[43,    40] loss: 0.264
[43,    50] loss: 0.295
[43,    60] loss: 0.217
[43,    70] loss: 0.200
[43,    80] loss: 0.229
[43,    90] loss: 0.217
[43,   100] loss: 0.264
[43,   110] loss: 0.247
[43,   120] loss: 0.266
[43,   130] loss: 0.237
[43,   140] loss: 0.300
[43,   150] loss: 0.212
[43,   160] loss: 0.217
[43,   170] loss: 0.289
[43,   180] loss: 0.251
[43,   190] loss: 0.211
[43,   200] loss: 0.247
[43,   210] loss: 0.217
[43,   220] loss: 0.237
[43,   230] loss: 0.235
[43,   240] loss: 0.250
[43,   250] loss: 0.232
[43,   260] loss: 0.190
[43,   270] loss: 0.231
[43,   280] loss: 0.273
[43,   290] loss: 0.272
[43,   300] loss: 0.214
[43,   310] loss: 0.157
[43,   320] loss: 0.237
[43,   330] loss: 0.207
[43,   340] loss: 0.206
[43,   350] loss: 0.239
[43,   360] loss: 0.255
[43,   370] loss: 0.269
[43,   380] loss: 0.289
[43,   390] loss: 0.274
[43,   400] loss: 0.272
VALIDATION loss: 0.9901178479194641
[44,    10] loss: 0.266
[44,    20] loss: 0.233
[44,    30] loss: 0.260
[44,    40] loss: 0.267
[44,    50] loss: 0.256
[44,    60] loss: 0.260
[44,    70] loss: 0.197
[44,    80] loss: 0.197
[44,    90] loss: 0.200
[44,   100] loss: 0.280
[44,   110] loss: 0.199
[44,   120] loss: 0.181
[44,   130] loss: 0.223
[44,   140] loss: 0.289
[44,   150] loss: 0.200
[44,   160] loss: 0.221
[44,   170] loss: 0.224
[44,   180] loss: 0.228
[44,   190] loss: 0.260
[44,   200] loss: 0.249
[44,   210] loss: 0.225
[44,   220] loss: 0.251
[44,   230] loss: 0.254
[44,   240] loss: 0.243
[44,   250] loss: 0.241
[44,   260] loss: 0.184
[44,   270] loss: 0.250
[44,   280] loss: 0.166
[44,   290] loss: 0.208
[44,   300] loss: 0.220
[44,   310] loss: 0.257
[44,   320] loss: 0.232
[44,   330] loss: 0.244
[44,   340] loss: 0.212
[44,   350] loss: 0.219
[44,   360] loss: 0.265
[44,   370] loss: 0.205
[44,   380] loss: 0.199
[44,   390] loss: 0.257
[44,   400] loss: 0.216
VALIDATION loss: 0.22384555637836456
[45,    10] loss: 0.225
[45,    20] loss: 0.251
[45,    30] loss: 0.231
[45,    40] loss: 0.218
[45,    50] loss: 0.240
[45,    60] loss: 0.217
[45,    70] loss: 0.225
[45,    80] loss: 0.261
[45,    90] loss: 0.289
[45,   100] loss: 0.218
[45,   110] loss: 0.288
[45,   120] loss: 0.228
[45,   130] loss: 0.214
[45,   140] loss: 0.209
[45,   150] loss: 0.292
[45,   160] loss: 0.262
[45,   170] loss: 0.222
[45,   180] loss: 0.258
[45,   190] loss: 0.234
[45,   200] loss: 0.209
[45,   210] loss: 0.217
[45,   220] loss: 0.294
[45,   230] loss: 0.226
[45,   240] loss: 0.198
[45,   250] loss: 0.230
[45,   260] loss: 0.193
[45,   270] loss: 0.238
[45,   280] loss: 0.233
[45,   290] loss: 0.274
[45,   300] loss: 0.179
[45,   310] loss: 0.208
[45,   320] loss: 0.215
[45,   330] loss: 0.184
[45,   340] loss: 0.252
[45,   350] loss: 0.182
[45,   360] loss: 0.201
[45,   370] loss: 0.200
[45,   380] loss: 0.205
[45,   390] loss: 0.212
[45,   400] loss: 0.212
VALIDATION loss: 0.21962332725524902
[46,    10] loss: 0.243
[46,    20] loss: 0.184
[46,    30] loss: 0.293
[46,    40] loss: 0.172
[46,    50] loss: 0.268
[46,    60] loss: 0.270
[46,    70] loss: 0.257
[46,    80] loss: 0.201
[46,    90] loss: 0.244
[46,   100] loss: 0.297
[46,   110] loss: 0.265
[46,   120] loss: 0.181
[46,   130] loss: 0.228
[46,   140] loss: 0.219
[46,   150] loss: 0.183
[46,   160] loss: 0.225
[46,   170] loss: 0.203
[46,   180] loss: 0.161
[46,   190] loss: 0.268
[46,   200] loss: 0.211
[46,   210] loss: 0.294
[46,   220] loss: 0.269
[46,   230] loss: 0.238
[46,   240] loss: 0.221
[46,   250] loss: 0.215
[46,   260] loss: 0.223
[46,   270] loss: 0.214
[46,   280] loss: 0.246
[46,   290] loss: 0.225
[46,   300] loss: 0.236
[46,   310] loss: 0.232
[46,   320] loss: 0.214
[46,   330] loss: 0.258
[46,   340] loss: 0.242
[46,   350] loss: 0.197
[46,   360] loss: 0.193
[46,   370] loss: 0.242
[46,   380] loss: 0.192
[46,   390] loss: 0.235
[46,   400] loss: 0.212
VALIDATION loss: 1.5480695962905884
[47,    10] loss: 0.155
[47,    20] loss: 0.248
[47,    30] loss: 0.212
[47,    40] loss: 0.178
[47,    50] loss: 0.264
[47,    60] loss: 0.223
[47,    70] loss: 0.252
[47,    80] loss: 0.257
[47,    90] loss: 0.240
[47,   100] loss: 0.201
[47,   110] loss: 0.156
[47,   120] loss: 0.206
[47,   130] loss: 0.195
[47,   140] loss: 0.209
[47,   150] loss: 0.206
[47,   160] loss: 0.216
[47,   170] loss: 0.215
[47,   180] loss: 0.250
[47,   190] loss: 0.228
[47,   200] loss: 0.226
[47,   210] loss: 0.253
[47,   220] loss: 0.221
[47,   230] loss: 0.254
[47,   240] loss: 0.278
[47,   250] loss: 0.180
[47,   260] loss: 0.265
[47,   270] loss: 0.226
[47,   280] loss: 0.226
[47,   290] loss: 0.233
[47,   300] loss: 0.247
[47,   310] loss: 0.235
[47,   320] loss: 0.212
[47,   330] loss: 0.250
[47,   340] loss: 0.222
[47,   350] loss: 0.226
[47,   360] loss: 0.195
[47,   370] loss: 0.159
[47,   380] loss: 0.191
[47,   390] loss: 0.188
[47,   400] loss: 0.285
VALIDATION loss: 2.015300750732422
[48,    10] loss: 0.237
[48,    20] loss: 0.229
[48,    30] loss: 0.220
[48,    40] loss: 0.176
[48,    50] loss: 0.212
[48,    60] loss: 0.262
[48,    70] loss: 0.212
[48,    80] loss: 0.229
[48,    90] loss: 0.248
[48,   100] loss: 0.151
[48,   110] loss: 0.227
[48,   120] loss: 0.230
[48,   130] loss: 0.207
[48,   140] loss: 0.213
[48,   150] loss: 0.216
[48,   160] loss: 0.230
[48,   170] loss: 0.211
[48,   180] loss: 0.211
[48,   190] loss: 0.197
[48,   200] loss: 0.253
[48,   210] loss: 0.212
[48,   220] loss: 0.240
[48,   230] loss: 0.213
[48,   240] loss: 0.227
[48,   250] loss: 0.213
[48,   260] loss: 0.217
[48,   270] loss: 0.208
[48,   280] loss: 0.264
[48,   290] loss: 0.191
[48,   300] loss: 0.249
[48,   310] loss: 0.229
[48,   320] loss: 0.207
[48,   330] loss: 0.219
[48,   340] loss: 0.174
[48,   350] loss: 0.251
[48,   360] loss: 0.220
[48,   370] loss: 0.217
[48,   380] loss: 0.214
[48,   390] loss: 0.236
[48,   400] loss: 0.209
VALIDATION loss: 0.27583378553390503
[49,    10] loss: 0.249
[49,    20] loss: 0.270
[49,    30] loss: 0.204
[49,    40] loss: 0.261
[49,    50] loss: 0.248
[49,    60] loss: 0.208
[49,    70] loss: 0.243
[49,    80] loss: 0.202
[49,    90] loss: 0.266
[49,   100] loss: 0.237
[49,   110] loss: 0.221
[49,   120] loss: 0.221
[49,   130] loss: 0.210
[49,   140] loss: 0.212
[49,   150] loss: 0.222
[49,   160] loss: 0.201
[49,   170] loss: 0.272
[49,   180] loss: 0.236
[49,   190] loss: 0.200
[49,   200] loss: 0.189
[49,   210] loss: 0.219
[49,   220] loss: 0.249
[49,   230] loss: 0.205
[49,   240] loss: 0.230
[49,   250] loss: 0.223
[49,   260] loss: 0.220
[49,   270] loss: 0.221
[49,   280] loss: 0.278
[49,   290] loss: 0.178
[49,   300] loss: 0.234
[49,   310] loss: 0.200
[49,   320] loss: 0.227
[49,   330] loss: 0.226
[49,   340] loss: 0.213
[49,   350] loss: 0.233
[49,   360] loss: 0.229
[49,   370] loss: 0.216
[49,   380] loss: 0.199
[49,   390] loss: 0.206
[49,   400] loss: 0.194
VALIDATION loss: 0.3253489136695862
[50,    10] loss: 0.254
[50,    20] loss: 0.225
[50,    30] loss: 0.217
[50,    40] loss: 0.234
[50,    50] loss: 0.229
[50,    60] loss: 0.242
[50,    70] loss: 0.265
[50,    80] loss: 0.273
[50,    90] loss: 0.188
[50,   100] loss: 0.196
[50,   110] loss: 0.240
[50,   120] loss: 0.265
[50,   130] loss: 0.277
[50,   140] loss: 0.200
[50,   150] loss: 0.187
[50,   160] loss: 0.162
[50,   170] loss: 0.256
[50,   180] loss: 0.201
[50,   190] loss: 0.233
[50,   200] loss: 0.257
[50,   210] loss: 0.193
[50,   220] loss: 0.201
[50,   230] loss: 0.228
[50,   240] loss: 0.200
[50,   250] loss: 0.199
[50,   260] loss: 0.215
[50,   270] loss: 0.196
[50,   280] loss: 0.248
[50,   290] loss: 0.191
[50,   300] loss: 0.210
[50,   310] loss: 0.196
[50,   320] loss: 0.218
[50,   330] loss: 0.239
[50,   340] loss: 0.229
[50,   350] loss: 0.212
[50,   360] loss: 0.240
[50,   370] loss: 0.210
[50,   380] loss: 0.179
[50,   390] loss: 0.178
[50,   400] loss: 0.258
VALIDATION loss: 0.21084338426589966
[51,    10] loss: 0.291
[51,    20] loss: 0.252
[51,    30] loss: 0.194
[51,    40] loss: 0.264
[51,    50] loss: 0.235
[51,    60] loss: 0.213
[51,    70] loss: 0.207
[51,    80] loss: 0.173
[51,    90] loss: 0.273
[51,   100] loss: 0.240
[51,   110] loss: 0.225
[51,   120] loss: 0.202
[51,   130] loss: 0.163
[51,   140] loss: 0.170
[51,   150] loss: 0.171
[51,   160] loss: 0.220
[51,   170] loss: 0.248
[51,   180] loss: 0.260
[51,   190] loss: 0.190
[51,   200] loss: 0.217
[51,   210] loss: 0.248
[51,   220] loss: 0.163
[51,   230] loss: 0.201
[51,   240] loss: 0.181
[51,   250] loss: 0.185
[51,   260] loss: 0.258
[51,   270] loss: 0.215
[51,   280] loss: 0.227
[51,   290] loss: 0.161
[51,   300] loss: 0.191
[51,   310] loss: 0.174
[51,   320] loss: 0.209
[51,   330] loss: 0.188
[51,   340] loss: 0.185
[51,   350] loss: 0.154
[51,   360] loss: 0.190
[51,   370] loss: 0.208
[51,   380] loss: 0.210
[51,   390] loss: 0.300
[51,   400] loss: 0.255
VALIDATION loss: 0.31080755591392517
[52,    10] loss: 0.252
[52,    20] loss: 0.169
[52,    30] loss: 0.165
[52,    40] loss: 0.220
[52,    50] loss: 0.189
[52,    60] loss: 0.154
[52,    70] loss: 0.197
[52,    80] loss: 0.152
[52,    90] loss: 0.235
[52,   100] loss: 0.229
[52,   110] loss: 0.268
[52,   120] loss: 0.236
[52,   130] loss: 0.212
[52,   140] loss: 0.190
[52,   150] loss: 0.208
[52,   160] loss: 0.231
[52,   170] loss: 0.177
[52,   180] loss: 0.151
[52,   190] loss: 0.218
[52,   200] loss: 0.217
[52,   210] loss: 0.185
[52,   220] loss: 0.231
[52,   230] loss: 0.213
[52,   240] loss: 0.233
[52,   250] loss: 0.262
[52,   260] loss: 0.188
[52,   270] loss: 0.202
[52,   280] loss: 0.211
[52,   290] loss: 0.183
[52,   300] loss: 0.187
[52,   310] loss: 0.228
[52,   320] loss: 0.220
[52,   330] loss: 0.227
[52,   340] loss: 0.206
[52,   350] loss: 0.240
[52,   360] loss: 0.179
[52,   370] loss: 0.242
[52,   380] loss: 0.166
[52,   390] loss: 0.279
[52,   400] loss: 0.237
VALIDATION loss: 0.2232237309217453
[53,    10] loss: 0.205
[53,    20] loss: 0.183
[53,    30] loss: 0.240
[53,    40] loss: 0.195
[53,    50] loss: 0.177
[53,    60] loss: 0.248
[53,    70] loss: 0.222
[53,    80] loss: 0.161
[53,    90] loss: 0.218
[53,   100] loss: 0.213
[53,   110] loss: 0.225
[53,   120] loss: 0.258
[53,   130] loss: 0.208
[53,   140] loss: 0.204
[53,   150] loss: 0.224
[53,   160] loss: 0.247
[53,   170] loss: 0.173
[53,   180] loss: 0.213
[53,   190] loss: 0.205
[53,   200] loss: 0.177
[53,   210] loss: 0.242
[53,   220] loss: 0.227
[53,   230] loss: 0.119
[53,   240] loss: 0.183
[53,   250] loss: 0.187
[53,   260] loss: 0.248
[53,   270] loss: 0.193
[53,   280] loss: 0.182
[53,   290] loss: 0.193
[53,   300] loss: 0.176
[53,   310] loss: 0.227
[53,   320] loss: 0.206
[53,   330] loss: 0.219
[53,   340] loss: 0.232
[53,   350] loss: 0.195
[53,   360] loss: 0.184
[53,   370] loss: 0.199
[53,   380] loss: 0.220
[53,   390] loss: 0.218
[53,   400] loss: 0.246
VALIDATION loss: 1.6975407600402832
[54,    10] loss: 0.207
[54,    20] loss: 0.206
[54,    30] loss: 0.192
[54,    40] loss: 0.255
[54,    50] loss: 0.215
[54,    60] loss: 0.253
[54,    70] loss: 0.228
[54,    80] loss: 0.166
[54,    90] loss: 0.172
[54,   100] loss: 0.195
[54,   110] loss: 0.211
[54,   120] loss: 0.252
[54,   130] loss: 0.176
[54,   140] loss: 0.221
[54,   150] loss: 0.174
[54,   160] loss: 0.213
[54,   170] loss: 0.170
[54,   180] loss: 0.194
[54,   190] loss: 0.214
[54,   200] loss: 0.200
[54,   210] loss: 0.174
[54,   220] loss: 0.180
[54,   230] loss: 0.199
[54,   240] loss: 0.209
[54,   250] loss: 0.192
[54,   260] loss: 0.249
[54,   270] loss: 0.187
[54,   280] loss: 0.224
[54,   290] loss: 0.187
[54,   300] loss: 0.223
[54,   310] loss: 0.224
[54,   320] loss: 0.207
[54,   330] loss: 0.176
[54,   340] loss: 0.201
[54,   350] loss: 0.237
[54,   360] loss: 0.173
[54,   370] loss: 0.198
[54,   380] loss: 0.195
[54,   390] loss: 0.191
[54,   400] loss: 0.198
VALIDATION loss: 4.511099338531494
[55,    10] loss: 0.230
[55,    20] loss: 0.192
[55,    30] loss: 0.202
[55,    40] loss: 0.216
[55,    50] loss: 0.240
[55,    60] loss: 0.220
[55,    70] loss: 0.200
[55,    80] loss: 0.229
[55,    90] loss: 0.242
[55,   100] loss: 0.195
[55,   110] loss: 0.247
[55,   120] loss: 0.159
[55,   130] loss: 0.165
[55,   140] loss: 0.191
[55,   150] loss: 0.174
[55,   160] loss: 0.196
[55,   170] loss: 0.214
[55,   180] loss: 0.210
[55,   190] loss: 0.216
[55,   200] loss: 0.195
[55,   210] loss: 0.196
[55,   220] loss: 0.209
[55,   230] loss: 0.194
[55,   240] loss: 0.196
[55,   250] loss: 0.213
[55,   260] loss: 0.206
[55,   270] loss: 0.260
[55,   280] loss: 0.247
[55,   290] loss: 0.184
[55,   300] loss: 0.204
[55,   310] loss: 0.205
[55,   320] loss: 0.192
[55,   330] loss: 0.163
[55,   340] loss: 0.246
[55,   350] loss: 0.265
[55,   360] loss: 0.204
[55,   370] loss: 0.193
[55,   380] loss: 0.187
[55,   390] loss: 0.208
[55,   400] loss: 0.190
VALIDATION loss: 0.24059128761291504
[56,    10] loss: 0.240
[56,    20] loss: 0.160
[56,    30] loss: 0.184
[56,    40] loss: 0.212
[56,    50] loss: 0.193
[56,    60] loss: 0.205
[56,    70] loss: 0.184
[56,    80] loss: 0.198
[56,    90] loss: 0.217
[56,   100] loss: 0.177
[56,   110] loss: 0.186
[56,   120] loss: 0.182
[56,   130] loss: 0.230
[56,   140] loss: 0.241
[56,   150] loss: 0.237
[56,   160] loss: 0.205
[56,   170] loss: 0.171
[56,   180] loss: 0.194
[56,   190] loss: 0.260
[56,   200] loss: 0.193
[56,   210] loss: 0.195
[56,   220] loss: 0.142
[56,   230] loss: 0.254
[56,   240] loss: 0.213
[56,   250] loss: 0.198
[56,   260] loss: 0.198
[56,   270] loss: 0.199
[56,   280] loss: 0.234
[56,   290] loss: 0.178
[56,   300] loss: 0.211
[56,   310] loss: 0.225
[56,   320] loss: 0.201
[56,   330] loss: 0.182
[56,   340] loss: 0.184
[56,   350] loss: 0.207
[56,   360] loss: 0.193
[56,   370] loss: 0.196
[56,   380] loss: 0.238
[56,   390] loss: 0.235
[56,   400] loss: 0.215
VALIDATION loss: 0.4458434283733368
[57,    10] loss: 0.169
[57,    20] loss: 0.213
[57,    30] loss: 0.217
[57,    40] loss: 0.182
[57,    50] loss: 0.232
[57,    60] loss: 0.183
[57,    70] loss: 0.208
[57,    80] loss: 0.269
[57,    90] loss: 0.216
[57,   100] loss: 0.223
[57,   110] loss: 0.229
[57,   120] loss: 0.246
[57,   130] loss: 0.202
[57,   140] loss: 0.180
[57,   150] loss: 0.193
[57,   160] loss: 0.191
[57,   170] loss: 0.199
[57,   180] loss: 0.209
[57,   190] loss: 0.177
[57,   200] loss: 0.210
[57,   210] loss: 0.169
[57,   220] loss: 0.239
[57,   230] loss: 0.169
[57,   240] loss: 0.212
[57,   250] loss: 0.211
[57,   260] loss: 0.206
[57,   270] loss: 0.187
[57,   280] loss: 0.174
[57,   290] loss: 0.180
[57,   300] loss: 0.231
[57,   310] loss: 0.178
[57,   320] loss: 0.202
[57,   330] loss: 0.208
[57,   340] loss: 0.227
[57,   350] loss: 0.200
[57,   360] loss: 0.261
[57,   370] loss: 0.192
[57,   380] loss: 0.153
[57,   390] loss: 0.209
[57,   400] loss: 0.190
VALIDATION loss: 0.336185485124588
[58,    10] loss: 0.180
[58,    20] loss: 0.187
[58,    30] loss: 0.178
[58,    40] loss: 0.229
[58,    50] loss: 0.179
[58,    60] loss: 0.201
[58,    70] loss: 0.171
[58,    80] loss: 0.179
[58,    90] loss: 0.214
[58,   100] loss: 0.182
[58,   110] loss: 0.191
[58,   120] loss: 0.207
[58,   130] loss: 0.228
[58,   140] loss: 0.177
[58,   150] loss: 0.205
[58,   160] loss: 0.209
[58,   170] loss: 0.169
[58,   180] loss: 0.208
[58,   190] loss: 0.200
[58,   200] loss: 0.229
[58,   210] loss: 0.188
[58,   220] loss: 0.210
[58,   230] loss: 0.204
[58,   240] loss: 0.189
[58,   250] loss: 0.141
[58,   260] loss: 0.180
[58,   270] loss: 0.220
[58,   280] loss: 0.174
[58,   290] loss: 0.184
[58,   300] loss: 0.168
[58,   310] loss: 0.164
[58,   320] loss: 0.206
[58,   330] loss: 0.175
[58,   340] loss: 0.159
[58,   350] loss: 0.183
[58,   360] loss: 0.206
[58,   370] loss: 0.186
[58,   380] loss: 0.233
[58,   390] loss: 0.233
[58,   400] loss: 0.209
VALIDATION loss: 0.4103572964668274
[59,    10] loss: 0.219
[59,    20] loss: 0.183
[59,    30] loss: 0.169
[59,    40] loss: 0.190
[59,    50] loss: 0.184
[59,    60] loss: 0.200
[59,    70] loss: 0.224
[59,    80] loss: 0.232
[59,    90] loss: 0.217
[59,   100] loss: 0.215
[59,   110] loss: 0.190
[59,   120] loss: 0.160
[59,   130] loss: 0.181
[59,   140] loss: 0.222
[59,   150] loss: 0.181
[59,   160] loss: 0.154
[59,   170] loss: 0.210
[59,   180] loss: 0.177
[59,   190] loss: 0.134
[59,   200] loss: 0.184
[59,   210] loss: 0.157
[59,   220] loss: 0.223
[59,   230] loss: 0.245
[59,   240] loss: 0.174
[59,   250] loss: 0.162
[59,   260] loss: 0.204
[59,   270] loss: 0.249
[59,   280] loss: 0.215
[59,   290] loss: 0.183
[59,   300] loss: 0.167
[59,   310] loss: 0.190
[59,   320] loss: 0.170
[59,   330] loss: 0.176
[59,   340] loss: 0.186
[59,   350] loss: 0.153
[59,   360] loss: 0.256
[59,   370] loss: 0.223
[59,   380] loss: 0.180
[59,   390] loss: 0.200
[59,   400] loss: 0.242
VALIDATION loss: 0.3344578742980957
[60,    10] loss: 0.202
[60,    20] loss: 0.245
[60,    30] loss: 0.180
[60,    40] loss: 0.208
[60,    50] loss: 0.226
[60,    60] loss: 0.187
[60,    70] loss: 0.208
[60,    80] loss: 0.202
[60,    90] loss: 0.178
[60,   100] loss: 0.208
[60,   110] loss: 0.227
[60,   120] loss: 0.165
[60,   130] loss: 0.219
[60,   140] loss: 0.178
[60,   150] loss: 0.197
[60,   160] loss: 0.199
[60,   170] loss: 0.224
[60,   180] loss: 0.227
[60,   190] loss: 0.242
[60,   200] loss: 0.187
[60,   210] loss: 0.197
[60,   220] loss: 0.192
[60,   230] loss: 0.221
[60,   240] loss: 0.166
[60,   250] loss: 0.209
[60,   260] loss: 0.200
[60,   270] loss: 0.195
[60,   280] loss: 0.160
[60,   290] loss: 0.167
[60,   300] loss: 0.172
[60,   310] loss: 0.203
[60,   320] loss: 0.188
[60,   330] loss: 0.186
[60,   340] loss: 0.217
[60,   350] loss: 0.176
[60,   360] loss: 0.192
[60,   370] loss: 0.181
[60,   380] loss: 0.185
[60,   390] loss: 0.172
[60,   400] loss: 0.157
VALIDATION loss: 0.2256370335817337
[61,    10] loss: 0.206
[61,    20] loss: 0.170
[61,    30] loss: 0.188
[61,    40] loss: 0.202
[61,    50] loss: 0.213
[61,    60] loss: 0.180
[61,    70] loss: 0.228
[61,    80] loss: 0.210
[61,    90] loss: 0.203
[61,   100] loss: 0.118
[61,   110] loss: 0.176
[61,   120] loss: 0.160
[61,   130] loss: 0.183
[61,   140] loss: 0.147
[61,   150] loss: 0.215
[61,   160] loss: 0.194
[61,   170] loss: 0.205
[61,   180] loss: 0.158
[61,   190] loss: 0.200
[61,   200] loss: 0.224
[61,   210] loss: 0.209
[61,   220] loss: 0.190
[61,   230] loss: 0.174
[61,   240] loss: 0.200
[61,   250] loss: 0.185
[61,   260] loss: 0.172
[61,   270] loss: 0.195
[61,   280] loss: 0.184
[61,   290] loss: 0.197
[61,   300] loss: 0.221
[61,   310] loss: 0.200
[61,   320] loss: 0.142
[61,   330] loss: 0.196
[61,   340] loss: 0.239
[61,   350] loss: 0.208
[61,   360] loss: 0.208
[61,   370] loss: 0.229
[61,   380] loss: 0.166
[61,   390] loss: 0.202
[61,   400] loss: 0.181
VALIDATION loss: 0.17796818912029266
[62,    10] loss: 0.177
[62,    20] loss: 0.277
[62,    30] loss: 0.179
[62,    40] loss: 0.224
[62,    50] loss: 0.179
[62,    60] loss: 0.198
[62,    70] loss: 0.175
[62,    80] loss: 0.203
[62,    90] loss: 0.199
[62,   100] loss: 0.215
[62,   110] loss: 0.226
[62,   120] loss: 0.179
[62,   130] loss: 0.168
[62,   140] loss: 0.213
[62,   150] loss: 0.132
[62,   160] loss: 0.207
[62,   170] loss: 0.172
[62,   180] loss: 0.199
[62,   190] loss: 0.263
[62,   200] loss: 0.153
[62,   210] loss: 0.160
[62,   220] loss: 0.186
[62,   230] loss: 0.141
[62,   240] loss: 0.174
[62,   250] loss: 0.128
[62,   260] loss: 0.196
[62,   270] loss: 0.190
[62,   280] loss: 0.157
[62,   290] loss: 0.193
[62,   300] loss: 0.177
[62,   310] loss: 0.185
[62,   320] loss: 0.156
[62,   330] loss: 0.247
[62,   340] loss: 0.177
[62,   350] loss: 0.186
[62,   360] loss: 0.232
[62,   370] loss: 0.224
[62,   380] loss: 0.186
[62,   390] loss: 0.209
[62,   400] loss: 0.184
VALIDATION loss: 0.22546011209487915
[63,    10] loss: 0.161
[63,    20] loss: 0.185
[63,    30] loss: 0.205
[63,    40] loss: 0.202
[63,    50] loss: 0.199
[63,    60] loss: 0.173
[63,    70] loss: 0.182
[63,    80] loss: 0.171
[63,    90] loss: 0.201
[63,   100] loss: 0.200
[63,   110] loss: 0.174
[63,   120] loss: 0.167
[63,   130] loss: 0.170
[63,   140] loss: 0.224
[63,   150] loss: 0.161
[63,   160] loss: 0.178
[63,   170] loss: 0.202
[63,   180] loss: 0.210
[63,   190] loss: 0.248
[63,   200] loss: 0.166
[63,   210] loss: 0.213
[63,   220] loss: 0.192
[63,   230] loss: 0.219
[63,   240] loss: 0.194
[63,   250] loss: 0.171
[63,   260] loss: 0.227
[63,   270] loss: 0.167
[63,   280] loss: 0.211
[63,   290] loss: 0.217
[63,   300] loss: 0.198
[63,   310] loss: 0.175
[63,   320] loss: 0.210
[63,   330] loss: 0.229
[63,   340] loss: 0.155
[63,   350] loss: 0.149
[63,   360] loss: 0.186
[63,   370] loss: 0.224
[63,   380] loss: 0.204
[63,   390] loss: 0.183
[63,   400] loss: 0.187
VALIDATION loss: 0.18392908573150635
[64,    10] loss: 0.153
[64,    20] loss: 0.177
[64,    30] loss: 0.180
[64,    40] loss: 0.210
[64,    50] loss: 0.196
[64,    60] loss: 0.219
[64,    70] loss: 0.167
[64,    80] loss: 0.206
[64,    90] loss: 0.208
[64,   100] loss: 0.215
[64,   110] loss: 0.195
[64,   120] loss: 0.191
[64,   130] loss: 0.183
[64,   140] loss: 0.164
[64,   150] loss: 0.197
[64,   160] loss: 0.151
[64,   170] loss: 0.213
[64,   180] loss: 0.189
[64,   190] loss: 0.158
[64,   200] loss: 0.210
[64,   210] loss: 0.199
[64,   220] loss: 0.213
[64,   230] loss: 0.153
[64,   240] loss: 0.155
[64,   250] loss: 0.164
[64,   260] loss: 0.184
[64,   270] loss: 0.158
[64,   280] loss: 0.163
[64,   290] loss: 0.145
[64,   300] loss: 0.161
[64,   310] loss: 0.199
[64,   320] loss: 0.185
[64,   330] loss: 0.164
[64,   340] loss: 0.163
[64,   350] loss: 0.168
[64,   360] loss: 0.201
[64,   370] loss: 0.175
[64,   380] loss: 0.162
[64,   390] loss: 0.200
[64,   400] loss: 0.170
VALIDATION loss: 0.20292030274868011
[65,    10] loss: 0.172
[65,    20] loss: 0.176
[65,    30] loss: 0.204
[65,    40] loss: 0.181
[65,    50] loss: 0.159
[65,    60] loss: 0.221
[65,    70] loss: 0.187
[65,    80] loss: 0.171
[65,    90] loss: 0.183
[65,   100] loss: 0.166
[65,   110] loss: 0.196
[65,   120] loss: 0.171
[65,   130] loss: 0.174
[65,   140] loss: 0.150
[65,   150] loss: 0.190
[65,   160] loss: 0.158
[65,   170] loss: 0.194
[65,   180] loss: 0.160
[65,   190] loss: 0.180
[65,   200] loss: 0.218
[65,   210] loss: 0.198
[65,   220] loss: 0.248
[65,   230] loss: 0.227
[65,   240] loss: 0.226
[65,   250] loss: 0.154
[65,   260] loss: 0.163
[65,   270] loss: 0.202
[65,   280] loss: 0.182
[65,   290] loss: 0.175
[65,   300] loss: 0.167
[65,   310] loss: 0.190
[65,   320] loss: 0.141
[65,   330] loss: 0.180
[65,   340] loss: 0.161
[65,   350] loss: 0.204
[65,   360] loss: 0.196
[65,   370] loss: 0.172
[65,   380] loss: 0.182
[65,   390] loss: 0.186
[65,   400] loss: 0.156
VALIDATION loss: 0.4422365725040436
[66,    10] loss: 0.174
[66,    20] loss: 0.165
[66,    30] loss: 0.187
[66,    40] loss: 0.139
[66,    50] loss: 0.158
[66,    60] loss: 0.192
[66,    70] loss: 0.198
[66,    80] loss: 0.158
[66,    90] loss: 0.177
[66,   100] loss: 0.118
[66,   110] loss: 0.219
[66,   120] loss: 0.189
[66,   130] loss: 0.219
[66,   140] loss: 0.178
[66,   150] loss: 0.192
[66,   160] loss: 0.170
[66,   170] loss: 0.179
[66,   180] loss: 0.173
[66,   190] loss: 0.170
[66,   200] loss: 0.199
[66,   210] loss: 0.143
[66,   220] loss: 0.221
[66,   230] loss: 0.188
[66,   240] loss: 0.208
[66,   250] loss: 0.185
[66,   260] loss: 0.197
[66,   270] loss: 0.246
[66,   280] loss: 0.220
[66,   290] loss: 0.217
[66,   300] loss: 0.181
[66,   310] loss: 0.172
[66,   320] loss: 0.148
[66,   330] loss: 0.154
[66,   340] loss: 0.184
[66,   350] loss: 0.139
[66,   360] loss: 0.228
[66,   370] loss: 0.166
[66,   380] loss: 0.173
[66,   390] loss: 0.207
[66,   400] loss: 0.199
VALIDATION loss: 0.4723201096057892
[67,    10] loss: 0.160
[67,    20] loss: 0.191
[67,    30] loss: 0.176
[67,    40] loss: 0.190
[67,    50] loss: 0.176
[67,    60] loss: 0.145
[67,    70] loss: 0.191
[67,    80] loss: 0.184
[67,    90] loss: 0.162
[67,   100] loss: 0.193
[67,   110] loss: 0.188
[67,   120] loss: 0.140
[67,   130] loss: 0.193
[67,   140] loss: 0.178
[67,   150] loss: 0.197
[67,   160] loss: 0.177
[67,   170] loss: 0.200
[67,   180] loss: 0.192
[67,   190] loss: 0.206
[67,   200] loss: 0.177
[67,   210] loss: 0.193
[67,   220] loss: 0.207
[67,   230] loss: 0.165
[67,   240] loss: 0.164
[67,   250] loss: 0.221
[67,   260] loss: 0.144
[67,   270] loss: 0.182
[67,   280] loss: 0.199
[67,   290] loss: 0.178
[67,   300] loss: 0.187
[67,   310] loss: 0.158
[67,   320] loss: 0.169
[67,   330] loss: 0.148
[67,   340] loss: 0.178
[67,   350] loss: 0.213
[67,   360] loss: 0.177
[67,   370] loss: 0.221
[67,   380] loss: 0.199
[67,   390] loss: 0.210
[67,   400] loss: 0.179
VALIDATION loss: 0.2755288779735565
[68,    10] loss: 0.219
[68,    20] loss: 0.141
[68,    30] loss: 0.207
[68,    40] loss: 0.186
[68,    50] loss: 0.184
[68,    60] loss: 0.198
[68,    70] loss: 0.185
[68,    80] loss: 0.219
[68,    90] loss: 0.173
[68,   100] loss: 0.169
[68,   110] loss: 0.149
[68,   120] loss: 0.166
[68,   130] loss: 0.176
[68,   140] loss: 0.154
[68,   150] loss: 0.186
[68,   160] loss: 0.201
[68,   170] loss: 0.176
[68,   180] loss: 0.182
[68,   190] loss: 0.194
[68,   200] loss: 0.174
[68,   210] loss: 0.152
[68,   220] loss: 0.160
[68,   230] loss: 0.205
[68,   240] loss: 0.169
[68,   250] loss: 0.170
[68,   260] loss: 0.213
[68,   270] loss: 0.178
[68,   280] loss: 0.173
[68,   290] loss: 0.231
[68,   300] loss: 0.172
[68,   310] loss: 0.158
[68,   320] loss: 0.194
[68,   330] loss: 0.181
[68,   340] loss: 0.182
[68,   350] loss: 0.198
[68,   360] loss: 0.221
[68,   370] loss: 0.161
[68,   380] loss: 0.162
[68,   390] loss: 0.196
[68,   400] loss: 0.130
VALIDATION loss: 0.21039405465126038
[69,    10] loss: 0.167
[69,    20] loss: 0.167
[69,    30] loss: 0.134
[69,    40] loss: 0.163
[69,    50] loss: 0.172
[69,    60] loss: 0.201
[69,    70] loss: 0.200
[69,    80] loss: 0.146
[69,    90] loss: 0.192
[69,   100] loss: 0.152
[69,   110] loss: 0.174
[69,   120] loss: 0.221
[69,   130] loss: 0.155
[69,   140] loss: 0.188
[69,   150] loss: 0.244
[69,   160] loss: 0.163
[69,   170] loss: 0.175
[69,   180] loss: 0.194
[69,   190] loss: 0.170
[69,   200] loss: 0.174
[69,   210] loss: 0.139
[69,   220] loss: 0.181
[69,   230] loss: 0.145
[69,   240] loss: 0.203
[69,   250] loss: 0.153
[69,   260] loss: 0.138
[69,   270] loss: 0.165
[69,   280] loss: 0.198
[69,   290] loss: 0.178
[69,   300] loss: 0.226
[69,   310] loss: 0.188
[69,   320] loss: 0.135
[69,   330] loss: 0.193
[69,   340] loss: 0.145
[69,   350] loss: 0.174
[69,   360] loss: 0.183
[69,   370] loss: 0.170
[69,   380] loss: 0.156
[69,   390] loss: 0.210
[69,   400] loss: 0.187
VALIDATION loss: 0.18057923018932343
[70,    10] loss: 0.151
[70,    20] loss: 0.185
[70,    30] loss: 0.214
[70,    40] loss: 0.174
[70,    50] loss: 0.162
[70,    60] loss: 0.214
[70,    70] loss: 0.189
[70,    80] loss: 0.148
[70,    90] loss: 0.185
[70,   100] loss: 0.220
[70,   110] loss: 0.189
[70,   120] loss: 0.140
[70,   130] loss: 0.155
[70,   140] loss: 0.171
[70,   150] loss: 0.185
[70,   160] loss: 0.154
[70,   170] loss: 0.164
[70,   180] loss: 0.185
[70,   190] loss: 0.144
[70,   200] loss: 0.200
[70,   210] loss: 0.219
[70,   220] loss: 0.189
[70,   230] loss: 0.194
[70,   240] loss: 0.189
[70,   250] loss: 0.186
[70,   260] loss: 0.173
[70,   270] loss: 0.154
[70,   280] loss: 0.223
[70,   290] loss: 0.207
[70,   300] loss: 0.144
[70,   310] loss: 0.147
[70,   320] loss: 0.152
[70,   330] loss: 0.151
[70,   340] loss: 0.179
[70,   350] loss: 0.197
[70,   360] loss: 0.222
[70,   370] loss: 0.191
[70,   380] loss: 0.160
[70,   390] loss: 0.188
[70,   400] loss: 0.158
VALIDATION loss: 0.20813846588134766
[71,    10] loss: 0.185
[71,    20] loss: 0.207
[71,    30] loss: 0.180
[71,    40] loss: 0.161
[71,    50] loss: 0.196
[71,    60] loss: 0.153
[71,    70] loss: 0.120
[71,    80] loss: 0.136
[71,    90] loss: 0.172
[71,   100] loss: 0.200
[71,   110] loss: 0.205
[71,   120] loss: 0.206
[71,   130] loss: 0.180
[71,   140] loss: 0.198
[71,   150] loss: 0.151
[71,   160] loss: 0.188
[71,   170] loss: 0.197
[71,   180] loss: 0.188
[71,   190] loss: 0.166
[71,   200] loss: 0.207
[71,   210] loss: 0.167
[71,   220] loss: 0.163
[71,   230] loss: 0.153
[71,   240] loss: 0.220
[71,   250] loss: 0.203
[71,   260] loss: 0.162
[71,   270] loss: 0.167
[71,   280] loss: 0.174
[71,   290] loss: 0.221
[71,   300] loss: 0.180
[71,   310] loss: 0.214
[71,   320] loss: 0.215
[71,   330] loss: 0.224
[71,   340] loss: 0.181
[71,   350] loss: 0.164
[71,   360] loss: 0.196
[71,   370] loss: 0.141
[71,   380] loss: 0.143
[71,   390] loss: 0.171
[71,   400] loss: 0.181
VALIDATION loss: 0.16946405172348022
[72,    10] loss: 0.154
[72,    20] loss: 0.151
[72,    30] loss: 0.199
[72,    40] loss: 0.160
[72,    50] loss: 0.177
[72,    60] loss: 0.140
[72,    70] loss: 0.216
[72,    80] loss: 0.228
[72,    90] loss: 0.204
[72,   100] loss: 0.158
[72,   110] loss: 0.163
[72,   120] loss: 0.162
[72,   130] loss: 0.199
[72,   140] loss: 0.175
[72,   150] loss: 0.154
[72,   160] loss: 0.191
[72,   170] loss: 0.130
[72,   180] loss: 0.194
[72,   190] loss: 0.178
[72,   200] loss: 0.181
[72,   210] loss: 0.184
[72,   220] loss: 0.188
[72,   230] loss: 0.238
[72,   240] loss: 0.154
[72,   250] loss: 0.130
[72,   260] loss: 0.162
[72,   270] loss: 0.147
[72,   280] loss: 0.198
[72,   290] loss: 0.148
[72,   300] loss: 0.148
[72,   310] loss: 0.147
[72,   320] loss: 0.154
[72,   330] loss: 0.200
[72,   340] loss: 0.155
[72,   350] loss: 0.134
[72,   360] loss: 0.204
[72,   370] loss: 0.146
[72,   380] loss: 0.167
[72,   390] loss: 0.166
[72,   400] loss: 0.191
VALIDATION loss: 0.2692345082759857
[73,    10] loss: 0.174
[73,    20] loss: 0.215
[73,    30] loss: 0.205
[73,    40] loss: 0.158
[73,    50] loss: 0.157
[73,    60] loss: 0.164
[73,    70] loss: 0.193
[73,    80] loss: 0.173
[73,    90] loss: 0.130
[73,   100] loss: 0.169
[73,   110] loss: 0.175
[73,   120] loss: 0.139
[73,   130] loss: 0.238
[73,   140] loss: 0.131
[73,   150] loss: 0.149
[73,   160] loss: 0.228
[73,   170] loss: 0.216
[73,   180] loss: 0.152
[73,   190] loss: 0.179
[73,   200] loss: 0.152
[73,   210] loss: 0.222
[73,   220] loss: 0.134
[73,   230] loss: 0.164
[73,   240] loss: 0.157
[73,   250] loss: 0.182
[73,   260] loss: 0.220
[73,   270] loss: 0.222
[73,   280] loss: 0.135
[73,   290] loss: 0.153
[73,   300] loss: 0.154
[73,   310] loss: 0.175
[73,   320] loss: 0.179
[73,   330] loss: 0.180
[73,   340] loss: 0.191
[73,   350] loss: 0.171
[73,   360] loss: 0.165
[73,   370] loss: 0.167
[73,   380] loss: 0.154
[73,   390] loss: 0.160
[73,   400] loss: 0.148
VALIDATION loss: 0.15598782896995544
[74,    10] loss: 0.164
[74,    20] loss: 0.148
[74,    30] loss: 0.199
[74,    40] loss: 0.237
[74,    50] loss: 0.117
[74,    60] loss: 0.182
[74,    70] loss: 0.156
[74,    80] loss: 0.147
[74,    90] loss: 0.172
[74,   100] loss: 0.197
[74,   110] loss: 0.222
[74,   120] loss: 0.142
[74,   130] loss: 0.160
[74,   140] loss: 0.169
[74,   150] loss: 0.146
[74,   160] loss: 0.155
[74,   170] loss: 0.162
[74,   180] loss: 0.172
[74,   190] loss: 0.187
[74,   200] loss: 0.150
[74,   210] loss: 0.197
[74,   220] loss: 0.173
[74,   230] loss: 0.169
[74,   240] loss: 0.182
[74,   250] loss: 0.182
[74,   260] loss: 0.167
[74,   270] loss: 0.221
[74,   280] loss: 0.193
[74,   290] loss: 0.166
[74,   300] loss: 0.186
[74,   310] loss: 0.206
[74,   320] loss: 0.170
[74,   330] loss: 0.194
[74,   340] loss: 0.184
[74,   350] loss: 0.181
[74,   360] loss: 0.146
[74,   370] loss: 0.172
[74,   380] loss: 0.201
[74,   390] loss: 0.167
[74,   400] loss: 0.156
VALIDATION loss: 0.34798046946525574
[75,    10] loss: 0.145
[75,    20] loss: 0.125
[75,    30] loss: 0.147
[75,    40] loss: 0.181
[75,    50] loss: 0.158
[75,    60] loss: 0.153
[75,    70] loss: 0.128
[75,    80] loss: 0.203
[75,    90] loss: 0.184
[75,   100] loss: 0.185
[75,   110] loss: 0.180
[75,   120] loss: 0.122
[75,   130] loss: 0.173
[75,   140] loss: 0.165
[75,   150] loss: 0.189
[75,   160] loss: 0.212
[75,   170] loss: 0.173
[75,   180] loss: 0.135
[75,   190] loss: 0.143
[75,   200] loss: 0.126
[75,   210] loss: 0.166
[75,   220] loss: 0.197
[75,   230] loss: 0.190
[75,   240] loss: 0.205
[75,   250] loss: 0.184
[75,   260] loss: 0.158
[75,   270] loss: 0.183
[75,   280] loss: 0.156
[75,   290] loss: 0.172
[75,   300] loss: 0.185
[75,   310] loss: 0.153
[75,   320] loss: 0.177
[75,   330] loss: 0.200
[75,   340] loss: 0.169
[75,   350] loss: 0.209
[75,   360] loss: 0.137
[75,   370] loss: 0.183
[75,   380] loss: 0.180
[75,   390] loss: 0.248
[75,   400] loss: 0.148
VALIDATION loss: 0.21222154796123505
[76,    10] loss: 0.145
[76,    20] loss: 0.171
[76,    30] loss: 0.185
[76,    40] loss: 0.167
[76,    50] loss: 0.150
[76,    60] loss: 0.134
[76,    70] loss: 0.180
[76,    80] loss: 0.172
[76,    90] loss: 0.194
[76,   100] loss: 0.176
[76,   110] loss: 0.164
[76,   120] loss: 0.222
[76,   130] loss: 0.189
[76,   140] loss: 0.248
[76,   150] loss: 0.162
[76,   160] loss: 0.198
[76,   170] loss: 0.231
[76,   180] loss: 0.208
[76,   190] loss: 0.225
[76,   200] loss: 0.153
[76,   210] loss: 0.116
[76,   220] loss: 0.121
[76,   230] loss: 0.157
[76,   240] loss: 0.166
[76,   250] loss: 0.162
[76,   260] loss: 0.127
[76,   270] loss: 0.178
[76,   280] loss: 0.168
[76,   290] loss: 0.151
[76,   300] loss: 0.121
[76,   310] loss: 0.181
[76,   320] loss: 0.158
[76,   330] loss: 0.172
[76,   340] loss: 0.196
[76,   350] loss: 0.159
[76,   360] loss: 0.171
[76,   370] loss: 0.226
[76,   380] loss: 0.136
[76,   390] loss: 0.171
[76,   400] loss: 0.156
VALIDATION loss: 0.47802942991256714
[77,    10] loss: 0.217
[77,    20] loss: 0.153
[77,    30] loss: 0.200
[77,    40] loss: 0.137
[77,    50] loss: 0.177
[77,    60] loss: 0.191
[77,    70] loss: 0.164
[77,    80] loss: 0.146
[77,    90] loss: 0.177
[77,   100] loss: 0.162
[77,   110] loss: 0.147
[77,   120] loss: 0.207
[77,   130] loss: 0.260
[77,   140] loss: 0.190
[77,   150] loss: 0.183
[77,   160] loss: 0.161
[77,   170] loss: 0.171
[77,   180] loss: 0.174
[77,   190] loss: 0.174
[77,   200] loss: 0.158
[77,   210] loss: 0.184
[77,   220] loss: 0.235
[77,   230] loss: 0.178
[77,   240] loss: 0.176
[77,   250] loss: 0.169
[77,   260] loss: 0.139
[77,   270] loss: 0.140
[77,   280] loss: 0.160
[77,   290] loss: 0.177
[77,   300] loss: 0.137
[77,   310] loss: 0.179
[77,   320] loss: 0.158
[77,   330] loss: 0.170
[77,   340] loss: 0.185
[77,   350] loss: 0.202
[77,   360] loss: 0.139
[77,   370] loss: 0.123
[77,   380] loss: 0.151
[77,   390] loss: 0.153
[77,   400] loss: 0.141
VALIDATION loss: 0.17262284457683563
[78,    10] loss: 0.178
[78,    20] loss: 0.206
[78,    30] loss: 0.170
[78,    40] loss: 0.181
[78,    50] loss: 0.163
[78,    60] loss: 0.115
[78,    70] loss: 0.175
[78,    80] loss: 0.159
[78,    90] loss: 0.142
[78,   100] loss: 0.197
[78,   110] loss: 0.152
[78,   120] loss: 0.150
[78,   130] loss: 0.171
[78,   140] loss: 0.153
[78,   150] loss: 0.173
[78,   160] loss: 0.154
[78,   170] loss: 0.140
[78,   180] loss: 0.188
[78,   190] loss: 0.099
[78,   200] loss: 0.215
[78,   210] loss: 0.158
[78,   220] loss: 0.176
[78,   230] loss: 0.179
[78,   240] loss: 0.158
[78,   250] loss: 0.175
[78,   260] loss: 0.145
[78,   270] loss: 0.189
[78,   280] loss: 0.177
[78,   290] loss: 0.205
[78,   300] loss: 0.163
[78,   310] loss: 0.147
[78,   320] loss: 0.168
[78,   330] loss: 0.178
[78,   340] loss: 0.181
[78,   350] loss: 0.134
[78,   360] loss: 0.162
[78,   370] loss: 0.139
[78,   380] loss: 0.170
[78,   390] loss: 0.153
[78,   400] loss: 0.170
VALIDATION loss: 0.1962171494960785
[79,    10] loss: 0.212
[79,    20] loss: 0.153
[79,    30] loss: 0.173
[79,    40] loss: 0.148
[79,    50] loss: 0.164
[79,    60] loss: 0.170
[79,    70] loss: 0.167
[79,    80] loss: 0.146
[79,    90] loss: 0.126
[79,   100] loss: 0.163
[79,   110] loss: 0.160
[79,   120] loss: 0.185
[79,   130] loss: 0.136
[79,   140] loss: 0.171
[79,   150] loss: 0.196
[79,   160] loss: 0.159
[79,   170] loss: 0.108
[79,   180] loss: 0.140
[79,   190] loss: 0.180
[79,   200] loss: 0.154
[79,   210] loss: 0.182
[79,   220] loss: 0.197
[79,   230] loss: 0.154
[79,   240] loss: 0.170
[79,   250] loss: 0.220
[79,   260] loss: 0.146
[79,   270] loss: 0.214
[79,   280] loss: 0.197
[79,   290] loss: 0.119
[79,   300] loss: 0.163
[79,   310] loss: 0.133
[79,   320] loss: 0.178
[79,   330] loss: 0.170
[79,   340] loss: 0.132
[79,   350] loss: 0.166
[79,   360] loss: 0.212
[79,   370] loss: 0.159
[79,   380] loss: 0.164
[79,   390] loss: 0.113
[79,   400] loss: 0.223
VALIDATION loss: 0.15405802428722382
[80,    10] loss: 0.178
[80,    20] loss: 0.162
[80,    30] loss: 0.141
[80,    40] loss: 0.157
[80,    50] loss: 0.132
[80,    60] loss: 0.139
[80,    70] loss: 0.169
[80,    80] loss: 0.139
[80,    90] loss: 0.173
[80,   100] loss: 0.173
[80,   110] loss: 0.164
[80,   120] loss: 0.161
[80,   130] loss: 0.192
[80,   140] loss: 0.150
[80,   150] loss: 0.147
[80,   160] loss: 0.152
[80,   170] loss: 0.216
[80,   180] loss: 0.159
[80,   190] loss: 0.196
[80,   200] loss: 0.160
[80,   210] loss: 0.150
[80,   220] loss: 0.201
[80,   230] loss: 0.187
[80,   240] loss: 0.165
[80,   250] loss: 0.158
[80,   260] loss: 0.159
[80,   270] loss: 0.153
[80,   280] loss: 0.169
[80,   290] loss: 0.145
[80,   300] loss: 0.163
[80,   310] loss: 0.195
[80,   320] loss: 0.195
[80,   330] loss: 0.144
[80,   340] loss: 0.198
[80,   350] loss: 0.169
[80,   360] loss: 0.128
[80,   370] loss: 0.144
[80,   380] loss: 0.193
[80,   390] loss: 0.142
[80,   400] loss: 0.143
VALIDATION loss: 0.24154283106327057
[81,    10] loss: 0.136
[81,    20] loss: 0.196
[81,    30] loss: 0.216
[81,    40] loss: 0.180
[81,    50] loss: 0.129
[81,    60] loss: 0.139
[81,    70] loss: 0.150
[81,    80] loss: 0.171
[81,    90] loss: 0.200
[81,   100] loss: 0.157
[81,   110] loss: 0.149
[81,   120] loss: 0.134
[81,   130] loss: 0.170
[81,   140] loss: 0.146
[81,   150] loss: 0.217
[81,   160] loss: 0.152
[81,   170] loss: 0.147
[81,   180] loss: 0.139
[81,   190] loss: 0.136
[81,   200] loss: 0.157
[81,   210] loss: 0.165
[81,   220] loss: 0.162
[81,   230] loss: 0.159
[81,   240] loss: 0.182
[81,   250] loss: 0.148
[81,   260] loss: 0.233
[81,   270] loss: 0.144
[81,   280] loss: 0.143
[81,   290] loss: 0.179
[81,   300] loss: 0.173
[81,   310] loss: 0.182
[81,   320] loss: 0.130
[81,   330] loss: 0.143
[81,   340] loss: 0.129
[81,   350] loss: 0.143
[81,   360] loss: 0.187
[81,   370] loss: 0.159
[81,   380] loss: 0.130
[81,   390] loss: 0.133
[81,   400] loss: 0.181
VALIDATION loss: 0.15725138783454895
[82,    10] loss: 0.179
[82,    20] loss: 0.180
[82,    30] loss: 0.177
[82,    40] loss: 0.169
[82,    50] loss: 0.197
[82,    60] loss: 0.201
[82,    70] loss: 0.126
[82,    80] loss: 0.127
[82,    90] loss: 0.171
[82,   100] loss: 0.140
[82,   110] loss: 0.136
[82,   120] loss: 0.144
[82,   130] loss: 0.163
[82,   140] loss: 0.169
[82,   150] loss: 0.165
[82,   160] loss: 0.201
[82,   170] loss: 0.148
[82,   180] loss: 0.125
[82,   190] loss: 0.128
[82,   200] loss: 0.136
[82,   210] loss: 0.168
[82,   220] loss: 0.184
[82,   230] loss: 0.196
[82,   240] loss: 0.160
[82,   250] loss: 0.207
[82,   260] loss: 0.188
[82,   270] loss: 0.128
[82,   280] loss: 0.199
[82,   290] loss: 0.152
[82,   300] loss: 0.130
[82,   310] loss: 0.137
[82,   320] loss: 0.187
[82,   330] loss: 0.190
[82,   340] loss: 0.164
[82,   350] loss: 0.157
[82,   360] loss: 0.168
[82,   370] loss: 0.126
[82,   380] loss: 0.158
[82,   390] loss: 0.181
[82,   400] loss: 0.197
VALIDATION loss: 0.20516453683376312
[83,    10] loss: 0.150
[83,    20] loss: 0.185
[83,    30] loss: 0.190
[83,    40] loss: 0.202
[83,    50] loss: 0.134
[83,    60] loss: 0.151
[83,    70] loss: 0.187
[83,    80] loss: 0.136
[83,    90] loss: 0.189
[83,   100] loss: 0.179
[83,   110] loss: 0.136
[83,   120] loss: 0.125
[83,   130] loss: 0.143
[83,   140] loss: 0.168
[83,   150] loss: 0.172
[83,   160] loss: 0.151
[83,   170] loss: 0.156
[83,   180] loss: 0.149
[83,   190] loss: 0.149
[83,   200] loss: 0.170
[83,   210] loss: 0.193
[83,   220] loss: 0.156
[83,   230] loss: 0.136
[83,   240] loss: 0.189
[83,   250] loss: 0.155
[83,   260] loss: 0.163
[83,   270] loss: 0.136
[83,   280] loss: 0.135
[83,   290] loss: 0.179
[83,   300] loss: 0.148
[83,   310] loss: 0.218
[83,   320] loss: 0.184
[83,   330] loss: 0.193
[83,   340] loss: 0.179
[83,   350] loss: 0.155
[83,   360] loss: 0.173
[83,   370] loss: 0.169
[83,   380] loss: 0.172
[83,   390] loss: 0.157
[83,   400] loss: 0.143
VALIDATION loss: 0.26744726300239563
[84,    10] loss: 0.149
[84,    20] loss: 0.134
[84,    30] loss: 0.185
[84,    40] loss: 0.170
[84,    50] loss: 0.166
[84,    60] loss: 0.170
[84,    70] loss: 0.132
[84,    80] loss: 0.195
[84,    90] loss: 0.185
[84,   100] loss: 0.169
[84,   110] loss: 0.195
[84,   120] loss: 0.152
[84,   130] loss: 0.160
[84,   140] loss: 0.151
[84,   150] loss: 0.134
[84,   160] loss: 0.138
[84,   170] loss: 0.179
[84,   180] loss: 0.170
[84,   190] loss: 0.100
[84,   200] loss: 0.143
[84,   210] loss: 0.143
[84,   220] loss: 0.127
[84,   230] loss: 0.121
[84,   240] loss: 0.151
[84,   250] loss: 0.159
[84,   260] loss: 0.168
[84,   270] loss: 0.166
[84,   280] loss: 0.183
[84,   290] loss: 0.210
[84,   300] loss: 0.159
[84,   310] loss: 0.142
[84,   320] loss: 0.173
[84,   330] loss: 0.185
[84,   340] loss: 0.184
[84,   350] loss: 0.164
[84,   360] loss: 0.122
[84,   370] loss: 0.159
[84,   380] loss: 0.168
[84,   390] loss: 0.125
[84,   400] loss: 0.186
VALIDATION loss: 0.18880417943000793
[85,    10] loss: 0.163
[85,    20] loss: 0.141
[85,    30] loss: 0.101
[85,    40] loss: 0.138
[85,    50] loss: 0.156
[85,    60] loss: 0.127
[85,    70] loss: 0.168
[85,    80] loss: 0.124
[85,    90] loss: 0.140
[85,   100] loss: 0.179
[85,   110] loss: 0.189
[85,   120] loss: 0.153
[85,   130] loss: 0.158
[85,   140] loss: 0.165
[85,   150] loss: 0.163
[85,   160] loss: 0.128
[85,   170] loss: 0.132
[85,   180] loss: 0.113
[85,   190] loss: 0.154
[85,   200] loss: 0.136
[85,   210] loss: 0.183
[85,   220] loss: 0.179
[85,   230] loss: 0.159
[85,   240] loss: 0.135
[85,   250] loss: 0.111
[85,   260] loss: 0.138
[85,   270] loss: 0.168
[85,   280] loss: 0.167
[85,   290] loss: 0.185
[85,   300] loss: 0.167
[85,   310] loss: 0.178
[85,   320] loss: 0.146
[85,   330] loss: 0.153
[85,   340] loss: 0.179
[85,   350] loss: 0.169
[85,   360] loss: 0.208
[85,   370] loss: 0.191
[85,   380] loss: 0.123
[85,   390] loss: 0.129
[85,   400] loss: 0.179
VALIDATION loss: 0.17274340987205505
[86,    10] loss: 0.152
[86,    20] loss: 0.156
[86,    30] loss: 0.167
[86,    40] loss: 0.213
[86,    50] loss: 0.155
[86,    60] loss: 0.143
[86,    70] loss: 0.106
[86,    80] loss: 0.211
[86,    90] loss: 0.127
[86,   100] loss: 0.151
[86,   110] loss: 0.158
[86,   120] loss: 0.184
[86,   130] loss: 0.154
[86,   140] loss: 0.212
[86,   150] loss: 0.172
[86,   160] loss: 0.203
[86,   170] loss: 0.175
[86,   180] loss: 0.144
[86,   190] loss: 0.158
[86,   200] loss: 0.165
[86,   210] loss: 0.155
[86,   220] loss: 0.152
[86,   230] loss: 0.178
[86,   240] loss: 0.152
[86,   250] loss: 0.139
[86,   260] loss: 0.093
[86,   270] loss: 0.119
[86,   280] loss: 0.140
[86,   290] loss: 0.181
[86,   300] loss: 0.148
[86,   310] loss: 0.128
[86,   320] loss: 0.154
[86,   330] loss: 0.134
[86,   340] loss: 0.175
[86,   350] loss: 0.127
[86,   360] loss: 0.148
[86,   370] loss: 0.149
[86,   380] loss: 0.139
[86,   390] loss: 0.188
[86,   400] loss: 0.199
VALIDATION loss: 0.2221537083387375
[87,    10] loss: 0.168
[87,    20] loss: 0.158
[87,    30] loss: 0.145
[87,    40] loss: 0.168
[87,    50] loss: 0.180
[87,    60] loss: 0.161
[87,    70] loss: 0.157
[87,    80] loss: 0.127
[87,    90] loss: 0.129
[87,   100] loss: 0.184
[87,   110] loss: 0.143
[87,   120] loss: 0.172
[87,   130] loss: 0.136
[87,   140] loss: 0.177
[87,   150] loss: 0.197
[87,   160] loss: 0.137
[87,   170] loss: 0.136
[87,   180] loss: 0.133
[87,   190] loss: 0.128
[87,   200] loss: 0.158
[87,   210] loss: 0.139
[87,   220] loss: 0.122
[87,   230] loss: 0.188
[87,   240] loss: 0.154
[87,   250] loss: 0.137
[87,   260] loss: 0.176
[87,   270] loss: 0.166
[87,   280] loss: 0.177
[87,   290] loss: 0.222
[87,   300] loss: 0.197
[87,   310] loss: 0.226
[87,   320] loss: 0.152
[87,   330] loss: 0.159
[87,   340] loss: 0.093
[87,   350] loss: 0.166
[87,   360] loss: 0.125
[87,   370] loss: 0.142
[87,   380] loss: 0.136
[87,   390] loss: 0.137
[87,   400] loss: 0.146
VALIDATION loss: 2.647243022918701
[88,    10] loss: 0.151
[88,    20] loss: 0.167
[88,    30] loss: 0.139
[88,    40] loss: 0.151
[88,    50] loss: 0.123
[88,    60] loss: 0.137
[88,    70] loss: 0.181
[88,    80] loss: 0.122
[88,    90] loss: 0.127
[88,   100] loss: 0.125
[88,   110] loss: 0.188
[88,   120] loss: 0.185
[88,   130] loss: 0.248
[88,   140] loss: 0.165
[88,   150] loss: 0.146
[88,   160] loss: 0.176
[88,   170] loss: 0.164
[88,   180] loss: 0.150
[88,   190] loss: 0.172
[88,   200] loss: 0.156
[88,   210] loss: 0.139
[88,   220] loss: 0.123
[88,   230] loss: 0.164
[88,   240] loss: 0.224
[88,   250] loss: 0.160
[88,   260] loss: 0.191
[88,   270] loss: 0.162
[88,   280] loss: 0.150
[88,   290] loss: 0.163
[88,   300] loss: 0.149
[88,   310] loss: 0.130
[88,   320] loss: 0.115
[88,   330] loss: 0.124
[88,   340] loss: 0.135
[88,   350] loss: 0.131
[88,   360] loss: 0.136
[88,   370] loss: 0.150
[88,   380] loss: 0.161
[88,   390] loss: 0.175
[88,   400] loss: 0.098
VALIDATION loss: 0.21376535296440125
[89,    10] loss: 0.164
[89,    20] loss: 0.175
[89,    30] loss: 0.162
[89,    40] loss: 0.138
[89,    50] loss: 0.144
[89,    60] loss: 0.171
[89,    70] loss: 0.166
[89,    80] loss: 0.138
[89,    90] loss: 0.120
[89,   100] loss: 0.126
[89,   110] loss: 0.154
[89,   120] loss: 0.173
[89,   130] loss: 0.118
[89,   140] loss: 0.155
[89,   150] loss: 0.137
[89,   160] loss: 0.171
[89,   170] loss: 0.154
[89,   180] loss: 0.199
[89,   190] loss: 0.142
[89,   200] loss: 0.139
[89,   210] loss: 0.180
[89,   220] loss: 0.157
[89,   230] loss: 0.127
[89,   240] loss: 0.141
[89,   250] loss: 0.133
[89,   260] loss: 0.133
[89,   270] loss: 0.176
[89,   280] loss: 0.158
[89,   290] loss: 0.173
[89,   300] loss: 0.135
[89,   310] loss: 0.180
[89,   320] loss: 0.175
[89,   330] loss: 0.173
[89,   340] loss: 0.161
[89,   350] loss: 0.160
[89,   360] loss: 0.093
[89,   370] loss: 0.146
[89,   380] loss: 0.122
[89,   390] loss: 0.147
[89,   400] loss: 0.173
VALIDATION loss: 0.4905577301979065
[90,    10] loss: 0.135
[90,    20] loss: 0.129
[90,    30] loss: 0.132
[90,    40] loss: 0.184
[90,    50] loss: 0.190
[90,    60] loss: 0.126
[90,    70] loss: 0.116
[90,    80] loss: 0.131
[90,    90] loss: 0.179
[90,   100] loss: 0.091
[90,   110] loss: 0.157
[90,   120] loss: 0.174
[90,   130] loss: 0.183
[90,   140] loss: 0.131
[90,   150] loss: 0.155
[90,   160] loss: 0.166
[90,   170] loss: 0.143
[90,   180] loss: 0.102
[90,   190] loss: 0.142
[90,   200] loss: 0.158
[90,   210] loss: 0.129
[90,   220] loss: 0.178
[90,   230] loss: 0.135
[90,   240] loss: 0.154
[90,   250] loss: 0.120
[90,   260] loss: 0.107
[90,   270] loss: 0.168
[90,   280] loss: 0.116
[90,   290] loss: 0.137
[90,   300] loss: 0.211
[90,   310] loss: 0.161
[90,   320] loss: 0.212
[90,   330] loss: 0.136
[90,   340] loss: 0.215
[90,   350] loss: 0.139
[90,   360] loss: 0.178
[90,   370] loss: 0.138
[90,   380] loss: 0.196
[90,   390] loss: 0.165
[90,   400] loss: 0.162
VALIDATION loss: 0.6186227798461914
[91,    10] loss: 0.188
[91,    20] loss: 0.091
[91,    30] loss: 0.168
[91,    40] loss: 0.142
[91,    50] loss: 0.165
[91,    60] loss: 0.140
[91,    70] loss: 0.149
[91,    80] loss: 0.140
[91,    90] loss: 0.118
[91,   100] loss: 0.149
[91,   110] loss: 0.138
[91,   120] loss: 0.161
[91,   130] loss: 0.172
[91,   140] loss: 0.127
[91,   150] loss: 0.166
[91,   160] loss: 0.135
[91,   170] loss: 0.151
[91,   180] loss: 0.168
[91,   190] loss: 0.162
[91,   200] loss: 0.119
[91,   210] loss: 0.167
[91,   220] loss: 0.147
[91,   230] loss: 0.128
[91,   240] loss: 0.251
[91,   250] loss: 0.158
[91,   260] loss: 0.167
[91,   270] loss: 0.150
[91,   280] loss: 0.145
[91,   290] loss: 0.178
[91,   300] loss: 0.152
[91,   310] loss: 0.106
[91,   320] loss: 0.184
[91,   330] loss: 0.168
[91,   340] loss: 0.146
[91,   350] loss: 0.121
[91,   360] loss: 0.180
[91,   370] loss: 0.129
[91,   380] loss: 0.159
[91,   390] loss: 0.139
[91,   400] loss: 0.154
VALIDATION loss: 0.1867583990097046
[92,    10] loss: 0.103
[92,    20] loss: 0.152
[92,    30] loss: 0.159
[92,    40] loss: 0.155
[92,    50] loss: 0.148
[92,    60] loss: 0.149
[92,    70] loss: 0.163
[92,    80] loss: 0.128
[92,    90] loss: 0.130
[92,   100] loss: 0.152
[92,   110] loss: 0.107
[92,   120] loss: 0.152
[92,   130] loss: 0.208
[92,   140] loss: 0.117
[92,   150] loss: 0.136
[92,   160] loss: 0.190
[92,   170] loss: 0.188
[92,   180] loss: 0.153
[92,   190] loss: 0.176
[92,   200] loss: 0.163
[92,   210] loss: 0.153
[92,   220] loss: 0.135
[92,   230] loss: 0.155
[92,   240] loss: 0.142
[92,   250] loss: 0.109
[92,   260] loss: 0.130
[92,   270] loss: 0.195
[92,   280] loss: 0.153
[92,   290] loss: 0.177
[92,   300] loss: 0.220
[92,   310] loss: 0.132
[92,   320] loss: 0.134
[92,   330] loss: 0.128
[92,   340] loss: 0.196
[92,   350] loss: 0.124
[92,   360] loss: 0.215
[92,   370] loss: 0.161
[92,   380] loss: 0.134
[92,   390] loss: 0.179
[92,   400] loss: 0.205
VALIDATION loss: 0.18419253826141357
[93,    10] loss: 0.133
[93,    20] loss: 0.145
[93,    30] loss: 0.159
[93,    40] loss: 0.165
[93,    50] loss: 0.150
[93,    60] loss: 0.150
[93,    70] loss: 0.122
[93,    80] loss: 0.166
[93,    90] loss: 0.198
[93,   100] loss: 0.167
[93,   110] loss: 0.127
[93,   120] loss: 0.148
[93,   130] loss: 0.182
[93,   140] loss: 0.118
[93,   150] loss: 0.173
[93,   160] loss: 0.137
[93,   170] loss: 0.152
[93,   180] loss: 0.116
[93,   190] loss: 0.119
[93,   200] loss: 0.149
[93,   210] loss: 0.131
[93,   220] loss: 0.134
[93,   230] loss: 0.195
[93,   240] loss: 0.128
[93,   250] loss: 0.119
[93,   260] loss: 0.134
[93,   270] loss: 0.155
[93,   280] loss: 0.160
[93,   290] loss: 0.204
[93,   300] loss: 0.202
[93,   310] loss: 0.156
[93,   320] loss: 0.147
[93,   330] loss: 0.149
[93,   340] loss: 0.165
[93,   350] loss: 0.150
[93,   360] loss: 0.159
[93,   370] loss: 0.180
[93,   380] loss: 0.124
[93,   390] loss: 0.160
[93,   400] loss: 0.156
VALIDATION loss: 0.17180880904197693
[94,    10] loss: 0.130
[94,    20] loss: 0.108
[94,    30] loss: 0.159
[94,    40] loss: 0.130
[94,    50] loss: 0.145
[94,    60] loss: 0.140
[94,    70] loss: 0.177
[94,    80] loss: 0.137
[94,    90] loss: 0.174
[94,   100] loss: 0.097
[94,   110] loss: 0.199
[94,   120] loss: 0.143
[94,   130] loss: 0.148
[94,   140] loss: 0.137
[94,   150] loss: 0.222
[94,   160] loss: 0.115
[94,   170] loss: 0.187
[94,   180] loss: 0.136
[94,   190] loss: 0.124
[94,   200] loss: 0.136
[94,   210] loss: 0.150
[94,   220] loss: 0.153
[94,   230] loss: 0.150
[94,   240] loss: 0.183
[94,   250] loss: 0.164
[94,   260] loss: 0.182
[94,   270] loss: 0.153
[94,   280] loss: 0.123
[94,   290] loss: 0.116
[94,   300] loss: 0.112
[94,   310] loss: 0.176
[94,   320] loss: 0.118
[94,   330] loss: 0.100
[94,   340] loss: 0.129
[94,   350] loss: 0.140
[94,   360] loss: 0.117
[94,   370] loss: 0.147
[94,   380] loss: 0.154
[94,   390] loss: 0.151
[94,   400] loss: 0.152
VALIDATION loss: 2.6634347438812256
[95,    10] loss: 0.175
[95,    20] loss: 0.153
[95,    30] loss: 0.146
[95,    40] loss: 0.152
[95,    50] loss: 0.146
[95,    60] loss: 0.116
[95,    70] loss: 0.142
[95,    80] loss: 0.149
[95,    90] loss: 0.147
[95,   100] loss: 0.172
[95,   110] loss: 0.168
[95,   120] loss: 0.182
[95,   130] loss: 0.135
[95,   140] loss: 0.139
[95,   150] loss: 0.156
[95,   160] loss: 0.119
[95,   170] loss: 0.144
[95,   180] loss: 0.128
[95,   190] loss: 0.140
[95,   200] loss: 0.125
[95,   210] loss: 0.162
[95,   220] loss: 0.195
[95,   230] loss: 0.157
[95,   240] loss: 0.151
[95,   250] loss: 0.153
[95,   260] loss: 0.160
[95,   270] loss: 0.122
[95,   280] loss: 0.165
[95,   290] loss: 0.166
[95,   300] loss: 0.118
[95,   310] loss: 0.147
[95,   320] loss: 0.123
[95,   330] loss: 0.190
[95,   340] loss: 0.121
[95,   350] loss: 0.147
[95,   360] loss: 0.152
[95,   370] loss: 0.140
[95,   380] loss: 0.139
[95,   390] loss: 0.137
[95,   400] loss: 0.146
VALIDATION loss: 0.19363802671432495
[96,    10] loss: 0.154
[96,    20] loss: 0.123
[96,    30] loss: 0.123
[96,    40] loss: 0.149
[96,    50] loss: 0.154
[96,    60] loss: 0.122
[96,    70] loss: 0.149
[96,    80] loss: 0.125
[96,    90] loss: 0.110
[96,   100] loss: 0.119
[96,   110] loss: 0.110
[96,   120] loss: 0.185
[96,   130] loss: 0.167
[96,   140] loss: 0.170
[96,   150] loss: 0.122
[96,   160] loss: 0.112
[96,   170] loss: 0.138
[96,   180] loss: 0.169
[96,   190] loss: 0.144
[96,   200] loss: 0.150
[96,   210] loss: 0.140
[96,   220] loss: 0.184
[96,   230] loss: 0.176
[96,   240] loss: 0.152
[96,   250] loss: 0.152
[96,   260] loss: 0.136
[96,   270] loss: 0.155
[96,   280] loss: 0.110
[96,   290] loss: 0.179
[96,   300] loss: 0.150
[96,   310] loss: 0.164
[96,   320] loss: 0.133
[96,   330] loss: 0.098
[96,   340] loss: 0.148
[96,   350] loss: 0.158
[96,   360] loss: 0.148
[96,   370] loss: 0.142
[96,   380] loss: 0.148
[96,   390] loss: 0.127
[96,   400] loss: 0.115
VALIDATION loss: 0.1494724601507187
[97,    10] loss: 0.136
[97,    20] loss: 0.132
[97,    30] loss: 0.156
[97,    40] loss: 0.136
[97,    50] loss: 0.142
[97,    60] loss: 0.147
[97,    70] loss: 0.151
[97,    80] loss: 0.147
[97,    90] loss: 0.103
[97,   100] loss: 0.149
[97,   110] loss: 0.170
[97,   120] loss: 0.137
[97,   130] loss: 0.109
[97,   140] loss: 0.178
[97,   150] loss: 0.213
[97,   160] loss: 0.188
[97,   170] loss: 0.111
[97,   180] loss: 0.135
[97,   190] loss: 0.133
[97,   200] loss: 0.127
[97,   210] loss: 0.124
[97,   220] loss: 0.119
[97,   230] loss: 0.152
[97,   240] loss: 0.170
[97,   250] loss: 0.174
[97,   260] loss: 0.159
[97,   270] loss: 0.131
[97,   280] loss: 0.131
[97,   290] loss: 0.144
[97,   300] loss: 0.184
[97,   310] loss: 0.137
[97,   320] loss: 0.124
[97,   330] loss: 0.145
[97,   340] loss: 0.159
[97,   350] loss: 0.134
[97,   360] loss: 0.117
[97,   370] loss: 0.167
[97,   380] loss: 0.173
[97,   390] loss: 0.142
[97,   400] loss: 0.119
VALIDATION loss: 0.15894488990306854
[98,    10] loss: 0.151
[98,    20] loss: 0.113
[98,    30] loss: 0.204
[98,    40] loss: 0.159
[98,    50] loss: 0.125
[98,    60] loss: 0.127
[98,    70] loss: 0.153
[98,    80] loss: 0.139
[98,    90] loss: 0.146
[98,   100] loss: 0.126
[98,   110] loss: 0.163
[98,   120] loss: 0.117
[98,   130] loss: 0.140
[98,   140] loss: 0.113
[98,   150] loss: 0.149
[98,   160] loss: 0.140
[98,   170] loss: 0.125
[98,   180] loss: 0.183
[98,   190] loss: 0.151
[98,   200] loss: 0.123
[98,   210] loss: 0.141
[98,   220] loss: 0.143
[98,   230] loss: 0.123
[98,   240] loss: 0.151
[98,   250] loss: 0.143
[98,   260] loss: 0.145
[98,   270] loss: 0.129
[98,   280] loss: 0.129
[98,   290] loss: 0.184
[98,   300] loss: 0.113
[98,   310] loss: 0.120
[98,   320] loss: 0.140
[98,   330] loss: 0.171
[98,   340] loss: 0.154
[98,   350] loss: 0.143
[98,   360] loss: 0.147
[98,   370] loss: 0.158
[98,   380] loss: 0.166
[98,   390] loss: 0.146
[98,   400] loss: 0.114
VALIDATION loss: 0.14250265061855316
[99,    10] loss: 0.129
[99,    20] loss: 0.175
[99,    30] loss: 0.153
[99,    40] loss: 0.178
[99,    50] loss: 0.145
[99,    60] loss: 0.136
[99,    70] loss: 0.140
[99,    80] loss: 0.122
[99,    90] loss: 0.124
[99,   100] loss: 0.154
[99,   110] loss: 0.144
[99,   120] loss: 0.155
[99,   130] loss: 0.125
[99,   140] loss: 0.141
[99,   150] loss: 0.127
[99,   160] loss: 0.116
[99,   170] loss: 0.140
[99,   180] loss: 0.185
[99,   190] loss: 0.149
[99,   200] loss: 0.122
[99,   210] loss: 0.144
[99,   220] loss: 0.122
[99,   230] loss: 0.188
[99,   240] loss: 0.174
[99,   250] loss: 0.156
[99,   260] loss: 0.133
[99,   270] loss: 0.144
[99,   280] loss: 0.123
[99,   290] loss: 0.161
[99,   300] loss: 0.153
[99,   310] loss: 0.114
[99,   320] loss: 0.172
[99,   330] loss: 0.102
[99,   340] loss: 0.145
[99,   350] loss: 0.110
[99,   360] loss: 0.158
[99,   370] loss: 0.141
[99,   380] loss: 0.163
[99,   390] loss: 0.168
[99,   400] loss: 0.161
VALIDATION loss: 0.1556997448205948
[100,    10] loss: 0.116
[100,    20] loss: 0.149
[100,    30] loss: 0.140
[100,    40] loss: 0.093
[100,    50] loss: 0.126
[100,    60] loss: 0.111
[100,    70] loss: 0.152
[100,    80] loss: 0.132
[100,    90] loss: 0.117
[100,   100] loss: 0.149
[100,   110] loss: 0.141
[100,   120] loss: 0.137
[100,   130] loss: 0.171
[100,   140] loss: 0.133
[100,   150] loss: 0.147
[100,   160] loss: 0.167
[100,   170] loss: 0.160
[100,   180] loss: 0.171
[100,   190] loss: 0.140
[100,   200] loss: 0.159
[100,   210] loss: 0.130
[100,   220] loss: 0.173
[100,   230] loss: 0.131
[100,   240] loss: 0.149
[100,   250] loss: 0.140
[100,   260] loss: 0.161
[100,   270] loss: 0.129
[100,   280] loss: 0.178
[100,   290] loss: 0.136
[100,   300] loss: 0.131
[100,   310] loss: 0.126
[100,   320] loss: 0.159
[100,   330] loss: 0.137
[100,   340] loss: 0.144
[100,   350] loss: 0.125
[100,   360] loss: 0.130
[100,   370] loss: 0.162
[100,   380] loss: 0.110
[100,   390] loss: 0.186
[100,   400] loss: 0.103
VALIDATION loss: 0.1482502520084381
Finished !!
Accuracy of the network: 93.24 %
