Collecting dill==0.3.4 (from -r requirements.txt (line 1))
  Using cached https://files.pythonhosted.org/packages/b6/c3/973676ceb86b60835bb3978c6db67a5dc06be6cfdbd14ef0f5a13e3fc9fd/dill-0.3.4-py2.py3-none-any.whl
Requirement already satisfied: laplace==0.1 in /zhome/45/c/128687/.local/lib/python3.6/site-packages (from -r requirements.txt (line 2))
Collecting matplotlib==3.4.0 (from -r requirements.txt (line 3))
Small: 0
Transform: 1
MaxPool: 1
Running GPU.
[1,    10] loss: 1.879
[1,    20] loss: 1.768
[1,    30] loss: 1.693
[1,    40] loss: 1.663
[1,    50] loss: 1.558
[1,    60] loss: 1.542
[1,    70] loss: 1.531
[1,    80] loss: 1.495
[1,    90] loss: 1.563
[1,   100] loss: 1.550
[1,   110] loss: 1.522
[1,   120] loss: 1.552
[1,   130] loss: 1.491
[1,   140] loss: 1.404
[1,   150] loss: 1.501
[1,   160] loss: 1.451
[1,   170] loss: 1.457
[1,   180] loss: 1.413
[1,   190] loss: 1.434
[1,   200] loss: 1.367
[1,   210] loss: 1.365
[1,   220] loss: 1.433
[1,   230] loss: 1.426
[1,   240] loss: 1.335
[1,   250] loss: 1.441
[1,   260] loss: 1.339
[1,   270] loss: 1.363
[1,   280] loss: 1.349
[1,   290] loss: 1.347
[1,   300] loss: 1.390
[1,   310] loss: 1.341
[1,   320] loss: 1.275
[1,   330] loss: 1.317
[1,   340] loss: 1.342
[1,   350] loss: 1.278
[1,   360] loss: 1.311
[1,   370] loss: 1.259
[1,   380] loss: 1.320
[1,   390] loss: 1.307
[1,   400] loss: 1.358
VALIDATION loss: 1.3033109903335571
[2,    10] loss: 1.240
[2,    20] loss: 1.249
[2,    30] loss: 1.253
[2,    40] loss: 1.318
[2,    50] loss: 1.237
[2,    60] loss: 1.279
[2,    70] loss: 1.290
[2,    80] loss: 1.288
[2,    90] loss: 1.264
[2,   100] loss: 1.229
[2,   110] loss: 1.282
[2,   120] loss: 1.154
[2,   130] loss: 1.206
[2,   140] loss: 1.191
[2,   150] loss: 1.173
[2,   160] loss: 1.265
[2,   170] loss: 1.218
[2,   180] loss: 1.193
[2,   190] loss: 1.160
[2,   200] loss: 1.175
[2,   210] loss: 1.120
[2,   220] loss: 1.299
[2,   230] loss: 1.126
[2,   240] loss: 1.274
[2,   250] loss: 1.252
[2,   260] loss: 1.197
[2,   270] loss: 1.143
[2,   280] loss: 1.093
[2,   290] loss: 1.230
[2,   300] loss: 1.205
[2,   310] loss: 1.182
[2,   320] loss: 1.189
[2,   330] loss: 1.174
[2,   340] loss: 1.163
[2,   350] loss: 1.063
[2,   360] loss: 1.186
[2,   370] loss: 1.124
[2,   380] loss: 1.090
[2,   390] loss: 1.114
[2,   400] loss: 1.128
VALIDATION loss: 1.3975974321365356
[3,    10] loss: 1.124
[3,    20] loss: 1.147
[3,    30] loss: 1.085
[3,    40] loss: 1.148
[3,    50] loss: 1.065
[3,    60] loss: 1.095
[3,    70] loss: 1.112
[3,    80] loss: 1.128
[3,    90] loss: 1.112
[3,   100] loss: 1.038
[3,   110] loss: 1.068
[3,   120] loss: 1.128
[3,   130] loss: 1.093
[3,   140] loss: 1.161
[3,   150] loss: 1.062
[3,   160] loss: 1.048
[3,   170] loss: 1.072
[3,   180] loss: 1.066
[3,   190] loss: 1.094
[3,   200] loss: 1.080
[3,   210] loss: 1.094
[3,   220] loss: 1.117
[3,   230] loss: 1.086
[3,   240] loss: 1.154
[3,   250] loss: 1.106
[3,   260] loss: 1.001
[3,   270] loss: 1.137
[3,   280] loss: 1.135
[3,   290] loss: 1.168
[3,   300] loss: 1.106
[3,   310] loss: 1.082
[3,   320] loss: 1.045
[3,   330] loss: 1.073
[3,   340] loss: 1.079
[3,   350] loss: 0.960
[3,   360] loss: 1.057
[3,   370] loss: 1.056
[3,   380] loss: 1.041
[3,   390] loss: 1.004
[3,   400] loss: 1.028
VALIDATION loss: 1.3404078483581543
[4,    10] loss: 1.011
[4,    20] loss: 1.058
[4,    30] loss: 1.086
[4,    40] loss: 1.048
[4,    50] loss: 0.981
[4,    60] loss: 1.052
[4,    70] loss: 1.036
[4,    80] loss: 0.932
[4,    90] loss: 1.036
[4,   100] loss: 0.966
[4,   110] loss: 1.072
[4,   120] loss: 0.901
[4,   130] loss: 0.928
[4,   140] loss: 0.980
[4,   150] loss: 1.007
[4,   160] loss: 0.997
[4,   170] loss: 0.964
[4,   180] loss: 1.093
[4,   190] loss: 0.992
[4,   200] loss: 0.992
[4,   210] loss: 1.016
[4,   220] loss: 0.922
[4,   230] loss: 0.865
[4,   240] loss: 0.948
[4,   250] loss: 0.857
[4,   260] loss: 0.896
[4,   270] loss: 0.935
[4,   280] loss: 0.926
[4,   290] loss: 0.894
[4,   300] loss: 0.905
[4,   310] loss: 0.958
[4,   320] loss: 0.912
[4,   330] loss: 0.972
[4,   340] loss: 1.035
[4,   350] loss: 1.032
[4,   360] loss: 0.913
[4,   370] loss: 0.898
[4,   380] loss: 0.936
[4,   390] loss: 0.914
[4,   400] loss: 0.918
VALIDATION loss: 1.293175458908081
[5,    10] loss: 0.825
[5,    20] loss: 0.874
[5,    30] loss: 0.922
[5,    40] loss: 0.982
[5,    50] loss: 0.861
[5,    60] loss: 0.886
[5,    70] loss: 0.925
[5,    80] loss: 0.900
[5,    90] loss: 0.790
[5,   100] loss: 0.811
[5,   110] loss: 0.877
[5,   120] loss: 0.891
[5,   130] loss: 0.975
[5,   140] loss: 0.855
[5,   150] loss: 0.830
[5,   160] loss: 0.829
[5,   170] loss: 0.876
[5,   180] loss: 0.946
[5,   190] loss: 0.857
[5,   200] loss: 1.009
[5,   210] loss: 0.823
[5,   220] loss: 0.904
[5,   230] loss: 0.904
[5,   240] loss: 0.938
[5,   250] loss: 0.856
[5,   260] loss: 0.820
[5,   270] loss: 0.780
[5,   280] loss: 0.881
[5,   290] loss: 0.788
[5,   300] loss: 0.785
[5,   310] loss: 0.874
[5,   320] loss: 0.852
[5,   330] loss: 0.805
[5,   340] loss: 0.904
[5,   350] loss: 0.876
[5,   360] loss: 0.844
[5,   370] loss: 0.948
[5,   380] loss: 0.855
[5,   390] loss: 0.766
[5,   400] loss: 0.834
VALIDATION loss: 2.3769538402557373
[6,    10] loss: 0.780
[6,    20] loss: 0.738
[6,    30] loss: 0.785
[6,    40] loss: 0.790
[6,    50] loss: 0.826
[6,    60] loss: 0.833
[6,    70] loss: 0.857
[6,    80] loss: 0.784
[6,    90] loss: 0.887
[6,   100] loss: 0.783
[6,   110] loss: 0.794
[6,   120] loss: 0.829
[6,   130] loss: 0.786
[6,   140] loss: 0.876
[6,   150] loss: 0.768
[6,   160] loss: 0.715
[6,   170] loss: 0.788
[6,   180] loss: 0.770
[6,   190] loss: 0.768
[6,   200] loss: 0.786
[6,   210] loss: 0.924
[6,   220] loss: 0.878
[6,   230] loss: 0.864
[6,   240] loss: 0.848
[6,   250] loss: 0.821
[6,   260] loss: 0.714
[6,   270] loss: 0.772
[6,   280] loss: 0.743
[6,   290] loss: 0.751
[6,   300] loss: 0.731
[6,   310] loss: 0.679
[6,   320] loss: 0.773
[6,   330] loss: 0.684
[6,   340] loss: 0.670
[6,   350] loss: 0.757
[6,   360] loss: 0.904
[6,   370] loss: 0.856
[6,   380] loss: 0.760
[6,   390] loss: 0.762
[6,   400] loss: 0.757
VALIDATION loss: 1.3072818517684937
[7,    10] loss: 0.719
[7,    20] loss: 0.803
[7,    30] loss: 0.759
[7,    40] loss: 0.744
[7,    50] loss: 0.832
[7,    60] loss: 0.894
[7,    70] loss: 0.814
[7,    80] loss: 0.749
[7,    90] loss: 0.719
[7,   100] loss: 0.821
[7,   110] loss: 0.772
[7,   120] loss: 0.737
[7,   130] loss: 0.739
[7,   140] loss: 0.703
[7,   150] loss: 0.711
[7,   160] loss: 0.772
[7,   170] loss: 0.716
[7,   180] loss: 0.798
[7,   190] loss: 0.761
[7,   200] loss: 0.715
[7,   210] loss: 0.724
[7,   220] loss: 0.772
[7,   230] loss: 0.814
[7,   240] loss: 0.650
[7,   250] loss: 0.692
[7,   260] loss: 0.665
[7,   270] loss: 0.776
[7,   280] loss: 0.760
[7,   290] loss: 0.650
[7,   300] loss: 0.827
[7,   310] loss: 0.699
[7,   320] loss: 0.795
[7,   330] loss: 0.715
[7,   340] loss: 0.685
[7,   350] loss: 0.697
[7,   360] loss: 0.606
[7,   370] loss: 0.751
[7,   380] loss: 0.653
[7,   390] loss: 0.721
[7,   400] loss: 0.667
VALIDATION loss: 0.6817238330841064
[8,    10] loss: 0.773
[8,    20] loss: 0.707
[8,    30] loss: 0.636
[8,    40] loss: 0.671
[8,    50] loss: 0.687
[8,    60] loss: 0.807
[8,    70] loss: 0.761
[8,    80] loss: 0.754
[8,    90] loss: 0.869
[8,   100] loss: 0.761
[8,   110] loss: 0.797
[8,   120] loss: 0.630
[8,   130] loss: 0.634
[8,   140] loss: 0.779
[8,   150] loss: 0.775
[8,   160] loss: 0.708
[8,   170] loss: 0.735
[8,   180] loss: 0.664
[8,   190] loss: 0.693
[8,   200] loss: 0.595
[8,   210] loss: 0.732
[8,   220] loss: 0.733
[8,   230] loss: 0.664
[8,   240] loss: 0.680
[8,   250] loss: 0.613
[8,   260] loss: 0.700
[8,   270] loss: 0.724
[8,   280] loss: 0.649
[8,   290] loss: 0.676
[8,   300] loss: 0.739
[8,   310] loss: 0.634
[8,   320] loss: 0.569
[8,   330] loss: 0.680
[8,   340] loss: 0.707
[8,   350] loss: 0.655
[8,   360] loss: 0.715
[8,   370] loss: 0.653
[8,   380] loss: 0.659
[8,   390] loss: 0.640
[8,   400] loss: 0.684
VALIDATION loss: 1.0856664180755615
[9,    10] loss: 0.652
[9,    20] loss: 0.645
[9,    30] loss: 0.678
[9,    40] loss: 0.806
[9,    50] loss: 0.595
[9,    60] loss: 0.730
[9,    70] loss: 0.660
[9,    80] loss: 0.693
[9,    90] loss: 0.699
[9,   100] loss: 0.637
[9,   110] loss: 0.690
[9,   120] loss: 0.653
[9,   130] loss: 0.681
[9,   140] loss: 0.661
[9,   150] loss: 0.622
[9,   160] loss: 0.633
[9,   170] loss: 0.769
[9,   180] loss: 0.649
[9,   190] loss: 0.602
[9,   200] loss: 0.627
[9,   210] loss: 0.646
[9,   220] loss: 0.605
[9,   230] loss: 0.623
[9,   240] loss: 0.615
[9,   250] loss: 0.610
[9,   260] loss: 0.611
[9,   270] loss: 0.666
[9,   280] loss: 0.630
[9,   290] loss: 0.668
[9,   300] loss: 0.608
[9,   310] loss: 0.520
[9,   320] loss: 0.678
[9,   330] loss: 0.621
[9,   340] loss: 0.680
[9,   350] loss: 0.678
[9,   360] loss: 0.679
[9,   370] loss: 0.623
[9,   380] loss: 0.665
[9,   390] loss: 0.587
[9,   400] loss: 0.620
VALIDATION loss: 2.6359589099884033
[10,    10] loss: 0.580
[10,    20] loss: 0.764
[10,    30] loss: 0.536
[10,    40] loss: 0.610
[10,    50] loss: 0.548
[10,    60] loss: 0.607
[10,    70] loss: 0.485
[10,    80] loss: 0.535
[10,    90] loss: 0.724
[10,   100] loss: 0.574
[10,   110] loss: 0.640
[10,   120] loss: 0.639
[10,   130] loss: 0.665
[10,   140] loss: 0.697
[10,   150] loss: 0.642
[10,   160] loss: 0.619
[10,   170] loss: 0.557
[10,   180] loss: 0.595
[10,   190] loss: 0.595
[10,   200] loss: 0.673
[10,   210] loss: 0.614
[10,   220] loss: 0.593
[10,   230] loss: 0.671
[10,   240] loss: 0.612
[10,   250] loss: 0.610
[10,   260] loss: 0.513
[10,   270] loss: 0.659
[10,   280] loss: 0.569
[10,   290] loss: 0.621
[10,   300] loss: 0.600
[10,   310] loss: 0.591
[10,   320] loss: 0.710
[10,   330] loss: 0.615
[10,   340] loss: 0.635
[10,   350] loss: 0.656
[10,   360] loss: 0.598
[10,   370] loss: 0.595
[10,   380] loss: 0.593
[10,   390] loss: 0.655
[10,   400] loss: 0.641
VALIDATION loss: 0.6157628297805786
[11,    10] loss: 0.638
[11,    20] loss: 0.547
[11,    30] loss: 0.559
[11,    40] loss: 0.501
[11,    50] loss: 0.631
[11,    60] loss: 0.592
[11,    70] loss: 0.559
[11,    80] loss: 0.588
[11,    90] loss: 0.472
[11,   100] loss: 0.534
[11,   110] loss: 0.626
[11,   120] loss: 0.632
[11,   130] loss: 0.633
[11,   140] loss: 0.564
[11,   150] loss: 0.609
[11,   160] loss: 0.544
[11,   170] loss: 0.574
[11,   180] loss: 0.609
[11,   190] loss: 0.604
[11,   200] loss: 0.600
[11,   210] loss: 0.579
[11,   220] loss: 0.579
[11,   230] loss: 0.520
[11,   240] loss: 0.571
[11,   250] loss: 0.658
[11,   260] loss: 0.603
[11,   270] loss: 0.600
[11,   280] loss: 0.567
[11,   290] loss: 0.620
[11,   300] loss: 0.546
[11,   310] loss: 0.606
[11,   320] loss: 0.572
[11,   330] loss: 0.550
[11,   340] loss: 0.529
[11,   350] loss: 0.488
[11,   360] loss: 0.493
[11,   370] loss: 0.572
[11,   380] loss: 0.503
[11,   390] loss: 0.639
[11,   400] loss: 0.556
VALIDATION loss: 3.613795042037964
[12,    10] loss: 0.565
[12,    20] loss: 0.647
[12,    30] loss: 0.639
[12,    40] loss: 0.568
[12,    50] loss: 0.589
[12,    60] loss: 0.583
[12,    70] loss: 0.600
[12,    80] loss: 0.575
[12,    90] loss: 0.525
[12,   100] loss: 0.611
[12,   110] loss: 0.573
[12,   120] loss: 0.555
[12,   130] loss: 0.539
[12,   140] loss: 0.510
[12,   150] loss: 0.529
[12,   160] loss: 0.560
[12,   170] loss: 0.584
[12,   180] loss: 0.710
[12,   190] loss: 0.612
[12,   200] loss: 0.496
[12,   210] loss: 0.546
[12,   220] loss: 0.571
[12,   230] loss: 0.595
[12,   240] loss: 0.474
[12,   250] loss: 0.464
[12,   260] loss: 0.569
[12,   270] loss: 0.570
[12,   280] loss: 0.557
[12,   290] loss: 0.543
[12,   300] loss: 0.560
[12,   310] loss: 0.490
[12,   320] loss: 0.555
[12,   330] loss: 0.488
[12,   340] loss: 0.503
[12,   350] loss: 0.517
[12,   360] loss: 0.484
[12,   370] loss: 0.550
[12,   380] loss: 0.549
[12,   390] loss: 0.503
[12,   400] loss: 0.429
VALIDATION loss: 2.0220510959625244
[13,    10] loss: 0.460
[13,    20] loss: 0.518
[13,    30] loss: 0.494
[13,    40] loss: 0.481
[13,    50] loss: 0.474
[13,    60] loss: 0.575
[13,    70] loss: 0.509
[13,    80] loss: 0.488
[13,    90] loss: 0.563
[13,   100] loss: 0.458
[13,   110] loss: 0.468
[13,   120] loss: 0.501
[13,   130] loss: 0.465
[13,   140] loss: 0.618
[13,   150] loss: 0.536
[13,   160] loss: 0.510
[13,   170] loss: 0.544
[13,   180] loss: 0.645
[13,   190] loss: 0.596
[13,   200] loss: 0.526
[13,   210] loss: 0.594
[13,   220] loss: 0.657
[13,   230] loss: 0.627
[13,   240] loss: 0.628
[13,   250] loss: 0.638
[13,   260] loss: 0.626
[13,   270] loss: 0.653
[13,   280] loss: 0.597
[13,   290] loss: 0.497
[13,   300] loss: 0.497
[13,   310] loss: 0.526
[13,   320] loss: 0.475
[13,   330] loss: 0.567
[13,   340] loss: 0.556
[13,   350] loss: 0.489
[13,   360] loss: 0.618
[13,   370] loss: 0.510
[13,   380] loss: 0.519
[13,   390] loss: 0.548
[13,   400] loss: 0.528
VALIDATION loss: 0.6335389018058777
[14,    10] loss: 0.473
[14,    20] loss: 0.517
[14,    30] loss: 0.513
[14,    40] loss: 0.556
[14,    50] loss: 0.504
[14,    60] loss: 0.543
[14,    70] loss: 0.508
[14,    80] loss: 0.543
[14,    90] loss: 0.530
[14,   100] loss: 0.466
[14,   110] loss: 0.563
[14,   120] loss: 0.526
[14,   130] loss: 0.488
[14,   140] loss: 0.502
[14,   150] loss: 0.448
[14,   160] loss: 0.545
[14,   170] loss: 0.541
[14,   180] loss: 0.484
[14,   190] loss: 0.591
[14,   200] loss: 0.543
[14,   210] loss: 0.559
[14,   220] loss: 0.534
[14,   230] loss: 0.446
[14,   240] loss: 0.525
[14,   250] loss: 0.457
[14,   260] loss: 0.536
[14,   270] loss: 0.458
[14,   280] loss: 0.494
[14,   290] loss: 0.479
[14,   300] loss: 0.462
[14,   310] loss: 0.534
[14,   320] loss: 0.548
[14,   330] loss: 0.518
[14,   340] loss: 0.442
[14,   350] loss: 0.487
[14,   360] loss: 0.469
[14,   370] loss: 0.493
[14,   380] loss: 0.493
[14,   390] loss: 0.576
[14,   400] loss: 0.508
VALIDATION loss: 2.2322800159454346
[15,    10] loss: 0.423
[15,    20] loss: 0.408
[15,    30] loss: 0.424
[15,    40] loss: 0.438
[15,    50] loss: 0.465
[15,    60] loss: 0.466
[15,    70] loss: 0.579
[15,    80] loss: 0.513
[15,    90] loss: 0.482
[15,   100] loss: 0.521
[15,   110] loss: 0.497
[15,   120] loss: 0.450
[15,   130] loss: 0.510
[15,   140] loss: 0.424
[15,   150] loss: 0.525
[15,   160] loss: 0.582
[15,   170] loss: 0.474
[15,   180] loss: 0.560
[15,   190] loss: 0.510
[15,   200] loss: 0.456
[15,   210] loss: 0.526
[15,   220] loss: 0.448
[15,   230] loss: 0.539
[15,   240] loss: 0.554
[15,   250] loss: 0.560
[15,   260] loss: 0.535
[15,   270] loss: 0.553
[15,   280] loss: 0.533
[15,   290] loss: 0.510
[15,   300] loss: 0.524
[15,   310] loss: 0.530
[15,   320] loss: 0.480
[15,   330] loss: 0.436
[15,   340] loss: 0.477
[15,   350] loss: 0.439
[15,   360] loss: 0.430
[15,   370] loss: 0.483
[15,   380] loss: 0.564
[15,   390] loss: 0.550
[15,   400] loss: 0.514
VALIDATION loss: 2.609480142593384
[16,    10] loss: 0.512
[16,    20] loss: 0.487
[16,    30] loss: 0.468
[16,    40] loss: 0.452
[16,    50] loss: 0.612
[16,    60] loss: 0.463
[16,    70] loss: 0.579
[16,    80] loss: 0.428
[16,    90] loss: 0.485
[16,   100] loss: 0.440
[16,   110] loss: 0.533
[16,   120] loss: 0.544
[16,   130] loss: 0.523
[16,   140] loss: 0.530
[16,   150] loss: 0.525
[16,   160] loss: 0.472
[16,   170] loss: 0.387
[16,   180] loss: 0.395
[16,   190] loss: 0.447
[16,   200] loss: 0.503
[16,   210] loss: 0.532
[16,   220] loss: 0.477
[16,   230] loss: 0.455
[16,   240] loss: 0.410
[16,   250] loss: 0.491
[16,   260] loss: 0.545
[16,   270] loss: 0.460
[16,   280] loss: 0.368
[16,   290] loss: 0.554
[16,   300] loss: 0.468
[16,   310] loss: 0.535
[16,   320] loss: 0.448
[16,   330] loss: 0.529
[16,   340] loss: 0.504
[16,   350] loss: 0.474
[16,   360] loss: 0.396
[16,   370] loss: 0.470
[16,   380] loss: 0.412
[16,   390] loss: 0.509
[16,   400] loss: 0.428
VALIDATION loss: 0.4928591549396515
[17,    10] loss: 0.564
[17,    20] loss: 0.485
[17,    30] loss: 0.439
[17,    40] loss: 0.479
[17,    50] loss: 0.606
[17,    60] loss: 0.468
[17,    70] loss: 0.458
[17,    80] loss: 0.407
[17,    90] loss: 0.445
[17,   100] loss: 0.363
[17,   110] loss: 0.416
[17,   120] loss: 0.427
[17,   130] loss: 0.497
[17,   140] loss: 0.448
[17,   150] loss: 0.469
[17,   160] loss: 0.375
[17,   170] loss: 0.453
[17,   180] loss: 0.402
[17,   190] loss: 0.513
[17,   200] loss: 0.442
[17,   210] loss: 0.439
[17,   220] loss: 0.454
[17,   230] loss: 0.450
[17,   240] loss: 0.468
[17,   250] loss: 0.438
[17,   260] loss: 0.435
[17,   270] loss: 0.466
[17,   280] loss: 0.437
[17,   290] loss: 0.484
[17,   300] loss: 0.464
[17,   310] loss: 0.465
[17,   320] loss: 0.440
[17,   330] loss: 0.533
[17,   340] loss: 0.401
[17,   350] loss: 0.430
[17,   360] loss: 0.521
[17,   370] loss: 0.472
[17,   380] loss: 0.465
[17,   390] loss: 0.443
[17,   400] loss: 0.496
VALIDATION loss: 2.894697666168213
[18,    10] loss: 0.414
[18,    20] loss: 0.444
[18,    30] loss: 0.399
[18,    40] loss: 0.426
[18,    50] loss: 0.384
[18,    60] loss: 0.437
[18,    70] loss: 0.480
[18,    80] loss: 0.454
[18,    90] loss: 0.376
[18,   100] loss: 0.409
[18,   110] loss: 0.394
[18,   120] loss: 0.455
[18,   130] loss: 0.534
[18,   140] loss: 0.574
[18,   150] loss: 0.583
[18,   160] loss: 0.389
[18,   170] loss: 0.516
[18,   180] loss: 0.488
[18,   190] loss: 0.555
[18,   200] loss: 0.451
[18,   210] loss: 0.452
[18,   220] loss: 0.474
[18,   230] loss: 0.507
[18,   240] loss: 0.477
[18,   250] loss: 0.488
[18,   260] loss: 0.504
[18,   270] loss: 0.474
[18,   280] loss: 0.464
[18,   290] loss: 0.417
[18,   300] loss: 0.450
[18,   310] loss: 0.433
[18,   320] loss: 0.500
[18,   330] loss: 0.469
[18,   340] loss: 0.449
[18,   350] loss: 0.443
[18,   360] loss: 0.428
[18,   370] loss: 0.446
[18,   380] loss: 0.425
[18,   390] loss: 0.372
[18,   400] loss: 0.452
VALIDATION loss: 0.6439425349235535
[19,    10] loss: 0.466
[19,    20] loss: 0.412
[19,    30] loss: 0.397
[19,    40] loss: 0.428
[19,    50] loss: 0.473
[19,    60] loss: 0.445
[19,    70] loss: 0.445
[19,    80] loss: 0.477
[19,    90] loss: 0.466
[19,   100] loss: 0.421
[19,   110] loss: 0.464
[19,   120] loss: 0.459
[19,   130] loss: 0.405
[19,   140] loss: 0.504
[19,   150] loss: 0.464
[19,   160] loss: 0.392
[19,   170] loss: 0.539
[19,   180] loss: 0.459
[19,   190] loss: 0.421
[19,   200] loss: 0.425
[19,   210] loss: 0.437
[19,   220] loss: 0.470
[19,   230] loss: 0.455
[19,   240] loss: 0.440
[19,   250] loss: 0.447
[19,   260] loss: 0.439
[19,   270] loss: 0.538
[19,   280] loss: 0.426
[19,   290] loss: 0.523
[19,   300] loss: 0.456
[19,   310] loss: 0.496
[19,   320] loss: 0.420
[19,   330] loss: 0.481
[19,   340] loss: 0.410
[19,   350] loss: 0.356
[19,   360] loss: 0.533
[19,   370] loss: 0.387
[19,   380] loss: 0.575
[19,   390] loss: 0.329
[19,   400] loss: 0.451
VALIDATION loss: 0.8798456192016602
[20,    10] loss: 0.540
[20,    20] loss: 0.408
[20,    30] loss: 0.410
[20,    40] loss: 0.398
[20,    50] loss: 0.387
[20,    60] loss: 0.362
[20,    70] loss: 0.394
[20,    80] loss: 0.428
[20,    90] loss: 0.515
[20,   100] loss: 0.475
[20,   110] loss: 0.456
[20,   120] loss: 0.440
[20,   130] loss: 0.411
[20,   140] loss: 0.419
[20,   150] loss: 0.417
[20,   160] loss: 0.452
[20,   170] loss: 0.440
[20,   180] loss: 0.365
[20,   190] loss: 0.389
[20,   200] loss: 0.428
[20,   210] loss: 0.485
[20,   220] loss: 0.426
[20,   230] loss: 0.339
[20,   240] loss: 0.391
[20,   250] loss: 0.379
[20,   260] loss: 0.411
[20,   270] loss: 0.370
[20,   280] loss: 0.389
[20,   290] loss: 0.363
[20,   300] loss: 0.425
[20,   310] loss: 0.453
[20,   320] loss: 0.453
[20,   330] loss: 0.379
[20,   340] loss: 0.374
[20,   350] loss: 0.374
[20,   360] loss: 0.454
[20,   370] loss: 0.442
[20,   380] loss: 0.380
[20,   390] loss: 0.371
[20,   400] loss: 0.393
VALIDATION loss: 0.7299591302871704
[21,    10] loss: 0.448
[21,    20] loss: 0.387
[21,    30] loss: 0.482
[21,    40] loss: 0.399
[21,    50] loss: 0.429
[21,    60] loss: 0.450
[21,    70] loss: 0.377
[21,    80] loss: 0.405
[21,    90] loss: 0.438
[21,   100] loss: 0.447
[21,   110] loss: 0.346
[21,   120] loss: 0.510
[21,   130] loss: 0.361
[21,   140] loss: 0.426
[21,   150] loss: 0.499
[21,   160] loss: 0.421
[21,   170] loss: 0.403
[21,   180] loss: 0.374
[21,   190] loss: 0.394
[21,   200] loss: 0.386
[21,   210] loss: 0.398
[21,   220] loss: 0.478
[21,   230] loss: 0.339
[21,   240] loss: 0.436
[21,   250] loss: 0.396
[21,   260] loss: 0.454
[21,   270] loss: 0.384
[21,   280] loss: 0.379
[21,   290] loss: 0.442
[21,   300] loss: 0.465
[21,   310] loss: 0.385
[21,   320] loss: 0.438
[21,   330] loss: 0.386
[21,   340] loss: 0.385
[21,   350] loss: 0.361
[21,   360] loss: 0.420
[21,   370] loss: 0.396
[21,   380] loss: 0.371
[21,   390] loss: 0.394
[21,   400] loss: 0.398
VALIDATION loss: 1.3524718284606934
[22,    10] loss: 0.331
[22,    20] loss: 0.393
[22,    30] loss: 0.444
[22,    40] loss: 0.404
[22,    50] loss: 0.383
[22,    60] loss: 0.379
[22,    70] loss: 0.402
[22,    80] loss: 0.369
[22,    90] loss: 0.403
[22,   100] loss: 0.482
[22,   110] loss: 0.362
[22,   120] loss: 0.415
[22,   130] loss: 0.363
[22,   140] loss: 0.347
[22,   150] loss: 0.430
[22,   160] loss: 0.313
[22,   170] loss: 0.363
[22,   180] loss: 0.362
[22,   190] loss: 0.325
[22,   200] loss: 0.337
[22,   210] loss: 0.405
[22,   220] loss: 0.430
[22,   230] loss: 0.388
[22,   240] loss: 0.363
[22,   250] loss: 0.373
[22,   260] loss: 0.403
[22,   270] loss: 0.431
[22,   280] loss: 0.413
[22,   290] loss: 0.379
[22,   300] loss: 0.331
[22,   310] loss: 0.374
[22,   320] loss: 0.333
[22,   330] loss: 0.350
[22,   340] loss: 0.304
[22,   350] loss: 0.356
[22,   360] loss: 0.333
[22,   370] loss: 0.369
[22,   380] loss: 0.375
[22,   390] loss: 0.402
[22,   400] loss: 0.375
VALIDATION loss: 0.4412490725517273
[23,    10] loss: 0.299
[23,    20] loss: 0.336
[23,    30] loss: 0.334
[23,    40] loss: 0.327
[23,    50] loss: 0.403
[23,    60] loss: 0.462
[23,    70] loss: 0.376
[23,    80] loss: 0.436
[23,    90] loss: 0.469
[23,   100] loss: 0.375
[23,   110] loss: 0.421
[23,   120] loss: 0.375
[23,   130] loss: 0.348
[23,   140] loss: 0.335
[23,   150] loss: 0.404
[23,   160] loss: 0.343
[23,   170] loss: 0.369
[23,   180] loss: 0.389
[23,   190] loss: 0.351
[23,   200] loss: 0.390
[23,   210] loss: 0.402
[23,   220] loss: 0.411
[23,   230] loss: 0.376
[23,   240] loss: 0.392
[23,   250] loss: 0.438
[23,   260] loss: 0.383
[23,   270] loss: 0.367
[23,   280] loss: 0.290
[23,   290] loss: 0.442
[23,   300] loss: 0.351
[23,   310] loss: 0.405
[23,   320] loss: 0.318
[23,   330] loss: 0.386
[23,   340] loss: 0.401
[23,   350] loss: 0.397
[23,   360] loss: 0.384
[23,   370] loss: 0.380
[23,   380] loss: 0.399
[23,   390] loss: 0.410
[23,   400] loss: 0.374
VALIDATION loss: 0.4723457396030426
[24,    10] loss: 0.351
[24,    20] loss: 0.373
[24,    30] loss: 0.398
[24,    40] loss: 0.323
[24,    50] loss: 0.400
[24,    60] loss: 0.362
[24,    70] loss: 0.355
[24,    80] loss: 0.389
[24,    90] loss: 0.383
[24,   100] loss: 0.386
[24,   110] loss: 0.472
[24,   120] loss: 0.396
[24,   130] loss: 0.337
[24,   140] loss: 0.388
[24,   150] loss: 0.390
[24,   160] loss: 0.432
[24,   170] loss: 0.345
[24,   180] loss: 0.356
[24,   190] loss: 0.344
[24,   200] loss: 0.340
[24,   210] loss: 0.368
[24,   220] loss: 0.444
[24,   230] loss: 0.361
[24,   240] loss: 0.390
[24,   250] loss: 0.326
[24,   260] loss: 0.362
[24,   270] loss: 0.337
[24,   280] loss: 0.374
[24,   290] loss: 0.386
[24,   300] loss: 0.310
[24,   310] loss: 0.380
[24,   320] loss: 0.377
[24,   330] loss: 0.393
[24,   340] loss: 0.388
[24,   350] loss: 0.384
[24,   360] loss: 0.410
[24,   370] loss: 0.392
[24,   380] loss: 0.339
[24,   390] loss: 0.319
[24,   400] loss: 0.344
VALIDATION loss: 1.2556496858596802
[25,    10] loss: 0.364
[25,    20] loss: 0.393
[25,    30] loss: 0.347
[25,    40] loss: 0.374
[25,    50] loss: 0.367
[25,    60] loss: 0.296
[25,    70] loss: 0.450
[25,    80] loss: 0.365
[25,    90] loss: 0.415
[25,   100] loss: 0.355
[25,   110] loss: 0.317
[25,   120] loss: 0.430
[25,   130] loss: 0.323
[25,   140] loss: 0.391
[25,   150] loss: 0.390
[25,   160] loss: 0.343
[25,   170] loss: 0.348
[25,   180] loss: 0.341
[25,   190] loss: 0.406
[25,   200] loss: 0.358
[25,   210] loss: 0.390
[25,   220] loss: 0.363
[25,   230] loss: 0.311
[25,   240] loss: 0.373
[25,   250] loss: 0.324
[25,   260] loss: 0.315
[25,   270] loss: 0.251
[25,   280] loss: 0.383
[25,   290] loss: 0.353
[25,   300] loss: 0.421
[25,   310] loss: 0.379
[25,   320] loss: 0.399
[25,   330] loss: 0.428
[25,   340] loss: 0.371
[25,   350] loss: 0.349
[25,   360] loss: 0.353
[25,   370] loss: 0.392
[25,   380] loss: 0.390
[25,   390] loss: 0.405
[25,   400] loss: 0.335
VALIDATION loss: 0.7662769556045532
[26,    10] loss: 0.420
[26,    20] loss: 0.330
[26,    30] loss: 0.391
[26,    40] loss: 0.397
[26,    50] loss: 0.378
[26,    60] loss: 0.406
[26,    70] loss: 0.313
[26,    80] loss: 0.416
[26,    90] loss: 0.410
[26,   100] loss: 0.367
[26,   110] loss: 0.388
[26,   120] loss: 0.320
[26,   130] loss: 0.376
[26,   140] loss: 0.420
[26,   150] loss: 0.338
[26,   160] loss: 0.349
[26,   170] loss: 0.385
[26,   180] loss: 0.368
[26,   190] loss: 0.326
[26,   200] loss: 0.322
[26,   210] loss: 0.359
[26,   220] loss: 0.326
[26,   230] loss: 0.371
[26,   240] loss: 0.367
[26,   250] loss: 0.367
[26,   260] loss: 0.340
[26,   270] loss: 0.347
[26,   280] loss: 0.386
[26,   290] loss: 0.369
[26,   300] loss: 0.362
[26,   310] loss: 0.325
[26,   320] loss: 0.325
[26,   330] loss: 0.409
[26,   340] loss: 0.379
[26,   350] loss: 0.386
[26,   360] loss: 0.283
[26,   370] loss: 0.428
[26,   380] loss: 0.302
[26,   390] loss: 0.313
[26,   400] loss: 0.311
VALIDATION loss: 0.302615761756897
[27,    10] loss: 0.332
[27,    20] loss: 0.325
[27,    30] loss: 0.331
[27,    40] loss: 0.358
[27,    50] loss: 0.387
[27,    60] loss: 0.340
[27,    70] loss: 0.376
[27,    80] loss: 0.333
[27,    90] loss: 0.411
[27,   100] loss: 0.327
[27,   110] loss: 0.345
[27,   120] loss: 0.343
[27,   130] loss: 0.308
[27,   140] loss: 0.314
[27,   150] loss: 0.351
[27,   160] loss: 0.278
[27,   170] loss: 0.322
[27,   180] loss: 0.374
[27,   190] loss: 0.347
[27,   200] loss: 0.380
[27,   210] loss: 0.392
[27,   220] loss: 0.345
[27,   230] loss: 0.326
[27,   240] loss: 0.332
[27,   250] loss: 0.357
[27,   260] loss: 0.347
[27,   270] loss: 0.354
[27,   280] loss: 0.360
[27,   290] loss: 0.393
[27,   300] loss: 0.392
[27,   310] loss: 0.379
[27,   320] loss: 0.330
[27,   330] loss: 0.425
[27,   340] loss: 0.305
[27,   350] loss: 0.358
[27,   360] loss: 0.362
[27,   370] loss: 0.331
[27,   380] loss: 0.363
[27,   390] loss: 0.264
[27,   400] loss: 0.354
VALIDATION loss: 0.282024085521698
[28,    10] loss: 0.320
[28,    20] loss: 0.312
[28,    30] loss: 0.308
[28,    40] loss: 0.376
[28,    50] loss: 0.336
[28,    60] loss: 0.340
[28,    70] loss: 0.329
[28,    80] loss: 0.331
[28,    90] loss: 0.378
[28,   100] loss: 0.411
[28,   110] loss: 0.324
[28,   120] loss: 0.323
[28,   130] loss: 0.306
[28,   140] loss: 0.321
[28,   150] loss: 0.362
[28,   160] loss: 0.312
[28,   170] loss: 0.412
[28,   180] loss: 0.342
[28,   190] loss: 0.335
[28,   200] loss: 0.328
[28,   210] loss: 0.357
[28,   220] loss: 0.271
[28,   230] loss: 0.276
[28,   240] loss: 0.268
[28,   250] loss: 0.369
[28,   260] loss: 0.325
[28,   270] loss: 0.397
[28,   280] loss: 0.319
[28,   290] loss: 0.291
[28,   300] loss: 0.334
[28,   310] loss: 0.399
[28,   320] loss: 0.361
[28,   330] loss: 0.351
[28,   340] loss: 0.337
[28,   350] loss: 0.255
[28,   360] loss: 0.352
[28,   370] loss: 0.399
[28,   380] loss: 0.348
[28,   390] loss: 0.310
[28,   400] loss: 0.289
VALIDATION loss: 0.8862629532814026
[29,    10] loss: 0.320
[29,    20] loss: 0.338
[29,    30] loss: 0.317
[29,    40] loss: 0.365
[29,    50] loss: 0.354
[29,    60] loss: 0.343
[29,    70] loss: 0.354
[29,    80] loss: 0.329
[29,    90] loss: 0.354
[29,   100] loss: 0.366
[29,   110] loss: 0.302
[29,   120] loss: 0.281
[29,   130] loss: 0.391
[29,   140] loss: 0.291
[29,   150] loss: 0.289
[29,   160] loss: 0.305
[29,   170] loss: 0.311
[29,   180] loss: 0.428
[29,   190] loss: 0.316
[29,   200] loss: 0.314
[29,   210] loss: 0.376
[29,   220] loss: 0.272
[29,   230] loss: 0.316
[29,   240] loss: 0.333
[29,   250] loss: 0.290
[29,   260] loss: 0.302
[29,   270] loss: 0.305
[29,   280] loss: 0.335
[29,   290] loss: 0.355
[29,   300] loss: 0.256
[29,   310] loss: 0.321
[29,   320] loss: 0.341
[29,   330] loss: 0.300
[29,   340] loss: 0.319
[29,   350] loss: 0.365
[29,   360] loss: 0.326
[29,   370] loss: 0.378
[29,   380] loss: 0.361
[29,   390] loss: 0.347
[29,   400] loss: 0.316
VALIDATION loss: 0.8753397464752197
[30,    10] loss: 0.328
[30,    20] loss: 0.287
[30,    30] loss: 0.320
[30,    40] loss: 0.260
[30,    50] loss: 0.288
[30,    60] loss: 0.305
[30,    70] loss: 0.304
[30,    80] loss: 0.278
[30,    90] loss: 0.330
[30,   100] loss: 0.316
[30,   110] loss: 0.315
[30,   120] loss: 0.365
[30,   130] loss: 0.356
[30,   140] loss: 0.332
[30,   150] loss: 0.378
[30,   160] loss: 0.366
[30,   170] loss: 0.344
[30,   180] loss: 0.341
[30,   190] loss: 0.333
[30,   200] loss: 0.317
[30,   210] loss: 0.300
[30,   220] loss: 0.394
[30,   230] loss: 0.293
[30,   240] loss: 0.303
[30,   250] loss: 0.258
[30,   260] loss: 0.286
[30,   270] loss: 0.316
[30,   280] loss: 0.305
[30,   290] loss: 0.269
[30,   300] loss: 0.336
[30,   310] loss: 0.326
[30,   320] loss: 0.294
[30,   330] loss: 0.296
[30,   340] loss: 0.357
[30,   350] loss: 0.302
[30,   360] loss: 0.278
[30,   370] loss: 0.319
[30,   380] loss: 0.356
[30,   390] loss: 0.305
[30,   400] loss: 0.292
VALIDATION loss: 2.4756064414978027
[31,    10] loss: 0.343
[31,    20] loss: 0.332
[31,    30] loss: 0.360
[31,    40] loss: 0.328
[31,    50] loss: 0.321
[31,    60] loss: 0.282
[31,    70] loss: 0.353
[31,    80] loss: 0.321
[31,    90] loss: 0.350
[31,   100] loss: 0.306
[31,   110] loss: 0.271
[31,   120] loss: 0.350
[31,   130] loss: 0.341
[31,   140] loss: 0.370
[31,   150] loss: 0.316
[31,   160] loss: 0.313
[31,   170] loss: 0.316
[31,   180] loss: 0.336
[31,   190] loss: 0.265
[31,   200] loss: 0.291
[31,   210] loss: 0.226
[31,   220] loss: 0.327
[31,   230] loss: 0.309
[31,   240] loss: 0.352
[31,   250] loss: 0.297
[31,   260] loss: 0.300
[31,   270] loss: 0.235
[31,   280] loss: 0.312
[31,   290] loss: 0.296
[31,   300] loss: 0.278
[31,   310] loss: 0.329
[31,   320] loss: 0.266
[31,   330] loss: 0.340
[31,   340] loss: 0.365
[31,   350] loss: 0.378
[31,   360] loss: 0.275
[31,   370] loss: 0.302
[31,   380] loss: 0.256
[31,   390] loss: 0.304
[31,   400] loss: 0.315
VALIDATION loss: 0.34202975034713745
[32,    10] loss: 0.273
[32,    20] loss: 0.371
[32,    30] loss: 0.251
[32,    40] loss: 0.310
[32,    50] loss: 0.295
[32,    60] loss: 0.299
[32,    70] loss: 0.314
[32,    80] loss: 0.349
[32,    90] loss: 0.353
[32,   100] loss: 0.365
[32,   110] loss: 0.268
[32,   120] loss: 0.269
[32,   130] loss: 0.248
[32,   140] loss: 0.284
[32,   150] loss: 0.311
[32,   160] loss: 0.258
[32,   170] loss: 0.290
[32,   180] loss: 0.259
[32,   190] loss: 0.295
[32,   200] loss: 0.283
[32,   210] loss: 0.311
[32,   220] loss: 0.320
[32,   230] loss: 0.322
[32,   240] loss: 0.278
[32,   250] loss: 0.363
[32,   260] loss: 0.330
[32,   270] loss: 0.343
[32,   280] loss: 0.294
[32,   290] loss: 0.300
[32,   300] loss: 0.285
[32,   310] loss: 0.279
[32,   320] loss: 0.362
[32,   330] loss: 0.353
[32,   340] loss: 0.325
[32,   350] loss: 0.359
[32,   360] loss: 0.346
[32,   370] loss: 0.359
[32,   380] loss: 0.353
[32,   390] loss: 0.342
[32,   400] loss: 0.338
VALIDATION loss: 0.2881231904029846
[33,    10] loss: 0.368
[33,    20] loss: 0.358
[33,    30] loss: 0.298
[33,    40] loss: 0.287
[33,    50] loss: 0.302
[33,    60] loss: 0.299
[33,    70] loss: 0.320
[33,    80] loss: 0.313
[33,    90] loss: 0.245
[33,   100] loss: 0.259
[33,   110] loss: 0.285
[33,   120] loss: 0.249
[33,   130] loss: 0.385
[33,   140] loss: 0.285
[33,   150] loss: 0.270
[33,   160] loss: 0.319
[33,   170] loss: 0.311
[33,   180] loss: 0.397
[33,   190] loss: 0.307
[33,   200] loss: 0.310
[33,   210] loss: 0.264
[33,   220] loss: 0.274
[33,   230] loss: 0.227
[33,   240] loss: 0.343
[33,   250] loss: 0.277
[33,   260] loss: 0.298
[33,   270] loss: 0.303
[33,   280] loss: 0.256
[33,   290] loss: 0.377
[33,   300] loss: 0.279
[33,   310] loss: 0.362
[33,   320] loss: 0.281
[33,   330] loss: 0.296
[33,   340] loss: 0.375
[33,   350] loss: 0.305
[33,   360] loss: 0.297
[33,   370] loss: 0.288
[33,   380] loss: 0.270
[33,   390] loss: 0.312
[33,   400] loss: 0.334
VALIDATION loss: 0.3632027506828308
[34,    10] loss: 0.289
[34,    20] loss: 0.325
[34,    30] loss: 0.269
[34,    40] loss: 0.285
[34,    50] loss: 0.289
[34,    60] loss: 0.277
[34,    70] loss: 0.307
[34,    80] loss: 0.311
[34,    90] loss: 0.314
[34,   100] loss: 0.276
[34,   110] loss: 0.303
[34,   120] loss: 0.272
[34,   130] loss: 0.311
[34,   140] loss: 0.245
[34,   150] loss: 0.293
[34,   160] loss: 0.251
[34,   170] loss: 0.330
[34,   180] loss: 0.273
[34,   190] loss: 0.286
[34,   200] loss: 0.281
[34,   210] loss: 0.307
[34,   220] loss: 0.250
[34,   230] loss: 0.315
[34,   240] loss: 0.258
[34,   250] loss: 0.325
[34,   260] loss: 0.268
[34,   270] loss: 0.251
[34,   280] loss: 0.277
[34,   290] loss: 0.313
[34,   300] loss: 0.328
[34,   310] loss: 0.306
[34,   320] loss: 0.344
[34,   330] loss: 0.269
[34,   340] loss: 0.293
[34,   350] loss: 0.360
[34,   360] loss: 0.337
[34,   370] loss: 0.286
[34,   380] loss: 0.325
[34,   390] loss: 0.306
[34,   400] loss: 0.318
VALIDATION loss: 0.9356892108917236
[35,    10] loss: 0.274
[35,    20] loss: 0.262
[35,    30] loss: 0.327
[35,    40] loss: 0.284
[35,    50] loss: 0.302
[35,    60] loss: 0.290
[35,    70] loss: 0.307
[35,    80] loss: 0.314
[35,    90] loss: 0.333
[35,   100] loss: 0.314
[35,   110] loss: 0.364
[35,   120] loss: 0.330
[35,   130] loss: 0.336
[35,   140] loss: 0.259
[35,   150] loss: 0.262
[35,   160] loss: 0.312
[35,   170] loss: 0.274
[35,   180] loss: 0.330
[35,   190] loss: 0.262
[35,   200] loss: 0.276
[35,   210] loss: 0.334
[35,   220] loss: 0.311
[35,   230] loss: 0.272
[35,   240] loss: 0.297
[35,   250] loss: 0.340
[35,   260] loss: 0.282
[35,   270] loss: 0.237
[35,   280] loss: 0.291
[35,   290] loss: 0.266
[35,   300] loss: 0.242
[35,   310] loss: 0.291
[35,   320] loss: 0.321
[35,   330] loss: 0.261
[35,   340] loss: 0.314
[35,   350] loss: 0.247
[35,   360] loss: 0.211
[35,   370] loss: 0.251
[35,   380] loss: 0.293
[35,   390] loss: 0.302
[35,   400] loss: 0.298
VALIDATION loss: 0.7632282376289368
[36,    10] loss: 0.296
[36,    20] loss: 0.286
[36,    30] loss: 0.257
[36,    40] loss: 0.263
[36,    50] loss: 0.235
[36,    60] loss: 0.270
[36,    70] loss: 0.328
[36,    80] loss: 0.298
[36,    90] loss: 0.247
[36,   100] loss: 0.233
[36,   110] loss: 0.293
[36,   120] loss: 0.296
[36,   130] loss: 0.285
[36,   140] loss: 0.319
[36,   150] loss: 0.277
[36,   160] loss: 0.255
[36,   170] loss: 0.262
[36,   180] loss: 0.397
[36,   190] loss: 0.332
[36,   200] loss: 0.261
[36,   210] loss: 0.297
[36,   220] loss: 0.251
[36,   230] loss: 0.293
[36,   240] loss: 0.247
[36,   250] loss: 0.296
[36,   260] loss: 0.259
[36,   270] loss: 0.311
[36,   280] loss: 0.297
[36,   290] loss: 0.239
[36,   300] loss: 0.346
[36,   310] loss: 0.281
[36,   320] loss: 0.248
[36,   330] loss: 0.226
[36,   340] loss: 0.309
[36,   350] loss: 0.344
[36,   360] loss: 0.258
[36,   370] loss: 0.298
[36,   380] loss: 0.222
[36,   390] loss: 0.308
[36,   400] loss: 0.247
VALIDATION loss: 3.487011432647705
[37,    10] loss: 0.294
[37,    20] loss: 0.300
[37,    30] loss: 0.225
[37,    40] loss: 0.218
[37,    50] loss: 0.277
[37,    60] loss: 0.317
[37,    70] loss: 0.292
[37,    80] loss: 0.287
[37,    90] loss: 0.240
[37,   100] loss: 0.270
[37,   110] loss: 0.337
[37,   120] loss: 0.276
[37,   130] loss: 0.283
[37,   140] loss: 0.240
[37,   150] loss: 0.240
[37,   160] loss: 0.274
[37,   170] loss: 0.273
[37,   180] loss: 0.217
[37,   190] loss: 0.243
[37,   200] loss: 0.180
[37,   210] loss: 0.270
[37,   220] loss: 0.295
[37,   230] loss: 0.182
[37,   240] loss: 0.289
[37,   250] loss: 0.281
[37,   260] loss: 0.257
[37,   270] loss: 0.211
[37,   280] loss: 0.332
[37,   290] loss: 0.262
[37,   300] loss: 0.297
[37,   310] loss: 0.321
[37,   320] loss: 0.373
[37,   330] loss: 0.257
[37,   340] loss: 0.241
[37,   350] loss: 0.305
[37,   360] loss: 0.226
[37,   370] loss: 0.266
[37,   380] loss: 0.278
[37,   390] loss: 0.241
[37,   400] loss: 0.286
VALIDATION loss: 0.2122366577386856
[38,    10] loss: 0.305
[38,    20] loss: 0.262
[38,    30] loss: 0.301
[38,    40] loss: 0.306
[38,    50] loss: 0.294
[38,    60] loss: 0.281
[38,    70] loss: 0.273
[38,    80] loss: 0.250
[38,    90] loss: 0.275
[38,   100] loss: 0.264
[38,   110] loss: 0.255
[38,   120] loss: 0.273
[38,   130] loss: 0.260
[38,   140] loss: 0.253
[38,   150] loss: 0.271
[38,   160] loss: 0.196
[38,   170] loss: 0.243
[38,   180] loss: 0.301
[38,   190] loss: 0.210
[38,   200] loss: 0.287
[38,   210] loss: 0.302
[38,   220] loss: 0.246
[38,   230] loss: 0.247
[38,   240] loss: 0.307
[38,   250] loss: 0.225
[38,   260] loss: 0.318
[38,   270] loss: 0.324
[38,   280] loss: 0.238
[38,   290] loss: 0.277
[38,   300] loss: 0.294
[38,   310] loss: 0.237
[38,   320] loss: 0.295
[38,   330] loss: 0.305
[38,   340] loss: 0.280
[38,   350] loss: 0.300
[38,   360] loss: 0.284
[38,   370] loss: 0.305
[38,   380] loss: 0.313
[38,   390] loss: 0.221
[38,   400] loss: 0.250
VALIDATION loss: 0.4919046461582184
[39,    10] loss: 0.296
[39,    20] loss: 0.290
[39,    30] loss: 0.252
[39,    40] loss: 0.263
[39,    50] loss: 0.306
[39,    60] loss: 0.231
[39,    70] loss: 0.318
[39,    80] loss: 0.276
[39,    90] loss: 0.305
[39,   100] loss: 0.311
[39,   110] loss: 0.275
[39,   120] loss: 0.274
[39,   130] loss: 0.294
[39,   140] loss: 0.245
[39,   150] loss: 0.272
[39,   160] loss: 0.304
[39,   170] loss: 0.258
[39,   180] loss: 0.316
[39,   190] loss: 0.313
[39,   200] loss: 0.248
[39,   210] loss: 0.228
[39,   220] loss: 0.237
[39,   230] loss: 0.230
[39,   240] loss: 0.259
[39,   250] loss: 0.229
[39,   260] loss: 0.273
[39,   270] loss: 0.243
[39,   280] loss: 0.288
[39,   290] loss: 0.265
[39,   300] loss: 0.300
[39,   310] loss: 0.317
[39,   320] loss: 0.319
[39,   330] loss: 0.292
[39,   340] loss: 0.306
[39,   350] loss: 0.251
[39,   360] loss: 0.180
[39,   370] loss: 0.250
[39,   380] loss: 0.209
[39,   390] loss: 0.285
[39,   400] loss: 0.225
VALIDATION loss: 0.2223212569952011
[40,    10] loss: 0.232
[40,    20] loss: 0.262
[40,    30] loss: 0.327
[40,    40] loss: 0.235
[40,    50] loss: 0.230
[40,    60] loss: 0.246
[40,    70] loss: 0.247
[40,    80] loss: 0.266
[40,    90] loss: 0.217
[40,   100] loss: 0.213
[40,   110] loss: 0.302
[40,   120] loss: 0.263
[40,   130] loss: 0.298
[40,   140] loss: 0.287
[40,   150] loss: 0.237
[40,   160] loss: 0.228
[40,   170] loss: 0.265
[40,   180] loss: 0.236
[40,   190] loss: 0.341
[40,   200] loss: 0.312
[40,   210] loss: 0.241
[40,   220] loss: 0.302
[40,   230] loss: 0.330
[40,   240] loss: 0.265
[40,   250] loss: 0.257
[40,   260] loss: 0.229
[40,   270] loss: 0.227
[40,   280] loss: 0.246
[40,   290] loss: 0.285
[40,   300] loss: 0.253
[40,   310] loss: 0.282
[40,   320] loss: 0.257
[40,   330] loss: 0.330
[40,   340] loss: 0.353
[40,   350] loss: 0.279
[40,   360] loss: 0.265
[40,   370] loss: 0.271
[40,   380] loss: 0.319
[40,   390] loss: 0.288
[40,   400] loss: 0.223
VALIDATION loss: 0.2774430215358734
[41,    10] loss: 0.268
[41,    20] loss: 0.246
[41,    30] loss: 0.268
[41,    40] loss: 0.265
[41,    50] loss: 0.242
[41,    60] loss: 0.252
[41,    70] loss: 0.261
[41,    80] loss: 0.279
[41,    90] loss: 0.308
[41,   100] loss: 0.224
[41,   110] loss: 0.270
[41,   120] loss: 0.290
[41,   130] loss: 0.292
[41,   140] loss: 0.256
[41,   150] loss: 0.274
[41,   160] loss: 0.276
[41,   170] loss: 0.269
[41,   180] loss: 0.232
[41,   190] loss: 0.204
[41,   200] loss: 0.231
[41,   210] loss: 0.241
[41,   220] loss: 0.207
[41,   230] loss: 0.245
[41,   240] loss: 0.316
[41,   250] loss: 0.196
[41,   260] loss: 0.215
[41,   270] loss: 0.232
[41,   280] loss: 0.200
[41,   290] loss: 0.277
[41,   300] loss: 0.219
[41,   310] loss: 0.236
[41,   320] loss: 0.264
[41,   330] loss: 0.295
[41,   340] loss: 0.234
[41,   350] loss: 0.229
[41,   360] loss: 0.218
[41,   370] loss: 0.316
[41,   380] loss: 0.229
[41,   390] loss: 0.254
[41,   400] loss: 0.232
VALIDATION loss: 0.2628711462020874
[42,    10] loss: 0.277
[42,    20] loss: 0.213
[42,    30] loss: 0.302
[42,    40] loss: 0.270
[42,    50] loss: 0.280
[42,    60] loss: 0.224
[42,    70] loss: 0.280
[42,    80] loss: 0.235
[42,    90] loss: 0.299
[42,   100] loss: 0.224
[42,   110] loss: 0.225
[42,   120] loss: 0.255
[42,   130] loss: 0.248
[42,   140] loss: 0.199
[42,   150] loss: 0.196
[42,   160] loss: 0.215
[42,   170] loss: 0.261
[42,   180] loss: 0.258
[42,   190] loss: 0.298
[42,   200] loss: 0.255
[42,   210] loss: 0.308
[42,   220] loss: 0.229
[42,   230] loss: 0.244
[42,   240] loss: 0.235
[42,   250] loss: 0.290
[42,   260] loss: 0.254
[42,   270] loss: 0.261
[42,   280] loss: 0.340
[42,   290] loss: 0.240
[42,   300] loss: 0.225
[42,   310] loss: 0.257
[42,   320] loss: 0.258
[42,   330] loss: 0.276
[42,   340] loss: 0.206
[42,   350] loss: 0.221
[42,   360] loss: 0.237
[42,   370] loss: 0.285
[42,   380] loss: 0.291
[42,   390] loss: 0.277
[42,   400] loss: 0.255
VALIDATION loss: 0.25893354415893555
[43,    10] loss: 0.231
[43,    20] loss: 0.278
[43,    30] loss: 0.212
[43,    40] loss: 0.241
[43,    50] loss: 0.222
[43,    60] loss: 0.254
[43,    70] loss: 0.284
[43,    80] loss: 0.204
[43,    90] loss: 0.232
[43,   100] loss: 0.248
[43,   110] loss: 0.225
[43,   120] loss: 0.231
[43,   130] loss: 0.269
[43,   140] loss: 0.254
[43,   150] loss: 0.263
[43,   160] loss: 0.241
[43,   170] loss: 0.233
[43,   180] loss: 0.244
[43,   190] loss: 0.255
[43,   200] loss: 0.306
[43,   210] loss: 0.297
[43,   220] loss: 0.303
[43,   230] loss: 0.256
[43,   240] loss: 0.265
[43,   250] loss: 0.259
[43,   260] loss: 0.285
[43,   270] loss: 0.277
[43,   280] loss: 0.238
[43,   290] loss: 0.224
[43,   300] loss: 0.226
[43,   310] loss: 0.249
[43,   320] loss: 0.217
[43,   330] loss: 0.273
[43,   340] loss: 0.342
[43,   350] loss: 0.300
[43,   360] loss: 0.257
[43,   370] loss: 0.315
[43,   380] loss: 0.313
[43,   390] loss: 0.284
[43,   400] loss: 0.212
VALIDATION loss: 0.25817734003067017
[44,    10] loss: 0.216
[44,    20] loss: 0.265
[44,    30] loss: 0.240
[44,    40] loss: 0.245
[44,    50] loss: 0.252
[44,    60] loss: 0.320
[44,    70] loss: 0.239
[44,    80] loss: 0.291
[44,    90] loss: 0.273
[44,   100] loss: 0.305
[44,   110] loss: 0.245
[44,   120] loss: 0.384
[44,   130] loss: 0.337
[44,   140] loss: 0.246
[44,   150] loss: 0.252
[44,   160] loss: 0.243
[44,   170] loss: 0.195
[44,   180] loss: 0.194
[44,   190] loss: 0.239
[44,   200] loss: 0.247
[44,   210] loss: 0.254
[44,   220] loss: 0.252
[44,   230] loss: 0.250
[44,   240] loss: 0.227
[44,   250] loss: 0.268
[44,   260] loss: 0.271
[44,   270] loss: 0.286
[44,   280] loss: 0.213
[44,   290] loss: 0.229
[44,   300] loss: 0.328
[44,   310] loss: 0.250
[44,   320] loss: 0.282
[44,   330] loss: 0.252
[44,   340] loss: 0.219
[44,   350] loss: 0.225
[44,   360] loss: 0.284
[44,   370] loss: 0.258
[44,   380] loss: 0.220
[44,   390] loss: 0.249
[44,   400] loss: 0.193
VALIDATION loss: 0.8863837718963623
[45,    10] loss: 0.230
[45,    20] loss: 0.260
[45,    30] loss: 0.262
[45,    40] loss: 0.276
[45,    50] loss: 0.207
[45,    60] loss: 0.248
[45,    70] loss: 0.239
[45,    80] loss: 0.292
[45,    90] loss: 0.283
[45,   100] loss: 0.270
[45,   110] loss: 0.255
[45,   120] loss: 0.259
[45,   130] loss: 0.250
[45,   140] loss: 0.281
[45,   150] loss: 0.267
[45,   160] loss: 0.310
[45,   170] loss: 0.228
[45,   180] loss: 0.251
[45,   190] loss: 0.275
[45,   200] loss: 0.251
[45,   210] loss: 0.262
[45,   220] loss: 0.262
[45,   230] loss: 0.208
[45,   240] loss: 0.226
[45,   250] loss: 0.262
[45,   260] loss: 0.238
[45,   270] loss: 0.248
[45,   280] loss: 0.233
[45,   290] loss: 0.225
[45,   300] loss: 0.219
[45,   310] loss: 0.225
[45,   320] loss: 0.238
[45,   330] loss: 0.294
[45,   340] loss: 0.226
[45,   350] loss: 0.250
[45,   360] loss: 0.206
[45,   370] loss: 0.233
[45,   380] loss: 0.214
[45,   390] loss: 0.225
[45,   400] loss: 0.219
VALIDATION loss: 0.22221559286117554
[46,    10] loss: 0.272
[46,    20] loss: 0.251
[46,    30] loss: 0.246
[46,    40] loss: 0.295
[46,    50] loss: 0.213
[46,    60] loss: 0.212
[46,    70] loss: 0.204
[46,    80] loss: 0.175
[46,    90] loss: 0.212
[46,   100] loss: 0.240
[46,   110] loss: 0.214
[46,   120] loss: 0.197
[46,   130] loss: 0.202
[46,   140] loss: 0.273
[46,   150] loss: 0.219
[46,   160] loss: 0.266
[46,   170] loss: 0.245
[46,   180] loss: 0.237
[46,   190] loss: 0.194
[46,   200] loss: 0.254
[46,   210] loss: 0.281
[46,   220] loss: 0.244
[46,   230] loss: 0.251
[46,   240] loss: 0.265
[46,   250] loss: 0.252
[46,   260] loss: 0.280
[46,   270] loss: 0.215
[46,   280] loss: 0.247
[46,   290] loss: 0.216
[46,   300] loss: 0.198
[46,   310] loss: 0.221
[46,   320] loss: 0.223
[46,   330] loss: 0.225
[46,   340] loss: 0.290
[46,   350] loss: 0.247
[46,   360] loss: 0.276
[46,   370] loss: 0.205
[46,   380] loss: 0.235
[46,   390] loss: 0.217
[46,   400] loss: 0.266
VALIDATION loss: 3.437577724456787
[47,    10] loss: 0.271
[47,    20] loss: 0.187
[47,    30] loss: 0.295
[47,    40] loss: 0.224
[47,    50] loss: 0.204
[47,    60] loss: 0.196
[47,    70] loss: 0.212
[47,    80] loss: 0.297
[47,    90] loss: 0.241
[47,   100] loss: 0.235
[47,   110] loss: 0.249
[47,   120] loss: 0.305
[47,   130] loss: 0.225
[47,   140] loss: 0.248
[47,   150] loss: 0.236
[47,   160] loss: 0.218
[47,   170] loss: 0.220
[47,   180] loss: 0.260
[47,   190] loss: 0.228
[47,   200] loss: 0.261
[47,   210] loss: 0.198
[47,   220] loss: 0.272
[47,   230] loss: 0.193
[47,   240] loss: 0.243
[47,   250] loss: 0.258
[47,   260] loss: 0.238
[47,   270] loss: 0.275
[47,   280] loss: 0.199
[47,   290] loss: 0.243
[47,   300] loss: 0.221
[47,   310] loss: 0.258
[47,   320] loss: 0.246
[47,   330] loss: 0.231
[47,   340] loss: 0.196
[47,   350] loss: 0.250
[47,   360] loss: 0.258
[47,   370] loss: 0.219
[47,   380] loss: 0.296
[47,   390] loss: 0.211
[47,   400] loss: 0.295
VALIDATION loss: 0.20893919467926025
[48,    10] loss: 0.223
[48,    20] loss: 0.224
[48,    30] loss: 0.244
[48,    40] loss: 0.255
[48,    50] loss: 0.244
[48,    60] loss: 0.260
[48,    70] loss: 0.269
[48,    80] loss: 0.213
[48,    90] loss: 0.235
[48,   100] loss: 0.217
[48,   110] loss: 0.226
[48,   120] loss: 0.213
[48,   130] loss: 0.293
[48,   140] loss: 0.233
[48,   150] loss: 0.292
[48,   160] loss: 0.229
[48,   170] loss: 0.265
[48,   180] loss: 0.271
[48,   190] loss: 0.250
[48,   200] loss: 0.204
[48,   210] loss: 0.249
[48,   220] loss: 0.198
[48,   230] loss: 0.221
[48,   240] loss: 0.295
[48,   250] loss: 0.225
[48,   260] loss: 0.290
[48,   270] loss: 0.209
[48,   280] loss: 0.211
[48,   290] loss: 0.234
[48,   300] loss: 0.186
[48,   310] loss: 0.219
[48,   320] loss: 0.198
[48,   330] loss: 0.226
[48,   340] loss: 0.214
[48,   350] loss: 0.224
[48,   360] loss: 0.232
[48,   370] loss: 0.238
[48,   380] loss: 0.259
[48,   390] loss: 0.223
[48,   400] loss: 0.185
VALIDATION loss: 0.20469197630882263
[49,    10] loss: 0.185
[49,    20] loss: 0.231
[49,    30] loss: 0.258
[49,    40] loss: 0.239
[49,    50] loss: 0.271
[49,    60] loss: 0.267
[49,    70] loss: 0.234
[49,    80] loss: 0.189
[49,    90] loss: 0.234
[49,   100] loss: 0.240
[49,   110] loss: 0.258
[49,   120] loss: 0.257
[49,   130] loss: 0.223
[49,   140] loss: 0.205
[49,   150] loss: 0.215
[49,   160] loss: 0.244
[49,   170] loss: 0.229
[49,   180] loss: 0.259
[49,   190] loss: 0.192
[49,   200] loss: 0.228
[49,   210] loss: 0.214
[49,   220] loss: 0.242
[49,   230] loss: 0.248
[49,   240] loss: 0.236
[49,   250] loss: 0.184
[49,   260] loss: 0.238
[49,   270] loss: 0.241
[49,   280] loss: 0.254
[49,   290] loss: 0.252
[49,   300] loss: 0.178
[49,   310] loss: 0.199
[49,   320] loss: 0.219
[49,   330] loss: 0.194
[49,   340] loss: 0.206
[49,   350] loss: 0.230
[49,   360] loss: 0.257
[49,   370] loss: 0.231
[49,   380] loss: 0.256
[49,   390] loss: 0.210
[49,   400] loss: 0.245
VALIDATION loss: 0.4065339267253876
[50,    10] loss: 0.193
[50,    20] loss: 0.218
[50,    30] loss: 0.285
[50,    40] loss: 0.211
[50,    50] loss: 0.181
[50,    60] loss: 0.208
[50,    70] loss: 0.211
[50,    80] loss: 0.198
[50,    90] loss: 0.291
[50,   100] loss: 0.234
[50,   110] loss: 0.218
[50,   120] loss: 0.214
[50,   130] loss: 0.239
[50,   140] loss: 0.197
[50,   150] loss: 0.239
[50,   160] loss: 0.230
[50,   170] loss: 0.225
[50,   180] loss: 0.248
[50,   190] loss: 0.302
[50,   200] loss: 0.210
[50,   210] loss: 0.186
[50,   220] loss: 0.220
[50,   230] loss: 0.240
[50,   240] loss: 0.196
[50,   250] loss: 0.240
[50,   260] loss: 0.196
[50,   270] loss: 0.240
[50,   280] loss: 0.179
[50,   290] loss: 0.164
[50,   300] loss: 0.258
[50,   310] loss: 0.235
[50,   320] loss: 0.220
[50,   330] loss: 0.191
[50,   340] loss: 0.271
[50,   350] loss: 0.271
[50,   360] loss: 0.255
[50,   370] loss: 0.239
[50,   380] loss: 0.267
[50,   390] loss: 0.210
[50,   400] loss: 0.199
VALIDATION loss: 0.1844312697649002
[51,    10] loss: 0.183
[51,    20] loss: 0.157
[51,    30] loss: 0.214
[51,    40] loss: 0.216
[51,    50] loss: 0.264
[51,    60] loss: 0.221
[51,    70] loss: 0.214
[51,    80] loss: 0.241
[51,    90] loss: 0.222
[51,   100] loss: 0.244
[51,   110] loss: 0.233
[51,   120] loss: 0.213
[51,   130] loss: 0.252
[51,   140] loss: 0.224
[51,   150] loss: 0.208
[51,   160] loss: 0.232
[51,   170] loss: 0.213
[51,   180] loss: 0.236
[51,   190] loss: 0.213
[51,   200] loss: 0.228
[51,   210] loss: 0.243
[51,   220] loss: 0.221
[51,   230] loss: 0.198
[51,   240] loss: 0.197
[51,   250] loss: 0.285
[51,   260] loss: 0.199
[51,   270] loss: 0.224
[51,   280] loss: 0.227
[51,   290] loss: 0.230
[51,   300] loss: 0.217
[51,   310] loss: 0.196
[51,   320] loss: 0.181
[51,   330] loss: 0.222
[51,   340] loss: 0.186
[51,   350] loss: 0.202
[51,   360] loss: 0.209
[51,   370] loss: 0.231
[51,   380] loss: 0.202
[51,   390] loss: 0.235
[51,   400] loss: 0.205
VALIDATION loss: 0.23030199110507965
[52,    10] loss: 0.175
[52,    20] loss: 0.196
[52,    30] loss: 0.258
[52,    40] loss: 0.222
[52,    50] loss: 0.203
[52,    60] loss: 0.248
[52,    70] loss: 0.231
[52,    80] loss: 0.209
[52,    90] loss: 0.203
[52,   100] loss: 0.214
[52,   110] loss: 0.195
[52,   120] loss: 0.207
[52,   130] loss: 0.198
[52,   140] loss: 0.204
[52,   150] loss: 0.203
[52,   160] loss: 0.197
[52,   170] loss: 0.219
[52,   180] loss: 0.211
[52,   190] loss: 0.242
[52,   200] loss: 0.200
[52,   210] loss: 0.279
[52,   220] loss: 0.237
[52,   230] loss: 0.228
[52,   240] loss: 0.251
[52,   250] loss: 0.221
[52,   260] loss: 0.180
[52,   270] loss: 0.201
[52,   280] loss: 0.166
[52,   290] loss: 0.194
[52,   300] loss: 0.260
[52,   310] loss: 0.235
[52,   320] loss: 0.286
[52,   330] loss: 0.222
[52,   340] loss: 0.208
[52,   350] loss: 0.221
[52,   360] loss: 0.256
[52,   370] loss: 0.226
[52,   380] loss: 0.228
[52,   390] loss: 0.244
[52,   400] loss: 0.234
VALIDATION loss: 1.0374292135238647
[53,    10] loss: 0.213
[53,    20] loss: 0.246
[53,    30] loss: 0.210
[53,    40] loss: 0.252
[53,    50] loss: 0.220
[53,    60] loss: 0.229
[53,    70] loss: 0.238
[53,    80] loss: 0.219
[53,    90] loss: 0.205
[53,   100] loss: 0.173
[53,   110] loss: 0.222
[53,   120] loss: 0.284
[53,   130] loss: 0.290
[53,   140] loss: 0.229
[53,   150] loss: 0.235
[53,   160] loss: 0.186
[53,   170] loss: 0.245
[53,   180] loss: 0.198
[53,   190] loss: 0.265
[53,   200] loss: 0.240
[53,   210] loss: 0.178
[53,   220] loss: 0.218
[53,   230] loss: 0.242
[53,   240] loss: 0.230
[53,   250] loss: 0.225
[53,   260] loss: 0.187
[53,   270] loss: 0.234
[53,   280] loss: 0.247
[53,   290] loss: 0.262
[53,   300] loss: 0.226
[53,   310] loss: 0.227
[53,   320] loss: 0.282
[53,   330] loss: 0.264
[53,   340] loss: 0.219
[53,   350] loss: 0.252
[53,   360] loss: 0.302
[53,   370] loss: 0.192
[53,   380] loss: 0.215
[53,   390] loss: 0.252
[53,   400] loss: 0.228
VALIDATION loss: 0.21481654047966003
[54,    10] loss: 0.216
[54,    20] loss: 0.251
[54,    30] loss: 0.187
[54,    40] loss: 0.210
[54,    50] loss: 0.221
[54,    60] loss: 0.209
[54,    70] loss: 0.246
[54,    80] loss: 0.248
[54,    90] loss: 0.224
[54,   100] loss: 0.211
[54,   110] loss: 0.214
[54,   120] loss: 0.205
[54,   130] loss: 0.156
[54,   140] loss: 0.178
[54,   150] loss: 0.240
[54,   160] loss: 0.185
[54,   170] loss: 0.234
[54,   180] loss: 0.162
[54,   190] loss: 0.187
[54,   200] loss: 0.196
[54,   210] loss: 0.166
[54,   220] loss: 0.191
[54,   230] loss: 0.216
[54,   240] loss: 0.195
[54,   250] loss: 0.211
[54,   260] loss: 0.242
[54,   270] loss: 0.222
[54,   280] loss: 0.212
[54,   290] loss: 0.231
[54,   300] loss: 0.232
[54,   310] loss: 0.229
[54,   320] loss: 0.209
[54,   330] loss: 0.221
[54,   340] loss: 0.240
[54,   350] loss: 0.205
[54,   360] loss: 0.228
[54,   370] loss: 0.248
[54,   380] loss: 0.217
[54,   390] loss: 0.230
[54,   400] loss: 0.223
VALIDATION loss: 0.4833114743232727
[55,    10] loss: 0.230
[55,    20] loss: 0.152
[55,    30] loss: 0.205
[55,    40] loss: 0.184
[55,    50] loss: 0.222
[55,    60] loss: 0.230
[55,    70] loss: 0.226
[55,    80] loss: 0.219
[55,    90] loss: 0.190
[55,   100] loss: 0.233
[55,   110] loss: 0.250
[55,   120] loss: 0.226
[55,   130] loss: 0.169
[55,   140] loss: 0.183
[55,   150] loss: 0.233
[55,   160] loss: 0.242
[55,   170] loss: 0.213
[55,   180] loss: 0.198
[55,   190] loss: 0.225
[55,   200] loss: 0.221
[55,   210] loss: 0.197
[55,   220] loss: 0.225
[55,   230] loss: 0.218
[55,   240] loss: 0.297
[55,   250] loss: 0.222
[55,   260] loss: 0.265
[55,   270] loss: 0.223
[55,   280] loss: 0.267
[55,   290] loss: 0.234
[55,   300] loss: 0.177
[55,   310] loss: 0.218
[55,   320] loss: 0.228
[55,   330] loss: 0.188
[55,   340] loss: 0.183
[55,   350] loss: 0.209
[55,   360] loss: 0.198
[55,   370] loss: 0.246
[55,   380] loss: 0.218
[55,   390] loss: 0.220
[55,   400] loss: 0.250
VALIDATION loss: 1.0897136926651
[56,    10] loss: 0.201
[56,    20] loss: 0.189
[56,    30] loss: 0.188
[56,    40] loss: 0.209
[56,    50] loss: 0.203
[56,    60] loss: 0.218
[56,    70] loss: 0.212
[56,    80] loss: 0.186
[56,    90] loss: 0.223
[56,   100] loss: 0.216
[56,   110] loss: 0.200
[56,   120] loss: 0.225
[56,   130] loss: 0.198
[56,   140] loss: 0.240
[56,   150] loss: 0.249
[56,   160] loss: 0.187
[56,   170] loss: 0.205
[56,   180] loss: 0.255
[56,   190] loss: 0.244
[56,   200] loss: 0.235
[56,   210] loss: 0.299
[56,   220] loss: 0.224
[56,   230] loss: 0.217
[56,   240] loss: 0.215
[56,   250] loss: 0.199
[56,   260] loss: 0.242
[56,   270] loss: 0.255
[56,   280] loss: 0.222
[56,   290] loss: 0.200
[56,   300] loss: 0.205
[56,   310] loss: 0.188
[56,   320] loss: 0.235
[56,   330] loss: 0.209
[56,   340] loss: 0.200
[56,   350] loss: 0.190
[56,   360] loss: 0.212
[56,   370] loss: 0.216
[56,   380] loss: 0.186
[56,   390] loss: 0.214
[56,   400] loss: 0.178
VALIDATION loss: 0.5590308904647827
[57,    10] loss: 0.181
[57,    20] loss: 0.226
[57,    30] loss: 0.247
[57,    40] loss: 0.197
[57,    50] loss: 0.251
[57,    60] loss: 0.257
[57,    70] loss: 0.242
[57,    80] loss: 0.215
[57,    90] loss: 0.204
[57,   100] loss: 0.228
[57,   110] loss: 0.243
[57,   120] loss: 0.200
[57,   130] loss: 0.195
[57,   140] loss: 0.224
[57,   150] loss: 0.261
[57,   160] loss: 0.217
[57,   170] loss: 0.214
[57,   180] loss: 0.192
[57,   190] loss: 0.159
[57,   200] loss: 0.194
[57,   210] loss: 0.171
[57,   220] loss: 0.176
[57,   230] loss: 0.232
[57,   240] loss: 0.219
[57,   250] loss: 0.219
[57,   260] loss: 0.175
[57,   270] loss: 0.280
[57,   280] loss: 0.196
[57,   290] loss: 0.193
[57,   300] loss: 0.191
[57,   310] loss: 0.219
[57,   320] loss: 0.234
[57,   330] loss: 0.177
[57,   340] loss: 0.206
[57,   350] loss: 0.244
[57,   360] loss: 0.199
[57,   370] loss: 0.223
[57,   380] loss: 0.191
[57,   390] loss: 0.279
[57,   400] loss: 0.178
VALIDATION loss: 0.19869858026504517
[58,    10] loss: 0.172
[58,    20] loss: 0.243
[58,    30] loss: 0.228
[58,    40] loss: 0.194
[58,    50] loss: 0.191
[58,    60] loss: 0.157
[58,    70] loss: 0.205
[58,    80] loss: 0.173
[58,    90] loss: 0.190
[58,   100] loss: 0.178
[58,   110] loss: 0.284
[58,   120] loss: 0.200
[58,   130] loss: 0.166
[58,   140] loss: 0.212
[58,   150] loss: 0.212
[58,   160] loss: 0.170
[58,   170] loss: 0.214
[58,   180] loss: 0.225
[58,   190] loss: 0.232
[58,   200] loss: 0.184
[58,   210] loss: 0.202
[58,   220] loss: 0.187
[58,   230] loss: 0.215
[58,   240] loss: 0.227
[58,   250] loss: 0.228
[58,   260] loss: 0.201
[58,   270] loss: 0.265
[58,   280] loss: 0.152
[58,   290] loss: 0.191
[58,   300] loss: 0.200
[58,   310] loss: 0.224
[58,   320] loss: 0.197
[58,   330] loss: 0.200
[58,   340] loss: 0.186
[58,   350] loss: 0.230
[58,   360] loss: 0.204
[58,   370] loss: 0.227
[58,   380] loss: 0.220
[58,   390] loss: 0.267
[58,   400] loss: 0.201
VALIDATION loss: 0.4551405608654022
[59,    10] loss: 0.204
[59,    20] loss: 0.231
[59,    30] loss: 0.222
[59,    40] loss: 0.192
[59,    50] loss: 0.249
[59,    60] loss: 0.195
[59,    70] loss: 0.209
[59,    80] loss: 0.224
[59,    90] loss: 0.184
[59,   100] loss: 0.209
[59,   110] loss: 0.190
[59,   120] loss: 0.232
[59,   130] loss: 0.224
[59,   140] loss: 0.259
[59,   150] loss: 0.147
[59,   160] loss: 0.220
[59,   170] loss: 0.218
[59,   180] loss: 0.224
[59,   190] loss: 0.170
[59,   200] loss: 0.202
[59,   210] loss: 0.179
[59,   220] loss: 0.245
[59,   230] loss: 0.166
[59,   240] loss: 0.194
[59,   250] loss: 0.191
[59,   260] loss: 0.202
[59,   270] loss: 0.169
[59,   280] loss: 0.200
[59,   290] loss: 0.237
[59,   300] loss: 0.227
[59,   310] loss: 0.245
[59,   320] loss: 0.186
[59,   330] loss: 0.186
[59,   340] loss: 0.197
[59,   350] loss: 0.241
[59,   360] loss: 0.197
[59,   370] loss: 0.194
[59,   380] loss: 0.236
[59,   390] loss: 0.192
[59,   400] loss: 0.179
VALIDATION loss: 0.30544742941856384
[60,    10] loss: 0.191
[60,    20] loss: 0.231
[60,    30] loss: 0.195
[60,    40] loss: 0.165
[60,    50] loss: 0.216
[60,    60] loss: 0.191
[60,    70] loss: 0.191
[60,    80] loss: 0.228
[60,    90] loss: 0.210
[60,   100] loss: 0.249
[60,   110] loss: 0.181
[60,   120] loss: 0.195
[60,   130] loss: 0.187
[60,   140] loss: 0.155
[60,   150] loss: 0.224
[60,   160] loss: 0.243
[60,   170] loss: 0.242
[60,   180] loss: 0.224
[60,   190] loss: 0.189
[60,   200] loss: 0.214
[60,   210] loss: 0.162
[60,   220] loss: 0.213
[60,   230] loss: 0.256
[60,   240] loss: 0.254
[60,   250] loss: 0.213
[60,   260] loss: 0.198
[60,   270] loss: 0.227
[60,   280] loss: 0.197
[60,   290] loss: 0.218
[60,   300] loss: 0.193
[60,   310] loss: 0.208
[60,   320] loss: 0.177
[60,   330] loss: 0.192
[60,   340] loss: 0.168
[60,   350] loss: 0.196
[60,   360] loss: 0.169
[60,   370] loss: 0.199
[60,   380] loss: 0.225
[60,   390] loss: 0.231
[60,   400] loss: 0.230
VALIDATION loss: 0.30915963649749756
[61,    10] loss: 0.214
[61,    20] loss: 0.221
[61,    30] loss: 0.170
[61,    40] loss: 0.209
[61,    50] loss: 0.206
[61,    60] loss: 0.169
[61,    70] loss: 0.218
[61,    80] loss: 0.210
[61,    90] loss: 0.169
[61,   100] loss: 0.216
[61,   110] loss: 0.266
[61,   120] loss: 0.213
[61,   130] loss: 0.228
[61,   140] loss: 0.209
[61,   150] loss: 0.245
[61,   160] loss: 0.211
[61,   170] loss: 0.170
[61,   180] loss: 0.189
[61,   190] loss: 0.246
[61,   200] loss: 0.188
[61,   210] loss: 0.237
[61,   220] loss: 0.159
[61,   230] loss: 0.215
[61,   240] loss: 0.211
[61,   250] loss: 0.151
[61,   260] loss: 0.184
[61,   270] loss: 0.181
[61,   280] loss: 0.201
[61,   290] loss: 0.190
[61,   300] loss: 0.202
[61,   310] loss: 0.169
[61,   320] loss: 0.204
[61,   330] loss: 0.233
[61,   340] loss: 0.180
[61,   350] loss: 0.210
[61,   360] loss: 0.225
[61,   370] loss: 0.176
[61,   380] loss: 0.158
[61,   390] loss: 0.204
[61,   400] loss: 0.216
VALIDATION loss: 0.21632616221904755
[62,    10] loss: 0.174
[62,    20] loss: 0.183
[62,    30] loss: 0.192
[62,    40] loss: 0.163
[62,    50] loss: 0.249
[62,    60] loss: 0.198
[62,    70] loss: 0.170
[62,    80] loss: 0.251
[62,    90] loss: 0.167
[62,   100] loss: 0.202
[62,   110] loss: 0.235
[62,   120] loss: 0.212
[62,   130] loss: 0.265
[62,   140] loss: 0.143
[62,   150] loss: 0.171
[62,   160] loss: 0.221
[62,   170] loss: 0.163
[62,   180] loss: 0.222
[62,   190] loss: 0.187
[62,   200] loss: 0.167
[62,   210] loss: 0.285
[62,   220] loss: 0.242
[62,   230] loss: 0.192
[62,   240] loss: 0.241
[62,   250] loss: 0.182
[62,   260] loss: 0.228
[62,   270] loss: 0.214
[62,   280] loss: 0.269
[62,   290] loss: 0.174
[62,   300] loss: 0.194
[62,   310] loss: 0.149
[62,   320] loss: 0.145
[62,   330] loss: 0.244
[62,   340] loss: 0.212
[62,   350] loss: 0.228
[62,   360] loss: 0.190
[62,   370] loss: 0.196
[62,   380] loss: 0.222
[62,   390] loss: 0.193
[62,   400] loss: 0.200
VALIDATION loss: 0.17484280467033386
[63,    10] loss: 0.188
[63,    20] loss: 0.227
[63,    30] loss: 0.173
[63,    40] loss: 0.166
[63,    50] loss: 0.228
[63,    60] loss: 0.231
[63,    70] loss: 0.229
[63,    80] loss: 0.202
[63,    90] loss: 0.212
[63,   100] loss: 0.169
[63,   110] loss: 0.195
[63,   120] loss: 0.187
[63,   130] loss: 0.198
[63,   140] loss: 0.239
[63,   150] loss: 0.171
[63,   160] loss: 0.177
[63,   170] loss: 0.170
[63,   180] loss: 0.182
[63,   190] loss: 0.205
[63,   200] loss: 0.182
[63,   210] loss: 0.194
[63,   220] loss: 0.168
[63,   230] loss: 0.215
[63,   240] loss: 0.170
[63,   250] loss: 0.213
[63,   260] loss: 0.175
[63,   270] loss: 0.181
[63,   280] loss: 0.150
[63,   290] loss: 0.228
[63,   300] loss: 0.207
[63,   310] loss: 0.240
[63,   320] loss: 0.232
[63,   330] loss: 0.247
[63,   340] loss: 0.207
[63,   350] loss: 0.253
[63,   360] loss: 0.225
[63,   370] loss: 0.162
[63,   380] loss: 0.225
[63,   390] loss: 0.149
[63,   400] loss: 0.239
VALIDATION loss: 0.1942203938961029
[64,    10] loss: 0.195
[64,    20] loss: 0.218
[64,    30] loss: 0.202
[64,    40] loss: 0.200
[64,    50] loss: 0.190
[64,    60] loss: 0.206
[64,    70] loss: 0.232
[64,    80] loss: 0.219
[64,    90] loss: 0.192
[64,   100] loss: 0.168
[64,   110] loss: 0.203
[64,   120] loss: 0.251
[64,   130] loss: 0.172
[64,   140] loss: 0.161
[64,   150] loss: 0.185
[64,   160] loss: 0.195
[64,   170] loss: 0.223
[64,   180] loss: 0.190
[64,   190] loss: 0.209
[64,   200] loss: 0.171
[64,   210] loss: 0.196
[64,   220] loss: 0.217
[64,   230] loss: 0.201
[64,   240] loss: 0.199
[64,   250] loss: 0.200
[64,   260] loss: 0.201
[64,   270] loss: 0.144
[64,   280] loss: 0.158
[64,   290] loss: 0.218
[64,   300] loss: 0.140
[64,   310] loss: 0.203
[64,   320] loss: 0.161
[64,   330] loss: 0.238
[64,   340] loss: 0.179
[64,   350] loss: 0.214
[64,   360] loss: 0.207
[64,   370] loss: 0.239
[64,   380] loss: 0.208
[64,   390] loss: 0.195
[64,   400] loss: 0.196
VALIDATION loss: 1.643447756767273
[65,    10] loss: 0.195
[65,    20] loss: 0.241
[65,    30] loss: 0.184
[65,    40] loss: 0.196
[65,    50] loss: 0.197
[65,    60] loss: 0.209
[65,    70] loss: 0.197
[65,    80] loss: 0.176
[65,    90] loss: 0.167
[65,   100] loss: 0.149
[65,   110] loss: 0.195
[65,   120] loss: 0.175
[65,   130] loss: 0.183
[65,   140] loss: 0.162
[65,   150] loss: 0.204
[65,   160] loss: 0.207
[65,   170] loss: 0.205
[65,   180] loss: 0.160
[65,   190] loss: 0.193
[65,   200] loss: 0.171
[65,   210] loss: 0.201
[65,   220] loss: 0.252
[65,   230] loss: 0.191
[65,   240] loss: 0.212
[65,   250] loss: 0.157
[65,   260] loss: 0.198
[65,   270] loss: 0.170
[65,   280] loss: 0.209
[65,   290] loss: 0.185
[65,   300] loss: 0.196
[65,   310] loss: 0.186
[65,   320] loss: 0.143
[65,   330] loss: 0.204
[65,   340] loss: 0.170
[65,   350] loss: 0.230
[65,   360] loss: 0.190
[65,   370] loss: 0.219
[65,   380] loss: 0.193
[65,   390] loss: 0.208
[65,   400] loss: 0.187
VALIDATION loss: 0.18504466116428375
[66,    10] loss: 0.198
[66,    20] loss: 0.173
[66,    30] loss: 0.159
[66,    40] loss: 0.142
[66,    50] loss: 0.289
[66,    60] loss: 0.185
[66,    70] loss: 0.151
[66,    80] loss: 0.153
[66,    90] loss: 0.203
[66,   100] loss: 0.205
[66,   110] loss: 0.164
[66,   120] loss: 0.218
[66,   130] loss: 0.169
[66,   140] loss: 0.182
[66,   150] loss: 0.198
[66,   160] loss: 0.211
[66,   170] loss: 0.257
[66,   180] loss: 0.207
[66,   190] loss: 0.198
[66,   200] loss: 0.160
[66,   210] loss: 0.171
[66,   220] loss: 0.181
[66,   230] loss: 0.215
[66,   240] loss: 0.202
[66,   250] loss: 0.166
[66,   260] loss: 0.209
[66,   270] loss: 0.166
[66,   280] loss: 0.185
[66,   290] loss: 0.180
[66,   300] loss: 0.141
[66,   310] loss: 0.242
[66,   320] loss: 0.155
[66,   330] loss: 0.143
[66,   340] loss: 0.261
[66,   350] loss: 0.215
[66,   360] loss: 0.194
[66,   370] loss: 0.230
[66,   380] loss: 0.147
[66,   390] loss: 0.150
[66,   400] loss: 0.187
VALIDATION loss: 2.401280641555786
[67,    10] loss: 0.181
[67,    20] loss: 0.183
[67,    30] loss: 0.224
[67,    40] loss: 0.167
[67,    50] loss: 0.189
[67,    60] loss: 0.203
[67,    70] loss: 0.172
[67,    80] loss: 0.214
[67,    90] loss: 0.214
[67,   100] loss: 0.224
[67,   110] loss: 0.178
[67,   120] loss: 0.205
[67,   130] loss: 0.185
[67,   140] loss: 0.208
[67,   150] loss: 0.246
[67,   160] loss: 0.226
[67,   170] loss: 0.160
[67,   180] loss: 0.236
[67,   190] loss: 0.173
[67,   200] loss: 0.179
[67,   210] loss: 0.214
[67,   220] loss: 0.180
[67,   230] loss: 0.224
[67,   240] loss: 0.133
[67,   250] loss: 0.222
[67,   260] loss: 0.187
[67,   270] loss: 0.207
[67,   280] loss: 0.191
[67,   290] loss: 0.188
[67,   300] loss: 0.152
[67,   310] loss: 0.184
[67,   320] loss: 0.148
[67,   330] loss: 0.173
[67,   340] loss: 0.146
[67,   350] loss: 0.248
[67,   360] loss: 0.189
[67,   370] loss: 0.174
[67,   380] loss: 0.180
[67,   390] loss: 0.228
[67,   400] loss: 0.189
VALIDATION loss: 0.43123894929885864
[68,    10] loss: 0.184
[68,    20] loss: 0.193
[68,    30] loss: 0.196
[68,    40] loss: 0.194
[68,    50] loss: 0.157
[68,    60] loss: 0.215
[68,    70] loss: 0.163
[68,    80] loss: 0.182
[68,    90] loss: 0.213
[68,   100] loss: 0.221
[68,   110] loss: 0.142
[68,   120] loss: 0.162
[68,   130] loss: 0.196
[68,   140] loss: 0.235
[68,   150] loss: 0.171
[68,   160] loss: 0.220
[68,   170] loss: 0.167
[68,   180] loss: 0.202
[68,   190] loss: 0.184
[68,   200] loss: 0.204
[68,   210] loss: 0.166
[68,   220] loss: 0.223
[68,   230] loss: 0.163
[68,   240] loss: 0.228
[68,   250] loss: 0.206
[68,   260] loss: 0.179
[68,   270] loss: 0.241
[68,   280] loss: 0.222
[68,   290] loss: 0.166
[68,   300] loss: 0.177
[68,   310] loss: 0.175
[68,   320] loss: 0.175
[68,   330] loss: 0.223
[68,   340] loss: 0.203
[68,   350] loss: 0.189
[68,   360] loss: 0.195
[68,   370] loss: 0.155
[68,   380] loss: 0.209
[68,   390] loss: 0.190
[68,   400] loss: 0.144
VALIDATION loss: 0.2845759391784668
[69,    10] loss: 0.216
[69,    20] loss: 0.182
[69,    30] loss: 0.202
[69,    40] loss: 0.199
[69,    50] loss: 0.183
[69,    60] loss: 0.157
[69,    70] loss: 0.172
[69,    80] loss: 0.163
[69,    90] loss: 0.159
[69,   100] loss: 0.210
[69,   110] loss: 0.160
[69,   120] loss: 0.165
[69,   130] loss: 0.193
[69,   140] loss: 0.200
[69,   150] loss: 0.192
[69,   160] loss: 0.255
[69,   170] loss: 0.252
[69,   180] loss: 0.184
[69,   190] loss: 0.201
[69,   200] loss: 0.228
[69,   210] loss: 0.129
[69,   220] loss: 0.234
[69,   230] loss: 0.177
[69,   240] loss: 0.146
[69,   250] loss: 0.168
[69,   260] loss: 0.183
[69,   270] loss: 0.188
[69,   280] loss: 0.199
[69,   290] loss: 0.196
[69,   300] loss: 0.209
[69,   310] loss: 0.165
[69,   320] loss: 0.167
[69,   330] loss: 0.194
[69,   340] loss: 0.184
[69,   350] loss: 0.176
[69,   360] loss: 0.174
[69,   370] loss: 0.175
[69,   380] loss: 0.184
[69,   390] loss: 0.202
[69,   400] loss: 0.216
VALIDATION loss: 0.18678486347198486
[70,    10] loss: 0.191
[70,    20] loss: 0.191
[70,    30] loss: 0.203
[70,    40] loss: 0.199
[70,    50] loss: 0.189
[70,    60] loss: 0.174
[70,    70] loss: 0.168
[70,    80] loss: 0.173
[70,    90] loss: 0.204
[70,   100] loss: 0.133
[70,   110] loss: 0.218
[70,   120] loss: 0.169
[70,   130] loss: 0.148
[70,   140] loss: 0.161
[70,   150] loss: 0.143
[70,   160] loss: 0.188
[70,   170] loss: 0.157
[70,   180] loss: 0.156
[70,   190] loss: 0.210
[70,   200] loss: 0.128
[70,   210] loss: 0.206
[70,   220] loss: 0.159
[70,   230] loss: 0.182
[70,   240] loss: 0.188
[70,   250] loss: 0.153
[70,   260] loss: 0.184
[70,   270] loss: 0.148
[70,   280] loss: 0.195
[70,   290] loss: 0.193
[70,   300] loss: 0.221
[70,   310] loss: 0.165
[70,   320] loss: 0.167
[70,   330] loss: 0.164
[70,   340] loss: 0.213
[70,   350] loss: 0.244
[70,   360] loss: 0.198
[70,   370] loss: 0.253
[70,   380] loss: 0.202
[70,   390] loss: 0.197
[70,   400] loss: 0.196
VALIDATION loss: 0.17035424709320068
[71,    10] loss: 0.158
[71,    20] loss: 0.215
[71,    30] loss: 0.208
[71,    40] loss: 0.191
[71,    50] loss: 0.194
[71,    60] loss: 0.196
[71,    70] loss: 0.182
[71,    80] loss: 0.283
[71,    90] loss: 0.127
[71,   100] loss: 0.211
[71,   110] loss: 0.135
[71,   120] loss: 0.201
[71,   130] loss: 0.197
[71,   140] loss: 0.159
[71,   150] loss: 0.181
[71,   160] loss: 0.205
[71,   170] loss: 0.156
[71,   180] loss: 0.179
[71,   190] loss: 0.176
[71,   200] loss: 0.167
[71,   210] loss: 0.158
[71,   220] loss: 0.195
[71,   230] loss: 0.190
[71,   240] loss: 0.158
[71,   250] loss: 0.213
[71,   260] loss: 0.182
[71,   270] loss: 0.180
[71,   280] loss: 0.218
[71,   290] loss: 0.196
[71,   300] loss: 0.203
[71,   310] loss: 0.213
[71,   320] loss: 0.178
[71,   330] loss: 0.184
[71,   340] loss: 0.199
[71,   350] loss: 0.170
[71,   360] loss: 0.199
[71,   370] loss: 0.188
[71,   380] loss: 0.191
[71,   390] loss: 0.183
[71,   400] loss: 0.181
VALIDATION loss: 0.3405451774597168
[72,    10] loss: 0.157
[72,    20] loss: 0.199
[72,    30] loss: 0.219
[72,    40] loss: 0.171
[72,    50] loss: 0.191
[72,    60] loss: 0.165
[72,    70] loss: 0.167
[72,    80] loss: 0.167
[72,    90] loss: 0.165
[72,   100] loss: 0.220
[72,   110] loss: 0.159
[72,   120] loss: 0.207
[72,   130] loss: 0.158
[72,   140] loss: 0.192
[72,   150] loss: 0.155
[72,   160] loss: 0.181
[72,   170] loss: 0.189
[72,   180] loss: 0.181
[72,   190] loss: 0.198
[72,   200] loss: 0.183
[72,   210] loss: 0.195
[72,   220] loss: 0.187
[72,   230] loss: 0.141
[72,   240] loss: 0.183
[72,   250] loss: 0.201
[72,   260] loss: 0.190
[72,   270] loss: 0.172
[72,   280] loss: 0.187
[72,   290] loss: 0.169
[72,   300] loss: 0.150
[72,   310] loss: 0.176
[72,   320] loss: 0.217
[72,   330] loss: 0.214
[72,   340] loss: 0.198
[72,   350] loss: 0.153
[72,   360] loss: 0.184
[72,   370] loss: 0.182
[72,   380] loss: 0.177
[72,   390] loss: 0.136
[72,   400] loss: 0.167
VALIDATION loss: 0.3061971068382263
[73,    10] loss: 0.159
[73,    20] loss: 0.141
[73,    30] loss: 0.239
[73,    40] loss: 0.190
[73,    50] loss: 0.193
[73,    60] loss: 0.233
[73,    70] loss: 0.212
[73,    80] loss: 0.211
[73,    90] loss: 0.191
[73,   100] loss: 0.204
[73,   110] loss: 0.193
[73,   120] loss: 0.191
[73,   130] loss: 0.186
[73,   140] loss: 0.222
[73,   150] loss: 0.170
[73,   160] loss: 0.163
[73,   170] loss: 0.146
[73,   180] loss: 0.172
[73,   190] loss: 0.180
[73,   200] loss: 0.175
[73,   210] loss: 0.155
[73,   220] loss: 0.151
[73,   230] loss: 0.193
[73,   240] loss: 0.175
[73,   250] loss: 0.181
[73,   260] loss: 0.216
[73,   270] loss: 0.198
[73,   280] loss: 0.156
[73,   290] loss: 0.129
[73,   300] loss: 0.164
[73,   310] loss: 0.184
[73,   320] loss: 0.226
[73,   330] loss: 0.196
[73,   340] loss: 0.169
[73,   350] loss: 0.175
[73,   360] loss: 0.178
[73,   370] loss: 0.160
[73,   380] loss: 0.197
[73,   390] loss: 0.162
[73,   400] loss: 0.199
VALIDATION loss: 0.17995186150074005
[74,    10] loss: 0.215
[74,    20] loss: 0.193
[74,    30] loss: 0.125
[74,    40] loss: 0.128
[74,    50] loss: 0.160
[74,    60] loss: 0.192
[74,    70] loss: 0.186
[74,    80] loss: 0.173
[74,    90] loss: 0.195
[74,   100] loss: 0.169
[74,   110] loss: 0.170
[74,   120] loss: 0.152
[74,   130] loss: 0.196
[74,   140] loss: 0.204
[74,   150] loss: 0.161
[74,   160] loss: 0.201
[74,   170] loss: 0.122
[74,   180] loss: 0.152
[74,   190] loss: 0.177
[74,   200] loss: 0.179
[74,   210] loss: 0.150
[74,   220] loss: 0.152
[74,   230] loss: 0.187
[74,   240] loss: 0.238
[74,   250] loss: 0.166
[74,   260] loss: 0.164
[74,   270] loss: 0.192
[74,   280] loss: 0.214
[74,   290] loss: 0.189
[74,   300] loss: 0.142
[74,   310] loss: 0.155
[74,   320] loss: 0.205
[74,   330] loss: 0.164
[74,   340] loss: 0.148
[74,   350] loss: 0.151
[74,   360] loss: 0.190
[74,   370] loss: 0.155
[74,   380] loss: 0.201
[74,   390] loss: 0.186
[74,   400] loss: 0.141
VALIDATION loss: 0.21003369987010956
[75,    10] loss: 0.144
[75,    20] loss: 0.167
[75,    30] loss: 0.172
[75,    40] loss: 0.198
[75,    50] loss: 0.179
[75,    60] loss: 0.183
[75,    70] loss: 0.165
[75,    80] loss: 0.175
[75,    90] loss: 0.166
[75,   100] loss: 0.192
[75,   110] loss: 0.152
[75,   120] loss: 0.147
[75,   130] loss: 0.197
[75,   140] loss: 0.171
[75,   150] loss: 0.135
[75,   160] loss: 0.231
[75,   170] loss: 0.149
[75,   180] loss: 0.191
[75,   190] loss: 0.172
[75,   200] loss: 0.181
[75,   210] loss: 0.177
[75,   220] loss: 0.174
[75,   230] loss: 0.176
[75,   240] loss: 0.174
[75,   250] loss: 0.216
[75,   260] loss: 0.158
[75,   270] loss: 0.144
[75,   280] loss: 0.155
[75,   290] loss: 0.217
[75,   300] loss: 0.212
[75,   310] loss: 0.138
[75,   320] loss: 0.185
[75,   330] loss: 0.154
[75,   340] loss: 0.194
[75,   350] loss: 0.179
[75,   360] loss: 0.181
[75,   370] loss: 0.158
[75,   380] loss: 0.205
[75,   390] loss: 0.164
[75,   400] loss: 0.211
VALIDATION loss: 0.7615705132484436
[76,    10] loss: 0.211
[76,    20] loss: 0.207
[76,    30] loss: 0.174
[76,    40] loss: 0.129
[76,    50] loss: 0.203
[76,    60] loss: 0.210
[76,    70] loss: 0.144
[76,    80] loss: 0.172
[76,    90] loss: 0.161
[76,   100] loss: 0.160
[76,   110] loss: 0.141
[76,   120] loss: 0.165
[76,   130] loss: 0.216
[76,   140] loss: 0.198
[76,   150] loss: 0.162
[76,   160] loss: 0.157
[76,   170] loss: 0.219
[76,   180] loss: 0.192
[76,   190] loss: 0.184
[76,   200] loss: 0.204
[76,   210] loss: 0.165
[76,   220] loss: 0.117
[76,   230] loss: 0.205
[76,   240] loss: 0.211
[76,   250] loss: 0.154
[76,   260] loss: 0.214
[76,   270] loss: 0.187
[76,   280] loss: 0.182
[76,   290] loss: 0.149
[76,   300] loss: 0.157
[76,   310] loss: 0.153
[76,   320] loss: 0.174
[76,   330] loss: 0.187
[76,   340] loss: 0.147
[76,   350] loss: 0.129
[76,   360] loss: 0.215
[76,   370] loss: 0.215
[76,   380] loss: 0.172
[76,   390] loss: 0.240
[76,   400] loss: 0.176
VALIDATION loss: 1.034055471420288
[77,    10] loss: 0.221
[77,    20] loss: 0.194
[77,    30] loss: 0.166
[77,    40] loss: 0.121
[77,    50] loss: 0.175
[77,    60] loss: 0.145
[77,    70] loss: 0.172
[77,    80] loss: 0.158
[77,    90] loss: 0.168
[77,   100] loss: 0.141
[77,   110] loss: 0.135
[77,   120] loss: 0.133
[77,   130] loss: 0.163
[77,   140] loss: 0.223
[77,   150] loss: 0.168
[77,   160] loss: 0.174
[77,   170] loss: 0.141
[77,   180] loss: 0.171
[77,   190] loss: 0.189
[77,   200] loss: 0.164
[77,   210] loss: 0.178
[77,   220] loss: 0.189
[77,   230] loss: 0.194
[77,   240] loss: 0.172
[77,   250] loss: 0.236
[77,   260] loss: 0.232
[77,   270] loss: 0.207
[77,   280] loss: 0.240
[77,   290] loss: 0.211
[77,   300] loss: 0.171
[77,   310] loss: 0.184
[77,   320] loss: 0.183
[77,   330] loss: 0.137
[77,   340] loss: 0.172
[77,   350] loss: 0.213
[77,   360] loss: 0.194
[77,   370] loss: 0.168
[77,   380] loss: 0.139
[77,   390] loss: 0.164
[77,   400] loss: 0.163
VALIDATION loss: 0.1594950556755066
[78,    10] loss: 0.163
[78,    20] loss: 0.175
[78,    30] loss: 0.174
[78,    40] loss: 0.180
[78,    50] loss: 0.145
[78,    60] loss: 0.152
[78,    70] loss: 0.105
[78,    80] loss: 0.191
[78,    90] loss: 0.176
[78,   100] loss: 0.144
[78,   110] loss: 0.186
[78,   120] loss: 0.145
[78,   130] loss: 0.139
[78,   140] loss: 0.151
[78,   150] loss: 0.156
[78,   160] loss: 0.169
[78,   170] loss: 0.141
[78,   180] loss: 0.169
[78,   190] loss: 0.169
[78,   200] loss: 0.130
[78,   210] loss: 0.220
[78,   220] loss: 0.170
[78,   230] loss: 0.204
[78,   240] loss: 0.168
[78,   250] loss: 0.195
[78,   260] loss: 0.210
[78,   270] loss: 0.161
[78,   280] loss: 0.171
[78,   290] loss: 0.155
[78,   300] loss: 0.177
[78,   310] loss: 0.207
[78,   320] loss: 0.205
[78,   330] loss: 0.220
[78,   340] loss: 0.218
[78,   350] loss: 0.151
[78,   360] loss: 0.196
[78,   370] loss: 0.187
[78,   380] loss: 0.175
[78,   390] loss: 0.184
[78,   400] loss: 0.145
VALIDATION loss: 0.16977395117282867
[79,    10] loss: 0.131
[79,    20] loss: 0.179
[79,    30] loss: 0.190
[79,    40] loss: 0.168
[79,    50] loss: 0.133
[79,    60] loss: 0.194
[79,    70] loss: 0.195
[79,    80] loss: 0.170
[79,    90] loss: 0.186
[79,   100] loss: 0.140
[79,   110] loss: 0.134
[79,   120] loss: 0.166
[79,   130] loss: 0.186
[79,   140] loss: 0.185
[79,   150] loss: 0.141
[79,   160] loss: 0.174
[79,   170] loss: 0.105
[79,   180] loss: 0.157
[79,   190] loss: 0.151
[79,   200] loss: 0.163
[79,   210] loss: 0.157
[79,   220] loss: 0.125
[79,   230] loss: 0.157
[79,   240] loss: 0.171
[79,   250] loss: 0.151
[79,   260] loss: 0.163
[79,   270] loss: 0.168
[79,   280] loss: 0.197
[79,   290] loss: 0.151
[79,   300] loss: 0.163
[79,   310] loss: 0.172
[79,   320] loss: 0.186
[79,   330] loss: 0.218
[79,   340] loss: 0.181
[79,   350] loss: 0.160
[79,   360] loss: 0.178
[79,   370] loss: 0.205
[79,   380] loss: 0.158
[79,   390] loss: 0.185
[79,   400] loss: 0.168
VALIDATION loss: 0.2225232720375061
[80,    10] loss: 0.171
[80,    20] loss: 0.155
[80,    30] loss: 0.175
[80,    40] loss: 0.175
[80,    50] loss: 0.157
[80,    60] loss: 0.165
[80,    70] loss: 0.179
[80,    80] loss: 0.179
[80,    90] loss: 0.166
[80,   100] loss: 0.184
[80,   110] loss: 0.170
[80,   120] loss: 0.165
[80,   130] loss: 0.122
[80,   140] loss: 0.180
[80,   150] loss: 0.170
[80,   160] loss: 0.158
[80,   170] loss: 0.149
[80,   180] loss: 0.186
[80,   190] loss: 0.178
[80,   200] loss: 0.163
[80,   210] loss: 0.147
[80,   220] loss: 0.155
[80,   230] loss: 0.197
[80,   240] loss: 0.150
[80,   250] loss: 0.225
[80,   260] loss: 0.191
[80,   270] loss: 0.171
[80,   280] loss: 0.167
[80,   290] loss: 0.156
[80,   300] loss: 0.211
[80,   310] loss: 0.160
[80,   320] loss: 0.237
[80,   330] loss: 0.217
[80,   340] loss: 0.156
[80,   350] loss: 0.165
[80,   360] loss: 0.145
[80,   370] loss: 0.149
[80,   380] loss: 0.165
[80,   390] loss: 0.175
[80,   400] loss: 0.180
VALIDATION loss: 0.2219887375831604
[81,    10] loss: 0.193
[81,    20] loss: 0.187
[81,    30] loss: 0.221
[81,    40] loss: 0.163
[81,    50] loss: 0.213
[81,    60] loss: 0.176
[81,    70] loss: 0.149
[81,    80] loss: 0.139
[81,    90] loss: 0.139
[81,   100] loss: 0.177
[81,   110] loss: 0.142
[81,   120] loss: 0.163
[81,   130] loss: 0.187
[81,   140] loss: 0.151
[81,   150] loss: 0.210
[81,   160] loss: 0.170
[81,   170] loss: 0.127
[81,   180] loss: 0.200
[81,   190] loss: 0.152
[81,   200] loss: 0.158
[81,   210] loss: 0.153
[81,   220] loss: 0.183
[81,   230] loss: 0.164
[81,   240] loss: 0.183
[81,   250] loss: 0.160
[81,   260] loss: 0.164
[81,   270] loss: 0.195
[81,   280] loss: 0.187
[81,   290] loss: 0.193
[81,   300] loss: 0.133
[81,   310] loss: 0.135
[81,   320] loss: 0.198
[81,   330] loss: 0.176
[81,   340] loss: 0.180
[81,   350] loss: 0.199
[81,   360] loss: 0.191
[81,   370] loss: 0.172
[81,   380] loss: 0.198
[81,   390] loss: 0.115
[81,   400] loss: 0.155
VALIDATION loss: 0.2316991090774536
[82,    10] loss: 0.178
[82,    20] loss: 0.125
[82,    30] loss: 0.198
[82,    40] loss: 0.136
[82,    50] loss: 0.157
[82,    60] loss: 0.137
[82,    70] loss: 0.166
[82,    80] loss: 0.187
[82,    90] loss: 0.162
[82,   100] loss: 0.171
[82,   110] loss: 0.172
[82,   120] loss: 0.188
[82,   130] loss: 0.194
[82,   140] loss: 0.175
[82,   150] loss: 0.173
[82,   160] loss: 0.126
[82,   170] loss: 0.182
[82,   180] loss: 0.159
[82,   190] loss: 0.190
[82,   200] loss: 0.145
[82,   210] loss: 0.143
[82,   220] loss: 0.216
[82,   230] loss: 0.181
[82,   240] loss: 0.208
[82,   250] loss: 0.191
[82,   260] loss: 0.164
[82,   270] loss: 0.142
[82,   280] loss: 0.144
[82,   290] loss: 0.142
[82,   300] loss: 0.161
[82,   310] loss: 0.234
[82,   320] loss: 0.176
[82,   330] loss: 0.187
[82,   340] loss: 0.151
[82,   350] loss: 0.168
[82,   360] loss: 0.178
[82,   370] loss: 0.161
[82,   380] loss: 0.189
[82,   390] loss: 0.195
[82,   400] loss: 0.216
VALIDATION loss: 0.300626665353775
[83,    10] loss: 0.170
[83,    20] loss: 0.167
[83,    30] loss: 0.190
[83,    40] loss: 0.177
[83,    50] loss: 0.180
[83,    60] loss: 0.175
[83,    70] loss: 0.165
[83,    80] loss: 0.184
[83,    90] loss: 0.182
[83,   100] loss: 0.160
[83,   110] loss: 0.158
[83,   120] loss: 0.153
[83,   130] loss: 0.158
[83,   140] loss: 0.177
[83,   150] loss: 0.177
[83,   160] loss: 0.144
[83,   170] loss: 0.232
[83,   180] loss: 0.140
[83,   190] loss: 0.135
[83,   200] loss: 0.169
[83,   210] loss: 0.177
[83,   220] loss: 0.142
[83,   230] loss: 0.172
[83,   240] loss: 0.155
[83,   250] loss: 0.132
[83,   260] loss: 0.141
[83,   270] loss: 0.186
[83,   280] loss: 0.143
[83,   290] loss: 0.172
[83,   300] loss: 0.123
[83,   310] loss: 0.147
[83,   320] loss: 0.132
[83,   330] loss: 0.139
[83,   340] loss: 0.233
[83,   350] loss: 0.168
[83,   360] loss: 0.172
[83,   370] loss: 0.134
[83,   380] loss: 0.168
[83,   390] loss: 0.157
[83,   400] loss: 0.146
VALIDATION loss: 0.2660759389400482
[84,    10] loss: 0.220
[84,    20] loss: 0.125
[84,    30] loss: 0.157
[84,    40] loss: 0.168
[84,    50] loss: 0.127
[84,    60] loss: 0.179
[84,    70] loss: 0.207
[84,    80] loss: 0.150
[84,    90] loss: 0.155
[84,   100] loss: 0.187
[84,   110] loss: 0.149
[84,   120] loss: 0.126
[84,   130] loss: 0.199
[84,   140] loss: 0.166
[84,   150] loss: 0.201
[84,   160] loss: 0.205
[84,   170] loss: 0.126
[84,   180] loss: 0.164
[84,   190] loss: 0.168
[84,   200] loss: 0.137
[84,   210] loss: 0.184
[84,   220] loss: 0.197
[84,   230] loss: 0.142
[84,   240] loss: 0.170
[84,   250] loss: 0.217
[84,   260] loss: 0.147
[84,   270] loss: 0.172
[84,   280] loss: 0.184
[84,   290] loss: 0.171
[84,   300] loss: 0.164
[84,   310] loss: 0.178
[84,   320] loss: 0.177
[84,   330] loss: 0.138
[84,   340] loss: 0.215
[84,   350] loss: 0.182
[84,   360] loss: 0.182
[84,   370] loss: 0.170
[84,   380] loss: 0.179
[84,   390] loss: 0.204
[84,   400] loss: 0.198
VALIDATION loss: 0.19670696556568146
[85,    10] loss: 0.170
[85,    20] loss: 0.200
[85,    30] loss: 0.184
[85,    40] loss: 0.203
[85,    50] loss: 0.169
[85,    60] loss: 0.162
[85,    70] loss: 0.160
[85,    80] loss: 0.157
[85,    90] loss: 0.153
[85,   100] loss: 0.164
[85,   110] loss: 0.157
[85,   120] loss: 0.149
[85,   130] loss: 0.185
[85,   140] loss: 0.183
[85,   150] loss: 0.192
[85,   160] loss: 0.180
[85,   170] loss: 0.155
[85,   180] loss: 0.165
[85,   190] loss: 0.177
[85,   200] loss: 0.159
[85,   210] loss: 0.207
[85,   220] loss: 0.175
[85,   230] loss: 0.188
[85,   240] loss: 0.155
[85,   250] loss: 0.166
[85,   260] loss: 0.145
[85,   270] loss: 0.175
[85,   280] loss: 0.149
[85,   290] loss: 0.144
[85,   300] loss: 0.201
[85,   310] loss: 0.185
[85,   320] loss: 0.151
[85,   330] loss: 0.128
[85,   340] loss: 0.152
[85,   350] loss: 0.210
[85,   360] loss: 0.155
[85,   370] loss: 0.173
[85,   380] loss: 0.166
[85,   390] loss: 0.140
[85,   400] loss: 0.145
VALIDATION loss: 0.18238790333271027
[86,    10] loss: 0.153
[86,    20] loss: 0.141
[86,    30] loss: 0.149
[86,    40] loss: 0.121
[86,    50] loss: 0.155
[86,    60] loss: 0.197
[86,    70] loss: 0.143
[86,    80] loss: 0.189
[86,    90] loss: 0.152
[86,   100] loss: 0.188
[86,   110] loss: 0.202
[86,   120] loss: 0.111
[86,   130] loss: 0.144
[86,   140] loss: 0.165
[86,   150] loss: 0.163
[86,   160] loss: 0.185
[86,   170] loss: 0.175
[86,   180] loss: 0.163
[86,   190] loss: 0.149
[86,   200] loss: 0.145
[86,   210] loss: 0.214
[86,   220] loss: 0.179
[86,   230] loss: 0.175
[86,   240] loss: 0.225
[86,   250] loss: 0.193
[86,   260] loss: 0.107
[86,   270] loss: 0.167
[86,   280] loss: 0.177
[86,   290] loss: 0.167
[86,   300] loss: 0.168
[86,   310] loss: 0.138
[86,   320] loss: 0.217
[86,   330] loss: 0.176
[86,   340] loss: 0.169
[86,   350] loss: 0.187
[86,   360] loss: 0.149
[86,   370] loss: 0.176
[86,   380] loss: 0.122
[86,   390] loss: 0.175
[86,   400] loss: 0.179
VALIDATION loss: 0.20673875510692596
[87,    10] loss: 0.177
[87,    20] loss: 0.126
[87,    30] loss: 0.156
[87,    40] loss: 0.150
[87,    50] loss: 0.169
[87,    60] loss: 0.144
[87,    70] loss: 0.133
[87,    80] loss: 0.171
[87,    90] loss: 0.125
[87,   100] loss: 0.160
[87,   110] loss: 0.135
[87,   120] loss: 0.141
[87,   130] loss: 0.167
[87,   140] loss: 0.168
[87,   150] loss: 0.107
[87,   160] loss: 0.192
[87,   170] loss: 0.161
[87,   180] loss: 0.142
[87,   190] loss: 0.172
[87,   200] loss: 0.142
[87,   210] loss: 0.187
[87,   220] loss: 0.202
[87,   230] loss: 0.129
[87,   240] loss: 0.181
[87,   250] loss: 0.136
[87,   260] loss: 0.170
[87,   270] loss: 0.171
[87,   280] loss: 0.167
[87,   290] loss: 0.151
[87,   300] loss: 0.115
[87,   310] loss: 0.195
[87,   320] loss: 0.149
[87,   330] loss: 0.162
[87,   340] loss: 0.164
[87,   350] loss: 0.145
[87,   360] loss: 0.147
[87,   370] loss: 0.196
[87,   380] loss: 0.153
[87,   390] loss: 0.199
[87,   400] loss: 0.154
VALIDATION loss: 0.14314958453178406
[88,    10] loss: 0.155
[88,    20] loss: 0.181
[88,    30] loss: 0.182
[88,    40] loss: 0.172
[88,    50] loss: 0.167
[88,    60] loss: 0.163
[88,    70] loss: 0.152
[88,    80] loss: 0.198
[88,    90] loss: 0.171
[88,   100] loss: 0.150
[88,   110] loss: 0.212
[88,   120] loss: 0.143
[88,   130] loss: 0.201
[88,   140] loss: 0.173
[88,   150] loss: 0.146
[88,   160] loss: 0.137
[88,   170] loss: 0.162
[88,   180] loss: 0.174
[88,   190] loss: 0.191
[88,   200] loss: 0.165
[88,   210] loss: 0.153
[88,   220] loss: 0.128
[88,   230] loss: 0.178
[88,   240] loss: 0.138
[88,   250] loss: 0.134
[88,   260] loss: 0.110
[88,   270] loss: 0.164
[88,   280] loss: 0.195
[88,   290] loss: 0.187
[88,   300] loss: 0.186
[88,   310] loss: 0.205
[88,   320] loss: 0.161
[88,   330] loss: 0.136
[88,   340] loss: 0.151
[88,   350] loss: 0.150
[88,   360] loss: 0.179
[88,   370] loss: 0.147
[88,   380] loss: 0.162
[88,   390] loss: 0.166
[88,   400] loss: 0.128
VALIDATION loss: 1.2240417003631592
[89,    10] loss: 0.175
[89,    20] loss: 0.169
[89,    30] loss: 0.157
[89,    40] loss: 0.177
[89,    50] loss: 0.159
[89,    60] loss: 0.155
[89,    70] loss: 0.137
[89,    80] loss: 0.189
[89,    90] loss: 0.175
[89,   100] loss: 0.198
[89,   110] loss: 0.150
[89,   120] loss: 0.191
[89,   130] loss: 0.151
[89,   140] loss: 0.153
[89,   150] loss: 0.149
[89,   160] loss: 0.187
[89,   170] loss: 0.207
[89,   180] loss: 0.144
[89,   190] loss: 0.168
[89,   200] loss: 0.164
[89,   210] loss: 0.176
[89,   220] loss: 0.155
[89,   230] loss: 0.147
[89,   240] loss: 0.153
[89,   250] loss: 0.164
[89,   260] loss: 0.151
[89,   270] loss: 0.156
[89,   280] loss: 0.151
[89,   290] loss: 0.121
[89,   300] loss: 0.166
[89,   310] loss: 0.142
[89,   320] loss: 0.168
[89,   330] loss: 0.157
[89,   340] loss: 0.165
[89,   350] loss: 0.157
[89,   360] loss: 0.163
[89,   370] loss: 0.201
[89,   380] loss: 0.136
[89,   390] loss: 0.129
[89,   400] loss: 0.152
VALIDATION loss: 0.1526995301246643
[90,    10] loss: 0.185
[90,    20] loss: 0.144
[90,    30] loss: 0.212
[90,    40] loss: 0.172
[90,    50] loss: 0.194
[90,    60] loss: 0.183
[90,    70] loss: 0.184
[90,    80] loss: 0.158
[90,    90] loss: 0.174
[90,   100] loss: 0.137
[90,   110] loss: 0.180
[90,   120] loss: 0.151
[90,   130] loss: 0.179
[90,   140] loss: 0.173
[90,   150] loss: 0.163
[90,   160] loss: 0.164
[90,   170] loss: 0.140
[90,   180] loss: 0.135
[90,   190] loss: 0.160
[90,   200] loss: 0.166
[90,   210] loss: 0.182
[90,   220] loss: 0.173
[90,   230] loss: 0.132
[90,   240] loss: 0.183
[90,   250] loss: 0.160
[90,   260] loss: 0.164
[90,   270] loss: 0.184
[90,   280] loss: 0.160
[90,   290] loss: 0.166
[90,   300] loss: 0.143
[90,   310] loss: 0.144
[90,   320] loss: 0.166
[90,   330] loss: 0.124
[90,   340] loss: 0.158
[90,   350] loss: 0.137
[90,   360] loss: 0.158
[90,   370] loss: 0.174
[90,   380] loss: 0.165
[90,   390] loss: 0.159
[90,   400] loss: 0.143
VALIDATION loss: 0.16104193031787872
[91,    10] loss: 0.120
[91,    20] loss: 0.168
[91,    30] loss: 0.134
[91,    40] loss: 0.126
[91,    50] loss: 0.136
[91,    60] loss: 0.194
[91,    70] loss: 0.150
[91,    80] loss: 0.158
[91,    90] loss: 0.148
[91,   100] loss: 0.107
[91,   110] loss: 0.156
[91,   120] loss: 0.162
[91,   130] loss: 0.127
[91,   140] loss: 0.144
[91,   150] loss: 0.178
[91,   160] loss: 0.167
[91,   170] loss: 0.142
[91,   180] loss: 0.145
[91,   190] loss: 0.167
[91,   200] loss: 0.131
[91,   210] loss: 0.196
[91,   220] loss: 0.139
[91,   230] loss: 0.188
[91,   240] loss: 0.175
[91,   250] loss: 0.179
[91,   260] loss: 0.119
[91,   270] loss: 0.126
[91,   280] loss: 0.163
[91,   290] loss: 0.141
[91,   300] loss: 0.153
[91,   310] loss: 0.144
[91,   320] loss: 0.165
[91,   330] loss: 0.175
[91,   340] loss: 0.187
[91,   350] loss: 0.177
[91,   360] loss: 0.144
[91,   370] loss: 0.175
[91,   380] loss: 0.150
[91,   390] loss: 0.129
[91,   400] loss: 0.176
VALIDATION loss: 0.18909892439842224
[92,    10] loss: 0.160
[92,    20] loss: 0.164
[92,    30] loss: 0.151
[92,    40] loss: 0.157
[92,    50] loss: 0.142
[92,    60] loss: 0.166
[92,    70] loss: 0.151
[92,    80] loss: 0.154
[92,    90] loss: 0.174
[92,   100] loss: 0.153
[92,   110] loss: 0.130
[92,   120] loss: 0.213
[92,   130] loss: 0.162
[92,   140] loss: 0.171
[92,   150] loss: 0.145
[92,   160] loss: 0.186
[92,   170] loss: 0.167
[92,   180] loss: 0.163
[92,   190] loss: 0.162
[92,   200] loss: 0.133
[92,   210] loss: 0.183
[92,   220] loss: 0.153
[92,   230] loss: 0.106
[92,   240] loss: 0.105
[92,   250] loss: 0.173
[92,   260] loss: 0.132
[92,   270] loss: 0.158
[92,   280] loss: 0.209
[92,   290] loss: 0.144
[92,   300] loss: 0.129
[92,   310] loss: 0.136
[92,   320] loss: 0.137
[92,   330] loss: 0.176
[92,   340] loss: 0.154
[92,   350] loss: 0.153
[92,   360] loss: 0.123
[92,   370] loss: 0.162
[92,   380] loss: 0.161
[92,   390] loss: 0.172
[92,   400] loss: 0.217
VALIDATION loss: 0.24579256772994995
[93,    10] loss: 0.157
[93,    20] loss: 0.172
[93,    30] loss: 0.143
[93,    40] loss: 0.196
[93,    50] loss: 0.118
[93,    60] loss: 0.117
[93,    70] loss: 0.144
[93,    80] loss: 0.142
[93,    90] loss: 0.205
[93,   100] loss: 0.172
[93,   110] loss: 0.142
[93,   120] loss: 0.121
[93,   130] loss: 0.170
[93,   140] loss: 0.133
[93,   150] loss: 0.162
[93,   160] loss: 0.186
[93,   170] loss: 0.199
[93,   180] loss: 0.143
[93,   190] loss: 0.174
[93,   200] loss: 0.184
[93,   210] loss: 0.152
[93,   220] loss: 0.169
[93,   230] loss: 0.163
[93,   240] loss: 0.166
[93,   250] loss: 0.165
[93,   260] loss: 0.146
[93,   270] loss: 0.150
[93,   280] loss: 0.177
[93,   290] loss: 0.163
[93,   300] loss: 0.207
[93,   310] loss: 0.150
[93,   320] loss: 0.179
[93,   330] loss: 0.150
[93,   340] loss: 0.160
[93,   350] loss: 0.181
[93,   360] loss: 0.123
[93,   370] loss: 0.184
[93,   380] loss: 0.133
[93,   390] loss: 0.153
[93,   400] loss: 0.183
VALIDATION loss: 1.1299550533294678
[94,    10] loss: 0.169
[94,    20] loss: 0.154
[94,    30] loss: 0.110
[94,    40] loss: 0.192
[94,    50] loss: 0.168
[94,    60] loss: 0.191
[94,    70] loss: 0.155
[94,    80] loss: 0.140
[94,    90] loss: 0.142
[94,   100] loss: 0.122
[94,   110] loss: 0.160
[94,   120] loss: 0.153
[94,   130] loss: 0.146
[94,   140] loss: 0.137
[94,   150] loss: 0.128
[94,   160] loss: 0.170
[94,   170] loss: 0.166
[94,   180] loss: 0.173
[94,   190] loss: 0.137
[94,   200] loss: 0.166
[94,   210] loss: 0.172
[94,   220] loss: 0.179
[94,   230] loss: 0.120
[94,   240] loss: 0.137
[94,   250] loss: 0.146
[94,   260] loss: 0.117
[94,   270] loss: 0.159
[94,   280] loss: 0.122
[94,   290] loss: 0.152
[94,   300] loss: 0.145
[94,   310] loss: 0.137
[94,   320] loss: 0.189
[94,   330] loss: 0.205
[94,   340] loss: 0.148
[94,   350] loss: 0.123
[94,   360] loss: 0.163
[94,   370] loss: 0.133
[94,   380] loss: 0.146
[94,   390] loss: 0.175
[94,   400] loss: 0.190
VALIDATION loss: 1.0076706409454346
[95,    10] loss: 0.127
[95,    20] loss: 0.166
[95,    30] loss: 0.143
[95,    40] loss: 0.179
[95,    50] loss: 0.183
[95,    60] loss: 0.158
[95,    70] loss: 0.187
[95,    80] loss: 0.146
[95,    90] loss: 0.146
[95,   100] loss: 0.138
[95,   110] loss: 0.168
[95,   120] loss: 0.148
[95,   130] loss: 0.139
[95,   140] loss: 0.154
[95,   150] loss: 0.145
[95,   160] loss: 0.153
[95,   170] loss: 0.178
[95,   180] loss: 0.144
[95,   190] loss: 0.168
[95,   200] loss: 0.165
[95,   210] loss: 0.129
[95,   220] loss: 0.175
[95,   230] loss: 0.134
[95,   240] loss: 0.173
[95,   250] loss: 0.148
[95,   260] loss: 0.164
[95,   270] loss: 0.174
[95,   280] loss: 0.146
[95,   290] loss: 0.162
[95,   300] loss: 0.141
[95,   310] loss: 0.174
[95,   320] loss: 0.145
[95,   330] loss: 0.151
[95,   340] loss: 0.183
[95,   350] loss: 0.123
[95,   360] loss: 0.180
[95,   370] loss: 0.140
[95,   380] loss: 0.212
[95,   390] loss: 0.147
[95,   400] loss: 0.171
VALIDATION loss: 0.42277950048446655
[96,    10] loss: 0.175
[96,    20] loss: 0.161
[96,    30] loss: 0.126
[96,    40] loss: 0.169
[96,    50] loss: 0.173
[96,    60] loss: 0.157
[96,    70] loss: 0.139
[96,    80] loss: 0.183
[96,    90] loss: 0.180
[96,   100] loss: 0.139
[96,   110] loss: 0.170
[96,   120] loss: 0.105
[96,   130] loss: 0.148
[96,   140] loss: 0.130
[96,   150] loss: 0.169
[96,   160] loss: 0.124
[96,   170] loss: 0.151
[96,   180] loss: 0.159
[96,   190] loss: 0.182
[96,   200] loss: 0.166
[96,   210] loss: 0.121
[96,   220] loss: 0.171
[96,   230] loss: 0.116
[96,   240] loss: 0.133
[96,   250] loss: 0.157
[96,   260] loss: 0.182
[96,   270] loss: 0.153
[96,   280] loss: 0.150
[96,   290] loss: 0.129
[96,   300] loss: 0.155
[96,   310] loss: 0.148
[96,   320] loss: 0.149
[96,   330] loss: 0.180
[96,   340] loss: 0.192
[96,   350] loss: 0.194
[96,   360] loss: 0.193
[96,   370] loss: 0.152
[96,   380] loss: 0.155
[96,   390] loss: 0.181
[96,   400] loss: 0.179
VALIDATION loss: 0.17740680277347565
[97,    10] loss: 0.169
[97,    20] loss: 0.170
[97,    30] loss: 0.193
[97,    40] loss: 0.192
[97,    50] loss: 0.142
[97,    60] loss: 0.139
[97,    70] loss: 0.144
[97,    80] loss: 0.153
[97,    90] loss: 0.139
[97,   100] loss: 0.148
[97,   110] loss: 0.162
[97,   120] loss: 0.145
[97,   130] loss: 0.173
[97,   140] loss: 0.148
[97,   150] loss: 0.124
[97,   160] loss: 0.130
[97,   170] loss: 0.201
[97,   180] loss: 0.141
[97,   190] loss: 0.154
[97,   200] loss: 0.154
[97,   210] loss: 0.128
[97,   220] loss: 0.192
[97,   230] loss: 0.105
[97,   240] loss: 0.139
[97,   250] loss: 0.161
[97,   260] loss: 0.142
[97,   270] loss: 0.167
[97,   280] loss: 0.147
[97,   290] loss: 0.166
[97,   300] loss: 0.126
[97,   310] loss: 0.207
[97,   320] loss: 0.159
[97,   330] loss: 0.117
[97,   340] loss: 0.190
[97,   350] loss: 0.163
[97,   360] loss: 0.167
[97,   370] loss: 0.204
[97,   380] loss: 0.174
[97,   390] loss: 0.143
[97,   400] loss: 0.132
VALIDATION loss: 0.14962507784366608
[98,    10] loss: 0.156
[98,    20] loss: 0.147
[98,    30] loss: 0.160
[98,    40] loss: 0.134
[98,    50] loss: 0.137
[98,    60] loss: 0.110
[98,    70] loss: 0.127
[98,    80] loss: 0.173
[98,    90] loss: 0.165
[98,   100] loss: 0.181
[98,   110] loss: 0.150
[98,   120] loss: 0.140
[98,   130] loss: 0.202
[98,   140] loss: 0.132
[98,   150] loss: 0.144
[98,   160] loss: 0.160
[98,   170] loss: 0.155
[98,   180] loss: 0.131
[98,   190] loss: 0.151
[98,   200] loss: 0.187
[98,   210] loss: 0.198
[98,   220] loss: 0.141
[98,   230] loss: 0.151
[98,   240] loss: 0.151
[98,   250] loss: 0.113
[98,   260] loss: 0.196
[98,   270] loss: 0.126
[98,   280] loss: 0.148
[98,   290] loss: 0.152
[98,   300] loss: 0.176
[98,   310] loss: 0.142
[98,   320] loss: 0.149
[98,   330] loss: 0.129
[98,   340] loss: 0.123
[98,   350] loss: 0.147
[98,   360] loss: 0.116
[98,   370] loss: 0.160
[98,   380] loss: 0.128
[98,   390] loss: 0.147
[98,   400] loss: 0.129
VALIDATION loss: 0.15036427974700928
[99,    10] loss: 0.124
[99,    20] loss: 0.137
[99,    30] loss: 0.149
[99,    40] loss: 0.141
[99,    50] loss: 0.155
[99,    60] loss: 0.145
[99,    70] loss: 0.145
[99,    80] loss: 0.136
[99,    90] loss: 0.161
[99,   100] loss: 0.129
[99,   110] loss: 0.111
[99,   120] loss: 0.148
[99,   130] loss: 0.137
[99,   140] loss: 0.150
[99,   150] loss: 0.124
[99,   160] loss: 0.161
[99,   170] loss: 0.178
[99,   180] loss: 0.113
[99,   190] loss: 0.124
[99,   200] loss: 0.123
[99,   210] loss: 0.178
[99,   220] loss: 0.156
[99,   230] loss: 0.235
[99,   240] loss: 0.176
[99,   250] loss: 0.172
[99,   260] loss: 0.153
[99,   270] loss: 0.170
[99,   280] loss: 0.139
[99,   290] loss: 0.165
[99,   300] loss: 0.153
[99,   310] loss: 0.158
[99,   320] loss: 0.140
[99,   330] loss: 0.142
[99,   340] loss: 0.153
[99,   350] loss: 0.119
[99,   360] loss: 0.162
[99,   370] loss: 0.192
[99,   380] loss: 0.212
[99,   390] loss: 0.149
[99,   400] loss: 0.125
VALIDATION loss: 0.21367084980010986
[100,    10] loss: 0.173
[100,    20] loss: 0.182
[100,    30] loss: 0.179
[100,    40] loss: 0.129
[100,    50] loss: 0.112
[100,    60] loss: 0.111
[100,    70] loss: 0.131
[100,    80] loss: 0.139
[100,    90] loss: 0.169
[100,   100] loss: 0.141
[100,   110] loss: 0.168
[100,   120] loss: 0.135
[100,   130] loss: 0.136
[100,   140] loss: 0.162
[100,   150] loss: 0.133
[100,   160] loss: 0.202
[100,   170] loss: 0.139
[100,   180] loss: 0.162
[100,   190] loss: 0.160
[100,   200] loss: 0.163
[100,   210] loss: 0.148
[100,   220] loss: 0.151
[100,   230] loss: 0.151
[100,   240] loss: 0.148
[100,   250] loss: 0.163
[100,   260] loss: 0.219
[100,   270] loss: 0.147
[100,   280] loss: 0.156
[100,   290] loss: 0.154
[100,   300] loss: 0.176
[100,   310] loss: 0.163
[100,   320] loss: 0.142
[100,   330] loss: 0.181
[100,   340] loss: 0.121
[100,   350] loss: 0.165
[100,   360] loss: 0.157
[100,   370] loss: 0.192
[100,   380] loss: 0.157
[100,   390] loss: 0.131
[100,   400] loss: 0.171
VALIDATION loss: 0.18099328875541687
Finished !!
Accuracy of the network: 91.62 %
