Collecting dill==0.3.4 (from -r requirements.txt (line 1))
  Using cached https://files.pythonhosted.org/packages/b6/c3/973676ceb86b60835bb3978c6db67a5dc06be6cfdbd14ef0f5a13e3fc9fd/dill-0.3.4-py2.py3-none-any.whl
Requirement already satisfied: laplace==0.1 in /zhome/45/c/128687/.local/lib/python3.6/site-packages (from -r requirements.txt (line 2))
Collecting matplotlib==3.4.0 (from -r requirements.txt (line 3))
Small: 0
Transform: 1
MaxPool: 1
Running GPU.
[1,    10] loss: 1.931
[1,    20] loss: 1.779
[1,    30] loss: 1.695
[1,    40] loss: 1.664
[1,    50] loss: 1.623
[1,    60] loss: 1.620
[1,    70] loss: 1.563
[1,    80] loss: 1.607
[1,    90] loss: 1.500
[1,   100] loss: 1.526
[1,   110] loss: 1.553
[1,   120] loss: 1.506
[1,   130] loss: 1.515
[1,   140] loss: 1.563
[1,   150] loss: 1.530
[1,   160] loss: 1.391
[1,   170] loss: 1.436
[1,   180] loss: 1.424
[1,   190] loss: 1.404
[1,   200] loss: 1.406
[1,   210] loss: 1.457
[1,   220] loss: 1.360
[1,   230] loss: 1.423
[1,   240] loss: 1.331
[1,   250] loss: 1.398
[1,   260] loss: 1.355
[1,   270] loss: 1.335
[1,   280] loss: 1.396
[1,   290] loss: 1.319
[1,   300] loss: 1.343
[1,   310] loss: 1.308
[1,   320] loss: 1.333
[1,   330] loss: 1.283
[1,   340] loss: 1.268
[1,   350] loss: 1.349
[1,   360] loss: 1.266
[1,   370] loss: 1.262
[1,   380] loss: 1.324
[1,   390] loss: 1.231
[1,   400] loss: 1.304
VALIDATION loss: 1.4212186336517334
[2,    10] loss: 1.327
[2,    20] loss: 1.309
[2,    30] loss: 1.228
[2,    40] loss: 1.318
[2,    50] loss: 1.306
[2,    60] loss: 1.190
[2,    70] loss: 1.256
[2,    80] loss: 1.316
[2,    90] loss: 1.207
[2,   100] loss: 1.234
[2,   110] loss: 1.246
[2,   120] loss: 1.288
[2,   130] loss: 1.199
[2,   140] loss: 1.200
[2,   150] loss: 1.209
[2,   160] loss: 1.216
[2,   170] loss: 1.172
[2,   180] loss: 1.145
[2,   190] loss: 1.282
[2,   200] loss: 1.229
[2,   210] loss: 1.208
[2,   220] loss: 1.129
[2,   230] loss: 1.169
[2,   240] loss: 1.233
[2,   250] loss: 1.215
[2,   260] loss: 1.246
[2,   270] loss: 1.215
[2,   280] loss: 1.139
[2,   290] loss: 1.132
[2,   300] loss: 1.184
[2,   310] loss: 1.116
[2,   320] loss: 1.292
[2,   330] loss: 1.160
[2,   340] loss: 1.150
[2,   350] loss: 1.142
[2,   360] loss: 1.074
[2,   370] loss: 1.234
[2,   380] loss: 1.191
[2,   390] loss: 1.144
[2,   400] loss: 1.079
VALIDATION loss: 1.226320505142212
[3,    10] loss: 1.131
[3,    20] loss: 1.186
[3,    30] loss: 1.158
[3,    40] loss: 1.087
[3,    50] loss: 1.040
[3,    60] loss: 1.090
[3,    70] loss: 1.122
[3,    80] loss: 1.078
[3,    90] loss: 1.054
[3,   100] loss: 1.058
[3,   110] loss: 1.157
[3,   120] loss: 1.076
[3,   130] loss: 1.058
[3,   140] loss: 1.027
[3,   150] loss: 1.049
[3,   160] loss: 0.995
[3,   170] loss: 1.201
[3,   180] loss: 1.106
[3,   190] loss: 1.144
[3,   200] loss: 1.169
[3,   210] loss: 1.172
[3,   220] loss: 1.044
[3,   230] loss: 1.005
[3,   240] loss: 1.023
[3,   250] loss: 1.130
[3,   260] loss: 1.042
[3,   270] loss: 1.117
[3,   280] loss: 0.914
[3,   290] loss: 1.077
[3,   300] loss: 1.002
[3,   310] loss: 1.088
[3,   320] loss: 0.989
[3,   330] loss: 0.968
[3,   340] loss: 0.976
[3,   350] loss: 0.998
[3,   360] loss: 0.935
[3,   370] loss: 0.989
[3,   380] loss: 1.044
[3,   390] loss: 0.941
[3,   400] loss: 1.013
VALIDATION loss: 0.9648626446723938
[4,    10] loss: 0.963
[4,    20] loss: 1.101
[4,    30] loss: 0.989
[4,    40] loss: 0.985
[4,    50] loss: 1.033
[4,    60] loss: 0.887
[4,    70] loss: 0.941
[4,    80] loss: 1.020
[4,    90] loss: 0.934
[4,   100] loss: 0.988
[4,   110] loss: 0.986
[4,   120] loss: 0.985
[4,   130] loss: 1.038
[4,   140] loss: 0.956
[4,   150] loss: 0.932
[4,   160] loss: 0.978
[4,   170] loss: 1.023
[4,   180] loss: 0.890
[4,   190] loss: 0.925
[4,   200] loss: 0.881
[4,   210] loss: 0.959
[4,   220] loss: 0.913
[4,   230] loss: 0.857
[4,   240] loss: 0.967
[4,   250] loss: 1.010
[4,   260] loss: 0.940
[4,   270] loss: 0.907
[4,   280] loss: 1.009
[4,   290] loss: 0.955
[4,   300] loss: 1.004
[4,   310] loss: 0.987
[4,   320] loss: 0.938
[4,   330] loss: 0.923
[4,   340] loss: 0.915
[4,   350] loss: 0.977
[4,   360] loss: 0.883
[4,   370] loss: 0.960
[4,   380] loss: 0.985
[4,   390] loss: 0.954
[4,   400] loss: 0.827
VALIDATION loss: 1.221375584602356
[5,    10] loss: 0.837
[5,    20] loss: 0.842
[5,    30] loss: 1.102
[5,    40] loss: 0.899
[5,    50] loss: 0.846
[5,    60] loss: 0.934
[5,    70] loss: 0.908
[5,    80] loss: 0.813
[5,    90] loss: 0.980
[5,   100] loss: 0.927
[5,   110] loss: 0.896
[5,   120] loss: 0.896
[5,   130] loss: 0.815
[5,   140] loss: 0.810
[5,   150] loss: 0.985
[5,   160] loss: 0.811
[5,   170] loss: 0.915
[5,   180] loss: 0.914
[5,   190] loss: 0.845
[5,   200] loss: 0.895
[5,   210] loss: 0.834
[5,   220] loss: 0.874
[5,   230] loss: 0.809
[5,   240] loss: 0.848
[5,   250] loss: 0.857
[5,   260] loss: 0.881
[5,   270] loss: 0.944
[5,   280] loss: 0.861
[5,   290] loss: 0.864
[5,   300] loss: 0.919
[5,   310] loss: 0.935
[5,   320] loss: 0.924
[5,   330] loss: 0.880
[5,   340] loss: 0.848
[5,   350] loss: 0.812
[5,   360] loss: 0.788
[5,   370] loss: 0.849
[5,   380] loss: 0.852
[5,   390] loss: 0.836
[5,   400] loss: 0.809
VALIDATION loss: 0.9053575992584229
[6,    10] loss: 0.858
[6,    20] loss: 0.879
[6,    30] loss: 0.815
[6,    40] loss: 0.897
[6,    50] loss: 0.849
[6,    60] loss: 0.870
[6,    70] loss: 0.808
[6,    80] loss: 0.800
[6,    90] loss: 0.833
[6,   100] loss: 0.878
[6,   110] loss: 0.737
[6,   120] loss: 0.804
[6,   130] loss: 0.781
[6,   140] loss: 0.715
[6,   150] loss: 0.767
[6,   160] loss: 0.799
[6,   170] loss: 0.760
[6,   180] loss: 0.718
[6,   190] loss: 0.763
[6,   200] loss: 0.748
[6,   210] loss: 0.859
[6,   220] loss: 0.837
[6,   230] loss: 0.790
[6,   240] loss: 0.827
[6,   250] loss: 0.776
[6,   260] loss: 0.784
[6,   270] loss: 0.852
[6,   280] loss: 0.785
[6,   290] loss: 0.762
[6,   300] loss: 0.764
[6,   310] loss: 0.804
[6,   320] loss: 0.762
[6,   330] loss: 0.780
[6,   340] loss: 0.786
[6,   350] loss: 0.715
[6,   360] loss: 0.806
[6,   370] loss: 0.778
[6,   380] loss: 0.715
[6,   390] loss: 0.842
[6,   400] loss: 0.782
VALIDATION loss: 0.9854018092155457
[7,    10] loss: 0.845
[7,    20] loss: 0.716
[7,    30] loss: 0.735
[7,    40] loss: 0.688
[7,    50] loss: 0.767
[7,    60] loss: 0.748
[7,    70] loss: 0.664
[7,    80] loss: 0.776
[7,    90] loss: 0.661
[7,   100] loss: 0.789
[7,   110] loss: 0.736
[7,   120] loss: 0.752
[7,   130] loss: 0.699
[7,   140] loss: 0.758
[7,   150] loss: 0.864
[7,   160] loss: 0.751
[7,   170] loss: 0.694
[7,   180] loss: 0.694
[7,   190] loss: 0.714
[7,   200] loss: 0.749
[7,   210] loss: 0.730
[7,   220] loss: 0.730
[7,   230] loss: 0.741
[7,   240] loss: 0.655
[7,   250] loss: 0.703
[7,   260] loss: 0.730
[7,   270] loss: 0.773
[7,   280] loss: 0.868
[7,   290] loss: 0.801
[7,   300] loss: 0.679
[7,   310] loss: 0.716
[7,   320] loss: 0.717
[7,   330] loss: 0.811
[7,   340] loss: 0.804
[7,   350] loss: 0.696
[7,   360] loss: 0.803
[7,   370] loss: 0.825
[7,   380] loss: 0.710
[7,   390] loss: 0.586
[7,   400] loss: 0.705
VALIDATION loss: 1.2945581674575806
[8,    10] loss: 0.713
[8,    20] loss: 0.628
[8,    30] loss: 0.658
[8,    40] loss: 0.691
[8,    50] loss: 0.689
[8,    60] loss: 0.714
[8,    70] loss: 0.633
[8,    80] loss: 0.775
[8,    90] loss: 0.779
[8,   100] loss: 0.736
[8,   110] loss: 0.690
[8,   120] loss: 0.591
[8,   130] loss: 0.709
[8,   140] loss: 0.691
[8,   150] loss: 0.707
[8,   160] loss: 0.721
[8,   170] loss: 0.676
[8,   180] loss: 0.606
[8,   190] loss: 0.796
[8,   200] loss: 0.685
[8,   210] loss: 0.578
[8,   220] loss: 0.648
[8,   230] loss: 0.638
[8,   240] loss: 0.686
[8,   250] loss: 0.623
[8,   260] loss: 0.754
[8,   270] loss: 0.624
[8,   280] loss: 0.688
[8,   290] loss: 0.711
[8,   300] loss: 0.794
[8,   310] loss: 0.765
[8,   320] loss: 0.691
[8,   330] loss: 0.774
[8,   340] loss: 0.759
[8,   350] loss: 0.794
[8,   360] loss: 0.690
[8,   370] loss: 0.653
[8,   380] loss: 0.722
[8,   390] loss: 0.651
[8,   400] loss: 0.658
VALIDATION loss: 1.9273015260696411
[9,    10] loss: 0.749
[9,    20] loss: 0.615
[9,    30] loss: 0.706
[9,    40] loss: 0.584
[9,    50] loss: 0.750
[9,    60] loss: 0.720
[9,    70] loss: 0.751
[9,    80] loss: 0.753
[9,    90] loss: 0.568
[9,   100] loss: 0.715
[9,   110] loss: 0.791
[9,   120] loss: 0.653
[9,   130] loss: 0.720
[9,   140] loss: 0.589
[9,   150] loss: 0.754
[9,   160] loss: 0.739
[9,   170] loss: 0.766
[9,   180] loss: 0.591
[9,   190] loss: 0.670
[9,   200] loss: 0.595
[9,   210] loss: 0.632
[9,   220] loss: 0.757
[9,   230] loss: 0.602
[9,   240] loss: 0.630
[9,   250] loss: 0.588
[9,   260] loss: 0.695
[9,   270] loss: 0.679
[9,   280] loss: 0.649
[9,   290] loss: 0.702
[9,   300] loss: 0.655
[9,   310] loss: 0.588
[9,   320] loss: 0.583
[9,   330] loss: 0.571
[9,   340] loss: 0.614
[9,   350] loss: 0.597
[9,   360] loss: 0.665
[9,   370] loss: 0.629
[9,   380] loss: 0.562
[9,   390] loss: 0.539
[9,   400] loss: 0.605
VALIDATION loss: 0.6169429421424866
[10,    10] loss: 0.684
[10,    20] loss: 0.569
[10,    30] loss: 0.657
[10,    40] loss: 0.744
[10,    50] loss: 0.626
[10,    60] loss: 0.627
[10,    70] loss: 0.637
[10,    80] loss: 0.646
[10,    90] loss: 0.624
[10,   100] loss: 0.723
[10,   110] loss: 0.563
[10,   120] loss: 0.677
[10,   130] loss: 0.608
[10,   140] loss: 0.623
[10,   150] loss: 0.597
[10,   160] loss: 0.547
[10,   170] loss: 0.572
[10,   180] loss: 0.601
[10,   190] loss: 0.531
[10,   200] loss: 0.703
[10,   210] loss: 0.588
[10,   220] loss: 0.702
[10,   230] loss: 0.586
[10,   240] loss: 0.589
[10,   250] loss: 0.660
[10,   260] loss: 0.576
[10,   270] loss: 0.617
[10,   280] loss: 0.671
[10,   290] loss: 0.590
[10,   300] loss: 0.573
[10,   310] loss: 0.477
[10,   320] loss: 0.647
[10,   330] loss: 0.637
[10,   340] loss: 0.523
[10,   350] loss: 0.576
[10,   360] loss: 0.658
[10,   370] loss: 0.625
[10,   380] loss: 0.567
[10,   390] loss: 0.647
[10,   400] loss: 0.574
VALIDATION loss: 0.506405770778656
[11,    10] loss: 0.586
[11,    20] loss: 0.620
[11,    30] loss: 0.659
[11,    40] loss: 0.697
[11,    50] loss: 0.682
[11,    60] loss: 0.645
[11,    70] loss: 0.586
[11,    80] loss: 0.549
[11,    90] loss: 0.590
[11,   100] loss: 0.529
[11,   110] loss: 0.635
[11,   120] loss: 0.613
[11,   130] loss: 0.499
[11,   140] loss: 0.592
[11,   150] loss: 0.594
[11,   160] loss: 0.536
[11,   170] loss: 0.594
[11,   180] loss: 0.578
[11,   190] loss: 0.655
[11,   200] loss: 0.579
[11,   210] loss: 0.569
[11,   220] loss: 0.558
[11,   230] loss: 0.609
[11,   240] loss: 0.545
[11,   250] loss: 0.488
[11,   260] loss: 0.552
[11,   270] loss: 0.568
[11,   280] loss: 0.561
[11,   290] loss: 0.555
[11,   300] loss: 0.478
[11,   310] loss: 0.623
[11,   320] loss: 0.588
[11,   330] loss: 0.597
[11,   340] loss: 0.584
[11,   350] loss: 0.506
[11,   360] loss: 0.668
[11,   370] loss: 0.523
[11,   380] loss: 0.631
[11,   390] loss: 0.622
[11,   400] loss: 0.653
VALIDATION loss: 1.1572153568267822
[12,    10] loss: 0.568
[12,    20] loss: 0.595
[12,    30] loss: 0.593
[12,    40] loss: 0.583
[12,    50] loss: 0.535
[12,    60] loss: 0.582
[12,    70] loss: 0.481
[12,    80] loss: 0.537
[12,    90] loss: 0.574
[12,   100] loss: 0.528
[12,   110] loss: 0.596
[12,   120] loss: 0.612
[12,   130] loss: 0.534
[12,   140] loss: 0.573
[12,   150] loss: 0.573
[12,   160] loss: 0.569
[12,   170] loss: 0.532
[12,   180] loss: 0.560
[12,   190] loss: 0.482
[12,   200] loss: 0.499
[12,   210] loss: 0.601
[12,   220] loss: 0.582
[12,   230] loss: 0.557
[12,   240] loss: 0.566
[12,   250] loss: 0.641
[12,   260] loss: 0.494
[12,   270] loss: 0.661
[12,   280] loss: 0.599
[12,   290] loss: 0.493
[12,   300] loss: 0.563
[12,   310] loss: 0.640
[12,   320] loss: 0.590
[12,   330] loss: 0.590
[12,   340] loss: 0.538
[12,   350] loss: 0.585
[12,   360] loss: 0.561
[12,   370] loss: 0.600
[12,   380] loss: 0.618
[12,   390] loss: 0.626
[12,   400] loss: 0.617
VALIDATION loss: 0.6164326667785645
[13,    10] loss: 0.571
[13,    20] loss: 0.607
[13,    30] loss: 0.580
[13,    40] loss: 0.574
[13,    50] loss: 0.472
[13,    60] loss: 0.565
[13,    70] loss: 0.517
[13,    80] loss: 0.553
[13,    90] loss: 0.575
[13,   100] loss: 0.575
[13,   110] loss: 0.527
[13,   120] loss: 0.537
[13,   130] loss: 0.589
[13,   140] loss: 0.579
[13,   150] loss: 0.498
[13,   160] loss: 0.568
[13,   170] loss: 0.517
[13,   180] loss: 0.549
[13,   190] loss: 0.511
[13,   200] loss: 0.593
[13,   210] loss: 0.590
[13,   220] loss: 0.556
[13,   230] loss: 0.447
[13,   240] loss: 0.562
[13,   250] loss: 0.559
[13,   260] loss: 0.545
[13,   270] loss: 0.536
[13,   280] loss: 0.541
[13,   290] loss: 0.537
[13,   300] loss: 0.481
[13,   310] loss: 0.550
[13,   320] loss: 0.598
[13,   330] loss: 0.511
[13,   340] loss: 0.563
[13,   350] loss: 0.599
[13,   360] loss: 0.574
[13,   370] loss: 0.497
[13,   380] loss: 0.588
[13,   390] loss: 0.538
[13,   400] loss: 0.486
VALIDATION loss: 0.5387894511222839
[14,    10] loss: 0.605
[14,    20] loss: 0.523
[14,    30] loss: 0.557
[14,    40] loss: 0.538
[14,    50] loss: 0.511
[14,    60] loss: 0.547
[14,    70] loss: 0.561
[14,    80] loss: 0.635
[14,    90] loss: 0.623
[14,   100] loss: 0.555
[14,   110] loss: 0.530
[14,   120] loss: 0.573
[14,   130] loss: 0.466
[14,   140] loss: 0.494
[14,   150] loss: 0.430
[14,   160] loss: 0.463
[14,   170] loss: 0.489
[14,   180] loss: 0.434
[14,   190] loss: 0.602
[14,   200] loss: 0.497
[14,   210] loss: 0.572
[14,   220] loss: 0.558
[14,   230] loss: 0.557
[14,   240] loss: 0.507
[14,   250] loss: 0.509
[14,   260] loss: 0.445
[14,   270] loss: 0.502
[14,   280] loss: 0.531
[14,   290] loss: 0.554
[14,   300] loss: 0.492
[14,   310] loss: 0.464
[14,   320] loss: 0.509
[14,   330] loss: 0.549
[14,   340] loss: 0.647
[14,   350] loss: 0.672
[14,   360] loss: 0.668
[14,   370] loss: 0.629
[14,   380] loss: 0.583
[14,   390] loss: 0.565
[14,   400] loss: 0.530
VALIDATION loss: 0.8344739675521851
[15,    10] loss: 0.609
[15,    20] loss: 0.555
[15,    30] loss: 0.658
[15,    40] loss: 0.570
[15,    50] loss: 0.562
[15,    60] loss: 0.538
[15,    70] loss: 0.558
[15,    80] loss: 0.535
[15,    90] loss: 0.452
[15,   100] loss: 0.619
[15,   110] loss: 0.518
[15,   120] loss: 0.521
[15,   130] loss: 0.647
[15,   140] loss: 0.491
[15,   150] loss: 0.561
[15,   160] loss: 0.476
[15,   170] loss: 0.554
[15,   180] loss: 0.581
[15,   190] loss: 0.505
[15,   200] loss: 0.577
[15,   210] loss: 0.542
[15,   220] loss: 0.470
[15,   230] loss: 0.609
[15,   240] loss: 0.409
[15,   250] loss: 0.518
[15,   260] loss: 0.581
[15,   270] loss: 0.552
[15,   280] loss: 0.460
[15,   290] loss: 0.510
[15,   300] loss: 0.553
[15,   310] loss: 0.551
[15,   320] loss: 0.490
[15,   330] loss: 0.543
[15,   340] loss: 0.597
[15,   350] loss: 0.574
[15,   360] loss: 0.528
[15,   370] loss: 0.475
[15,   380] loss: 0.500
[15,   390] loss: 0.496
[15,   400] loss: 0.535
VALIDATION loss: 0.5234410166740417
[16,    10] loss: 0.570
[16,    20] loss: 0.546
[16,    30] loss: 0.523
[16,    40] loss: 0.501
[16,    50] loss: 0.503
[16,    60] loss: 0.498
[16,    70] loss: 0.505
[16,    80] loss: 0.489
[16,    90] loss: 0.531
[16,   100] loss: 0.495
[16,   110] loss: 0.521
[16,   120] loss: 0.475
[16,   130] loss: 0.541
[16,   140] loss: 0.493
[16,   150] loss: 0.446
[16,   160] loss: 0.528
[16,   170] loss: 0.520
[16,   180] loss: 0.482
[16,   190] loss: 0.448
[16,   200] loss: 0.547
[16,   210] loss: 0.411
[16,   220] loss: 0.535
[16,   230] loss: 0.583
[16,   240] loss: 0.468
[16,   250] loss: 0.536
[16,   260] loss: 0.516
[16,   270] loss: 0.463
[16,   280] loss: 0.568
[16,   290] loss: 0.475
[16,   300] loss: 0.524
[16,   310] loss: 0.519
[16,   320] loss: 0.439
[16,   330] loss: 0.444
[16,   340] loss: 0.519
[16,   350] loss: 0.470
[16,   360] loss: 0.488
[16,   370] loss: 0.448
[16,   380] loss: 0.547
[16,   390] loss: 0.531
[16,   400] loss: 0.443
VALIDATION loss: 0.4508529305458069
[17,    10] loss: 0.558
[17,    20] loss: 0.507
[17,    30] loss: 0.524
[17,    40] loss: 0.520
[17,    50] loss: 0.432
[17,    60] loss: 0.578
[17,    70] loss: 0.587
[17,    80] loss: 0.488
[17,    90] loss: 0.421
[17,   100] loss: 0.426
[17,   110] loss: 0.488
[17,   120] loss: 0.450
[17,   130] loss: 0.549
[17,   140] loss: 0.430
[17,   150] loss: 0.494
[17,   160] loss: 0.483
[17,   170] loss: 0.490
[17,   180] loss: 0.499
[17,   190] loss: 0.444
[17,   200] loss: 0.443
[17,   210] loss: 0.462
[17,   220] loss: 0.475
[17,   230] loss: 0.518
[17,   240] loss: 0.492
[17,   250] loss: 0.438
[17,   260] loss: 0.490
[17,   270] loss: 0.504
[17,   280] loss: 0.515
[17,   290] loss: 0.497
[17,   300] loss: 0.476
[17,   310] loss: 0.517
[17,   320] loss: 0.474
[17,   330] loss: 0.512
[17,   340] loss: 0.533
[17,   350] loss: 0.504
[17,   360] loss: 0.424
[17,   370] loss: 0.427
[17,   380] loss: 0.431
[17,   390] loss: 0.516
[17,   400] loss: 0.502
VALIDATION loss: 2.855356216430664
[18,    10] loss: 0.452
[18,    20] loss: 0.456
[18,    30] loss: 0.413
[18,    40] loss: 0.488
[18,    50] loss: 0.458
[18,    60] loss: 0.449
[18,    70] loss: 0.437
[18,    80] loss: 0.473
[18,    90] loss: 0.434
[18,   100] loss: 0.444
[18,   110] loss: 0.432
[18,   120] loss: 0.482
[18,   130] loss: 0.455
[18,   140] loss: 0.435
[18,   150] loss: 0.448
[18,   160] loss: 0.558
[18,   170] loss: 0.383
[18,   180] loss: 0.461
[18,   190] loss: 0.459
[18,   200] loss: 0.458
[18,   210] loss: 0.512
[18,   220] loss: 0.433
[18,   230] loss: 0.468
[18,   240] loss: 0.441
[18,   250] loss: 0.495
[18,   260] loss: 0.468
[18,   270] loss: 0.487
[18,   280] loss: 0.404
[18,   290] loss: 0.401
[18,   300] loss: 0.410
[18,   310] loss: 0.389
[18,   320] loss: 0.436
[18,   330] loss: 0.455
[18,   340] loss: 0.449
[18,   350] loss: 0.451
[18,   360] loss: 0.495
[18,   370] loss: 0.583
[18,   380] loss: 0.445
[18,   390] loss: 0.454
[18,   400] loss: 0.433
VALIDATION loss: 2.050161838531494
[19,    10] loss: 0.427
[19,    20] loss: 0.420
[19,    30] loss: 0.412
[19,    40] loss: 0.416
[19,    50] loss: 0.414
[19,    60] loss: 0.499
[19,    70] loss: 0.539
[19,    80] loss: 0.487
[19,    90] loss: 0.439
[19,   100] loss: 0.406
[19,   110] loss: 0.613
[19,   120] loss: 0.489
[19,   130] loss: 0.468
[19,   140] loss: 0.482
[19,   150] loss: 0.416
[19,   160] loss: 0.419
[19,   170] loss: 0.514
[19,   180] loss: 0.467
[19,   190] loss: 0.458
[19,   200] loss: 0.423
[19,   210] loss: 0.485
[19,   220] loss: 0.409
[19,   230] loss: 0.333
[19,   240] loss: 0.418
[19,   250] loss: 0.475
[19,   260] loss: 0.472
[19,   270] loss: 0.379
[19,   280] loss: 0.409
[19,   290] loss: 0.395
[19,   300] loss: 0.379
[19,   310] loss: 0.377
[19,   320] loss: 0.453
[19,   330] loss: 0.396
[19,   340] loss: 0.389
[19,   350] loss: 0.389
[19,   360] loss: 0.418
[19,   370] loss: 0.468
[19,   380] loss: 0.406
[19,   390] loss: 0.498
[19,   400] loss: 0.414
VALIDATION loss: 0.4331871569156647
[20,    10] loss: 0.382
[20,    20] loss: 0.437
[20,    30] loss: 0.424
[20,    40] loss: 0.479
[20,    50] loss: 0.410
[20,    60] loss: 0.473
[20,    70] loss: 0.387
[20,    80] loss: 0.469
[20,    90] loss: 0.439
[20,   100] loss: 0.399
[20,   110] loss: 0.431
[20,   120] loss: 0.496
[20,   130] loss: 0.420
[20,   140] loss: 0.393
[20,   150] loss: 0.355
[20,   160] loss: 0.370
[20,   170] loss: 0.511
[20,   180] loss: 0.452
[20,   190] loss: 0.432
[20,   200] loss: 0.441
[20,   210] loss: 0.359
[20,   220] loss: 0.431
[20,   230] loss: 0.428
[20,   240] loss: 0.369
[20,   250] loss: 0.469
[20,   260] loss: 0.415
[20,   270] loss: 0.444
[20,   280] loss: 0.471
[20,   290] loss: 0.452
[20,   300] loss: 0.382
[20,   310] loss: 0.379
[20,   320] loss: 0.425
[20,   330] loss: 0.417
[20,   340] loss: 0.459
[20,   350] loss: 0.360
[20,   360] loss: 0.357
[20,   370] loss: 0.426
[20,   380] loss: 0.478
[20,   390] loss: 0.462
[20,   400] loss: 0.382
VALIDATION loss: 0.36312708258628845
[21,    10] loss: 0.378
[21,    20] loss: 0.450
[21,    30] loss: 0.373
[21,    40] loss: 0.396
[21,    50] loss: 0.412
[21,    60] loss: 0.441
[21,    70] loss: 0.380
[21,    80] loss: 0.461
[21,    90] loss: 0.493
[21,   100] loss: 0.509
[21,   110] loss: 0.490
[21,   120] loss: 0.412
[21,   130] loss: 0.405
[21,   140] loss: 0.453
[21,   150] loss: 0.442
[21,   160] loss: 0.498
[21,   170] loss: 0.449
[21,   180] loss: 0.382
[21,   190] loss: 0.411
[21,   200] loss: 0.479
[21,   210] loss: 0.390
[21,   220] loss: 0.459
[21,   230] loss: 0.426
[21,   240] loss: 0.382
[21,   250] loss: 0.472
[21,   260] loss: 0.374
[21,   270] loss: 0.405
[21,   280] loss: 0.421
[21,   290] loss: 0.416
[21,   300] loss: 0.366
[21,   310] loss: 0.336
[21,   320] loss: 0.406
[21,   330] loss: 0.360
[21,   340] loss: 0.489
[21,   350] loss: 0.404
[21,   360] loss: 0.368
[21,   370] loss: 0.401
[21,   380] loss: 0.476
[21,   390] loss: 0.389
[21,   400] loss: 0.489
VALIDATION loss: 0.41433221101760864
[22,    10] loss: 0.400
[22,    20] loss: 0.341
[22,    30] loss: 0.464
[22,    40] loss: 0.374
[22,    50] loss: 0.373
[22,    60] loss: 0.374
[22,    70] loss: 0.434
[22,    80] loss: 0.426
[22,    90] loss: 0.492
[22,   100] loss: 0.454
[22,   110] loss: 0.493
[22,   120] loss: 0.464
[22,   130] loss: 0.373
[22,   140] loss: 0.435
[22,   150] loss: 0.477
[22,   160] loss: 0.485
[22,   170] loss: 0.433
[22,   180] loss: 0.411
[22,   190] loss: 0.389
[22,   200] loss: 0.392
[22,   210] loss: 0.395
[22,   220] loss: 0.356
[22,   230] loss: 0.395
[22,   240] loss: 0.377
[22,   250] loss: 0.373
[22,   260] loss: 0.399
[22,   270] loss: 0.448
[22,   280] loss: 0.364
[22,   290] loss: 0.410
[22,   300] loss: 0.392
[22,   310] loss: 0.330
[22,   320] loss: 0.387
[22,   330] loss: 0.405
[22,   340] loss: 0.393
[22,   350] loss: 0.371
[22,   360] loss: 0.324
[22,   370] loss: 0.365
[22,   380] loss: 0.372
[22,   390] loss: 0.424
[22,   400] loss: 0.423
VALIDATION loss: 3.290605306625366
[23,    10] loss: 0.412
[23,    20] loss: 0.461
[23,    30] loss: 0.398
[23,    40] loss: 0.416
[23,    50] loss: 0.440
[23,    60] loss: 0.451
[23,    70] loss: 0.440
[23,    80] loss: 0.407
[23,    90] loss: 0.430
[23,   100] loss: 0.429
[23,   110] loss: 0.334
[23,   120] loss: 0.411
[23,   130] loss: 0.421
[23,   140] loss: 0.447
[23,   150] loss: 0.409
[23,   160] loss: 0.397
[23,   170] loss: 0.411
[23,   180] loss: 0.390
[23,   190] loss: 0.397
[23,   200] loss: 0.486
[23,   210] loss: 0.379
[23,   220] loss: 0.431
[23,   230] loss: 0.381
[23,   240] loss: 0.461
[23,   250] loss: 0.414
[23,   260] loss: 0.421
[23,   270] loss: 0.370
[23,   280] loss: 0.355
[23,   290] loss: 0.433
[23,   300] loss: 0.370
[23,   310] loss: 0.335
[23,   320] loss: 0.326
[23,   330] loss: 0.355
[23,   340] loss: 0.355
[23,   350] loss: 0.382
[23,   360] loss: 0.393
[23,   370] loss: 0.342
[23,   380] loss: 0.383
[23,   390] loss: 0.402
[23,   400] loss: 0.385
VALIDATION loss: 0.34737175703048706
[24,    10] loss: 0.371
[24,    20] loss: 0.347
[24,    30] loss: 0.334
[24,    40] loss: 0.418
[24,    50] loss: 0.360
[24,    60] loss: 0.395
[24,    70] loss: 0.361
[24,    80] loss: 0.340
[24,    90] loss: 0.341
[24,   100] loss: 0.352
[24,   110] loss: 0.398
[24,   120] loss: 0.377
[24,   130] loss: 0.403
[24,   140] loss: 0.393
[24,   150] loss: 0.406
[24,   160] loss: 0.349
[24,   170] loss: 0.382
[24,   180] loss: 0.324
[24,   190] loss: 0.367
[24,   200] loss: 0.316
[24,   210] loss: 0.408
[24,   220] loss: 0.340
[24,   230] loss: 0.382
[24,   240] loss: 0.366
[24,   250] loss: 0.378
[24,   260] loss: 0.327
[24,   270] loss: 0.401
[24,   280] loss: 0.402
[24,   290] loss: 0.382
[24,   300] loss: 0.372
[24,   310] loss: 0.400
[24,   320] loss: 0.384
[24,   330] loss: 0.360
[24,   340] loss: 0.401
[24,   350] loss: 0.300
[24,   360] loss: 0.351
[24,   370] loss: 0.342
[24,   380] loss: 0.415
[24,   390] loss: 0.338
[24,   400] loss: 0.430
VALIDATION loss: 5.203342437744141
[25,    10] loss: 0.420
[25,    20] loss: 0.399
[25,    30] loss: 0.369
[25,    40] loss: 0.345
[25,    50] loss: 0.383
[25,    60] loss: 0.366
[25,    70] loss: 0.337
[25,    80] loss: 0.348
[25,    90] loss: 0.356
[25,   100] loss: 0.364
[25,   110] loss: 0.367
[25,   120] loss: 0.350
[25,   130] loss: 0.305
[25,   140] loss: 0.359
[25,   150] loss: 0.404
[25,   160] loss: 0.392
[25,   170] loss: 0.335
[25,   180] loss: 0.432
[25,   190] loss: 0.373
[25,   200] loss: 0.343
[25,   210] loss: 0.347
[25,   220] loss: 0.323
[25,   230] loss: 0.380
[25,   240] loss: 0.357
[25,   250] loss: 0.301
[25,   260] loss: 0.374
[25,   270] loss: 0.385
[25,   280] loss: 0.435
[25,   290] loss: 0.354
[25,   300] loss: 0.329
[25,   310] loss: 0.354
[25,   320] loss: 0.303
[25,   330] loss: 0.340
[25,   340] loss: 0.291
[25,   350] loss: 0.303
[25,   360] loss: 0.394
[25,   370] loss: 0.359
[25,   380] loss: 0.414
[25,   390] loss: 0.339
[25,   400] loss: 0.396
VALIDATION loss: 0.4312053620815277
[26,    10] loss: 0.372
[26,    20] loss: 0.375
[26,    30] loss: 0.384
[26,    40] loss: 0.390
[26,    50] loss: 0.414
[26,    60] loss: 0.352
[26,    70] loss: 0.320
[26,    80] loss: 0.395
[26,    90] loss: 0.433
[26,   100] loss: 0.399
[26,   110] loss: 0.380
[26,   120] loss: 0.359
[26,   130] loss: 0.365
[26,   140] loss: 0.370
[26,   150] loss: 0.373
[26,   160] loss: 0.355
[26,   170] loss: 0.366
[26,   180] loss: 0.348
[26,   190] loss: 0.355
[26,   200] loss: 0.363
[26,   210] loss: 0.338
[26,   220] loss: 0.358
[26,   230] loss: 0.372
[26,   240] loss: 0.370
[26,   250] loss: 0.313
[26,   260] loss: 0.358
[26,   270] loss: 0.300
[26,   280] loss: 0.396
[26,   290] loss: 0.320
[26,   300] loss: 0.324
[26,   310] loss: 0.352
[26,   320] loss: 0.408
[26,   330] loss: 0.353
[26,   340] loss: 0.463
[26,   350] loss: 0.326
[26,   360] loss: 0.343
[26,   370] loss: 0.394
[26,   380] loss: 0.341
[26,   390] loss: 0.322
[26,   400] loss: 0.311
VALIDATION loss: 0.44940343499183655
[27,    10] loss: 0.376
[27,    20] loss: 0.329
[27,    30] loss: 0.361
[27,    40] loss: 0.277
[27,    50] loss: 0.335
[27,    60] loss: 0.343
[27,    70] loss: 0.375
[27,    80] loss: 0.306
[27,    90] loss: 0.341
[27,   100] loss: 0.338
[27,   110] loss: 0.331
[27,   120] loss: 0.282
[27,   130] loss: 0.433
[27,   140] loss: 0.289
[27,   150] loss: 0.306
[27,   160] loss: 0.392
[27,   170] loss: 0.368
[27,   180] loss: 0.374
[27,   190] loss: 0.235
[27,   200] loss: 0.385
[27,   210] loss: 0.436
[27,   220] loss: 0.414
[27,   230] loss: 0.320
[27,   240] loss: 0.352
[27,   250] loss: 0.337
[27,   260] loss: 0.295
[27,   270] loss: 0.386
[27,   280] loss: 0.307
[27,   290] loss: 0.324
[27,   300] loss: 0.380
[27,   310] loss: 0.405
[27,   320] loss: 0.419
[27,   330] loss: 0.372
[27,   340] loss: 0.349
[27,   350] loss: 0.426
[27,   360] loss: 0.322
[27,   370] loss: 0.347
[27,   380] loss: 0.364
[27,   390] loss: 0.382
[27,   400] loss: 0.319
VALIDATION loss: 0.7248085141181946
[28,    10] loss: 0.345
[28,    20] loss: 0.273
[28,    30] loss: 0.300
[28,    40] loss: 0.386
[28,    50] loss: 0.327
[28,    60] loss: 0.368
[28,    70] loss: 0.305
[28,    80] loss: 0.310
[28,    90] loss: 0.360
[28,   100] loss: 0.320
[28,   110] loss: 0.362
[28,   120] loss: 0.301
[28,   130] loss: 0.264
[28,   140] loss: 0.328
[28,   150] loss: 0.379
[28,   160] loss: 0.361
[28,   170] loss: 0.393
[28,   180] loss: 0.355
[28,   190] loss: 0.363
[28,   200] loss: 0.369
[28,   210] loss: 0.386
[28,   220] loss: 0.309
[28,   230] loss: 0.390
[28,   240] loss: 0.364
[28,   250] loss: 0.334
[28,   260] loss: 0.359
[28,   270] loss: 0.362
[28,   280] loss: 0.382
[28,   290] loss: 0.259
[28,   300] loss: 0.332
[28,   310] loss: 0.321
[28,   320] loss: 0.324
[28,   330] loss: 0.302
[28,   340] loss: 0.338
[28,   350] loss: 0.392
[28,   360] loss: 0.364
[28,   370] loss: 0.325
[28,   380] loss: 0.296
[28,   390] loss: 0.365
[28,   400] loss: 0.351
VALIDATION loss: 1.1456378698349
[29,    10] loss: 0.352
[29,    20] loss: 0.291
[29,    30] loss: 0.326
[29,    40] loss: 0.320
[29,    50] loss: 0.291
[29,    60] loss: 0.425
[29,    70] loss: 0.335
[29,    80] loss: 0.359
[29,    90] loss: 0.338
[29,   100] loss: 0.352
[29,   110] loss: 0.293
[29,   120] loss: 0.322
[29,   130] loss: 0.353
[29,   140] loss: 0.294
[29,   150] loss: 0.369
[29,   160] loss: 0.376
[29,   170] loss: 0.341
[29,   180] loss: 0.324
[29,   190] loss: 0.328
[29,   200] loss: 0.353
[29,   210] loss: 0.312
[29,   220] loss: 0.343
[29,   230] loss: 0.307
[29,   240] loss: 0.402
[29,   250] loss: 0.416
[29,   260] loss: 0.377
[29,   270] loss: 0.312
[29,   280] loss: 0.386
[29,   290] loss: 0.315
[29,   300] loss: 0.349
[29,   310] loss: 0.324
[29,   320] loss: 0.318
[29,   330] loss: 0.421
[29,   340] loss: 0.340
[29,   350] loss: 0.374
[29,   360] loss: 0.281
[29,   370] loss: 0.264
[29,   380] loss: 0.302
[29,   390] loss: 0.308
[29,   400] loss: 0.358
VALIDATION loss: 0.3203805088996887
[30,    10] loss: 0.334
[30,    20] loss: 0.369
[30,    30] loss: 0.320
[30,    40] loss: 0.280
[30,    50] loss: 0.339
[30,    60] loss: 0.362
[30,    70] loss: 0.383
[30,    80] loss: 0.386
[30,    90] loss: 0.321
[30,   100] loss: 0.315
[30,   110] loss: 0.310
[30,   120] loss: 0.319
[30,   130] loss: 0.279
[30,   140] loss: 0.321
[30,   150] loss: 0.250
[30,   160] loss: 0.308
[30,   170] loss: 0.272
[30,   180] loss: 0.338
[30,   190] loss: 0.284
[30,   200] loss: 0.364
[30,   210] loss: 0.276
[30,   220] loss: 0.305
[30,   230] loss: 0.369
[30,   240] loss: 0.311
[30,   250] loss: 0.365
[30,   260] loss: 0.328
[30,   270] loss: 0.330
[30,   280] loss: 0.311
[30,   290] loss: 0.379
[30,   300] loss: 0.272
[30,   310] loss: 0.278
[30,   320] loss: 0.324
[30,   330] loss: 0.347
[30,   340] loss: 0.294
[30,   350] loss: 0.341
[30,   360] loss: 0.327
[30,   370] loss: 0.278
[30,   380] loss: 0.342
[30,   390] loss: 0.310
[30,   400] loss: 0.415
VALIDATION loss: 4.001673698425293
[31,    10] loss: 0.322
[31,    20] loss: 0.336
[31,    30] loss: 0.264
[31,    40] loss: 0.275
[31,    50] loss: 0.340
[31,    60] loss: 0.326
[31,    70] loss: 0.339
[31,    80] loss: 0.316
[31,    90] loss: 0.282
[31,   100] loss: 0.292
[31,   110] loss: 0.355
[31,   120] loss: 0.318
[31,   130] loss: 0.327
[31,   140] loss: 0.311
[31,   150] loss: 0.305
[31,   160] loss: 0.357
[31,   170] loss: 0.320
[31,   180] loss: 0.289
[31,   190] loss: 0.359
[31,   200] loss: 0.297
[31,   210] loss: 0.361
[31,   220] loss: 0.299
[31,   230] loss: 0.347
[31,   240] loss: 0.385
[31,   250] loss: 0.302
[31,   260] loss: 0.291
[31,   270] loss: 0.324
[31,   280] loss: 0.322
[31,   290] loss: 0.342
[31,   300] loss: 0.301
[31,   310] loss: 0.274
[31,   320] loss: 0.314
[31,   330] loss: 0.276
[31,   340] loss: 0.367
[31,   350] loss: 0.266
[31,   360] loss: 0.252
[31,   370] loss: 0.284
[31,   380] loss: 0.403
[31,   390] loss: 0.276
[31,   400] loss: 0.338
VALIDATION loss: 1.2289766073226929
[32,    10] loss: 0.283
[32,    20] loss: 0.287
[32,    30] loss: 0.296
[32,    40] loss: 0.345
[32,    50] loss: 0.328
[32,    60] loss: 0.285
[32,    70] loss: 0.322
[32,    80] loss: 0.409
[32,    90] loss: 0.356
[32,   100] loss: 0.294
[32,   110] loss: 0.303
[32,   120] loss: 0.370
[32,   130] loss: 0.315
[32,   140] loss: 0.323
[32,   150] loss: 0.327
[32,   160] loss: 0.303
[32,   170] loss: 0.372
[32,   180] loss: 0.330
[32,   190] loss: 0.265
[32,   200] loss: 0.294
[32,   210] loss: 0.310
[32,   220] loss: 0.264
[32,   230] loss: 0.264
[32,   240] loss: 0.274
[32,   250] loss: 0.256
[32,   260] loss: 0.279
[32,   270] loss: 0.297
[32,   280] loss: 0.263
[32,   290] loss: 0.272
[32,   300] loss: 0.334
[32,   310] loss: 0.321
[32,   320] loss: 0.249
[32,   330] loss: 0.383
[32,   340] loss: 0.245
[32,   350] loss: 0.373
[32,   360] loss: 0.244
[32,   370] loss: 0.409
[32,   380] loss: 0.294
[32,   390] loss: 0.289
[32,   400] loss: 0.317
VALIDATION loss: 0.36055079102516174
[33,    10] loss: 0.281
[33,    20] loss: 0.315
[33,    30] loss: 0.249
[33,    40] loss: 0.330
[33,    50] loss: 0.251
[33,    60] loss: 0.386
[33,    70] loss: 0.307
[33,    80] loss: 0.324
[33,    90] loss: 0.212
[33,   100] loss: 0.276
[33,   110] loss: 0.283
[33,   120] loss: 0.346
[33,   130] loss: 0.361
[33,   140] loss: 0.333
[33,   150] loss: 0.300
[33,   160] loss: 0.230
[33,   170] loss: 0.337
[33,   180] loss: 0.352
[33,   190] loss: 0.348
[33,   200] loss: 0.267
[33,   210] loss: 0.341
[33,   220] loss: 0.252
[33,   230] loss: 0.318
[33,   240] loss: 0.344
[33,   250] loss: 0.306
[33,   260] loss: 0.326
[33,   270] loss: 0.331
[33,   280] loss: 0.308
[33,   290] loss: 0.369
[33,   300] loss: 0.297
[33,   310] loss: 0.295
[33,   320] loss: 0.302
[33,   330] loss: 0.329
[33,   340] loss: 0.309
[33,   350] loss: 0.364
[33,   360] loss: 0.253
[33,   370] loss: 0.297
[33,   380] loss: 0.286
[33,   390] loss: 0.227
[33,   400] loss: 0.267
VALIDATION loss: 0.6455033421516418
[34,    10] loss: 0.347
[34,    20] loss: 0.309
[34,    30] loss: 0.325
[34,    40] loss: 0.289
[34,    50] loss: 0.343
[34,    60] loss: 0.298
[34,    70] loss: 0.282
[34,    80] loss: 0.243
[34,    90] loss: 0.327
[34,   100] loss: 0.297
[34,   110] loss: 0.292
[34,   120] loss: 0.281
[34,   130] loss: 0.301
[34,   140] loss: 0.297
[34,   150] loss: 0.341
[34,   160] loss: 0.345
[34,   170] loss: 0.331
[34,   180] loss: 0.336
[34,   190] loss: 0.275
[34,   200] loss: 0.297
[34,   210] loss: 0.240
[34,   220] loss: 0.316
[34,   230] loss: 0.335
[34,   240] loss: 0.281
[34,   250] loss: 0.297
[34,   260] loss: 0.310
[34,   270] loss: 0.275
[34,   280] loss: 0.247
[34,   290] loss: 0.323
[34,   300] loss: 0.316
[34,   310] loss: 0.269
[34,   320] loss: 0.265
[34,   330] loss: 0.305
[34,   340] loss: 0.311
[34,   350] loss: 0.290
[34,   360] loss: 0.326
[34,   370] loss: 0.287
[34,   380] loss: 0.326
[34,   390] loss: 0.276
[34,   400] loss: 0.264
VALIDATION loss: 0.29099786281585693
[35,    10] loss: 0.281
[35,    20] loss: 0.361
[35,    30] loss: 0.264
[35,    40] loss: 0.300
[35,    50] loss: 0.335
[35,    60] loss: 0.295
[35,    70] loss: 0.270
[35,    80] loss: 0.308
[35,    90] loss: 0.324
[35,   100] loss: 0.285
[35,   110] loss: 0.247
[35,   120] loss: 0.322
[35,   130] loss: 0.287
[35,   140] loss: 0.260
[35,   150] loss: 0.275
[35,   160] loss: 0.256
[35,   170] loss: 0.254
[35,   180] loss: 0.295
[35,   190] loss: 0.343
[35,   200] loss: 0.324
[35,   210] loss: 0.249
[35,   220] loss: 0.350
[35,   230] loss: 0.352
[35,   240] loss: 0.374
[35,   250] loss: 0.268
[35,   260] loss: 0.264
[35,   270] loss: 0.268
[35,   280] loss: 0.327
[35,   290] loss: 0.345
[35,   300] loss: 0.322
[35,   310] loss: 0.290
[35,   320] loss: 0.282
[35,   330] loss: 0.304
[35,   340] loss: 0.296
[35,   350] loss: 0.280
[35,   360] loss: 0.270
[35,   370] loss: 0.289
[35,   380] loss: 0.251
[35,   390] loss: 0.297
[35,   400] loss: 0.310
VALIDATION loss: 0.2924465239048004
[36,    10] loss: 0.286
[36,    20] loss: 0.272
[36,    30] loss: 0.271
[36,    40] loss: 0.295
[36,    50] loss: 0.280
[36,    60] loss: 0.298
[36,    70] loss: 0.272
[36,    80] loss: 0.274
[36,    90] loss: 0.320
[36,   100] loss: 0.291
[36,   110] loss: 0.287
[36,   120] loss: 0.268
[36,   130] loss: 0.293
[36,   140] loss: 0.311
[36,   150] loss: 0.326
[36,   160] loss: 0.315
[36,   170] loss: 0.316
[36,   180] loss: 0.264
[36,   190] loss: 0.316
[36,   200] loss: 0.307
[36,   210] loss: 0.261
[36,   220] loss: 0.246
[36,   230] loss: 0.268
[36,   240] loss: 0.308
[36,   250] loss: 0.249
[36,   260] loss: 0.375
[36,   270] loss: 0.331
[36,   280] loss: 0.236
[36,   290] loss: 0.357
[36,   300] loss: 0.262
[36,   310] loss: 0.267
[36,   320] loss: 0.290
[36,   330] loss: 0.257
[36,   340] loss: 0.279
[36,   350] loss: 0.301
[36,   360] loss: 0.298
[36,   370] loss: 0.326
[36,   380] loss: 0.298
[36,   390] loss: 0.255
[36,   400] loss: 0.320
VALIDATION loss: 1.056588888168335
[37,    10] loss: 0.309
[37,    20] loss: 0.272
[37,    30] loss: 0.318
[37,    40] loss: 0.290
[37,    50] loss: 0.265
[37,    60] loss: 0.272
[37,    70] loss: 0.269
[37,    80] loss: 0.340
[37,    90] loss: 0.308
[37,   100] loss: 0.308
[37,   110] loss: 0.225
[37,   120] loss: 0.286
[37,   130] loss: 0.278
[37,   140] loss: 0.320
[37,   150] loss: 0.240
[37,   160] loss: 0.281
[37,   170] loss: 0.261
[37,   180] loss: 0.227
[37,   190] loss: 0.263
[37,   200] loss: 0.259
[37,   210] loss: 0.289
[37,   220] loss: 0.292
[37,   230] loss: 0.249
[37,   240] loss: 0.292
[37,   250] loss: 0.245
[37,   260] loss: 0.313
[37,   270] loss: 0.243
[37,   280] loss: 0.286
[37,   290] loss: 0.300
[37,   300] loss: 0.237
[37,   310] loss: 0.248
[37,   320] loss: 0.226
[37,   330] loss: 0.295
[37,   340] loss: 0.274
[37,   350] loss: 0.334
[37,   360] loss: 0.271
[37,   370] loss: 0.309
[37,   380] loss: 0.245
[37,   390] loss: 0.293
[37,   400] loss: 0.268
VALIDATION loss: 0.32452359795570374
[38,    10] loss: 0.278
[38,    20] loss: 0.264
[38,    30] loss: 0.267
[38,    40] loss: 0.295
[38,    50] loss: 0.324
[38,    60] loss: 0.323
[38,    70] loss: 0.305
[38,    80] loss: 0.305
[38,    90] loss: 0.279
[38,   100] loss: 0.242
[38,   110] loss: 0.225
[38,   120] loss: 0.258
[38,   130] loss: 0.242
[38,   140] loss: 0.295
[38,   150] loss: 0.272
[38,   160] loss: 0.258
[38,   170] loss: 0.260
[38,   180] loss: 0.252
[38,   190] loss: 0.300
[38,   200] loss: 0.267
[38,   210] loss: 0.239
[38,   220] loss: 0.335
[38,   230] loss: 0.289
[38,   240] loss: 0.239
[38,   250] loss: 0.277
[38,   260] loss: 0.254
[38,   270] loss: 0.251
[38,   280] loss: 0.244
[38,   290] loss: 0.232
[38,   300] loss: 0.281
[38,   310] loss: 0.187
[38,   320] loss: 0.254
[38,   330] loss: 0.233
[38,   340] loss: 0.271
[38,   350] loss: 0.284
[38,   360] loss: 0.247
[38,   370] loss: 0.315
[38,   380] loss: 0.338
[38,   390] loss: 0.320
[38,   400] loss: 0.291
VALIDATION loss: 0.3131962716579437
[39,    10] loss: 0.319
[39,    20] loss: 0.209
[39,    30] loss: 0.262
[39,    40] loss: 0.235
[39,    50] loss: 0.248
[39,    60] loss: 0.316
[39,    70] loss: 0.252
[39,    80] loss: 0.315
[39,    90] loss: 0.239
[39,   100] loss: 0.304
[39,   110] loss: 0.316
[39,   120] loss: 0.300
[39,   130] loss: 0.342
[39,   140] loss: 0.229
[39,   150] loss: 0.243
[39,   160] loss: 0.228
[39,   170] loss: 0.261
[39,   180] loss: 0.279
[39,   190] loss: 0.252
[39,   200] loss: 0.284
[39,   210] loss: 0.309
[39,   220] loss: 0.233
[39,   230] loss: 0.258
[39,   240] loss: 0.234
[39,   250] loss: 0.301
[39,   260] loss: 0.280
[39,   270] loss: 0.282
[39,   280] loss: 0.236
[39,   290] loss: 0.290
[39,   300] loss: 0.271
[39,   310] loss: 0.291
[39,   320] loss: 0.296
[39,   330] loss: 0.233
[39,   340] loss: 0.275
[39,   350] loss: 0.305
[39,   360] loss: 0.311
[39,   370] loss: 0.226
[39,   380] loss: 0.257
[39,   390] loss: 0.271
[39,   400] loss: 0.220
VALIDATION loss: 0.2313554584980011
[40,    10] loss: 0.238
[40,    20] loss: 0.278
[40,    30] loss: 0.210
[40,    40] loss: 0.278
[40,    50] loss: 0.299
[40,    60] loss: 0.254
[40,    70] loss: 0.226
[40,    80] loss: 0.257
[40,    90] loss: 0.208
[40,   100] loss: 0.254
[40,   110] loss: 0.250
[40,   120] loss: 0.260
[40,   130] loss: 0.221
[40,   140] loss: 0.265
[40,   150] loss: 0.272
[40,   160] loss: 0.217
[40,   170] loss: 0.344
[40,   180] loss: 0.197
[40,   190] loss: 0.280
[40,   200] loss: 0.276
[40,   210] loss: 0.346
[40,   220] loss: 0.261
[40,   230] loss: 0.261
[40,   240] loss: 0.247
[40,   250] loss: 0.288
[40,   260] loss: 0.214
[40,   270] loss: 0.289
[40,   280] loss: 0.244
[40,   290] loss: 0.226
[40,   300] loss: 0.251
[40,   310] loss: 0.225
[40,   320] loss: 0.268
[40,   330] loss: 0.262
[40,   340] loss: 0.302
[40,   350] loss: 0.300
[40,   360] loss: 0.262
[40,   370] loss: 0.236
[40,   380] loss: 0.261
[40,   390] loss: 0.265
[40,   400] loss: 0.281
VALIDATION loss: 0.6101571917533875
[41,    10] loss: 0.254
[41,    20] loss: 0.241
[41,    30] loss: 0.214
[41,    40] loss: 0.294
[41,    50] loss: 0.277
[41,    60] loss: 0.241
[41,    70] loss: 0.259
[41,    80] loss: 0.267
[41,    90] loss: 0.258
[41,   100] loss: 0.214
[41,   110] loss: 0.231
[41,   120] loss: 0.265
[41,   130] loss: 0.208
[41,   140] loss: 0.265
[41,   150] loss: 0.300
[41,   160] loss: 0.259
[41,   170] loss: 0.231
[41,   180] loss: 0.280
[41,   190] loss: 0.270
[41,   200] loss: 0.268
[41,   210] loss: 0.307
[41,   220] loss: 0.347
[41,   230] loss: 0.210
[41,   240] loss: 0.231
[41,   250] loss: 0.225
[41,   260] loss: 0.208
[41,   270] loss: 0.273
[41,   280] loss: 0.303
[41,   290] loss: 0.299
[41,   300] loss: 0.246
[41,   310] loss: 0.212
[41,   320] loss: 0.263
[41,   330] loss: 0.243
[41,   340] loss: 0.224
[41,   350] loss: 0.270
[41,   360] loss: 0.310
[41,   370] loss: 0.213
[41,   380] loss: 0.232
[41,   390] loss: 0.320
[41,   400] loss: 0.266
VALIDATION loss: 0.2537931203842163
[42,    10] loss: 0.205
[42,    20] loss: 0.278
[42,    30] loss: 0.191
[42,    40] loss: 0.231
[42,    50] loss: 0.238
[42,    60] loss: 0.241
[42,    70] loss: 0.247
[42,    80] loss: 0.296
[42,    90] loss: 0.262
[42,   100] loss: 0.214
[42,   110] loss: 0.235
[42,   120] loss: 0.226
[42,   130] loss: 0.258
[42,   140] loss: 0.201
[42,   150] loss: 0.224
[42,   160] loss: 0.241
[42,   170] loss: 0.220
[42,   180] loss: 0.261
[42,   190] loss: 0.284
[42,   200] loss: 0.256
[42,   210] loss: 0.264
[42,   220] loss: 0.243
[42,   230] loss: 0.291
[42,   240] loss: 0.274
[42,   250] loss: 0.188
[42,   260] loss: 0.239
[42,   270] loss: 0.266
[42,   280] loss: 0.220
[42,   290] loss: 0.236
[42,   300] loss: 0.339
[42,   310] loss: 0.300
[42,   320] loss: 0.272
[42,   330] loss: 0.209
[42,   340] loss: 0.249
[42,   350] loss: 0.281
[42,   360] loss: 0.256
[42,   370] loss: 0.288
[42,   380] loss: 0.299
[42,   390] loss: 0.295
[42,   400] loss: 0.227
VALIDATION loss: 0.2397272139787674
[43,    10] loss: 0.270
[43,    20] loss: 0.184
[43,    30] loss: 0.212
[43,    40] loss: 0.215
[43,    50] loss: 0.222
[43,    60] loss: 0.227
[43,    70] loss: 0.240
[43,    80] loss: 0.217
[43,    90] loss: 0.249
[43,   100] loss: 0.279
[43,   110] loss: 0.266
[43,   120] loss: 0.261
[43,   130] loss: 0.224
[43,   140] loss: 0.213
[43,   150] loss: 0.299
[43,   160] loss: 0.266
[43,   170] loss: 0.228
[43,   180] loss: 0.337
[43,   190] loss: 0.249
[43,   200] loss: 0.261
[43,   210] loss: 0.254
[43,   220] loss: 0.340
[43,   230] loss: 0.264
[43,   240] loss: 0.204
[43,   250] loss: 0.273
[43,   260] loss: 0.253
[43,   270] loss: 0.258
[43,   280] loss: 0.304
[43,   290] loss: 0.253
[43,   300] loss: 0.311
[43,   310] loss: 0.287
[43,   320] loss: 0.272
[43,   330] loss: 0.301
[43,   340] loss: 0.192
[43,   350] loss: 0.221
[43,   360] loss: 0.247
[43,   370] loss: 0.319
[43,   380] loss: 0.258
[43,   390] loss: 0.227
[43,   400] loss: 0.238
VALIDATION loss: 1.3914183378219604
[44,    10] loss: 0.331
[44,    20] loss: 0.294
[44,    30] loss: 0.303
[44,    40] loss: 0.283
[44,    50] loss: 0.271
[44,    60] loss: 0.176
[44,    70] loss: 0.246
[44,    80] loss: 0.294
[44,    90] loss: 0.240
[44,   100] loss: 0.217
[44,   110] loss: 0.253
[44,   120] loss: 0.256
[44,   130] loss: 0.199
[44,   140] loss: 0.238
[44,   150] loss: 0.278
[44,   160] loss: 0.233
[44,   170] loss: 0.222
[44,   180] loss: 0.252
[44,   190] loss: 0.249
[44,   200] loss: 0.248
[44,   210] loss: 0.276
[44,   220] loss: 0.244
[44,   230] loss: 0.156
[44,   240] loss: 0.175
[44,   250] loss: 0.273
[44,   260] loss: 0.275
[44,   270] loss: 0.234
[44,   280] loss: 0.260
[44,   290] loss: 0.256
[44,   300] loss: 0.223
[44,   310] loss: 0.262
[44,   320] loss: 0.264
[44,   330] loss: 0.246
[44,   340] loss: 0.212
[44,   350] loss: 0.220
[44,   360] loss: 0.242
[44,   370] loss: 0.225
[44,   380] loss: 0.245
[44,   390] loss: 0.244
[44,   400] loss: 0.238
VALIDATION loss: 0.27430397272109985
[45,    10] loss: 0.257
[45,    20] loss: 0.239
[45,    30] loss: 0.258
[45,    40] loss: 0.244
[45,    50] loss: 0.257
[45,    60] loss: 0.279
[45,    70] loss: 0.231
[45,    80] loss: 0.218
[45,    90] loss: 0.253
[45,   100] loss: 0.248
[45,   110] loss: 0.240
[45,   120] loss: 0.227
[45,   130] loss: 0.236
[45,   140] loss: 0.229
[45,   150] loss: 0.231
[45,   160] loss: 0.240
[45,   170] loss: 0.235
[45,   180] loss: 0.201
[45,   190] loss: 0.282
[45,   200] loss: 0.212
[45,   210] loss: 0.282
[45,   220] loss: 0.241
[45,   230] loss: 0.223
[45,   240] loss: 0.275
[45,   250] loss: 0.242
[45,   260] loss: 0.235
[45,   270] loss: 0.253
[45,   280] loss: 0.268
[45,   290] loss: 0.266
[45,   300] loss: 0.185
[45,   310] loss: 0.236
[45,   320] loss: 0.243
[45,   330] loss: 0.197
[45,   340] loss: 0.193
[45,   350] loss: 0.243
[45,   360] loss: 0.226
[45,   370] loss: 0.260
[45,   380] loss: 0.308
[45,   390] loss: 0.260
[45,   400] loss: 0.265
VALIDATION loss: 0.5174484848976135
[46,    10] loss: 0.230
[46,    20] loss: 0.210
[46,    30] loss: 0.301
[46,    40] loss: 0.231
[46,    50] loss: 0.232
[46,    60] loss: 0.247
[46,    70] loss: 0.159
[46,    80] loss: 0.246
[46,    90] loss: 0.250
[46,   100] loss: 0.297
[46,   110] loss: 0.263
[46,   120] loss: 0.208
[46,   130] loss: 0.236
[46,   140] loss: 0.215
[46,   150] loss: 0.224
[46,   160] loss: 0.200
[46,   170] loss: 0.287
[46,   180] loss: 0.237
[46,   190] loss: 0.221
[46,   200] loss: 0.238
[46,   210] loss: 0.242
[46,   220] loss: 0.263
[46,   230] loss: 0.204
[46,   240] loss: 0.265
[46,   250] loss: 0.209
[46,   260] loss: 0.178
[46,   270] loss: 0.271
[46,   280] loss: 0.229
[46,   290] loss: 0.208
[46,   300] loss: 0.273
[46,   310] loss: 0.275
[46,   320] loss: 0.199
[46,   330] loss: 0.289
[46,   340] loss: 0.187
[46,   350] loss: 0.175
[46,   360] loss: 0.237
[46,   370] loss: 0.262
[46,   380] loss: 0.238
[46,   390] loss: 0.260
[46,   400] loss: 0.242
VALIDATION loss: 0.21082301437854767
[47,    10] loss: 0.236
[47,    20] loss: 0.181
[47,    30] loss: 0.228
[47,    40] loss: 0.268
[47,    50] loss: 0.241
[47,    60] loss: 0.270
[47,    70] loss: 0.269
[47,    80] loss: 0.256
[47,    90] loss: 0.222
[47,   100] loss: 0.188
[47,   110] loss: 0.215
[47,   120] loss: 0.220
[47,   130] loss: 0.293
[47,   140] loss: 0.269
[47,   150] loss: 0.190
[47,   160] loss: 0.230
[47,   170] loss: 0.211
[47,   180] loss: 0.234
[47,   190] loss: 0.252
[47,   200] loss: 0.214
[47,   210] loss: 0.259
[47,   220] loss: 0.196
[47,   230] loss: 0.235
[47,   240] loss: 0.217
[47,   250] loss: 0.291
[47,   260] loss: 0.230
[47,   270] loss: 0.207
[47,   280] loss: 0.260
[47,   290] loss: 0.274
[47,   300] loss: 0.193
[47,   310] loss: 0.228
[47,   320] loss: 0.227
[47,   330] loss: 0.235
[47,   340] loss: 0.284
[47,   350] loss: 0.211
[47,   360] loss: 0.178
[47,   370] loss: 0.257
[47,   380] loss: 0.188
[47,   390] loss: 0.267
[47,   400] loss: 0.204
VALIDATION loss: 0.23041599988937378
[48,    10] loss: 0.311
[48,    20] loss: 0.240
[48,    30] loss: 0.252
[48,    40] loss: 0.199
[48,    50] loss: 0.218
[48,    60] loss: 0.244
[48,    70] loss: 0.253
[48,    80] loss: 0.231
[48,    90] loss: 0.246
[48,   100] loss: 0.270
[48,   110] loss: 0.237
[48,   120] loss: 0.196
[48,   130] loss: 0.262
[48,   140] loss: 0.153
[48,   150] loss: 0.197
[48,   160] loss: 0.209
[48,   170] loss: 0.214
[48,   180] loss: 0.256
[48,   190] loss: 0.208
[48,   200] loss: 0.237
[48,   210] loss: 0.185
[48,   220] loss: 0.247
[48,   230] loss: 0.229
[48,   240] loss: 0.182
[48,   250] loss: 0.252
[48,   260] loss: 0.223
[48,   270] loss: 0.187
[48,   280] loss: 0.217
[48,   290] loss: 0.230
[48,   300] loss: 0.183
[48,   310] loss: 0.252
[48,   320] loss: 0.224
[48,   330] loss: 0.227
[48,   340] loss: 0.232
[48,   350] loss: 0.226
[48,   360] loss: 0.228
[48,   370] loss: 0.178
[48,   380] loss: 0.297
[48,   390] loss: 0.248
[48,   400] loss: 0.277
VALIDATION loss: 1.0715548992156982
[49,    10] loss: 0.315
[49,    20] loss: 0.219
[49,    30] loss: 0.287
[49,    40] loss: 0.218
[49,    50] loss: 0.259
[49,    60] loss: 0.189
[49,    70] loss: 0.191
[49,    80] loss: 0.248
[49,    90] loss: 0.262
[49,   100] loss: 0.212
[49,   110] loss: 0.199
[49,   120] loss: 0.239
[49,   130] loss: 0.285
[49,   140] loss: 0.188
[49,   150] loss: 0.291
[49,   160] loss: 0.266
[49,   170] loss: 0.223
[49,   180] loss: 0.207
[49,   190] loss: 0.202
[49,   200] loss: 0.202
[49,   210] loss: 0.202
[49,   220] loss: 0.206
[49,   230] loss: 0.210
[49,   240] loss: 0.226
[49,   250] loss: 0.220
[49,   260] loss: 0.201
[49,   270] loss: 0.199
[49,   280] loss: 0.174
[49,   290] loss: 0.219
[49,   300] loss: 0.260
[49,   310] loss: 0.230
[49,   320] loss: 0.286
[49,   330] loss: 0.259
[49,   340] loss: 0.247
[49,   350] loss: 0.215
[49,   360] loss: 0.217
[49,   370] loss: 0.277
[49,   380] loss: 0.219
[49,   390] loss: 0.222
[49,   400] loss: 0.233
VALIDATION loss: 1.5945913791656494
[50,    10] loss: 0.209
[50,    20] loss: 0.225
[50,    30] loss: 0.263
[50,    40] loss: 0.255
[50,    50] loss: 0.204
[50,    60] loss: 0.218
[50,    70] loss: 0.195
[50,    80] loss: 0.253
[50,    90] loss: 0.278
[50,   100] loss: 0.213
[50,   110] loss: 0.182
[50,   120] loss: 0.245
[50,   130] loss: 0.208
[50,   140] loss: 0.217
[50,   150] loss: 0.198
[50,   160] loss: 0.210
[50,   170] loss: 0.199
[50,   180] loss: 0.275
[50,   190] loss: 0.210
[50,   200] loss: 0.214
[50,   210] loss: 0.192
[50,   220] loss: 0.250
[50,   230] loss: 0.240
[50,   240] loss: 0.273
[50,   250] loss: 0.193
[50,   260] loss: 0.202
[50,   270] loss: 0.243
[50,   280] loss: 0.219
[50,   290] loss: 0.229
[50,   300] loss: 0.206
[50,   310] loss: 0.242
[50,   320] loss: 0.203
[50,   330] loss: 0.207
[50,   340] loss: 0.228
[50,   350] loss: 0.257
[50,   360] loss: 0.275
[50,   370] loss: 0.228
[50,   380] loss: 0.261
[50,   390] loss: 0.212
[50,   400] loss: 0.227
VALIDATION loss: 0.28686946630477905
[51,    10] loss: 0.237
[51,    20] loss: 0.215
[51,    30] loss: 0.263
[51,    40] loss: 0.199
[51,    50] loss: 0.234
[51,    60] loss: 0.262
[51,    70] loss: 0.241
[51,    80] loss: 0.245
[51,    90] loss: 0.215
[51,   100] loss: 0.177
[51,   110] loss: 0.180
[51,   120] loss: 0.219
[51,   130] loss: 0.205
[51,   140] loss: 0.165
[51,   150] loss: 0.191
[51,   160] loss: 0.196
[51,   170] loss: 0.236
[51,   180] loss: 0.223
[51,   190] loss: 0.225
[51,   200] loss: 0.225
[51,   210] loss: 0.199
[51,   220] loss: 0.195
[51,   230] loss: 0.214
[51,   240] loss: 0.262
[51,   250] loss: 0.193
[51,   260] loss: 0.187
[51,   270] loss: 0.243
[51,   280] loss: 0.259
[51,   290] loss: 0.257
[51,   300] loss: 0.185
[51,   310] loss: 0.228
[51,   320] loss: 0.253
[51,   330] loss: 0.220
[51,   340] loss: 0.234
[51,   350] loss: 0.228
[51,   360] loss: 0.231
[51,   370] loss: 0.221
[51,   380] loss: 0.231
[51,   390] loss: 0.228
[51,   400] loss: 0.242
VALIDATION loss: 0.2944470942020416
[52,    10] loss: 0.217
[52,    20] loss: 0.185
[52,    30] loss: 0.249
[52,    40] loss: 0.250
[52,    50] loss: 0.264
[52,    60] loss: 0.182
[52,    70] loss: 0.200
[52,    80] loss: 0.211
[52,    90] loss: 0.190
[52,   100] loss: 0.184
[52,   110] loss: 0.170
[52,   120] loss: 0.213
[52,   130] loss: 0.217
[52,   140] loss: 0.210
[52,   150] loss: 0.253
[52,   160] loss: 0.206
[52,   170] loss: 0.256
[52,   180] loss: 0.217
[52,   190] loss: 0.198
[52,   200] loss: 0.219
[52,   210] loss: 0.212
[52,   220] loss: 0.239
[52,   230] loss: 0.218
[52,   240] loss: 0.196
[52,   250] loss: 0.197
[52,   260] loss: 0.246
[52,   270] loss: 0.169
[52,   280] loss: 0.241
[52,   290] loss: 0.195
[52,   300] loss: 0.219
[52,   310] loss: 0.234
[52,   320] loss: 0.201
[52,   330] loss: 0.211
[52,   340] loss: 0.201
[52,   350] loss: 0.210
[52,   360] loss: 0.258
[52,   370] loss: 0.205
[52,   380] loss: 0.236
[52,   390] loss: 0.201
[52,   400] loss: 0.252
VALIDATION loss: 0.6559321284294128
[53,    10] loss: 0.188
[53,    20] loss: 0.222
[53,    30] loss: 0.226
[53,    40] loss: 0.221
[53,    50] loss: 0.247
[53,    60] loss: 0.212
[53,    70] loss: 0.277
[53,    80] loss: 0.237
[53,    90] loss: 0.270
[53,   100] loss: 0.242
[53,   110] loss: 0.209
[53,   120] loss: 0.196
[53,   130] loss: 0.227
[53,   140] loss: 0.239
[53,   150] loss: 0.207
[53,   160] loss: 0.270
[53,   170] loss: 0.246
[53,   180] loss: 0.230
[53,   190] loss: 0.259
[53,   200] loss: 0.196
[53,   210] loss: 0.247
[53,   220] loss: 0.195
[53,   230] loss: 0.229
[53,   240] loss: 0.244
[53,   250] loss: 0.197
[53,   260] loss: 0.207
[53,   270] loss: 0.190
[53,   280] loss: 0.214
[53,   290] loss: 0.226
[53,   300] loss: 0.232
[53,   310] loss: 0.187
[53,   320] loss: 0.224
[53,   330] loss: 0.207
[53,   340] loss: 0.225
[53,   350] loss: 0.254
[53,   360] loss: 0.220
[53,   370] loss: 0.237
[53,   380] loss: 0.193
[53,   390] loss: 0.188
[53,   400] loss: 0.194
VALIDATION loss: 0.2137710452079773
[54,    10] loss: 0.163
[54,    20] loss: 0.227
[54,    30] loss: 0.235
[54,    40] loss: 0.214
[54,    50] loss: 0.219
[54,    60] loss: 0.279
[54,    70] loss: 0.236
[54,    80] loss: 0.261
[54,    90] loss: 0.174
[54,   100] loss: 0.245
[54,   110] loss: 0.216
[54,   120] loss: 0.239
[54,   130] loss: 0.212
[54,   140] loss: 0.210
[54,   150] loss: 0.279
[54,   160] loss: 0.223
[54,   170] loss: 0.218
[54,   180] loss: 0.263
[54,   190] loss: 0.210
[54,   200] loss: 0.282
[54,   210] loss: 0.160
[54,   220] loss: 0.198
[54,   230] loss: 0.171
[54,   240] loss: 0.226
[54,   250] loss: 0.235
[54,   260] loss: 0.240
[54,   270] loss: 0.211
[54,   280] loss: 0.149
[54,   290] loss: 0.190
[54,   300] loss: 0.228
[54,   310] loss: 0.212
[54,   320] loss: 0.197
[54,   330] loss: 0.254
[54,   340] loss: 0.165
[54,   350] loss: 0.284
[54,   360] loss: 0.245
[54,   370] loss: 0.205
[54,   380] loss: 0.195
[54,   390] loss: 0.199
[54,   400] loss: 0.186
VALIDATION loss: 0.29246804118156433
[55,    10] loss: 0.191
[55,    20] loss: 0.273
[55,    30] loss: 0.197
[55,    40] loss: 0.201
[55,    50] loss: 0.210
[55,    60] loss: 0.190
[55,    70] loss: 0.168
[55,    80] loss: 0.180
[55,    90] loss: 0.224
[55,   100] loss: 0.207
[55,   110] loss: 0.218
[55,   120] loss: 0.219
[55,   130] loss: 0.200
[55,   140] loss: 0.246
[55,   150] loss: 0.232
[55,   160] loss: 0.195
[55,   170] loss: 0.186
[55,   180] loss: 0.229
[55,   190] loss: 0.168
[55,   200] loss: 0.255
[55,   210] loss: 0.269
[55,   220] loss: 0.224
[55,   230] loss: 0.272
[55,   240] loss: 0.260
[55,   250] loss: 0.188
[55,   260] loss: 0.233
[55,   270] loss: 0.201
[55,   280] loss: 0.204
[55,   290] loss: 0.190
[55,   300] loss: 0.219
[55,   310] loss: 0.238
[55,   320] loss: 0.234
[55,   330] loss: 0.231
[55,   340] loss: 0.201
[55,   350] loss: 0.203
[55,   360] loss: 0.235
[55,   370] loss: 0.221
[55,   380] loss: 0.243
[55,   390] loss: 0.229
[55,   400] loss: 0.245
VALIDATION loss: 0.38874152302742004
[56,    10] loss: 0.242
[56,    20] loss: 0.210
[56,    30] loss: 0.237
[56,    40] loss: 0.225
[56,    50] loss: 0.256
[56,    60] loss: 0.208
[56,    70] loss: 0.242
[56,    80] loss: 0.278
[56,    90] loss: 0.239
[56,   100] loss: 0.246
[56,   110] loss: 0.184
[56,   120] loss: 0.205
[56,   130] loss: 0.219
[56,   140] loss: 0.198
[56,   150] loss: 0.199
[56,   160] loss: 0.178
[56,   170] loss: 0.181
[56,   180] loss: 0.194
[56,   190] loss: 0.182
[56,   200] loss: 0.194
[56,   210] loss: 0.209
[56,   220] loss: 0.216
[56,   230] loss: 0.240
[56,   240] loss: 0.188
[56,   250] loss: 0.244
[56,   260] loss: 0.249
[56,   270] loss: 0.228
[56,   280] loss: 0.210
[56,   290] loss: 0.196
[56,   300] loss: 0.194
[56,   310] loss: 0.229
[56,   320] loss: 0.193
[56,   330] loss: 0.183
[56,   340] loss: 0.235
[56,   350] loss: 0.205
[56,   360] loss: 0.187
[56,   370] loss: 0.193
[56,   380] loss: 0.180
[56,   390] loss: 0.263
[56,   400] loss: 0.268
VALIDATION loss: 0.3539571464061737
[57,    10] loss: 0.227
[57,    20] loss: 0.165
[57,    30] loss: 0.186
[57,    40] loss: 0.221
[57,    50] loss: 0.184
[57,    60] loss: 0.184
[57,    70] loss: 0.214
[57,    80] loss: 0.245
[57,    90] loss: 0.202
[57,   100] loss: 0.217
[57,   110] loss: 0.197
[57,   120] loss: 0.206
[57,   130] loss: 0.176
[57,   140] loss: 0.200
[57,   150] loss: 0.179
[57,   160] loss: 0.222
[57,   170] loss: 0.188
[57,   180] loss: 0.175
[57,   190] loss: 0.191
[57,   200] loss: 0.159
[57,   210] loss: 0.197
[57,   220] loss: 0.205
[57,   230] loss: 0.178
[57,   240] loss: 0.200
[57,   250] loss: 0.202
[57,   260] loss: 0.243
[57,   270] loss: 0.209
[57,   280] loss: 0.202
[57,   290] loss: 0.160
[57,   300] loss: 0.216
[57,   310] loss: 0.207
[57,   320] loss: 0.192
[57,   330] loss: 0.291
[57,   340] loss: 0.218
[57,   350] loss: 0.178
[57,   360] loss: 0.195
[57,   370] loss: 0.172
[57,   380] loss: 0.196
[57,   390] loss: 0.198
[57,   400] loss: 0.242
VALIDATION loss: 0.2740786373615265
[58,    10] loss: 0.190
[58,    20] loss: 0.274
[58,    30] loss: 0.207
[58,    40] loss: 0.201
[58,    50] loss: 0.188
[58,    60] loss: 0.220
[58,    70] loss: 0.203
[58,    80] loss: 0.211
[58,    90] loss: 0.200
[58,   100] loss: 0.247
[58,   110] loss: 0.177
[58,   120] loss: 0.225
[58,   130] loss: 0.174
[58,   140] loss: 0.151
[58,   150] loss: 0.174
[58,   160] loss: 0.229
[58,   170] loss: 0.187
[58,   180] loss: 0.191
[58,   190] loss: 0.214
[58,   200] loss: 0.231
[58,   210] loss: 0.223
[58,   220] loss: 0.188
[58,   230] loss: 0.254
[58,   240] loss: 0.163
[58,   250] loss: 0.195
[58,   260] loss: 0.186
[58,   270] loss: 0.206
[58,   280] loss: 0.254
[58,   290] loss: 0.177
[58,   300] loss: 0.293
[58,   310] loss: 0.197
[58,   320] loss: 0.185
[58,   330] loss: 0.172
[58,   340] loss: 0.189
[58,   350] loss: 0.206
[58,   360] loss: 0.224
[58,   370] loss: 0.166
[58,   380] loss: 0.200
[58,   390] loss: 0.156
[58,   400] loss: 0.233
VALIDATION loss: 0.25011777877807617
[59,    10] loss: 0.236
[59,    20] loss: 0.202
[59,    30] loss: 0.219
[59,    40] loss: 0.218
[59,    50] loss: 0.172
[59,    60] loss: 0.236
[59,    70] loss: 0.195
[59,    80] loss: 0.222
[59,    90] loss: 0.257
[59,   100] loss: 0.184
[59,   110] loss: 0.204
[59,   120] loss: 0.206
[59,   130] loss: 0.249
[59,   140] loss: 0.164
[59,   150] loss: 0.220
[59,   160] loss: 0.134
[59,   170] loss: 0.156
[59,   180] loss: 0.249
[59,   190] loss: 0.187
[59,   200] loss: 0.141
[59,   210] loss: 0.183
[59,   220] loss: 0.217
[59,   230] loss: 0.237
[59,   240] loss: 0.153
[59,   250] loss: 0.212
[59,   260] loss: 0.206
[59,   270] loss: 0.176
[59,   280] loss: 0.186
[59,   290] loss: 0.164
[59,   300] loss: 0.183
[59,   310] loss: 0.126
[59,   320] loss: 0.187
[59,   330] loss: 0.191
[59,   340] loss: 0.284
[59,   350] loss: 0.181
[59,   360] loss: 0.243
[59,   370] loss: 0.173
[59,   380] loss: 0.200
[59,   390] loss: 0.248
[59,   400] loss: 0.217
VALIDATION loss: 0.9847884774208069
[60,    10] loss: 0.202
[60,    20] loss: 0.175
[60,    30] loss: 0.192
[60,    40] loss: 0.175
[60,    50] loss: 0.202
[60,    60] loss: 0.208
[60,    70] loss: 0.199
[60,    80] loss: 0.223
[60,    90] loss: 0.184
[60,   100] loss: 0.219
[60,   110] loss: 0.212
[60,   120] loss: 0.211
[60,   130] loss: 0.182
[60,   140] loss: 0.248
[60,   150] loss: 0.201
[60,   160] loss: 0.207
[60,   170] loss: 0.214
[60,   180] loss: 0.181
[60,   190] loss: 0.172
[60,   200] loss: 0.184
[60,   210] loss: 0.171
[60,   220] loss: 0.216
[60,   230] loss: 0.227
[60,   240] loss: 0.235
[60,   250] loss: 0.197
[60,   260] loss: 0.148
[60,   270] loss: 0.242
[60,   280] loss: 0.208
[60,   290] loss: 0.251
[60,   300] loss: 0.232
[60,   310] loss: 0.207
[60,   320] loss: 0.219
[60,   330] loss: 0.195
[60,   340] loss: 0.217
[60,   350] loss: 0.213
[60,   360] loss: 0.211
[60,   370] loss: 0.227
[60,   380] loss: 0.231
[60,   390] loss: 0.197
[60,   400] loss: 0.152
VALIDATION loss: 0.18024788796901703
[61,    10] loss: 0.204
[61,    20] loss: 0.163
[61,    30] loss: 0.203
[61,    40] loss: 0.184
[61,    50] loss: 0.182
[61,    60] loss: 0.208
[61,    70] loss: 0.198
[61,    80] loss: 0.173
[61,    90] loss: 0.228
[61,   100] loss: 0.206
[61,   110] loss: 0.132
[61,   120] loss: 0.164
[61,   130] loss: 0.180
[61,   140] loss: 0.211
[61,   150] loss: 0.191
[61,   160] loss: 0.205
[61,   170] loss: 0.229
[61,   180] loss: 0.216
[61,   190] loss: 0.206
[61,   200] loss: 0.201
[61,   210] loss: 0.151
[61,   220] loss: 0.231
[61,   230] loss: 0.243
[61,   240] loss: 0.221
[61,   250] loss: 0.217
[61,   260] loss: 0.250
[61,   270] loss: 0.244
[61,   280] loss: 0.225
[61,   290] loss: 0.190
[61,   300] loss: 0.191
[61,   310] loss: 0.206
[61,   320] loss: 0.248
[61,   330] loss: 0.191
[61,   340] loss: 0.182
[61,   350] loss: 0.160
[61,   360] loss: 0.194
[61,   370] loss: 0.218
[61,   380] loss: 0.209
[61,   390] loss: 0.226
[61,   400] loss: 0.232
VALIDATION loss: 0.22292859852313995
[62,    10] loss: 0.201
[62,    20] loss: 0.180
[62,    30] loss: 0.216
[62,    40] loss: 0.138
[62,    50] loss: 0.191
[62,    60] loss: 0.191
[62,    70] loss: 0.252
[62,    80] loss: 0.200
[62,    90] loss: 0.176
[62,   100] loss: 0.162
[62,   110] loss: 0.175
[62,   120] loss: 0.158
[62,   130] loss: 0.167
[62,   140] loss: 0.139
[62,   150] loss: 0.193
[62,   160] loss: 0.205
[62,   170] loss: 0.229
[62,   180] loss: 0.225
[62,   190] loss: 0.191
[62,   200] loss: 0.198
[62,   210] loss: 0.208
[62,   220] loss: 0.182
[62,   230] loss: 0.166
[62,   240] loss: 0.223
[62,   250] loss: 0.236
[62,   260] loss: 0.221
[62,   270] loss: 0.198
[62,   280] loss: 0.157
[62,   290] loss: 0.241
[62,   300] loss: 0.192
[62,   310] loss: 0.222
[62,   320] loss: 0.163
[62,   330] loss: 0.199
[62,   340] loss: 0.151
[62,   350] loss: 0.192
[62,   360] loss: 0.187
[62,   370] loss: 0.190
[62,   380] loss: 0.217
[62,   390] loss: 0.218
[62,   400] loss: 0.169
VALIDATION loss: 1.6145482063293457
[63,    10] loss: 0.218
[63,    20] loss: 0.194
[63,    30] loss: 0.153
[63,    40] loss: 0.218
[63,    50] loss: 0.179
[63,    60] loss: 0.196
[63,    70] loss: 0.186
[63,    80] loss: 0.190
[63,    90] loss: 0.181
[63,   100] loss: 0.200
[63,   110] loss: 0.189
[63,   120] loss: 0.273
[63,   130] loss: 0.181
[63,   140] loss: 0.173
[63,   150] loss: 0.183
[63,   160] loss: 0.189
[63,   170] loss: 0.174
[63,   180] loss: 0.206
[63,   190] loss: 0.167
[63,   200] loss: 0.204
[63,   210] loss: 0.258
[63,   220] loss: 0.175
[63,   230] loss: 0.166
[63,   240] loss: 0.178
[63,   250] loss: 0.200
[63,   260] loss: 0.145
[63,   270] loss: 0.175
[63,   280] loss: 0.163
[63,   290] loss: 0.194
[63,   300] loss: 0.218
[63,   310] loss: 0.195
[63,   320] loss: 0.195
[63,   330] loss: 0.231
[63,   340] loss: 0.163
[63,   350] loss: 0.245
[63,   360] loss: 0.178
[63,   370] loss: 0.205
[63,   380] loss: 0.212
[63,   390] loss: 0.159
[63,   400] loss: 0.161
VALIDATION loss: 0.22086086869239807
[64,    10] loss: 0.211
[64,    20] loss: 0.142
[64,    30] loss: 0.189
[64,    40] loss: 0.207
[64,    50] loss: 0.220
[64,    60] loss: 0.235
[64,    70] loss: 0.222
[64,    80] loss: 0.217
[64,    90] loss: 0.210
[64,   100] loss: 0.177
[64,   110] loss: 0.258
[64,   120] loss: 0.267
[64,   130] loss: 0.232
[64,   140] loss: 0.228
[64,   150] loss: 0.235
[64,   160] loss: 0.243
[64,   170] loss: 0.244
[64,   180] loss: 0.216
[64,   190] loss: 0.228
[64,   200] loss: 0.176
[64,   210] loss: 0.184
[64,   220] loss: 0.238
[64,   230] loss: 0.231
[64,   240] loss: 0.212
[64,   250] loss: 0.205
[64,   260] loss: 0.185
[64,   270] loss: 0.184
[64,   280] loss: 0.191
[64,   290] loss: 0.263
[64,   300] loss: 0.173
[64,   310] loss: 0.186
[64,   320] loss: 0.161
[64,   330] loss: 0.191
[64,   340] loss: 0.170
[64,   350] loss: 0.182
[64,   360] loss: 0.167
[64,   370] loss: 0.169
[64,   380] loss: 0.170
[64,   390] loss: 0.195
[64,   400] loss: 0.204
VALIDATION loss: 0.18499967455863953
[65,    10] loss: 0.181
[65,    20] loss: 0.210
[65,    30] loss: 0.156
[65,    40] loss: 0.188
[65,    50] loss: 0.182
[65,    60] loss: 0.167
[65,    70] loss: 0.215
[65,    80] loss: 0.218
[65,    90] loss: 0.202
[65,   100] loss: 0.160
[65,   110] loss: 0.162
[65,   120] loss: 0.159
[65,   130] loss: 0.180
[65,   140] loss: 0.196
[65,   150] loss: 0.245
[65,   160] loss: 0.160
[65,   170] loss: 0.165
[65,   180] loss: 0.189
[65,   190] loss: 0.167
[65,   200] loss: 0.206
[65,   210] loss: 0.183
[65,   220] loss: 0.192
[65,   230] loss: 0.189
[65,   240] loss: 0.193
[65,   250] loss: 0.174
[65,   260] loss: 0.163
[65,   270] loss: 0.299
[65,   280] loss: 0.202
[65,   290] loss: 0.191
[65,   300] loss: 0.201
[65,   310] loss: 0.180
[65,   320] loss: 0.163
[65,   330] loss: 0.189
[65,   340] loss: 0.238
[65,   350] loss: 0.158
[65,   360] loss: 0.183
[65,   370] loss: 0.198
[65,   380] loss: 0.204
[65,   390] loss: 0.227
[65,   400] loss: 0.225
VALIDATION loss: 2.232316255569458
[66,    10] loss: 0.207
[66,    20] loss: 0.148
[66,    30] loss: 0.177
[66,    40] loss: 0.175
[66,    50] loss: 0.211
[66,    60] loss: 0.177
[66,    70] loss: 0.152
[66,    80] loss: 0.235
[66,    90] loss: 0.213
[66,   100] loss: 0.145
[66,   110] loss: 0.228
[66,   120] loss: 0.165
[66,   130] loss: 0.150
[66,   140] loss: 0.168
[66,   150] loss: 0.117
[66,   160] loss: 0.211
[66,   170] loss: 0.181
[66,   180] loss: 0.205
[66,   190] loss: 0.212
[66,   200] loss: 0.178
[66,   210] loss: 0.182
[66,   220] loss: 0.171
[66,   230] loss: 0.223
[66,   240] loss: 0.186
[66,   250] loss: 0.136
[66,   260] loss: 0.136
[66,   270] loss: 0.218
[66,   280] loss: 0.189
[66,   290] loss: 0.239
[66,   300] loss: 0.227
[66,   310] loss: 0.165
[66,   320] loss: 0.174
[66,   330] loss: 0.171
[66,   340] loss: 0.222
[66,   350] loss: 0.238
[66,   360] loss: 0.175
[66,   370] loss: 0.218
[66,   380] loss: 0.223
[66,   390] loss: 0.242
[66,   400] loss: 0.219
VALIDATION loss: 2.148926258087158
[67,    10] loss: 0.187
[67,    20] loss: 0.186
[67,    30] loss: 0.142
[67,    40] loss: 0.192
[67,    50] loss: 0.147
[67,    60] loss: 0.204
[67,    70] loss: 0.192
[67,    80] loss: 0.215
[67,    90] loss: 0.231
[67,   100] loss: 0.197
[67,   110] loss: 0.153
[67,   120] loss: 0.179
[67,   130] loss: 0.163
[67,   140] loss: 0.183
[67,   150] loss: 0.181
[67,   160] loss: 0.186
[67,   170] loss: 0.152
[67,   180] loss: 0.173
[67,   190] loss: 0.246
[67,   200] loss: 0.167
[67,   210] loss: 0.240
[67,   220] loss: 0.235
[67,   230] loss: 0.180
[67,   240] loss: 0.127
[67,   250] loss: 0.180
[67,   260] loss: 0.224
[67,   270] loss: 0.174
[67,   280] loss: 0.227
[67,   290] loss: 0.181
[67,   300] loss: 0.203
[67,   310] loss: 0.239
[67,   320] loss: 0.263
[67,   330] loss: 0.219
[67,   340] loss: 0.153
[67,   350] loss: 0.217
[67,   360] loss: 0.160
[67,   370] loss: 0.176
[67,   380] loss: 0.160
[67,   390] loss: 0.188
[67,   400] loss: 0.209
VALIDATION loss: 0.5743329524993896
[68,    10] loss: 0.171
[68,    20] loss: 0.208
[68,    30] loss: 0.198
[68,    40] loss: 0.154
[68,    50] loss: 0.182
[68,    60] loss: 0.221
[68,    70] loss: 0.243
[68,    80] loss: 0.240
[68,    90] loss: 0.175
[68,   100] loss: 0.179
[68,   110] loss: 0.206
[68,   120] loss: 0.236
[68,   130] loss: 0.188
[68,   140] loss: 0.170
[68,   150] loss: 0.159
[68,   160] loss: 0.144
[68,   170] loss: 0.179
[68,   180] loss: 0.187
[68,   190] loss: 0.188
[68,   200] loss: 0.163
[68,   210] loss: 0.176
[68,   220] loss: 0.164
[68,   230] loss: 0.154
[68,   240] loss: 0.150
[68,   250] loss: 0.147
[68,   260] loss: 0.162
[68,   270] loss: 0.174
[68,   280] loss: 0.179
[68,   290] loss: 0.196
[68,   300] loss: 0.199
[68,   310] loss: 0.168
[68,   320] loss: 0.171
[68,   330] loss: 0.169
[68,   340] loss: 0.167
[68,   350] loss: 0.201
[68,   360] loss: 0.195
[68,   370] loss: 0.217
[68,   380] loss: 0.164
[68,   390] loss: 0.205
[68,   400] loss: 0.174
VALIDATION loss: 0.40488868951797485
[69,    10] loss: 0.168
[69,    20] loss: 0.193
[69,    30] loss: 0.174
[69,    40] loss: 0.142
[69,    50] loss: 0.177
[69,    60] loss: 0.162
[69,    70] loss: 0.166
[69,    80] loss: 0.225
[69,    90] loss: 0.160
[69,   100] loss: 0.184
[69,   110] loss: 0.194
[69,   120] loss: 0.187
[69,   130] loss: 0.189
[69,   140] loss: 0.177
[69,   150] loss: 0.208
[69,   160] loss: 0.196
[69,   170] loss: 0.201
[69,   180] loss: 0.173
[69,   190] loss: 0.171
[69,   200] loss: 0.229
[69,   210] loss: 0.192
[69,   220] loss: 0.196
[69,   230] loss: 0.201
[69,   240] loss: 0.230
[69,   250] loss: 0.220
[69,   260] loss: 0.171
[69,   270] loss: 0.216
[69,   280] loss: 0.214
[69,   290] loss: 0.180
[69,   300] loss: 0.232
[69,   310] loss: 0.207
[69,   320] loss: 0.148
[69,   330] loss: 0.133
[69,   340] loss: 0.196
[69,   350] loss: 0.221
[69,   360] loss: 0.149
[69,   370] loss: 0.184
[69,   380] loss: 0.218
[69,   390] loss: 0.244
[69,   400] loss: 0.133
VALIDATION loss: 0.17198601365089417
[70,    10] loss: 0.243
[70,    20] loss: 0.180
[70,    30] loss: 0.184
[70,    40] loss: 0.169
[70,    50] loss: 0.128
[70,    60] loss: 0.221
[70,    70] loss: 0.209
[70,    80] loss: 0.182
[70,    90] loss: 0.196
[70,   100] loss: 0.150
[70,   110] loss: 0.133
[70,   120] loss: 0.210
[70,   130] loss: 0.194
[70,   140] loss: 0.205
[70,   150] loss: 0.224
[70,   160] loss: 0.192
[70,   170] loss: 0.183
[70,   180] loss: 0.183
[70,   190] loss: 0.184
[70,   200] loss: 0.156
[70,   210] loss: 0.159
[70,   220] loss: 0.198
[70,   230] loss: 0.191
[70,   240] loss: 0.227
[70,   250] loss: 0.196
[70,   260] loss: 0.163
[70,   270] loss: 0.176
[70,   280] loss: 0.192
[70,   290] loss: 0.250
[70,   300] loss: 0.206
[70,   310] loss: 0.193
[70,   320] loss: 0.176
[70,   330] loss: 0.135
[70,   340] loss: 0.185
[70,   350] loss: 0.193
[70,   360] loss: 0.232
[70,   370] loss: 0.148
[70,   380] loss: 0.204
[70,   390] loss: 0.181
[70,   400] loss: 0.225
VALIDATION loss: 1.4703903198242188
[71,    10] loss: 0.153
[71,    20] loss: 0.168
[71,    30] loss: 0.241
[71,    40] loss: 0.219
[71,    50] loss: 0.166
[71,    60] loss: 0.192
[71,    70] loss: 0.208
[71,    80] loss: 0.199
[71,    90] loss: 0.174
[71,   100] loss: 0.167
[71,   110] loss: 0.196
[71,   120] loss: 0.142
[71,   130] loss: 0.191
[71,   140] loss: 0.208
[71,   150] loss: 0.172
[71,   160] loss: 0.144
[71,   170] loss: 0.185
[71,   180] loss: 0.184
[71,   190] loss: 0.159
[71,   200] loss: 0.196
[71,   210] loss: 0.186
[71,   220] loss: 0.196
[71,   230] loss: 0.161
[71,   240] loss: 0.174
[71,   250] loss: 0.187
[71,   260] loss: 0.176
[71,   270] loss: 0.193
[71,   280] loss: 0.172
[71,   290] loss: 0.217
[71,   300] loss: 0.177
[71,   310] loss: 0.189
[71,   320] loss: 0.179
[71,   330] loss: 0.149
[71,   340] loss: 0.223
[71,   350] loss: 0.246
[71,   360] loss: 0.167
[71,   370] loss: 0.158
[71,   380] loss: 0.173
[71,   390] loss: 0.243
[71,   400] loss: 0.233
VALIDATION loss: 2.1055538654327393
[72,    10] loss: 0.175
[72,    20] loss: 0.174
[72,    30] loss: 0.181
[72,    40] loss: 0.196
[72,    50] loss: 0.162
[72,    60] loss: 0.167
[72,    70] loss: 0.136
[72,    80] loss: 0.169
[72,    90] loss: 0.147
[72,   100] loss: 0.134
[72,   110] loss: 0.175
[72,   120] loss: 0.250
[72,   130] loss: 0.199
[72,   140] loss: 0.177
[72,   150] loss: 0.204
[72,   160] loss: 0.193
[72,   170] loss: 0.156
[72,   180] loss: 0.189
[72,   190] loss: 0.173
[72,   200] loss: 0.150
[72,   210] loss: 0.135
[72,   220] loss: 0.197
[72,   230] loss: 0.191
[72,   240] loss: 0.193
[72,   250] loss: 0.142
[72,   260] loss: 0.140
[72,   270] loss: 0.181
[72,   280] loss: 0.174
[72,   290] loss: 0.157
[72,   300] loss: 0.178
[72,   310] loss: 0.163
[72,   320] loss: 0.180
[72,   330] loss: 0.214
[72,   340] loss: 0.191
[72,   350] loss: 0.174
[72,   360] loss: 0.223
[72,   370] loss: 0.191
[72,   380] loss: 0.190
[72,   390] loss: 0.255
[72,   400] loss: 0.188
VALIDATION loss: 1.1274255514144897
[73,    10] loss: 0.195
[73,    20] loss: 0.206
[73,    30] loss: 0.178
[73,    40] loss: 0.190
[73,    50] loss: 0.188
[73,    60] loss: 0.147
[73,    70] loss: 0.168
[73,    80] loss: 0.168
[73,    90] loss: 0.171
[73,   100] loss: 0.176
[73,   110] loss: 0.175
[73,   120] loss: 0.213
[73,   130] loss: 0.197
[73,   140] loss: 0.213
[73,   150] loss: 0.236
[73,   160] loss: 0.190
[73,   170] loss: 0.229
[73,   180] loss: 0.191
[73,   190] loss: 0.143
[73,   200] loss: 0.178
[73,   210] loss: 0.222
[73,   220] loss: 0.158
[73,   230] loss: 0.156
[73,   240] loss: 0.170
[73,   250] loss: 0.174
[73,   260] loss: 0.211
[73,   270] loss: 0.196
[73,   280] loss: 0.189
[73,   290] loss: 0.177
[73,   300] loss: 0.181
[73,   310] loss: 0.194
[73,   320] loss: 0.156
[73,   330] loss: 0.136
[73,   340] loss: 0.163
[73,   350] loss: 0.141
[73,   360] loss: 0.117
[73,   370] loss: 0.160
[73,   380] loss: 0.185
[73,   390] loss: 0.117
[73,   400] loss: 0.172
VALIDATION loss: 1.0504952669143677
[74,    10] loss: 0.172
[74,    20] loss: 0.183
[74,    30] loss: 0.179
[74,    40] loss: 0.155
[74,    50] loss: 0.180
[74,    60] loss: 0.169
[74,    70] loss: 0.160
[74,    80] loss: 0.194
[74,    90] loss: 0.204
[74,   100] loss: 0.150
[74,   110] loss: 0.183
[74,   120] loss: 0.204
[74,   130] loss: 0.196
[74,   140] loss: 0.199
[74,   150] loss: 0.237
[74,   160] loss: 0.149
[74,   170] loss: 0.188
[74,   180] loss: 0.180
[74,   190] loss: 0.178
[74,   200] loss: 0.176
[74,   210] loss: 0.190
[74,   220] loss: 0.164
[74,   230] loss: 0.177
[74,   240] loss: 0.199
[74,   250] loss: 0.167
[74,   260] loss: 0.183
[74,   270] loss: 0.189
[74,   280] loss: 0.178
[74,   290] loss: 0.152
[74,   300] loss: 0.185
[74,   310] loss: 0.181
[74,   320] loss: 0.172
[74,   330] loss: 0.148
[74,   340] loss: 0.176
[74,   350] loss: 0.227
[74,   360] loss: 0.147
[74,   370] loss: 0.161
[74,   380] loss: 0.180
[74,   390] loss: 0.224
[74,   400] loss: 0.138
VALIDATION loss: 0.18539902567863464
[75,    10] loss: 0.172
[75,    20] loss: 0.129
[75,    30] loss: 0.173
[75,    40] loss: 0.142
[75,    50] loss: 0.145
[75,    60] loss: 0.127
[75,    70] loss: 0.135
[75,    80] loss: 0.183
[75,    90] loss: 0.187
[75,   100] loss: 0.187
[75,   110] loss: 0.186
[75,   120] loss: 0.215
[75,   130] loss: 0.148
[75,   140] loss: 0.153
[75,   150] loss: 0.176
[75,   160] loss: 0.147
[75,   170] loss: 0.187
[75,   180] loss: 0.186
[75,   190] loss: 0.199
[75,   200] loss: 0.172
[75,   210] loss: 0.156
[75,   220] loss: 0.209
[75,   230] loss: 0.215
[75,   240] loss: 0.190
[75,   250] loss: 0.170
[75,   260] loss: 0.197
[75,   270] loss: 0.175
[75,   280] loss: 0.155
[75,   290] loss: 0.241
[75,   300] loss: 0.160
[75,   310] loss: 0.165
[75,   320] loss: 0.156
[75,   330] loss: 0.203
[75,   340] loss: 0.257
[75,   350] loss: 0.169
[75,   360] loss: 0.188
[75,   370] loss: 0.194
[75,   380] loss: 0.187
[75,   390] loss: 0.160
[75,   400] loss: 0.212
VALIDATION loss: 0.21764691174030304
[76,    10] loss: 0.194
[76,    20] loss: 0.131
[76,    30] loss: 0.154
[76,    40] loss: 0.177
[76,    50] loss: 0.156
[76,    60] loss: 0.203
[76,    70] loss: 0.151
[76,    80] loss: 0.149
[76,    90] loss: 0.178
[76,   100] loss: 0.149
[76,   110] loss: 0.170
[76,   120] loss: 0.191
[76,   130] loss: 0.167
[76,   140] loss: 0.160
[76,   150] loss: 0.185
[76,   160] loss: 0.169
[76,   170] loss: 0.158
[76,   180] loss: 0.167
[76,   190] loss: 0.187
[76,   200] loss: 0.211
[76,   210] loss: 0.202
[76,   220] loss: 0.191
[76,   230] loss: 0.198
[76,   240] loss: 0.180
[76,   250] loss: 0.198
[76,   260] loss: 0.195
[76,   270] loss: 0.135
[76,   280] loss: 0.157
[76,   290] loss: 0.197
[76,   300] loss: 0.172
[76,   310] loss: 0.177
[76,   320] loss: 0.193
[76,   330] loss: 0.170
[76,   340] loss: 0.200
[76,   350] loss: 0.168
[76,   360] loss: 0.146
[76,   370] loss: 0.183
[76,   380] loss: 0.188
[76,   390] loss: 0.229
[76,   400] loss: 0.128
VALIDATION loss: 0.17505058646202087
[77,    10] loss: 0.193
[77,    20] loss: 0.154
[77,    30] loss: 0.207
[77,    40] loss: 0.177
[77,    50] loss: 0.173
[77,    60] loss: 0.151
[77,    70] loss: 0.107
[77,    80] loss: 0.136
[77,    90] loss: 0.130
[77,   100] loss: 0.176
[77,   110] loss: 0.142
[77,   120] loss: 0.197
[77,   130] loss: 0.190
[77,   140] loss: 0.124
[77,   150] loss: 0.207
[77,   160] loss: 0.184
[77,   170] loss: 0.185
[77,   180] loss: 0.154
[77,   190] loss: 0.239
[77,   200] loss: 0.212
[77,   210] loss: 0.167
[77,   220] loss: 0.200
[77,   230] loss: 0.197
[77,   240] loss: 0.179
[77,   250] loss: 0.208
[77,   260] loss: 0.241
[77,   270] loss: 0.238
[77,   280] loss: 0.176
[77,   290] loss: 0.172
[77,   300] loss: 0.245
[77,   310] loss: 0.192
[77,   320] loss: 0.176
[77,   330] loss: 0.164
[77,   340] loss: 0.143
[77,   350] loss: 0.169
[77,   360] loss: 0.182
[77,   370] loss: 0.137
[77,   380] loss: 0.183
[77,   390] loss: 0.157
[77,   400] loss: 0.202
VALIDATION loss: 1.1623609066009521
[78,    10] loss: 0.177
[78,    20] loss: 0.125
[78,    30] loss: 0.161
[78,    40] loss: 0.164
[78,    50] loss: 0.191
[78,    60] loss: 0.165
[78,    70] loss: 0.215
[78,    80] loss: 0.136
[78,    90] loss: 0.139
[78,   100] loss: 0.168
[78,   110] loss: 0.177
[78,   120] loss: 0.179
[78,   130] loss: 0.175
[78,   140] loss: 0.149
[78,   150] loss: 0.170
[78,   160] loss: 0.184
[78,   170] loss: 0.176
[78,   180] loss: 0.162
[78,   190] loss: 0.219
[78,   200] loss: 0.210
[78,   210] loss: 0.168
[78,   220] loss: 0.177
[78,   230] loss: 0.186
[78,   240] loss: 0.155
[78,   250] loss: 0.161
[78,   260] loss: 0.195
[78,   270] loss: 0.147
[78,   280] loss: 0.166
[78,   290] loss: 0.133
[78,   300] loss: 0.160
[78,   310] loss: 0.155
[78,   320] loss: 0.194
[78,   330] loss: 0.193
[78,   340] loss: 0.206
[78,   350] loss: 0.187
[78,   360] loss: 0.164
[78,   370] loss: 0.183
[78,   380] loss: 0.173
[78,   390] loss: 0.159
[78,   400] loss: 0.192
VALIDATION loss: 2.014727830886841
[79,    10] loss: 0.208
[79,    20] loss: 0.193
[79,    30] loss: 0.185
[79,    40] loss: 0.162
[79,    50] loss: 0.204
[79,    60] loss: 0.192
[79,    70] loss: 0.166
[79,    80] loss: 0.188
[79,    90] loss: 0.189
[79,   100] loss: 0.143
[79,   110] loss: 0.215
[79,   120] loss: 0.196
[79,   130] loss: 0.172
[79,   140] loss: 0.173
[79,   150] loss: 0.193
[79,   160] loss: 0.161
[79,   170] loss: 0.208
[79,   180] loss: 0.148
[79,   190] loss: 0.185
[79,   200] loss: 0.167
[79,   210] loss: 0.168
[79,   220] loss: 0.178
[79,   230] loss: 0.154
[79,   240] loss: 0.163
[79,   250] loss: 0.167
[79,   260] loss: 0.140
[79,   270] loss: 0.189
[79,   280] loss: 0.178
[79,   290] loss: 0.169
[79,   300] loss: 0.195
[79,   310] loss: 0.163
[79,   320] loss: 0.216
[79,   330] loss: 0.219
[79,   340] loss: 0.193
[79,   350] loss: 0.186
[79,   360] loss: 0.178
[79,   370] loss: 0.208
[79,   380] loss: 0.172
[79,   390] loss: 0.209
[79,   400] loss: 0.145
VALIDATION loss: 0.2080935835838318
[80,    10] loss: 0.189
[80,    20] loss: 0.162
[80,    30] loss: 0.191
[80,    40] loss: 0.147
[80,    50] loss: 0.144
[80,    60] loss: 0.138
[80,    70] loss: 0.188
[80,    80] loss: 0.143
[80,    90] loss: 0.216
[80,   100] loss: 0.176
[80,   110] loss: 0.207
[80,   120] loss: 0.183
[80,   130] loss: 0.161
[80,   140] loss: 0.140
[80,   150] loss: 0.177
[80,   160] loss: 0.188
[80,   170] loss: 0.149
[80,   180] loss: 0.166
[80,   190] loss: 0.188
[80,   200] loss: 0.176
[80,   210] loss: 0.117
[80,   220] loss: 0.170
[80,   230] loss: 0.168
[80,   240] loss: 0.180
[80,   250] loss: 0.196
[80,   260] loss: 0.202
[80,   270] loss: 0.178
[80,   280] loss: 0.157
[80,   290] loss: 0.177
[80,   300] loss: 0.181
[80,   310] loss: 0.162
[80,   320] loss: 0.182
[80,   330] loss: 0.135
[80,   340] loss: 0.219
[80,   350] loss: 0.171
[80,   360] loss: 0.157
[80,   370] loss: 0.209
[80,   380] loss: 0.193
[80,   390] loss: 0.179
[80,   400] loss: 0.197
VALIDATION loss: 0.1810368001461029
[81,    10] loss: 0.141
[81,    20] loss: 0.184
[81,    30] loss: 0.140
[81,    40] loss: 0.216
[81,    50] loss: 0.148
[81,    60] loss: 0.186
[81,    70] loss: 0.149
[81,    80] loss: 0.193
[81,    90] loss: 0.172
[81,   100] loss: 0.165
[81,   110] loss: 0.182
[81,   120] loss: 0.173
[81,   130] loss: 0.137
[81,   140] loss: 0.188
[81,   150] loss: 0.190
[81,   160] loss: 0.165
[81,   170] loss: 0.131
[81,   180] loss: 0.119
[81,   190] loss: 0.160
[81,   200] loss: 0.132
[81,   210] loss: 0.098
[81,   220] loss: 0.189
[81,   230] loss: 0.184
[81,   240] loss: 0.153
[81,   250] loss: 0.141
[81,   260] loss: 0.162
[81,   270] loss: 0.211
[81,   280] loss: 0.146
[81,   290] loss: 0.190
[81,   300] loss: 0.158
[81,   310] loss: 0.213
[81,   320] loss: 0.177
[81,   330] loss: 0.167
[81,   340] loss: 0.160
[81,   350] loss: 0.167
[81,   360] loss: 0.165
[81,   370] loss: 0.198
[81,   380] loss: 0.214
[81,   390] loss: 0.180
[81,   400] loss: 0.155
VALIDATION loss: 0.17286492884159088
[82,    10] loss: 0.191
[82,    20] loss: 0.154
[82,    30] loss: 0.202
[82,    40] loss: 0.150
[82,    50] loss: 0.180
[82,    60] loss: 0.168
[82,    70] loss: 0.209
[82,    80] loss: 0.183
[82,    90] loss: 0.136
[82,   100] loss: 0.169
[82,   110] loss: 0.196
[82,   120] loss: 0.177
[82,   130] loss: 0.137
[82,   140] loss: 0.156
[82,   150] loss: 0.141
[82,   160] loss: 0.156
[82,   170] loss: 0.155
[82,   180] loss: 0.163
[82,   190] loss: 0.138
[82,   200] loss: 0.180
[82,   210] loss: 0.128
[82,   220] loss: 0.185
[82,   230] loss: 0.162
[82,   240] loss: 0.209
[82,   250] loss: 0.145
[82,   260] loss: 0.181
[82,   270] loss: 0.155
[82,   280] loss: 0.157
[82,   290] loss: 0.173
[82,   300] loss: 0.149
[82,   310] loss: 0.191
[82,   320] loss: 0.168
[82,   330] loss: 0.167
[82,   340] loss: 0.180
[82,   350] loss: 0.180
[82,   360] loss: 0.161
[82,   370] loss: 0.230
[82,   380] loss: 0.176
[82,   390] loss: 0.203
[82,   400] loss: 0.176
VALIDATION loss: 0.16603998839855194
[83,    10] loss: 0.138
[83,    20] loss: 0.131
[83,    30] loss: 0.168
[83,    40] loss: 0.161
[83,    50] loss: 0.160
[83,    60] loss: 0.125
[83,    70] loss: 0.187
[83,    80] loss: 0.193
[83,    90] loss: 0.205
[83,   100] loss: 0.099
[83,   110] loss: 0.151
[83,   120] loss: 0.181
[83,   130] loss: 0.152
[83,   140] loss: 0.217
[83,   150] loss: 0.150
[83,   160] loss: 0.216
[83,   170] loss: 0.180
[83,   180] loss: 0.199
[83,   190] loss: 0.215
[83,   200] loss: 0.134
[83,   210] loss: 0.145
[83,   220] loss: 0.207
[83,   230] loss: 0.198
[83,   240] loss: 0.186
[83,   250] loss: 0.161
[83,   260] loss: 0.183
[83,   270] loss: 0.172
[83,   280] loss: 0.191
[83,   290] loss: 0.175
[83,   300] loss: 0.141
[83,   310] loss: 0.149
[83,   320] loss: 0.187
[83,   330] loss: 0.134
[83,   340] loss: 0.211
[83,   350] loss: 0.173
[83,   360] loss: 0.194
[83,   370] loss: 0.180
[83,   380] loss: 0.154
[83,   390] loss: 0.143
[83,   400] loss: 0.149
VALIDATION loss: 0.5425418615341187
[84,    10] loss: 0.200
[84,    20] loss: 0.161
[84,    30] loss: 0.218
[84,    40] loss: 0.173
[84,    50] loss: 0.210
[84,    60] loss: 0.175
[84,    70] loss: 0.165
[84,    80] loss: 0.155
[84,    90] loss: 0.134
[84,   100] loss: 0.146
[84,   110] loss: 0.155
[84,   120] loss: 0.218
[84,   130] loss: 0.131
[84,   140] loss: 0.121
[84,   150] loss: 0.132
[84,   160] loss: 0.160
[84,   170] loss: 0.151
[84,   180] loss: 0.178
[84,   190] loss: 0.189
[84,   200] loss: 0.146
[84,   210] loss: 0.145
[84,   220] loss: 0.168
[84,   230] loss: 0.194
[84,   240] loss: 0.139
[84,   250] loss: 0.177
[84,   260] loss: 0.221
[84,   270] loss: 0.149
[84,   280] loss: 0.219
[84,   290] loss: 0.162
[84,   300] loss: 0.196
[84,   310] loss: 0.150
[84,   320] loss: 0.197
[84,   330] loss: 0.186
[84,   340] loss: 0.170
[84,   350] loss: 0.154
[84,   360] loss: 0.145
[84,   370] loss: 0.156
[84,   380] loss: 0.184
[84,   390] loss: 0.150
[84,   400] loss: 0.197
VALIDATION loss: 0.20009662210941315
[85,    10] loss: 0.193
[85,    20] loss: 0.168
[85,    30] loss: 0.169
[85,    40] loss: 0.151
[85,    50] loss: 0.158
[85,    60] loss: 0.143
[85,    70] loss: 0.132
[85,    80] loss: 0.194
[85,    90] loss: 0.175
[85,   100] loss: 0.160
[85,   110] loss: 0.165
[85,   120] loss: 0.196
[85,   130] loss: 0.162
[85,   140] loss: 0.166
[85,   150] loss: 0.187
[85,   160] loss: 0.138
[85,   170] loss: 0.131
[85,   180] loss: 0.183
[85,   190] loss: 0.128
[85,   200] loss: 0.175
[85,   210] loss: 0.147
[85,   220] loss: 0.136
[85,   230] loss: 0.167
[85,   240] loss: 0.156
[85,   250] loss: 0.169
[85,   260] loss: 0.186
[85,   270] loss: 0.139
[85,   280] loss: 0.165
[85,   290] loss: 0.135
[85,   300] loss: 0.114
[85,   310] loss: 0.147
[85,   320] loss: 0.207
[85,   330] loss: 0.181
[85,   340] loss: 0.153
[85,   350] loss: 0.205
[85,   360] loss: 0.126
[85,   370] loss: 0.167
[85,   380] loss: 0.173
[85,   390] loss: 0.150
[85,   400] loss: 0.158
VALIDATION loss: 0.16204966604709625
[86,    10] loss: 0.187
[86,    20] loss: 0.165
[86,    30] loss: 0.133
[86,    40] loss: 0.145
[86,    50] loss: 0.133
[86,    60] loss: 0.192
[86,    70] loss: 0.175
[86,    80] loss: 0.184
[86,    90] loss: 0.188
[86,   100] loss: 0.163
[86,   110] loss: 0.123
[86,   120] loss: 0.171
[86,   130] loss: 0.134
[86,   140] loss: 0.164
[86,   150] loss: 0.170
[86,   160] loss: 0.151
[86,   170] loss: 0.181
[86,   180] loss: 0.104
[86,   190] loss: 0.149
[86,   200] loss: 0.171
[86,   210] loss: 0.130
[86,   220] loss: 0.189
[86,   230] loss: 0.164
[86,   240] loss: 0.182
[86,   250] loss: 0.141
[86,   260] loss: 0.167
[86,   270] loss: 0.160
[86,   280] loss: 0.165
[86,   290] loss: 0.165
[86,   300] loss: 0.212
[86,   310] loss: 0.177
[86,   320] loss: 0.141
[86,   330] loss: 0.167
[86,   340] loss: 0.173
[86,   350] loss: 0.164
[86,   360] loss: 0.218
[86,   370] loss: 0.221
[86,   380] loss: 0.248
[86,   390] loss: 0.170
[86,   400] loss: 0.137
VALIDATION loss: 0.2192676067352295
[87,    10] loss: 0.185
[87,    20] loss: 0.178
[87,    30] loss: 0.177
[87,    40] loss: 0.153
[87,    50] loss: 0.165
[87,    60] loss: 0.173
[87,    70] loss: 0.166
[87,    80] loss: 0.219
[87,    90] loss: 0.176
[87,   100] loss: 0.168
[87,   110] loss: 0.142
[87,   120] loss: 0.142
[87,   130] loss: 0.147
[87,   140] loss: 0.141
[87,   150] loss: 0.141
[87,   160] loss: 0.203
[87,   170] loss: 0.158
[87,   180] loss: 0.164
[87,   190] loss: 0.161
[87,   200] loss: 0.114
[87,   210] loss: 0.174
[87,   220] loss: 0.174
[87,   230] loss: 0.189
[87,   240] loss: 0.160
[87,   250] loss: 0.140
[87,   260] loss: 0.123
[87,   270] loss: 0.172
[87,   280] loss: 0.143
[87,   290] loss: 0.160
[87,   300] loss: 0.177
[87,   310] loss: 0.154
[87,   320] loss: 0.167
[87,   330] loss: 0.165
[87,   340] loss: 0.185
[87,   350] loss: 0.170
[87,   360] loss: 0.157
[87,   370] loss: 0.144
[87,   380] loss: 0.154
[87,   390] loss: 0.147
[87,   400] loss: 0.157
VALIDATION loss: 0.23930133879184723
[88,    10] loss: 0.175
[88,    20] loss: 0.159
[88,    30] loss: 0.163
[88,    40] loss: 0.158
[88,    50] loss: 0.194
[88,    60] loss: 0.177
[88,    70] loss: 0.204
[88,    80] loss: 0.164
[88,    90] loss: 0.143
[88,   100] loss: 0.157
[88,   110] loss: 0.166
[88,   120] loss: 0.184
[88,   130] loss: 0.146
[88,   140] loss: 0.156
[88,   150] loss: 0.196
[88,   160] loss: 0.174
[88,   170] loss: 0.187
[88,   180] loss: 0.174
[88,   190] loss: 0.215
[88,   200] loss: 0.172
[88,   210] loss: 0.178
[88,   220] loss: 0.162
[88,   230] loss: 0.115
[88,   240] loss: 0.187
[88,   250] loss: 0.188
[88,   260] loss: 0.117
[88,   270] loss: 0.147
[88,   280] loss: 0.208
[88,   290] loss: 0.170
[88,   300] loss: 0.156
[88,   310] loss: 0.164
[88,   320] loss: 0.148
[88,   330] loss: 0.166
[88,   340] loss: 0.218
[88,   350] loss: 0.147
[88,   360] loss: 0.167
[88,   370] loss: 0.165
[88,   380] loss: 0.194
[88,   390] loss: 0.136
[88,   400] loss: 0.178
VALIDATION loss: 0.15993794798851013
[89,    10] loss: 0.147
[89,    20] loss: 0.149
[89,    30] loss: 0.169
[89,    40] loss: 0.159
[89,    50] loss: 0.198
[89,    60] loss: 0.132
[89,    70] loss: 0.149
[89,    80] loss: 0.142
[89,    90] loss: 0.182
[89,   100] loss: 0.189
[89,   110] loss: 0.167
[89,   120] loss: 0.186
[89,   130] loss: 0.148
[89,   140] loss: 0.160
[89,   150] loss: 0.168
[89,   160] loss: 0.135
[89,   170] loss: 0.216
[89,   180] loss: 0.173
[89,   190] loss: 0.181
[89,   200] loss: 0.167
[89,   210] loss: 0.138
[89,   220] loss: 0.140
[89,   230] loss: 0.147
[89,   240] loss: 0.138
[89,   250] loss: 0.177
[89,   260] loss: 0.165
[89,   270] loss: 0.160
[89,   280] loss: 0.168
[89,   290] loss: 0.189
[89,   300] loss: 0.198
[89,   310] loss: 0.196
[89,   320] loss: 0.156
[89,   330] loss: 0.152
[89,   340] loss: 0.163
[89,   350] loss: 0.167
[89,   360] loss: 0.128
[89,   370] loss: 0.190
[89,   380] loss: 0.180
[89,   390] loss: 0.140
[89,   400] loss: 0.136
VALIDATION loss: 0.18810170888900757
[90,    10] loss: 0.131
[90,    20] loss: 0.147
[90,    30] loss: 0.118
[90,    40] loss: 0.140
[90,    50] loss: 0.176
[90,    60] loss: 0.193
[90,    70] loss: 0.159
[90,    80] loss: 0.154
[90,    90] loss: 0.152
[90,   100] loss: 0.160
[90,   110] loss: 0.188
[90,   120] loss: 0.151
[90,   130] loss: 0.138
[90,   140] loss: 0.134
[90,   150] loss: 0.132
[90,   160] loss: 0.101
[90,   170] loss: 0.144
[90,   180] loss: 0.159
[90,   190] loss: 0.189
[90,   200] loss: 0.172
[90,   210] loss: 0.155
[90,   220] loss: 0.185
[90,   230] loss: 0.143
[90,   240] loss: 0.145
[90,   250] loss: 0.139
[90,   260] loss: 0.183
[90,   270] loss: 0.141
[90,   280] loss: 0.182
[90,   290] loss: 0.110
[90,   300] loss: 0.182
[90,   310] loss: 0.110
[90,   320] loss: 0.144
[90,   330] loss: 0.155
[90,   340] loss: 0.156
[90,   350] loss: 0.165
[90,   360] loss: 0.140
[90,   370] loss: 0.180
[90,   380] loss: 0.190
[90,   390] loss: 0.196
[90,   400] loss: 0.170
VALIDATION loss: 0.17156192660331726
[91,    10] loss: 0.157
[91,    20] loss: 0.156
[91,    30] loss: 0.183
[91,    40] loss: 0.130
[91,    50] loss: 0.157
[91,    60] loss: 0.156
[91,    70] loss: 0.118
[91,    80] loss: 0.126
[91,    90] loss: 0.149
[91,   100] loss: 0.171
[91,   110] loss: 0.137
[91,   120] loss: 0.140
[91,   130] loss: 0.125
[91,   140] loss: 0.232
[91,   150] loss: 0.149
[91,   160] loss: 0.177
[91,   170] loss: 0.142
[91,   180] loss: 0.134
[91,   190] loss: 0.133
[91,   200] loss: 0.133
[91,   210] loss: 0.159
[91,   220] loss: 0.166
[91,   230] loss: 0.153
[91,   240] loss: 0.155
[91,   250] loss: 0.208
[91,   260] loss: 0.152
[91,   270] loss: 0.149
[91,   280] loss: 0.142
[91,   290] loss: 0.166
[91,   300] loss: 0.222
[91,   310] loss: 0.176
[91,   320] loss: 0.209
[91,   330] loss: 0.162
[91,   340] loss: 0.140
[91,   350] loss: 0.158
[91,   360] loss: 0.174
[91,   370] loss: 0.166
[91,   380] loss: 0.222
[91,   390] loss: 0.138
[91,   400] loss: 0.185
VALIDATION loss: 0.9406105279922485
[92,    10] loss: 0.201
[92,    20] loss: 0.176
[92,    30] loss: 0.196
[92,    40] loss: 0.138
[92,    50] loss: 0.116
[92,    60] loss: 0.180
[92,    70] loss: 0.166
[92,    80] loss: 0.136
[92,    90] loss: 0.125
[92,   100] loss: 0.175
[92,   110] loss: 0.183
[92,   120] loss: 0.131
[92,   130] loss: 0.164
[92,   140] loss: 0.170
[92,   150] loss: 0.145
[92,   160] loss: 0.144
[92,   170] loss: 0.196
[92,   180] loss: 0.188
[92,   190] loss: 0.195
[92,   200] loss: 0.165
[92,   210] loss: 0.142
[92,   220] loss: 0.127
[92,   230] loss: 0.134
[92,   240] loss: 0.127
[92,   250] loss: 0.159
[92,   260] loss: 0.160
[92,   270] loss: 0.204
[92,   280] loss: 0.167
[92,   290] loss: 0.134
[92,   300] loss: 0.155
[92,   310] loss: 0.168
[92,   320] loss: 0.156
[92,   330] loss: 0.147
[92,   340] loss: 0.149
[92,   350] loss: 0.166
[92,   360] loss: 0.162
[92,   370] loss: 0.136
[92,   380] loss: 0.189
[92,   390] loss: 0.165
[92,   400] loss: 0.156
VALIDATION loss: 0.16742801666259766
[93,    10] loss: 0.169
[93,    20] loss: 0.167
[93,    30] loss: 0.137
[93,    40] loss: 0.137
[93,    50] loss: 0.178
[93,    60] loss: 0.156
[93,    70] loss: 0.151
[93,    80] loss: 0.120
[93,    90] loss: 0.130
[93,   100] loss: 0.147
[93,   110] loss: 0.144
[93,   120] loss: 0.160
[93,   130] loss: 0.160
[93,   140] loss: 0.201
[93,   150] loss: 0.205
[93,   160] loss: 0.168
[93,   170] loss: 0.160
[93,   180] loss: 0.166
[93,   190] loss: 0.190
[93,   200] loss: 0.172
[93,   210] loss: 0.146
[93,   220] loss: 0.158
[93,   230] loss: 0.138
[93,   240] loss: 0.184
[93,   250] loss: 0.162
[93,   260] loss: 0.192
[93,   270] loss: 0.180
[93,   280] loss: 0.137
[93,   290] loss: 0.195
[93,   300] loss: 0.176
[93,   310] loss: 0.172
[93,   320] loss: 0.197
[93,   330] loss: 0.188
[93,   340] loss: 0.128
[93,   350] loss: 0.182
[93,   360] loss: 0.178
[93,   370] loss: 0.147
[93,   380] loss: 0.118
[93,   390] loss: 0.165
[93,   400] loss: 0.188
VALIDATION loss: 0.21266090869903564
[94,    10] loss: 0.186
[94,    20] loss: 0.148
[94,    30] loss: 0.154
[94,    40] loss: 0.159
[94,    50] loss: 0.178
[94,    60] loss: 0.199
[94,    70] loss: 0.112
[94,    80] loss: 0.158
[94,    90] loss: 0.167
[94,   100] loss: 0.204
[94,   110] loss: 0.108
[94,   120] loss: 0.157
[94,   130] loss: 0.164
[94,   140] loss: 0.128
[94,   150] loss: 0.102
[94,   160] loss: 0.134
[94,   170] loss: 0.133
[94,   180] loss: 0.152
[94,   190] loss: 0.177
[94,   200] loss: 0.131
[94,   210] loss: 0.152
[94,   220] loss: 0.199
[94,   230] loss: 0.163
[94,   240] loss: 0.189
[94,   250] loss: 0.156
[94,   260] loss: 0.146
[94,   270] loss: 0.155
[94,   280] loss: 0.148
[94,   290] loss: 0.162
[94,   300] loss: 0.205
[94,   310] loss: 0.160
[94,   320] loss: 0.148
[94,   330] loss: 0.200
[94,   340] loss: 0.137
[94,   350] loss: 0.166
[94,   360] loss: 0.125
[94,   370] loss: 0.173
[94,   380] loss: 0.162
[94,   390] loss: 0.102
[94,   400] loss: 0.168
VALIDATION loss: 0.18614500761032104
[95,    10] loss: 0.145
[95,    20] loss: 0.242
[95,    30] loss: 0.145
[95,    40] loss: 0.135
[95,    50] loss: 0.180
[95,    60] loss: 0.155
[95,    70] loss: 0.201
[95,    80] loss: 0.141
[95,    90] loss: 0.138
[95,   100] loss: 0.138
[95,   110] loss: 0.147
[95,   120] loss: 0.147
[95,   130] loss: 0.139
[95,   140] loss: 0.132
[95,   150] loss: 0.171
[95,   160] loss: 0.119
[95,   170] loss: 0.172
[95,   180] loss: 0.185
[95,   190] loss: 0.136
[95,   200] loss: 0.161
[95,   210] loss: 0.127
[95,   220] loss: 0.128
[95,   230] loss: 0.158
[95,   240] loss: 0.165
[95,   250] loss: 0.174
[95,   260] loss: 0.158
[95,   270] loss: 0.201
[95,   280] loss: 0.161
[95,   290] loss: 0.167
[95,   300] loss: 0.145
[95,   310] loss: 0.154
[95,   320] loss: 0.155
[95,   330] loss: 0.165
[95,   340] loss: 0.115
[95,   350] loss: 0.111
[95,   360] loss: 0.225
[95,   370] loss: 0.172
[95,   380] loss: 0.125
[95,   390] loss: 0.165
[95,   400] loss: 0.170
VALIDATION loss: 0.17815208435058594
[96,    10] loss: 0.168
[96,    20] loss: 0.125
[96,    30] loss: 0.199
[96,    40] loss: 0.164
[96,    50] loss: 0.129
[96,    60] loss: 0.167
[96,    70] loss: 0.167
[96,    80] loss: 0.151
[96,    90] loss: 0.167
[96,   100] loss: 0.146
[96,   110] loss: 0.177
[96,   120] loss: 0.149
[96,   130] loss: 0.212
[96,   140] loss: 0.191
[96,   150] loss: 0.191
[96,   160] loss: 0.162
[96,   170] loss: 0.136
[96,   180] loss: 0.149
[96,   190] loss: 0.183
[96,   200] loss: 0.160
[96,   210] loss: 0.162
[96,   220] loss: 0.132
[96,   230] loss: 0.180
[96,   240] loss: 0.144
[96,   250] loss: 0.136
[96,   260] loss: 0.148
[96,   270] loss: 0.138
[96,   280] loss: 0.147
[96,   290] loss: 0.187
[96,   300] loss: 0.148
[96,   310] loss: 0.130
[96,   320] loss: 0.192
[96,   330] loss: 0.178
[96,   340] loss: 0.133
[96,   350] loss: 0.172
[96,   360] loss: 0.158
[96,   370] loss: 0.161
[96,   380] loss: 0.158
[96,   390] loss: 0.135
[96,   400] loss: 0.163
VALIDATION loss: 0.2992091178894043
[97,    10] loss: 0.183
[97,    20] loss: 0.111
[97,    30] loss: 0.199
[97,    40] loss: 0.128
[97,    50] loss: 0.130
[97,    60] loss: 0.150
[97,    70] loss: 0.125
[97,    80] loss: 0.104
[97,    90] loss: 0.145
[97,   100] loss: 0.144
[97,   110] loss: 0.131
[97,   120] loss: 0.168
[97,   130] loss: 0.157
[97,   140] loss: 0.145
[97,   150] loss: 0.161
[97,   160] loss: 0.143
[97,   170] loss: 0.116
[97,   180] loss: 0.122
[97,   190] loss: 0.130
[97,   200] loss: 0.181
[97,   210] loss: 0.157
[97,   220] loss: 0.144
[97,   230] loss: 0.176
[97,   240] loss: 0.156
[97,   250] loss: 0.197
[97,   260] loss: 0.167
[97,   270] loss: 0.193
[97,   280] loss: 0.152
[97,   290] loss: 0.149
[97,   300] loss: 0.145
[97,   310] loss: 0.179
[97,   320] loss: 0.133
[97,   330] loss: 0.174
[97,   340] loss: 0.189
[97,   350] loss: 0.171
[97,   360] loss: 0.183
[97,   370] loss: 0.190
[97,   380] loss: 0.133
[97,   390] loss: 0.134
[97,   400] loss: 0.203
VALIDATION loss: 0.292958527803421
[98,    10] loss: 0.142
[98,    20] loss: 0.161
[98,    30] loss: 0.155
[98,    40] loss: 0.136
[98,    50] loss: 0.160
[98,    60] loss: 0.174
[98,    70] loss: 0.148
[98,    80] loss: 0.140
[98,    90] loss: 0.147
[98,   100] loss: 0.154
[98,   110] loss: 0.132
[98,   120] loss: 0.160
[98,   130] loss: 0.118
[98,   140] loss: 0.148
[98,   150] loss: 0.126
[98,   160] loss: 0.181
[98,   170] loss: 0.170
[98,   180] loss: 0.167
[98,   190] loss: 0.161
[98,   200] loss: 0.157
[98,   210] loss: 0.115
[98,   220] loss: 0.159
[98,   230] loss: 0.143
[98,   240] loss: 0.172
[98,   250] loss: 0.188
[98,   260] loss: 0.119
[98,   270] loss: 0.123
[98,   280] loss: 0.156
[98,   290] loss: 0.134
[98,   300] loss: 0.153
[98,   310] loss: 0.198
[98,   320] loss: 0.116
[98,   330] loss: 0.168
[98,   340] loss: 0.168
[98,   350] loss: 0.150
[98,   360] loss: 0.202
[98,   370] loss: 0.165
[98,   380] loss: 0.126
[98,   390] loss: 0.157
[98,   400] loss: 0.138
VALIDATION loss: 0.22020745277404785
[99,    10] loss: 0.141
[99,    20] loss: 0.128
[99,    30] loss: 0.114
[99,    40] loss: 0.157
[99,    50] loss: 0.154
[99,    60] loss: 0.177
[99,    70] loss: 0.126
[99,    80] loss: 0.176
[99,    90] loss: 0.141
[99,   100] loss: 0.165
[99,   110] loss: 0.120
[99,   120] loss: 0.139
[99,   130] loss: 0.117
[99,   140] loss: 0.143
[99,   150] loss: 0.133
[99,   160] loss: 0.126
[99,   170] loss: 0.147
[99,   180] loss: 0.120
[99,   190] loss: 0.150
[99,   200] loss: 0.168
[99,   210] loss: 0.152
[99,   220] loss: 0.147
[99,   230] loss: 0.152
[99,   240] loss: 0.125
[99,   250] loss: 0.149
[99,   260] loss: 0.173
[99,   270] loss: 0.172
[99,   280] loss: 0.161
[99,   290] loss: 0.149
[99,   300] loss: 0.147
[99,   310] loss: 0.194
[99,   320] loss: 0.129
[99,   330] loss: 0.218
[99,   340] loss: 0.170
[99,   350] loss: 0.139
[99,   360] loss: 0.153
[99,   370] loss: 0.166
[99,   380] loss: 0.140
[99,   390] loss: 0.131
[99,   400] loss: 0.183
VALIDATION loss: 1.5781959295272827
[100,    10] loss: 0.152
[100,    20] loss: 0.153
[100,    30] loss: 0.173
[100,    40] loss: 0.211
[100,    50] loss: 0.173
[100,    60] loss: 0.194
[100,    70] loss: 0.132
[100,    80] loss: 0.132
[100,    90] loss: 0.189
[100,   100] loss: 0.148
[100,   110] loss: 0.119
[100,   120] loss: 0.177
[100,   130] loss: 0.169
[100,   140] loss: 0.159
[100,   150] loss: 0.151
[100,   160] loss: 0.121
[100,   170] loss: 0.154
[100,   180] loss: 0.166
[100,   190] loss: 0.172
[100,   200] loss: 0.132
[100,   210] loss: 0.180
[100,   220] loss: 0.142
[100,   230] loss: 0.153
[100,   240] loss: 0.171
[100,   250] loss: 0.151
[100,   260] loss: 0.139
[100,   270] loss: 0.132
[100,   280] loss: 0.136
[100,   290] loss: 0.187
[100,   300] loss: 0.155
[100,   310] loss: 0.143
[100,   320] loss: 0.119
[100,   330] loss: 0.124
[100,   340] loss: 0.154
[100,   350] loss: 0.121
[100,   360] loss: 0.123
[100,   370] loss: 0.127
[100,   380] loss: 0.194
[100,   390] loss: 0.159
[100,   400] loss: 0.164
VALIDATION loss: 0.21452230215072632
Finished !!
Accuracy of the network: 91.21 %
