Collecting dill==0.3.4 (from -r requirements.txt (line 1))
  Using cached https://files.pythonhosted.org/packages/b6/c3/973676ceb86b60835bb3978c6db67a5dc06be6cfdbd14ef0f5a13e3fc9fd/dill-0.3.4-py2.py3-none-any.whl
Requirement already satisfied: laplace==0.1 in /zhome/45/c/128687/.local/lib/python3.6/site-packages (from -r requirements.txt (line 2))
Collecting matplotlib==3.4.0 (from -r requirements.txt (line 3))
Small: 0
Transform: 1
MaxPool: 1
Running GPU.
[1,    10] loss: 1.887
[1,    20] loss: 1.773
[1,    30] loss: 1.722
[1,    40] loss: 1.719
[1,    50] loss: 1.629
[1,    60] loss: 1.598
[1,    70] loss: 1.552
[1,    80] loss: 1.527
[1,    90] loss: 1.552
[1,   100] loss: 1.547
[1,   110] loss: 1.599
[1,   120] loss: 1.526
[1,   130] loss: 1.461
[1,   140] loss: 1.399
[1,   150] loss: 1.450
[1,   160] loss: 1.465
[1,   170] loss: 1.459
[1,   180] loss: 1.434
[1,   190] loss: 1.380
[1,   200] loss: 1.425
[1,   210] loss: 1.388
[1,   220] loss: 1.446
[1,   230] loss: 1.484
[1,   240] loss: 1.336
[1,   250] loss: 1.362
[1,   260] loss: 1.386
[1,   270] loss: 1.394
[1,   280] loss: 1.411
[1,   290] loss: 1.377
[1,   300] loss: 1.370
[1,   310] loss: 1.428
[1,   320] loss: 1.432
[1,   330] loss: 1.285
[1,   340] loss: 1.394
[1,   350] loss: 1.265
[1,   360] loss: 1.347
[1,   370] loss: 1.232
[1,   380] loss: 1.301
[1,   390] loss: 1.304
[1,   400] loss: 1.236
VALIDATION loss: 1.2905982732772827
[2,    10] loss: 1.308
[2,    20] loss: 1.390
[2,    30] loss: 1.259
[2,    40] loss: 1.249
[2,    50] loss: 1.263
[2,    60] loss: 1.274
[2,    70] loss: 1.304
[2,    80] loss: 1.292
[2,    90] loss: 1.278
[2,   100] loss: 1.252
[2,   110] loss: 1.218
[2,   120] loss: 1.316
[2,   130] loss: 1.213
[2,   140] loss: 1.213
[2,   150] loss: 1.147
[2,   160] loss: 1.228
[2,   170] loss: 1.291
[2,   180] loss: 1.223
[2,   190] loss: 1.176
[2,   200] loss: 1.109
[2,   210] loss: 1.176
[2,   220] loss: 1.169
[2,   230] loss: 1.163
[2,   240] loss: 1.151
[2,   250] loss: 1.278
[2,   260] loss: 1.126
[2,   270] loss: 1.176
[2,   280] loss: 1.170
[2,   290] loss: 1.209
[2,   300] loss: 1.273
[2,   310] loss: 1.185
[2,   320] loss: 1.137
[2,   330] loss: 0.996
[2,   340] loss: 1.105
[2,   350] loss: 1.091
[2,   360] loss: 1.022
[2,   370] loss: 0.999
[2,   380] loss: 1.098
[2,   390] loss: 1.051
[2,   400] loss: 1.101
VALIDATION loss: 1.3833909034729004
[3,    10] loss: 1.047
[3,    20] loss: 1.154
[3,    30] loss: 1.124
[3,    40] loss: 1.100
[3,    50] loss: 1.122
[3,    60] loss: 1.062
[3,    70] loss: 1.136
[3,    80] loss: 1.068
[3,    90] loss: 1.014
[3,   100] loss: 1.134
[3,   110] loss: 1.105
[3,   120] loss: 1.137
[3,   130] loss: 1.075
[3,   140] loss: 1.051
[3,   150] loss: 0.983
[3,   160] loss: 1.103
[3,   170] loss: 1.043
[3,   180] loss: 1.042
[3,   190] loss: 1.014
[3,   200] loss: 1.068
[3,   210] loss: 1.014
[3,   220] loss: 1.057
[3,   230] loss: 1.079
[3,   240] loss: 1.039
[3,   250] loss: 1.103
[3,   260] loss: 0.983
[3,   270] loss: 1.037
[3,   280] loss: 0.930
[3,   290] loss: 0.968
[3,   300] loss: 0.964
[3,   310] loss: 1.023
[3,   320] loss: 0.964
[3,   330] loss: 0.945
[3,   340] loss: 0.933
[3,   350] loss: 1.003
[3,   360] loss: 1.132
[3,   370] loss: 0.998
[3,   380] loss: 0.969
[3,   390] loss: 1.071
[3,   400] loss: 0.980
VALIDATION loss: 1.2146838903427124
[4,    10] loss: 1.047
[4,    20] loss: 1.030
[4,    30] loss: 0.998
[4,    40] loss: 0.876
[4,    50] loss: 0.927
[4,    60] loss: 0.943
[4,    70] loss: 0.910
[4,    80] loss: 1.020
[4,    90] loss: 0.858
[4,   100] loss: 0.987
[4,   110] loss: 0.916
[4,   120] loss: 0.943
[4,   130] loss: 0.868
[4,   140] loss: 0.960
[4,   150] loss: 0.915
[4,   160] loss: 0.976
[4,   170] loss: 0.825
[4,   180] loss: 0.995
[4,   190] loss: 0.945
[4,   200] loss: 0.896
[4,   210] loss: 0.976
[4,   220] loss: 0.934
[4,   230] loss: 0.962
[4,   240] loss: 0.912
[4,   250] loss: 0.960
[4,   260] loss: 0.795
[4,   270] loss: 0.842
[4,   280] loss: 0.886
[4,   290] loss: 0.934
[4,   300] loss: 0.940
[4,   310] loss: 0.921
[4,   320] loss: 0.858
[4,   330] loss: 0.785
[4,   340] loss: 0.844
[4,   350] loss: 0.880
[4,   360] loss: 0.959
[4,   370] loss: 0.851
[4,   380] loss: 0.800
[4,   390] loss: 0.931
[4,   400] loss: 0.859
VALIDATION loss: 1.3171716928482056
[5,    10] loss: 0.812
[5,    20] loss: 0.948
[5,    30] loss: 0.855
[5,    40] loss: 0.823
[5,    50] loss: 0.865
[5,    60] loss: 0.913
[5,    70] loss: 0.744
[5,    80] loss: 0.848
[5,    90] loss: 0.899
[5,   100] loss: 0.758
[5,   110] loss: 0.834
[5,   120] loss: 0.805
[5,   130] loss: 0.855
[5,   140] loss: 0.868
[5,   150] loss: 0.875
[5,   160] loss: 0.805
[5,   170] loss: 0.790
[5,   180] loss: 0.817
[5,   190] loss: 0.906
[5,   200] loss: 0.931
[5,   210] loss: 0.778
[5,   220] loss: 0.831
[5,   230] loss: 0.771
[5,   240] loss: 0.738
[5,   250] loss: 0.676
[5,   260] loss: 0.815
[5,   270] loss: 0.783
[5,   280] loss: 0.848
[5,   290] loss: 0.732
[5,   300] loss: 0.756
[5,   310] loss: 0.820
[5,   320] loss: 0.844
[5,   330] loss: 0.805
[5,   340] loss: 0.763
[5,   350] loss: 0.751
[5,   360] loss: 0.791
[5,   370] loss: 0.784
[5,   380] loss: 0.790
[5,   390] loss: 0.759
[5,   400] loss: 0.859
VALIDATION loss: 0.9638952612876892
[6,    10] loss: 0.759
[6,    20] loss: 0.690
[6,    30] loss: 0.761
[6,    40] loss: 0.734
[6,    50] loss: 0.925
[6,    60] loss: 0.721
[6,    70] loss: 0.733
[6,    80] loss: 0.708
[6,    90] loss: 0.767
[6,   100] loss: 0.733
[6,   110] loss: 0.667
[6,   120] loss: 0.817
[6,   130] loss: 0.829
[6,   140] loss: 0.667
[6,   150] loss: 0.745
[6,   160] loss: 0.705
[6,   170] loss: 0.671
[6,   180] loss: 0.688
[6,   190] loss: 0.849
[6,   200] loss: 0.701
[6,   210] loss: 0.791
[6,   220] loss: 0.693
[6,   230] loss: 0.846
[6,   240] loss: 0.833
[6,   250] loss: 0.682
[6,   260] loss: 0.744
[6,   270] loss: 0.754
[6,   280] loss: 0.658
[6,   290] loss: 0.820
[6,   300] loss: 0.744
[6,   310] loss: 0.629
[6,   320] loss: 0.721
[6,   330] loss: 0.661
[6,   340] loss: 0.687
[6,   350] loss: 0.717
[6,   360] loss: 0.862
[6,   370] loss: 0.762
[6,   380] loss: 0.704
[6,   390] loss: 0.762
[6,   400] loss: 0.718
VALIDATION loss: 0.8054333329200745
[7,    10] loss: 0.728
[7,    20] loss: 0.670
[7,    30] loss: 0.638
[7,    40] loss: 0.707
[7,    50] loss: 0.721
[7,    60] loss: 0.684
[7,    70] loss: 0.701
[7,    80] loss: 0.698
[7,    90] loss: 0.625
[7,   100] loss: 0.744
[7,   110] loss: 0.757
[7,   120] loss: 0.751
[7,   130] loss: 0.769
[7,   140] loss: 0.798
[7,   150] loss: 0.698
[7,   160] loss: 0.689
[7,   170] loss: 0.693
[7,   180] loss: 0.711
[7,   190] loss: 0.598
[7,   200] loss: 0.655
[7,   210] loss: 0.776
[7,   220] loss: 0.881
[7,   230] loss: 0.799
[7,   240] loss: 0.762
[7,   250] loss: 0.693
[7,   260] loss: 0.606
[7,   270] loss: 0.730
[7,   280] loss: 0.697
[7,   290] loss: 0.671
[7,   300] loss: 0.729
[7,   310] loss: 0.733
[7,   320] loss: 0.678
[7,   330] loss: 0.671
[7,   340] loss: 0.708
[7,   350] loss: 0.639
[7,   360] loss: 0.644
[7,   370] loss: 0.725
[7,   380] loss: 0.609
[7,   390] loss: 0.712
[7,   400] loss: 0.779
VALIDATION loss: 1.115792155265808
[8,    10] loss: 0.848
[8,    20] loss: 0.853
[8,    30] loss: 0.783
[8,    40] loss: 0.945
[8,    50] loss: 0.776
[8,    60] loss: 0.750
[8,    70] loss: 0.701
[8,    80] loss: 0.835
[8,    90] loss: 0.671
[8,   100] loss: 0.710
[8,   110] loss: 0.705
[8,   120] loss: 0.644
[8,   130] loss: 0.756
[8,   140] loss: 0.682
[8,   150] loss: 0.604
[8,   160] loss: 0.649
[8,   170] loss: 0.723
[8,   180] loss: 0.622
[8,   190] loss: 0.632
[8,   200] loss: 0.654
[8,   210] loss: 0.639
[8,   220] loss: 0.788
[8,   230] loss: 0.636
[8,   240] loss: 0.751
[8,   250] loss: 0.648
[8,   260] loss: 0.652
[8,   270] loss: 0.585
[8,   280] loss: 0.641
[8,   290] loss: 0.616
[8,   300] loss: 0.663
[8,   310] loss: 0.559
[8,   320] loss: 0.672
[8,   330] loss: 0.637
[8,   340] loss: 0.662
[8,   350] loss: 0.644
[8,   360] loss: 0.552
[8,   370] loss: 0.674
[8,   380] loss: 0.627
[8,   390] loss: 0.642
[8,   400] loss: 0.536
VALIDATION loss: 1.0441160202026367
[9,    10] loss: 0.657
[9,    20] loss: 0.613
[9,    30] loss: 0.610
[9,    40] loss: 0.612
[9,    50] loss: 0.516
[9,    60] loss: 0.644
[9,    70] loss: 0.563
[9,    80] loss: 0.669
[9,    90] loss: 0.644
[9,   100] loss: 0.717
[9,   110] loss: 0.478
[9,   120] loss: 0.573
[9,   130] loss: 0.623
[9,   140] loss: 0.666
[9,   150] loss: 0.672
[9,   160] loss: 0.627
[9,   170] loss: 0.726
[9,   180] loss: 0.610
[9,   190] loss: 0.670
[9,   200] loss: 0.640
[9,   210] loss: 0.676
[9,   220] loss: 0.663
[9,   230] loss: 0.639
[9,   240] loss: 0.609
[9,   250] loss: 0.623
[9,   260] loss: 0.621
[9,   270] loss: 0.635
[9,   280] loss: 0.555
[9,   290] loss: 0.595
[9,   300] loss: 0.585
[9,   310] loss: 0.458
[9,   320] loss: 0.534
[9,   330] loss: 0.586
[9,   340] loss: 0.655
[9,   350] loss: 0.734
[9,   360] loss: 0.657
[9,   370] loss: 0.542
[9,   380] loss: 0.646
[9,   390] loss: 0.709
[9,   400] loss: 0.702
VALIDATION loss: 0.680374026298523
[10,    10] loss: 0.586
[10,    20] loss: 0.626
[10,    30] loss: 0.545
[10,    40] loss: 0.635
[10,    50] loss: 0.584
[10,    60] loss: 0.570
[10,    70] loss: 0.585
[10,    80] loss: 0.509
[10,    90] loss: 0.564
[10,   100] loss: 0.611
[10,   110] loss: 0.616
[10,   120] loss: 0.598
[10,   130] loss: 0.618
[10,   140] loss: 0.623
[10,   150] loss: 0.526
[10,   160] loss: 0.644
[10,   170] loss: 0.541
[10,   180] loss: 0.532
[10,   190] loss: 0.598
[10,   200] loss: 0.546
[10,   210] loss: 0.580
[10,   220] loss: 0.606
[10,   230] loss: 0.540
[10,   240] loss: 0.575
[10,   250] loss: 0.611
[10,   260] loss: 0.582
[10,   270] loss: 0.591
[10,   280] loss: 0.647
[10,   290] loss: 0.657
[10,   300] loss: 0.601
[10,   310] loss: 0.594
[10,   320] loss: 0.516
[10,   330] loss: 0.560
[10,   340] loss: 0.534
[10,   350] loss: 0.633
[10,   360] loss: 0.573
[10,   370] loss: 0.578
[10,   380] loss: 0.566
[10,   390] loss: 0.566
[10,   400] loss: 0.583
VALIDATION loss: 0.9122491478919983
[11,    10] loss: 0.628
[11,    20] loss: 0.596
[11,    30] loss: 0.637
[11,    40] loss: 0.670
[11,    50] loss: 0.503
[11,    60] loss: 0.611
[11,    70] loss: 0.596
[11,    80] loss: 0.574
[11,    90] loss: 0.634
[11,   100] loss: 0.619
[11,   110] loss: 0.592
[11,   120] loss: 0.552
[11,   130] loss: 0.538
[11,   140] loss: 0.572
[11,   150] loss: 0.550
[11,   160] loss: 0.624
[11,   170] loss: 0.543
[11,   180] loss: 0.563
[11,   190] loss: 0.583
[11,   200] loss: 0.618
[11,   210] loss: 0.597
[11,   220] loss: 0.537
[11,   230] loss: 0.611
[11,   240] loss: 0.565
[11,   250] loss: 0.603
[11,   260] loss: 0.592
[11,   270] loss: 0.467
[11,   280] loss: 0.625
[11,   290] loss: 0.634
[11,   300] loss: 0.544
[11,   310] loss: 0.591
[11,   320] loss: 0.558
[11,   330] loss: 0.475
[11,   340] loss: 0.621
[11,   350] loss: 0.570
[11,   360] loss: 0.588
[11,   370] loss: 0.508
[11,   380] loss: 0.441
[11,   390] loss: 0.526
[11,   400] loss: 0.535
VALIDATION loss: 0.4803953766822815
[12,    10] loss: 0.596
[12,    20] loss: 0.567
[12,    30] loss: 0.523
[12,    40] loss: 0.483
[12,    50] loss: 0.587
[12,    60] loss: 0.498
[12,    70] loss: 0.454
[12,    80] loss: 0.498
[12,    90] loss: 0.590
[12,   100] loss: 0.577
[12,   110] loss: 0.604
[12,   120] loss: 0.586
[12,   130] loss: 0.580
[12,   140] loss: 0.473
[12,   150] loss: 0.533
[12,   160] loss: 0.528
[12,   170] loss: 0.587
[12,   180] loss: 0.584
[12,   190] loss: 0.543
[12,   200] loss: 0.535
[12,   210] loss: 0.527
[12,   220] loss: 0.583
[12,   230] loss: 0.566
[12,   240] loss: 0.557
[12,   250] loss: 0.612
[12,   260] loss: 0.547
[12,   270] loss: 0.548
[12,   280] loss: 0.451
[12,   290] loss: 0.631
[12,   300] loss: 0.566
[12,   310] loss: 0.554
[12,   320] loss: 0.517
[12,   330] loss: 0.555
[12,   340] loss: 0.513
[12,   350] loss: 0.485
[12,   360] loss: 0.481
[12,   370] loss: 0.500
[12,   380] loss: 0.536
[12,   390] loss: 0.520
[12,   400] loss: 0.537
VALIDATION loss: 0.6476250886917114
[13,    10] loss: 0.475
[13,    20] loss: 0.466
[13,    30] loss: 0.481
[13,    40] loss: 0.475
[13,    50] loss: 0.494
[13,    60] loss: 0.597
[13,    70] loss: 0.555
[13,    80] loss: 0.555
[13,    90] loss: 0.495
[13,   100] loss: 0.540
[13,   110] loss: 0.515
[13,   120] loss: 0.533
[13,   130] loss: 0.592
[13,   140] loss: 0.532
[13,   150] loss: 0.562
[13,   160] loss: 0.521
[13,   170] loss: 0.475
[13,   180] loss: 0.535
[13,   190] loss: 0.485
[13,   200] loss: 0.487
[13,   210] loss: 0.554
[13,   220] loss: 0.553
[13,   230] loss: 0.458
[13,   240] loss: 0.582
[13,   250] loss: 0.516
[13,   260] loss: 0.555
[13,   270] loss: 0.544
[13,   280] loss: 0.449
[13,   290] loss: 0.507
[13,   300] loss: 0.457
[13,   310] loss: 0.543
[13,   320] loss: 0.485
[13,   330] loss: 0.575
[13,   340] loss: 0.524
[13,   350] loss: 0.503
[13,   360] loss: 0.459
[13,   370] loss: 0.473
[13,   380] loss: 0.506
[13,   390] loss: 0.484
[13,   400] loss: 0.464
VALIDATION loss: 1.191509485244751
[14,    10] loss: 0.458
[14,    20] loss: 0.529
[14,    30] loss: 0.492
[14,    40] loss: 0.482
[14,    50] loss: 0.532
[14,    60] loss: 0.454
[14,    70] loss: 0.441
[14,    80] loss: 0.546
[14,    90] loss: 0.500
[14,   100] loss: 0.462
[14,   110] loss: 0.585
[14,   120] loss: 0.552
[14,   130] loss: 0.503
[14,   140] loss: 0.480
[14,   150] loss: 0.525
[14,   160] loss: 0.485
[14,   170] loss: 0.436
[14,   180] loss: 0.460
[14,   190] loss: 0.531
[14,   200] loss: 0.442
[14,   210] loss: 0.524
[14,   220] loss: 0.549
[14,   230] loss: 0.577
[14,   240] loss: 0.540
[14,   250] loss: 0.420
[14,   260] loss: 0.525
[14,   270] loss: 0.526
[14,   280] loss: 0.444
[14,   290] loss: 0.518
[14,   300] loss: 0.580
[14,   310] loss: 0.477
[14,   320] loss: 0.497
[14,   330] loss: 0.483
[14,   340] loss: 0.477
[14,   350] loss: 0.449
[14,   360] loss: 0.517
[14,   370] loss: 0.542
[14,   380] loss: 0.445
[14,   390] loss: 0.467
[14,   400] loss: 0.492
VALIDATION loss: 0.4262469410896301
[15,    10] loss: 0.459
[15,    20] loss: 0.502
[15,    30] loss: 0.423
[15,    40] loss: 0.388
[15,    50] loss: 0.421
[15,    60] loss: 0.435
[15,    70] loss: 0.519
[15,    80] loss: 0.481
[15,    90] loss: 0.473
[15,   100] loss: 0.472
[15,   110] loss: 0.533
[15,   120] loss: 0.460
[15,   130] loss: 0.429
[15,   140] loss: 0.457
[15,   150] loss: 0.428
[15,   160] loss: 0.443
[15,   170] loss: 0.460
[15,   180] loss: 0.488
[15,   190] loss: 0.443
[15,   200] loss: 0.517
[15,   210] loss: 0.511
[15,   220] loss: 0.391
[15,   230] loss: 0.456
[15,   240] loss: 0.460
[15,   250] loss: 0.502
[15,   260] loss: 0.494
[15,   270] loss: 0.559
[15,   280] loss: 0.408
[15,   290] loss: 0.451
[15,   300] loss: 0.465
[15,   310] loss: 0.436
[15,   320] loss: 0.480
[15,   330] loss: 0.423
[15,   340] loss: 0.513
[15,   350] loss: 0.532
[15,   360] loss: 0.522
[15,   370] loss: 0.572
[15,   380] loss: 0.573
[15,   390] loss: 0.575
[15,   400] loss: 0.477
VALIDATION loss: 0.6404977440834045
[16,    10] loss: 0.413
[16,    20] loss: 0.445
[16,    30] loss: 0.442
[16,    40] loss: 0.527
[16,    50] loss: 0.488
[16,    60] loss: 0.459
[16,    70] loss: 0.471
[16,    80] loss: 0.447
[16,    90] loss: 0.488
[16,   100] loss: 0.493
[16,   110] loss: 0.484
[16,   120] loss: 0.410
[16,   130] loss: 0.452
[16,   140] loss: 0.516
[16,   150] loss: 0.448
[16,   160] loss: 0.473
[16,   170] loss: 0.428
[16,   180] loss: 0.536
[16,   190] loss: 0.433
[16,   200] loss: 0.463
[16,   210] loss: 0.609
[16,   220] loss: 0.571
[16,   230] loss: 0.476
[16,   240] loss: 0.434
[16,   250] loss: 0.475
[16,   260] loss: 0.496
[16,   270] loss: 0.427
[16,   280] loss: 0.404
[16,   290] loss: 0.458
[16,   300] loss: 0.453
[16,   310] loss: 0.418
[16,   320] loss: 0.445
[16,   330] loss: 0.448
[16,   340] loss: 0.422
[16,   350] loss: 0.453
[16,   360] loss: 0.442
[16,   370] loss: 0.376
[16,   380] loss: 0.437
[16,   390] loss: 0.451
[16,   400] loss: 0.449
VALIDATION loss: 3.0292510986328125
[17,    10] loss: 0.497
[17,    20] loss: 0.529
[17,    30] loss: 0.451
[17,    40] loss: 0.473
[17,    50] loss: 0.441
[17,    60] loss: 0.415
[17,    70] loss: 0.488
[17,    80] loss: 0.455
[17,    90] loss: 0.453
[17,   100] loss: 0.450
[17,   110] loss: 0.467
[17,   120] loss: 0.495
[17,   130] loss: 0.404
[17,   140] loss: 0.476
[17,   150] loss: 0.508
[17,   160] loss: 0.413
[17,   170] loss: 0.509
[17,   180] loss: 0.368
[17,   190] loss: 0.450
[17,   200] loss: 0.433
[17,   210] loss: 0.396
[17,   220] loss: 0.323
[17,   230] loss: 0.329
[17,   240] loss: 0.450
[17,   250] loss: 0.427
[17,   260] loss: 0.433
[17,   270] loss: 0.425
[17,   280] loss: 0.423
[17,   290] loss: 0.420
[17,   300] loss: 0.405
[17,   310] loss: 0.423
[17,   320] loss: 0.418
[17,   330] loss: 0.426
[17,   340] loss: 0.444
[17,   350] loss: 0.439
[17,   360] loss: 0.475
[17,   370] loss: 0.492
[17,   380] loss: 0.483
[17,   390] loss: 0.413
[17,   400] loss: 0.412
VALIDATION loss: 0.3754347860813141
[18,    10] loss: 0.354
[18,    20] loss: 0.325
[18,    30] loss: 0.402
[18,    40] loss: 0.409
[18,    50] loss: 0.329
[18,    60] loss: 0.423
[18,    70] loss: 0.476
[18,    80] loss: 0.414
[18,    90] loss: 0.419
[18,   100] loss: 0.434
[18,   110] loss: 0.408
[18,   120] loss: 0.471
[18,   130] loss: 0.442
[18,   140] loss: 0.373
[18,   150] loss: 0.497
[18,   160] loss: 0.445
[18,   170] loss: 0.421
[18,   180] loss: 0.486
[18,   190] loss: 0.434
[18,   200] loss: 0.528
[18,   210] loss: 0.507
[18,   220] loss: 0.449
[18,   230] loss: 0.471
[18,   240] loss: 0.503
[18,   250] loss: 0.559
[18,   260] loss: 0.503
[18,   270] loss: 0.526
[18,   280] loss: 0.418
[18,   290] loss: 0.429
[18,   300] loss: 0.367
[18,   310] loss: 0.448
[18,   320] loss: 0.397
[18,   330] loss: 0.408
[18,   340] loss: 0.459
[18,   350] loss: 0.453
[18,   360] loss: 0.428
[18,   370] loss: 0.426
[18,   380] loss: 0.459
[18,   390] loss: 0.446
[18,   400] loss: 0.525
VALIDATION loss: 1.5562725067138672
[19,    10] loss: 0.427
[19,    20] loss: 0.411
[19,    30] loss: 0.473
[19,    40] loss: 0.419
[19,    50] loss: 0.497
[19,    60] loss: 0.415
[19,    70] loss: 0.340
[19,    80] loss: 0.361
[19,    90] loss: 0.430
[19,   100] loss: 0.460
[19,   110] loss: 0.426
[19,   120] loss: 0.421
[19,   130] loss: 0.384
[19,   140] loss: 0.452
[19,   150] loss: 0.425
[19,   160] loss: 0.429
[19,   170] loss: 0.444
[19,   180] loss: 0.355
[19,   190] loss: 0.356
[19,   200] loss: 0.369
[19,   210] loss: 0.348
[19,   220] loss: 0.482
[19,   230] loss: 0.386
[19,   240] loss: 0.367
[19,   250] loss: 0.415
[19,   260] loss: 0.403
[19,   270] loss: 0.375
[19,   280] loss: 0.394
[19,   290] loss: 0.464
[19,   300] loss: 0.382
[19,   310] loss: 0.422
[19,   320] loss: 0.431
[19,   330] loss: 0.487
[19,   340] loss: 0.402
[19,   350] loss: 0.393
[19,   360] loss: 0.343
[19,   370] loss: 0.516
[19,   380] loss: 0.455
[19,   390] loss: 0.426
[19,   400] loss: 0.408
VALIDATION loss: 2.0515310764312744
[20,    10] loss: 0.376
[20,    20] loss: 0.366
[20,    30] loss: 0.429
[20,    40] loss: 0.444
[20,    50] loss: 0.433
[20,    60] loss: 0.350
[20,    70] loss: 0.394
[20,    80] loss: 0.397
[20,    90] loss: 0.337
[20,   100] loss: 0.528
[20,   110] loss: 0.540
[20,   120] loss: 0.445
[20,   130] loss: 0.469
[20,   140] loss: 0.495
[20,   150] loss: 0.466
[20,   160] loss: 0.460
[20,   170] loss: 0.368
[20,   180] loss: 0.324
[20,   190] loss: 0.405
[20,   200] loss: 0.370
[20,   210] loss: 0.406
[20,   220] loss: 0.396
[20,   230] loss: 0.380
[20,   240] loss: 0.468
[20,   250] loss: 0.381
[20,   260] loss: 0.444
[20,   270] loss: 0.404
[20,   280] loss: 0.347
[20,   290] loss: 0.371
[20,   300] loss: 0.435
[20,   310] loss: 0.418
[20,   320] loss: 0.318
[20,   330] loss: 0.391
[20,   340] loss: 0.422
[20,   350] loss: 0.426
[20,   360] loss: 0.393
[20,   370] loss: 0.331
[20,   380] loss: 0.381
[20,   390] loss: 0.414
[20,   400] loss: 0.400
VALIDATION loss: 0.5196172595024109
[21,    10] loss: 0.341
[21,    20] loss: 0.416
[21,    30] loss: 0.401
[21,    40] loss: 0.410
[21,    50] loss: 0.439
[21,    60] loss: 0.427
[21,    70] loss: 0.395
[21,    80] loss: 0.383
[21,    90] loss: 0.358
[21,   100] loss: 0.400
[21,   110] loss: 0.375
[21,   120] loss: 0.400
[21,   130] loss: 0.424
[21,   140] loss: 0.384
[21,   150] loss: 0.374
[21,   160] loss: 0.462
[21,   170] loss: 0.426
[21,   180] loss: 0.397
[21,   190] loss: 0.357
[21,   200] loss: 0.366
[21,   210] loss: 0.388
[21,   220] loss: 0.297
[21,   230] loss: 0.345
[21,   240] loss: 0.371
[21,   250] loss: 0.339
[21,   260] loss: 0.340
[21,   270] loss: 0.435
[21,   280] loss: 0.418
[21,   290] loss: 0.403
[21,   300] loss: 0.421
[21,   310] loss: 0.432
[21,   320] loss: 0.456
[21,   330] loss: 0.384
[21,   340] loss: 0.378
[21,   350] loss: 0.367
[21,   360] loss: 0.380
[21,   370] loss: 0.331
[21,   380] loss: 0.354
[21,   390] loss: 0.440
[21,   400] loss: 0.387
VALIDATION loss: 0.33644768595695496
[22,    10] loss: 0.435
[22,    20] loss: 0.271
[22,    30] loss: 0.415
[22,    40] loss: 0.374
[22,    50] loss: 0.393
[22,    60] loss: 0.310
[22,    70] loss: 0.412
[22,    80] loss: 0.373
[22,    90] loss: 0.348
[22,   100] loss: 0.297
[22,   110] loss: 0.439
[22,   120] loss: 0.376
[22,   130] loss: 0.338
[22,   140] loss: 0.375
[22,   150] loss: 0.371
[22,   160] loss: 0.317
[22,   170] loss: 0.393
[22,   180] loss: 0.423
[22,   190] loss: 0.369
[22,   200] loss: 0.347
[22,   210] loss: 0.432
[22,   220] loss: 0.359
[22,   230] loss: 0.341
[22,   240] loss: 0.368
[22,   250] loss: 0.350
[22,   260] loss: 0.348
[22,   270] loss: 0.397
[22,   280] loss: 0.348
[22,   290] loss: 0.386
[22,   300] loss: 0.322
[22,   310] loss: 0.433
[22,   320] loss: 0.375
[22,   330] loss: 0.329
[22,   340] loss: 0.411
[22,   350] loss: 0.363
[22,   360] loss: 0.351
[22,   370] loss: 0.311
[22,   380] loss: 0.362
[22,   390] loss: 0.335
[22,   400] loss: 0.383
VALIDATION loss: 0.39569348096847534
[23,    10] loss: 0.341
[23,    20] loss: 0.480
[23,    30] loss: 0.406
[23,    40] loss: 0.409
[23,    50] loss: 0.344
[23,    60] loss: 0.354
[23,    70] loss: 0.374
[23,    80] loss: 0.338
[23,    90] loss: 0.362
[23,   100] loss: 0.403
[23,   110] loss: 0.356
[23,   120] loss: 0.345
[23,   130] loss: 0.387
[23,   140] loss: 0.394
[23,   150] loss: 0.394
[23,   160] loss: 0.351
[23,   170] loss: 0.331
[23,   180] loss: 0.374
[23,   190] loss: 0.358
[23,   200] loss: 0.348
[23,   210] loss: 0.359
[23,   220] loss: 0.422
[23,   230] loss: 0.498
[23,   240] loss: 0.389
[23,   250] loss: 0.300
[23,   260] loss: 0.346
[23,   270] loss: 0.337
[23,   280] loss: 0.396
[23,   290] loss: 0.337
[23,   300] loss: 0.325
[23,   310] loss: 0.440
[23,   320] loss: 0.443
[23,   330] loss: 0.377
[23,   340] loss: 0.444
[23,   350] loss: 0.360
[23,   360] loss: 0.415
[23,   370] loss: 0.409
[23,   380] loss: 0.348
[23,   390] loss: 0.411
[23,   400] loss: 0.306
VALIDATION loss: 0.3199305534362793
[24,    10] loss: 0.310
[24,    20] loss: 0.381
[24,    30] loss: 0.309
[24,    40] loss: 0.336
[24,    50] loss: 0.365
[24,    60] loss: 0.397
[24,    70] loss: 0.320
[24,    80] loss: 0.303
[24,    90] loss: 0.441
[24,   100] loss: 0.442
[24,   110] loss: 0.372
[24,   120] loss: 0.347
[24,   130] loss: 0.406
[24,   140] loss: 0.370
[24,   150] loss: 0.297
[24,   160] loss: 0.376
[24,   170] loss: 0.348
[24,   180] loss: 0.407
[24,   190] loss: 0.364
[24,   200] loss: 0.345
[24,   210] loss: 0.375
[24,   220] loss: 0.351
[24,   230] loss: 0.420
[24,   240] loss: 0.389
[24,   250] loss: 0.383
[24,   260] loss: 0.403
[24,   270] loss: 0.392
[24,   280] loss: 0.339
[24,   290] loss: 0.332
[24,   300] loss: 0.338
[24,   310] loss: 0.296
[24,   320] loss: 0.457
[24,   330] loss: 0.323
[24,   340] loss: 0.326
[24,   350] loss: 0.355
[24,   360] loss: 0.460
[24,   370] loss: 0.390
[24,   380] loss: 0.446
[24,   390] loss: 0.366
[24,   400] loss: 0.332
VALIDATION loss: 0.3864273726940155
[25,    10] loss: 0.337
[25,    20] loss: 0.296
[25,    30] loss: 0.346
[25,    40] loss: 0.390
[25,    50] loss: 0.334
[25,    60] loss: 0.308
[25,    70] loss: 0.406
[25,    80] loss: 0.387
[25,    90] loss: 0.322
[25,   100] loss: 0.334
[25,   110] loss: 0.309
[25,   120] loss: 0.435
[25,   130] loss: 0.335
[25,   140] loss: 0.409
[25,   150] loss: 0.332
[25,   160] loss: 0.340
[25,   170] loss: 0.370
[25,   180] loss: 0.315
[25,   190] loss: 0.319
[25,   200] loss: 0.391
[25,   210] loss: 0.377
[25,   220] loss: 0.374
[25,   230] loss: 0.327
[25,   240] loss: 0.330
[25,   250] loss: 0.364
[25,   260] loss: 0.369
[25,   270] loss: 0.342
[25,   280] loss: 0.354
[25,   290] loss: 0.350
[25,   300] loss: 0.381
[25,   310] loss: 0.273
[25,   320] loss: 0.292
[25,   330] loss: 0.322
[25,   340] loss: 0.347
[25,   350] loss: 0.311
[25,   360] loss: 0.274
[25,   370] loss: 0.387
[25,   380] loss: 0.354
[25,   390] loss: 0.379
[25,   400] loss: 0.315
VALIDATION loss: 0.37455371022224426
[26,    10] loss: 0.326
[26,    20] loss: 0.333
[26,    30] loss: 0.295
[26,    40] loss: 0.314
[26,    50] loss: 0.319
[26,    60] loss: 0.387
[26,    70] loss: 0.311
[26,    80] loss: 0.369
[26,    90] loss: 0.375
[26,   100] loss: 0.340
[26,   110] loss: 0.371
[26,   120] loss: 0.386
[26,   130] loss: 0.302
[26,   140] loss: 0.379
[26,   150] loss: 0.378
[26,   160] loss: 0.398
[26,   170] loss: 0.322
[26,   180] loss: 0.324
[26,   190] loss: 0.306
[26,   200] loss: 0.400
[26,   210] loss: 0.356
[26,   220] loss: 0.339
[26,   230] loss: 0.347
[26,   240] loss: 0.363
[26,   250] loss: 0.374
[26,   260] loss: 0.295
[26,   270] loss: 0.401
[26,   280] loss: 0.356
[26,   290] loss: 0.386
[26,   300] loss: 0.355
[26,   310] loss: 0.300
[26,   320] loss: 0.311
[26,   330] loss: 0.262
[26,   340] loss: 0.327
[26,   350] loss: 0.350
[26,   360] loss: 0.381
[26,   370] loss: 0.367
[26,   380] loss: 0.391
[26,   390] loss: 0.323
[26,   400] loss: 0.325
VALIDATION loss: 6.376211643218994
[27,    10] loss: 0.368
[27,    20] loss: 0.315
[27,    30] loss: 0.312
[27,    40] loss: 0.367
[27,    50] loss: 0.378
[27,    60] loss: 0.382
[27,    70] loss: 0.332
[27,    80] loss: 0.382
[27,    90] loss: 0.309
[27,   100] loss: 0.334
[27,   110] loss: 0.354
[27,   120] loss: 0.306
[27,   130] loss: 0.393
[27,   140] loss: 0.356
[27,   150] loss: 0.368
[27,   160] loss: 0.311
[27,   170] loss: 0.314
[27,   180] loss: 0.286
[27,   190] loss: 0.328
[27,   200] loss: 0.369
[27,   210] loss: 0.315
[27,   220] loss: 0.312
[27,   230] loss: 0.275
[27,   240] loss: 0.321
[27,   250] loss: 0.417
[27,   260] loss: 0.385
[27,   270] loss: 0.394
[27,   280] loss: 0.321
[27,   290] loss: 0.368
[27,   300] loss: 0.342
[27,   310] loss: 0.314
[27,   320] loss: 0.323
[27,   330] loss: 0.312
[27,   340] loss: 0.408
[27,   350] loss: 0.358
[27,   360] loss: 0.314
[27,   370] loss: 0.362
[27,   380] loss: 0.288
[27,   390] loss: 0.314
[27,   400] loss: 0.412
VALIDATION loss: 0.5233748555183411
[28,    10] loss: 0.352
[28,    20] loss: 0.304
[28,    30] loss: 0.332
[28,    40] loss: 0.313
[28,    50] loss: 0.323
[28,    60] loss: 0.320
[28,    70] loss: 0.346
[28,    80] loss: 0.309
[28,    90] loss: 0.294
[28,   100] loss: 0.363
[28,   110] loss: 0.315
[28,   120] loss: 0.323
[28,   130] loss: 0.356
[28,   140] loss: 0.362
[28,   150] loss: 0.284
[28,   160] loss: 0.302
[28,   170] loss: 0.341
[28,   180] loss: 0.386
[28,   190] loss: 0.373
[28,   200] loss: 0.278
[28,   210] loss: 0.284
[28,   220] loss: 0.302
[28,   230] loss: 0.315
[28,   240] loss: 0.442
[28,   250] loss: 0.353
[28,   260] loss: 0.276
[28,   270] loss: 0.326
[28,   280] loss: 0.304
[28,   290] loss: 0.298
[28,   300] loss: 0.314
[28,   310] loss: 0.306
[28,   320] loss: 0.306
[28,   330] loss: 0.352
[28,   340] loss: 0.333
[28,   350] loss: 0.239
[28,   360] loss: 0.354
[28,   370] loss: 0.380
[28,   380] loss: 0.248
[28,   390] loss: 0.307
[28,   400] loss: 0.379
VALIDATION loss: 0.2727738618850708
[29,    10] loss: 0.297
[29,    20] loss: 0.320
[29,    30] loss: 0.332
[29,    40] loss: 0.296
[29,    50] loss: 0.277
[29,    60] loss: 0.311
[29,    70] loss: 0.301
[29,    80] loss: 0.345
[29,    90] loss: 0.414
[29,   100] loss: 0.334
[29,   110] loss: 0.372
[29,   120] loss: 0.309
[29,   130] loss: 0.291
[29,   140] loss: 0.307
[29,   150] loss: 0.326
[29,   160] loss: 0.278
[29,   170] loss: 0.304
[29,   180] loss: 0.319
[29,   190] loss: 0.360
[29,   200] loss: 0.309
[29,   210] loss: 0.335
[29,   220] loss: 0.314
[29,   230] loss: 0.419
[29,   240] loss: 0.305
[29,   250] loss: 0.322
[29,   260] loss: 0.343
[29,   270] loss: 0.338
[29,   280] loss: 0.252
[29,   290] loss: 0.297
[29,   300] loss: 0.321
[29,   310] loss: 0.331
[29,   320] loss: 0.327
[29,   330] loss: 0.364
[29,   340] loss: 0.279
[29,   350] loss: 0.326
[29,   360] loss: 0.328
[29,   370] loss: 0.292
[29,   380] loss: 0.248
[29,   390] loss: 0.280
[29,   400] loss: 0.282
VALIDATION loss: 2.920520782470703
[30,    10] loss: 0.291
[30,    20] loss: 0.334
[30,    30] loss: 0.284
[30,    40] loss: 0.292
[30,    50] loss: 0.392
[30,    60] loss: 0.262
[30,    70] loss: 0.304
[30,    80] loss: 0.326
[30,    90] loss: 0.300
[30,   100] loss: 0.309
[30,   110] loss: 0.330
[30,   120] loss: 0.316
[30,   130] loss: 0.305
[30,   140] loss: 0.316
[30,   150] loss: 0.327
[30,   160] loss: 0.254
[30,   170] loss: 0.358
[30,   180] loss: 0.290
[30,   190] loss: 0.336
[30,   200] loss: 0.343
[30,   210] loss: 0.314
[30,   220] loss: 0.326
[30,   230] loss: 0.317
[30,   240] loss: 0.283
[30,   250] loss: 0.201
[30,   260] loss: 0.313
[30,   270] loss: 0.313
[30,   280] loss: 0.276
[30,   290] loss: 0.264
[30,   300] loss: 0.301
[30,   310] loss: 0.317
[30,   320] loss: 0.334
[30,   330] loss: 0.349
[30,   340] loss: 0.311
[30,   350] loss: 0.321
[30,   360] loss: 0.245
[30,   370] loss: 0.330
[30,   380] loss: 0.305
[30,   390] loss: 0.323
[30,   400] loss: 0.288
VALIDATION loss: 1.6057153940200806
[31,    10] loss: 0.347
[31,    20] loss: 0.316
[31,    30] loss: 0.329
[31,    40] loss: 0.267
[31,    50] loss: 0.291
[31,    60] loss: 0.263
[31,    70] loss: 0.303
[31,    80] loss: 0.297
[31,    90] loss: 0.293
[31,   100] loss: 0.302
[31,   110] loss: 0.291
[31,   120] loss: 0.339
[31,   130] loss: 0.264
[31,   140] loss: 0.300
[31,   150] loss: 0.258
[31,   160] loss: 0.325
[31,   170] loss: 0.295
[31,   180] loss: 0.282
[31,   190] loss: 0.292
[31,   200] loss: 0.347
[31,   210] loss: 0.311
[31,   220] loss: 0.273
[31,   230] loss: 0.313
[31,   240] loss: 0.348
[31,   250] loss: 0.271
[31,   260] loss: 0.298
[31,   270] loss: 0.380
[31,   280] loss: 0.309
[31,   290] loss: 0.295
[31,   300] loss: 0.307
[31,   310] loss: 0.245
[31,   320] loss: 0.242
[31,   330] loss: 0.251
[31,   340] loss: 0.275
[31,   350] loss: 0.240
[31,   360] loss: 0.281
[31,   370] loss: 0.401
[31,   380] loss: 0.221
[31,   390] loss: 0.272
[31,   400] loss: 0.308
VALIDATION loss: 0.25095701217651367
[32,    10] loss: 0.366
[32,    20] loss: 0.283
[32,    30] loss: 0.304
[32,    40] loss: 0.295
[32,    50] loss: 0.277
[32,    60] loss: 0.294
[32,    70] loss: 0.218
[32,    80] loss: 0.278
[32,    90] loss: 0.309
[32,   100] loss: 0.323
[32,   110] loss: 0.318
[32,   120] loss: 0.310
[32,   130] loss: 0.313
[32,   140] loss: 0.296
[32,   150] loss: 0.327
[32,   160] loss: 0.322
[32,   170] loss: 0.288
[32,   180] loss: 0.338
[32,   190] loss: 0.225
[32,   200] loss: 0.310
[32,   210] loss: 0.295
[32,   220] loss: 0.323
[32,   230] loss: 0.274
[32,   240] loss: 0.289
[32,   250] loss: 0.289
[32,   260] loss: 0.264
[32,   270] loss: 0.317
[32,   280] loss: 0.350
[32,   290] loss: 0.340
[32,   300] loss: 0.302
[32,   310] loss: 0.305
[32,   320] loss: 0.220
[32,   330] loss: 0.359
[32,   340] loss: 0.315
[32,   350] loss: 0.250
[32,   360] loss: 0.315
[32,   370] loss: 0.321
[32,   380] loss: 0.293
[32,   390] loss: 0.309
[32,   400] loss: 0.320
VALIDATION loss: 0.9637223482131958
[33,    10] loss: 0.335
[33,    20] loss: 0.317
[33,    30] loss: 0.243
[33,    40] loss: 0.249
[33,    50] loss: 0.289
[33,    60] loss: 0.309
[33,    70] loss: 0.283
[33,    80] loss: 0.259
[33,    90] loss: 0.291
[33,   100] loss: 0.277
[33,   110] loss: 0.306
[33,   120] loss: 0.369
[33,   130] loss: 0.218
[33,   140] loss: 0.284
[33,   150] loss: 0.300
[33,   160] loss: 0.262
[33,   170] loss: 0.307
[33,   180] loss: 0.236
[33,   190] loss: 0.276
[33,   200] loss: 0.282
[33,   210] loss: 0.269
[33,   220] loss: 0.319
[33,   230] loss: 0.291
[33,   240] loss: 0.333
[33,   250] loss: 0.235
[33,   260] loss: 0.299
[33,   270] loss: 0.263
[33,   280] loss: 0.290
[33,   290] loss: 0.280
[33,   300] loss: 0.293
[33,   310] loss: 0.355
[33,   320] loss: 0.273
[33,   330] loss: 0.335
[33,   340] loss: 0.297
[33,   350] loss: 0.315
[33,   360] loss: 0.301
[33,   370] loss: 0.319
[33,   380] loss: 0.286
[33,   390] loss: 0.286
[33,   400] loss: 0.303
VALIDATION loss: 0.457015722990036
[34,    10] loss: 0.292
[34,    20] loss: 0.290
[34,    30] loss: 0.278
[34,    40] loss: 0.266
[34,    50] loss: 0.334
[34,    60] loss: 0.268
[34,    70] loss: 0.293
[34,    80] loss: 0.310
[34,    90] loss: 0.288
[34,   100] loss: 0.274
[34,   110] loss: 0.221
[34,   120] loss: 0.287
[34,   130] loss: 0.336
[34,   140] loss: 0.265
[34,   150] loss: 0.248
[34,   160] loss: 0.333
[34,   170] loss: 0.269
[34,   180] loss: 0.260
[34,   190] loss: 0.243
[34,   200] loss: 0.279
[34,   210] loss: 0.292
[34,   220] loss: 0.236
[34,   230] loss: 0.264
[34,   240] loss: 0.300
[34,   250] loss: 0.289
[34,   260] loss: 0.293
[34,   270] loss: 0.318
[34,   280] loss: 0.326
[34,   290] loss: 0.282
[34,   300] loss: 0.351
[34,   310] loss: 0.304
[34,   320] loss: 0.312
[34,   330] loss: 0.264
[34,   340] loss: 0.324
[34,   350] loss: 0.274
[34,   360] loss: 0.274
[34,   370] loss: 0.272
[34,   380] loss: 0.341
[34,   390] loss: 0.293
[34,   400] loss: 0.298
VALIDATION loss: 0.2359461635351181
[35,    10] loss: 0.225
[35,    20] loss: 0.348
[35,    30] loss: 0.292
[35,    40] loss: 0.294
[35,    50] loss: 0.336
[35,    60] loss: 0.273
[35,    70] loss: 0.259
[35,    80] loss: 0.307
[35,    90] loss: 0.288
[35,   100] loss: 0.245
[35,   110] loss: 0.271
[35,   120] loss: 0.292
[35,   130] loss: 0.236
[35,   140] loss: 0.249
[35,   150] loss: 0.300
[35,   160] loss: 0.248
[35,   170] loss: 0.230
[35,   180] loss: 0.342
[35,   190] loss: 0.289
[35,   200] loss: 0.268
[35,   210] loss: 0.306
[35,   220] loss: 0.290
[35,   230] loss: 0.286
[35,   240] loss: 0.276
[35,   250] loss: 0.307
[35,   260] loss: 0.300
[35,   270] loss: 0.291
[35,   280] loss: 0.318
[35,   290] loss: 0.270
[35,   300] loss: 0.254
[35,   310] loss: 0.379
[35,   320] loss: 0.309
[35,   330] loss: 0.296
[35,   340] loss: 0.300
[35,   350] loss: 0.287
[35,   360] loss: 0.241
[35,   370] loss: 0.257
[35,   380] loss: 0.279
[35,   390] loss: 0.266
[35,   400] loss: 0.308
VALIDATION loss: 1.9993176460266113
[36,    10] loss: 0.267
[36,    20] loss: 0.266
[36,    30] loss: 0.272
[36,    40] loss: 0.326
[36,    50] loss: 0.268
[36,    60] loss: 0.284
[36,    70] loss: 0.225
[36,    80] loss: 0.280
[36,    90] loss: 0.276
[36,   100] loss: 0.221
[36,   110] loss: 0.256
[36,   120] loss: 0.283
[36,   130] loss: 0.275
[36,   140] loss: 0.272
[36,   150] loss: 0.264
[36,   160] loss: 0.266
[36,   170] loss: 0.278
[36,   180] loss: 0.235
[36,   190] loss: 0.284
[36,   200] loss: 0.293
[36,   210] loss: 0.321
[36,   220] loss: 0.312
[36,   230] loss: 0.248
[36,   240] loss: 0.204
[36,   250] loss: 0.249
[36,   260] loss: 0.298
[36,   270] loss: 0.266
[36,   280] loss: 0.295
[36,   290] loss: 0.365
[36,   300] loss: 0.278
[36,   310] loss: 0.292
[36,   320] loss: 0.294
[36,   330] loss: 0.243
[36,   340] loss: 0.303
[36,   350] loss: 0.278
[36,   360] loss: 0.331
[36,   370] loss: 0.248
[36,   380] loss: 0.223
[36,   390] loss: 0.267
[36,   400] loss: 0.314
VALIDATION loss: 0.23705719411373138
[37,    10] loss: 0.264
[37,    20] loss: 0.296
[37,    30] loss: 0.296
[37,    40] loss: 0.319
[37,    50] loss: 0.293
[37,    60] loss: 0.232
[37,    70] loss: 0.251
[37,    80] loss: 0.278
[37,    90] loss: 0.274
[37,   100] loss: 0.260
[37,   110] loss: 0.227
[37,   120] loss: 0.253
[37,   130] loss: 0.276
[37,   140] loss: 0.266
[37,   150] loss: 0.192
[37,   160] loss: 0.257
[37,   170] loss: 0.299
[37,   180] loss: 0.278
[37,   190] loss: 0.322
[37,   200] loss: 0.303
[37,   210] loss: 0.205
[37,   220] loss: 0.300
[37,   230] loss: 0.332
[37,   240] loss: 0.234
[37,   250] loss: 0.303
[37,   260] loss: 0.296
[37,   270] loss: 0.224
[37,   280] loss: 0.280
[37,   290] loss: 0.223
[37,   300] loss: 0.290
[37,   310] loss: 0.287
[37,   320] loss: 0.306
[37,   330] loss: 0.265
[37,   340] loss: 0.263
[37,   350] loss: 0.262
[37,   360] loss: 0.298
[37,   370] loss: 0.246
[37,   380] loss: 0.299
[37,   390] loss: 0.249
[37,   400] loss: 0.261
VALIDATION loss: 0.26060572266578674
[38,    10] loss: 0.274
[38,    20] loss: 0.273
[38,    30] loss: 0.308
[38,    40] loss: 0.229
[38,    50] loss: 0.288
[38,    60] loss: 0.288
[38,    70] loss: 0.267
[38,    80] loss: 0.253
[38,    90] loss: 0.330
[38,   100] loss: 0.192
[38,   110] loss: 0.280
[38,   120] loss: 0.290
[38,   130] loss: 0.253
[38,   140] loss: 0.197
[38,   150] loss: 0.257
[38,   160] loss: 0.235
[38,   170] loss: 0.246
[38,   180] loss: 0.273
[38,   190] loss: 0.274
[38,   200] loss: 0.193
[38,   210] loss: 0.300
[38,   220] loss: 0.281
[38,   230] loss: 0.231
[38,   240] loss: 0.282
[38,   250] loss: 0.263
[38,   260] loss: 0.220
[38,   270] loss: 0.238
[38,   280] loss: 0.312
[38,   290] loss: 0.230
[38,   300] loss: 0.219
[38,   310] loss: 0.253
[38,   320] loss: 0.350
[38,   330] loss: 0.201
[38,   340] loss: 0.231
[38,   350] loss: 0.209
[38,   360] loss: 0.304
[38,   370] loss: 0.263
[38,   380] loss: 0.214
[38,   390] loss: 0.299
[38,   400] loss: 0.219
VALIDATION loss: 1.8847987651824951
[39,    10] loss: 0.266
[39,    20] loss: 0.262
[39,    30] loss: 0.222
[39,    40] loss: 0.287
[39,    50] loss: 0.247
[39,    60] loss: 0.248
[39,    70] loss: 0.239
[39,    80] loss: 0.245
[39,    90] loss: 0.264
[39,   100] loss: 0.244
[39,   110] loss: 0.213
[39,   120] loss: 0.319
[39,   130] loss: 0.292
[39,   140] loss: 0.276
[39,   150] loss: 0.288
[39,   160] loss: 0.275
[39,   170] loss: 0.236
[39,   180] loss: 0.256
[39,   190] loss: 0.321
[39,   200] loss: 0.284
[39,   210] loss: 0.311
[39,   220] loss: 0.258
[39,   230] loss: 0.313
[39,   240] loss: 0.241
[39,   250] loss: 0.240
[39,   260] loss: 0.281
[39,   270] loss: 0.248
[39,   280] loss: 0.238
[39,   290] loss: 0.214
[39,   300] loss: 0.256
[39,   310] loss: 0.229
[39,   320] loss: 0.282
[39,   330] loss: 0.249
[39,   340] loss: 0.247
[39,   350] loss: 0.294
[39,   360] loss: 0.227
[39,   370] loss: 0.279
[39,   380] loss: 0.260
[39,   390] loss: 0.239
[39,   400] loss: 0.253
VALIDATION loss: 0.24648968875408173
[40,    10] loss: 0.240
[40,    20] loss: 0.196
[40,    30] loss: 0.229
[40,    40] loss: 0.249
[40,    50] loss: 0.220
[40,    60] loss: 0.232
[40,    70] loss: 0.265
[40,    80] loss: 0.237
[40,    90] loss: 0.268
[40,   100] loss: 0.326
[40,   110] loss: 0.297
[40,   120] loss: 0.277
[40,   130] loss: 0.294
[40,   140] loss: 0.325
[40,   150] loss: 0.203
[40,   160] loss: 0.259
[40,   170] loss: 0.260
[40,   180] loss: 0.223
[40,   190] loss: 0.225
[40,   200] loss: 0.246
[40,   210] loss: 0.300
[40,   220] loss: 0.222
[40,   230] loss: 0.218
[40,   240] loss: 0.253
[40,   250] loss: 0.242
[40,   260] loss: 0.240
[40,   270] loss: 0.210
[40,   280] loss: 0.228
[40,   290] loss: 0.232
[40,   300] loss: 0.214
[40,   310] loss: 0.274
[40,   320] loss: 0.262
[40,   330] loss: 0.355
[40,   340] loss: 0.297
[40,   350] loss: 0.208
[40,   360] loss: 0.254
[40,   370] loss: 0.262
[40,   380] loss: 0.283
[40,   390] loss: 0.296
[40,   400] loss: 0.282
VALIDATION loss: 0.7726739645004272
[41,    10] loss: 0.271
[41,    20] loss: 0.274
[41,    30] loss: 0.272
[41,    40] loss: 0.223
[41,    50] loss: 0.268
[41,    60] loss: 0.240
[41,    70] loss: 0.230
[41,    80] loss: 0.217
[41,    90] loss: 0.228
[41,   100] loss: 0.250
[41,   110] loss: 0.281
[41,   120] loss: 0.232
[41,   130] loss: 0.248
[41,   140] loss: 0.240
[41,   150] loss: 0.332
[41,   160] loss: 0.310
[41,   170] loss: 0.241
[41,   180] loss: 0.248
[41,   190] loss: 0.271
[41,   200] loss: 0.223
[41,   210] loss: 0.220
[41,   220] loss: 0.242
[41,   230] loss: 0.244
[41,   240] loss: 0.271
[41,   250] loss: 0.309
[41,   260] loss: 0.227
[41,   270] loss: 0.240
[41,   280] loss: 0.266
[41,   290] loss: 0.275
[41,   300] loss: 0.291
[41,   310] loss: 0.304
[41,   320] loss: 0.249
[41,   330] loss: 0.224
[41,   340] loss: 0.285
[41,   350] loss: 0.234
[41,   360] loss: 0.296
[41,   370] loss: 0.267
[41,   380] loss: 0.201
[41,   390] loss: 0.248
[41,   400] loss: 0.267
VALIDATION loss: 0.3846011161804199
[42,    10] loss: 0.214
[42,    20] loss: 0.240
[42,    30] loss: 0.292
[42,    40] loss: 0.248
[42,    50] loss: 0.253
[42,    60] loss: 0.257
[42,    70] loss: 0.231
[42,    80] loss: 0.203
[42,    90] loss: 0.267
[42,   100] loss: 0.195
[42,   110] loss: 0.195
[42,   120] loss: 0.242
[42,   130] loss: 0.242
[42,   140] loss: 0.259
[42,   150] loss: 0.291
[42,   160] loss: 0.296
[42,   170] loss: 0.219
[42,   180] loss: 0.245
[42,   190] loss: 0.222
[42,   200] loss: 0.243
[42,   210] loss: 0.211
[42,   220] loss: 0.214
[42,   230] loss: 0.255
[42,   240] loss: 0.266
[42,   250] loss: 0.283
[42,   260] loss: 0.240
[42,   270] loss: 0.244
[42,   280] loss: 0.289
[42,   290] loss: 0.271
[42,   300] loss: 0.254
[42,   310] loss: 0.284
[42,   320] loss: 0.323
[42,   330] loss: 0.306
[42,   340] loss: 0.273
[42,   350] loss: 0.239
[42,   360] loss: 0.204
[42,   370] loss: 0.272
[42,   380] loss: 0.236
[42,   390] loss: 0.216
[42,   400] loss: 0.195
VALIDATION loss: 0.2212720811367035
[43,    10] loss: 0.224
[43,    20] loss: 0.237
[43,    30] loss: 0.280
[43,    40] loss: 0.240
[43,    50] loss: 0.256
[43,    60] loss: 0.292
[43,    70] loss: 0.243
[43,    80] loss: 0.252
[43,    90] loss: 0.252
[43,   100] loss: 0.258
[43,   110] loss: 0.253
[43,   120] loss: 0.273
[43,   130] loss: 0.281
[43,   140] loss: 0.258
[43,   150] loss: 0.214
[43,   160] loss: 0.248
[43,   170] loss: 0.184
[43,   180] loss: 0.353
[43,   190] loss: 0.184
[43,   200] loss: 0.234
[43,   210] loss: 0.237
[43,   220] loss: 0.293
[43,   230] loss: 0.230
[43,   240] loss: 0.329
[43,   250] loss: 0.277
[43,   260] loss: 0.216
[43,   270] loss: 0.219
[43,   280] loss: 0.234
[43,   290] loss: 0.247
[43,   300] loss: 0.277
[43,   310] loss: 0.228
[43,   320] loss: 0.219
[43,   330] loss: 0.276
[43,   340] loss: 0.191
[43,   350] loss: 0.255
[43,   360] loss: 0.246
[43,   370] loss: 0.221
[43,   380] loss: 0.217
[43,   390] loss: 0.245
[43,   400] loss: 0.255
VALIDATION loss: 0.25329482555389404
[44,    10] loss: 0.235
[44,    20] loss: 0.193
[44,    30] loss: 0.268
[44,    40] loss: 0.212
[44,    50] loss: 0.247
[44,    60] loss: 0.220
[44,    70] loss: 0.288
[44,    80] loss: 0.262
[44,    90] loss: 0.243
[44,   100] loss: 0.249
[44,   110] loss: 0.218
[44,   120] loss: 0.243
[44,   130] loss: 0.250
[44,   140] loss: 0.229
[44,   150] loss: 0.280
[44,   160] loss: 0.255
[44,   170] loss: 0.261
[44,   180] loss: 0.259
[44,   190] loss: 0.220
[44,   200] loss: 0.233
[44,   210] loss: 0.173
[44,   220] loss: 0.278
[44,   230] loss: 0.192
[44,   240] loss: 0.243
[44,   250] loss: 0.243
[44,   260] loss: 0.228
[44,   270] loss: 0.237
[44,   280] loss: 0.231
[44,   290] loss: 0.211
[44,   300] loss: 0.270
[44,   310] loss: 0.235
[44,   320] loss: 0.234
[44,   330] loss: 0.282
[44,   340] loss: 0.206
[44,   350] loss: 0.289
[44,   360] loss: 0.306
[44,   370] loss: 0.175
[44,   380] loss: 0.250
[44,   390] loss: 0.261
[44,   400] loss: 0.238
VALIDATION loss: 0.21792708337306976
[45,    10] loss: 0.222
[45,    20] loss: 0.206
[45,    30] loss: 0.319
[45,    40] loss: 0.230
[45,    50] loss: 0.248
[45,    60] loss: 0.235
[45,    70] loss: 0.248
[45,    80] loss: 0.244
[45,    90] loss: 0.218
[45,   100] loss: 0.283
[45,   110] loss: 0.214
[45,   120] loss: 0.317
[45,   130] loss: 0.271
[45,   140] loss: 0.273
[45,   150] loss: 0.244
[45,   160] loss: 0.295
[45,   170] loss: 0.230
[45,   180] loss: 0.252
[45,   190] loss: 0.278
[45,   200] loss: 0.293
[45,   210] loss: 0.233
[45,   220] loss: 0.230
[45,   230] loss: 0.194
[45,   240] loss: 0.220
[45,   250] loss: 0.206
[45,   260] loss: 0.197
[45,   270] loss: 0.204
[45,   280] loss: 0.273
[45,   290] loss: 0.253
[45,   300] loss: 0.250
[45,   310] loss: 0.247
[45,   320] loss: 0.208
[45,   330] loss: 0.218
[45,   340] loss: 0.244
[45,   350] loss: 0.279
[45,   360] loss: 0.284
[45,   370] loss: 0.327
[45,   380] loss: 0.213
[45,   390] loss: 0.313
[45,   400] loss: 0.261
VALIDATION loss: 0.8525199294090271
[46,    10] loss: 0.247
[46,    20] loss: 0.223
[46,    30] loss: 0.201
[46,    40] loss: 0.274
[46,    50] loss: 0.189
[46,    60] loss: 0.286
[46,    70] loss: 0.209
[46,    80] loss: 0.223
[46,    90] loss: 0.234
[46,   100] loss: 0.205
[46,   110] loss: 0.253
[46,   120] loss: 0.304
[46,   130] loss: 0.234
[46,   140] loss: 0.182
[46,   150] loss: 0.245
[46,   160] loss: 0.214
[46,   170] loss: 0.226
[46,   180] loss: 0.266
[46,   190] loss: 0.268
[46,   200] loss: 0.214
[46,   210] loss: 0.229
[46,   220] loss: 0.237
[46,   230] loss: 0.179
[46,   240] loss: 0.258
[46,   250] loss: 0.206
[46,   260] loss: 0.196
[46,   270] loss: 0.220
[46,   280] loss: 0.286
[46,   290] loss: 0.226
[46,   300] loss: 0.205
[46,   310] loss: 0.277
[46,   320] loss: 0.253
[46,   330] loss: 0.241
[46,   340] loss: 0.188
[46,   350] loss: 0.198
[46,   360] loss: 0.204
[46,   370] loss: 0.212
[46,   380] loss: 0.243
[46,   390] loss: 0.253
[46,   400] loss: 0.294
VALIDATION loss: 0.2251529097557068
[47,    10] loss: 0.211
[47,    20] loss: 0.174
[47,    30] loss: 0.259
[47,    40] loss: 0.241
[47,    50] loss: 0.269
[47,    60] loss: 0.247
[47,    70] loss: 0.259
[47,    80] loss: 0.269
[47,    90] loss: 0.285
[47,   100] loss: 0.303
[47,   110] loss: 0.218
[47,   120] loss: 0.213
[47,   130] loss: 0.233
[47,   140] loss: 0.214
[47,   150] loss: 0.265
[47,   160] loss: 0.204
[47,   170] loss: 0.192
[47,   180] loss: 0.195
[47,   190] loss: 0.187
[47,   200] loss: 0.307
[47,   210] loss: 0.244
[47,   220] loss: 0.235
[47,   230] loss: 0.196
[47,   240] loss: 0.217
[47,   250] loss: 0.198
[47,   260] loss: 0.200
[47,   270] loss: 0.237
[47,   280] loss: 0.239
[47,   290] loss: 0.190
[47,   300] loss: 0.247
[47,   310] loss: 0.202
[47,   320] loss: 0.220
[47,   330] loss: 0.258
[47,   340] loss: 0.281
[47,   350] loss: 0.238
[47,   360] loss: 0.222
[47,   370] loss: 0.182
[47,   380] loss: 0.236
[47,   390] loss: 0.232
[47,   400] loss: 0.203
VALIDATION loss: 0.18571357429027557
[48,    10] loss: 0.200
[48,    20] loss: 0.250
[48,    30] loss: 0.204
[48,    40] loss: 0.250
[48,    50] loss: 0.250
[48,    60] loss: 0.253
[48,    70] loss: 0.213
[48,    80] loss: 0.202
[48,    90] loss: 0.243
[48,   100] loss: 0.234
[48,   110] loss: 0.158
[48,   120] loss: 0.223
[48,   130] loss: 0.246
[48,   140] loss: 0.214
[48,   150] loss: 0.274
[48,   160] loss: 0.259
[48,   170] loss: 0.186
[48,   180] loss: 0.272
[48,   190] loss: 0.212
[48,   200] loss: 0.206
[48,   210] loss: 0.240
[48,   220] loss: 0.228
[48,   230] loss: 0.224
[48,   240] loss: 0.229
[48,   250] loss: 0.218
[48,   260] loss: 0.295
[48,   270] loss: 0.227
[48,   280] loss: 0.248
[48,   290] loss: 0.251
[48,   300] loss: 0.261
[48,   310] loss: 0.241
[48,   320] loss: 0.237
[48,   330] loss: 0.268
[48,   340] loss: 0.256
[48,   350] loss: 0.215
[48,   360] loss: 0.193
[48,   370] loss: 0.233
[48,   380] loss: 0.239
[48,   390] loss: 0.190
[48,   400] loss: 0.212
VALIDATION loss: 0.2379913330078125
[49,    10] loss: 0.273
[49,    20] loss: 0.175
[49,    30] loss: 0.229
[49,    40] loss: 0.292
[49,    50] loss: 0.205
[49,    60] loss: 0.221
[49,    70] loss: 0.243
[49,    80] loss: 0.232
[49,    90] loss: 0.195
[49,   100] loss: 0.200
[49,   110] loss: 0.216
[49,   120] loss: 0.216
[49,   130] loss: 0.178
[49,   140] loss: 0.231
[49,   150] loss: 0.208
[49,   160] loss: 0.243
[49,   170] loss: 0.202
[49,   180] loss: 0.222
[49,   190] loss: 0.264
[49,   200] loss: 0.182
[49,   210] loss: 0.212
[49,   220] loss: 0.233
[49,   230] loss: 0.239
[49,   240] loss: 0.222
[49,   250] loss: 0.240
[49,   260] loss: 0.181
[49,   270] loss: 0.218
[49,   280] loss: 0.254
[49,   290] loss: 0.270
[49,   300] loss: 0.221
[49,   310] loss: 0.213
[49,   320] loss: 0.167
[49,   330] loss: 0.224
[49,   340] loss: 0.167
[49,   350] loss: 0.272
[49,   360] loss: 0.257
[49,   370] loss: 0.251
[49,   380] loss: 0.237
[49,   390] loss: 0.185
[49,   400] loss: 0.200
VALIDATION loss: 0.18130365014076233
[50,    10] loss: 0.279
[50,    20] loss: 0.188
[50,    30] loss: 0.208
[50,    40] loss: 0.228
[50,    50] loss: 0.207
[50,    60] loss: 0.299
[50,    70] loss: 0.235
[50,    80] loss: 0.214
[50,    90] loss: 0.166
[50,   100] loss: 0.258
[50,   110] loss: 0.189
[50,   120] loss: 0.177
[50,   130] loss: 0.212
[50,   140] loss: 0.219
[50,   150] loss: 0.204
[50,   160] loss: 0.225
[50,   170] loss: 0.185
[50,   180] loss: 0.237
[50,   190] loss: 0.232
[50,   200] loss: 0.252
[50,   210] loss: 0.191
[50,   220] loss: 0.200
[50,   230] loss: 0.178
[50,   240] loss: 0.247
[50,   250] loss: 0.268
[50,   260] loss: 0.214
[50,   270] loss: 0.203
[50,   280] loss: 0.176
[50,   290] loss: 0.218
[50,   300] loss: 0.200
[50,   310] loss: 0.234
[50,   320] loss: 0.242
[50,   330] loss: 0.239
[50,   340] loss: 0.218
[50,   350] loss: 0.261
[50,   360] loss: 0.252
[50,   370] loss: 0.245
[50,   380] loss: 0.221
[50,   390] loss: 0.182
[50,   400] loss: 0.229
VALIDATION loss: 0.18199393153190613
[51,    10] loss: 0.193
[51,    20] loss: 0.180
[51,    30] loss: 0.242
[51,    40] loss: 0.169
[51,    50] loss: 0.274
[51,    60] loss: 0.157
[51,    70] loss: 0.248
[51,    80] loss: 0.209
[51,    90] loss: 0.240
[51,   100] loss: 0.212
[51,   110] loss: 0.197
[51,   120] loss: 0.192
[51,   130] loss: 0.193
[51,   140] loss: 0.215
[51,   150] loss: 0.219
[51,   160] loss: 0.194
[51,   170] loss: 0.254
[51,   180] loss: 0.218
[51,   190] loss: 0.253
[51,   200] loss: 0.193
[51,   210] loss: 0.251
[51,   220] loss: 0.240
[51,   230] loss: 0.239
[51,   240] loss: 0.223
[51,   250] loss: 0.171
[51,   260] loss: 0.211
[51,   270] loss: 0.230
[51,   280] loss: 0.239
[51,   290] loss: 0.211
[51,   300] loss: 0.266
[51,   310] loss: 0.251
[51,   320] loss: 0.241
[51,   330] loss: 0.251
[51,   340] loss: 0.171
[51,   350] loss: 0.182
[51,   360] loss: 0.222
[51,   370] loss: 0.263
[51,   380] loss: 0.217
[51,   390] loss: 0.182
[51,   400] loss: 0.234
VALIDATION loss: 0.48310354351997375
[52,    10] loss: 0.205
[52,    20] loss: 0.258
[52,    30] loss: 0.173
[52,    40] loss: 0.184
[52,    50] loss: 0.250
[52,    60] loss: 0.203
[52,    70] loss: 0.237
[52,    80] loss: 0.212
[52,    90] loss: 0.189
[52,   100] loss: 0.243
[52,   110] loss: 0.218
[52,   120] loss: 0.183
[52,   130] loss: 0.195
[52,   140] loss: 0.233
[52,   150] loss: 0.185
[52,   160] loss: 0.212
[52,   170] loss: 0.227
[52,   180] loss: 0.244
[52,   190] loss: 0.256
[52,   200] loss: 0.220
[52,   210] loss: 0.225
[52,   220] loss: 0.241
[52,   230] loss: 0.197
[52,   240] loss: 0.235
[52,   250] loss: 0.176
[52,   260] loss: 0.266
[52,   270] loss: 0.257
[52,   280] loss: 0.246
[52,   290] loss: 0.204
[52,   300] loss: 0.192
[52,   310] loss: 0.225
[52,   320] loss: 0.185
[52,   330] loss: 0.174
[52,   340] loss: 0.188
[52,   350] loss: 0.191
[52,   360] loss: 0.188
[52,   370] loss: 0.226
[52,   380] loss: 0.232
[52,   390] loss: 0.209
[52,   400] loss: 0.218
VALIDATION loss: 1.3401174545288086
[53,    10] loss: 0.172
[53,    20] loss: 0.187
[53,    30] loss: 0.178
[53,    40] loss: 0.180
[53,    50] loss: 0.194
[53,    60] loss: 0.195
[53,    70] loss: 0.248
[53,    80] loss: 0.215
[53,    90] loss: 0.192
[53,   100] loss: 0.205
[53,   110] loss: 0.176
[53,   120] loss: 0.222
[53,   130] loss: 0.209
[53,   140] loss: 0.236
[53,   150] loss: 0.247
[53,   160] loss: 0.209
[53,   170] loss: 0.292
[53,   180] loss: 0.260
[53,   190] loss: 0.208
[53,   200] loss: 0.188
[53,   210] loss: 0.246
[53,   220] loss: 0.175
[53,   230] loss: 0.154
[53,   240] loss: 0.223
[53,   250] loss: 0.200
[53,   260] loss: 0.212
[53,   270] loss: 0.227
[53,   280] loss: 0.212
[53,   290] loss: 0.273
[53,   300] loss: 0.240
[53,   310] loss: 0.259
[53,   320] loss: 0.214
[53,   330] loss: 0.214
[53,   340] loss: 0.204
[53,   350] loss: 0.189
[53,   360] loss: 0.252
[53,   370] loss: 0.239
[53,   380] loss: 0.199
[53,   390] loss: 0.244
[53,   400] loss: 0.171
VALIDATION loss: 0.17988719046115875
[54,    10] loss: 0.188
[54,    20] loss: 0.215
[54,    30] loss: 0.230
[54,    40] loss: 0.154
[54,    50] loss: 0.217
[54,    60] loss: 0.276
[54,    70] loss: 0.187
[54,    80] loss: 0.154
[54,    90] loss: 0.260
[54,   100] loss: 0.288
[54,   110] loss: 0.211
[54,   120] loss: 0.174
[54,   130] loss: 0.242
[54,   140] loss: 0.193
[54,   150] loss: 0.214
[54,   160] loss: 0.220
[54,   170] loss: 0.224
[54,   180] loss: 0.196
[54,   190] loss: 0.219
[54,   200] loss: 0.218
[54,   210] loss: 0.176
[54,   220] loss: 0.227
[54,   230] loss: 0.161
[54,   240] loss: 0.172
[54,   250] loss: 0.182
[54,   260] loss: 0.220
[54,   270] loss: 0.210
[54,   280] loss: 0.162
[54,   290] loss: 0.176
[54,   300] loss: 0.197
[54,   310] loss: 0.200
[54,   320] loss: 0.156
[54,   330] loss: 0.242
[54,   340] loss: 0.224
[54,   350] loss: 0.220
[54,   360] loss: 0.286
[54,   370] loss: 0.198
[54,   380] loss: 0.199
[54,   390] loss: 0.183
[54,   400] loss: 0.200
VALIDATION loss: 0.9431531429290771
[55,    10] loss: 0.226
[55,    20] loss: 0.215
[55,    30] loss: 0.266
[55,    40] loss: 0.215
[55,    50] loss: 0.243
[55,    60] loss: 0.191
[55,    70] loss: 0.167
[55,    80] loss: 0.167
[55,    90] loss: 0.295
[55,   100] loss: 0.202
[55,   110] loss: 0.219
[55,   120] loss: 0.166
[55,   130] loss: 0.229
[55,   140] loss: 0.215
[55,   150] loss: 0.212
[55,   160] loss: 0.181
[55,   170] loss: 0.170
[55,   180] loss: 0.249
[55,   190] loss: 0.170
[55,   200] loss: 0.202
[55,   210] loss: 0.166
[55,   220] loss: 0.245
[55,   230] loss: 0.261
[55,   240] loss: 0.229
[55,   250] loss: 0.164
[55,   260] loss: 0.215
[55,   270] loss: 0.206
[55,   280] loss: 0.228
[55,   290] loss: 0.249
[55,   300] loss: 0.213
[55,   310] loss: 0.208
[55,   320] loss: 0.251
[55,   330] loss: 0.209
[55,   340] loss: 0.239
[55,   350] loss: 0.206
[55,   360] loss: 0.184
[55,   370] loss: 0.170
[55,   380] loss: 0.225
[55,   390] loss: 0.178
[55,   400] loss: 0.269
VALIDATION loss: 0.1757856011390686
[56,    10] loss: 0.193
[56,    20] loss: 0.190
[56,    30] loss: 0.197
[56,    40] loss: 0.174
[56,    50] loss: 0.232
[56,    60] loss: 0.216
[56,    70] loss: 0.255
[56,    80] loss: 0.210
[56,    90] loss: 0.191
[56,   100] loss: 0.202
[56,   110] loss: 0.199
[56,   120] loss: 0.158
[56,   130] loss: 0.272
[56,   140] loss: 0.226
[56,   150] loss: 0.136
[56,   160] loss: 0.179
[56,   170] loss: 0.199
[56,   180] loss: 0.202
[56,   190] loss: 0.261
[56,   200] loss: 0.189
[56,   210] loss: 0.182
[56,   220] loss: 0.180
[56,   230] loss: 0.192
[56,   240] loss: 0.207
[56,   250] loss: 0.222
[56,   260] loss: 0.202
[56,   270] loss: 0.233
[56,   280] loss: 0.228
[56,   290] loss: 0.221
[56,   300] loss: 0.225
[56,   310] loss: 0.214
[56,   320] loss: 0.230
[56,   330] loss: 0.203
[56,   340] loss: 0.162
[56,   350] loss: 0.172
[56,   360] loss: 0.192
[56,   370] loss: 0.260
[56,   380] loss: 0.184
[56,   390] loss: 0.215
[56,   400] loss: 0.228
VALIDATION loss: 0.18029668927192688
[57,    10] loss: 0.151
[57,    20] loss: 0.199
[57,    30] loss: 0.208
[57,    40] loss: 0.185
[57,    50] loss: 0.225
[57,    60] loss: 0.186
[57,    70] loss: 0.173
[57,    80] loss: 0.218
[57,    90] loss: 0.170
[57,   100] loss: 0.236
[57,   110] loss: 0.184
[57,   120] loss: 0.186
[57,   130] loss: 0.200
[57,   140] loss: 0.219
[57,   150] loss: 0.183
[57,   160] loss: 0.231
[57,   170] loss: 0.263
[57,   180] loss: 0.168
[57,   190] loss: 0.225
[57,   200] loss: 0.219
[57,   210] loss: 0.244
[57,   220] loss: 0.245
[57,   230] loss: 0.219
[57,   240] loss: 0.195
[57,   250] loss: 0.216
[57,   260] loss: 0.190
[57,   270] loss: 0.233
[57,   280] loss: 0.168
[57,   290] loss: 0.241
[57,   300] loss: 0.251
[57,   310] loss: 0.170
[57,   320] loss: 0.204
[57,   330] loss: 0.190
[57,   340] loss: 0.136
[57,   350] loss: 0.186
[57,   360] loss: 0.174
[57,   370] loss: 0.229
[57,   380] loss: 0.161
[57,   390] loss: 0.183
[57,   400] loss: 0.191
VALIDATION loss: 0.18327006697654724
[58,    10] loss: 0.196
[58,    20] loss: 0.248
[58,    30] loss: 0.202
[58,    40] loss: 0.156
[58,    50] loss: 0.179
[58,    60] loss: 0.159
[58,    70] loss: 0.172
[58,    80] loss: 0.179
[58,    90] loss: 0.205
[58,   100] loss: 0.200
[58,   110] loss: 0.218
[58,   120] loss: 0.190
[58,   130] loss: 0.218
[58,   140] loss: 0.161
[58,   150] loss: 0.200
[58,   160] loss: 0.190
[58,   170] loss: 0.196
[58,   180] loss: 0.262
[58,   190] loss: 0.240
[58,   200] loss: 0.147
[58,   210] loss: 0.192
[58,   220] loss: 0.207
[58,   230] loss: 0.200
[58,   240] loss: 0.273
[58,   250] loss: 0.221
[58,   260] loss: 0.242
[58,   270] loss: 0.219
[58,   280] loss: 0.204
[58,   290] loss: 0.245
[58,   300] loss: 0.203
[58,   310] loss: 0.206
[58,   320] loss: 0.195
[58,   330] loss: 0.216
[58,   340] loss: 0.232
[58,   350] loss: 0.174
[58,   360] loss: 0.210
[58,   370] loss: 0.192
[58,   380] loss: 0.227
[58,   390] loss: 0.173
[58,   400] loss: 0.196
VALIDATION loss: 0.2019946128129959
[59,    10] loss: 0.209
[59,    20] loss: 0.230
[59,    30] loss: 0.203
[59,    40] loss: 0.219
[59,    50] loss: 0.173
[59,    60] loss: 0.163
[59,    70] loss: 0.180
[59,    80] loss: 0.162
[59,    90] loss: 0.232
[59,   100] loss: 0.176
[59,   110] loss: 0.209
[59,   120] loss: 0.171
[59,   130] loss: 0.201
[59,   140] loss: 0.203
[59,   150] loss: 0.223
[59,   160] loss: 0.210
[59,   170] loss: 0.188
[59,   180] loss: 0.169
[59,   190] loss: 0.236
[59,   200] loss: 0.229
[59,   210] loss: 0.180
[59,   220] loss: 0.193
[59,   230] loss: 0.207
[59,   240] loss: 0.166
[59,   250] loss: 0.163
[59,   260] loss: 0.201
[59,   270] loss: 0.207
[59,   280] loss: 0.143
[59,   290] loss: 0.202
[59,   300] loss: 0.187
[59,   310] loss: 0.241
[59,   320] loss: 0.151
[59,   330] loss: 0.225
[59,   340] loss: 0.206
[59,   350] loss: 0.215
[59,   360] loss: 0.226
[59,   370] loss: 0.208
[59,   380] loss: 0.195
[59,   390] loss: 0.177
[59,   400] loss: 0.174
VALIDATION loss: 0.1917649209499359
[60,    10] loss: 0.223
[60,    20] loss: 0.160
[60,    30] loss: 0.173
[60,    40] loss: 0.133
[60,    50] loss: 0.182
[60,    60] loss: 0.204
[60,    70] loss: 0.204
[60,    80] loss: 0.252
[60,    90] loss: 0.153
[60,   100] loss: 0.218
[60,   110] loss: 0.190
[60,   120] loss: 0.228
[60,   130] loss: 0.168
[60,   140] loss: 0.195
[60,   150] loss: 0.201
[60,   160] loss: 0.193
[60,   170] loss: 0.156
[60,   180] loss: 0.243
[60,   190] loss: 0.227
[60,   200] loss: 0.219
[60,   210] loss: 0.211
[60,   220] loss: 0.229
[60,   230] loss: 0.183
[60,   240] loss: 0.225
[60,   250] loss: 0.230
[60,   260] loss: 0.224
[60,   270] loss: 0.146
[60,   280] loss: 0.187
[60,   290] loss: 0.203
[60,   300] loss: 0.154
[60,   310] loss: 0.196
[60,   320] loss: 0.176
[60,   330] loss: 0.173
[60,   340] loss: 0.204
[60,   350] loss: 0.159
[60,   360] loss: 0.193
[60,   370] loss: 0.204
[60,   380] loss: 0.195
[60,   390] loss: 0.195
[60,   400] loss: 0.199
VALIDATION loss: 0.1888522356748581
[61,    10] loss: 0.158
[61,    20] loss: 0.180
[61,    30] loss: 0.247
[61,    40] loss: 0.216
[61,    50] loss: 0.212
[61,    60] loss: 0.143
[61,    70] loss: 0.171
[61,    80] loss: 0.251
[61,    90] loss: 0.190
[61,   100] loss: 0.194
[61,   110] loss: 0.171
[61,   120] loss: 0.167
[61,   130] loss: 0.207
[61,   140] loss: 0.161
[61,   150] loss: 0.211
[61,   160] loss: 0.185
[61,   170] loss: 0.184
[61,   180] loss: 0.180
[61,   190] loss: 0.198
[61,   200] loss: 0.204
[61,   210] loss: 0.170
[61,   220] loss: 0.215
[61,   230] loss: 0.187
[61,   240] loss: 0.174
[61,   250] loss: 0.165
[61,   260] loss: 0.205
[61,   270] loss: 0.214
[61,   280] loss: 0.149
[61,   290] loss: 0.183
[61,   300] loss: 0.186
[61,   310] loss: 0.153
[61,   320] loss: 0.178
[61,   330] loss: 0.143
[61,   340] loss: 0.188
[61,   350] loss: 0.190
[61,   360] loss: 0.208
[61,   370] loss: 0.218
[61,   380] loss: 0.246
[61,   390] loss: 0.197
[61,   400] loss: 0.242
VALIDATION loss: 0.4243897795677185
[62,    10] loss: 0.225
[62,    20] loss: 0.181
[62,    30] loss: 0.228
[62,    40] loss: 0.137
[62,    50] loss: 0.248
[62,    60] loss: 0.184
[62,    70] loss: 0.158
[62,    80] loss: 0.178
[62,    90] loss: 0.147
[62,   100] loss: 0.200
[62,   110] loss: 0.195
[62,   120] loss: 0.164
[62,   130] loss: 0.190
[62,   140] loss: 0.221
[62,   150] loss: 0.145
[62,   160] loss: 0.175
[62,   170] loss: 0.201
[62,   180] loss: 0.239
[62,   190] loss: 0.175
[62,   200] loss: 0.196
[62,   210] loss: 0.201
[62,   220] loss: 0.220
[62,   230] loss: 0.154
[62,   240] loss: 0.199
[62,   250] loss: 0.182
[62,   260] loss: 0.179
[62,   270] loss: 0.176
[62,   280] loss: 0.180
[62,   290] loss: 0.199
[62,   300] loss: 0.163
[62,   310] loss: 0.213
[62,   320] loss: 0.190
[62,   330] loss: 0.195
[62,   340] loss: 0.218
[62,   350] loss: 0.221
[62,   360] loss: 0.228
[62,   370] loss: 0.234
[62,   380] loss: 0.178
[62,   390] loss: 0.209
[62,   400] loss: 0.152
VALIDATION loss: 1.3470985889434814
[63,    10] loss: 0.204
[63,    20] loss: 0.229
[63,    30] loss: 0.181
[63,    40] loss: 0.172
[63,    50] loss: 0.185
[63,    60] loss: 0.193
[63,    70] loss: 0.225
[63,    80] loss: 0.205
[63,    90] loss: 0.182
[63,   100] loss: 0.172
[63,   110] loss: 0.162
[63,   120] loss: 0.141
[63,   130] loss: 0.171
[63,   140] loss: 0.165
[63,   150] loss: 0.190
[63,   160] loss: 0.234
[63,   170] loss: 0.150
[63,   180] loss: 0.236
[63,   190] loss: 0.160
[63,   200] loss: 0.162
[63,   210] loss: 0.211
[63,   220] loss: 0.195
[63,   230] loss: 0.198
[63,   240] loss: 0.151
[63,   250] loss: 0.174
[63,   260] loss: 0.172
[63,   270] loss: 0.178
[63,   280] loss: 0.212
[63,   290] loss: 0.184
[63,   300] loss: 0.194
[63,   310] loss: 0.197
[63,   320] loss: 0.193
[63,   330] loss: 0.176
[63,   340] loss: 0.230
[63,   350] loss: 0.189
[63,   360] loss: 0.188
[63,   370] loss: 0.186
[63,   380] loss: 0.166
[63,   390] loss: 0.221
[63,   400] loss: 0.265
VALIDATION loss: 0.17820106446743011
[64,    10] loss: 0.209
[64,    20] loss: 0.164
[64,    30] loss: 0.165
[64,    40] loss: 0.178
[64,    50] loss: 0.197
[64,    60] loss: 0.206
[64,    70] loss: 0.207
[64,    80] loss: 0.232
[64,    90] loss: 0.181
[64,   100] loss: 0.210
[64,   110] loss: 0.190
[64,   120] loss: 0.195
[64,   130] loss: 0.156
[64,   140] loss: 0.192
[64,   150] loss: 0.172
[64,   160] loss: 0.176
[64,   170] loss: 0.169
[64,   180] loss: 0.175
[64,   190] loss: 0.219
[64,   200] loss: 0.170
[64,   210] loss: 0.167
[64,   220] loss: 0.171
[64,   230] loss: 0.181
[64,   240] loss: 0.208
[64,   250] loss: 0.145
[64,   260] loss: 0.212
[64,   270] loss: 0.178
[64,   280] loss: 0.222
[64,   290] loss: 0.189
[64,   300] loss: 0.198
[64,   310] loss: 0.185
[64,   320] loss: 0.138
[64,   330] loss: 0.155
[64,   340] loss: 0.151
[64,   350] loss: 0.194
[64,   360] loss: 0.219
[64,   370] loss: 0.208
[64,   380] loss: 0.207
[64,   390] loss: 0.195
[64,   400] loss: 0.175
VALIDATION loss: 0.18469016253948212
[65,    10] loss: 0.173
[65,    20] loss: 0.181
[65,    30] loss: 0.172
[65,    40] loss: 0.229
[65,    50] loss: 0.182
[65,    60] loss: 0.179
[65,    70] loss: 0.207
[65,    80] loss: 0.163
[65,    90] loss: 0.204
[65,   100] loss: 0.182
[65,   110] loss: 0.165
[65,   120] loss: 0.160
[65,   130] loss: 0.227
[65,   140] loss: 0.198
[65,   150] loss: 0.175
[65,   160] loss: 0.159
[65,   170] loss: 0.187
[65,   180] loss: 0.189
[65,   190] loss: 0.185
[65,   200] loss: 0.171
[65,   210] loss: 0.208
[65,   220] loss: 0.173
[65,   230] loss: 0.160
[65,   240] loss: 0.206
[65,   250] loss: 0.153
[65,   260] loss: 0.198
[65,   270] loss: 0.222
[65,   280] loss: 0.235
[65,   290] loss: 0.152
[65,   300] loss: 0.178
[65,   310] loss: 0.237
[65,   320] loss: 0.221
[65,   330] loss: 0.160
[65,   340] loss: 0.170
[65,   350] loss: 0.147
[65,   360] loss: 0.165
[65,   370] loss: 0.200
[65,   380] loss: 0.211
[65,   390] loss: 0.144
[65,   400] loss: 0.150
VALIDATION loss: 0.16850890219211578
[66,    10] loss: 0.206
[66,    20] loss: 0.248
[66,    30] loss: 0.200
[66,    40] loss: 0.178
[66,    50] loss: 0.202
[66,    60] loss: 0.185
[66,    70] loss: 0.201
[66,    80] loss: 0.207
[66,    90] loss: 0.184
[66,   100] loss: 0.166
[66,   110] loss: 0.188
[66,   120] loss: 0.182
[66,   130] loss: 0.214
[66,   140] loss: 0.146
[66,   150] loss: 0.162
[66,   160] loss: 0.194
[66,   170] loss: 0.213
[66,   180] loss: 0.197
[66,   190] loss: 0.178
[66,   200] loss: 0.209
[66,   210] loss: 0.176
[66,   220] loss: 0.152
[66,   230] loss: 0.210
[66,   240] loss: 0.149
[66,   250] loss: 0.172
[66,   260] loss: 0.150
[66,   270] loss: 0.163
[66,   280] loss: 0.138
[66,   290] loss: 0.142
[66,   300] loss: 0.196
[66,   310] loss: 0.221
[66,   320] loss: 0.183
[66,   330] loss: 0.195
[66,   340] loss: 0.160
[66,   350] loss: 0.179
[66,   360] loss: 0.163
[66,   370] loss: 0.180
[66,   380] loss: 0.169
[66,   390] loss: 0.203
[66,   400] loss: 0.145
VALIDATION loss: 0.1724417507648468
[67,    10] loss: 0.128
[67,    20] loss: 0.217
[67,    30] loss: 0.182
[67,    40] loss: 0.165
[67,    50] loss: 0.203
[67,    60] loss: 0.174
[67,    70] loss: 0.171
[67,    80] loss: 0.165
[67,    90] loss: 0.208
[67,   100] loss: 0.209
[67,   110] loss: 0.192
[67,   120] loss: 0.204
[67,   130] loss: 0.205
[67,   140] loss: 0.185
[67,   150] loss: 0.188
[67,   160] loss: 0.163
[67,   170] loss: 0.195
[67,   180] loss: 0.153
[67,   190] loss: 0.208
[67,   200] loss: 0.176
[67,   210] loss: 0.139
[67,   220] loss: 0.181
[67,   230] loss: 0.185
[67,   240] loss: 0.132
[67,   250] loss: 0.177
[67,   260] loss: 0.220
[67,   270] loss: 0.166
[67,   280] loss: 0.179
[67,   290] loss: 0.279
[67,   300] loss: 0.181
[67,   310] loss: 0.174
[67,   320] loss: 0.150
[67,   330] loss: 0.147
[67,   340] loss: 0.181
[67,   350] loss: 0.172
[67,   360] loss: 0.180
[67,   370] loss: 0.177
[67,   380] loss: 0.201
[67,   390] loss: 0.265
[67,   400] loss: 0.167
VALIDATION loss: 0.19970740377902985
[68,    10] loss: 0.206
[68,    20] loss: 0.144
[68,    30] loss: 0.202
[68,    40] loss: 0.228
[68,    50] loss: 0.204
[68,    60] loss: 0.226
[68,    70] loss: 0.197
[68,    80] loss: 0.269
[68,    90] loss: 0.211
[68,   100] loss: 0.179
[68,   110] loss: 0.198
[68,   120] loss: 0.134
[68,   130] loss: 0.211
[68,   140] loss: 0.213
[68,   150] loss: 0.198
[68,   160] loss: 0.218
[68,   170] loss: 0.195
[68,   180] loss: 0.152
[68,   190] loss: 0.114
[68,   200] loss: 0.189
[68,   210] loss: 0.204
[68,   220] loss: 0.157
[68,   230] loss: 0.145
[68,   240] loss: 0.210
[68,   250] loss: 0.225
[68,   260] loss: 0.158
[68,   270] loss: 0.188
[68,   280] loss: 0.210
[68,   290] loss: 0.193
[68,   300] loss: 0.190
[68,   310] loss: 0.184
[68,   320] loss: 0.224
[68,   330] loss: 0.186
[68,   340] loss: 0.124
[68,   350] loss: 0.194
[68,   360] loss: 0.192
[68,   370] loss: 0.190
[68,   380] loss: 0.219
[68,   390] loss: 0.191
[68,   400] loss: 0.143
VALIDATION loss: 0.8338435888290405
[69,    10] loss: 0.173
[69,    20] loss: 0.197
[69,    30] loss: 0.144
[69,    40] loss: 0.199
[69,    50] loss: 0.207
[69,    60] loss: 0.197
[69,    70] loss: 0.185
[69,    80] loss: 0.131
[69,    90] loss: 0.175
[69,   100] loss: 0.189
[69,   110] loss: 0.210
[69,   120] loss: 0.205
[69,   130] loss: 0.168
[69,   140] loss: 0.160
[69,   150] loss: 0.183
[69,   160] loss: 0.197
[69,   170] loss: 0.194
[69,   180] loss: 0.197
[69,   190] loss: 0.202
[69,   200] loss: 0.220
[69,   210] loss: 0.149
[69,   220] loss: 0.164
[69,   230] loss: 0.216
[69,   240] loss: 0.208
[69,   250] loss: 0.182
[69,   260] loss: 0.198
[69,   270] loss: 0.138
[69,   280] loss: 0.214
[69,   290] loss: 0.147
[69,   300] loss: 0.189
[69,   310] loss: 0.159
[69,   320] loss: 0.168
[69,   330] loss: 0.231
[69,   340] loss: 0.183
[69,   350] loss: 0.192
[69,   360] loss: 0.162
[69,   370] loss: 0.243
[69,   380] loss: 0.214
[69,   390] loss: 0.201
[69,   400] loss: 0.161
VALIDATION loss: 0.15482820570468903
[70,    10] loss: 0.172
[70,    20] loss: 0.184
[70,    30] loss: 0.159
[70,    40] loss: 0.194
[70,    50] loss: 0.238
[70,    60] loss: 0.189
[70,    70] loss: 0.165
[70,    80] loss: 0.167
[70,    90] loss: 0.206
[70,   100] loss: 0.175
[70,   110] loss: 0.212
[70,   120] loss: 0.156
[70,   130] loss: 0.161
[70,   140] loss: 0.154
[70,   150] loss: 0.204
[70,   160] loss: 0.229
[70,   170] loss: 0.212
[70,   180] loss: 0.216
[70,   190] loss: 0.196
[70,   200] loss: 0.169
[70,   210] loss: 0.141
[70,   220] loss: 0.190
[70,   230] loss: 0.166
[70,   240] loss: 0.166
[70,   250] loss: 0.184
[70,   260] loss: 0.159
[70,   270] loss: 0.142
[70,   280] loss: 0.143
[70,   290] loss: 0.147
[70,   300] loss: 0.146
[70,   310] loss: 0.204
[70,   320] loss: 0.150
[70,   330] loss: 0.177
[70,   340] loss: 0.156
[70,   350] loss: 0.188
[70,   360] loss: 0.160
[70,   370] loss: 0.172
[70,   380] loss: 0.154
[70,   390] loss: 0.228
[70,   400] loss: 0.134
VALIDATION loss: 0.1644149273633957
[71,    10] loss: 0.147
[71,    20] loss: 0.220
[71,    30] loss: 0.221
[71,    40] loss: 0.245
[71,    50] loss: 0.181
[71,    60] loss: 0.155
[71,    70] loss: 0.166
[71,    80] loss: 0.184
[71,    90] loss: 0.209
[71,   100] loss: 0.179
[71,   110] loss: 0.167
[71,   120] loss: 0.146
[71,   130] loss: 0.188
[71,   140] loss: 0.152
[71,   150] loss: 0.145
[71,   160] loss: 0.205
[71,   170] loss: 0.202
[71,   180] loss: 0.182
[71,   190] loss: 0.191
[71,   200] loss: 0.253
[71,   210] loss: 0.205
[71,   220] loss: 0.174
[71,   230] loss: 0.168
[71,   240] loss: 0.169
[71,   250] loss: 0.142
[71,   260] loss: 0.162
[71,   270] loss: 0.219
[71,   280] loss: 0.153
[71,   290] loss: 0.198
[71,   300] loss: 0.165
[71,   310] loss: 0.197
[71,   320] loss: 0.162
[71,   330] loss: 0.205
[71,   340] loss: 0.168
[71,   350] loss: 0.198
[71,   360] loss: 0.166
[71,   370] loss: 0.154
[71,   380] loss: 0.199
[71,   390] loss: 0.155
[71,   400] loss: 0.190
VALIDATION loss: 0.17017818987369537
[72,    10] loss: 0.155
[72,    20] loss: 0.202
[72,    30] loss: 0.162
[72,    40] loss: 0.173
[72,    50] loss: 0.200
[72,    60] loss: 0.172
[72,    70] loss: 0.197
[72,    80] loss: 0.143
[72,    90] loss: 0.147
[72,   100] loss: 0.141
[72,   110] loss: 0.177
[72,   120] loss: 0.183
[72,   130] loss: 0.158
[72,   140] loss: 0.153
[72,   150] loss: 0.192
[72,   160] loss: 0.153
[72,   170] loss: 0.223
[72,   180] loss: 0.178
[72,   190] loss: 0.178
[72,   200] loss: 0.199
[72,   210] loss: 0.216
[72,   220] loss: 0.185
[72,   230] loss: 0.211
[72,   240] loss: 0.194
[72,   250] loss: 0.185
[72,   260] loss: 0.217
[72,   270] loss: 0.176
[72,   280] loss: 0.228
[72,   290] loss: 0.163
[72,   300] loss: 0.170
[72,   310] loss: 0.136
[72,   320] loss: 0.180
[72,   330] loss: 0.164
[72,   340] loss: 0.181
[72,   350] loss: 0.135
[72,   360] loss: 0.159
[72,   370] loss: 0.164
[72,   380] loss: 0.186
[72,   390] loss: 0.166
[72,   400] loss: 0.157
VALIDATION loss: 0.15330146253108978
[73,    10] loss: 0.177
[73,    20] loss: 0.183
[73,    30] loss: 0.222
[73,    40] loss: 0.156
[73,    50] loss: 0.204
[73,    60] loss: 0.147
[73,    70] loss: 0.154
[73,    80] loss: 0.188
[73,    90] loss: 0.148
[73,   100] loss: 0.178
[73,   110] loss: 0.205
[73,   120] loss: 0.214
[73,   130] loss: 0.175
[73,   140] loss: 0.181
[73,   150] loss: 0.151
[73,   160] loss: 0.163
[73,   170] loss: 0.155
[73,   180] loss: 0.150
[73,   190] loss: 0.146
[73,   200] loss: 0.107
[73,   210] loss: 0.186
[73,   220] loss: 0.200
[73,   230] loss: 0.157
[73,   240] loss: 0.207
[73,   250] loss: 0.164
[73,   260] loss: 0.176
[73,   270] loss: 0.171
[73,   280] loss: 0.172
[73,   290] loss: 0.187
[73,   300] loss: 0.149
[73,   310] loss: 0.191
[73,   320] loss: 0.239
[73,   330] loss: 0.175
[73,   340] loss: 0.209
[73,   350] loss: 0.163
[73,   360] loss: 0.194
[73,   370] loss: 0.174
[73,   380] loss: 0.172
[73,   390] loss: 0.199
[73,   400] loss: 0.225
VALIDATION loss: 0.18194212019443512
[74,    10] loss: 0.171
[74,    20] loss: 0.184
[74,    30] loss: 0.172
[74,    40] loss: 0.157
[74,    50] loss: 0.161
[74,    60] loss: 0.181
[74,    70] loss: 0.157
[74,    80] loss: 0.119
[74,    90] loss: 0.180
[74,   100] loss: 0.191
[74,   110] loss: 0.120
[74,   120] loss: 0.170
[74,   130] loss: 0.156
[74,   140] loss: 0.196
[74,   150] loss: 0.204
[74,   160] loss: 0.202
[74,   170] loss: 0.165
[74,   180] loss: 0.198
[74,   190] loss: 0.180
[74,   200] loss: 0.194
[74,   210] loss: 0.190
[74,   220] loss: 0.156
[74,   230] loss: 0.179
[74,   240] loss: 0.174
[74,   250] loss: 0.170
[74,   260] loss: 0.185
[74,   270] loss: 0.168
[74,   280] loss: 0.153
[74,   290] loss: 0.139
[74,   300] loss: 0.175
[74,   310] loss: 0.150
[74,   320] loss: 0.197
[74,   330] loss: 0.174
[74,   340] loss: 0.162
[74,   350] loss: 0.179
[74,   360] loss: 0.174
[74,   370] loss: 0.143
[74,   380] loss: 0.159
[74,   390] loss: 0.158
[74,   400] loss: 0.270
VALIDATION loss: 0.8209093809127808
[75,    10] loss: 0.181
[75,    20] loss: 0.173
[75,    30] loss: 0.159
[75,    40] loss: 0.172
[75,    50] loss: 0.174
[75,    60] loss: 0.162
[75,    70] loss: 0.163
[75,    80] loss: 0.197
[75,    90] loss: 0.172
[75,   100] loss: 0.176
[75,   110] loss: 0.138
[75,   120] loss: 0.169
[75,   130] loss: 0.168
[75,   140] loss: 0.220
[75,   150] loss: 0.192
[75,   160] loss: 0.155
[75,   170] loss: 0.203
[75,   180] loss: 0.182
[75,   190] loss: 0.215
[75,   200] loss: 0.133
[75,   210] loss: 0.206
[75,   220] loss: 0.144
[75,   230] loss: 0.211
[75,   240] loss: 0.207
[75,   250] loss: 0.170
[75,   260] loss: 0.184
[75,   270] loss: 0.142
[75,   280] loss: 0.135
[75,   290] loss: 0.187
[75,   300] loss: 0.157
[75,   310] loss: 0.189
[75,   320] loss: 0.168
[75,   330] loss: 0.174
[75,   340] loss: 0.140
[75,   350] loss: 0.159
[75,   360] loss: 0.182
[75,   370] loss: 0.180
[75,   380] loss: 0.155
[75,   390] loss: 0.146
[75,   400] loss: 0.155
VALIDATION loss: 0.16644906997680664
[76,    10] loss: 0.189
[76,    20] loss: 0.215
[76,    30] loss: 0.159
[76,    40] loss: 0.181
[76,    50] loss: 0.160
[76,    60] loss: 0.153
[76,    70] loss: 0.192
[76,    80] loss: 0.125
[76,    90] loss: 0.167
[76,   100] loss: 0.148
[76,   110] loss: 0.136
[76,   120] loss: 0.190
[76,   130] loss: 0.203
[76,   140] loss: 0.160
[76,   150] loss: 0.177
[76,   160] loss: 0.157
[76,   170] loss: 0.196
[76,   180] loss: 0.162
[76,   190] loss: 0.197
[76,   200] loss: 0.169
[76,   210] loss: 0.158
[76,   220] loss: 0.110
[76,   230] loss: 0.197
[76,   240] loss: 0.154
[76,   250] loss: 0.177
[76,   260] loss: 0.137
[76,   270] loss: 0.191
[76,   280] loss: 0.165
[76,   290] loss: 0.123
[76,   300] loss: 0.137
[76,   310] loss: 0.217
[76,   320] loss: 0.142
[76,   330] loss: 0.183
[76,   340] loss: 0.161
[76,   350] loss: 0.179
[76,   360] loss: 0.204
[76,   370] loss: 0.182
[76,   380] loss: 0.203
[76,   390] loss: 0.186
[76,   400] loss: 0.213
VALIDATION loss: 0.15828782320022583
[77,    10] loss: 0.185
[77,    20] loss: 0.106
[77,    30] loss: 0.144
[77,    40] loss: 0.151
[77,    50] loss: 0.149
[77,    60] loss: 0.153
[77,    70] loss: 0.150
[77,    80] loss: 0.153
[77,    90] loss: 0.195
[77,   100] loss: 0.174
[77,   110] loss: 0.169
[77,   120] loss: 0.203
[77,   130] loss: 0.136
[77,   140] loss: 0.147
[77,   150] loss: 0.132
[77,   160] loss: 0.164
[77,   170] loss: 0.172
[77,   180] loss: 0.222
[77,   190] loss: 0.174
[77,   200] loss: 0.175
[77,   210] loss: 0.161
[77,   220] loss: 0.151
[77,   230] loss: 0.167
[77,   240] loss: 0.151
[77,   250] loss: 0.203
[77,   260] loss: 0.199
[77,   270] loss: 0.193
[77,   280] loss: 0.183
[77,   290] loss: 0.154
[77,   300] loss: 0.163
[77,   310] loss: 0.179
[77,   320] loss: 0.179
[77,   330] loss: 0.162
[77,   340] loss: 0.196
[77,   350] loss: 0.185
[77,   360] loss: 0.201
[77,   370] loss: 0.214
[77,   380] loss: 0.175
[77,   390] loss: 0.142
[77,   400] loss: 0.170
VALIDATION loss: 1.3341856002807617
[78,    10] loss: 0.184
[78,    20] loss: 0.140
[78,    30] loss: 0.167
[78,    40] loss: 0.111
[78,    50] loss: 0.192
[78,    60] loss: 0.166
[78,    70] loss: 0.128
[78,    80] loss: 0.134
[78,    90] loss: 0.217
[78,   100] loss: 0.183
[78,   110] loss: 0.222
[78,   120] loss: 0.141
[78,   130] loss: 0.221
[78,   140] loss: 0.142
[78,   150] loss: 0.159
[78,   160] loss: 0.226
[78,   170] loss: 0.157
[78,   180] loss: 0.100
[78,   190] loss: 0.180
[78,   200] loss: 0.192
[78,   210] loss: 0.160
[78,   220] loss: 0.137
[78,   230] loss: 0.181
[78,   240] loss: 0.145
[78,   250] loss: 0.244
[78,   260] loss: 0.170
[78,   270] loss: 0.193
[78,   280] loss: 0.142
[78,   290] loss: 0.159
[78,   300] loss: 0.136
[78,   310] loss: 0.195
[78,   320] loss: 0.151
[78,   330] loss: 0.168
[78,   340] loss: 0.170
[78,   350] loss: 0.138
[78,   360] loss: 0.238
[78,   370] loss: 0.206
[78,   380] loss: 0.150
[78,   390] loss: 0.170
[78,   400] loss: 0.162
VALIDATION loss: 0.15017881989479065
[79,    10] loss: 0.144
[79,    20] loss: 0.171
[79,    30] loss: 0.160
[79,    40] loss: 0.116
[79,    50] loss: 0.135
[79,    60] loss: 0.191
[79,    70] loss: 0.166
[79,    80] loss: 0.147
[79,    90] loss: 0.181
[79,   100] loss: 0.154
[79,   110] loss: 0.171
[79,   120] loss: 0.141
[79,   130] loss: 0.125
[79,   140] loss: 0.192
[79,   150] loss: 0.186
[79,   160] loss: 0.210
[79,   170] loss: 0.119
[79,   180] loss: 0.192
[79,   190] loss: 0.231
[79,   200] loss: 0.164
[79,   210] loss: 0.188
[79,   220] loss: 0.152
[79,   230] loss: 0.170
[79,   240] loss: 0.252
[79,   250] loss: 0.162
[79,   260] loss: 0.146
[79,   270] loss: 0.197
[79,   280] loss: 0.160
[79,   290] loss: 0.133
[79,   300] loss: 0.176
[79,   310] loss: 0.150
[79,   320] loss: 0.130
[79,   330] loss: 0.163
[79,   340] loss: 0.172
[79,   350] loss: 0.169
[79,   360] loss: 0.156
[79,   370] loss: 0.182
[79,   380] loss: 0.161
[79,   390] loss: 0.185
[79,   400] loss: 0.152
VALIDATION loss: 0.15537820756435394
[80,    10] loss: 0.177
[80,    20] loss: 0.143
[80,    30] loss: 0.157
[80,    40] loss: 0.201
[80,    50] loss: 0.174
[80,    60] loss: 0.099
[80,    70] loss: 0.131
[80,    80] loss: 0.139
[80,    90] loss: 0.137
[80,   100] loss: 0.157
[80,   110] loss: 0.228
[80,   120] loss: 0.216
[80,   130] loss: 0.161
[80,   140] loss: 0.200
[80,   150] loss: 0.162
[80,   160] loss: 0.208
[80,   170] loss: 0.180
[80,   180] loss: 0.161
[80,   190] loss: 0.173
[80,   200] loss: 0.159
[80,   210] loss: 0.168
[80,   220] loss: 0.163
[80,   230] loss: 0.176
[80,   240] loss: 0.166
[80,   250] loss: 0.145
[80,   260] loss: 0.130
[80,   270] loss: 0.175
[80,   280] loss: 0.102
[80,   290] loss: 0.158
[80,   300] loss: 0.191
[80,   310] loss: 0.195
[80,   320] loss: 0.164
[80,   330] loss: 0.204
[80,   340] loss: 0.175
[80,   350] loss: 0.157
[80,   360] loss: 0.144
[80,   370] loss: 0.149
[80,   380] loss: 0.152
[80,   390] loss: 0.163
[80,   400] loss: 0.139
VALIDATION loss: 0.1530476212501526
[81,    10] loss: 0.147
[81,    20] loss: 0.179
[81,    30] loss: 0.193
[81,    40] loss: 0.194
[81,    50] loss: 0.183
[81,    60] loss: 0.158
[81,    70] loss: 0.178
[81,    80] loss: 0.151
[81,    90] loss: 0.105
[81,   100] loss: 0.154
[81,   110] loss: 0.185
[81,   120] loss: 0.124
[81,   130] loss: 0.180
[81,   140] loss: 0.144
[81,   150] loss: 0.185
[81,   160] loss: 0.118
[81,   170] loss: 0.139
[81,   180] loss: 0.159
[81,   190] loss: 0.167
[81,   200] loss: 0.161
[81,   210] loss: 0.140
[81,   220] loss: 0.144
[81,   230] loss: 0.191
[81,   240] loss: 0.172
[81,   250] loss: 0.198
[81,   260] loss: 0.123
[81,   270] loss: 0.136
[81,   280] loss: 0.174
[81,   290] loss: 0.147
[81,   300] loss: 0.139
[81,   310] loss: 0.192
[81,   320] loss: 0.168
[81,   330] loss: 0.149
[81,   340] loss: 0.131
[81,   350] loss: 0.161
[81,   360] loss: 0.168
[81,   370] loss: 0.192
[81,   380] loss: 0.155
[81,   390] loss: 0.192
[81,   400] loss: 0.162
VALIDATION loss: 0.1483374387025833
[82,    10] loss: 0.198
[82,    20] loss: 0.174
[82,    30] loss: 0.166
[82,    40] loss: 0.181
[82,    50] loss: 0.179
[82,    60] loss: 0.174
[82,    70] loss: 0.126
[82,    80] loss: 0.141
[82,    90] loss: 0.161
[82,   100] loss: 0.199
[82,   110] loss: 0.161
[82,   120] loss: 0.131
[82,   130] loss: 0.146
[82,   140] loss: 0.160
[82,   150] loss: 0.161
[82,   160] loss: 0.178
[82,   170] loss: 0.139
[82,   180] loss: 0.188
[82,   190] loss: 0.187
[82,   200] loss: 0.161
[82,   210] loss: 0.172
[82,   220] loss: 0.152
[82,   230] loss: 0.147
[82,   240] loss: 0.160
[82,   250] loss: 0.152
[82,   260] loss: 0.168
[82,   270] loss: 0.193
[82,   280] loss: 0.120
[82,   290] loss: 0.135
[82,   300] loss: 0.152
[82,   310] loss: 0.207
[82,   320] loss: 0.182
[82,   330] loss: 0.206
[82,   340] loss: 0.179
[82,   350] loss: 0.138
[82,   360] loss: 0.143
[82,   370] loss: 0.140
[82,   380] loss: 0.184
[82,   390] loss: 0.191
[82,   400] loss: 0.161
VALIDATION loss: 0.19705256819725037
[83,    10] loss: 0.153
[83,    20] loss: 0.190
[83,    30] loss: 0.167
[83,    40] loss: 0.167
[83,    50] loss: 0.179
[83,    60] loss: 0.123
[83,    70] loss: 0.182
[83,    80] loss: 0.159
[83,    90] loss: 0.194
[83,   100] loss: 0.172
[83,   110] loss: 0.134
[83,   120] loss: 0.137
[83,   130] loss: 0.148
[83,   140] loss: 0.170
[83,   150] loss: 0.180
[83,   160] loss: 0.153
[83,   170] loss: 0.178
[83,   180] loss: 0.157
[83,   190] loss: 0.151
[83,   200] loss: 0.132
[83,   210] loss: 0.156
[83,   220] loss: 0.162
[83,   230] loss: 0.188
[83,   240] loss: 0.167
[83,   250] loss: 0.159
[83,   260] loss: 0.174
[83,   270] loss: 0.157
[83,   280] loss: 0.153
[83,   290] loss: 0.172
[83,   300] loss: 0.150
[83,   310] loss: 0.179
[83,   320] loss: 0.172
[83,   330] loss: 0.197
[83,   340] loss: 0.156
[83,   350] loss: 0.165
[83,   360] loss: 0.203
[83,   370] loss: 0.145
[83,   380] loss: 0.159
[83,   390] loss: 0.204
[83,   400] loss: 0.167
VALIDATION loss: 0.17745883762836456
[84,    10] loss: 0.186
[84,    20] loss: 0.146
[84,    30] loss: 0.185
[84,    40] loss: 0.121
[84,    50] loss: 0.126
[84,    60] loss: 0.152
[84,    70] loss: 0.134
[84,    80] loss: 0.154
[84,    90] loss: 0.184
[84,   100] loss: 0.163
[84,   110] loss: 0.210
[84,   120] loss: 0.156
[84,   130] loss: 0.122
[84,   140] loss: 0.180
[84,   150] loss: 0.140
[84,   160] loss: 0.194
[84,   170] loss: 0.171
[84,   180] loss: 0.172
[84,   190] loss: 0.142
[84,   200] loss: 0.186
[84,   210] loss: 0.188
[84,   220] loss: 0.183
[84,   230] loss: 0.160
[84,   240] loss: 0.165
[84,   250] loss: 0.160
[84,   260] loss: 0.159
[84,   270] loss: 0.178
[84,   280] loss: 0.143
[84,   290] loss: 0.215
[84,   300] loss: 0.175
[84,   310] loss: 0.135
[84,   320] loss: 0.146
[84,   330] loss: 0.175
[84,   340] loss: 0.114
[84,   350] loss: 0.138
[84,   360] loss: 0.145
[84,   370] loss: 0.125
[84,   380] loss: 0.215
[84,   390] loss: 0.172
[84,   400] loss: 0.162
VALIDATION loss: 0.1496504843235016
[85,    10] loss: 0.172
[85,    20] loss: 0.151
[85,    30] loss: 0.213
[85,    40] loss: 0.139
[85,    50] loss: 0.116
[85,    60] loss: 0.209
[85,    70] loss: 0.164
[85,    80] loss: 0.191
[85,    90] loss: 0.142
[85,   100] loss: 0.142
[85,   110] loss: 0.174
[85,   120] loss: 0.158
[85,   130] loss: 0.124
[85,   140] loss: 0.178
[85,   150] loss: 0.150
[85,   160] loss: 0.150
[85,   170] loss: 0.161
[85,   180] loss: 0.158
[85,   190] loss: 0.162
[85,   200] loss: 0.180
[85,   210] loss: 0.169
[85,   220] loss: 0.135
[85,   230] loss: 0.141
[85,   240] loss: 0.130
[85,   250] loss: 0.151
[85,   260] loss: 0.155
[85,   270] loss: 0.153
[85,   280] loss: 0.141
[85,   290] loss: 0.169
[85,   300] loss: 0.151
[85,   310] loss: 0.181
[85,   320] loss: 0.189
[85,   330] loss: 0.181
[85,   340] loss: 0.121
[85,   350] loss: 0.145
[85,   360] loss: 0.114
[85,   370] loss: 0.128
[85,   380] loss: 0.152
[85,   390] loss: 0.140
[85,   400] loss: 0.134
VALIDATION loss: 0.5971120595932007
[86,    10] loss: 0.171
[86,    20] loss: 0.121
[86,    30] loss: 0.139
[86,    40] loss: 0.194
[86,    50] loss: 0.174
[86,    60] loss: 0.167
[86,    70] loss: 0.174
[86,    80] loss: 0.166
[86,    90] loss: 0.196
[86,   100] loss: 0.181
[86,   110] loss: 0.183
[86,   120] loss: 0.167
[86,   130] loss: 0.164
[86,   140] loss: 0.200
[86,   150] loss: 0.135
[86,   160] loss: 0.125
[86,   170] loss: 0.136
[86,   180] loss: 0.113
[86,   190] loss: 0.207
[86,   200] loss: 0.170
[86,   210] loss: 0.134
[86,   220] loss: 0.132
[86,   230] loss: 0.194
[86,   240] loss: 0.175
[86,   250] loss: 0.178
[86,   260] loss: 0.141
[86,   270] loss: 0.150
[86,   280] loss: 0.153
[86,   290] loss: 0.142
[86,   300] loss: 0.145
[86,   310] loss: 0.165
[86,   320] loss: 0.165
[86,   330] loss: 0.137
[86,   340] loss: 0.146
[86,   350] loss: 0.128
[86,   360] loss: 0.149
[86,   370] loss: 0.187
[86,   380] loss: 0.128
[86,   390] loss: 0.121
[86,   400] loss: 0.150
VALIDATION loss: 0.16307006776332855
[87,    10] loss: 0.134
[87,    20] loss: 0.171
[87,    30] loss: 0.124
[87,    40] loss: 0.158
[87,    50] loss: 0.207
[87,    60] loss: 0.136
[87,    70] loss: 0.174
[87,    80] loss: 0.210
[87,    90] loss: 0.178
[87,   100] loss: 0.170
[87,   110] loss: 0.189
[87,   120] loss: 0.157
[87,   130] loss: 0.167
[87,   140] loss: 0.158
[87,   150] loss: 0.178
[87,   160] loss: 0.158
[87,   170] loss: 0.163
[87,   180] loss: 0.165
[87,   190] loss: 0.149
[87,   200] loss: 0.156
[87,   210] loss: 0.223
[87,   220] loss: 0.152
[87,   230] loss: 0.162
[87,   240] loss: 0.150
[87,   250] loss: 0.135
[87,   260] loss: 0.175
[87,   270] loss: 0.189
[87,   280] loss: 0.162
[87,   290] loss: 0.156
[87,   300] loss: 0.185
[87,   310] loss: 0.174
[87,   320] loss: 0.129
[87,   330] loss: 0.163
[87,   340] loss: 0.179
[87,   350] loss: 0.162
[87,   360] loss: 0.111
[87,   370] loss: 0.173
[87,   380] loss: 0.143
[87,   390] loss: 0.174
[87,   400] loss: 0.148
VALIDATION loss: 0.1954166144132614
[88,    10] loss: 0.134
[88,    20] loss: 0.163
[88,    30] loss: 0.138
[88,    40] loss: 0.162
[88,    50] loss: 0.146
[88,    60] loss: 0.139
[88,    70] loss: 0.188
[88,    80] loss: 0.157
[88,    90] loss: 0.165
[88,   100] loss: 0.154
[88,   110] loss: 0.115
[88,   120] loss: 0.147
[88,   130] loss: 0.105
[88,   140] loss: 0.172
[88,   150] loss: 0.136
[88,   160] loss: 0.169
[88,   170] loss: 0.172
[88,   180] loss: 0.168
[88,   190] loss: 0.184
[88,   200] loss: 0.124
[88,   210] loss: 0.138
[88,   220] loss: 0.133
[88,   230] loss: 0.163
[88,   240] loss: 0.192
[88,   250] loss: 0.182
[88,   260] loss: 0.136
[88,   270] loss: 0.152
[88,   280] loss: 0.174
[88,   290] loss: 0.156
[88,   300] loss: 0.135
[88,   310] loss: 0.136
[88,   320] loss: 0.125
[88,   330] loss: 0.158
[88,   340] loss: 0.192
[88,   350] loss: 0.182
[88,   360] loss: 0.193
[88,   370] loss: 0.131
[88,   380] loss: 0.153
[88,   390] loss: 0.208
[88,   400] loss: 0.148
VALIDATION loss: 0.17435258626937866
[89,    10] loss: 0.140
[89,    20] loss: 0.182
[89,    30] loss: 0.143
[89,    40] loss: 0.117
[89,    50] loss: 0.150
[89,    60] loss: 0.156
[89,    70] loss: 0.126
[89,    80] loss: 0.136
[89,    90] loss: 0.139
[89,   100] loss: 0.147
[89,   110] loss: 0.169
[89,   120] loss: 0.156
[89,   130] loss: 0.218
[89,   140] loss: 0.172
[89,   150] loss: 0.160
[89,   160] loss: 0.149
[89,   170] loss: 0.128
[89,   180] loss: 0.143
[89,   190] loss: 0.127
[89,   200] loss: 0.120
[89,   210] loss: 0.186
[89,   220] loss: 0.118
[89,   230] loss: 0.125
[89,   240] loss: 0.166
[89,   250] loss: 0.152
[89,   260] loss: 0.163
[89,   270] loss: 0.159
[89,   280] loss: 0.143
[89,   290] loss: 0.128
[89,   300] loss: 0.138
[89,   310] loss: 0.153
[89,   320] loss: 0.148
[89,   330] loss: 0.159
[89,   340] loss: 0.158
[89,   350] loss: 0.134
[89,   360] loss: 0.150
[89,   370] loss: 0.158
[89,   380] loss: 0.150
[89,   390] loss: 0.127
[89,   400] loss: 0.162
VALIDATION loss: 0.15154001116752625
[90,    10] loss: 0.193
[90,    20] loss: 0.114
[90,    30] loss: 0.135
[90,    40] loss: 0.150
[90,    50] loss: 0.120
[90,    60] loss: 0.219
[90,    70] loss: 0.157
[90,    80] loss: 0.125
[90,    90] loss: 0.149
[90,   100] loss: 0.131
[90,   110] loss: 0.156
[90,   120] loss: 0.182
[90,   130] loss: 0.188
[90,   140] loss: 0.127
[90,   150] loss: 0.155
[90,   160] loss: 0.133
[90,   170] loss: 0.179
[90,   180] loss: 0.170
[90,   190] loss: 0.164
[90,   200] loss: 0.156
[90,   210] loss: 0.179
[90,   220] loss: 0.113
[90,   230] loss: 0.160
[90,   240] loss: 0.136
[90,   250] loss: 0.173
[90,   260] loss: 0.110
[90,   270] loss: 0.185
[90,   280] loss: 0.143
[90,   290] loss: 0.138
[90,   300] loss: 0.156
[90,   310] loss: 0.143
[90,   320] loss: 0.196
[90,   330] loss: 0.200
[90,   340] loss: 0.214
[90,   350] loss: 0.136
[90,   360] loss: 0.162
[90,   370] loss: 0.172
[90,   380] loss: 0.141
[90,   390] loss: 0.135
[90,   400] loss: 0.138
VALIDATION loss: 0.1467016339302063
[91,    10] loss: 0.136
[91,    20] loss: 0.141
[91,    30] loss: 0.171
[91,    40] loss: 0.137
[91,    50] loss: 0.151
[91,    60] loss: 0.168
[91,    70] loss: 0.145
[91,    80] loss: 0.163
[91,    90] loss: 0.163
[91,   100] loss: 0.146
[91,   110] loss: 0.166
[91,   120] loss: 0.171
[91,   130] loss: 0.121
[91,   140] loss: 0.129
[91,   150] loss: 0.211
[91,   160] loss: 0.147
[91,   170] loss: 0.200
[91,   180] loss: 0.164
[91,   190] loss: 0.165
[91,   200] loss: 0.177
[91,   210] loss: 0.133
[91,   220] loss: 0.134
[91,   230] loss: 0.101
[91,   240] loss: 0.141
[91,   250] loss: 0.132
[91,   260] loss: 0.171
[91,   270] loss: 0.179
[91,   280] loss: 0.132
[91,   290] loss: 0.147
[91,   300] loss: 0.155
[91,   310] loss: 0.120
[91,   320] loss: 0.176
[91,   330] loss: 0.184
[91,   340] loss: 0.132
[91,   350] loss: 0.137
[91,   360] loss: 0.161
[91,   370] loss: 0.192
[91,   380] loss: 0.153
[91,   390] loss: 0.122
[91,   400] loss: 0.170
VALIDATION loss: 0.17048867046833038
[92,    10] loss: 0.122
[92,    20] loss: 0.121
[92,    30] loss: 0.167
[92,    40] loss: 0.178
[92,    50] loss: 0.128
[92,    60] loss: 0.157
[92,    70] loss: 0.114
[92,    80] loss: 0.096
[92,    90] loss: 0.164
[92,   100] loss: 0.178
[92,   110] loss: 0.163
[92,   120] loss: 0.124
[92,   130] loss: 0.160
[92,   140] loss: 0.159
[92,   150] loss: 0.126
[92,   160] loss: 0.199
[92,   170] loss: 0.187
[92,   180] loss: 0.155
[92,   190] loss: 0.176
[92,   200] loss: 0.158
[92,   210] loss: 0.152
[92,   220] loss: 0.127
[92,   230] loss: 0.150
[92,   240] loss: 0.127
[92,   250] loss: 0.152
[92,   260] loss: 0.119
[92,   270] loss: 0.153
[92,   280] loss: 0.157
[92,   290] loss: 0.132
[92,   300] loss: 0.158
[92,   310] loss: 0.135
[92,   320] loss: 0.159
[92,   330] loss: 0.168
[92,   340] loss: 0.159
[92,   350] loss: 0.179
[92,   360] loss: 0.154
[92,   370] loss: 0.187
[92,   380] loss: 0.142
[92,   390] loss: 0.158
[92,   400] loss: 0.137
VALIDATION loss: 0.14626561105251312
[93,    10] loss: 0.110
[93,    20] loss: 0.127
[93,    30] loss: 0.147
[93,    40] loss: 0.142
[93,    50] loss: 0.156
[93,    60] loss: 0.147
[93,    70] loss: 0.146
[93,    80] loss: 0.158
[93,    90] loss: 0.140
[93,   100] loss: 0.138
[93,   110] loss: 0.155
[93,   120] loss: 0.176
[93,   130] loss: 0.186
[93,   140] loss: 0.146
[93,   150] loss: 0.204
[93,   160] loss: 0.150
[93,   170] loss: 0.163
[93,   180] loss: 0.125
[93,   190] loss: 0.137
[93,   200] loss: 0.136
[93,   210] loss: 0.155
[93,   220] loss: 0.122
[93,   230] loss: 0.143
[93,   240] loss: 0.136
[93,   250] loss: 0.149
[93,   260] loss: 0.197
[93,   270] loss: 0.175
[93,   280] loss: 0.175
[93,   290] loss: 0.163
[93,   300] loss: 0.162
[93,   310] loss: 0.105
[93,   320] loss: 0.144
[93,   330] loss: 0.148
[93,   340] loss: 0.159
[93,   350] loss: 0.120
[93,   360] loss: 0.140
[93,   370] loss: 0.148
[93,   380] loss: 0.129
[93,   390] loss: 0.137
[93,   400] loss: 0.138
VALIDATION loss: 0.16857559978961945
[94,    10] loss: 0.140
[94,    20] loss: 0.125
[94,    30] loss: 0.129
[94,    40] loss: 0.142
[94,    50] loss: 0.155
[94,    60] loss: 0.150
[94,    70] loss: 0.150
[94,    80] loss: 0.128
[94,    90] loss: 0.126
[94,   100] loss: 0.138
[94,   110] loss: 0.148
[94,   120] loss: 0.123
[94,   130] loss: 0.153
[94,   140] loss: 0.155
[94,   150] loss: 0.140
[94,   160] loss: 0.149
[94,   170] loss: 0.101
[94,   180] loss: 0.143
[94,   190] loss: 0.164
[94,   200] loss: 0.153
[94,   210] loss: 0.170
[94,   220] loss: 0.114
[94,   230] loss: 0.137
[94,   240] loss: 0.143
[94,   250] loss: 0.140
[94,   260] loss: 0.112
[94,   270] loss: 0.130
[94,   280] loss: 0.200
[94,   290] loss: 0.163
[94,   300] loss: 0.148
[94,   310] loss: 0.163
[94,   320] loss: 0.112
[94,   330] loss: 0.131
[94,   340] loss: 0.141
[94,   350] loss: 0.210
[94,   360] loss: 0.151
[94,   370] loss: 0.143
[94,   380] loss: 0.193
[94,   390] loss: 0.129
[94,   400] loss: 0.190
VALIDATION loss: 0.1499910056591034
[95,    10] loss: 0.143
[95,    20] loss: 0.131
[95,    30] loss: 0.119
[95,    40] loss: 0.142
[95,    50] loss: 0.156
[95,    60] loss: 0.138
[95,    70] loss: 0.115
[95,    80] loss: 0.194
[95,    90] loss: 0.197
[95,   100] loss: 0.141
[95,   110] loss: 0.229
[95,   120] loss: 0.145
[95,   130] loss: 0.152
[95,   140] loss: 0.148
[95,   150] loss: 0.163
[95,   160] loss: 0.179
[95,   170] loss: 0.123
[95,   180] loss: 0.158
[95,   190] loss: 0.121
[95,   200] loss: 0.117
[95,   210] loss: 0.182
[95,   220] loss: 0.169
[95,   230] loss: 0.145
[95,   240] loss: 0.192
[95,   250] loss: 0.122
[95,   260] loss: 0.133
[95,   270] loss: 0.130
[95,   280] loss: 0.182
[95,   290] loss: 0.139
[95,   300] loss: 0.131
[95,   310] loss: 0.171
[95,   320] loss: 0.150
[95,   330] loss: 0.165
[95,   340] loss: 0.169
[95,   350] loss: 0.155
[95,   360] loss: 0.178
[95,   370] loss: 0.148
[95,   380] loss: 0.170
[95,   390] loss: 0.191
[95,   400] loss: 0.152
VALIDATION loss: 0.16738249361515045
[96,    10] loss: 0.195
[96,    20] loss: 0.146
[96,    30] loss: 0.170
[96,    40] loss: 0.184
[96,    50] loss: 0.165
[96,    60] loss: 0.148
[96,    70] loss: 0.169
[96,    80] loss: 0.199
[96,    90] loss: 0.157
[96,   100] loss: 0.145
[96,   110] loss: 0.145
[96,   120] loss: 0.162
[96,   130] loss: 0.132
[96,   140] loss: 0.176
[96,   150] loss: 0.121
[96,   160] loss: 0.139
[96,   170] loss: 0.122
[96,   180] loss: 0.122
[96,   190] loss: 0.171
[96,   200] loss: 0.160
[96,   210] loss: 0.160
[96,   220] loss: 0.140
[96,   230] loss: 0.141
[96,   240] loss: 0.169
[96,   250] loss: 0.133
[96,   260] loss: 0.148
[96,   270] loss: 0.178
[96,   280] loss: 0.141
[96,   290] loss: 0.159
[96,   300] loss: 0.134
[96,   310] loss: 0.141
[96,   320] loss: 0.160
[96,   330] loss: 0.150
[96,   340] loss: 0.197
[96,   350] loss: 0.142
[96,   360] loss: 0.204
[96,   370] loss: 0.139
[96,   380] loss: 0.155
[96,   390] loss: 0.173
[96,   400] loss: 0.148
VALIDATION loss: 0.44154250621795654
[97,    10] loss: 0.138
[97,    20] loss: 0.179
[97,    30] loss: 0.140
[97,    40] loss: 0.170
[97,    50] loss: 0.148
[97,    60] loss: 0.141
[97,    70] loss: 0.164
[97,    80] loss: 0.139
[97,    90] loss: 0.127
[97,   100] loss: 0.136
[97,   110] loss: 0.156
[97,   120] loss: 0.142
[97,   130] loss: 0.148
[97,   140] loss: 0.139
[97,   150] loss: 0.213
[97,   160] loss: 0.147
[97,   170] loss: 0.136
[97,   180] loss: 0.121
[97,   190] loss: 0.169
[97,   200] loss: 0.134
[97,   210] loss: 0.150
[97,   220] loss: 0.154
[97,   230] loss: 0.142
[97,   240] loss: 0.162
[97,   250] loss: 0.155
[97,   260] loss: 0.164
[97,   270] loss: 0.151
[97,   280] loss: 0.112
[97,   290] loss: 0.125
[97,   300] loss: 0.156
[97,   310] loss: 0.124
[97,   320] loss: 0.120
[97,   330] loss: 0.133
[97,   340] loss: 0.145
[97,   350] loss: 0.134
[97,   360] loss: 0.155
[97,   370] loss: 0.138
[97,   380] loss: 0.173
[97,   390] loss: 0.131
[97,   400] loss: 0.154
VALIDATION loss: 0.1497921198606491
[98,    10] loss: 0.170
[98,    20] loss: 0.157
[98,    30] loss: 0.188
[98,    40] loss: 0.154
[98,    50] loss: 0.150
[98,    60] loss: 0.177
[98,    70] loss: 0.182
[98,    80] loss: 0.152
[98,    90] loss: 0.143
[98,   100] loss: 0.129
[98,   110] loss: 0.143
[98,   120] loss: 0.145
[98,   130] loss: 0.124
[98,   140] loss: 0.152
[98,   150] loss: 0.159
[98,   160] loss: 0.129
[98,   170] loss: 0.135
[98,   180] loss: 0.168
[98,   190] loss: 0.131
[98,   200] loss: 0.144
[98,   210] loss: 0.143
[98,   220] loss: 0.149
[98,   230] loss: 0.138
[98,   240] loss: 0.158
[98,   250] loss: 0.176
[98,   260] loss: 0.164
[98,   270] loss: 0.142
[98,   280] loss: 0.123
[98,   290] loss: 0.135
[98,   300] loss: 0.150
[98,   310] loss: 0.146
[98,   320] loss: 0.165
[98,   330] loss: 0.165
[98,   340] loss: 0.172
[98,   350] loss: 0.168
[98,   360] loss: 0.106
[98,   370] loss: 0.202
[98,   380] loss: 0.169
[98,   390] loss: 0.143
[98,   400] loss: 0.126
VALIDATION loss: 0.2560710906982422
[99,    10] loss: 0.200
[99,    20] loss: 0.130
[99,    30] loss: 0.190
[99,    40] loss: 0.137
[99,    50] loss: 0.153
[99,    60] loss: 0.136
[99,    70] loss: 0.153
[99,    80] loss: 0.166
[99,    90] loss: 0.153
[99,   100] loss: 0.181
[99,   110] loss: 0.119
[99,   120] loss: 0.169
[99,   130] loss: 0.165
[99,   140] loss: 0.153
[99,   150] loss: 0.167
[99,   160] loss: 0.171
[99,   170] loss: 0.151
[99,   180] loss: 0.141
[99,   190] loss: 0.147
[99,   200] loss: 0.140
[99,   210] loss: 0.174
[99,   220] loss: 0.159
[99,   230] loss: 0.136
[99,   240] loss: 0.150
[99,   250] loss: 0.152
[99,   260] loss: 0.125
[99,   270] loss: 0.172
[99,   280] loss: 0.124
[99,   290] loss: 0.136
[99,   300] loss: 0.132
[99,   310] loss: 0.140
[99,   320] loss: 0.158
[99,   330] loss: 0.169
[99,   340] loss: 0.139
[99,   350] loss: 0.163
[99,   360] loss: 0.166
[99,   370] loss: 0.158
[99,   380] loss: 0.157
[99,   390] loss: 0.152
[99,   400] loss: 0.123
VALIDATION loss: 0.18027697503566742
[100,    10] loss: 0.121
[100,    20] loss: 0.116
[100,    30] loss: 0.136
[100,    40] loss: 0.132
[100,    50] loss: 0.143
[100,    60] loss: 0.138
[100,    70] loss: 0.137
[100,    80] loss: 0.133
[100,    90] loss: 0.142
[100,   100] loss: 0.117
[100,   110] loss: 0.136
[100,   120] loss: 0.139
[100,   130] loss: 0.175
[100,   140] loss: 0.147
[100,   150] loss: 0.140
[100,   160] loss: 0.189
[100,   170] loss: 0.129
[100,   180] loss: 0.119
[100,   190] loss: 0.146
[100,   200] loss: 0.143
[100,   210] loss: 0.181
[100,   220] loss: 0.155
[100,   230] loss: 0.151
[100,   240] loss: 0.143
[100,   250] loss: 0.171
[100,   260] loss: 0.166
[100,   270] loss: 0.143
[100,   280] loss: 0.142
[100,   290] loss: 0.146
[100,   300] loss: 0.201
[100,   310] loss: 0.139
[100,   320] loss: 0.146
[100,   330] loss: 0.195
[100,   340] loss: 0.151
[100,   350] loss: 0.159
[100,   360] loss: 0.148
[100,   370] loss: 0.215
[100,   380] loss: 0.138
[100,   390] loss: 0.116
[100,   400] loss: 0.136
VALIDATION loss: 0.15780851244926453
Finished !!
Accuracy of the network: 92.74 %
