Collecting dill==0.3.4 (from -r requirements.txt (line 1))
  Using cached https://files.pythonhosted.org/packages/b6/c3/973676ceb86b60835bb3978c6db67a5dc06be6cfdbd14ef0f5a13e3fc9fd/dill-0.3.4-py2.py3-none-any.whl
Requirement already satisfied: laplace==0.1 in /zhome/45/c/128687/.local/lib/python3.6/site-packages (from -r requirements.txt (line 2))
Collecting matplotlib==3.4.0 (from -r requirements.txt (line 3))
Small: 0
Transform: 1
MaxPool: 1
Running GPU.
[1,    10] loss: 1.909
[1,    20] loss: 1.791
[1,    30] loss: 1.724
[1,    40] loss: 1.672
[1,    50] loss: 1.619
[1,    60] loss: 1.592
[1,    70] loss: 1.552
[1,    80] loss: 1.548
[1,    90] loss: 1.443
[1,   100] loss: 1.496
[1,   110] loss: 1.523
[1,   120] loss: 1.443
[1,   130] loss: 1.523
[1,   140] loss: 1.430
[1,   150] loss: 1.469
[1,   160] loss: 1.396
[1,   170] loss: 1.399
[1,   180] loss: 1.442
[1,   190] loss: 1.469
[1,   200] loss: 1.373
[1,   210] loss: 1.405
[1,   220] loss: 1.473
[1,   230] loss: 1.440
[1,   240] loss: 1.366
[1,   250] loss: 1.398
[1,   260] loss: 1.353
[1,   270] loss: 1.402
[1,   280] loss: 1.326
[1,   290] loss: 1.386
[1,   300] loss: 1.336
[1,   310] loss: 1.345
[1,   320] loss: 1.324
[1,   330] loss: 1.352
[1,   340] loss: 1.317
[1,   350] loss: 1.349
[1,   360] loss: 1.363
[1,   370] loss: 1.372
[1,   380] loss: 1.340
[1,   390] loss: 1.285
[1,   400] loss: 1.424
VALIDATION loss: 1.2948668003082275
[2,    10] loss: 1.327
[2,    20] loss: 1.312
[2,    30] loss: 1.272
[2,    40] loss: 1.233
[2,    50] loss: 1.239
[2,    60] loss: 1.337
[2,    70] loss: 1.290
[2,    80] loss: 1.342
[2,    90] loss: 1.274
[2,   100] loss: 1.233
[2,   110] loss: 1.266
[2,   120] loss: 1.278
[2,   130] loss: 1.218
[2,   140] loss: 1.248
[2,   150] loss: 1.203
[2,   160] loss: 1.176
[2,   170] loss: 1.293
[2,   180] loss: 1.229
[2,   190] loss: 1.228
[2,   200] loss: 1.218
[2,   210] loss: 1.173
[2,   220] loss: 1.287
[2,   230] loss: 1.122
[2,   240] loss: 1.061
[2,   250] loss: 1.301
[2,   260] loss: 1.234
[2,   270] loss: 1.291
[2,   280] loss: 1.132
[2,   290] loss: 1.103
[2,   300] loss: 1.206
[2,   310] loss: 1.217
[2,   320] loss: 1.150
[2,   330] loss: 1.153
[2,   340] loss: 1.166
[2,   350] loss: 1.072
[2,   360] loss: 1.107
[2,   370] loss: 1.103
[2,   380] loss: 1.197
[2,   390] loss: 1.201
[2,   400] loss: 1.127
VALIDATION loss: 1.7656407356262207
[3,    10] loss: 1.175
[3,    20] loss: 1.190
[3,    30] loss: 1.115
[3,    40] loss: 1.115
[3,    50] loss: 1.193
[3,    60] loss: 1.133
[3,    70] loss: 1.106
[3,    80] loss: 1.108
[3,    90] loss: 1.160
[3,   100] loss: 1.063
[3,   110] loss: 1.161
[3,   120] loss: 1.157
[3,   130] loss: 1.064
[3,   140] loss: 1.115
[3,   150] loss: 1.064
[3,   160] loss: 1.112
[3,   170] loss: 1.085
[3,   180] loss: 1.051
[3,   190] loss: 1.102
[3,   200] loss: 1.129
[3,   210] loss: 1.103
[3,   220] loss: 1.206
[3,   230] loss: 1.025
[3,   240] loss: 1.082
[3,   250] loss: 1.076
[3,   260] loss: 1.047
[3,   270] loss: 1.058
[3,   280] loss: 0.994
[3,   290] loss: 0.981
[3,   300] loss: 0.894
[3,   310] loss: 1.093
[3,   320] loss: 1.052
[3,   330] loss: 1.101
[3,   340] loss: 1.003
[3,   350] loss: 0.992
[3,   360] loss: 1.074
[3,   370] loss: 1.071
[3,   380] loss: 1.038
[3,   390] loss: 1.062
[3,   400] loss: 1.062
VALIDATION loss: 1.9894970655441284
[4,    10] loss: 1.079
[4,    20] loss: 1.094
[4,    30] loss: 1.000
[4,    40] loss: 1.044
[4,    50] loss: 1.011
[4,    60] loss: 0.900
[4,    70] loss: 1.027
[4,    80] loss: 0.973
[4,    90] loss: 0.945
[4,   100] loss: 0.971
[4,   110] loss: 1.005
[4,   120] loss: 0.941
[4,   130] loss: 0.918
[4,   140] loss: 0.956
[4,   150] loss: 1.076
[4,   160] loss: 1.017
[4,   170] loss: 0.936
[4,   180] loss: 1.008
[4,   190] loss: 0.940
[4,   200] loss: 1.043
[4,   210] loss: 1.009
[4,   220] loss: 1.041
[4,   230] loss: 1.008
[4,   240] loss: 0.897
[4,   250] loss: 0.860
[4,   260] loss: 0.950
[4,   270] loss: 0.884
[4,   280] loss: 0.974
[4,   290] loss: 0.982
[4,   300] loss: 0.960
[4,   310] loss: 1.002
[4,   320] loss: 0.970
[4,   330] loss: 0.977
[4,   340] loss: 0.954
[4,   350] loss: 0.921
[4,   360] loss: 0.855
[4,   370] loss: 0.911
[4,   380] loss: 1.006
[4,   390] loss: 0.877
[4,   400] loss: 0.903
VALIDATION loss: 0.9362985491752625
[5,    10] loss: 0.961
[5,    20] loss: 0.922
[5,    30] loss: 0.932
[5,    40] loss: 0.985
[5,    50] loss: 0.909
[5,    60] loss: 0.850
[5,    70] loss: 0.895
[5,    80] loss: 0.858
[5,    90] loss: 0.996
[5,   100] loss: 1.011
[5,   110] loss: 0.887
[5,   120] loss: 0.895
[5,   130] loss: 0.996
[5,   140] loss: 0.891
[5,   150] loss: 0.838
[5,   160] loss: 0.839
[5,   170] loss: 0.931
[5,   180] loss: 0.845
[5,   190] loss: 0.915
[5,   200] loss: 0.906
[5,   210] loss: 0.987
[5,   220] loss: 0.779
[5,   230] loss: 0.800
[5,   240] loss: 0.854
[5,   250] loss: 0.863
[5,   260] loss: 0.856
[5,   270] loss: 0.968
[5,   280] loss: 0.868
[5,   290] loss: 0.956
[5,   300] loss: 0.914
[5,   310] loss: 0.905
[5,   320] loss: 0.860
[5,   330] loss: 0.825
[5,   340] loss: 0.789
[5,   350] loss: 0.827
[5,   360] loss: 0.808
[5,   370] loss: 0.883
[5,   380] loss: 0.901
[5,   390] loss: 0.849
[5,   400] loss: 0.957
VALIDATION loss: 1.1537269353866577
[6,    10] loss: 0.813
[6,    20] loss: 0.900
[6,    30] loss: 0.904
[6,    40] loss: 0.785
[6,    50] loss: 0.764
[6,    60] loss: 0.803
[6,    70] loss: 0.867
[6,    80] loss: 0.865
[6,    90] loss: 0.897
[6,   100] loss: 0.882
[6,   110] loss: 0.855
[6,   120] loss: 0.817
[6,   130] loss: 0.818
[6,   140] loss: 0.800
[6,   150] loss: 0.893
[6,   160] loss: 0.825
[6,   170] loss: 0.786
[6,   180] loss: 0.860
[6,   190] loss: 0.776
[6,   200] loss: 0.806
[6,   210] loss: 0.863
[6,   220] loss: 0.913
[6,   230] loss: 0.750
[6,   240] loss: 0.846
[6,   250] loss: 0.827
[6,   260] loss: 0.888
[6,   270] loss: 0.718
[6,   280] loss: 0.805
[6,   290] loss: 0.765
[6,   300] loss: 0.809
[6,   310] loss: 0.833
[6,   320] loss: 0.881
[6,   330] loss: 0.867
[6,   340] loss: 0.800
[6,   350] loss: 0.869
[6,   360] loss: 0.865
[6,   370] loss: 0.812
[6,   380] loss: 0.778
[6,   390] loss: 0.864
[6,   400] loss: 0.894
VALIDATION loss: 2.9417097568511963
[7,    10] loss: 0.881
[7,    20] loss: 0.741
[7,    30] loss: 0.808
[7,    40] loss: 0.903
[7,    50] loss: 0.820
[7,    60] loss: 0.762
[7,    70] loss: 0.836
[7,    80] loss: 0.779
[7,    90] loss: 0.764
[7,   100] loss: 0.825
[7,   110] loss: 0.805
[7,   120] loss: 0.772
[7,   130] loss: 0.850
[7,   140] loss: 0.862
[7,   150] loss: 0.797
[7,   160] loss: 0.861
[7,   170] loss: 0.833
[7,   180] loss: 0.762
[7,   190] loss: 0.763
[7,   200] loss: 0.718
[7,   210] loss: 0.858
[7,   220] loss: 0.838
[7,   230] loss: 0.775
[7,   240] loss: 0.738
[7,   250] loss: 0.694
[7,   260] loss: 0.665
[7,   270] loss: 0.785
[7,   280] loss: 0.803
[7,   290] loss: 0.768
[7,   300] loss: 0.700
[7,   310] loss: 0.843
[7,   320] loss: 0.811
[7,   330] loss: 0.802
[7,   340] loss: 0.704
[7,   350] loss: 0.761
[7,   360] loss: 0.691
[7,   370] loss: 0.700
[7,   380] loss: 0.726
[7,   390] loss: 0.782
[7,   400] loss: 0.661
VALIDATION loss: 1.19916570186615
[8,    10] loss: 0.756
[8,    20] loss: 0.800
[8,    30] loss: 0.684
[8,    40] loss: 0.754
[8,    50] loss: 0.737
[8,    60] loss: 0.676
[8,    70] loss: 0.749
[8,    80] loss: 0.715
[8,    90] loss: 0.771
[8,   100] loss: 0.790
[8,   110] loss: 0.691
[8,   120] loss: 0.684
[8,   130] loss: 0.700
[8,   140] loss: 0.667
[8,   150] loss: 0.715
[8,   160] loss: 0.770
[8,   170] loss: 0.669
[8,   180] loss: 0.715
[8,   190] loss: 0.778
[8,   200] loss: 0.742
[8,   210] loss: 0.687
[8,   220] loss: 0.777
[8,   230] loss: 0.753
[8,   240] loss: 0.667
[8,   250] loss: 0.746
[8,   260] loss: 0.671
[8,   270] loss: 0.735
[8,   280] loss: 0.709
[8,   290] loss: 0.735
[8,   300] loss: 0.736
[8,   310] loss: 0.711
[8,   320] loss: 0.718
[8,   330] loss: 0.718
[8,   340] loss: 0.681
[8,   350] loss: 0.675
[8,   360] loss: 0.756
[8,   370] loss: 0.716
[8,   380] loss: 0.733
[8,   390] loss: 0.711
[8,   400] loss: 0.715
VALIDATION loss: 0.919335663318634
[9,    10] loss: 0.774
[9,    20] loss: 0.742
[9,    30] loss: 0.758
[9,    40] loss: 0.791
[9,    50] loss: 0.724
[9,    60] loss: 0.782
[9,    70] loss: 0.684
[9,    80] loss: 0.753
[9,    90] loss: 0.718
[9,   100] loss: 0.710
[9,   110] loss: 0.705
[9,   120] loss: 0.694
[9,   130] loss: 0.763
[9,   140] loss: 0.730
[9,   150] loss: 0.771
[9,   160] loss: 0.761
[9,   170] loss: 0.755
[9,   180] loss: 0.705
[9,   190] loss: 0.604
[9,   200] loss: 0.676
[9,   210] loss: 0.690
[9,   220] loss: 0.662
[9,   230] loss: 0.713
[9,   240] loss: 0.684
[9,   250] loss: 0.649
[9,   260] loss: 0.610
[9,   270] loss: 0.683
[9,   280] loss: 0.576
[9,   290] loss: 0.685
[9,   300] loss: 0.570
[9,   310] loss: 0.685
[9,   320] loss: 0.618
[9,   330] loss: 0.668
[9,   340] loss: 0.640
[9,   350] loss: 0.662
[9,   360] loss: 0.634
[9,   370] loss: 0.655
[9,   380] loss: 0.719
[9,   390] loss: 0.692
[9,   400] loss: 0.654
VALIDATION loss: 1.118097186088562
[10,    10] loss: 0.674
[10,    20] loss: 0.652
[10,    30] loss: 0.602
[10,    40] loss: 0.618
[10,    50] loss: 0.682
[10,    60] loss: 0.699
[10,    70] loss: 0.648
[10,    80] loss: 0.652
[10,    90] loss: 0.563
[10,   100] loss: 0.668
[10,   110] loss: 0.631
[10,   120] loss: 0.699
[10,   130] loss: 0.758
[10,   140] loss: 0.660
[10,   150] loss: 0.587
[10,   160] loss: 0.788
[10,   170] loss: 0.639
[10,   180] loss: 0.686
[10,   190] loss: 0.625
[10,   200] loss: 0.672
[10,   210] loss: 0.794
[10,   220] loss: 0.607
[10,   230] loss: 0.590
[10,   240] loss: 0.631
[10,   250] loss: 0.714
[10,   260] loss: 0.637
[10,   270] loss: 0.599
[10,   280] loss: 0.561
[10,   290] loss: 0.661
[10,   300] loss: 0.544
[10,   310] loss: 0.640
[10,   320] loss: 0.597
[10,   330] loss: 0.575
[10,   340] loss: 0.643
[10,   350] loss: 0.595
[10,   360] loss: 0.584
[10,   370] loss: 0.649
[10,   380] loss: 0.682
[10,   390] loss: 0.642
[10,   400] loss: 0.633
VALIDATION loss: 0.7169297337532043
[11,    10] loss: 0.657
[11,    20] loss: 0.617
[11,    30] loss: 0.624
[11,    40] loss: 0.583
[11,    50] loss: 0.642
[11,    60] loss: 0.625
[11,    70] loss: 0.627
[11,    80] loss: 0.660
[11,    90] loss: 0.619
[11,   100] loss: 0.724
[11,   110] loss: 0.627
[11,   120] loss: 0.622
[11,   130] loss: 0.565
[11,   140] loss: 0.622
[11,   150] loss: 0.502
[11,   160] loss: 0.569
[11,   170] loss: 0.612
[11,   180] loss: 0.552
[11,   190] loss: 0.579
[11,   200] loss: 0.575
[11,   210] loss: 0.506
[11,   220] loss: 0.602
[11,   230] loss: 0.650
[11,   240] loss: 0.489
[11,   250] loss: 0.608
[11,   260] loss: 0.616
[11,   270] loss: 0.589
[11,   280] loss: 0.633
[11,   290] loss: 0.656
[11,   300] loss: 0.565
[11,   310] loss: 0.686
[11,   320] loss: 0.577
[11,   330] loss: 0.647
[11,   340] loss: 0.625
[11,   350] loss: 0.625
[11,   360] loss: 0.614
[11,   370] loss: 0.537
[11,   380] loss: 0.665
[11,   390] loss: 0.706
[11,   400] loss: 0.543
VALIDATION loss: 0.6217250227928162
[12,    10] loss: 0.548
[12,    20] loss: 0.604
[12,    30] loss: 0.647
[12,    40] loss: 0.650
[12,    50] loss: 0.672
[12,    60] loss: 0.663
[12,    70] loss: 0.556
[12,    80] loss: 0.648
[12,    90] loss: 0.540
[12,   100] loss: 0.607
[12,   110] loss: 0.565
[12,   120] loss: 0.635
[12,   130] loss: 0.643
[12,   140] loss: 0.583
[12,   150] loss: 0.591
[12,   160] loss: 0.603
[12,   170] loss: 0.635
[12,   180] loss: 0.603
[12,   190] loss: 0.528
[12,   200] loss: 0.483
[12,   210] loss: 0.564
[12,   220] loss: 0.524
[12,   230] loss: 0.608
[12,   240] loss: 0.508
[12,   250] loss: 0.612
[12,   260] loss: 0.509
[12,   270] loss: 0.572
[12,   280] loss: 0.607
[12,   290] loss: 0.551
[12,   300] loss: 0.555
[12,   310] loss: 0.543
[12,   320] loss: 0.577
[12,   330] loss: 0.545
[12,   340] loss: 0.581
[12,   350] loss: 0.636
[12,   360] loss: 0.602
[12,   370] loss: 0.577
[12,   380] loss: 0.610
[12,   390] loss: 0.559
[12,   400] loss: 0.529
VALIDATION loss: 0.4991903007030487
[13,    10] loss: 0.574
[13,    20] loss: 0.618
[13,    30] loss: 0.612
[13,    40] loss: 0.602
[13,    50] loss: 0.633
[13,    60] loss: 0.561
[13,    70] loss: 0.549
[13,    80] loss: 0.499
[13,    90] loss: 0.695
[13,   100] loss: 0.514
[13,   110] loss: 0.578
[13,   120] loss: 0.556
[13,   130] loss: 0.650
[13,   140] loss: 0.509
[13,   150] loss: 0.496
[13,   160] loss: 0.503
[13,   170] loss: 0.636
[13,   180] loss: 0.586
[13,   190] loss: 0.616
[13,   200] loss: 0.572
[13,   210] loss: 0.645
[13,   220] loss: 0.495
[13,   230] loss: 0.573
[13,   240] loss: 0.582
[13,   250] loss: 0.605
[13,   260] loss: 0.612
[13,   270] loss: 0.560
[13,   280] loss: 0.552
[13,   290] loss: 0.523
[13,   300] loss: 0.574
[13,   310] loss: 0.579
[13,   320] loss: 0.515
[13,   330] loss: 0.528
[13,   340] loss: 0.476
[13,   350] loss: 0.520
[13,   360] loss: 0.522
[13,   370] loss: 0.444
[13,   380] loss: 0.518
[13,   390] loss: 0.500
[13,   400] loss: 0.501
VALIDATION loss: 1.320759892463684
[14,    10] loss: 0.559
[14,    20] loss: 0.541
[14,    30] loss: 0.510
[14,    40] loss: 0.581
[14,    50] loss: 0.481
[14,    60] loss: 0.616
[14,    70] loss: 0.594
[14,    80] loss: 0.582
[14,    90] loss: 0.669
[14,   100] loss: 0.545
[14,   110] loss: 0.540
[14,   120] loss: 0.615
[14,   130] loss: 0.582
[14,   140] loss: 0.557
[14,   150] loss: 0.480
[14,   160] loss: 0.506
[14,   170] loss: 0.467
[14,   180] loss: 0.552
[14,   190] loss: 0.532
[14,   200] loss: 0.594
[14,   210] loss: 0.642
[14,   220] loss: 0.600
[14,   230] loss: 0.527
[14,   240] loss: 0.478
[14,   250] loss: 0.550
[14,   260] loss: 0.594
[14,   270] loss: 0.591
[14,   280] loss: 0.521
[14,   290] loss: 0.527
[14,   300] loss: 0.495
[14,   310] loss: 0.516
[14,   320] loss: 0.494
[14,   330] loss: 0.509
[14,   340] loss: 0.538
[14,   350] loss: 0.573
[14,   360] loss: 0.512
[14,   370] loss: 0.593
[14,   380] loss: 0.489
[14,   390] loss: 0.556
[14,   400] loss: 0.593
VALIDATION loss: 1.761815071105957
[15,    10] loss: 0.489
[15,    20] loss: 0.513
[15,    30] loss: 0.503
[15,    40] loss: 0.511
[15,    50] loss: 0.528
[15,    60] loss: 0.423
[15,    70] loss: 0.628
[15,    80] loss: 0.513
[15,    90] loss: 0.535
[15,   100] loss: 0.602
[15,   110] loss: 0.521
[15,   120] loss: 0.674
[15,   130] loss: 0.589
[15,   140] loss: 0.605
[15,   150] loss: 0.505
[15,   160] loss: 0.387
[15,   170] loss: 0.461
[15,   180] loss: 0.488
[15,   190] loss: 0.550
[15,   200] loss: 0.535
[15,   210] loss: 0.482
[15,   220] loss: 0.523
[15,   230] loss: 0.532
[15,   240] loss: 0.448
[15,   250] loss: 0.496
[15,   260] loss: 0.520
[15,   270] loss: 0.589
[15,   280] loss: 0.551
[15,   290] loss: 0.541
[15,   300] loss: 0.496
[15,   310] loss: 0.512
[15,   320] loss: 0.486
[15,   330] loss: 0.525
[15,   340] loss: 0.521
[15,   350] loss: 0.442
[15,   360] loss: 0.589
[15,   370] loss: 0.538
[15,   380] loss: 0.508
[15,   390] loss: 0.522
[15,   400] loss: 0.532
VALIDATION loss: 0.4839370846748352
[16,    10] loss: 0.457
[16,    20] loss: 0.520
[16,    30] loss: 0.505
[16,    40] loss: 0.499
[16,    50] loss: 0.497
[16,    60] loss: 0.509
[16,    70] loss: 0.494
[16,    80] loss: 0.399
[16,    90] loss: 0.494
[16,   100] loss: 0.577
[16,   110] loss: 0.451
[16,   120] loss: 0.570
[16,   130] loss: 0.469
[16,   140] loss: 0.566
[16,   150] loss: 0.442
[16,   160] loss: 0.516
[16,   170] loss: 0.554
[16,   180] loss: 0.509
[16,   190] loss: 0.468
[16,   200] loss: 0.405
[16,   210] loss: 0.482
[16,   220] loss: 0.526
[16,   230] loss: 0.431
[16,   240] loss: 0.497
[16,   250] loss: 0.465
[16,   260] loss: 0.463
[16,   270] loss: 0.467
[16,   280] loss: 0.524
[16,   290] loss: 0.504
[16,   300] loss: 0.501
[16,   310] loss: 0.496
[16,   320] loss: 0.573
[16,   330] loss: 0.630
[16,   340] loss: 0.487
[16,   350] loss: 0.519
[16,   360] loss: 0.487
[16,   370] loss: 0.442
[16,   380] loss: 0.511
[16,   390] loss: 0.453
[16,   400] loss: 0.509
VALIDATION loss: 0.6096476912498474
[17,    10] loss: 0.485
[17,    20] loss: 0.529
[17,    30] loss: 0.474
[17,    40] loss: 0.442
[17,    50] loss: 0.451
[17,    60] loss: 0.421
[17,    70] loss: 0.441
[17,    80] loss: 0.407
[17,    90] loss: 0.473
[17,   100] loss: 0.503
[17,   110] loss: 0.546
[17,   120] loss: 0.482
[17,   130] loss: 0.553
[17,   140] loss: 0.517
[17,   150] loss: 0.573
[17,   160] loss: 0.435
[17,   170] loss: 0.501
[17,   180] loss: 0.450
[17,   190] loss: 0.462
[17,   200] loss: 0.517
[17,   210] loss: 0.490
[17,   220] loss: 0.469
[17,   230] loss: 0.437
[17,   240] loss: 0.618
[17,   250] loss: 0.505
[17,   260] loss: 0.524
[17,   270] loss: 0.426
[17,   280] loss: 0.446
[17,   290] loss: 0.433
[17,   300] loss: 0.447
[17,   310] loss: 0.531
[17,   320] loss: 0.390
[17,   330] loss: 0.362
[17,   340] loss: 0.488
[17,   350] loss: 0.495
[17,   360] loss: 0.490
[17,   370] loss: 0.548
[17,   380] loss: 0.517
[17,   390] loss: 0.500
[17,   400] loss: 0.508
VALIDATION loss: 2.4783904552459717
[18,    10] loss: 0.526
[18,    20] loss: 0.453
[18,    30] loss: 0.479
[18,    40] loss: 0.458
[18,    50] loss: 0.544
[18,    60] loss: 0.436
[18,    70] loss: 0.502
[18,    80] loss: 0.426
[18,    90] loss: 0.465
[18,   100] loss: 0.545
[18,   110] loss: 0.494
[18,   120] loss: 0.485
[18,   130] loss: 0.448
[18,   140] loss: 0.547
[18,   150] loss: 0.491
[18,   160] loss: 0.521
[18,   170] loss: 0.498
[18,   180] loss: 0.564
[18,   190] loss: 0.453
[18,   200] loss: 0.448
[18,   210] loss: 0.490
[18,   220] loss: 0.464
[18,   230] loss: 0.435
[18,   240] loss: 0.439
[18,   250] loss: 0.380
[18,   260] loss: 0.371
[18,   270] loss: 0.380
[18,   280] loss: 0.426
[18,   290] loss: 0.440
[18,   300] loss: 0.519
[18,   310] loss: 0.459
[18,   320] loss: 0.459
[18,   330] loss: 0.450
[18,   340] loss: 0.462
[18,   350] loss: 0.413
[18,   360] loss: 0.422
[18,   370] loss: 0.492
[18,   380] loss: 0.488
[18,   390] loss: 0.535
[18,   400] loss: 0.441
VALIDATION loss: 0.7040324211120605
[19,    10] loss: 0.500
[19,    20] loss: 0.388
[19,    30] loss: 0.464
[19,    40] loss: 0.497
[19,    50] loss: 0.497
[19,    60] loss: 0.396
[19,    70] loss: 0.427
[19,    80] loss: 0.493
[19,    90] loss: 0.535
[19,   100] loss: 0.446
[19,   110] loss: 0.441
[19,   120] loss: 0.403
[19,   130] loss: 0.423
[19,   140] loss: 0.445
[19,   150] loss: 0.494
[19,   160] loss: 0.447
[19,   170] loss: 0.477
[19,   180] loss: 0.411
[19,   190] loss: 0.442
[19,   200] loss: 0.439
[19,   210] loss: 0.469
[19,   220] loss: 0.403
[19,   230] loss: 0.409
[19,   240] loss: 0.550
[19,   250] loss: 0.477
[19,   260] loss: 0.395
[19,   270] loss: 0.435
[19,   280] loss: 0.500
[19,   290] loss: 0.524
[19,   300] loss: 0.438
[19,   310] loss: 0.479
[19,   320] loss: 0.428
[19,   330] loss: 0.468
[19,   340] loss: 0.417
[19,   350] loss: 0.474
[19,   360] loss: 0.395
[19,   370] loss: 0.385
[19,   380] loss: 0.408
[19,   390] loss: 0.450
[19,   400] loss: 0.479
VALIDATION loss: 3.163029432296753
[20,    10] loss: 0.513
[20,    20] loss: 0.427
[20,    30] loss: 0.392
[20,    40] loss: 0.484
[20,    50] loss: 0.484
[20,    60] loss: 0.485
[20,    70] loss: 0.471
[20,    80] loss: 0.467
[20,    90] loss: 0.428
[20,   100] loss: 0.429
[20,   110] loss: 0.445
[20,   120] loss: 0.428
[20,   130] loss: 0.471
[20,   140] loss: 0.428
[20,   150] loss: 0.417
[20,   160] loss: 0.371
[20,   170] loss: 0.397
[20,   180] loss: 0.412
[20,   190] loss: 0.412
[20,   200] loss: 0.394
[20,   210] loss: 0.535
[20,   220] loss: 0.399
[20,   230] loss: 0.424
[20,   240] loss: 0.467
[20,   250] loss: 0.417
[20,   260] loss: 0.346
[20,   270] loss: 0.420
[20,   280] loss: 0.352
[20,   290] loss: 0.424
[20,   300] loss: 0.447
[20,   310] loss: 0.404
[20,   320] loss: 0.431
[20,   330] loss: 0.388
[20,   340] loss: 0.433
[20,   350] loss: 0.381
[20,   360] loss: 0.337
[20,   370] loss: 0.401
[20,   380] loss: 0.461
[20,   390] loss: 0.445
[20,   400] loss: 0.405
VALIDATION loss: 1.5312933921813965
[21,    10] loss: 0.400
[21,    20] loss: 0.450
[21,    30] loss: 0.411
[21,    40] loss: 0.373
[21,    50] loss: 0.475
[21,    60] loss: 0.418
[21,    70] loss: 0.367
[21,    80] loss: 0.416
[21,    90] loss: 0.466
[21,   100] loss: 0.454
[21,   110] loss: 0.487
[21,   120] loss: 0.522
[21,   130] loss: 0.519
[21,   140] loss: 0.425
[21,   150] loss: 0.387
[21,   160] loss: 0.396
[21,   170] loss: 0.455
[21,   180] loss: 0.462
[21,   190] loss: 0.356
[21,   200] loss: 0.343
[21,   210] loss: 0.399
[21,   220] loss: 0.449
[21,   230] loss: 0.457
[21,   240] loss: 0.427
[21,   250] loss: 0.431
[21,   260] loss: 0.483
[21,   270] loss: 0.451
[21,   280] loss: 0.353
[21,   290] loss: 0.419
[21,   300] loss: 0.447
[21,   310] loss: 0.411
[21,   320] loss: 0.425
[21,   330] loss: 0.430
[21,   340] loss: 0.437
[21,   350] loss: 0.383
[21,   360] loss: 0.371
[21,   370] loss: 0.297
[21,   380] loss: 0.459
[21,   390] loss: 0.347
[21,   400] loss: 0.388
VALIDATION loss: 0.4787783622741699
[22,    10] loss: 0.389
[22,    20] loss: 0.321
[22,    30] loss: 0.437
[22,    40] loss: 0.456
[22,    50] loss: 0.338
[22,    60] loss: 0.387
[22,    70] loss: 0.459
[22,    80] loss: 0.489
[22,    90] loss: 0.403
[22,   100] loss: 0.438
[22,   110] loss: 0.451
[22,   120] loss: 0.389
[22,   130] loss: 0.413
[22,   140] loss: 0.409
[22,   150] loss: 0.479
[22,   160] loss: 0.416
[22,   170] loss: 0.394
[22,   180] loss: 0.438
[22,   190] loss: 0.451
[22,   200] loss: 0.423
[22,   210] loss: 0.382
[22,   220] loss: 0.423
[22,   230] loss: 0.406
[22,   240] loss: 0.382
[22,   250] loss: 0.379
[22,   260] loss: 0.397
[22,   270] loss: 0.326
[22,   280] loss: 0.417
[22,   290] loss: 0.342
[22,   300] loss: 0.406
[22,   310] loss: 0.374
[22,   320] loss: 0.409
[22,   330] loss: 0.390
[22,   340] loss: 0.452
[22,   350] loss: 0.381
[22,   360] loss: 0.436
[22,   370] loss: 0.409
[22,   380] loss: 0.379
[22,   390] loss: 0.538
[22,   400] loss: 0.356
VALIDATION loss: 1.646346092224121
[23,    10] loss: 0.410
[23,    20] loss: 0.486
[23,    30] loss: 0.378
[23,    40] loss: 0.374
[23,    50] loss: 0.397
[23,    60] loss: 0.481
[23,    70] loss: 0.432
[23,    80] loss: 0.370
[23,    90] loss: 0.369
[23,   100] loss: 0.416
[23,   110] loss: 0.348
[23,   120] loss: 0.455
[23,   130] loss: 0.389
[23,   140] loss: 0.465
[23,   150] loss: 0.449
[23,   160] loss: 0.435
[23,   170] loss: 0.481
[23,   180] loss: 0.460
[23,   190] loss: 0.370
[23,   200] loss: 0.388
[23,   210] loss: 0.403
[23,   220] loss: 0.297
[23,   230] loss: 0.323
[23,   240] loss: 0.314
[23,   250] loss: 0.372
[23,   260] loss: 0.367
[23,   270] loss: 0.448
[23,   280] loss: 0.454
[23,   290] loss: 0.443
[23,   300] loss: 0.360
[23,   310] loss: 0.382
[23,   320] loss: 0.384
[23,   330] loss: 0.431
[23,   340] loss: 0.363
[23,   350] loss: 0.378
[23,   360] loss: 0.395
[23,   370] loss: 0.438
[23,   380] loss: 0.378
[23,   390] loss: 0.339
[23,   400] loss: 0.393
VALIDATION loss: 0.9691693186759949
[24,    10] loss: 0.391
[24,    20] loss: 0.396
[24,    30] loss: 0.401
[24,    40] loss: 0.426
[24,    50] loss: 0.400
[24,    60] loss: 0.405
[24,    70] loss: 0.358
[24,    80] loss: 0.367
[24,    90] loss: 0.385
[24,   100] loss: 0.365
[24,   110] loss: 0.380
[24,   120] loss: 0.362
[24,   130] loss: 0.353
[24,   140] loss: 0.446
[24,   150] loss: 0.403
[24,   160] loss: 0.359
[24,   170] loss: 0.338
[24,   180] loss: 0.325
[24,   190] loss: 0.356
[24,   200] loss: 0.336
[24,   210] loss: 0.354
[24,   220] loss: 0.372
[24,   230] loss: 0.345
[24,   240] loss: 0.399
[24,   250] loss: 0.416
[24,   260] loss: 0.327
[24,   270] loss: 0.330
[24,   280] loss: 0.354
[24,   290] loss: 0.412
[24,   300] loss: 0.334
[24,   310] loss: 0.463
[24,   320] loss: 0.345
[24,   330] loss: 0.337
[24,   340] loss: 0.408
[24,   350] loss: 0.339
[24,   360] loss: 0.376
[24,   370] loss: 0.358
[24,   380] loss: 0.405
[24,   390] loss: 0.360
[24,   400] loss: 0.424
VALIDATION loss: 4.306121826171875
[25,    10] loss: 0.347
[25,    20] loss: 0.373
[25,    30] loss: 0.326
[25,    40] loss: 0.338
[25,    50] loss: 0.410
[25,    60] loss: 0.341
[25,    70] loss: 0.462
[25,    80] loss: 0.337
[25,    90] loss: 0.331
[25,   100] loss: 0.350
[25,   110] loss: 0.376
[25,   120] loss: 0.349
[25,   130] loss: 0.401
[25,   140] loss: 0.434
[25,   150] loss: 0.418
[25,   160] loss: 0.382
[25,   170] loss: 0.431
[25,   180] loss: 0.363
[25,   190] loss: 0.391
[25,   200] loss: 0.397
[25,   210] loss: 0.373
[25,   220] loss: 0.476
[25,   230] loss: 0.367
[25,   240] loss: 0.326
[25,   250] loss: 0.379
[25,   260] loss: 0.409
[25,   270] loss: 0.326
[25,   280] loss: 0.430
[25,   290] loss: 0.391
[25,   300] loss: 0.353
[25,   310] loss: 0.307
[25,   320] loss: 0.306
[25,   330] loss: 0.389
[25,   340] loss: 0.360
[25,   350] loss: 0.388
[25,   360] loss: 0.404
[25,   370] loss: 0.484
[25,   380] loss: 0.362
[25,   390] loss: 0.414
[25,   400] loss: 0.339
VALIDATION loss: 0.6866106986999512
[26,    10] loss: 0.348
[26,    20] loss: 0.436
[26,    30] loss: 0.284
[26,    40] loss: 0.375
[26,    50] loss: 0.377
[26,    60] loss: 0.364
[26,    70] loss: 0.250
[26,    80] loss: 0.341
[26,    90] loss: 0.393
[26,   100] loss: 0.387
[26,   110] loss: 0.442
[26,   120] loss: 0.347
[26,   130] loss: 0.321
[26,   140] loss: 0.390
[26,   150] loss: 0.379
[26,   160] loss: 0.346
[26,   170] loss: 0.392
[26,   180] loss: 0.334
[26,   190] loss: 0.282
[26,   200] loss: 0.343
[26,   210] loss: 0.423
[26,   220] loss: 0.355
[26,   230] loss: 0.356
[26,   240] loss: 0.341
[26,   250] loss: 0.359
[26,   260] loss: 0.294
[26,   270] loss: 0.364
[26,   280] loss: 0.363
[26,   290] loss: 0.376
[26,   300] loss: 0.372
[26,   310] loss: 0.347
[26,   320] loss: 0.337
[26,   330] loss: 0.295
[26,   340] loss: 0.317
[26,   350] loss: 0.314
[26,   360] loss: 0.440
[26,   370] loss: 0.365
[26,   380] loss: 0.385
[26,   390] loss: 0.358
[26,   400] loss: 0.320
VALIDATION loss: 0.8926068544387817
[27,    10] loss: 0.306
[27,    20] loss: 0.370
[27,    30] loss: 0.387
[27,    40] loss: 0.304
[27,    50] loss: 0.301
[27,    60] loss: 0.309
[27,    70] loss: 0.346
[27,    80] loss: 0.384
[27,    90] loss: 0.369
[27,   100] loss: 0.333
[27,   110] loss: 0.354
[27,   120] loss: 0.364
[27,   130] loss: 0.356
[27,   140] loss: 0.370
[27,   150] loss: 0.365
[27,   160] loss: 0.351
[27,   170] loss: 0.266
[27,   180] loss: 0.342
[27,   190] loss: 0.296
[27,   200] loss: 0.454
[27,   210] loss: 0.326
[27,   220] loss: 0.422
[27,   230] loss: 0.398
[27,   240] loss: 0.388
[27,   250] loss: 0.346
[27,   260] loss: 0.366
[27,   270] loss: 0.415
[27,   280] loss: 0.397
[27,   290] loss: 0.345
[27,   300] loss: 0.382
[27,   310] loss: 0.375
[27,   320] loss: 0.332
[27,   330] loss: 0.367
[27,   340] loss: 0.349
[27,   350] loss: 0.337
[27,   360] loss: 0.296
[27,   370] loss: 0.416
[27,   380] loss: 0.350
[27,   390] loss: 0.328
[27,   400] loss: 0.335
VALIDATION loss: 0.4282538890838623
[28,    10] loss: 0.312
[28,    20] loss: 0.429
[28,    30] loss: 0.362
[28,    40] loss: 0.340
[28,    50] loss: 0.331
[28,    60] loss: 0.378
[28,    70] loss: 0.294
[28,    80] loss: 0.292
[28,    90] loss: 0.432
[28,   100] loss: 0.349
[28,   110] loss: 0.351
[28,   120] loss: 0.337
[28,   130] loss: 0.380
[28,   140] loss: 0.299
[28,   150] loss: 0.314
[28,   160] loss: 0.323
[28,   170] loss: 0.243
[28,   180] loss: 0.333
[28,   190] loss: 0.310
[28,   200] loss: 0.390
[28,   210] loss: 0.345
[28,   220] loss: 0.356
[28,   230] loss: 0.366
[28,   240] loss: 0.285
[28,   250] loss: 0.431
[28,   260] loss: 0.339
[28,   270] loss: 0.395
[28,   280] loss: 0.293
[28,   290] loss: 0.336
[28,   300] loss: 0.397
[28,   310] loss: 0.275
[28,   320] loss: 0.313
[28,   330] loss: 0.346
[28,   340] loss: 0.370
[28,   350] loss: 0.326
[28,   360] loss: 0.322
[28,   370] loss: 0.402
[28,   380] loss: 0.312
[28,   390] loss: 0.297
[28,   400] loss: 0.353
VALIDATION loss: 0.5310090184211731
[29,    10] loss: 0.341
[29,    20] loss: 0.372
[29,    30] loss: 0.373
[29,    40] loss: 0.300
[29,    50] loss: 0.310
[29,    60] loss: 0.282
[29,    70] loss: 0.313
[29,    80] loss: 0.276
[29,    90] loss: 0.359
[29,   100] loss: 0.337
[29,   110] loss: 0.328
[29,   120] loss: 0.313
[29,   130] loss: 0.332
[29,   140] loss: 0.398
[29,   150] loss: 0.340
[29,   160] loss: 0.378
[29,   170] loss: 0.364
[29,   180] loss: 0.299
[29,   190] loss: 0.330
[29,   200] loss: 0.428
[29,   210] loss: 0.307
[29,   220] loss: 0.375
[29,   230] loss: 0.322
[29,   240] loss: 0.293
[29,   250] loss: 0.323
[29,   260] loss: 0.302
[29,   270] loss: 0.392
[29,   280] loss: 0.307
[29,   290] loss: 0.314
[29,   300] loss: 0.316
[29,   310] loss: 0.325
[29,   320] loss: 0.321
[29,   330] loss: 0.311
[29,   340] loss: 0.353
[29,   350] loss: 0.312
[29,   360] loss: 0.358
[29,   370] loss: 0.297
[29,   380] loss: 0.319
[29,   390] loss: 0.310
[29,   400] loss: 0.358
VALIDATION loss: 0.7356476783752441
[30,    10] loss: 0.349
[30,    20] loss: 0.270
[30,    30] loss: 0.253
[30,    40] loss: 0.366
[30,    50] loss: 0.377
[30,    60] loss: 0.245
[30,    70] loss: 0.304
[30,    80] loss: 0.364
[30,    90] loss: 0.388
[30,   100] loss: 0.397
[30,   110] loss: 0.358
[30,   120] loss: 0.371
[30,   130] loss: 0.298
[30,   140] loss: 0.328
[30,   150] loss: 0.333
[30,   160] loss: 0.261
[30,   170] loss: 0.311
[30,   180] loss: 0.346
[30,   190] loss: 0.343
[30,   200] loss: 0.384
[30,   210] loss: 0.285
[30,   220] loss: 0.324
[30,   230] loss: 0.362
[30,   240] loss: 0.307
[30,   250] loss: 0.302
[30,   260] loss: 0.346
[30,   270] loss: 0.318
[30,   280] loss: 0.415
[30,   290] loss: 0.370
[30,   300] loss: 0.376
[30,   310] loss: 0.294
[30,   320] loss: 0.327
[30,   330] loss: 0.303
[30,   340] loss: 0.388
[30,   350] loss: 0.334
[30,   360] loss: 0.292
[30,   370] loss: 0.307
[30,   380] loss: 0.381
[30,   390] loss: 0.323
[30,   400] loss: 0.364
VALIDATION loss: 0.28237080574035645
[31,    10] loss: 0.297
[31,    20] loss: 0.308
[31,    30] loss: 0.254
[31,    40] loss: 0.344
[31,    50] loss: 0.352
[31,    60] loss: 0.330
[31,    70] loss: 0.345
[31,    80] loss: 0.342
[31,    90] loss: 0.354
[31,   100] loss: 0.341
[31,   110] loss: 0.364
[31,   120] loss: 0.266
[31,   130] loss: 0.269
[31,   140] loss: 0.342
[31,   150] loss: 0.341
[31,   160] loss: 0.335
[31,   170] loss: 0.283
[31,   180] loss: 0.278
[31,   190] loss: 0.331
[31,   200] loss: 0.340
[31,   210] loss: 0.334
[31,   220] loss: 0.351
[31,   230] loss: 0.283
[31,   240] loss: 0.373
[31,   250] loss: 0.302
[31,   260] loss: 0.291
[31,   270] loss: 0.362
[31,   280] loss: 0.330
[31,   290] loss: 0.390
[31,   300] loss: 0.311
[31,   310] loss: 0.361
[31,   320] loss: 0.329
[31,   330] loss: 0.313
[31,   340] loss: 0.266
[31,   350] loss: 0.343
[31,   360] loss: 0.246
[31,   370] loss: 0.269
[31,   380] loss: 0.307
[31,   390] loss: 0.333
[31,   400] loss: 0.286
VALIDATION loss: 1.155747890472412
[32,    10] loss: 0.334
[32,    20] loss: 0.392
[32,    30] loss: 0.320
[32,    40] loss: 0.325
[32,    50] loss: 0.348
[32,    60] loss: 0.316
[32,    70] loss: 0.376
[32,    80] loss: 0.316
[32,    90] loss: 0.326
[32,   100] loss: 0.348
[32,   110] loss: 0.322
[32,   120] loss: 0.308
[32,   130] loss: 0.302
[32,   140] loss: 0.305
[32,   150] loss: 0.325
[32,   160] loss: 0.300
[32,   170] loss: 0.363
[32,   180] loss: 0.407
[32,   190] loss: 0.308
[32,   200] loss: 0.254
[32,   210] loss: 0.258
[32,   220] loss: 0.308
[32,   230] loss: 0.387
[32,   240] loss: 0.326
[32,   250] loss: 0.408
[32,   260] loss: 0.333
[32,   270] loss: 0.339
[32,   280] loss: 0.330
[32,   290] loss: 0.338
[32,   300] loss: 0.370
[32,   310] loss: 0.273
[32,   320] loss: 0.289
[32,   330] loss: 0.311
[32,   340] loss: 0.316
[32,   350] loss: 0.270
[32,   360] loss: 0.360
[32,   370] loss: 0.345
[32,   380] loss: 0.309
[32,   390] loss: 0.336
[32,   400] loss: 0.278
VALIDATION loss: 0.32094794511795044
[33,    10] loss: 0.318
[33,    20] loss: 0.331
[33,    30] loss: 0.313
[33,    40] loss: 0.344
[33,    50] loss: 0.338
[33,    60] loss: 0.337
[33,    70] loss: 0.322
[33,    80] loss: 0.302
[33,    90] loss: 0.305
[33,   100] loss: 0.277
[33,   110] loss: 0.296
[33,   120] loss: 0.284
[33,   130] loss: 0.307
[33,   140] loss: 0.290
[33,   150] loss: 0.379
[33,   160] loss: 0.283
[33,   170] loss: 0.346
[33,   180] loss: 0.308
[33,   190] loss: 0.355
[33,   200] loss: 0.324
[33,   210] loss: 0.301
[33,   220] loss: 0.374
[33,   230] loss: 0.321
[33,   240] loss: 0.301
[33,   250] loss: 0.359
[33,   260] loss: 0.317
[33,   270] loss: 0.278
[33,   280] loss: 0.318
[33,   290] loss: 0.294
[33,   300] loss: 0.294
[33,   310] loss: 0.334
[33,   320] loss: 0.295
[33,   330] loss: 0.264
[33,   340] loss: 0.315
[33,   350] loss: 0.368
[33,   360] loss: 0.349
[33,   370] loss: 0.262
[33,   380] loss: 0.293
[33,   390] loss: 0.305
[33,   400] loss: 0.317
VALIDATION loss: 0.3102530837059021
[34,    10] loss: 0.300
[34,    20] loss: 0.281
[34,    30] loss: 0.277
[34,    40] loss: 0.293
[34,    50] loss: 0.326
[34,    60] loss: 0.265
[34,    70] loss: 0.300
[34,    80] loss: 0.331
[34,    90] loss: 0.394
[34,   100] loss: 0.329
[34,   110] loss: 0.305
[34,   120] loss: 0.278
[34,   130] loss: 0.334
[34,   140] loss: 0.317
[34,   150] loss: 0.291
[34,   160] loss: 0.358
[34,   170] loss: 0.256
[34,   180] loss: 0.328
[34,   190] loss: 0.297
[34,   200] loss: 0.351
[34,   210] loss: 0.318
[34,   220] loss: 0.276
[34,   230] loss: 0.292
[34,   240] loss: 0.306
[34,   250] loss: 0.352
[34,   260] loss: 0.265
[34,   270] loss: 0.287
[34,   280] loss: 0.247
[34,   290] loss: 0.300
[34,   300] loss: 0.292
[34,   310] loss: 0.264
[34,   320] loss: 0.325
[34,   330] loss: 0.256
[34,   340] loss: 0.244
[34,   350] loss: 0.279
[34,   360] loss: 0.365
[34,   370] loss: 0.294
[34,   380] loss: 0.338
[34,   390] loss: 0.278
[34,   400] loss: 0.285
VALIDATION loss: 0.31321874260902405
[35,    10] loss: 0.296
[35,    20] loss: 0.284
[35,    30] loss: 0.285
[35,    40] loss: 0.312
[35,    50] loss: 0.266
[35,    60] loss: 0.342
[35,    70] loss: 0.358
[35,    80] loss: 0.336
[35,    90] loss: 0.289
[35,   100] loss: 0.283
[35,   110] loss: 0.263
[35,   120] loss: 0.301
[35,   130] loss: 0.292
[35,   140] loss: 0.348
[35,   150] loss: 0.286
[35,   160] loss: 0.271
[35,   170] loss: 0.317
[35,   180] loss: 0.274
[35,   190] loss: 0.297
[35,   200] loss: 0.246
[35,   210] loss: 0.348
[35,   220] loss: 0.272
[35,   230] loss: 0.265
[35,   240] loss: 0.290
[35,   250] loss: 0.332
[35,   260] loss: 0.320
[35,   270] loss: 0.310
[35,   280] loss: 0.274
[35,   290] loss: 0.328
[35,   300] loss: 0.332
[35,   310] loss: 0.295
[35,   320] loss: 0.335
[35,   330] loss: 0.270
[35,   340] loss: 0.298
[35,   350] loss: 0.313
[35,   360] loss: 0.317
[35,   370] loss: 0.272
[35,   380] loss: 0.278
[35,   390] loss: 0.304
[35,   400] loss: 0.307
VALIDATION loss: 2.0952610969543457
[36,    10] loss: 0.291
[36,    20] loss: 0.246
[36,    30] loss: 0.276
[36,    40] loss: 0.301
[36,    50] loss: 0.278
[36,    60] loss: 0.244
[36,    70] loss: 0.326
[36,    80] loss: 0.322
[36,    90] loss: 0.286
[36,   100] loss: 0.278
[36,   110] loss: 0.304
[36,   120] loss: 0.222
[36,   130] loss: 0.241
[36,   140] loss: 0.303
[36,   150] loss: 0.260
[36,   160] loss: 0.294
[36,   170] loss: 0.286
[36,   180] loss: 0.284
[36,   190] loss: 0.282
[36,   200] loss: 0.269
[36,   210] loss: 0.321
[36,   220] loss: 0.263
[36,   230] loss: 0.279
[36,   240] loss: 0.258
[36,   250] loss: 0.249
[36,   260] loss: 0.279
[36,   270] loss: 0.300
[36,   280] loss: 0.287
[36,   290] loss: 0.267
[36,   300] loss: 0.328
[36,   310] loss: 0.321
[36,   320] loss: 0.263
[36,   330] loss: 0.270
[36,   340] loss: 0.360
[36,   350] loss: 0.256
[36,   360] loss: 0.327
[36,   370] loss: 0.256
[36,   380] loss: 0.269
[36,   390] loss: 0.297
[36,   400] loss: 0.290
VALIDATION loss: 0.2870352268218994
[37,    10] loss: 0.290
[37,    20] loss: 0.371
[37,    30] loss: 0.291
[37,    40] loss: 0.364
[37,    50] loss: 0.336
[37,    60] loss: 0.280
[37,    70] loss: 0.295
[37,    80] loss: 0.335
[37,    90] loss: 0.242
[37,   100] loss: 0.321
[37,   110] loss: 0.319
[37,   120] loss: 0.309
[37,   130] loss: 0.280
[37,   140] loss: 0.337
[37,   150] loss: 0.253
[37,   160] loss: 0.281
[37,   170] loss: 0.274
[37,   180] loss: 0.281
[37,   190] loss: 0.308
[37,   200] loss: 0.292
[37,   210] loss: 0.294
[37,   220] loss: 0.329
[37,   230] loss: 0.293
[37,   240] loss: 0.263
[37,   250] loss: 0.343
[37,   260] loss: 0.294
[37,   270] loss: 0.293
[37,   280] loss: 0.246
[37,   290] loss: 0.295
[37,   300] loss: 0.245
[37,   310] loss: 0.283
[37,   320] loss: 0.315
[37,   330] loss: 0.288
[37,   340] loss: 0.244
[37,   350] loss: 0.275
[37,   360] loss: 0.298
[37,   370] loss: 0.266
[37,   380] loss: 0.288
[37,   390] loss: 0.276
[37,   400] loss: 0.306
VALIDATION loss: 3.492933988571167
[38,    10] loss: 0.232
[38,    20] loss: 0.349
[38,    30] loss: 0.271
[38,    40] loss: 0.280
[38,    50] loss: 0.282
[38,    60] loss: 0.297
[38,    70] loss: 0.278
[38,    80] loss: 0.244
[38,    90] loss: 0.222
[38,   100] loss: 0.293
[38,   110] loss: 0.248
[38,   120] loss: 0.255
[38,   130] loss: 0.232
[38,   140] loss: 0.305
[38,   150] loss: 0.289
[38,   160] loss: 0.324
[38,   170] loss: 0.281
[38,   180] loss: 0.239
[38,   190] loss: 0.251
[38,   200] loss: 0.303
[38,   210] loss: 0.285
[38,   220] loss: 0.274
[38,   230] loss: 0.285
[38,   240] loss: 0.197
[38,   250] loss: 0.292
[38,   260] loss: 0.300
[38,   270] loss: 0.272
[38,   280] loss: 0.310
[38,   290] loss: 0.278
[38,   300] loss: 0.303
[38,   310] loss: 0.258
[38,   320] loss: 0.282
[38,   330] loss: 0.278
[38,   340] loss: 0.261
[38,   350] loss: 0.278
[38,   360] loss: 0.315
[38,   370] loss: 0.243
[38,   380] loss: 0.318
[38,   390] loss: 0.276
[38,   400] loss: 0.261
VALIDATION loss: 0.9558207988739014
[39,    10] loss: 0.309
[39,    20] loss: 0.266
[39,    30] loss: 0.208
[39,    40] loss: 0.255
[39,    50] loss: 0.241
[39,    60] loss: 0.248
[39,    70] loss: 0.283
[39,    80] loss: 0.329
[39,    90] loss: 0.253
[39,   100] loss: 0.274
[39,   110] loss: 0.230
[39,   120] loss: 0.261
[39,   130] loss: 0.256
[39,   140] loss: 0.245
[39,   150] loss: 0.252
[39,   160] loss: 0.243
[39,   170] loss: 0.290
[39,   180] loss: 0.327
[39,   190] loss: 0.324
[39,   200] loss: 0.325
[39,   210] loss: 0.241
[39,   220] loss: 0.268
[39,   230] loss: 0.250
[39,   240] loss: 0.272
[39,   250] loss: 0.345
[39,   260] loss: 0.303
[39,   270] loss: 0.269
[39,   280] loss: 0.273
[39,   290] loss: 0.274
[39,   300] loss: 0.274
[39,   310] loss: 0.259
[39,   320] loss: 0.335
[39,   330] loss: 0.278
[39,   340] loss: 0.255
[39,   350] loss: 0.297
[39,   360] loss: 0.280
[39,   370] loss: 0.311
[39,   380] loss: 0.292
[39,   390] loss: 0.236
[39,   400] loss: 0.265
VALIDATION loss: 0.5856353044509888
[40,    10] loss: 0.241
[40,    20] loss: 0.271
[40,    30] loss: 0.246
[40,    40] loss: 0.250
[40,    50] loss: 0.249
[40,    60] loss: 0.256
[40,    70] loss: 0.274
[40,    80] loss: 0.298
[40,    90] loss: 0.298
[40,   100] loss: 0.288
[40,   110] loss: 0.267
[40,   120] loss: 0.259
[40,   130] loss: 0.224
[40,   140] loss: 0.289
[40,   150] loss: 0.306
[40,   160] loss: 0.271
[40,   170] loss: 0.224
[40,   180] loss: 0.314
[40,   190] loss: 0.284
[40,   200] loss: 0.259
[40,   210] loss: 0.273
[40,   220] loss: 0.224
[40,   230] loss: 0.292
[40,   240] loss: 0.306
[40,   250] loss: 0.238
[40,   260] loss: 0.305
[40,   270] loss: 0.291
[40,   280] loss: 0.313
[40,   290] loss: 0.303
[40,   300] loss: 0.261
[40,   310] loss: 0.234
[40,   320] loss: 0.282
[40,   330] loss: 0.312
[40,   340] loss: 0.281
[40,   350] loss: 0.314
[40,   360] loss: 0.206
[40,   370] loss: 0.281
[40,   380] loss: 0.284
[40,   390] loss: 0.259
[40,   400] loss: 0.238
VALIDATION loss: 0.3807077705860138
[41,    10] loss: 0.201
[41,    20] loss: 0.273
[41,    30] loss: 0.253
[41,    40] loss: 0.265
[41,    50] loss: 0.238
[41,    60] loss: 0.246
[41,    70] loss: 0.286
[41,    80] loss: 0.319
[41,    90] loss: 0.238
[41,   100] loss: 0.268
[41,   110] loss: 0.249
[41,   120] loss: 0.269
[41,   130] loss: 0.253
[41,   140] loss: 0.222
[41,   150] loss: 0.310
[41,   160] loss: 0.269
[41,   170] loss: 0.318
[41,   180] loss: 0.244
[41,   190] loss: 0.257
[41,   200] loss: 0.291
[41,   210] loss: 0.264
[41,   220] loss: 0.281
[41,   230] loss: 0.279
[41,   240] loss: 0.219
[41,   250] loss: 0.235
[41,   260] loss: 0.286
[41,   270] loss: 0.285
[41,   280] loss: 0.286
[41,   290] loss: 0.263
[41,   300] loss: 0.316
[41,   310] loss: 0.250
[41,   320] loss: 0.236
[41,   330] loss: 0.300
[41,   340] loss: 0.284
[41,   350] loss: 0.296
[41,   360] loss: 0.270
[41,   370] loss: 0.239
[41,   380] loss: 0.227
[41,   390] loss: 0.265
[41,   400] loss: 0.237
VALIDATION loss: 0.9951593279838562
[42,    10] loss: 0.248
[42,    20] loss: 0.309
[42,    30] loss: 0.265
[42,    40] loss: 0.258
[42,    50] loss: 0.255
[42,    60] loss: 0.222
[42,    70] loss: 0.236
[42,    80] loss: 0.285
[42,    90] loss: 0.320
[42,   100] loss: 0.225
[42,   110] loss: 0.266
[42,   120] loss: 0.276
[42,   130] loss: 0.302
[42,   140] loss: 0.301
[42,   150] loss: 0.333
[42,   160] loss: 0.258
[42,   170] loss: 0.229
[42,   180] loss: 0.251
[42,   190] loss: 0.256
[42,   200] loss: 0.232
[42,   210] loss: 0.266
[42,   220] loss: 0.253
[42,   230] loss: 0.219
[42,   240] loss: 0.267
[42,   250] loss: 0.276
[42,   260] loss: 0.242
[42,   270] loss: 0.254
[42,   280] loss: 0.259
[42,   290] loss: 0.307
[42,   300] loss: 0.264
[42,   310] loss: 0.311
[42,   320] loss: 0.231
[42,   330] loss: 0.232
[42,   340] loss: 0.300
[42,   350] loss: 0.316
[42,   360] loss: 0.286
[42,   370] loss: 0.269
[42,   380] loss: 0.257
[42,   390] loss: 0.270
[42,   400] loss: 0.269
VALIDATION loss: 0.22741976380348206
[43,    10] loss: 0.226
[43,    20] loss: 0.260
[43,    30] loss: 0.230
[43,    40] loss: 0.256
[43,    50] loss: 0.223
[43,    60] loss: 0.312
[43,    70] loss: 0.295
[43,    80] loss: 0.261
[43,    90] loss: 0.234
[43,   100] loss: 0.246
[43,   110] loss: 0.279
[43,   120] loss: 0.232
[43,   130] loss: 0.275
[43,   140] loss: 0.271
[43,   150] loss: 0.251
[43,   160] loss: 0.224
[43,   170] loss: 0.250
[43,   180] loss: 0.183
[43,   190] loss: 0.189
[43,   200] loss: 0.252
[43,   210] loss: 0.234
[43,   220] loss: 0.270
[43,   230] loss: 0.233
[43,   240] loss: 0.219
[43,   250] loss: 0.227
[43,   260] loss: 0.275
[43,   270] loss: 0.269
[43,   280] loss: 0.242
[43,   290] loss: 0.263
[43,   300] loss: 0.323
[43,   310] loss: 0.194
[43,   320] loss: 0.262
[43,   330] loss: 0.296
[43,   340] loss: 0.311
[43,   350] loss: 0.247
[43,   360] loss: 0.263
[43,   370] loss: 0.245
[43,   380] loss: 0.251
[43,   390] loss: 0.290
[43,   400] loss: 0.225
VALIDATION loss: 0.5525156855583191
[44,    10] loss: 0.258
[44,    20] loss: 0.313
[44,    30] loss: 0.262
[44,    40] loss: 0.265
[44,    50] loss: 0.218
[44,    60] loss: 0.156
[44,    70] loss: 0.263
[44,    80] loss: 0.252
[44,    90] loss: 0.260
[44,   100] loss: 0.205
[44,   110] loss: 0.264
[44,   120] loss: 0.281
[44,   130] loss: 0.282
[44,   140] loss: 0.264
[44,   150] loss: 0.275
[44,   160] loss: 0.267
[44,   170] loss: 0.219
[44,   180] loss: 0.253
[44,   190] loss: 0.253
[44,   200] loss: 0.303
[44,   210] loss: 0.256
[44,   220] loss: 0.313
[44,   230] loss: 0.264
[44,   240] loss: 0.271
[44,   250] loss: 0.208
[44,   260] loss: 0.220
[44,   270] loss: 0.272
[44,   280] loss: 0.261
[44,   290] loss: 0.260
[44,   300] loss: 0.288
[44,   310] loss: 0.224
[44,   320] loss: 0.257
[44,   330] loss: 0.281
[44,   340] loss: 0.261
[44,   350] loss: 0.232
[44,   360] loss: 0.212
[44,   370] loss: 0.237
[44,   380] loss: 0.257
[44,   390] loss: 0.216
[44,   400] loss: 0.221
VALIDATION loss: 0.3016451895236969
[45,    10] loss: 0.322
[45,    20] loss: 0.224
[45,    30] loss: 0.215
[45,    40] loss: 0.226
[45,    50] loss: 0.252
[45,    60] loss: 0.244
[45,    70] loss: 0.238
[45,    80] loss: 0.231
[45,    90] loss: 0.213
[45,   100] loss: 0.209
[45,   110] loss: 0.291
[45,   120] loss: 0.269
[45,   130] loss: 0.217
[45,   140] loss: 0.256
[45,   150] loss: 0.285
[45,   160] loss: 0.247
[45,   170] loss: 0.242
[45,   180] loss: 0.277
[45,   190] loss: 0.285
[45,   200] loss: 0.203
[45,   210] loss: 0.205
[45,   220] loss: 0.200
[45,   230] loss: 0.259
[45,   240] loss: 0.222
[45,   250] loss: 0.199
[45,   260] loss: 0.235
[45,   270] loss: 0.237
[45,   280] loss: 0.264
[45,   290] loss: 0.215
[45,   300] loss: 0.263
[45,   310] loss: 0.262
[45,   320] loss: 0.217
[45,   330] loss: 0.248
[45,   340] loss: 0.263
[45,   350] loss: 0.257
[45,   360] loss: 0.333
[45,   370] loss: 0.300
[45,   380] loss: 0.291
[45,   390] loss: 0.298
[45,   400] loss: 0.226
VALIDATION loss: 0.23141290247440338
[46,    10] loss: 0.207
[46,    20] loss: 0.180
[46,    30] loss: 0.231
[46,    40] loss: 0.260
[46,    50] loss: 0.246
[46,    60] loss: 0.231
[46,    70] loss: 0.196
[46,    80] loss: 0.239
[46,    90] loss: 0.295
[46,   100] loss: 0.240
[46,   110] loss: 0.193
[46,   120] loss: 0.188
[46,   130] loss: 0.232
[46,   140] loss: 0.218
[46,   150] loss: 0.250
[46,   160] loss: 0.226
[46,   170] loss: 0.230
[46,   180] loss: 0.227
[46,   190] loss: 0.291
[46,   200] loss: 0.270
[46,   210] loss: 0.276
[46,   220] loss: 0.296
[46,   230] loss: 0.183
[46,   240] loss: 0.261
[46,   250] loss: 0.218
[46,   260] loss: 0.222
[46,   270] loss: 0.292
[46,   280] loss: 0.263
[46,   290] loss: 0.240
[46,   300] loss: 0.202
[46,   310] loss: 0.340
[46,   320] loss: 0.279
[46,   330] loss: 0.225
[46,   340] loss: 0.230
[46,   350] loss: 0.255
[46,   360] loss: 0.271
[46,   370] loss: 0.254
[46,   380] loss: 0.240
[46,   390] loss: 0.212
[46,   400] loss: 0.279
VALIDATION loss: 0.28429675102233887
[47,    10] loss: 0.249
[47,    20] loss: 0.219
[47,    30] loss: 0.216
[47,    40] loss: 0.243
[47,    50] loss: 0.238
[47,    60] loss: 0.238
[47,    70] loss: 0.239
[47,    80] loss: 0.263
[47,    90] loss: 0.228
[47,   100] loss: 0.233
[47,   110] loss: 0.230
[47,   120] loss: 0.302
[47,   130] loss: 0.198
[47,   140] loss: 0.227
[47,   150] loss: 0.216
[47,   160] loss: 0.235
[47,   170] loss: 0.193
[47,   180] loss: 0.243
[47,   190] loss: 0.262
[47,   200] loss: 0.236
[47,   210] loss: 0.211
[47,   220] loss: 0.223
[47,   230] loss: 0.271
[47,   240] loss: 0.240
[47,   250] loss: 0.202
[47,   260] loss: 0.200
[47,   270] loss: 0.242
[47,   280] loss: 0.223
[47,   290] loss: 0.235
[47,   300] loss: 0.212
[47,   310] loss: 0.241
[47,   320] loss: 0.240
[47,   330] loss: 0.247
[47,   340] loss: 0.254
[47,   350] loss: 0.244
[47,   360] loss: 0.254
[47,   370] loss: 0.232
[47,   380] loss: 0.292
[47,   390] loss: 0.230
[47,   400] loss: 0.242
VALIDATION loss: 0.4333007037639618
[48,    10] loss: 0.253
[48,    20] loss: 0.217
[48,    30] loss: 0.204
[48,    40] loss: 0.267
[48,    50] loss: 0.212
[48,    60] loss: 0.205
[48,    70] loss: 0.184
[48,    80] loss: 0.226
[48,    90] loss: 0.260
[48,   100] loss: 0.248
[48,   110] loss: 0.208
[48,   120] loss: 0.157
[48,   130] loss: 0.245
[48,   140] loss: 0.218
[48,   150] loss: 0.208
[48,   160] loss: 0.246
[48,   170] loss: 0.238
[48,   180] loss: 0.214
[48,   190] loss: 0.208
[48,   200] loss: 0.230
[48,   210] loss: 0.228
[48,   220] loss: 0.276
[48,   230] loss: 0.199
[48,   240] loss: 0.218
[48,   250] loss: 0.232
[48,   260] loss: 0.243
[48,   270] loss: 0.235
[48,   280] loss: 0.219
[48,   290] loss: 0.185
[48,   300] loss: 0.224
[48,   310] loss: 0.222
[48,   320] loss: 0.195
[48,   330] loss: 0.211
[48,   340] loss: 0.215
[48,   350] loss: 0.232
[48,   360] loss: 0.323
[48,   370] loss: 0.274
[48,   380] loss: 0.292
[48,   390] loss: 0.246
[48,   400] loss: 0.249
VALIDATION loss: 0.2426968216896057
[49,    10] loss: 0.286
[49,    20] loss: 0.251
[49,    30] loss: 0.183
[49,    40] loss: 0.230
[49,    50] loss: 0.280
[49,    60] loss: 0.229
[49,    70] loss: 0.246
[49,    80] loss: 0.267
[49,    90] loss: 0.195
[49,   100] loss: 0.242
[49,   110] loss: 0.244
[49,   120] loss: 0.232
[49,   130] loss: 0.185
[49,   140] loss: 0.251
[49,   150] loss: 0.236
[49,   160] loss: 0.263
[49,   170] loss: 0.251
[49,   180] loss: 0.324
[49,   190] loss: 0.227
[49,   200] loss: 0.299
[49,   210] loss: 0.259
[49,   220] loss: 0.230
[49,   230] loss: 0.230
[49,   240] loss: 0.255
[49,   250] loss: 0.208
[49,   260] loss: 0.206
[49,   270] loss: 0.194
[49,   280] loss: 0.230
[49,   290] loss: 0.218
[49,   300] loss: 0.215
[49,   310] loss: 0.242
[49,   320] loss: 0.296
[49,   330] loss: 0.248
[49,   340] loss: 0.197
[49,   350] loss: 0.225
[49,   360] loss: 0.229
[49,   370] loss: 0.177
[49,   380] loss: 0.226
[49,   390] loss: 0.241
[49,   400] loss: 0.213
VALIDATION loss: 0.7317319512367249
[50,    10] loss: 0.276
[50,    20] loss: 0.236
[50,    30] loss: 0.230
[50,    40] loss: 0.249
[50,    50] loss: 0.224
[50,    60] loss: 0.231
[50,    70] loss: 0.237
[50,    80] loss: 0.205
[50,    90] loss: 0.210
[50,   100] loss: 0.211
[50,   110] loss: 0.290
[50,   120] loss: 0.240
[50,   130] loss: 0.202
[50,   140] loss: 0.255
[50,   150] loss: 0.239
[50,   160] loss: 0.238
[50,   170] loss: 0.195
[50,   180] loss: 0.217
[50,   190] loss: 0.199
[50,   200] loss: 0.258
[50,   210] loss: 0.269
[50,   220] loss: 0.263
[50,   230] loss: 0.258
[50,   240] loss: 0.189
[50,   250] loss: 0.266
[50,   260] loss: 0.246
[50,   270] loss: 0.231
[50,   280] loss: 0.204
[50,   290] loss: 0.212
[50,   300] loss: 0.210
[50,   310] loss: 0.197
[50,   320] loss: 0.227
[50,   330] loss: 0.195
[50,   340] loss: 0.224
[50,   350] loss: 0.250
[50,   360] loss: 0.249
[50,   370] loss: 0.282
[50,   380] loss: 0.273
[50,   390] loss: 0.216
[50,   400] loss: 0.247
VALIDATION loss: 0.35271671414375305
[51,    10] loss: 0.224
[51,    20] loss: 0.249
[51,    30] loss: 0.266
[51,    40] loss: 0.255
[51,    50] loss: 0.232
[51,    60] loss: 0.186
[51,    70] loss: 0.209
[51,    80] loss: 0.225
[51,    90] loss: 0.227
[51,   100] loss: 0.291
[51,   110] loss: 0.250
[51,   120] loss: 0.235
[51,   130] loss: 0.220
[51,   140] loss: 0.279
[51,   150] loss: 0.256
[51,   160] loss: 0.220
[51,   170] loss: 0.223
[51,   180] loss: 0.221
[51,   190] loss: 0.224
[51,   200] loss: 0.223
[51,   210] loss: 0.214
[51,   220] loss: 0.211
[51,   230] loss: 0.191
[51,   240] loss: 0.245
[51,   250] loss: 0.197
[51,   260] loss: 0.186
[51,   270] loss: 0.223
[51,   280] loss: 0.238
[51,   290] loss: 0.227
[51,   300] loss: 0.262
[51,   310] loss: 0.280
[51,   320] loss: 0.205
[51,   330] loss: 0.245
[51,   340] loss: 0.216
[51,   350] loss: 0.262
[51,   360] loss: 0.223
[51,   370] loss: 0.215
[51,   380] loss: 0.221
[51,   390] loss: 0.234
[51,   400] loss: 0.198
VALIDATION loss: 0.23812134563922882
[52,    10] loss: 0.205
[52,    20] loss: 0.265
[52,    30] loss: 0.242
[52,    40] loss: 0.260
[52,    50] loss: 0.248
[52,    60] loss: 0.239
[52,    70] loss: 0.209
[52,    80] loss: 0.240
[52,    90] loss: 0.231
[52,   100] loss: 0.185
[52,   110] loss: 0.227
[52,   120] loss: 0.216
[52,   130] loss: 0.193
[52,   140] loss: 0.183
[52,   150] loss: 0.222
[52,   160] loss: 0.187
[52,   170] loss: 0.213
[52,   180] loss: 0.223
[52,   190] loss: 0.308
[52,   200] loss: 0.213
[52,   210] loss: 0.195
[52,   220] loss: 0.209
[52,   230] loss: 0.176
[52,   240] loss: 0.216
[52,   250] loss: 0.206
[52,   260] loss: 0.216
[52,   270] loss: 0.185
[52,   280] loss: 0.229
[52,   290] loss: 0.249
[52,   300] loss: 0.185
[52,   310] loss: 0.256
[52,   320] loss: 0.248
[52,   330] loss: 0.205
[52,   340] loss: 0.195
[52,   350] loss: 0.243
[52,   360] loss: 0.261
[52,   370] loss: 0.230
[52,   380] loss: 0.228
[52,   390] loss: 0.257
[52,   400] loss: 0.188
VALIDATION loss: 1.9316391944885254
[53,    10] loss: 0.240
[53,    20] loss: 0.186
[53,    30] loss: 0.197
[53,    40] loss: 0.233
[53,    50] loss: 0.223
[53,    60] loss: 0.281
[53,    70] loss: 0.211
[53,    80] loss: 0.194
[53,    90] loss: 0.241
[53,   100] loss: 0.211
[53,   110] loss: 0.236
[53,   120] loss: 0.233
[53,   130] loss: 0.214
[53,   140] loss: 0.228
[53,   150] loss: 0.228
[53,   160] loss: 0.219
[53,   170] loss: 0.234
[53,   180] loss: 0.247
[53,   190] loss: 0.246
[53,   200] loss: 0.211
[53,   210] loss: 0.229
[53,   220] loss: 0.255
[53,   230] loss: 0.233
[53,   240] loss: 0.177
[53,   250] loss: 0.207
[53,   260] loss: 0.205
[53,   270] loss: 0.181
[53,   280] loss: 0.241
[53,   290] loss: 0.222
[53,   300] loss: 0.225
[53,   310] loss: 0.273
[53,   320] loss: 0.266
[53,   330] loss: 0.232
[53,   340] loss: 0.207
[53,   350] loss: 0.225
[53,   360] loss: 0.257
[53,   370] loss: 0.256
[53,   380] loss: 0.200
[53,   390] loss: 0.198
[53,   400] loss: 0.215
VALIDATION loss: 0.26495715975761414
[54,    10] loss: 0.216
[54,    20] loss: 0.253
[54,    30] loss: 0.211
[54,    40] loss: 0.222
[54,    50] loss: 0.213
[54,    60] loss: 0.185
[54,    70] loss: 0.170
[54,    80] loss: 0.241
[54,    90] loss: 0.193
[54,   100] loss: 0.213
[54,   110] loss: 0.215
[54,   120] loss: 0.273
[54,   130] loss: 0.235
[54,   140] loss: 0.204
[54,   150] loss: 0.185
[54,   160] loss: 0.243
[54,   170] loss: 0.257
[54,   180] loss: 0.217
[54,   190] loss: 0.266
[54,   200] loss: 0.189
[54,   210] loss: 0.222
[54,   220] loss: 0.230
[54,   230] loss: 0.193
[54,   240] loss: 0.168
[54,   250] loss: 0.197
[54,   260] loss: 0.247
[54,   270] loss: 0.259
[54,   280] loss: 0.203
[54,   290] loss: 0.224
[54,   300] loss: 0.182
[54,   310] loss: 0.250
[54,   320] loss: 0.230
[54,   330] loss: 0.226
[54,   340] loss: 0.210
[54,   350] loss: 0.189
[54,   360] loss: 0.220
[54,   370] loss: 0.246
[54,   380] loss: 0.204
[54,   390] loss: 0.188
[54,   400] loss: 0.271
VALIDATION loss: 0.3077319264411926
[55,    10] loss: 0.220
[55,    20] loss: 0.180
[55,    30] loss: 0.195
[55,    40] loss: 0.162
[55,    50] loss: 0.194
[55,    60] loss: 0.229
[55,    70] loss: 0.245
[55,    80] loss: 0.232
[55,    90] loss: 0.233
[55,   100] loss: 0.209
[55,   110] loss: 0.214
[55,   120] loss: 0.235
[55,   130] loss: 0.173
[55,   140] loss: 0.197
[55,   150] loss: 0.210
[55,   160] loss: 0.239
[55,   170] loss: 0.203
[55,   180] loss: 0.229
[55,   190] loss: 0.205
[55,   200] loss: 0.208
[55,   210] loss: 0.174
[55,   220] loss: 0.209
[55,   230] loss: 0.194
[55,   240] loss: 0.196
[55,   250] loss: 0.261
[55,   260] loss: 0.229
[55,   270] loss: 0.235
[55,   280] loss: 0.237
[55,   290] loss: 0.253
[55,   300] loss: 0.293
[55,   310] loss: 0.213
[55,   320] loss: 0.201
[55,   330] loss: 0.184
[55,   340] loss: 0.218
[55,   350] loss: 0.205
[55,   360] loss: 0.187
[55,   370] loss: 0.240
[55,   380] loss: 0.175
[55,   390] loss: 0.183
[55,   400] loss: 0.225
VALIDATION loss: 1.3274165391921997
[56,    10] loss: 0.199
[56,    20] loss: 0.153
[56,    30] loss: 0.226
[56,    40] loss: 0.246
[56,    50] loss: 0.259
[56,    60] loss: 0.276
[56,    70] loss: 0.218
[56,    80] loss: 0.193
[56,    90] loss: 0.267
[56,   100] loss: 0.203
[56,   110] loss: 0.239
[56,   120] loss: 0.202
[56,   130] loss: 0.208
[56,   140] loss: 0.211
[56,   150] loss: 0.215
[56,   160] loss: 0.252
[56,   170] loss: 0.166
[56,   180] loss: 0.193
[56,   190] loss: 0.164
[56,   200] loss: 0.240
[56,   210] loss: 0.228
[56,   220] loss: 0.213
[56,   230] loss: 0.246
[56,   240] loss: 0.191
[56,   250] loss: 0.204
[56,   260] loss: 0.209
[56,   270] loss: 0.216
[56,   280] loss: 0.269
[56,   290] loss: 0.240
[56,   300] loss: 0.209
[56,   310] loss: 0.179
[56,   320] loss: 0.177
[56,   330] loss: 0.245
[56,   340] loss: 0.235
[56,   350] loss: 0.192
[56,   360] loss: 0.257
[56,   370] loss: 0.172
[56,   380] loss: 0.229
[56,   390] loss: 0.199
[56,   400] loss: 0.227
VALIDATION loss: 3.329704761505127
[57,    10] loss: 0.203
[57,    20] loss: 0.193
[57,    30] loss: 0.245
[57,    40] loss: 0.228
[57,    50] loss: 0.183
[57,    60] loss: 0.226
[57,    70] loss: 0.239
[57,    80] loss: 0.216
[57,    90] loss: 0.224
[57,   100] loss: 0.188
[57,   110] loss: 0.204
[57,   120] loss: 0.183
[57,   130] loss: 0.298
[57,   140] loss: 0.214
[57,   150] loss: 0.184
[57,   160] loss: 0.212
[57,   170] loss: 0.193
[57,   180] loss: 0.213
[57,   190] loss: 0.234
[57,   200] loss: 0.204
[57,   210] loss: 0.216
[57,   220] loss: 0.194
[57,   230] loss: 0.194
[57,   240] loss: 0.199
[57,   250] loss: 0.220
[57,   260] loss: 0.210
[57,   270] loss: 0.194
[57,   280] loss: 0.176
[57,   290] loss: 0.189
[57,   300] loss: 0.201
[57,   310] loss: 0.268
[57,   320] loss: 0.200
[57,   330] loss: 0.211
[57,   340] loss: 0.165
[57,   350] loss: 0.214
[57,   360] loss: 0.192
[57,   370] loss: 0.210
[57,   380] loss: 0.185
[57,   390] loss: 0.219
[57,   400] loss: 0.205
VALIDATION loss: 0.2261015623807907
[58,    10] loss: 0.219
[58,    20] loss: 0.205
[58,    30] loss: 0.179
[58,    40] loss: 0.211
[58,    50] loss: 0.232
[58,    60] loss: 0.211
[58,    70] loss: 0.194
[58,    80] loss: 0.274
[58,    90] loss: 0.241
[58,   100] loss: 0.237
[58,   110] loss: 0.222
[58,   120] loss: 0.219
[58,   130] loss: 0.211
[58,   140] loss: 0.182
[58,   150] loss: 0.197
[58,   160] loss: 0.209
[58,   170] loss: 0.188
[58,   180] loss: 0.187
[58,   190] loss: 0.178
[58,   200] loss: 0.211
[58,   210] loss: 0.222
[58,   220] loss: 0.236
[58,   230] loss: 0.250
[58,   240] loss: 0.218
[58,   250] loss: 0.184
[58,   260] loss: 0.218
[58,   270] loss: 0.190
[58,   280] loss: 0.205
[58,   290] loss: 0.220
[58,   300] loss: 0.214
[58,   310] loss: 0.253
[58,   320] loss: 0.242
[58,   330] loss: 0.186
[58,   340] loss: 0.173
[58,   350] loss: 0.203
[58,   360] loss: 0.200
[58,   370] loss: 0.206
[58,   380] loss: 0.194
[58,   390] loss: 0.222
[58,   400] loss: 0.225
VALIDATION loss: 0.27565380930900574
[59,    10] loss: 0.214
[59,    20] loss: 0.212
[59,    30] loss: 0.206
[59,    40] loss: 0.200
[59,    50] loss: 0.227
[59,    60] loss: 0.145
[59,    70] loss: 0.217
[59,    80] loss: 0.227
[59,    90] loss: 0.228
[59,   100] loss: 0.204
[59,   110] loss: 0.191
[59,   120] loss: 0.209
[59,   130] loss: 0.209
[59,   140] loss: 0.199
[59,   150] loss: 0.208
[59,   160] loss: 0.199
[59,   170] loss: 0.207
[59,   180] loss: 0.238
[59,   190] loss: 0.188
[59,   200] loss: 0.191
[59,   210] loss: 0.192
[59,   220] loss: 0.220
[59,   230] loss: 0.204
[59,   240] loss: 0.193
[59,   250] loss: 0.247
[59,   260] loss: 0.263
[59,   270] loss: 0.251
[59,   280] loss: 0.197
[59,   290] loss: 0.258
[59,   300] loss: 0.246
[59,   310] loss: 0.168
[59,   320] loss: 0.239
[59,   330] loss: 0.263
[59,   340] loss: 0.171
[59,   350] loss: 0.204
[59,   360] loss: 0.198
[59,   370] loss: 0.250
[59,   380] loss: 0.200
[59,   390] loss: 0.205
[59,   400] loss: 0.179
VALIDATION loss: 0.2744380831718445
[60,    10] loss: 0.183
[60,    20] loss: 0.265
[60,    30] loss: 0.210
[60,    40] loss: 0.217
[60,    50] loss: 0.129
[60,    60] loss: 0.244
[60,    70] loss: 0.181
[60,    80] loss: 0.170
[60,    90] loss: 0.223
[60,   100] loss: 0.167
[60,   110] loss: 0.187
[60,   120] loss: 0.148
[60,   130] loss: 0.177
[60,   140] loss: 0.196
[60,   150] loss: 0.179
[60,   160] loss: 0.208
[60,   170] loss: 0.206
[60,   180] loss: 0.214
[60,   190] loss: 0.174
[60,   200] loss: 0.237
[60,   210] loss: 0.198
[60,   220] loss: 0.227
[60,   230] loss: 0.218
[60,   240] loss: 0.199
[60,   250] loss: 0.202
[60,   260] loss: 0.207
[60,   270] loss: 0.205
[60,   280] loss: 0.233
[60,   290] loss: 0.215
[60,   300] loss: 0.239
[60,   310] loss: 0.276
[60,   320] loss: 0.265
[60,   330] loss: 0.164
[60,   340] loss: 0.187
[60,   350] loss: 0.252
[60,   360] loss: 0.173
[60,   370] loss: 0.160
[60,   380] loss: 0.280
[60,   390] loss: 0.277
[60,   400] loss: 0.186
VALIDATION loss: 0.541409432888031
[61,    10] loss: 0.159
[61,    20] loss: 0.234
[61,    30] loss: 0.209
[61,    40] loss: 0.208
[61,    50] loss: 0.181
[61,    60] loss: 0.189
[61,    70] loss: 0.198
[61,    80] loss: 0.198
[61,    90] loss: 0.250
[61,   100] loss: 0.138
[61,   110] loss: 0.199
[61,   120] loss: 0.220
[61,   130] loss: 0.178
[61,   140] loss: 0.207
[61,   150] loss: 0.273
[61,   160] loss: 0.245
[61,   170] loss: 0.182
[61,   180] loss: 0.154
[61,   190] loss: 0.197
[61,   200] loss: 0.178
[61,   210] loss: 0.169
[61,   220] loss: 0.213
[61,   230] loss: 0.218
[61,   240] loss: 0.203
[61,   250] loss: 0.195
[61,   260] loss: 0.192
[61,   270] loss: 0.266
[61,   280] loss: 0.184
[61,   290] loss: 0.166
[61,   300] loss: 0.181
[61,   310] loss: 0.231
[61,   320] loss: 0.198
[61,   330] loss: 0.216
[61,   340] loss: 0.245
[61,   350] loss: 0.188
[61,   360] loss: 0.298
[61,   370] loss: 0.240
[61,   380] loss: 0.222
[61,   390] loss: 0.217
[61,   400] loss: 0.231
VALIDATION loss: 0.21421925723552704
[62,    10] loss: 0.178
[62,    20] loss: 0.154
[62,    30] loss: 0.198
[62,    40] loss: 0.217
[62,    50] loss: 0.216
[62,    60] loss: 0.177
[62,    70] loss: 0.197
[62,    80] loss: 0.192
[62,    90] loss: 0.253
[62,   100] loss: 0.181
[62,   110] loss: 0.258
[62,   120] loss: 0.211
[62,   130] loss: 0.165
[62,   140] loss: 0.194
[62,   150] loss: 0.203
[62,   160] loss: 0.201
[62,   170] loss: 0.171
[62,   180] loss: 0.188
[62,   190] loss: 0.216
[62,   200] loss: 0.253
[62,   210] loss: 0.221
[62,   220] loss: 0.212
[62,   230] loss: 0.213
[62,   240] loss: 0.186
[62,   250] loss: 0.212
[62,   260] loss: 0.159
[62,   270] loss: 0.198
[62,   280] loss: 0.224
[62,   290] loss: 0.189
[62,   300] loss: 0.166
[62,   310] loss: 0.230
[62,   320] loss: 0.222
[62,   330] loss: 0.213
[62,   340] loss: 0.179
[62,   350] loss: 0.244
[62,   360] loss: 0.241
[62,   370] loss: 0.184
[62,   380] loss: 0.287
[62,   390] loss: 0.183
[62,   400] loss: 0.183
VALIDATION loss: 0.3103541135787964
[63,    10] loss: 0.244
[63,    20] loss: 0.202
[63,    30] loss: 0.204
[63,    40] loss: 0.161
[63,    50] loss: 0.224
[63,    60] loss: 0.185
[63,    70] loss: 0.174
[63,    80] loss: 0.232
[63,    90] loss: 0.237
[63,   100] loss: 0.206
[63,   110] loss: 0.154
[63,   120] loss: 0.215
[63,   130] loss: 0.173
[63,   140] loss: 0.179
[63,   150] loss: 0.178
[63,   160] loss: 0.206
[63,   170] loss: 0.182
[63,   180] loss: 0.203
[63,   190] loss: 0.222
[63,   200] loss: 0.223
[63,   210] loss: 0.210
[63,   220] loss: 0.166
[63,   230] loss: 0.186
[63,   240] loss: 0.181
[63,   250] loss: 0.161
[63,   260] loss: 0.177
[63,   270] loss: 0.219
[63,   280] loss: 0.178
[63,   290] loss: 0.193
[63,   300] loss: 0.191
[63,   310] loss: 0.208
[63,   320] loss: 0.234
[63,   330] loss: 0.188
[63,   340] loss: 0.183
[63,   350] loss: 0.205
[63,   360] loss: 0.217
[63,   370] loss: 0.204
[63,   380] loss: 0.192
[63,   390] loss: 0.236
[63,   400] loss: 0.200
VALIDATION loss: 0.24907216429710388
[64,    10] loss: 0.197
[64,    20] loss: 0.232
[64,    30] loss: 0.199
[64,    40] loss: 0.149
[64,    50] loss: 0.129
[64,    60] loss: 0.181
[64,    70] loss: 0.200
[64,    80] loss: 0.152
[64,    90] loss: 0.198
[64,   100] loss: 0.251
[64,   110] loss: 0.169
[64,   120] loss: 0.237
[64,   130] loss: 0.298
[64,   140] loss: 0.242
[64,   150] loss: 0.212
[64,   160] loss: 0.197
[64,   170] loss: 0.309
[64,   180] loss: 0.185
[64,   190] loss: 0.219
[64,   200] loss: 0.182
[64,   210] loss: 0.191
[64,   220] loss: 0.194
[64,   230] loss: 0.191
[64,   240] loss: 0.195
[64,   250] loss: 0.230
[64,   260] loss: 0.214
[64,   270] loss: 0.247
[64,   280] loss: 0.217
[64,   290] loss: 0.206
[64,   300] loss: 0.191
[64,   310] loss: 0.181
[64,   320] loss: 0.209
[64,   330] loss: 0.240
[64,   340] loss: 0.184
[64,   350] loss: 0.157
[64,   360] loss: 0.210
[64,   370] loss: 0.214
[64,   380] loss: 0.211
[64,   390] loss: 0.242
[64,   400] loss: 0.210
VALIDATION loss: 0.19900768995285034
[65,    10] loss: 0.226
[65,    20] loss: 0.205
[65,    30] loss: 0.196
[65,    40] loss: 0.152
[65,    50] loss: 0.176
[65,    60] loss: 0.194
[65,    70] loss: 0.211
[65,    80] loss: 0.200
[65,    90] loss: 0.235
[65,   100] loss: 0.225
[65,   110] loss: 0.130
[65,   120] loss: 0.203
[65,   130] loss: 0.180
[65,   140] loss: 0.199
[65,   150] loss: 0.183
[65,   160] loss: 0.256
[65,   170] loss: 0.183
[65,   180] loss: 0.181
[65,   190] loss: 0.208
[65,   200] loss: 0.210
[65,   210] loss: 0.202
[65,   220] loss: 0.158
[65,   230] loss: 0.214
[65,   240] loss: 0.177
[65,   250] loss: 0.158
[65,   260] loss: 0.210
[65,   270] loss: 0.244
[65,   280] loss: 0.201
[65,   290] loss: 0.184
[65,   300] loss: 0.180
[65,   310] loss: 0.211
[65,   320] loss: 0.232
[65,   330] loss: 0.197
[65,   340] loss: 0.175
[65,   350] loss: 0.215
[65,   360] loss: 0.194
[65,   370] loss: 0.170
[65,   380] loss: 0.181
[65,   390] loss: 0.190
[65,   400] loss: 0.201
VALIDATION loss: 0.5536823868751526
[66,    10] loss: 0.208
[66,    20] loss: 0.170
[66,    30] loss: 0.187
[66,    40] loss: 0.182
[66,    50] loss: 0.153
[66,    60] loss: 0.219
[66,    70] loss: 0.198
[66,    80] loss: 0.201
[66,    90] loss: 0.200
[66,   100] loss: 0.204
[66,   110] loss: 0.196
[66,   120] loss: 0.181
[66,   130] loss: 0.200
[66,   140] loss: 0.159
[66,   150] loss: 0.210
[66,   160] loss: 0.242
[66,   170] loss: 0.212
[66,   180] loss: 0.150
[66,   190] loss: 0.205
[66,   200] loss: 0.214
[66,   210] loss: 0.199
[66,   220] loss: 0.202
[66,   230] loss: 0.168
[66,   240] loss: 0.149
[66,   250] loss: 0.193
[66,   260] loss: 0.160
[66,   270] loss: 0.186
[66,   280] loss: 0.180
[66,   290] loss: 0.180
[66,   300] loss: 0.183
[66,   310] loss: 0.154
[66,   320] loss: 0.160
[66,   330] loss: 0.162
[66,   340] loss: 0.182
[66,   350] loss: 0.187
[66,   360] loss: 0.199
[66,   370] loss: 0.182
[66,   380] loss: 0.131
[66,   390] loss: 0.230
[66,   400] loss: 0.223
VALIDATION loss: 1.0637279748916626
[67,    10] loss: 0.206
[67,    20] loss: 0.210
[67,    30] loss: 0.231
[67,    40] loss: 0.189
[67,    50] loss: 0.231
[67,    60] loss: 0.224
[67,    70] loss: 0.202
[67,    80] loss: 0.219
[67,    90] loss: 0.174
[67,   100] loss: 0.168
[67,   110] loss: 0.201
[67,   120] loss: 0.184
[67,   130] loss: 0.161
[67,   140] loss: 0.188
[67,   150] loss: 0.177
[67,   160] loss: 0.175
[67,   170] loss: 0.170
[67,   180] loss: 0.200
[67,   190] loss: 0.196
[67,   200] loss: 0.177
[67,   210] loss: 0.182
[67,   220] loss: 0.182
[67,   230] loss: 0.188
[67,   240] loss: 0.191
[67,   250] loss: 0.262
[67,   260] loss: 0.194
[67,   270] loss: 0.201
[67,   280] loss: 0.213
[67,   290] loss: 0.161
[67,   300] loss: 0.169
[67,   310] loss: 0.189
[67,   320] loss: 0.192
[67,   330] loss: 0.169
[67,   340] loss: 0.215
[67,   350] loss: 0.161
[67,   360] loss: 0.193
[67,   370] loss: 0.182
[67,   380] loss: 0.199
[67,   390] loss: 0.230
[67,   400] loss: 0.190
VALIDATION loss: 0.33990293741226196
[68,    10] loss: 0.173
[68,    20] loss: 0.184
[68,    30] loss: 0.194
[68,    40] loss: 0.169
[68,    50] loss: 0.184
[68,    60] loss: 0.209
[68,    70] loss: 0.139
[68,    80] loss: 0.173
[68,    90] loss: 0.165
[68,   100] loss: 0.208
[68,   110] loss: 0.196
[68,   120] loss: 0.209
[68,   130] loss: 0.221
[68,   140] loss: 0.213
[68,   150] loss: 0.211
[68,   160] loss: 0.157
[68,   170] loss: 0.247
[68,   180] loss: 0.211
[68,   190] loss: 0.181
[68,   200] loss: 0.197
[68,   210] loss: 0.182
[68,   220] loss: 0.174
[68,   230] loss: 0.210
[68,   240] loss: 0.172
[68,   250] loss: 0.173
[68,   260] loss: 0.201
[68,   270] loss: 0.185
[68,   280] loss: 0.148
[68,   290] loss: 0.188
[68,   300] loss: 0.197
[68,   310] loss: 0.189
[68,   320] loss: 0.196
[68,   330] loss: 0.187
[68,   340] loss: 0.199
[68,   350] loss: 0.218
[68,   360] loss: 0.218
[68,   370] loss: 0.187
[68,   380] loss: 0.187
[68,   390] loss: 0.192
[68,   400] loss: 0.200
VALIDATION loss: 0.19277751445770264
[69,    10] loss: 0.199
[69,    20] loss: 0.192
[69,    30] loss: 0.144
[69,    40] loss: 0.175
[69,    50] loss: 0.177
[69,    60] loss: 0.205
[69,    70] loss: 0.197
[69,    80] loss: 0.201
[69,    90] loss: 0.172
[69,   100] loss: 0.207
[69,   110] loss: 0.203
[69,   120] loss: 0.204
[69,   130] loss: 0.204
[69,   140] loss: 0.142
[69,   150] loss: 0.200
[69,   160] loss: 0.154
[69,   170] loss: 0.172
[69,   180] loss: 0.175
[69,   190] loss: 0.183
[69,   200] loss: 0.160
[69,   210] loss: 0.181
[69,   220] loss: 0.219
[69,   230] loss: 0.214
[69,   240] loss: 0.165
[69,   250] loss: 0.222
[69,   260] loss: 0.205
[69,   270] loss: 0.181
[69,   280] loss: 0.186
[69,   290] loss: 0.174
[69,   300] loss: 0.123
[69,   310] loss: 0.149
[69,   320] loss: 0.205
[69,   330] loss: 0.202
[69,   340] loss: 0.176
[69,   350] loss: 0.185
[69,   360] loss: 0.226
[69,   370] loss: 0.194
[69,   380] loss: 0.214
[69,   390] loss: 0.215
[69,   400] loss: 0.202
VALIDATION loss: 0.2757481634616852
[70,    10] loss: 0.194
[70,    20] loss: 0.232
[70,    30] loss: 0.233
[70,    40] loss: 0.244
[70,    50] loss: 0.207
[70,    60] loss: 0.219
[70,    70] loss: 0.267
[70,    80] loss: 0.207
[70,    90] loss: 0.218
[70,   100] loss: 0.192
[70,   110] loss: 0.173
[70,   120] loss: 0.210
[70,   130] loss: 0.177
[70,   140] loss: 0.202
[70,   150] loss: 0.222
[70,   160] loss: 0.168
[70,   170] loss: 0.204
[70,   180] loss: 0.148
[70,   190] loss: 0.223
[70,   200] loss: 0.167
[70,   210] loss: 0.185
[70,   220] loss: 0.213
[70,   230] loss: 0.177
[70,   240] loss: 0.157
[70,   250] loss: 0.205
[70,   260] loss: 0.157
[70,   270] loss: 0.171
[70,   280] loss: 0.201
[70,   290] loss: 0.155
[70,   300] loss: 0.177
[70,   310] loss: 0.182
[70,   320] loss: 0.255
[70,   330] loss: 0.151
[70,   340] loss: 0.152
[70,   350] loss: 0.188
[70,   360] loss: 0.183
[70,   370] loss: 0.177
[70,   380] loss: 0.213
[70,   390] loss: 0.166
[70,   400] loss: 0.122
VALIDATION loss: 0.16652314364910126
[71,    10] loss: 0.196
[71,    20] loss: 0.181
[71,    30] loss: 0.198
[71,    40] loss: 0.186
[71,    50] loss: 0.174
[71,    60] loss: 0.198
[71,    70] loss: 0.265
[71,    80] loss: 0.146
[71,    90] loss: 0.161
[71,   100] loss: 0.200
[71,   110] loss: 0.215
[71,   120] loss: 0.152
[71,   130] loss: 0.168
[71,   140] loss: 0.217
[71,   150] loss: 0.194
[71,   160] loss: 0.171
[71,   170] loss: 0.180
[71,   180] loss: 0.142
[71,   190] loss: 0.159
[71,   200] loss: 0.237
[71,   210] loss: 0.199
[71,   220] loss: 0.182
[71,   230] loss: 0.221
[71,   240] loss: 0.204
[71,   250] loss: 0.272
[71,   260] loss: 0.198
[71,   270] loss: 0.138
[71,   280] loss: 0.179
[71,   290] loss: 0.241
[71,   300] loss: 0.263
[71,   310] loss: 0.201
[71,   320] loss: 0.201
[71,   330] loss: 0.176
[71,   340] loss: 0.158
[71,   350] loss: 0.222
[71,   360] loss: 0.148
[71,   370] loss: 0.147
[71,   380] loss: 0.270
[71,   390] loss: 0.176
[71,   400] loss: 0.254
VALIDATION loss: 0.6692264676094055
[72,    10] loss: 0.190
[72,    20] loss: 0.171
[72,    30] loss: 0.165
[72,    40] loss: 0.196
[72,    50] loss: 0.203
[72,    60] loss: 0.207
[72,    70] loss: 0.190
[72,    80] loss: 0.210
[72,    90] loss: 0.180
[72,   100] loss: 0.190
[72,   110] loss: 0.215
[72,   120] loss: 0.190
[72,   130] loss: 0.197
[72,   140] loss: 0.182
[72,   150] loss: 0.182
[72,   160] loss: 0.188
[72,   170] loss: 0.174
[72,   180] loss: 0.162
[72,   190] loss: 0.175
[72,   200] loss: 0.179
[72,   210] loss: 0.208
[72,   220] loss: 0.171
[72,   230] loss: 0.210
[72,   240] loss: 0.153
[72,   250] loss: 0.154
[72,   260] loss: 0.174
[72,   270] loss: 0.189
[72,   280] loss: 0.221
[72,   290] loss: 0.157
[72,   300] loss: 0.180
[72,   310] loss: 0.194
[72,   320] loss: 0.185
[72,   330] loss: 0.170
[72,   340] loss: 0.152
[72,   350] loss: 0.175
[72,   360] loss: 0.147
[72,   370] loss: 0.229
[72,   380] loss: 0.218
[72,   390] loss: 0.173
[72,   400] loss: 0.175
VALIDATION loss: 0.21613258123397827
[73,    10] loss: 0.202
[73,    20] loss: 0.158
[73,    30] loss: 0.169
[73,    40] loss: 0.180
[73,    50] loss: 0.172
[73,    60] loss: 0.167
[73,    70] loss: 0.157
[73,    80] loss: 0.258
[73,    90] loss: 0.244
[73,   100] loss: 0.184
[73,   110] loss: 0.211
[73,   120] loss: 0.185
[73,   130] loss: 0.296
[73,   140] loss: 0.248
[73,   150] loss: 0.158
[73,   160] loss: 0.177
[73,   170] loss: 0.209
[73,   180] loss: 0.236
[73,   190] loss: 0.164
[73,   200] loss: 0.197
[73,   210] loss: 0.178
[73,   220] loss: 0.205
[73,   230] loss: 0.204
[73,   240] loss: 0.157
[73,   250] loss: 0.159
[73,   260] loss: 0.167
[73,   270] loss: 0.192
[73,   280] loss: 0.134
[73,   290] loss: 0.165
[73,   300] loss: 0.151
[73,   310] loss: 0.175
[73,   320] loss: 0.217
[73,   330] loss: 0.199
[73,   340] loss: 0.167
[73,   350] loss: 0.148
[73,   360] loss: 0.188
[73,   370] loss: 0.191
[73,   380] loss: 0.227
[73,   390] loss: 0.192
[73,   400] loss: 0.159
VALIDATION loss: 0.40702491998672485
[74,    10] loss: 0.220
[74,    20] loss: 0.196
[74,    30] loss: 0.157
[74,    40] loss: 0.136
[74,    50] loss: 0.181
[74,    60] loss: 0.198
[74,    70] loss: 0.179
[74,    80] loss: 0.169
[74,    90] loss: 0.168
[74,   100] loss: 0.187
[74,   110] loss: 0.172
[74,   120] loss: 0.175
[74,   130] loss: 0.197
[74,   140] loss: 0.187
[74,   150] loss: 0.187
[74,   160] loss: 0.169
[74,   170] loss: 0.174
[74,   180] loss: 0.194
[74,   190] loss: 0.170
[74,   200] loss: 0.189
[74,   210] loss: 0.217
[74,   220] loss: 0.186
[74,   230] loss: 0.129
[74,   240] loss: 0.158
[74,   250] loss: 0.185
[74,   260] loss: 0.191
[74,   270] loss: 0.201
[74,   280] loss: 0.189
[74,   290] loss: 0.221
[74,   300] loss: 0.192
[74,   310] loss: 0.214
[74,   320] loss: 0.233
[74,   330] loss: 0.198
[74,   340] loss: 0.216
[74,   350] loss: 0.183
[74,   360] loss: 0.163
[74,   370] loss: 0.173
[74,   380] loss: 0.171
[74,   390] loss: 0.207
[74,   400] loss: 0.178
VALIDATION loss: 0.21641571819782257
[75,    10] loss: 0.151
[75,    20] loss: 0.154
[75,    30] loss: 0.147
[75,    40] loss: 0.189
[75,    50] loss: 0.132
[75,    60] loss: 0.139
[75,    70] loss: 0.187
[75,    80] loss: 0.202
[75,    90] loss: 0.200
[75,   100] loss: 0.181
[75,   110] loss: 0.158
[75,   120] loss: 0.168
[75,   130] loss: 0.157
[75,   140] loss: 0.179
[75,   150] loss: 0.168
[75,   160] loss: 0.178
[75,   170] loss: 0.184
[75,   180] loss: 0.187
[75,   190] loss: 0.181
[75,   200] loss: 0.194
[75,   210] loss: 0.196
[75,   220] loss: 0.177
[75,   230] loss: 0.219
[75,   240] loss: 0.170
[75,   250] loss: 0.154
[75,   260] loss: 0.206
[75,   270] loss: 0.243
[75,   280] loss: 0.160
[75,   290] loss: 0.162
[75,   300] loss: 0.207
[75,   310] loss: 0.222
[75,   320] loss: 0.198
[75,   330] loss: 0.171
[75,   340] loss: 0.187
[75,   350] loss: 0.224
[75,   360] loss: 0.148
[75,   370] loss: 0.197
[75,   380] loss: 0.206
[75,   390] loss: 0.148
[75,   400] loss: 0.192
VALIDATION loss: 0.1833726465702057
[76,    10] loss: 0.204
[76,    20] loss: 0.166
[76,    30] loss: 0.183
[76,    40] loss: 0.223
[76,    50] loss: 0.141
[76,    60] loss: 0.155
[76,    70] loss: 0.193
[76,    80] loss: 0.140
[76,    90] loss: 0.169
[76,   100] loss: 0.182
[76,   110] loss: 0.188
[76,   120] loss: 0.175
[76,   130] loss: 0.142
[76,   140] loss: 0.185
[76,   150] loss: 0.111
[76,   160] loss: 0.233
[76,   170] loss: 0.158
[76,   180] loss: 0.173
[76,   190] loss: 0.186
[76,   200] loss: 0.190
[76,   210] loss: 0.142
[76,   220] loss: 0.206
[76,   230] loss: 0.168
[76,   240] loss: 0.210
[76,   250] loss: 0.171
[76,   260] loss: 0.205
[76,   270] loss: 0.131
[76,   280] loss: 0.166
[76,   290] loss: 0.206
[76,   300] loss: 0.185
[76,   310] loss: 0.163
[76,   320] loss: 0.179
[76,   330] loss: 0.181
[76,   340] loss: 0.214
[76,   350] loss: 0.193
[76,   360] loss: 0.183
[76,   370] loss: 0.167
[76,   380] loss: 0.141
[76,   390] loss: 0.154
[76,   400] loss: 0.194
VALIDATION loss: 0.23655885457992554
[77,    10] loss: 0.168
[77,    20] loss: 0.162
[77,    30] loss: 0.172
[77,    40] loss: 0.114
[77,    50] loss: 0.195
[77,    60] loss: 0.159
[77,    70] loss: 0.170
[77,    80] loss: 0.157
[77,    90] loss: 0.202
[77,   100] loss: 0.190
[77,   110] loss: 0.158
[77,   120] loss: 0.202
[77,   130] loss: 0.172
[77,   140] loss: 0.180
[77,   150] loss: 0.165
[77,   160] loss: 0.197
[77,   170] loss: 0.141
[77,   180] loss: 0.195
[77,   190] loss: 0.191
[77,   200] loss: 0.163
[77,   210] loss: 0.189
[77,   220] loss: 0.210
[77,   230] loss: 0.159
[77,   240] loss: 0.200
[77,   250] loss: 0.151
[77,   260] loss: 0.181
[77,   270] loss: 0.179
[77,   280] loss: 0.203
[77,   290] loss: 0.168
[77,   300] loss: 0.195
[77,   310] loss: 0.178
[77,   320] loss: 0.205
[77,   330] loss: 0.205
[77,   340] loss: 0.191
[77,   350] loss: 0.145
[77,   360] loss: 0.175
[77,   370] loss: 0.154
[77,   380] loss: 0.157
[77,   390] loss: 0.166
[77,   400] loss: 0.179
VALIDATION loss: 1.3215360641479492
[78,    10] loss: 0.167
[78,    20] loss: 0.196
[78,    30] loss: 0.211
[78,    40] loss: 0.194
[78,    50] loss: 0.166
[78,    60] loss: 0.152
[78,    70] loss: 0.182
[78,    80] loss: 0.216
[78,    90] loss: 0.148
[78,   100] loss: 0.154
[78,   110] loss: 0.154
[78,   120] loss: 0.158
[78,   130] loss: 0.184
[78,   140] loss: 0.170
[78,   150] loss: 0.150
[78,   160] loss: 0.195
[78,   170] loss: 0.193
[78,   180] loss: 0.176
[78,   190] loss: 0.157
[78,   200] loss: 0.165
[78,   210] loss: 0.155
[78,   220] loss: 0.226
[78,   230] loss: 0.176
[78,   240] loss: 0.166
[78,   250] loss: 0.132
[78,   260] loss: 0.190
[78,   270] loss: 0.148
[78,   280] loss: 0.155
[78,   290] loss: 0.191
[78,   300] loss: 0.202
[78,   310] loss: 0.178
[78,   320] loss: 0.181
[78,   330] loss: 0.110
[78,   340] loss: 0.176
[78,   350] loss: 0.157
[78,   360] loss: 0.158
[78,   370] loss: 0.183
[78,   380] loss: 0.163
[78,   390] loss: 0.162
[78,   400] loss: 0.180
VALIDATION loss: 0.1791827529668808
[79,    10] loss: 0.229
[79,    20] loss: 0.182
[79,    30] loss: 0.215
[79,    40] loss: 0.128
[79,    50] loss: 0.135
[79,    60] loss: 0.199
[79,    70] loss: 0.192
[79,    80] loss: 0.168
[79,    90] loss: 0.181
[79,   100] loss: 0.139
[79,   110] loss: 0.190
[79,   120] loss: 0.157
[79,   130] loss: 0.158
[79,   140] loss: 0.172
[79,   150] loss: 0.182
[79,   160] loss: 0.153
[79,   170] loss: 0.154
[79,   180] loss: 0.234
[79,   190] loss: 0.140
[79,   200] loss: 0.210
[79,   210] loss: 0.202
[79,   220] loss: 0.172
[79,   230] loss: 0.200
[79,   240] loss: 0.196
[79,   250] loss: 0.142
[79,   260] loss: 0.199
[79,   270] loss: 0.225
[79,   280] loss: 0.183
[79,   290] loss: 0.166
[79,   300] loss: 0.126
[79,   310] loss: 0.202
[79,   320] loss: 0.166
[79,   330] loss: 0.210
[79,   340] loss: 0.143
[79,   350] loss: 0.203
[79,   360] loss: 0.193
[79,   370] loss: 0.192
[79,   380] loss: 0.189
[79,   390] loss: 0.188
[79,   400] loss: 0.134
VALIDATION loss: 0.26943445205688477
[80,    10] loss: 0.175
[80,    20] loss: 0.163
[80,    30] loss: 0.210
[80,    40] loss: 0.180
[80,    50] loss: 0.174
[80,    60] loss: 0.191
[80,    70] loss: 0.179
[80,    80] loss: 0.155
[80,    90] loss: 0.132
[80,   100] loss: 0.106
[80,   110] loss: 0.145
[80,   120] loss: 0.205
[80,   130] loss: 0.145
[80,   140] loss: 0.201
[80,   150] loss: 0.192
[80,   160] loss: 0.138
[80,   170] loss: 0.185
[80,   180] loss: 0.176
[80,   190] loss: 0.199
[80,   200] loss: 0.135
[80,   210] loss: 0.167
[80,   220] loss: 0.165
[80,   230] loss: 0.190
[80,   240] loss: 0.170
[80,   250] loss: 0.171
[80,   260] loss: 0.160
[80,   270] loss: 0.160
[80,   280] loss: 0.182
[80,   290] loss: 0.196
[80,   300] loss: 0.174
[80,   310] loss: 0.155
[80,   320] loss: 0.199
[80,   330] loss: 0.193
[80,   340] loss: 0.160
[80,   350] loss: 0.173
[80,   360] loss: 0.159
[80,   370] loss: 0.181
[80,   380] loss: 0.170
[80,   390] loss: 0.181
[80,   400] loss: 0.166
VALIDATION loss: 0.18697410821914673
[81,    10] loss: 0.196
[81,    20] loss: 0.162
[81,    30] loss: 0.171
[81,    40] loss: 0.190
[81,    50] loss: 0.193
[81,    60] loss: 0.165
[81,    70] loss: 0.168
[81,    80] loss: 0.165
[81,    90] loss: 0.168
[81,   100] loss: 0.176
[81,   110] loss: 0.175
[81,   120] loss: 0.165
[81,   130] loss: 0.165
[81,   140] loss: 0.208
[81,   150] loss: 0.163
[81,   160] loss: 0.181
[81,   170] loss: 0.151
[81,   180] loss: 0.138
[81,   190] loss: 0.155
[81,   200] loss: 0.187
[81,   210] loss: 0.209
[81,   220] loss: 0.159
[81,   230] loss: 0.172
[81,   240] loss: 0.164
[81,   250] loss: 0.183
[81,   260] loss: 0.171
[81,   270] loss: 0.151
[81,   280] loss: 0.157
[81,   290] loss: 0.152
[81,   300] loss: 0.149
[81,   310] loss: 0.135
[81,   320] loss: 0.210
[81,   330] loss: 0.168
[81,   340] loss: 0.240
[81,   350] loss: 0.154
[81,   360] loss: 0.179
[81,   370] loss: 0.156
[81,   380] loss: 0.119
[81,   390] loss: 0.169
[81,   400] loss: 0.187
VALIDATION loss: 0.19317035377025604
[82,    10] loss: 0.206
[82,    20] loss: 0.156
[82,    30] loss: 0.152
[82,    40] loss: 0.171
[82,    50] loss: 0.151
[82,    60] loss: 0.175
[82,    70] loss: 0.208
[82,    80] loss: 0.175
[82,    90] loss: 0.149
[82,   100] loss: 0.147
[82,   110] loss: 0.148
[82,   120] loss: 0.188
[82,   130] loss: 0.187
[82,   140] loss: 0.155
[82,   150] loss: 0.149
[82,   160] loss: 0.184
[82,   170] loss: 0.155
[82,   180] loss: 0.149
[82,   190] loss: 0.162
[82,   200] loss: 0.237
[82,   210] loss: 0.152
[82,   220] loss: 0.204
[82,   230] loss: 0.147
[82,   240] loss: 0.196
[82,   250] loss: 0.163
[82,   260] loss: 0.170
[82,   270] loss: 0.137
[82,   280] loss: 0.183
[82,   290] loss: 0.226
[82,   300] loss: 0.171
[82,   310] loss: 0.168
[82,   320] loss: 0.138
[82,   330] loss: 0.181
[82,   340] loss: 0.188
[82,   350] loss: 0.178
[82,   360] loss: 0.173
[82,   370] loss: 0.201
[82,   380] loss: 0.169
[82,   390] loss: 0.157
[82,   400] loss: 0.192
VALIDATION loss: 0.19285298883914948
[83,    10] loss: 0.174
[83,    20] loss: 0.208
[83,    30] loss: 0.150
[83,    40] loss: 0.164
[83,    50] loss: 0.217
[83,    60] loss: 0.168
[83,    70] loss: 0.182
[83,    80] loss: 0.156
[83,    90] loss: 0.184
[83,   100] loss: 0.142
[83,   110] loss: 0.113
[83,   120] loss: 0.152
[83,   130] loss: 0.145
[83,   140] loss: 0.190
[83,   150] loss: 0.150
[83,   160] loss: 0.148
[83,   170] loss: 0.170
[83,   180] loss: 0.212
[83,   190] loss: 0.172
[83,   200] loss: 0.203
[83,   210] loss: 0.153
[83,   220] loss: 0.203
[83,   230] loss: 0.128
[83,   240] loss: 0.140
[83,   250] loss: 0.168
[83,   260] loss: 0.204
[83,   270] loss: 0.157
[83,   280] loss: 0.187
[83,   290] loss: 0.158
[83,   300] loss: 0.154
[83,   310] loss: 0.124
[83,   320] loss: 0.193
[83,   330] loss: 0.188
[83,   340] loss: 0.163
[83,   350] loss: 0.185
[83,   360] loss: 0.143
[83,   370] loss: 0.166
[83,   380] loss: 0.187
[83,   390] loss: 0.167
[83,   400] loss: 0.180
VALIDATION loss: 0.2995898723602295
[84,    10] loss: 0.164
[84,    20] loss: 0.173
[84,    30] loss: 0.176
[84,    40] loss: 0.155
[84,    50] loss: 0.194
[84,    60] loss: 0.148
[84,    70] loss: 0.190
[84,    80] loss: 0.170
[84,    90] loss: 0.131
[84,   100] loss: 0.163
[84,   110] loss: 0.181
[84,   120] loss: 0.191
[84,   130] loss: 0.174
[84,   140] loss: 0.139
[84,   150] loss: 0.177
[84,   160] loss: 0.125
[84,   170] loss: 0.151
[84,   180] loss: 0.178
[84,   190] loss: 0.171
[84,   200] loss: 0.144
[84,   210] loss: 0.194
[84,   220] loss: 0.136
[84,   230] loss: 0.197
[84,   240] loss: 0.173
[84,   250] loss: 0.164
[84,   260] loss: 0.199
[84,   270] loss: 0.253
[84,   280] loss: 0.198
[84,   290] loss: 0.125
[84,   300] loss: 0.200
[84,   310] loss: 0.170
[84,   320] loss: 0.165
[84,   330] loss: 0.182
[84,   340] loss: 0.213
[84,   350] loss: 0.166
[84,   360] loss: 0.218
[84,   370] loss: 0.158
[84,   380] loss: 0.178
[84,   390] loss: 0.132
[84,   400] loss: 0.131
VALIDATION loss: 0.1606287956237793
[85,    10] loss: 0.151
[85,    20] loss: 0.176
[85,    30] loss: 0.178
[85,    40] loss: 0.134
[85,    50] loss: 0.203
[85,    60] loss: 0.148
[85,    70] loss: 0.163
[85,    80] loss: 0.148
[85,    90] loss: 0.173
[85,   100] loss: 0.221
[85,   110] loss: 0.152
[85,   120] loss: 0.151
[85,   130] loss: 0.157
[85,   140] loss: 0.158
[85,   150] loss: 0.123
[85,   160] loss: 0.134
[85,   170] loss: 0.179
[85,   180] loss: 0.225
[85,   190] loss: 0.165
[85,   200] loss: 0.185
[85,   210] loss: 0.181
[85,   220] loss: 0.228
[85,   230] loss: 0.171
[85,   240] loss: 0.171
[85,   250] loss: 0.202
[85,   260] loss: 0.165
[85,   270] loss: 0.173
[85,   280] loss: 0.122
[85,   290] loss: 0.144
[85,   300] loss: 0.163
[85,   310] loss: 0.155
[85,   320] loss: 0.211
[85,   330] loss: 0.121
[85,   340] loss: 0.162
[85,   350] loss: 0.149
[85,   360] loss: 0.133
[85,   370] loss: 0.178
[85,   380] loss: 0.158
[85,   390] loss: 0.158
[85,   400] loss: 0.153
VALIDATION loss: 0.18344296514987946
[86,    10] loss: 0.147
[86,    20] loss: 0.147
[86,    30] loss: 0.193
[86,    40] loss: 0.161
[86,    50] loss: 0.170
[86,    60] loss: 0.192
[86,    70] loss: 0.193
[86,    80] loss: 0.159
[86,    90] loss: 0.151
[86,   100] loss: 0.160
[86,   110] loss: 0.195
[86,   120] loss: 0.239
[86,   130] loss: 0.178
[86,   140] loss: 0.182
[86,   150] loss: 0.178
[86,   160] loss: 0.160
[86,   170] loss: 0.159
[86,   180] loss: 0.150
[86,   190] loss: 0.155
[86,   200] loss: 0.157
[86,   210] loss: 0.162
[86,   220] loss: 0.154
[86,   230] loss: 0.168
[86,   240] loss: 0.165
[86,   250] loss: 0.167
[86,   260] loss: 0.160
[86,   270] loss: 0.185
[86,   280] loss: 0.166
[86,   290] loss: 0.137
[86,   300] loss: 0.160
[86,   310] loss: 0.159
[86,   320] loss: 0.177
[86,   330] loss: 0.187
[86,   340] loss: 0.153
[86,   350] loss: 0.157
[86,   360] loss: 0.179
[86,   370] loss: 0.145
[86,   380] loss: 0.151
[86,   390] loss: 0.205
[86,   400] loss: 0.139
VALIDATION loss: 1.3567297458648682
[87,    10] loss: 0.155
[87,    20] loss: 0.191
[87,    30] loss: 0.149
[87,    40] loss: 0.152
[87,    50] loss: 0.187
[87,    60] loss: 0.152
[87,    70] loss: 0.163
[87,    80] loss: 0.181
[87,    90] loss: 0.161
[87,   100] loss: 0.149
[87,   110] loss: 0.156
[87,   120] loss: 0.156
[87,   130] loss: 0.132
[87,   140] loss: 0.174
[87,   150] loss: 0.131
[87,   160] loss: 0.183
[87,   170] loss: 0.194
[87,   180] loss: 0.160
[87,   190] loss: 0.175
[87,   200] loss: 0.203
[87,   210] loss: 0.176
[87,   220] loss: 0.152
[87,   230] loss: 0.137
[87,   240] loss: 0.128
[87,   250] loss: 0.158
[87,   260] loss: 0.179
[87,   270] loss: 0.171
[87,   280] loss: 0.197
[87,   290] loss: 0.165
[87,   300] loss: 0.148
[87,   310] loss: 0.218
[87,   320] loss: 0.144
[87,   330] loss: 0.177
[87,   340] loss: 0.154
[87,   350] loss: 0.176
[87,   360] loss: 0.159
[87,   370] loss: 0.140
[87,   380] loss: 0.149
[87,   390] loss: 0.144
[87,   400] loss: 0.157
VALIDATION loss: 0.15455643832683563
[88,    10] loss: 0.163
[88,    20] loss: 0.165
[88,    30] loss: 0.171
[88,    40] loss: 0.150
[88,    50] loss: 0.132
[88,    60] loss: 0.149
[88,    70] loss: 0.118
[88,    80] loss: 0.155
[88,    90] loss: 0.139
[88,   100] loss: 0.194
[88,   110] loss: 0.168
[88,   120] loss: 0.113
[88,   130] loss: 0.118
[88,   140] loss: 0.140
[88,   150] loss: 0.167
[88,   160] loss: 0.146
[88,   170] loss: 0.209
[88,   180] loss: 0.143
[88,   190] loss: 0.152
[88,   200] loss: 0.161
[88,   210] loss: 0.155
[88,   220] loss: 0.132
[88,   230] loss: 0.207
[88,   240] loss: 0.177
[88,   250] loss: 0.157
[88,   260] loss: 0.164
[88,   270] loss: 0.146
[88,   280] loss: 0.159
[88,   290] loss: 0.156
[88,   300] loss: 0.194
[88,   310] loss: 0.170
[88,   320] loss: 0.159
[88,   330] loss: 0.151
[88,   340] loss: 0.130
[88,   350] loss: 0.164
[88,   360] loss: 0.165
[88,   370] loss: 0.166
[88,   380] loss: 0.185
[88,   390] loss: 0.167
[88,   400] loss: 0.152
VALIDATION loss: 4.971689224243164
[89,    10] loss: 0.186
[89,    20] loss: 0.216
[89,    30] loss: 0.181
[89,    40] loss: 0.128
[89,    50] loss: 0.225
[89,    60] loss: 0.165
[89,    70] loss: 0.184
[89,    80] loss: 0.131
[89,    90] loss: 0.197
[89,   100] loss: 0.172
[89,   110] loss: 0.184
[89,   120] loss: 0.170
[89,   130] loss: 0.184
[89,   140] loss: 0.155
[89,   150] loss: 0.143
[89,   160] loss: 0.149
[89,   170] loss: 0.181
[89,   180] loss: 0.157
[89,   190] loss: 0.124
[89,   200] loss: 0.154
[89,   210] loss: 0.206
[89,   220] loss: 0.164
[89,   230] loss: 0.159
[89,   240] loss: 0.159
[89,   250] loss: 0.144
[89,   260] loss: 0.144
[89,   270] loss: 0.196
[89,   280] loss: 0.191
[89,   290] loss: 0.183
[89,   300] loss: 0.173
[89,   310] loss: 0.176
[89,   320] loss: 0.162
[89,   330] loss: 0.140
[89,   340] loss: 0.117
[89,   350] loss: 0.127
[89,   360] loss: 0.167
[89,   370] loss: 0.176
[89,   380] loss: 0.165
[89,   390] loss: 0.132
[89,   400] loss: 0.121
VALIDATION loss: 0.3148537874221802
[90,    10] loss: 0.132
[90,    20] loss: 0.161
[90,    30] loss: 0.158
[90,    40] loss: 0.142
[90,    50] loss: 0.142
[90,    60] loss: 0.146
[90,    70] loss: 0.208
[90,    80] loss: 0.139
[90,    90] loss: 0.168
[90,   100] loss: 0.152
[90,   110] loss: 0.175
[90,   120] loss: 0.124
[90,   130] loss: 0.177
[90,   140] loss: 0.135
[90,   150] loss: 0.194
[90,   160] loss: 0.186
[90,   170] loss: 0.176
[90,   180] loss: 0.173
[90,   190] loss: 0.167
[90,   200] loss: 0.172
[90,   210] loss: 0.162
[90,   220] loss: 0.119
[90,   230] loss: 0.187
[90,   240] loss: 0.222
[90,   250] loss: 0.177
[90,   260] loss: 0.178
[90,   270] loss: 0.160
[90,   280] loss: 0.142
[90,   290] loss: 0.191
[90,   300] loss: 0.153
[90,   310] loss: 0.166
[90,   320] loss: 0.145
[90,   330] loss: 0.159
[90,   340] loss: 0.173
[90,   350] loss: 0.198
[90,   360] loss: 0.146
[90,   370] loss: 0.140
[90,   380] loss: 0.153
[90,   390] loss: 0.116
[90,   400] loss: 0.172
VALIDATION loss: 0.8182860612869263
[91,    10] loss: 0.152
[91,    20] loss: 0.151
[91,    30] loss: 0.197
[91,    40] loss: 0.146
[91,    50] loss: 0.174
[91,    60] loss: 0.195
[91,    70] loss: 0.120
[91,    80] loss: 0.139
[91,    90] loss: 0.147
[91,   100] loss: 0.145
[91,   110] loss: 0.106
[91,   120] loss: 0.113
[91,   130] loss: 0.168
[91,   140] loss: 0.167
[91,   150] loss: 0.168
[91,   160] loss: 0.149
[91,   170] loss: 0.171
[91,   180] loss: 0.153
[91,   190] loss: 0.158
[91,   200] loss: 0.163
[91,   210] loss: 0.151
[91,   220] loss: 0.156
[91,   230] loss: 0.137
[91,   240] loss: 0.129
[91,   250] loss: 0.144
[91,   260] loss: 0.134
[91,   270] loss: 0.126
[91,   280] loss: 0.201
[91,   290] loss: 0.150
[91,   300] loss: 0.132
[91,   310] loss: 0.163
[91,   320] loss: 0.156
[91,   330] loss: 0.189
[91,   340] loss: 0.142
[91,   350] loss: 0.177
[91,   360] loss: 0.162
[91,   370] loss: 0.145
[91,   380] loss: 0.114
[91,   390] loss: 0.165
[91,   400] loss: 0.168
VALIDATION loss: 0.1652916967868805
[92,    10] loss: 0.197
[92,    20] loss: 0.188
[92,    30] loss: 0.152
[92,    40] loss: 0.147
[92,    50] loss: 0.150
[92,    60] loss: 0.169
[92,    70] loss: 0.140
[92,    80] loss: 0.198
[92,    90] loss: 0.168
[92,   100] loss: 0.154
[92,   110] loss: 0.160
[92,   120] loss: 0.195
[92,   130] loss: 0.174
[92,   140] loss: 0.132
[92,   150] loss: 0.198
[92,   160] loss: 0.155
[92,   170] loss: 0.171
[92,   180] loss: 0.150
[92,   190] loss: 0.137
[92,   200] loss: 0.123
[92,   210] loss: 0.187
[92,   220] loss: 0.200
[92,   230] loss: 0.156
[92,   240] loss: 0.165
[92,   250] loss: 0.178
[92,   260] loss: 0.164
[92,   270] loss: 0.152
[92,   280] loss: 0.151
[92,   290] loss: 0.149
[92,   300] loss: 0.107
[92,   310] loss: 0.170
[92,   320] loss: 0.156
[92,   330] loss: 0.170
[92,   340] loss: 0.195
[92,   350] loss: 0.161
[92,   360] loss: 0.140
[92,   370] loss: 0.155
[92,   380] loss: 0.169
[92,   390] loss: 0.189
[92,   400] loss: 0.150
VALIDATION loss: 0.7680513858795166
[93,    10] loss: 0.198
[93,    20] loss: 0.191
[93,    30] loss: 0.182
[93,    40] loss: 0.128
[93,    50] loss: 0.159
[93,    60] loss: 0.149
[93,    70] loss: 0.193
[93,    80] loss: 0.130
[93,    90] loss: 0.112
[93,   100] loss: 0.155
[93,   110] loss: 0.168
[93,   120] loss: 0.175
[93,   130] loss: 0.139
[93,   140] loss: 0.162
[93,   150] loss: 0.195
[93,   160] loss: 0.164
[93,   170] loss: 0.153
[93,   180] loss: 0.159
[93,   190] loss: 0.233
[93,   200] loss: 0.195
[93,   210] loss: 0.231
[93,   220] loss: 0.150
[93,   230] loss: 0.142
[93,   240] loss: 0.154
[93,   250] loss: 0.182
[93,   260] loss: 0.161
[93,   270] loss: 0.154
[93,   280] loss: 0.152
[93,   290] loss: 0.154
[93,   300] loss: 0.211
[93,   310] loss: 0.160
[93,   320] loss: 0.132
[93,   330] loss: 0.165
[93,   340] loss: 0.156
[93,   350] loss: 0.135
[93,   360] loss: 0.120
[93,   370] loss: 0.142
[93,   380] loss: 0.157
[93,   390] loss: 0.154
[93,   400] loss: 0.165
VALIDATION loss: 0.19257906079292297
[94,    10] loss: 0.157
[94,    20] loss: 0.145
[94,    30] loss: 0.140
[94,    40] loss: 0.148
[94,    50] loss: 0.217
[94,    60] loss: 0.156
[94,    70] loss: 0.152
[94,    80] loss: 0.155
[94,    90] loss: 0.151
[94,   100] loss: 0.160
[94,   110] loss: 0.131
[94,   120] loss: 0.130
[94,   130] loss: 0.140
[94,   140] loss: 0.147
[94,   150] loss: 0.131
[94,   160] loss: 0.186
[94,   170] loss: 0.143
[94,   180] loss: 0.149
[94,   190] loss: 0.155
[94,   200] loss: 0.154
[94,   210] loss: 0.166
[94,   220] loss: 0.211
[94,   230] loss: 0.123
[94,   240] loss: 0.148
[94,   250] loss: 0.126
[94,   260] loss: 0.166
[94,   270] loss: 0.152
[94,   280] loss: 0.118
[94,   290] loss: 0.134
[94,   300] loss: 0.136
[94,   310] loss: 0.152
[94,   320] loss: 0.164
[94,   330] loss: 0.175
[94,   340] loss: 0.148
[94,   350] loss: 0.152
[94,   360] loss: 0.159
[94,   370] loss: 0.168
[94,   380] loss: 0.162
[94,   390] loss: 0.179
[94,   400] loss: 0.124
VALIDATION loss: 0.3023715913295746
[95,    10] loss: 0.132
[95,    20] loss: 0.176
[95,    30] loss: 0.165
[95,    40] loss: 0.175
[95,    50] loss: 0.255
[95,    60] loss: 0.201
[95,    70] loss: 0.219
[95,    80] loss: 0.172
[95,    90] loss: 0.191
[95,   100] loss: 0.174
[95,   110] loss: 0.163
[95,   120] loss: 0.138
[95,   130] loss: 0.184
[95,   140] loss: 0.140
[95,   150] loss: 0.216
[95,   160] loss: 0.150
[95,   170] loss: 0.162
[95,   180] loss: 0.113
[95,   190] loss: 0.194
[95,   200] loss: 0.166
[95,   210] loss: 0.188
[95,   220] loss: 0.153
[95,   230] loss: 0.162
[95,   240] loss: 0.138
[95,   250] loss: 0.135
[95,   260] loss: 0.155
[95,   270] loss: 0.200
[95,   280] loss: 0.150
[95,   290] loss: 0.183
[95,   300] loss: 0.193
[95,   310] loss: 0.194
[95,   320] loss: 0.135
[95,   330] loss: 0.141
[95,   340] loss: 0.161
[95,   350] loss: 0.146
[95,   360] loss: 0.102
[95,   370] loss: 0.152
[95,   380] loss: 0.175
[95,   390] loss: 0.149
[95,   400] loss: 0.147
VALIDATION loss: 0.1577785611152649
[96,    10] loss: 0.163
[96,    20] loss: 0.177
[96,    30] loss: 0.191
[96,    40] loss: 0.115
[96,    50] loss: 0.136
[96,    60] loss: 0.165
[96,    70] loss: 0.189
[96,    80] loss: 0.167
[96,    90] loss: 0.129
[96,   100] loss: 0.189
[96,   110] loss: 0.113
[96,   120] loss: 0.114
[96,   130] loss: 0.182
[96,   140] loss: 0.186
[96,   150] loss: 0.174
[96,   160] loss: 0.175
[96,   170] loss: 0.165
[96,   180] loss: 0.187
[96,   190] loss: 0.144
[96,   200] loss: 0.132
[96,   210] loss: 0.107
[96,   220] loss: 0.152
[96,   230] loss: 0.121
[96,   240] loss: 0.117
[96,   250] loss: 0.128
[96,   260] loss: 0.157
[96,   270] loss: 0.161
[96,   280] loss: 0.140
[96,   290] loss: 0.139
[96,   300] loss: 0.142
[96,   310] loss: 0.153
[96,   320] loss: 0.148
[96,   330] loss: 0.181
[96,   340] loss: 0.167
[96,   350] loss: 0.142
[96,   360] loss: 0.132
[96,   370] loss: 0.152
[96,   380] loss: 0.162
[96,   390] loss: 0.137
[96,   400] loss: 0.122
VALIDATION loss: 0.16062945127487183
[97,    10] loss: 0.145
[97,    20] loss: 0.153
[97,    30] loss: 0.182
[97,    40] loss: 0.132
[97,    50] loss: 0.142
[97,    60] loss: 0.150
[97,    70] loss: 0.164
[97,    80] loss: 0.134
[97,    90] loss: 0.179
[97,   100] loss: 0.182
[97,   110] loss: 0.123
[97,   120] loss: 0.196
[97,   130] loss: 0.121
[97,   140] loss: 0.160
[97,   150] loss: 0.142
[97,   160] loss: 0.180
[97,   170] loss: 0.154
[97,   180] loss: 0.185
[97,   190] loss: 0.159
[97,   200] loss: 0.135
[97,   210] loss: 0.149
[97,   220] loss: 0.208
[97,   230] loss: 0.137
[97,   240] loss: 0.185
[97,   250] loss: 0.144
[97,   260] loss: 0.174
[97,   270] loss: 0.137
[97,   280] loss: 0.116
[97,   290] loss: 0.166
[97,   300] loss: 0.130
[97,   310] loss: 0.137
[97,   320] loss: 0.138
[97,   330] loss: 0.178
[97,   340] loss: 0.170
[97,   350] loss: 0.141
[97,   360] loss: 0.143
[97,   370] loss: 0.186
[97,   380] loss: 0.177
[97,   390] loss: 0.177
[97,   400] loss: 0.186
VALIDATION loss: 0.2170630395412445
[98,    10] loss: 0.152
[98,    20] loss: 0.162
[98,    30] loss: 0.153
[98,    40] loss: 0.126
[98,    50] loss: 0.152
[98,    60] loss: 0.168
[98,    70] loss: 0.114
[98,    80] loss: 0.148
[98,    90] loss: 0.132
[98,   100] loss: 0.157
[98,   110] loss: 0.144
[98,   120] loss: 0.109
[98,   130] loss: 0.150
[98,   140] loss: 0.177
[98,   150] loss: 0.152
[98,   160] loss: 0.160
[98,   170] loss: 0.137
[98,   180] loss: 0.247
[98,   190] loss: 0.144
[98,   200] loss: 0.134
[98,   210] loss: 0.122
[98,   220] loss: 0.172
[98,   230] loss: 0.145
[98,   240] loss: 0.178
[98,   250] loss: 0.175
[98,   260] loss: 0.116
[98,   270] loss: 0.176
[98,   280] loss: 0.190
[98,   290] loss: 0.223
[98,   300] loss: 0.169
[98,   310] loss: 0.178
[98,   320] loss: 0.121
[98,   330] loss: 0.147
[98,   340] loss: 0.139
[98,   350] loss: 0.183
[98,   360] loss: 0.126
[98,   370] loss: 0.127
[98,   380] loss: 0.159
[98,   390] loss: 0.163
[98,   400] loss: 0.137
VALIDATION loss: 0.1671435534954071
[99,    10] loss: 0.121
[99,    20] loss: 0.134
[99,    30] loss: 0.160
[99,    40] loss: 0.178
[99,    50] loss: 0.146
[99,    60] loss: 0.112
[99,    70] loss: 0.185
[99,    80] loss: 0.152
[99,    90] loss: 0.154
[99,   100] loss: 0.152
[99,   110] loss: 0.164
[99,   120] loss: 0.173
[99,   130] loss: 0.178
[99,   140] loss: 0.167
[99,   150] loss: 0.128
[99,   160] loss: 0.147
[99,   170] loss: 0.123
[99,   180] loss: 0.191
[99,   190] loss: 0.132
[99,   200] loss: 0.148
[99,   210] loss: 0.144
[99,   220] loss: 0.186
[99,   230] loss: 0.131
[99,   240] loss: 0.136
[99,   250] loss: 0.131
[99,   260] loss: 0.145
[99,   270] loss: 0.147
[99,   280] loss: 0.187
[99,   290] loss: 0.113
[99,   300] loss: 0.160
[99,   310] loss: 0.183
[99,   320] loss: 0.121
[99,   330] loss: 0.186
[99,   340] loss: 0.143
[99,   350] loss: 0.181
[99,   360] loss: 0.169
[99,   370] loss: 0.122
[99,   380] loss: 0.212
[99,   390] loss: 0.169
[99,   400] loss: 0.135
VALIDATION loss: 0.1636703759431839
[100,    10] loss: 0.186
[100,    20] loss: 0.119
[100,    30] loss: 0.142
[100,    40] loss: 0.108
[100,    50] loss: 0.142
[100,    60] loss: 0.163
[100,    70] loss: 0.182
[100,    80] loss: 0.143
[100,    90] loss: 0.148
[100,   100] loss: 0.162
[100,   110] loss: 0.138
[100,   120] loss: 0.124
[100,   130] loss: 0.182
[100,   140] loss: 0.148
[100,   150] loss: 0.128
[100,   160] loss: 0.137
[100,   170] loss: 0.147
[100,   180] loss: 0.137
[100,   190] loss: 0.132
[100,   200] loss: 0.142
[100,   210] loss: 0.150
[100,   220] loss: 0.191
[100,   230] loss: 0.224
[100,   240] loss: 0.148
[100,   250] loss: 0.174
[100,   260] loss: 0.165
[100,   270] loss: 0.146
[100,   280] loss: 0.128
[100,   290] loss: 0.122
[100,   300] loss: 0.118
[100,   310] loss: 0.160
[100,   320] loss: 0.188
[100,   330] loss: 0.152
[100,   340] loss: 0.142
[100,   350] loss: 0.126
[100,   360] loss: 0.197
[100,   370] loss: 0.140
[100,   380] loss: 0.142
[100,   390] loss: 0.191
[100,   400] loss: 0.171
VALIDATION loss: 0.22514449059963226
Finished !!
Accuracy of the network: 90.87 %
