Collecting dill==0.3.4 (from -r requirements.txt (line 1))
  Using cached https://files.pythonhosted.org/packages/b6/c3/973676ceb86b60835bb3978c6db67a5dc06be6cfdbd14ef0f5a13e3fc9fd/dill-0.3.4-py2.py3-none-any.whl
Requirement already satisfied: laplace==0.1 in /zhome/45/c/128687/.local/lib/python3.6/site-packages (from -r requirements.txt (line 2))
Collecting matplotlib==3.4.0 (from -r requirements.txt (line 3))
Small: 0
Transform: 1
MaxPool: 1
Running GPU.
[1,    10] loss: 1.949
[1,    20] loss: 1.798
[1,    30] loss: 1.717
[1,    40] loss: 1.646
[1,    50] loss: 1.593
[1,    60] loss: 1.559
[1,    70] loss: 1.522
[1,    80] loss: 1.517
[1,    90] loss: 1.490
[1,   100] loss: 1.473
[1,   110] loss: 1.485
[1,   120] loss: 1.542
[1,   130] loss: 1.515
[1,   140] loss: 1.476
[1,   150] loss: 1.485
[1,   160] loss: 1.354
[1,   170] loss: 1.427
[1,   180] loss: 1.424
[1,   190] loss: 1.374
[1,   200] loss: 1.476
[1,   210] loss: 1.450
[1,   220] loss: 1.421
[1,   230] loss: 1.317
[1,   240] loss: 1.355
[1,   250] loss: 1.381
[1,   260] loss: 1.324
[1,   270] loss: 1.359
[1,   280] loss: 1.374
[1,   290] loss: 1.363
[1,   300] loss: 1.331
[1,   310] loss: 1.337
[1,   320] loss: 1.239
[1,   330] loss: 1.320
[1,   340] loss: 1.389
[1,   350] loss: 1.301
[1,   360] loss: 1.257
[1,   370] loss: 1.211
[1,   380] loss: 1.391
[1,   390] loss: 1.309
[1,   400] loss: 1.223
VALIDATION loss: 1.6885757446289062
[2,    10] loss: 1.366
[2,    20] loss: 1.287
[2,    30] loss: 1.319
[2,    40] loss: 1.181
[2,    50] loss: 1.232
[2,    60] loss: 1.335
[2,    70] loss: 1.225
[2,    80] loss: 1.256
[2,    90] loss: 1.214
[2,   100] loss: 1.214
[2,   110] loss: 1.273
[2,   120] loss: 1.157
[2,   130] loss: 1.211
[2,   140] loss: 1.207
[2,   150] loss: 1.112
[2,   160] loss: 1.212
[2,   170] loss: 1.279
[2,   180] loss: 1.126
[2,   190] loss: 1.139
[2,   200] loss: 1.203
[2,   210] loss: 1.236
[2,   220] loss: 1.237
[2,   230] loss: 1.249
[2,   240] loss: 1.225
[2,   250] loss: 1.175
[2,   260] loss: 1.207
[2,   270] loss: 1.119
[2,   280] loss: 1.127
[2,   290] loss: 1.193
[2,   300] loss: 1.172
[2,   310] loss: 1.057
[2,   320] loss: 1.148
[2,   330] loss: 1.213
[2,   340] loss: 1.060
[2,   350] loss: 1.209
[2,   360] loss: 1.069
[2,   370] loss: 1.045
[2,   380] loss: 1.154
[2,   390] loss: 1.189
[2,   400] loss: 1.190
VALIDATION loss: 1.4146136045455933
[3,    10] loss: 1.068
[3,    20] loss: 1.053
[3,    30] loss: 1.150
[3,    40] loss: 1.197
[3,    50] loss: 1.160
[3,    60] loss: 1.132
[3,    70] loss: 1.083
[3,    80] loss: 1.097
[3,    90] loss: 1.025
[3,   100] loss: 1.088
[3,   110] loss: 1.110
[3,   120] loss: 1.094
[3,   130] loss: 1.069
[3,   140] loss: 1.028
[3,   150] loss: 0.991
[3,   160] loss: 1.053
[3,   170] loss: 1.134
[3,   180] loss: 1.014
[3,   190] loss: 1.026
[3,   200] loss: 1.057
[3,   210] loss: 1.043
[3,   220] loss: 1.040
[3,   230] loss: 1.025
[3,   240] loss: 0.958
[3,   250] loss: 1.031
[3,   260] loss: 0.933
[3,   270] loss: 0.997
[3,   280] loss: 1.061
[3,   290] loss: 0.953
[3,   300] loss: 0.972
[3,   310] loss: 1.047
[3,   320] loss: 0.976
[3,   330] loss: 1.057
[3,   340] loss: 0.951
[3,   350] loss: 1.005
[3,   360] loss: 1.049
[3,   370] loss: 0.951
[3,   380] loss: 1.012
[3,   390] loss: 0.897
[3,   400] loss: 0.963
VALIDATION loss: 4.3353495597839355
[4,    10] loss: 1.055
[4,    20] loss: 0.935
[4,    30] loss: 0.980
[4,    40] loss: 1.056
[4,    50] loss: 1.078
[4,    60] loss: 0.962
[4,    70] loss: 1.055
[4,    80] loss: 0.983
[4,    90] loss: 0.955
[4,   100] loss: 0.978
[4,   110] loss: 0.886
[4,   120] loss: 1.006
[4,   130] loss: 0.841
[4,   140] loss: 0.898
[4,   150] loss: 0.803
[4,   160] loss: 0.873
[4,   170] loss: 1.039
[4,   180] loss: 0.990
[4,   190] loss: 1.072
[4,   200] loss: 1.000
[4,   210] loss: 0.884
[4,   220] loss: 1.099
[4,   230] loss: 0.908
[4,   240] loss: 0.855
[4,   250] loss: 0.968
[4,   260] loss: 1.009
[4,   270] loss: 0.826
[4,   280] loss: 0.887
[4,   290] loss: 1.049
[4,   300] loss: 0.880
[4,   310] loss: 0.839
[4,   320] loss: 0.947
[4,   330] loss: 0.905
[4,   340] loss: 0.913
[4,   350] loss: 0.884
[4,   360] loss: 0.839
[4,   370] loss: 0.895
[4,   380] loss: 0.922
[4,   390] loss: 0.860
[4,   400] loss: 0.896
VALIDATION loss: 1.1163928508758545
[5,    10] loss: 0.795
[5,    20] loss: 0.892
[5,    30] loss: 0.759
[5,    40] loss: 1.029
[5,    50] loss: 0.871
[5,    60] loss: 0.820
[5,    70] loss: 0.879
[5,    80] loss: 0.956
[5,    90] loss: 0.949
[5,   100] loss: 0.900
[5,   110] loss: 0.813
[5,   120] loss: 0.826
[5,   130] loss: 0.900
[5,   140] loss: 0.866
[5,   150] loss: 0.849
[5,   160] loss: 0.870
[5,   170] loss: 0.823
[5,   180] loss: 0.773
[5,   190] loss: 0.869
[5,   200] loss: 0.781
[5,   210] loss: 0.889
[5,   220] loss: 0.878
[5,   230] loss: 0.788
[5,   240] loss: 0.872
[5,   250] loss: 0.831
[5,   260] loss: 0.836
[5,   270] loss: 0.835
[5,   280] loss: 0.808
[5,   290] loss: 0.817
[5,   300] loss: 0.804
[5,   310] loss: 0.919
[5,   320] loss: 0.856
[5,   330] loss: 0.767
[5,   340] loss: 0.770
[5,   350] loss: 0.775
[5,   360] loss: 0.854
[5,   370] loss: 0.861
[5,   380] loss: 0.807
[5,   390] loss: 0.843
[5,   400] loss: 0.890
VALIDATION loss: 1.0564804077148438
[6,    10] loss: 0.950
[6,    20] loss: 0.763
[6,    30] loss: 0.730
[6,    40] loss: 0.835
[6,    50] loss: 0.939
[6,    60] loss: 0.755
[6,    70] loss: 0.802
[6,    80] loss: 0.830
[6,    90] loss: 0.747
[6,   100] loss: 0.695
[6,   110] loss: 0.861
[6,   120] loss: 0.873
[6,   130] loss: 0.756
[6,   140] loss: 0.773
[6,   150] loss: 0.747
[6,   160] loss: 0.810
[6,   170] loss: 0.751
[6,   180] loss: 0.858
[6,   190] loss: 0.883
[6,   200] loss: 0.736
[6,   210] loss: 0.728
[6,   220] loss: 0.749
[6,   230] loss: 0.743
[6,   240] loss: 0.782
[6,   250] loss: 0.798
[6,   260] loss: 0.783
[6,   270] loss: 0.690
[6,   280] loss: 0.674
[6,   290] loss: 0.742
[6,   300] loss: 0.757
[6,   310] loss: 0.849
[6,   320] loss: 0.759
[6,   330] loss: 0.689
[6,   340] loss: 0.641
[6,   350] loss: 0.805
[6,   360] loss: 0.734
[6,   370] loss: 0.718
[6,   380] loss: 0.776
[6,   390] loss: 0.707
[6,   400] loss: 0.707
VALIDATION loss: 2.027808904647827
[7,    10] loss: 0.771
[7,    20] loss: 0.699
[7,    30] loss: 0.733
[7,    40] loss: 0.760
[7,    50] loss: 0.686
[7,    60] loss: 0.744
[7,    70] loss: 0.709
[7,    80] loss: 0.668
[7,    90] loss: 0.757
[7,   100] loss: 0.789
[7,   110] loss: 0.717
[7,   120] loss: 0.722
[7,   130] loss: 0.724
[7,   140] loss: 0.740
[7,   150] loss: 0.706
[7,   160] loss: 0.719
[7,   170] loss: 0.664
[7,   180] loss: 0.644
[7,   190] loss: 0.703
[7,   200] loss: 0.787
[7,   210] loss: 0.766
[7,   220] loss: 0.691
[7,   230] loss: 0.717
[7,   240] loss: 0.625
[7,   250] loss: 0.732
[7,   260] loss: 0.735
[7,   270] loss: 0.701
[7,   280] loss: 0.698
[7,   290] loss: 0.713
[7,   300] loss: 0.633
[7,   310] loss: 0.580
[7,   320] loss: 0.723
[7,   330] loss: 0.611
[7,   340] loss: 0.713
[7,   350] loss: 0.661
[7,   360] loss: 0.755
[7,   370] loss: 0.760
[7,   380] loss: 0.861
[7,   390] loss: 0.727
[7,   400] loss: 0.670
VALIDATION loss: 0.9474316835403442
[8,    10] loss: 0.671
[8,    20] loss: 0.724
[8,    30] loss: 0.707
[8,    40] loss: 0.709
[8,    50] loss: 0.690
[8,    60] loss: 0.641
[8,    70] loss: 0.696
[8,    80] loss: 0.635
[8,    90] loss: 0.668
[8,   100] loss: 0.656
[8,   110] loss: 0.712
[8,   120] loss: 0.711
[8,   130] loss: 0.637
[8,   140] loss: 0.665
[8,   150] loss: 0.632
[8,   160] loss: 0.675
[8,   170] loss: 0.645
[8,   180] loss: 0.686
[8,   190] loss: 0.570
[8,   200] loss: 0.725
[8,   210] loss: 0.675
[8,   220] loss: 0.665
[8,   230] loss: 0.652
[8,   240] loss: 0.740
[8,   250] loss: 0.813
[8,   260] loss: 0.662
[8,   270] loss: 0.703
[8,   280] loss: 0.759
[8,   290] loss: 0.608
[8,   300] loss: 0.704
[8,   310] loss: 0.683
[8,   320] loss: 0.564
[8,   330] loss: 0.584
[8,   340] loss: 0.709
[8,   350] loss: 0.852
[8,   360] loss: 0.655
[8,   370] loss: 0.673
[8,   380] loss: 0.687
[8,   390] loss: 0.636
[8,   400] loss: 0.611
VALIDATION loss: 0.8479732275009155
[9,    10] loss: 0.705
[9,    20] loss: 0.682
[9,    30] loss: 0.696
[9,    40] loss: 0.661
[9,    50] loss: 0.717
[9,    60] loss: 0.631
[9,    70] loss: 0.727
[9,    80] loss: 0.573
[9,    90] loss: 0.616
[9,   100] loss: 0.647
[9,   110] loss: 0.606
[9,   120] loss: 0.588
[9,   130] loss: 0.716
[9,   140] loss: 0.500
[9,   150] loss: 0.636
[9,   160] loss: 0.626
[9,   170] loss: 0.657
[9,   180] loss: 0.650
[9,   190] loss: 0.661
[9,   200] loss: 0.616
[9,   210] loss: 0.594
[9,   220] loss: 0.653
[9,   230] loss: 0.685
[9,   240] loss: 0.622
[9,   250] loss: 0.616
[9,   260] loss: 0.651
[9,   270] loss: 0.586
[9,   280] loss: 0.648
[9,   290] loss: 0.663
[9,   300] loss: 0.575
[9,   310] loss: 0.598
[9,   320] loss: 0.569
[9,   330] loss: 0.612
[9,   340] loss: 0.536
[9,   350] loss: 0.581
[9,   360] loss: 0.674
[9,   370] loss: 0.656
[9,   380] loss: 0.590
[9,   390] loss: 0.612
[9,   400] loss: 0.713
VALIDATION loss: 0.8644697666168213
[10,    10] loss: 0.522
[10,    20] loss: 0.712
[10,    30] loss: 0.659
[10,    40] loss: 0.609
[10,    50] loss: 0.651
[10,    60] loss: 0.555
[10,    70] loss: 0.593
[10,    80] loss: 0.600
[10,    90] loss: 0.643
[10,   100] loss: 0.614
[10,   110] loss: 0.628
[10,   120] loss: 0.595
[10,   130] loss: 0.554
[10,   140] loss: 0.709
[10,   150] loss: 0.669
[10,   160] loss: 0.560
[10,   170] loss: 0.614
[10,   180] loss: 0.693
[10,   190] loss: 0.573
[10,   200] loss: 0.598
[10,   210] loss: 0.565
[10,   220] loss: 0.625
[10,   230] loss: 0.538
[10,   240] loss: 0.487
[10,   250] loss: 0.558
[10,   260] loss: 0.583
[10,   270] loss: 0.686
[10,   280] loss: 0.647
[10,   290] loss: 0.723
[10,   300] loss: 0.683
[10,   310] loss: 0.671
[10,   320] loss: 0.530
[10,   330] loss: 0.514
[10,   340] loss: 0.512
[10,   350] loss: 0.629
[10,   360] loss: 0.567
[10,   370] loss: 0.605
[10,   380] loss: 0.544
[10,   390] loss: 0.606
[10,   400] loss: 0.543
VALIDATION loss: 1.3972166776657104
[11,    10] loss: 0.638
[11,    20] loss: 0.641
[11,    30] loss: 0.561
[11,    40] loss: 0.600
[11,    50] loss: 0.623
[11,    60] loss: 0.537
[11,    70] loss: 0.633
[11,    80] loss: 0.483
[11,    90] loss: 0.572
[11,   100] loss: 0.587
[11,   110] loss: 0.552
[11,   120] loss: 0.563
[11,   130] loss: 0.652
[11,   140] loss: 0.627
[11,   150] loss: 0.692
[11,   160] loss: 0.588
[11,   170] loss: 0.566
[11,   180] loss: 0.530
[11,   190] loss: 0.585
[11,   200] loss: 0.629
[11,   210] loss: 0.600
[11,   220] loss: 0.563
[11,   230] loss: 0.605
[11,   240] loss: 0.565
[11,   250] loss: 0.598
[11,   260] loss: 0.538
[11,   270] loss: 0.640
[11,   280] loss: 0.586
[11,   290] loss: 0.573
[11,   300] loss: 0.530
[11,   310] loss: 0.530
[11,   320] loss: 0.577
[11,   330] loss: 0.615
[11,   340] loss: 0.622
[11,   350] loss: 0.539
[11,   360] loss: 0.543
[11,   370] loss: 0.596
[11,   380] loss: 0.579
[11,   390] loss: 0.552
[11,   400] loss: 0.563
VALIDATION loss: 0.5052124857902527
[12,    10] loss: 0.561
[12,    20] loss: 0.514
[12,    30] loss: 0.603
[12,    40] loss: 0.618
[12,    50] loss: 0.610
[12,    60] loss: 0.548
[12,    70] loss: 0.575
[12,    80] loss: 0.592
[12,    90] loss: 0.531
[12,   100] loss: 0.547
[12,   110] loss: 0.446
[12,   120] loss: 0.517
[12,   130] loss: 0.588
[12,   140] loss: 0.530
[12,   150] loss: 0.621
[12,   160] loss: 0.514
[12,   170] loss: 0.560
[12,   180] loss: 0.562
[12,   190] loss: 0.516
[12,   200] loss: 0.613
[12,   210] loss: 0.515
[12,   220] loss: 0.574
[12,   230] loss: 0.570
[12,   240] loss: 0.564
[12,   250] loss: 0.607
[12,   260] loss: 0.571
[12,   270] loss: 0.585
[12,   280] loss: 0.568
[12,   290] loss: 0.566
[12,   300] loss: 0.617
[12,   310] loss: 0.535
[12,   320] loss: 0.576
[12,   330] loss: 0.492
[12,   340] loss: 0.481
[12,   350] loss: 0.504
[12,   360] loss: 0.476
[12,   370] loss: 0.545
[12,   380] loss: 0.589
[12,   390] loss: 0.530
[12,   400] loss: 0.587
VALIDATION loss: 1.58466637134552
[13,    10] loss: 0.509
[13,    20] loss: 0.483
[13,    30] loss: 0.519
[13,    40] loss: 0.514
[13,    50] loss: 0.549
[13,    60] loss: 0.562
[13,    70] loss: 0.610
[13,    80] loss: 0.652
[13,    90] loss: 0.416
[13,   100] loss: 0.625
[13,   110] loss: 0.534
[13,   120] loss: 0.549
[13,   130] loss: 0.538
[13,   140] loss: 0.531
[13,   150] loss: 0.590
[13,   160] loss: 0.496
[13,   170] loss: 0.465
[13,   180] loss: 0.616
[13,   190] loss: 0.458
[13,   200] loss: 0.463
[13,   210] loss: 0.490
[13,   220] loss: 0.445
[13,   230] loss: 0.557
[13,   240] loss: 0.490
[13,   250] loss: 0.479
[13,   260] loss: 0.491
[13,   270] loss: 0.482
[13,   280] loss: 0.519
[13,   290] loss: 0.536
[13,   300] loss: 0.522
[13,   310] loss: 0.432
[13,   320] loss: 0.526
[13,   330] loss: 0.565
[13,   340] loss: 0.570
[13,   350] loss: 0.479
[13,   360] loss: 0.487
[13,   370] loss: 0.511
[13,   380] loss: 0.518
[13,   390] loss: 0.491
[13,   400] loss: 0.537
VALIDATION loss: 0.4835568368434906
[14,    10] loss: 0.526
[14,    20] loss: 0.507
[14,    30] loss: 0.490
[14,    40] loss: 0.535
[14,    50] loss: 0.536
[14,    60] loss: 0.490
[14,    70] loss: 0.545
[14,    80] loss: 0.510
[14,    90] loss: 0.492
[14,   100] loss: 0.436
[14,   110] loss: 0.502
[14,   120] loss: 0.548
[14,   130] loss: 0.423
[14,   140] loss: 0.459
[14,   150] loss: 0.583
[14,   160] loss: 0.527
[14,   170] loss: 0.403
[14,   180] loss: 0.433
[14,   190] loss: 0.498
[14,   200] loss: 0.484
[14,   210] loss: 0.570
[14,   220] loss: 0.561
[14,   230] loss: 0.521
[14,   240] loss: 0.492
[14,   250] loss: 0.511
[14,   260] loss: 0.532
[14,   270] loss: 0.450
[14,   280] loss: 0.631
[14,   290] loss: 0.476
[14,   300] loss: 0.493
[14,   310] loss: 0.563
[14,   320] loss: 0.457
[14,   330] loss: 0.530
[14,   340] loss: 0.531
[14,   350] loss: 0.495
[14,   360] loss: 0.459
[14,   370] loss: 0.443
[14,   380] loss: 0.458
[14,   390] loss: 0.522
[14,   400] loss: 0.526
VALIDATION loss: 0.8836870789527893
[15,    10] loss: 0.495
[15,    20] loss: 0.531
[15,    30] loss: 0.556
[15,    40] loss: 0.482
[15,    50] loss: 0.547
[15,    60] loss: 0.477
[15,    70] loss: 0.592
[15,    80] loss: 0.455
[15,    90] loss: 0.492
[15,   100] loss: 0.425
[15,   110] loss: 0.467
[15,   120] loss: 0.433
[15,   130] loss: 0.505
[15,   140] loss: 0.509
[15,   150] loss: 0.471
[15,   160] loss: 0.437
[15,   170] loss: 0.435
[15,   180] loss: 0.444
[15,   190] loss: 0.436
[15,   200] loss: 0.459
[15,   210] loss: 0.503
[15,   220] loss: 0.517
[15,   230] loss: 0.498
[15,   240] loss: 0.494
[15,   250] loss: 0.518
[15,   260] loss: 0.525
[15,   270] loss: 0.399
[15,   280] loss: 0.473
[15,   290] loss: 0.517
[15,   300] loss: 0.517
[15,   310] loss: 0.473
[15,   320] loss: 0.500
[15,   330] loss: 0.529
[15,   340] loss: 0.517
[15,   350] loss: 0.532
[15,   360] loss: 0.480
[15,   370] loss: 0.522
[15,   380] loss: 0.513
[15,   390] loss: 0.432
[15,   400] loss: 0.412
VALIDATION loss: 0.7390463352203369
[16,    10] loss: 0.430
[16,    20] loss: 0.460
[16,    30] loss: 0.437
[16,    40] loss: 0.457
[16,    50] loss: 0.413
[16,    60] loss: 0.466
[16,    70] loss: 0.457
[16,    80] loss: 0.423
[16,    90] loss: 0.532
[16,   100] loss: 0.476
[16,   110] loss: 0.494
[16,   120] loss: 0.470
[16,   130] loss: 0.526
[16,   140] loss: 0.506
[16,   150] loss: 0.443
[16,   160] loss: 0.476
[16,   170] loss: 0.481
[16,   180] loss: 0.483
[16,   190] loss: 0.450
[16,   200] loss: 0.432
[16,   210] loss: 0.461
[16,   220] loss: 0.410
[16,   230] loss: 0.442
[16,   240] loss: 0.420
[16,   250] loss: 0.441
[16,   260] loss: 0.530
[16,   270] loss: 0.483
[16,   280] loss: 0.505
[16,   290] loss: 0.477
[16,   300] loss: 0.441
[16,   310] loss: 0.433
[16,   320] loss: 0.488
[16,   330] loss: 0.511
[16,   340] loss: 0.449
[16,   350] loss: 0.508
[16,   360] loss: 0.407
[16,   370] loss: 0.440
[16,   380] loss: 0.404
[16,   390] loss: 0.407
[16,   400] loss: 0.465
VALIDATION loss: 0.7368581891059875
[17,    10] loss: 0.417
[17,    20] loss: 0.461
[17,    30] loss: 0.384
[17,    40] loss: 0.426
[17,    50] loss: 0.479
[17,    60] loss: 0.441
[17,    70] loss: 0.388
[17,    80] loss: 0.433
[17,    90] loss: 0.398
[17,   100] loss: 0.401
[17,   110] loss: 0.496
[17,   120] loss: 0.453
[17,   130] loss: 0.485
[17,   140] loss: 0.412
[17,   150] loss: 0.435
[17,   160] loss: 0.423
[17,   170] loss: 0.462
[17,   180] loss: 0.479
[17,   190] loss: 0.513
[17,   200] loss: 0.462
[17,   210] loss: 0.484
[17,   220] loss: 0.405
[17,   230] loss: 0.450
[17,   240] loss: 0.496
[17,   250] loss: 0.482
[17,   260] loss: 0.452
[17,   270] loss: 0.390
[17,   280] loss: 0.378
[17,   290] loss: 0.454
[17,   300] loss: 0.414
[17,   310] loss: 0.412
[17,   320] loss: 0.508
[17,   330] loss: 0.468
[17,   340] loss: 0.371
[17,   350] loss: 0.391
[17,   360] loss: 0.510
[17,   370] loss: 0.494
[17,   380] loss: 0.440
[17,   390] loss: 0.549
[17,   400] loss: 0.413
VALIDATION loss: 0.38691481947898865
[18,    10] loss: 0.422
[18,    20] loss: 0.484
[18,    30] loss: 0.424
[18,    40] loss: 0.428
[18,    50] loss: 0.461
[18,    60] loss: 0.473
[18,    70] loss: 0.423
[18,    80] loss: 0.421
[18,    90] loss: 0.441
[18,   100] loss: 0.474
[18,   110] loss: 0.367
[18,   120] loss: 0.418
[18,   130] loss: 0.456
[18,   140] loss: 0.453
[18,   150] loss: 0.462
[18,   160] loss: 0.402
[18,   170] loss: 0.447
[18,   180] loss: 0.393
[18,   190] loss: 0.347
[18,   200] loss: 0.407
[18,   210] loss: 0.414
[18,   220] loss: 0.368
[18,   230] loss: 0.375
[18,   240] loss: 0.535
[18,   250] loss: 0.513
[18,   260] loss: 0.349
[18,   270] loss: 0.372
[18,   280] loss: 0.393
[18,   290] loss: 0.368
[18,   300] loss: 0.378
[18,   310] loss: 0.322
[18,   320] loss: 0.389
[18,   330] loss: 0.431
[18,   340] loss: 0.441
[18,   350] loss: 0.453
[18,   360] loss: 0.425
[18,   370] loss: 0.357
[18,   380] loss: 0.437
[18,   390] loss: 0.490
[18,   400] loss: 0.452
VALIDATION loss: 0.4003921151161194
[19,    10] loss: 0.471
[19,    20] loss: 0.409
[19,    30] loss: 0.421
[19,    40] loss: 0.445
[19,    50] loss: 0.384
[19,    60] loss: 0.488
[19,    70] loss: 0.463
[19,    80] loss: 0.434
[19,    90] loss: 0.447
[19,   100] loss: 0.406
[19,   110] loss: 0.409
[19,   120] loss: 0.355
[19,   130] loss: 0.381
[19,   140] loss: 0.432
[19,   150] loss: 0.418
[19,   160] loss: 0.437
[19,   170] loss: 0.401
[19,   180] loss: 0.405
[19,   190] loss: 0.410
[19,   200] loss: 0.507
[19,   210] loss: 0.546
[19,   220] loss: 0.404
[19,   230] loss: 0.386
[19,   240] loss: 0.483
[19,   250] loss: 0.450
[19,   260] loss: 0.406
[19,   270] loss: 0.393
[19,   280] loss: 0.405
[19,   290] loss: 0.425
[19,   300] loss: 0.409
[19,   310] loss: 0.454
[19,   320] loss: 0.402
[19,   330] loss: 0.376
[19,   340] loss: 0.438
[19,   350] loss: 0.366
[19,   360] loss: 0.420
[19,   370] loss: 0.438
[19,   380] loss: 0.422
[19,   390] loss: 0.478
[19,   400] loss: 0.369
VALIDATION loss: 0.4326423108577728
[20,    10] loss: 0.437
[20,    20] loss: 0.429
[20,    30] loss: 0.373
[20,    40] loss: 0.404
[20,    50] loss: 0.464
[20,    60] loss: 0.447
[20,    70] loss: 0.364
[20,    80] loss: 0.361
[20,    90] loss: 0.464
[20,   100] loss: 0.421
[20,   110] loss: 0.399
[20,   120] loss: 0.421
[20,   130] loss: 0.431
[20,   140] loss: 0.344
[20,   150] loss: 0.437
[20,   160] loss: 0.411
[20,   170] loss: 0.443
[20,   180] loss: 0.390
[20,   190] loss: 0.368
[20,   200] loss: 0.374
[20,   210] loss: 0.485
[20,   220] loss: 0.418
[20,   230] loss: 0.394
[20,   240] loss: 0.409
[20,   250] loss: 0.404
[20,   260] loss: 0.414
[20,   270] loss: 0.400
[20,   280] loss: 0.363
[20,   290] loss: 0.392
[20,   300] loss: 0.434
[20,   310] loss: 0.460
[20,   320] loss: 0.384
[20,   330] loss: 0.360
[20,   340] loss: 0.410
[20,   350] loss: 0.378
[20,   360] loss: 0.341
[20,   370] loss: 0.363
[20,   380] loss: 0.366
[20,   390] loss: 0.366
[20,   400] loss: 0.470
VALIDATION loss: 0.40771281719207764
[21,    10] loss: 0.365
[21,    20] loss: 0.385
[21,    30] loss: 0.414
[21,    40] loss: 0.464
[21,    50] loss: 0.470
[21,    60] loss: 0.364
[21,    70] loss: 0.422
[21,    80] loss: 0.364
[21,    90] loss: 0.380
[21,   100] loss: 0.478
[21,   110] loss: 0.355
[21,   120] loss: 0.441
[21,   130] loss: 0.420
[21,   140] loss: 0.377
[21,   150] loss: 0.381
[21,   160] loss: 0.357
[21,   170] loss: 0.404
[21,   180] loss: 0.365
[21,   190] loss: 0.481
[21,   200] loss: 0.419
[21,   210] loss: 0.336
[21,   220] loss: 0.386
[21,   230] loss: 0.371
[21,   240] loss: 0.459
[21,   250] loss: 0.405
[21,   260] loss: 0.424
[21,   270] loss: 0.359
[21,   280] loss: 0.372
[21,   290] loss: 0.399
[21,   300] loss: 0.406
[21,   310] loss: 0.341
[21,   320] loss: 0.389
[21,   330] loss: 0.386
[21,   340] loss: 0.377
[21,   350] loss: 0.358
[21,   360] loss: 0.311
[21,   370] loss: 0.370
[21,   380] loss: 0.372
[21,   390] loss: 0.349
[21,   400] loss: 0.425
VALIDATION loss: 0.37305763363838196
[22,    10] loss: 0.391
[22,    20] loss: 0.365
[22,    30] loss: 0.363
[22,    40] loss: 0.425
[22,    50] loss: 0.317
[22,    60] loss: 0.411
[22,    70] loss: 0.424
[22,    80] loss: 0.374
[22,    90] loss: 0.385
[22,   100] loss: 0.360
[22,   110] loss: 0.369
[22,   120] loss: 0.382
[22,   130] loss: 0.379
[22,   140] loss: 0.369
[22,   150] loss: 0.402
[22,   160] loss: 0.315
[22,   170] loss: 0.401
[22,   180] loss: 0.331
[22,   190] loss: 0.393
[22,   200] loss: 0.424
[22,   210] loss: 0.392
[22,   220] loss: 0.397
[22,   230] loss: 0.372
[22,   240] loss: 0.365
[22,   250] loss: 0.372
[22,   260] loss: 0.416
[22,   270] loss: 0.352
[22,   280] loss: 0.420
[22,   290] loss: 0.434
[22,   300] loss: 0.361
[22,   310] loss: 0.365
[22,   320] loss: 0.382
[22,   330] loss: 0.419
[22,   340] loss: 0.323
[22,   350] loss: 0.364
[22,   360] loss: 0.377
[22,   370] loss: 0.308
[22,   380] loss: 0.325
[22,   390] loss: 0.426
[22,   400] loss: 0.364
VALIDATION loss: 0.3835909962654114
[23,    10] loss: 0.314
[23,    20] loss: 0.368
[23,    30] loss: 0.363
[23,    40] loss: 0.406
[23,    50] loss: 0.363
[23,    60] loss: 0.385
[23,    70] loss: 0.392
[23,    80] loss: 0.344
[23,    90] loss: 0.386
[23,   100] loss: 0.355
[23,   110] loss: 0.436
[23,   120] loss: 0.318
[23,   130] loss: 0.364
[23,   140] loss: 0.363
[23,   150] loss: 0.330
[23,   160] loss: 0.444
[23,   170] loss: 0.384
[23,   180] loss: 0.390
[23,   190] loss: 0.374
[23,   200] loss: 0.453
[23,   210] loss: 0.385
[23,   220] loss: 0.306
[23,   230] loss: 0.325
[23,   240] loss: 0.351
[23,   250] loss: 0.409
[23,   260] loss: 0.406
[23,   270] loss: 0.380
[23,   280] loss: 0.396
[23,   290] loss: 0.320
[23,   300] loss: 0.388
[23,   310] loss: 0.414
[23,   320] loss: 0.347
[23,   330] loss: 0.365
[23,   340] loss: 0.351
[23,   350] loss: 0.333
[23,   360] loss: 0.323
[23,   370] loss: 0.388
[23,   380] loss: 0.350
[23,   390] loss: 0.382
[23,   400] loss: 0.351
VALIDATION loss: 0.37365758419036865
[24,    10] loss: 0.368
[24,    20] loss: 0.324
[24,    30] loss: 0.409
[24,    40] loss: 0.331
[24,    50] loss: 0.338
[24,    60] loss: 0.434
[24,    70] loss: 0.305
[24,    80] loss: 0.366
[24,    90] loss: 0.331
[24,   100] loss: 0.357
[24,   110] loss: 0.339
[24,   120] loss: 0.317
[24,   130] loss: 0.331
[24,   140] loss: 0.384
[24,   150] loss: 0.323
[24,   160] loss: 0.373
[24,   170] loss: 0.361
[24,   180] loss: 0.429
[24,   190] loss: 0.361
[24,   200] loss: 0.344
[24,   210] loss: 0.403
[24,   220] loss: 0.331
[24,   230] loss: 0.343
[24,   240] loss: 0.357
[24,   250] loss: 0.358
[24,   260] loss: 0.318
[24,   270] loss: 0.349
[24,   280] loss: 0.365
[24,   290] loss: 0.354
[24,   300] loss: 0.342
[24,   310] loss: 0.379
[24,   320] loss: 0.308
[24,   330] loss: 0.352
[24,   340] loss: 0.317
[24,   350] loss: 0.429
[24,   360] loss: 0.317
[24,   370] loss: 0.373
[24,   380] loss: 0.391
[24,   390] loss: 0.378
[24,   400] loss: 0.434
VALIDATION loss: 0.3530750274658203
[25,    10] loss: 0.392
[25,    20] loss: 0.359
[25,    30] loss: 0.335
[25,    40] loss: 0.373
[25,    50] loss: 0.329
[25,    60] loss: 0.314
[25,    70] loss: 0.382
[25,    80] loss: 0.413
[25,    90] loss: 0.377
[25,   100] loss: 0.311
[25,   110] loss: 0.383
[25,   120] loss: 0.408
[25,   130] loss: 0.299
[25,   140] loss: 0.296
[25,   150] loss: 0.379
[25,   160] loss: 0.339
[25,   170] loss: 0.341
[25,   180] loss: 0.313
[25,   190] loss: 0.387
[25,   200] loss: 0.328
[25,   210] loss: 0.411
[25,   220] loss: 0.328
[25,   230] loss: 0.339
[25,   240] loss: 0.334
[25,   250] loss: 0.363
[25,   260] loss: 0.446
[25,   270] loss: 0.378
[25,   280] loss: 0.372
[25,   290] loss: 0.369
[25,   300] loss: 0.326
[25,   310] loss: 0.404
[25,   320] loss: 0.338
[25,   330] loss: 0.412
[25,   340] loss: 0.444
[25,   350] loss: 0.394
[25,   360] loss: 0.287
[25,   370] loss: 0.286
[25,   380] loss: 0.329
[25,   390] loss: 0.377
[25,   400] loss: 0.365
VALIDATION loss: 3.549654483795166
[26,    10] loss: 0.373
[26,    20] loss: 0.353
[26,    30] loss: 0.354
[26,    40] loss: 0.394
[26,    50] loss: 0.349
[26,    60] loss: 0.329
[26,    70] loss: 0.379
[26,    80] loss: 0.359
[26,    90] loss: 0.352
[26,   100] loss: 0.291
[26,   110] loss: 0.396
[26,   120] loss: 0.454
[26,   130] loss: 0.295
[26,   140] loss: 0.367
[26,   150] loss: 0.389
[26,   160] loss: 0.304
[26,   170] loss: 0.373
[26,   180] loss: 0.366
[26,   190] loss: 0.322
[26,   200] loss: 0.346
[26,   210] loss: 0.358
[26,   220] loss: 0.300
[26,   230] loss: 0.310
[26,   240] loss: 0.282
[26,   250] loss: 0.356
[26,   260] loss: 0.334
[26,   270] loss: 0.348
[26,   280] loss: 0.336
[26,   290] loss: 0.279
[26,   300] loss: 0.314
[26,   310] loss: 0.289
[26,   320] loss: 0.322
[26,   330] loss: 0.293
[26,   340] loss: 0.297
[26,   350] loss: 0.324
[26,   360] loss: 0.355
[26,   370] loss: 0.311
[26,   380] loss: 0.351
[26,   390] loss: 0.383
[26,   400] loss: 0.414
VALIDATION loss: 0.6771867275238037
[27,    10] loss: 0.349
[27,    20] loss: 0.384
[27,    30] loss: 0.346
[27,    40] loss: 0.361
[27,    50] loss: 0.336
[27,    60] loss: 0.369
[27,    70] loss: 0.320
[27,    80] loss: 0.356
[27,    90] loss: 0.321
[27,   100] loss: 0.379
[27,   110] loss: 0.312
[27,   120] loss: 0.324
[27,   130] loss: 0.345
[27,   140] loss: 0.289
[27,   150] loss: 0.322
[27,   160] loss: 0.347
[27,   170] loss: 0.294
[27,   180] loss: 0.344
[27,   190] loss: 0.313
[27,   200] loss: 0.360
[27,   210] loss: 0.263
[27,   220] loss: 0.374
[27,   230] loss: 0.340
[27,   240] loss: 0.289
[27,   250] loss: 0.311
[27,   260] loss: 0.350
[27,   270] loss: 0.315
[27,   280] loss: 0.399
[27,   290] loss: 0.304
[27,   300] loss: 0.305
[27,   310] loss: 0.302
[27,   320] loss: 0.322
[27,   330] loss: 0.364
[27,   340] loss: 0.416
[27,   350] loss: 0.324
[27,   360] loss: 0.280
[27,   370] loss: 0.293
[27,   380] loss: 0.282
[27,   390] loss: 0.421
[27,   400] loss: 0.302
VALIDATION loss: 0.4579530954360962
[28,    10] loss: 0.376
[28,    20] loss: 0.400
[28,    30] loss: 0.413
[28,    40] loss: 0.429
[28,    50] loss: 0.419
[28,    60] loss: 0.408
[28,    70] loss: 0.407
[28,    80] loss: 0.337
[28,    90] loss: 0.363
[28,   100] loss: 0.380
[28,   110] loss: 0.303
[28,   120] loss: 0.394
[28,   130] loss: 0.403
[28,   140] loss: 0.290
[28,   150] loss: 0.381
[28,   160] loss: 0.396
[28,   170] loss: 0.357
[28,   180] loss: 0.376
[28,   190] loss: 0.355
[28,   200] loss: 0.292
[28,   210] loss: 0.413
[28,   220] loss: 0.348
[28,   230] loss: 0.307
[28,   240] loss: 0.300
[28,   250] loss: 0.300
[28,   260] loss: 0.310
[28,   270] loss: 0.434
[28,   280] loss: 0.366
[28,   290] loss: 0.288
[28,   300] loss: 0.284
[28,   310] loss: 0.325
[28,   320] loss: 0.326
[28,   330] loss: 0.336
[28,   340] loss: 0.288
[28,   350] loss: 0.279
[28,   360] loss: 0.339
[28,   370] loss: 0.355
[28,   380] loss: 0.297
[28,   390] loss: 0.305
[28,   400] loss: 0.314
VALIDATION loss: 0.3536275327205658
[29,    10] loss: 0.362
[29,    20] loss: 0.284
[29,    30] loss: 0.304
[29,    40] loss: 0.320
[29,    50] loss: 0.330
[29,    60] loss: 0.355
[29,    70] loss: 0.335
[29,    80] loss: 0.360
[29,    90] loss: 0.384
[29,   100] loss: 0.336
[29,   110] loss: 0.336
[29,   120] loss: 0.343
[29,   130] loss: 0.359
[29,   140] loss: 0.278
[29,   150] loss: 0.339
[29,   160] loss: 0.356
[29,   170] loss: 0.347
[29,   180] loss: 0.330
[29,   190] loss: 0.331
[29,   200] loss: 0.315
[29,   210] loss: 0.384
[29,   220] loss: 0.299
[29,   230] loss: 0.375
[29,   240] loss: 0.355
[29,   250] loss: 0.387
[29,   260] loss: 0.403
[29,   270] loss: 0.331
[29,   280] loss: 0.351
[29,   290] loss: 0.343
[29,   300] loss: 0.319
[29,   310] loss: 0.388
[29,   320] loss: 0.321
[29,   330] loss: 0.303
[29,   340] loss: 0.292
[29,   350] loss: 0.264
[29,   360] loss: 0.309
[29,   370] loss: 0.357
[29,   380] loss: 0.340
[29,   390] loss: 0.315
[29,   400] loss: 0.376
VALIDATION loss: 0.2968890368938446
[30,    10] loss: 0.321
[30,    20] loss: 0.347
[30,    30] loss: 0.323
[30,    40] loss: 0.312
[30,    50] loss: 0.337
[30,    60] loss: 0.328
[30,    70] loss: 0.272
[30,    80] loss: 0.317
[30,    90] loss: 0.352
[30,   100] loss: 0.373
[30,   110] loss: 0.359
[30,   120] loss: 0.377
[30,   130] loss: 0.235
[30,   140] loss: 0.289
[30,   150] loss: 0.323
[30,   160] loss: 0.292
[30,   170] loss: 0.399
[30,   180] loss: 0.277
[30,   190] loss: 0.309
[30,   200] loss: 0.310
[30,   210] loss: 0.368
[30,   220] loss: 0.336
[30,   230] loss: 0.334
[30,   240] loss: 0.326
[30,   250] loss: 0.271
[30,   260] loss: 0.294
[30,   270] loss: 0.303
[30,   280] loss: 0.359
[30,   290] loss: 0.331
[30,   300] loss: 0.318
[30,   310] loss: 0.290
[30,   320] loss: 0.272
[30,   330] loss: 0.305
[30,   340] loss: 0.323
[30,   350] loss: 0.377
[30,   360] loss: 0.334
[30,   370] loss: 0.331
[30,   380] loss: 0.322
[30,   390] loss: 0.279
[30,   400] loss: 0.303
VALIDATION loss: 0.2727099359035492
[31,    10] loss: 0.286
[31,    20] loss: 0.352
[31,    30] loss: 0.280
[31,    40] loss: 0.283
[31,    50] loss: 0.273
[31,    60] loss: 0.335
[31,    70] loss: 0.356
[31,    80] loss: 0.294
[31,    90] loss: 0.318
[31,   100] loss: 0.320
[31,   110] loss: 0.339
[31,   120] loss: 0.403
[31,   130] loss: 0.313
[31,   140] loss: 0.313
[31,   150] loss: 0.223
[31,   160] loss: 0.248
[31,   170] loss: 0.260
[31,   180] loss: 0.327
[31,   190] loss: 0.308
[31,   200] loss: 0.306
[31,   210] loss: 0.334
[31,   220] loss: 0.285
[31,   230] loss: 0.323
[31,   240] loss: 0.262
[31,   250] loss: 0.356
[31,   260] loss: 0.280
[31,   270] loss: 0.323
[31,   280] loss: 0.294
[31,   290] loss: 0.337
[31,   300] loss: 0.345
[31,   310] loss: 0.312
[31,   320] loss: 0.324
[31,   330] loss: 0.326
[31,   340] loss: 0.325
[31,   350] loss: 0.317
[31,   360] loss: 0.331
[31,   370] loss: 0.286
[31,   380] loss: 0.284
[31,   390] loss: 0.410
[31,   400] loss: 0.371
VALIDATION loss: 0.30364400148391724
[32,    10] loss: 0.317
[32,    20] loss: 0.347
[32,    30] loss: 0.304
[32,    40] loss: 0.299
[32,    50] loss: 0.362
[32,    60] loss: 0.371
[32,    70] loss: 0.274
[32,    80] loss: 0.277
[32,    90] loss: 0.236
[32,   100] loss: 0.306
[32,   110] loss: 0.280
[32,   120] loss: 0.319
[32,   130] loss: 0.307
[32,   140] loss: 0.311
[32,   150] loss: 0.342
[32,   160] loss: 0.307
[32,   170] loss: 0.249
[32,   180] loss: 0.338
[32,   190] loss: 0.319
[32,   200] loss: 0.261
[32,   210] loss: 0.225
[32,   220] loss: 0.302
[32,   230] loss: 0.307
[32,   240] loss: 0.311
[32,   250] loss: 0.272
[32,   260] loss: 0.396
[32,   270] loss: 0.315
[32,   280] loss: 0.275
[32,   290] loss: 0.304
[32,   300] loss: 0.311
[32,   310] loss: 0.244
[32,   320] loss: 0.378
[32,   330] loss: 0.319
[32,   340] loss: 0.322
[32,   350] loss: 0.306
[32,   360] loss: 0.329
[32,   370] loss: 0.305
[32,   380] loss: 0.336
[32,   390] loss: 0.279
[32,   400] loss: 0.285
VALIDATION loss: 1.1387051343917847
[33,    10] loss: 0.261
[33,    20] loss: 0.313
[33,    30] loss: 0.302
[33,    40] loss: 0.304
[33,    50] loss: 0.286
[33,    60] loss: 0.277
[33,    70] loss: 0.310
[33,    80] loss: 0.286
[33,    90] loss: 0.310
[33,   100] loss: 0.329
[33,   110] loss: 0.284
[33,   120] loss: 0.278
[33,   130] loss: 0.293
[33,   140] loss: 0.294
[33,   150] loss: 0.249
[33,   160] loss: 0.382
[33,   170] loss: 0.230
[33,   180] loss: 0.311
[33,   190] loss: 0.266
[33,   200] loss: 0.312
[33,   210] loss: 0.267
[33,   220] loss: 0.293
[33,   230] loss: 0.235
[33,   240] loss: 0.266
[33,   250] loss: 0.275
[33,   260] loss: 0.385
[33,   270] loss: 0.323
[33,   280] loss: 0.235
[33,   290] loss: 0.310
[33,   300] loss: 0.298
[33,   310] loss: 0.303
[33,   320] loss: 0.338
[33,   330] loss: 0.291
[33,   340] loss: 0.264
[33,   350] loss: 0.245
[33,   360] loss: 0.341
[33,   370] loss: 0.326
[33,   380] loss: 0.362
[33,   390] loss: 0.350
[33,   400] loss: 0.305
VALIDATION loss: 0.31408604979515076
[34,    10] loss: 0.304
[34,    20] loss: 0.302
[34,    30] loss: 0.360
[34,    40] loss: 0.277
[34,    50] loss: 0.232
[34,    60] loss: 0.262
[34,    70] loss: 0.389
[34,    80] loss: 0.268
[34,    90] loss: 0.326
[34,   100] loss: 0.313
[34,   110] loss: 0.273
[34,   120] loss: 0.284
[34,   130] loss: 0.316
[34,   140] loss: 0.264
[34,   150] loss: 0.329
[34,   160] loss: 0.254
[34,   170] loss: 0.279
[34,   180] loss: 0.270
[34,   190] loss: 0.331
[34,   200] loss: 0.329
[34,   210] loss: 0.334
[34,   220] loss: 0.297
[34,   230] loss: 0.222
[34,   240] loss: 0.271
[34,   250] loss: 0.292
[34,   260] loss: 0.304
[34,   270] loss: 0.217
[34,   280] loss: 0.294
[34,   290] loss: 0.293
[34,   300] loss: 0.368
[34,   310] loss: 0.298
[34,   320] loss: 0.360
[34,   330] loss: 0.295
[34,   340] loss: 0.298
[34,   350] loss: 0.281
[34,   360] loss: 0.277
[34,   370] loss: 0.322
[34,   380] loss: 0.292
[34,   390] loss: 0.312
[34,   400] loss: 0.292
VALIDATION loss: 0.9294726252555847
[35,    10] loss: 0.305
[35,    20] loss: 0.317
[35,    30] loss: 0.286
[35,    40] loss: 0.281
[35,    50] loss: 0.338
[35,    60] loss: 0.262
[35,    70] loss: 0.250
[35,    80] loss: 0.290
[35,    90] loss: 0.287
[35,   100] loss: 0.312
[35,   110] loss: 0.304
[35,   120] loss: 0.318
[35,   130] loss: 0.298
[35,   140] loss: 0.250
[35,   150] loss: 0.317
[35,   160] loss: 0.285
[35,   170] loss: 0.259
[35,   180] loss: 0.293
[35,   190] loss: 0.279
[35,   200] loss: 0.312
[35,   210] loss: 0.331
[35,   220] loss: 0.238
[35,   230] loss: 0.335
[35,   240] loss: 0.261
[35,   250] loss: 0.305
[35,   260] loss: 0.293
[35,   270] loss: 0.284
[35,   280] loss: 0.304
[35,   290] loss: 0.330
[35,   300] loss: 0.317
[35,   310] loss: 0.294
[35,   320] loss: 0.256
[35,   330] loss: 0.332
[35,   340] loss: 0.290
[35,   350] loss: 0.309
[35,   360] loss: 0.259
[35,   370] loss: 0.282
[35,   380] loss: 0.309
[35,   390] loss: 0.308
[35,   400] loss: 0.285
VALIDATION loss: 0.35875949263572693
[36,    10] loss: 0.343
[36,    20] loss: 0.264
[36,    30] loss: 0.244
[36,    40] loss: 0.204
[36,    50] loss: 0.272
[36,    60] loss: 0.273
[36,    70] loss: 0.248
[36,    80] loss: 0.314
[36,    90] loss: 0.300
[36,   100] loss: 0.239
[36,   110] loss: 0.280
[36,   120] loss: 0.256
[36,   130] loss: 0.246
[36,   140] loss: 0.249
[36,   150] loss: 0.341
[36,   160] loss: 0.324
[36,   170] loss: 0.331
[36,   180] loss: 0.256
[36,   190] loss: 0.257
[36,   200] loss: 0.216
[36,   210] loss: 0.253
[36,   220] loss: 0.249
[36,   230] loss: 0.281
[36,   240] loss: 0.303
[36,   250] loss: 0.261
[36,   260] loss: 0.271
[36,   270] loss: 0.225
[36,   280] loss: 0.268
[36,   290] loss: 0.311
[36,   300] loss: 0.257
[36,   310] loss: 0.231
[36,   320] loss: 0.284
[36,   330] loss: 0.293
[36,   340] loss: 0.303
[36,   350] loss: 0.293
[36,   360] loss: 0.326
[36,   370] loss: 0.348
[36,   380] loss: 0.327
[36,   390] loss: 0.303
[36,   400] loss: 0.301
VALIDATION loss: 0.3746625483036041
[37,    10] loss: 0.276
[37,    20] loss: 0.281
[37,    30] loss: 0.291
[37,    40] loss: 0.264
[37,    50] loss: 0.348
[37,    60] loss: 0.294
[37,    70] loss: 0.268
[37,    80] loss: 0.253
[37,    90] loss: 0.277
[37,   100] loss: 0.271
[37,   110] loss: 0.337
[37,   120] loss: 0.255
[37,   130] loss: 0.317
[37,   140] loss: 0.318
[37,   150] loss: 0.266
[37,   160] loss: 0.295
[37,   170] loss: 0.290
[37,   180] loss: 0.268
[37,   190] loss: 0.296
[37,   200] loss: 0.271
[37,   210] loss: 0.287
[37,   220] loss: 0.252
[37,   230] loss: 0.256
[37,   240] loss: 0.251
[37,   250] loss: 0.249
[37,   260] loss: 0.284
[37,   270] loss: 0.289
[37,   280] loss: 0.293
[37,   290] loss: 0.272
[37,   300] loss: 0.245
[37,   310] loss: 0.221
[37,   320] loss: 0.278
[37,   330] loss: 0.262
[37,   340] loss: 0.277
[37,   350] loss: 0.257
[37,   360] loss: 0.285
[37,   370] loss: 0.333
[37,   380] loss: 0.247
[37,   390] loss: 0.275
[37,   400] loss: 0.261
VALIDATION loss: 0.44046252965927124
[38,    10] loss: 0.261
[38,    20] loss: 0.291
[38,    30] loss: 0.323
[38,    40] loss: 0.245
[38,    50] loss: 0.197
[38,    60] loss: 0.323
[38,    70] loss: 0.277
[38,    80] loss: 0.234
[38,    90] loss: 0.262
[38,   100] loss: 0.319
[38,   110] loss: 0.313
[38,   120] loss: 0.260
[38,   130] loss: 0.255
[38,   140] loss: 0.253
[38,   150] loss: 0.367
[38,   160] loss: 0.277
[38,   170] loss: 0.262
[38,   180] loss: 0.269
[38,   190] loss: 0.224
[38,   200] loss: 0.308
[38,   210] loss: 0.269
[38,   220] loss: 0.262
[38,   230] loss: 0.347
[38,   240] loss: 0.267
[38,   250] loss: 0.256
[38,   260] loss: 0.291
[38,   270] loss: 0.271
[38,   280] loss: 0.222
[38,   290] loss: 0.263
[38,   300] loss: 0.261
[38,   310] loss: 0.232
[38,   320] loss: 0.259
[38,   330] loss: 0.271
[38,   340] loss: 0.294
[38,   350] loss: 0.234
[38,   360] loss: 0.316
[38,   370] loss: 0.243
[38,   380] loss: 0.252
[38,   390] loss: 0.273
[38,   400] loss: 0.318
VALIDATION loss: 1.9746252298355103
[39,    10] loss: 0.269
[39,    20] loss: 0.291
[39,    30] loss: 0.253
[39,    40] loss: 0.262
[39,    50] loss: 0.402
[39,    60] loss: 0.295
[39,    70] loss: 0.318
[39,    80] loss: 0.251
[39,    90] loss: 0.248
[39,   100] loss: 0.238
[39,   110] loss: 0.307
[39,   120] loss: 0.238
[39,   130] loss: 0.222
[39,   140] loss: 0.310
[39,   150] loss: 0.236
[39,   160] loss: 0.294
[39,   170] loss: 0.243
[39,   180] loss: 0.340
[39,   190] loss: 0.238
[39,   200] loss: 0.243
[39,   210] loss: 0.219
[39,   220] loss: 0.322
[39,   230] loss: 0.285
[39,   240] loss: 0.276
[39,   250] loss: 0.278
[39,   260] loss: 0.253
[39,   270] loss: 0.234
[39,   280] loss: 0.285
[39,   290] loss: 0.287
[39,   300] loss: 0.240
[39,   310] loss: 0.225
[39,   320] loss: 0.298
[39,   330] loss: 0.303
[39,   340] loss: 0.249
[39,   350] loss: 0.260
[39,   360] loss: 0.262
[39,   370] loss: 0.237
[39,   380] loss: 0.267
[39,   390] loss: 0.270
[39,   400] loss: 0.249
VALIDATION loss: 0.34373050928115845
[40,    10] loss: 0.276
[40,    20] loss: 0.250
[40,    30] loss: 0.291
[40,    40] loss: 0.267
[40,    50] loss: 0.317
[40,    60] loss: 0.310
[40,    70] loss: 0.260
[40,    80] loss: 0.227
[40,    90] loss: 0.285
[40,   100] loss: 0.263
[40,   110] loss: 0.257
[40,   120] loss: 0.234
[40,   130] loss: 0.264
[40,   140] loss: 0.224
[40,   150] loss: 0.241
[40,   160] loss: 0.243
[40,   170] loss: 0.255
[40,   180] loss: 0.308
[40,   190] loss: 0.393
[40,   200] loss: 0.283
[40,   210] loss: 0.267
[40,   220] loss: 0.309
[40,   230] loss: 0.251
[40,   240] loss: 0.309
[40,   250] loss: 0.264
[40,   260] loss: 0.237
[40,   270] loss: 0.332
[40,   280] loss: 0.273
[40,   290] loss: 0.303
[40,   300] loss: 0.296
[40,   310] loss: 0.292
[40,   320] loss: 0.280
[40,   330] loss: 0.317
[40,   340] loss: 0.228
[40,   350] loss: 0.248
[40,   360] loss: 0.228
[40,   370] loss: 0.221
[40,   380] loss: 0.227
[40,   390] loss: 0.276
[40,   400] loss: 0.225
VALIDATION loss: 0.6902838945388794
[41,    10] loss: 0.249
[41,    20] loss: 0.239
[41,    30] loss: 0.285
[41,    40] loss: 0.260
[41,    50] loss: 0.260
[41,    60] loss: 0.295
[41,    70] loss: 0.281
[41,    80] loss: 0.234
[41,    90] loss: 0.265
[41,   100] loss: 0.282
[41,   110] loss: 0.222
[41,   120] loss: 0.268
[41,   130] loss: 0.267
[41,   140] loss: 0.220
[41,   150] loss: 0.216
[41,   160] loss: 0.250
[41,   170] loss: 0.291
[41,   180] loss: 0.237
[41,   190] loss: 0.266
[41,   200] loss: 0.243
[41,   210] loss: 0.278
[41,   220] loss: 0.274
[41,   230] loss: 0.205
[41,   240] loss: 0.316
[41,   250] loss: 0.295
[41,   260] loss: 0.270
[41,   270] loss: 0.283
[41,   280] loss: 0.267
[41,   290] loss: 0.256
[41,   300] loss: 0.298
[41,   310] loss: 0.238
[41,   320] loss: 0.226
[41,   330] loss: 0.324
[41,   340] loss: 0.251
[41,   350] loss: 0.300
[41,   360] loss: 0.200
[41,   370] loss: 0.274
[41,   380] loss: 0.227
[41,   390] loss: 0.211
[41,   400] loss: 0.268
VALIDATION loss: 0.21179428696632385
[42,    10] loss: 0.223
[42,    20] loss: 0.234
[42,    30] loss: 0.274
[42,    40] loss: 0.239
[42,    50] loss: 0.282
[42,    60] loss: 0.260
[42,    70] loss: 0.244
[42,    80] loss: 0.256
[42,    90] loss: 0.242
[42,   100] loss: 0.236
[42,   110] loss: 0.208
[42,   120] loss: 0.255
[42,   130] loss: 0.305
[42,   140] loss: 0.251
[42,   150] loss: 0.217
[42,   160] loss: 0.193
[42,   170] loss: 0.298
[42,   180] loss: 0.343
[42,   190] loss: 0.266
[42,   200] loss: 0.302
[42,   210] loss: 0.282
[42,   220] loss: 0.274
[42,   230] loss: 0.267
[42,   240] loss: 0.257
[42,   250] loss: 0.242
[42,   260] loss: 0.310
[42,   270] loss: 0.207
[42,   280] loss: 0.239
[42,   290] loss: 0.283
[42,   300] loss: 0.249
[42,   310] loss: 0.274
[42,   320] loss: 0.219
[42,   330] loss: 0.247
[42,   340] loss: 0.288
[42,   350] loss: 0.247
[42,   360] loss: 0.213
[42,   370] loss: 0.222
[42,   380] loss: 0.269
[42,   390] loss: 0.242
[42,   400] loss: 0.207
VALIDATION loss: 0.237298384308815
[43,    10] loss: 0.245
[43,    20] loss: 0.169
[43,    30] loss: 0.260
[43,    40] loss: 0.234
[43,    50] loss: 0.229
[43,    60] loss: 0.226
[43,    70] loss: 0.232
[43,    80] loss: 0.235
[43,    90] loss: 0.214
[43,   100] loss: 0.246
[43,   110] loss: 0.229
[43,   120] loss: 0.239
[43,   130] loss: 0.296
[43,   140] loss: 0.217
[43,   150] loss: 0.215
[43,   160] loss: 0.201
[43,   170] loss: 0.248
[43,   180] loss: 0.244
[43,   190] loss: 0.225
[43,   200] loss: 0.250
[43,   210] loss: 0.227
[43,   220] loss: 0.221
[43,   230] loss: 0.253
[43,   240] loss: 0.306
[43,   250] loss: 0.218
[43,   260] loss: 0.241
[43,   270] loss: 0.260
[43,   280] loss: 0.291
[43,   290] loss: 0.273
[43,   300] loss: 0.261
[43,   310] loss: 0.256
[43,   320] loss: 0.246
[43,   330] loss: 0.313
[43,   340] loss: 0.186
[43,   350] loss: 0.253
[43,   360] loss: 0.217
[43,   370] loss: 0.264
[43,   380] loss: 0.251
[43,   390] loss: 0.340
[43,   400] loss: 0.251
VALIDATION loss: 0.47769153118133545
[44,    10] loss: 0.275
[44,    20] loss: 0.255
[44,    30] loss: 0.218
[44,    40] loss: 0.190
[44,    50] loss: 0.225
[44,    60] loss: 0.229
[44,    70] loss: 0.250
[44,    80] loss: 0.274
[44,    90] loss: 0.244
[44,   100] loss: 0.219
[44,   110] loss: 0.234
[44,   120] loss: 0.210
[44,   130] loss: 0.254
[44,   140] loss: 0.225
[44,   150] loss: 0.202
[44,   160] loss: 0.280
[44,   170] loss: 0.247
[44,   180] loss: 0.248
[44,   190] loss: 0.294
[44,   200] loss: 0.258
[44,   210] loss: 0.259
[44,   220] loss: 0.294
[44,   230] loss: 0.287
[44,   240] loss: 0.228
[44,   250] loss: 0.235
[44,   260] loss: 0.262
[44,   270] loss: 0.285
[44,   280] loss: 0.264
[44,   290] loss: 0.276
[44,   300] loss: 0.251
[44,   310] loss: 0.258
[44,   320] loss: 0.228
[44,   330] loss: 0.248
[44,   340] loss: 0.207
[44,   350] loss: 0.259
[44,   360] loss: 0.277
[44,   370] loss: 0.210
[44,   380] loss: 0.201
[44,   390] loss: 0.228
[44,   400] loss: 0.227
VALIDATION loss: 0.25503137707710266
[45,    10] loss: 0.214
[45,    20] loss: 0.235
[45,    30] loss: 0.234
[45,    40] loss: 0.245
[45,    50] loss: 0.258
[45,    60] loss: 0.237
[45,    70] loss: 0.240
[45,    80] loss: 0.205
[45,    90] loss: 0.243
[45,   100] loss: 0.288
[45,   110] loss: 0.278
[45,   120] loss: 0.283
[45,   130] loss: 0.257
[45,   140] loss: 0.227
[45,   150] loss: 0.255
[45,   160] loss: 0.196
[45,   170] loss: 0.184
[45,   180] loss: 0.261
[45,   190] loss: 0.218
[45,   200] loss: 0.232
[45,   210] loss: 0.256
[45,   220] loss: 0.267
[45,   230] loss: 0.238
[45,   240] loss: 0.218
[45,   250] loss: 0.285
[45,   260] loss: 0.248
[45,   270] loss: 0.215
[45,   280] loss: 0.244
[45,   290] loss: 0.283
[45,   300] loss: 0.267
[45,   310] loss: 0.275
[45,   320] loss: 0.207
[45,   330] loss: 0.285
[45,   340] loss: 0.264
[45,   350] loss: 0.296
[45,   360] loss: 0.225
[45,   370] loss: 0.238
[45,   380] loss: 0.240
[45,   390] loss: 0.249
[45,   400] loss: 0.242
VALIDATION loss: 0.2686038017272949
[46,    10] loss: 0.192
[46,    20] loss: 0.280
[46,    30] loss: 0.265
[46,    40] loss: 0.227
[46,    50] loss: 0.232
[46,    60] loss: 0.197
[46,    70] loss: 0.257
[46,    80] loss: 0.283
[46,    90] loss: 0.243
[46,   100] loss: 0.207
[46,   110] loss: 0.236
[46,   120] loss: 0.233
[46,   130] loss: 0.294
[46,   140] loss: 0.268
[46,   150] loss: 0.238
[46,   160] loss: 0.165
[46,   170] loss: 0.266
[46,   180] loss: 0.228
[46,   190] loss: 0.260
[46,   200] loss: 0.266
[46,   210] loss: 0.261
[46,   220] loss: 0.242
[46,   230] loss: 0.266
[46,   240] loss: 0.221
[46,   250] loss: 0.323
[46,   260] loss: 0.240
[46,   270] loss: 0.177
[46,   280] loss: 0.209
[46,   290] loss: 0.215
[46,   300] loss: 0.170
[46,   310] loss: 0.248
[46,   320] loss: 0.209
[46,   330] loss: 0.253
[46,   340] loss: 0.250
[46,   350] loss: 0.303
[46,   360] loss: 0.276
[46,   370] loss: 0.208
[46,   380] loss: 0.222
[46,   390] loss: 0.243
[46,   400] loss: 0.227
VALIDATION loss: 0.2865590751171112
[47,    10] loss: 0.211
[47,    20] loss: 0.192
[47,    30] loss: 0.253
[47,    40] loss: 0.187
[47,    50] loss: 0.194
[47,    60] loss: 0.276
[47,    70] loss: 0.237
[47,    80] loss: 0.261
[47,    90] loss: 0.207
[47,   100] loss: 0.229
[47,   110] loss: 0.221
[47,   120] loss: 0.231
[47,   130] loss: 0.213
[47,   140] loss: 0.284
[47,   150] loss: 0.237
[47,   160] loss: 0.247
[47,   170] loss: 0.273
[47,   180] loss: 0.241
[47,   190] loss: 0.241
[47,   200] loss: 0.292
[47,   210] loss: 0.223
[47,   220] loss: 0.227
[47,   230] loss: 0.216
[47,   240] loss: 0.240
[47,   250] loss: 0.242
[47,   260] loss: 0.204
[47,   270] loss: 0.256
[47,   280] loss: 0.240
[47,   290] loss: 0.257
[47,   300] loss: 0.215
[47,   310] loss: 0.265
[47,   320] loss: 0.221
[47,   330] loss: 0.252
[47,   340] loss: 0.227
[47,   350] loss: 0.278
[47,   360] loss: 0.253
[47,   370] loss: 0.188
[47,   380] loss: 0.237
[47,   390] loss: 0.263
[47,   400] loss: 0.214
VALIDATION loss: 1.0882210731506348
[48,    10] loss: 0.213
[48,    20] loss: 0.242
[48,    30] loss: 0.174
[48,    40] loss: 0.231
[48,    50] loss: 0.177
[48,    60] loss: 0.265
[48,    70] loss: 0.212
[48,    80] loss: 0.212
[48,    90] loss: 0.217
[48,   100] loss: 0.218
[48,   110] loss: 0.279
[48,   120] loss: 0.239
[48,   130] loss: 0.247
[48,   140] loss: 0.194
[48,   150] loss: 0.194
[48,   160] loss: 0.259
[48,   170] loss: 0.298
[48,   180] loss: 0.245
[48,   190] loss: 0.225
[48,   200] loss: 0.253
[48,   210] loss: 0.238
[48,   220] loss: 0.238
[48,   230] loss: 0.159
[48,   240] loss: 0.263
[48,   250] loss: 0.262
[48,   260] loss: 0.266
[48,   270] loss: 0.260
[48,   280] loss: 0.244
[48,   290] loss: 0.229
[48,   300] loss: 0.203
[48,   310] loss: 0.217
[48,   320] loss: 0.251
[48,   330] loss: 0.224
[48,   340] loss: 0.243
[48,   350] loss: 0.249
[48,   360] loss: 0.230
[48,   370] loss: 0.288
[48,   380] loss: 0.226
[48,   390] loss: 0.197
[48,   400] loss: 0.257
VALIDATION loss: 0.3096773028373718
[49,    10] loss: 0.218
[49,    20] loss: 0.247
[49,    30] loss: 0.235
[49,    40] loss: 0.212
[49,    50] loss: 0.192
[49,    60] loss: 0.216
[49,    70] loss: 0.222
[49,    80] loss: 0.187
[49,    90] loss: 0.186
[49,   100] loss: 0.173
[49,   110] loss: 0.202
[49,   120] loss: 0.214
[49,   130] loss: 0.209
[49,   140] loss: 0.223
[49,   150] loss: 0.243
[49,   160] loss: 0.226
[49,   170] loss: 0.229
[49,   180] loss: 0.255
[49,   190] loss: 0.241
[49,   200] loss: 0.209
[49,   210] loss: 0.222
[49,   220] loss: 0.265
[49,   230] loss: 0.262
[49,   240] loss: 0.274
[49,   250] loss: 0.216
[49,   260] loss: 0.250
[49,   270] loss: 0.263
[49,   280] loss: 0.229
[49,   290] loss: 0.230
[49,   300] loss: 0.281
[49,   310] loss: 0.237
[49,   320] loss: 0.226
[49,   330] loss: 0.257
[49,   340] loss: 0.252
[49,   350] loss: 0.250
[49,   360] loss: 0.251
[49,   370] loss: 0.280
[49,   380] loss: 0.231
[49,   390] loss: 0.175
[49,   400] loss: 0.257
VALIDATION loss: 0.46871867775917053
[50,    10] loss: 0.227
[50,    20] loss: 0.208
[50,    30] loss: 0.241
[50,    40] loss: 0.209
[50,    50] loss: 0.206
[50,    60] loss: 0.176
[50,    70] loss: 0.188
[50,    80] loss: 0.227
[50,    90] loss: 0.177
[50,   100] loss: 0.264
[50,   110] loss: 0.212
[50,   120] loss: 0.260
[50,   130] loss: 0.228
[50,   140] loss: 0.242
[50,   150] loss: 0.222
[50,   160] loss: 0.249
[50,   170] loss: 0.243
[50,   180] loss: 0.266
[50,   190] loss: 0.239
[50,   200] loss: 0.211
[50,   210] loss: 0.265
[50,   220] loss: 0.213
[50,   230] loss: 0.246
[50,   240] loss: 0.234
[50,   250] loss: 0.236
[50,   260] loss: 0.226
[50,   270] loss: 0.242
[50,   280] loss: 0.189
[50,   290] loss: 0.252
[50,   300] loss: 0.213
[50,   310] loss: 0.208
[50,   320] loss: 0.224
[50,   330] loss: 0.266
[50,   340] loss: 0.255
[50,   350] loss: 0.208
[50,   360] loss: 0.263
[50,   370] loss: 0.221
[50,   380] loss: 0.199
[50,   390] loss: 0.265
[50,   400] loss: 0.237
VALIDATION loss: 0.35499104857444763
[51,    10] loss: 0.185
[51,    20] loss: 0.241
[51,    30] loss: 0.239
[51,    40] loss: 0.230
[51,    50] loss: 0.238
[51,    60] loss: 0.260
[51,    70] loss: 0.273
[51,    80] loss: 0.186
[51,    90] loss: 0.246
[51,   100] loss: 0.212
[51,   110] loss: 0.134
[51,   120] loss: 0.201
[51,   130] loss: 0.221
[51,   140] loss: 0.291
[51,   150] loss: 0.180
[51,   160] loss: 0.221
[51,   170] loss: 0.280
[51,   180] loss: 0.199
[51,   190] loss: 0.235
[51,   200] loss: 0.188
[51,   210] loss: 0.214
[51,   220] loss: 0.262
[51,   230] loss: 0.212
[51,   240] loss: 0.212
[51,   250] loss: 0.260
[51,   260] loss: 0.211
[51,   270] loss: 0.213
[51,   280] loss: 0.236
[51,   290] loss: 0.182
[51,   300] loss: 0.240
[51,   310] loss: 0.215
[51,   320] loss: 0.217
[51,   330] loss: 0.173
[51,   340] loss: 0.262
[51,   350] loss: 0.245
[51,   360] loss: 0.238
[51,   370] loss: 0.224
[51,   380] loss: 0.222
[51,   390] loss: 0.185
[51,   400] loss: 0.212
VALIDATION loss: 0.20989461243152618
[52,    10] loss: 0.203
[52,    20] loss: 0.198
[52,    30] loss: 0.199
[52,    40] loss: 0.238
[52,    50] loss: 0.228
[52,    60] loss: 0.223
[52,    70] loss: 0.247
[52,    80] loss: 0.208
[52,    90] loss: 0.191
[52,   100] loss: 0.198
[52,   110] loss: 0.265
[52,   120] loss: 0.171
[52,   130] loss: 0.227
[52,   140] loss: 0.210
[52,   150] loss: 0.192
[52,   160] loss: 0.200
[52,   170] loss: 0.208
[52,   180] loss: 0.253
[52,   190] loss: 0.226
[52,   200] loss: 0.272
[52,   210] loss: 0.220
[52,   220] loss: 0.181
[52,   230] loss: 0.259
[52,   240] loss: 0.199
[52,   250] loss: 0.217
[52,   260] loss: 0.275
[52,   270] loss: 0.265
[52,   280] loss: 0.295
[52,   290] loss: 0.232
[52,   300] loss: 0.214
[52,   310] loss: 0.204
[52,   320] loss: 0.203
[52,   330] loss: 0.200
[52,   340] loss: 0.272
[52,   350] loss: 0.272
[52,   360] loss: 0.219
[52,   370] loss: 0.202
[52,   380] loss: 0.327
[52,   390] loss: 0.193
[52,   400] loss: 0.222
VALIDATION loss: 0.231935054063797
[53,    10] loss: 0.232
[53,    20] loss: 0.201
[53,    30] loss: 0.230
[53,    40] loss: 0.190
[53,    50] loss: 0.204
[53,    60] loss: 0.203
[53,    70] loss: 0.187
[53,    80] loss: 0.199
[53,    90] loss: 0.206
[53,   100] loss: 0.237
[53,   110] loss: 0.191
[53,   120] loss: 0.201
[53,   130] loss: 0.216
[53,   140] loss: 0.203
[53,   150] loss: 0.237
[53,   160] loss: 0.256
[53,   170] loss: 0.244
[53,   180] loss: 0.249
[53,   190] loss: 0.222
[53,   200] loss: 0.200
[53,   210] loss: 0.238
[53,   220] loss: 0.190
[53,   230] loss: 0.255
[53,   240] loss: 0.213
[53,   250] loss: 0.215
[53,   260] loss: 0.222
[53,   270] loss: 0.198
[53,   280] loss: 0.195
[53,   290] loss: 0.234
[53,   300] loss: 0.224
[53,   310] loss: 0.229
[53,   320] loss: 0.175
[53,   330] loss: 0.181
[53,   340] loss: 0.301
[53,   350] loss: 0.205
[53,   360] loss: 0.243
[53,   370] loss: 0.233
[53,   380] loss: 0.256
[53,   390] loss: 0.193
[53,   400] loss: 0.209
VALIDATION loss: 0.2695823311805725
[54,    10] loss: 0.267
[54,    20] loss: 0.251
[54,    30] loss: 0.219
[54,    40] loss: 0.208
[54,    50] loss: 0.186
[54,    60] loss: 0.211
[54,    70] loss: 0.229
[54,    80] loss: 0.277
[54,    90] loss: 0.208
[54,   100] loss: 0.286
[54,   110] loss: 0.208
[54,   120] loss: 0.215
[54,   130] loss: 0.152
[54,   140] loss: 0.210
[54,   150] loss: 0.237
[54,   160] loss: 0.212
[54,   170] loss: 0.200
[54,   180] loss: 0.187
[54,   190] loss: 0.215
[54,   200] loss: 0.214
[54,   210] loss: 0.253
[54,   220] loss: 0.253
[54,   230] loss: 0.223
[54,   240] loss: 0.241
[54,   250] loss: 0.247
[54,   260] loss: 0.220
[54,   270] loss: 0.174
[54,   280] loss: 0.247
[54,   290] loss: 0.264
[54,   300] loss: 0.266
[54,   310] loss: 0.223
[54,   320] loss: 0.228
[54,   330] loss: 0.209
[54,   340] loss: 0.223
[54,   350] loss: 0.209
[54,   360] loss: 0.164
[54,   370] loss: 0.203
[54,   380] loss: 0.213
[54,   390] loss: 0.214
[54,   400] loss: 0.221
VALIDATION loss: 0.6661937832832336
[55,    10] loss: 0.188
[55,    20] loss: 0.172
[55,    30] loss: 0.180
[55,    40] loss: 0.197
[55,    50] loss: 0.170
[55,    60] loss: 0.204
[55,    70] loss: 0.213
[55,    80] loss: 0.215
[55,    90] loss: 0.235
[55,   100] loss: 0.265
[55,   110] loss: 0.186
[55,   120] loss: 0.239
[55,   130] loss: 0.278
[55,   140] loss: 0.221
[55,   150] loss: 0.238
[55,   160] loss: 0.228
[55,   170] loss: 0.225
[55,   180] loss: 0.226
[55,   190] loss: 0.234
[55,   200] loss: 0.219
[55,   210] loss: 0.220
[55,   220] loss: 0.237
[55,   230] loss: 0.240
[55,   240] loss: 0.230
[55,   250] loss: 0.245
[55,   260] loss: 0.267
[55,   270] loss: 0.230
[55,   280] loss: 0.306
[55,   290] loss: 0.223
[55,   300] loss: 0.193
[55,   310] loss: 0.227
[55,   320] loss: 0.177
[55,   330] loss: 0.226
[55,   340] loss: 0.188
[55,   350] loss: 0.182
[55,   360] loss: 0.217
[55,   370] loss: 0.201
[55,   380] loss: 0.249
[55,   390] loss: 0.219
[55,   400] loss: 0.224
VALIDATION loss: 0.26883432269096375
[56,    10] loss: 0.176
[56,    20] loss: 0.245
[56,    30] loss: 0.235
[56,    40] loss: 0.187
[56,    50] loss: 0.197
[56,    60] loss: 0.198
[56,    70] loss: 0.188
[56,    80] loss: 0.207
[56,    90] loss: 0.168
[56,   100] loss: 0.262
[56,   110] loss: 0.190
[56,   120] loss: 0.237
[56,   130] loss: 0.208
[56,   140] loss: 0.239
[56,   150] loss: 0.258
[56,   160] loss: 0.192
[56,   170] loss: 0.212
[56,   180] loss: 0.255
[56,   190] loss: 0.232
[56,   200] loss: 0.207
[56,   210] loss: 0.212
[56,   220] loss: 0.203
[56,   230] loss: 0.240
[56,   240] loss: 0.215
[56,   250] loss: 0.211
[56,   260] loss: 0.249
[56,   270] loss: 0.194
[56,   280] loss: 0.217
[56,   290] loss: 0.207
[56,   300] loss: 0.142
[56,   310] loss: 0.267
[56,   320] loss: 0.237
[56,   330] loss: 0.226
[56,   340] loss: 0.193
[56,   350] loss: 0.176
[56,   360] loss: 0.194
[56,   370] loss: 0.241
[56,   380] loss: 0.193
[56,   390] loss: 0.242
[56,   400] loss: 0.217
VALIDATION loss: 0.27670401334762573
[57,    10] loss: 0.240
[57,    20] loss: 0.225
[57,    30] loss: 0.230
[57,    40] loss: 0.258
[57,    50] loss: 0.222
[57,    60] loss: 0.210
[57,    70] loss: 0.186
[57,    80] loss: 0.207
[57,    90] loss: 0.233
[57,   100] loss: 0.214
[57,   110] loss: 0.177
[57,   120] loss: 0.214
[57,   130] loss: 0.205
[57,   140] loss: 0.183
[57,   150] loss: 0.199
[57,   160] loss: 0.250
[57,   170] loss: 0.249
[57,   180] loss: 0.226
[57,   190] loss: 0.276
[57,   200] loss: 0.230
[57,   210] loss: 0.196
[57,   220] loss: 0.199
[57,   230] loss: 0.197
[57,   240] loss: 0.202
[57,   250] loss: 0.208
[57,   260] loss: 0.201
[57,   270] loss: 0.195
[57,   280] loss: 0.192
[57,   290] loss: 0.233
[57,   300] loss: 0.240
[57,   310] loss: 0.191
[57,   320] loss: 0.256
[57,   330] loss: 0.184
[57,   340] loss: 0.194
[57,   350] loss: 0.197
[57,   360] loss: 0.203
[57,   370] loss: 0.238
[57,   380] loss: 0.211
[57,   390] loss: 0.236
[57,   400] loss: 0.206
VALIDATION loss: 2.254004955291748
[58,    10] loss: 0.203
[58,    20] loss: 0.218
[58,    30] loss: 0.209
[58,    40] loss: 0.229
[58,    50] loss: 0.233
[58,    60] loss: 0.210
[58,    70] loss: 0.210
[58,    80] loss: 0.267
[58,    90] loss: 0.177
[58,   100] loss: 0.192
[58,   110] loss: 0.179
[58,   120] loss: 0.218
[58,   130] loss: 0.235
[58,   140] loss: 0.200
[58,   150] loss: 0.267
[58,   160] loss: 0.187
[58,   170] loss: 0.212
[58,   180] loss: 0.234
[58,   190] loss: 0.237
[58,   200] loss: 0.200
[58,   210] loss: 0.229
[58,   220] loss: 0.179
[58,   230] loss: 0.178
[58,   240] loss: 0.190
[58,   250] loss: 0.206
[58,   260] loss: 0.189
[58,   270] loss: 0.213
[58,   280] loss: 0.159
[58,   290] loss: 0.198
[58,   300] loss: 0.181
[58,   310] loss: 0.251
[58,   320] loss: 0.220
[58,   330] loss: 0.198
[58,   340] loss: 0.232
[58,   350] loss: 0.220
[58,   360] loss: 0.224
[58,   370] loss: 0.228
[58,   380] loss: 0.150
[58,   390] loss: 0.213
[58,   400] loss: 0.208
VALIDATION loss: 0.47864875197410583
[59,    10] loss: 0.169
[59,    20] loss: 0.135
[59,    30] loss: 0.230
[59,    40] loss: 0.190
[59,    50] loss: 0.200
[59,    60] loss: 0.178
[59,    70] loss: 0.223
[59,    80] loss: 0.181
[59,    90] loss: 0.211
[59,   100] loss: 0.202
[59,   110] loss: 0.221
[59,   120] loss: 0.213
[59,   130] loss: 0.177
[59,   140] loss: 0.243
[59,   150] loss: 0.210
[59,   160] loss: 0.232
[59,   170] loss: 0.204
[59,   180] loss: 0.213
[59,   190] loss: 0.208
[59,   200] loss: 0.199
[59,   210] loss: 0.235
[59,   220] loss: 0.205
[59,   230] loss: 0.213
[59,   240] loss: 0.238
[59,   250] loss: 0.246
[59,   260] loss: 0.245
[59,   270] loss: 0.178
[59,   280] loss: 0.173
[59,   290] loss: 0.209
[59,   300] loss: 0.216
[59,   310] loss: 0.233
[59,   320] loss: 0.181
[59,   330] loss: 0.209
[59,   340] loss: 0.237
[59,   350] loss: 0.183
[59,   360] loss: 0.193
[59,   370] loss: 0.204
[59,   380] loss: 0.169
[59,   390] loss: 0.177
[59,   400] loss: 0.170
VALIDATION loss: 0.1856287717819214
[60,    10] loss: 0.201
[60,    20] loss: 0.174
[60,    30] loss: 0.169
[60,    40] loss: 0.202
[60,    50] loss: 0.227
[60,    60] loss: 0.186
[60,    70] loss: 0.248
[60,    80] loss: 0.154
[60,    90] loss: 0.186
[60,   100] loss: 0.219
[60,   110] loss: 0.220
[60,   120] loss: 0.190
[60,   130] loss: 0.159
[60,   140] loss: 0.208
[60,   150] loss: 0.152
[60,   160] loss: 0.224
[60,   170] loss: 0.244
[60,   180] loss: 0.194
[60,   190] loss: 0.169
[60,   200] loss: 0.233
[60,   210] loss: 0.246
[60,   220] loss: 0.224
[60,   230] loss: 0.180
[60,   240] loss: 0.200
[60,   250] loss: 0.185
[60,   260] loss: 0.233
[60,   270] loss: 0.229
[60,   280] loss: 0.226
[60,   290] loss: 0.255
[60,   300] loss: 0.210
[60,   310] loss: 0.222
[60,   320] loss: 0.212
[60,   330] loss: 0.217
[60,   340] loss: 0.207
[60,   350] loss: 0.208
[60,   360] loss: 0.200
[60,   370] loss: 0.198
[60,   380] loss: 0.274
[60,   390] loss: 0.206
[60,   400] loss: 0.186
VALIDATION loss: 0.1876315027475357
[61,    10] loss: 0.207
[61,    20] loss: 0.202
[61,    30] loss: 0.283
[61,    40] loss: 0.201
[61,    50] loss: 0.205
[61,    60] loss: 0.226
[61,    70] loss: 0.191
[61,    80] loss: 0.186
[61,    90] loss: 0.203
[61,   100] loss: 0.176
[61,   110] loss: 0.220
[61,   120] loss: 0.155
[61,   130] loss: 0.201
[61,   140] loss: 0.181
[61,   150] loss: 0.196
[61,   160] loss: 0.204
[61,   170] loss: 0.205
[61,   180] loss: 0.172
[61,   190] loss: 0.217
[61,   200] loss: 0.223
[61,   210] loss: 0.206
[61,   220] loss: 0.281
[61,   230] loss: 0.227
[61,   240] loss: 0.247
[61,   250] loss: 0.248
[61,   260] loss: 0.212
[61,   270] loss: 0.212
[61,   280] loss: 0.215
[61,   290] loss: 0.185
[61,   300] loss: 0.211
[61,   310] loss: 0.185
[61,   320] loss: 0.184
[61,   330] loss: 0.188
[61,   340] loss: 0.199
[61,   350] loss: 0.185
[61,   360] loss: 0.203
[61,   370] loss: 0.195
[61,   380] loss: 0.186
[61,   390] loss: 0.157
[61,   400] loss: 0.214
VALIDATION loss: 0.17760466039180756
[62,    10] loss: 0.206
[62,    20] loss: 0.216
[62,    30] loss: 0.178
[62,    40] loss: 0.156
[62,    50] loss: 0.162
[62,    60] loss: 0.238
[62,    70] loss: 0.199
[62,    80] loss: 0.220
[62,    90] loss: 0.223
[62,   100] loss: 0.200
[62,   110] loss: 0.206
[62,   120] loss: 0.216
[62,   130] loss: 0.207
[62,   140] loss: 0.210
[62,   150] loss: 0.188
[62,   160] loss: 0.190
[62,   170] loss: 0.170
[62,   180] loss: 0.147
[62,   190] loss: 0.226
[62,   200] loss: 0.249
[62,   210] loss: 0.175
[62,   220] loss: 0.186
[62,   230] loss: 0.190
[62,   240] loss: 0.226
[62,   250] loss: 0.184
[62,   260] loss: 0.192
[62,   270] loss: 0.214
[62,   280] loss: 0.226
[62,   290] loss: 0.180
[62,   300] loss: 0.150
[62,   310] loss: 0.206
[62,   320] loss: 0.193
[62,   330] loss: 0.262
[62,   340] loss: 0.216
[62,   350] loss: 0.183
[62,   360] loss: 0.178
[62,   370] loss: 0.174
[62,   380] loss: 0.204
[62,   390] loss: 0.264
[62,   400] loss: 0.203
VALIDATION loss: 0.6300132870674133
[63,    10] loss: 0.160
[63,    20] loss: 0.180
[63,    30] loss: 0.183
[63,    40] loss: 0.175
[63,    50] loss: 0.161
[63,    60] loss: 0.206
[63,    70] loss: 0.199
[63,    80] loss: 0.150
[63,    90] loss: 0.236
[63,   100] loss: 0.234
[63,   110] loss: 0.198
[63,   120] loss: 0.197
[63,   130] loss: 0.216
[63,   140] loss: 0.221
[63,   150] loss: 0.227
[63,   160] loss: 0.181
[63,   170] loss: 0.172
[63,   180] loss: 0.180
[63,   190] loss: 0.252
[63,   200] loss: 0.162
[63,   210] loss: 0.185
[63,   220] loss: 0.153
[63,   230] loss: 0.208
[63,   240] loss: 0.212
[63,   250] loss: 0.185
[63,   260] loss: 0.167
[63,   270] loss: 0.176
[63,   280] loss: 0.222
[63,   290] loss: 0.192
[63,   300] loss: 0.202
[63,   310] loss: 0.181
[63,   320] loss: 0.185
[63,   330] loss: 0.187
[63,   340] loss: 0.232
[63,   350] loss: 0.223
[63,   360] loss: 0.204
[63,   370] loss: 0.186
[63,   380] loss: 0.198
[63,   390] loss: 0.184
[63,   400] loss: 0.176
VALIDATION loss: 0.20803004503250122
[64,    10] loss: 0.170
[64,    20] loss: 0.216
[64,    30] loss: 0.170
[64,    40] loss: 0.172
[64,    50] loss: 0.253
[64,    60] loss: 0.220
[64,    70] loss: 0.264
[64,    80] loss: 0.201
[64,    90] loss: 0.200
[64,   100] loss: 0.138
[64,   110] loss: 0.238
[64,   120] loss: 0.160
[64,   130] loss: 0.169
[64,   140] loss: 0.218
[64,   150] loss: 0.209
[64,   160] loss: 0.181
[64,   170] loss: 0.139
[64,   180] loss: 0.269
[64,   190] loss: 0.196
[64,   200] loss: 0.181
[64,   210] loss: 0.174
[64,   220] loss: 0.198
[64,   230] loss: 0.243
[64,   240] loss: 0.191
[64,   250] loss: 0.216
[64,   260] loss: 0.192
[64,   270] loss: 0.190
[64,   280] loss: 0.193
[64,   290] loss: 0.178
[64,   300] loss: 0.182
[64,   310] loss: 0.174
[64,   320] loss: 0.203
[64,   330] loss: 0.206
[64,   340] loss: 0.182
[64,   350] loss: 0.184
[64,   360] loss: 0.159
[64,   370] loss: 0.225
[64,   380] loss: 0.169
[64,   390] loss: 0.211
[64,   400] loss: 0.194
VALIDATION loss: 2.498131275177002
[65,    10] loss: 0.203
[65,    20] loss: 0.203
[65,    30] loss: 0.174
[65,    40] loss: 0.210
[65,    50] loss: 0.197
[65,    60] loss: 0.155
[65,    70] loss: 0.225
[65,    80] loss: 0.169
[65,    90] loss: 0.169
[65,   100] loss: 0.163
[65,   110] loss: 0.176
[65,   120] loss: 0.227
[65,   130] loss: 0.189
[65,   140] loss: 0.167
[65,   150] loss: 0.196
[65,   160] loss: 0.172
[65,   170] loss: 0.162
[65,   180] loss: 0.159
[65,   190] loss: 0.176
[65,   200] loss: 0.178
[65,   210] loss: 0.230
[65,   220] loss: 0.176
[65,   230] loss: 0.257
[65,   240] loss: 0.158
[65,   250] loss: 0.188
[65,   260] loss: 0.166
[65,   270] loss: 0.141
[65,   280] loss: 0.161
[65,   290] loss: 0.182
[65,   300] loss: 0.195
[65,   310] loss: 0.197
[65,   320] loss: 0.246
[65,   330] loss: 0.154
[65,   340] loss: 0.231
[65,   350] loss: 0.232
[65,   360] loss: 0.205
[65,   370] loss: 0.229
[65,   380] loss: 0.191
[65,   390] loss: 0.199
[65,   400] loss: 0.148
VALIDATION loss: 0.1660178005695343
[66,    10] loss: 0.155
[66,    20] loss: 0.173
[66,    30] loss: 0.215
[66,    40] loss: 0.175
[66,    50] loss: 0.176
[66,    60] loss: 0.178
[66,    70] loss: 0.141
[66,    80] loss: 0.201
[66,    90] loss: 0.206
[66,   100] loss: 0.154
[66,   110] loss: 0.208
[66,   120] loss: 0.199
[66,   130] loss: 0.164
[66,   140] loss: 0.201
[66,   150] loss: 0.166
[66,   160] loss: 0.214
[66,   170] loss: 0.224
[66,   180] loss: 0.212
[66,   190] loss: 0.153
[66,   200] loss: 0.228
[66,   210] loss: 0.232
[66,   220] loss: 0.134
[66,   230] loss: 0.198
[66,   240] loss: 0.184
[66,   250] loss: 0.174
[66,   260] loss: 0.192
[66,   270] loss: 0.158
[66,   280] loss: 0.175
[66,   290] loss: 0.245
[66,   300] loss: 0.153
[66,   310] loss: 0.215
[66,   320] loss: 0.201
[66,   330] loss: 0.221
[66,   340] loss: 0.237
[66,   350] loss: 0.214
[66,   360] loss: 0.224
[66,   370] loss: 0.233
[66,   380] loss: 0.177
[66,   390] loss: 0.154
[66,   400] loss: 0.181
VALIDATION loss: 0.20759227871894836
[67,    10] loss: 0.175
[67,    20] loss: 0.195
[67,    30] loss: 0.244
[67,    40] loss: 0.158
[67,    50] loss: 0.206
[67,    60] loss: 0.154
[67,    70] loss: 0.208
[67,    80] loss: 0.150
[67,    90] loss: 0.208
[67,   100] loss: 0.184
[67,   110] loss: 0.152
[67,   120] loss: 0.172
[67,   130] loss: 0.187
[67,   140] loss: 0.192
[67,   150] loss: 0.227
[67,   160] loss: 0.167
[67,   170] loss: 0.166
[67,   180] loss: 0.196
[67,   190] loss: 0.173
[67,   200] loss: 0.176
[67,   210] loss: 0.203
[67,   220] loss: 0.203
[67,   230] loss: 0.166
[67,   240] loss: 0.246
[67,   250] loss: 0.233
[67,   260] loss: 0.256
[67,   270] loss: 0.161
[67,   280] loss: 0.220
[67,   290] loss: 0.177
[67,   300] loss: 0.199
[67,   310] loss: 0.179
[67,   320] loss: 0.192
[67,   330] loss: 0.134
[67,   340] loss: 0.216
[67,   350] loss: 0.209
[67,   360] loss: 0.180
[67,   370] loss: 0.195
[67,   380] loss: 0.148
[67,   390] loss: 0.224
[67,   400] loss: 0.184
VALIDATION loss: 0.264372318983078
[68,    10] loss: 0.186
[68,    20] loss: 0.142
[68,    30] loss: 0.200
[68,    40] loss: 0.204
[68,    50] loss: 0.174
[68,    60] loss: 0.178
[68,    70] loss: 0.186
[68,    80] loss: 0.187
[68,    90] loss: 0.226
[68,   100] loss: 0.152
[68,   110] loss: 0.231
[68,   120] loss: 0.173
[68,   130] loss: 0.148
[68,   140] loss: 0.200
[68,   150] loss: 0.160
[68,   160] loss: 0.213
[68,   170] loss: 0.205
[68,   180] loss: 0.165
[68,   190] loss: 0.219
[68,   200] loss: 0.169
[68,   210] loss: 0.214
[68,   220] loss: 0.132
[68,   230] loss: 0.157
[68,   240] loss: 0.214
[68,   250] loss: 0.172
[68,   260] loss: 0.216
[68,   270] loss: 0.163
[68,   280] loss: 0.158
[68,   290] loss: 0.157
[68,   300] loss: 0.189
[68,   310] loss: 0.144
[68,   320] loss: 0.201
[68,   330] loss: 0.184
[68,   340] loss: 0.271
[68,   350] loss: 0.181
[68,   360] loss: 0.136
[68,   370] loss: 0.226
[68,   380] loss: 0.208
[68,   390] loss: 0.169
[68,   400] loss: 0.211
VALIDATION loss: 0.5491417050361633
[69,    10] loss: 0.192
[69,    20] loss: 0.186
[69,    30] loss: 0.180
[69,    40] loss: 0.202
[69,    50] loss: 0.179
[69,    60] loss: 0.182
[69,    70] loss: 0.205
[69,    80] loss: 0.192
[69,    90] loss: 0.174
[69,   100] loss: 0.207
[69,   110] loss: 0.139
[69,   120] loss: 0.188
[69,   130] loss: 0.212
[69,   140] loss: 0.178
[69,   150] loss: 0.177
[69,   160] loss: 0.156
[69,   170] loss: 0.227
[69,   180] loss: 0.211
[69,   190] loss: 0.185
[69,   200] loss: 0.217
[69,   210] loss: 0.197
[69,   220] loss: 0.199
[69,   230] loss: 0.141
[69,   240] loss: 0.142
[69,   250] loss: 0.167
[69,   260] loss: 0.182
[69,   270] loss: 0.186
[69,   280] loss: 0.190
[69,   290] loss: 0.191
[69,   300] loss: 0.205
[69,   310] loss: 0.239
[69,   320] loss: 0.174
[69,   330] loss: 0.193
[69,   340] loss: 0.210
[69,   350] loss: 0.262
[69,   360] loss: 0.215
[69,   370] loss: 0.244
[69,   380] loss: 0.175
[69,   390] loss: 0.207
[69,   400] loss: 0.134
VALIDATION loss: 0.24455296993255615
[70,    10] loss: 0.200
[70,    20] loss: 0.185
[70,    30] loss: 0.230
[70,    40] loss: 0.210
[70,    50] loss: 0.195
[70,    60] loss: 0.225
[70,    70] loss: 0.170
[70,    80] loss: 0.189
[70,    90] loss: 0.155
[70,   100] loss: 0.208
[70,   110] loss: 0.194
[70,   120] loss: 0.225
[70,   130] loss: 0.207
[70,   140] loss: 0.212
[70,   150] loss: 0.167
[70,   160] loss: 0.207
[70,   170] loss: 0.193
[70,   180] loss: 0.253
[70,   190] loss: 0.164
[70,   200] loss: 0.190
[70,   210] loss: 0.200
[70,   220] loss: 0.155
[70,   230] loss: 0.169
[70,   240] loss: 0.170
[70,   250] loss: 0.237
[70,   260] loss: 0.196
[70,   270] loss: 0.188
[70,   280] loss: 0.167
[70,   290] loss: 0.175
[70,   300] loss: 0.190
[70,   310] loss: 0.173
[70,   320] loss: 0.124
[70,   330] loss: 0.157
[70,   340] loss: 0.202
[70,   350] loss: 0.207
[70,   360] loss: 0.220
[70,   370] loss: 0.209
[70,   380] loss: 0.173
[70,   390] loss: 0.170
[70,   400] loss: 0.154
VALIDATION loss: 0.24597445130348206
[71,    10] loss: 0.127
[71,    20] loss: 0.202
[71,    30] loss: 0.209
[71,    40] loss: 0.153
[71,    50] loss: 0.175
[71,    60] loss: 0.180
[71,    70] loss: 0.183
[71,    80] loss: 0.178
[71,    90] loss: 0.197
[71,   100] loss: 0.119
[71,   110] loss: 0.154
[71,   120] loss: 0.202
[71,   130] loss: 0.213
[71,   140] loss: 0.168
[71,   150] loss: 0.158
[71,   160] loss: 0.131
[71,   170] loss: 0.198
[71,   180] loss: 0.177
[71,   190] loss: 0.204
[71,   200] loss: 0.223
[71,   210] loss: 0.180
[71,   220] loss: 0.203
[71,   230] loss: 0.206
[71,   240] loss: 0.156
[71,   250] loss: 0.181
[71,   260] loss: 0.164
[71,   270] loss: 0.207
[71,   280] loss: 0.186
[71,   290] loss: 0.143
[71,   300] loss: 0.169
[71,   310] loss: 0.174
[71,   320] loss: 0.185
[71,   330] loss: 0.168
[71,   340] loss: 0.231
[71,   350] loss: 0.181
[71,   360] loss: 0.155
[71,   370] loss: 0.192
[71,   380] loss: 0.203
[71,   390] loss: 0.231
[71,   400] loss: 0.178
VALIDATION loss: 0.29208987951278687
[72,    10] loss: 0.196
[72,    20] loss: 0.187
[72,    30] loss: 0.201
[72,    40] loss: 0.177
[72,    50] loss: 0.182
[72,    60] loss: 0.132
[72,    70] loss: 0.155
[72,    80] loss: 0.155
[72,    90] loss: 0.196
[72,   100] loss: 0.149
[72,   110] loss: 0.198
[72,   120] loss: 0.206
[72,   130] loss: 0.156
[72,   140] loss: 0.211
[72,   150] loss: 0.195
[72,   160] loss: 0.165
[72,   170] loss: 0.176
[72,   180] loss: 0.210
[72,   190] loss: 0.213
[72,   200] loss: 0.179
[72,   210] loss: 0.206
[72,   220] loss: 0.155
[72,   230] loss: 0.233
[72,   240] loss: 0.155
[72,   250] loss: 0.230
[72,   260] loss: 0.221
[72,   270] loss: 0.200
[72,   280] loss: 0.185
[72,   290] loss: 0.157
[72,   300] loss: 0.154
[72,   310] loss: 0.135
[72,   320] loss: 0.170
[72,   330] loss: 0.203
[72,   340] loss: 0.199
[72,   350] loss: 0.204
[72,   360] loss: 0.234
[72,   370] loss: 0.163
[72,   380] loss: 0.181
[72,   390] loss: 0.189
[72,   400] loss: 0.208
VALIDATION loss: 0.19014284014701843
[73,    10] loss: 0.171
[73,    20] loss: 0.179
[73,    30] loss: 0.146
[73,    40] loss: 0.169
[73,    50] loss: 0.148
[73,    60] loss: 0.230
[73,    70] loss: 0.190
[73,    80] loss: 0.195
[73,    90] loss: 0.150
[73,   100] loss: 0.105
[73,   110] loss: 0.201
[73,   120] loss: 0.244
[73,   130] loss: 0.169
[73,   140] loss: 0.181
[73,   150] loss: 0.150
[73,   160] loss: 0.181
[73,   170] loss: 0.159
[73,   180] loss: 0.198
[73,   190] loss: 0.232
[73,   200] loss: 0.176
[73,   210] loss: 0.195
[73,   220] loss: 0.167
[73,   230] loss: 0.196
[73,   240] loss: 0.255
[73,   250] loss: 0.216
[73,   260] loss: 0.151
[73,   270] loss: 0.174
[73,   280] loss: 0.190
[73,   290] loss: 0.208
[73,   300] loss: 0.198
[73,   310] loss: 0.201
[73,   320] loss: 0.146
[73,   330] loss: 0.169
[73,   340] loss: 0.205
[73,   350] loss: 0.161
[73,   360] loss: 0.160
[73,   370] loss: 0.172
[73,   380] loss: 0.174
[73,   390] loss: 0.143
[73,   400] loss: 0.181
VALIDATION loss: 0.18190141022205353
[74,    10] loss: 0.156
[74,    20] loss: 0.170
[74,    30] loss: 0.168
[74,    40] loss: 0.196
[74,    50] loss: 0.159
[74,    60] loss: 0.208
[74,    70] loss: 0.135
[74,    80] loss: 0.243
[74,    90] loss: 0.143
[74,   100] loss: 0.170
[74,   110] loss: 0.198
[74,   120] loss: 0.162
[74,   130] loss: 0.123
[74,   140] loss: 0.170
[74,   150] loss: 0.168
[74,   160] loss: 0.208
[74,   170] loss: 0.132
[74,   180] loss: 0.177
[74,   190] loss: 0.180
[74,   200] loss: 0.156
[74,   210] loss: 0.202
[74,   220] loss: 0.161
[74,   230] loss: 0.232
[74,   240] loss: 0.199
[74,   250] loss: 0.142
[74,   260] loss: 0.210
[74,   270] loss: 0.142
[74,   280] loss: 0.207
[74,   290] loss: 0.199
[74,   300] loss: 0.164
[74,   310] loss: 0.172
[74,   320] loss: 0.212
[74,   330] loss: 0.240
[74,   340] loss: 0.178
[74,   350] loss: 0.232
[74,   360] loss: 0.227
[74,   370] loss: 0.137
[74,   380] loss: 0.155
[74,   390] loss: 0.214
[74,   400] loss: 0.149
VALIDATION loss: 1.2462081909179688
[75,    10] loss: 0.198
[75,    20] loss: 0.211
[75,    30] loss: 0.141
[75,    40] loss: 0.191
[75,    50] loss: 0.112
[75,    60] loss: 0.183
[75,    70] loss: 0.138
[75,    80] loss: 0.164
[75,    90] loss: 0.198
[75,   100] loss: 0.178
[75,   110] loss: 0.150
[75,   120] loss: 0.133
[75,   130] loss: 0.153
[75,   140] loss: 0.161
[75,   150] loss: 0.186
[75,   160] loss: 0.177
[75,   170] loss: 0.143
[75,   180] loss: 0.187
[75,   190] loss: 0.163
[75,   200] loss: 0.137
[75,   210] loss: 0.200
[75,   220] loss: 0.188
[75,   230] loss: 0.180
[75,   240] loss: 0.157
[75,   250] loss: 0.206
[75,   260] loss: 0.174
[75,   270] loss: 0.145
[75,   280] loss: 0.216
[75,   290] loss: 0.171
[75,   300] loss: 0.224
[75,   310] loss: 0.184
[75,   320] loss: 0.223
[75,   330] loss: 0.217
[75,   340] loss: 0.237
[75,   350] loss: 0.237
[75,   360] loss: 0.181
[75,   370] loss: 0.199
[75,   380] loss: 0.193
[75,   390] loss: 0.146
[75,   400] loss: 0.187
VALIDATION loss: 0.3113315999507904
[76,    10] loss: 0.207
[76,    20] loss: 0.250
[76,    30] loss: 0.182
[76,    40] loss: 0.160
[76,    50] loss: 0.164
[76,    60] loss: 0.218
[76,    70] loss: 0.175
[76,    80] loss: 0.182
[76,    90] loss: 0.183
[76,   100] loss: 0.217
[76,   110] loss: 0.189
[76,   120] loss: 0.144
[76,   130] loss: 0.170
[76,   140] loss: 0.149
[76,   150] loss: 0.157
[76,   160] loss: 0.190
[76,   170] loss: 0.188
[76,   180] loss: 0.122
[76,   190] loss: 0.182
[76,   200] loss: 0.173
[76,   210] loss: 0.203
[76,   220] loss: 0.132
[76,   230] loss: 0.145
[76,   240] loss: 0.141
[76,   250] loss: 0.137
[76,   260] loss: 0.230
[76,   270] loss: 0.181
[76,   280] loss: 0.156
[76,   290] loss: 0.192
[76,   300] loss: 0.137
[76,   310] loss: 0.204
[76,   320] loss: 0.143
[76,   330] loss: 0.164
[76,   340] loss: 0.191
[76,   350] loss: 0.204
[76,   360] loss: 0.157
[76,   370] loss: 0.162
[76,   380] loss: 0.150
[76,   390] loss: 0.182
[76,   400] loss: 0.176
VALIDATION loss: 0.16546939313411713
[77,    10] loss: 0.160
[77,    20] loss: 0.216
[77,    30] loss: 0.148
[77,    40] loss: 0.173
[77,    50] loss: 0.162
[77,    60] loss: 0.168
[77,    70] loss: 0.206
[77,    80] loss: 0.166
[77,    90] loss: 0.164
[77,   100] loss: 0.184
[77,   110] loss: 0.160
[77,   120] loss: 0.158
[77,   130] loss: 0.219
[77,   140] loss: 0.138
[77,   150] loss: 0.160
[77,   160] loss: 0.176
[77,   170] loss: 0.160
[77,   180] loss: 0.180
[77,   190] loss: 0.184
[77,   200] loss: 0.192
[77,   210] loss: 0.183
[77,   220] loss: 0.201
[77,   230] loss: 0.193
[77,   240] loss: 0.195
[77,   250] loss: 0.175
[77,   260] loss: 0.168
[77,   270] loss: 0.188
[77,   280] loss: 0.176
[77,   290] loss: 0.189
[77,   300] loss: 0.180
[77,   310] loss: 0.250
[77,   320] loss: 0.200
[77,   330] loss: 0.177
[77,   340] loss: 0.151
[77,   350] loss: 0.175
[77,   360] loss: 0.157
[77,   370] loss: 0.149
[77,   380] loss: 0.151
[77,   390] loss: 0.181
[77,   400] loss: 0.237
VALIDATION loss: 0.2753313481807709
[78,    10] loss: 0.172
[78,    20] loss: 0.225
[78,    30] loss: 0.183
[78,    40] loss: 0.225
[78,    50] loss: 0.194
[78,    60] loss: 0.168
[78,    70] loss: 0.182
[78,    80] loss: 0.174
[78,    90] loss: 0.163
[78,   100] loss: 0.194
[78,   110] loss: 0.197
[78,   120] loss: 0.234
[78,   130] loss: 0.163
[78,   140] loss: 0.159
[78,   150] loss: 0.182
[78,   160] loss: 0.132
[78,   170] loss: 0.157
[78,   180] loss: 0.176
[78,   190] loss: 0.174
[78,   200] loss: 0.143
[78,   210] loss: 0.186
[78,   220] loss: 0.181
[78,   230] loss: 0.193
[78,   240] loss: 0.143
[78,   250] loss: 0.155
[78,   260] loss: 0.176
[78,   270] loss: 0.169
[78,   280] loss: 0.137
[78,   290] loss: 0.150
[78,   300] loss: 0.157
[78,   310] loss: 0.182
[78,   320] loss: 0.139
[78,   330] loss: 0.173
[78,   340] loss: 0.178
[78,   350] loss: 0.197
[78,   360] loss: 0.183
[78,   370] loss: 0.162
[78,   380] loss: 0.170
[78,   390] loss: 0.172
[78,   400] loss: 0.170
VALIDATION loss: 0.19462697207927704
[79,    10] loss: 0.209
[79,    20] loss: 0.129
[79,    30] loss: 0.178
[79,    40] loss: 0.186
[79,    50] loss: 0.172
[79,    60] loss: 0.192
[79,    70] loss: 0.216
[79,    80] loss: 0.244
[79,    90] loss: 0.167
[79,   100] loss: 0.238
[79,   110] loss: 0.205
[79,   120] loss: 0.147
[79,   130] loss: 0.151
[79,   140] loss: 0.168
[79,   150] loss: 0.179
[79,   160] loss: 0.225
[79,   170] loss: 0.187
[79,   180] loss: 0.168
[79,   190] loss: 0.166
[79,   200] loss: 0.179
[79,   210] loss: 0.156
[79,   220] loss: 0.205
[79,   230] loss: 0.141
[79,   240] loss: 0.120
[79,   250] loss: 0.205
[79,   260] loss: 0.159
[79,   270] loss: 0.125
[79,   280] loss: 0.179
[79,   290] loss: 0.176
[79,   300] loss: 0.163
[79,   310] loss: 0.246
[79,   320] loss: 0.199
[79,   330] loss: 0.122
[79,   340] loss: 0.178
[79,   350] loss: 0.187
[79,   360] loss: 0.159
[79,   370] loss: 0.175
[79,   380] loss: 0.199
[79,   390] loss: 0.185
[79,   400] loss: 0.170
VALIDATION loss: 0.25792890787124634
[80,    10] loss: 0.154
[80,    20] loss: 0.203
[80,    30] loss: 0.153
[80,    40] loss: 0.121
[80,    50] loss: 0.143
[80,    60] loss: 0.190
[80,    70] loss: 0.169
[80,    80] loss: 0.148
[80,    90] loss: 0.151
[80,   100] loss: 0.243
[80,   110] loss: 0.169
[80,   120] loss: 0.182
[80,   130] loss: 0.151
[80,   140] loss: 0.173
[80,   150] loss: 0.174
[80,   160] loss: 0.178
[80,   170] loss: 0.119
[80,   180] loss: 0.151
[80,   190] loss: 0.165
[80,   200] loss: 0.149
[80,   210] loss: 0.211
[80,   220] loss: 0.136
[80,   230] loss: 0.169
[80,   240] loss: 0.182
[80,   250] loss: 0.153
[80,   260] loss: 0.182
[80,   270] loss: 0.155
[80,   280] loss: 0.123
[80,   290] loss: 0.177
[80,   300] loss: 0.209
[80,   310] loss: 0.198
[80,   320] loss: 0.195
[80,   330] loss: 0.164
[80,   340] loss: 0.213
[80,   350] loss: 0.163
[80,   360] loss: 0.201
[80,   370] loss: 0.180
[80,   380] loss: 0.161
[80,   390] loss: 0.152
[80,   400] loss: 0.169
VALIDATION loss: 0.37315940856933594
[81,    10] loss: 0.162
[81,    20] loss: 0.161
[81,    30] loss: 0.196
[81,    40] loss: 0.200
[81,    50] loss: 0.179
[81,    60] loss: 0.206
[81,    70] loss: 0.155
[81,    80] loss: 0.160
[81,    90] loss: 0.169
[81,   100] loss: 0.186
[81,   110] loss: 0.135
[81,   120] loss: 0.168
[81,   130] loss: 0.128
[81,   140] loss: 0.185
[81,   150] loss: 0.221
[81,   160] loss: 0.174
[81,   170] loss: 0.197
[81,   180] loss: 0.126
[81,   190] loss: 0.190
[81,   200] loss: 0.230
[81,   210] loss: 0.190
[81,   220] loss: 0.186
[81,   230] loss: 0.172
[81,   240] loss: 0.171
[81,   250] loss: 0.192
[81,   260] loss: 0.199
[81,   270] loss: 0.145
[81,   280] loss: 0.188
[81,   290] loss: 0.184
[81,   300] loss: 0.197
[81,   310] loss: 0.170
[81,   320] loss: 0.169
[81,   330] loss: 0.187
[81,   340] loss: 0.147
[81,   350] loss: 0.183
[81,   360] loss: 0.153
[81,   370] loss: 0.162
[81,   380] loss: 0.130
[81,   390] loss: 0.199
[81,   400] loss: 0.135
VALIDATION loss: 0.15858194231987
[82,    10] loss: 0.193
[82,    20] loss: 0.210
[82,    30] loss: 0.175
[82,    40] loss: 0.126
[82,    50] loss: 0.171
[82,    60] loss: 0.133
[82,    70] loss: 0.138
[82,    80] loss: 0.188
[82,    90] loss: 0.137
[82,   100] loss: 0.141
[82,   110] loss: 0.168
[82,   120] loss: 0.172
[82,   130] loss: 0.174
[82,   140] loss: 0.122
[82,   150] loss: 0.231
[82,   160] loss: 0.130
[82,   170] loss: 0.162
[82,   180] loss: 0.181
[82,   190] loss: 0.194
[82,   200] loss: 0.251
[82,   210] loss: 0.172
[82,   220] loss: 0.153
[82,   230] loss: 0.152
[82,   240] loss: 0.152
[82,   250] loss: 0.221
[82,   260] loss: 0.171
[82,   270] loss: 0.158
[82,   280] loss: 0.166
[82,   290] loss: 0.163
[82,   300] loss: 0.160
[82,   310] loss: 0.204
[82,   320] loss: 0.172
[82,   330] loss: 0.117
[82,   340] loss: 0.177
[82,   350] loss: 0.188
[82,   360] loss: 0.167
[82,   370] loss: 0.173
[82,   380] loss: 0.188
[82,   390] loss: 0.211
[82,   400] loss: 0.188
VALIDATION loss: 0.2165793776512146
[83,    10] loss: 0.181
[83,    20] loss: 0.118
[83,    30] loss: 0.141
[83,    40] loss: 0.183
[83,    50] loss: 0.158
[83,    60] loss: 0.175
[83,    70] loss: 0.230
[83,    80] loss: 0.169
[83,    90] loss: 0.125
[83,   100] loss: 0.173
[83,   110] loss: 0.169
[83,   120] loss: 0.188
[83,   130] loss: 0.182
[83,   140] loss: 0.175
[83,   150] loss: 0.140
[83,   160] loss: 0.149
[83,   170] loss: 0.156
[83,   180] loss: 0.158
[83,   190] loss: 0.146
[83,   200] loss: 0.170
[83,   210] loss: 0.127
[83,   220] loss: 0.150
[83,   230] loss: 0.107
[83,   240] loss: 0.105
[83,   250] loss: 0.155
[83,   260] loss: 0.197
[83,   270] loss: 0.242
[83,   280] loss: 0.168
[83,   290] loss: 0.212
[83,   300] loss: 0.139
[83,   310] loss: 0.180
[83,   320] loss: 0.199
[83,   330] loss: 0.126
[83,   340] loss: 0.178
[83,   350] loss: 0.149
[83,   360] loss: 0.186
[83,   370] loss: 0.186
[83,   380] loss: 0.151
[83,   390] loss: 0.227
[83,   400] loss: 0.155
VALIDATION loss: 0.16457825899124146
[84,    10] loss: 0.189
[84,    20] loss: 0.159
[84,    30] loss: 0.165
[84,    40] loss: 0.163
[84,    50] loss: 0.157
[84,    60] loss: 0.175
[84,    70] loss: 0.146
[84,    80] loss: 0.183
[84,    90] loss: 0.170
[84,   100] loss: 0.201
[84,   110] loss: 0.155
[84,   120] loss: 0.134
[84,   130] loss: 0.134
[84,   140] loss: 0.152
[84,   150] loss: 0.186
[84,   160] loss: 0.163
[84,   170] loss: 0.189
[84,   180] loss: 0.155
[84,   190] loss: 0.188
[84,   200] loss: 0.153
[84,   210] loss: 0.152
[84,   220] loss: 0.215
[84,   230] loss: 0.162
[84,   240] loss: 0.128
[84,   250] loss: 0.162
[84,   260] loss: 0.186
[84,   270] loss: 0.188
[84,   280] loss: 0.145
[84,   290] loss: 0.153
[84,   300] loss: 0.155
[84,   310] loss: 0.194
[84,   320] loss: 0.171
[84,   330] loss: 0.203
[84,   340] loss: 0.200
[84,   350] loss: 0.189
[84,   360] loss: 0.128
[84,   370] loss: 0.133
[84,   380] loss: 0.152
[84,   390] loss: 0.180
[84,   400] loss: 0.145
VALIDATION loss: 1.0031142234802246
[85,    10] loss: 0.187
[85,    20] loss: 0.153
[85,    30] loss: 0.122
[85,    40] loss: 0.131
[85,    50] loss: 0.138
[85,    60] loss: 0.196
[85,    70] loss: 0.189
[85,    80] loss: 0.166
[85,    90] loss: 0.150
[85,   100] loss: 0.159
[85,   110] loss: 0.168
[85,   120] loss: 0.152
[85,   130] loss: 0.137
[85,   140] loss: 0.166
[85,   150] loss: 0.165
[85,   160] loss: 0.143
[85,   170] loss: 0.193
[85,   180] loss: 0.168
[85,   190] loss: 0.182
[85,   200] loss: 0.163
[85,   210] loss: 0.176
[85,   220] loss: 0.192
[85,   230] loss: 0.160
[85,   240] loss: 0.153
[85,   250] loss: 0.180
[85,   260] loss: 0.203
[85,   270] loss: 0.169
[85,   280] loss: 0.183
[85,   290] loss: 0.165
[85,   300] loss: 0.171
[85,   310] loss: 0.196
[85,   320] loss: 0.173
[85,   330] loss: 0.180
[85,   340] loss: 0.239
[85,   350] loss: 0.163
[85,   360] loss: 0.137
[85,   370] loss: 0.197
[85,   380] loss: 0.128
[85,   390] loss: 0.158
[85,   400] loss: 0.141
VALIDATION loss: 0.5155596137046814
[86,    10] loss: 0.143
[86,    20] loss: 0.146
[86,    30] loss: 0.128
[86,    40] loss: 0.202
[86,    50] loss: 0.202
[86,    60] loss: 0.150
[86,    70] loss: 0.154
[86,    80] loss: 0.200
[86,    90] loss: 0.187
[86,   100] loss: 0.173
[86,   110] loss: 0.139
[86,   120] loss: 0.147
[86,   130] loss: 0.184
[86,   140] loss: 0.207
[86,   150] loss: 0.146
[86,   160] loss: 0.176
[86,   170] loss: 0.173
[86,   180] loss: 0.163
[86,   190] loss: 0.160
[86,   200] loss: 0.169
[86,   210] loss: 0.156
[86,   220] loss: 0.120
[86,   230] loss: 0.142
[86,   240] loss: 0.129
[86,   250] loss: 0.158
[86,   260] loss: 0.156
[86,   270] loss: 0.240
[86,   280] loss: 0.166
[86,   290] loss: 0.148
[86,   300] loss: 0.157
[86,   310] loss: 0.160
[86,   320] loss: 0.156
[86,   330] loss: 0.189
[86,   340] loss: 0.146
[86,   350] loss: 0.196
[86,   360] loss: 0.184
[86,   370] loss: 0.182
[86,   380] loss: 0.168
[86,   390] loss: 0.121
[86,   400] loss: 0.166
VALIDATION loss: 0.18994833528995514
[87,    10] loss: 0.179
[87,    20] loss: 0.154
[87,    30] loss: 0.127
[87,    40] loss: 0.150
[87,    50] loss: 0.241
[87,    60] loss: 0.152
[87,    70] loss: 0.161
[87,    80] loss: 0.149
[87,    90] loss: 0.159
[87,   100] loss: 0.164
[87,   110] loss: 0.173
[87,   120] loss: 0.157
[87,   130] loss: 0.205
[87,   140] loss: 0.120
[87,   150] loss: 0.158
[87,   160] loss: 0.136
[87,   170] loss: 0.153
[87,   180] loss: 0.183
[87,   190] loss: 0.168
[87,   200] loss: 0.173
[87,   210] loss: 0.172
[87,   220] loss: 0.202
[87,   230] loss: 0.181
[87,   240] loss: 0.188
[87,   250] loss: 0.131
[87,   260] loss: 0.193
[87,   270] loss: 0.117
[87,   280] loss: 0.156
[87,   290] loss: 0.163
[87,   300] loss: 0.150
[87,   310] loss: 0.137
[87,   320] loss: 0.154
[87,   330] loss: 0.121
[87,   340] loss: 0.239
[87,   350] loss: 0.124
[87,   360] loss: 0.186
[87,   370] loss: 0.189
[87,   380] loss: 0.177
[87,   390] loss: 0.105
[87,   400] loss: 0.176
VALIDATION loss: 0.1550418883562088
[88,    10] loss: 0.154
[88,    20] loss: 0.159
[88,    30] loss: 0.175
[88,    40] loss: 0.172
[88,    50] loss: 0.193
[88,    60] loss: 0.171
[88,    70] loss: 0.199
[88,    80] loss: 0.178
[88,    90] loss: 0.167
[88,   100] loss: 0.146
[88,   110] loss: 0.194
[88,   120] loss: 0.162
[88,   130] loss: 0.195
[88,   140] loss: 0.143
[88,   150] loss: 0.167
[88,   160] loss: 0.156
[88,   170] loss: 0.198
[88,   180] loss: 0.178
[88,   190] loss: 0.162
[88,   200] loss: 0.120
[88,   210] loss: 0.233
[88,   220] loss: 0.167
[88,   230] loss: 0.128
[88,   240] loss: 0.193
[88,   250] loss: 0.135
[88,   260] loss: 0.150
[88,   270] loss: 0.145
[88,   280] loss: 0.168
[88,   290] loss: 0.176
[88,   300] loss: 0.172
[88,   310] loss: 0.159
[88,   320] loss: 0.223
[88,   330] loss: 0.164
[88,   340] loss: 0.138
[88,   350] loss: 0.183
[88,   360] loss: 0.153
[88,   370] loss: 0.159
[88,   380] loss: 0.181
[88,   390] loss: 0.187
[88,   400] loss: 0.161
VALIDATION loss: 0.2173927128314972
[89,    10] loss: 0.152
[89,    20] loss: 0.119
[89,    30] loss: 0.160
[89,    40] loss: 0.159
[89,    50] loss: 0.123
[89,    60] loss: 0.119
[89,    70] loss: 0.158
[89,    80] loss: 0.150
[89,    90] loss: 0.180
[89,   100] loss: 0.165
[89,   110] loss: 0.135
[89,   120] loss: 0.161
[89,   130] loss: 0.179
[89,   140] loss: 0.176
[89,   150] loss: 0.178
[89,   160] loss: 0.167
[89,   170] loss: 0.212
[89,   180] loss: 0.191
[89,   190] loss: 0.132
[89,   200] loss: 0.199
[89,   210] loss: 0.144
[89,   220] loss: 0.169
[89,   230] loss: 0.121
[89,   240] loss: 0.176
[89,   250] loss: 0.171
[89,   260] loss: 0.141
[89,   270] loss: 0.147
[89,   280] loss: 0.156
[89,   290] loss: 0.201
[89,   300] loss: 0.128
[89,   310] loss: 0.201
[89,   320] loss: 0.191
[89,   330] loss: 0.163
[89,   340] loss: 0.160
[89,   350] loss: 0.177
[89,   360] loss: 0.170
[89,   370] loss: 0.164
[89,   380] loss: 0.168
[89,   390] loss: 0.164
[89,   400] loss: 0.121
VALIDATION loss: 0.20832855999469757
[90,    10] loss: 0.159
[90,    20] loss: 0.136
[90,    30] loss: 0.125
[90,    40] loss: 0.136
[90,    50] loss: 0.142
[90,    60] loss: 0.173
[90,    70] loss: 0.114
[90,    80] loss: 0.167
[90,    90] loss: 0.173
[90,   100] loss: 0.156
[90,   110] loss: 0.219
[90,   120] loss: 0.147
[90,   130] loss: 0.193
[90,   140] loss: 0.152
[90,   150] loss: 0.131
[90,   160] loss: 0.158
[90,   170] loss: 0.132
[90,   180] loss: 0.185
[90,   190] loss: 0.186
[90,   200] loss: 0.169
[90,   210] loss: 0.112
[90,   220] loss: 0.180
[90,   230] loss: 0.160
[90,   240] loss: 0.164
[90,   250] loss: 0.171
[90,   260] loss: 0.138
[90,   270] loss: 0.180
[90,   280] loss: 0.160
[90,   290] loss: 0.183
[90,   300] loss: 0.170
[90,   310] loss: 0.182
[90,   320] loss: 0.129
[90,   330] loss: 0.149
[90,   340] loss: 0.184
[90,   350] loss: 0.158
[90,   360] loss: 0.178
[90,   370] loss: 0.210
[90,   380] loss: 0.191
[90,   390] loss: 0.162
[90,   400] loss: 0.165
VALIDATION loss: 0.18368996679782867
[91,    10] loss: 0.187
[91,    20] loss: 0.134
[91,    30] loss: 0.137
[91,    40] loss: 0.156
[91,    50] loss: 0.206
[91,    60] loss: 0.148
[91,    70] loss: 0.137
[91,    80] loss: 0.128
[91,    90] loss: 0.125
[91,   100] loss: 0.137
[91,   110] loss: 0.217
[91,   120] loss: 0.144
[91,   130] loss: 0.186
[91,   140] loss: 0.156
[91,   150] loss: 0.165
[91,   160] loss: 0.143
[91,   170] loss: 0.179
[91,   180] loss: 0.137
[91,   190] loss: 0.126
[91,   200] loss: 0.150
[91,   210] loss: 0.160
[91,   220] loss: 0.194
[91,   230] loss: 0.165
[91,   240] loss: 0.154
[91,   250] loss: 0.192
[91,   260] loss: 0.164
[91,   270] loss: 0.189
[91,   280] loss: 0.175
[91,   290] loss: 0.125
[91,   300] loss: 0.167
[91,   310] loss: 0.188
[91,   320] loss: 0.151
[91,   330] loss: 0.140
[91,   340] loss: 0.159
[91,   350] loss: 0.183
[91,   360] loss: 0.152
[91,   370] loss: 0.148
[91,   380] loss: 0.180
[91,   390] loss: 0.157
[91,   400] loss: 0.168
VALIDATION loss: 0.19705189764499664
[92,    10] loss: 0.114
[92,    20] loss: 0.151
[92,    30] loss: 0.147
[92,    40] loss: 0.147
[92,    50] loss: 0.164
[92,    60] loss: 0.160
[92,    70] loss: 0.168
[92,    80] loss: 0.167
[92,    90] loss: 0.143
[92,   100] loss: 0.212
[92,   110] loss: 0.140
[92,   120] loss: 0.176
[92,   130] loss: 0.138
[92,   140] loss: 0.124
[92,   150] loss: 0.154
[92,   160] loss: 0.176
[92,   170] loss: 0.120
[92,   180] loss: 0.173
[92,   190] loss: 0.155
[92,   200] loss: 0.150
[92,   210] loss: 0.098
[92,   220] loss: 0.178
[92,   230] loss: 0.161
[92,   240] loss: 0.154
[92,   250] loss: 0.118
[92,   260] loss: 0.161
[92,   270] loss: 0.189
[92,   280] loss: 0.203
[92,   290] loss: 0.164
[92,   300] loss: 0.131
[92,   310] loss: 0.160
[92,   320] loss: 0.195
[92,   330] loss: 0.157
[92,   340] loss: 0.141
[92,   350] loss: 0.154
[92,   360] loss: 0.177
[92,   370] loss: 0.162
[92,   380] loss: 0.164
[92,   390] loss: 0.122
[92,   400] loss: 0.185
VALIDATION loss: 0.16335222125053406
[93,    10] loss: 0.134
[93,    20] loss: 0.163
[93,    30] loss: 0.190
[93,    40] loss: 0.146
[93,    50] loss: 0.150
[93,    60] loss: 0.130
[93,    70] loss: 0.123
[93,    80] loss: 0.171
[93,    90] loss: 0.145
[93,   100] loss: 0.163
[93,   110] loss: 0.182
[93,   120] loss: 0.167
[93,   130] loss: 0.138
[93,   140] loss: 0.170
[93,   150] loss: 0.167
[93,   160] loss: 0.182
[93,   170] loss: 0.191
[93,   180] loss: 0.196
[93,   190] loss: 0.148
[93,   200] loss: 0.157
[93,   210] loss: 0.114
[93,   220] loss: 0.161
[93,   230] loss: 0.204
[93,   240] loss: 0.135
[93,   250] loss: 0.169
[93,   260] loss: 0.194
[93,   270] loss: 0.161
[93,   280] loss: 0.172
[93,   290] loss: 0.158
[93,   300] loss: 0.154
[93,   310] loss: 0.188
[93,   320] loss: 0.134
[93,   330] loss: 0.182
[93,   340] loss: 0.129
[93,   350] loss: 0.127
[93,   360] loss: 0.117
[93,   370] loss: 0.144
[93,   380] loss: 0.151
[93,   390] loss: 0.207
[93,   400] loss: 0.162
VALIDATION loss: 0.365818053483963
[94,    10] loss: 0.145
[94,    20] loss: 0.195
[94,    30] loss: 0.270
[94,    40] loss: 0.162
[94,    50] loss: 0.202
[94,    60] loss: 0.143
[94,    70] loss: 0.137
[94,    80] loss: 0.208
[94,    90] loss: 0.124
[94,   100] loss: 0.174
[94,   110] loss: 0.156
[94,   120] loss: 0.139
[94,   130] loss: 0.135
[94,   140] loss: 0.158
[94,   150] loss: 0.147
[94,   160] loss: 0.164
[94,   170] loss: 0.136
[94,   180] loss: 0.145
[94,   190] loss: 0.153
[94,   200] loss: 0.118
[94,   210] loss: 0.187
[94,   220] loss: 0.151
[94,   230] loss: 0.158
[94,   240] loss: 0.163
[94,   250] loss: 0.165
[94,   260] loss: 0.178
[94,   270] loss: 0.202
[94,   280] loss: 0.166
[94,   290] loss: 0.159
[94,   300] loss: 0.170
[94,   310] loss: 0.129
[94,   320] loss: 0.143
[94,   330] loss: 0.194
[94,   340] loss: 0.200
[94,   350] loss: 0.102
[94,   360] loss: 0.178
[94,   370] loss: 0.130
[94,   380] loss: 0.149
[94,   390] loss: 0.147
[94,   400] loss: 0.137
VALIDATION loss: 0.15953026711940765
[95,    10] loss: 0.190
[95,    20] loss: 0.146
[95,    30] loss: 0.152
[95,    40] loss: 0.161
[95,    50] loss: 0.154
[95,    60] loss: 0.141
[95,    70] loss: 0.169
[95,    80] loss: 0.151
[95,    90] loss: 0.092
[95,   100] loss: 0.144
[95,   110] loss: 0.168
[95,   120] loss: 0.148
[95,   130] loss: 0.151
[95,   140] loss: 0.127
[95,   150] loss: 0.154
[95,   160] loss: 0.161
[95,   170] loss: 0.142
[95,   180] loss: 0.150
[95,   190] loss: 0.240
[95,   200] loss: 0.243
[95,   210] loss: 0.199
[95,   220] loss: 0.204
[95,   230] loss: 0.149
[95,   240] loss: 0.170
[95,   250] loss: 0.206
[95,   260] loss: 0.182
[95,   270] loss: 0.141
[95,   280] loss: 0.153
[95,   290] loss: 0.164
[95,   300] loss: 0.168
[95,   310] loss: 0.140
[95,   320] loss: 0.163
[95,   330] loss: 0.141
[95,   340] loss: 0.172
[95,   350] loss: 0.161
[95,   360] loss: 0.128
[95,   370] loss: 0.202
[95,   380] loss: 0.129
[95,   390] loss: 0.165
[95,   400] loss: 0.170
VALIDATION loss: 0.16637566685676575
[96,    10] loss: 0.128
[96,    20] loss: 0.136
[96,    30] loss: 0.131
[96,    40] loss: 0.155
[96,    50] loss: 0.161
[96,    60] loss: 0.126
[96,    70] loss: 0.142
[96,    80] loss: 0.173
[96,    90] loss: 0.137
[96,   100] loss: 0.151
[96,   110] loss: 0.115
[96,   120] loss: 0.166
[96,   130] loss: 0.136
[96,   140] loss: 0.165
[96,   150] loss: 0.145
[96,   160] loss: 0.138
[96,   170] loss: 0.143
[96,   180] loss: 0.197
[96,   190] loss: 0.140
[96,   200] loss: 0.144
[96,   210] loss: 0.172
[96,   220] loss: 0.105
[96,   230] loss: 0.119
[96,   240] loss: 0.146
[96,   250] loss: 0.153
[96,   260] loss: 0.123
[96,   270] loss: 0.138
[96,   280] loss: 0.187
[96,   290] loss: 0.181
[96,   300] loss: 0.171
[96,   310] loss: 0.184
[96,   320] loss: 0.152
[96,   330] loss: 0.174
[96,   340] loss: 0.118
[96,   350] loss: 0.150
[96,   360] loss: 0.149
[96,   370] loss: 0.178
[96,   380] loss: 0.154
[96,   390] loss: 0.164
[96,   400] loss: 0.134
VALIDATION loss: 0.19163523614406586
[97,    10] loss: 0.181
[97,    20] loss: 0.134
[97,    30] loss: 0.198
[97,    40] loss: 0.115
[97,    50] loss: 0.140
[97,    60] loss: 0.192
[97,    70] loss: 0.150
[97,    80] loss: 0.159
[97,    90] loss: 0.197
[97,   100] loss: 0.148
[97,   110] loss: 0.137
[97,   120] loss: 0.124
[97,   130] loss: 0.175
[97,   140] loss: 0.135
[97,   150] loss: 0.122
[97,   160] loss: 0.147
[97,   170] loss: 0.186
[97,   180] loss: 0.130
[97,   190] loss: 0.135
[97,   200] loss: 0.159
[97,   210] loss: 0.172
[97,   220] loss: 0.112
[97,   230] loss: 0.141
[97,   240] loss: 0.161
[97,   250] loss: 0.150
[97,   260] loss: 0.154
[97,   270] loss: 0.168
[97,   280] loss: 0.173
[97,   290] loss: 0.154
[97,   300] loss: 0.150
[97,   310] loss: 0.167
[97,   320] loss: 0.178
[97,   330] loss: 0.211
[97,   340] loss: 0.152
[97,   350] loss: 0.175
[97,   360] loss: 0.155
[97,   370] loss: 0.146
[97,   380] loss: 0.184
[97,   390] loss: 0.155
[97,   400] loss: 0.143
VALIDATION loss: 0.13914072513580322
[98,    10] loss: 0.164
[98,    20] loss: 0.147
[98,    30] loss: 0.129
[98,    40] loss: 0.170
[98,    50] loss: 0.128
[98,    60] loss: 0.133
[98,    70] loss: 0.232
[98,    80] loss: 0.151
[98,    90] loss: 0.167
[98,   100] loss: 0.111
[98,   110] loss: 0.154
[98,   120] loss: 0.150
[98,   130] loss: 0.211
[98,   140] loss: 0.159
[98,   150] loss: 0.164
[98,   160] loss: 0.175
[98,   170] loss: 0.109
[98,   180] loss: 0.145
[98,   190] loss: 0.223
[98,   200] loss: 0.154
[98,   210] loss: 0.146
[98,   220] loss: 0.129
[98,   230] loss: 0.178
[98,   240] loss: 0.134
[98,   250] loss: 0.141
[98,   260] loss: 0.130
[98,   270] loss: 0.115
[98,   280] loss: 0.160
[98,   290] loss: 0.136
[98,   300] loss: 0.152
[98,   310] loss: 0.157
[98,   320] loss: 0.140
[98,   330] loss: 0.134
[98,   340] loss: 0.126
[98,   350] loss: 0.155
[98,   360] loss: 0.168
[98,   370] loss: 0.162
[98,   380] loss: 0.165
[98,   390] loss: 0.147
[98,   400] loss: 0.150
VALIDATION loss: 0.20264627039432526
[99,    10] loss: 0.145
[99,    20] loss: 0.133
[99,    30] loss: 0.166
[99,    40] loss: 0.136
[99,    50] loss: 0.150
[99,    60] loss: 0.121
[99,    70] loss: 0.148
[99,    80] loss: 0.140
[99,    90] loss: 0.137
[99,   100] loss: 0.144
[99,   110] loss: 0.132
[99,   120] loss: 0.142
[99,   130] loss: 0.157
[99,   140] loss: 0.177
[99,   150] loss: 0.140
[99,   160] loss: 0.140
[99,   170] loss: 0.195
[99,   180] loss: 0.116
[99,   190] loss: 0.122
[99,   200] loss: 0.127
[99,   210] loss: 0.156
[99,   220] loss: 0.122
[99,   230] loss: 0.117
[99,   240] loss: 0.145
[99,   250] loss: 0.131
[99,   260] loss: 0.171
[99,   270] loss: 0.176
[99,   280] loss: 0.140
[99,   290] loss: 0.148
[99,   300] loss: 0.171
[99,   310] loss: 0.150
[99,   320] loss: 0.174
[99,   330] loss: 0.144
[99,   340] loss: 0.151
[99,   350] loss: 0.172
[99,   360] loss: 0.169
[99,   370] loss: 0.152
[99,   380] loss: 0.138
[99,   390] loss: 0.119
[99,   400] loss: 0.149
VALIDATION loss: 0.15185707807540894
[100,    10] loss: 0.131
[100,    20] loss: 0.128
[100,    30] loss: 0.220
[100,    40] loss: 0.149
[100,    50] loss: 0.165
[100,    60] loss: 0.148
[100,    70] loss: 0.136
[100,    80] loss: 0.127
[100,    90] loss: 0.121
[100,   100] loss: 0.132
[100,   110] loss: 0.141
[100,   120] loss: 0.167
[100,   130] loss: 0.110
[100,   140] loss: 0.155
[100,   150] loss: 0.134
[100,   160] loss: 0.117
[100,   170] loss: 0.169
[100,   180] loss: 0.162
[100,   190] loss: 0.156
[100,   200] loss: 0.141
[100,   210] loss: 0.158
[100,   220] loss: 0.152
[100,   230] loss: 0.137
[100,   240] loss: 0.140
[100,   250] loss: 0.136
[100,   260] loss: 0.132
[100,   270] loss: 0.152
[100,   280] loss: 0.116
[100,   290] loss: 0.151
[100,   300] loss: 0.126
[100,   310] loss: 0.106
[100,   320] loss: 0.189
[100,   330] loss: 0.181
[100,   340] loss: 0.174
[100,   350] loss: 0.136
[100,   360] loss: 0.151
[100,   370] loss: 0.153
[100,   380] loss: 0.119
[100,   390] loss: 0.198
[100,   400] loss: 0.155
VALIDATION loss: 0.41527703404426575
Finished !!
Accuracy of the network: 83.17 %
