Collecting dill==0.3.4 (from -r requirements.txt (line 1))
  Using cached https://files.pythonhosted.org/packages/b6/c3/973676ceb86b60835bb3978c6db67a5dc06be6cfdbd14ef0f5a13e3fc9fd/dill-0.3.4-py2.py3-none-any.whl
Requirement already satisfied: laplace==0.1 in /zhome/45/c/128687/.local/lib/python3.6/site-packages (from -r requirements.txt (line 2))
Collecting matplotlib==3.4.0 (from -r requirements.txt (line 3))
Small: 0
Transform: 1
MaxPool: 1
Running GPU.
[1,    10] loss: 1.926
[1,    20] loss: 1.828
[1,    30] loss: 1.731
[1,    40] loss: 1.696
[1,    50] loss: 1.630
[1,    60] loss: 1.607
[1,    70] loss: 1.616
[1,    80] loss: 1.559
[1,    90] loss: 1.583
[1,   100] loss: 1.542
[1,   110] loss: 1.536
[1,   120] loss: 1.528
[1,   130] loss: 1.501
[1,   140] loss: 1.423
[1,   150] loss: 1.537
[1,   160] loss: 1.413
[1,   170] loss: 1.442
[1,   180] loss: 1.432
[1,   190] loss: 1.457
[1,   200] loss: 1.412
[1,   210] loss: 1.410
[1,   220] loss: 1.470
[1,   230] loss: 1.434
[1,   240] loss: 1.440
[1,   250] loss: 1.372
[1,   260] loss: 1.336
[1,   270] loss: 1.404
[1,   280] loss: 1.372
[1,   290] loss: 1.352
[1,   300] loss: 1.403
[1,   310] loss: 1.349
[1,   320] loss: 1.299
[1,   330] loss: 1.304
[1,   340] loss: 1.375
[1,   350] loss: 1.327
[1,   360] loss: 1.341
[1,   370] loss: 1.340
[1,   380] loss: 1.249
[1,   390] loss: 1.247
[1,   400] loss: 1.286
VALIDATION loss: 1.3877835273742676
[2,    10] loss: 1.273
[2,    20] loss: 1.279
[2,    30] loss: 1.283
[2,    40] loss: 1.249
[2,    50] loss: 1.259
[2,    60] loss: 1.240
[2,    70] loss: 1.184
[2,    80] loss: 1.250
[2,    90] loss: 1.198
[2,   100] loss: 1.338
[2,   110] loss: 1.241
[2,   120] loss: 1.289
[2,   130] loss: 1.214
[2,   140] loss: 1.246
[2,   150] loss: 1.244
[2,   160] loss: 1.316
[2,   170] loss: 1.238
[2,   180] loss: 1.240
[2,   190] loss: 1.192
[2,   200] loss: 1.287
[2,   210] loss: 1.193
[2,   220] loss: 1.292
[2,   230] loss: 1.235
[2,   240] loss: 1.156
[2,   250] loss: 1.183
[2,   260] loss: 1.150
[2,   270] loss: 1.255
[2,   280] loss: 1.235
[2,   290] loss: 1.193
[2,   300] loss: 1.152
[2,   310] loss: 1.165
[2,   320] loss: 1.197
[2,   330] loss: 1.164
[2,   340] loss: 1.167
[2,   350] loss: 1.193
[2,   360] loss: 1.162
[2,   370] loss: 1.183
[2,   380] loss: 1.192
[2,   390] loss: 1.106
[2,   400] loss: 1.129
VALIDATION loss: 1.534648060798645
[3,    10] loss: 1.178
[3,    20] loss: 1.214
[3,    30] loss: 1.190
[3,    40] loss: 1.138
[3,    50] loss: 1.212
[3,    60] loss: 1.125
[3,    70] loss: 1.099
[3,    80] loss: 1.084
[3,    90] loss: 1.190
[3,   100] loss: 0.978
[3,   110] loss: 1.200
[3,   120] loss: 1.090
[3,   130] loss: 1.125
[3,   140] loss: 1.172
[3,   150] loss: 1.205
[3,   160] loss: 1.125
[3,   170] loss: 1.090
[3,   180] loss: 1.040
[3,   190] loss: 1.103
[3,   200] loss: 1.036
[3,   210] loss: 1.028
[3,   220] loss: 0.973
[3,   230] loss: 1.035
[3,   240] loss: 1.129
[3,   250] loss: 1.120
[3,   260] loss: 1.011
[3,   270] loss: 1.019
[3,   280] loss: 1.056
[3,   290] loss: 1.011
[3,   300] loss: 1.190
[3,   310] loss: 0.917
[3,   320] loss: 0.923
[3,   330] loss: 0.965
[3,   340] loss: 1.005
[3,   350] loss: 0.999
[3,   360] loss: 1.089
[3,   370] loss: 0.983
[3,   380] loss: 0.994
[3,   390] loss: 0.980
[3,   400] loss: 1.014
VALIDATION loss: 1.7924433946609497
[4,    10] loss: 0.958
[4,    20] loss: 1.113
[4,    30] loss: 0.941
[4,    40] loss: 1.041
[4,    50] loss: 1.014
[4,    60] loss: 0.951
[4,    70] loss: 0.965
[4,    80] loss: 1.017
[4,    90] loss: 0.994
[4,   100] loss: 1.016
[4,   110] loss: 1.039
[4,   120] loss: 1.010
[4,   130] loss: 0.886
[4,   140] loss: 1.010
[4,   150] loss: 0.910
[4,   160] loss: 0.874
[4,   170] loss: 0.894
[4,   180] loss: 0.944
[4,   190] loss: 1.008
[4,   200] loss: 1.018
[4,   210] loss: 0.942
[4,   220] loss: 0.967
[4,   230] loss: 0.911
[4,   240] loss: 0.999
[4,   250] loss: 0.957
[4,   260] loss: 0.967
[4,   270] loss: 0.797
[4,   280] loss: 0.926
[4,   290] loss: 0.869
[4,   300] loss: 0.954
[4,   310] loss: 0.865
[4,   320] loss: 0.975
[4,   330] loss: 0.932
[4,   340] loss: 0.922
[4,   350] loss: 0.975
[4,   360] loss: 0.990
[4,   370] loss: 0.962
[4,   380] loss: 1.026
[4,   390] loss: 0.888
[4,   400] loss: 0.984
VALIDATION loss: 2.0779902935028076
[5,    10] loss: 0.871
[5,    20] loss: 0.847
[5,    30] loss: 0.974
[5,    40] loss: 0.897
[5,    50] loss: 0.965
[5,    60] loss: 0.860
[5,    70] loss: 0.945
[5,    80] loss: 0.804
[5,    90] loss: 0.927
[5,   100] loss: 0.844
[5,   110] loss: 0.867
[5,   120] loss: 0.910
[5,   130] loss: 0.908
[5,   140] loss: 0.888
[5,   150] loss: 0.920
[5,   160] loss: 0.861
[5,   170] loss: 0.984
[5,   180] loss: 0.808
[5,   190] loss: 0.945
[5,   200] loss: 0.830
[5,   210] loss: 0.918
[5,   220] loss: 0.849
[5,   230] loss: 0.777
[5,   240] loss: 0.894
[5,   250] loss: 0.794
[5,   260] loss: 0.861
[5,   270] loss: 0.867
[5,   280] loss: 0.925
[5,   290] loss: 0.942
[5,   300] loss: 0.880
[5,   310] loss: 0.844
[5,   320] loss: 0.829
[5,   330] loss: 0.820
[5,   340] loss: 0.812
[5,   350] loss: 0.821
[5,   360] loss: 0.795
[5,   370] loss: 0.900
[5,   380] loss: 0.845
[5,   390] loss: 0.823
[5,   400] loss: 0.814
VALIDATION loss: 0.9312430024147034
[6,    10] loss: 0.842
[6,    20] loss: 0.850
[6,    30] loss: 0.849
[6,    40] loss: 0.769
[6,    50] loss: 0.933
[6,    60] loss: 0.781
[6,    70] loss: 0.840
[6,    80] loss: 0.812
[6,    90] loss: 0.749
[6,   100] loss: 0.880
[6,   110] loss: 0.823
[6,   120] loss: 0.818
[6,   130] loss: 0.807
[6,   140] loss: 0.800
[6,   150] loss: 0.916
[6,   160] loss: 0.792
[6,   170] loss: 0.793
[6,   180] loss: 0.789
[6,   190] loss: 0.817
[6,   200] loss: 0.805
[6,   210] loss: 0.752
[6,   220] loss: 0.744
[6,   230] loss: 0.826
[6,   240] loss: 0.790
[6,   250] loss: 0.729
[6,   260] loss: 0.858
[6,   270] loss: 0.706
[6,   280] loss: 0.719
[6,   290] loss: 0.770
[6,   300] loss: 0.768
[6,   310] loss: 0.716
[6,   320] loss: 0.819
[6,   330] loss: 0.782
[6,   340] loss: 0.717
[6,   350] loss: 0.778
[6,   360] loss: 0.840
[6,   370] loss: 0.722
[6,   380] loss: 0.754
[6,   390] loss: 0.833
[6,   400] loss: 0.823
VALIDATION loss: 1.116236686706543
[7,    10] loss: 0.690
[7,    20] loss: 0.701
[7,    30] loss: 0.836
[7,    40] loss: 0.713
[7,    50] loss: 0.707
[7,    60] loss: 0.639
[7,    70] loss: 0.729
[7,    80] loss: 0.746
[7,    90] loss: 0.721
[7,   100] loss: 0.695
[7,   110] loss: 0.686
[7,   120] loss: 0.739
[7,   130] loss: 0.764
[7,   140] loss: 0.746
[7,   150] loss: 0.775
[7,   160] loss: 0.774
[7,   170] loss: 0.795
[7,   180] loss: 0.811
[7,   190] loss: 0.673
[7,   200] loss: 0.746
[7,   210] loss: 0.743
[7,   220] loss: 0.686
[7,   230] loss: 0.810
[7,   240] loss: 0.801
[7,   250] loss: 0.806
[7,   260] loss: 0.714
[7,   270] loss: 0.744
[7,   280] loss: 0.753
[7,   290] loss: 0.781
[7,   300] loss: 0.665
[7,   310] loss: 0.700
[7,   320] loss: 0.764
[7,   330] loss: 0.696
[7,   340] loss: 0.693
[7,   350] loss: 0.678
[7,   360] loss: 0.711
[7,   370] loss: 0.768
[7,   380] loss: 0.691
[7,   390] loss: 0.774
[7,   400] loss: 0.727
VALIDATION loss: 2.6244101524353027
[8,    10] loss: 0.755
[8,    20] loss: 0.679
[8,    30] loss: 0.736
[8,    40] loss: 0.634
[8,    50] loss: 0.682
[8,    60] loss: 0.764
[8,    70] loss: 0.746
[8,    80] loss: 0.699
[8,    90] loss: 0.555
[8,   100] loss: 0.718
[8,   110] loss: 0.744
[8,   120] loss: 0.765
[8,   130] loss: 0.649
[8,   140] loss: 0.785
[8,   150] loss: 0.669
[8,   160] loss: 0.608
[8,   170] loss: 0.770
[8,   180] loss: 0.631
[8,   190] loss: 0.700
[8,   200] loss: 0.661
[8,   210] loss: 0.677
[8,   220] loss: 0.669
[8,   230] loss: 0.738
[8,   240] loss: 0.653
[8,   250] loss: 0.714
[8,   260] loss: 0.691
[8,   270] loss: 0.565
[8,   280] loss: 0.691
[8,   290] loss: 0.737
[8,   300] loss: 0.675
[8,   310] loss: 0.644
[8,   320] loss: 0.681
[8,   330] loss: 0.742
[8,   340] loss: 0.635
[8,   350] loss: 0.768
[8,   360] loss: 0.756
[8,   370] loss: 0.690
[8,   380] loss: 0.691
[8,   390] loss: 0.695
[8,   400] loss: 0.663
VALIDATION loss: 0.7141651511192322
[9,    10] loss: 0.745
[9,    20] loss: 0.684
[9,    30] loss: 0.628
[9,    40] loss: 0.747
[9,    50] loss: 0.759
[9,    60] loss: 0.659
[9,    70] loss: 0.675
[9,    80] loss: 0.708
[9,    90] loss: 0.725
[9,   100] loss: 0.689
[9,   110] loss: 0.657
[9,   120] loss: 0.662
[9,   130] loss: 0.625
[9,   140] loss: 0.648
[9,   150] loss: 0.752
[9,   160] loss: 0.776
[9,   170] loss: 0.646
[9,   180] loss: 0.710
[9,   190] loss: 0.674
[9,   200] loss: 0.638
[9,   210] loss: 0.728
[9,   220] loss: 0.602
[9,   230] loss: 0.725
[9,   240] loss: 0.629
[9,   250] loss: 0.694
[9,   260] loss: 0.635
[9,   270] loss: 0.655
[9,   280] loss: 0.636
[9,   290] loss: 0.691
[9,   300] loss: 0.684
[9,   310] loss: 0.665
[9,   320] loss: 0.611
[9,   330] loss: 0.545
[9,   340] loss: 0.685
[9,   350] loss: 0.726
[9,   360] loss: 0.594
[9,   370] loss: 0.588
[9,   380] loss: 0.597
[9,   390] loss: 0.648
[9,   400] loss: 0.625
VALIDATION loss: 0.7617413401603699
[10,    10] loss: 0.733
[10,    20] loss: 0.510
[10,    30] loss: 0.563
[10,    40] loss: 0.671
[10,    50] loss: 0.574
[10,    60] loss: 0.676
[10,    70] loss: 0.578
[10,    80] loss: 0.652
[10,    90] loss: 0.645
[10,   100] loss: 0.688
[10,   110] loss: 0.597
[10,   120] loss: 0.682
[10,   130] loss: 0.630
[10,   140] loss: 0.648
[10,   150] loss: 0.681
[10,   160] loss: 0.590
[10,   170] loss: 0.551
[10,   180] loss: 0.711
[10,   190] loss: 0.536
[10,   200] loss: 0.669
[10,   210] loss: 0.613
[10,   220] loss: 0.597
[10,   230] loss: 0.650
[10,   240] loss: 0.672
[10,   250] loss: 0.595
[10,   260] loss: 0.587
[10,   270] loss: 0.535
[10,   280] loss: 0.684
[10,   290] loss: 0.616
[10,   300] loss: 0.682
[10,   310] loss: 0.662
[10,   320] loss: 0.582
[10,   330] loss: 0.667
[10,   340] loss: 0.500
[10,   350] loss: 0.570
[10,   360] loss: 0.615
[10,   370] loss: 0.607
[10,   380] loss: 0.564
[10,   390] loss: 0.575
[10,   400] loss: 0.672
VALIDATION loss: 2.3216712474823
[11,    10] loss: 0.710
[11,    20] loss: 0.736
[11,    30] loss: 0.669
[11,    40] loss: 0.672
[11,    50] loss: 0.614
[11,    60] loss: 0.575
[11,    70] loss: 0.499
[11,    80] loss: 0.594
[11,    90] loss: 0.661
[11,   100] loss: 0.594
[11,   110] loss: 0.675
[11,   120] loss: 0.575
[11,   130] loss: 0.642
[11,   140] loss: 0.573
[11,   150] loss: 0.604
[11,   160] loss: 0.618
[11,   170] loss: 0.658
[11,   180] loss: 0.604
[11,   190] loss: 0.617
[11,   200] loss: 0.601
[11,   210] loss: 0.695
[11,   220] loss: 0.605
[11,   230] loss: 0.603
[11,   240] loss: 0.638
[11,   250] loss: 0.533
[11,   260] loss: 0.514
[11,   270] loss: 0.662
[11,   280] loss: 0.599
[11,   290] loss: 0.571
[11,   300] loss: 0.596
[11,   310] loss: 0.595
[11,   320] loss: 0.496
[11,   330] loss: 0.606
[11,   340] loss: 0.538
[11,   350] loss: 0.536
[11,   360] loss: 0.686
[11,   370] loss: 0.565
[11,   380] loss: 0.676
[11,   390] loss: 0.590
[11,   400] loss: 0.597
VALIDATION loss: 0.8278740048408508
[12,    10] loss: 0.603
[12,    20] loss: 0.486
[12,    30] loss: 0.576
[12,    40] loss: 0.628
[12,    50] loss: 0.528
[12,    60] loss: 0.643
[12,    70] loss: 0.584
[12,    80] loss: 0.585
[12,    90] loss: 0.587
[12,   100] loss: 0.627
[12,   110] loss: 0.540
[12,   120] loss: 0.556
[12,   130] loss: 0.545
[12,   140] loss: 0.565
[12,   150] loss: 0.538
[12,   160] loss: 0.617
[12,   170] loss: 0.573
[12,   180] loss: 0.570
[12,   190] loss: 0.630
[12,   200] loss: 0.555
[12,   210] loss: 0.638
[12,   220] loss: 0.580
[12,   230] loss: 0.628
[12,   240] loss: 0.629
[12,   250] loss: 0.562
[12,   260] loss: 0.579
[12,   270] loss: 0.567
[12,   280] loss: 0.660
[12,   290] loss: 0.575
[12,   300] loss: 0.622
[12,   310] loss: 0.555
[12,   320] loss: 0.522
[12,   330] loss: 0.528
[12,   340] loss: 0.547
[12,   350] loss: 0.489
[12,   360] loss: 0.629
[12,   370] loss: 0.543
[12,   380] loss: 0.585
[12,   390] loss: 0.628
[12,   400] loss: 0.554
VALIDATION loss: 0.48572465777397156
[13,    10] loss: 0.567
[13,    20] loss: 0.547
[13,    30] loss: 0.550
[13,    40] loss: 0.565
[13,    50] loss: 0.554
[13,    60] loss: 0.549
[13,    70] loss: 0.631
[13,    80] loss: 0.520
[13,    90] loss: 0.523
[13,   100] loss: 0.585
[13,   110] loss: 0.685
[13,   120] loss: 0.550
[13,   130] loss: 0.544
[13,   140] loss: 0.545
[13,   150] loss: 0.563
[13,   160] loss: 0.528
[13,   170] loss: 0.503
[13,   180] loss: 0.591
[13,   190] loss: 0.563
[13,   200] loss: 0.514
[13,   210] loss: 0.604
[13,   220] loss: 0.536
[13,   230] loss: 0.618
[13,   240] loss: 0.484
[13,   250] loss: 0.529
[13,   260] loss: 0.618
[13,   270] loss: 0.565
[13,   280] loss: 0.610
[13,   290] loss: 0.537
[13,   300] loss: 0.600
[13,   310] loss: 0.464
[13,   320] loss: 0.556
[13,   330] loss: 0.517
[13,   340] loss: 0.478
[13,   350] loss: 0.553
[13,   360] loss: 0.599
[13,   370] loss: 0.494
[13,   380] loss: 0.515
[13,   390] loss: 0.527
[13,   400] loss: 0.488
VALIDATION loss: 2.0293872356414795
[14,    10] loss: 0.576
[14,    20] loss: 0.510
[14,    30] loss: 0.567
[14,    40] loss: 0.527
[14,    50] loss: 0.568
[14,    60] loss: 0.587
[14,    70] loss: 0.519
[14,    80] loss: 0.524
[14,    90] loss: 0.500
[14,   100] loss: 0.593
[14,   110] loss: 0.498
[14,   120] loss: 0.579
[14,   130] loss: 0.567
[14,   140] loss: 0.552
[14,   150] loss: 0.511
[14,   160] loss: 0.517
[14,   170] loss: 0.544
[14,   180] loss: 0.523
[14,   190] loss: 0.572
[14,   200] loss: 0.541
[14,   210] loss: 0.563
[14,   220] loss: 0.556
[14,   230] loss: 0.458
[14,   240] loss: 0.538
[14,   250] loss: 0.457
[14,   260] loss: 0.457
[14,   270] loss: 0.545
[14,   280] loss: 0.523
[14,   290] loss: 0.461
[14,   300] loss: 0.521
[14,   310] loss: 0.528
[14,   320] loss: 0.546
[14,   330] loss: 0.497
[14,   340] loss: 0.449
[14,   350] loss: 0.490
[14,   360] loss: 0.485
[14,   370] loss: 0.522
[14,   380] loss: 0.563
[14,   390] loss: 0.459
[14,   400] loss: 0.559
VALIDATION loss: 0.46943795680999756
[15,    10] loss: 0.588
[15,    20] loss: 0.506
[15,    30] loss: 0.454
[15,    40] loss: 0.527
[15,    50] loss: 0.458
[15,    60] loss: 0.472
[15,    70] loss: 0.565
[15,    80] loss: 0.525
[15,    90] loss: 0.546
[15,   100] loss: 0.516
[15,   110] loss: 0.522
[15,   120] loss: 0.529
[15,   130] loss: 0.482
[15,   140] loss: 0.516
[15,   150] loss: 0.516
[15,   160] loss: 0.489
[15,   170] loss: 0.464
[15,   180] loss: 0.496
[15,   190] loss: 0.570
[15,   200] loss: 0.536
[15,   210] loss: 0.460
[15,   220] loss: 0.519
[15,   230] loss: 0.505
[15,   240] loss: 0.518
[15,   250] loss: 0.497
[15,   260] loss: 0.515
[15,   270] loss: 0.476
[15,   280] loss: 0.461
[15,   290] loss: 0.535
[15,   300] loss: 0.534
[15,   310] loss: 0.568
[15,   320] loss: 0.519
[15,   330] loss: 0.548
[15,   340] loss: 0.455
[15,   350] loss: 0.449
[15,   360] loss: 0.525
[15,   370] loss: 0.547
[15,   380] loss: 0.584
[15,   390] loss: 0.578
[15,   400] loss: 0.534
VALIDATION loss: 0.5712730288505554
[16,    10] loss: 0.471
[16,    20] loss: 0.539
[16,    30] loss: 0.526
[16,    40] loss: 0.442
[16,    50] loss: 0.494
[16,    60] loss: 0.458
[16,    70] loss: 0.510
[16,    80] loss: 0.478
[16,    90] loss: 0.482
[16,   100] loss: 0.465
[16,   110] loss: 0.479
[16,   120] loss: 0.491
[16,   130] loss: 0.479
[16,   140] loss: 0.432
[16,   150] loss: 0.551
[16,   160] loss: 0.536
[16,   170] loss: 0.462
[16,   180] loss: 0.497
[16,   190] loss: 0.560
[16,   200] loss: 0.509
[16,   210] loss: 0.431
[16,   220] loss: 0.454
[16,   230] loss: 0.453
[16,   240] loss: 0.507
[16,   250] loss: 0.464
[16,   260] loss: 0.477
[16,   270] loss: 0.411
[16,   280] loss: 0.422
[16,   290] loss: 0.457
[16,   300] loss: 0.477
[16,   310] loss: 0.411
[16,   320] loss: 0.470
[16,   330] loss: 0.512
[16,   340] loss: 0.529
[16,   350] loss: 0.444
[16,   360] loss: 0.537
[16,   370] loss: 0.431
[16,   380] loss: 0.527
[16,   390] loss: 0.473
[16,   400] loss: 0.463
VALIDATION loss: 0.5213046073913574
[17,    10] loss: 0.486
[17,    20] loss: 0.542
[17,    30] loss: 0.511
[17,    40] loss: 0.490
[17,    50] loss: 0.457
[17,    60] loss: 0.423
[17,    70] loss: 0.493
[17,    80] loss: 0.497
[17,    90] loss: 0.457
[17,   100] loss: 0.428
[17,   110] loss: 0.419
[17,   120] loss: 0.551
[17,   130] loss: 0.480
[17,   140] loss: 0.552
[17,   150] loss: 0.477
[17,   160] loss: 0.550
[17,   170] loss: 0.517
[17,   180] loss: 0.421
[17,   190] loss: 0.524
[17,   200] loss: 0.492
[17,   210] loss: 0.479
[17,   220] loss: 0.454
[17,   230] loss: 0.476
[17,   240] loss: 0.400
[17,   250] loss: 0.412
[17,   260] loss: 0.438
[17,   270] loss: 0.345
[17,   280] loss: 0.408
[17,   290] loss: 0.403
[17,   300] loss: 0.440
[17,   310] loss: 0.503
[17,   320] loss: 0.372
[17,   330] loss: 0.549
[17,   340] loss: 0.456
[17,   350] loss: 0.420
[17,   360] loss: 0.501
[17,   370] loss: 0.435
[17,   380] loss: 0.500
[17,   390] loss: 0.501
[17,   400] loss: 0.455
VALIDATION loss: 0.3868829011917114
[18,    10] loss: 0.413
[18,    20] loss: 0.476
[18,    30] loss: 0.402
[18,    40] loss: 0.438
[18,    50] loss: 0.430
[18,    60] loss: 0.439
[18,    70] loss: 0.468
[18,    80] loss: 0.430
[18,    90] loss: 0.459
[18,   100] loss: 0.463
[18,   110] loss: 0.406
[18,   120] loss: 0.425
[18,   130] loss: 0.479
[18,   140] loss: 0.470
[18,   150] loss: 0.483
[18,   160] loss: 0.455
[18,   170] loss: 0.421
[18,   180] loss: 0.484
[18,   190] loss: 0.433
[18,   200] loss: 0.511
[18,   210] loss: 0.460
[18,   220] loss: 0.483
[18,   230] loss: 0.392
[18,   240] loss: 0.552
[18,   250] loss: 0.446
[18,   260] loss: 0.536
[18,   270] loss: 0.473
[18,   280] loss: 0.471
[18,   290] loss: 0.432
[18,   300] loss: 0.483
[18,   310] loss: 0.372
[18,   320] loss: 0.451
[18,   330] loss: 0.454
[18,   340] loss: 0.355
[18,   350] loss: 0.479
[18,   360] loss: 0.446
[18,   370] loss: 0.389
[18,   380] loss: 0.425
[18,   390] loss: 0.502
[18,   400] loss: 0.376
VALIDATION loss: 0.37025186419487
[19,    10] loss: 0.423
[19,    20] loss: 0.514
[19,    30] loss: 0.404
[19,    40] loss: 0.408
[19,    50] loss: 0.438
[19,    60] loss: 0.473
[19,    70] loss: 0.525
[19,    80] loss: 0.418
[19,    90] loss: 0.523
[19,   100] loss: 0.435
[19,   110] loss: 0.378
[19,   120] loss: 0.448
[19,   130] loss: 0.389
[19,   140] loss: 0.383
[19,   150] loss: 0.412
[19,   160] loss: 0.432
[19,   170] loss: 0.458
[19,   180] loss: 0.426
[19,   190] loss: 0.390
[19,   200] loss: 0.389
[19,   210] loss: 0.410
[19,   220] loss: 0.541
[19,   230] loss: 0.434
[19,   240] loss: 0.397
[19,   250] loss: 0.494
[19,   260] loss: 0.371
[19,   270] loss: 0.526
[19,   280] loss: 0.367
[19,   290] loss: 0.375
[19,   300] loss: 0.442
[19,   310] loss: 0.427
[19,   320] loss: 0.418
[19,   330] loss: 0.412
[19,   340] loss: 0.402
[19,   350] loss: 0.452
[19,   360] loss: 0.505
[19,   370] loss: 0.455
[19,   380] loss: 0.463
[19,   390] loss: 0.528
[19,   400] loss: 0.504
VALIDATION loss: 0.5826777815818787
[20,    10] loss: 0.489
[20,    20] loss: 0.442
[20,    30] loss: 0.426
[20,    40] loss: 0.424
[20,    50] loss: 0.391
[20,    60] loss: 0.448
[20,    70] loss: 0.447
[20,    80] loss: 0.444
[20,    90] loss: 0.434
[20,   100] loss: 0.412
[20,   110] loss: 0.457
[20,   120] loss: 0.385
[20,   130] loss: 0.408
[20,   140] loss: 0.390
[20,   150] loss: 0.411
[20,   160] loss: 0.397
[20,   170] loss: 0.393
[20,   180] loss: 0.347
[20,   190] loss: 0.332
[20,   200] loss: 0.405
[20,   210] loss: 0.406
[20,   220] loss: 0.383
[20,   230] loss: 0.458
[20,   240] loss: 0.339
[20,   250] loss: 0.424
[20,   260] loss: 0.420
[20,   270] loss: 0.336
[20,   280] loss: 0.400
[20,   290] loss: 0.397
[20,   300] loss: 0.418
[20,   310] loss: 0.397
[20,   320] loss: 0.362
[20,   330] loss: 0.446
[20,   340] loss: 0.423
[20,   350] loss: 0.415
[20,   360] loss: 0.362
[20,   370] loss: 0.471
[20,   380] loss: 0.359
[20,   390] loss: 0.438
[20,   400] loss: 0.415
VALIDATION loss: 0.9416940212249756
[21,    10] loss: 0.407
[21,    20] loss: 0.471
[21,    30] loss: 0.402
[21,    40] loss: 0.320
[21,    50] loss: 0.395
[21,    60] loss: 0.396
[21,    70] loss: 0.395
[21,    80] loss: 0.361
[21,    90] loss: 0.354
[21,   100] loss: 0.424
[21,   110] loss: 0.378
[21,   120] loss: 0.396
[21,   130] loss: 0.418
[21,   140] loss: 0.376
[21,   150] loss: 0.375
[21,   160] loss: 0.380
[21,   170] loss: 0.362
[21,   180] loss: 0.442
[21,   190] loss: 0.420
[21,   200] loss: 0.383
[21,   210] loss: 0.365
[21,   220] loss: 0.398
[21,   230] loss: 0.380
[21,   240] loss: 0.409
[21,   250] loss: 0.482
[21,   260] loss: 0.374
[21,   270] loss: 0.408
[21,   280] loss: 0.386
[21,   290] loss: 0.472
[21,   300] loss: 0.407
[21,   310] loss: 0.470
[21,   320] loss: 0.437
[21,   330] loss: 0.354
[21,   340] loss: 0.438
[21,   350] loss: 0.428
[21,   360] loss: 0.430
[21,   370] loss: 0.379
[21,   380] loss: 0.402
[21,   390] loss: 0.375
[21,   400] loss: 0.392
VALIDATION loss: 0.7437843084335327
[22,    10] loss: 0.400
[22,    20] loss: 0.424
[22,    30] loss: 0.451
[22,    40] loss: 0.408
[22,    50] loss: 0.420
[22,    60] loss: 0.417
[22,    70] loss: 0.401
[22,    80] loss: 0.396
[22,    90] loss: 0.409
[22,   100] loss: 0.340
[22,   110] loss: 0.426
[22,   120] loss: 0.414
[22,   130] loss: 0.316
[22,   140] loss: 0.373
[22,   150] loss: 0.419
[22,   160] loss: 0.392
[22,   170] loss: 0.354
[22,   180] loss: 0.311
[22,   190] loss: 0.383
[22,   200] loss: 0.418
[22,   210] loss: 0.339
[22,   220] loss: 0.380
[22,   230] loss: 0.366
[22,   240] loss: 0.413
[22,   250] loss: 0.391
[22,   260] loss: 0.333
[22,   270] loss: 0.367
[22,   280] loss: 0.454
[22,   290] loss: 0.411
[22,   300] loss: 0.454
[22,   310] loss: 0.417
[22,   320] loss: 0.352
[22,   330] loss: 0.434
[22,   340] loss: 0.413
[22,   350] loss: 0.330
[22,   360] loss: 0.461
[22,   370] loss: 0.357
[22,   380] loss: 0.391
[22,   390] loss: 0.368
[22,   400] loss: 0.299
VALIDATION loss: 0.9665871262550354
[23,    10] loss: 0.358
[23,    20] loss: 0.401
[23,    30] loss: 0.341
[23,    40] loss: 0.392
[23,    50] loss: 0.386
[23,    60] loss: 0.351
[23,    70] loss: 0.381
[23,    80] loss: 0.388
[23,    90] loss: 0.486
[23,   100] loss: 0.386
[23,   110] loss: 0.375
[23,   120] loss: 0.392
[23,   130] loss: 0.358
[23,   140] loss: 0.389
[23,   150] loss: 0.395
[23,   160] loss: 0.394
[23,   170] loss: 0.307
[23,   180] loss: 0.391
[23,   190] loss: 0.398
[23,   200] loss: 0.357
[23,   210] loss: 0.394
[23,   220] loss: 0.381
[23,   230] loss: 0.397
[23,   240] loss: 0.395
[23,   250] loss: 0.364
[23,   260] loss: 0.375
[23,   270] loss: 0.308
[23,   280] loss: 0.319
[23,   290] loss: 0.302
[23,   300] loss: 0.355
[23,   310] loss: 0.378
[23,   320] loss: 0.435
[23,   330] loss: 0.348
[23,   340] loss: 0.474
[23,   350] loss: 0.423
[23,   360] loss: 0.348
[23,   370] loss: 0.396
[23,   380] loss: 0.332
[23,   390] loss: 0.347
[23,   400] loss: 0.339
VALIDATION loss: 0.375703901052475
[24,    10] loss: 0.359
[24,    20] loss: 0.440
[24,    30] loss: 0.421
[24,    40] loss: 0.438
[24,    50] loss: 0.428
[24,    60] loss: 0.377
[24,    70] loss: 0.304
[24,    80] loss: 0.360
[24,    90] loss: 0.323
[24,   100] loss: 0.343
[24,   110] loss: 0.461
[24,   120] loss: 0.414
[24,   130] loss: 0.370
[24,   140] loss: 0.366
[24,   150] loss: 0.411
[24,   160] loss: 0.343
[24,   170] loss: 0.382
[24,   180] loss: 0.360
[24,   190] loss: 0.423
[24,   200] loss: 0.317
[24,   210] loss: 0.365
[24,   220] loss: 0.418
[24,   230] loss: 0.355
[24,   240] loss: 0.397
[24,   250] loss: 0.396
[24,   260] loss: 0.384
[24,   270] loss: 0.366
[24,   280] loss: 0.401
[24,   290] loss: 0.378
[24,   300] loss: 0.462
[24,   310] loss: 0.360
[24,   320] loss: 0.391
[24,   330] loss: 0.331
[24,   340] loss: 0.357
[24,   350] loss: 0.376
[24,   360] loss: 0.358
[24,   370] loss: 0.335
[24,   380] loss: 0.385
[24,   390] loss: 0.372
[24,   400] loss: 0.271
VALIDATION loss: 0.9078078269958496
[25,    10] loss: 0.366
[25,    20] loss: 0.348
[25,    30] loss: 0.407
[25,    40] loss: 0.435
[25,    50] loss: 0.278
[25,    60] loss: 0.324
[25,    70] loss: 0.385
[25,    80] loss: 0.348
[25,    90] loss: 0.277
[25,   100] loss: 0.303
[25,   110] loss: 0.434
[25,   120] loss: 0.397
[25,   130] loss: 0.355
[25,   140] loss: 0.374
[25,   150] loss: 0.419
[25,   160] loss: 0.382
[25,   170] loss: 0.371
[25,   180] loss: 0.387
[25,   190] loss: 0.355
[25,   200] loss: 0.376
[25,   210] loss: 0.353
[25,   220] loss: 0.366
[25,   230] loss: 0.420
[25,   240] loss: 0.378
[25,   250] loss: 0.466
[25,   260] loss: 0.368
[25,   270] loss: 0.382
[25,   280] loss: 0.417
[25,   290] loss: 0.359
[25,   300] loss: 0.330
[25,   310] loss: 0.462
[25,   320] loss: 0.320
[25,   330] loss: 0.322
[25,   340] loss: 0.355
[25,   350] loss: 0.371
[25,   360] loss: 0.312
[25,   370] loss: 0.325
[25,   380] loss: 0.373
[25,   390] loss: 0.320
[25,   400] loss: 0.311
VALIDATION loss: 0.6137116551399231
[26,    10] loss: 0.384
[26,    20] loss: 0.399
[26,    30] loss: 0.359
[26,    40] loss: 0.350
[26,    50] loss: 0.348
[26,    60] loss: 0.373
[26,    70] loss: 0.330
[26,    80] loss: 0.320
[26,    90] loss: 0.366
[26,   100] loss: 0.352
[26,   110] loss: 0.413
[26,   120] loss: 0.366
[26,   130] loss: 0.360
[26,   140] loss: 0.410
[26,   150] loss: 0.394
[26,   160] loss: 0.367
[26,   170] loss: 0.353
[26,   180] loss: 0.326
[26,   190] loss: 0.318
[26,   200] loss: 0.369
[26,   210] loss: 0.338
[26,   220] loss: 0.312
[26,   230] loss: 0.314
[26,   240] loss: 0.313
[26,   250] loss: 0.333
[26,   260] loss: 0.360
[26,   270] loss: 0.337
[26,   280] loss: 0.315
[26,   290] loss: 0.348
[26,   300] loss: 0.295
[26,   310] loss: 0.379
[26,   320] loss: 0.344
[26,   330] loss: 0.389
[26,   340] loss: 0.306
[26,   350] loss: 0.381
[26,   360] loss: 0.387
[26,   370] loss: 0.333
[26,   380] loss: 0.365
[26,   390] loss: 0.377
[26,   400] loss: 0.353
VALIDATION loss: 0.8852918148040771
[27,    10] loss: 0.334
[27,    20] loss: 0.351
[27,    30] loss: 0.330
[27,    40] loss: 0.317
[27,    50] loss: 0.346
[27,    60] loss: 0.325
[27,    70] loss: 0.355
[27,    80] loss: 0.308
[27,    90] loss: 0.262
[27,   100] loss: 0.268
[27,   110] loss: 0.405
[27,   120] loss: 0.434
[27,   130] loss: 0.391
[27,   140] loss: 0.331
[27,   150] loss: 0.283
[27,   160] loss: 0.400
[27,   170] loss: 0.366
[27,   180] loss: 0.323
[27,   190] loss: 0.351
[27,   200] loss: 0.329
[27,   210] loss: 0.355
[27,   220] loss: 0.335
[27,   230] loss: 0.400
[27,   240] loss: 0.341
[27,   250] loss: 0.393
[27,   260] loss: 0.299
[27,   270] loss: 0.347
[27,   280] loss: 0.334
[27,   290] loss: 0.296
[27,   300] loss: 0.303
[27,   310] loss: 0.402
[27,   320] loss: 0.341
[27,   330] loss: 0.299
[27,   340] loss: 0.336
[27,   350] loss: 0.421
[27,   360] loss: 0.362
[27,   370] loss: 0.310
[27,   380] loss: 0.368
[27,   390] loss: 0.301
[27,   400] loss: 0.434
VALIDATION loss: 0.3571006953716278
[28,    10] loss: 0.388
[28,    20] loss: 0.296
[28,    30] loss: 0.319
[28,    40] loss: 0.395
[28,    50] loss: 0.350
[28,    60] loss: 0.354
[28,    70] loss: 0.268
[28,    80] loss: 0.259
[28,    90] loss: 0.302
[28,   100] loss: 0.339
[28,   110] loss: 0.322
[28,   120] loss: 0.366
[28,   130] loss: 0.218
[28,   140] loss: 0.254
[28,   150] loss: 0.386
[28,   160] loss: 0.274
[28,   170] loss: 0.327
[28,   180] loss: 0.320
[28,   190] loss: 0.322
[28,   200] loss: 0.294
[28,   210] loss: 0.351
[28,   220] loss: 0.284
[28,   230] loss: 0.312
[28,   240] loss: 0.341
[28,   250] loss: 0.369
[28,   260] loss: 0.400
[28,   270] loss: 0.351
[28,   280] loss: 0.316
[28,   290] loss: 0.372
[28,   300] loss: 0.300
[28,   310] loss: 0.356
[28,   320] loss: 0.392
[28,   330] loss: 0.328
[28,   340] loss: 0.328
[28,   350] loss: 0.275
[28,   360] loss: 0.315
[28,   370] loss: 0.336
[28,   380] loss: 0.316
[28,   390] loss: 0.317
[28,   400] loss: 0.367
VALIDATION loss: 0.30076542496681213
[29,    10] loss: 0.335
[29,    20] loss: 0.359
[29,    30] loss: 0.301
[29,    40] loss: 0.305
[29,    50] loss: 0.323
[29,    60] loss: 0.391
[29,    70] loss: 0.363
[29,    80] loss: 0.357
[29,    90] loss: 0.355
[29,   100] loss: 0.314
[29,   110] loss: 0.300
[29,   120] loss: 0.327
[29,   130] loss: 0.331
[29,   140] loss: 0.310
[29,   150] loss: 0.330
[29,   160] loss: 0.309
[29,   170] loss: 0.312
[29,   180] loss: 0.347
[29,   190] loss: 0.331
[29,   200] loss: 0.316
[29,   210] loss: 0.382
[29,   220] loss: 0.322
[29,   230] loss: 0.300
[29,   240] loss: 0.246
[29,   250] loss: 0.351
[29,   260] loss: 0.428
[29,   270] loss: 0.402
[29,   280] loss: 0.316
[29,   290] loss: 0.347
[29,   300] loss: 0.304
[29,   310] loss: 0.343
[29,   320] loss: 0.320
[29,   330] loss: 0.300
[29,   340] loss: 0.297
[29,   350] loss: 0.322
[29,   360] loss: 0.332
[29,   370] loss: 0.338
[29,   380] loss: 0.294
[29,   390] loss: 0.297
[29,   400] loss: 0.320
VALIDATION loss: 2.232860803604126
[30,    10] loss: 0.287
[30,    20] loss: 0.334
[30,    30] loss: 0.368
[30,    40] loss: 0.297
[30,    50] loss: 0.302
[30,    60] loss: 0.295
[30,    70] loss: 0.265
[30,    80] loss: 0.403
[30,    90] loss: 0.379
[30,   100] loss: 0.331
[30,   110] loss: 0.297
[30,   120] loss: 0.312
[30,   130] loss: 0.342
[30,   140] loss: 0.322
[30,   150] loss: 0.276
[30,   160] loss: 0.309
[30,   170] loss: 0.277
[30,   180] loss: 0.309
[30,   190] loss: 0.316
[30,   200] loss: 0.326
[30,   210] loss: 0.329
[30,   220] loss: 0.376
[30,   230] loss: 0.314
[30,   240] loss: 0.312
[30,   250] loss: 0.352
[30,   260] loss: 0.301
[30,   270] loss: 0.358
[30,   280] loss: 0.307
[30,   290] loss: 0.350
[30,   300] loss: 0.389
[30,   310] loss: 0.280
[30,   320] loss: 0.351
[30,   330] loss: 0.289
[30,   340] loss: 0.349
[30,   350] loss: 0.356
[30,   360] loss: 0.281
[30,   370] loss: 0.353
[30,   380] loss: 0.358
[30,   390] loss: 0.342
[30,   400] loss: 0.328
VALIDATION loss: 0.289546936750412
[31,    10] loss: 0.257
[31,    20] loss: 0.400
[31,    30] loss: 0.279
[31,    40] loss: 0.384
[31,    50] loss: 0.255
[31,    60] loss: 0.276
[31,    70] loss: 0.334
[31,    80] loss: 0.333
[31,    90] loss: 0.334
[31,   100] loss: 0.301
[31,   110] loss: 0.329
[31,   120] loss: 0.305
[31,   130] loss: 0.275
[31,   140] loss: 0.369
[31,   150] loss: 0.341
[31,   160] loss: 0.296
[31,   170] loss: 0.333
[31,   180] loss: 0.300
[31,   190] loss: 0.329
[31,   200] loss: 0.309
[31,   210] loss: 0.284
[31,   220] loss: 0.298
[31,   230] loss: 0.286
[31,   240] loss: 0.332
[31,   250] loss: 0.329
[31,   260] loss: 0.279
[31,   270] loss: 0.303
[31,   280] loss: 0.259
[31,   290] loss: 0.382
[31,   300] loss: 0.332
[31,   310] loss: 0.317
[31,   320] loss: 0.238
[31,   330] loss: 0.283
[31,   340] loss: 0.347
[31,   350] loss: 0.278
[31,   360] loss: 0.357
[31,   370] loss: 0.323
[31,   380] loss: 0.257
[31,   390] loss: 0.240
[31,   400] loss: 0.265
VALIDATION loss: 4.0646209716796875
[32,    10] loss: 0.268
[32,    20] loss: 0.309
[32,    30] loss: 0.294
[32,    40] loss: 0.315
[32,    50] loss: 0.290
[32,    60] loss: 0.304
[32,    70] loss: 0.267
[32,    80] loss: 0.329
[32,    90] loss: 0.288
[32,   100] loss: 0.326
[32,   110] loss: 0.308
[32,   120] loss: 0.412
[32,   130] loss: 0.313
[32,   140] loss: 0.294
[32,   150] loss: 0.379
[32,   160] loss: 0.258
[32,   170] loss: 0.287
[32,   180] loss: 0.326
[32,   190] loss: 0.284
[32,   200] loss: 0.282
[32,   210] loss: 0.331
[32,   220] loss: 0.247
[32,   230] loss: 0.263
[32,   240] loss: 0.269
[32,   250] loss: 0.301
[32,   260] loss: 0.310
[32,   270] loss: 0.314
[32,   280] loss: 0.316
[32,   290] loss: 0.265
[32,   300] loss: 0.288
[32,   310] loss: 0.321
[32,   320] loss: 0.388
[32,   330] loss: 0.343
[32,   340] loss: 0.349
[32,   350] loss: 0.328
[32,   360] loss: 0.305
[32,   370] loss: 0.291
[32,   380] loss: 0.288
[32,   390] loss: 0.339
[32,   400] loss: 0.328
VALIDATION loss: 0.30360934138298035
[33,    10] loss: 0.312
[33,    20] loss: 0.298
[33,    30] loss: 0.320
[33,    40] loss: 0.360
[33,    50] loss: 0.287
[33,    60] loss: 0.261
[33,    70] loss: 0.279
[33,    80] loss: 0.312
[33,    90] loss: 0.338
[33,   100] loss: 0.318
[33,   110] loss: 0.275
[33,   120] loss: 0.329
[33,   130] loss: 0.263
[33,   140] loss: 0.238
[33,   150] loss: 0.308
[33,   160] loss: 0.333
[33,   170] loss: 0.318
[33,   180] loss: 0.321
[33,   190] loss: 0.296
[33,   200] loss: 0.326
[33,   210] loss: 0.300
[33,   220] loss: 0.272
[33,   230] loss: 0.255
[33,   240] loss: 0.302
[33,   250] loss: 0.252
[33,   260] loss: 0.253
[33,   270] loss: 0.335
[33,   280] loss: 0.250
[33,   290] loss: 0.314
[33,   300] loss: 0.287
[33,   310] loss: 0.274
[33,   320] loss: 0.260
[33,   330] loss: 0.335
[33,   340] loss: 0.239
[33,   350] loss: 0.320
[33,   360] loss: 0.369
[33,   370] loss: 0.259
[33,   380] loss: 0.370
[33,   390] loss: 0.277
[33,   400] loss: 0.259
VALIDATION loss: 0.23920339345932007
[34,    10] loss: 0.202
[34,    20] loss: 0.270
[34,    30] loss: 0.312
[34,    40] loss: 0.318
[34,    50] loss: 0.272
[34,    60] loss: 0.265
[34,    70] loss: 0.307
[34,    80] loss: 0.345
[34,    90] loss: 0.265
[34,   100] loss: 0.339
[34,   110] loss: 0.312
[34,   120] loss: 0.324
[34,   130] loss: 0.260
[34,   140] loss: 0.299
[34,   150] loss: 0.337
[34,   160] loss: 0.292
[34,   170] loss: 0.310
[34,   180] loss: 0.275
[34,   190] loss: 0.281
[34,   200] loss: 0.254
[34,   210] loss: 0.278
[34,   220] loss: 0.316
[34,   230] loss: 0.301
[34,   240] loss: 0.360
[34,   250] loss: 0.287
[34,   260] loss: 0.260
[34,   270] loss: 0.295
[34,   280] loss: 0.256
[34,   290] loss: 0.304
[34,   300] loss: 0.319
[34,   310] loss: 0.301
[34,   320] loss: 0.273
[34,   330] loss: 0.296
[34,   340] loss: 0.265
[34,   350] loss: 0.282
[34,   360] loss: 0.298
[34,   370] loss: 0.293
[34,   380] loss: 0.290
[34,   390] loss: 0.286
[34,   400] loss: 0.321
VALIDATION loss: 1.5191051959991455
[35,    10] loss: 0.347
[35,    20] loss: 0.340
[35,    30] loss: 0.258
[35,    40] loss: 0.246
[35,    50] loss: 0.279
[35,    60] loss: 0.238
[35,    70] loss: 0.302
[35,    80] loss: 0.250
[35,    90] loss: 0.274
[35,   100] loss: 0.285
[35,   110] loss: 0.268
[35,   120] loss: 0.318
[35,   130] loss: 0.287
[35,   140] loss: 0.317
[35,   150] loss: 0.271
[35,   160] loss: 0.265
[35,   170] loss: 0.295
[35,   180] loss: 0.238
[35,   190] loss: 0.275
[35,   200] loss: 0.291
[35,   210] loss: 0.274
[35,   220] loss: 0.271
[35,   230] loss: 0.230
[35,   240] loss: 0.316
[35,   250] loss: 0.267
[35,   260] loss: 0.235
[35,   270] loss: 0.305
[35,   280] loss: 0.280
[35,   290] loss: 0.245
[35,   300] loss: 0.301
[35,   310] loss: 0.273
[35,   320] loss: 0.280
[35,   330] loss: 0.289
[35,   340] loss: 0.338
[35,   350] loss: 0.301
[35,   360] loss: 0.275
[35,   370] loss: 0.277
[35,   380] loss: 0.290
[35,   390] loss: 0.372
[35,   400] loss: 0.317
VALIDATION loss: 0.3587392568588257
[36,    10] loss: 0.265
[36,    20] loss: 0.223
[36,    30] loss: 0.260
[36,    40] loss: 0.258
[36,    50] loss: 0.268
[36,    60] loss: 0.273
[36,    70] loss: 0.251
[36,    80] loss: 0.314
[36,    90] loss: 0.311
[36,   100] loss: 0.297
[36,   110] loss: 0.289
[36,   120] loss: 0.307
[36,   130] loss: 0.330
[36,   140] loss: 0.229
[36,   150] loss: 0.269
[36,   160] loss: 0.278
[36,   170] loss: 0.234
[36,   180] loss: 0.250
[36,   190] loss: 0.317
[36,   200] loss: 0.303
[36,   210] loss: 0.283
[36,   220] loss: 0.245
[36,   230] loss: 0.257
[36,   240] loss: 0.309
[36,   250] loss: 0.336
[36,   260] loss: 0.252
[36,   270] loss: 0.281
[36,   280] loss: 0.295
[36,   290] loss: 0.256
[36,   300] loss: 0.343
[36,   310] loss: 0.283
[36,   320] loss: 0.337
[36,   330] loss: 0.317
[36,   340] loss: 0.311
[36,   350] loss: 0.262
[36,   360] loss: 0.428
[36,   370] loss: 0.306
[36,   380] loss: 0.302
[36,   390] loss: 0.262
[36,   400] loss: 0.290
VALIDATION loss: 0.2384570837020874
[37,    10] loss: 0.265
[37,    20] loss: 0.312
[37,    30] loss: 0.289
[37,    40] loss: 0.313
[37,    50] loss: 0.297
[37,    60] loss: 0.326
[37,    70] loss: 0.269
[37,    80] loss: 0.300
[37,    90] loss: 0.289
[37,   100] loss: 0.285
[37,   110] loss: 0.285
[37,   120] loss: 0.291
[37,   130] loss: 0.246
[37,   140] loss: 0.255
[37,   150] loss: 0.244
[37,   160] loss: 0.212
[37,   170] loss: 0.218
[37,   180] loss: 0.268
[37,   190] loss: 0.257
[37,   200] loss: 0.281
[37,   210] loss: 0.297
[37,   220] loss: 0.285
[37,   230] loss: 0.267
[37,   240] loss: 0.268
[37,   250] loss: 0.248
[37,   260] loss: 0.276
[37,   270] loss: 0.267
[37,   280] loss: 0.258
[37,   290] loss: 0.301
[37,   300] loss: 0.256
[37,   310] loss: 0.285
[37,   320] loss: 0.293
[37,   330] loss: 0.270
[37,   340] loss: 0.319
[37,   350] loss: 0.268
[37,   360] loss: 0.306
[37,   370] loss: 0.265
[37,   380] loss: 0.232
[37,   390] loss: 0.236
[37,   400] loss: 0.224
VALIDATION loss: 0.24986670911312103
[38,    10] loss: 0.226
[38,    20] loss: 0.312
[38,    30] loss: 0.334
[38,    40] loss: 0.339
[38,    50] loss: 0.285
[38,    60] loss: 0.263
[38,    70] loss: 0.244
[38,    80] loss: 0.251
[38,    90] loss: 0.261
[38,   100] loss: 0.225
[38,   110] loss: 0.242
[38,   120] loss: 0.263
[38,   130] loss: 0.264
[38,   140] loss: 0.336
[38,   150] loss: 0.298
[38,   160] loss: 0.255
[38,   170] loss: 0.223
[38,   180] loss: 0.238
[38,   190] loss: 0.272
[38,   200] loss: 0.268
[38,   210] loss: 0.251
[38,   220] loss: 0.308
[38,   230] loss: 0.234
[38,   240] loss: 0.268
[38,   250] loss: 0.290
[38,   260] loss: 0.273
[38,   270] loss: 0.232
[38,   280] loss: 0.299
[38,   290] loss: 0.262
[38,   300] loss: 0.254
[38,   310] loss: 0.288
[38,   320] loss: 0.222
[38,   330] loss: 0.298
[38,   340] loss: 0.306
[38,   350] loss: 0.283
[38,   360] loss: 0.302
[38,   370] loss: 0.297
[38,   380] loss: 0.356
[38,   390] loss: 0.260
[38,   400] loss: 0.300
VALIDATION loss: 0.8036423325538635
[39,    10] loss: 0.268
[39,    20] loss: 0.311
[39,    30] loss: 0.315
[39,    40] loss: 0.288
[39,    50] loss: 0.261
[39,    60] loss: 0.289
[39,    70] loss: 0.256
[39,    80] loss: 0.280
[39,    90] loss: 0.316
[39,   100] loss: 0.291
[39,   110] loss: 0.219
[39,   120] loss: 0.227
[39,   130] loss: 0.262
[39,   140] loss: 0.253
[39,   150] loss: 0.290
[39,   160] loss: 0.243
[39,   170] loss: 0.238
[39,   180] loss: 0.220
[39,   190] loss: 0.252
[39,   200] loss: 0.218
[39,   210] loss: 0.314
[39,   220] loss: 0.312
[39,   230] loss: 0.246
[39,   240] loss: 0.252
[39,   250] loss: 0.298
[39,   260] loss: 0.254
[39,   270] loss: 0.277
[39,   280] loss: 0.297
[39,   290] loss: 0.243
[39,   300] loss: 0.289
[39,   310] loss: 0.272
[39,   320] loss: 0.258
[39,   330] loss: 0.264
[39,   340] loss: 0.315
[39,   350] loss: 0.248
[39,   360] loss: 0.250
[39,   370] loss: 0.319
[39,   380] loss: 0.243
[39,   390] loss: 0.272
[39,   400] loss: 0.258
VALIDATION loss: 0.25155016779899597
[40,    10] loss: 0.228
[40,    20] loss: 0.270
[40,    30] loss: 0.206
[40,    40] loss: 0.244
[40,    50] loss: 0.257
[40,    60] loss: 0.270
[40,    70] loss: 0.261
[40,    80] loss: 0.225
[40,    90] loss: 0.316
[40,   100] loss: 0.239
[40,   110] loss: 0.212
[40,   120] loss: 0.225
[40,   130] loss: 0.306
[40,   140] loss: 0.234
[40,   150] loss: 0.261
[40,   160] loss: 0.254
[40,   170] loss: 0.325
[40,   180] loss: 0.262
[40,   190] loss: 0.183
[40,   200] loss: 0.283
[40,   210] loss: 0.249
[40,   220] loss: 0.249
[40,   230] loss: 0.277
[40,   240] loss: 0.286
[40,   250] loss: 0.219
[40,   260] loss: 0.312
[40,   270] loss: 0.302
[40,   280] loss: 0.263
[40,   290] loss: 0.271
[40,   300] loss: 0.340
[40,   310] loss: 0.362
[40,   320] loss: 0.301
[40,   330] loss: 0.372
[40,   340] loss: 0.267
[40,   350] loss: 0.313
[40,   360] loss: 0.244
[40,   370] loss: 0.266
[40,   380] loss: 0.227
[40,   390] loss: 0.222
[40,   400] loss: 0.275
VALIDATION loss: 0.37781375646591187
[41,    10] loss: 0.277
[41,    20] loss: 0.260
[41,    30] loss: 0.240
[41,    40] loss: 0.333
[41,    50] loss: 0.274
[41,    60] loss: 0.311
[41,    70] loss: 0.201
[41,    80] loss: 0.233
[41,    90] loss: 0.287
[41,   100] loss: 0.248
[41,   110] loss: 0.241
[41,   120] loss: 0.258
[41,   130] loss: 0.292
[41,   140] loss: 0.308
[41,   150] loss: 0.269
[41,   160] loss: 0.250
[41,   170] loss: 0.260
[41,   180] loss: 0.257
[41,   190] loss: 0.249
[41,   200] loss: 0.303
[41,   210] loss: 0.266
[41,   220] loss: 0.267
[41,   230] loss: 0.237
[41,   240] loss: 0.245
[41,   250] loss: 0.305
[41,   260] loss: 0.252
[41,   270] loss: 0.275
[41,   280] loss: 0.246
[41,   290] loss: 0.225
[41,   300] loss: 0.283
[41,   310] loss: 0.292
[41,   320] loss: 0.178
[41,   330] loss: 0.232
[41,   340] loss: 0.322
[41,   350] loss: 0.247
[41,   360] loss: 0.238
[41,   370] loss: 0.269
[41,   380] loss: 0.255
[41,   390] loss: 0.269
[41,   400] loss: 0.218
VALIDATION loss: 0.2440541684627533
[42,    10] loss: 0.248
[42,    20] loss: 0.237
[42,    30] loss: 0.270
[42,    40] loss: 0.232
[42,    50] loss: 0.253
[42,    60] loss: 0.285
[42,    70] loss: 0.282
[42,    80] loss: 0.279
[42,    90] loss: 0.259
[42,   100] loss: 0.291
[42,   110] loss: 0.230
[42,   120] loss: 0.197
[42,   130] loss: 0.282
[42,   140] loss: 0.266
[42,   150] loss: 0.282
[42,   160] loss: 0.248
[42,   170] loss: 0.289
[42,   180] loss: 0.204
[42,   190] loss: 0.264
[42,   200] loss: 0.230
[42,   210] loss: 0.302
[42,   220] loss: 0.305
[42,   230] loss: 0.282
[42,   240] loss: 0.284
[42,   250] loss: 0.287
[42,   260] loss: 0.265
[42,   270] loss: 0.201
[42,   280] loss: 0.207
[42,   290] loss: 0.230
[42,   300] loss: 0.288
[42,   310] loss: 0.299
[42,   320] loss: 0.259
[42,   330] loss: 0.234
[42,   340] loss: 0.241
[42,   350] loss: 0.273
[42,   360] loss: 0.297
[42,   370] loss: 0.208
[42,   380] loss: 0.264
[42,   390] loss: 0.234
[42,   400] loss: 0.281
VALIDATION loss: 2.0664405822753906
[43,    10] loss: 0.297
[43,    20] loss: 0.263
[43,    30] loss: 0.270
[43,    40] loss: 0.267
[43,    50] loss: 0.209
[43,    60] loss: 0.224
[43,    70] loss: 0.266
[43,    80] loss: 0.227
[43,    90] loss: 0.249
[43,   100] loss: 0.299
[43,   110] loss: 0.284
[43,   120] loss: 0.213
[43,   130] loss: 0.239
[43,   140] loss: 0.262
[43,   150] loss: 0.243
[43,   160] loss: 0.221
[43,   170] loss: 0.196
[43,   180] loss: 0.294
[43,   190] loss: 0.257
[43,   200] loss: 0.257
[43,   210] loss: 0.278
[43,   220] loss: 0.242
[43,   230] loss: 0.273
[43,   240] loss: 0.251
[43,   250] loss: 0.216
[43,   260] loss: 0.233
[43,   270] loss: 0.271
[43,   280] loss: 0.237
[43,   290] loss: 0.254
[43,   300] loss: 0.270
[43,   310] loss: 0.257
[43,   320] loss: 0.185
[43,   330] loss: 0.286
[43,   340] loss: 0.269
[43,   350] loss: 0.221
[43,   360] loss: 0.242
[43,   370] loss: 0.220
[43,   380] loss: 0.254
[43,   390] loss: 0.214
[43,   400] loss: 0.249
VALIDATION loss: 0.4091317355632782
[44,    10] loss: 0.222
[44,    20] loss: 0.229
[44,    30] loss: 0.272
[44,    40] loss: 0.233
[44,    50] loss: 0.177
[44,    60] loss: 0.286
[44,    70] loss: 0.176
[44,    80] loss: 0.196
[44,    90] loss: 0.307
[44,   100] loss: 0.243
[44,   110] loss: 0.204
[44,   120] loss: 0.258
[44,   130] loss: 0.266
[44,   140] loss: 0.266
[44,   150] loss: 0.214
[44,   160] loss: 0.270
[44,   170] loss: 0.259
[44,   180] loss: 0.297
[44,   190] loss: 0.214
[44,   200] loss: 0.241
[44,   210] loss: 0.248
[44,   220] loss: 0.275
[44,   230] loss: 0.299
[44,   240] loss: 0.258
[44,   250] loss: 0.280
[44,   260] loss: 0.293
[44,   270] loss: 0.242
[44,   280] loss: 0.206
[44,   290] loss: 0.260
[44,   300] loss: 0.251
[44,   310] loss: 0.186
[44,   320] loss: 0.202
[44,   330] loss: 0.217
[44,   340] loss: 0.267
[44,   350] loss: 0.293
[44,   360] loss: 0.219
[44,   370] loss: 0.233
[44,   380] loss: 0.207
[44,   390] loss: 0.327
[44,   400] loss: 0.232
VALIDATION loss: 0.7943902611732483
[45,    10] loss: 0.283
[45,    20] loss: 0.260
[45,    30] loss: 0.240
[45,    40] loss: 0.229
[45,    50] loss: 0.227
[45,    60] loss: 0.283
[45,    70] loss: 0.246
[45,    80] loss: 0.282
[45,    90] loss: 0.237
[45,   100] loss: 0.211
[45,   110] loss: 0.211
[45,   120] loss: 0.254
[45,   130] loss: 0.236
[45,   140] loss: 0.239
[45,   150] loss: 0.234
[45,   160] loss: 0.290
[45,   170] loss: 0.237
[45,   180] loss: 0.246
[45,   190] loss: 0.211
[45,   200] loss: 0.298
[45,   210] loss: 0.228
[45,   220] loss: 0.267
[45,   230] loss: 0.260
[45,   240] loss: 0.265
[45,   250] loss: 0.222
[45,   260] loss: 0.225
[45,   270] loss: 0.202
[45,   280] loss: 0.232
[45,   290] loss: 0.228
[45,   300] loss: 0.269
[45,   310] loss: 0.226
[45,   320] loss: 0.227
[45,   330] loss: 0.272
[45,   340] loss: 0.248
[45,   350] loss: 0.211
[45,   360] loss: 0.220
[45,   370] loss: 0.208
[45,   380] loss: 0.214
[45,   390] loss: 0.274
[45,   400] loss: 0.199
VALIDATION loss: 0.2457215040922165
[46,    10] loss: 0.211
[46,    20] loss: 0.273
[46,    30] loss: 0.232
[46,    40] loss: 0.233
[46,    50] loss: 0.219
[46,    60] loss: 0.192
[46,    70] loss: 0.260
[46,    80] loss: 0.227
[46,    90] loss: 0.230
[46,   100] loss: 0.267
[46,   110] loss: 0.301
[46,   120] loss: 0.236
[46,   130] loss: 0.221
[46,   140] loss: 0.261
[46,   150] loss: 0.228
[46,   160] loss: 0.293
[46,   170] loss: 0.269
[46,   180] loss: 0.199
[46,   190] loss: 0.274
[46,   200] loss: 0.257
[46,   210] loss: 0.241
[46,   220] loss: 0.253
[46,   230] loss: 0.315
[46,   240] loss: 0.274
[46,   250] loss: 0.182
[46,   260] loss: 0.255
[46,   270] loss: 0.256
[46,   280] loss: 0.234
[46,   290] loss: 0.233
[46,   300] loss: 0.251
[46,   310] loss: 0.270
[46,   320] loss: 0.220
[46,   330] loss: 0.241
[46,   340] loss: 0.217
[46,   350] loss: 0.269
[46,   360] loss: 0.269
[46,   370] loss: 0.245
[46,   380] loss: 0.226
[46,   390] loss: 0.245
[46,   400] loss: 0.244
VALIDATION loss: 0.30325737595558167
[47,    10] loss: 0.240
[47,    20] loss: 0.223
[47,    30] loss: 0.261
[47,    40] loss: 0.243
[47,    50] loss: 0.255
[47,    60] loss: 0.247
[47,    70] loss: 0.224
[47,    80] loss: 0.278
[47,    90] loss: 0.255
[47,   100] loss: 0.283
[47,   110] loss: 0.226
[47,   120] loss: 0.270
[47,   130] loss: 0.193
[47,   140] loss: 0.233
[47,   150] loss: 0.259
[47,   160] loss: 0.217
[47,   170] loss: 0.199
[47,   180] loss: 0.205
[47,   190] loss: 0.242
[47,   200] loss: 0.193
[47,   210] loss: 0.257
[47,   220] loss: 0.224
[47,   230] loss: 0.225
[47,   240] loss: 0.228
[47,   250] loss: 0.241
[47,   260] loss: 0.248
[47,   270] loss: 0.276
[47,   280] loss: 0.184
[47,   290] loss: 0.218
[47,   300] loss: 0.256
[47,   310] loss: 0.227
[47,   320] loss: 0.262
[47,   330] loss: 0.298
[47,   340] loss: 0.240
[47,   350] loss: 0.237
[47,   360] loss: 0.240
[47,   370] loss: 0.197
[47,   380] loss: 0.213
[47,   390] loss: 0.232
[47,   400] loss: 0.270
VALIDATION loss: 0.2368684858083725
[48,    10] loss: 0.224
[48,    20] loss: 0.238
[48,    30] loss: 0.235
[48,    40] loss: 0.189
[48,    50] loss: 0.250
[48,    60] loss: 0.220
[48,    70] loss: 0.234
[48,    80] loss: 0.237
[48,    90] loss: 0.234
[48,   100] loss: 0.242
[48,   110] loss: 0.209
[48,   120] loss: 0.196
[48,   130] loss: 0.211
[48,   140] loss: 0.208
[48,   150] loss: 0.226
[48,   160] loss: 0.252
[48,   170] loss: 0.263
[48,   180] loss: 0.209
[48,   190] loss: 0.233
[48,   200] loss: 0.251
[48,   210] loss: 0.192
[48,   220] loss: 0.263
[48,   230] loss: 0.209
[48,   240] loss: 0.240
[48,   250] loss: 0.285
[48,   260] loss: 0.207
[48,   270] loss: 0.237
[48,   280] loss: 0.244
[48,   290] loss: 0.278
[48,   300] loss: 0.205
[48,   310] loss: 0.238
[48,   320] loss: 0.179
[48,   330] loss: 0.219
[48,   340] loss: 0.218
[48,   350] loss: 0.173
[48,   360] loss: 0.299
[48,   370] loss: 0.259
[48,   380] loss: 0.217
[48,   390] loss: 0.224
[48,   400] loss: 0.237
VALIDATION loss: 0.5960911512374878
[49,    10] loss: 0.229
[49,    20] loss: 0.243
[49,    30] loss: 0.267
[49,    40] loss: 0.237
[49,    50] loss: 0.255
[49,    60] loss: 0.238
[49,    70] loss: 0.203
[49,    80] loss: 0.198
[49,    90] loss: 0.247
[49,   100] loss: 0.210
[49,   110] loss: 0.210
[49,   120] loss: 0.220
[49,   130] loss: 0.248
[49,   140] loss: 0.255
[49,   150] loss: 0.228
[49,   160] loss: 0.224
[49,   170] loss: 0.237
[49,   180] loss: 0.252
[49,   190] loss: 0.235
[49,   200] loss: 0.208
[49,   210] loss: 0.276
[49,   220] loss: 0.252
[49,   230] loss: 0.236
[49,   240] loss: 0.215
[49,   250] loss: 0.224
[49,   260] loss: 0.226
[49,   270] loss: 0.217
[49,   280] loss: 0.208
[49,   290] loss: 0.230
[49,   300] loss: 0.264
[49,   310] loss: 0.244
[49,   320] loss: 0.270
[49,   330] loss: 0.294
[49,   340] loss: 0.155
[49,   350] loss: 0.265
[49,   360] loss: 0.259
[49,   370] loss: 0.241
[49,   380] loss: 0.223
[49,   390] loss: 0.224
[49,   400] loss: 0.209
VALIDATION loss: 0.21976973116397858
[50,    10] loss: 0.238
[50,    20] loss: 0.218
[50,    30] loss: 0.207
[50,    40] loss: 0.242
[50,    50] loss: 0.227
[50,    60] loss: 0.243
[50,    70] loss: 0.248
[50,    80] loss: 0.221
[50,    90] loss: 0.284
[50,   100] loss: 0.240
[50,   110] loss: 0.218
[50,   120] loss: 0.171
[50,   130] loss: 0.194
[50,   140] loss: 0.212
[50,   150] loss: 0.208
[50,   160] loss: 0.250
[50,   170] loss: 0.184
[50,   180] loss: 0.246
[50,   190] loss: 0.244
[50,   200] loss: 0.203
[50,   210] loss: 0.188
[50,   220] loss: 0.226
[50,   230] loss: 0.291
[50,   240] loss: 0.246
[50,   250] loss: 0.256
[50,   260] loss: 0.245
[50,   270] loss: 0.196
[50,   280] loss: 0.208
[50,   290] loss: 0.180
[50,   300] loss: 0.223
[50,   310] loss: 0.221
[50,   320] loss: 0.206
[50,   330] loss: 0.290
[50,   340] loss: 0.267
[50,   350] loss: 0.196
[50,   360] loss: 0.294
[50,   370] loss: 0.182
[50,   380] loss: 0.237
[50,   390] loss: 0.197
[50,   400] loss: 0.223
VALIDATION loss: 0.2137402892112732
[51,    10] loss: 0.244
[51,    20] loss: 0.204
[51,    30] loss: 0.233
[51,    40] loss: 0.225
[51,    50] loss: 0.268
[51,    60] loss: 0.300
[51,    70] loss: 0.246
[51,    80] loss: 0.248
[51,    90] loss: 0.261
[51,   100] loss: 0.220
[51,   110] loss: 0.274
[51,   120] loss: 0.210
[51,   130] loss: 0.240
[51,   140] loss: 0.222
[51,   150] loss: 0.213
[51,   160] loss: 0.222
[51,   170] loss: 0.282
[51,   180] loss: 0.196
[51,   190] loss: 0.193
[51,   200] loss: 0.218
[51,   210] loss: 0.184
[51,   220] loss: 0.245
[51,   230] loss: 0.183
[51,   240] loss: 0.233
[51,   250] loss: 0.237
[51,   260] loss: 0.200
[51,   270] loss: 0.245
[51,   280] loss: 0.214
[51,   290] loss: 0.207
[51,   300] loss: 0.176
[51,   310] loss: 0.249
[51,   320] loss: 0.209
[51,   330] loss: 0.214
[51,   340] loss: 0.239
[51,   350] loss: 0.281
[51,   360] loss: 0.196
[51,   370] loss: 0.228
[51,   380] loss: 0.208
[51,   390] loss: 0.258
[51,   400] loss: 0.232
VALIDATION loss: 0.47071507573127747
[52,    10] loss: 0.219
[52,    20] loss: 0.223
[52,    30] loss: 0.204
[52,    40] loss: 0.212
[52,    50] loss: 0.186
[52,    60] loss: 0.238
[52,    70] loss: 0.181
[52,    80] loss: 0.197
[52,    90] loss: 0.224
[52,   100] loss: 0.246
[52,   110] loss: 0.249
[52,   120] loss: 0.204
[52,   130] loss: 0.209
[52,   140] loss: 0.252
[52,   150] loss: 0.207
[52,   160] loss: 0.203
[52,   170] loss: 0.244
[52,   180] loss: 0.277
[52,   190] loss: 0.176
[52,   200] loss: 0.225
[52,   210] loss: 0.173
[52,   220] loss: 0.224
[52,   230] loss: 0.186
[52,   240] loss: 0.213
[52,   250] loss: 0.224
[52,   260] loss: 0.202
[52,   270] loss: 0.218
[52,   280] loss: 0.172
[52,   290] loss: 0.192
[52,   300] loss: 0.222
[52,   310] loss: 0.256
[52,   320] loss: 0.214
[52,   330] loss: 0.241
[52,   340] loss: 0.205
[52,   350] loss: 0.211
[52,   360] loss: 0.212
[52,   370] loss: 0.193
[52,   380] loss: 0.216
[52,   390] loss: 0.239
[52,   400] loss: 0.257
VALIDATION loss: 0.5372074842453003
[53,    10] loss: 0.284
[53,    20] loss: 0.274
[53,    30] loss: 0.205
[53,    40] loss: 0.206
[53,    50] loss: 0.224
[53,    60] loss: 0.241
[53,    70] loss: 0.250
[53,    80] loss: 0.236
[53,    90] loss: 0.230
[53,   100] loss: 0.243
[53,   110] loss: 0.238
[53,   120] loss: 0.243
[53,   130] loss: 0.221
[53,   140] loss: 0.267
[53,   150] loss: 0.263
[53,   160] loss: 0.205
[53,   170] loss: 0.251
[53,   180] loss: 0.192
[53,   190] loss: 0.226
[53,   200] loss: 0.186
[53,   210] loss: 0.197
[53,   220] loss: 0.232
[53,   230] loss: 0.161
[53,   240] loss: 0.183
[53,   250] loss: 0.244
[53,   260] loss: 0.241
[53,   270] loss: 0.212
[53,   280] loss: 0.193
[53,   290] loss: 0.183
[53,   300] loss: 0.165
[53,   310] loss: 0.160
[53,   320] loss: 0.189
[53,   330] loss: 0.229
[53,   340] loss: 0.226
[53,   350] loss: 0.242
[53,   360] loss: 0.238
[53,   370] loss: 0.228
[53,   380] loss: 0.216
[53,   390] loss: 0.184
[53,   400] loss: 0.196
VALIDATION loss: 0.18867351114749908
[54,    10] loss: 0.208
[54,    20] loss: 0.196
[54,    30] loss: 0.166
[54,    40] loss: 0.233
[54,    50] loss: 0.215
[54,    60] loss: 0.244
[54,    70] loss: 0.223
[54,    80] loss: 0.200
[54,    90] loss: 0.215
[54,   100] loss: 0.208
[54,   110] loss: 0.192
[54,   120] loss: 0.247
[54,   130] loss: 0.208
[54,   140] loss: 0.198
[54,   150] loss: 0.193
[54,   160] loss: 0.228
[54,   170] loss: 0.207
[54,   180] loss: 0.223
[54,   190] loss: 0.252
[54,   200] loss: 0.208
[54,   210] loss: 0.230
[54,   220] loss: 0.249
[54,   230] loss: 0.215
[54,   240] loss: 0.183
[54,   250] loss: 0.233
[54,   260] loss: 0.218
[54,   270] loss: 0.188
[54,   280] loss: 0.267
[54,   290] loss: 0.205
[54,   300] loss: 0.187
[54,   310] loss: 0.167
[54,   320] loss: 0.229
[54,   330] loss: 0.202
[54,   340] loss: 0.217
[54,   350] loss: 0.200
[54,   360] loss: 0.198
[54,   370] loss: 0.191
[54,   380] loss: 0.238
[54,   390] loss: 0.217
[54,   400] loss: 0.205
VALIDATION loss: 4.057447910308838
[55,    10] loss: 0.182
[55,    20] loss: 0.225
[55,    30] loss: 0.197
[55,    40] loss: 0.250
[55,    50] loss: 0.209
[55,    60] loss: 0.198
[55,    70] loss: 0.226
[55,    80] loss: 0.174
[55,    90] loss: 0.259
[55,   100] loss: 0.178
[55,   110] loss: 0.175
[55,   120] loss: 0.194
[55,   130] loss: 0.238
[55,   140] loss: 0.250
[55,   150] loss: 0.203
[55,   160] loss: 0.237
[55,   170] loss: 0.202
[55,   180] loss: 0.201
[55,   190] loss: 0.229
[55,   200] loss: 0.223
[55,   210] loss: 0.209
[55,   220] loss: 0.236
[55,   230] loss: 0.198
[55,   240] loss: 0.217
[55,   250] loss: 0.214
[55,   260] loss: 0.231
[55,   270] loss: 0.198
[55,   280] loss: 0.199
[55,   290] loss: 0.230
[55,   300] loss: 0.213
[55,   310] loss: 0.225
[55,   320] loss: 0.209
[55,   330] loss: 0.188
[55,   340] loss: 0.267
[55,   350] loss: 0.194
[55,   360] loss: 0.212
[55,   370] loss: 0.213
[55,   380] loss: 0.188
[55,   390] loss: 0.220
[55,   400] loss: 0.208
VALIDATION loss: 0.257282555103302
[56,    10] loss: 0.218
[56,    20] loss: 0.230
[56,    30] loss: 0.201
[56,    40] loss: 0.251
[56,    50] loss: 0.195
[56,    60] loss: 0.204
[56,    70] loss: 0.213
[56,    80] loss: 0.229
[56,    90] loss: 0.225
[56,   100] loss: 0.176
[56,   110] loss: 0.195
[56,   120] loss: 0.231
[56,   130] loss: 0.174
[56,   140] loss: 0.211
[56,   150] loss: 0.168
[56,   160] loss: 0.219
[56,   170] loss: 0.221
[56,   180] loss: 0.192
[56,   190] loss: 0.254
[56,   200] loss: 0.252
[56,   210] loss: 0.167
[56,   220] loss: 0.223
[56,   230] loss: 0.249
[56,   240] loss: 0.207
[56,   250] loss: 0.194
[56,   260] loss: 0.157
[56,   270] loss: 0.178
[56,   280] loss: 0.253
[56,   290] loss: 0.190
[56,   300] loss: 0.195
[56,   310] loss: 0.172
[56,   320] loss: 0.152
[56,   330] loss: 0.196
[56,   340] loss: 0.234
[56,   350] loss: 0.195
[56,   360] loss: 0.208
[56,   370] loss: 0.198
[56,   380] loss: 0.191
[56,   390] loss: 0.211
[56,   400] loss: 0.212
VALIDATION loss: 0.2357790321111679
[57,    10] loss: 0.232
[57,    20] loss: 0.247
[57,    30] loss: 0.257
[57,    40] loss: 0.183
[57,    50] loss: 0.242
[57,    60] loss: 0.245
[57,    70] loss: 0.173
[57,    80] loss: 0.210
[57,    90] loss: 0.221
[57,   100] loss: 0.197
[57,   110] loss: 0.204
[57,   120] loss: 0.238
[57,   130] loss: 0.227
[57,   140] loss: 0.261
[57,   150] loss: 0.216
[57,   160] loss: 0.171
[57,   170] loss: 0.172
[57,   180] loss: 0.189
[57,   190] loss: 0.206
[57,   200] loss: 0.170
[57,   210] loss: 0.224
[57,   220] loss: 0.184
[57,   230] loss: 0.181
[57,   240] loss: 0.220
[57,   250] loss: 0.213
[57,   260] loss: 0.187
[57,   270] loss: 0.241
[57,   280] loss: 0.200
[57,   290] loss: 0.261
[57,   300] loss: 0.234
[57,   310] loss: 0.245
[57,   320] loss: 0.200
[57,   330] loss: 0.234
[57,   340] loss: 0.210
[57,   350] loss: 0.218
[57,   360] loss: 0.219
[57,   370] loss: 0.192
[57,   380] loss: 0.223
[57,   390] loss: 0.219
[57,   400] loss: 0.223
VALIDATION loss: 0.27768388390541077
[58,    10] loss: 0.207
[58,    20] loss: 0.196
[58,    30] loss: 0.222
[58,    40] loss: 0.167
[58,    50] loss: 0.207
[58,    60] loss: 0.184
[58,    70] loss: 0.207
[58,    80] loss: 0.208
[58,    90] loss: 0.172
[58,   100] loss: 0.177
[58,   110] loss: 0.227
[58,   120] loss: 0.185
[58,   130] loss: 0.235
[58,   140] loss: 0.172
[58,   150] loss: 0.186
[58,   160] loss: 0.255
[58,   170] loss: 0.218
[58,   180] loss: 0.197
[58,   190] loss: 0.148
[58,   200] loss: 0.222
[58,   210] loss: 0.217
[58,   220] loss: 0.230
[58,   230] loss: 0.254
[58,   240] loss: 0.195
[58,   250] loss: 0.200
[58,   260] loss: 0.241
[58,   270] loss: 0.154
[58,   280] loss: 0.217
[58,   290] loss: 0.203
[58,   300] loss: 0.213
[58,   310] loss: 0.195
[58,   320] loss: 0.200
[58,   330] loss: 0.183
[58,   340] loss: 0.232
[58,   350] loss: 0.236
[58,   360] loss: 0.184
[58,   370] loss: 0.176
[58,   380] loss: 0.240
[58,   390] loss: 0.228
[58,   400] loss: 0.200
VALIDATION loss: 0.4633006751537323
[59,    10] loss: 0.177
[59,    20] loss: 0.237
[59,    30] loss: 0.224
[59,    40] loss: 0.183
[59,    50] loss: 0.206
[59,    60] loss: 0.221
[59,    70] loss: 0.206
[59,    80] loss: 0.191
[59,    90] loss: 0.162
[59,   100] loss: 0.198
[59,   110] loss: 0.187
[59,   120] loss: 0.185
[59,   130] loss: 0.204
[59,   140] loss: 0.234
[59,   150] loss: 0.201
[59,   160] loss: 0.191
[59,   170] loss: 0.221
[59,   180] loss: 0.228
[59,   190] loss: 0.229
[59,   200] loss: 0.193
[59,   210] loss: 0.234
[59,   220] loss: 0.198
[59,   230] loss: 0.247
[59,   240] loss: 0.229
[59,   250] loss: 0.193
[59,   260] loss: 0.221
[59,   270] loss: 0.193
[59,   280] loss: 0.223
[59,   290] loss: 0.221
[59,   300] loss: 0.200
[59,   310] loss: 0.205
[59,   320] loss: 0.232
[59,   330] loss: 0.194
[59,   340] loss: 0.204
[59,   350] loss: 0.219
[59,   360] loss: 0.169
[59,   370] loss: 0.175
[59,   380] loss: 0.167
[59,   390] loss: 0.232
[59,   400] loss: 0.189
VALIDATION loss: 0.580655574798584
[60,    10] loss: 0.199
[60,    20] loss: 0.157
[60,    30] loss: 0.207
[60,    40] loss: 0.182
[60,    50] loss: 0.207
[60,    60] loss: 0.239
[60,    70] loss: 0.165
[60,    80] loss: 0.214
[60,    90] loss: 0.137
[60,   100] loss: 0.231
[60,   110] loss: 0.187
[60,   120] loss: 0.183
[60,   130] loss: 0.156
[60,   140] loss: 0.253
[60,   150] loss: 0.191
[60,   160] loss: 0.207
[60,   170] loss: 0.201
[60,   180] loss: 0.207
[60,   190] loss: 0.197
[60,   200] loss: 0.216
[60,   210] loss: 0.242
[60,   220] loss: 0.219
[60,   230] loss: 0.229
[60,   240] loss: 0.188
[60,   250] loss: 0.229
[60,   260] loss: 0.232
[60,   270] loss: 0.228
[60,   280] loss: 0.211
[60,   290] loss: 0.226
[60,   300] loss: 0.225
[60,   310] loss: 0.246
[60,   320] loss: 0.183
[60,   330] loss: 0.214
[60,   340] loss: 0.183
[60,   350] loss: 0.164
[60,   360] loss: 0.180
[60,   370] loss: 0.163
[60,   380] loss: 0.196
[60,   390] loss: 0.205
[60,   400] loss: 0.250
VALIDATION loss: 2.692131280899048
[61,    10] loss: 0.205
[61,    20] loss: 0.183
[61,    30] loss: 0.209
[61,    40] loss: 0.211
[61,    50] loss: 0.179
[61,    60] loss: 0.206
[61,    70] loss: 0.236
[61,    80] loss: 0.196
[61,    90] loss: 0.189
[61,   100] loss: 0.241
[61,   110] loss: 0.233
[61,   120] loss: 0.158
[61,   130] loss: 0.173
[61,   140] loss: 0.215
[61,   150] loss: 0.212
[61,   160] loss: 0.224
[61,   170] loss: 0.231
[61,   180] loss: 0.267
[61,   190] loss: 0.224
[61,   200] loss: 0.223
[61,   210] loss: 0.179
[61,   220] loss: 0.202
[61,   230] loss: 0.215
[61,   240] loss: 0.233
[61,   250] loss: 0.198
[61,   260] loss: 0.219
[61,   270] loss: 0.196
[61,   280] loss: 0.243
[61,   290] loss: 0.236
[61,   300] loss: 0.197
[61,   310] loss: 0.229
[61,   320] loss: 0.204
[61,   330] loss: 0.209
[61,   340] loss: 0.225
[61,   350] loss: 0.174
[61,   360] loss: 0.192
[61,   370] loss: 0.151
[61,   380] loss: 0.178
[61,   390] loss: 0.161
[61,   400] loss: 0.225
VALIDATION loss: 2.819913864135742
[62,    10] loss: 0.188
[62,    20] loss: 0.279
[62,    30] loss: 0.217
[62,    40] loss: 0.224
[62,    50] loss: 0.172
[62,    60] loss: 0.203
[62,    70] loss: 0.181
[62,    80] loss: 0.196
[62,    90] loss: 0.147
[62,   100] loss: 0.186
[62,   110] loss: 0.191
[62,   120] loss: 0.202
[62,   130] loss: 0.188
[62,   140] loss: 0.198
[62,   150] loss: 0.168
[62,   160] loss: 0.233
[62,   170] loss: 0.193
[62,   180] loss: 0.182
[62,   190] loss: 0.200
[62,   200] loss: 0.167
[62,   210] loss: 0.199
[62,   220] loss: 0.226
[62,   230] loss: 0.193
[62,   240] loss: 0.199
[62,   250] loss: 0.208
[62,   260] loss: 0.188
[62,   270] loss: 0.167
[62,   280] loss: 0.206
[62,   290] loss: 0.210
[62,   300] loss: 0.225
[62,   310] loss: 0.226
[62,   320] loss: 0.210
[62,   330] loss: 0.165
[62,   340] loss: 0.182
[62,   350] loss: 0.176
[62,   360] loss: 0.141
[62,   370] loss: 0.232
[62,   380] loss: 0.160
[62,   390] loss: 0.177
[62,   400] loss: 0.243
VALIDATION loss: 0.5663226246833801
[63,    10] loss: 0.192
[63,    20] loss: 0.140
[63,    30] loss: 0.204
[63,    40] loss: 0.230
[63,    50] loss: 0.189
[63,    60] loss: 0.246
[63,    70] loss: 0.193
[63,    80] loss: 0.194
[63,    90] loss: 0.197
[63,   100] loss: 0.232
[63,   110] loss: 0.213
[63,   120] loss: 0.189
[63,   130] loss: 0.185
[63,   140] loss: 0.236
[63,   150] loss: 0.228
[63,   160] loss: 0.209
[63,   170] loss: 0.221
[63,   180] loss: 0.187
[63,   190] loss: 0.207
[63,   200] loss: 0.189
[63,   210] loss: 0.157
[63,   220] loss: 0.155
[63,   230] loss: 0.181
[63,   240] loss: 0.166
[63,   250] loss: 0.233
[63,   260] loss: 0.196
[63,   270] loss: 0.230
[63,   280] loss: 0.209
[63,   290] loss: 0.174
[63,   300] loss: 0.182
[63,   310] loss: 0.189
[63,   320] loss: 0.177
[63,   330] loss: 0.184
[63,   340] loss: 0.183
[63,   350] loss: 0.171
[63,   360] loss: 0.179
[63,   370] loss: 0.192
[63,   380] loss: 0.226
[63,   390] loss: 0.214
[63,   400] loss: 0.233
VALIDATION loss: 1.2514243125915527
[64,    10] loss: 0.170
[64,    20] loss: 0.225
[64,    30] loss: 0.200
[64,    40] loss: 0.129
[64,    50] loss: 0.216
[64,    60] loss: 0.196
[64,    70] loss: 0.287
[64,    80] loss: 0.192
[64,    90] loss: 0.202
[64,   100] loss: 0.149
[64,   110] loss: 0.212
[64,   120] loss: 0.211
[64,   130] loss: 0.260
[64,   140] loss: 0.212
[64,   150] loss: 0.148
[64,   160] loss: 0.179
[64,   170] loss: 0.134
[64,   180] loss: 0.177
[64,   190] loss: 0.239
[64,   200] loss: 0.177
[64,   210] loss: 0.209
[64,   220] loss: 0.262
[64,   230] loss: 0.190
[64,   240] loss: 0.172
[64,   250] loss: 0.263
[64,   260] loss: 0.178
[64,   270] loss: 0.180
[64,   280] loss: 0.168
[64,   290] loss: 0.230
[64,   300] loss: 0.221
[64,   310] loss: 0.206
[64,   320] loss: 0.217
[64,   330] loss: 0.177
[64,   340] loss: 0.170
[64,   350] loss: 0.220
[64,   360] loss: 0.223
[64,   370] loss: 0.160
[64,   380] loss: 0.221
[64,   390] loss: 0.194
[64,   400] loss: 0.178
VALIDATION loss: 0.4255932569503784
[65,    10] loss: 0.188
[65,    20] loss: 0.180
[65,    30] loss: 0.131
[65,    40] loss: 0.251
[65,    50] loss: 0.211
[65,    60] loss: 0.182
[65,    70] loss: 0.194
[65,    80] loss: 0.224
[65,    90] loss: 0.179
[65,   100] loss: 0.191
[65,   110] loss: 0.265
[65,   120] loss: 0.197
[65,   130] loss: 0.179
[65,   140] loss: 0.166
[65,   150] loss: 0.170
[65,   160] loss: 0.191
[65,   170] loss: 0.201
[65,   180] loss: 0.210
[65,   190] loss: 0.161
[65,   200] loss: 0.196
[65,   210] loss: 0.174
[65,   220] loss: 0.271
[65,   230] loss: 0.209
[65,   240] loss: 0.233
[65,   250] loss: 0.184
[65,   260] loss: 0.203
[65,   270] loss: 0.135
[65,   280] loss: 0.216
[65,   290] loss: 0.156
[65,   300] loss: 0.190
[65,   310] loss: 0.160
[65,   320] loss: 0.208
[65,   330] loss: 0.249
[65,   340] loss: 0.182
[65,   350] loss: 0.218
[65,   360] loss: 0.211
[65,   370] loss: 0.166
[65,   380] loss: 0.239
[65,   390] loss: 0.183
[65,   400] loss: 0.218
VALIDATION loss: 0.1970343440771103
[66,    10] loss: 0.231
[66,    20] loss: 0.155
[66,    30] loss: 0.206
[66,    40] loss: 0.163
[66,    50] loss: 0.203
[66,    60] loss: 0.236
[66,    70] loss: 0.158
[66,    80] loss: 0.168
[66,    90] loss: 0.216
[66,   100] loss: 0.167
[66,   110] loss: 0.154
[66,   120] loss: 0.199
[66,   130] loss: 0.171
[66,   140] loss: 0.187
[66,   150] loss: 0.232
[66,   160] loss: 0.193
[66,   170] loss: 0.194
[66,   180] loss: 0.195
[66,   190] loss: 0.209
[66,   200] loss: 0.228
[66,   210] loss: 0.198
[66,   220] loss: 0.146
[66,   230] loss: 0.232
[66,   240] loss: 0.151
[66,   250] loss: 0.183
[66,   260] loss: 0.194
[66,   270] loss: 0.171
[66,   280] loss: 0.231
[66,   290] loss: 0.196
[66,   300] loss: 0.199
[66,   310] loss: 0.184
[66,   320] loss: 0.207
[66,   330] loss: 0.198
[66,   340] loss: 0.203
[66,   350] loss: 0.184
[66,   360] loss: 0.209
[66,   370] loss: 0.205
[66,   380] loss: 0.211
[66,   390] loss: 0.188
[66,   400] loss: 0.145
VALIDATION loss: 0.19624903798103333
[67,    10] loss: 0.205
[67,    20] loss: 0.197
[67,    30] loss: 0.177
[67,    40] loss: 0.188
[67,    50] loss: 0.231
[67,    60] loss: 0.179
[67,    70] loss: 0.195
[67,    80] loss: 0.197
[67,    90] loss: 0.183
[67,   100] loss: 0.138
[67,   110] loss: 0.170
[67,   120] loss: 0.186
[67,   130] loss: 0.192
[67,   140] loss: 0.166
[67,   150] loss: 0.163
[67,   160] loss: 0.193
[67,   170] loss: 0.201
[67,   180] loss: 0.188
[67,   190] loss: 0.139
[67,   200] loss: 0.175
[67,   210] loss: 0.164
[67,   220] loss: 0.200
[67,   230] loss: 0.209
[67,   240] loss: 0.185
[67,   250] loss: 0.178
[67,   260] loss: 0.170
[67,   270] loss: 0.195
[67,   280] loss: 0.199
[67,   290] loss: 0.198
[67,   300] loss: 0.174
[67,   310] loss: 0.160
[67,   320] loss: 0.181
[67,   330] loss: 0.223
[67,   340] loss: 0.147
[67,   350] loss: 0.166
[67,   360] loss: 0.192
[67,   370] loss: 0.217
[67,   380] loss: 0.180
[67,   390] loss: 0.155
[67,   400] loss: 0.169
VALIDATION loss: 0.1871316134929657
[68,    10] loss: 0.200
[68,    20] loss: 0.204
[68,    30] loss: 0.229
[68,    40] loss: 0.191
[68,    50] loss: 0.194
[68,    60] loss: 0.152
[68,    70] loss: 0.142
[68,    80] loss: 0.181
[68,    90] loss: 0.183
[68,   100] loss: 0.176
[68,   110] loss: 0.198
[68,   120] loss: 0.189
[68,   130] loss: 0.156
[68,   140] loss: 0.212
[68,   150] loss: 0.206
[68,   160] loss: 0.188
[68,   170] loss: 0.165
[68,   180] loss: 0.169
[68,   190] loss: 0.192
[68,   200] loss: 0.150
[68,   210] loss: 0.225
[68,   220] loss: 0.198
[68,   230] loss: 0.216
[68,   240] loss: 0.212
[68,   250] loss: 0.228
[68,   260] loss: 0.198
[68,   270] loss: 0.196
[68,   280] loss: 0.190
[68,   290] loss: 0.149
[68,   300] loss: 0.206
[68,   310] loss: 0.216
[68,   320] loss: 0.199
[68,   330] loss: 0.158
[68,   340] loss: 0.241
[68,   350] loss: 0.245
[68,   360] loss: 0.225
[68,   370] loss: 0.161
[68,   380] loss: 0.174
[68,   390] loss: 0.223
[68,   400] loss: 0.155
VALIDATION loss: 0.22007089853286743
[69,    10] loss: 0.170
[69,    20] loss: 0.182
[69,    30] loss: 0.199
[69,    40] loss: 0.169
[69,    50] loss: 0.219
[69,    60] loss: 0.171
[69,    70] loss: 0.195
[69,    80] loss: 0.194
[69,    90] loss: 0.161
[69,   100] loss: 0.184
[69,   110] loss: 0.204
[69,   120] loss: 0.203
[69,   130] loss: 0.159
[69,   140] loss: 0.194
[69,   150] loss: 0.213
[69,   160] loss: 0.168
[69,   170] loss: 0.189
[69,   180] loss: 0.141
[69,   190] loss: 0.201
[69,   200] loss: 0.175
[69,   210] loss: 0.183
[69,   220] loss: 0.201
[69,   230] loss: 0.181
[69,   240] loss: 0.202
[69,   250] loss: 0.155
[69,   260] loss: 0.171
[69,   270] loss: 0.172
[69,   280] loss: 0.166
[69,   290] loss: 0.187
[69,   300] loss: 0.186
[69,   310] loss: 0.163
[69,   320] loss: 0.200
[69,   330] loss: 0.189
[69,   340] loss: 0.144
[69,   350] loss: 0.166
[69,   360] loss: 0.221
[69,   370] loss: 0.240
[69,   380] loss: 0.214
[69,   390] loss: 0.181
[69,   400] loss: 0.191
VALIDATION loss: 0.21380451321601868
[70,    10] loss: 0.166
[70,    20] loss: 0.173
[70,    30] loss: 0.202
[70,    40] loss: 0.157
[70,    50] loss: 0.204
[70,    60] loss: 0.182
[70,    70] loss: 0.185
[70,    80] loss: 0.206
[70,    90] loss: 0.202
[70,   100] loss: 0.202
[70,   110] loss: 0.202
[70,   120] loss: 0.155
[70,   130] loss: 0.174
[70,   140] loss: 0.153
[70,   150] loss: 0.185
[70,   160] loss: 0.183
[70,   170] loss: 0.219
[70,   180] loss: 0.182
[70,   190] loss: 0.149
[70,   200] loss: 0.162
[70,   210] loss: 0.198
[70,   220] loss: 0.159
[70,   230] loss: 0.218
[70,   240] loss: 0.163
[70,   250] loss: 0.170
[70,   260] loss: 0.231
[70,   270] loss: 0.185
[70,   280] loss: 0.160
[70,   290] loss: 0.226
[70,   300] loss: 0.137
[70,   310] loss: 0.163
[70,   320] loss: 0.243
[70,   330] loss: 0.186
[70,   340] loss: 0.155
[70,   350] loss: 0.154
[70,   360] loss: 0.194
[70,   370] loss: 0.193
[70,   380] loss: 0.187
[70,   390] loss: 0.181
[70,   400] loss: 0.174
VALIDATION loss: 0.31845322251319885
[71,    10] loss: 0.142
[71,    20] loss: 0.162
[71,    30] loss: 0.182
[71,    40] loss: 0.190
[71,    50] loss: 0.200
[71,    60] loss: 0.198
[71,    70] loss: 0.182
[71,    80] loss: 0.156
[71,    90] loss: 0.197
[71,   100] loss: 0.172
[71,   110] loss: 0.184
[71,   120] loss: 0.167
[71,   130] loss: 0.180
[71,   140] loss: 0.217
[71,   150] loss: 0.156
[71,   160] loss: 0.161
[71,   170] loss: 0.202
[71,   180] loss: 0.188
[71,   190] loss: 0.164
[71,   200] loss: 0.145
[71,   210] loss: 0.199
[71,   220] loss: 0.143
[71,   230] loss: 0.172
[71,   240] loss: 0.181
[71,   250] loss: 0.194
[71,   260] loss: 0.165
[71,   270] loss: 0.113
[71,   280] loss: 0.165
[71,   290] loss: 0.222
[71,   300] loss: 0.189
[71,   310] loss: 0.218
[71,   320] loss: 0.250
[71,   330] loss: 0.200
[71,   340] loss: 0.201
[71,   350] loss: 0.210
[71,   360] loss: 0.207
[71,   370] loss: 0.210
[71,   380] loss: 0.176
[71,   390] loss: 0.204
[71,   400] loss: 0.202
VALIDATION loss: 0.19615980982780457
[72,    10] loss: 0.164
[72,    20] loss: 0.212
[72,    30] loss: 0.221
[72,    40] loss: 0.162
[72,    50] loss: 0.153
[72,    60] loss: 0.174
[72,    70] loss: 0.204
[72,    80] loss: 0.193
[72,    90] loss: 0.189
[72,   100] loss: 0.178
[72,   110] loss: 0.217
[72,   120] loss: 0.163
[72,   130] loss: 0.190
[72,   140] loss: 0.183
[72,   150] loss: 0.129
[72,   160] loss: 0.189
[72,   170] loss: 0.243
[72,   180] loss: 0.198
[72,   190] loss: 0.193
[72,   200] loss: 0.192
[72,   210] loss: 0.174
[72,   220] loss: 0.164
[72,   230] loss: 0.159
[72,   240] loss: 0.127
[72,   250] loss: 0.184
[72,   260] loss: 0.201
[72,   270] loss: 0.198
[72,   280] loss: 0.247
[72,   290] loss: 0.149
[72,   300] loss: 0.188
[72,   310] loss: 0.183
[72,   320] loss: 0.203
[72,   330] loss: 0.212
[72,   340] loss: 0.197
[72,   350] loss: 0.168
[72,   360] loss: 0.194
[72,   370] loss: 0.227
[72,   380] loss: 0.158
[72,   390] loss: 0.165
[72,   400] loss: 0.177
VALIDATION loss: 0.269397109746933
[73,    10] loss: 0.191
[73,    20] loss: 0.134
[73,    30] loss: 0.191
[73,    40] loss: 0.164
[73,    50] loss: 0.151
[73,    60] loss: 0.222
[73,    70] loss: 0.187
[73,    80] loss: 0.185
[73,    90] loss: 0.137
[73,   100] loss: 0.184
[73,   110] loss: 0.152
[73,   120] loss: 0.165
[73,   130] loss: 0.158
[73,   140] loss: 0.188
[73,   150] loss: 0.209
[73,   160] loss: 0.157
[73,   170] loss: 0.193
[73,   180] loss: 0.122
[73,   190] loss: 0.233
[73,   200] loss: 0.176
[73,   210] loss: 0.202
[73,   220] loss: 0.189
[73,   230] loss: 0.148
[73,   240] loss: 0.169
[73,   250] loss: 0.195
[73,   260] loss: 0.112
[73,   270] loss: 0.202
[73,   280] loss: 0.160
[73,   290] loss: 0.199
[73,   300] loss: 0.211
[73,   310] loss: 0.168
[73,   320] loss: 0.224
[73,   330] loss: 0.263
[73,   340] loss: 0.179
[73,   350] loss: 0.189
[73,   360] loss: 0.180
[73,   370] loss: 0.152
[73,   380] loss: 0.163
[73,   390] loss: 0.160
[73,   400] loss: 0.161
VALIDATION loss: 0.19275087118148804
[74,    10] loss: 0.147
[74,    20] loss: 0.151
[74,    30] loss: 0.145
[74,    40] loss: 0.208
[74,    50] loss: 0.150
[74,    60] loss: 0.233
[74,    70] loss: 0.146
[74,    80] loss: 0.178
[74,    90] loss: 0.177
[74,   100] loss: 0.126
[74,   110] loss: 0.231
[74,   120] loss: 0.191
[74,   130] loss: 0.186
[74,   140] loss: 0.186
[74,   150] loss: 0.231
[74,   160] loss: 0.182
[74,   170] loss: 0.210
[74,   180] loss: 0.168
[74,   190] loss: 0.192
[74,   200] loss: 0.174
[74,   210] loss: 0.173
[74,   220] loss: 0.185
[74,   230] loss: 0.143
[74,   240] loss: 0.192
[74,   250] loss: 0.191
[74,   260] loss: 0.167
[74,   270] loss: 0.177
[74,   280] loss: 0.210
[74,   290] loss: 0.157
[74,   300] loss: 0.157
[74,   310] loss: 0.153
[74,   320] loss: 0.183
[74,   330] loss: 0.203
[74,   340] loss: 0.206
[74,   350] loss: 0.203
[74,   360] loss: 0.171
[74,   370] loss: 0.210
[74,   380] loss: 0.194
[74,   390] loss: 0.140
[74,   400] loss: 0.173
VALIDATION loss: 0.19794845581054688
[75,    10] loss: 0.171
[75,    20] loss: 0.148
[75,    30] loss: 0.158
[75,    40] loss: 0.149
[75,    50] loss: 0.147
[75,    60] loss: 0.202
[75,    70] loss: 0.170
[75,    80] loss: 0.170
[75,    90] loss: 0.185
[75,   100] loss: 0.237
[75,   110] loss: 0.156
[75,   120] loss: 0.159
[75,   130] loss: 0.165
[75,   140] loss: 0.168
[75,   150] loss: 0.155
[75,   160] loss: 0.179
[75,   170] loss: 0.215
[75,   180] loss: 0.151
[75,   190] loss: 0.165
[75,   200] loss: 0.194
[75,   210] loss: 0.196
[75,   220] loss: 0.204
[75,   230] loss: 0.213
[75,   240] loss: 0.166
[75,   250] loss: 0.142
[75,   260] loss: 0.167
[75,   270] loss: 0.154
[75,   280] loss: 0.142
[75,   290] loss: 0.150
[75,   300] loss: 0.265
[75,   310] loss: 0.237
[75,   320] loss: 0.147
[75,   330] loss: 0.194
[75,   340] loss: 0.148
[75,   350] loss: 0.161
[75,   360] loss: 0.151
[75,   370] loss: 0.160
[75,   380] loss: 0.152
[75,   390] loss: 0.176
[75,   400] loss: 0.183
VALIDATION loss: 0.23499712347984314
[76,    10] loss: 0.156
[76,    20] loss: 0.152
[76,    30] loss: 0.159
[76,    40] loss: 0.168
[76,    50] loss: 0.194
[76,    60] loss: 0.169
[76,    70] loss: 0.157
[76,    80] loss: 0.170
[76,    90] loss: 0.178
[76,   100] loss: 0.228
[76,   110] loss: 0.197
[76,   120] loss: 0.142
[76,   130] loss: 0.211
[76,   140] loss: 0.156
[76,   150] loss: 0.215
[76,   160] loss: 0.206
[76,   170] loss: 0.154
[76,   180] loss: 0.163
[76,   190] loss: 0.158
[76,   200] loss: 0.158
[76,   210] loss: 0.205
[76,   220] loss: 0.214
[76,   230] loss: 0.172
[76,   240] loss: 0.215
[76,   250] loss: 0.160
[76,   260] loss: 0.167
[76,   270] loss: 0.175
[76,   280] loss: 0.177
[76,   290] loss: 0.159
[76,   300] loss: 0.119
[76,   310] loss: 0.159
[76,   320] loss: 0.156
[76,   330] loss: 0.154
[76,   340] loss: 0.160
[76,   350] loss: 0.196
[76,   360] loss: 0.176
[76,   370] loss: 0.132
[76,   380] loss: 0.195
[76,   390] loss: 0.182
[76,   400] loss: 0.170
VALIDATION loss: 0.7493141293525696
[77,    10] loss: 0.179
[77,    20] loss: 0.180
[77,    30] loss: 0.188
[77,    40] loss: 0.184
[77,    50] loss: 0.171
[77,    60] loss: 0.214
[77,    70] loss: 0.167
[77,    80] loss: 0.160
[77,    90] loss: 0.210
[77,   100] loss: 0.180
[77,   110] loss: 0.197
[77,   120] loss: 0.148
[77,   130] loss: 0.180
[77,   140] loss: 0.179
[77,   150] loss: 0.115
[77,   160] loss: 0.187
[77,   170] loss: 0.189
[77,   180] loss: 0.163
[77,   190] loss: 0.203
[77,   200] loss: 0.192
[77,   210] loss: 0.173
[77,   220] loss: 0.220
[77,   230] loss: 0.173
[77,   240] loss: 0.149
[77,   250] loss: 0.175
[77,   260] loss: 0.177
[77,   270] loss: 0.209
[77,   280] loss: 0.162
[77,   290] loss: 0.133
[77,   300] loss: 0.192
[77,   310] loss: 0.180
[77,   320] loss: 0.181
[77,   330] loss: 0.168
[77,   340] loss: 0.183
[77,   350] loss: 0.176
[77,   360] loss: 0.150
[77,   370] loss: 0.191
[77,   380] loss: 0.160
[77,   390] loss: 0.225
[77,   400] loss: 0.137
VALIDATION loss: 0.22074563801288605
[78,    10] loss: 0.141
[78,    20] loss: 0.161
[78,    30] loss: 0.173
[78,    40] loss: 0.199
[78,    50] loss: 0.161
[78,    60] loss: 0.160
[78,    70] loss: 0.155
[78,    80] loss: 0.169
[78,    90] loss: 0.191
[78,   100] loss: 0.198
[78,   110] loss: 0.217
[78,   120] loss: 0.181
[78,   130] loss: 0.135
[78,   140] loss: 0.195
[78,   150] loss: 0.187
[78,   160] loss: 0.202
[78,   170] loss: 0.225
[78,   180] loss: 0.154
[78,   190] loss: 0.176
[78,   200] loss: 0.193
[78,   210] loss: 0.195
[78,   220] loss: 0.160
[78,   230] loss: 0.201
[78,   240] loss: 0.143
[78,   250] loss: 0.154
[78,   260] loss: 0.177
[78,   270] loss: 0.154
[78,   280] loss: 0.161
[78,   290] loss: 0.186
[78,   300] loss: 0.215
[78,   310] loss: 0.159
[78,   320] loss: 0.175
[78,   330] loss: 0.158
[78,   340] loss: 0.161
[78,   350] loss: 0.166
[78,   360] loss: 0.181
[78,   370] loss: 0.176
[78,   380] loss: 0.154
[78,   390] loss: 0.177
[78,   400] loss: 0.168
VALIDATION loss: 0.1636533886194229
[79,    10] loss: 0.174
[79,    20] loss: 0.163
[79,    30] loss: 0.206
[79,    40] loss: 0.144
[79,    50] loss: 0.169
[79,    60] loss: 0.159
[79,    70] loss: 0.154
[79,    80] loss: 0.175
[79,    90] loss: 0.175
[79,   100] loss: 0.160
[79,   110] loss: 0.155
[79,   120] loss: 0.142
[79,   130] loss: 0.141
[79,   140] loss: 0.198
[79,   150] loss: 0.192
[79,   160] loss: 0.189
[79,   170] loss: 0.148
[79,   180] loss: 0.177
[79,   190] loss: 0.195
[79,   200] loss: 0.116
[79,   210] loss: 0.199
[79,   220] loss: 0.161
[79,   230] loss: 0.171
[79,   240] loss: 0.150
[79,   250] loss: 0.157
[79,   260] loss: 0.184
[79,   270] loss: 0.192
[79,   280] loss: 0.256
[79,   290] loss: 0.184
[79,   300] loss: 0.154
[79,   310] loss: 0.149
[79,   320] loss: 0.189
[79,   330] loss: 0.168
[79,   340] loss: 0.223
[79,   350] loss: 0.120
[79,   360] loss: 0.151
[79,   370] loss: 0.175
[79,   380] loss: 0.154
[79,   390] loss: 0.141
[79,   400] loss: 0.201
VALIDATION loss: 0.17420873045921326
[80,    10] loss: 0.179
[80,    20] loss: 0.170
[80,    30] loss: 0.182
[80,    40] loss: 0.160
[80,    50] loss: 0.125
[80,    60] loss: 0.114
[80,    70] loss: 0.183
[80,    80] loss: 0.203
[80,    90] loss: 0.189
[80,   100] loss: 0.170
[80,   110] loss: 0.164
[80,   120] loss: 0.175
[80,   130] loss: 0.193
[80,   140] loss: 0.177
[80,   150] loss: 0.181
[80,   160] loss: 0.220
[80,   170] loss: 0.158
[80,   180] loss: 0.162
[80,   190] loss: 0.146
[80,   200] loss: 0.202
[80,   210] loss: 0.185
[80,   220] loss: 0.159
[80,   230] loss: 0.140
[80,   240] loss: 0.151
[80,   250] loss: 0.214
[80,   260] loss: 0.162
[80,   270] loss: 0.182
[80,   280] loss: 0.201
[80,   290] loss: 0.202
[80,   300] loss: 0.179
[80,   310] loss: 0.174
[80,   320] loss: 0.171
[80,   330] loss: 0.186
[80,   340] loss: 0.181
[80,   350] loss: 0.186
[80,   360] loss: 0.169
[80,   370] loss: 0.145
[80,   380] loss: 0.239
[80,   390] loss: 0.164
[80,   400] loss: 0.199
VALIDATION loss: 0.3683803677558899
[81,    10] loss: 0.189
[81,    20] loss: 0.169
[81,    30] loss: 0.209
[81,    40] loss: 0.198
[81,    50] loss: 0.197
[81,    60] loss: 0.189
[81,    70] loss: 0.130
[81,    80] loss: 0.196
[81,    90] loss: 0.154
[81,   100] loss: 0.172
[81,   110] loss: 0.181
[81,   120] loss: 0.153
[81,   130] loss: 0.168
[81,   140] loss: 0.139
[81,   150] loss: 0.177
[81,   160] loss: 0.154
[81,   170] loss: 0.179
[81,   180] loss: 0.130
[81,   190] loss: 0.162
[81,   200] loss: 0.211
[81,   210] loss: 0.184
[81,   220] loss: 0.175
[81,   230] loss: 0.204
[81,   240] loss: 0.243
[81,   250] loss: 0.229
[81,   260] loss: 0.173
[81,   270] loss: 0.194
[81,   280] loss: 0.169
[81,   290] loss: 0.171
[81,   300] loss: 0.138
[81,   310] loss: 0.148
[81,   320] loss: 0.123
[81,   330] loss: 0.179
[81,   340] loss: 0.130
[81,   350] loss: 0.166
[81,   360] loss: 0.157
[81,   370] loss: 0.145
[81,   380] loss: 0.143
[81,   390] loss: 0.140
[81,   400] loss: 0.166
VALIDATION loss: 0.9689299464225769
[82,    10] loss: 0.160
[82,    20] loss: 0.156
[82,    30] loss: 0.159
[82,    40] loss: 0.132
[82,    50] loss: 0.209
[82,    60] loss: 0.187
[82,    70] loss: 0.174
[82,    80] loss: 0.180
[82,    90] loss: 0.159
[82,   100] loss: 0.170
[82,   110] loss: 0.189
[82,   120] loss: 0.156
[82,   130] loss: 0.131
[82,   140] loss: 0.163
[82,   150] loss: 0.147
[82,   160] loss: 0.140
[82,   170] loss: 0.204
[82,   180] loss: 0.183
[82,   190] loss: 0.176
[82,   200] loss: 0.195
[82,   210] loss: 0.201
[82,   220] loss: 0.151
[82,   230] loss: 0.170
[82,   240] loss: 0.188
[82,   250] loss: 0.159
[82,   260] loss: 0.171
[82,   270] loss: 0.168
[82,   280] loss: 0.144
[82,   290] loss: 0.168
[82,   300] loss: 0.169
[82,   310] loss: 0.152
[82,   320] loss: 0.175
[82,   330] loss: 0.149
[82,   340] loss: 0.185
[82,   350] loss: 0.195
[82,   360] loss: 0.241
[82,   370] loss: 0.161
[82,   380] loss: 0.223
[82,   390] loss: 0.161
[82,   400] loss: 0.171
VALIDATION loss: 1.5268325805664062
[83,    10] loss: 0.186
[83,    20] loss: 0.164
[83,    30] loss: 0.149
[83,    40] loss: 0.139
[83,    50] loss: 0.169
[83,    60] loss: 0.151
[83,    70] loss: 0.183
[83,    80] loss: 0.148
[83,    90] loss: 0.186
[83,   100] loss: 0.140
[83,   110] loss: 0.176
[83,   120] loss: 0.131
[83,   130] loss: 0.150
[83,   140] loss: 0.117
[83,   150] loss: 0.166
[83,   160] loss: 0.159
[83,   170] loss: 0.185
[83,   180] loss: 0.164
[83,   190] loss: 0.142
[83,   200] loss: 0.238
[83,   210] loss: 0.150
[83,   220] loss: 0.168
[83,   230] loss: 0.130
[83,   240] loss: 0.176
[83,   250] loss: 0.175
[83,   260] loss: 0.209
[83,   270] loss: 0.212
[83,   280] loss: 0.150
[83,   290] loss: 0.168
[83,   300] loss: 0.165
[83,   310] loss: 0.151
[83,   320] loss: 0.146
[83,   330] loss: 0.183
[83,   340] loss: 0.171
[83,   350] loss: 0.134
[83,   360] loss: 0.189
[83,   370] loss: 0.191
[83,   380] loss: 0.150
[83,   390] loss: 0.167
[83,   400] loss: 0.180
VALIDATION loss: 0.31116539239883423
[84,    10] loss: 0.159
[84,    20] loss: 0.202
[84,    30] loss: 0.151
[84,    40] loss: 0.157
[84,    50] loss: 0.192
[84,    60] loss: 0.150
[84,    70] loss: 0.153
[84,    80] loss: 0.147
[84,    90] loss: 0.145
[84,   100] loss: 0.177
[84,   110] loss: 0.170
[84,   120] loss: 0.205
[84,   130] loss: 0.134
[84,   140] loss: 0.166
[84,   150] loss: 0.150
[84,   160] loss: 0.128
[84,   170] loss: 0.163
[84,   180] loss: 0.165
[84,   190] loss: 0.116
[84,   200] loss: 0.188
[84,   210] loss: 0.193
[84,   220] loss: 0.168
[84,   230] loss: 0.184
[84,   240] loss: 0.174
[84,   250] loss: 0.156
[84,   260] loss: 0.173
[84,   270] loss: 0.126
[84,   280] loss: 0.158
[84,   290] loss: 0.176
[84,   300] loss: 0.144
[84,   310] loss: 0.182
[84,   320] loss: 0.149
[84,   330] loss: 0.147
[84,   340] loss: 0.144
[84,   350] loss: 0.166
[84,   360] loss: 0.156
[84,   370] loss: 0.203
[84,   380] loss: 0.228
[84,   390] loss: 0.166
[84,   400] loss: 0.148
VALIDATION loss: 0.23814988136291504
[85,    10] loss: 0.185
[85,    20] loss: 0.130
[85,    30] loss: 0.157
[85,    40] loss: 0.186
[85,    50] loss: 0.137
[85,    60] loss: 0.188
[85,    70] loss: 0.139
[85,    80] loss: 0.204
[85,    90] loss: 0.165
[85,   100] loss: 0.111
[85,   110] loss: 0.171
[85,   120] loss: 0.132
[85,   130] loss: 0.142
[85,   140] loss: 0.179
[85,   150] loss: 0.187
[85,   160] loss: 0.149
[85,   170] loss: 0.163
[85,   180] loss: 0.203
[85,   190] loss: 0.149
[85,   200] loss: 0.136
[85,   210] loss: 0.148
[85,   220] loss: 0.183
[85,   230] loss: 0.177
[85,   240] loss: 0.162
[85,   250] loss: 0.194
[85,   260] loss: 0.160
[85,   270] loss: 0.202
[85,   280] loss: 0.184
[85,   290] loss: 0.147
[85,   300] loss: 0.184
[85,   310] loss: 0.225
[85,   320] loss: 0.155
[85,   330] loss: 0.155
[85,   340] loss: 0.175
[85,   350] loss: 0.170
[85,   360] loss: 0.156
[85,   370] loss: 0.157
[85,   380] loss: 0.160
[85,   390] loss: 0.223
[85,   400] loss: 0.201
VALIDATION loss: 0.44879084825515747
[86,    10] loss: 0.189
[86,    20] loss: 0.143
[86,    30] loss: 0.152
[86,    40] loss: 0.156
[86,    50] loss: 0.176
[86,    60] loss: 0.150
[86,    70] loss: 0.162
[86,    80] loss: 0.114
[86,    90] loss: 0.140
[86,   100] loss: 0.158
[86,   110] loss: 0.116
[86,   120] loss: 0.181
[86,   130] loss: 0.228
[86,   140] loss: 0.114
[86,   150] loss: 0.158
[86,   160] loss: 0.152
[86,   170] loss: 0.158
[86,   180] loss: 0.186
[86,   190] loss: 0.162
[86,   200] loss: 0.190
[86,   210] loss: 0.119
[86,   220] loss: 0.148
[86,   230] loss: 0.151
[86,   240] loss: 0.178
[86,   250] loss: 0.148
[86,   260] loss: 0.144
[86,   270] loss: 0.143
[86,   280] loss: 0.130
[86,   290] loss: 0.151
[86,   300] loss: 0.162
[86,   310] loss: 0.145
[86,   320] loss: 0.169
[86,   330] loss: 0.170
[86,   340] loss: 0.123
[86,   350] loss: 0.167
[86,   360] loss: 0.144
[86,   370] loss: 0.175
[86,   380] loss: 0.186
[86,   390] loss: 0.168
[86,   400] loss: 0.119
VALIDATION loss: 0.26162418723106384
[87,    10] loss: 0.141
[87,    20] loss: 0.168
[87,    30] loss: 0.125
[87,    40] loss: 0.143
[87,    50] loss: 0.171
[87,    60] loss: 0.167
[87,    70] loss: 0.197
[87,    80] loss: 0.134
[87,    90] loss: 0.126
[87,   100] loss: 0.122
[87,   110] loss: 0.134
[87,   120] loss: 0.167
[87,   130] loss: 0.165
[87,   140] loss: 0.190
[87,   150] loss: 0.172
[87,   160] loss: 0.112
[87,   170] loss: 0.186
[87,   180] loss: 0.143
[87,   190] loss: 0.155
[87,   200] loss: 0.136
[87,   210] loss: 0.197
[87,   220] loss: 0.165
[87,   230] loss: 0.169
[87,   240] loss: 0.156
[87,   250] loss: 0.141
[87,   260] loss: 0.154
[87,   270] loss: 0.174
[87,   280] loss: 0.127
[87,   290] loss: 0.159
[87,   300] loss: 0.133
[87,   310] loss: 0.172
[87,   320] loss: 0.175
[87,   330] loss: 0.145
[87,   340] loss: 0.177
[87,   350] loss: 0.142
[87,   360] loss: 0.167
[87,   370] loss: 0.168
[87,   380] loss: 0.157
[87,   390] loss: 0.120
[87,   400] loss: 0.164
VALIDATION loss: 0.2168782353401184
[88,    10] loss: 0.145
[88,    20] loss: 0.161
[88,    30] loss: 0.149
[88,    40] loss: 0.156
[88,    50] loss: 0.187
[88,    60] loss: 0.195
[88,    70] loss: 0.152
[88,    80] loss: 0.160
[88,    90] loss: 0.156
[88,   100] loss: 0.166
[88,   110] loss: 0.179
[88,   120] loss: 0.149
[88,   130] loss: 0.147
[88,   140] loss: 0.212
[88,   150] loss: 0.168
[88,   160] loss: 0.133
[88,   170] loss: 0.167
[88,   180] loss: 0.200
[88,   190] loss: 0.221
[88,   200] loss: 0.145
[88,   210] loss: 0.130
[88,   220] loss: 0.171
[88,   230] loss: 0.135
[88,   240] loss: 0.169
[88,   250] loss: 0.137
[88,   260] loss: 0.150
[88,   270] loss: 0.145
[88,   280] loss: 0.144
[88,   290] loss: 0.129
[88,   300] loss: 0.147
[88,   310] loss: 0.160
[88,   320] loss: 0.163
[88,   330] loss: 0.129
[88,   340] loss: 0.176
[88,   350] loss: 0.141
[88,   360] loss: 0.190
[88,   370] loss: 0.144
[88,   380] loss: 0.162
[88,   390] loss: 0.131
[88,   400] loss: 0.166
VALIDATION loss: 0.7193139791488647
[89,    10] loss: 0.183
[89,    20] loss: 0.173
[89,    30] loss: 0.199
[89,    40] loss: 0.200
[89,    50] loss: 0.165
[89,    60] loss: 0.168
[89,    70] loss: 0.140
[89,    80] loss: 0.151
[89,    90] loss: 0.112
[89,   100] loss: 0.156
[89,   110] loss: 0.107
[89,   120] loss: 0.136
[89,   130] loss: 0.166
[89,   140] loss: 0.176
[89,   150] loss: 0.179
[89,   160] loss: 0.130
[89,   170] loss: 0.141
[89,   180] loss: 0.165
[89,   190] loss: 0.170
[89,   200] loss: 0.151
[89,   210] loss: 0.197
[89,   220] loss: 0.141
[89,   230] loss: 0.113
[89,   240] loss: 0.165
[89,   250] loss: 0.219
[89,   260] loss: 0.184
[89,   270] loss: 0.178
[89,   280] loss: 0.156
[89,   290] loss: 0.129
[89,   300] loss: 0.162
[89,   310] loss: 0.159
[89,   320] loss: 0.125
[89,   330] loss: 0.158
[89,   340] loss: 0.184
[89,   350] loss: 0.137
[89,   360] loss: 0.150
[89,   370] loss: 0.156
[89,   380] loss: 0.126
[89,   390] loss: 0.143
[89,   400] loss: 0.193
VALIDATION loss: 0.39955827593803406
[90,    10] loss: 0.176
[90,    20] loss: 0.145
[90,    30] loss: 0.165
[90,    40] loss: 0.165
[90,    50] loss: 0.174
[90,    60] loss: 0.132
[90,    70] loss: 0.146
[90,    80] loss: 0.157
[90,    90] loss: 0.135
[90,   100] loss: 0.140
[90,   110] loss: 0.207
[90,   120] loss: 0.172
[90,   130] loss: 0.136
[90,   140] loss: 0.185
[90,   150] loss: 0.158
[90,   160] loss: 0.180
[90,   170] loss: 0.110
[90,   180] loss: 0.169
[90,   190] loss: 0.163
[90,   200] loss: 0.129
[90,   210] loss: 0.151
[90,   220] loss: 0.168
[90,   230] loss: 0.154
[90,   240] loss: 0.191
[90,   250] loss: 0.162
[90,   260] loss: 0.186
[90,   270] loss: 0.137
[90,   280] loss: 0.158
[90,   290] loss: 0.141
[90,   300] loss: 0.170
[90,   310] loss: 0.165
[90,   320] loss: 0.159
[90,   330] loss: 0.171
[90,   340] loss: 0.188
[90,   350] loss: 0.162
[90,   360] loss: 0.200
[90,   370] loss: 0.152
[90,   380] loss: 0.140
[90,   390] loss: 0.155
[90,   400] loss: 0.132
VALIDATION loss: 0.16365404427051544
[91,    10] loss: 0.140
[91,    20] loss: 0.158
[91,    30] loss: 0.135
[91,    40] loss: 0.132
[91,    50] loss: 0.187
[91,    60] loss: 0.208
[91,    70] loss: 0.157
[91,    80] loss: 0.162
[91,    90] loss: 0.155
[91,   100] loss: 0.154
[91,   110] loss: 0.158
[91,   120] loss: 0.141
[91,   130] loss: 0.199
[91,   140] loss: 0.162
[91,   150] loss: 0.168
[91,   160] loss: 0.142
[91,   170] loss: 0.153
[91,   180] loss: 0.143
[91,   190] loss: 0.158
[91,   200] loss: 0.168
[91,   210] loss: 0.182
[91,   220] loss: 0.147
[91,   230] loss: 0.184
[91,   240] loss: 0.136
[91,   250] loss: 0.193
[91,   260] loss: 0.149
[91,   270] loss: 0.134
[91,   280] loss: 0.195
[91,   290] loss: 0.137
[91,   300] loss: 0.138
[91,   310] loss: 0.194
[91,   320] loss: 0.178
[91,   330] loss: 0.134
[91,   340] loss: 0.165
[91,   350] loss: 0.135
[91,   360] loss: 0.212
[91,   370] loss: 0.174
[91,   380] loss: 0.127
[91,   390] loss: 0.157
[91,   400] loss: 0.156
VALIDATION loss: 1.4142740964889526
[92,    10] loss: 0.187
[92,    20] loss: 0.157
[92,    30] loss: 0.143
[92,    40] loss: 0.155
[92,    50] loss: 0.113
[92,    60] loss: 0.154
[92,    70] loss: 0.126
[92,    80] loss: 0.123
[92,    90] loss: 0.161
[92,   100] loss: 0.187
[92,   110] loss: 0.130
[92,   120] loss: 0.139
[92,   130] loss: 0.140
[92,   140] loss: 0.144
[92,   150] loss: 0.161
[92,   160] loss: 0.175
[92,   170] loss: 0.128
[92,   180] loss: 0.177
[92,   190] loss: 0.191
[92,   200] loss: 0.196
[92,   210] loss: 0.192
[92,   220] loss: 0.172
[92,   230] loss: 0.131
[92,   240] loss: 0.189
[92,   250] loss: 0.179
[92,   260] loss: 0.186
[92,   270] loss: 0.158
[92,   280] loss: 0.169
[92,   290] loss: 0.190
[92,   300] loss: 0.189
[92,   310] loss: 0.175
[92,   320] loss: 0.204
[92,   330] loss: 0.124
[92,   340] loss: 0.152
[92,   350] loss: 0.138
[92,   360] loss: 0.148
[92,   370] loss: 0.203
[92,   380] loss: 0.155
[92,   390] loss: 0.163
[92,   400] loss: 0.151
VALIDATION loss: 0.1572456657886505
[93,    10] loss: 0.169
[93,    20] loss: 0.126
[93,    30] loss: 0.145
[93,    40] loss: 0.159
[93,    50] loss: 0.164
[93,    60] loss: 0.174
[93,    70] loss: 0.161
[93,    80] loss: 0.146
[93,    90] loss: 0.159
[93,   100] loss: 0.189
[93,   110] loss: 0.126
[93,   120] loss: 0.187
[93,   130] loss: 0.138
[93,   140] loss: 0.145
[93,   150] loss: 0.161
[93,   160] loss: 0.170
[93,   170] loss: 0.163
[93,   180] loss: 0.154
[93,   190] loss: 0.146
[93,   200] loss: 0.155
[93,   210] loss: 0.160
[93,   220] loss: 0.141
[93,   230] loss: 0.199
[93,   240] loss: 0.160
[93,   250] loss: 0.210
[93,   260] loss: 0.204
[93,   270] loss: 0.152
[93,   280] loss: 0.224
[93,   290] loss: 0.147
[93,   300] loss: 0.184
[93,   310] loss: 0.238
[93,   320] loss: 0.223
[93,   330] loss: 0.234
[93,   340] loss: 0.186
[93,   350] loss: 0.173
[93,   360] loss: 0.160
[93,   370] loss: 0.161
[93,   380] loss: 0.159
[93,   390] loss: 0.159
[93,   400] loss: 0.159
VALIDATION loss: 0.15592916309833527
[94,    10] loss: 0.172
[94,    20] loss: 0.156
[94,    30] loss: 0.168
[94,    40] loss: 0.191
[94,    50] loss: 0.134
[94,    60] loss: 0.183
[94,    70] loss: 0.141
[94,    80] loss: 0.156
[94,    90] loss: 0.164
[94,   100] loss: 0.169
[94,   110] loss: 0.138
[94,   120] loss: 0.149
[94,   130] loss: 0.121
[94,   140] loss: 0.145
[94,   150] loss: 0.171
[94,   160] loss: 0.172
[94,   170] loss: 0.157
[94,   180] loss: 0.154
[94,   190] loss: 0.190
[94,   200] loss: 0.148
[94,   210] loss: 0.170
[94,   220] loss: 0.129
[94,   230] loss: 0.185
[94,   240] loss: 0.135
[94,   250] loss: 0.182
[94,   260] loss: 0.191
[94,   270] loss: 0.111
[94,   280] loss: 0.144
[94,   290] loss: 0.127
[94,   300] loss: 0.139
[94,   310] loss: 0.137
[94,   320] loss: 0.113
[94,   330] loss: 0.145
[94,   340] loss: 0.171
[94,   350] loss: 0.140
[94,   360] loss: 0.120
[94,   370] loss: 0.153
[94,   380] loss: 0.115
[94,   390] loss: 0.155
[94,   400] loss: 0.166
VALIDATION loss: 0.5865131616592407
[95,    10] loss: 0.156
[95,    20] loss: 0.162
[95,    30] loss: 0.185
[95,    40] loss: 0.162
[95,    50] loss: 0.174
[95,    60] loss: 0.186
[95,    70] loss: 0.217
[95,    80] loss: 0.150
[95,    90] loss: 0.167
[95,   100] loss: 0.150
[95,   110] loss: 0.198
[95,   120] loss: 0.117
[95,   130] loss: 0.131
[95,   140] loss: 0.183
[95,   150] loss: 0.161
[95,   160] loss: 0.124
[95,   170] loss: 0.149
[95,   180] loss: 0.228
[95,   190] loss: 0.229
[95,   200] loss: 0.155
[95,   210] loss: 0.140
[95,   220] loss: 0.153
[95,   230] loss: 0.137
[95,   240] loss: 0.172
[95,   250] loss: 0.119
[95,   260] loss: 0.126
[95,   270] loss: 0.186
[95,   280] loss: 0.156
[95,   290] loss: 0.129
[95,   300] loss: 0.126
[95,   310] loss: 0.193
[95,   320] loss: 0.147
[95,   330] loss: 0.168
[95,   340] loss: 0.158
[95,   350] loss: 0.141
[95,   360] loss: 0.180
[95,   370] loss: 0.181
[95,   380] loss: 0.184
[95,   390] loss: 0.132
[95,   400] loss: 0.126
VALIDATION loss: 0.15167906880378723
[96,    10] loss: 0.158
[96,    20] loss: 0.149
[96,    30] loss: 0.175
[96,    40] loss: 0.140
[96,    50] loss: 0.201
[96,    60] loss: 0.146
[96,    70] loss: 0.157
[96,    80] loss: 0.136
[96,    90] loss: 0.156
[96,   100] loss: 0.140
[96,   110] loss: 0.133
[96,   120] loss: 0.178
[96,   130] loss: 0.136
[96,   140] loss: 0.146
[96,   150] loss: 0.224
[96,   160] loss: 0.167
[96,   170] loss: 0.097
[96,   180] loss: 0.178
[96,   190] loss: 0.158
[96,   200] loss: 0.148
[96,   210] loss: 0.177
[96,   220] loss: 0.132
[96,   230] loss: 0.182
[96,   240] loss: 0.142
[96,   250] loss: 0.162
[96,   260] loss: 0.147
[96,   270] loss: 0.205
[96,   280] loss: 0.139
[96,   290] loss: 0.161
[96,   300] loss: 0.139
[96,   310] loss: 0.136
[96,   320] loss: 0.148
[96,   330] loss: 0.152
[96,   340] loss: 0.158
[96,   350] loss: 0.150
[96,   360] loss: 0.181
[96,   370] loss: 0.130
[96,   380] loss: 0.105
[96,   390] loss: 0.209
[96,   400] loss: 0.157
VALIDATION loss: 1.6903409957885742
[97,    10] loss: 0.150
[97,    20] loss: 0.136
[97,    30] loss: 0.148
[97,    40] loss: 0.127
[97,    50] loss: 0.126
[97,    60] loss: 0.113
[97,    70] loss: 0.138
[97,    80] loss: 0.135
[97,    90] loss: 0.134
[97,   100] loss: 0.176
[97,   110] loss: 0.149
[97,   120] loss: 0.138
[97,   130] loss: 0.183
[97,   140] loss: 0.164
[97,   150] loss: 0.135
[97,   160] loss: 0.151
[97,   170] loss: 0.146
[97,   180] loss: 0.149
[97,   190] loss: 0.154
[97,   200] loss: 0.190
[97,   210] loss: 0.168
[97,   220] loss: 0.164
[97,   230] loss: 0.189
[97,   240] loss: 0.148
[97,   250] loss: 0.160
[97,   260] loss: 0.139
[97,   270] loss: 0.146
[97,   280] loss: 0.162
[97,   290] loss: 0.150
[97,   300] loss: 0.169
[97,   310] loss: 0.125
[97,   320] loss: 0.119
[97,   330] loss: 0.163
[97,   340] loss: 0.161
[97,   350] loss: 0.182
[97,   360] loss: 0.152
[97,   370] loss: 0.180
[97,   380] loss: 0.188
[97,   390] loss: 0.155
[97,   400] loss: 0.138
VALIDATION loss: 0.45906269550323486
[98,    10] loss: 0.201
[98,    20] loss: 0.121
[98,    30] loss: 0.092
[98,    40] loss: 0.154
[98,    50] loss: 0.155
[98,    60] loss: 0.136
[98,    70] loss: 0.184
[98,    80] loss: 0.127
[98,    90] loss: 0.169
[98,   100] loss: 0.190
[98,   110] loss: 0.132
[98,   120] loss: 0.185
[98,   130] loss: 0.133
[98,   140] loss: 0.108
[98,   150] loss: 0.107
[98,   160] loss: 0.150
[98,   170] loss: 0.140
[98,   180] loss: 0.154
[98,   190] loss: 0.129
[98,   200] loss: 0.186
[98,   210] loss: 0.167
[98,   220] loss: 0.122
[98,   230] loss: 0.167
[98,   240] loss: 0.129
[98,   250] loss: 0.152
[98,   260] loss: 0.139
[98,   270] loss: 0.139
[98,   280] loss: 0.168
[98,   290] loss: 0.163
[98,   300] loss: 0.157
[98,   310] loss: 0.170
[98,   320] loss: 0.124
[98,   330] loss: 0.191
[98,   340] loss: 0.196
[98,   350] loss: 0.145
[98,   360] loss: 0.199
[98,   370] loss: 0.153
[98,   380] loss: 0.153
[98,   390] loss: 0.175
[98,   400] loss: 0.182
VALIDATION loss: 0.16856424510478973
[99,    10] loss: 0.161
[99,    20] loss: 0.163
[99,    30] loss: 0.143
[99,    40] loss: 0.174
[99,    50] loss: 0.167
[99,    60] loss: 0.160
[99,    70] loss: 0.169
[99,    80] loss: 0.148
[99,    90] loss: 0.117
[99,   100] loss: 0.153
[99,   110] loss: 0.145
[99,   120] loss: 0.151
[99,   130] loss: 0.124
[99,   140] loss: 0.155
[99,   150] loss: 0.153
[99,   160] loss: 0.120
[99,   170] loss: 0.148
[99,   180] loss: 0.155
[99,   190] loss: 0.157
[99,   200] loss: 0.159
[99,   210] loss: 0.169
[99,   220] loss: 0.163
[99,   230] loss: 0.111
[99,   240] loss: 0.100
[99,   250] loss: 0.157
[99,   260] loss: 0.141
[99,   270] loss: 0.184
[99,   280] loss: 0.180
[99,   290] loss: 0.165
[99,   300] loss: 0.179
[99,   310] loss: 0.123
[99,   320] loss: 0.159
[99,   330] loss: 0.174
[99,   340] loss: 0.154
[99,   350] loss: 0.150
[99,   360] loss: 0.166
[99,   370] loss: 0.207
[99,   380] loss: 0.163
[99,   390] loss: 0.150
[99,   400] loss: 0.151
VALIDATION loss: 0.26600489020347595
[100,    10] loss: 0.130
[100,    20] loss: 0.135
[100,    30] loss: 0.176
[100,    40] loss: 0.153
[100,    50] loss: 0.148
[100,    60] loss: 0.163
[100,    70] loss: 0.180
[100,    80] loss: 0.134
[100,    90] loss: 0.146
[100,   100] loss: 0.150
[100,   110] loss: 0.165
[100,   120] loss: 0.180
[100,   130] loss: 0.124
[100,   140] loss: 0.147
[100,   150] loss: 0.141
[100,   160] loss: 0.120
[100,   170] loss: 0.163
[100,   180] loss: 0.108
[100,   190] loss: 0.138
[100,   200] loss: 0.184
[100,   210] loss: 0.133
[100,   220] loss: 0.154
[100,   230] loss: 0.150
[100,   240] loss: 0.138
[100,   250] loss: 0.153
[100,   260] loss: 0.179
[100,   270] loss: 0.157
[100,   280] loss: 0.167
[100,   290] loss: 0.156
[100,   300] loss: 0.218
[100,   310] loss: 0.173
[100,   320] loss: 0.175
[100,   330] loss: 0.120
[100,   340] loss: 0.138
[100,   350] loss: 0.122
[100,   360] loss: 0.142
[100,   370] loss: 0.148
[100,   380] loss: 0.168
[100,   390] loss: 0.150
[100,   400] loss: 0.151
VALIDATION loss: 0.16982264816761017
Finished !!
Accuracy of the network: 91.93 %
