Collecting dill==0.3.4 (from -r requirements.txt (line 1))
  Using cached https://files.pythonhosted.org/packages/b6/c3/973676ceb86b60835bb3978c6db67a5dc06be6cfdbd14ef0f5a13e3fc9fd/dill-0.3.4-py2.py3-none-any.whl
Requirement already satisfied: laplace==0.1 in /zhome/45/c/128687/.local/lib/python3.6/site-packages (from -r requirements.txt (line 2))
Collecting matplotlib==3.4.0 (from -r requirements.txt (line 3))
Small: 0
Transform: 1
MaxPool: 1
Running GPU.
[1,    10] loss: 1.891
[1,    20] loss: 1.780
[1,    30] loss: 1.722
[1,    40] loss: 1.680
[1,    50] loss: 1.620
[1,    60] loss: 1.583
[1,    70] loss: 1.529
[1,    80] loss: 1.527
[1,    90] loss: 1.533
[1,   100] loss: 1.522
[1,   110] loss: 1.493
[1,   120] loss: 1.495
[1,   130] loss: 1.500
[1,   140] loss: 1.409
[1,   150] loss: 1.460
[1,   160] loss: 1.400
[1,   170] loss: 1.429
[1,   180] loss: 1.402
[1,   190] loss: 1.423
[1,   200] loss: 1.401
[1,   210] loss: 1.370
[1,   220] loss: 1.357
[1,   230] loss: 1.345
[1,   240] loss: 1.389
[1,   250] loss: 1.323
[1,   260] loss: 1.331
[1,   270] loss: 1.340
[1,   280] loss: 1.312
[1,   290] loss: 1.295
[1,   300] loss: 1.362
[1,   310] loss: 1.337
[1,   320] loss: 1.268
[1,   330] loss: 1.298
[1,   340] loss: 1.287
[1,   350] loss: 1.296
[1,   360] loss: 1.294
[1,   370] loss: 1.270
[1,   380] loss: 1.287
[1,   390] loss: 1.333
[1,   400] loss: 1.209
VALIDATION loss: 1.395312786102295
[2,    10] loss: 1.240
[2,    20] loss: 1.298
[2,    30] loss: 1.192
[2,    40] loss: 1.350
[2,    50] loss: 1.210
[2,    60] loss: 1.269
[2,    70] loss: 1.140
[2,    80] loss: 1.247
[2,    90] loss: 1.270
[2,   100] loss: 1.252
[2,   110] loss: 1.236
[2,   120] loss: 1.239
[2,   130] loss: 1.218
[2,   140] loss: 1.251
[2,   150] loss: 1.235
[2,   160] loss: 1.104
[2,   170] loss: 1.195
[2,   180] loss: 1.185
[2,   190] loss: 1.251
[2,   200] loss: 1.253
[2,   210] loss: 1.224
[2,   220] loss: 1.144
[2,   230] loss: 1.175
[2,   240] loss: 1.193
[2,   250] loss: 1.305
[2,   260] loss: 1.169
[2,   270] loss: 1.146
[2,   280] loss: 1.170
[2,   290] loss: 1.141
[2,   300] loss: 1.150
[2,   310] loss: 1.110
[2,   320] loss: 1.137
[2,   330] loss: 1.152
[2,   340] loss: 1.215
[2,   350] loss: 1.151
[2,   360] loss: 1.130
[2,   370] loss: 1.155
[2,   380] loss: 1.156
[2,   390] loss: 1.211
[2,   400] loss: 1.161
VALIDATION loss: 1.2804139852523804
[3,    10] loss: 1.080
[3,    20] loss: 1.068
[3,    30] loss: 1.171
[3,    40] loss: 1.095
[3,    50] loss: 1.183
[3,    60] loss: 1.160
[3,    70] loss: 1.107
[3,    80] loss: 1.155
[3,    90] loss: 1.054
[3,   100] loss: 1.089
[3,   110] loss: 1.091
[3,   120] loss: 1.056
[3,   130] loss: 1.126
[3,   140] loss: 0.965
[3,   150] loss: 1.029
[3,   160] loss: 1.011
[3,   170] loss: 1.064
[3,   180] loss: 1.145
[3,   190] loss: 1.049
[3,   200] loss: 1.128
[3,   210] loss: 1.024
[3,   220] loss: 1.198
[3,   230] loss: 1.038
[3,   240] loss: 1.000
[3,   250] loss: 1.088
[3,   260] loss: 1.015
[3,   270] loss: 0.983
[3,   280] loss: 0.971
[3,   290] loss: 1.011
[3,   300] loss: 1.135
[3,   310] loss: 1.115
[3,   320] loss: 1.076
[3,   330] loss: 1.131
[3,   340] loss: 1.022
[3,   350] loss: 0.998
[3,   360] loss: 1.039
[3,   370] loss: 0.993
[3,   380] loss: 0.864
[3,   390] loss: 1.037
[3,   400] loss: 0.930
VALIDATION loss: 1.232965350151062
[4,    10] loss: 0.902
[4,    20] loss: 0.958
[4,    30] loss: 1.014
[4,    40] loss: 0.947
[4,    50] loss: 1.022
[4,    60] loss: 0.971
[4,    70] loss: 0.917
[4,    80] loss: 0.950
[4,    90] loss: 0.989
[4,   100] loss: 0.985
[4,   110] loss: 0.916
[4,   120] loss: 0.954
[4,   130] loss: 1.098
[4,   140] loss: 0.887
[4,   150] loss: 0.914
[4,   160] loss: 0.998
[4,   170] loss: 0.933
[4,   180] loss: 1.052
[4,   190] loss: 0.909
[4,   200] loss: 1.036
[4,   210] loss: 0.957
[4,   220] loss: 0.952
[4,   230] loss: 0.942
[4,   240] loss: 1.006
[4,   250] loss: 1.087
[4,   260] loss: 0.946
[4,   270] loss: 0.946
[4,   280] loss: 0.959
[4,   290] loss: 0.929
[4,   300] loss: 0.963
[4,   310] loss: 0.870
[4,   320] loss: 0.952
[4,   330] loss: 0.916
[4,   340] loss: 0.933
[4,   350] loss: 0.916
[4,   360] loss: 1.006
[4,   370] loss: 0.954
[4,   380] loss: 0.854
[4,   390] loss: 0.861
[4,   400] loss: 0.865
VALIDATION loss: 0.8660158514976501
[5,    10] loss: 0.897
[5,    20] loss: 0.948
[5,    30] loss: 0.981
[5,    40] loss: 0.971
[5,    50] loss: 0.874
[5,    60] loss: 0.865
[5,    70] loss: 0.846
[5,    80] loss: 0.833
[5,    90] loss: 0.808
[5,   100] loss: 0.868
[5,   110] loss: 0.924
[5,   120] loss: 0.961
[5,   130] loss: 0.784
[5,   140] loss: 0.913
[5,   150] loss: 0.884
[5,   160] loss: 0.813
[5,   170] loss: 0.883
[5,   180] loss: 0.997
[5,   190] loss: 0.908
[5,   200] loss: 0.763
[5,   210] loss: 0.858
[5,   220] loss: 0.771
[5,   230] loss: 0.918
[5,   240] loss: 0.885
[5,   250] loss: 0.814
[5,   260] loss: 1.028
[5,   270] loss: 0.891
[5,   280] loss: 0.966
[5,   290] loss: 0.886
[5,   300] loss: 0.773
[5,   310] loss: 0.900
[5,   320] loss: 0.885
[5,   330] loss: 0.814
[5,   340] loss: 0.930
[5,   350] loss: 0.761
[5,   360] loss: 0.822
[5,   370] loss: 0.858
[5,   380] loss: 0.817
[5,   390] loss: 0.789
[5,   400] loss: 0.891
VALIDATION loss: 1.4887032508850098
[6,    10] loss: 0.795
[6,    20] loss: 0.778
[6,    30] loss: 0.740
[6,    40] loss: 0.854
[6,    50] loss: 0.780
[6,    60] loss: 0.827
[6,    70] loss: 0.826
[6,    80] loss: 0.844
[6,    90] loss: 0.927
[6,   100] loss: 0.746
[6,   110] loss: 0.910
[6,   120] loss: 0.802
[6,   130] loss: 0.850
[6,   140] loss: 0.844
[6,   150] loss: 0.815
[6,   160] loss: 0.743
[6,   170] loss: 0.825
[6,   180] loss: 0.728
[6,   190] loss: 0.707
[6,   200] loss: 0.765
[6,   210] loss: 0.827
[6,   220] loss: 0.857
[6,   230] loss: 0.801
[6,   240] loss: 0.818
[6,   250] loss: 0.791
[6,   260] loss: 0.899
[6,   270] loss: 0.910
[6,   280] loss: 0.749
[6,   290] loss: 0.824
[6,   300] loss: 0.818
[6,   310] loss: 0.766
[6,   320] loss: 0.736
[6,   330] loss: 0.698
[6,   340] loss: 0.695
[6,   350] loss: 0.724
[6,   360] loss: 0.668
[6,   370] loss: 0.842
[6,   380] loss: 0.738
[6,   390] loss: 0.865
[6,   400] loss: 0.786
VALIDATION loss: 1.2981101274490356
[7,    10] loss: 0.743
[7,    20] loss: 0.826
[7,    30] loss: 0.713
[7,    40] loss: 0.888
[7,    50] loss: 0.847
[7,    60] loss: 0.818
[7,    70] loss: 0.782
[7,    80] loss: 0.684
[7,    90] loss: 0.863
[7,   100] loss: 0.727
[7,   110] loss: 0.729
[7,   120] loss: 0.750
[7,   130] loss: 0.740
[7,   140] loss: 0.718
[7,   150] loss: 0.712
[7,   160] loss: 0.673
[7,   170] loss: 0.807
[7,   180] loss: 0.625
[7,   190] loss: 0.705
[7,   200] loss: 0.741
[7,   210] loss: 0.801
[7,   220] loss: 0.717
[7,   230] loss: 0.605
[7,   240] loss: 0.573
[7,   250] loss: 0.662
[7,   260] loss: 0.693
[7,   270] loss: 0.655
[7,   280] loss: 0.796
[7,   290] loss: 0.749
[7,   300] loss: 0.711
[7,   310] loss: 0.771
[7,   320] loss: 0.663
[7,   330] loss: 0.781
[7,   340] loss: 0.684
[7,   350] loss: 0.748
[7,   360] loss: 0.693
[7,   370] loss: 0.699
[7,   380] loss: 0.750
[7,   390] loss: 0.758
[7,   400] loss: 0.861
VALIDATION loss: 1.3225892782211304
[8,    10] loss: 0.734
[8,    20] loss: 0.703
[8,    30] loss: 0.657
[8,    40] loss: 0.605
[8,    50] loss: 0.664
[8,    60] loss: 0.629
[8,    70] loss: 0.771
[8,    80] loss: 0.713
[8,    90] loss: 0.650
[8,   100] loss: 0.678
[8,   110] loss: 0.781
[8,   120] loss: 0.654
[8,   130] loss: 0.718
[8,   140] loss: 0.736
[8,   150] loss: 0.707
[8,   160] loss: 0.700
[8,   170] loss: 0.722
[8,   180] loss: 0.726
[8,   190] loss: 0.693
[8,   200] loss: 0.610
[8,   210] loss: 0.701
[8,   220] loss: 0.670
[8,   230] loss: 0.582
[8,   240] loss: 0.735
[8,   250] loss: 0.659
[8,   260] loss: 0.793
[8,   270] loss: 0.660
[8,   280] loss: 0.654
[8,   290] loss: 0.656
[8,   300] loss: 0.699
[8,   310] loss: 0.649
[8,   320] loss: 0.707
[8,   330] loss: 0.726
[8,   340] loss: 0.717
[8,   350] loss: 0.724
[8,   360] loss: 0.675
[8,   370] loss: 0.623
[8,   380] loss: 0.664
[8,   390] loss: 0.635
[8,   400] loss: 0.657
VALIDATION loss: 1.4774249792099
[9,    10] loss: 0.673
[9,    20] loss: 0.639
[9,    30] loss: 0.713
[9,    40] loss: 0.653
[9,    50] loss: 0.617
[9,    60] loss: 0.714
[9,    70] loss: 0.652
[9,    80] loss: 0.784
[9,    90] loss: 0.685
[9,   100] loss: 0.753
[9,   110] loss: 0.614
[9,   120] loss: 0.629
[9,   130] loss: 0.676
[9,   140] loss: 0.718
[9,   150] loss: 0.630
[9,   160] loss: 0.666
[9,   170] loss: 0.657
[9,   180] loss: 0.548
[9,   190] loss: 0.605
[9,   200] loss: 0.686
[9,   210] loss: 0.724
[9,   220] loss: 0.712
[9,   230] loss: 0.684
[9,   240] loss: 0.619
[9,   250] loss: 0.627
[9,   260] loss: 0.598
[9,   270] loss: 0.613
[9,   280] loss: 0.628
[9,   290] loss: 0.616
[9,   300] loss: 0.634
[9,   310] loss: 0.571
[9,   320] loss: 0.622
[9,   330] loss: 0.748
[9,   340] loss: 0.677
[9,   350] loss: 0.636
[9,   360] loss: 0.626
[9,   370] loss: 0.678
[9,   380] loss: 0.655
[9,   390] loss: 0.636
[9,   400] loss: 0.580
VALIDATION loss: 0.992071807384491
[10,    10] loss: 0.696
[10,    20] loss: 0.691
[10,    30] loss: 0.672
[10,    40] loss: 0.554
[10,    50] loss: 0.653
[10,    60] loss: 0.649
[10,    70] loss: 0.578
[10,    80] loss: 0.596
[10,    90] loss: 0.692
[10,   100] loss: 0.496
[10,   110] loss: 0.610
[10,   120] loss: 0.645
[10,   130] loss: 0.577
[10,   140] loss: 0.595
[10,   150] loss: 0.513
[10,   160] loss: 0.576
[10,   170] loss: 0.620
[10,   180] loss: 0.598
[10,   190] loss: 0.672
[10,   200] loss: 0.678
[10,   210] loss: 0.663
[10,   220] loss: 0.630
[10,   230] loss: 0.703
[10,   240] loss: 0.614
[10,   250] loss: 0.578
[10,   260] loss: 0.624
[10,   270] loss: 0.662
[10,   280] loss: 0.640
[10,   290] loss: 0.583
[10,   300] loss: 0.628
[10,   310] loss: 0.555
[10,   320] loss: 0.552
[10,   330] loss: 0.634
[10,   340] loss: 0.606
[10,   350] loss: 0.728
[10,   360] loss: 0.590
[10,   370] loss: 0.652
[10,   380] loss: 0.528
[10,   390] loss: 0.687
[10,   400] loss: 0.584
VALIDATION loss: 1.9373503923416138
[11,    10] loss: 0.660
[11,    20] loss: 0.603
[11,    30] loss: 0.556
[11,    40] loss: 0.622
[11,    50] loss: 0.671
[11,    60] loss: 0.504
[11,    70] loss: 0.568
[11,    80] loss: 0.490
[11,    90] loss: 0.581
[11,   100] loss: 0.596
[11,   110] loss: 0.606
[11,   120] loss: 0.551
[11,   130] loss: 0.602
[11,   140] loss: 0.606
[11,   150] loss: 0.592
[11,   160] loss: 0.607
[11,   170] loss: 0.580
[11,   180] loss: 0.718
[11,   190] loss: 0.680
[11,   200] loss: 0.530
[11,   210] loss: 0.566
[11,   220] loss: 0.525
[11,   230] loss: 0.586
[11,   240] loss: 0.614
[11,   250] loss: 0.489
[11,   260] loss: 0.610
[11,   270] loss: 0.570
[11,   280] loss: 0.594
[11,   290] loss: 0.564
[11,   300] loss: 0.576
[11,   310] loss: 0.604
[11,   320] loss: 0.645
[11,   330] loss: 0.579
[11,   340] loss: 0.608
[11,   350] loss: 0.613
[11,   360] loss: 0.545
[11,   370] loss: 0.604
[11,   380] loss: 0.577
[11,   390] loss: 0.607
[11,   400] loss: 0.597
VALIDATION loss: 0.7412015199661255
[12,    10] loss: 0.635
[12,    20] loss: 0.672
[12,    30] loss: 0.575
[12,    40] loss: 0.634
[12,    50] loss: 0.606
[12,    60] loss: 0.584
[12,    70] loss: 0.480
[12,    80] loss: 0.555
[12,    90] loss: 0.506
[12,   100] loss: 0.539
[12,   110] loss: 0.568
[12,   120] loss: 0.569
[12,   130] loss: 0.581
[12,   140] loss: 0.611
[12,   150] loss: 0.546
[12,   160] loss: 0.570
[12,   170] loss: 0.593
[12,   180] loss: 0.487
[12,   190] loss: 0.522
[12,   200] loss: 0.577
[12,   210] loss: 0.608
[12,   220] loss: 0.648
[12,   230] loss: 0.564
[12,   240] loss: 0.510
[12,   250] loss: 0.620
[12,   260] loss: 0.562
[12,   270] loss: 0.515
[12,   280] loss: 0.523
[12,   290] loss: 0.592
[12,   300] loss: 0.490
[12,   310] loss: 0.668
[12,   320] loss: 0.586
[12,   330] loss: 0.536
[12,   340] loss: 0.561
[12,   350] loss: 0.562
[12,   360] loss: 0.687
[12,   370] loss: 0.657
[12,   380] loss: 0.517
[12,   390] loss: 0.569
[12,   400] loss: 0.543
VALIDATION loss: 0.7166939377784729
[13,    10] loss: 0.513
[13,    20] loss: 0.541
[13,    30] loss: 0.549
[13,    40] loss: 0.503
[13,    50] loss: 0.583
[13,    60] loss: 0.577
[13,    70] loss: 0.450
[13,    80] loss: 0.530
[13,    90] loss: 0.460
[13,   100] loss: 0.502
[13,   110] loss: 0.582
[13,   120] loss: 0.549
[13,   130] loss: 0.524
[13,   140] loss: 0.510
[13,   150] loss: 0.517
[13,   160] loss: 0.497
[13,   170] loss: 0.606
[13,   180] loss: 0.608
[13,   190] loss: 0.563
[13,   200] loss: 0.491
[13,   210] loss: 0.502
[13,   220] loss: 0.523
[13,   230] loss: 0.448
[13,   240] loss: 0.503
[13,   250] loss: 0.565
[13,   260] loss: 0.634
[13,   270] loss: 0.508
[13,   280] loss: 0.553
[13,   290] loss: 0.604
[13,   300] loss: 0.570
[13,   310] loss: 0.479
[13,   320] loss: 0.453
[13,   330] loss: 0.592
[13,   340] loss: 0.528
[13,   350] loss: 0.502
[13,   360] loss: 0.537
[13,   370] loss: 0.545
[13,   380] loss: 0.630
[13,   390] loss: 0.580
[13,   400] loss: 0.505
VALIDATION loss: 0.9457765221595764
[14,    10] loss: 0.490
[14,    20] loss: 0.623
[14,    30] loss: 0.457
[14,    40] loss: 0.600
[14,    50] loss: 0.606
[14,    60] loss: 0.598
[14,    70] loss: 0.535
[14,    80] loss: 0.523
[14,    90] loss: 0.507
[14,   100] loss: 0.568
[14,   110] loss: 0.551
[14,   120] loss: 0.517
[14,   130] loss: 0.492
[14,   140] loss: 0.512
[14,   150] loss: 0.574
[14,   160] loss: 0.608
[14,   170] loss: 0.463
[14,   180] loss: 0.485
[14,   190] loss: 0.581
[14,   200] loss: 0.446
[14,   210] loss: 0.517
[14,   220] loss: 0.517
[14,   230] loss: 0.500
[14,   240] loss: 0.536
[14,   250] loss: 0.494
[14,   260] loss: 0.536
[14,   270] loss: 0.620
[14,   280] loss: 0.479
[14,   290] loss: 0.500
[14,   300] loss: 0.526
[14,   310] loss: 0.552
[14,   320] loss: 0.583
[14,   330] loss: 0.454
[14,   340] loss: 0.539
[14,   350] loss: 0.529
[14,   360] loss: 0.516
[14,   370] loss: 0.577
[14,   380] loss: 0.530
[14,   390] loss: 0.506
[14,   400] loss: 0.500
VALIDATION loss: 0.46583476662635803
[15,    10] loss: 0.481
[15,    20] loss: 0.454
[15,    30] loss: 0.504
[15,    40] loss: 0.595
[15,    50] loss: 0.463
[15,    60] loss: 0.522
[15,    70] loss: 0.554
[15,    80] loss: 0.434
[15,    90] loss: 0.480
[15,   100] loss: 0.475
[15,   110] loss: 0.473
[15,   120] loss: 0.511
[15,   130] loss: 0.506
[15,   140] loss: 0.455
[15,   150] loss: 0.444
[15,   160] loss: 0.588
[15,   170] loss: 0.458
[15,   180] loss: 0.434
[15,   190] loss: 0.489
[15,   200] loss: 0.403
[15,   210] loss: 0.495
[15,   220] loss: 0.560
[15,   230] loss: 0.476
[15,   240] loss: 0.498
[15,   250] loss: 0.448
[15,   260] loss: 0.568
[15,   270] loss: 0.547
[15,   280] loss: 0.469
[15,   290] loss: 0.542
[15,   300] loss: 0.420
[15,   310] loss: 0.452
[15,   320] loss: 0.556
[15,   330] loss: 0.525
[15,   340] loss: 0.550
[15,   350] loss: 0.540
[15,   360] loss: 0.590
[15,   370] loss: 0.506
[15,   380] loss: 0.474
[15,   390] loss: 0.510
[15,   400] loss: 0.466
VALIDATION loss: 0.7861589193344116
[16,    10] loss: 0.509
[16,    20] loss: 0.512
[16,    30] loss: 0.467
[16,    40] loss: 0.507
[16,    50] loss: 0.454
[16,    60] loss: 0.537
[16,    70] loss: 0.482
[16,    80] loss: 0.577
[16,    90] loss: 0.514
[16,   100] loss: 0.432
[16,   110] loss: 0.485
[16,   120] loss: 0.526
[16,   130] loss: 0.434
[16,   140] loss: 0.515
[16,   150] loss: 0.530
[16,   160] loss: 0.432
[16,   170] loss: 0.496
[16,   180] loss: 0.457
[16,   190] loss: 0.400
[16,   200] loss: 0.442
[16,   210] loss: 0.457
[16,   220] loss: 0.625
[16,   230] loss: 0.369
[16,   240] loss: 0.449
[16,   250] loss: 0.564
[16,   260] loss: 0.472
[16,   270] loss: 0.498
[16,   280] loss: 0.538
[16,   290] loss: 0.502
[16,   300] loss: 0.500
[16,   310] loss: 0.477
[16,   320] loss: 0.506
[16,   330] loss: 0.462
[16,   340] loss: 0.496
[16,   350] loss: 0.508
[16,   360] loss: 0.559
[16,   370] loss: 0.441
[16,   380] loss: 0.430
[16,   390] loss: 0.487
[16,   400] loss: 0.462
VALIDATION loss: 0.5838825702667236
[17,    10] loss: 0.446
[17,    20] loss: 0.444
[17,    30] loss: 0.444
[17,    40] loss: 0.483
[17,    50] loss: 0.557
[17,    60] loss: 0.443
[17,    70] loss: 0.459
[17,    80] loss: 0.505
[17,    90] loss: 0.425
[17,   100] loss: 0.418
[17,   110] loss: 0.476
[17,   120] loss: 0.393
[17,   130] loss: 0.433
[17,   140] loss: 0.457
[17,   150] loss: 0.438
[17,   160] loss: 0.504
[17,   170] loss: 0.460
[17,   180] loss: 0.485
[17,   190] loss: 0.458
[17,   200] loss: 0.458
[17,   210] loss: 0.446
[17,   220] loss: 0.493
[17,   230] loss: 0.456
[17,   240] loss: 0.395
[17,   250] loss: 0.419
[17,   260] loss: 0.500
[17,   270] loss: 0.399
[17,   280] loss: 0.419
[17,   290] loss: 0.478
[17,   300] loss: 0.492
[17,   310] loss: 0.516
[17,   320] loss: 0.441
[17,   330] loss: 0.458
[17,   340] loss: 0.520
[17,   350] loss: 0.410
[17,   360] loss: 0.495
[17,   370] loss: 0.521
[17,   380] loss: 0.468
[17,   390] loss: 0.485
[17,   400] loss: 0.402
VALIDATION loss: 0.42001092433929443
[18,    10] loss: 0.334
[18,    20] loss: 0.418
[18,    30] loss: 0.419
[18,    40] loss: 0.504
[18,    50] loss: 0.493
[18,    60] loss: 0.475
[18,    70] loss: 0.452
[18,    80] loss: 0.430
[18,    90] loss: 0.452
[18,   100] loss: 0.383
[18,   110] loss: 0.465
[18,   120] loss: 0.509
[18,   130] loss: 0.415
[18,   140] loss: 0.469
[18,   150] loss: 0.455
[18,   160] loss: 0.483
[18,   170] loss: 0.424
[18,   180] loss: 0.429
[18,   190] loss: 0.529
[18,   200] loss: 0.460
[18,   210] loss: 0.456
[18,   220] loss: 0.530
[18,   230] loss: 0.410
[18,   240] loss: 0.436
[18,   250] loss: 0.574
[18,   260] loss: 0.436
[18,   270] loss: 0.412
[18,   280] loss: 0.429
[18,   290] loss: 0.470
[18,   300] loss: 0.396
[18,   310] loss: 0.435
[18,   320] loss: 0.460
[18,   330] loss: 0.446
[18,   340] loss: 0.401
[18,   350] loss: 0.418
[18,   360] loss: 0.465
[18,   370] loss: 0.447
[18,   380] loss: 0.474
[18,   390] loss: 0.458
[18,   400] loss: 0.481
VALIDATION loss: 1.5579441785812378
[19,    10] loss: 0.489
[19,    20] loss: 0.424
[19,    30] loss: 0.487
[19,    40] loss: 0.416
[19,    50] loss: 0.427
[19,    60] loss: 0.466
[19,    70] loss: 0.498
[19,    80] loss: 0.368
[19,    90] loss: 0.406
[19,   100] loss: 0.410
[19,   110] loss: 0.389
[19,   120] loss: 0.437
[19,   130] loss: 0.389
[19,   140] loss: 0.429
[19,   150] loss: 0.456
[19,   160] loss: 0.416
[19,   170] loss: 0.413
[19,   180] loss: 0.383
[19,   190] loss: 0.417
[19,   200] loss: 0.476
[19,   210] loss: 0.400
[19,   220] loss: 0.404
[19,   230] loss: 0.517
[19,   240] loss: 0.399
[19,   250] loss: 0.450
[19,   260] loss: 0.475
[19,   270] loss: 0.471
[19,   280] loss: 0.475
[19,   290] loss: 0.386
[19,   300] loss: 0.416
[19,   310] loss: 0.490
[19,   320] loss: 0.470
[19,   330] loss: 0.394
[19,   340] loss: 0.398
[19,   350] loss: 0.484
[19,   360] loss: 0.391
[19,   370] loss: 0.399
[19,   380] loss: 0.381
[19,   390] loss: 0.475
[19,   400] loss: 0.426
VALIDATION loss: 0.4026475250720978
[20,    10] loss: 0.441
[20,    20] loss: 0.490
[20,    30] loss: 0.399
[20,    40] loss: 0.376
[20,    50] loss: 0.435
[20,    60] loss: 0.515
[20,    70] loss: 0.435
[20,    80] loss: 0.413
[20,    90] loss: 0.400
[20,   100] loss: 0.408
[20,   110] loss: 0.464
[20,   120] loss: 0.508
[20,   130] loss: 0.386
[20,   140] loss: 0.479
[20,   150] loss: 0.446
[20,   160] loss: 0.446
[20,   170] loss: 0.409
[20,   180] loss: 0.415
[20,   190] loss: 0.357
[20,   200] loss: 0.350
[20,   210] loss: 0.474
[20,   220] loss: 0.326
[20,   230] loss: 0.336
[20,   240] loss: 0.407
[20,   250] loss: 0.360
[20,   260] loss: 0.388
[20,   270] loss: 0.327
[20,   280] loss: 0.333
[20,   290] loss: 0.363
[20,   300] loss: 0.377
[20,   310] loss: 0.449
[20,   320] loss: 0.381
[20,   330] loss: 0.416
[20,   340] loss: 0.428
[20,   350] loss: 0.352
[20,   360] loss: 0.454
[20,   370] loss: 0.374
[20,   380] loss: 0.389
[20,   390] loss: 0.388
[20,   400] loss: 0.388
VALIDATION loss: 0.3374849855899811
[21,    10] loss: 0.428
[21,    20] loss: 0.416
[21,    30] loss: 0.382
[21,    40] loss: 0.401
[21,    50] loss: 0.333
[21,    60] loss: 0.450
[21,    70] loss: 0.416
[21,    80] loss: 0.399
[21,    90] loss: 0.405
[21,   100] loss: 0.407
[21,   110] loss: 0.422
[21,   120] loss: 0.420
[21,   130] loss: 0.452
[21,   140] loss: 0.416
[21,   150] loss: 0.398
[21,   160] loss: 0.421
[21,   170] loss: 0.394
[21,   180] loss: 0.410
[21,   190] loss: 0.460
[21,   200] loss: 0.332
[21,   210] loss: 0.361
[21,   220] loss: 0.418
[21,   230] loss: 0.395
[21,   240] loss: 0.437
[21,   250] loss: 0.353
[21,   260] loss: 0.423
[21,   270] loss: 0.323
[21,   280] loss: 0.440
[21,   290] loss: 0.422
[21,   300] loss: 0.344
[21,   310] loss: 0.442
[21,   320] loss: 0.428
[21,   330] loss: 0.446
[21,   340] loss: 0.350
[21,   350] loss: 0.375
[21,   360] loss: 0.458
[21,   370] loss: 0.499
[21,   380] loss: 0.430
[21,   390] loss: 0.408
[21,   400] loss: 0.411
VALIDATION loss: 0.49157044291496277
[22,    10] loss: 0.421
[22,    20] loss: 0.453
[22,    30] loss: 0.401
[22,    40] loss: 0.360
[22,    50] loss: 0.481
[22,    60] loss: 0.350
[22,    70] loss: 0.358
[22,    80] loss: 0.364
[22,    90] loss: 0.393
[22,   100] loss: 0.402
[22,   110] loss: 0.450
[22,   120] loss: 0.367
[22,   130] loss: 0.299
[22,   140] loss: 0.411
[22,   150] loss: 0.382
[22,   160] loss: 0.384
[22,   170] loss: 0.310
[22,   180] loss: 0.368
[22,   190] loss: 0.399
[22,   200] loss: 0.452
[22,   210] loss: 0.387
[22,   220] loss: 0.358
[22,   230] loss: 0.502
[22,   240] loss: 0.401
[22,   250] loss: 0.380
[22,   260] loss: 0.354
[22,   270] loss: 0.341
[22,   280] loss: 0.389
[22,   290] loss: 0.401
[22,   300] loss: 0.330
[22,   310] loss: 0.407
[22,   320] loss: 0.353
[22,   330] loss: 0.382
[22,   340] loss: 0.455
[22,   350] loss: 0.398
[22,   360] loss: 0.442
[22,   370] loss: 0.394
[22,   380] loss: 0.495
[22,   390] loss: 0.445
[22,   400] loss: 0.414
VALIDATION loss: 0.9574351906776428
[23,    10] loss: 0.478
[23,    20] loss: 0.387
[23,    30] loss: 0.390
[23,    40] loss: 0.387
[23,    50] loss: 0.351
[23,    60] loss: 0.350
[23,    70] loss: 0.396
[23,    80] loss: 0.349
[23,    90] loss: 0.376
[23,   100] loss: 0.363
[23,   110] loss: 0.449
[23,   120] loss: 0.365
[23,   130] loss: 0.371
[23,   140] loss: 0.413
[23,   150] loss: 0.368
[23,   160] loss: 0.417
[23,   170] loss: 0.421
[23,   180] loss: 0.381
[23,   190] loss: 0.386
[23,   200] loss: 0.355
[23,   210] loss: 0.389
[23,   220] loss: 0.414
[23,   230] loss: 0.463
[23,   240] loss: 0.321
[23,   250] loss: 0.412
[23,   260] loss: 0.347
[23,   270] loss: 0.341
[23,   280] loss: 0.419
[23,   290] loss: 0.488
[23,   300] loss: 0.396
[23,   310] loss: 0.382
[23,   320] loss: 0.347
[23,   330] loss: 0.386
[23,   340] loss: 0.402
[23,   350] loss: 0.402
[23,   360] loss: 0.436
[23,   370] loss: 0.435
[23,   380] loss: 0.457
[23,   390] loss: 0.417
[23,   400] loss: 0.387
VALIDATION loss: 0.466782808303833
[24,    10] loss: 0.422
[24,    20] loss: 0.345
[24,    30] loss: 0.409
[24,    40] loss: 0.390
[24,    50] loss: 0.332
[24,    60] loss: 0.324
[24,    70] loss: 0.362
[24,    80] loss: 0.388
[24,    90] loss: 0.360
[24,   100] loss: 0.350
[24,   110] loss: 0.386
[24,   120] loss: 0.376
[24,   130] loss: 0.324
[24,   140] loss: 0.340
[24,   150] loss: 0.382
[24,   160] loss: 0.415
[24,   170] loss: 0.391
[24,   180] loss: 0.356
[24,   190] loss: 0.355
[24,   200] loss: 0.375
[24,   210] loss: 0.283
[24,   220] loss: 0.355
[24,   230] loss: 0.376
[24,   240] loss: 0.389
[24,   250] loss: 0.410
[24,   260] loss: 0.342
[24,   270] loss: 0.352
[24,   280] loss: 0.376
[24,   290] loss: 0.353
[24,   300] loss: 0.362
[24,   310] loss: 0.339
[24,   320] loss: 0.380
[24,   330] loss: 0.412
[24,   340] loss: 0.304
[24,   350] loss: 0.321
[24,   360] loss: 0.320
[24,   370] loss: 0.346
[24,   380] loss: 0.416
[24,   390] loss: 0.379
[24,   400] loss: 0.297
VALIDATION loss: 0.5409654378890991
[25,    10] loss: 0.349
[25,    20] loss: 0.386
[25,    30] loss: 0.336
[25,    40] loss: 0.387
[25,    50] loss: 0.356
[25,    60] loss: 0.379
[25,    70] loss: 0.353
[25,    80] loss: 0.413
[25,    90] loss: 0.370
[25,   100] loss: 0.348
[25,   110] loss: 0.382
[25,   120] loss: 0.407
[25,   130] loss: 0.432
[25,   140] loss: 0.314
[25,   150] loss: 0.315
[25,   160] loss: 0.383
[25,   170] loss: 0.393
[25,   180] loss: 0.295
[25,   190] loss: 0.386
[25,   200] loss: 0.305
[25,   210] loss: 0.395
[25,   220] loss: 0.339
[25,   230] loss: 0.363
[25,   240] loss: 0.365
[25,   250] loss: 0.355
[25,   260] loss: 0.438
[25,   270] loss: 0.415
[25,   280] loss: 0.350
[25,   290] loss: 0.303
[25,   300] loss: 0.375
[25,   310] loss: 0.429
[25,   320] loss: 0.334
[25,   330] loss: 0.309
[25,   340] loss: 0.372
[25,   350] loss: 0.348
[25,   360] loss: 0.344
[25,   370] loss: 0.381
[25,   380] loss: 0.343
[25,   390] loss: 0.462
[25,   400] loss: 0.387
VALIDATION loss: 1.9432355165481567
[26,    10] loss: 0.322
[26,    20] loss: 0.341
[26,    30] loss: 0.375
[26,    40] loss: 0.349
[26,    50] loss: 0.381
[26,    60] loss: 0.332
[26,    70] loss: 0.323
[26,    80] loss: 0.310
[26,    90] loss: 0.310
[26,   100] loss: 0.299
[26,   110] loss: 0.313
[26,   120] loss: 0.340
[26,   130] loss: 0.388
[26,   140] loss: 0.315
[26,   150] loss: 0.325
[26,   160] loss: 0.415
[26,   170] loss: 0.347
[26,   180] loss: 0.321
[26,   190] loss: 0.375
[26,   200] loss: 0.371
[26,   210] loss: 0.410
[26,   220] loss: 0.278
[26,   230] loss: 0.344
[26,   240] loss: 0.295
[26,   250] loss: 0.332
[26,   260] loss: 0.279
[26,   270] loss: 0.395
[26,   280] loss: 0.353
[26,   290] loss: 0.315
[26,   300] loss: 0.349
[26,   310] loss: 0.326
[26,   320] loss: 0.369
[26,   330] loss: 0.407
[26,   340] loss: 0.327
[26,   350] loss: 0.361
[26,   360] loss: 0.403
[26,   370] loss: 0.352
[26,   380] loss: 0.339
[26,   390] loss: 0.381
[26,   400] loss: 0.391
VALIDATION loss: 0.5694113373756409
[27,    10] loss: 0.405
[27,    20] loss: 0.324
[27,    30] loss: 0.306
[27,    40] loss: 0.435
[27,    50] loss: 0.384
[27,    60] loss: 0.334
[27,    70] loss: 0.357
[27,    80] loss: 0.338
[27,    90] loss: 0.362
[27,   100] loss: 0.416
[27,   110] loss: 0.306
[27,   120] loss: 0.377
[27,   130] loss: 0.350
[27,   140] loss: 0.353
[27,   150] loss: 0.354
[27,   160] loss: 0.300
[27,   170] loss: 0.321
[27,   180] loss: 0.262
[27,   190] loss: 0.322
[27,   200] loss: 0.328
[27,   210] loss: 0.336
[27,   220] loss: 0.322
[27,   230] loss: 0.356
[27,   240] loss: 0.343
[27,   250] loss: 0.360
[27,   260] loss: 0.329
[27,   270] loss: 0.316
[27,   280] loss: 0.264
[27,   290] loss: 0.334
[27,   300] loss: 0.303
[27,   310] loss: 0.312
[27,   320] loss: 0.334
[27,   330] loss: 0.404
[27,   340] loss: 0.399
[27,   350] loss: 0.333
[27,   360] loss: 0.352
[27,   370] loss: 0.334
[27,   380] loss: 0.270
[27,   390] loss: 0.341
[27,   400] loss: 0.332
VALIDATION loss: 0.5077506899833679
[28,    10] loss: 0.381
[28,    20] loss: 0.361
[28,    30] loss: 0.341
[28,    40] loss: 0.316
[28,    50] loss: 0.318
[28,    60] loss: 0.425
[28,    70] loss: 0.351
[28,    80] loss: 0.293
[28,    90] loss: 0.348
[28,   100] loss: 0.308
[28,   110] loss: 0.307
[28,   120] loss: 0.319
[28,   130] loss: 0.274
[28,   140] loss: 0.318
[28,   150] loss: 0.361
[28,   160] loss: 0.347
[28,   170] loss: 0.336
[28,   180] loss: 0.309
[28,   190] loss: 0.381
[28,   200] loss: 0.327
[28,   210] loss: 0.367
[28,   220] loss: 0.294
[28,   230] loss: 0.292
[28,   240] loss: 0.360
[28,   250] loss: 0.350
[28,   260] loss: 0.348
[28,   270] loss: 0.321
[28,   280] loss: 0.297
[28,   290] loss: 0.295
[28,   300] loss: 0.308
[28,   310] loss: 0.358
[28,   320] loss: 0.361
[28,   330] loss: 0.311
[28,   340] loss: 0.294
[28,   350] loss: 0.381
[28,   360] loss: 0.373
[28,   370] loss: 0.354
[28,   380] loss: 0.389
[28,   390] loss: 0.369
[28,   400] loss: 0.391
VALIDATION loss: 0.43910402059555054
[29,    10] loss: 0.371
[29,    20] loss: 0.337
[29,    30] loss: 0.388
[29,    40] loss: 0.373
[29,    50] loss: 0.339
[29,    60] loss: 0.379
[29,    70] loss: 0.218
[29,    80] loss: 0.312
[29,    90] loss: 0.301
[29,   100] loss: 0.347
[29,   110] loss: 0.285
[29,   120] loss: 0.295
[29,   130] loss: 0.361
[29,   140] loss: 0.370
[29,   150] loss: 0.337
[29,   160] loss: 0.402
[29,   170] loss: 0.336
[29,   180] loss: 0.267
[29,   190] loss: 0.285
[29,   200] loss: 0.277
[29,   210] loss: 0.321
[29,   220] loss: 0.324
[29,   230] loss: 0.301
[29,   240] loss: 0.276
[29,   250] loss: 0.276
[29,   260] loss: 0.359
[29,   270] loss: 0.355
[29,   280] loss: 0.323
[29,   290] loss: 0.350
[29,   300] loss: 0.323
[29,   310] loss: 0.368
[29,   320] loss: 0.329
[29,   330] loss: 0.346
[29,   340] loss: 0.301
[29,   350] loss: 0.319
[29,   360] loss: 0.348
[29,   370] loss: 0.363
[29,   380] loss: 0.325
[29,   390] loss: 0.292
[29,   400] loss: 0.364
VALIDATION loss: 0.9289525151252747
[30,    10] loss: 0.377
[30,    20] loss: 0.319
[30,    30] loss: 0.329
[30,    40] loss: 0.324
[30,    50] loss: 0.276
[30,    60] loss: 0.318
[30,    70] loss: 0.344
[30,    80] loss: 0.336
[30,    90] loss: 0.292
[30,   100] loss: 0.334
[30,   110] loss: 0.305
[30,   120] loss: 0.273
[30,   130] loss: 0.324
[30,   140] loss: 0.379
[30,   150] loss: 0.254
[30,   160] loss: 0.333
[30,   170] loss: 0.355
[30,   180] loss: 0.341
[30,   190] loss: 0.368
[30,   200] loss: 0.339
[30,   210] loss: 0.272
[30,   220] loss: 0.345
[30,   230] loss: 0.354
[30,   240] loss: 0.357
[30,   250] loss: 0.305
[30,   260] loss: 0.257
[30,   270] loss: 0.296
[30,   280] loss: 0.314
[30,   290] loss: 0.237
[30,   300] loss: 0.358
[30,   310] loss: 0.378
[30,   320] loss: 0.275
[30,   330] loss: 0.365
[30,   340] loss: 0.274
[30,   350] loss: 0.247
[30,   360] loss: 0.283
[30,   370] loss: 0.350
[30,   380] loss: 0.337
[30,   390] loss: 0.344
[30,   400] loss: 0.301
VALIDATION loss: 1.5976510047912598
[31,    10] loss: 0.316
[31,    20] loss: 0.252
[31,    30] loss: 0.331
[31,    40] loss: 0.301
[31,    50] loss: 0.315
[31,    60] loss: 0.302
[31,    70] loss: 0.395
[31,    80] loss: 0.310
[31,    90] loss: 0.264
[31,   100] loss: 0.295
[31,   110] loss: 0.375
[31,   120] loss: 0.347
[31,   130] loss: 0.298
[31,   140] loss: 0.340
[31,   150] loss: 0.363
[31,   160] loss: 0.365
[31,   170] loss: 0.278
[31,   180] loss: 0.242
[31,   190] loss: 0.324
[31,   200] loss: 0.311
[31,   210] loss: 0.336
[31,   220] loss: 0.302
[31,   230] loss: 0.317
[31,   240] loss: 0.297
[31,   250] loss: 0.334
[31,   260] loss: 0.356
[31,   270] loss: 0.310
[31,   280] loss: 0.332
[31,   290] loss: 0.275
[31,   300] loss: 0.291
[31,   310] loss: 0.263
[31,   320] loss: 0.368
[31,   330] loss: 0.300
[31,   340] loss: 0.320
[31,   350] loss: 0.337
[31,   360] loss: 0.317
[31,   370] loss: 0.316
[31,   380] loss: 0.334
[31,   390] loss: 0.272
[31,   400] loss: 0.309
VALIDATION loss: 0.3304704427719116
[32,    10] loss: 0.307
[32,    20] loss: 0.309
[32,    30] loss: 0.297
[32,    40] loss: 0.310
[32,    50] loss: 0.351
[32,    60] loss: 0.391
[32,    70] loss: 0.356
[32,    80] loss: 0.306
[32,    90] loss: 0.240
[32,   100] loss: 0.305
[32,   110] loss: 0.278
[32,   120] loss: 0.322
[32,   130] loss: 0.256
[32,   140] loss: 0.302
[32,   150] loss: 0.271
[32,   160] loss: 0.328
[32,   170] loss: 0.260
[32,   180] loss: 0.295
[32,   190] loss: 0.293
[32,   200] loss: 0.290
[32,   210] loss: 0.297
[32,   220] loss: 0.399
[32,   230] loss: 0.345
[32,   240] loss: 0.281
[32,   250] loss: 0.289
[32,   260] loss: 0.294
[32,   270] loss: 0.219
[32,   280] loss: 0.340
[32,   290] loss: 0.346
[32,   300] loss: 0.295
[32,   310] loss: 0.350
[32,   320] loss: 0.260
[32,   330] loss: 0.340
[32,   340] loss: 0.329
[32,   350] loss: 0.367
[32,   360] loss: 0.290
[32,   370] loss: 0.336
[32,   380] loss: 0.345
[32,   390] loss: 0.302
[32,   400] loss: 0.332
VALIDATION loss: 0.3502355217933655
[33,    10] loss: 0.316
[33,    20] loss: 0.284
[33,    30] loss: 0.333
[33,    40] loss: 0.281
[33,    50] loss: 0.365
[33,    60] loss: 0.303
[33,    70] loss: 0.274
[33,    80] loss: 0.297
[33,    90] loss: 0.315
[33,   100] loss: 0.338
[33,   110] loss: 0.320
[33,   120] loss: 0.331
[33,   130] loss: 0.302
[33,   140] loss: 0.316
[33,   150] loss: 0.322
[33,   160] loss: 0.327
[33,   170] loss: 0.268
[33,   180] loss: 0.273
[33,   190] loss: 0.338
[33,   200] loss: 0.328
[33,   210] loss: 0.305
[33,   220] loss: 0.241
[33,   230] loss: 0.275
[33,   240] loss: 0.278
[33,   250] loss: 0.277
[33,   260] loss: 0.259
[33,   270] loss: 0.312
[33,   280] loss: 0.339
[33,   290] loss: 0.292
[33,   300] loss: 0.304
[33,   310] loss: 0.301
[33,   320] loss: 0.343
[33,   330] loss: 0.282
[33,   340] loss: 0.336
[33,   350] loss: 0.242
[33,   360] loss: 0.287
[33,   370] loss: 0.330
[33,   380] loss: 0.303
[33,   390] loss: 0.328
[33,   400] loss: 0.368
VALIDATION loss: 0.7353877425193787
[34,    10] loss: 0.260
[34,    20] loss: 0.274
[34,    30] loss: 0.288
[34,    40] loss: 0.275
[34,    50] loss: 0.282
[34,    60] loss: 0.336
[34,    70] loss: 0.302
[34,    80] loss: 0.266
[34,    90] loss: 0.248
[34,   100] loss: 0.295
[34,   110] loss: 0.267
[34,   120] loss: 0.336
[34,   130] loss: 0.317
[34,   140] loss: 0.293
[34,   150] loss: 0.315
[34,   160] loss: 0.318
[34,   170] loss: 0.297
[34,   180] loss: 0.242
[34,   190] loss: 0.304
[34,   200] loss: 0.301
[34,   210] loss: 0.340
[34,   220] loss: 0.284
[34,   230] loss: 0.296
[34,   240] loss: 0.290
[34,   250] loss: 0.298
[34,   260] loss: 0.269
[34,   270] loss: 0.330
[34,   280] loss: 0.316
[34,   290] loss: 0.329
[34,   300] loss: 0.355
[34,   310] loss: 0.195
[34,   320] loss: 0.327
[34,   330] loss: 0.327
[34,   340] loss: 0.294
[34,   350] loss: 0.289
[34,   360] loss: 0.235
[34,   370] loss: 0.238
[34,   380] loss: 0.289
[34,   390] loss: 0.298
[34,   400] loss: 0.319
VALIDATION loss: 0.4023003578186035
[35,    10] loss: 0.291
[35,    20] loss: 0.337
[35,    30] loss: 0.242
[35,    40] loss: 0.288
[35,    50] loss: 0.318
[35,    60] loss: 0.310
[35,    70] loss: 0.273
[35,    80] loss: 0.341
[35,    90] loss: 0.299
[35,   100] loss: 0.273
[35,   110] loss: 0.276
[35,   120] loss: 0.280
[35,   130] loss: 0.266
[35,   140] loss: 0.223
[35,   150] loss: 0.321
[35,   160] loss: 0.285
[35,   170] loss: 0.277
[35,   180] loss: 0.369
[35,   190] loss: 0.262
[35,   200] loss: 0.331
[35,   210] loss: 0.251
[35,   220] loss: 0.271
[35,   230] loss: 0.293
[35,   240] loss: 0.281
[35,   250] loss: 0.286
[35,   260] loss: 0.300
[35,   270] loss: 0.265
[35,   280] loss: 0.228
[35,   290] loss: 0.267
[35,   300] loss: 0.322
[35,   310] loss: 0.311
[35,   320] loss: 0.274
[35,   330] loss: 0.260
[35,   340] loss: 0.283
[35,   350] loss: 0.313
[35,   360] loss: 0.286
[35,   370] loss: 0.360
[35,   380] loss: 0.384
[35,   390] loss: 0.318
[35,   400] loss: 0.278
VALIDATION loss: 0.2721397578716278
[36,    10] loss: 0.258
[36,    20] loss: 0.238
[36,    30] loss: 0.253
[36,    40] loss: 0.256
[36,    50] loss: 0.254
[36,    60] loss: 0.282
[36,    70] loss: 0.269
[36,    80] loss: 0.227
[36,    90] loss: 0.269
[36,   100] loss: 0.266
[36,   110] loss: 0.294
[36,   120] loss: 0.355
[36,   130] loss: 0.256
[36,   140] loss: 0.198
[36,   150] loss: 0.364
[36,   160] loss: 0.290
[36,   170] loss: 0.253
[36,   180] loss: 0.305
[36,   190] loss: 0.354
[36,   200] loss: 0.298
[36,   210] loss: 0.324
[36,   220] loss: 0.277
[36,   230] loss: 0.311
[36,   240] loss: 0.273
[36,   250] loss: 0.284
[36,   260] loss: 0.266
[36,   270] loss: 0.399
[36,   280] loss: 0.282
[36,   290] loss: 0.305
[36,   300] loss: 0.257
[36,   310] loss: 0.306
[36,   320] loss: 0.200
[36,   330] loss: 0.295
[36,   340] loss: 0.232
[36,   350] loss: 0.272
[36,   360] loss: 0.251
[36,   370] loss: 0.300
[36,   380] loss: 0.232
[36,   390] loss: 0.300
[36,   400] loss: 0.279
VALIDATION loss: 0.25603851675987244
[37,    10] loss: 0.290
[37,    20] loss: 0.336
[37,    30] loss: 0.260
[37,    40] loss: 0.317
[37,    50] loss: 0.260
[37,    60] loss: 0.278
[37,    70] loss: 0.345
[37,    80] loss: 0.274
[37,    90] loss: 0.339
[37,   100] loss: 0.339
[37,   110] loss: 0.285
[37,   120] loss: 0.232
[37,   130] loss: 0.352
[37,   140] loss: 0.266
[37,   150] loss: 0.265
[37,   160] loss: 0.270
[37,   170] loss: 0.346
[37,   180] loss: 0.289
[37,   190] loss: 0.301
[37,   200] loss: 0.351
[37,   210] loss: 0.263
[37,   220] loss: 0.287
[37,   230] loss: 0.279
[37,   240] loss: 0.288
[37,   250] loss: 0.284
[37,   260] loss: 0.280
[37,   270] loss: 0.344
[37,   280] loss: 0.284
[37,   290] loss: 0.279
[37,   300] loss: 0.258
[37,   310] loss: 0.257
[37,   320] loss: 0.302
[37,   330] loss: 0.274
[37,   340] loss: 0.270
[37,   350] loss: 0.375
[37,   360] loss: 0.316
[37,   370] loss: 0.228
[37,   380] loss: 0.327
[37,   390] loss: 0.306
[37,   400] loss: 0.296
VALIDATION loss: 0.3710290193557739
[38,    10] loss: 0.264
[38,    20] loss: 0.233
[38,    30] loss: 0.215
[38,    40] loss: 0.212
[38,    50] loss: 0.281
[38,    60] loss: 0.239
[38,    70] loss: 0.333
[38,    80] loss: 0.252
[38,    90] loss: 0.319
[38,   100] loss: 0.273
[38,   110] loss: 0.248
[38,   120] loss: 0.276
[38,   130] loss: 0.227
[38,   140] loss: 0.242
[38,   150] loss: 0.275
[38,   160] loss: 0.190
[38,   170] loss: 0.286
[38,   180] loss: 0.269
[38,   190] loss: 0.211
[38,   200] loss: 0.262
[38,   210] loss: 0.234
[38,   220] loss: 0.279
[38,   230] loss: 0.282
[38,   240] loss: 0.193
[38,   250] loss: 0.264
[38,   260] loss: 0.281
[38,   270] loss: 0.217
[38,   280] loss: 0.261
[38,   290] loss: 0.246
[38,   300] loss: 0.309
[38,   310] loss: 0.269
[38,   320] loss: 0.281
[38,   330] loss: 0.321
[38,   340] loss: 0.321
[38,   350] loss: 0.257
[38,   360] loss: 0.282
[38,   370] loss: 0.290
[38,   380] loss: 0.287
[38,   390] loss: 0.315
[38,   400] loss: 0.292
VALIDATION loss: 0.2604690194129944
[39,    10] loss: 0.287
[39,    20] loss: 0.224
[39,    30] loss: 0.283
[39,    40] loss: 0.255
[39,    50] loss: 0.236
[39,    60] loss: 0.251
[39,    70] loss: 0.258
[39,    80] loss: 0.261
[39,    90] loss: 0.372
[39,   100] loss: 0.302
[39,   110] loss: 0.273
[39,   120] loss: 0.231
[39,   130] loss: 0.231
[39,   140] loss: 0.275
[39,   150] loss: 0.256
[39,   160] loss: 0.287
[39,   170] loss: 0.228
[39,   180] loss: 0.246
[39,   190] loss: 0.306
[39,   200] loss: 0.290
[39,   210] loss: 0.342
[39,   220] loss: 0.221
[39,   230] loss: 0.236
[39,   240] loss: 0.324
[39,   250] loss: 0.260
[39,   260] loss: 0.280
[39,   270] loss: 0.272
[39,   280] loss: 0.274
[39,   290] loss: 0.225
[39,   300] loss: 0.327
[39,   310] loss: 0.274
[39,   320] loss: 0.211
[39,   330] loss: 0.220
[39,   340] loss: 0.244
[39,   350] loss: 0.264
[39,   360] loss: 0.258
[39,   370] loss: 0.291
[39,   380] loss: 0.317
[39,   390] loss: 0.278
[39,   400] loss: 0.217
VALIDATION loss: 0.25280627608299255
[40,    10] loss: 0.255
[40,    20] loss: 0.233
[40,    30] loss: 0.267
[40,    40] loss: 0.268
[40,    50] loss: 0.249
[40,    60] loss: 0.298
[40,    70] loss: 0.217
[40,    80] loss: 0.265
[40,    90] loss: 0.252
[40,   100] loss: 0.248
[40,   110] loss: 0.247
[40,   120] loss: 0.245
[40,   130] loss: 0.267
[40,   140] loss: 0.255
[40,   150] loss: 0.277
[40,   160] loss: 0.310
[40,   170] loss: 0.311
[40,   180] loss: 0.253
[40,   190] loss: 0.230
[40,   200] loss: 0.273
[40,   210] loss: 0.289
[40,   220] loss: 0.294
[40,   230] loss: 0.222
[40,   240] loss: 0.231
[40,   250] loss: 0.340
[40,   260] loss: 0.328
[40,   270] loss: 0.274
[40,   280] loss: 0.279
[40,   290] loss: 0.256
[40,   300] loss: 0.181
[40,   310] loss: 0.259
[40,   320] loss: 0.283
[40,   330] loss: 0.273
[40,   340] loss: 0.275
[40,   350] loss: 0.219
[40,   360] loss: 0.319
[40,   370] loss: 0.238
[40,   380] loss: 0.247
[40,   390] loss: 0.245
[40,   400] loss: 0.229
VALIDATION loss: 0.2339480221271515
[41,    10] loss: 0.217
[41,    20] loss: 0.281
[41,    30] loss: 0.260
[41,    40] loss: 0.229
[41,    50] loss: 0.276
[41,    60] loss: 0.280
[41,    70] loss: 0.262
[41,    80] loss: 0.231
[41,    90] loss: 0.247
[41,   100] loss: 0.253
[41,   110] loss: 0.301
[41,   120] loss: 0.297
[41,   130] loss: 0.295
[41,   140] loss: 0.269
[41,   150] loss: 0.283
[41,   160] loss: 0.260
[41,   170] loss: 0.272
[41,   180] loss: 0.252
[41,   190] loss: 0.259
[41,   200] loss: 0.268
[41,   210] loss: 0.286
[41,   220] loss: 0.278
[41,   230] loss: 0.249
[41,   240] loss: 0.283
[41,   250] loss: 0.264
[41,   260] loss: 0.220
[41,   270] loss: 0.249
[41,   280] loss: 0.248
[41,   290] loss: 0.220
[41,   300] loss: 0.237
[41,   310] loss: 0.247
[41,   320] loss: 0.292
[41,   330] loss: 0.290
[41,   340] loss: 0.322
[41,   350] loss: 0.285
[41,   360] loss: 0.328
[41,   370] loss: 0.277
[41,   380] loss: 0.249
[41,   390] loss: 0.280
[41,   400] loss: 0.273
VALIDATION loss: 0.1981789767742157
[42,    10] loss: 0.322
[42,    20] loss: 0.328
[42,    30] loss: 0.281
[42,    40] loss: 0.276
[42,    50] loss: 0.286
[42,    60] loss: 0.262
[42,    70] loss: 0.272
[42,    80] loss: 0.236
[42,    90] loss: 0.246
[42,   100] loss: 0.228
[42,   110] loss: 0.294
[42,   120] loss: 0.260
[42,   130] loss: 0.273
[42,   140] loss: 0.296
[42,   150] loss: 0.315
[42,   160] loss: 0.272
[42,   170] loss: 0.261
[42,   180] loss: 0.205
[42,   190] loss: 0.238
[42,   200] loss: 0.251
[42,   210] loss: 0.190
[42,   220] loss: 0.235
[42,   230] loss: 0.293
[42,   240] loss: 0.361
[42,   250] loss: 0.305
[42,   260] loss: 0.240
[42,   270] loss: 0.314
[42,   280] loss: 0.204
[42,   290] loss: 0.244
[42,   300] loss: 0.252
[42,   310] loss: 0.258
[42,   320] loss: 0.338
[42,   330] loss: 0.250
[42,   340] loss: 0.188
[42,   350] loss: 0.205
[42,   360] loss: 0.264
[42,   370] loss: 0.210
[42,   380] loss: 0.255
[42,   390] loss: 0.266
[42,   400] loss: 0.207
VALIDATION loss: 0.22421200573444366
[43,    10] loss: 0.221
[43,    20] loss: 0.233
[43,    30] loss: 0.269
[43,    40] loss: 0.264
[43,    50] loss: 0.258
[43,    60] loss: 0.231
[43,    70] loss: 0.234
[43,    80] loss: 0.286
[43,    90] loss: 0.244
[43,   100] loss: 0.257
[43,   110] loss: 0.271
[43,   120] loss: 0.224
[43,   130] loss: 0.326
[43,   140] loss: 0.274
[43,   150] loss: 0.225
[43,   160] loss: 0.236
[43,   170] loss: 0.220
[43,   180] loss: 0.235
[43,   190] loss: 0.254
[43,   200] loss: 0.288
[43,   210] loss: 0.204
[43,   220] loss: 0.262
[43,   230] loss: 0.247
[43,   240] loss: 0.259
[43,   250] loss: 0.190
[43,   260] loss: 0.321
[43,   270] loss: 0.270
[43,   280] loss: 0.246
[43,   290] loss: 0.236
[43,   300] loss: 0.250
[43,   310] loss: 0.348
[43,   320] loss: 0.192
[43,   330] loss: 0.258
[43,   340] loss: 0.220
[43,   350] loss: 0.229
[43,   360] loss: 0.278
[43,   370] loss: 0.261
[43,   380] loss: 0.268
[43,   390] loss: 0.229
[43,   400] loss: 0.258
VALIDATION loss: 0.22793403267860413
[44,    10] loss: 0.272
[44,    20] loss: 0.227
[44,    30] loss: 0.257
[44,    40] loss: 0.243
[44,    50] loss: 0.248
[44,    60] loss: 0.265
[44,    70] loss: 0.243
[44,    80] loss: 0.246
[44,    90] loss: 0.220
[44,   100] loss: 0.199
[44,   110] loss: 0.275
[44,   120] loss: 0.223
[44,   130] loss: 0.282
[44,   140] loss: 0.211
[44,   150] loss: 0.188
[44,   160] loss: 0.213
[44,   170] loss: 0.259
[44,   180] loss: 0.229
[44,   190] loss: 0.243
[44,   200] loss: 0.196
[44,   210] loss: 0.231
[44,   220] loss: 0.259
[44,   230] loss: 0.234
[44,   240] loss: 0.247
[44,   250] loss: 0.253
[44,   260] loss: 0.245
[44,   270] loss: 0.244
[44,   280] loss: 0.263
[44,   290] loss: 0.218
[44,   300] loss: 0.197
[44,   310] loss: 0.229
[44,   320] loss: 0.211
[44,   330] loss: 0.204
[44,   340] loss: 0.208
[44,   350] loss: 0.277
[44,   360] loss: 0.312
[44,   370] loss: 0.281
[44,   380] loss: 0.266
[44,   390] loss: 0.222
[44,   400] loss: 0.245
VALIDATION loss: 0.7116116881370544
[45,    10] loss: 0.223
[45,    20] loss: 0.240
[45,    30] loss: 0.203
[45,    40] loss: 0.290
[45,    50] loss: 0.290
[45,    60] loss: 0.269
[45,    70] loss: 0.177
[45,    80] loss: 0.334
[45,    90] loss: 0.240
[45,   100] loss: 0.215
[45,   110] loss: 0.199
[45,   120] loss: 0.277
[45,   130] loss: 0.216
[45,   140] loss: 0.208
[45,   150] loss: 0.243
[45,   160] loss: 0.224
[45,   170] loss: 0.286
[45,   180] loss: 0.202
[45,   190] loss: 0.233
[45,   200] loss: 0.235
[45,   210] loss: 0.248
[45,   220] loss: 0.206
[45,   230] loss: 0.220
[45,   240] loss: 0.208
[45,   250] loss: 0.190
[45,   260] loss: 0.208
[45,   270] loss: 0.301
[45,   280] loss: 0.269
[45,   290] loss: 0.206
[45,   300] loss: 0.206
[45,   310] loss: 0.233
[45,   320] loss: 0.230
[45,   330] loss: 0.285
[45,   340] loss: 0.235
[45,   350] loss: 0.260
[45,   360] loss: 0.282
[45,   370] loss: 0.264
[45,   380] loss: 0.210
[45,   390] loss: 0.256
[45,   400] loss: 0.265
VALIDATION loss: 0.29851099848747253
[46,    10] loss: 0.275
[46,    20] loss: 0.230
[46,    30] loss: 0.246
[46,    40] loss: 0.211
[46,    50] loss: 0.289
[46,    60] loss: 0.221
[46,    70] loss: 0.217
[46,    80] loss: 0.192
[46,    90] loss: 0.223
[46,   100] loss: 0.244
[46,   110] loss: 0.184
[46,   120] loss: 0.283
[46,   130] loss: 0.263
[46,   140] loss: 0.255
[46,   150] loss: 0.230
[46,   160] loss: 0.296
[46,   170] loss: 0.206
[46,   180] loss: 0.229
[46,   190] loss: 0.191
[46,   200] loss: 0.209
[46,   210] loss: 0.249
[46,   220] loss: 0.274
[46,   230] loss: 0.236
[46,   240] loss: 0.195
[46,   250] loss: 0.206
[46,   260] loss: 0.197
[46,   270] loss: 0.271
[46,   280] loss: 0.236
[46,   290] loss: 0.260
[46,   300] loss: 0.223
[46,   310] loss: 0.251
[46,   320] loss: 0.242
[46,   330] loss: 0.241
[46,   340] loss: 0.163
[46,   350] loss: 0.234
[46,   360] loss: 0.330
[46,   370] loss: 0.257
[46,   380] loss: 0.222
[46,   390] loss: 0.289
[46,   400] loss: 0.263
VALIDATION loss: 0.23382048308849335
[47,    10] loss: 0.213
[47,    20] loss: 0.221
[47,    30] loss: 0.223
[47,    40] loss: 0.220
[47,    50] loss: 0.278
[47,    60] loss: 0.238
[47,    70] loss: 0.231
[47,    80] loss: 0.176
[47,    90] loss: 0.281
[47,   100] loss: 0.238
[47,   110] loss: 0.289
[47,   120] loss: 0.144
[47,   130] loss: 0.178
[47,   140] loss: 0.225
[47,   150] loss: 0.207
[47,   160] loss: 0.234
[47,   170] loss: 0.293
[47,   180] loss: 0.240
[47,   190] loss: 0.255
[47,   200] loss: 0.206
[47,   210] loss: 0.243
[47,   220] loss: 0.256
[47,   230] loss: 0.205
[47,   240] loss: 0.256
[47,   250] loss: 0.200
[47,   260] loss: 0.231
[47,   270] loss: 0.252
[47,   280] loss: 0.219
[47,   290] loss: 0.293
[47,   300] loss: 0.233
[47,   310] loss: 0.217
[47,   320] loss: 0.235
[47,   330] loss: 0.252
[47,   340] loss: 0.222
[47,   350] loss: 0.279
[47,   360] loss: 0.249
[47,   370] loss: 0.232
[47,   380] loss: 0.252
[47,   390] loss: 0.212
[47,   400] loss: 0.232
VALIDATION loss: 0.21482783555984497
[48,    10] loss: 0.228
[48,    20] loss: 0.210
[48,    30] loss: 0.257
[48,    40] loss: 0.219
[48,    50] loss: 0.184
[48,    60] loss: 0.250
[48,    70] loss: 0.242
[48,    80] loss: 0.215
[48,    90] loss: 0.215
[48,   100] loss: 0.211
[48,   110] loss: 0.211
[48,   120] loss: 0.211
[48,   130] loss: 0.305
[48,   140] loss: 0.238
[48,   150] loss: 0.283
[48,   160] loss: 0.232
[48,   170] loss: 0.224
[48,   180] loss: 0.324
[48,   190] loss: 0.224
[48,   200] loss: 0.231
[48,   210] loss: 0.239
[48,   220] loss: 0.184
[48,   230] loss: 0.205
[48,   240] loss: 0.295
[48,   250] loss: 0.242
[48,   260] loss: 0.221
[48,   270] loss: 0.217
[48,   280] loss: 0.220
[48,   290] loss: 0.214
[48,   300] loss: 0.205
[48,   310] loss: 0.253
[48,   320] loss: 0.221
[48,   330] loss: 0.186
[48,   340] loss: 0.201
[48,   350] loss: 0.227
[48,   360] loss: 0.210
[48,   370] loss: 0.264
[48,   380] loss: 0.203
[48,   390] loss: 0.282
[48,   400] loss: 0.213
VALIDATION loss: 0.19913358986377716
[49,    10] loss: 0.224
[49,    20] loss: 0.251
[49,    30] loss: 0.271
[49,    40] loss: 0.230
[49,    50] loss: 0.226
[49,    60] loss: 0.256
[49,    70] loss: 0.249
[49,    80] loss: 0.185
[49,    90] loss: 0.203
[49,   100] loss: 0.217
[49,   110] loss: 0.242
[49,   120] loss: 0.241
[49,   130] loss: 0.210
[49,   140] loss: 0.229
[49,   150] loss: 0.257
[49,   160] loss: 0.263
[49,   170] loss: 0.222
[49,   180] loss: 0.251
[49,   190] loss: 0.265
[49,   200] loss: 0.228
[49,   210] loss: 0.236
[49,   220] loss: 0.243
[49,   230] loss: 0.284
[49,   240] loss: 0.235
[49,   250] loss: 0.225
[49,   260] loss: 0.232
[49,   270] loss: 0.215
[49,   280] loss: 0.208
[49,   290] loss: 0.265
[49,   300] loss: 0.239
[49,   310] loss: 0.260
[49,   320] loss: 0.270
[49,   330] loss: 0.218
[49,   340] loss: 0.256
[49,   350] loss: 0.198
[49,   360] loss: 0.281
[49,   370] loss: 0.259
[49,   380] loss: 0.216
[49,   390] loss: 0.225
[49,   400] loss: 0.246
VALIDATION loss: 0.3869663178920746
[50,    10] loss: 0.223
[50,    20] loss: 0.304
[50,    30] loss: 0.242
[50,    40] loss: 0.202
[50,    50] loss: 0.229
[50,    60] loss: 0.233
[50,    70] loss: 0.251
[50,    80] loss: 0.277
[50,    90] loss: 0.214
[50,   100] loss: 0.253
[50,   110] loss: 0.196
[50,   120] loss: 0.199
[50,   130] loss: 0.267
[50,   140] loss: 0.223
[50,   150] loss: 0.223
[50,   160] loss: 0.227
[50,   170] loss: 0.186
[50,   180] loss: 0.255
[50,   190] loss: 0.203
[50,   200] loss: 0.228
[50,   210] loss: 0.259
[50,   220] loss: 0.245
[50,   230] loss: 0.191
[50,   240] loss: 0.185
[50,   250] loss: 0.240
[50,   260] loss: 0.236
[50,   270] loss: 0.235
[50,   280] loss: 0.210
[50,   290] loss: 0.207
[50,   300] loss: 0.227
[50,   310] loss: 0.248
[50,   320] loss: 0.251
[50,   330] loss: 0.220
[50,   340] loss: 0.196
[50,   350] loss: 0.275
[50,   360] loss: 0.270
[50,   370] loss: 0.239
[50,   380] loss: 0.249
[50,   390] loss: 0.251
[50,   400] loss: 0.179
VALIDATION loss: 0.21272921562194824
[51,    10] loss: 0.234
[51,    20] loss: 0.206
[51,    30] loss: 0.282
[51,    40] loss: 0.164
[51,    50] loss: 0.232
[51,    60] loss: 0.248
[51,    70] loss: 0.223
[51,    80] loss: 0.250
[51,    90] loss: 0.212
[51,   100] loss: 0.240
[51,   110] loss: 0.231
[51,   120] loss: 0.224
[51,   130] loss: 0.239
[51,   140] loss: 0.236
[51,   150] loss: 0.202
[51,   160] loss: 0.267
[51,   170] loss: 0.221
[51,   180] loss: 0.219
[51,   190] loss: 0.229
[51,   200] loss: 0.225
[51,   210] loss: 0.149
[51,   220] loss: 0.182
[51,   230] loss: 0.194
[51,   240] loss: 0.229
[51,   250] loss: 0.248
[51,   260] loss: 0.278
[51,   270] loss: 0.216
[51,   280] loss: 0.205
[51,   290] loss: 0.223
[51,   300] loss: 0.270
[51,   310] loss: 0.257
[51,   320] loss: 0.287
[51,   330] loss: 0.218
[51,   340] loss: 0.259
[51,   350] loss: 0.258
[51,   360] loss: 0.213
[51,   370] loss: 0.229
[51,   380] loss: 0.254
[51,   390] loss: 0.224
[51,   400] loss: 0.187
VALIDATION loss: 0.2546791434288025
[52,    10] loss: 0.238
[52,    20] loss: 0.227
[52,    30] loss: 0.189
[52,    40] loss: 0.179
[52,    50] loss: 0.203
[52,    60] loss: 0.227
[52,    70] loss: 0.198
[52,    80] loss: 0.170
[52,    90] loss: 0.194
[52,   100] loss: 0.252
[52,   110] loss: 0.158
[52,   120] loss: 0.206
[52,   130] loss: 0.266
[52,   140] loss: 0.294
[52,   150] loss: 0.240
[52,   160] loss: 0.298
[52,   170] loss: 0.219
[52,   180] loss: 0.232
[52,   190] loss: 0.191
[52,   200] loss: 0.217
[52,   210] loss: 0.234
[52,   220] loss: 0.237
[52,   230] loss: 0.171
[52,   240] loss: 0.207
[52,   250] loss: 0.201
[52,   260] loss: 0.233
[52,   270] loss: 0.203
[52,   280] loss: 0.187
[52,   290] loss: 0.238
[52,   300] loss: 0.187
[52,   310] loss: 0.156
[52,   320] loss: 0.283
[52,   330] loss: 0.230
[52,   340] loss: 0.180
[52,   350] loss: 0.239
[52,   360] loss: 0.229
[52,   370] loss: 0.209
[52,   380] loss: 0.267
[52,   390] loss: 0.242
[52,   400] loss: 0.274
VALIDATION loss: 1.3420910835266113
[53,    10] loss: 0.212
[53,    20] loss: 0.180
[53,    30] loss: 0.250
[53,    40] loss: 0.227
[53,    50] loss: 0.191
[53,    60] loss: 0.173
[53,    70] loss: 0.232
[53,    80] loss: 0.218
[53,    90] loss: 0.223
[53,   100] loss: 0.196
[53,   110] loss: 0.199
[53,   120] loss: 0.202
[53,   130] loss: 0.260
[53,   140] loss: 0.263
[53,   150] loss: 0.209
[53,   160] loss: 0.239
[53,   170] loss: 0.228
[53,   180] loss: 0.202
[53,   190] loss: 0.213
[53,   200] loss: 0.269
[53,   210] loss: 0.202
[53,   220] loss: 0.219
[53,   230] loss: 0.200
[53,   240] loss: 0.208
[53,   250] loss: 0.246
[53,   260] loss: 0.204
[53,   270] loss: 0.217
[53,   280] loss: 0.260
[53,   290] loss: 0.199
[53,   300] loss: 0.238
[53,   310] loss: 0.199
[53,   320] loss: 0.225
[53,   330] loss: 0.246
[53,   340] loss: 0.243
[53,   350] loss: 0.237
[53,   360] loss: 0.205
[53,   370] loss: 0.263
[53,   380] loss: 0.229
[53,   390] loss: 0.233
[53,   400] loss: 0.237
VALIDATION loss: 0.8759151697158813
[54,    10] loss: 0.206
[54,    20] loss: 0.209
[54,    30] loss: 0.218
[54,    40] loss: 0.172
[54,    50] loss: 0.213
[54,    60] loss: 0.170
[54,    70] loss: 0.162
[54,    80] loss: 0.262
[54,    90] loss: 0.228
[54,   100] loss: 0.234
[54,   110] loss: 0.243
[54,   120] loss: 0.207
[54,   130] loss: 0.189
[54,   140] loss: 0.188
[54,   150] loss: 0.157
[54,   160] loss: 0.209
[54,   170] loss: 0.208
[54,   180] loss: 0.232
[54,   190] loss: 0.195
[54,   200] loss: 0.223
[54,   210] loss: 0.207
[54,   220] loss: 0.229
[54,   230] loss: 0.241
[54,   240] loss: 0.212
[54,   250] loss: 0.191
[54,   260] loss: 0.198
[54,   270] loss: 0.233
[54,   280] loss: 0.231
[54,   290] loss: 0.181
[54,   300] loss: 0.216
[54,   310] loss: 0.242
[54,   320] loss: 0.181
[54,   330] loss: 0.185
[54,   340] loss: 0.266
[54,   350] loss: 0.189
[54,   360] loss: 0.262
[54,   370] loss: 0.294
[54,   380] loss: 0.201
[54,   390] loss: 0.222
[54,   400] loss: 0.207
VALIDATION loss: 0.22322671115398407
[55,    10] loss: 0.194
[55,    20] loss: 0.197
[55,    30] loss: 0.205
[55,    40] loss: 0.195
[55,    50] loss: 0.241
[55,    60] loss: 0.194
[55,    70] loss: 0.244
[55,    80] loss: 0.202
[55,    90] loss: 0.184
[55,   100] loss: 0.225
[55,   110] loss: 0.191
[55,   120] loss: 0.245
[55,   130] loss: 0.236
[55,   140] loss: 0.263
[55,   150] loss: 0.182
[55,   160] loss: 0.147
[55,   170] loss: 0.243
[55,   180] loss: 0.166
[55,   190] loss: 0.197
[55,   200] loss: 0.216
[55,   210] loss: 0.157
[55,   220] loss: 0.265
[55,   230] loss: 0.200
[55,   240] loss: 0.181
[55,   250] loss: 0.220
[55,   260] loss: 0.246
[55,   270] loss: 0.185
[55,   280] loss: 0.227
[55,   290] loss: 0.165
[55,   300] loss: 0.204
[55,   310] loss: 0.175
[55,   320] loss: 0.224
[55,   330] loss: 0.242
[55,   340] loss: 0.192
[55,   350] loss: 0.207
[55,   360] loss: 0.220
[55,   370] loss: 0.229
[55,   380] loss: 0.263
[55,   390] loss: 0.234
[55,   400] loss: 0.276
VALIDATION loss: 1.372477650642395
[56,    10] loss: 0.192
[56,    20] loss: 0.240
[56,    30] loss: 0.169
[56,    40] loss: 0.171
[56,    50] loss: 0.176
[56,    60] loss: 0.181
[56,    70] loss: 0.226
[56,    80] loss: 0.238
[56,    90] loss: 0.214
[56,   100] loss: 0.215
[56,   110] loss: 0.218
[56,   120] loss: 0.243
[56,   130] loss: 0.210
[56,   140] loss: 0.219
[56,   150] loss: 0.220
[56,   160] loss: 0.196
[56,   170] loss: 0.237
[56,   180] loss: 0.188
[56,   190] loss: 0.198
[56,   200] loss: 0.214
[56,   210] loss: 0.169
[56,   220] loss: 0.178
[56,   230] loss: 0.206
[56,   240] loss: 0.261
[56,   250] loss: 0.314
[56,   260] loss: 0.265
[56,   270] loss: 0.248
[56,   280] loss: 0.210
[56,   290] loss: 0.240
[56,   300] loss: 0.195
[56,   310] loss: 0.217
[56,   320] loss: 0.238
[56,   330] loss: 0.261
[56,   340] loss: 0.264
[56,   350] loss: 0.183
[56,   360] loss: 0.210
[56,   370] loss: 0.210
[56,   380] loss: 0.239
[56,   390] loss: 0.213
[56,   400] loss: 0.165
VALIDATION loss: 0.19490906596183777
[57,    10] loss: 0.187
[57,    20] loss: 0.221
[57,    30] loss: 0.225
[57,    40] loss: 0.211
[57,    50] loss: 0.198
[57,    60] loss: 0.223
[57,    70] loss: 0.224
[57,    80] loss: 0.213
[57,    90] loss: 0.183
[57,   100] loss: 0.252
[57,   110] loss: 0.215
[57,   120] loss: 0.215
[57,   130] loss: 0.173
[57,   140] loss: 0.254
[57,   150] loss: 0.232
[57,   160] loss: 0.251
[57,   170] loss: 0.216
[57,   180] loss: 0.193
[57,   190] loss: 0.218
[57,   200] loss: 0.174
[57,   210] loss: 0.235
[57,   220] loss: 0.198
[57,   230] loss: 0.217
[57,   240] loss: 0.262
[57,   250] loss: 0.258
[57,   260] loss: 0.225
[57,   270] loss: 0.198
[57,   280] loss: 0.226
[57,   290] loss: 0.179
[57,   300] loss: 0.253
[57,   310] loss: 0.226
[57,   320] loss: 0.183
[57,   330] loss: 0.223
[57,   340] loss: 0.164
[57,   350] loss: 0.179
[57,   360] loss: 0.181
[57,   370] loss: 0.214
[57,   380] loss: 0.217
[57,   390] loss: 0.226
[57,   400] loss: 0.225
VALIDATION loss: 0.19961018860340118
[58,    10] loss: 0.221
[58,    20] loss: 0.188
[58,    30] loss: 0.223
[58,    40] loss: 0.208
[58,    50] loss: 0.196
[58,    60] loss: 0.206
[58,    70] loss: 0.184
[58,    80] loss: 0.195
[58,    90] loss: 0.207
[58,   100] loss: 0.210
[58,   110] loss: 0.233
[58,   120] loss: 0.247
[58,   130] loss: 0.223
[58,   140] loss: 0.245
[58,   150] loss: 0.194
[58,   160] loss: 0.181
[58,   170] loss: 0.215
[58,   180] loss: 0.236
[58,   190] loss: 0.225
[58,   200] loss: 0.210
[58,   210] loss: 0.237
[58,   220] loss: 0.236
[58,   230] loss: 0.266
[58,   240] loss: 0.230
[58,   250] loss: 0.218
[58,   260] loss: 0.206
[58,   270] loss: 0.192
[58,   280] loss: 0.215
[58,   290] loss: 0.252
[58,   300] loss: 0.178
[58,   310] loss: 0.213
[58,   320] loss: 0.156
[58,   330] loss: 0.199
[58,   340] loss: 0.228
[58,   350] loss: 0.243
[58,   360] loss: 0.237
[58,   370] loss: 0.214
[58,   380] loss: 0.184
[58,   390] loss: 0.280
[58,   400] loss: 0.194
VALIDATION loss: 0.28202375769615173
[59,    10] loss: 0.184
[59,    20] loss: 0.190
[59,    30] loss: 0.204
[59,    40] loss: 0.199
[59,    50] loss: 0.188
[59,    60] loss: 0.233
[59,    70] loss: 0.231
[59,    80] loss: 0.225
[59,    90] loss: 0.243
[59,   100] loss: 0.204
[59,   110] loss: 0.171
[59,   120] loss: 0.232
[59,   130] loss: 0.194
[59,   140] loss: 0.207
[59,   150] loss: 0.171
[59,   160] loss: 0.193
[59,   170] loss: 0.196
[59,   180] loss: 0.155
[59,   190] loss: 0.182
[59,   200] loss: 0.212
[59,   210] loss: 0.191
[59,   220] loss: 0.176
[59,   230] loss: 0.224
[59,   240] loss: 0.170
[59,   250] loss: 0.192
[59,   260] loss: 0.192
[59,   270] loss: 0.206
[59,   280] loss: 0.180
[59,   290] loss: 0.225
[59,   300] loss: 0.186
[59,   310] loss: 0.178
[59,   320] loss: 0.278
[59,   330] loss: 0.201
[59,   340] loss: 0.185
[59,   350] loss: 0.291
[59,   360] loss: 0.247
[59,   370] loss: 0.248
[59,   380] loss: 0.284
[59,   390] loss: 0.205
[59,   400] loss: 0.236
VALIDATION loss: 0.3490299880504608
[60,    10] loss: 0.237
[60,    20] loss: 0.201
[60,    30] loss: 0.225
[60,    40] loss: 0.257
[60,    50] loss: 0.186
[60,    60] loss: 0.188
[60,    70] loss: 0.152
[60,    80] loss: 0.177
[60,    90] loss: 0.210
[60,   100] loss: 0.225
[60,   110] loss: 0.188
[60,   120] loss: 0.215
[60,   130] loss: 0.212
[60,   140] loss: 0.196
[60,   150] loss: 0.215
[60,   160] loss: 0.161
[60,   170] loss: 0.177
[60,   180] loss: 0.197
[60,   190] loss: 0.242
[60,   200] loss: 0.220
[60,   210] loss: 0.206
[60,   220] loss: 0.187
[60,   230] loss: 0.214
[60,   240] loss: 0.246
[60,   250] loss: 0.207
[60,   260] loss: 0.183
[60,   270] loss: 0.176
[60,   280] loss: 0.213
[60,   290] loss: 0.210
[60,   300] loss: 0.187
[60,   310] loss: 0.227
[60,   320] loss: 0.163
[60,   330] loss: 0.200
[60,   340] loss: 0.245
[60,   350] loss: 0.244
[60,   360] loss: 0.201
[60,   370] loss: 0.230
[60,   380] loss: 0.219
[60,   390] loss: 0.202
[60,   400] loss: 0.236
VALIDATION loss: 0.1991320103406906
[61,    10] loss: 0.186
[61,    20] loss: 0.236
[61,    30] loss: 0.220
[61,    40] loss: 0.247
[61,    50] loss: 0.200
[61,    60] loss: 0.188
[61,    70] loss: 0.189
[61,    80] loss: 0.224
[61,    90] loss: 0.168
[61,   100] loss: 0.202
[61,   110] loss: 0.216
[61,   120] loss: 0.183
[61,   130] loss: 0.202
[61,   140] loss: 0.187
[61,   150] loss: 0.174
[61,   160] loss: 0.184
[61,   170] loss: 0.241
[61,   180] loss: 0.196
[61,   190] loss: 0.211
[61,   200] loss: 0.236
[61,   210] loss: 0.210
[61,   220] loss: 0.234
[61,   230] loss: 0.250
[61,   240] loss: 0.234
[61,   250] loss: 0.188
[61,   260] loss: 0.186
[61,   270] loss: 0.229
[61,   280] loss: 0.260
[61,   290] loss: 0.233
[61,   300] loss: 0.226
[61,   310] loss: 0.182
[61,   320] loss: 0.153
[61,   330] loss: 0.202
[61,   340] loss: 0.193
[61,   350] loss: 0.175
[61,   360] loss: 0.202
[61,   370] loss: 0.184
[61,   380] loss: 0.198
[61,   390] loss: 0.216
[61,   400] loss: 0.201
VALIDATION loss: 0.21140050888061523
[62,    10] loss: 0.170
[62,    20] loss: 0.201
[62,    30] loss: 0.171
[62,    40] loss: 0.146
[62,    50] loss: 0.200
[62,    60] loss: 0.153
[62,    70] loss: 0.143
[62,    80] loss: 0.172
[62,    90] loss: 0.207
[62,   100] loss: 0.192
[62,   110] loss: 0.209
[62,   120] loss: 0.221
[62,   130] loss: 0.271
[62,   140] loss: 0.244
[62,   150] loss: 0.212
[62,   160] loss: 0.185
[62,   170] loss: 0.244
[62,   180] loss: 0.238
[62,   190] loss: 0.214
[62,   200] loss: 0.194
[62,   210] loss: 0.190
[62,   220] loss: 0.199
[62,   230] loss: 0.217
[62,   240] loss: 0.189
[62,   250] loss: 0.227
[62,   260] loss: 0.163
[62,   270] loss: 0.248
[62,   280] loss: 0.193
[62,   290] loss: 0.185
[62,   300] loss: 0.208
[62,   310] loss: 0.208
[62,   320] loss: 0.165
[62,   330] loss: 0.212
[62,   340] loss: 0.197
[62,   350] loss: 0.213
[62,   360] loss: 0.193
[62,   370] loss: 0.177
[62,   380] loss: 0.186
[62,   390] loss: 0.212
[62,   400] loss: 0.135
VALIDATION loss: 0.2405368983745575
[63,    10] loss: 0.156
[63,    20] loss: 0.269
[63,    30] loss: 0.175
[63,    40] loss: 0.197
[63,    50] loss: 0.235
[63,    60] loss: 0.228
[63,    70] loss: 0.218
[63,    80] loss: 0.219
[63,    90] loss: 0.169
[63,   100] loss: 0.131
[63,   110] loss: 0.168
[63,   120] loss: 0.202
[63,   130] loss: 0.174
[63,   140] loss: 0.171
[63,   150] loss: 0.181
[63,   160] loss: 0.173
[63,   170] loss: 0.252
[63,   180] loss: 0.221
[63,   190] loss: 0.191
[63,   200] loss: 0.231
[63,   210] loss: 0.194
[63,   220] loss: 0.163
[63,   230] loss: 0.218
[63,   240] loss: 0.163
[63,   250] loss: 0.197
[63,   260] loss: 0.219
[63,   270] loss: 0.154
[63,   280] loss: 0.220
[63,   290] loss: 0.217
[63,   300] loss: 0.182
[63,   310] loss: 0.210
[63,   320] loss: 0.184
[63,   330] loss: 0.249
[63,   340] loss: 0.163
[63,   350] loss: 0.168
[63,   360] loss: 0.165
[63,   370] loss: 0.227
[63,   380] loss: 0.191
[63,   390] loss: 0.179
[63,   400] loss: 0.205
VALIDATION loss: 0.6882938742637634
[64,    10] loss: 0.208
[64,    20] loss: 0.180
[64,    30] loss: 0.125
[64,    40] loss: 0.147
[64,    50] loss: 0.231
[64,    60] loss: 0.231
[64,    70] loss: 0.219
[64,    80] loss: 0.186
[64,    90] loss: 0.196
[64,   100] loss: 0.184
[64,   110] loss: 0.194
[64,   120] loss: 0.201
[64,   130] loss: 0.189
[64,   140] loss: 0.173
[64,   150] loss: 0.215
[64,   160] loss: 0.217
[64,   170] loss: 0.225
[64,   180] loss: 0.249
[64,   190] loss: 0.198
[64,   200] loss: 0.199
[64,   210] loss: 0.178
[64,   220] loss: 0.194
[64,   230] loss: 0.169
[64,   240] loss: 0.207
[64,   250] loss: 0.231
[64,   260] loss: 0.168
[64,   270] loss: 0.194
[64,   280] loss: 0.145
[64,   290] loss: 0.223
[64,   300] loss: 0.228
[64,   310] loss: 0.204
[64,   320] loss: 0.215
[64,   330] loss: 0.208
[64,   340] loss: 0.188
[64,   350] loss: 0.215
[64,   360] loss: 0.176
[64,   370] loss: 0.202
[64,   380] loss: 0.228
[64,   390] loss: 0.160
[64,   400] loss: 0.197
VALIDATION loss: 0.5432669520378113
[65,    10] loss: 0.182
[65,    20] loss: 0.150
[65,    30] loss: 0.215
[65,    40] loss: 0.188
[65,    50] loss: 0.234
[65,    60] loss: 0.212
[65,    70] loss: 0.226
[65,    80] loss: 0.185
[65,    90] loss: 0.176
[65,   100] loss: 0.188
[65,   110] loss: 0.180
[65,   120] loss: 0.154
[65,   130] loss: 0.204
[65,   140] loss: 0.169
[65,   150] loss: 0.202
[65,   160] loss: 0.186
[65,   170] loss: 0.217
[65,   180] loss: 0.224
[65,   190] loss: 0.206
[65,   200] loss: 0.218
[65,   210] loss: 0.225
[65,   220] loss: 0.165
[65,   230] loss: 0.199
[65,   240] loss: 0.171
[65,   250] loss: 0.185
[65,   260] loss: 0.210
[65,   270] loss: 0.197
[65,   280] loss: 0.158
[65,   290] loss: 0.237
[65,   300] loss: 0.199
[65,   310] loss: 0.162
[65,   320] loss: 0.184
[65,   330] loss: 0.141
[65,   340] loss: 0.216
[65,   350] loss: 0.224
[65,   360] loss: 0.228
[65,   370] loss: 0.200
[65,   380] loss: 0.189
[65,   390] loss: 0.187
[65,   400] loss: 0.220
VALIDATION loss: 0.1781013011932373
[66,    10] loss: 0.163
[66,    20] loss: 0.173
[66,    30] loss: 0.174
[66,    40] loss: 0.206
[66,    50] loss: 0.190
[66,    60] loss: 0.176
[66,    70] loss: 0.202
[66,    80] loss: 0.182
[66,    90] loss: 0.189
[66,   100] loss: 0.214
[66,   110] loss: 0.175
[66,   120] loss: 0.210
[66,   130] loss: 0.187
[66,   140] loss: 0.209
[66,   150] loss: 0.253
[66,   160] loss: 0.195
[66,   170] loss: 0.177
[66,   180] loss: 0.178
[66,   190] loss: 0.200
[66,   200] loss: 0.183
[66,   210] loss: 0.203
[66,   220] loss: 0.234
[66,   230] loss: 0.221
[66,   240] loss: 0.194
[66,   250] loss: 0.209
[66,   260] loss: 0.197
[66,   270] loss: 0.186
[66,   280] loss: 0.154
[66,   290] loss: 0.177
[66,   300] loss: 0.173
[66,   310] loss: 0.195
[66,   320] loss: 0.195
[66,   330] loss: 0.161
[66,   340] loss: 0.184
[66,   350] loss: 0.207
[66,   360] loss: 0.180
[66,   370] loss: 0.205
[66,   380] loss: 0.214
[66,   390] loss: 0.199
[66,   400] loss: 0.233
VALIDATION loss: 0.2893366813659668
[67,    10] loss: 0.213
[67,    20] loss: 0.208
[67,    30] loss: 0.150
[67,    40] loss: 0.191
[67,    50] loss: 0.179
[67,    60] loss: 0.196
[67,    70] loss: 0.209
[67,    80] loss: 0.190
[67,    90] loss: 0.222
[67,   100] loss: 0.162
[67,   110] loss: 0.187
[67,   120] loss: 0.189
[67,   130] loss: 0.206
[67,   140] loss: 0.172
[67,   150] loss: 0.182
[67,   160] loss: 0.190
[67,   170] loss: 0.178
[67,   180] loss: 0.168
[67,   190] loss: 0.223
[67,   200] loss: 0.169
[67,   210] loss: 0.214
[67,   220] loss: 0.200
[67,   230] loss: 0.181
[67,   240] loss: 0.199
[67,   250] loss: 0.157
[67,   260] loss: 0.154
[67,   270] loss: 0.160
[67,   280] loss: 0.175
[67,   290] loss: 0.170
[67,   300] loss: 0.230
[67,   310] loss: 0.215
[67,   320] loss: 0.179
[67,   330] loss: 0.188
[67,   340] loss: 0.203
[67,   350] loss: 0.229
[67,   360] loss: 0.225
[67,   370] loss: 0.148
[67,   380] loss: 0.182
[67,   390] loss: 0.187
[67,   400] loss: 0.174
VALIDATION loss: 0.18171800673007965
[68,    10] loss: 0.226
[68,    20] loss: 0.197
[68,    30] loss: 0.179
[68,    40] loss: 0.160
[68,    50] loss: 0.175
[68,    60] loss: 0.161
[68,    70] loss: 0.177
[68,    80] loss: 0.188
[68,    90] loss: 0.174
[68,   100] loss: 0.136
[68,   110] loss: 0.169
[68,   120] loss: 0.212
[68,   130] loss: 0.164
[68,   140] loss: 0.164
[68,   150] loss: 0.184
[68,   160] loss: 0.179
[68,   170] loss: 0.206
[68,   180] loss: 0.150
[68,   190] loss: 0.188
[68,   200] loss: 0.149
[68,   210] loss: 0.181
[68,   220] loss: 0.260
[68,   230] loss: 0.220
[68,   240] loss: 0.171
[68,   250] loss: 0.229
[68,   260] loss: 0.156
[68,   270] loss: 0.191
[68,   280] loss: 0.147
[68,   290] loss: 0.202
[68,   300] loss: 0.221
[68,   310] loss: 0.241
[68,   320] loss: 0.155
[68,   330] loss: 0.145
[68,   340] loss: 0.160
[68,   350] loss: 0.213
[68,   360] loss: 0.155
[68,   370] loss: 0.231
[68,   380] loss: 0.206
[68,   390] loss: 0.257
[68,   400] loss: 0.173
VALIDATION loss: 0.2044585794210434
[69,    10] loss: 0.210
[69,    20] loss: 0.215
[69,    30] loss: 0.175
[69,    40] loss: 0.199
[69,    50] loss: 0.165
[69,    60] loss: 0.154
[69,    70] loss: 0.175
[69,    80] loss: 0.152
[69,    90] loss: 0.236
[69,   100] loss: 0.141
[69,   110] loss: 0.184
[69,   120] loss: 0.198
[69,   130] loss: 0.189
[69,   140] loss: 0.174
[69,   150] loss: 0.196
[69,   160] loss: 0.170
[69,   170] loss: 0.219
[69,   180] loss: 0.207
[69,   190] loss: 0.175
[69,   200] loss: 0.192
[69,   210] loss: 0.152
[69,   220] loss: 0.175
[69,   230] loss: 0.170
[69,   240] loss: 0.231
[69,   250] loss: 0.205
[69,   260] loss: 0.166
[69,   270] loss: 0.213
[69,   280] loss: 0.250
[69,   290] loss: 0.156
[69,   300] loss: 0.232
[69,   310] loss: 0.214
[69,   320] loss: 0.181
[69,   330] loss: 0.176
[69,   340] loss: 0.151
[69,   350] loss: 0.166
[69,   360] loss: 0.190
[69,   370] loss: 0.186
[69,   380] loss: 0.168
[69,   390] loss: 0.170
[69,   400] loss: 0.218
VALIDATION loss: 0.22836877405643463
[70,    10] loss: 0.211
[70,    20] loss: 0.217
[70,    30] loss: 0.186
[70,    40] loss: 0.182
[70,    50] loss: 0.123
[70,    60] loss: 0.159
[70,    70] loss: 0.194
[70,    80] loss: 0.143
[70,    90] loss: 0.175
[70,   100] loss: 0.175
[70,   110] loss: 0.212
[70,   120] loss: 0.155
[70,   130] loss: 0.154
[70,   140] loss: 0.144
[70,   150] loss: 0.155
[70,   160] loss: 0.199
[70,   170] loss: 0.174
[70,   180] loss: 0.148
[70,   190] loss: 0.166
[70,   200] loss: 0.180
[70,   210] loss: 0.185
[70,   220] loss: 0.202
[70,   230] loss: 0.241
[70,   240] loss: 0.181
[70,   250] loss: 0.213
[70,   260] loss: 0.166
[70,   270] loss: 0.166
[70,   280] loss: 0.213
[70,   290] loss: 0.234
[70,   300] loss: 0.217
[70,   310] loss: 0.277
[70,   320] loss: 0.184
[70,   330] loss: 0.153
[70,   340] loss: 0.240
[70,   350] loss: 0.172
[70,   360] loss: 0.179
[70,   370] loss: 0.197
[70,   380] loss: 0.167
[70,   390] loss: 0.168
[70,   400] loss: 0.208
VALIDATION loss: 1.2053301334381104
[71,    10] loss: 0.190
[71,    20] loss: 0.191
[71,    30] loss: 0.191
[71,    40] loss: 0.191
[71,    50] loss: 0.182
[71,    60] loss: 0.157
[71,    70] loss: 0.186
[71,    80] loss: 0.181
[71,    90] loss: 0.169
[71,   100] loss: 0.175
[71,   110] loss: 0.238
[71,   120] loss: 0.165
[71,   130] loss: 0.186
[71,   140] loss: 0.187
[71,   150] loss: 0.162
[71,   160] loss: 0.179
[71,   170] loss: 0.201
[71,   180] loss: 0.184
[71,   190] loss: 0.199
[71,   200] loss: 0.167
[71,   210] loss: 0.189
[71,   220] loss: 0.184
[71,   230] loss: 0.167
[71,   240] loss: 0.161
[71,   250] loss: 0.260
[71,   260] loss: 0.164
[71,   270] loss: 0.223
[71,   280] loss: 0.218
[71,   290] loss: 0.137
[71,   300] loss: 0.193
[71,   310] loss: 0.169
[71,   320] loss: 0.180
[71,   330] loss: 0.193
[71,   340] loss: 0.158
[71,   350] loss: 0.166
[71,   360] loss: 0.170
[71,   370] loss: 0.199
[71,   380] loss: 0.191
[71,   390] loss: 0.198
[71,   400] loss: 0.180
VALIDATION loss: 0.8932090997695923
[72,    10] loss: 0.195
[72,    20] loss: 0.190
[72,    30] loss: 0.159
[72,    40] loss: 0.135
[72,    50] loss: 0.163
[72,    60] loss: 0.117
[72,    70] loss: 0.137
[72,    80] loss: 0.160
[72,    90] loss: 0.126
[72,   100] loss: 0.177
[72,   110] loss: 0.175
[72,   120] loss: 0.185
[72,   130] loss: 0.169
[72,   140] loss: 0.215
[72,   150] loss: 0.242
[72,   160] loss: 0.150
[72,   170] loss: 0.183
[72,   180] loss: 0.178
[72,   190] loss: 0.239
[72,   200] loss: 0.220
[72,   210] loss: 0.190
[72,   220] loss: 0.208
[72,   230] loss: 0.203
[72,   240] loss: 0.228
[72,   250] loss: 0.200
[72,   260] loss: 0.172
[72,   270] loss: 0.175
[72,   280] loss: 0.210
[72,   290] loss: 0.186
[72,   300] loss: 0.213
[72,   310] loss: 0.170
[72,   320] loss: 0.176
[72,   330] loss: 0.145
[72,   340] loss: 0.171
[72,   350] loss: 0.194
[72,   360] loss: 0.166
[72,   370] loss: 0.163
[72,   380] loss: 0.182
[72,   390] loss: 0.153
[72,   400] loss: 0.154
VALIDATION loss: 0.20990100502967834
[73,    10] loss: 0.214
[73,    20] loss: 0.195
[73,    30] loss: 0.128
[73,    40] loss: 0.164
[73,    50] loss: 0.165
[73,    60] loss: 0.148
[73,    70] loss: 0.140
[73,    80] loss: 0.204
[73,    90] loss: 0.222
[73,   100] loss: 0.186
[73,   110] loss: 0.129
[73,   120] loss: 0.210
[73,   130] loss: 0.172
[73,   140] loss: 0.174
[73,   150] loss: 0.185
[73,   160] loss: 0.146
[73,   170] loss: 0.195
[73,   180] loss: 0.164
[73,   190] loss: 0.146
[73,   200] loss: 0.197
[73,   210] loss: 0.195
[73,   220] loss: 0.165
[73,   230] loss: 0.181
[73,   240] loss: 0.195
[73,   250] loss: 0.213
[73,   260] loss: 0.204
[73,   270] loss: 0.188
[73,   280] loss: 0.199
[73,   290] loss: 0.192
[73,   300] loss: 0.171
[73,   310] loss: 0.205
[73,   320] loss: 0.186
[73,   330] loss: 0.264
[73,   340] loss: 0.177
[73,   350] loss: 0.178
[73,   360] loss: 0.184
[73,   370] loss: 0.165
[73,   380] loss: 0.166
[73,   390] loss: 0.193
[73,   400] loss: 0.204
VALIDATION loss: 0.5739889144897461
[74,    10] loss: 0.214
[74,    20] loss: 0.156
[74,    30] loss: 0.138
[74,    40] loss: 0.200
[74,    50] loss: 0.177
[74,    60] loss: 0.169
[74,    70] loss: 0.146
[74,    80] loss: 0.184
[74,    90] loss: 0.150
[74,   100] loss: 0.183
[74,   110] loss: 0.152
[74,   120] loss: 0.204
[74,   130] loss: 0.167
[74,   140] loss: 0.149
[74,   150] loss: 0.211
[74,   160] loss: 0.166
[74,   170] loss: 0.189
[74,   180] loss: 0.207
[74,   190] loss: 0.132
[74,   200] loss: 0.178
[74,   210] loss: 0.185
[74,   220] loss: 0.192
[74,   230] loss: 0.241
[74,   240] loss: 0.205
[74,   250] loss: 0.192
[74,   260] loss: 0.185
[74,   270] loss: 0.151
[74,   280] loss: 0.207
[74,   290] loss: 0.204
[74,   300] loss: 0.143
[74,   310] loss: 0.155
[74,   320] loss: 0.167
[74,   330] loss: 0.156
[74,   340] loss: 0.177
[74,   350] loss: 0.217
[74,   360] loss: 0.164
[74,   370] loss: 0.185
[74,   380] loss: 0.176
[74,   390] loss: 0.217
[74,   400] loss: 0.173
VALIDATION loss: 1.0977798700332642
[75,    10] loss: 0.181
[75,    20] loss: 0.154
[75,    30] loss: 0.176
[75,    40] loss: 0.214
[75,    50] loss: 0.248
[75,    60] loss: 0.173
[75,    70] loss: 0.166
[75,    80] loss: 0.207
[75,    90] loss: 0.126
[75,   100] loss: 0.195
[75,   110] loss: 0.232
[75,   120] loss: 0.179
[75,   130] loss: 0.148
[75,   140] loss: 0.122
[75,   150] loss: 0.151
[75,   160] loss: 0.175
[75,   170] loss: 0.172
[75,   180] loss: 0.198
[75,   190] loss: 0.141
[75,   200] loss: 0.172
[75,   210] loss: 0.161
[75,   220] loss: 0.171
[75,   230] loss: 0.180
[75,   240] loss: 0.167
[75,   250] loss: 0.188
[75,   260] loss: 0.170
[75,   270] loss: 0.157
[75,   280] loss: 0.182
[75,   290] loss: 0.168
[75,   300] loss: 0.187
[75,   310] loss: 0.155
[75,   320] loss: 0.224
[75,   330] loss: 0.150
[75,   340] loss: 0.168
[75,   350] loss: 0.161
[75,   360] loss: 0.143
[75,   370] loss: 0.172
[75,   380] loss: 0.179
[75,   390] loss: 0.174
[75,   400] loss: 0.175
VALIDATION loss: 0.19242657721042633
[76,    10] loss: 0.180
[76,    20] loss: 0.165
[76,    30] loss: 0.219
[76,    40] loss: 0.192
[76,    50] loss: 0.194
[76,    60] loss: 0.209
[76,    70] loss: 0.191
[76,    80] loss: 0.170
[76,    90] loss: 0.209
[76,   100] loss: 0.197
[76,   110] loss: 0.182
[76,   120] loss: 0.216
[76,   130] loss: 0.230
[76,   140] loss: 0.154
[76,   150] loss: 0.137
[76,   160] loss: 0.200
[76,   170] loss: 0.171
[76,   180] loss: 0.170
[76,   190] loss: 0.181
[76,   200] loss: 0.194
[76,   210] loss: 0.194
[76,   220] loss: 0.157
[76,   230] loss: 0.225
[76,   240] loss: 0.137
[76,   250] loss: 0.186
[76,   260] loss: 0.162
[76,   270] loss: 0.152
[76,   280] loss: 0.165
[76,   290] loss: 0.218
[76,   300] loss: 0.131
[76,   310] loss: 0.168
[76,   320] loss: 0.179
[76,   330] loss: 0.208
[76,   340] loss: 0.197
[76,   350] loss: 0.166
[76,   360] loss: 0.219
[76,   370] loss: 0.185
[76,   380] loss: 0.161
[76,   390] loss: 0.159
[76,   400] loss: 0.143
VALIDATION loss: 0.169983372092247
[77,    10] loss: 0.171
[77,    20] loss: 0.161
[77,    30] loss: 0.159
[77,    40] loss: 0.156
[77,    50] loss: 0.134
[77,    60] loss: 0.195
[77,    70] loss: 0.187
[77,    80] loss: 0.176
[77,    90] loss: 0.195
[77,   100] loss: 0.167
[77,   110] loss: 0.168
[77,   120] loss: 0.156
[77,   130] loss: 0.153
[77,   140] loss: 0.179
[77,   150] loss: 0.166
[77,   160] loss: 0.239
[77,   170] loss: 0.168
[77,   180] loss: 0.184
[77,   190] loss: 0.189
[77,   200] loss: 0.143
[77,   210] loss: 0.136
[77,   220] loss: 0.141
[77,   230] loss: 0.198
[77,   240] loss: 0.149
[77,   250] loss: 0.195
[77,   260] loss: 0.222
[77,   270] loss: 0.183
[77,   280] loss: 0.164
[77,   290] loss: 0.167
[77,   300] loss: 0.151
[77,   310] loss: 0.168
[77,   320] loss: 0.167
[77,   330] loss: 0.186
[77,   340] loss: 0.205
[77,   350] loss: 0.172
[77,   360] loss: 0.213
[77,   370] loss: 0.170
[77,   380] loss: 0.169
[77,   390] loss: 0.154
[77,   400] loss: 0.170
VALIDATION loss: 1.9830248355865479
[78,    10] loss: 0.160
[78,    20] loss: 0.224
[78,    30] loss: 0.163
[78,    40] loss: 0.138
[78,    50] loss: 0.199
[78,    60] loss: 0.173
[78,    70] loss: 0.149
[78,    80] loss: 0.171
[78,    90] loss: 0.142
[78,   100] loss: 0.200
[78,   110] loss: 0.192
[78,   120] loss: 0.158
[78,   130] loss: 0.163
[78,   140] loss: 0.181
[78,   150] loss: 0.145
[78,   160] loss: 0.159
[78,   170] loss: 0.200
[78,   180] loss: 0.184
[78,   190] loss: 0.187
[78,   200] loss: 0.188
[78,   210] loss: 0.204
[78,   220] loss: 0.169
[78,   230] loss: 0.154
[78,   240] loss: 0.186
[78,   250] loss: 0.183
[78,   260] loss: 0.135
[78,   270] loss: 0.170
[78,   280] loss: 0.159
[78,   290] loss: 0.176
[78,   300] loss: 0.187
[78,   310] loss: 0.178
[78,   320] loss: 0.175
[78,   330] loss: 0.152
[78,   340] loss: 0.155
[78,   350] loss: 0.183
[78,   360] loss: 0.129
[78,   370] loss: 0.181
[78,   380] loss: 0.207
[78,   390] loss: 0.193
[78,   400] loss: 0.174
VALIDATION loss: 0.2166227400302887
[79,    10] loss: 0.163
[79,    20] loss: 0.152
[79,    30] loss: 0.194
[79,    40] loss: 0.126
[79,    50] loss: 0.131
[79,    60] loss: 0.136
[79,    70] loss: 0.188
[79,    80] loss: 0.154
[79,    90] loss: 0.178
[79,   100] loss: 0.165
[79,   110] loss: 0.201
[79,   120] loss: 0.198
[79,   130] loss: 0.194
[79,   140] loss: 0.130
[79,   150] loss: 0.152
[79,   160] loss: 0.123
[79,   170] loss: 0.191
[79,   180] loss: 0.156
[79,   190] loss: 0.207
[79,   200] loss: 0.178
[79,   210] loss: 0.199
[79,   220] loss: 0.142
[79,   230] loss: 0.154
[79,   240] loss: 0.192
[79,   250] loss: 0.148
[79,   260] loss: 0.191
[79,   270] loss: 0.156
[79,   280] loss: 0.218
[79,   290] loss: 0.161
[79,   300] loss: 0.168
[79,   310] loss: 0.177
[79,   320] loss: 0.196
[79,   330] loss: 0.159
[79,   340] loss: 0.242
[79,   350] loss: 0.216
[79,   360] loss: 0.185
[79,   370] loss: 0.201
[79,   380] loss: 0.222
[79,   390] loss: 0.198
[79,   400] loss: 0.187
VALIDATION loss: 0.4298097789287567
[80,    10] loss: 0.258
[80,    20] loss: 0.173
[80,    30] loss: 0.164
[80,    40] loss: 0.158
[80,    50] loss: 0.189
[80,    60] loss: 0.165
[80,    70] loss: 0.149
[80,    80] loss: 0.147
[80,    90] loss: 0.163
[80,   100] loss: 0.156
[80,   110] loss: 0.212
[80,   120] loss: 0.153
[80,   130] loss: 0.190
[80,   140] loss: 0.179
[80,   150] loss: 0.154
[80,   160] loss: 0.220
[80,   170] loss: 0.178
[80,   180] loss: 0.210
[80,   190] loss: 0.134
[80,   200] loss: 0.177
[80,   210] loss: 0.179
[80,   220] loss: 0.178
[80,   230] loss: 0.168
[80,   240] loss: 0.189
[80,   250] loss: 0.130
[80,   260] loss: 0.152
[80,   270] loss: 0.168
[80,   280] loss: 0.118
[80,   290] loss: 0.126
[80,   300] loss: 0.179
[80,   310] loss: 0.198
[80,   320] loss: 0.169
[80,   330] loss: 0.163
[80,   340] loss: 0.161
[80,   350] loss: 0.166
[80,   360] loss: 0.151
[80,   370] loss: 0.157
[80,   380] loss: 0.164
[80,   390] loss: 0.192
[80,   400] loss: 0.192
VALIDATION loss: 0.17025373876094818
[81,    10] loss: 0.142
[81,    20] loss: 0.209
[81,    30] loss: 0.159
[81,    40] loss: 0.198
[81,    50] loss: 0.155
[81,    60] loss: 0.142
[81,    70] loss: 0.188
[81,    80] loss: 0.180
[81,    90] loss: 0.174
[81,   100] loss: 0.147
[81,   110] loss: 0.164
[81,   120] loss: 0.192
[81,   130] loss: 0.167
[81,   140] loss: 0.133
[81,   150] loss: 0.207
[81,   160] loss: 0.158
[81,   170] loss: 0.172
[81,   180] loss: 0.190
[81,   190] loss: 0.160
[81,   200] loss: 0.157
[81,   210] loss: 0.202
[81,   220] loss: 0.184
[81,   230] loss: 0.165
[81,   240] loss: 0.179
[81,   250] loss: 0.175
[81,   260] loss: 0.144
[81,   270] loss: 0.164
[81,   280] loss: 0.159
[81,   290] loss: 0.137
[81,   300] loss: 0.162
[81,   310] loss: 0.195
[81,   320] loss: 0.178
[81,   330] loss: 0.188
[81,   340] loss: 0.148
[81,   350] loss: 0.203
[81,   360] loss: 0.185
[81,   370] loss: 0.155
[81,   380] loss: 0.197
[81,   390] loss: 0.220
[81,   400] loss: 0.152
VALIDATION loss: 1.1216723918914795
[82,    10] loss: 0.210
[82,    20] loss: 0.168
[82,    30] loss: 0.147
[82,    40] loss: 0.176
[82,    50] loss: 0.173
[82,    60] loss: 0.240
[82,    70] loss: 0.151
[82,    80] loss: 0.191
[82,    90] loss: 0.180
[82,   100] loss: 0.154
[82,   110] loss: 0.136
[82,   120] loss: 0.160
[82,   130] loss: 0.214
[82,   140] loss: 0.169
[82,   150] loss: 0.180
[82,   160] loss: 0.167
[82,   170] loss: 0.215
[82,   180] loss: 0.197
[82,   190] loss: 0.178
[82,   200] loss: 0.178
[82,   210] loss: 0.180
[82,   220] loss: 0.156
[82,   230] loss: 0.165
[82,   240] loss: 0.170
[82,   250] loss: 0.160
[82,   260] loss: 0.151
[82,   270] loss: 0.139
[82,   280] loss: 0.197
[82,   290] loss: 0.197
[82,   300] loss: 0.242
[82,   310] loss: 0.173
[82,   320] loss: 0.190
[82,   330] loss: 0.199
[82,   340] loss: 0.155
[82,   350] loss: 0.146
[82,   360] loss: 0.209
[82,   370] loss: 0.204
[82,   380] loss: 0.189
[82,   390] loss: 0.152
[82,   400] loss: 0.223
VALIDATION loss: 0.27497628331184387
[83,    10] loss: 0.219
[83,    20] loss: 0.191
[83,    30] loss: 0.214
[83,    40] loss: 0.217
[83,    50] loss: 0.175
[83,    60] loss: 0.182
[83,    70] loss: 0.165
[83,    80] loss: 0.209
[83,    90] loss: 0.143
[83,   100] loss: 0.175
[83,   110] loss: 0.140
[83,   120] loss: 0.167
[83,   130] loss: 0.143
[83,   140] loss: 0.194
[83,   150] loss: 0.191
[83,   160] loss: 0.185
[83,   170] loss: 0.179
[83,   180] loss: 0.133
[83,   190] loss: 0.174
[83,   200] loss: 0.155
[83,   210] loss: 0.145
[83,   220] loss: 0.159
[83,   230] loss: 0.186
[83,   240] loss: 0.198
[83,   250] loss: 0.140
[83,   260] loss: 0.155
[83,   270] loss: 0.218
[83,   280] loss: 0.146
[83,   290] loss: 0.191
[83,   300] loss: 0.167
[83,   310] loss: 0.166
[83,   320] loss: 0.152
[83,   330] loss: 0.158
[83,   340] loss: 0.231
[83,   350] loss: 0.152
[83,   360] loss: 0.152
[83,   370] loss: 0.137
[83,   380] loss: 0.149
[83,   390] loss: 0.161
[83,   400] loss: 0.144
VALIDATION loss: 0.16105949878692627
[84,    10] loss: 0.210
[84,    20] loss: 0.182
[84,    30] loss: 0.206
[84,    40] loss: 0.180
[84,    50] loss: 0.172
[84,    60] loss: 0.126
[84,    70] loss: 0.153
[84,    80] loss: 0.150
[84,    90] loss: 0.152
[84,   100] loss: 0.133
[84,   110] loss: 0.193
[84,   120] loss: 0.152
[84,   130] loss: 0.158
[84,   140] loss: 0.209
[84,   150] loss: 0.136
[84,   160] loss: 0.188
[84,   170] loss: 0.177
[84,   180] loss: 0.174
[84,   190] loss: 0.191
[84,   200] loss: 0.179
[84,   210] loss: 0.159
[84,   220] loss: 0.204
[84,   230] loss: 0.158
[84,   240] loss: 0.161
[84,   250] loss: 0.181
[84,   260] loss: 0.176
[84,   270] loss: 0.170
[84,   280] loss: 0.187
[84,   290] loss: 0.150
[84,   300] loss: 0.162
[84,   310] loss: 0.172
[84,   320] loss: 0.186
[84,   330] loss: 0.118
[84,   340] loss: 0.148
[84,   350] loss: 0.141
[84,   360] loss: 0.206
[84,   370] loss: 0.171
[84,   380] loss: 0.157
[84,   390] loss: 0.176
[84,   400] loss: 0.177
VALIDATION loss: 0.18075913190841675
[85,    10] loss: 0.145
[85,    20] loss: 0.194
[85,    30] loss: 0.189
[85,    40] loss: 0.172
[85,    50] loss: 0.134
[85,    60] loss: 0.169
[85,    70] loss: 0.177
[85,    80] loss: 0.176
[85,    90] loss: 0.216
[85,   100] loss: 0.138
[85,   110] loss: 0.173
[85,   120] loss: 0.173
[85,   130] loss: 0.151
[85,   140] loss: 0.155
[85,   150] loss: 0.163
[85,   160] loss: 0.153
[85,   170] loss: 0.158
[85,   180] loss: 0.214
[85,   190] loss: 0.257
[85,   200] loss: 0.169
[85,   210] loss: 0.139
[85,   220] loss: 0.172
[85,   230] loss: 0.168
[85,   240] loss: 0.150
[85,   250] loss: 0.164
[85,   260] loss: 0.121
[85,   270] loss: 0.145
[85,   280] loss: 0.146
[85,   290] loss: 0.138
[85,   300] loss: 0.163
[85,   310] loss: 0.147
[85,   320] loss: 0.159
[85,   330] loss: 0.118
[85,   340] loss: 0.139
[85,   350] loss: 0.172
[85,   360] loss: 0.140
[85,   370] loss: 0.202
[85,   380] loss: 0.198
[85,   390] loss: 0.195
[85,   400] loss: 0.154
VALIDATION loss: 0.2006782591342926
[86,    10] loss: 0.149
[86,    20] loss: 0.152
[86,    30] loss: 0.148
[86,    40] loss: 0.189
[86,    50] loss: 0.182
[86,    60] loss: 0.160
[86,    70] loss: 0.188
[86,    80] loss: 0.154
[86,    90] loss: 0.178
[86,   100] loss: 0.161
[86,   110] loss: 0.185
[86,   120] loss: 0.171
[86,   130] loss: 0.217
[86,   140] loss: 0.154
[86,   150] loss: 0.160
[86,   160] loss: 0.153
[86,   170] loss: 0.154
[86,   180] loss: 0.178
[86,   190] loss: 0.148
[86,   200] loss: 0.134
[86,   210] loss: 0.115
[86,   220] loss: 0.188
[86,   230] loss: 0.190
[86,   240] loss: 0.200
[86,   250] loss: 0.122
[86,   260] loss: 0.165
[86,   270] loss: 0.173
[86,   280] loss: 0.108
[86,   290] loss: 0.167
[86,   300] loss: 0.189
[86,   310] loss: 0.176
[86,   320] loss: 0.197
[86,   330] loss: 0.133
[86,   340] loss: 0.173
[86,   350] loss: 0.191
[86,   360] loss: 0.199
[86,   370] loss: 0.147
[86,   380] loss: 0.237
[86,   390] loss: 0.194
[86,   400] loss: 0.154
VALIDATION loss: 0.6569032073020935
[87,    10] loss: 0.151
[87,    20] loss: 0.143
[87,    30] loss: 0.182
[87,    40] loss: 0.209
[87,    50] loss: 0.171
[87,    60] loss: 0.160
[87,    70] loss: 0.180
[87,    80] loss: 0.168
[87,    90] loss: 0.172
[87,   100] loss: 0.171
[87,   110] loss: 0.140
[87,   120] loss: 0.097
[87,   130] loss: 0.172
[87,   140] loss: 0.124
[87,   150] loss: 0.190
[87,   160] loss: 0.137
[87,   170] loss: 0.136
[87,   180] loss: 0.161
[87,   190] loss: 0.135
[87,   200] loss: 0.172
[87,   210] loss: 0.178
[87,   220] loss: 0.195
[87,   230] loss: 0.140
[87,   240] loss: 0.160
[87,   250] loss: 0.238
[87,   260] loss: 0.177
[87,   270] loss: 0.129
[87,   280] loss: 0.141
[87,   290] loss: 0.156
[87,   300] loss: 0.195
[87,   310] loss: 0.128
[87,   320] loss: 0.152
[87,   330] loss: 0.134
[87,   340] loss: 0.168
[87,   350] loss: 0.241
[87,   360] loss: 0.149
[87,   370] loss: 0.139
[87,   380] loss: 0.183
[87,   390] loss: 0.150
[87,   400] loss: 0.152
VALIDATION loss: 0.17114923894405365
[88,    10] loss: 0.174
[88,    20] loss: 0.163
[88,    30] loss: 0.140
[88,    40] loss: 0.154
[88,    50] loss: 0.155
[88,    60] loss: 0.134
[88,    70] loss: 0.137
[88,    80] loss: 0.155
[88,    90] loss: 0.149
[88,   100] loss: 0.122
[88,   110] loss: 0.185
[88,   120] loss: 0.174
[88,   130] loss: 0.163
[88,   140] loss: 0.157
[88,   150] loss: 0.187
[88,   160] loss: 0.179
[88,   170] loss: 0.164
[88,   180] loss: 0.142
[88,   190] loss: 0.150
[88,   200] loss: 0.199
[88,   210] loss: 0.165
[88,   220] loss: 0.158
[88,   230] loss: 0.163
[88,   240] loss: 0.155
[88,   250] loss: 0.178
[88,   260] loss: 0.213
[88,   270] loss: 0.175
[88,   280] loss: 0.176
[88,   290] loss: 0.172
[88,   300] loss: 0.175
[88,   310] loss: 0.122
[88,   320] loss: 0.167
[88,   330] loss: 0.103
[88,   340] loss: 0.171
[88,   350] loss: 0.157
[88,   360] loss: 0.167
[88,   370] loss: 0.200
[88,   380] loss: 0.142
[88,   390] loss: 0.145
[88,   400] loss: 0.196
VALIDATION loss: 0.19260230660438538
[89,    10] loss: 0.189
[89,    20] loss: 0.153
[89,    30] loss: 0.165
[89,    40] loss: 0.115
[89,    50] loss: 0.131
[89,    60] loss: 0.152
[89,    70] loss: 0.176
[89,    80] loss: 0.174
[89,    90] loss: 0.137
[89,   100] loss: 0.171
[89,   110] loss: 0.145
[89,   120] loss: 0.165
[89,   130] loss: 0.168
[89,   140] loss: 0.127
[89,   150] loss: 0.152
[89,   160] loss: 0.178
[89,   170] loss: 0.205
[89,   180] loss: 0.153
[89,   190] loss: 0.169
[89,   200] loss: 0.176
[89,   210] loss: 0.177
[89,   220] loss: 0.181
[89,   230] loss: 0.169
[89,   240] loss: 0.159
[89,   250] loss: 0.175
[89,   260] loss: 0.186
[89,   270] loss: 0.155
[89,   280] loss: 0.132
[89,   290] loss: 0.147
[89,   300] loss: 0.159
[89,   310] loss: 0.172
[89,   320] loss: 0.127
[89,   330] loss: 0.134
[89,   340] loss: 0.179
[89,   350] loss: 0.131
[89,   360] loss: 0.164
[89,   370] loss: 0.158
[89,   380] loss: 0.151
[89,   390] loss: 0.141
[89,   400] loss: 0.200
VALIDATION loss: 0.15379591286182404
[90,    10] loss: 0.144
[90,    20] loss: 0.127
[90,    30] loss: 0.149
[90,    40] loss: 0.154
[90,    50] loss: 0.148
[90,    60] loss: 0.156
[90,    70] loss: 0.159
[90,    80] loss: 0.168
[90,    90] loss: 0.143
[90,   100] loss: 0.176
[90,   110] loss: 0.164
[90,   120] loss: 0.161
[90,   130] loss: 0.168
[90,   140] loss: 0.169
[90,   150] loss: 0.173
[90,   160] loss: 0.130
[90,   170] loss: 0.153
[90,   180] loss: 0.178
[90,   190] loss: 0.168
[90,   200] loss: 0.169
[90,   210] loss: 0.166
[90,   220] loss: 0.143
[90,   230] loss: 0.156
[90,   240] loss: 0.153
[90,   250] loss: 0.173
[90,   260] loss: 0.136
[90,   270] loss: 0.190
[90,   280] loss: 0.157
[90,   290] loss: 0.129
[90,   300] loss: 0.157
[90,   310] loss: 0.125
[90,   320] loss: 0.176
[90,   330] loss: 0.145
[90,   340] loss: 0.199
[90,   350] loss: 0.165
[90,   360] loss: 0.172
[90,   370] loss: 0.150
[90,   380] loss: 0.151
[90,   390] loss: 0.173
[90,   400] loss: 0.186
VALIDATION loss: 0.23724056780338287
[91,    10] loss: 0.145
[91,    20] loss: 0.133
[91,    30] loss: 0.141
[91,    40] loss: 0.127
[91,    50] loss: 0.115
[91,    60] loss: 0.154
[91,    70] loss: 0.161
[91,    80] loss: 0.152
[91,    90] loss: 0.134
[91,   100] loss: 0.166
[91,   110] loss: 0.146
[91,   120] loss: 0.137
[91,   130] loss: 0.137
[91,   140] loss: 0.166
[91,   150] loss: 0.143
[91,   160] loss: 0.188
[91,   170] loss: 0.173
[91,   180] loss: 0.184
[91,   190] loss: 0.202
[91,   200] loss: 0.117
[91,   210] loss: 0.137
[91,   220] loss: 0.172
[91,   230] loss: 0.133
[91,   240] loss: 0.156
[91,   250] loss: 0.170
[91,   260] loss: 0.175
[91,   270] loss: 0.167
[91,   280] loss: 0.179
[91,   290] loss: 0.185
[91,   300] loss: 0.195
[91,   310] loss: 0.156
[91,   320] loss: 0.177
[91,   330] loss: 0.133
[91,   340] loss: 0.206
[91,   350] loss: 0.154
[91,   360] loss: 0.142
[91,   370] loss: 0.144
[91,   380] loss: 0.157
[91,   390] loss: 0.158
[91,   400] loss: 0.165
VALIDATION loss: 0.9908541440963745
[92,    10] loss: 0.189
[92,    20] loss: 0.157
[92,    30] loss: 0.165
[92,    40] loss: 0.137
[92,    50] loss: 0.180
[92,    60] loss: 0.176
[92,    70] loss: 0.141
[92,    80] loss: 0.162
[92,    90] loss: 0.158
[92,   100] loss: 0.198
[92,   110] loss: 0.150
[92,   120] loss: 0.139
[92,   130] loss: 0.153
[92,   140] loss: 0.120
[92,   150] loss: 0.155
[92,   160] loss: 0.156
[92,   170] loss: 0.160
[92,   180] loss: 0.090
[92,   190] loss: 0.195
[92,   200] loss: 0.152
[92,   210] loss: 0.173
[92,   220] loss: 0.160
[92,   230] loss: 0.118
[92,   240] loss: 0.198
[92,   250] loss: 0.154
[92,   260] loss: 0.092
[92,   270] loss: 0.167
[92,   280] loss: 0.169
[92,   290] loss: 0.176
[92,   300] loss: 0.169
[92,   310] loss: 0.134
[92,   320] loss: 0.153
[92,   330] loss: 0.148
[92,   340] loss: 0.147
[92,   350] loss: 0.157
[92,   360] loss: 0.167
[92,   370] loss: 0.191
[92,   380] loss: 0.173
[92,   390] loss: 0.186
[92,   400] loss: 0.142
VALIDATION loss: 0.16525673866271973
[93,    10] loss: 0.166
[93,    20] loss: 0.152
[93,    30] loss: 0.144
[93,    40] loss: 0.118
[93,    50] loss: 0.151
[93,    60] loss: 0.161
[93,    70] loss: 0.143
[93,    80] loss: 0.164
[93,    90] loss: 0.102
[93,   100] loss: 0.152
[93,   110] loss: 0.179
[93,   120] loss: 0.197
[93,   130] loss: 0.168
[93,   140] loss: 0.156
[93,   150] loss: 0.142
[93,   160] loss: 0.144
[93,   170] loss: 0.130
[93,   180] loss: 0.129
[93,   190] loss: 0.215
[93,   200] loss: 0.166
[93,   210] loss: 0.167
[93,   220] loss: 0.165
[93,   230] loss: 0.153
[93,   240] loss: 0.171
[93,   250] loss: 0.167
[93,   260] loss: 0.166
[93,   270] loss: 0.181
[93,   280] loss: 0.169
[93,   290] loss: 0.133
[93,   300] loss: 0.176
[93,   310] loss: 0.199
[93,   320] loss: 0.196
[93,   330] loss: 0.137
[93,   340] loss: 0.203
[93,   350] loss: 0.149
[93,   360] loss: 0.158
[93,   370] loss: 0.163
[93,   380] loss: 0.189
[93,   390] loss: 0.171
[93,   400] loss: 0.182
VALIDATION loss: 0.2626802325248718
[94,    10] loss: 0.167
[94,    20] loss: 0.165
[94,    30] loss: 0.137
[94,    40] loss: 0.245
[94,    50] loss: 0.142
[94,    60] loss: 0.135
[94,    70] loss: 0.198
[94,    80] loss: 0.168
[94,    90] loss: 0.170
[94,   100] loss: 0.159
[94,   110] loss: 0.173
[94,   120] loss: 0.172
[94,   130] loss: 0.151
[94,   140] loss: 0.171
[94,   150] loss: 0.135
[94,   160] loss: 0.191
[94,   170] loss: 0.172
[94,   180] loss: 0.164
[94,   190] loss: 0.143
[94,   200] loss: 0.135
[94,   210] loss: 0.170
[94,   220] loss: 0.175
[94,   230] loss: 0.189
[94,   240] loss: 0.154
[94,   250] loss: 0.131
[94,   260] loss: 0.136
[94,   270] loss: 0.166
[94,   280] loss: 0.169
[94,   290] loss: 0.128
[94,   300] loss: 0.179
[94,   310] loss: 0.145
[94,   320] loss: 0.182
[94,   330] loss: 0.140
[94,   340] loss: 0.109
[94,   350] loss: 0.122
[94,   360] loss: 0.162
[94,   370] loss: 0.120
[94,   380] loss: 0.191
[94,   390] loss: 0.148
[94,   400] loss: 0.131
VALIDATION loss: 0.2352236956357956
[95,    10] loss: 0.158
[95,    20] loss: 0.156
[95,    30] loss: 0.236
[95,    40] loss: 0.162
[95,    50] loss: 0.206
[95,    60] loss: 0.131
[95,    70] loss: 0.155
[95,    80] loss: 0.173
[95,    90] loss: 0.206
[95,   100] loss: 0.162
[95,   110] loss: 0.156
[95,   120] loss: 0.125
[95,   130] loss: 0.125
[95,   140] loss: 0.150
[95,   150] loss: 0.148
[95,   160] loss: 0.140
[95,   170] loss: 0.158
[95,   180] loss: 0.178
[95,   190] loss: 0.135
[95,   200] loss: 0.151
[95,   210] loss: 0.182
[95,   220] loss: 0.205
[95,   230] loss: 0.158
[95,   240] loss: 0.161
[95,   250] loss: 0.160
[95,   260] loss: 0.161
[95,   270] loss: 0.155
[95,   280] loss: 0.177
[95,   290] loss: 0.191
[95,   300] loss: 0.191
[95,   310] loss: 0.151
[95,   320] loss: 0.124
[95,   330] loss: 0.127
[95,   340] loss: 0.155
[95,   350] loss: 0.144
[95,   360] loss: 0.134
[95,   370] loss: 0.144
[95,   380] loss: 0.149
[95,   390] loss: 0.160
[95,   400] loss: 0.140
VALIDATION loss: 0.3318648040294647
[96,    10] loss: 0.121
[96,    20] loss: 0.167
[96,    30] loss: 0.130
[96,    40] loss: 0.198
[96,    50] loss: 0.190
[96,    60] loss: 0.194
[96,    70] loss: 0.200
[96,    80] loss: 0.154
[96,    90] loss: 0.132
[96,   100] loss: 0.175
[96,   110] loss: 0.164
[96,   120] loss: 0.121
[96,   130] loss: 0.118
[96,   140] loss: 0.130
[96,   150] loss: 0.172
[96,   160] loss: 0.114
[96,   170] loss: 0.162
[96,   180] loss: 0.144
[96,   190] loss: 0.151
[96,   200] loss: 0.159
[96,   210] loss: 0.137
[96,   220] loss: 0.140
[96,   230] loss: 0.188
[96,   240] loss: 0.188
[96,   250] loss: 0.149
[96,   260] loss: 0.170
[96,   270] loss: 0.174
[96,   280] loss: 0.143
[96,   290] loss: 0.151
[96,   300] loss: 0.186
[96,   310] loss: 0.171
[96,   320] loss: 0.177
[96,   330] loss: 0.141
[96,   340] loss: 0.138
[96,   350] loss: 0.128
[96,   360] loss: 0.168
[96,   370] loss: 0.180
[96,   380] loss: 0.137
[96,   390] loss: 0.151
[96,   400] loss: 0.177
VALIDATION loss: 0.20202034711837769
[97,    10] loss: 0.145
[97,    20] loss: 0.205
[97,    30] loss: 0.176
[97,    40] loss: 0.129
[97,    50] loss: 0.143
[97,    60] loss: 0.136
[97,    70] loss: 0.182
[97,    80] loss: 0.150
[97,    90] loss: 0.148
[97,   100] loss: 0.215
[97,   110] loss: 0.126
[97,   120] loss: 0.168
[97,   130] loss: 0.132
[97,   140] loss: 0.140
[97,   150] loss: 0.125
[97,   160] loss: 0.179
[97,   170] loss: 0.149
[97,   180] loss: 0.133
[97,   190] loss: 0.098
[97,   200] loss: 0.163
[97,   210] loss: 0.135
[97,   220] loss: 0.170
[97,   230] loss: 0.113
[97,   240] loss: 0.142
[97,   250] loss: 0.170
[97,   260] loss: 0.182
[97,   270] loss: 0.167
[97,   280] loss: 0.159
[97,   290] loss: 0.119
[97,   300] loss: 0.169
[97,   310] loss: 0.188
[97,   320] loss: 0.177
[97,   330] loss: 0.166
[97,   340] loss: 0.136
[97,   350] loss: 0.141
[97,   360] loss: 0.155
[97,   370] loss: 0.173
[97,   380] loss: 0.172
[97,   390] loss: 0.111
[97,   400] loss: 0.176
VALIDATION loss: 0.16955870389938354
[98,    10] loss: 0.157
[98,    20] loss: 0.183
[98,    30] loss: 0.177
[98,    40] loss: 0.181
[98,    50] loss: 0.149
[98,    60] loss: 0.128
[98,    70] loss: 0.180
[98,    80] loss: 0.160
[98,    90] loss: 0.124
[98,   100] loss: 0.135
[98,   110] loss: 0.103
[98,   120] loss: 0.185
[98,   130] loss: 0.193
[98,   140] loss: 0.169
[98,   150] loss: 0.118
[98,   160] loss: 0.196
[98,   170] loss: 0.170
[98,   180] loss: 0.177
[98,   190] loss: 0.169
[98,   200] loss: 0.194
[98,   210] loss: 0.141
[98,   220] loss: 0.135
[98,   230] loss: 0.165
[98,   240] loss: 0.139
[98,   250] loss: 0.205
[98,   260] loss: 0.169
[98,   270] loss: 0.131
[98,   280] loss: 0.126
[98,   290] loss: 0.121
[98,   300] loss: 0.143
[98,   310] loss: 0.147
[98,   320] loss: 0.109
[98,   330] loss: 0.164
[98,   340] loss: 0.164
[98,   350] loss: 0.172
[98,   360] loss: 0.209
[98,   370] loss: 0.132
[98,   380] loss: 0.169
[98,   390] loss: 0.158
[98,   400] loss: 0.134
VALIDATION loss: 0.2553085684776306
[99,    10] loss: 0.199
[99,    20] loss: 0.194
[99,    30] loss: 0.149
[99,    40] loss: 0.164
[99,    50] loss: 0.168
[99,    60] loss: 0.096
[99,    70] loss: 0.159
[99,    80] loss: 0.134
[99,    90] loss: 0.151
[99,   100] loss: 0.140
[99,   110] loss: 0.162
[99,   120] loss: 0.166
[99,   130] loss: 0.129
[99,   140] loss: 0.155
[99,   150] loss: 0.180
[99,   160] loss: 0.123
[99,   170] loss: 0.164
[99,   180] loss: 0.157
[99,   190] loss: 0.199
[99,   200] loss: 0.149
[99,   210] loss: 0.138
[99,   220] loss: 0.140
[99,   230] loss: 0.197
[99,   240] loss: 0.200
[99,   250] loss: 0.146
[99,   260] loss: 0.141
[99,   270] loss: 0.163
[99,   280] loss: 0.142
[99,   290] loss: 0.144
[99,   300] loss: 0.204
[99,   310] loss: 0.149
[99,   320] loss: 0.131
[99,   330] loss: 0.158
[99,   340] loss: 0.173
[99,   350] loss: 0.161
[99,   360] loss: 0.127
[99,   370] loss: 0.177
[99,   380] loss: 0.188
[99,   390] loss: 0.155
[99,   400] loss: 0.122
VALIDATION loss: 0.16897660493850708
[100,    10] loss: 0.129
[100,    20] loss: 0.108
[100,    30] loss: 0.153
[100,    40] loss: 0.156
[100,    50] loss: 0.133
[100,    60] loss: 0.137
[100,    70] loss: 0.185
[100,    80] loss: 0.163
[100,    90] loss: 0.119
[100,   100] loss: 0.136
[100,   110] loss: 0.158
[100,   120] loss: 0.188
[100,   130] loss: 0.171
[100,   140] loss: 0.178
[100,   150] loss: 0.152
[100,   160] loss: 0.131
[100,   170] loss: 0.141
[100,   180] loss: 0.137
[100,   190] loss: 0.131
[100,   200] loss: 0.194
[100,   210] loss: 0.158
[100,   220] loss: 0.169
[100,   230] loss: 0.151
[100,   240] loss: 0.191
[100,   250] loss: 0.197
[100,   260] loss: 0.173
[100,   270] loss: 0.184
[100,   280] loss: 0.124
[100,   290] loss: 0.146
[100,   300] loss: 0.163
[100,   310] loss: 0.113
[100,   320] loss: 0.138
[100,   330] loss: 0.157
[100,   340] loss: 0.111
[100,   350] loss: 0.137
[100,   360] loss: 0.137
[100,   370] loss: 0.156
[100,   380] loss: 0.133
[100,   390] loss: 0.134
[100,   400] loss: 0.159
VALIDATION loss: 0.15656933188438416
Finished !!
Accuracy of the network: 92.15 %
