Collecting dill==0.3.4 (from -r requirements.txt (line 1))
  Using cached https://files.pythonhosted.org/packages/b6/c3/973676ceb86b60835bb3978c6db67a5dc06be6cfdbd14ef0f5a13e3fc9fd/dill-0.3.4-py2.py3-none-any.whl
Requirement already satisfied: laplace==0.1 in /zhome/45/c/128687/.local/lib/python3.6/site-packages (from -r requirements.txt (line 2))
Collecting matplotlib==3.4.0 (from -r requirements.txt (line 3))
Small: 0
Transform: 1
MaxPool: 1
Running GPU.
[1,    10] loss: 1.914
[1,    20] loss: 1.779
[1,    30] loss: 1.718
[1,    40] loss: 1.637
[1,    50] loss: 1.618
[1,    60] loss: 1.576
[1,    70] loss: 1.595
[1,    80] loss: 1.530
[1,    90] loss: 1.519
[1,   100] loss: 1.492
[1,   110] loss: 1.526
[1,   120] loss: 1.517
[1,   130] loss: 1.417
[1,   140] loss: 1.482
[1,   150] loss: 1.451
[1,   160] loss: 1.434
[1,   170] loss: 1.470
[1,   180] loss: 1.418
[1,   190] loss: 1.416
[1,   200] loss: 1.425
[1,   210] loss: 1.386
[1,   220] loss: 1.377
[1,   230] loss: 1.378
[1,   240] loss: 1.373
[1,   250] loss: 1.342
[1,   260] loss: 1.290
[1,   270] loss: 1.337
[1,   280] loss: 1.277
[1,   290] loss: 1.364
[1,   300] loss: 1.329
[1,   310] loss: 1.337
[1,   320] loss: 1.391
[1,   330] loss: 1.357
[1,   340] loss: 1.343
[1,   350] loss: 1.291
[1,   360] loss: 1.333
[1,   370] loss: 1.261
[1,   380] loss: 1.316
[1,   390] loss: 1.250
[1,   400] loss: 1.344
VALIDATION loss: 1.4290001392364502
[2,    10] loss: 1.219
[2,    20] loss: 1.228
[2,    30] loss: 1.261
[2,    40] loss: 1.233
[2,    50] loss: 1.250
[2,    60] loss: 1.224
[2,    70] loss: 1.389
[2,    80] loss: 1.296
[2,    90] loss: 1.317
[2,   100] loss: 1.194
[2,   110] loss: 1.254
[2,   120] loss: 1.163
[2,   130] loss: 1.218
[2,   140] loss: 1.212
[2,   150] loss: 1.216
[2,   160] loss: 1.223
[2,   170] loss: 1.277
[2,   180] loss: 1.224
[2,   190] loss: 1.268
[2,   200] loss: 1.284
[2,   210] loss: 1.300
[2,   220] loss: 1.169
[2,   230] loss: 1.308
[2,   240] loss: 1.200
[2,   250] loss: 1.195
[2,   260] loss: 1.145
[2,   270] loss: 1.157
[2,   280] loss: 1.183
[2,   290] loss: 1.154
[2,   300] loss: 1.120
[2,   310] loss: 1.191
[2,   320] loss: 1.079
[2,   330] loss: 1.187
[2,   340] loss: 1.135
[2,   350] loss: 1.177
[2,   360] loss: 1.191
[2,   370] loss: 1.166
[2,   380] loss: 1.152
[2,   390] loss: 1.079
[2,   400] loss: 1.131
VALIDATION loss: 1.9420067071914673
[3,    10] loss: 1.197
[3,    20] loss: 1.113
[3,    30] loss: 1.054
[3,    40] loss: 1.079
[3,    50] loss: 1.143
[3,    60] loss: 1.137
[3,    70] loss: 1.205
[3,    80] loss: 1.043
[3,    90] loss: 1.091
[3,   100] loss: 1.130
[3,   110] loss: 1.159
[3,   120] loss: 1.134
[3,   130] loss: 1.132
[3,   140] loss: 1.053
[3,   150] loss: 1.054
[3,   160] loss: 1.052
[3,   170] loss: 1.108
[3,   180] loss: 1.134
[3,   190] loss: 1.103
[3,   200] loss: 1.035
[3,   210] loss: 1.093
[3,   220] loss: 1.131
[3,   230] loss: 1.006
[3,   240] loss: 1.042
[3,   250] loss: 1.090
[3,   260] loss: 1.033
[3,   270] loss: 0.991
[3,   280] loss: 0.998
[3,   290] loss: 1.028
[3,   300] loss: 1.092
[3,   310] loss: 1.032
[3,   320] loss: 1.075
[3,   330] loss: 1.071
[3,   340] loss: 0.937
[3,   350] loss: 1.057
[3,   360] loss: 0.963
[3,   370] loss: 0.984
[3,   380] loss: 0.841
[3,   390] loss: 0.935
[3,   400] loss: 1.002
VALIDATION loss: 3.672386646270752
[4,    10] loss: 1.077
[4,    20] loss: 1.047
[4,    30] loss: 0.995
[4,    40] loss: 1.031
[4,    50] loss: 0.972
[4,    60] loss: 0.964
[4,    70] loss: 0.958
[4,    80] loss: 0.849
[4,    90] loss: 0.883
[4,   100] loss: 0.881
[4,   110] loss: 0.995
[4,   120] loss: 0.932
[4,   130] loss: 1.013
[4,   140] loss: 1.064
[4,   150] loss: 0.888
[4,   160] loss: 0.926
[4,   170] loss: 1.030
[4,   180] loss: 1.150
[4,   190] loss: 1.017
[4,   200] loss: 1.030
[4,   210] loss: 0.994
[4,   220] loss: 0.973
[4,   230] loss: 0.941
[4,   240] loss: 0.891
[4,   250] loss: 0.858
[4,   260] loss: 0.856
[4,   270] loss: 0.960
[4,   280] loss: 0.906
[4,   290] loss: 1.023
[4,   300] loss: 0.926
[4,   310] loss: 0.958
[4,   320] loss: 1.024
[4,   330] loss: 0.912
[4,   340] loss: 0.939
[4,   350] loss: 0.990
[4,   360] loss: 0.875
[4,   370] loss: 0.968
[4,   380] loss: 0.938
[4,   390] loss: 0.915
[4,   400] loss: 0.851
VALIDATION loss: 1.443224549293518
[5,    10] loss: 0.900
[5,    20] loss: 0.830
[5,    30] loss: 0.907
[5,    40] loss: 0.862
[5,    50] loss: 0.933
[5,    60] loss: 0.916
[5,    70] loss: 0.933
[5,    80] loss: 0.882
[5,    90] loss: 0.805
[5,   100] loss: 0.875
[5,   110] loss: 0.963
[5,   120] loss: 0.949
[5,   130] loss: 0.897
[5,   140] loss: 0.894
[5,   150] loss: 0.922
[5,   160] loss: 0.882
[5,   170] loss: 0.834
[5,   180] loss: 0.897
[5,   190] loss: 0.878
[5,   200] loss: 0.932
[5,   210] loss: 0.844
[5,   220] loss: 0.833
[5,   230] loss: 0.896
[5,   240] loss: 0.972
[5,   250] loss: 0.848
[5,   260] loss: 0.825
[5,   270] loss: 0.755
[5,   280] loss: 0.846
[5,   290] loss: 0.851
[5,   300] loss: 0.961
[5,   310] loss: 0.882
[5,   320] loss: 0.814
[5,   330] loss: 0.798
[5,   340] loss: 0.786
[5,   350] loss: 0.865
[5,   360] loss: 0.800
[5,   370] loss: 0.796
[5,   380] loss: 0.973
[5,   390] loss: 0.871
[5,   400] loss: 0.794
VALIDATION loss: 1.2814922332763672
[6,    10] loss: 0.805
[6,    20] loss: 0.797
[6,    30] loss: 0.815
[6,    40] loss: 0.775
[6,    50] loss: 0.831
[6,    60] loss: 0.773
[6,    70] loss: 0.753
[6,    80] loss: 0.813
[6,    90] loss: 0.838
[6,   100] loss: 0.884
[6,   110] loss: 0.711
[6,   120] loss: 0.888
[6,   130] loss: 0.746
[6,   140] loss: 0.729
[6,   150] loss: 0.722
[6,   160] loss: 0.878
[6,   170] loss: 0.805
[6,   180] loss: 0.755
[6,   190] loss: 0.724
[6,   200] loss: 0.790
[6,   210] loss: 0.872
[6,   220] loss: 0.817
[6,   230] loss: 0.837
[6,   240] loss: 0.798
[6,   250] loss: 0.819
[6,   260] loss: 0.795
[6,   270] loss: 0.809
[6,   280] loss: 0.812
[6,   290] loss: 0.825
[6,   300] loss: 0.782
[6,   310] loss: 0.726
[6,   320] loss: 0.749
[6,   330] loss: 0.800
[6,   340] loss: 0.756
[6,   350] loss: 0.715
[6,   360] loss: 0.734
[6,   370] loss: 0.744
[6,   380] loss: 0.833
[6,   390] loss: 0.735
[6,   400] loss: 0.721
VALIDATION loss: 1.4703550338745117
[7,    10] loss: 0.676
[7,    20] loss: 0.703
[7,    30] loss: 0.707
[7,    40] loss: 0.672
[7,    50] loss: 0.767
[7,    60] loss: 0.758
[7,    70] loss: 0.706
[7,    80] loss: 0.797
[7,    90] loss: 0.711
[7,   100] loss: 0.724
[7,   110] loss: 0.732
[7,   120] loss: 0.606
[7,   130] loss: 0.712
[7,   140] loss: 0.773
[7,   150] loss: 0.726
[7,   160] loss: 0.753
[7,   170] loss: 0.775
[7,   180] loss: 0.679
[7,   190] loss: 0.723
[7,   200] loss: 0.657
[7,   210] loss: 0.690
[7,   220] loss: 0.722
[7,   230] loss: 0.713
[7,   240] loss: 0.687
[7,   250] loss: 0.655
[7,   260] loss: 0.811
[7,   270] loss: 0.779
[7,   280] loss: 0.812
[7,   290] loss: 0.661
[7,   300] loss: 0.626
[7,   310] loss: 0.683
[7,   320] loss: 0.749
[7,   330] loss: 0.655
[7,   340] loss: 0.723
[7,   350] loss: 0.696
[7,   360] loss: 0.712
[7,   370] loss: 0.749
[7,   380] loss: 0.707
[7,   390] loss: 0.711
[7,   400] loss: 0.687
VALIDATION loss: 0.6461049318313599
[8,    10] loss: 0.741
[8,    20] loss: 0.708
[8,    30] loss: 0.692
[8,    40] loss: 0.761
[8,    50] loss: 0.738
[8,    60] loss: 0.639
[8,    70] loss: 0.667
[8,    80] loss: 0.599
[8,    90] loss: 0.648
[8,   100] loss: 0.712
[8,   110] loss: 0.723
[8,   120] loss: 0.724
[8,   130] loss: 0.671
[8,   140] loss: 0.732
[8,   150] loss: 0.653
[8,   160] loss: 0.724
[8,   170] loss: 0.623
[8,   180] loss: 0.686
[8,   190] loss: 0.722
[8,   200] loss: 0.705
[8,   210] loss: 0.574
[8,   220] loss: 0.698
[8,   230] loss: 0.650
[8,   240] loss: 0.694
[8,   250] loss: 0.750
[8,   260] loss: 0.638
[8,   270] loss: 0.610
[8,   280] loss: 0.724
[8,   290] loss: 0.630
[8,   300] loss: 0.605
[8,   310] loss: 0.693
[8,   320] loss: 0.665
[8,   330] loss: 0.667
[8,   340] loss: 0.662
[8,   350] loss: 0.677
[8,   360] loss: 0.734
[8,   370] loss: 0.707
[8,   380] loss: 0.705
[8,   390] loss: 0.596
[8,   400] loss: 0.642
VALIDATION loss: 0.846317708492279
[9,    10] loss: 0.634
[9,    20] loss: 0.688
[9,    30] loss: 0.653
[9,    40] loss: 0.665
[9,    50] loss: 0.640
[9,    60] loss: 0.603
[9,    70] loss: 0.733
[9,    80] loss: 0.641
[9,    90] loss: 0.624
[9,   100] loss: 0.675
[9,   110] loss: 0.551
[9,   120] loss: 0.609
[9,   130] loss: 0.654
[9,   140] loss: 0.717
[9,   150] loss: 0.666
[9,   160] loss: 0.716
[9,   170] loss: 0.649
[9,   180] loss: 0.603
[9,   190] loss: 0.749
[9,   200] loss: 0.601
[9,   210] loss: 0.662
[9,   220] loss: 0.638
[9,   230] loss: 0.708
[9,   240] loss: 0.623
[9,   250] loss: 0.572
[9,   260] loss: 0.580
[9,   270] loss: 0.607
[9,   280] loss: 0.651
[9,   290] loss: 0.609
[9,   300] loss: 0.656
[9,   310] loss: 0.624
[9,   320] loss: 0.675
[9,   330] loss: 0.651
[9,   340] loss: 0.592
[9,   350] loss: 0.607
[9,   360] loss: 0.644
[9,   370] loss: 0.667
[9,   380] loss: 0.660
[9,   390] loss: 0.632
[9,   400] loss: 0.661
VALIDATION loss: 0.8106339573860168
[10,    10] loss: 0.750
[10,    20] loss: 0.603
[10,    30] loss: 0.692
[10,    40] loss: 0.594
[10,    50] loss: 0.694
[10,    60] loss: 0.624
[10,    70] loss: 0.581
[10,    80] loss: 0.519
[10,    90] loss: 0.687
[10,   100] loss: 0.545
[10,   110] loss: 0.548
[10,   120] loss: 0.565
[10,   130] loss: 0.614
[10,   140] loss: 0.609
[10,   150] loss: 0.628
[10,   160] loss: 0.597
[10,   170] loss: 0.492
[10,   180] loss: 0.611
[10,   190] loss: 0.478
[10,   200] loss: 0.604
[10,   210] loss: 0.586
[10,   220] loss: 0.710
[10,   230] loss: 0.665
[10,   240] loss: 0.703
[10,   250] loss: 0.730
[10,   260] loss: 0.588
[10,   270] loss: 0.578
[10,   280] loss: 0.550
[10,   290] loss: 0.583
[10,   300] loss: 0.611
[10,   310] loss: 0.589
[10,   320] loss: 0.631
[10,   330] loss: 0.634
[10,   340] loss: 0.686
[10,   350] loss: 0.601
[10,   360] loss: 0.572
[10,   370] loss: 0.596
[10,   380] loss: 0.724
[10,   390] loss: 0.535
[10,   400] loss: 0.674
VALIDATION loss: 0.7303475737571716
[11,    10] loss: 0.644
[11,    20] loss: 0.528
[11,    30] loss: 0.570
[11,    40] loss: 0.559
[11,    50] loss: 0.622
[11,    60] loss: 0.561
[11,    70] loss: 0.598
[11,    80] loss: 0.608
[11,    90] loss: 0.558
[11,   100] loss: 0.546
[11,   110] loss: 0.548
[11,   120] loss: 0.627
[11,   130] loss: 0.564
[11,   140] loss: 0.605
[11,   150] loss: 0.634
[11,   160] loss: 0.584
[11,   170] loss: 0.590
[11,   180] loss: 0.596
[11,   190] loss: 0.534
[11,   200] loss: 0.572
[11,   210] loss: 0.627
[11,   220] loss: 0.520
[11,   230] loss: 0.566
[11,   240] loss: 0.622
[11,   250] loss: 0.590
[11,   260] loss: 0.567
[11,   270] loss: 0.602
[11,   280] loss: 0.587
[11,   290] loss: 0.644
[11,   300] loss: 0.631
[11,   310] loss: 0.578
[11,   320] loss: 0.498
[11,   330] loss: 0.545
[11,   340] loss: 0.548
[11,   350] loss: 0.579
[11,   360] loss: 0.556
[11,   370] loss: 0.544
[11,   380] loss: 0.561
[11,   390] loss: 0.635
[11,   400] loss: 0.610
VALIDATION loss: 0.5225040316581726
[12,    10] loss: 0.528
[12,    20] loss: 0.587
[12,    30] loss: 0.545
[12,    40] loss: 0.530
[12,    50] loss: 0.604
[12,    60] loss: 0.501
[12,    70] loss: 0.547
[12,    80] loss: 0.605
[12,    90] loss: 0.548
[12,   100] loss: 0.620
[12,   110] loss: 0.604
[12,   120] loss: 0.577
[12,   130] loss: 0.530
[12,   140] loss: 0.502
[12,   150] loss: 0.543
[12,   160] loss: 0.533
[12,   170] loss: 0.522
[12,   180] loss: 0.547
[12,   190] loss: 0.540
[12,   200] loss: 0.647
[12,   210] loss: 0.666
[12,   220] loss: 0.581
[12,   230] loss: 0.607
[12,   240] loss: 0.582
[12,   250] loss: 0.503
[12,   260] loss: 0.541
[12,   270] loss: 0.590
[12,   280] loss: 0.551
[12,   290] loss: 0.589
[12,   300] loss: 0.588
[12,   310] loss: 0.525
[12,   320] loss: 0.519
[12,   330] loss: 0.475
[12,   340] loss: 0.559
[12,   350] loss: 0.544
[12,   360] loss: 0.578
[12,   370] loss: 0.456
[12,   380] loss: 0.486
[12,   390] loss: 0.529
[12,   400] loss: 0.573
VALIDATION loss: 6.356446743011475
[13,    10] loss: 0.614
[13,    20] loss: 0.476
[13,    30] loss: 0.499
[13,    40] loss: 0.496
[13,    50] loss: 0.482
[13,    60] loss: 0.461
[13,    70] loss: 0.525
[13,    80] loss: 0.555
[13,    90] loss: 0.603
[13,   100] loss: 0.583
[13,   110] loss: 0.535
[13,   120] loss: 0.540
[13,   130] loss: 0.519
[13,   140] loss: 0.538
[13,   150] loss: 0.583
[13,   160] loss: 0.462
[13,   170] loss: 0.444
[13,   180] loss: 0.583
[13,   190] loss: 0.597
[13,   200] loss: 0.576
[13,   210] loss: 0.603
[13,   220] loss: 0.460
[13,   230] loss: 0.469
[13,   240] loss: 0.499
[13,   250] loss: 0.596
[13,   260] loss: 0.572
[13,   270] loss: 0.470
[13,   280] loss: 0.487
[13,   290] loss: 0.547
[13,   300] loss: 0.604
[13,   310] loss: 0.488
[13,   320] loss: 0.519
[13,   330] loss: 0.480
[13,   340] loss: 0.417
[13,   350] loss: 0.561
[13,   360] loss: 0.549
[13,   370] loss: 0.551
[13,   380] loss: 0.526
[13,   390] loss: 0.443
[13,   400] loss: 0.536
VALIDATION loss: 0.6065287590026855
[14,    10] loss: 0.514
[14,    20] loss: 0.537
[14,    30] loss: 0.526
[14,    40] loss: 0.541
[14,    50] loss: 0.554
[14,    60] loss: 0.534
[14,    70] loss: 0.541
[14,    80] loss: 0.580
[14,    90] loss: 0.532
[14,   100] loss: 0.459
[14,   110] loss: 0.502
[14,   120] loss: 0.459
[14,   130] loss: 0.428
[14,   140] loss: 0.534
[14,   150] loss: 0.520
[14,   160] loss: 0.475
[14,   170] loss: 0.400
[14,   180] loss: 0.422
[14,   190] loss: 0.556
[14,   200] loss: 0.538
[14,   210] loss: 0.511
[14,   220] loss: 0.513
[14,   230] loss: 0.420
[14,   240] loss: 0.509
[14,   250] loss: 0.495
[14,   260] loss: 0.389
[14,   270] loss: 0.494
[14,   280] loss: 0.541
[14,   290] loss: 0.549
[14,   300] loss: 0.510
[14,   310] loss: 0.485
[14,   320] loss: 0.440
[14,   330] loss: 0.500
[14,   340] loss: 0.481
[14,   350] loss: 0.537
[14,   360] loss: 0.514
[14,   370] loss: 0.526
[14,   380] loss: 0.437
[14,   390] loss: 0.475
[14,   400] loss: 0.456
VALIDATION loss: 0.42551663517951965
[15,    10] loss: 0.472
[15,    20] loss: 0.417
[15,    30] loss: 0.480
[15,    40] loss: 0.520
[15,    50] loss: 0.436
[15,    60] loss: 0.465
[15,    70] loss: 0.494
[15,    80] loss: 0.492
[15,    90] loss: 0.534
[15,   100] loss: 0.579
[15,   110] loss: 0.568
[15,   120] loss: 0.518
[15,   130] loss: 0.479
[15,   140] loss: 0.579
[15,   150] loss: 0.458
[15,   160] loss: 0.474
[15,   170] loss: 0.487
[15,   180] loss: 0.597
[15,   190] loss: 0.517
[15,   200] loss: 0.454
[15,   210] loss: 0.427
[15,   220] loss: 0.409
[15,   230] loss: 0.517
[15,   240] loss: 0.497
[15,   250] loss: 0.590
[15,   260] loss: 0.461
[15,   270] loss: 0.429
[15,   280] loss: 0.461
[15,   290] loss: 0.490
[15,   300] loss: 0.467
[15,   310] loss: 0.497
[15,   320] loss: 0.467
[15,   330] loss: 0.464
[15,   340] loss: 0.446
[15,   350] loss: 0.486
[15,   360] loss: 0.468
[15,   370] loss: 0.503
[15,   380] loss: 0.462
[15,   390] loss: 0.386
[15,   400] loss: 0.423
VALIDATION loss: 0.5014570951461792
[16,    10] loss: 0.503
[16,    20] loss: 0.475
[16,    30] loss: 0.438
[16,    40] loss: 0.456
[16,    50] loss: 0.488
[16,    60] loss: 0.437
[16,    70] loss: 0.444
[16,    80] loss: 0.421
[16,    90] loss: 0.490
[16,   100] loss: 0.384
[16,   110] loss: 0.479
[16,   120] loss: 0.466
[16,   130] loss: 0.416
[16,   140] loss: 0.505
[16,   150] loss: 0.504
[16,   160] loss: 0.440
[16,   170] loss: 0.528
[16,   180] loss: 0.443
[16,   190] loss: 0.480
[16,   200] loss: 0.434
[16,   210] loss: 0.460
[16,   220] loss: 0.490
[16,   230] loss: 0.457
[16,   240] loss: 0.530
[16,   250] loss: 0.388
[16,   260] loss: 0.415
[16,   270] loss: 0.427
[16,   280] loss: 0.465
[16,   290] loss: 0.394
[16,   300] loss: 0.586
[16,   310] loss: 0.443
[16,   320] loss: 0.455
[16,   330] loss: 0.393
[16,   340] loss: 0.367
[16,   350] loss: 0.422
[16,   360] loss: 0.421
[16,   370] loss: 0.440
[16,   380] loss: 0.451
[16,   390] loss: 0.472
[16,   400] loss: 0.465
VALIDATION loss: 0.45318761467933655
[17,    10] loss: 0.492
[17,    20] loss: 0.444
[17,    30] loss: 0.503
[17,    40] loss: 0.422
[17,    50] loss: 0.444
[17,    60] loss: 0.449
[17,    70] loss: 0.477
[17,    80] loss: 0.480
[17,    90] loss: 0.473
[17,   100] loss: 0.526
[17,   110] loss: 0.549
[17,   120] loss: 0.398
[17,   130] loss: 0.421
[17,   140] loss: 0.460
[17,   150] loss: 0.516
[17,   160] loss: 0.515
[17,   170] loss: 0.474
[17,   180] loss: 0.363
[17,   190] loss: 0.403
[17,   200] loss: 0.419
[17,   210] loss: 0.414
[17,   220] loss: 0.435
[17,   230] loss: 0.424
[17,   240] loss: 0.470
[17,   250] loss: 0.427
[17,   260] loss: 0.471
[17,   270] loss: 0.456
[17,   280] loss: 0.440
[17,   290] loss: 0.501
[17,   300] loss: 0.450
[17,   310] loss: 0.443
[17,   320] loss: 0.422
[17,   330] loss: 0.423
[17,   340] loss: 0.462
[17,   350] loss: 0.442
[17,   360] loss: 0.431
[17,   370] loss: 0.356
[17,   380] loss: 0.383
[17,   390] loss: 0.420
[17,   400] loss: 0.446
VALIDATION loss: 0.5040594339370728
[18,    10] loss: 0.367
[18,    20] loss: 0.343
[18,    30] loss: 0.458
[18,    40] loss: 0.451
[18,    50] loss: 0.396
[18,    60] loss: 0.452
[18,    70] loss: 0.446
[18,    80] loss: 0.495
[18,    90] loss: 0.447
[18,   100] loss: 0.418
[18,   110] loss: 0.447
[18,   120] loss: 0.395
[18,   130] loss: 0.471
[18,   140] loss: 0.461
[18,   150] loss: 0.464
[18,   160] loss: 0.450
[18,   170] loss: 0.458
[18,   180] loss: 0.446
[18,   190] loss: 0.491
[18,   200] loss: 0.512
[18,   210] loss: 0.455
[18,   220] loss: 0.418
[18,   230] loss: 0.497
[18,   240] loss: 0.471
[18,   250] loss: 0.450
[18,   260] loss: 0.393
[18,   270] loss: 0.469
[18,   280] loss: 0.535
[18,   290] loss: 0.469
[18,   300] loss: 0.474
[18,   310] loss: 0.395
[18,   320] loss: 0.421
[18,   330] loss: 0.458
[18,   340] loss: 0.370
[18,   350] loss: 0.412
[18,   360] loss: 0.387
[18,   370] loss: 0.388
[18,   380] loss: 0.439
[18,   390] loss: 0.401
[18,   400] loss: 0.432
VALIDATION loss: 0.5887280106544495
[19,    10] loss: 0.432
[19,    20] loss: 0.488
[19,    30] loss: 0.475
[19,    40] loss: 0.456
[19,    50] loss: 0.454
[19,    60] loss: 0.401
[19,    70] loss: 0.431
[19,    80] loss: 0.405
[19,    90] loss: 0.452
[19,   100] loss: 0.419
[19,   110] loss: 0.426
[19,   120] loss: 0.453
[19,   130] loss: 0.447
[19,   140] loss: 0.366
[19,   150] loss: 0.458
[19,   160] loss: 0.436
[19,   170] loss: 0.373
[19,   180] loss: 0.468
[19,   190] loss: 0.431
[19,   200] loss: 0.428
[19,   210] loss: 0.357
[19,   220] loss: 0.421
[19,   230] loss: 0.380
[19,   240] loss: 0.419
[19,   250] loss: 0.443
[19,   260] loss: 0.367
[19,   270] loss: 0.408
[19,   280] loss: 0.387
[19,   290] loss: 0.384
[19,   300] loss: 0.409
[19,   310] loss: 0.355
[19,   320] loss: 0.402
[19,   330] loss: 0.494
[19,   340] loss: 0.430
[19,   350] loss: 0.327
[19,   360] loss: 0.405
[19,   370] loss: 0.421
[19,   380] loss: 0.408
[19,   390] loss: 0.431
[19,   400] loss: 0.432
VALIDATION loss: 0.4531151354312897
[20,    10] loss: 0.367
[20,    20] loss: 0.390
[20,    30] loss: 0.404
[20,    40] loss: 0.445
[20,    50] loss: 0.458
[20,    60] loss: 0.361
[20,    70] loss: 0.347
[20,    80] loss: 0.427
[20,    90] loss: 0.485
[20,   100] loss: 0.316
[20,   110] loss: 0.385
[20,   120] loss: 0.413
[20,   130] loss: 0.392
[20,   140] loss: 0.415
[20,   150] loss: 0.453
[20,   160] loss: 0.410
[20,   170] loss: 0.443
[20,   180] loss: 0.417
[20,   190] loss: 0.362
[20,   200] loss: 0.461
[20,   210] loss: 0.361
[20,   220] loss: 0.345
[20,   230] loss: 0.360
[20,   240] loss: 0.443
[20,   250] loss: 0.330
[20,   260] loss: 0.428
[20,   270] loss: 0.421
[20,   280] loss: 0.463
[20,   290] loss: 0.336
[20,   300] loss: 0.458
[20,   310] loss: 0.393
[20,   320] loss: 0.373
[20,   330] loss: 0.480
[20,   340] loss: 0.370
[20,   350] loss: 0.402
[20,   360] loss: 0.290
[20,   370] loss: 0.350
[20,   380] loss: 0.418
[20,   390] loss: 0.384
[20,   400] loss: 0.411
VALIDATION loss: 0.7891417145729065
[21,    10] loss: 0.415
[21,    20] loss: 0.471
[21,    30] loss: 0.451
[21,    40] loss: 0.394
[21,    50] loss: 0.465
[21,    60] loss: 0.376
[21,    70] loss: 0.358
[21,    80] loss: 0.417
[21,    90] loss: 0.389
[21,   100] loss: 0.451
[21,   110] loss: 0.398
[21,   120] loss: 0.425
[21,   130] loss: 0.396
[21,   140] loss: 0.354
[21,   150] loss: 0.344
[21,   160] loss: 0.342
[21,   170] loss: 0.384
[21,   180] loss: 0.400
[21,   190] loss: 0.350
[21,   200] loss: 0.447
[21,   210] loss: 0.323
[21,   220] loss: 0.327
[21,   230] loss: 0.410
[21,   240] loss: 0.422
[21,   250] loss: 0.426
[21,   260] loss: 0.365
[21,   270] loss: 0.391
[21,   280] loss: 0.355
[21,   290] loss: 0.372
[21,   300] loss: 0.419
[21,   310] loss: 0.390
[21,   320] loss: 0.416
[21,   330] loss: 0.444
[21,   340] loss: 0.396
[21,   350] loss: 0.389
[21,   360] loss: 0.426
[21,   370] loss: 0.395
[21,   380] loss: 0.354
[21,   390] loss: 0.356
[21,   400] loss: 0.375
VALIDATION loss: 0.6096568703651428
[22,    10] loss: 0.349
[22,    20] loss: 0.341
[22,    30] loss: 0.427
[22,    40] loss: 0.370
[22,    50] loss: 0.369
[22,    60] loss: 0.463
[22,    70] loss: 0.340
[22,    80] loss: 0.374
[22,    90] loss: 0.368
[22,   100] loss: 0.314
[22,   110] loss: 0.378
[22,   120] loss: 0.400
[22,   130] loss: 0.415
[22,   140] loss: 0.363
[22,   150] loss: 0.327
[22,   160] loss: 0.340
[22,   170] loss: 0.397
[22,   180] loss: 0.401
[22,   190] loss: 0.328
[22,   200] loss: 0.320
[22,   210] loss: 0.400
[22,   220] loss: 0.293
[22,   230] loss: 0.354
[22,   240] loss: 0.366
[22,   250] loss: 0.438
[22,   260] loss: 0.406
[22,   270] loss: 0.342
[22,   280] loss: 0.399
[22,   290] loss: 0.469
[22,   300] loss: 0.399
[22,   310] loss: 0.330
[22,   320] loss: 0.456
[22,   330] loss: 0.403
[22,   340] loss: 0.428
[22,   350] loss: 0.397
[22,   360] loss: 0.307
[22,   370] loss: 0.393
[22,   380] loss: 0.366
[22,   390] loss: 0.297
[22,   400] loss: 0.379
VALIDATION loss: 1.109391212463379
[23,    10] loss: 0.396
[23,    20] loss: 0.324
[23,    30] loss: 0.296
[23,    40] loss: 0.351
[23,    50] loss: 0.374
[23,    60] loss: 0.373
[23,    70] loss: 0.433
[23,    80] loss: 0.414
[23,    90] loss: 0.398
[23,   100] loss: 0.325
[23,   110] loss: 0.370
[23,   120] loss: 0.332
[23,   130] loss: 0.420
[23,   140] loss: 0.364
[23,   150] loss: 0.374
[23,   160] loss: 0.352
[23,   170] loss: 0.395
[23,   180] loss: 0.302
[23,   190] loss: 0.378
[23,   200] loss: 0.374
[23,   210] loss: 0.409
[23,   220] loss: 0.382
[23,   230] loss: 0.403
[23,   240] loss: 0.366
[23,   250] loss: 0.340
[23,   260] loss: 0.355
[23,   270] loss: 0.442
[23,   280] loss: 0.451
[23,   290] loss: 0.422
[23,   300] loss: 0.393
[23,   310] loss: 0.417
[23,   320] loss: 0.310
[23,   330] loss: 0.319
[23,   340] loss: 0.377
[23,   350] loss: 0.495
[23,   360] loss: 0.397
[23,   370] loss: 0.308
[23,   380] loss: 0.324
[23,   390] loss: 0.292
[23,   400] loss: 0.306
VALIDATION loss: 0.9839674830436707
[24,    10] loss: 0.332
[24,    20] loss: 0.417
[24,    30] loss: 0.348
[24,    40] loss: 0.347
[24,    50] loss: 0.397
[24,    60] loss: 0.322
[24,    70] loss: 0.353
[24,    80] loss: 0.331
[24,    90] loss: 0.365
[24,   100] loss: 0.341
[24,   110] loss: 0.329
[24,   120] loss: 0.354
[24,   130] loss: 0.378
[24,   140] loss: 0.349
[24,   150] loss: 0.335
[24,   160] loss: 0.367
[24,   170] loss: 0.339
[24,   180] loss: 0.351
[24,   190] loss: 0.362
[24,   200] loss: 0.322
[24,   210] loss: 0.315
[24,   220] loss: 0.325
[24,   230] loss: 0.343
[24,   240] loss: 0.370
[24,   250] loss: 0.321
[24,   260] loss: 0.303
[24,   270] loss: 0.423
[24,   280] loss: 0.266
[24,   290] loss: 0.360
[24,   300] loss: 0.382
[24,   310] loss: 0.373
[24,   320] loss: 0.376
[24,   330] loss: 0.437
[24,   340] loss: 0.358
[24,   350] loss: 0.325
[24,   360] loss: 0.318
[24,   370] loss: 0.344
[24,   380] loss: 0.466
[24,   390] loss: 0.352
[24,   400] loss: 0.357
VALIDATION loss: 3.8316268920898438
[25,    10] loss: 0.340
[25,    20] loss: 0.339
[25,    30] loss: 0.291
[25,    40] loss: 0.359
[25,    50] loss: 0.396
[25,    60] loss: 0.332
[25,    70] loss: 0.310
[25,    80] loss: 0.347
[25,    90] loss: 0.363
[25,   100] loss: 0.369
[25,   110] loss: 0.404
[25,   120] loss: 0.391
[25,   130] loss: 0.316
[25,   140] loss: 0.350
[25,   150] loss: 0.423
[25,   160] loss: 0.362
[25,   170] loss: 0.413
[25,   180] loss: 0.328
[25,   190] loss: 0.334
[25,   200] loss: 0.334
[25,   210] loss: 0.351
[25,   220] loss: 0.353
[25,   230] loss: 0.321
[25,   240] loss: 0.357
[25,   250] loss: 0.346
[25,   260] loss: 0.360
[25,   270] loss: 0.373
[25,   280] loss: 0.344
[25,   290] loss: 0.437
[25,   300] loss: 0.364
[25,   310] loss: 0.407
[25,   320] loss: 0.298
[25,   330] loss: 0.316
[25,   340] loss: 0.262
[25,   350] loss: 0.355
[25,   360] loss: 0.356
[25,   370] loss: 0.318
[25,   380] loss: 0.387
[25,   390] loss: 0.321
[25,   400] loss: 0.426
VALIDATION loss: 0.34587544202804565
[26,    10] loss: 0.334
[26,    20] loss: 0.291
[26,    30] loss: 0.323
[26,    40] loss: 0.307
[26,    50] loss: 0.397
[26,    60] loss: 0.333
[26,    70] loss: 0.337
[26,    80] loss: 0.384
[26,    90] loss: 0.333
[26,   100] loss: 0.307
[26,   110] loss: 0.318
[26,   120] loss: 0.305
[26,   130] loss: 0.285
[26,   140] loss: 0.331
[26,   150] loss: 0.342
[26,   160] loss: 0.270
[26,   170] loss: 0.300
[26,   180] loss: 0.432
[26,   190] loss: 0.313
[26,   200] loss: 0.356
[26,   210] loss: 0.327
[26,   220] loss: 0.324
[26,   230] loss: 0.384
[26,   240] loss: 0.311
[26,   250] loss: 0.309
[26,   260] loss: 0.269
[26,   270] loss: 0.313
[26,   280] loss: 0.297
[26,   290] loss: 0.361
[26,   300] loss: 0.296
[26,   310] loss: 0.322
[26,   320] loss: 0.332
[26,   330] loss: 0.338
[26,   340] loss: 0.369
[26,   350] loss: 0.366
[26,   360] loss: 0.347
[26,   370] loss: 0.380
[26,   380] loss: 0.389
[26,   390] loss: 0.406
[26,   400] loss: 0.379
VALIDATION loss: 0.8819263577461243
[27,    10] loss: 0.328
[27,    20] loss: 0.270
[27,    30] loss: 0.344
[27,    40] loss: 0.339
[27,    50] loss: 0.320
[27,    60] loss: 0.286
[27,    70] loss: 0.330
[27,    80] loss: 0.277
[27,    90] loss: 0.349
[27,   100] loss: 0.356
[27,   110] loss: 0.394
[27,   120] loss: 0.312
[27,   130] loss: 0.294
[27,   140] loss: 0.303
[27,   150] loss: 0.285
[27,   160] loss: 0.342
[27,   170] loss: 0.298
[27,   180] loss: 0.336
[27,   190] loss: 0.372
[27,   200] loss: 0.357
[27,   210] loss: 0.321
[27,   220] loss: 0.386
[27,   230] loss: 0.340
[27,   240] loss: 0.348
[27,   250] loss: 0.267
[27,   260] loss: 0.360
[27,   270] loss: 0.401
[27,   280] loss: 0.400
[27,   290] loss: 0.402
[27,   300] loss: 0.373
[27,   310] loss: 0.300
[27,   320] loss: 0.326
[27,   330] loss: 0.320
[27,   340] loss: 0.318
[27,   350] loss: 0.267
[27,   360] loss: 0.355
[27,   370] loss: 0.383
[27,   380] loss: 0.314
[27,   390] loss: 0.356
[27,   400] loss: 0.336
VALIDATION loss: 0.4752155840396881
[28,    10] loss: 0.341
[28,    20] loss: 0.314
[28,    30] loss: 0.374
[28,    40] loss: 0.323
[28,    50] loss: 0.341
[28,    60] loss: 0.259
[28,    70] loss: 0.301
[28,    80] loss: 0.339
[28,    90] loss: 0.326
[28,   100] loss: 0.306
[28,   110] loss: 0.322
[28,   120] loss: 0.284
[28,   130] loss: 0.349
[28,   140] loss: 0.333
[28,   150] loss: 0.345
[28,   160] loss: 0.252
[28,   170] loss: 0.364
[28,   180] loss: 0.357
[28,   190] loss: 0.314
[28,   200] loss: 0.260
[28,   210] loss: 0.321
[28,   220] loss: 0.307
[28,   230] loss: 0.290
[28,   240] loss: 0.323
[28,   250] loss: 0.282
[28,   260] loss: 0.243
[28,   270] loss: 0.365
[28,   280] loss: 0.320
[28,   290] loss: 0.263
[28,   300] loss: 0.291
[28,   310] loss: 0.361
[28,   320] loss: 0.349
[28,   330] loss: 0.290
[28,   340] loss: 0.299
[28,   350] loss: 0.254
[28,   360] loss: 0.319
[28,   370] loss: 0.327
[28,   380] loss: 0.305
[28,   390] loss: 0.329
[28,   400] loss: 0.325
VALIDATION loss: 0.41410303115844727
[29,    10] loss: 0.300
[29,    20] loss: 0.273
[29,    30] loss: 0.321
[29,    40] loss: 0.335
[29,    50] loss: 0.301
[29,    60] loss: 0.347
[29,    70] loss: 0.323
[29,    80] loss: 0.276
[29,    90] loss: 0.320
[29,   100] loss: 0.299
[29,   110] loss: 0.321
[29,   120] loss: 0.300
[29,   130] loss: 0.307
[29,   140] loss: 0.295
[29,   150] loss: 0.300
[29,   160] loss: 0.365
[29,   170] loss: 0.365
[29,   180] loss: 0.314
[29,   190] loss: 0.406
[29,   200] loss: 0.362
[29,   210] loss: 0.337
[29,   220] loss: 0.326
[29,   230] loss: 0.288
[29,   240] loss: 0.283
[29,   250] loss: 0.297
[29,   260] loss: 0.353
[29,   270] loss: 0.301
[29,   280] loss: 0.287
[29,   290] loss: 0.339
[29,   300] loss: 0.328
[29,   310] loss: 0.304
[29,   320] loss: 0.310
[29,   330] loss: 0.309
[29,   340] loss: 0.375
[29,   350] loss: 0.332
[29,   360] loss: 0.319
[29,   370] loss: 0.286
[29,   380] loss: 0.337
[29,   390] loss: 0.323
[29,   400] loss: 0.312
VALIDATION loss: 0.3164680004119873
[30,    10] loss: 0.312
[30,    20] loss: 0.278
[30,    30] loss: 0.305
[30,    40] loss: 0.304
[30,    50] loss: 0.254
[30,    60] loss: 0.321
[30,    70] loss: 0.376
[30,    80] loss: 0.262
[30,    90] loss: 0.283
[30,   100] loss: 0.327
[30,   110] loss: 0.332
[30,   120] loss: 0.362
[30,   130] loss: 0.291
[30,   140] loss: 0.313
[30,   150] loss: 0.292
[30,   160] loss: 0.283
[30,   170] loss: 0.361
[30,   180] loss: 0.339
[30,   190] loss: 0.350
[30,   200] loss: 0.319
[30,   210] loss: 0.284
[30,   220] loss: 0.307
[30,   230] loss: 0.298
[30,   240] loss: 0.297
[30,   250] loss: 0.337
[30,   260] loss: 0.369
[30,   270] loss: 0.318
[30,   280] loss: 0.258
[30,   290] loss: 0.346
[30,   300] loss: 0.292
[30,   310] loss: 0.325
[30,   320] loss: 0.271
[30,   330] loss: 0.330
[30,   340] loss: 0.301
[30,   350] loss: 0.277
[30,   360] loss: 0.292
[30,   370] loss: 0.342
[30,   380] loss: 0.292
[30,   390] loss: 0.250
[30,   400] loss: 0.286
VALIDATION loss: 0.2769305408000946
[31,    10] loss: 0.260
[31,    20] loss: 0.301
[31,    30] loss: 0.297
[31,    40] loss: 0.275
[31,    50] loss: 0.306
[31,    60] loss: 0.291
[31,    70] loss: 0.303
[31,    80] loss: 0.334
[31,    90] loss: 0.258
[31,   100] loss: 0.305
[31,   110] loss: 0.275
[31,   120] loss: 0.367
[31,   130] loss: 0.260
[31,   140] loss: 0.311
[31,   150] loss: 0.320
[31,   160] loss: 0.282
[31,   170] loss: 0.254
[31,   180] loss: 0.299
[31,   190] loss: 0.252
[31,   200] loss: 0.336
[31,   210] loss: 0.312
[31,   220] loss: 0.310
[31,   230] loss: 0.347
[31,   240] loss: 0.288
[31,   250] loss: 0.275
[31,   260] loss: 0.258
[31,   270] loss: 0.279
[31,   280] loss: 0.332
[31,   290] loss: 0.264
[31,   300] loss: 0.302
[31,   310] loss: 0.313
[31,   320] loss: 0.289
[31,   330] loss: 0.261
[31,   340] loss: 0.272
[31,   350] loss: 0.294
[31,   360] loss: 0.307
[31,   370] loss: 0.318
[31,   380] loss: 0.281
[31,   390] loss: 0.226
[31,   400] loss: 0.236
VALIDATION loss: 0.281757116317749
[32,    10] loss: 0.317
[32,    20] loss: 0.305
[32,    30] loss: 0.319
[32,    40] loss: 0.276
[32,    50] loss: 0.326
[32,    60] loss: 0.257
[32,    70] loss: 0.275
[32,    80] loss: 0.282
[32,    90] loss: 0.293
[32,   100] loss: 0.338
[32,   110] loss: 0.277
[32,   120] loss: 0.323
[32,   130] loss: 0.255
[32,   140] loss: 0.243
[32,   150] loss: 0.295
[32,   160] loss: 0.292
[32,   170] loss: 0.296
[32,   180] loss: 0.253
[32,   190] loss: 0.297
[32,   200] loss: 0.291
[32,   210] loss: 0.385
[32,   220] loss: 0.311
[32,   230] loss: 0.297
[32,   240] loss: 0.321
[32,   250] loss: 0.278
[32,   260] loss: 0.274
[32,   270] loss: 0.331
[32,   280] loss: 0.237
[32,   290] loss: 0.271
[32,   300] loss: 0.362
[32,   310] loss: 0.301
[32,   320] loss: 0.250
[32,   330] loss: 0.273
[32,   340] loss: 0.278
[32,   350] loss: 0.225
[32,   360] loss: 0.283
[32,   370] loss: 0.303
[32,   380] loss: 0.272
[32,   390] loss: 0.260
[32,   400] loss: 0.344
VALIDATION loss: 0.3182717263698578
[33,    10] loss: 0.247
[33,    20] loss: 0.295
[33,    30] loss: 0.325
[33,    40] loss: 0.329
[33,    50] loss: 0.268
[33,    60] loss: 0.249
[33,    70] loss: 0.274
[33,    80] loss: 0.307
[33,    90] loss: 0.245
[33,   100] loss: 0.287
[33,   110] loss: 0.315
[33,   120] loss: 0.288
[33,   130] loss: 0.250
[33,   140] loss: 0.267
[33,   150] loss: 0.235
[33,   160] loss: 0.263
[33,   170] loss: 0.342
[33,   180] loss: 0.348
[33,   190] loss: 0.257
[33,   200] loss: 0.283
[33,   210] loss: 0.288
[33,   220] loss: 0.297
[33,   230] loss: 0.280
[33,   240] loss: 0.295
[33,   250] loss: 0.319
[33,   260] loss: 0.281
[33,   270] loss: 0.262
[33,   280] loss: 0.237
[33,   290] loss: 0.270
[33,   300] loss: 0.284
[33,   310] loss: 0.272
[33,   320] loss: 0.315
[33,   330] loss: 0.273
[33,   340] loss: 0.238
[33,   350] loss: 0.278
[33,   360] loss: 0.306
[33,   370] loss: 0.316
[33,   380] loss: 0.303
[33,   390] loss: 0.239
[33,   400] loss: 0.303
VALIDATION loss: 0.34202438592910767
[34,    10] loss: 0.284
[34,    20] loss: 0.250
[34,    30] loss: 0.226
[34,    40] loss: 0.227
[34,    50] loss: 0.236
[34,    60] loss: 0.234
[34,    70] loss: 0.284
[34,    80] loss: 0.241
[34,    90] loss: 0.247
[34,   100] loss: 0.257
[34,   110] loss: 0.312
[34,   120] loss: 0.298
[34,   130] loss: 0.334
[34,   140] loss: 0.267
[34,   150] loss: 0.294
[34,   160] loss: 0.290
[34,   170] loss: 0.286
[34,   180] loss: 0.330
[34,   190] loss: 0.320
[34,   200] loss: 0.311
[34,   210] loss: 0.236
[34,   220] loss: 0.275
[34,   230] loss: 0.354
[34,   240] loss: 0.276
[34,   250] loss: 0.335
[34,   260] loss: 0.298
[34,   270] loss: 0.306
[34,   280] loss: 0.331
[34,   290] loss: 0.286
[34,   300] loss: 0.239
[34,   310] loss: 0.235
[34,   320] loss: 0.261
[34,   330] loss: 0.302
[34,   340] loss: 0.306
[34,   350] loss: 0.243
[34,   360] loss: 0.228
[34,   370] loss: 0.336
[34,   380] loss: 0.239
[34,   390] loss: 0.255
[34,   400] loss: 0.206
VALIDATION loss: 0.6580485701560974
[35,    10] loss: 0.253
[35,    20] loss: 0.260
[35,    30] loss: 0.301
[35,    40] loss: 0.226
[35,    50] loss: 0.273
[35,    60] loss: 0.288
[35,    70] loss: 0.274
[35,    80] loss: 0.292
[35,    90] loss: 0.311
[35,   100] loss: 0.285
[35,   110] loss: 0.300
[35,   120] loss: 0.309
[35,   130] loss: 0.288
[35,   140] loss: 0.241
[35,   150] loss: 0.285
[35,   160] loss: 0.243
[35,   170] loss: 0.288
[35,   180] loss: 0.255
[35,   190] loss: 0.251
[35,   200] loss: 0.263
[35,   210] loss: 0.256
[35,   220] loss: 0.238
[35,   230] loss: 0.252
[35,   240] loss: 0.320
[35,   250] loss: 0.265
[35,   260] loss: 0.286
[35,   270] loss: 0.244
[35,   280] loss: 0.264
[35,   290] loss: 0.229
[35,   300] loss: 0.322
[35,   310] loss: 0.275
[35,   320] loss: 0.283
[35,   330] loss: 0.230
[35,   340] loss: 0.250
[35,   350] loss: 0.234
[35,   360] loss: 0.260
[35,   370] loss: 0.353
[35,   380] loss: 0.236
[35,   390] loss: 0.284
[35,   400] loss: 0.303
VALIDATION loss: 0.41060906648635864
[36,    10] loss: 0.218
[36,    20] loss: 0.239
[36,    30] loss: 0.313
[36,    40] loss: 0.296
[36,    50] loss: 0.328
[36,    60] loss: 0.255
[36,    70] loss: 0.268
[36,    80] loss: 0.293
[36,    90] loss: 0.276
[36,   100] loss: 0.260
[36,   110] loss: 0.333
[36,   120] loss: 0.305
[36,   130] loss: 0.255
[36,   140] loss: 0.302
[36,   150] loss: 0.217
[36,   160] loss: 0.266
[36,   170] loss: 0.307
[36,   180] loss: 0.299
[36,   190] loss: 0.232
[36,   200] loss: 0.243
[36,   210] loss: 0.286
[36,   220] loss: 0.303
[36,   230] loss: 0.300
[36,   240] loss: 0.240
[36,   250] loss: 0.291
[36,   260] loss: 0.221
[36,   270] loss: 0.287
[36,   280] loss: 0.302
[36,   290] loss: 0.318
[36,   300] loss: 0.250
[36,   310] loss: 0.277
[36,   320] loss: 0.302
[36,   330] loss: 0.288
[36,   340] loss: 0.292
[36,   350] loss: 0.271
[36,   360] loss: 0.258
[36,   370] loss: 0.264
[36,   380] loss: 0.247
[36,   390] loss: 0.336
[36,   400] loss: 0.242
VALIDATION loss: 0.49768802523612976
[37,    10] loss: 0.298
[37,    20] loss: 0.288
[37,    30] loss: 0.208
[37,    40] loss: 0.264
[37,    50] loss: 0.250
[37,    60] loss: 0.343
[37,    70] loss: 0.302
[37,    80] loss: 0.255
[37,    90] loss: 0.334
[37,   100] loss: 0.246
[37,   110] loss: 0.346
[37,   120] loss: 0.292
[37,   130] loss: 0.281
[37,   140] loss: 0.216
[37,   150] loss: 0.225
[37,   160] loss: 0.285
[37,   170] loss: 0.296
[37,   180] loss: 0.271
[37,   190] loss: 0.297
[37,   200] loss: 0.312
[37,   210] loss: 0.226
[37,   220] loss: 0.293
[37,   230] loss: 0.309
[37,   240] loss: 0.250
[37,   250] loss: 0.278
[37,   260] loss: 0.259
[37,   270] loss: 0.306
[37,   280] loss: 0.256
[37,   290] loss: 0.256
[37,   300] loss: 0.229
[37,   310] loss: 0.278
[37,   320] loss: 0.237
[37,   330] loss: 0.247
[37,   340] loss: 0.265
[37,   350] loss: 0.282
[37,   360] loss: 0.311
[37,   370] loss: 0.330
[37,   380] loss: 0.268
[37,   390] loss: 0.271
[37,   400] loss: 0.277
VALIDATION loss: 0.23042751848697662
[38,    10] loss: 0.191
[38,    20] loss: 0.290
[38,    30] loss: 0.217
[38,    40] loss: 0.246
[38,    50] loss: 0.258
[38,    60] loss: 0.258
[38,    70] loss: 0.295
[38,    80] loss: 0.270
[38,    90] loss: 0.247
[38,   100] loss: 0.223
[38,   110] loss: 0.243
[38,   120] loss: 0.250
[38,   130] loss: 0.254
[38,   140] loss: 0.308
[38,   150] loss: 0.298
[38,   160] loss: 0.240
[38,   170] loss: 0.233
[38,   180] loss: 0.258
[38,   190] loss: 0.249
[38,   200] loss: 0.223
[38,   210] loss: 0.241
[38,   220] loss: 0.286
[38,   230] loss: 0.245
[38,   240] loss: 0.275
[38,   250] loss: 0.256
[38,   260] loss: 0.270
[38,   270] loss: 0.241
[38,   280] loss: 0.243
[38,   290] loss: 0.272
[38,   300] loss: 0.262
[38,   310] loss: 0.258
[38,   320] loss: 0.280
[38,   330] loss: 0.282
[38,   340] loss: 0.281
[38,   350] loss: 0.222
[38,   360] loss: 0.302
[38,   370] loss: 0.272
[38,   380] loss: 0.271
[38,   390] loss: 0.275
[38,   400] loss: 0.275
VALIDATION loss: 1.5176862478256226
[39,    10] loss: 0.268
[39,    20] loss: 0.238
[39,    30] loss: 0.241
[39,    40] loss: 0.240
[39,    50] loss: 0.257
[39,    60] loss: 0.209
[39,    70] loss: 0.319
[39,    80] loss: 0.247
[39,    90] loss: 0.228
[39,   100] loss: 0.247
[39,   110] loss: 0.257
[39,   120] loss: 0.237
[39,   130] loss: 0.299
[39,   140] loss: 0.220
[39,   150] loss: 0.246
[39,   160] loss: 0.248
[39,   170] loss: 0.226
[39,   180] loss: 0.207
[39,   190] loss: 0.270
[39,   200] loss: 0.286
[39,   210] loss: 0.195
[39,   220] loss: 0.262
[39,   230] loss: 0.337
[39,   240] loss: 0.280
[39,   250] loss: 0.297
[39,   260] loss: 0.225
[39,   270] loss: 0.244
[39,   280] loss: 0.250
[39,   290] loss: 0.261
[39,   300] loss: 0.275
[39,   310] loss: 0.296
[39,   320] loss: 0.281
[39,   330] loss: 0.239
[39,   340] loss: 0.242
[39,   350] loss: 0.223
[39,   360] loss: 0.224
[39,   370] loss: 0.268
[39,   380] loss: 0.258
[39,   390] loss: 0.236
[39,   400] loss: 0.234
VALIDATION loss: 2.5920848846435547
[40,    10] loss: 0.242
[40,    20] loss: 0.289
[40,    30] loss: 0.272
[40,    40] loss: 0.293
[40,    50] loss: 0.266
[40,    60] loss: 0.268
[40,    70] loss: 0.294
[40,    80] loss: 0.165
[40,    90] loss: 0.322
[40,   100] loss: 0.283
[40,   110] loss: 0.180
[40,   120] loss: 0.224
[40,   130] loss: 0.250
[40,   140] loss: 0.254
[40,   150] loss: 0.258
[40,   160] loss: 0.256
[40,   170] loss: 0.245
[40,   180] loss: 0.238
[40,   190] loss: 0.217
[40,   200] loss: 0.264
[40,   210] loss: 0.231
[40,   220] loss: 0.268
[40,   230] loss: 0.352
[40,   240] loss: 0.266
[40,   250] loss: 0.205
[40,   260] loss: 0.247
[40,   270] loss: 0.280
[40,   280] loss: 0.253
[40,   290] loss: 0.228
[40,   300] loss: 0.254
[40,   310] loss: 0.242
[40,   320] loss: 0.250
[40,   330] loss: 0.275
[40,   340] loss: 0.298
[40,   350] loss: 0.306
[40,   360] loss: 0.234
[40,   370] loss: 0.308
[40,   380] loss: 0.262
[40,   390] loss: 0.213
[40,   400] loss: 0.232
VALIDATION loss: 0.3649293780326843
[41,    10] loss: 0.249
[41,    20] loss: 0.219
[41,    30] loss: 0.209
[41,    40] loss: 0.274
[41,    50] loss: 0.229
[41,    60] loss: 0.278
[41,    70] loss: 0.211
[41,    80] loss: 0.208
[41,    90] loss: 0.206
[41,   100] loss: 0.170
[41,   110] loss: 0.227
[41,   120] loss: 0.205
[41,   130] loss: 0.227
[41,   140] loss: 0.255
[41,   150] loss: 0.299
[41,   160] loss: 0.287
[41,   170] loss: 0.239
[41,   180] loss: 0.266
[41,   190] loss: 0.244
[41,   200] loss: 0.283
[41,   210] loss: 0.326
[41,   220] loss: 0.189
[41,   230] loss: 0.215
[41,   240] loss: 0.311
[41,   250] loss: 0.274
[41,   260] loss: 0.258
[41,   270] loss: 0.252
[41,   280] loss: 0.261
[41,   290] loss: 0.233
[41,   300] loss: 0.366
[41,   310] loss: 0.282
[41,   320] loss: 0.226
[41,   330] loss: 0.301
[41,   340] loss: 0.222
[41,   350] loss: 0.247
[41,   360] loss: 0.259
[41,   370] loss: 0.193
[41,   380] loss: 0.263
[41,   390] loss: 0.250
[41,   400] loss: 0.237
VALIDATION loss: 0.31630825996398926
[42,    10] loss: 0.216
[42,    20] loss: 0.254
[42,    30] loss: 0.218
[42,    40] loss: 0.241
[42,    50] loss: 0.238
[42,    60] loss: 0.276
[42,    70] loss: 0.236
[42,    80] loss: 0.307
[42,    90] loss: 0.227
[42,   100] loss: 0.230
[42,   110] loss: 0.187
[42,   120] loss: 0.222
[42,   130] loss: 0.276
[42,   140] loss: 0.232
[42,   150] loss: 0.223
[42,   160] loss: 0.241
[42,   170] loss: 0.225
[42,   180] loss: 0.216
[42,   190] loss: 0.212
[42,   200] loss: 0.227
[42,   210] loss: 0.214
[42,   220] loss: 0.259
[42,   230] loss: 0.260
[42,   240] loss: 0.250
[42,   250] loss: 0.254
[42,   260] loss: 0.278
[42,   270] loss: 0.278
[42,   280] loss: 0.268
[42,   290] loss: 0.263
[42,   300] loss: 0.222
[42,   310] loss: 0.249
[42,   320] loss: 0.289
[42,   330] loss: 0.209
[42,   340] loss: 0.229
[42,   350] loss: 0.234
[42,   360] loss: 0.239
[42,   370] loss: 0.251
[42,   380] loss: 0.255
[42,   390] loss: 0.249
[42,   400] loss: 0.236
VALIDATION loss: 0.7572804093360901
[43,    10] loss: 0.222
[43,    20] loss: 0.263
[43,    30] loss: 0.262
[43,    40] loss: 0.242
[43,    50] loss: 0.205
[43,    60] loss: 0.197
[43,    70] loss: 0.235
[43,    80] loss: 0.188
[43,    90] loss: 0.197
[43,   100] loss: 0.146
[43,   110] loss: 0.267
[43,   120] loss: 0.285
[43,   130] loss: 0.231
[43,   140] loss: 0.209
[43,   150] loss: 0.251
[43,   160] loss: 0.230
[43,   170] loss: 0.248
[43,   180] loss: 0.238
[43,   190] loss: 0.220
[43,   200] loss: 0.188
[43,   210] loss: 0.222
[43,   220] loss: 0.211
[43,   230] loss: 0.310
[43,   240] loss: 0.241
[43,   250] loss: 0.201
[43,   260] loss: 0.266
[43,   270] loss: 0.265
[43,   280] loss: 0.262
[43,   290] loss: 0.211
[43,   300] loss: 0.201
[43,   310] loss: 0.242
[43,   320] loss: 0.208
[43,   330] loss: 0.289
[43,   340] loss: 0.281
[43,   350] loss: 0.270
[43,   360] loss: 0.251
[43,   370] loss: 0.251
[43,   380] loss: 0.222
[43,   390] loss: 0.289
[43,   400] loss: 0.221
VALIDATION loss: 0.22266604006290436
[44,    10] loss: 0.235
[44,    20] loss: 0.251
[44,    30] loss: 0.212
[44,    40] loss: 0.187
[44,    50] loss: 0.196
[44,    60] loss: 0.249
[44,    70] loss: 0.243
[44,    80] loss: 0.214
[44,    90] loss: 0.231
[44,   100] loss: 0.251
[44,   110] loss: 0.242
[44,   120] loss: 0.238
[44,   130] loss: 0.224
[44,   140] loss: 0.243
[44,   150] loss: 0.267
[44,   160] loss: 0.200
[44,   170] loss: 0.267
[44,   180] loss: 0.267
[44,   190] loss: 0.288
[44,   200] loss: 0.217
[44,   210] loss: 0.183
[44,   220] loss: 0.220
[44,   230] loss: 0.307
[44,   240] loss: 0.254
[44,   250] loss: 0.221
[44,   260] loss: 0.172
[44,   270] loss: 0.238
[44,   280] loss: 0.272
[44,   290] loss: 0.199
[44,   300] loss: 0.228
[44,   310] loss: 0.274
[44,   320] loss: 0.277
[44,   330] loss: 0.248
[44,   340] loss: 0.261
[44,   350] loss: 0.301
[44,   360] loss: 0.196
[44,   370] loss: 0.250
[44,   380] loss: 0.221
[44,   390] loss: 0.260
[44,   400] loss: 0.172
VALIDATION loss: 0.39818406105041504
[45,    10] loss: 0.248
[45,    20] loss: 0.239
[45,    30] loss: 0.212
[45,    40] loss: 0.180
[45,    50] loss: 0.313
[45,    60] loss: 0.254
[45,    70] loss: 0.250
[45,    80] loss: 0.242
[45,    90] loss: 0.217
[45,   100] loss: 0.242
[45,   110] loss: 0.282
[45,   120] loss: 0.263
[45,   130] loss: 0.259
[45,   140] loss: 0.250
[45,   150] loss: 0.217
[45,   160] loss: 0.219
[45,   170] loss: 0.269
[45,   180] loss: 0.252
[45,   190] loss: 0.258
[45,   200] loss: 0.215
[45,   210] loss: 0.213
[45,   220] loss: 0.213
[45,   230] loss: 0.241
[45,   240] loss: 0.207
[45,   250] loss: 0.233
[45,   260] loss: 0.269
[45,   270] loss: 0.203
[45,   280] loss: 0.251
[45,   290] loss: 0.245
[45,   300] loss: 0.308
[45,   310] loss: 0.232
[45,   320] loss: 0.261
[45,   330] loss: 0.276
[45,   340] loss: 0.250
[45,   350] loss: 0.213
[45,   360] loss: 0.261
[45,   370] loss: 0.216
[45,   380] loss: 0.188
[45,   390] loss: 0.250
[45,   400] loss: 0.254
VALIDATION loss: 0.2685450315475464
[46,    10] loss: 0.213
[46,    20] loss: 0.233
[46,    30] loss: 0.230
[46,    40] loss: 0.210
[46,    50] loss: 0.232
[46,    60] loss: 0.250
[46,    70] loss: 0.256
[46,    80] loss: 0.208
[46,    90] loss: 0.260
[46,   100] loss: 0.243
[46,   110] loss: 0.203
[46,   120] loss: 0.243
[46,   130] loss: 0.228
[46,   140] loss: 0.190
[46,   150] loss: 0.226
[46,   160] loss: 0.246
[46,   170] loss: 0.230
[46,   180] loss: 0.263
[46,   190] loss: 0.220
[46,   200] loss: 0.268
[46,   210] loss: 0.249
[46,   220] loss: 0.248
[46,   230] loss: 0.236
[46,   240] loss: 0.265
[46,   250] loss: 0.242
[46,   260] loss: 0.219
[46,   270] loss: 0.188
[46,   280] loss: 0.193
[46,   290] loss: 0.240
[46,   300] loss: 0.214
[46,   310] loss: 0.219
[46,   320] loss: 0.236
[46,   330] loss: 0.239
[46,   340] loss: 0.225
[46,   350] loss: 0.185
[46,   360] loss: 0.198
[46,   370] loss: 0.240
[46,   380] loss: 0.305
[46,   390] loss: 0.213
[46,   400] loss: 0.232
VALIDATION loss: 1.4278303384780884
[47,    10] loss: 0.203
[47,    20] loss: 0.205
[47,    30] loss: 0.235
[47,    40] loss: 0.212
[47,    50] loss: 0.246
[47,    60] loss: 0.232
[47,    70] loss: 0.227
[47,    80] loss: 0.180
[47,    90] loss: 0.222
[47,   100] loss: 0.247
[47,   110] loss: 0.222
[47,   120] loss: 0.196
[47,   130] loss: 0.209
[47,   140] loss: 0.215
[47,   150] loss: 0.214
[47,   160] loss: 0.203
[47,   170] loss: 0.266
[47,   180] loss: 0.231
[47,   190] loss: 0.212
[47,   200] loss: 0.249
[47,   210] loss: 0.191
[47,   220] loss: 0.214
[47,   230] loss: 0.238
[47,   240] loss: 0.288
[47,   250] loss: 0.207
[47,   260] loss: 0.254
[47,   270] loss: 0.287
[47,   280] loss: 0.247
[47,   290] loss: 0.261
[47,   300] loss: 0.262
[47,   310] loss: 0.239
[47,   320] loss: 0.232
[47,   330] loss: 0.194
[47,   340] loss: 0.195
[47,   350] loss: 0.199
[47,   360] loss: 0.212
[47,   370] loss: 0.248
[47,   380] loss: 0.247
[47,   390] loss: 0.204
[47,   400] loss: 0.256
VALIDATION loss: 0.24211041629314423
[48,    10] loss: 0.197
[48,    20] loss: 0.217
[48,    30] loss: 0.268
[48,    40] loss: 0.181
[48,    50] loss: 0.227
[48,    60] loss: 0.247
[48,    70] loss: 0.225
[48,    80] loss: 0.220
[48,    90] loss: 0.178
[48,   100] loss: 0.250
[48,   110] loss: 0.217
[48,   120] loss: 0.256
[48,   130] loss: 0.252
[48,   140] loss: 0.223
[48,   150] loss: 0.266
[48,   160] loss: 0.236
[48,   170] loss: 0.195
[48,   180] loss: 0.173
[48,   190] loss: 0.208
[48,   200] loss: 0.156
[48,   210] loss: 0.212
[48,   220] loss: 0.287
[48,   230] loss: 0.210
[48,   240] loss: 0.229
[48,   250] loss: 0.229
[48,   260] loss: 0.198
[48,   270] loss: 0.205
[48,   280] loss: 0.169
[48,   290] loss: 0.250
[48,   300] loss: 0.221
[48,   310] loss: 0.226
[48,   320] loss: 0.241
[48,   330] loss: 0.250
[48,   340] loss: 0.173
[48,   350] loss: 0.285
[48,   360] loss: 0.208
[48,   370] loss: 0.254
[48,   380] loss: 0.273
[48,   390] loss: 0.281
[48,   400] loss: 0.233
VALIDATION loss: 2.5244572162628174
[49,    10] loss: 0.209
[49,    20] loss: 0.220
[49,    30] loss: 0.196
[49,    40] loss: 0.217
[49,    50] loss: 0.235
[49,    60] loss: 0.288
[49,    70] loss: 0.242
[49,    80] loss: 0.216
[49,    90] loss: 0.244
[49,   100] loss: 0.233
[49,   110] loss: 0.204
[49,   120] loss: 0.244
[49,   130] loss: 0.213
[49,   140] loss: 0.238
[49,   150] loss: 0.254
[49,   160] loss: 0.188
[49,   170] loss: 0.216
[49,   180] loss: 0.178
[49,   190] loss: 0.213
[49,   200] loss: 0.192
[49,   210] loss: 0.202
[49,   220] loss: 0.247
[49,   230] loss: 0.220
[49,   240] loss: 0.202
[49,   250] loss: 0.240
[49,   260] loss: 0.249
[49,   270] loss: 0.213
[49,   280] loss: 0.224
[49,   290] loss: 0.221
[49,   300] loss: 0.215
[49,   310] loss: 0.219
[49,   320] loss: 0.217
[49,   330] loss: 0.208
[49,   340] loss: 0.279
[49,   350] loss: 0.196
[49,   360] loss: 0.224
[49,   370] loss: 0.195
[49,   380] loss: 0.248
[49,   390] loss: 0.206
[49,   400] loss: 0.259
VALIDATION loss: 0.3875722587108612
[50,    10] loss: 0.248
[50,    20] loss: 0.221
[50,    30] loss: 0.226
[50,    40] loss: 0.218
[50,    50] loss: 0.219
[50,    60] loss: 0.220
[50,    70] loss: 0.193
[50,    80] loss: 0.228
[50,    90] loss: 0.164
[50,   100] loss: 0.230
[50,   110] loss: 0.253
[50,   120] loss: 0.229
[50,   130] loss: 0.253
[50,   140] loss: 0.216
[50,   150] loss: 0.179
[50,   160] loss: 0.211
[50,   170] loss: 0.229
[50,   180] loss: 0.269
[50,   190] loss: 0.219
[50,   200] loss: 0.274
[50,   210] loss: 0.199
[50,   220] loss: 0.275
[50,   230] loss: 0.218
[50,   240] loss: 0.225
[50,   250] loss: 0.199
[50,   260] loss: 0.235
[50,   270] loss: 0.177
[50,   280] loss: 0.189
[50,   290] loss: 0.213
[50,   300] loss: 0.190
[50,   310] loss: 0.228
[50,   320] loss: 0.239
[50,   330] loss: 0.285
[50,   340] loss: 0.214
[50,   350] loss: 0.231
[50,   360] loss: 0.201
[50,   370] loss: 0.226
[50,   380] loss: 0.241
[50,   390] loss: 0.215
[50,   400] loss: 0.197
VALIDATION loss: 0.2256309688091278
[51,    10] loss: 0.195
[51,    20] loss: 0.191
[51,    30] loss: 0.237
[51,    40] loss: 0.188
[51,    50] loss: 0.216
[51,    60] loss: 0.199
[51,    70] loss: 0.239
[51,    80] loss: 0.201
[51,    90] loss: 0.215
[51,   100] loss: 0.154
[51,   110] loss: 0.247
[51,   120] loss: 0.219
[51,   130] loss: 0.216
[51,   140] loss: 0.197
[51,   150] loss: 0.171
[51,   160] loss: 0.226
[51,   170] loss: 0.220
[51,   180] loss: 0.178
[51,   190] loss: 0.200
[51,   200] loss: 0.207
[51,   210] loss: 0.235
[51,   220] loss: 0.196
[51,   230] loss: 0.183
[51,   240] loss: 0.206
[51,   250] loss: 0.247
[51,   260] loss: 0.222
[51,   270] loss: 0.253
[51,   280] loss: 0.196
[51,   290] loss: 0.216
[51,   300] loss: 0.251
[51,   310] loss: 0.177
[51,   320] loss: 0.238
[51,   330] loss: 0.214
[51,   340] loss: 0.228
[51,   350] loss: 0.236
[51,   360] loss: 0.222
[51,   370] loss: 0.225
[51,   380] loss: 0.255
[51,   390] loss: 0.233
[51,   400] loss: 0.213
VALIDATION loss: 2.474320888519287
[52,    10] loss: 0.214
[52,    20] loss: 0.214
[52,    30] loss: 0.205
[52,    40] loss: 0.200
[52,    50] loss: 0.233
[52,    60] loss: 0.182
[52,    70] loss: 0.219
[52,    80] loss: 0.203
[52,    90] loss: 0.214
[52,   100] loss: 0.208
[52,   110] loss: 0.218
[52,   120] loss: 0.186
[52,   130] loss: 0.231
[52,   140] loss: 0.197
[52,   150] loss: 0.249
[52,   160] loss: 0.169
[52,   170] loss: 0.291
[52,   180] loss: 0.255
[52,   190] loss: 0.211
[52,   200] loss: 0.185
[52,   210] loss: 0.183
[52,   220] loss: 0.197
[52,   230] loss: 0.169
[52,   240] loss: 0.199
[52,   250] loss: 0.225
[52,   260] loss: 0.254
[52,   270] loss: 0.257
[52,   280] loss: 0.236
[52,   290] loss: 0.227
[52,   300] loss: 0.237
[52,   310] loss: 0.155
[52,   320] loss: 0.209
[52,   330] loss: 0.196
[52,   340] loss: 0.157
[52,   350] loss: 0.214
[52,   360] loss: 0.216
[52,   370] loss: 0.178
[52,   380] loss: 0.211
[52,   390] loss: 0.225
[52,   400] loss: 0.235
VALIDATION loss: 0.6558569073677063
[53,    10] loss: 0.233
[53,    20] loss: 0.249
[53,    30] loss: 0.222
[53,    40] loss: 0.174
[53,    50] loss: 0.173
[53,    60] loss: 0.189
[53,    70] loss: 0.191
[53,    80] loss: 0.242
[53,    90] loss: 0.194
[53,   100] loss: 0.211
[53,   110] loss: 0.206
[53,   120] loss: 0.185
[53,   130] loss: 0.211
[53,   140] loss: 0.207
[53,   150] loss: 0.176
[53,   160] loss: 0.165
[53,   170] loss: 0.181
[53,   180] loss: 0.168
[53,   190] loss: 0.224
[53,   200] loss: 0.283
[53,   210] loss: 0.259
[53,   220] loss: 0.210
[53,   230] loss: 0.215
[53,   240] loss: 0.193
[53,   250] loss: 0.192
[53,   260] loss: 0.202
[53,   270] loss: 0.236
[53,   280] loss: 0.210
[53,   290] loss: 0.211
[53,   300] loss: 0.216
[53,   310] loss: 0.209
[53,   320] loss: 0.254
[53,   330] loss: 0.215
[53,   340] loss: 0.234
[53,   350] loss: 0.198
[53,   360] loss: 0.209
[53,   370] loss: 0.206
[53,   380] loss: 0.248
[53,   390] loss: 0.175
[53,   400] loss: 0.190
VALIDATION loss: 0.5351880192756653
[54,    10] loss: 0.238
[54,    20] loss: 0.168
[54,    30] loss: 0.247
[54,    40] loss: 0.218
[54,    50] loss: 0.203
[54,    60] loss: 0.184
[54,    70] loss: 0.244
[54,    80] loss: 0.220
[54,    90] loss: 0.194
[54,   100] loss: 0.257
[54,   110] loss: 0.237
[54,   120] loss: 0.207
[54,   130] loss: 0.259
[54,   140] loss: 0.228
[54,   150] loss: 0.266
[54,   160] loss: 0.216
[54,   170] loss: 0.216
[54,   180] loss: 0.191
[54,   190] loss: 0.178
[54,   200] loss: 0.224
[54,   210] loss: 0.185
[54,   220] loss: 0.219
[54,   230] loss: 0.181
[54,   240] loss: 0.205
[54,   250] loss: 0.269
[54,   260] loss: 0.182
[54,   270] loss: 0.243
[54,   280] loss: 0.201
[54,   290] loss: 0.194
[54,   300] loss: 0.177
[54,   310] loss: 0.237
[54,   320] loss: 0.182
[54,   330] loss: 0.251
[54,   340] loss: 0.222
[54,   350] loss: 0.194
[54,   360] loss: 0.192
[54,   370] loss: 0.192
[54,   380] loss: 0.208
[54,   390] loss: 0.178
[54,   400] loss: 0.191
VALIDATION loss: 0.1870175153017044
[55,    10] loss: 0.153
[55,    20] loss: 0.221
[55,    30] loss: 0.162
[55,    40] loss: 0.168
[55,    50] loss: 0.204
[55,    60] loss: 0.232
[55,    70] loss: 0.206
[55,    80] loss: 0.192
[55,    90] loss: 0.165
[55,   100] loss: 0.219
[55,   110] loss: 0.152
[55,   120] loss: 0.215
[55,   130] loss: 0.200
[55,   140] loss: 0.222
[55,   150] loss: 0.264
[55,   160] loss: 0.214
[55,   170] loss: 0.198
[55,   180] loss: 0.235
[55,   190] loss: 0.190
[55,   200] loss: 0.233
[55,   210] loss: 0.200
[55,   220] loss: 0.238
[55,   230] loss: 0.185
[55,   240] loss: 0.204
[55,   250] loss: 0.238
[55,   260] loss: 0.201
[55,   270] loss: 0.194
[55,   280] loss: 0.208
[55,   290] loss: 0.224
[55,   300] loss: 0.239
[55,   310] loss: 0.232
[55,   320] loss: 0.239
[55,   330] loss: 0.178
[55,   340] loss: 0.246
[55,   350] loss: 0.175
[55,   360] loss: 0.228
[55,   370] loss: 0.179
[55,   380] loss: 0.239
[55,   390] loss: 0.232
[55,   400] loss: 0.230
VALIDATION loss: 1.983156442642212
[56,    10] loss: 0.219
[56,    20] loss: 0.207
[56,    30] loss: 0.202
[56,    40] loss: 0.197
[56,    50] loss: 0.217
[56,    60] loss: 0.207
[56,    70] loss: 0.257
[56,    80] loss: 0.195
[56,    90] loss: 0.236
[56,   100] loss: 0.227
[56,   110] loss: 0.201
[56,   120] loss: 0.242
[56,   130] loss: 0.235
[56,   140] loss: 0.208
[56,   150] loss: 0.169
[56,   160] loss: 0.204
[56,   170] loss: 0.230
[56,   180] loss: 0.235
[56,   190] loss: 0.238
[56,   200] loss: 0.230
[56,   210] loss: 0.157
[56,   220] loss: 0.193
[56,   230] loss: 0.179
[56,   240] loss: 0.179
[56,   250] loss: 0.247
[56,   260] loss: 0.227
[56,   270] loss: 0.204
[56,   280] loss: 0.228
[56,   290] loss: 0.214
[56,   300] loss: 0.166
[56,   310] loss: 0.209
[56,   320] loss: 0.233
[56,   330] loss: 0.179
[56,   340] loss: 0.242
[56,   350] loss: 0.185
[56,   360] loss: 0.178
[56,   370] loss: 0.201
[56,   380] loss: 0.197
[56,   390] loss: 0.162
[56,   400] loss: 0.228
VALIDATION loss: 0.24017682671546936
[57,    10] loss: 0.248
[57,    20] loss: 0.176
[57,    30] loss: 0.175
[57,    40] loss: 0.214
[57,    50] loss: 0.243
[57,    60] loss: 0.164
[57,    70] loss: 0.215
[57,    80] loss: 0.189
[57,    90] loss: 0.221
[57,   100] loss: 0.232
[57,   110] loss: 0.214
[57,   120] loss: 0.213
[57,   130] loss: 0.180
[57,   140] loss: 0.185
[57,   150] loss: 0.157
[57,   160] loss: 0.221
[57,   170] loss: 0.218
[57,   180] loss: 0.258
[57,   190] loss: 0.199
[57,   200] loss: 0.204
[57,   210] loss: 0.187
[57,   220] loss: 0.186
[57,   230] loss: 0.196
[57,   240] loss: 0.179
[57,   250] loss: 0.245
[57,   260] loss: 0.183
[57,   270] loss: 0.192
[57,   280] loss: 0.179
[57,   290] loss: 0.229
[57,   300] loss: 0.204
[57,   310] loss: 0.172
[57,   320] loss: 0.195
[57,   330] loss: 0.174
[57,   340] loss: 0.237
[57,   350] loss: 0.219
[57,   360] loss: 0.186
[57,   370] loss: 0.178
[57,   380] loss: 0.225
[57,   390] loss: 0.226
[57,   400] loss: 0.164
VALIDATION loss: 0.19391362369060516
[58,    10] loss: 0.215
[58,    20] loss: 0.191
[58,    30] loss: 0.211
[58,    40] loss: 0.221
[58,    50] loss: 0.154
[58,    60] loss: 0.207
[58,    70] loss: 0.195
[58,    80] loss: 0.216
[58,    90] loss: 0.219
[58,   100] loss: 0.269
[58,   110] loss: 0.223
[58,   120] loss: 0.189
[58,   130] loss: 0.273
[58,   140] loss: 0.199
[58,   150] loss: 0.113
[58,   160] loss: 0.207
[58,   170] loss: 0.183
[58,   180] loss: 0.183
[58,   190] loss: 0.230
[58,   200] loss: 0.240
[58,   210] loss: 0.157
[58,   220] loss: 0.206
[58,   230] loss: 0.222
[58,   240] loss: 0.212
[58,   250] loss: 0.217
[58,   260] loss: 0.217
[58,   270] loss: 0.269
[58,   280] loss: 0.223
[58,   290] loss: 0.214
[58,   300] loss: 0.146
[58,   310] loss: 0.211
[58,   320] loss: 0.188
[58,   330] loss: 0.147
[58,   340] loss: 0.264
[58,   350] loss: 0.228
[58,   360] loss: 0.183
[58,   370] loss: 0.220
[58,   380] loss: 0.194
[58,   390] loss: 0.208
[58,   400] loss: 0.196
VALIDATION loss: 0.22334331274032593
[59,    10] loss: 0.182
[59,    20] loss: 0.177
[59,    30] loss: 0.223
[59,    40] loss: 0.226
[59,    50] loss: 0.238
[59,    60] loss: 0.182
[59,    70] loss: 0.201
[59,    80] loss: 0.246
[59,    90] loss: 0.233
[59,   100] loss: 0.238
[59,   110] loss: 0.231
[59,   120] loss: 0.207
[59,   130] loss: 0.173
[59,   140] loss: 0.207
[59,   150] loss: 0.207
[59,   160] loss: 0.186
[59,   170] loss: 0.145
[59,   180] loss: 0.179
[59,   190] loss: 0.194
[59,   200] loss: 0.251
[59,   210] loss: 0.189
[59,   220] loss: 0.203
[59,   230] loss: 0.150
[59,   240] loss: 0.201
[59,   250] loss: 0.157
[59,   260] loss: 0.202
[59,   270] loss: 0.225
[59,   280] loss: 0.200
[59,   290] loss: 0.201
[59,   300] loss: 0.214
[59,   310] loss: 0.176
[59,   320] loss: 0.236
[59,   330] loss: 0.200
[59,   340] loss: 0.179
[59,   350] loss: 0.229
[59,   360] loss: 0.180
[59,   370] loss: 0.191
[59,   380] loss: 0.208
[59,   390] loss: 0.191
[59,   400] loss: 0.211
VALIDATION loss: 0.2039603739976883
[60,    10] loss: 0.220
[60,    20] loss: 0.170
[60,    30] loss: 0.153
[60,    40] loss: 0.146
[60,    50] loss: 0.202
[60,    60] loss: 0.178
[60,    70] loss: 0.218
[60,    80] loss: 0.222
[60,    90] loss: 0.214
[60,   100] loss: 0.189
[60,   110] loss: 0.276
[60,   120] loss: 0.183
[60,   130] loss: 0.212
[60,   140] loss: 0.191
[60,   150] loss: 0.170
[60,   160] loss: 0.198
[60,   170] loss: 0.201
[60,   180] loss: 0.223
[60,   190] loss: 0.219
[60,   200] loss: 0.203
[60,   210] loss: 0.205
[60,   220] loss: 0.166
[60,   230] loss: 0.200
[60,   240] loss: 0.175
[60,   250] loss: 0.199
[60,   260] loss: 0.199
[60,   270] loss: 0.196
[60,   280] loss: 0.141
[60,   290] loss: 0.235
[60,   300] loss: 0.277
[60,   310] loss: 0.219
[60,   320] loss: 0.216
[60,   330] loss: 0.213
[60,   340] loss: 0.181
[60,   350] loss: 0.138
[60,   360] loss: 0.176
[60,   370] loss: 0.236
[60,   380] loss: 0.169
[60,   390] loss: 0.162
[60,   400] loss: 0.172
VALIDATION loss: 0.1697521060705185
[61,    10] loss: 0.241
[61,    20] loss: 0.199
[61,    30] loss: 0.161
[61,    40] loss: 0.179
[61,    50] loss: 0.173
[61,    60] loss: 0.238
[61,    70] loss: 0.209
[61,    80] loss: 0.180
[61,    90] loss: 0.199
[61,   100] loss: 0.154
[61,   110] loss: 0.192
[61,   120] loss: 0.231
[61,   130] loss: 0.161
[61,   140] loss: 0.197
[61,   150] loss: 0.185
[61,   160] loss: 0.272
[61,   170] loss: 0.207
[61,   180] loss: 0.182
[61,   190] loss: 0.224
[61,   200] loss: 0.176
[61,   210] loss: 0.219
[61,   220] loss: 0.256
[61,   230] loss: 0.211
[61,   240] loss: 0.153
[61,   250] loss: 0.195
[61,   260] loss: 0.225
[61,   270] loss: 0.180
[61,   280] loss: 0.167
[61,   290] loss: 0.247
[61,   300] loss: 0.212
[61,   310] loss: 0.189
[61,   320] loss: 0.162
[61,   330] loss: 0.177
[61,   340] loss: 0.157
[61,   350] loss: 0.198
[61,   360] loss: 0.193
[61,   370] loss: 0.185
[61,   380] loss: 0.205
[61,   390] loss: 0.182
[61,   400] loss: 0.146
VALIDATION loss: 0.34927698969841003
[62,    10] loss: 0.189
[62,    20] loss: 0.230
[62,    30] loss: 0.171
[62,    40] loss: 0.191
[62,    50] loss: 0.202
[62,    60] loss: 0.227
[62,    70] loss: 0.147
[62,    80] loss: 0.170
[62,    90] loss: 0.162
[62,   100] loss: 0.235
[62,   110] loss: 0.204
[62,   120] loss: 0.219
[62,   130] loss: 0.167
[62,   140] loss: 0.174
[62,   150] loss: 0.179
[62,   160] loss: 0.182
[62,   170] loss: 0.137
[62,   180] loss: 0.202
[62,   190] loss: 0.236
[62,   200] loss: 0.230
[62,   210] loss: 0.237
[62,   220] loss: 0.181
[62,   230] loss: 0.269
[62,   240] loss: 0.194
[62,   250] loss: 0.172
[62,   260] loss: 0.181
[62,   270] loss: 0.212
[62,   280] loss: 0.199
[62,   290] loss: 0.175
[62,   300] loss: 0.180
[62,   310] loss: 0.151
[62,   320] loss: 0.165
[62,   330] loss: 0.203
[62,   340] loss: 0.178
[62,   350] loss: 0.165
[62,   360] loss: 0.177
[62,   370] loss: 0.226
[62,   380] loss: 0.151
[62,   390] loss: 0.274
[62,   400] loss: 0.164
VALIDATION loss: 0.24511195719242096
[63,    10] loss: 0.194
[63,    20] loss: 0.141
[63,    30] loss: 0.211
[63,    40] loss: 0.119
[63,    50] loss: 0.195
[63,    60] loss: 0.221
[63,    70] loss: 0.202
[63,    80] loss: 0.177
[63,    90] loss: 0.192
[63,   100] loss: 0.177
[63,   110] loss: 0.217
[63,   120] loss: 0.191
[63,   130] loss: 0.184
[63,   140] loss: 0.140
[63,   150] loss: 0.143
[63,   160] loss: 0.184
[63,   170] loss: 0.213
[63,   180] loss: 0.188
[63,   190] loss: 0.248
[63,   200] loss: 0.256
[63,   210] loss: 0.255
[63,   220] loss: 0.278
[63,   230] loss: 0.193
[63,   240] loss: 0.239
[63,   250] loss: 0.201
[63,   260] loss: 0.182
[63,   270] loss: 0.158
[63,   280] loss: 0.203
[63,   290] loss: 0.184
[63,   300] loss: 0.152
[63,   310] loss: 0.220
[63,   320] loss: 0.203
[63,   330] loss: 0.150
[63,   340] loss: 0.164
[63,   350] loss: 0.173
[63,   360] loss: 0.202
[63,   370] loss: 0.174
[63,   380] loss: 0.179
[63,   390] loss: 0.180
[63,   400] loss: 0.169
VALIDATION loss: 0.20460647344589233
[64,    10] loss: 0.214
[64,    20] loss: 0.173
[64,    30] loss: 0.159
[64,    40] loss: 0.205
[64,    50] loss: 0.172
[64,    60] loss: 0.160
[64,    70] loss: 0.199
[64,    80] loss: 0.167
[64,    90] loss: 0.233
[64,   100] loss: 0.171
[64,   110] loss: 0.240
[64,   120] loss: 0.160
[64,   130] loss: 0.176
[64,   140] loss: 0.175
[64,   150] loss: 0.222
[64,   160] loss: 0.186
[64,   170] loss: 0.170
[64,   180] loss: 0.168
[64,   190] loss: 0.240
[64,   200] loss: 0.217
[64,   210] loss: 0.224
[64,   220] loss: 0.166
[64,   230] loss: 0.171
[64,   240] loss: 0.174
[64,   250] loss: 0.168
[64,   260] loss: 0.189
[64,   270] loss: 0.178
[64,   280] loss: 0.227
[64,   290] loss: 0.158
[64,   300] loss: 0.217
[64,   310] loss: 0.224
[64,   320] loss: 0.178
[64,   330] loss: 0.187
[64,   340] loss: 0.224
[64,   350] loss: 0.195
[64,   360] loss: 0.173
[64,   370] loss: 0.148
[64,   380] loss: 0.200
[64,   390] loss: 0.230
[64,   400] loss: 0.205
VALIDATION loss: 0.2945151627063751
[65,    10] loss: 0.121
[65,    20] loss: 0.209
[65,    30] loss: 0.187
[65,    40] loss: 0.169
[65,    50] loss: 0.226
[65,    60] loss: 0.191
[65,    70] loss: 0.185
[65,    80] loss: 0.215
[65,    90] loss: 0.187
[65,   100] loss: 0.218
[65,   110] loss: 0.170
[65,   120] loss: 0.203
[65,   130] loss: 0.137
[65,   140] loss: 0.213
[65,   150] loss: 0.180
[65,   160] loss: 0.169
[65,   170] loss: 0.201
[65,   180] loss: 0.176
[65,   190] loss: 0.179
[65,   200] loss: 0.235
[65,   210] loss: 0.176
[65,   220] loss: 0.188
[65,   230] loss: 0.181
[65,   240] loss: 0.150
[65,   250] loss: 0.231
[65,   260] loss: 0.178
[65,   270] loss: 0.192
[65,   280] loss: 0.204
[65,   290] loss: 0.196
[65,   300] loss: 0.201
[65,   310] loss: 0.143
[65,   320] loss: 0.178
[65,   330] loss: 0.178
[65,   340] loss: 0.161
[65,   350] loss: 0.222
[65,   360] loss: 0.215
[65,   370] loss: 0.178
[65,   380] loss: 0.196
[65,   390] loss: 0.166
[65,   400] loss: 0.220
VALIDATION loss: 0.29413482546806335
[66,    10] loss: 0.246
[66,    20] loss: 0.179
[66,    30] loss: 0.172
[66,    40] loss: 0.151
[66,    50] loss: 0.189
[66,    60] loss: 0.175
[66,    70] loss: 0.194
[66,    80] loss: 0.178
[66,    90] loss: 0.224
[66,   100] loss: 0.192
[66,   110] loss: 0.215
[66,   120] loss: 0.177
[66,   130] loss: 0.169
[66,   140] loss: 0.144
[66,   150] loss: 0.203
[66,   160] loss: 0.182
[66,   170] loss: 0.171
[66,   180] loss: 0.138
[66,   190] loss: 0.167
[66,   200] loss: 0.170
[66,   210] loss: 0.238
[66,   220] loss: 0.177
[66,   230] loss: 0.194
[66,   240] loss: 0.182
[66,   250] loss: 0.237
[66,   260] loss: 0.224
[66,   270] loss: 0.177
[66,   280] loss: 0.169
[66,   290] loss: 0.208
[66,   300] loss: 0.219
[66,   310] loss: 0.169
[66,   320] loss: 0.178
[66,   330] loss: 0.182
[66,   340] loss: 0.213
[66,   350] loss: 0.143
[66,   360] loss: 0.204
[66,   370] loss: 0.209
[66,   380] loss: 0.217
[66,   390] loss: 0.201
[66,   400] loss: 0.158
VALIDATION loss: 0.29445987939834595
[67,    10] loss: 0.184
[67,    20] loss: 0.155
[67,    30] loss: 0.168
[67,    40] loss: 0.212
[67,    50] loss: 0.201
[67,    60] loss: 0.152
[67,    70] loss: 0.168
[67,    80] loss: 0.152
[67,    90] loss: 0.156
[67,   100] loss: 0.138
[67,   110] loss: 0.202
[67,   120] loss: 0.185
[67,   130] loss: 0.193
[67,   140] loss: 0.183
[67,   150] loss: 0.254
[67,   160] loss: 0.220
[67,   170] loss: 0.180
[67,   180] loss: 0.188
[67,   190] loss: 0.173
[67,   200] loss: 0.198
[67,   210] loss: 0.189
[67,   220] loss: 0.159
[67,   230] loss: 0.190
[67,   240] loss: 0.198
[67,   250] loss: 0.168
[67,   260] loss: 0.194
[67,   270] loss: 0.149
[67,   280] loss: 0.151
[67,   290] loss: 0.194
[67,   300] loss: 0.200
[67,   310] loss: 0.183
[67,   320] loss: 0.204
[67,   330] loss: 0.218
[67,   340] loss: 0.171
[67,   350] loss: 0.166
[67,   360] loss: 0.193
[67,   370] loss: 0.223
[67,   380] loss: 0.231
[67,   390] loss: 0.181
[67,   400] loss: 0.151
VALIDATION loss: 0.23390501737594604
[68,    10] loss: 0.212
[68,    20] loss: 0.158
[68,    30] loss: 0.171
[68,    40] loss: 0.235
[68,    50] loss: 0.229
[68,    60] loss: 0.127
[68,    70] loss: 0.188
[68,    80] loss: 0.159
[68,    90] loss: 0.224
[68,   100] loss: 0.221
[68,   110] loss: 0.189
[68,   120] loss: 0.142
[68,   130] loss: 0.234
[68,   140] loss: 0.185
[68,   150] loss: 0.158
[68,   160] loss: 0.221
[68,   170] loss: 0.179
[68,   180] loss: 0.210
[68,   190] loss: 0.135
[68,   200] loss: 0.222
[68,   210] loss: 0.154
[68,   220] loss: 0.133
[68,   230] loss: 0.203
[68,   240] loss: 0.225
[68,   250] loss: 0.237
[68,   260] loss: 0.175
[68,   270] loss: 0.185
[68,   280] loss: 0.213
[68,   290] loss: 0.182
[68,   300] loss: 0.198
[68,   310] loss: 0.171
[68,   320] loss: 0.171
[68,   330] loss: 0.166
[68,   340] loss: 0.199
[68,   350] loss: 0.166
[68,   360] loss: 0.198
[68,   370] loss: 0.147
[68,   380] loss: 0.189
[68,   390] loss: 0.217
[68,   400] loss: 0.189
VALIDATION loss: 0.6858086585998535
[69,    10] loss: 0.185
[69,    20] loss: 0.170
[69,    30] loss: 0.169
[69,    40] loss: 0.187
[69,    50] loss: 0.178
[69,    60] loss: 0.237
[69,    70] loss: 0.224
[69,    80] loss: 0.199
[69,    90] loss: 0.203
[69,   100] loss: 0.172
[69,   110] loss: 0.155
[69,   120] loss: 0.181
[69,   130] loss: 0.208
[69,   140] loss: 0.146
[69,   150] loss: 0.184
[69,   160] loss: 0.204
[69,   170] loss: 0.160
[69,   180] loss: 0.201
[69,   190] loss: 0.176
[69,   200] loss: 0.163
[69,   210] loss: 0.190
[69,   220] loss: 0.197
[69,   230] loss: 0.148
[69,   240] loss: 0.189
[69,   250] loss: 0.205
[69,   260] loss: 0.232
[69,   270] loss: 0.215
[69,   280] loss: 0.268
[69,   290] loss: 0.196
[69,   300] loss: 0.161
[69,   310] loss: 0.166
[69,   320] loss: 0.146
[69,   330] loss: 0.151
[69,   340] loss: 0.182
[69,   350] loss: 0.154
[69,   360] loss: 0.183
[69,   370] loss: 0.203
[69,   380] loss: 0.162
[69,   390] loss: 0.156
[69,   400] loss: 0.205
VALIDATION loss: 0.3870798349380493
[70,    10] loss: 0.251
[70,    20] loss: 0.197
[70,    30] loss: 0.173
[70,    40] loss: 0.174
[70,    50] loss: 0.176
[70,    60] loss: 0.199
[70,    70] loss: 0.153
[70,    80] loss: 0.196
[70,    90] loss: 0.168
[70,   100] loss: 0.203
[70,   110] loss: 0.161
[70,   120] loss: 0.200
[70,   130] loss: 0.203
[70,   140] loss: 0.180
[70,   150] loss: 0.181
[70,   160] loss: 0.191
[70,   170] loss: 0.191
[70,   180] loss: 0.223
[70,   190] loss: 0.112
[70,   200] loss: 0.170
[70,   210] loss: 0.184
[70,   220] loss: 0.211
[70,   230] loss: 0.180
[70,   240] loss: 0.221
[70,   250] loss: 0.197
[70,   260] loss: 0.178
[70,   270] loss: 0.176
[70,   280] loss: 0.164
[70,   290] loss: 0.193
[70,   300] loss: 0.163
[70,   310] loss: 0.220
[70,   320] loss: 0.166
[70,   330] loss: 0.260
[70,   340] loss: 0.175
[70,   350] loss: 0.186
[70,   360] loss: 0.187
[70,   370] loss: 0.193
[70,   380] loss: 0.158
[70,   390] loss: 0.157
[70,   400] loss: 0.149
VALIDATION loss: 0.2962036728858948
[71,    10] loss: 0.230
[71,    20] loss: 0.184
[71,    30] loss: 0.192
[71,    40] loss: 0.159
[71,    50] loss: 0.147
[71,    60] loss: 0.169
[71,    70] loss: 0.177
[71,    80] loss: 0.184
[71,    90] loss: 0.192
[71,   100] loss: 0.196
[71,   110] loss: 0.173
[71,   120] loss: 0.205
[71,   130] loss: 0.183
[71,   140] loss: 0.167
[71,   150] loss: 0.184
[71,   160] loss: 0.145
[71,   170] loss: 0.220
[71,   180] loss: 0.157
[71,   190] loss: 0.180
[71,   200] loss: 0.169
[71,   210] loss: 0.153
[71,   220] loss: 0.140
[71,   230] loss: 0.167
[71,   240] loss: 0.144
[71,   250] loss: 0.193
[71,   260] loss: 0.179
[71,   270] loss: 0.171
[71,   280] loss: 0.159
[71,   290] loss: 0.142
[71,   300] loss: 0.190
[71,   310] loss: 0.179
[71,   320] loss: 0.233
[71,   330] loss: 0.174
[71,   340] loss: 0.153
[71,   350] loss: 0.185
[71,   360] loss: 0.205
[71,   370] loss: 0.233
[71,   380] loss: 0.191
[71,   390] loss: 0.148
[71,   400] loss: 0.200
VALIDATION loss: 0.35776323080062866
[72,    10] loss: 0.146
[72,    20] loss: 0.178
[72,    30] loss: 0.171
[72,    40] loss: 0.172
[72,    50] loss: 0.200
[72,    60] loss: 0.164
[72,    70] loss: 0.164
[72,    80] loss: 0.183
[72,    90] loss: 0.188
[72,   100] loss: 0.158
[72,   110] loss: 0.146
[72,   120] loss: 0.210
[72,   130] loss: 0.189
[72,   140] loss: 0.178
[72,   150] loss: 0.218
[72,   160] loss: 0.164
[72,   170] loss: 0.223
[72,   180] loss: 0.191
[72,   190] loss: 0.157
[72,   200] loss: 0.181
[72,   210] loss: 0.168
[72,   220] loss: 0.232
[72,   230] loss: 0.242
[72,   240] loss: 0.181
[72,   250] loss: 0.168
[72,   260] loss: 0.187
[72,   270] loss: 0.221
[72,   280] loss: 0.236
[72,   290] loss: 0.154
[72,   300] loss: 0.154
[72,   310] loss: 0.159
[72,   320] loss: 0.216
[72,   330] loss: 0.168
[72,   340] loss: 0.160
[72,   350] loss: 0.181
[72,   360] loss: 0.175
[72,   370] loss: 0.124
[72,   380] loss: 0.187
[72,   390] loss: 0.148
[72,   400] loss: 0.185
VALIDATION loss: 0.2059992253780365
[73,    10] loss: 0.199
[73,    20] loss: 0.155
[73,    30] loss: 0.191
[73,    40] loss: 0.175
[73,    50] loss: 0.205
[73,    60] loss: 0.193
[73,    70] loss: 0.176
[73,    80] loss: 0.185
[73,    90] loss: 0.180
[73,   100] loss: 0.146
[73,   110] loss: 0.162
[73,   120] loss: 0.220
[73,   130] loss: 0.192
[73,   140] loss: 0.122
[73,   150] loss: 0.144
[73,   160] loss: 0.161
[73,   170] loss: 0.191
[73,   180] loss: 0.158
[73,   190] loss: 0.167
[73,   200] loss: 0.179
[73,   210] loss: 0.162
[73,   220] loss: 0.129
[73,   230] loss: 0.179
[73,   240] loss: 0.162
[73,   250] loss: 0.194
[73,   260] loss: 0.175
[73,   270] loss: 0.163
[73,   280] loss: 0.169
[73,   290] loss: 0.175
[73,   300] loss: 0.151
[73,   310] loss: 0.196
[73,   320] loss: 0.179
[73,   330] loss: 0.224
[73,   340] loss: 0.212
[73,   350] loss: 0.232
[73,   360] loss: 0.127
[73,   370] loss: 0.157
[73,   380] loss: 0.191
[73,   390] loss: 0.182
[73,   400] loss: 0.211
VALIDATION loss: 0.38906705379486084
[74,    10] loss: 0.191
[74,    20] loss: 0.198
[74,    30] loss: 0.187
[74,    40] loss: 0.144
[74,    50] loss: 0.175
[74,    60] loss: 0.156
[74,    70] loss: 0.172
[74,    80] loss: 0.168
[74,    90] loss: 0.166
[74,   100] loss: 0.199
[74,   110] loss: 0.200
[74,   120] loss: 0.148
[74,   130] loss: 0.176
[74,   140] loss: 0.208
[74,   150] loss: 0.200
[74,   160] loss: 0.152
[74,   170] loss: 0.137
[74,   180] loss: 0.162
[74,   190] loss: 0.184
[74,   200] loss: 0.158
[74,   210] loss: 0.164
[74,   220] loss: 0.176
[74,   230] loss: 0.128
[74,   240] loss: 0.163
[74,   250] loss: 0.173
[74,   260] loss: 0.172
[74,   270] loss: 0.227
[74,   280] loss: 0.136
[74,   290] loss: 0.150
[74,   300] loss: 0.155
[74,   310] loss: 0.167
[74,   320] loss: 0.214
[74,   330] loss: 0.155
[74,   340] loss: 0.186
[74,   350] loss: 0.218
[74,   360] loss: 0.188
[74,   370] loss: 0.163
[74,   380] loss: 0.201
[74,   390] loss: 0.171
[74,   400] loss: 0.185
VALIDATION loss: 0.2241830974817276
[75,    10] loss: 0.198
[75,    20] loss: 0.177
[75,    30] loss: 0.238
[75,    40] loss: 0.142
[75,    50] loss: 0.165
[75,    60] loss: 0.126
[75,    70] loss: 0.147
[75,    80] loss: 0.140
[75,    90] loss: 0.155
[75,   100] loss: 0.194
[75,   110] loss: 0.193
[75,   120] loss: 0.122
[75,   130] loss: 0.169
[75,   140] loss: 0.186
[75,   150] loss: 0.173
[75,   160] loss: 0.159
[75,   170] loss: 0.155
[75,   180] loss: 0.147
[75,   190] loss: 0.167
[75,   200] loss: 0.195
[75,   210] loss: 0.196
[75,   220] loss: 0.165
[75,   230] loss: 0.186
[75,   240] loss: 0.200
[75,   250] loss: 0.190
[75,   260] loss: 0.140
[75,   270] loss: 0.134
[75,   280] loss: 0.184
[75,   290] loss: 0.182
[75,   300] loss: 0.205
[75,   310] loss: 0.164
[75,   320] loss: 0.146
[75,   330] loss: 0.137
[75,   340] loss: 0.185
[75,   350] loss: 0.158
[75,   360] loss: 0.176
[75,   370] loss: 0.178
[75,   380] loss: 0.163
[75,   390] loss: 0.163
[75,   400] loss: 0.155
VALIDATION loss: 0.2125469297170639
[76,    10] loss: 0.116
[76,    20] loss: 0.218
[76,    30] loss: 0.145
[76,    40] loss: 0.156
[76,    50] loss: 0.154
[76,    60] loss: 0.210
[76,    70] loss: 0.164
[76,    80] loss: 0.188
[76,    90] loss: 0.194
[76,   100] loss: 0.215
[76,   110] loss: 0.161
[76,   120] loss: 0.182
[76,   130] loss: 0.229
[76,   140] loss: 0.163
[76,   150] loss: 0.154
[76,   160] loss: 0.219
[76,   170] loss: 0.162
[76,   180] loss: 0.148
[76,   190] loss: 0.235
[76,   200] loss: 0.148
[76,   210] loss: 0.173
[76,   220] loss: 0.150
[76,   230] loss: 0.114
[76,   240] loss: 0.239
[76,   250] loss: 0.211
[76,   260] loss: 0.196
[76,   270] loss: 0.192
[76,   280] loss: 0.246
[76,   290] loss: 0.183
[76,   300] loss: 0.175
[76,   310] loss: 0.162
[76,   320] loss: 0.199
[76,   330] loss: 0.181
[76,   340] loss: 0.189
[76,   350] loss: 0.225
[76,   360] loss: 0.181
[76,   370] loss: 0.135
[76,   380] loss: 0.193
[76,   390] loss: 0.161
[76,   400] loss: 0.134
VALIDATION loss: 0.28096815943717957
[77,    10] loss: 0.160
[77,    20] loss: 0.175
[77,    30] loss: 0.173
[77,    40] loss: 0.183
[77,    50] loss: 0.193
[77,    60] loss: 0.142
[77,    70] loss: 0.219
[77,    80] loss: 0.171
[77,    90] loss: 0.229
[77,   100] loss: 0.144
[77,   110] loss: 0.201
[77,   120] loss: 0.137
[77,   130] loss: 0.160
[77,   140] loss: 0.193
[77,   150] loss: 0.166
[77,   160] loss: 0.191
[77,   170] loss: 0.154
[77,   180] loss: 0.193
[77,   190] loss: 0.148
[77,   200] loss: 0.151
[77,   210] loss: 0.165
[77,   220] loss: 0.183
[77,   230] loss: 0.168
[77,   240] loss: 0.151
[77,   250] loss: 0.171
[77,   260] loss: 0.196
[77,   270] loss: 0.191
[77,   280] loss: 0.178
[77,   290] loss: 0.156
[77,   300] loss: 0.185
[77,   310] loss: 0.145
[77,   320] loss: 0.196
[77,   330] loss: 0.201
[77,   340] loss: 0.189
[77,   350] loss: 0.151
[77,   360] loss: 0.168
[77,   370] loss: 0.157
[77,   380] loss: 0.135
[77,   390] loss: 0.150
[77,   400] loss: 0.156
VALIDATION loss: 0.19331306219100952
[78,    10] loss: 0.213
[78,    20] loss: 0.166
[78,    30] loss: 0.126
[78,    40] loss: 0.177
[78,    50] loss: 0.217
[78,    60] loss: 0.168
[78,    70] loss: 0.178
[78,    80] loss: 0.125
[78,    90] loss: 0.150
[78,   100] loss: 0.196
[78,   110] loss: 0.170
[78,   120] loss: 0.134
[78,   130] loss: 0.202
[78,   140] loss: 0.160
[78,   150] loss: 0.147
[78,   160] loss: 0.179
[78,   170] loss: 0.179
[78,   180] loss: 0.132
[78,   190] loss: 0.129
[78,   200] loss: 0.142
[78,   210] loss: 0.184
[78,   220] loss: 0.169
[78,   230] loss: 0.175
[78,   240] loss: 0.136
[78,   250] loss: 0.204
[78,   260] loss: 0.129
[78,   270] loss: 0.159
[78,   280] loss: 0.190
[78,   290] loss: 0.179
[78,   300] loss: 0.152
[78,   310] loss: 0.172
[78,   320] loss: 0.181
[78,   330] loss: 0.158
[78,   340] loss: 0.177
[78,   350] loss: 0.197
[78,   360] loss: 0.128
[78,   370] loss: 0.148
[78,   380] loss: 0.180
[78,   390] loss: 0.172
[78,   400] loss: 0.146
VALIDATION loss: 0.3352693021297455
[79,    10] loss: 0.165
[79,    20] loss: 0.178
[79,    30] loss: 0.156
[79,    40] loss: 0.109
[79,    50] loss: 0.177
[79,    60] loss: 0.162
[79,    70] loss: 0.148
[79,    80] loss: 0.175
[79,    90] loss: 0.185
[79,   100] loss: 0.181
[79,   110] loss: 0.239
[79,   120] loss: 0.126
[79,   130] loss: 0.216
[79,   140] loss: 0.168
[79,   150] loss: 0.156
[79,   160] loss: 0.173
[79,   170] loss: 0.188
[79,   180] loss: 0.156
[79,   190] loss: 0.180
[79,   200] loss: 0.167
[79,   210] loss: 0.165
[79,   220] loss: 0.115
[79,   230] loss: 0.154
[79,   240] loss: 0.198
[79,   250] loss: 0.131
[79,   260] loss: 0.188
[79,   270] loss: 0.215
[79,   280] loss: 0.179
[79,   290] loss: 0.154
[79,   300] loss: 0.225
[79,   310] loss: 0.192
[79,   320] loss: 0.178
[79,   330] loss: 0.147
[79,   340] loss: 0.181
[79,   350] loss: 0.227
[79,   360] loss: 0.139
[79,   370] loss: 0.156
[79,   380] loss: 0.139
[79,   390] loss: 0.155
[79,   400] loss: 0.196
VALIDATION loss: 0.22751207649707794
[80,    10] loss: 0.164
[80,    20] loss: 0.169
[80,    30] loss: 0.146
[80,    40] loss: 0.200
[80,    50] loss: 0.150
[80,    60] loss: 0.137
[80,    70] loss: 0.126
[80,    80] loss: 0.147
[80,    90] loss: 0.172
[80,   100] loss: 0.197
[80,   110] loss: 0.146
[80,   120] loss: 0.142
[80,   130] loss: 0.178
[80,   140] loss: 0.171
[80,   150] loss: 0.136
[80,   160] loss: 0.162
[80,   170] loss: 0.171
[80,   180] loss: 0.177
[80,   190] loss: 0.199
[80,   200] loss: 0.142
[80,   210] loss: 0.157
[80,   220] loss: 0.158
[80,   230] loss: 0.200
[80,   240] loss: 0.129
[80,   250] loss: 0.163
[80,   260] loss: 0.177
[80,   270] loss: 0.178
[80,   280] loss: 0.201
[80,   290] loss: 0.163
[80,   300] loss: 0.181
[80,   310] loss: 0.177
[80,   320] loss: 0.159
[80,   330] loss: 0.184
[80,   340] loss: 0.182
[80,   350] loss: 0.141
[80,   360] loss: 0.154
[80,   370] loss: 0.167
[80,   380] loss: 0.175
[80,   390] loss: 0.218
[80,   400] loss: 0.144
VALIDATION loss: 0.18434414267539978
[81,    10] loss: 0.138
[81,    20] loss: 0.144
[81,    30] loss: 0.172
[81,    40] loss: 0.149
[81,    50] loss: 0.167
[81,    60] loss: 0.233
[81,    70] loss: 0.146
[81,    80] loss: 0.219
[81,    90] loss: 0.174
[81,   100] loss: 0.216
[81,   110] loss: 0.166
[81,   120] loss: 0.165
[81,   130] loss: 0.224
[81,   140] loss: 0.159
[81,   150] loss: 0.137
[81,   160] loss: 0.132
[81,   170] loss: 0.182
[81,   180] loss: 0.171
[81,   190] loss: 0.173
[81,   200] loss: 0.128
[81,   210] loss: 0.180
[81,   220] loss: 0.160
[81,   230] loss: 0.157
[81,   240] loss: 0.147
[81,   250] loss: 0.152
[81,   260] loss: 0.140
[81,   270] loss: 0.200
[81,   280] loss: 0.187
[81,   290] loss: 0.184
[81,   300] loss: 0.184
[81,   310] loss: 0.185
[81,   320] loss: 0.164
[81,   330] loss: 0.171
[81,   340] loss: 0.151
[81,   350] loss: 0.192
[81,   360] loss: 0.226
[81,   370] loss: 0.172
[81,   380] loss: 0.151
[81,   390] loss: 0.142
[81,   400] loss: 0.162
VALIDATION loss: 0.1776440292596817
[82,    10] loss: 0.162
[82,    20] loss: 0.209
[82,    30] loss: 0.172
[82,    40] loss: 0.186
[82,    50] loss: 0.180
[82,    60] loss: 0.160
[82,    70] loss: 0.160
[82,    80] loss: 0.158
[82,    90] loss: 0.139
[82,   100] loss: 0.171
[82,   110] loss: 0.180
[82,   120] loss: 0.167
[82,   130] loss: 0.181
[82,   140] loss: 0.183
[82,   150] loss: 0.202
[82,   160] loss: 0.118
[82,   170] loss: 0.184
[82,   180] loss: 0.237
[82,   190] loss: 0.158
[82,   200] loss: 0.160
[82,   210] loss: 0.169
[82,   220] loss: 0.191
[82,   230] loss: 0.119
[82,   240] loss: 0.180
[82,   250] loss: 0.171
[82,   260] loss: 0.195
[82,   270] loss: 0.177
[82,   280] loss: 0.196
[82,   290] loss: 0.130
[82,   300] loss: 0.152
[82,   310] loss: 0.167
[82,   320] loss: 0.114
[82,   330] loss: 0.178
[82,   340] loss: 0.152
[82,   350] loss: 0.161
[82,   360] loss: 0.140
[82,   370] loss: 0.181
[82,   380] loss: 0.191
[82,   390] loss: 0.153
[82,   400] loss: 0.159
VALIDATION loss: 0.38321998715400696
[83,    10] loss: 0.158
[83,    20] loss: 0.162
[83,    30] loss: 0.187
[83,    40] loss: 0.138
[83,    50] loss: 0.129
[83,    60] loss: 0.170
[83,    70] loss: 0.169
[83,    80] loss: 0.152
[83,    90] loss: 0.163
[83,   100] loss: 0.137
[83,   110] loss: 0.182
[83,   120] loss: 0.159
[83,   130] loss: 0.145
[83,   140] loss: 0.177
[83,   150] loss: 0.169
[83,   160] loss: 0.151
[83,   170] loss: 0.183
[83,   180] loss: 0.224
[83,   190] loss: 0.198
[83,   200] loss: 0.172
[83,   210] loss: 0.153
[83,   220] loss: 0.161
[83,   230] loss: 0.105
[83,   240] loss: 0.202
[83,   250] loss: 0.125
[83,   260] loss: 0.180
[83,   270] loss: 0.164
[83,   280] loss: 0.177
[83,   290] loss: 0.171
[83,   300] loss: 0.117
[83,   310] loss: 0.223
[83,   320] loss: 0.149
[83,   330] loss: 0.172
[83,   340] loss: 0.188
[83,   350] loss: 0.169
[83,   360] loss: 0.169
[83,   370] loss: 0.163
[83,   380] loss: 0.141
[83,   390] loss: 0.146
[83,   400] loss: 0.148
VALIDATION loss: 0.15785111486911774
[84,    10] loss: 0.153
[84,    20] loss: 0.158
[84,    30] loss: 0.167
[84,    40] loss: 0.183
[84,    50] loss: 0.143
[84,    60] loss: 0.154
[84,    70] loss: 0.172
[84,    80] loss: 0.151
[84,    90] loss: 0.168
[84,   100] loss: 0.143
[84,   110] loss: 0.138
[84,   120] loss: 0.177
[84,   130] loss: 0.146
[84,   140] loss: 0.196
[84,   150] loss: 0.182
[84,   160] loss: 0.129
[84,   170] loss: 0.156
[84,   180] loss: 0.130
[84,   190] loss: 0.136
[84,   200] loss: 0.185
[84,   210] loss: 0.196
[84,   220] loss: 0.140
[84,   230] loss: 0.157
[84,   240] loss: 0.158
[84,   250] loss: 0.198
[84,   260] loss: 0.190
[84,   270] loss: 0.191
[84,   280] loss: 0.165
[84,   290] loss: 0.142
[84,   300] loss: 0.134
[84,   310] loss: 0.200
[84,   320] loss: 0.183
[84,   330] loss: 0.171
[84,   340] loss: 0.181
[84,   350] loss: 0.130
[84,   360] loss: 0.179
[84,   370] loss: 0.157
[84,   380] loss: 0.126
[84,   390] loss: 0.142
[84,   400] loss: 0.155
VALIDATION loss: 0.4195590913295746
[85,    10] loss: 0.262
[85,    20] loss: 0.163
[85,    30] loss: 0.157
[85,    40] loss: 0.150
[85,    50] loss: 0.139
[85,    60] loss: 0.133
[85,    70] loss: 0.162
[85,    80] loss: 0.167
[85,    90] loss: 0.116
[85,   100] loss: 0.190
[85,   110] loss: 0.137
[85,   120] loss: 0.145
[85,   130] loss: 0.148
[85,   140] loss: 0.114
[85,   150] loss: 0.133
[85,   160] loss: 0.132
[85,   170] loss: 0.164
[85,   180] loss: 0.169
[85,   190] loss: 0.179
[85,   200] loss: 0.201
[85,   210] loss: 0.207
[85,   220] loss: 0.189
[85,   230] loss: 0.119
[85,   240] loss: 0.163
[85,   250] loss: 0.141
[85,   260] loss: 0.194
[85,   270] loss: 0.163
[85,   280] loss: 0.189
[85,   290] loss: 0.133
[85,   300] loss: 0.192
[85,   310] loss: 0.156
[85,   320] loss: 0.174
[85,   330] loss: 0.165
[85,   340] loss: 0.156
[85,   350] loss: 0.178
[85,   360] loss: 0.176
[85,   370] loss: 0.206
[85,   380] loss: 0.147
[85,   390] loss: 0.191
[85,   400] loss: 0.146
VALIDATION loss: 2.429697275161743
[86,    10] loss: 0.184
[86,    20] loss: 0.161
[86,    30] loss: 0.180
[86,    40] loss: 0.137
[86,    50] loss: 0.154
[86,    60] loss: 0.196
[86,    70] loss: 0.173
[86,    80] loss: 0.151
[86,    90] loss: 0.186
[86,   100] loss: 0.185
[86,   110] loss: 0.141
[86,   120] loss: 0.116
[86,   130] loss: 0.179
[86,   140] loss: 0.147
[86,   150] loss: 0.176
[86,   160] loss: 0.185
[86,   170] loss: 0.201
[86,   180] loss: 0.211
[86,   190] loss: 0.143
[86,   200] loss: 0.158
[86,   210] loss: 0.157
[86,   220] loss: 0.171
[86,   230] loss: 0.175
[86,   240] loss: 0.164
[86,   250] loss: 0.150
[86,   260] loss: 0.154
[86,   270] loss: 0.173
[86,   280] loss: 0.127
[86,   290] loss: 0.153
[86,   300] loss: 0.162
[86,   310] loss: 0.189
[86,   320] loss: 0.122
[86,   330] loss: 0.173
[86,   340] loss: 0.169
[86,   350] loss: 0.184
[86,   360] loss: 0.161
[86,   370] loss: 0.172
[86,   380] loss: 0.140
[86,   390] loss: 0.151
[86,   400] loss: 0.161
VALIDATION loss: 0.1947559118270874
[87,    10] loss: 0.168
[87,    20] loss: 0.132
[87,    30] loss: 0.173
[87,    40] loss: 0.144
[87,    50] loss: 0.168
[87,    60] loss: 0.145
[87,    70] loss: 0.165
[87,    80] loss: 0.154
[87,    90] loss: 0.197
[87,   100] loss: 0.182
[87,   110] loss: 0.214
[87,   120] loss: 0.168
[87,   130] loss: 0.202
[87,   140] loss: 0.186
[87,   150] loss: 0.165
[87,   160] loss: 0.128
[87,   170] loss: 0.198
[87,   180] loss: 0.188
[87,   190] loss: 0.155
[87,   200] loss: 0.171
[87,   210] loss: 0.135
[87,   220] loss: 0.172
[87,   230] loss: 0.161
[87,   240] loss: 0.188
[87,   250] loss: 0.135
[87,   260] loss: 0.154
[87,   270] loss: 0.203
[87,   280] loss: 0.216
[87,   290] loss: 0.127
[87,   300] loss: 0.150
[87,   310] loss: 0.142
[87,   320] loss: 0.144
[87,   330] loss: 0.144
[87,   340] loss: 0.111
[87,   350] loss: 0.110
[87,   360] loss: 0.159
[87,   370] loss: 0.141
[87,   380] loss: 0.148
[87,   390] loss: 0.213
[87,   400] loss: 0.120
VALIDATION loss: 0.30232590436935425
[88,    10] loss: 0.129
[88,    20] loss: 0.165
[88,    30] loss: 0.141
[88,    40] loss: 0.139
[88,    50] loss: 0.213
[88,    60] loss: 0.175
[88,    70] loss: 0.183
[88,    80] loss: 0.197
[88,    90] loss: 0.159
[88,   100] loss: 0.141
[88,   110] loss: 0.185
[88,   120] loss: 0.149
[88,   130] loss: 0.162
[88,   140] loss: 0.131
[88,   150] loss: 0.170
[88,   160] loss: 0.160
[88,   170] loss: 0.170
[88,   180] loss: 0.162
[88,   190] loss: 0.131
[88,   200] loss: 0.165
[88,   210] loss: 0.195
[88,   220] loss: 0.171
[88,   230] loss: 0.156
[88,   240] loss: 0.169
[88,   250] loss: 0.144
[88,   260] loss: 0.126
[88,   270] loss: 0.129
[88,   280] loss: 0.199
[88,   290] loss: 0.144
[88,   300] loss: 0.178
[88,   310] loss: 0.119
[88,   320] loss: 0.168
[88,   330] loss: 0.178
[88,   340] loss: 0.123
[88,   350] loss: 0.166
[88,   360] loss: 0.191
[88,   370] loss: 0.153
[88,   380] loss: 0.142
[88,   390] loss: 0.179
[88,   400] loss: 0.164
VALIDATION loss: 0.16187714040279388
[89,    10] loss: 0.156
[89,    20] loss: 0.131
[89,    30] loss: 0.137
[89,    40] loss: 0.195
[89,    50] loss: 0.139
[89,    60] loss: 0.163
[89,    70] loss: 0.164
[89,    80] loss: 0.146
[89,    90] loss: 0.185
[89,   100] loss: 0.184
[89,   110] loss: 0.121
[89,   120] loss: 0.126
[89,   130] loss: 0.175
[89,   140] loss: 0.149
[89,   150] loss: 0.143
[89,   160] loss: 0.167
[89,   170] loss: 0.148
[89,   180] loss: 0.193
[89,   190] loss: 0.193
[89,   200] loss: 0.132
[89,   210] loss: 0.172
[89,   220] loss: 0.155
[89,   230] loss: 0.152
[89,   240] loss: 0.215
[89,   250] loss: 0.144
[89,   260] loss: 0.167
[89,   270] loss: 0.175
[89,   280] loss: 0.116
[89,   290] loss: 0.146
[89,   300] loss: 0.167
[89,   310] loss: 0.181
[89,   320] loss: 0.174
[89,   330] loss: 0.209
[89,   340] loss: 0.159
[89,   350] loss: 0.199
[89,   360] loss: 0.129
[89,   370] loss: 0.193
[89,   380] loss: 0.124
[89,   390] loss: 0.129
[89,   400] loss: 0.164
VALIDATION loss: 0.173207625746727
[90,    10] loss: 0.175
[90,    20] loss: 0.195
[90,    30] loss: 0.150
[90,    40] loss: 0.181
[90,    50] loss: 0.149
[90,    60] loss: 0.146
[90,    70] loss: 0.203
[90,    80] loss: 0.157
[90,    90] loss: 0.136
[90,   100] loss: 0.154
[90,   110] loss: 0.144
[90,   120] loss: 0.141
[90,   130] loss: 0.153
[90,   140] loss: 0.141
[90,   150] loss: 0.157
[90,   160] loss: 0.106
[90,   170] loss: 0.145
[90,   180] loss: 0.161
[90,   190] loss: 0.128
[90,   200] loss: 0.130
[90,   210] loss: 0.136
[90,   220] loss: 0.166
[90,   230] loss: 0.149
[90,   240] loss: 0.160
[90,   250] loss: 0.157
[90,   260] loss: 0.143
[90,   270] loss: 0.120
[90,   280] loss: 0.188
[90,   290] loss: 0.172
[90,   300] loss: 0.184
[90,   310] loss: 0.201
[90,   320] loss: 0.121
[90,   330] loss: 0.250
[90,   340] loss: 0.146
[90,   350] loss: 0.124
[90,   360] loss: 0.147
[90,   370] loss: 0.183
[90,   380] loss: 0.155
[90,   390] loss: 0.190
[90,   400] loss: 0.150
VALIDATION loss: 0.19748444855213165
[91,    10] loss: 0.197
[91,    20] loss: 0.153
[91,    30] loss: 0.150
[91,    40] loss: 0.128
[91,    50] loss: 0.166
[91,    60] loss: 0.137
[91,    70] loss: 0.174
[91,    80] loss: 0.157
[91,    90] loss: 0.187
[91,   100] loss: 0.189
[91,   110] loss: 0.145
[91,   120] loss: 0.161
[91,   130] loss: 0.209
[91,   140] loss: 0.149
[91,   150] loss: 0.144
[91,   160] loss: 0.147
[91,   170] loss: 0.146
[91,   180] loss: 0.190
[91,   190] loss: 0.179
[91,   200] loss: 0.164
[91,   210] loss: 0.135
[91,   220] loss: 0.142
[91,   230] loss: 0.196
[91,   240] loss: 0.169
[91,   250] loss: 0.138
[91,   260] loss: 0.142
[91,   270] loss: 0.194
[91,   280] loss: 0.154
[91,   290] loss: 0.172
[91,   300] loss: 0.176
[91,   310] loss: 0.178
[91,   320] loss: 0.160
[91,   330] loss: 0.173
[91,   340] loss: 0.134
[91,   350] loss: 0.109
[91,   360] loss: 0.153
[91,   370] loss: 0.147
[91,   380] loss: 0.150
[91,   390] loss: 0.175
[91,   400] loss: 0.146
VALIDATION loss: 0.18170101940631866
[92,    10] loss: 0.161
[92,    20] loss: 0.202
[92,    30] loss: 0.162
[92,    40] loss: 0.146
[92,    50] loss: 0.151
[92,    60] loss: 0.147
[92,    70] loss: 0.173
[92,    80] loss: 0.202
[92,    90] loss: 0.173
[92,   100] loss: 0.156
[92,   110] loss: 0.165
[92,   120] loss: 0.150
[92,   130] loss: 0.132
[92,   140] loss: 0.212
[92,   150] loss: 0.157
[92,   160] loss: 0.152
[92,   170] loss: 0.127
[92,   180] loss: 0.123
[92,   190] loss: 0.172
[92,   200] loss: 0.129
[92,   210] loss: 0.142
[92,   220] loss: 0.120
[92,   230] loss: 0.116
[92,   240] loss: 0.164
[92,   250] loss: 0.134
[92,   260] loss: 0.148
[92,   270] loss: 0.186
[92,   280] loss: 0.192
[92,   290] loss: 0.169
[92,   300] loss: 0.163
[92,   310] loss: 0.136
[92,   320] loss: 0.146
[92,   330] loss: 0.170
[92,   340] loss: 0.157
[92,   350] loss: 0.140
[92,   360] loss: 0.110
[92,   370] loss: 0.148
[92,   380] loss: 0.160
[92,   390] loss: 0.158
[92,   400] loss: 0.149
VALIDATION loss: 0.15405063331127167
[93,    10] loss: 0.145
[93,    20] loss: 0.194
[93,    30] loss: 0.153
[93,    40] loss: 0.171
[93,    50] loss: 0.172
[93,    60] loss: 0.139
[93,    70] loss: 0.151
[93,    80] loss: 0.155
[93,    90] loss: 0.124
[93,   100] loss: 0.144
[93,   110] loss: 0.183
[93,   120] loss: 0.178
[93,   130] loss: 0.192
[93,   140] loss: 0.171
[93,   150] loss: 0.129
[93,   160] loss: 0.166
[93,   170] loss: 0.114
[93,   180] loss: 0.145
[93,   190] loss: 0.139
[93,   200] loss: 0.201
[93,   210] loss: 0.132
[93,   220] loss: 0.158
[93,   230] loss: 0.163
[93,   240] loss: 0.157
[93,   250] loss: 0.193
[93,   260] loss: 0.119
[93,   270] loss: 0.144
[93,   280] loss: 0.148
[93,   290] loss: 0.142
[93,   300] loss: 0.177
[93,   310] loss: 0.140
[93,   320] loss: 0.151
[93,   330] loss: 0.140
[93,   340] loss: 0.159
[93,   350] loss: 0.191
[93,   360] loss: 0.182
[93,   370] loss: 0.178
[93,   380] loss: 0.150
[93,   390] loss: 0.138
[93,   400] loss: 0.152
VALIDATION loss: 0.22512486577033997
[94,    10] loss: 0.151
[94,    20] loss: 0.136
[94,    30] loss: 0.149
[94,    40] loss: 0.154
[94,    50] loss: 0.159
[94,    60] loss: 0.123
[94,    70] loss: 0.132
[94,    80] loss: 0.145
[94,    90] loss: 0.147
[94,   100] loss: 0.159
[94,   110] loss: 0.149
[94,   120] loss: 0.184
[94,   130] loss: 0.126
[94,   140] loss: 0.160
[94,   150] loss: 0.197
[94,   160] loss: 0.125
[94,   170] loss: 0.155
[94,   180] loss: 0.159
[94,   190] loss: 0.157
[94,   200] loss: 0.139
[94,   210] loss: 0.183
[94,   220] loss: 0.182
[94,   230] loss: 0.128
[94,   240] loss: 0.163
[94,   250] loss: 0.153
[94,   260] loss: 0.133
[94,   270] loss: 0.175
[94,   280] loss: 0.129
[94,   290] loss: 0.140
[94,   300] loss: 0.153
[94,   310] loss: 0.119
[94,   320] loss: 0.144
[94,   330] loss: 0.174
[94,   340] loss: 0.141
[94,   350] loss: 0.177
[94,   360] loss: 0.131
[94,   370] loss: 0.158
[94,   380] loss: 0.178
[94,   390] loss: 0.155
[94,   400] loss: 0.154
VALIDATION loss: 0.25281062722206116
[95,    10] loss: 0.155
[95,    20] loss: 0.149
[95,    30] loss: 0.140
[95,    40] loss: 0.166
[95,    50] loss: 0.120
[95,    60] loss: 0.154
[95,    70] loss: 0.138
[95,    80] loss: 0.170
[95,    90] loss: 0.195
[95,   100] loss: 0.203
[95,   110] loss: 0.154
[95,   120] loss: 0.173
[95,   130] loss: 0.176
[95,   140] loss: 0.165
[95,   150] loss: 0.229
[95,   160] loss: 0.138
[95,   170] loss: 0.168
[95,   180] loss: 0.123
[95,   190] loss: 0.132
[95,   200] loss: 0.130
[95,   210] loss: 0.185
[95,   220] loss: 0.175
[95,   230] loss: 0.142
[95,   240] loss: 0.152
[95,   250] loss: 0.130
[95,   260] loss: 0.188
[95,   270] loss: 0.147
[95,   280] loss: 0.124
[95,   290] loss: 0.169
[95,   300] loss: 0.186
[95,   310] loss: 0.181
[95,   320] loss: 0.098
[95,   330] loss: 0.149
[95,   340] loss: 0.112
[95,   350] loss: 0.122
[95,   360] loss: 0.144
[95,   370] loss: 0.152
[95,   380] loss: 0.146
[95,   390] loss: 0.137
[95,   400] loss: 0.138
VALIDATION loss: 0.3954666256904602
[96,    10] loss: 0.152
[96,    20] loss: 0.164
[96,    30] loss: 0.142
[96,    40] loss: 0.165
[96,    50] loss: 0.122
[96,    60] loss: 0.170
[96,    70] loss: 0.197
[96,    80] loss: 0.148
[96,    90] loss: 0.122
[96,   100] loss: 0.115
[96,   110] loss: 0.147
[96,   120] loss: 0.118
[96,   130] loss: 0.181
[96,   140] loss: 0.104
[96,   150] loss: 0.149
[96,   160] loss: 0.120
[96,   170] loss: 0.155
[96,   180] loss: 0.143
[96,   190] loss: 0.184
[96,   200] loss: 0.153
[96,   210] loss: 0.160
[96,   220] loss: 0.212
[96,   230] loss: 0.156
[96,   240] loss: 0.145
[96,   250] loss: 0.162
[96,   260] loss: 0.176
[96,   270] loss: 0.176
[96,   280] loss: 0.146
[96,   290] loss: 0.178
[96,   300] loss: 0.133
[96,   310] loss: 0.170
[96,   320] loss: 0.151
[96,   330] loss: 0.202
[96,   340] loss: 0.123
[96,   350] loss: 0.125
[96,   360] loss: 0.163
[96,   370] loss: 0.153
[96,   380] loss: 0.128
[96,   390] loss: 0.160
[96,   400] loss: 0.123
VALIDATION loss: 0.6919060349464417
[97,    10] loss: 0.173
[97,    20] loss: 0.158
[97,    30] loss: 0.157
[97,    40] loss: 0.194
[97,    50] loss: 0.137
[97,    60] loss: 0.155
[97,    70] loss: 0.143
[97,    80] loss: 0.148
[97,    90] loss: 0.126
[97,   100] loss: 0.147
[97,   110] loss: 0.136
[97,   120] loss: 0.144
[97,   130] loss: 0.123
[97,   140] loss: 0.124
[97,   150] loss: 0.116
[97,   160] loss: 0.144
[97,   170] loss: 0.172
[97,   180] loss: 0.141
[97,   190] loss: 0.126
[97,   200] loss: 0.172
[97,   210] loss: 0.140
[97,   220] loss: 0.168
[97,   230] loss: 0.142
[97,   240] loss: 0.165
[97,   250] loss: 0.130
[97,   260] loss: 0.145
[97,   270] loss: 0.184
[97,   280] loss: 0.106
[97,   290] loss: 0.180
[97,   300] loss: 0.128
[97,   310] loss: 0.151
[97,   320] loss: 0.162
[97,   330] loss: 0.138
[97,   340] loss: 0.137
[97,   350] loss: 0.121
[97,   360] loss: 0.164
[97,   370] loss: 0.160
[97,   380] loss: 0.182
[97,   390] loss: 0.122
[97,   400] loss: 0.149
VALIDATION loss: 0.8945795893669128
[98,    10] loss: 0.133
[98,    20] loss: 0.174
[98,    30] loss: 0.159
[98,    40] loss: 0.180
[98,    50] loss: 0.208
[98,    60] loss: 0.146
[98,    70] loss: 0.134
[98,    80] loss: 0.166
[98,    90] loss: 0.188
[98,   100] loss: 0.155
[98,   110] loss: 0.144
[98,   120] loss: 0.154
[98,   130] loss: 0.183
[98,   140] loss: 0.114
[98,   150] loss: 0.149
[98,   160] loss: 0.183
[98,   170] loss: 0.121
[98,   180] loss: 0.187
[98,   190] loss: 0.147
[98,   200] loss: 0.158
[98,   210] loss: 0.150
[98,   220] loss: 0.125
[98,   230] loss: 0.117
[98,   240] loss: 0.178
[98,   250] loss: 0.162
[98,   260] loss: 0.136
[98,   270] loss: 0.178
[98,   280] loss: 0.124
[98,   290] loss: 0.121
[98,   300] loss: 0.143
[98,   310] loss: 0.175
[98,   320] loss: 0.146
[98,   330] loss: 0.132
[98,   340] loss: 0.125
[98,   350] loss: 0.127
[98,   360] loss: 0.156
[98,   370] loss: 0.145
[98,   380] loss: 0.127
[98,   390] loss: 0.189
[98,   400] loss: 0.187
VALIDATION loss: 2.4486005306243896
[99,    10] loss: 0.188
[99,    20] loss: 0.139
[99,    30] loss: 0.150
[99,    40] loss: 0.150
[99,    50] loss: 0.101
[99,    60] loss: 0.135
[99,    70] loss: 0.126
[99,    80] loss: 0.183
[99,    90] loss: 0.151
[99,   100] loss: 0.176
[99,   110] loss: 0.170
[99,   120] loss: 0.151
[99,   130] loss: 0.144
[99,   140] loss: 0.142
[99,   150] loss: 0.148
[99,   160] loss: 0.185
[99,   170] loss: 0.147
[99,   180] loss: 0.169
[99,   190] loss: 0.139
[99,   200] loss: 0.173
[99,   210] loss: 0.148
[99,   220] loss: 0.181
[99,   230] loss: 0.151
[99,   240] loss: 0.165
[99,   250] loss: 0.136
[99,   260] loss: 0.103
[99,   270] loss: 0.118
[99,   280] loss: 0.199
[99,   290] loss: 0.117
[99,   300] loss: 0.107
[99,   310] loss: 0.158
[99,   320] loss: 0.179
[99,   330] loss: 0.142
[99,   340] loss: 0.130
[99,   350] loss: 0.176
[99,   360] loss: 0.141
[99,   370] loss: 0.150
[99,   380] loss: 0.169
[99,   390] loss: 0.140
[99,   400] loss: 0.126
VALIDATION loss: 0.34632569551467896
[100,    10] loss: 0.153
[100,    20] loss: 0.159
[100,    30] loss: 0.149
[100,    40] loss: 0.135
[100,    50] loss: 0.111
[100,    60] loss: 0.131
[100,    70] loss: 0.156
[100,    80] loss: 0.184
[100,    90] loss: 0.134
[100,   100] loss: 0.135
[100,   110] loss: 0.176
[100,   120] loss: 0.170
[100,   130] loss: 0.135
[100,   140] loss: 0.150
[100,   150] loss: 0.172
[100,   160] loss: 0.165
[100,   170] loss: 0.147
[100,   180] loss: 0.162
[100,   190] loss: 0.146
[100,   200] loss: 0.120
[100,   210] loss: 0.131
[100,   220] loss: 0.181
[100,   230] loss: 0.153
[100,   240] loss: 0.130
[100,   250] loss: 0.173
[100,   260] loss: 0.134
[100,   270] loss: 0.137
[100,   280] loss: 0.130
[100,   290] loss: 0.138
[100,   300] loss: 0.105
[100,   310] loss: 0.152
[100,   320] loss: 0.172
[100,   330] loss: 0.162
[100,   340] loss: 0.137
[100,   350] loss: 0.124
[100,   360] loss: 0.140
[100,   370] loss: 0.142
[100,   380] loss: 0.127
[100,   390] loss: 0.170
[100,   400] loss: 0.156
VALIDATION loss: 0.26556089520454407
Finished !!
Accuracy of the network: 87.14 %
