Collecting dill==0.3.4 (from -r requirements.txt (line 1))
  Using cached https://files.pythonhosted.org/packages/b6/c3/973676ceb86b60835bb3978c6db67a5dc06be6cfdbd14ef0f5a13e3fc9fd/dill-0.3.4-py2.py3-none-any.whl
Requirement already satisfied: laplace==0.1 in /zhome/45/c/128687/.local/lib/python3.6/site-packages (from -r requirements.txt (line 2))
Collecting matplotlib==3.4.0 (from -r requirements.txt (line 3))
Small: 0
Transform: 1
MaxPool: 1
Running GPU.
[1,    10] loss: 1.899
[1,    20] loss: 1.783
[1,    30] loss: 1.723
[1,    40] loss: 1.678
[1,    50] loss: 1.611
[1,    60] loss: 1.594
[1,    70] loss: 1.579
[1,    80] loss: 1.616
[1,    90] loss: 1.568
[1,   100] loss: 1.617
[1,   110] loss: 1.515
[1,   120] loss: 1.511
[1,   130] loss: 1.442
[1,   140] loss: 1.490
[1,   150] loss: 1.511
[1,   160] loss: 1.477
[1,   170] loss: 1.431
[1,   180] loss: 1.368
[1,   190] loss: 1.354
[1,   200] loss: 1.388
[1,   210] loss: 1.393
[1,   220] loss: 1.374
[1,   230] loss: 1.434
[1,   240] loss: 1.386
[1,   250] loss: 1.372
[1,   260] loss: 1.373
[1,   270] loss: 1.424
[1,   280] loss: 1.362
[1,   290] loss: 1.328
[1,   300] loss: 1.353
[1,   310] loss: 1.374
[1,   320] loss: 1.311
[1,   330] loss: 1.323
[1,   340] loss: 1.334
[1,   350] loss: 1.261
[1,   360] loss: 1.287
[1,   370] loss: 1.272
[1,   380] loss: 1.307
[1,   390] loss: 1.365
[1,   400] loss: 1.250
VALIDATION loss: 1.316648244857788
[2,    10] loss: 1.313
[2,    20] loss: 1.226
[2,    30] loss: 1.393
[2,    40] loss: 1.363
[2,    50] loss: 1.214
[2,    60] loss: 1.294
[2,    70] loss: 1.319
[2,    80] loss: 1.229
[2,    90] loss: 1.275
[2,   100] loss: 1.239
[2,   110] loss: 1.278
[2,   120] loss: 1.318
[2,   130] loss: 1.217
[2,   140] loss: 1.227
[2,   150] loss: 1.187
[2,   160] loss: 1.241
[2,   170] loss: 1.305
[2,   180] loss: 1.193
[2,   190] loss: 1.191
[2,   200] loss: 1.197
[2,   210] loss: 1.114
[2,   220] loss: 1.197
[2,   230] loss: 1.168
[2,   240] loss: 1.144
[2,   250] loss: 1.163
[2,   260] loss: 1.187
[2,   270] loss: 1.216
[2,   280] loss: 1.226
[2,   290] loss: 1.204
[2,   300] loss: 1.173
[2,   310] loss: 1.240
[2,   320] loss: 1.252
[2,   330] loss: 1.145
[2,   340] loss: 1.094
[2,   350] loss: 1.106
[2,   360] loss: 1.083
[2,   370] loss: 1.175
[2,   380] loss: 1.194
[2,   390] loss: 1.109
[2,   400] loss: 1.235
VALIDATION loss: 1.7103617191314697
[3,    10] loss: 1.117
[3,    20] loss: 1.167
[3,    30] loss: 1.135
[3,    40] loss: 1.191
[3,    50] loss: 1.147
[3,    60] loss: 1.163
[3,    70] loss: 1.181
[3,    80] loss: 1.128
[3,    90] loss: 1.123
[3,   100] loss: 1.058
[3,   110] loss: 1.115
[3,   120] loss: 1.151
[3,   130] loss: 1.112
[3,   140] loss: 0.997
[3,   150] loss: 1.108
[3,   160] loss: 1.096
[3,   170] loss: 1.029
[3,   180] loss: 1.094
[3,   190] loss: 1.090
[3,   200] loss: 1.130
[3,   210] loss: 1.179
[3,   220] loss: 1.002
[3,   230] loss: 0.991
[3,   240] loss: 1.020
[3,   250] loss: 1.103
[3,   260] loss: 1.057
[3,   270] loss: 1.020
[3,   280] loss: 1.001
[3,   290] loss: 0.999
[3,   300] loss: 0.939
[3,   310] loss: 1.099
[3,   320] loss: 1.099
[3,   330] loss: 1.068
[3,   340] loss: 1.035
[3,   350] loss: 1.015
[3,   360] loss: 0.974
[3,   370] loss: 1.002
[3,   380] loss: 0.974
[3,   390] loss: 1.037
[3,   400] loss: 1.072
VALIDATION loss: 1.1357159614562988
[4,    10] loss: 0.981
[4,    20] loss: 1.153
[4,    30] loss: 1.023
[4,    40] loss: 0.973
[4,    50] loss: 1.046
[4,    60] loss: 0.993
[4,    70] loss: 1.014
[4,    80] loss: 0.963
[4,    90] loss: 0.924
[4,   100] loss: 0.909
[4,   110] loss: 0.901
[4,   120] loss: 0.987
[4,   130] loss: 1.004
[4,   140] loss: 0.895
[4,   150] loss: 1.072
[4,   160] loss: 0.961
[4,   170] loss: 0.886
[4,   180] loss: 1.033
[4,   190] loss: 0.958
[4,   200] loss: 0.909
[4,   210] loss: 0.904
[4,   220] loss: 1.029
[4,   230] loss: 0.775
[4,   240] loss: 1.062
[4,   250] loss: 0.950
[4,   260] loss: 0.898
[4,   270] loss: 0.904
[4,   280] loss: 0.896
[4,   290] loss: 0.905
[4,   300] loss: 0.921
[4,   310] loss: 0.951
[4,   320] loss: 0.910
[4,   330] loss: 0.970
[4,   340] loss: 0.904
[4,   350] loss: 0.995
[4,   360] loss: 0.965
[4,   370] loss: 0.876
[4,   380] loss: 0.922
[4,   390] loss: 0.962
[4,   400] loss: 0.836
VALIDATION loss: 1.328686237335205
[5,    10] loss: 0.881
[5,    20] loss: 1.005
[5,    30] loss: 0.772
[5,    40] loss: 0.923
[5,    50] loss: 0.974
[5,    60] loss: 0.861
[5,    70] loss: 0.918
[5,    80] loss: 0.929
[5,    90] loss: 0.896
[5,   100] loss: 0.857
[5,   110] loss: 0.893
[5,   120] loss: 0.838
[5,   130] loss: 0.898
[5,   140] loss: 0.884
[5,   150] loss: 0.868
[5,   160] loss: 0.885
[5,   170] loss: 0.857
[5,   180] loss: 0.870
[5,   190] loss: 0.913
[5,   200] loss: 0.874
[5,   210] loss: 0.871
[5,   220] loss: 0.891
[5,   230] loss: 0.787
[5,   240] loss: 0.832
[5,   250] loss: 0.760
[5,   260] loss: 0.709
[5,   270] loss: 0.887
[5,   280] loss: 0.895
[5,   290] loss: 0.671
[5,   300] loss: 0.834
[5,   310] loss: 0.819
[5,   320] loss: 0.822
[5,   330] loss: 0.916
[5,   340] loss: 0.831
[5,   350] loss: 0.844
[5,   360] loss: 0.986
[5,   370] loss: 0.896
[5,   380] loss: 0.795
[5,   390] loss: 0.833
[5,   400] loss: 0.887
VALIDATION loss: 2.4952502250671387
[6,    10] loss: 0.886
[6,    20] loss: 0.848
[6,    30] loss: 0.887
[6,    40] loss: 0.812
[6,    50] loss: 0.807
[6,    60] loss: 0.835
[6,    70] loss: 0.889
[6,    80] loss: 0.866
[6,    90] loss: 0.861
[6,   100] loss: 0.794
[6,   110] loss: 0.810
[6,   120] loss: 0.895
[6,   130] loss: 0.947
[6,   140] loss: 0.831
[6,   150] loss: 0.885
[6,   160] loss: 0.892
[6,   170] loss: 0.878
[6,   180] loss: 0.849
[6,   190] loss: 0.831
[6,   200] loss: 0.769
[6,   210] loss: 0.758
[6,   220] loss: 0.679
[6,   230] loss: 0.839
[6,   240] loss: 0.723
[6,   250] loss: 0.798
[6,   260] loss: 0.881
[6,   270] loss: 0.761
[6,   280] loss: 0.803
[6,   290] loss: 0.690
[6,   300] loss: 0.804
[6,   310] loss: 0.719
[6,   320] loss: 0.772
[6,   330] loss: 0.730
[6,   340] loss: 0.749
[6,   350] loss: 0.712
[6,   360] loss: 0.889
[6,   370] loss: 0.804
[6,   380] loss: 0.728
[6,   390] loss: 0.761
[6,   400] loss: 0.759
VALIDATION loss: 2.367572784423828
[7,    10] loss: 0.812
[7,    20] loss: 0.775
[7,    30] loss: 0.949
[7,    40] loss: 0.843
[7,    50] loss: 0.822
[7,    60] loss: 0.893
[7,    70] loss: 0.812
[7,    80] loss: 0.866
[7,    90] loss: 0.869
[7,   100] loss: 0.756
[7,   110] loss: 0.759
[7,   120] loss: 0.711
[7,   130] loss: 0.735
[7,   140] loss: 0.689
[7,   150] loss: 0.820
[7,   160] loss: 0.817
[7,   170] loss: 0.742
[7,   180] loss: 0.714
[7,   190] loss: 0.771
[7,   200] loss: 0.774
[7,   210] loss: 0.751
[7,   220] loss: 0.730
[7,   230] loss: 0.828
[7,   240] loss: 0.677
[7,   250] loss: 0.721
[7,   260] loss: 0.733
[7,   270] loss: 0.656
[7,   280] loss: 0.668
[7,   290] loss: 0.601
[7,   300] loss: 0.714
[7,   310] loss: 0.626
[7,   320] loss: 0.701
[7,   330] loss: 0.725
[7,   340] loss: 0.811
[7,   350] loss: 0.752
[7,   360] loss: 0.706
[7,   370] loss: 0.710
[7,   380] loss: 0.750
[7,   390] loss: 0.691
[7,   400] loss: 0.763
VALIDATION loss: 1.001583218574524
[8,    10] loss: 0.666
[8,    20] loss: 0.735
[8,    30] loss: 0.676
[8,    40] loss: 0.633
[8,    50] loss: 0.756
[8,    60] loss: 0.686
[8,    70] loss: 0.631
[8,    80] loss: 0.589
[8,    90] loss: 0.757
[8,   100] loss: 0.686
[8,   110] loss: 0.683
[8,   120] loss: 0.676
[8,   130] loss: 0.760
[8,   140] loss: 0.692
[8,   150] loss: 0.633
[8,   160] loss: 0.719
[8,   170] loss: 0.757
[8,   180] loss: 0.665
[8,   190] loss: 0.720
[8,   200] loss: 0.622
[8,   210] loss: 0.653
[8,   220] loss: 0.714
[8,   230] loss: 0.607
[8,   240] loss: 0.688
[8,   250] loss: 0.650
[8,   260] loss: 0.653
[8,   270] loss: 0.743
[8,   280] loss: 0.648
[8,   290] loss: 0.734
[8,   300] loss: 0.661
[8,   310] loss: 0.747
[8,   320] loss: 0.673
[8,   330] loss: 0.765
[8,   340] loss: 0.651
[8,   350] loss: 0.703
[8,   360] loss: 0.740
[8,   370] loss: 0.780
[8,   380] loss: 0.645
[8,   390] loss: 0.699
[8,   400] loss: 0.735
VALIDATION loss: 2.209923267364502
[9,    10] loss: 0.738
[9,    20] loss: 0.668
[9,    30] loss: 0.805
[9,    40] loss: 0.684
[9,    50] loss: 0.629
[9,    60] loss: 0.688
[9,    70] loss: 0.610
[9,    80] loss: 0.758
[9,    90] loss: 0.653
[9,   100] loss: 0.638
[9,   110] loss: 0.660
[9,   120] loss: 0.693
[9,   130] loss: 0.634
[9,   140] loss: 0.659
[9,   150] loss: 0.672
[9,   160] loss: 0.714
[9,   170] loss: 0.674
[9,   180] loss: 0.736
[9,   190] loss: 0.756
[9,   200] loss: 0.659
[9,   210] loss: 0.681
[9,   220] loss: 0.539
[9,   230] loss: 0.694
[9,   240] loss: 0.547
[9,   250] loss: 0.622
[9,   260] loss: 0.630
[9,   270] loss: 0.640
[9,   280] loss: 0.633
[9,   290] loss: 0.648
[9,   300] loss: 0.682
[9,   310] loss: 0.658
[9,   320] loss: 0.628
[9,   330] loss: 0.743
[9,   340] loss: 0.675
[9,   350] loss: 0.649
[9,   360] loss: 0.666
[9,   370] loss: 0.694
[9,   380] loss: 0.711
[9,   390] loss: 0.600
[9,   400] loss: 0.623
VALIDATION loss: 0.5657510161399841
[10,    10] loss: 0.616
[10,    20] loss: 0.575
[10,    30] loss: 0.604
[10,    40] loss: 0.755
[10,    50] loss: 0.703
[10,    60] loss: 0.528
[10,    70] loss: 0.657
[10,    80] loss: 0.671
[10,    90] loss: 0.604
[10,   100] loss: 0.552
[10,   110] loss: 0.614
[10,   120] loss: 0.555
[10,   130] loss: 0.515
[10,   140] loss: 0.605
[10,   150] loss: 0.682
[10,   160] loss: 0.689
[10,   170] loss: 0.529
[10,   180] loss: 0.738
[10,   190] loss: 0.543
[10,   200] loss: 0.655
[10,   210] loss: 0.652
[10,   220] loss: 0.617
[10,   230] loss: 0.576
[10,   240] loss: 0.646
[10,   250] loss: 0.642
[10,   260] loss: 0.700
[10,   270] loss: 0.669
[10,   280] loss: 0.645
[10,   290] loss: 0.538
[10,   300] loss: 0.641
[10,   310] loss: 0.669
[10,   320] loss: 0.612
[10,   330] loss: 0.621
[10,   340] loss: 0.525
[10,   350] loss: 0.516
[10,   360] loss: 0.640
[10,   370] loss: 0.669
[10,   380] loss: 0.611
[10,   390] loss: 0.629
[10,   400] loss: 0.563
VALIDATION loss: 0.9334266781806946
[11,    10] loss: 0.764
[11,    20] loss: 0.641
[11,    30] loss: 0.528
[11,    40] loss: 0.708
[11,    50] loss: 0.602
[11,    60] loss: 0.544
[11,    70] loss: 0.650
[11,    80] loss: 0.540
[11,    90] loss: 0.512
[11,   100] loss: 0.532
[11,   110] loss: 0.556
[11,   120] loss: 0.624
[11,   130] loss: 0.472
[11,   140] loss: 0.643
[11,   150] loss: 0.631
[11,   160] loss: 0.545
[11,   170] loss: 0.549
[11,   180] loss: 0.529
[11,   190] loss: 0.556
[11,   200] loss: 0.522
[11,   210] loss: 0.596
[11,   220] loss: 0.551
[11,   230] loss: 0.620
[11,   240] loss: 0.489
[11,   250] loss: 0.650
[11,   260] loss: 0.563
[11,   270] loss: 0.480
[11,   280] loss: 0.548
[11,   290] loss: 0.590
[11,   300] loss: 0.493
[11,   310] loss: 0.648
[11,   320] loss: 0.629
[11,   330] loss: 0.585
[11,   340] loss: 0.632
[11,   350] loss: 0.542
[11,   360] loss: 0.668
[11,   370] loss: 0.553
[11,   380] loss: 0.628
[11,   390] loss: 0.577
[11,   400] loss: 0.611
VALIDATION loss: 0.5272919535636902
[12,    10] loss: 0.540
[12,    20] loss: 0.572
[12,    30] loss: 0.627
[12,    40] loss: 0.540
[12,    50] loss: 0.609
[12,    60] loss: 0.611
[12,    70] loss: 0.552
[12,    80] loss: 0.542
[12,    90] loss: 0.592
[12,   100] loss: 0.603
[12,   110] loss: 0.608
[12,   120] loss: 0.529
[12,   130] loss: 0.624
[12,   140] loss: 0.522
[12,   150] loss: 0.610
[12,   160] loss: 0.537
[12,   170] loss: 0.587
[12,   180] loss: 0.658
[12,   190] loss: 0.633
[12,   200] loss: 0.611
[12,   210] loss: 0.535
[12,   220] loss: 0.605
[12,   230] loss: 0.547
[12,   240] loss: 0.489
[12,   250] loss: 0.604
[12,   260] loss: 0.503
[12,   270] loss: 0.595
[12,   280] loss: 0.544
[12,   290] loss: 0.553
[12,   300] loss: 0.656
[12,   310] loss: 0.554
[12,   320] loss: 0.532
[12,   330] loss: 0.561
[12,   340] loss: 0.562
[12,   350] loss: 0.608
[12,   360] loss: 0.523
[12,   370] loss: 0.615
[12,   380] loss: 0.528
[12,   390] loss: 0.603
[12,   400] loss: 0.536
VALIDATION loss: 0.9107717275619507
[13,    10] loss: 0.506
[13,    20] loss: 0.539
[13,    30] loss: 0.512
[13,    40] loss: 0.622
[13,    50] loss: 0.584
[13,    60] loss: 0.620
[13,    70] loss: 0.587
[13,    80] loss: 0.570
[13,    90] loss: 0.590
[13,   100] loss: 0.480
[13,   110] loss: 0.525
[13,   120] loss: 0.581
[13,   130] loss: 0.558
[13,   140] loss: 0.548
[13,   150] loss: 0.514
[13,   160] loss: 0.589
[13,   170] loss: 0.502
[13,   180] loss: 0.449
[13,   190] loss: 0.618
[13,   200] loss: 0.490
[13,   210] loss: 0.631
[13,   220] loss: 0.564
[13,   230] loss: 0.573
[13,   240] loss: 0.471
[13,   250] loss: 0.452
[13,   260] loss: 0.564
[13,   270] loss: 0.491
[13,   280] loss: 0.468
[13,   290] loss: 0.533
[13,   300] loss: 0.454
[13,   310] loss: 0.495
[13,   320] loss: 0.467
[13,   330] loss: 0.502
[13,   340] loss: 0.536
[13,   350] loss: 0.444
[13,   360] loss: 0.494
[13,   370] loss: 0.474
[13,   380] loss: 0.478
[13,   390] loss: 0.488
[13,   400] loss: 0.560
VALIDATION loss: 0.719689667224884
[14,    10] loss: 0.417
[14,    20] loss: 0.497
[14,    30] loss: 0.528
[14,    40] loss: 0.463
[14,    50] loss: 0.577
[14,    60] loss: 0.593
[14,    70] loss: 0.489
[14,    80] loss: 0.547
[14,    90] loss: 0.598
[14,   100] loss: 0.497
[14,   110] loss: 0.561
[14,   120] loss: 0.509
[14,   130] loss: 0.461
[14,   140] loss: 0.607
[14,   150] loss: 0.560
[14,   160] loss: 0.495
[14,   170] loss: 0.578
[14,   180] loss: 0.577
[14,   190] loss: 0.579
[14,   200] loss: 0.507
[14,   210] loss: 0.537
[14,   220] loss: 0.438
[14,   230] loss: 0.494
[14,   240] loss: 0.429
[14,   250] loss: 0.577
[14,   260] loss: 0.468
[14,   270] loss: 0.466
[14,   280] loss: 0.469
[14,   290] loss: 0.492
[14,   300] loss: 0.454
[14,   310] loss: 0.534
[14,   320] loss: 0.567
[14,   330] loss: 0.507
[14,   340] loss: 0.541
[14,   350] loss: 0.510
[14,   360] loss: 0.509
[14,   370] loss: 0.592
[14,   380] loss: 0.464
[14,   390] loss: 0.492
[14,   400] loss: 0.521
VALIDATION loss: 1.2772059440612793
[15,    10] loss: 0.491
[15,    20] loss: 0.562
[15,    30] loss: 0.472
[15,    40] loss: 0.568
[15,    50] loss: 0.519
[15,    60] loss: 0.589
[15,    70] loss: 0.457
[15,    80] loss: 0.474
[15,    90] loss: 0.565
[15,   100] loss: 0.393
[15,   110] loss: 0.467
[15,   120] loss: 0.455
[15,   130] loss: 0.461
[15,   140] loss: 0.480
[15,   150] loss: 0.461
[15,   160] loss: 0.458
[15,   170] loss: 0.553
[15,   180] loss: 0.447
[15,   190] loss: 0.471
[15,   200] loss: 0.420
[15,   210] loss: 0.542
[15,   220] loss: 0.551
[15,   230] loss: 0.550
[15,   240] loss: 0.576
[15,   250] loss: 0.495
[15,   260] loss: 0.470
[15,   270] loss: 0.534
[15,   280] loss: 0.514
[15,   290] loss: 0.487
[15,   300] loss: 0.543
[15,   310] loss: 0.589
[15,   320] loss: 0.461
[15,   330] loss: 0.507
[15,   340] loss: 0.499
[15,   350] loss: 0.485
[15,   360] loss: 0.453
[15,   370] loss: 0.500
[15,   380] loss: 0.590
[15,   390] loss: 0.487
[15,   400] loss: 0.462
VALIDATION loss: 1.1021428108215332
[16,    10] loss: 0.487
[16,    20] loss: 0.554
[16,    30] loss: 0.455
[16,    40] loss: 0.432
[16,    50] loss: 0.435
[16,    60] loss: 0.424
[16,    70] loss: 0.475
[16,    80] loss: 0.532
[16,    90] loss: 0.582
[16,   100] loss: 0.564
[16,   110] loss: 0.523
[16,   120] loss: 0.556
[16,   130] loss: 0.469
[16,   140] loss: 0.441
[16,   150] loss: 0.432
[16,   160] loss: 0.528
[16,   170] loss: 0.512
[16,   180] loss: 0.499
[16,   190] loss: 0.439
[16,   200] loss: 0.501
[16,   210] loss: 0.471
[16,   220] loss: 0.468
[16,   230] loss: 0.526
[16,   240] loss: 0.513
[16,   250] loss: 0.425
[16,   260] loss: 0.515
[16,   270] loss: 0.480
[16,   280] loss: 0.467
[16,   290] loss: 0.587
[16,   300] loss: 0.485
[16,   310] loss: 0.543
[16,   320] loss: 0.510
[16,   330] loss: 0.529
[16,   340] loss: 0.573
[16,   350] loss: 0.508
[16,   360] loss: 0.437
[16,   370] loss: 0.447
[16,   380] loss: 0.413
[16,   390] loss: 0.535
[16,   400] loss: 0.480
VALIDATION loss: 1.1985255479812622
[17,    10] loss: 0.439
[17,    20] loss: 0.424
[17,    30] loss: 0.461
[17,    40] loss: 0.474
[17,    50] loss: 0.443
[17,    60] loss: 0.431
[17,    70] loss: 0.446
[17,    80] loss: 0.474
[17,    90] loss: 0.482
[17,   100] loss: 0.476
[17,   110] loss: 0.500
[17,   120] loss: 0.510
[17,   130] loss: 0.552
[17,   140] loss: 0.469
[17,   150] loss: 0.472
[17,   160] loss: 0.505
[17,   170] loss: 0.421
[17,   180] loss: 0.421
[17,   190] loss: 0.459
[17,   200] loss: 0.490
[17,   210] loss: 0.440
[17,   220] loss: 0.537
[17,   230] loss: 0.566
[17,   240] loss: 0.467
[17,   250] loss: 0.569
[17,   260] loss: 0.393
[17,   270] loss: 0.453
[17,   280] loss: 0.404
[17,   290] loss: 0.468
[17,   300] loss: 0.498
[17,   310] loss: 0.490
[17,   320] loss: 0.497
[17,   330] loss: 0.377
[17,   340] loss: 0.468
[17,   350] loss: 0.403
[17,   360] loss: 0.472
[17,   370] loss: 0.497
[17,   380] loss: 0.450
[17,   390] loss: 0.473
[17,   400] loss: 0.436
VALIDATION loss: 0.5492134094238281
[18,    10] loss: 0.470
[18,    20] loss: 0.443
[18,    30] loss: 0.404
[18,    40] loss: 0.421
[18,    50] loss: 0.501
[18,    60] loss: 0.462
[18,    70] loss: 0.438
[18,    80] loss: 0.455
[18,    90] loss: 0.473
[18,   100] loss: 0.410
[18,   110] loss: 0.343
[18,   120] loss: 0.552
[18,   130] loss: 0.469
[18,   140] loss: 0.493
[18,   150] loss: 0.417
[18,   160] loss: 0.441
[18,   170] loss: 0.440
[18,   180] loss: 0.449
[18,   190] loss: 0.452
[18,   200] loss: 0.491
[18,   210] loss: 0.343
[18,   220] loss: 0.533
[18,   230] loss: 0.487
[18,   240] loss: 0.460
[18,   250] loss: 0.503
[18,   260] loss: 0.404
[18,   270] loss: 0.448
[18,   280] loss: 0.539
[18,   290] loss: 0.520
[18,   300] loss: 0.425
[18,   310] loss: 0.444
[18,   320] loss: 0.460
[18,   330] loss: 0.512
[18,   340] loss: 0.464
[18,   350] loss: 0.419
[18,   360] loss: 0.464
[18,   370] loss: 0.458
[18,   380] loss: 0.366
[18,   390] loss: 0.421
[18,   400] loss: 0.416
VALIDATION loss: 1.0183006525039673
[19,    10] loss: 0.440
[19,    20] loss: 0.360
[19,    30] loss: 0.493
[19,    40] loss: 0.476
[19,    50] loss: 0.477
[19,    60] loss: 0.457
[19,    70] loss: 0.434
[19,    80] loss: 0.372
[19,    90] loss: 0.482
[19,   100] loss: 0.463
[19,   110] loss: 0.426
[19,   120] loss: 0.419
[19,   130] loss: 0.479
[19,   140] loss: 0.449
[19,   150] loss: 0.425
[19,   160] loss: 0.460
[19,   170] loss: 0.422
[19,   180] loss: 0.475
[19,   190] loss: 0.425
[19,   200] loss: 0.418
[19,   210] loss: 0.427
[19,   220] loss: 0.381
[19,   230] loss: 0.421
[19,   240] loss: 0.416
[19,   250] loss: 0.458
[19,   260] loss: 0.440
[19,   270] loss: 0.403
[19,   280] loss: 0.373
[19,   290] loss: 0.375
[19,   300] loss: 0.397
[19,   310] loss: 0.361
[19,   320] loss: 0.400
[19,   330] loss: 0.389
[19,   340] loss: 0.369
[19,   350] loss: 0.355
[19,   360] loss: 0.444
[19,   370] loss: 0.504
[19,   380] loss: 0.452
[19,   390] loss: 0.353
[19,   400] loss: 0.423
VALIDATION loss: 0.5451161861419678
[20,    10] loss: 0.477
[20,    20] loss: 0.335
[20,    30] loss: 0.394
[20,    40] loss: 0.406
[20,    50] loss: 0.387
[20,    60] loss: 0.370
[20,    70] loss: 0.407
[20,    80] loss: 0.528
[20,    90] loss: 0.408
[20,   100] loss: 0.483
[20,   110] loss: 0.398
[20,   120] loss: 0.424
[20,   130] loss: 0.392
[20,   140] loss: 0.473
[20,   150] loss: 0.464
[20,   160] loss: 0.448
[20,   170] loss: 0.418
[20,   180] loss: 0.411
[20,   190] loss: 0.429
[20,   200] loss: 0.377
[20,   210] loss: 0.390
[20,   220] loss: 0.470
[20,   230] loss: 0.381
[20,   240] loss: 0.355
[20,   250] loss: 0.414
[20,   260] loss: 0.396
[20,   270] loss: 0.487
[20,   280] loss: 0.420
[20,   290] loss: 0.438
[20,   300] loss: 0.511
[20,   310] loss: 0.472
[20,   320] loss: 0.401
[20,   330] loss: 0.488
[20,   340] loss: 0.404
[20,   350] loss: 0.462
[20,   360] loss: 0.368
[20,   370] loss: 0.518
[20,   380] loss: 0.424
[20,   390] loss: 0.353
[20,   400] loss: 0.377
VALIDATION loss: 1.2529683113098145
[21,    10] loss: 0.391
[21,    20] loss: 0.420
[21,    30] loss: 0.371
[21,    40] loss: 0.397
[21,    50] loss: 0.375
[21,    60] loss: 0.373
[21,    70] loss: 0.422
[21,    80] loss: 0.439
[21,    90] loss: 0.407
[21,   100] loss: 0.479
[21,   110] loss: 0.472
[21,   120] loss: 0.447
[21,   130] loss: 0.480
[21,   140] loss: 0.429
[21,   150] loss: 0.394
[21,   160] loss: 0.385
[21,   170] loss: 0.360
[21,   180] loss: 0.458
[21,   190] loss: 0.403
[21,   200] loss: 0.363
[21,   210] loss: 0.350
[21,   220] loss: 0.397
[21,   230] loss: 0.429
[21,   240] loss: 0.393
[21,   250] loss: 0.344
[21,   260] loss: 0.343
[21,   270] loss: 0.347
[21,   280] loss: 0.418
[21,   290] loss: 0.357
[21,   300] loss: 0.364
[21,   310] loss: 0.401
[21,   320] loss: 0.445
[21,   330] loss: 0.384
[21,   340] loss: 0.334
[21,   350] loss: 0.374
[21,   360] loss: 0.374
[21,   370] loss: 0.401
[21,   380] loss: 0.356
[21,   390] loss: 0.430
[21,   400] loss: 0.444
VALIDATION loss: 2.269498348236084
[22,    10] loss: 0.330
[22,    20] loss: 0.444
[22,    30] loss: 0.433
[22,    40] loss: 0.368
[22,    50] loss: 0.356
[22,    60] loss: 0.462
[22,    70] loss: 0.386
[22,    80] loss: 0.397
[22,    90] loss: 0.404
[22,   100] loss: 0.415
[22,   110] loss: 0.417
[22,   120] loss: 0.393
[22,   130] loss: 0.438
[22,   140] loss: 0.436
[22,   150] loss: 0.408
[22,   160] loss: 0.345
[22,   170] loss: 0.455
[22,   180] loss: 0.406
[22,   190] loss: 0.406
[22,   200] loss: 0.341
[22,   210] loss: 0.381
[22,   220] loss: 0.395
[22,   230] loss: 0.382
[22,   240] loss: 0.292
[22,   250] loss: 0.401
[22,   260] loss: 0.457
[22,   270] loss: 0.347
[22,   280] loss: 0.479
[22,   290] loss: 0.375
[22,   300] loss: 0.385
[22,   310] loss: 0.373
[22,   320] loss: 0.381
[22,   330] loss: 0.365
[22,   340] loss: 0.411
[22,   350] loss: 0.381
[22,   360] loss: 0.369
[22,   370] loss: 0.386
[22,   380] loss: 0.384
[22,   390] loss: 0.508
[22,   400] loss: 0.406
VALIDATION loss: 0.4313538074493408
[23,    10] loss: 0.365
[23,    20] loss: 0.372
[23,    30] loss: 0.452
[23,    40] loss: 0.340
[23,    50] loss: 0.341
[23,    60] loss: 0.384
[23,    70] loss: 0.379
[23,    80] loss: 0.340
[23,    90] loss: 0.335
[23,   100] loss: 0.383
[23,   110] loss: 0.389
[23,   120] loss: 0.409
[23,   130] loss: 0.356
[23,   140] loss: 0.362
[23,   150] loss: 0.339
[23,   160] loss: 0.357
[23,   170] loss: 0.322
[23,   180] loss: 0.323
[23,   190] loss: 0.432
[23,   200] loss: 0.325
[23,   210] loss: 0.397
[23,   220] loss: 0.412
[23,   230] loss: 0.405
[23,   240] loss: 0.398
[23,   250] loss: 0.360
[23,   260] loss: 0.415
[23,   270] loss: 0.358
[23,   280] loss: 0.385
[23,   290] loss: 0.327
[23,   300] loss: 0.427
[23,   310] loss: 0.384
[23,   320] loss: 0.455
[23,   330] loss: 0.328
[23,   340] loss: 0.404
[23,   350] loss: 0.347
[23,   360] loss: 0.427
[23,   370] loss: 0.392
[23,   380] loss: 0.320
[23,   390] loss: 0.400
[23,   400] loss: 0.387
VALIDATION loss: 1.1319588422775269
[24,    10] loss: 0.389
[24,    20] loss: 0.361
[24,    30] loss: 0.316
[24,    40] loss: 0.360
[24,    50] loss: 0.410
[24,    60] loss: 0.458
[24,    70] loss: 0.423
[24,    80] loss: 0.389
[24,    90] loss: 0.364
[24,   100] loss: 0.292
[24,   110] loss: 0.341
[24,   120] loss: 0.334
[24,   130] loss: 0.306
[24,   140] loss: 0.315
[24,   150] loss: 0.394
[24,   160] loss: 0.330
[24,   170] loss: 0.363
[24,   180] loss: 0.431
[24,   190] loss: 0.415
[24,   200] loss: 0.418
[24,   210] loss: 0.391
[24,   220] loss: 0.349
[24,   230] loss: 0.409
[24,   240] loss: 0.402
[24,   250] loss: 0.337
[24,   260] loss: 0.371
[24,   270] loss: 0.402
[24,   280] loss: 0.375
[24,   290] loss: 0.376
[24,   300] loss: 0.355
[24,   310] loss: 0.342
[24,   320] loss: 0.428
[24,   330] loss: 0.364
[24,   340] loss: 0.379
[24,   350] loss: 0.300
[24,   360] loss: 0.350
[24,   370] loss: 0.327
[24,   380] loss: 0.433
[24,   390] loss: 0.350
[24,   400] loss: 0.293
VALIDATION loss: 0.37968888878822327
[25,    10] loss: 0.313
[25,    20] loss: 0.349
[25,    30] loss: 0.326
[25,    40] loss: 0.309
[25,    50] loss: 0.353
[25,    60] loss: 0.364
[25,    70] loss: 0.385
[25,    80] loss: 0.396
[25,    90] loss: 0.343
[25,   100] loss: 0.365
[25,   110] loss: 0.406
[25,   120] loss: 0.373
[25,   130] loss: 0.391
[25,   140] loss: 0.334
[25,   150] loss: 0.351
[25,   160] loss: 0.439
[25,   170] loss: 0.349
[25,   180] loss: 0.386
[25,   190] loss: 0.346
[25,   200] loss: 0.348
[25,   210] loss: 0.400
[25,   220] loss: 0.354
[25,   230] loss: 0.308
[25,   240] loss: 0.357
[25,   250] loss: 0.316
[25,   260] loss: 0.348
[25,   270] loss: 0.316
[25,   280] loss: 0.446
[25,   290] loss: 0.344
[25,   300] loss: 0.405
[25,   310] loss: 0.375
[25,   320] loss: 0.295
[25,   330] loss: 0.464
[25,   340] loss: 0.376
[25,   350] loss: 0.378
[25,   360] loss: 0.405
[25,   370] loss: 0.414
[25,   380] loss: 0.379
[25,   390] loss: 0.350
[25,   400] loss: 0.373
VALIDATION loss: 0.6968196034431458
[26,    10] loss: 0.355
[26,    20] loss: 0.339
[26,    30] loss: 0.328
[26,    40] loss: 0.360
[26,    50] loss: 0.341
[26,    60] loss: 0.293
[26,    70] loss: 0.282
[26,    80] loss: 0.369
[26,    90] loss: 0.355
[26,   100] loss: 0.324
[26,   110] loss: 0.406
[26,   120] loss: 0.334
[26,   130] loss: 0.374
[26,   140] loss: 0.347
[26,   150] loss: 0.354
[26,   160] loss: 0.327
[26,   170] loss: 0.351
[26,   180] loss: 0.400
[26,   190] loss: 0.308
[26,   200] loss: 0.385
[26,   210] loss: 0.343
[26,   220] loss: 0.362
[26,   230] loss: 0.329
[26,   240] loss: 0.371
[26,   250] loss: 0.323
[26,   260] loss: 0.365
[26,   270] loss: 0.361
[26,   280] loss: 0.391
[26,   290] loss: 0.337
[26,   300] loss: 0.334
[26,   310] loss: 0.291
[26,   320] loss: 0.313
[26,   330] loss: 0.330
[26,   340] loss: 0.370
[26,   350] loss: 0.395
[26,   360] loss: 0.310
[26,   370] loss: 0.343
[26,   380] loss: 0.350
[26,   390] loss: 0.370
[26,   400] loss: 0.322
VALIDATION loss: 0.33331015706062317
[27,    10] loss: 0.292
[27,    20] loss: 0.365
[27,    30] loss: 0.323
[27,    40] loss: 0.347
[27,    50] loss: 0.298
[27,    60] loss: 0.350
[27,    70] loss: 0.392
[27,    80] loss: 0.319
[27,    90] loss: 0.318
[27,   100] loss: 0.388
[27,   110] loss: 0.348
[27,   120] loss: 0.353
[27,   130] loss: 0.357
[27,   140] loss: 0.356
[27,   150] loss: 0.280
[27,   160] loss: 0.386
[27,   170] loss: 0.299
[27,   180] loss: 0.377
[27,   190] loss: 0.379
[27,   200] loss: 0.357
[27,   210] loss: 0.311
[27,   220] loss: 0.317
[27,   230] loss: 0.295
[27,   240] loss: 0.369
[27,   250] loss: 0.344
[27,   260] loss: 0.285
[27,   270] loss: 0.278
[27,   280] loss: 0.375
[27,   290] loss: 0.346
[27,   300] loss: 0.363
[27,   310] loss: 0.317
[27,   320] loss: 0.288
[27,   330] loss: 0.305
[27,   340] loss: 0.300
[27,   350] loss: 0.314
[27,   360] loss: 0.307
[27,   370] loss: 0.321
[27,   380] loss: 0.319
[27,   390] loss: 0.378
[27,   400] loss: 0.347
VALIDATION loss: 0.7818502187728882
[28,    10] loss: 0.392
[28,    20] loss: 0.378
[28,    30] loss: 0.314
[28,    40] loss: 0.300
[28,    50] loss: 0.303
[28,    60] loss: 0.313
[28,    70] loss: 0.243
[28,    80] loss: 0.316
[28,    90] loss: 0.329
[28,   100] loss: 0.356
[28,   110] loss: 0.319
[28,   120] loss: 0.339
[28,   130] loss: 0.328
[28,   140] loss: 0.300
[28,   150] loss: 0.274
[28,   160] loss: 0.304
[28,   170] loss: 0.320
[28,   180] loss: 0.271
[28,   190] loss: 0.291
[28,   200] loss: 0.337
[28,   210] loss: 0.332
[28,   220] loss: 0.392
[28,   230] loss: 0.369
[28,   240] loss: 0.357
[28,   250] loss: 0.314
[28,   260] loss: 0.261
[28,   270] loss: 0.313
[28,   280] loss: 0.343
[28,   290] loss: 0.381
[28,   300] loss: 0.315
[28,   310] loss: 0.366
[28,   320] loss: 0.398
[28,   330] loss: 0.323
[28,   340] loss: 0.374
[28,   350] loss: 0.372
[28,   360] loss: 0.350
[28,   370] loss: 0.277
[28,   380] loss: 0.246
[28,   390] loss: 0.281
[28,   400] loss: 0.284
VALIDATION loss: 0.5400088429450989
[29,    10] loss: 0.285
[29,    20] loss: 0.426
[29,    30] loss: 0.416
[29,    40] loss: 0.335
[29,    50] loss: 0.335
[29,    60] loss: 0.370
[29,    70] loss: 0.300
[29,    80] loss: 0.249
[29,    90] loss: 0.382
[29,   100] loss: 0.388
[29,   110] loss: 0.313
[29,   120] loss: 0.329
[29,   130] loss: 0.316
[29,   140] loss: 0.326
[29,   150] loss: 0.374
[29,   160] loss: 0.371
[29,   170] loss: 0.358
[29,   180] loss: 0.311
[29,   190] loss: 0.346
[29,   200] loss: 0.282
[29,   210] loss: 0.292
[29,   220] loss: 0.284
[29,   230] loss: 0.339
[29,   240] loss: 0.329
[29,   250] loss: 0.277
[29,   260] loss: 0.343
[29,   270] loss: 0.295
[29,   280] loss: 0.257
[29,   290] loss: 0.292
[29,   300] loss: 0.326
[29,   310] loss: 0.304
[29,   320] loss: 0.316
[29,   330] loss: 0.346
[29,   340] loss: 0.276
[29,   350] loss: 0.365
[29,   360] loss: 0.324
[29,   370] loss: 0.287
[29,   380] loss: 0.302
[29,   390] loss: 0.346
[29,   400] loss: 0.273
VALIDATION loss: 0.5027521252632141
[30,    10] loss: 0.294
[30,    20] loss: 0.256
[30,    30] loss: 0.393
[30,    40] loss: 0.377
[30,    50] loss: 0.295
[30,    60] loss: 0.343
[30,    70] loss: 0.351
[30,    80] loss: 0.322
[30,    90] loss: 0.318
[30,   100] loss: 0.395
[30,   110] loss: 0.306
[30,   120] loss: 0.321
[30,   130] loss: 0.321
[30,   140] loss: 0.296
[30,   150] loss: 0.384
[30,   160] loss: 0.292
[30,   170] loss: 0.366
[30,   180] loss: 0.333
[30,   190] loss: 0.306
[30,   200] loss: 0.302
[30,   210] loss: 0.280
[30,   220] loss: 0.372
[30,   230] loss: 0.374
[30,   240] loss: 0.340
[30,   250] loss: 0.337
[30,   260] loss: 0.331
[30,   270] loss: 0.311
[30,   280] loss: 0.349
[30,   290] loss: 0.302
[30,   300] loss: 0.283
[30,   310] loss: 0.315
[30,   320] loss: 0.257
[30,   330] loss: 0.325
[30,   340] loss: 0.270
[30,   350] loss: 0.321
[30,   360] loss: 0.339
[30,   370] loss: 0.274
[30,   380] loss: 0.352
[30,   390] loss: 0.306
[30,   400] loss: 0.257
VALIDATION loss: 0.373887836933136
[31,    10] loss: 0.336
[31,    20] loss: 0.296
[31,    30] loss: 0.357
[31,    40] loss: 0.260
[31,    50] loss: 0.318
[31,    60] loss: 0.284
[31,    70] loss: 0.305
[31,    80] loss: 0.297
[31,    90] loss: 0.277
[31,   100] loss: 0.332
[31,   110] loss: 0.347
[31,   120] loss: 0.274
[31,   130] loss: 0.285
[31,   140] loss: 0.285
[31,   150] loss: 0.295
[31,   160] loss: 0.311
[31,   170] loss: 0.338
[31,   180] loss: 0.255
[31,   190] loss: 0.301
[31,   200] loss: 0.264
[31,   210] loss: 0.393
[31,   220] loss: 0.420
[31,   230] loss: 0.403
[31,   240] loss: 0.364
[31,   250] loss: 0.350
[31,   260] loss: 0.317
[31,   270] loss: 0.305
[31,   280] loss: 0.368
[31,   290] loss: 0.238
[31,   300] loss: 0.318
[31,   310] loss: 0.330
[31,   320] loss: 0.334
[31,   330] loss: 0.310
[31,   340] loss: 0.222
[31,   350] loss: 0.331
[31,   360] loss: 0.317
[31,   370] loss: 0.278
[31,   380] loss: 0.258
[31,   390] loss: 0.278
[31,   400] loss: 0.330
VALIDATION loss: 0.5923700332641602
[32,    10] loss: 0.293
[32,    20] loss: 0.298
[32,    30] loss: 0.272
[32,    40] loss: 0.309
[32,    50] loss: 0.265
[32,    60] loss: 0.351
[32,    70] loss: 0.287
[32,    80] loss: 0.266
[32,    90] loss: 0.292
[32,   100] loss: 0.287
[32,   110] loss: 0.291
[32,   120] loss: 0.260
[32,   130] loss: 0.278
[32,   140] loss: 0.276
[32,   150] loss: 0.320
[32,   160] loss: 0.345
[32,   170] loss: 0.285
[32,   180] loss: 0.329
[32,   190] loss: 0.317
[32,   200] loss: 0.322
[32,   210] loss: 0.318
[32,   220] loss: 0.318
[32,   230] loss: 0.331
[32,   240] loss: 0.341
[32,   250] loss: 0.355
[32,   260] loss: 0.281
[32,   270] loss: 0.327
[32,   280] loss: 0.308
[32,   290] loss: 0.304
[32,   300] loss: 0.264
[32,   310] loss: 0.299
[32,   320] loss: 0.313
[32,   330] loss: 0.276
[32,   340] loss: 0.278
[32,   350] loss: 0.316
[32,   360] loss: 0.293
[32,   370] loss: 0.270
[32,   380] loss: 0.287
[32,   390] loss: 0.307
[32,   400] loss: 0.303
VALIDATION loss: 1.9747674465179443
[33,    10] loss: 0.284
[33,    20] loss: 0.276
[33,    30] loss: 0.271
[33,    40] loss: 0.319
[33,    50] loss: 0.351
[33,    60] loss: 0.291
[33,    70] loss: 0.278
[33,    80] loss: 0.337
[33,    90] loss: 0.283
[33,   100] loss: 0.291
[33,   110] loss: 0.239
[33,   120] loss: 0.327
[33,   130] loss: 0.351
[33,   140] loss: 0.269
[33,   150] loss: 0.232
[33,   160] loss: 0.302
[33,   170] loss: 0.329
[33,   180] loss: 0.319
[33,   190] loss: 0.270
[33,   200] loss: 0.240
[33,   210] loss: 0.297
[33,   220] loss: 0.315
[33,   230] loss: 0.279
[33,   240] loss: 0.288
[33,   250] loss: 0.274
[33,   260] loss: 0.305
[33,   270] loss: 0.244
[33,   280] loss: 0.313
[33,   290] loss: 0.293
[33,   300] loss: 0.282
[33,   310] loss: 0.311
[33,   320] loss: 0.299
[33,   330] loss: 0.300
[33,   340] loss: 0.320
[33,   350] loss: 0.316
[33,   360] loss: 0.329
[33,   370] loss: 0.292
[33,   380] loss: 0.275
[33,   390] loss: 0.332
[33,   400] loss: 0.302
VALIDATION loss: 0.2723578214645386
[34,    10] loss: 0.284
[34,    20] loss: 0.274
[34,    30] loss: 0.249
[34,    40] loss: 0.255
[34,    50] loss: 0.297
[34,    60] loss: 0.256
[34,    70] loss: 0.239
[34,    80] loss: 0.263
[34,    90] loss: 0.232
[34,   100] loss: 0.334
[34,   110] loss: 0.267
[34,   120] loss: 0.282
[34,   130] loss: 0.342
[34,   140] loss: 0.257
[34,   150] loss: 0.338
[34,   160] loss: 0.310
[34,   170] loss: 0.264
[34,   180] loss: 0.289
[34,   190] loss: 0.284
[34,   200] loss: 0.279
[34,   210] loss: 0.272
[34,   220] loss: 0.267
[34,   230] loss: 0.293
[34,   240] loss: 0.275
[34,   250] loss: 0.290
[34,   260] loss: 0.265
[34,   270] loss: 0.315
[34,   280] loss: 0.248
[34,   290] loss: 0.250
[34,   300] loss: 0.249
[34,   310] loss: 0.332
[34,   320] loss: 0.274
[34,   330] loss: 0.347
[34,   340] loss: 0.251
[34,   350] loss: 0.257
[34,   360] loss: 0.264
[34,   370] loss: 0.294
[34,   380] loss: 0.287
[34,   390] loss: 0.260
[34,   400] loss: 0.290
VALIDATION loss: 0.596615195274353
[35,    10] loss: 0.316
[35,    20] loss: 0.250
[35,    30] loss: 0.303
[35,    40] loss: 0.341
[35,    50] loss: 0.308
[35,    60] loss: 0.332
[35,    70] loss: 0.305
[35,    80] loss: 0.281
[35,    90] loss: 0.321
[35,   100] loss: 0.312
[35,   110] loss: 0.251
[35,   120] loss: 0.275
[35,   130] loss: 0.309
[35,   140] loss: 0.241
[35,   150] loss: 0.207
[35,   160] loss: 0.344
[35,   170] loss: 0.277
[35,   180] loss: 0.277
[35,   190] loss: 0.274
[35,   200] loss: 0.297
[35,   210] loss: 0.260
[35,   220] loss: 0.279
[35,   230] loss: 0.256
[35,   240] loss: 0.305
[35,   250] loss: 0.257
[35,   260] loss: 0.344
[35,   270] loss: 0.291
[35,   280] loss: 0.283
[35,   290] loss: 0.260
[35,   300] loss: 0.321
[35,   310] loss: 0.288
[35,   320] loss: 0.316
[35,   330] loss: 0.311
[35,   340] loss: 0.302
[35,   350] loss: 0.289
[35,   360] loss: 0.246
[35,   370] loss: 0.278
[35,   380] loss: 0.256
[35,   390] loss: 0.293
[35,   400] loss: 0.291
VALIDATION loss: 0.5945358872413635
[36,    10] loss: 0.236
[36,    20] loss: 0.260
[36,    30] loss: 0.301
[36,    40] loss: 0.232
[36,    50] loss: 0.232
[36,    60] loss: 0.328
[36,    70] loss: 0.330
[36,    80] loss: 0.241
[36,    90] loss: 0.262
[36,   100] loss: 0.296
[36,   110] loss: 0.287
[36,   120] loss: 0.325
[36,   130] loss: 0.314
[36,   140] loss: 0.320
[36,   150] loss: 0.284
[36,   160] loss: 0.241
[36,   170] loss: 0.246
[36,   180] loss: 0.262
[36,   190] loss: 0.281
[36,   200] loss: 0.267
[36,   210] loss: 0.315
[36,   220] loss: 0.235
[36,   230] loss: 0.245
[36,   240] loss: 0.286
[36,   250] loss: 0.341
[36,   260] loss: 0.211
[36,   270] loss: 0.207
[36,   280] loss: 0.261
[36,   290] loss: 0.281
[36,   300] loss: 0.261
[36,   310] loss: 0.219
[36,   320] loss: 0.286
[36,   330] loss: 0.303
[36,   340] loss: 0.330
[36,   350] loss: 0.249
[36,   360] loss: 0.325
[36,   370] loss: 0.297
[36,   380] loss: 0.253
[36,   390] loss: 0.315
[36,   400] loss: 0.292
VALIDATION loss: 0.3322453200817108
[37,    10] loss: 0.286
[37,    20] loss: 0.258
[37,    30] loss: 0.285
[37,    40] loss: 0.230
[37,    50] loss: 0.282
[37,    60] loss: 0.300
[37,    70] loss: 0.273
[37,    80] loss: 0.288
[37,    90] loss: 0.278
[37,   100] loss: 0.226
[37,   110] loss: 0.222
[37,   120] loss: 0.273
[37,   130] loss: 0.292
[37,   140] loss: 0.290
[37,   150] loss: 0.274
[37,   160] loss: 0.286
[37,   170] loss: 0.278
[37,   180] loss: 0.305
[37,   190] loss: 0.213
[37,   200] loss: 0.230
[37,   210] loss: 0.262
[37,   220] loss: 0.278
[37,   230] loss: 0.302
[37,   240] loss: 0.275
[37,   250] loss: 0.247
[37,   260] loss: 0.252
[37,   270] loss: 0.229
[37,   280] loss: 0.266
[37,   290] loss: 0.273
[37,   300] loss: 0.275
[37,   310] loss: 0.276
[37,   320] loss: 0.294
[37,   330] loss: 0.208
[37,   340] loss: 0.278
[37,   350] loss: 0.315
[37,   360] loss: 0.295
[37,   370] loss: 0.273
[37,   380] loss: 0.321
[37,   390] loss: 0.328
[37,   400] loss: 0.292
VALIDATION loss: 0.5627979636192322
[38,    10] loss: 0.370
[38,    20] loss: 0.286
[38,    30] loss: 0.225
[38,    40] loss: 0.252
[38,    50] loss: 0.246
[38,    60] loss: 0.231
[38,    70] loss: 0.204
[38,    80] loss: 0.261
[38,    90] loss: 0.273
[38,   100] loss: 0.295
[38,   110] loss: 0.227
[38,   120] loss: 0.239
[38,   130] loss: 0.278
[38,   140] loss: 0.218
[38,   150] loss: 0.335
[38,   160] loss: 0.278
[38,   170] loss: 0.280
[38,   180] loss: 0.272
[38,   190] loss: 0.282
[38,   200] loss: 0.323
[38,   210] loss: 0.253
[38,   220] loss: 0.309
[38,   230] loss: 0.270
[38,   240] loss: 0.281
[38,   250] loss: 0.269
[38,   260] loss: 0.255
[38,   270] loss: 0.317
[38,   280] loss: 0.318
[38,   290] loss: 0.280
[38,   300] loss: 0.276
[38,   310] loss: 0.208
[38,   320] loss: 0.277
[38,   330] loss: 0.235
[38,   340] loss: 0.335
[38,   350] loss: 0.375
[38,   360] loss: 0.205
[38,   370] loss: 0.234
[38,   380] loss: 0.224
[38,   390] loss: 0.272
[38,   400] loss: 0.249
VALIDATION loss: 1.206408143043518
[39,    10] loss: 0.256
[39,    20] loss: 0.241
[39,    30] loss: 0.196
[39,    40] loss: 0.300
[39,    50] loss: 0.267
[39,    60] loss: 0.276
[39,    70] loss: 0.232
[39,    80] loss: 0.247
[39,    90] loss: 0.325
[39,   100] loss: 0.236
[39,   110] loss: 0.272
[39,   120] loss: 0.228
[39,   130] loss: 0.250
[39,   140] loss: 0.292
[39,   150] loss: 0.294
[39,   160] loss: 0.286
[39,   170] loss: 0.294
[39,   180] loss: 0.265
[39,   190] loss: 0.272
[39,   200] loss: 0.300
[39,   210] loss: 0.252
[39,   220] loss: 0.269
[39,   230] loss: 0.253
[39,   240] loss: 0.271
[39,   250] loss: 0.270
[39,   260] loss: 0.273
[39,   270] loss: 0.310
[39,   280] loss: 0.237
[39,   290] loss: 0.233
[39,   300] loss: 0.257
[39,   310] loss: 0.248
[39,   320] loss: 0.306
[39,   330] loss: 0.251
[39,   340] loss: 0.240
[39,   350] loss: 0.258
[39,   360] loss: 0.279
[39,   370] loss: 0.216
[39,   380] loss: 0.228
[39,   390] loss: 0.269
[39,   400] loss: 0.224
VALIDATION loss: 0.4059431552886963
[40,    10] loss: 0.305
[40,    20] loss: 0.305
[40,    30] loss: 0.262
[40,    40] loss: 0.271
[40,    50] loss: 0.240
[40,    60] loss: 0.225
[40,    70] loss: 0.329
[40,    80] loss: 0.261
[40,    90] loss: 0.234
[40,   100] loss: 0.279
[40,   110] loss: 0.245
[40,   120] loss: 0.321
[40,   130] loss: 0.225
[40,   140] loss: 0.201
[40,   150] loss: 0.267
[40,   160] loss: 0.330
[40,   170] loss: 0.302
[40,   180] loss: 0.224
[40,   190] loss: 0.272
[40,   200] loss: 0.285
[40,   210] loss: 0.262
[40,   220] loss: 0.310
[40,   230] loss: 0.236
[40,   240] loss: 0.301
[40,   250] loss: 0.319
[40,   260] loss: 0.237
[40,   270] loss: 0.310
[40,   280] loss: 0.288
[40,   290] loss: 0.322
[40,   300] loss: 0.302
[40,   310] loss: 0.309
[40,   320] loss: 0.260
[40,   330] loss: 0.268
[40,   340] loss: 0.255
[40,   350] loss: 0.288
[40,   360] loss: 0.211
[40,   370] loss: 0.215
[40,   380] loss: 0.228
[40,   390] loss: 0.254
[40,   400] loss: 0.280
VALIDATION loss: 0.25627341866493225
[41,    10] loss: 0.260
[41,    20] loss: 0.303
[41,    30] loss: 0.243
[41,    40] loss: 0.292
[41,    50] loss: 0.257
[41,    60] loss: 0.189
[41,    70] loss: 0.214
[41,    80] loss: 0.262
[41,    90] loss: 0.253
[41,   100] loss: 0.209
[41,   110] loss: 0.209
[41,   120] loss: 0.279
[41,   130] loss: 0.242
[41,   140] loss: 0.280
[41,   150] loss: 0.263
[41,   160] loss: 0.287
[41,   170] loss: 0.264
[41,   180] loss: 0.219
[41,   190] loss: 0.258
[41,   200] loss: 0.229
[41,   210] loss: 0.210
[41,   220] loss: 0.198
[41,   230] loss: 0.228
[41,   240] loss: 0.316
[41,   250] loss: 0.270
[41,   260] loss: 0.217
[41,   270] loss: 0.271
[41,   280] loss: 0.251
[41,   290] loss: 0.291
[41,   300] loss: 0.210
[41,   310] loss: 0.242
[41,   320] loss: 0.236
[41,   330] loss: 0.260
[41,   340] loss: 0.285
[41,   350] loss: 0.247
[41,   360] loss: 0.249
[41,   370] loss: 0.307
[41,   380] loss: 0.207
[41,   390] loss: 0.310
[41,   400] loss: 0.314
VALIDATION loss: 0.7201553583145142
[42,    10] loss: 0.278
[42,    20] loss: 0.258
[42,    30] loss: 0.237
[42,    40] loss: 0.177
[42,    50] loss: 0.252
[42,    60] loss: 0.262
[42,    70] loss: 0.278
[42,    80] loss: 0.247
[42,    90] loss: 0.212
[42,   100] loss: 0.278
[42,   110] loss: 0.244
[42,   120] loss: 0.219
[42,   130] loss: 0.279
[42,   140] loss: 0.214
[42,   150] loss: 0.257
[42,   160] loss: 0.245
[42,   170] loss: 0.262
[42,   180] loss: 0.247
[42,   190] loss: 0.322
[42,   200] loss: 0.194
[42,   210] loss: 0.217
[42,   220] loss: 0.247
[42,   230] loss: 0.154
[42,   240] loss: 0.272
[42,   250] loss: 0.253
[42,   260] loss: 0.325
[42,   270] loss: 0.256
[42,   280] loss: 0.289
[42,   290] loss: 0.254
[42,   300] loss: 0.216
[42,   310] loss: 0.264
[42,   320] loss: 0.269
[42,   330] loss: 0.256
[42,   340] loss: 0.259
[42,   350] loss: 0.240
[42,   360] loss: 0.238
[42,   370] loss: 0.250
[42,   380] loss: 0.249
[42,   390] loss: 0.262
[42,   400] loss: 0.234
VALIDATION loss: 0.2713371813297272
[43,    10] loss: 0.308
[43,    20] loss: 0.281
[43,    30] loss: 0.260
[43,    40] loss: 0.193
[43,    50] loss: 0.277
[43,    60] loss: 0.221
[43,    70] loss: 0.214
[43,    80] loss: 0.343
[43,    90] loss: 0.236
[43,   100] loss: 0.249
[43,   110] loss: 0.229
[43,   120] loss: 0.256
[43,   130] loss: 0.227
[43,   140] loss: 0.274
[43,   150] loss: 0.244
[43,   160] loss: 0.229
[43,   170] loss: 0.246
[43,   180] loss: 0.245
[43,   190] loss: 0.230
[43,   200] loss: 0.244
[43,   210] loss: 0.271
[43,   220] loss: 0.277
[43,   230] loss: 0.238
[43,   240] loss: 0.253
[43,   250] loss: 0.201
[43,   260] loss: 0.265
[43,   270] loss: 0.236
[43,   280] loss: 0.201
[43,   290] loss: 0.294
[43,   300] loss: 0.228
[43,   310] loss: 0.246
[43,   320] loss: 0.267
[43,   330] loss: 0.254
[43,   340] loss: 0.278
[43,   350] loss: 0.250
[43,   360] loss: 0.228
[43,   370] loss: 0.271
[43,   380] loss: 0.243
[43,   390] loss: 0.189
[43,   400] loss: 0.281
VALIDATION loss: 1.028087854385376
[44,    10] loss: 0.251
[44,    20] loss: 0.211
[44,    30] loss: 0.220
[44,    40] loss: 0.338
[44,    50] loss: 0.224
[44,    60] loss: 0.273
[44,    70] loss: 0.268
[44,    80] loss: 0.275
[44,    90] loss: 0.258
[44,   100] loss: 0.294
[44,   110] loss: 0.254
[44,   120] loss: 0.287
[44,   130] loss: 0.245
[44,   140] loss: 0.314
[44,   150] loss: 0.235
[44,   160] loss: 0.242
[44,   170] loss: 0.274
[44,   180] loss: 0.210
[44,   190] loss: 0.219
[44,   200] loss: 0.238
[44,   210] loss: 0.294
[44,   220] loss: 0.226
[44,   230] loss: 0.223
[44,   240] loss: 0.271
[44,   250] loss: 0.216
[44,   260] loss: 0.245
[44,   270] loss: 0.250
[44,   280] loss: 0.233
[44,   290] loss: 0.250
[44,   300] loss: 0.242
[44,   310] loss: 0.223
[44,   320] loss: 0.233
[44,   330] loss: 0.208
[44,   340] loss: 0.254
[44,   350] loss: 0.214
[44,   360] loss: 0.218
[44,   370] loss: 0.227
[44,   380] loss: 0.222
[44,   390] loss: 0.252
[44,   400] loss: 0.226
VALIDATION loss: 1.4006190299987793
[45,    10] loss: 0.267
[45,    20] loss: 0.186
[45,    30] loss: 0.281
[45,    40] loss: 0.270
[45,    50] loss: 0.252
[45,    60] loss: 0.288
[45,    70] loss: 0.203
[45,    80] loss: 0.254
[45,    90] loss: 0.208
[45,   100] loss: 0.215
[45,   110] loss: 0.226
[45,   120] loss: 0.228
[45,   130] loss: 0.182
[45,   140] loss: 0.250
[45,   150] loss: 0.238
[45,   160] loss: 0.199
[45,   170] loss: 0.228
[45,   180] loss: 0.270
[45,   190] loss: 0.181
[45,   200] loss: 0.233
[45,   210] loss: 0.246
[45,   220] loss: 0.229
[45,   230] loss: 0.258
[45,   240] loss: 0.226
[45,   250] loss: 0.190
[45,   260] loss: 0.265
[45,   270] loss: 0.214
[45,   280] loss: 0.196
[45,   290] loss: 0.271
[45,   300] loss: 0.267
[45,   310] loss: 0.225
[45,   320] loss: 0.233
[45,   330] loss: 0.278
[45,   340] loss: 0.245
[45,   350] loss: 0.264
[45,   360] loss: 0.248
[45,   370] loss: 0.229
[45,   380] loss: 0.321
[45,   390] loss: 0.228
[45,   400] loss: 0.220
VALIDATION loss: 0.20636092126369476
[46,    10] loss: 0.202
[46,    20] loss: 0.208
[46,    30] loss: 0.229
[46,    40] loss: 0.253
[46,    50] loss: 0.190
[46,    60] loss: 0.234
[46,    70] loss: 0.244
[46,    80] loss: 0.247
[46,    90] loss: 0.260
[46,   100] loss: 0.283
[46,   110] loss: 0.244
[46,   120] loss: 0.238
[46,   130] loss: 0.242
[46,   140] loss: 0.239
[46,   150] loss: 0.261
[46,   160] loss: 0.285
[46,   170] loss: 0.200
[46,   180] loss: 0.244
[46,   190] loss: 0.229
[46,   200] loss: 0.230
[46,   210] loss: 0.174
[46,   220] loss: 0.247
[46,   230] loss: 0.228
[46,   240] loss: 0.262
[46,   250] loss: 0.215
[46,   260] loss: 0.239
[46,   270] loss: 0.206
[46,   280] loss: 0.242
[46,   290] loss: 0.263
[46,   300] loss: 0.249
[46,   310] loss: 0.256
[46,   320] loss: 0.278
[46,   330] loss: 0.255
[46,   340] loss: 0.235
[46,   350] loss: 0.206
[46,   360] loss: 0.295
[46,   370] loss: 0.277
[46,   380] loss: 0.269
[46,   390] loss: 0.212
[46,   400] loss: 0.258
VALIDATION loss: 0.25037115812301636
[47,    10] loss: 0.179
[47,    20] loss: 0.220
[47,    30] loss: 0.197
[47,    40] loss: 0.240
[47,    50] loss: 0.215
[47,    60] loss: 0.262
[47,    70] loss: 0.229
[47,    80] loss: 0.202
[47,    90] loss: 0.234
[47,   100] loss: 0.266
[47,   110] loss: 0.229
[47,   120] loss: 0.244
[47,   130] loss: 0.264
[47,   140] loss: 0.284
[47,   150] loss: 0.252
[47,   160] loss: 0.275
[47,   170] loss: 0.218
[47,   180] loss: 0.229
[47,   190] loss: 0.242
[47,   200] loss: 0.212
[47,   210] loss: 0.223
[47,   220] loss: 0.250
[47,   230] loss: 0.211
[47,   240] loss: 0.230
[47,   250] loss: 0.266
[47,   260] loss: 0.278
[47,   270] loss: 0.249
[47,   280] loss: 0.205
[47,   290] loss: 0.255
[47,   300] loss: 0.243
[47,   310] loss: 0.274
[47,   320] loss: 0.270
[47,   330] loss: 0.240
[47,   340] loss: 0.256
[47,   350] loss: 0.224
[47,   360] loss: 0.260
[47,   370] loss: 0.260
[47,   380] loss: 0.247
[47,   390] loss: 0.223
[47,   400] loss: 0.244
VALIDATION loss: 0.24412977695465088
[48,    10] loss: 0.201
[48,    20] loss: 0.187
[48,    30] loss: 0.220
[48,    40] loss: 0.205
[48,    50] loss: 0.175
[48,    60] loss: 0.218
[48,    70] loss: 0.216
[48,    80] loss: 0.238
[48,    90] loss: 0.249
[48,   100] loss: 0.239
[48,   110] loss: 0.213
[48,   120] loss: 0.244
[48,   130] loss: 0.259
[48,   140] loss: 0.221
[48,   150] loss: 0.192
[48,   160] loss: 0.248
[48,   170] loss: 0.176
[48,   180] loss: 0.302
[48,   190] loss: 0.213
[48,   200] loss: 0.219
[48,   210] loss: 0.209
[48,   220] loss: 0.229
[48,   230] loss: 0.213
[48,   240] loss: 0.218
[48,   250] loss: 0.200
[48,   260] loss: 0.199
[48,   270] loss: 0.275
[48,   280] loss: 0.268
[48,   290] loss: 0.279
[48,   300] loss: 0.251
[48,   310] loss: 0.219
[48,   320] loss: 0.236
[48,   330] loss: 0.255
[48,   340] loss: 0.244
[48,   350] loss: 0.214
[48,   360] loss: 0.217
[48,   370] loss: 0.242
[48,   380] loss: 0.319
[48,   390] loss: 0.260
[48,   400] loss: 0.188
VALIDATION loss: 0.35364478826522827
[49,    10] loss: 0.195
[49,    20] loss: 0.236
[49,    30] loss: 0.228
[49,    40] loss: 0.222
[49,    50] loss: 0.259
[49,    60] loss: 0.218
[49,    70] loss: 0.217
[49,    80] loss: 0.279
[49,    90] loss: 0.237
[49,   100] loss: 0.263
[49,   110] loss: 0.257
[49,   120] loss: 0.187
[49,   130] loss: 0.222
[49,   140] loss: 0.240
[49,   150] loss: 0.280
[49,   160] loss: 0.185
[49,   170] loss: 0.209
[49,   180] loss: 0.248
[49,   190] loss: 0.259
[49,   200] loss: 0.262
[49,   210] loss: 0.239
[49,   220] loss: 0.257
[49,   230] loss: 0.232
[49,   240] loss: 0.184
[49,   250] loss: 0.246
[49,   260] loss: 0.263
[49,   270] loss: 0.262
[49,   280] loss: 0.199
[49,   290] loss: 0.189
[49,   300] loss: 0.240
[49,   310] loss: 0.292
[49,   320] loss: 0.205
[49,   330] loss: 0.252
[49,   340] loss: 0.186
[49,   350] loss: 0.250
[49,   360] loss: 0.209
[49,   370] loss: 0.314
[49,   380] loss: 0.182
[49,   390] loss: 0.211
[49,   400] loss: 0.231
VALIDATION loss: 0.32275041937828064
[50,    10] loss: 0.242
[50,    20] loss: 0.157
[50,    30] loss: 0.182
[50,    40] loss: 0.174
[50,    50] loss: 0.245
[50,    60] loss: 0.262
[50,    70] loss: 0.241
[50,    80] loss: 0.227
[50,    90] loss: 0.213
[50,   100] loss: 0.241
[50,   110] loss: 0.246
[50,   120] loss: 0.183
[50,   130] loss: 0.263
[50,   140] loss: 0.194
[50,   150] loss: 0.194
[50,   160] loss: 0.203
[50,   170] loss: 0.238
[50,   180] loss: 0.180
[50,   190] loss: 0.226
[50,   200] loss: 0.282
[50,   210] loss: 0.225
[50,   220] loss: 0.249
[50,   230] loss: 0.211
[50,   240] loss: 0.206
[50,   250] loss: 0.191
[50,   260] loss: 0.257
[50,   270] loss: 0.215
[50,   280] loss: 0.291
[50,   290] loss: 0.209
[50,   300] loss: 0.203
[50,   310] loss: 0.244
[50,   320] loss: 0.244
[50,   330] loss: 0.251
[50,   340] loss: 0.247
[50,   350] loss: 0.222
[50,   360] loss: 0.259
[50,   370] loss: 0.254
[50,   380] loss: 0.216
[50,   390] loss: 0.270
[50,   400] loss: 0.200
VALIDATION loss: 0.4692785143852234
[51,    10] loss: 0.246
[51,    20] loss: 0.190
[51,    30] loss: 0.216
[51,    40] loss: 0.257
[51,    50] loss: 0.238
[51,    60] loss: 0.249
[51,    70] loss: 0.230
[51,    80] loss: 0.238
[51,    90] loss: 0.252
[51,   100] loss: 0.188
[51,   110] loss: 0.184
[51,   120] loss: 0.192
[51,   130] loss: 0.274
[51,   140] loss: 0.237
[51,   150] loss: 0.186
[51,   160] loss: 0.241
[51,   170] loss: 0.235
[51,   180] loss: 0.293
[51,   190] loss: 0.241
[51,   200] loss: 0.216
[51,   210] loss: 0.224
[51,   220] loss: 0.170
[51,   230] loss: 0.202
[51,   240] loss: 0.235
[51,   250] loss: 0.235
[51,   260] loss: 0.256
[51,   270] loss: 0.185
[51,   280] loss: 0.188
[51,   290] loss: 0.239
[51,   300] loss: 0.247
[51,   310] loss: 0.220
[51,   320] loss: 0.195
[51,   330] loss: 0.253
[51,   340] loss: 0.229
[51,   350] loss: 0.214
[51,   360] loss: 0.210
[51,   370] loss: 0.226
[51,   380] loss: 0.201
[51,   390] loss: 0.257
[51,   400] loss: 0.254
VALIDATION loss: 0.37613722681999207
[52,    10] loss: 0.181
[52,    20] loss: 0.182
[52,    30] loss: 0.241
[52,    40] loss: 0.250
[52,    50] loss: 0.221
[52,    60] loss: 0.194
[52,    70] loss: 0.190
[52,    80] loss: 0.249
[52,    90] loss: 0.233
[52,   100] loss: 0.233
[52,   110] loss: 0.191
[52,   120] loss: 0.282
[52,   130] loss: 0.217
[52,   140] loss: 0.208
[52,   150] loss: 0.267
[52,   160] loss: 0.239
[52,   170] loss: 0.206
[52,   180] loss: 0.212
[52,   190] loss: 0.184
[52,   200] loss: 0.216
[52,   210] loss: 0.247
[52,   220] loss: 0.265
[52,   230] loss: 0.219
[52,   240] loss: 0.178
[52,   250] loss: 0.239
[52,   260] loss: 0.198
[52,   270] loss: 0.191
[52,   280] loss: 0.196
[52,   290] loss: 0.216
[52,   300] loss: 0.237
[52,   310] loss: 0.247
[52,   320] loss: 0.198
[52,   330] loss: 0.193
[52,   340] loss: 0.202
[52,   350] loss: 0.211
[52,   360] loss: 0.217
[52,   370] loss: 0.238
[52,   380] loss: 0.239
[52,   390] loss: 0.223
[52,   400] loss: 0.217
VALIDATION loss: 0.24296241998672485
[53,    10] loss: 0.209
[53,    20] loss: 0.197
[53,    30] loss: 0.188
[53,    40] loss: 0.222
[53,    50] loss: 0.261
[53,    60] loss: 0.289
[53,    70] loss: 0.223
[53,    80] loss: 0.246
[53,    90] loss: 0.217
[53,   100] loss: 0.255
[53,   110] loss: 0.184
[53,   120] loss: 0.258
[53,   130] loss: 0.193
[53,   140] loss: 0.232
[53,   150] loss: 0.198
[53,   160] loss: 0.247
[53,   170] loss: 0.289
[53,   180] loss: 0.200
[53,   190] loss: 0.219
[53,   200] loss: 0.182
[53,   210] loss: 0.213
[53,   220] loss: 0.275
[53,   230] loss: 0.201
[53,   240] loss: 0.232
[53,   250] loss: 0.202
[53,   260] loss: 0.211
[53,   270] loss: 0.160
[53,   280] loss: 0.261
[53,   290] loss: 0.197
[53,   300] loss: 0.200
[53,   310] loss: 0.262
[53,   320] loss: 0.255
[53,   330] loss: 0.220
[53,   340] loss: 0.204
[53,   350] loss: 0.184
[53,   360] loss: 0.241
[53,   370] loss: 0.221
[53,   380] loss: 0.241
[53,   390] loss: 0.231
[53,   400] loss: 0.256
VALIDATION loss: 0.3134627044200897
[54,    10] loss: 0.168
[54,    20] loss: 0.214
[54,    30] loss: 0.275
[54,    40] loss: 0.278
[54,    50] loss: 0.233
[54,    60] loss: 0.256
[54,    70] loss: 0.256
[54,    80] loss: 0.227
[54,    90] loss: 0.200
[54,   100] loss: 0.251
[54,   110] loss: 0.196
[54,   120] loss: 0.232
[54,   130] loss: 0.175
[54,   140] loss: 0.204
[54,   150] loss: 0.161
[54,   160] loss: 0.240
[54,   170] loss: 0.207
[54,   180] loss: 0.247
[54,   190] loss: 0.207
[54,   200] loss: 0.254
[54,   210] loss: 0.243
[54,   220] loss: 0.229
[54,   230] loss: 0.240
[54,   240] loss: 0.254
[54,   250] loss: 0.192
[54,   260] loss: 0.196
[54,   270] loss: 0.229
[54,   280] loss: 0.218
[54,   290] loss: 0.151
[54,   300] loss: 0.170
[54,   310] loss: 0.233
[54,   320] loss: 0.234
[54,   330] loss: 0.217
[54,   340] loss: 0.230
[54,   350] loss: 0.238
[54,   360] loss: 0.215
[54,   370] loss: 0.196
[54,   380] loss: 0.206
[54,   390] loss: 0.208
[54,   400] loss: 0.164
VALIDATION loss: 0.18841153383255005
[55,    10] loss: 0.174
[55,    20] loss: 0.209
[55,    30] loss: 0.191
[55,    40] loss: 0.239
[55,    50] loss: 0.220
[55,    60] loss: 0.221
[55,    70] loss: 0.188
[55,    80] loss: 0.187
[55,    90] loss: 0.175
[55,   100] loss: 0.244
[55,   110] loss: 0.173
[55,   120] loss: 0.237
[55,   130] loss: 0.178
[55,   140] loss: 0.192
[55,   150] loss: 0.206
[55,   160] loss: 0.209
[55,   170] loss: 0.200
[55,   180] loss: 0.200
[55,   190] loss: 0.231
[55,   200] loss: 0.198
[55,   210] loss: 0.262
[55,   220] loss: 0.208
[55,   230] loss: 0.216
[55,   240] loss: 0.191
[55,   250] loss: 0.204
[55,   260] loss: 0.201
[55,   270] loss: 0.231
[55,   280] loss: 0.192
[55,   290] loss: 0.243
[55,   300] loss: 0.204
[55,   310] loss: 0.252
[55,   320] loss: 0.231
[55,   330] loss: 0.273
[55,   340] loss: 0.188
[55,   350] loss: 0.232
[55,   360] loss: 0.214
[55,   370] loss: 0.211
[55,   380] loss: 0.183
[55,   390] loss: 0.211
[55,   400] loss: 0.221
VALIDATION loss: 0.26697757840156555
[56,    10] loss: 0.222
[56,    20] loss: 0.238
[56,    30] loss: 0.170
[56,    40] loss: 0.205
[56,    50] loss: 0.246
[56,    60] loss: 0.209
[56,    70] loss: 0.286
[56,    80] loss: 0.231
[56,    90] loss: 0.216
[56,   100] loss: 0.236
[56,   110] loss: 0.218
[56,   120] loss: 0.182
[56,   130] loss: 0.219
[56,   140] loss: 0.250
[56,   150] loss: 0.204
[56,   160] loss: 0.219
[56,   170] loss: 0.219
[56,   180] loss: 0.186
[56,   190] loss: 0.218
[56,   200] loss: 0.215
[56,   210] loss: 0.240
[56,   220] loss: 0.166
[56,   230] loss: 0.241
[56,   240] loss: 0.179
[56,   250] loss: 0.224
[56,   260] loss: 0.199
[56,   270] loss: 0.223
[56,   280] loss: 0.186
[56,   290] loss: 0.259
[56,   300] loss: 0.202
[56,   310] loss: 0.195
[56,   320] loss: 0.205
[56,   330] loss: 0.220
[56,   340] loss: 0.211
[56,   350] loss: 0.245
[56,   360] loss: 0.205
[56,   370] loss: 0.226
[56,   380] loss: 0.251
[56,   390] loss: 0.191
[56,   400] loss: 0.245
VALIDATION loss: 0.2796562612056732
[57,    10] loss: 0.223
[57,    20] loss: 0.224
[57,    30] loss: 0.215
[57,    40] loss: 0.186
[57,    50] loss: 0.219
[57,    60] loss: 0.219
[57,    70] loss: 0.194
[57,    80] loss: 0.194
[57,    90] loss: 0.184
[57,   100] loss: 0.218
[57,   110] loss: 0.196
[57,   120] loss: 0.238
[57,   130] loss: 0.169
[57,   140] loss: 0.190
[57,   150] loss: 0.176
[57,   160] loss: 0.186
[57,   170] loss: 0.211
[57,   180] loss: 0.183
[57,   190] loss: 0.191
[57,   200] loss: 0.257
[57,   210] loss: 0.222
[57,   220] loss: 0.228
[57,   230] loss: 0.241
[57,   240] loss: 0.195
[57,   250] loss: 0.266
[57,   260] loss: 0.205
[57,   270] loss: 0.177
[57,   280] loss: 0.222
[57,   290] loss: 0.209
[57,   300] loss: 0.183
[57,   310] loss: 0.196
[57,   320] loss: 0.236
[57,   330] loss: 0.230
[57,   340] loss: 0.229
[57,   350] loss: 0.195
[57,   360] loss: 0.185
[57,   370] loss: 0.226
[57,   380] loss: 0.230
[57,   390] loss: 0.238
[57,   400] loss: 0.203
VALIDATION loss: 0.39211851358413696
[58,    10] loss: 0.193
[58,    20] loss: 0.227
[58,    30] loss: 0.199
[58,    40] loss: 0.184
[58,    50] loss: 0.214
[58,    60] loss: 0.169
[58,    70] loss: 0.267
[58,    80] loss: 0.212
[58,    90] loss: 0.214
[58,   100] loss: 0.179
[58,   110] loss: 0.187
[58,   120] loss: 0.166
[58,   130] loss: 0.213
[58,   140] loss: 0.184
[58,   150] loss: 0.247
[58,   160] loss: 0.221
[58,   170] loss: 0.201
[58,   180] loss: 0.187
[58,   190] loss: 0.189
[58,   200] loss: 0.199
[58,   210] loss: 0.190
[58,   220] loss: 0.200
[58,   230] loss: 0.215
[58,   240] loss: 0.227
[58,   250] loss: 0.223
[58,   260] loss: 0.198
[58,   270] loss: 0.274
[58,   280] loss: 0.202
[58,   290] loss: 0.198
[58,   300] loss: 0.233
[58,   310] loss: 0.188
[58,   320] loss: 0.242
[58,   330] loss: 0.183
[58,   340] loss: 0.199
[58,   350] loss: 0.221
[58,   360] loss: 0.222
[58,   370] loss: 0.192
[58,   380] loss: 0.217
[58,   390] loss: 0.210
[58,   400] loss: 0.213
VALIDATION loss: 0.22548413276672363
[59,    10] loss: 0.214
[59,    20] loss: 0.168
[59,    30] loss: 0.190
[59,    40] loss: 0.173
[59,    50] loss: 0.190
[59,    60] loss: 0.193
[59,    70] loss: 0.187
[59,    80] loss: 0.272
[59,    90] loss: 0.209
[59,   100] loss: 0.206
[59,   110] loss: 0.228
[59,   120] loss: 0.200
[59,   130] loss: 0.165
[59,   140] loss: 0.225
[59,   150] loss: 0.200
[59,   160] loss: 0.178
[59,   170] loss: 0.199
[59,   180] loss: 0.269
[59,   190] loss: 0.227
[59,   200] loss: 0.279
[59,   210] loss: 0.179
[59,   220] loss: 0.178
[59,   230] loss: 0.192
[59,   240] loss: 0.225
[59,   250] loss: 0.175
[59,   260] loss: 0.232
[59,   270] loss: 0.235
[59,   280] loss: 0.243
[59,   290] loss: 0.164
[59,   300] loss: 0.194
[59,   310] loss: 0.200
[59,   320] loss: 0.208
[59,   330] loss: 0.195
[59,   340] loss: 0.219
[59,   350] loss: 0.212
[59,   360] loss: 0.191
[59,   370] loss: 0.197
[59,   380] loss: 0.211
[59,   390] loss: 0.195
[59,   400] loss: 0.220
VALIDATION loss: 0.19179265201091766
[60,    10] loss: 0.201
[60,    20] loss: 0.185
[60,    30] loss: 0.246
[60,    40] loss: 0.257
[60,    50] loss: 0.196
[60,    60] loss: 0.203
[60,    70] loss: 0.212
[60,    80] loss: 0.154
[60,    90] loss: 0.180
[60,   100] loss: 0.217
[60,   110] loss: 0.194
[60,   120] loss: 0.220
[60,   130] loss: 0.230
[60,   140] loss: 0.177
[60,   150] loss: 0.229
[60,   160] loss: 0.233
[60,   170] loss: 0.324
[60,   180] loss: 0.271
[60,   190] loss: 0.260
[60,   200] loss: 0.298
[60,   210] loss: 0.248
[60,   220] loss: 0.213
[60,   230] loss: 0.190
[60,   240] loss: 0.184
[60,   250] loss: 0.222
[60,   260] loss: 0.209
[60,   270] loss: 0.216
[60,   280] loss: 0.197
[60,   290] loss: 0.208
[60,   300] loss: 0.167
[60,   310] loss: 0.258
[60,   320] loss: 0.207
[60,   330] loss: 0.198
[60,   340] loss: 0.197
[60,   350] loss: 0.205
[60,   360] loss: 0.207
[60,   370] loss: 0.182
[60,   380] loss: 0.245
[60,   390] loss: 0.246
[60,   400] loss: 0.198
VALIDATION loss: 0.4417821764945984
[61,    10] loss: 0.149
[61,    20] loss: 0.172
[61,    30] loss: 0.179
[61,    40] loss: 0.207
[61,    50] loss: 0.211
[61,    60] loss: 0.249
[61,    70] loss: 0.208
[61,    80] loss: 0.217
[61,    90] loss: 0.191
[61,   100] loss: 0.208
[61,   110] loss: 0.246
[61,   120] loss: 0.203
[61,   130] loss: 0.172
[61,   140] loss: 0.239
[61,   150] loss: 0.191
[61,   160] loss: 0.198
[61,   170] loss: 0.220
[61,   180] loss: 0.197
[61,   190] loss: 0.222
[61,   200] loss: 0.198
[61,   210] loss: 0.124
[61,   220] loss: 0.176
[61,   230] loss: 0.157
[61,   240] loss: 0.183
[61,   250] loss: 0.185
[61,   260] loss: 0.214
[61,   270] loss: 0.255
[61,   280] loss: 0.135
[61,   290] loss: 0.235
[61,   300] loss: 0.204
[61,   310] loss: 0.179
[61,   320] loss: 0.216
[61,   330] loss: 0.205
[61,   340] loss: 0.225
[61,   350] loss: 0.178
[61,   360] loss: 0.229
[61,   370] loss: 0.228
[61,   380] loss: 0.218
[61,   390] loss: 0.191
[61,   400] loss: 0.235
VALIDATION loss: 0.2690146565437317
[62,    10] loss: 0.203
[62,    20] loss: 0.192
[62,    30] loss: 0.217
[62,    40] loss: 0.188
[62,    50] loss: 0.167
[62,    60] loss: 0.185
[62,    70] loss: 0.232
[62,    80] loss: 0.163
[62,    90] loss: 0.163
[62,   100] loss: 0.175
[62,   110] loss: 0.180
[62,   120] loss: 0.181
[62,   130] loss: 0.209
[62,   140] loss: 0.189
[62,   150] loss: 0.188
[62,   160] loss: 0.188
[62,   170] loss: 0.209
[62,   180] loss: 0.228
[62,   190] loss: 0.156
[62,   200] loss: 0.195
[62,   210] loss: 0.244
[62,   220] loss: 0.188
[62,   230] loss: 0.153
[62,   240] loss: 0.178
[62,   250] loss: 0.182
[62,   260] loss: 0.206
[62,   270] loss: 0.180
[62,   280] loss: 0.170
[62,   290] loss: 0.200
[62,   300] loss: 0.192
[62,   310] loss: 0.240
[62,   320] loss: 0.154
[62,   330] loss: 0.217
[62,   340] loss: 0.221
[62,   350] loss: 0.215
[62,   360] loss: 0.183
[62,   370] loss: 0.202
[62,   380] loss: 0.234
[62,   390] loss: 0.301
[62,   400] loss: 0.219
VALIDATION loss: 3.974569797515869
[63,    10] loss: 0.204
[63,    20] loss: 0.206
[63,    30] loss: 0.177
[63,    40] loss: 0.162
[63,    50] loss: 0.186
[63,    60] loss: 0.212
[63,    70] loss: 0.244
[63,    80] loss: 0.185
[63,    90] loss: 0.206
[63,   100] loss: 0.189
[63,   110] loss: 0.234
[63,   120] loss: 0.220
[63,   130] loss: 0.187
[63,   140] loss: 0.144
[63,   150] loss: 0.182
[63,   160] loss: 0.215
[63,   170] loss: 0.181
[63,   180] loss: 0.202
[63,   190] loss: 0.210
[63,   200] loss: 0.178
[63,   210] loss: 0.232
[63,   220] loss: 0.216
[63,   230] loss: 0.197
[63,   240] loss: 0.177
[63,   250] loss: 0.184
[63,   260] loss: 0.227
[63,   270] loss: 0.183
[63,   280] loss: 0.170
[63,   290] loss: 0.155
[63,   300] loss: 0.254
[63,   310] loss: 0.213
[63,   320] loss: 0.167
[63,   330] loss: 0.178
[63,   340] loss: 0.221
[63,   350] loss: 0.184
[63,   360] loss: 0.174
[63,   370] loss: 0.220
[63,   380] loss: 0.203
[63,   390] loss: 0.181
[63,   400] loss: 0.204
VALIDATION loss: 0.38839685916900635
[64,    10] loss: 0.181
[64,    20] loss: 0.222
[64,    30] loss: 0.171
[64,    40] loss: 0.173
[64,    50] loss: 0.220
[64,    60] loss: 0.206
[64,    70] loss: 0.177
[64,    80] loss: 0.163
[64,    90] loss: 0.208
[64,   100] loss: 0.227
[64,   110] loss: 0.213
[64,   120] loss: 0.170
[64,   130] loss: 0.218
[64,   140] loss: 0.174
[64,   150] loss: 0.207
[64,   160] loss: 0.203
[64,   170] loss: 0.228
[64,   180] loss: 0.158
[64,   190] loss: 0.139
[64,   200] loss: 0.178
[64,   210] loss: 0.193
[64,   220] loss: 0.221
[64,   230] loss: 0.184
[64,   240] loss: 0.184
[64,   250] loss: 0.134
[64,   260] loss: 0.194
[64,   270] loss: 0.218
[64,   280] loss: 0.169
[64,   290] loss: 0.168
[64,   300] loss: 0.201
[64,   310] loss: 0.164
[64,   320] loss: 0.215
[64,   330] loss: 0.198
[64,   340] loss: 0.184
[64,   350] loss: 0.160
[64,   360] loss: 0.175
[64,   370] loss: 0.245
[64,   380] loss: 0.175
[64,   390] loss: 0.213
[64,   400] loss: 0.181
VALIDATION loss: 0.4006670415401459
[65,    10] loss: 0.207
[65,    20] loss: 0.195
[65,    30] loss: 0.221
[65,    40] loss: 0.168
[65,    50] loss: 0.153
[65,    60] loss: 0.199
[65,    70] loss: 0.186
[65,    80] loss: 0.185
[65,    90] loss: 0.199
[65,   100] loss: 0.189
[65,   110] loss: 0.196
[65,   120] loss: 0.176
[65,   130] loss: 0.227
[65,   140] loss: 0.204
[65,   150] loss: 0.170
[65,   160] loss: 0.172
[65,   170] loss: 0.214
[65,   180] loss: 0.192
[65,   190] loss: 0.198
[65,   200] loss: 0.218
[65,   210] loss: 0.213
[65,   220] loss: 0.206
[65,   230] loss: 0.212
[65,   240] loss: 0.195
[65,   250] loss: 0.172
[65,   260] loss: 0.200
[65,   270] loss: 0.171
[65,   280] loss: 0.174
[65,   290] loss: 0.224
[65,   300] loss: 0.193
[65,   310] loss: 0.193
[65,   320] loss: 0.232
[65,   330] loss: 0.264
[65,   340] loss: 0.190
[65,   350] loss: 0.265
[65,   360] loss: 0.230
[65,   370] loss: 0.303
[65,   380] loss: 0.206
[65,   390] loss: 0.238
[65,   400] loss: 0.173
VALIDATION loss: 1.8730409145355225
[66,    10] loss: 0.220
[66,    20] loss: 0.163
[66,    30] loss: 0.223
[66,    40] loss: 0.197
[66,    50] loss: 0.252
[66,    60] loss: 0.173
[66,    70] loss: 0.173
[66,    80] loss: 0.148
[66,    90] loss: 0.207
[66,   100] loss: 0.168
[66,   110] loss: 0.220
[66,   120] loss: 0.207
[66,   130] loss: 0.200
[66,   140] loss: 0.252
[66,   150] loss: 0.151
[66,   160] loss: 0.188
[66,   170] loss: 0.186
[66,   180] loss: 0.197
[66,   190] loss: 0.191
[66,   200] loss: 0.169
[66,   210] loss: 0.234
[66,   220] loss: 0.181
[66,   230] loss: 0.193
[66,   240] loss: 0.179
[66,   250] loss: 0.198
[66,   260] loss: 0.209
[66,   270] loss: 0.185
[66,   280] loss: 0.212
[66,   290] loss: 0.178
[66,   300] loss: 0.158
[66,   310] loss: 0.209
[66,   320] loss: 0.185
[66,   330] loss: 0.188
[66,   340] loss: 0.234
[66,   350] loss: 0.165
[66,   360] loss: 0.212
[66,   370] loss: 0.170
[66,   380] loss: 0.199
[66,   390] loss: 0.257
[66,   400] loss: 0.252
VALIDATION loss: 0.2238636314868927
[67,    10] loss: 0.212
[67,    20] loss: 0.209
[67,    30] loss: 0.178
[67,    40] loss: 0.171
[67,    50] loss: 0.198
[67,    60] loss: 0.233
[67,    70] loss: 0.174
[67,    80] loss: 0.169
[67,    90] loss: 0.194
[67,   100] loss: 0.221
[67,   110] loss: 0.186
[67,   120] loss: 0.202
[67,   130] loss: 0.158
[67,   140] loss: 0.223
[67,   150] loss: 0.150
[67,   160] loss: 0.185
[67,   170] loss: 0.159
[67,   180] loss: 0.193
[67,   190] loss: 0.162
[67,   200] loss: 0.182
[67,   210] loss: 0.231
[67,   220] loss: 0.177
[67,   230] loss: 0.230
[67,   240] loss: 0.215
[67,   250] loss: 0.228
[67,   260] loss: 0.201
[67,   270] loss: 0.164
[67,   280] loss: 0.212
[67,   290] loss: 0.151
[67,   300] loss: 0.182
[67,   310] loss: 0.186
[67,   320] loss: 0.173
[67,   330] loss: 0.194
[67,   340] loss: 0.176
[67,   350] loss: 0.211
[67,   360] loss: 0.147
[67,   370] loss: 0.185
[67,   380] loss: 0.233
[67,   390] loss: 0.207
[67,   400] loss: 0.179
VALIDATION loss: 0.2877456843852997
[68,    10] loss: 0.167
[68,    20] loss: 0.152
[68,    30] loss: 0.150
[68,    40] loss: 0.214
[68,    50] loss: 0.176
[68,    60] loss: 0.192
[68,    70] loss: 0.183
[68,    80] loss: 0.184
[68,    90] loss: 0.165
[68,   100] loss: 0.196
[68,   110] loss: 0.215
[68,   120] loss: 0.176
[68,   130] loss: 0.191
[68,   140] loss: 0.211
[68,   150] loss: 0.205
[68,   160] loss: 0.182
[68,   170] loss: 0.198
[68,   180] loss: 0.229
[68,   190] loss: 0.160
[68,   200] loss: 0.193
[68,   210] loss: 0.214
[68,   220] loss: 0.195
[68,   230] loss: 0.216
[68,   240] loss: 0.189
[68,   250] loss: 0.197
[68,   260] loss: 0.200
[68,   270] loss: 0.174
[68,   280] loss: 0.223
[68,   290] loss: 0.156
[68,   300] loss: 0.192
[68,   310] loss: 0.163
[68,   320] loss: 0.208
[68,   330] loss: 0.169
[68,   340] loss: 0.155
[68,   350] loss: 0.213
[68,   360] loss: 0.184
[68,   370] loss: 0.149
[68,   380] loss: 0.161
[68,   390] loss: 0.145
[68,   400] loss: 0.182
VALIDATION loss: 0.183578759431839
[69,    10] loss: 0.228
[69,    20] loss: 0.192
[69,    30] loss: 0.171
[69,    40] loss: 0.205
[69,    50] loss: 0.113
[69,    60] loss: 0.159
[69,    70] loss: 0.152
[69,    80] loss: 0.175
[69,    90] loss: 0.231
[69,   100] loss: 0.199
[69,   110] loss: 0.228
[69,   120] loss: 0.214
[69,   130] loss: 0.201
[69,   140] loss: 0.213
[69,   150] loss: 0.187
[69,   160] loss: 0.190
[69,   170] loss: 0.154
[69,   180] loss: 0.190
[69,   190] loss: 0.186
[69,   200] loss: 0.168
[69,   210] loss: 0.205
[69,   220] loss: 0.178
[69,   230] loss: 0.203
[69,   240] loss: 0.155
[69,   250] loss: 0.172
[69,   260] loss: 0.199
[69,   270] loss: 0.186
[69,   280] loss: 0.228
[69,   290] loss: 0.165
[69,   300] loss: 0.202
[69,   310] loss: 0.150
[69,   320] loss: 0.252
[69,   330] loss: 0.167
[69,   340] loss: 0.163
[69,   350] loss: 0.198
[69,   360] loss: 0.152
[69,   370] loss: 0.185
[69,   380] loss: 0.204
[69,   390] loss: 0.163
[69,   400] loss: 0.148
VALIDATION loss: 0.18546678125858307
[70,    10] loss: 0.152
[70,    20] loss: 0.202
[70,    30] loss: 0.173
[70,    40] loss: 0.151
[70,    50] loss: 0.169
[70,    60] loss: 0.194
[70,    70] loss: 0.180
[70,    80] loss: 0.172
[70,    90] loss: 0.217
[70,   100] loss: 0.197
[70,   110] loss: 0.146
[70,   120] loss: 0.191
[70,   130] loss: 0.179
[70,   140] loss: 0.203
[70,   150] loss: 0.222
[70,   160] loss: 0.200
[70,   170] loss: 0.200
[70,   180] loss: 0.150
[70,   190] loss: 0.183
[70,   200] loss: 0.161
[70,   210] loss: 0.165
[70,   220] loss: 0.195
[70,   230] loss: 0.150
[70,   240] loss: 0.208
[70,   250] loss: 0.200
[70,   260] loss: 0.139
[70,   270] loss: 0.213
[70,   280] loss: 0.193
[70,   290] loss: 0.201
[70,   300] loss: 0.140
[70,   310] loss: 0.234
[70,   320] loss: 0.173
[70,   330] loss: 0.194
[70,   340] loss: 0.177
[70,   350] loss: 0.228
[70,   360] loss: 0.174
[70,   370] loss: 0.159
[70,   380] loss: 0.227
[70,   390] loss: 0.146
[70,   400] loss: 0.196
VALIDATION loss: 0.38526633381843567
[71,    10] loss: 0.150
[71,    20] loss: 0.156
[71,    30] loss: 0.162
[71,    40] loss: 0.162
[71,    50] loss: 0.195
[71,    60] loss: 0.195
[71,    70] loss: 0.204
[71,    80] loss: 0.175
[71,    90] loss: 0.212
[71,   100] loss: 0.202
[71,   110] loss: 0.138
[71,   120] loss: 0.169
[71,   130] loss: 0.195
[71,   140] loss: 0.183
[71,   150] loss: 0.141
[71,   160] loss: 0.182
[71,   170] loss: 0.141
[71,   180] loss: 0.170
[71,   190] loss: 0.196
[71,   200] loss: 0.173
[71,   210] loss: 0.222
[71,   220] loss: 0.161
[71,   230] loss: 0.237
[71,   240] loss: 0.144
[71,   250] loss: 0.161
[71,   260] loss: 0.170
[71,   270] loss: 0.204
[71,   280] loss: 0.169
[71,   290] loss: 0.193
[71,   300] loss: 0.240
[71,   310] loss: 0.223
[71,   320] loss: 0.140
[71,   330] loss: 0.156
[71,   340] loss: 0.182
[71,   350] loss: 0.223
[71,   360] loss: 0.151
[71,   370] loss: 0.201
[71,   380] loss: 0.174
[71,   390] loss: 0.178
[71,   400] loss: 0.220
VALIDATION loss: 0.3029387295246124
[72,    10] loss: 0.165
[72,    20] loss: 0.193
[72,    30] loss: 0.169
[72,    40] loss: 0.145
[72,    50] loss: 0.127
[72,    60] loss: 0.184
[72,    70] loss: 0.201
[72,    80] loss: 0.172
[72,    90] loss: 0.187
[72,   100] loss: 0.188
[72,   110] loss: 0.208
[72,   120] loss: 0.213
[72,   130] loss: 0.200
[72,   140] loss: 0.160
[72,   150] loss: 0.189
[72,   160] loss: 0.142
[72,   170] loss: 0.146
[72,   180] loss: 0.210
[72,   190] loss: 0.150
[72,   200] loss: 0.168
[72,   210] loss: 0.177
[72,   220] loss: 0.190
[72,   230] loss: 0.146
[72,   240] loss: 0.134
[72,   250] loss: 0.185
[72,   260] loss: 0.122
[72,   270] loss: 0.195
[72,   280] loss: 0.150
[72,   290] loss: 0.156
[72,   300] loss: 0.192
[72,   310] loss: 0.201
[72,   320] loss: 0.200
[72,   330] loss: 0.195
[72,   340] loss: 0.188
[72,   350] loss: 0.195
[72,   360] loss: 0.199
[72,   370] loss: 0.197
[72,   380] loss: 0.217
[72,   390] loss: 0.203
[72,   400] loss: 0.163
VALIDATION loss: 0.43718406558036804
[73,    10] loss: 0.144
[73,    20] loss: 0.163
[73,    30] loss: 0.201
[73,    40] loss: 0.171
[73,    50] loss: 0.169
[73,    60] loss: 0.198
[73,    70] loss: 0.196
[73,    80] loss: 0.152
[73,    90] loss: 0.153
[73,   100] loss: 0.165
[73,   110] loss: 0.183
[73,   120] loss: 0.182
[73,   130] loss: 0.187
[73,   140] loss: 0.177
[73,   150] loss: 0.187
[73,   160] loss: 0.156
[73,   170] loss: 0.162
[73,   180] loss: 0.178
[73,   190] loss: 0.178
[73,   200] loss: 0.164
[73,   210] loss: 0.163
[73,   220] loss: 0.194
[73,   230] loss: 0.217
[73,   240] loss: 0.174
[73,   250] loss: 0.187
[73,   260] loss: 0.185
[73,   270] loss: 0.244
[73,   280] loss: 0.164
[73,   290] loss: 0.171
[73,   300] loss: 0.187
[73,   310] loss: 0.159
[73,   320] loss: 0.216
[73,   330] loss: 0.209
[73,   340] loss: 0.230
[73,   350] loss: 0.155
[73,   360] loss: 0.208
[73,   370] loss: 0.158
[73,   380] loss: 0.196
[73,   390] loss: 0.192
[73,   400] loss: 0.238
VALIDATION loss: 2.46156644821167
[74,    10] loss: 0.155
[74,    20] loss: 0.150
[74,    30] loss: 0.199
[74,    40] loss: 0.177
[74,    50] loss: 0.144
[74,    60] loss: 0.147
[74,    70] loss: 0.285
[74,    80] loss: 0.331
[74,    90] loss: 0.162
[74,   100] loss: 0.141
[74,   110] loss: 0.181
[74,   120] loss: 0.215
[74,   130] loss: 0.167
[74,   140] loss: 0.222
[74,   150] loss: 0.225
[74,   160] loss: 0.170
[74,   170] loss: 0.180
[74,   180] loss: 0.215
[74,   190] loss: 0.180
[74,   200] loss: 0.218
[74,   210] loss: 0.154
[74,   220] loss: 0.189
[74,   230] loss: 0.165
[74,   240] loss: 0.168
[74,   250] loss: 0.162
[74,   260] loss: 0.145
[74,   270] loss: 0.154
[74,   280] loss: 0.189
[74,   290] loss: 0.159
[74,   300] loss: 0.200
[74,   310] loss: 0.201
[74,   320] loss: 0.180
[74,   330] loss: 0.182
[74,   340] loss: 0.158
[74,   350] loss: 0.214
[74,   360] loss: 0.174
[74,   370] loss: 0.168
[74,   380] loss: 0.116
[74,   390] loss: 0.239
[74,   400] loss: 0.153
VALIDATION loss: 0.18192672729492188
[75,    10] loss: 0.146
[75,    20] loss: 0.184
[75,    30] loss: 0.144
[75,    40] loss: 0.207
[75,    50] loss: 0.142
[75,    60] loss: 0.165
[75,    70] loss: 0.173
[75,    80] loss: 0.183
[75,    90] loss: 0.161
[75,   100] loss: 0.152
[75,   110] loss: 0.208
[75,   120] loss: 0.171
[75,   130] loss: 0.173
[75,   140] loss: 0.167
[75,   150] loss: 0.207
[75,   160] loss: 0.220
[75,   170] loss: 0.202
[75,   180] loss: 0.232
[75,   190] loss: 0.184
[75,   200] loss: 0.174
[75,   210] loss: 0.164
[75,   220] loss: 0.177
[75,   230] loss: 0.148
[75,   240] loss: 0.137
[75,   250] loss: 0.172
[75,   260] loss: 0.204
[75,   270] loss: 0.195
[75,   280] loss: 0.143
[75,   290] loss: 0.184
[75,   300] loss: 0.186
[75,   310] loss: 0.140
[75,   320] loss: 0.187
[75,   330] loss: 0.120
[75,   340] loss: 0.151
[75,   350] loss: 0.177
[75,   360] loss: 0.190
[75,   370] loss: 0.165
[75,   380] loss: 0.213
[75,   390] loss: 0.192
[75,   400] loss: 0.205
VALIDATION loss: 0.28013676404953003
[76,    10] loss: 0.195
[76,    20] loss: 0.205
[76,    30] loss: 0.162
[76,    40] loss: 0.195
[76,    50] loss: 0.159
[76,    60] loss: 0.161
[76,    70] loss: 0.198
[76,    80] loss: 0.165
[76,    90] loss: 0.188
[76,   100] loss: 0.195
[76,   110] loss: 0.168
[76,   120] loss: 0.153
[76,   130] loss: 0.238
[76,   140] loss: 0.157
[76,   150] loss: 0.161
[76,   160] loss: 0.148
[76,   170] loss: 0.143
[76,   180] loss: 0.163
[76,   190] loss: 0.167
[76,   200] loss: 0.188
[76,   210] loss: 0.223
[76,   220] loss: 0.186
[76,   230] loss: 0.186
[76,   240] loss: 0.140
[76,   250] loss: 0.165
[76,   260] loss: 0.219
[76,   270] loss: 0.207
[76,   280] loss: 0.184
[76,   290] loss: 0.141
[76,   300] loss: 0.187
[76,   310] loss: 0.160
[76,   320] loss: 0.180
[76,   330] loss: 0.145
[76,   340] loss: 0.213
[76,   350] loss: 0.150
[76,   360] loss: 0.175
[76,   370] loss: 0.163
[76,   380] loss: 0.174
[76,   390] loss: 0.185
[76,   400] loss: 0.174
VALIDATION loss: 0.18701453506946564
[77,    10] loss: 0.181
[77,    20] loss: 0.165
[77,    30] loss: 0.168
[77,    40] loss: 0.173
[77,    50] loss: 0.188
[77,    60] loss: 0.183
[77,    70] loss: 0.156
[77,    80] loss: 0.201
[77,    90] loss: 0.185
[77,   100] loss: 0.185
[77,   110] loss: 0.111
[77,   120] loss: 0.208
[77,   130] loss: 0.174
[77,   140] loss: 0.163
[77,   150] loss: 0.162
[77,   160] loss: 0.162
[77,   170] loss: 0.149
[77,   180] loss: 0.205
[77,   190] loss: 0.155
[77,   200] loss: 0.181
[77,   210] loss: 0.140
[77,   220] loss: 0.113
[77,   230] loss: 0.149
[77,   240] loss: 0.181
[77,   250] loss: 0.179
[77,   260] loss: 0.160
[77,   270] loss: 0.186
[77,   280] loss: 0.167
[77,   290] loss: 0.154
[77,   300] loss: 0.172
[77,   310] loss: 0.175
[77,   320] loss: 0.154
[77,   330] loss: 0.186
[77,   340] loss: 0.170
[77,   350] loss: 0.146
[77,   360] loss: 0.163
[77,   370] loss: 0.222
[77,   380] loss: 0.175
[77,   390] loss: 0.160
[77,   400] loss: 0.158
VALIDATION loss: 0.5521366596221924
[78,    10] loss: 0.183
[78,    20] loss: 0.155
[78,    30] loss: 0.177
[78,    40] loss: 0.172
[78,    50] loss: 0.145
[78,    60] loss: 0.154
[78,    70] loss: 0.182
[78,    80] loss: 0.173
[78,    90] loss: 0.157
[78,   100] loss: 0.179
[78,   110] loss: 0.168
[78,   120] loss: 0.164
[78,   130] loss: 0.159
[78,   140] loss: 0.188
[78,   150] loss: 0.234
[78,   160] loss: 0.141
[78,   170] loss: 0.204
[78,   180] loss: 0.209
[78,   190] loss: 0.186
[78,   200] loss: 0.178
[78,   210] loss: 0.164
[78,   220] loss: 0.161
[78,   230] loss: 0.184
[78,   240] loss: 0.186
[78,   250] loss: 0.176
[78,   260] loss: 0.181
[78,   270] loss: 0.226
[78,   280] loss: 0.169
[78,   290] loss: 0.148
[78,   300] loss: 0.207
[78,   310] loss: 0.155
[78,   320] loss: 0.162
[78,   330] loss: 0.148
[78,   340] loss: 0.173
[78,   350] loss: 0.198
[78,   360] loss: 0.224
[78,   370] loss: 0.164
[78,   380] loss: 0.175
[78,   390] loss: 0.138
[78,   400] loss: 0.163
VALIDATION loss: 0.28557002544403076
[79,    10] loss: 0.151
[79,    20] loss: 0.173
[79,    30] loss: 0.162
[79,    40] loss: 0.169
[79,    50] loss: 0.179
[79,    60] loss: 0.141
[79,    70] loss: 0.116
[79,    80] loss: 0.191
[79,    90] loss: 0.152
[79,   100] loss: 0.213
[79,   110] loss: 0.196
[79,   120] loss: 0.182
[79,   130] loss: 0.195
[79,   140] loss: 0.218
[79,   150] loss: 0.206
[79,   160] loss: 0.226
[79,   170] loss: 0.156
[79,   180] loss: 0.178
[79,   190] loss: 0.159
[79,   200] loss: 0.161
[79,   210] loss: 0.152
[79,   220] loss: 0.178
[79,   230] loss: 0.134
[79,   240] loss: 0.183
[79,   250] loss: 0.155
[79,   260] loss: 0.183
[79,   270] loss: 0.199
[79,   280] loss: 0.135
[79,   290] loss: 0.176
[79,   300] loss: 0.177
[79,   310] loss: 0.195
[79,   320] loss: 0.105
[79,   330] loss: 0.180
[79,   340] loss: 0.153
[79,   350] loss: 0.155
[79,   360] loss: 0.233
[79,   370] loss: 0.220
[79,   380] loss: 0.160
[79,   390] loss: 0.188
[79,   400] loss: 0.152
VALIDATION loss: 0.23657940328121185
[80,    10] loss: 0.154
[80,    20] loss: 0.114
[80,    30] loss: 0.140
[80,    40] loss: 0.203
[80,    50] loss: 0.144
[80,    60] loss: 0.201
[80,    70] loss: 0.215
[80,    80] loss: 0.167
[80,    90] loss: 0.178
[80,   100] loss: 0.144
[80,   110] loss: 0.160
[80,   120] loss: 0.189
[80,   130] loss: 0.203
[80,   140] loss: 0.198
[80,   150] loss: 0.179
[80,   160] loss: 0.199
[80,   170] loss: 0.119
[80,   180] loss: 0.203
[80,   190] loss: 0.189
[80,   200] loss: 0.124
[80,   210] loss: 0.131
[80,   220] loss: 0.169
[80,   230] loss: 0.161
[80,   240] loss: 0.118
[80,   250] loss: 0.183
[80,   260] loss: 0.141
[80,   270] loss: 0.209
[80,   280] loss: 0.143
[80,   290] loss: 0.181
[80,   300] loss: 0.169
[80,   310] loss: 0.167
[80,   320] loss: 0.175
[80,   330] loss: 0.199
[80,   340] loss: 0.172
[80,   350] loss: 0.144
[80,   360] loss: 0.148
[80,   370] loss: 0.145
[80,   380] loss: 0.190
[80,   390] loss: 0.172
[80,   400] loss: 0.153
VALIDATION loss: 0.1820855736732483
[81,    10] loss: 0.173
[81,    20] loss: 0.135
[81,    30] loss: 0.150
[81,    40] loss: 0.166
[81,    50] loss: 0.150
[81,    60] loss: 0.148
[81,    70] loss: 0.162
[81,    80] loss: 0.177
[81,    90] loss: 0.132
[81,   100] loss: 0.153
[81,   110] loss: 0.138
[81,   120] loss: 0.215
[81,   130] loss: 0.184
[81,   140] loss: 0.200
[81,   150] loss: 0.153
[81,   160] loss: 0.135
[81,   170] loss: 0.205
[81,   180] loss: 0.181
[81,   190] loss: 0.149
[81,   200] loss: 0.196
[81,   210] loss: 0.152
[81,   220] loss: 0.167
[81,   230] loss: 0.197
[81,   240] loss: 0.234
[81,   250] loss: 0.224
[81,   260] loss: 0.171
[81,   270] loss: 0.222
[81,   280] loss: 0.166
[81,   290] loss: 0.172
[81,   300] loss: 0.161
[81,   310] loss: 0.159
[81,   320] loss: 0.197
[81,   330] loss: 0.206
[81,   340] loss: 0.158
[81,   350] loss: 0.151
[81,   360] loss: 0.195
[81,   370] loss: 0.185
[81,   380] loss: 0.168
[81,   390] loss: 0.162
[81,   400] loss: 0.158
VALIDATION loss: 0.37183552980422974
[82,    10] loss: 0.148
[82,    20] loss: 0.181
[82,    30] loss: 0.181
[82,    40] loss: 0.191
[82,    50] loss: 0.148
[82,    60] loss: 0.197
[82,    70] loss: 0.225
[82,    80] loss: 0.200
[82,    90] loss: 0.207
[82,   100] loss: 0.204
[82,   110] loss: 0.181
[82,   120] loss: 0.177
[82,   130] loss: 0.173
[82,   140] loss: 0.152
[82,   150] loss: 0.178
[82,   160] loss: 0.167
[82,   170] loss: 0.156
[82,   180] loss: 0.163
[82,   190] loss: 0.173
[82,   200] loss: 0.150
[82,   210] loss: 0.174
[82,   220] loss: 0.161
[82,   230] loss: 0.172
[82,   240] loss: 0.189
[82,   250] loss: 0.154
[82,   260] loss: 0.194
[82,   270] loss: 0.154
[82,   280] loss: 0.185
[82,   290] loss: 0.154
[82,   300] loss: 0.137
[82,   310] loss: 0.149
[82,   320] loss: 0.134
[82,   330] loss: 0.139
[82,   340] loss: 0.152
[82,   350] loss: 0.144
[82,   360] loss: 0.214
[82,   370] loss: 0.175
[82,   380] loss: 0.145
[82,   390] loss: 0.153
[82,   400] loss: 0.143
VALIDATION loss: 1.8628331422805786
[83,    10] loss: 0.200
[83,    20] loss: 0.200
[83,    30] loss: 0.188
[83,    40] loss: 0.158
[83,    50] loss: 0.188
[83,    60] loss: 0.168
[83,    70] loss: 0.188
[83,    80] loss: 0.159
[83,    90] loss: 0.174
[83,   100] loss: 0.152
[83,   110] loss: 0.185
[83,   120] loss: 0.150
[83,   130] loss: 0.130
[83,   140] loss: 0.180
[83,   150] loss: 0.196
[83,   160] loss: 0.189
[83,   170] loss: 0.184
[83,   180] loss: 0.175
[83,   190] loss: 0.181
[83,   200] loss: 0.175
[83,   210] loss: 0.138
[83,   220] loss: 0.133
[83,   230] loss: 0.186
[83,   240] loss: 0.152
[83,   250] loss: 0.176
[83,   260] loss: 0.166
[83,   270] loss: 0.141
[83,   280] loss: 0.138
[83,   290] loss: 0.182
[83,   300] loss: 0.179
[83,   310] loss: 0.141
[83,   320] loss: 0.165
[83,   330] loss: 0.181
[83,   340] loss: 0.182
[83,   350] loss: 0.184
[83,   360] loss: 0.191
[83,   370] loss: 0.169
[83,   380] loss: 0.155
[83,   390] loss: 0.180
[83,   400] loss: 0.137
VALIDATION loss: 0.1803237646818161
[84,    10] loss: 0.190
[84,    20] loss: 0.164
[84,    30] loss: 0.147
[84,    40] loss: 0.142
[84,    50] loss: 0.156
[84,    60] loss: 0.173
[84,    70] loss: 0.135
[84,    80] loss: 0.159
[84,    90] loss: 0.204
[84,   100] loss: 0.166
[84,   110] loss: 0.126
[84,   120] loss: 0.192
[84,   130] loss: 0.158
[84,   140] loss: 0.147
[84,   150] loss: 0.146
[84,   160] loss: 0.179
[84,   170] loss: 0.179
[84,   180] loss: 0.146
[84,   190] loss: 0.162
[84,   200] loss: 0.180
[84,   210] loss: 0.226
[84,   220] loss: 0.155
[84,   230] loss: 0.176
[84,   240] loss: 0.179
[84,   250] loss: 0.143
[84,   260] loss: 0.125
[84,   270] loss: 0.193
[84,   280] loss: 0.132
[84,   290] loss: 0.131
[84,   300] loss: 0.191
[84,   310] loss: 0.183
[84,   320] loss: 0.150
[84,   330] loss: 0.162
[84,   340] loss: 0.157
[84,   350] loss: 0.179
[84,   360] loss: 0.176
[84,   370] loss: 0.162
[84,   380] loss: 0.119
[84,   390] loss: 0.180
[84,   400] loss: 0.183
VALIDATION loss: 0.17188188433647156
[85,    10] loss: 0.168
[85,    20] loss: 0.132
[85,    30] loss: 0.148
[85,    40] loss: 0.130
[85,    50] loss: 0.151
[85,    60] loss: 0.177
[85,    70] loss: 0.180
[85,    80] loss: 0.125
[85,    90] loss: 0.185
[85,   100] loss: 0.117
[85,   110] loss: 0.121
[85,   120] loss: 0.158
[85,   130] loss: 0.186
[85,   140] loss: 0.205
[85,   150] loss: 0.168
[85,   160] loss: 0.147
[85,   170] loss: 0.168
[85,   180] loss: 0.210
[85,   190] loss: 0.186
[85,   200] loss: 0.174
[85,   210] loss: 0.191
[85,   220] loss: 0.177
[85,   230] loss: 0.172
[85,   240] loss: 0.180
[85,   250] loss: 0.146
[85,   260] loss: 0.199
[85,   270] loss: 0.178
[85,   280] loss: 0.147
[85,   290] loss: 0.151
[85,   300] loss: 0.214
[85,   310] loss: 0.185
[85,   320] loss: 0.195
[85,   330] loss: 0.187
[85,   340] loss: 0.133
[85,   350] loss: 0.175
[85,   360] loss: 0.190
[85,   370] loss: 0.113
[85,   380] loss: 0.159
[85,   390] loss: 0.178
[85,   400] loss: 0.132
VALIDATION loss: 0.16483648121356964
[86,    10] loss: 0.137
[86,    20] loss: 0.148
[86,    30] loss: 0.190
[86,    40] loss: 0.114
[86,    50] loss: 0.169
[86,    60] loss: 0.178
[86,    70] loss: 0.177
[86,    80] loss: 0.182
[86,    90] loss: 0.138
[86,   100] loss: 0.170
[86,   110] loss: 0.128
[86,   120] loss: 0.174
[86,   130] loss: 0.126
[86,   140] loss: 0.160
[86,   150] loss: 0.120
[86,   160] loss: 0.215
[86,   170] loss: 0.190
[86,   180] loss: 0.196
[86,   190] loss: 0.104
[86,   200] loss: 0.155
[86,   210] loss: 0.167
[86,   220] loss: 0.177
[86,   230] loss: 0.161
[86,   240] loss: 0.177
[86,   250] loss: 0.202
[86,   260] loss: 0.172
[86,   270] loss: 0.189
[86,   280] loss: 0.183
[86,   290] loss: 0.173
[86,   300] loss: 0.184
[86,   310] loss: 0.169
[86,   320] loss: 0.175
[86,   330] loss: 0.162
[86,   340] loss: 0.146
[86,   350] loss: 0.122
[86,   360] loss: 0.151
[86,   370] loss: 0.151
[86,   380] loss: 0.154
[86,   390] loss: 0.138
[86,   400] loss: 0.149
VALIDATION loss: 0.22213180363178253
[87,    10] loss: 0.136
[87,    20] loss: 0.130
[87,    30] loss: 0.117
[87,    40] loss: 0.143
[87,    50] loss: 0.146
[87,    60] loss: 0.110
[87,    70] loss: 0.154
[87,    80] loss: 0.147
[87,    90] loss: 0.125
[87,   100] loss: 0.117
[87,   110] loss: 0.144
[87,   120] loss: 0.165
[87,   130] loss: 0.179
[87,   140] loss: 0.154
[87,   150] loss: 0.203
[87,   160] loss: 0.167
[87,   170] loss: 0.183
[87,   180] loss: 0.126
[87,   190] loss: 0.177
[87,   200] loss: 0.162
[87,   210] loss: 0.155
[87,   220] loss: 0.121
[87,   230] loss: 0.165
[87,   240] loss: 0.195
[87,   250] loss: 0.123
[87,   260] loss: 0.126
[87,   270] loss: 0.162
[87,   280] loss: 0.151
[87,   290] loss: 0.153
[87,   300] loss: 0.222
[87,   310] loss: 0.159
[87,   320] loss: 0.170
[87,   330] loss: 0.163
[87,   340] loss: 0.132
[87,   350] loss: 0.188
[87,   360] loss: 0.208
[87,   370] loss: 0.168
[87,   380] loss: 0.146
[87,   390] loss: 0.195
[87,   400] loss: 0.135
VALIDATION loss: 0.16171394288539886
[88,    10] loss: 0.150
[88,    20] loss: 0.125
[88,    30] loss: 0.195
[88,    40] loss: 0.159
[88,    50] loss: 0.141
[88,    60] loss: 0.152
[88,    70] loss: 0.177
[88,    80] loss: 0.122
[88,    90] loss: 0.205
[88,   100] loss: 0.161
[88,   110] loss: 0.188
[88,   120] loss: 0.151
[88,   130] loss: 0.137
[88,   140] loss: 0.165
[88,   150] loss: 0.143
[88,   160] loss: 0.213
[88,   170] loss: 0.190
[88,   180] loss: 0.143
[88,   190] loss: 0.174
[88,   200] loss: 0.142
[88,   210] loss: 0.138
[88,   220] loss: 0.187
[88,   230] loss: 0.190
[88,   240] loss: 0.151
[88,   250] loss: 0.140
[88,   260] loss: 0.175
[88,   270] loss: 0.178
[88,   280] loss: 0.129
[88,   290] loss: 0.171
[88,   300] loss: 0.143
[88,   310] loss: 0.192
[88,   320] loss: 0.132
[88,   330] loss: 0.171
[88,   340] loss: 0.111
[88,   350] loss: 0.176
[88,   360] loss: 0.200
[88,   370] loss: 0.100
[88,   380] loss: 0.134
[88,   390] loss: 0.167
[88,   400] loss: 0.146
VALIDATION loss: 0.386554479598999
[89,    10] loss: 0.145
[89,    20] loss: 0.157
[89,    30] loss: 0.194
[89,    40] loss: 0.119
[89,    50] loss: 0.151
[89,    60] loss: 0.202
[89,    70] loss: 0.160
[89,    80] loss: 0.151
[89,    90] loss: 0.169
[89,   100] loss: 0.172
[89,   110] loss: 0.120
[89,   120] loss: 0.207
[89,   130] loss: 0.155
[89,   140] loss: 0.172
[89,   150] loss: 0.194
[89,   160] loss: 0.199
[89,   170] loss: 0.169
[89,   180] loss: 0.205
[89,   190] loss: 0.106
[89,   200] loss: 0.151
[89,   210] loss: 0.167
[89,   220] loss: 0.175
[89,   230] loss: 0.217
[89,   240] loss: 0.142
[89,   250] loss: 0.194
[89,   260] loss: 0.176
[89,   270] loss: 0.155
[89,   280] loss: 0.165
[89,   290] loss: 0.176
[89,   300] loss: 0.211
[89,   310] loss: 0.173
[89,   320] loss: 0.160
[89,   330] loss: 0.131
[89,   340] loss: 0.168
[89,   350] loss: 0.172
[89,   360] loss: 0.149
[89,   370] loss: 0.205
[89,   380] loss: 0.200
[89,   390] loss: 0.171
[89,   400] loss: 0.170
VALIDATION loss: 0.31439027190208435
[90,    10] loss: 0.162
[90,    20] loss: 0.164
[90,    30] loss: 0.187
[90,    40] loss: 0.134
[90,    50] loss: 0.216
[90,    60] loss: 0.147
[90,    70] loss: 0.124
[90,    80] loss: 0.135
[90,    90] loss: 0.108
[90,   100] loss: 0.193
[90,   110] loss: 0.142
[90,   120] loss: 0.143
[90,   130] loss: 0.141
[90,   140] loss: 0.148
[90,   150] loss: 0.175
[90,   160] loss: 0.178
[90,   170] loss: 0.146
[90,   180] loss: 0.146
[90,   190] loss: 0.117
[90,   200] loss: 0.207
[90,   210] loss: 0.144
[90,   220] loss: 0.179
[90,   230] loss: 0.167
[90,   240] loss: 0.197
[90,   250] loss: 0.130
[90,   260] loss: 0.217
[90,   270] loss: 0.204
[90,   280] loss: 0.130
[90,   290] loss: 0.172
[90,   300] loss: 0.170
[90,   310] loss: 0.159
[90,   320] loss: 0.207
[90,   330] loss: 0.129
[90,   340] loss: 0.157
[90,   350] loss: 0.144
[90,   360] loss: 0.155
[90,   370] loss: 0.114
[90,   380] loss: 0.161
[90,   390] loss: 0.131
[90,   400] loss: 0.149
VALIDATION loss: 1.0995371341705322
[91,    10] loss: 0.119
[91,    20] loss: 0.178
[91,    30] loss: 0.165
[91,    40] loss: 0.135
[91,    50] loss: 0.146
[91,    60] loss: 0.193
[91,    70] loss: 0.170
[91,    80] loss: 0.159
[91,    90] loss: 0.170
[91,   100] loss: 0.172
[91,   110] loss: 0.185
[91,   120] loss: 0.130
[91,   130] loss: 0.187
[91,   140] loss: 0.199
[91,   150] loss: 0.156
[91,   160] loss: 0.133
[91,   170] loss: 0.206
[91,   180] loss: 0.207
[91,   190] loss: 0.124
[91,   200] loss: 0.182
[91,   210] loss: 0.139
[91,   220] loss: 0.160
[91,   230] loss: 0.173
[91,   240] loss: 0.118
[91,   250] loss: 0.181
[91,   260] loss: 0.141
[91,   270] loss: 0.149
[91,   280] loss: 0.177
[91,   290] loss: 0.153
[91,   300] loss: 0.154
[91,   310] loss: 0.188
[91,   320] loss: 0.120
[91,   330] loss: 0.143
[91,   340] loss: 0.128
[91,   350] loss: 0.205
[91,   360] loss: 0.157
[91,   370] loss: 0.151
[91,   380] loss: 0.187
[91,   390] loss: 0.122
[91,   400] loss: 0.194
VALIDATION loss: 0.5268628001213074
[92,    10] loss: 0.187
[92,    20] loss: 0.182
[92,    30] loss: 0.159
[92,    40] loss: 0.123
[92,    50] loss: 0.153
[92,    60] loss: 0.195
[92,    70] loss: 0.204
[92,    80] loss: 0.168
[92,    90] loss: 0.163
[92,   100] loss: 0.182
[92,   110] loss: 0.155
[92,   120] loss: 0.115
[92,   130] loss: 0.137
[92,   140] loss: 0.174
[92,   150] loss: 0.207
[92,   160] loss: 0.155
[92,   170] loss: 0.143
[92,   180] loss: 0.159
[92,   190] loss: 0.108
[92,   200] loss: 0.148
[92,   210] loss: 0.126
[92,   220] loss: 0.128
[92,   230] loss: 0.133
[92,   240] loss: 0.143
[92,   250] loss: 0.189
[92,   260] loss: 0.169
[92,   270] loss: 0.135
[92,   280] loss: 0.190
[92,   290] loss: 0.153
[92,   300] loss: 0.126
[92,   310] loss: 0.199
[92,   320] loss: 0.172
[92,   330] loss: 0.155
[92,   340] loss: 0.172
[92,   350] loss: 0.208
[92,   360] loss: 0.191
[92,   370] loss: 0.166
[92,   380] loss: 0.162
[92,   390] loss: 0.207
[92,   400] loss: 0.159
VALIDATION loss: 1.020949363708496
[93,    10] loss: 0.157
[93,    20] loss: 0.144
[93,    30] loss: 0.191
[93,    40] loss: 0.139
[93,    50] loss: 0.127
[93,    60] loss: 0.099
[93,    70] loss: 0.140
[93,    80] loss: 0.131
[93,    90] loss: 0.179
[93,   100] loss: 0.129
[93,   110] loss: 0.162
[93,   120] loss: 0.158
[93,   130] loss: 0.192
[93,   140] loss: 0.139
[93,   150] loss: 0.160
[93,   160] loss: 0.132
[93,   170] loss: 0.127
[93,   180] loss: 0.172
[93,   190] loss: 0.146
[93,   200] loss: 0.179
[93,   210] loss: 0.183
[93,   220] loss: 0.155
[93,   230] loss: 0.129
[93,   240] loss: 0.148
[93,   250] loss: 0.196
[93,   260] loss: 0.153
[93,   270] loss: 0.148
[93,   280] loss: 0.178
[93,   290] loss: 0.173
[93,   300] loss: 0.188
[93,   310] loss: 0.178
[93,   320] loss: 0.196
[93,   330] loss: 0.145
[93,   340] loss: 0.180
[93,   350] loss: 0.145
[93,   360] loss: 0.117
[93,   370] loss: 0.131
[93,   380] loss: 0.152
[93,   390] loss: 0.144
[93,   400] loss: 0.166
VALIDATION loss: 0.18799178302288055
[94,    10] loss: 0.188
[94,    20] loss: 0.158
[94,    30] loss: 0.145
[94,    40] loss: 0.144
[94,    50] loss: 0.180
[94,    60] loss: 0.139
[94,    70] loss: 0.156
[94,    80] loss: 0.113
[94,    90] loss: 0.146
[94,   100] loss: 0.177
[94,   110] loss: 0.145
[94,   120] loss: 0.141
[94,   130] loss: 0.170
[94,   140] loss: 0.139
[94,   150] loss: 0.142
[94,   160] loss: 0.169
[94,   170] loss: 0.149
[94,   180] loss: 0.185
[94,   190] loss: 0.201
[94,   200] loss: 0.115
[94,   210] loss: 0.146
[94,   220] loss: 0.137
[94,   230] loss: 0.185
[94,   240] loss: 0.134
[94,   250] loss: 0.189
[94,   260] loss: 0.133
[94,   270] loss: 0.129
[94,   280] loss: 0.121
[94,   290] loss: 0.153
[94,   300] loss: 0.167
[94,   310] loss: 0.151
[94,   320] loss: 0.187
[94,   330] loss: 0.129
[94,   340] loss: 0.134
[94,   350] loss: 0.125
[94,   360] loss: 0.149
[94,   370] loss: 0.177
[94,   380] loss: 0.188
[94,   390] loss: 0.157
[94,   400] loss: 0.205
VALIDATION loss: 0.39486372470855713
[95,    10] loss: 0.161
[95,    20] loss: 0.148
[95,    30] loss: 0.163
[95,    40] loss: 0.165
[95,    50] loss: 0.114
[95,    60] loss: 0.149
[95,    70] loss: 0.161
[95,    80] loss: 0.102
[95,    90] loss: 0.135
[95,   100] loss: 0.143
[95,   110] loss: 0.160
[95,   120] loss: 0.156
[95,   130] loss: 0.188
[95,   140] loss: 0.200
[95,   150] loss: 0.135
[95,   160] loss: 0.155
[95,   170] loss: 0.197
[95,   180] loss: 0.136
[95,   190] loss: 0.130
[95,   200] loss: 0.154
[95,   210] loss: 0.176
[95,   220] loss: 0.151
[95,   230] loss: 0.153
[95,   240] loss: 0.142
[95,   250] loss: 0.153
[95,   260] loss: 0.132
[95,   270] loss: 0.166
[95,   280] loss: 0.143
[95,   290] loss: 0.168
[95,   300] loss: 0.194
[95,   310] loss: 0.146
[95,   320] loss: 0.114
[95,   330] loss: 0.124
[95,   340] loss: 0.175
[95,   350] loss: 0.146
[95,   360] loss: 0.130
[95,   370] loss: 0.173
[95,   380] loss: 0.163
[95,   390] loss: 0.149
[95,   400] loss: 0.171
VALIDATION loss: 0.3374577462673187
[96,    10] loss: 0.136
[96,    20] loss: 0.142
[96,    30] loss: 0.148
[96,    40] loss: 0.138
[96,    50] loss: 0.122
[96,    60] loss: 0.115
[96,    70] loss: 0.137
[96,    80] loss: 0.179
[96,    90] loss: 0.179
[96,   100] loss: 0.165
[96,   110] loss: 0.197
[96,   120] loss: 0.146
[96,   130] loss: 0.194
[96,   140] loss: 0.191
[96,   150] loss: 0.173
[96,   160] loss: 0.168
[96,   170] loss: 0.156
[96,   180] loss: 0.126
[96,   190] loss: 0.203
[96,   200] loss: 0.137
[96,   210] loss: 0.168
[96,   220] loss: 0.138
[96,   230] loss: 0.142
[96,   240] loss: 0.135
[96,   250] loss: 0.157
[96,   260] loss: 0.183
[96,   270] loss: 0.137
[96,   280] loss: 0.152
[96,   290] loss: 0.146
[96,   300] loss: 0.180
[96,   310] loss: 0.157
[96,   320] loss: 0.167
[96,   330] loss: 0.117
[96,   340] loss: 0.137
[96,   350] loss: 0.143
[96,   360] loss: 0.169
[96,   370] loss: 0.171
[96,   380] loss: 0.125
[96,   390] loss: 0.169
[96,   400] loss: 0.181
VALIDATION loss: 0.8672006130218506
[97,    10] loss: 0.172
[97,    20] loss: 0.219
[97,    30] loss: 0.130
[97,    40] loss: 0.141
[97,    50] loss: 0.149
[97,    60] loss: 0.156
[97,    70] loss: 0.140
[97,    80] loss: 0.151
[97,    90] loss: 0.177
[97,   100] loss: 0.180
[97,   110] loss: 0.152
[97,   120] loss: 0.152
[97,   130] loss: 0.134
[97,   140] loss: 0.160
[97,   150] loss: 0.166
[97,   160] loss: 0.147
[97,   170] loss: 0.115
[97,   180] loss: 0.165
[97,   190] loss: 0.135
[97,   200] loss: 0.194
[97,   210] loss: 0.133
[97,   220] loss: 0.159
[97,   230] loss: 0.188
[97,   240] loss: 0.119
[97,   250] loss: 0.170
[97,   260] loss: 0.193
[97,   270] loss: 0.184
[97,   280] loss: 0.191
[97,   290] loss: 0.154
[97,   300] loss: 0.153
[97,   310] loss: 0.133
[97,   320] loss: 0.167
[97,   330] loss: 0.153
[97,   340] loss: 0.174
[97,   350] loss: 0.144
[97,   360] loss: 0.163
[97,   370] loss: 0.164
[97,   380] loss: 0.184
[97,   390] loss: 0.159
[97,   400] loss: 0.118
VALIDATION loss: 0.9653456211090088
[98,    10] loss: 0.164
[98,    20] loss: 0.144
[98,    30] loss: 0.132
[98,    40] loss: 0.123
[98,    50] loss: 0.121
[98,    60] loss: 0.118
[98,    70] loss: 0.141
[98,    80] loss: 0.133
[98,    90] loss: 0.173
[98,   100] loss: 0.148
[98,   110] loss: 0.184
[98,   120] loss: 0.131
[98,   130] loss: 0.175
[98,   140] loss: 0.145
[98,   150] loss: 0.197
[98,   160] loss: 0.192
[98,   170] loss: 0.148
[98,   180] loss: 0.158
[98,   190] loss: 0.141
[98,   200] loss: 0.119
[98,   210] loss: 0.157
[98,   220] loss: 0.167
[98,   230] loss: 0.151
[98,   240] loss: 0.203
[98,   250] loss: 0.163
[98,   260] loss: 0.150
[98,   270] loss: 0.158
[98,   280] loss: 0.161
[98,   290] loss: 0.136
[98,   300] loss: 0.166
[98,   310] loss: 0.135
[98,   320] loss: 0.172
[98,   330] loss: 0.150
[98,   340] loss: 0.190
[98,   350] loss: 0.137
[98,   360] loss: 0.178
[98,   370] loss: 0.156
[98,   380] loss: 0.126
[98,   390] loss: 0.146
[98,   400] loss: 0.173
VALIDATION loss: 0.15699225664138794
[99,    10] loss: 0.152
[99,    20] loss: 0.113
[99,    30] loss: 0.147
[99,    40] loss: 0.164
[99,    50] loss: 0.184
[99,    60] loss: 0.136
[99,    70] loss: 0.201
[99,    80] loss: 0.161
[99,    90] loss: 0.181
[99,   100] loss: 0.112
[99,   110] loss: 0.153
[99,   120] loss: 0.127
[99,   130] loss: 0.141
[99,   140] loss: 0.130
[99,   150] loss: 0.190
[99,   160] loss: 0.142
[99,   170] loss: 0.145
[99,   180] loss: 0.156
[99,   190] loss: 0.159
[99,   200] loss: 0.195
[99,   210] loss: 0.160
[99,   220] loss: 0.117
[99,   230] loss: 0.154
[99,   240] loss: 0.141
[99,   250] loss: 0.150
[99,   260] loss: 0.130
[99,   270] loss: 0.135
[99,   280] loss: 0.146
[99,   290] loss: 0.136
[99,   300] loss: 0.152
[99,   310] loss: 0.146
[99,   320] loss: 0.186
[99,   330] loss: 0.187
[99,   340] loss: 0.150
[99,   350] loss: 0.156
[99,   360] loss: 0.145
[99,   370] loss: 0.170
[99,   380] loss: 0.110
[99,   390] loss: 0.147
[99,   400] loss: 0.126
VALIDATION loss: 0.2064569741487503
[100,    10] loss: 0.175
[100,    20] loss: 0.150
[100,    30] loss: 0.129
[100,    40] loss: 0.154
[100,    50] loss: 0.139
[100,    60] loss: 0.190
[100,    70] loss: 0.122
[100,    80] loss: 0.178
[100,    90] loss: 0.125
[100,   100] loss: 0.172
[100,   110] loss: 0.136
[100,   120] loss: 0.120
[100,   130] loss: 0.122
[100,   140] loss: 0.140
[100,   150] loss: 0.113
[100,   160] loss: 0.112
[100,   170] loss: 0.168
[100,   180] loss: 0.181
[100,   190] loss: 0.166
[100,   200] loss: 0.163
[100,   210] loss: 0.168
[100,   220] loss: 0.169
[100,   230] loss: 0.172
[100,   240] loss: 0.159
[100,   250] loss: 0.153
[100,   260] loss: 0.185
[100,   270] loss: 0.150
[100,   280] loss: 0.184
[100,   290] loss: 0.155
[100,   300] loss: 0.155
[100,   310] loss: 0.137
[100,   320] loss: 0.158
[100,   330] loss: 0.168
[100,   340] loss: 0.116
[100,   350] loss: 0.122
[100,   360] loss: 0.141
[100,   370] loss: 0.122
[100,   380] loss: 0.129
[100,   390] loss: 0.121
[100,   400] loss: 0.117
VALIDATION loss: 0.1609411984682083
Finished !!
Accuracy of the network: 93.06 %
