Collecting dill==0.3.4 (from -r requirements.txt (line 1))
  Using cached https://files.pythonhosted.org/packages/b6/c3/973676ceb86b60835bb3978c6db67a5dc06be6cfdbd14ef0f5a13e3fc9fd/dill-0.3.4-py2.py3-none-any.whl
Requirement already satisfied: laplace==0.1 in /zhome/45/c/128687/.local/lib/python3.6/site-packages (from -r requirements.txt (line 2))
Collecting matplotlib==3.4.0 (from -r requirements.txt (line 3))
Small: 0
Transform: 1
MaxPool: 1
Running GPU.
[1,    10] loss: 1.915
[1,    20] loss: 1.752
[1,    30] loss: 1.714
[1,    40] loss: 1.623
[1,    50] loss: 1.585
[1,    60] loss: 1.525
[1,    70] loss: 1.584
[1,    80] loss: 1.537
[1,    90] loss: 1.528
[1,   100] loss: 1.496
[1,   110] loss: 1.454
[1,   120] loss: 1.468
[1,   130] loss: 1.540
[1,   140] loss: 1.473
[1,   150] loss: 1.412
[1,   160] loss: 1.488
[1,   170] loss: 1.394
[1,   180] loss: 1.419
[1,   190] loss: 1.405
[1,   200] loss: 1.385
[1,   210] loss: 1.439
[1,   220] loss: 1.395
[1,   230] loss: 1.425
[1,   240] loss: 1.389
[1,   250] loss: 1.458
[1,   260] loss: 1.308
[1,   270] loss: 1.383
[1,   280] loss: 1.369
[1,   290] loss: 1.334
[1,   300] loss: 1.372
[1,   310] loss: 1.353
[1,   320] loss: 1.286
[1,   330] loss: 1.468
[1,   340] loss: 1.316
[1,   350] loss: 1.315
[1,   360] loss: 1.314
[1,   370] loss: 1.320
[1,   380] loss: 1.294
[1,   390] loss: 1.360
[1,   400] loss: 1.348
VALIDATION loss: 1.4439208507537842
[2,    10] loss: 1.301
[2,    20] loss: 1.240
[2,    30] loss: 1.268
[2,    40] loss: 1.344
[2,    50] loss: 1.294
[2,    60] loss: 1.342
[2,    70] loss: 1.338
[2,    80] loss: 1.233
[2,    90] loss: 1.231
[2,   100] loss: 1.277
[2,   110] loss: 1.277
[2,   120] loss: 1.308
[2,   130] loss: 1.306
[2,   140] loss: 1.255
[2,   150] loss: 1.213
[2,   160] loss: 1.278
[2,   170] loss: 1.226
[2,   180] loss: 1.240
[2,   190] loss: 1.239
[2,   200] loss: 1.242
[2,   210] loss: 1.256
[2,   220] loss: 1.174
[2,   230] loss: 1.197
[2,   240] loss: 1.205
[2,   250] loss: 1.210
[2,   260] loss: 1.200
[2,   270] loss: 1.131
[2,   280] loss: 1.136
[2,   290] loss: 1.290
[2,   300] loss: 1.216
[2,   310] loss: 1.261
[2,   320] loss: 1.216
[2,   330] loss: 1.136
[2,   340] loss: 1.147
[2,   350] loss: 1.131
[2,   360] loss: 1.121
[2,   370] loss: 1.057
[2,   380] loss: 1.054
[2,   390] loss: 1.102
[2,   400] loss: 1.080
VALIDATION loss: 1.0382466316223145
[3,    10] loss: 1.115
[3,    20] loss: 1.113
[3,    30] loss: 1.168
[3,    40] loss: 1.121
[3,    50] loss: 1.107
[3,    60] loss: 1.249
[3,    70] loss: 1.097
[3,    80] loss: 1.076
[3,    90] loss: 1.041
[3,   100] loss: 1.167
[3,   110] loss: 1.060
[3,   120] loss: 1.184
[3,   130] loss: 0.991
[3,   140] loss: 1.222
[3,   150] loss: 1.076
[3,   160] loss: 1.012
[3,   170] loss: 1.084
[3,   180] loss: 1.210
[3,   190] loss: 1.030
[3,   200] loss: 0.993
[3,   210] loss: 1.026
[3,   220] loss: 1.003
[3,   230] loss: 1.051
[3,   240] loss: 1.095
[3,   250] loss: 1.022
[3,   260] loss: 1.032
[3,   270] loss: 1.099
[3,   280] loss: 1.139
[3,   290] loss: 0.994
[3,   300] loss: 0.977
[3,   310] loss: 1.095
[3,   320] loss: 0.996
[3,   330] loss: 0.972
[3,   340] loss: 1.060
[3,   350] loss: 1.081
[3,   360] loss: 1.130
[3,   370] loss: 1.049
[3,   380] loss: 0.892
[3,   390] loss: 1.076
[3,   400] loss: 0.972
VALIDATION loss: 1.1368308067321777
[4,    10] loss: 0.953
[4,    20] loss: 0.852
[4,    30] loss: 0.939
[4,    40] loss: 1.094
[4,    50] loss: 0.909
[4,    60] loss: 0.929
[4,    70] loss: 0.890
[4,    80] loss: 0.966
[4,    90] loss: 0.962
[4,   100] loss: 0.960
[4,   110] loss: 1.015
[4,   120] loss: 0.983
[4,   130] loss: 0.834
[4,   140] loss: 0.974
[4,   150] loss: 0.908
[4,   160] loss: 1.013
[4,   170] loss: 0.916
[4,   180] loss: 0.920
[4,   190] loss: 0.959
[4,   200] loss: 0.972
[4,   210] loss: 0.811
[4,   220] loss: 0.886
[4,   230] loss: 0.964
[4,   240] loss: 0.885
[4,   250] loss: 1.051
[4,   260] loss: 0.892
[4,   270] loss: 0.916
[4,   280] loss: 0.971
[4,   290] loss: 0.978
[4,   300] loss: 0.882
[4,   310] loss: 1.034
[4,   320] loss: 1.076
[4,   330] loss: 0.942
[4,   340] loss: 0.922
[4,   350] loss: 0.936
[4,   360] loss: 0.933
[4,   370] loss: 0.919
[4,   380] loss: 0.926
[4,   390] loss: 0.964
[4,   400] loss: 0.924
VALIDATION loss: 1.0821195840835571
[5,    10] loss: 0.984
[5,    20] loss: 0.832
[5,    30] loss: 0.810
[5,    40] loss: 0.860
[5,    50] loss: 0.989
[5,    60] loss: 0.850
[5,    70] loss: 0.828
[5,    80] loss: 0.957
[5,    90] loss: 0.824
[5,   100] loss: 0.968
[5,   110] loss: 0.802
[5,   120] loss: 0.857
[5,   130] loss: 0.862
[5,   140] loss: 0.831
[5,   150] loss: 0.949
[5,   160] loss: 0.970
[5,   170] loss: 0.820
[5,   180] loss: 0.876
[5,   190] loss: 0.882
[5,   200] loss: 0.833
[5,   210] loss: 0.855
[5,   220] loss: 0.925
[5,   230] loss: 0.829
[5,   240] loss: 0.792
[5,   250] loss: 0.797
[5,   260] loss: 0.786
[5,   270] loss: 0.809
[5,   280] loss: 0.841
[5,   290] loss: 0.821
[5,   300] loss: 0.892
[5,   310] loss: 0.755
[5,   320] loss: 0.857
[5,   330] loss: 0.932
[5,   340] loss: 0.856
[5,   350] loss: 0.847
[5,   360] loss: 0.846
[5,   370] loss: 0.826
[5,   380] loss: 0.815
[5,   390] loss: 0.894
[5,   400] loss: 0.779
VALIDATION loss: 1.5618046522140503
[6,    10] loss: 0.864
[6,    20] loss: 0.843
[6,    30] loss: 0.850
[6,    40] loss: 0.799
[6,    50] loss: 0.829
[6,    60] loss: 0.793
[6,    70] loss: 0.762
[6,    80] loss: 0.858
[6,    90] loss: 0.886
[6,   100] loss: 0.857
[6,   110] loss: 0.938
[6,   120] loss: 0.838
[6,   130] loss: 0.876
[6,   140] loss: 0.821
[6,   150] loss: 0.773
[6,   160] loss: 0.827
[6,   170] loss: 0.876
[6,   180] loss: 0.838
[6,   190] loss: 0.861
[6,   200] loss: 0.842
[6,   210] loss: 0.775
[6,   220] loss: 0.840
[6,   230] loss: 0.752
[6,   240] loss: 0.752
[6,   250] loss: 0.729
[6,   260] loss: 0.736
[6,   270] loss: 0.828
[6,   280] loss: 0.771
[6,   290] loss: 0.730
[6,   300] loss: 0.687
[6,   310] loss: 0.813
[6,   320] loss: 0.846
[6,   330] loss: 0.859
[6,   340] loss: 0.770
[6,   350] loss: 0.804
[6,   360] loss: 0.730
[6,   370] loss: 0.784
[6,   380] loss: 0.788
[6,   390] loss: 0.887
[6,   400] loss: 0.828
VALIDATION loss: 0.952183187007904
[7,    10] loss: 0.771
[7,    20] loss: 0.842
[7,    30] loss: 0.769
[7,    40] loss: 0.711
[7,    50] loss: 0.755
[7,    60] loss: 0.685
[7,    70] loss: 0.732
[7,    80] loss: 0.788
[7,    90] loss: 0.758
[7,   100] loss: 0.759
[7,   110] loss: 0.807
[7,   120] loss: 0.711
[7,   130] loss: 0.748
[7,   140] loss: 0.773
[7,   150] loss: 0.710
[7,   160] loss: 0.747
[7,   170] loss: 0.777
[7,   180] loss: 0.710
[7,   190] loss: 0.777
[7,   200] loss: 0.717
[7,   210] loss: 0.766
[7,   220] loss: 0.763
[7,   230] loss: 0.748
[7,   240] loss: 0.710
[7,   250] loss: 0.839
[7,   260] loss: 0.770
[7,   270] loss: 0.736
[7,   280] loss: 0.726
[7,   290] loss: 0.731
[7,   300] loss: 0.738
[7,   310] loss: 0.750
[7,   320] loss: 0.663
[7,   330] loss: 0.726
[7,   340] loss: 0.719
[7,   350] loss: 0.722
[7,   360] loss: 0.679
[7,   370] loss: 0.828
[7,   380] loss: 0.681
[7,   390] loss: 0.699
[7,   400] loss: 0.792
VALIDATION loss: 1.2846794128417969
[8,    10] loss: 0.722
[8,    20] loss: 0.692
[8,    30] loss: 0.677
[8,    40] loss: 0.714
[8,    50] loss: 0.714
[8,    60] loss: 0.774
[8,    70] loss: 0.687
[8,    80] loss: 0.695
[8,    90] loss: 0.781
[8,   100] loss: 0.716
[8,   110] loss: 0.680
[8,   120] loss: 0.679
[8,   130] loss: 0.765
[8,   140] loss: 0.674
[8,   150] loss: 0.617
[8,   160] loss: 0.746
[8,   170] loss: 0.689
[8,   180] loss: 0.669
[8,   190] loss: 0.859
[8,   200] loss: 0.836
[8,   210] loss: 0.689
[8,   220] loss: 0.705
[8,   230] loss: 0.688
[8,   240] loss: 0.618
[8,   250] loss: 0.748
[8,   260] loss: 0.660
[8,   270] loss: 0.747
[8,   280] loss: 0.697
[8,   290] loss: 0.664
[8,   300] loss: 0.697
[8,   310] loss: 0.717
[8,   320] loss: 0.680
[8,   330] loss: 0.681
[8,   340] loss: 0.649
[8,   350] loss: 0.629
[8,   360] loss: 0.699
[8,   370] loss: 0.689
[8,   380] loss: 0.651
[8,   390] loss: 0.610
[8,   400] loss: 0.556
VALIDATION loss: 0.5652258396148682
[9,    10] loss: 0.791
[9,    20] loss: 0.730
[9,    30] loss: 0.616
[9,    40] loss: 0.705
[9,    50] loss: 0.703
[9,    60] loss: 0.642
[9,    70] loss: 0.696
[9,    80] loss: 0.664
[9,    90] loss: 0.636
[9,   100] loss: 0.702
[9,   110] loss: 0.563
[9,   120] loss: 0.724
[9,   130] loss: 0.569
[9,   140] loss: 0.827
[9,   150] loss: 0.604
[9,   160] loss: 0.628
[9,   170] loss: 0.685
[9,   180] loss: 0.706
[9,   190] loss: 0.638
[9,   200] loss: 0.702
[9,   210] loss: 0.603
[9,   220] loss: 0.598
[9,   230] loss: 0.652
[9,   240] loss: 0.656
[9,   250] loss: 0.645
[9,   260] loss: 0.663
[9,   270] loss: 0.655
[9,   280] loss: 0.586
[9,   290] loss: 0.662
[9,   300] loss: 0.573
[9,   310] loss: 0.632
[9,   320] loss: 0.692
[9,   330] loss: 0.598
[9,   340] loss: 0.744
[9,   350] loss: 0.578
[9,   360] loss: 0.646
[9,   370] loss: 0.665
[9,   380] loss: 0.706
[9,   390] loss: 0.676
[9,   400] loss: 0.626
VALIDATION loss: 0.8046025037765503
[10,    10] loss: 0.665
[10,    20] loss: 0.705
[10,    30] loss: 0.665
[10,    40] loss: 0.620
[10,    50] loss: 0.687
[10,    60] loss: 0.659
[10,    70] loss: 0.711
[10,    80] loss: 0.644
[10,    90] loss: 0.654
[10,   100] loss: 0.575
[10,   110] loss: 0.608
[10,   120] loss: 0.669
[10,   130] loss: 0.663
[10,   140] loss: 0.719
[10,   150] loss: 0.684
[10,   160] loss: 0.567
[10,   170] loss: 0.612
[10,   180] loss: 0.686
[10,   190] loss: 0.594
[10,   200] loss: 0.610
[10,   210] loss: 0.689
[10,   220] loss: 0.604
[10,   230] loss: 0.631
[10,   240] loss: 0.568
[10,   250] loss: 0.717
[10,   260] loss: 0.677
[10,   270] loss: 0.658
[10,   280] loss: 0.584
[10,   290] loss: 0.647
[10,   300] loss: 0.626
[10,   310] loss: 0.658
[10,   320] loss: 0.672
[10,   330] loss: 0.646
[10,   340] loss: 0.596
[10,   350] loss: 0.681
[10,   360] loss: 0.598
[10,   370] loss: 0.602
[10,   380] loss: 0.609
[10,   390] loss: 0.575
[10,   400] loss: 0.652
VALIDATION loss: 1.3212652206420898
[11,    10] loss: 0.537
[11,    20] loss: 0.604
[11,    30] loss: 0.603
[11,    40] loss: 0.520
[11,    50] loss: 0.633
[11,    60] loss: 0.524
[11,    70] loss: 0.565
[11,    80] loss: 0.551
[11,    90] loss: 0.574
[11,   100] loss: 0.584
[11,   110] loss: 0.637
[11,   120] loss: 0.521
[11,   130] loss: 0.642
[11,   140] loss: 0.535
[11,   150] loss: 0.638
[11,   160] loss: 0.708
[11,   170] loss: 0.606
[11,   180] loss: 0.593
[11,   190] loss: 0.579
[11,   200] loss: 0.614
[11,   210] loss: 0.552
[11,   220] loss: 0.574
[11,   230] loss: 0.704
[11,   240] loss: 0.565
[11,   250] loss: 0.623
[11,   260] loss: 0.589
[11,   270] loss: 0.620
[11,   280] loss: 0.610
[11,   290] loss: 0.584
[11,   300] loss: 0.538
[11,   310] loss: 0.593
[11,   320] loss: 0.591
[11,   330] loss: 0.582
[11,   340] loss: 0.540
[11,   350] loss: 0.540
[11,   360] loss: 0.618
[11,   370] loss: 0.582
[11,   380] loss: 0.641
[11,   390] loss: 0.599
[11,   400] loss: 0.598
VALIDATION loss: 1.7801549434661865
[12,    10] loss: 0.606
[12,    20] loss: 0.731
[12,    30] loss: 0.631
[12,    40] loss: 0.662
[12,    50] loss: 0.514
[12,    60] loss: 0.569
[12,    70] loss: 0.589
[12,    80] loss: 0.527
[12,    90] loss: 0.577
[12,   100] loss: 0.555
[12,   110] loss: 0.503
[12,   120] loss: 0.537
[12,   130] loss: 0.520
[12,   140] loss: 0.560
[12,   150] loss: 0.506
[12,   160] loss: 0.636
[12,   170] loss: 0.571
[12,   180] loss: 0.593
[12,   190] loss: 0.592
[12,   200] loss: 0.553
[12,   210] loss: 0.508
[12,   220] loss: 0.628
[12,   230] loss: 0.540
[12,   240] loss: 0.520
[12,   250] loss: 0.561
[12,   260] loss: 0.539
[12,   270] loss: 0.495
[12,   280] loss: 0.589
[12,   290] loss: 0.527
[12,   300] loss: 0.533
[12,   310] loss: 0.584
[12,   320] loss: 0.527
[12,   330] loss: 0.530
[12,   340] loss: 0.589
[12,   350] loss: 0.549
[12,   360] loss: 0.556
[12,   370] loss: 0.582
[12,   380] loss: 0.594
[12,   390] loss: 0.577
[12,   400] loss: 0.567
VALIDATION loss: 1.7555030584335327
[13,    10] loss: 0.571
[13,    20] loss: 0.572
[13,    30] loss: 0.563
[13,    40] loss: 0.526
[13,    50] loss: 0.541
[13,    60] loss: 0.502
[13,    70] loss: 0.458
[13,    80] loss: 0.581
[13,    90] loss: 0.566
[13,   100] loss: 0.495
[13,   110] loss: 0.558
[13,   120] loss: 0.530
[13,   130] loss: 0.482
[13,   140] loss: 0.594
[13,   150] loss: 0.546
[13,   160] loss: 0.575
[13,   170] loss: 0.528
[13,   180] loss: 0.603
[13,   190] loss: 0.533
[13,   200] loss: 0.527
[13,   210] loss: 0.519
[13,   220] loss: 0.570
[13,   230] loss: 0.474
[13,   240] loss: 0.545
[13,   250] loss: 0.503
[13,   260] loss: 0.575
[13,   270] loss: 0.618
[13,   280] loss: 0.544
[13,   290] loss: 0.541
[13,   300] loss: 0.579
[13,   310] loss: 0.568
[13,   320] loss: 0.570
[13,   330] loss: 0.582
[13,   340] loss: 0.528
[13,   350] loss: 0.479
[13,   360] loss: 0.549
[13,   370] loss: 0.555
[13,   380] loss: 0.444
[13,   390] loss: 0.482
[13,   400] loss: 0.498
VALIDATION loss: 0.9059808254241943
[14,    10] loss: 0.479
[14,    20] loss: 0.487
[14,    30] loss: 0.463
[14,    40] loss: 0.597
[14,    50] loss: 0.442
[14,    60] loss: 0.454
[14,    70] loss: 0.594
[14,    80] loss: 0.517
[14,    90] loss: 0.488
[14,   100] loss: 0.562
[14,   110] loss: 0.515
[14,   120] loss: 0.514
[14,   130] loss: 0.523
[14,   140] loss: 0.538
[14,   150] loss: 0.534
[14,   160] loss: 0.547
[14,   170] loss: 0.454
[14,   180] loss: 0.521
[14,   190] loss: 0.560
[14,   200] loss: 0.558
[14,   210] loss: 0.527
[14,   220] loss: 0.627
[14,   230] loss: 0.563
[14,   240] loss: 0.487
[14,   250] loss: 0.595
[14,   260] loss: 0.529
[14,   270] loss: 0.537
[14,   280] loss: 0.526
[14,   290] loss: 0.486
[14,   300] loss: 0.479
[14,   310] loss: 0.551
[14,   320] loss: 0.550
[14,   330] loss: 0.512
[14,   340] loss: 0.500
[14,   350] loss: 0.531
[14,   360] loss: 0.602
[14,   370] loss: 0.406
[14,   380] loss: 0.540
[14,   390] loss: 0.465
[14,   400] loss: 0.517
VALIDATION loss: 1.4039149284362793
[15,    10] loss: 0.484
[15,    20] loss: 0.408
[15,    30] loss: 0.477
[15,    40] loss: 0.470
[15,    50] loss: 0.504
[15,    60] loss: 0.457
[15,    70] loss: 0.612
[15,    80] loss: 0.556
[15,    90] loss: 0.582
[15,   100] loss: 0.443
[15,   110] loss: 0.446
[15,   120] loss: 0.473
[15,   130] loss: 0.522
[15,   140] loss: 0.458
[15,   150] loss: 0.551
[15,   160] loss: 0.589
[15,   170] loss: 0.506
[15,   180] loss: 0.499
[15,   190] loss: 0.557
[15,   200] loss: 0.461
[15,   210] loss: 0.525
[15,   220] loss: 0.539
[15,   230] loss: 0.513
[15,   240] loss: 0.495
[15,   250] loss: 0.526
[15,   260] loss: 0.474
[15,   270] loss: 0.529
[15,   280] loss: 0.450
[15,   290] loss: 0.509
[15,   300] loss: 0.480
[15,   310] loss: 0.548
[15,   320] loss: 0.472
[15,   330] loss: 0.422
[15,   340] loss: 0.509
[15,   350] loss: 0.504
[15,   360] loss: 0.496
[15,   370] loss: 0.394
[15,   380] loss: 0.447
[15,   390] loss: 0.502
[15,   400] loss: 0.478
VALIDATION loss: 0.4079836905002594
[16,    10] loss: 0.488
[16,    20] loss: 0.448
[16,    30] loss: 0.493
[16,    40] loss: 0.534
[16,    50] loss: 0.543
[16,    60] loss: 0.473
[16,    70] loss: 0.417
[16,    80] loss: 0.422
[16,    90] loss: 0.522
[16,   100] loss: 0.438
[16,   110] loss: 0.423
[16,   120] loss: 0.534
[16,   130] loss: 0.460
[16,   140] loss: 0.477
[16,   150] loss: 0.480
[16,   160] loss: 0.419
[16,   170] loss: 0.472
[16,   180] loss: 0.469
[16,   190] loss: 0.455
[16,   200] loss: 0.534
[16,   210] loss: 0.498
[16,   220] loss: 0.530
[16,   230] loss: 0.493
[16,   240] loss: 0.455
[16,   250] loss: 0.481
[16,   260] loss: 0.443
[16,   270] loss: 0.426
[16,   280] loss: 0.425
[16,   290] loss: 0.470
[16,   300] loss: 0.518
[16,   310] loss: 0.413
[16,   320] loss: 0.475
[16,   330] loss: 0.488
[16,   340] loss: 0.508
[16,   350] loss: 0.508
[16,   360] loss: 0.449
[16,   370] loss: 0.548
[16,   380] loss: 0.526
[16,   390] loss: 0.492
[16,   400] loss: 0.520
VALIDATION loss: 0.9679585099220276
[17,    10] loss: 0.469
[17,    20] loss: 0.480
[17,    30] loss: 0.451
[17,    40] loss: 0.519
[17,    50] loss: 0.440
[17,    60] loss: 0.444
[17,    70] loss: 0.383
[17,    80] loss: 0.434
[17,    90] loss: 0.520
[17,   100] loss: 0.462
[17,   110] loss: 0.517
[17,   120] loss: 0.458
[17,   130] loss: 0.482
[17,   140] loss: 0.453
[17,   150] loss: 0.560
[17,   160] loss: 0.530
[17,   170] loss: 0.535
[17,   180] loss: 0.495
[17,   190] loss: 0.443
[17,   200] loss: 0.439
[17,   210] loss: 0.481
[17,   220] loss: 0.460
[17,   230] loss: 0.476
[17,   240] loss: 0.441
[17,   250] loss: 0.459
[17,   260] loss: 0.498
[17,   270] loss: 0.525
[17,   280] loss: 0.399
[17,   290] loss: 0.468
[17,   300] loss: 0.417
[17,   310] loss: 0.513
[17,   320] loss: 0.494
[17,   330] loss: 0.534
[17,   340] loss: 0.517
[17,   350] loss: 0.482
[17,   360] loss: 0.464
[17,   370] loss: 0.437
[17,   380] loss: 0.505
[17,   390] loss: 0.417
[17,   400] loss: 0.461
VALIDATION loss: 8.515661239624023
[18,    10] loss: 0.450
[18,    20] loss: 0.485
[18,    30] loss: 0.573
[18,    40] loss: 0.513
[18,    50] loss: 0.434
[18,    60] loss: 0.470
[18,    70] loss: 0.434
[18,    80] loss: 0.508
[18,    90] loss: 0.501
[18,   100] loss: 0.403
[18,   110] loss: 0.395
[18,   120] loss: 0.378
[18,   130] loss: 0.472
[18,   140] loss: 0.431
[18,   150] loss: 0.469
[18,   160] loss: 0.457
[18,   170] loss: 0.424
[18,   180] loss: 0.415
[18,   190] loss: 0.401
[18,   200] loss: 0.428
[18,   210] loss: 0.528
[18,   220] loss: 0.407
[18,   230] loss: 0.426
[18,   240] loss: 0.466
[18,   250] loss: 0.378
[18,   260] loss: 0.406
[18,   270] loss: 0.425
[18,   280] loss: 0.437
[18,   290] loss: 0.429
[18,   300] loss: 0.401
[18,   310] loss: 0.475
[18,   320] loss: 0.442
[18,   330] loss: 0.457
[18,   340] loss: 0.425
[18,   350] loss: 0.470
[18,   360] loss: 0.444
[18,   370] loss: 0.439
[18,   380] loss: 0.406
[18,   390] loss: 0.544
[18,   400] loss: 0.478
VALIDATION loss: 1.1406285762786865
[19,    10] loss: 0.465
[19,    20] loss: 0.409
[19,    30] loss: 0.450
[19,    40] loss: 0.377
[19,    50] loss: 0.435
[19,    60] loss: 0.391
[19,    70] loss: 0.441
[19,    80] loss: 0.471
[19,    90] loss: 0.426
[19,   100] loss: 0.478
[19,   110] loss: 0.452
[19,   120] loss: 0.484
[19,   130] loss: 0.464
[19,   140] loss: 0.431
[19,   150] loss: 0.425
[19,   160] loss: 0.364
[19,   170] loss: 0.404
[19,   180] loss: 0.387
[19,   190] loss: 0.383
[19,   200] loss: 0.393
[19,   210] loss: 0.382
[19,   220] loss: 0.495
[19,   230] loss: 0.450
[19,   240] loss: 0.545
[19,   250] loss: 0.427
[19,   260] loss: 0.427
[19,   270] loss: 0.415
[19,   280] loss: 0.436
[19,   290] loss: 0.496
[19,   300] loss: 0.487
[19,   310] loss: 0.425
[19,   320] loss: 0.441
[19,   330] loss: 0.385
[19,   340] loss: 0.399
[19,   350] loss: 0.428
[19,   360] loss: 0.392
[19,   370] loss: 0.399
[19,   380] loss: 0.410
[19,   390] loss: 0.430
[19,   400] loss: 0.383
VALIDATION loss: 4.394122123718262
[20,    10] loss: 0.503
[20,    20] loss: 0.518
[20,    30] loss: 0.489
[20,    40] loss: 0.438
[20,    50] loss: 0.368
[20,    60] loss: 0.455
[20,    70] loss: 0.391
[20,    80] loss: 0.423
[20,    90] loss: 0.445
[20,   100] loss: 0.405
[20,   110] loss: 0.394
[20,   120] loss: 0.412
[20,   130] loss: 0.405
[20,   140] loss: 0.430
[20,   150] loss: 0.372
[20,   160] loss: 0.381
[20,   170] loss: 0.362
[20,   180] loss: 0.351
[20,   190] loss: 0.436
[20,   200] loss: 0.501
[20,   210] loss: 0.413
[20,   220] loss: 0.411
[20,   230] loss: 0.434
[20,   240] loss: 0.365
[20,   250] loss: 0.355
[20,   260] loss: 0.410
[20,   270] loss: 0.389
[20,   280] loss: 0.370
[20,   290] loss: 0.437
[20,   300] loss: 0.379
[20,   310] loss: 0.465
[20,   320] loss: 0.414
[20,   330] loss: 0.392
[20,   340] loss: 0.441
[20,   350] loss: 0.430
[20,   360] loss: 0.411
[20,   370] loss: 0.403
[20,   380] loss: 0.431
[20,   390] loss: 0.500
[20,   400] loss: 0.362
VALIDATION loss: 2.080953359603882
[21,    10] loss: 0.386
[21,    20] loss: 0.387
[21,    30] loss: 0.344
[21,    40] loss: 0.371
[21,    50] loss: 0.427
[21,    60] loss: 0.406
[21,    70] loss: 0.433
[21,    80] loss: 0.356
[21,    90] loss: 0.289
[21,   100] loss: 0.367
[21,   110] loss: 0.385
[21,   120] loss: 0.436
[21,   130] loss: 0.458
[21,   140] loss: 0.390
[21,   150] loss: 0.472
[21,   160] loss: 0.418
[21,   170] loss: 0.373
[21,   180] loss: 0.396
[21,   190] loss: 0.384
[21,   200] loss: 0.383
[21,   210] loss: 0.392
[21,   220] loss: 0.456
[21,   230] loss: 0.438
[21,   240] loss: 0.412
[21,   250] loss: 0.333
[21,   260] loss: 0.414
[21,   270] loss: 0.358
[21,   280] loss: 0.451
[21,   290] loss: 0.403
[21,   300] loss: 0.374
[21,   310] loss: 0.501
[21,   320] loss: 0.416
[21,   330] loss: 0.401
[21,   340] loss: 0.454
[21,   350] loss: 0.383
[21,   360] loss: 0.443
[21,   370] loss: 0.432
[21,   380] loss: 0.461
[21,   390] loss: 0.391
[21,   400] loss: 0.418
VALIDATION loss: 1.2038177251815796
[22,    10] loss: 0.359
[22,    20] loss: 0.408
[22,    30] loss: 0.527
[22,    40] loss: 0.377
[22,    50] loss: 0.449
[22,    60] loss: 0.475
[22,    70] loss: 0.381
[22,    80] loss: 0.403
[22,    90] loss: 0.367
[22,   100] loss: 0.438
[22,   110] loss: 0.357
[22,   120] loss: 0.427
[22,   130] loss: 0.383
[22,   140] loss: 0.382
[22,   150] loss: 0.418
[22,   160] loss: 0.404
[22,   170] loss: 0.350
[22,   180] loss: 0.374
[22,   190] loss: 0.389
[22,   200] loss: 0.377
[22,   210] loss: 0.343
[22,   220] loss: 0.513
[22,   230] loss: 0.401
[22,   240] loss: 0.468
[22,   250] loss: 0.335
[22,   260] loss: 0.385
[22,   270] loss: 0.357
[22,   280] loss: 0.343
[22,   290] loss: 0.373
[22,   300] loss: 0.424
[22,   310] loss: 0.401
[22,   320] loss: 0.376
[22,   330] loss: 0.451
[22,   340] loss: 0.402
[22,   350] loss: 0.370
[22,   360] loss: 0.428
[22,   370] loss: 0.329
[22,   380] loss: 0.368
[22,   390] loss: 0.373
[22,   400] loss: 0.400
VALIDATION loss: 0.3041996955871582
[23,    10] loss: 0.373
[23,    20] loss: 0.401
[23,    30] loss: 0.346
[23,    40] loss: 0.420
[23,    50] loss: 0.337
[23,    60] loss: 0.387
[23,    70] loss: 0.342
[23,    80] loss: 0.392
[23,    90] loss: 0.346
[23,   100] loss: 0.356
[23,   110] loss: 0.383
[23,   120] loss: 0.434
[23,   130] loss: 0.428
[23,   140] loss: 0.373
[23,   150] loss: 0.468
[23,   160] loss: 0.434
[23,   170] loss: 0.391
[23,   180] loss: 0.363
[23,   190] loss: 0.402
[23,   200] loss: 0.359
[23,   210] loss: 0.382
[23,   220] loss: 0.363
[23,   230] loss: 0.379
[23,   240] loss: 0.395
[23,   250] loss: 0.424
[23,   260] loss: 0.367
[23,   270] loss: 0.409
[23,   280] loss: 0.356
[23,   290] loss: 0.383
[23,   300] loss: 0.357
[23,   310] loss: 0.300
[23,   320] loss: 0.451
[23,   330] loss: 0.387
[23,   340] loss: 0.338
[23,   350] loss: 0.401
[23,   360] loss: 0.301
[23,   370] loss: 0.270
[23,   380] loss: 0.333
[23,   390] loss: 0.386
[23,   400] loss: 0.406
VALIDATION loss: 0.749364972114563
[24,    10] loss: 0.391
[24,    20] loss: 0.379
[24,    30] loss: 0.336
[24,    40] loss: 0.390
[24,    50] loss: 0.416
[24,    60] loss: 0.370
[24,    70] loss: 0.399
[24,    80] loss: 0.387
[24,    90] loss: 0.334
[24,   100] loss: 0.384
[24,   110] loss: 0.370
[24,   120] loss: 0.396
[24,   130] loss: 0.414
[24,   140] loss: 0.372
[24,   150] loss: 0.324
[24,   160] loss: 0.381
[24,   170] loss: 0.319
[24,   180] loss: 0.427
[24,   190] loss: 0.346
[24,   200] loss: 0.350
[24,   210] loss: 0.383
[24,   220] loss: 0.360
[24,   230] loss: 0.377
[24,   240] loss: 0.364
[24,   250] loss: 0.376
[24,   260] loss: 0.353
[24,   270] loss: 0.323
[24,   280] loss: 0.355
[24,   290] loss: 0.423
[24,   300] loss: 0.432
[24,   310] loss: 0.476
[24,   320] loss: 0.412
[24,   330] loss: 0.354
[24,   340] loss: 0.315
[24,   350] loss: 0.372
[24,   360] loss: 0.461
[24,   370] loss: 0.381
[24,   380] loss: 0.394
[24,   390] loss: 0.379
[24,   400] loss: 0.341
VALIDATION loss: 0.8009706139564514
[25,    10] loss: 0.357
[25,    20] loss: 0.380
[25,    30] loss: 0.334
[25,    40] loss: 0.380
[25,    50] loss: 0.391
[25,    60] loss: 0.383
[25,    70] loss: 0.396
[25,    80] loss: 0.373
[25,    90] loss: 0.352
[25,   100] loss: 0.399
[25,   110] loss: 0.380
[25,   120] loss: 0.376
[25,   130] loss: 0.340
[25,   140] loss: 0.312
[25,   150] loss: 0.392
[25,   160] loss: 0.373
[25,   170] loss: 0.386
[25,   180] loss: 0.471
[25,   190] loss: 0.447
[25,   200] loss: 0.343
[25,   210] loss: 0.426
[25,   220] loss: 0.406
[25,   230] loss: 0.441
[25,   240] loss: 0.373
[25,   250] loss: 0.301
[25,   260] loss: 0.327
[25,   270] loss: 0.321
[25,   280] loss: 0.339
[25,   290] loss: 0.372
[25,   300] loss: 0.360
[25,   310] loss: 0.370
[25,   320] loss: 0.344
[25,   330] loss: 0.345
[25,   340] loss: 0.443
[25,   350] loss: 0.382
[25,   360] loss: 0.385
[25,   370] loss: 0.316
[25,   380] loss: 0.315
[25,   390] loss: 0.365
[25,   400] loss: 0.319
VALIDATION loss: 0.4253935217857361
[26,    10] loss: 0.311
[26,    20] loss: 0.379
[26,    30] loss: 0.347
[26,    40] loss: 0.362
[26,    50] loss: 0.340
[26,    60] loss: 0.371
[26,    70] loss: 0.361
[26,    80] loss: 0.302
[26,    90] loss: 0.295
[26,   100] loss: 0.332
[26,   110] loss: 0.315
[26,   120] loss: 0.343
[26,   130] loss: 0.335
[26,   140] loss: 0.406
[26,   150] loss: 0.365
[26,   160] loss: 0.371
[26,   170] loss: 0.325
[26,   180] loss: 0.332
[26,   190] loss: 0.312
[26,   200] loss: 0.372
[26,   210] loss: 0.368
[26,   220] loss: 0.282
[26,   230] loss: 0.338
[26,   240] loss: 0.334
[26,   250] loss: 0.341
[26,   260] loss: 0.324
[26,   270] loss: 0.334
[26,   280] loss: 0.304
[26,   290] loss: 0.313
[26,   300] loss: 0.338
[26,   310] loss: 0.377
[26,   320] loss: 0.287
[26,   330] loss: 0.278
[26,   340] loss: 0.315
[26,   350] loss: 0.377
[26,   360] loss: 0.417
[26,   370] loss: 0.392
[26,   380] loss: 0.425
[26,   390] loss: 0.312
[26,   400] loss: 0.392
VALIDATION loss: 0.5065237879753113
[27,    10] loss: 0.310
[27,    20] loss: 0.304
[27,    30] loss: 0.330
[27,    40] loss: 0.333
[27,    50] loss: 0.371
[27,    60] loss: 0.354
[27,    70] loss: 0.344
[27,    80] loss: 0.271
[27,    90] loss: 0.418
[27,   100] loss: 0.371
[27,   110] loss: 0.358
[27,   120] loss: 0.351
[27,   130] loss: 0.309
[27,   140] loss: 0.302
[27,   150] loss: 0.296
[27,   160] loss: 0.441
[27,   170] loss: 0.427
[27,   180] loss: 0.477
[27,   190] loss: 0.387
[27,   200] loss: 0.364
[27,   210] loss: 0.303
[27,   220] loss: 0.316
[27,   230] loss: 0.393
[27,   240] loss: 0.350
[27,   250] loss: 0.251
[27,   260] loss: 0.380
[27,   270] loss: 0.366
[27,   280] loss: 0.473
[27,   290] loss: 0.356
[27,   300] loss: 0.311
[27,   310] loss: 0.437
[27,   320] loss: 0.379
[27,   330] loss: 0.376
[27,   340] loss: 0.302
[27,   350] loss: 0.333
[27,   360] loss: 0.285
[27,   370] loss: 0.265
[27,   380] loss: 0.337
[27,   390] loss: 0.332
[27,   400] loss: 0.346
VALIDATION loss: 0.30799874663352966
[28,    10] loss: 0.406
[28,    20] loss: 0.320
[28,    30] loss: 0.369
[28,    40] loss: 0.327
[28,    50] loss: 0.380
[28,    60] loss: 0.356
[28,    70] loss: 0.314
[28,    80] loss: 0.330
[28,    90] loss: 0.363
[28,   100] loss: 0.349
[28,   110] loss: 0.324
[28,   120] loss: 0.363
[28,   130] loss: 0.391
[28,   140] loss: 0.358
[28,   150] loss: 0.375
[28,   160] loss: 0.317
[28,   170] loss: 0.338
[28,   180] loss: 0.328
[28,   190] loss: 0.369
[28,   200] loss: 0.337
[28,   210] loss: 0.338
[28,   220] loss: 0.327
[28,   230] loss: 0.318
[28,   240] loss: 0.359
[28,   250] loss: 0.326
[28,   260] loss: 0.276
[28,   270] loss: 0.298
[28,   280] loss: 0.301
[28,   290] loss: 0.394
[28,   300] loss: 0.337
[28,   310] loss: 0.334
[28,   320] loss: 0.282
[28,   330] loss: 0.270
[28,   340] loss: 0.339
[28,   350] loss: 0.300
[28,   360] loss: 0.359
[28,   370] loss: 0.377
[28,   380] loss: 0.431
[28,   390] loss: 0.285
[28,   400] loss: 0.345
VALIDATION loss: 0.3761807382106781
[29,    10] loss: 0.377
[29,    20] loss: 0.377
[29,    30] loss: 0.355
[29,    40] loss: 0.333
[29,    50] loss: 0.411
[29,    60] loss: 0.314
[29,    70] loss: 0.407
[29,    80] loss: 0.294
[29,    90] loss: 0.358
[29,   100] loss: 0.288
[29,   110] loss: 0.328
[29,   120] loss: 0.281
[29,   130] loss: 0.259
[29,   140] loss: 0.303
[29,   150] loss: 0.267
[29,   160] loss: 0.329
[29,   170] loss: 0.298
[29,   180] loss: 0.347
[29,   190] loss: 0.316
[29,   200] loss: 0.318
[29,   210] loss: 0.353
[29,   220] loss: 0.433
[29,   230] loss: 0.336
[29,   240] loss: 0.336
[29,   250] loss: 0.471
[29,   260] loss: 0.362
[29,   270] loss: 0.353
[29,   280] loss: 0.312
[29,   290] loss: 0.339
[29,   300] loss: 0.384
[29,   310] loss: 0.322
[29,   320] loss: 0.297
[29,   330] loss: 0.314
[29,   340] loss: 0.269
[29,   350] loss: 0.298
[29,   360] loss: 0.353
[29,   370] loss: 0.302
[29,   380] loss: 0.291
[29,   390] loss: 0.310
[29,   400] loss: 0.323
VALIDATION loss: 0.3397272229194641
[30,    10] loss: 0.326
[30,    20] loss: 0.334
[30,    30] loss: 0.284
[30,    40] loss: 0.287
[30,    50] loss: 0.360
[30,    60] loss: 0.304
[30,    70] loss: 0.351
[30,    80] loss: 0.303
[30,    90] loss: 0.293
[30,   100] loss: 0.350
[30,   110] loss: 0.321
[30,   120] loss: 0.303
[30,   130] loss: 0.320
[30,   140] loss: 0.316
[30,   150] loss: 0.246
[30,   160] loss: 0.300
[30,   170] loss: 0.310
[30,   180] loss: 0.337
[30,   190] loss: 0.316
[30,   200] loss: 0.300
[30,   210] loss: 0.316
[30,   220] loss: 0.365
[30,   230] loss: 0.290
[30,   240] loss: 0.295
[30,   250] loss: 0.312
[30,   260] loss: 0.257
[30,   270] loss: 0.254
[30,   280] loss: 0.265
[30,   290] loss: 0.303
[30,   300] loss: 0.289
[30,   310] loss: 0.353
[30,   320] loss: 0.318
[30,   330] loss: 0.309
[30,   340] loss: 0.343
[30,   350] loss: 0.340
[30,   360] loss: 0.355
[30,   370] loss: 0.324
[30,   380] loss: 0.336
[30,   390] loss: 0.315
[30,   400] loss: 0.252
VALIDATION loss: 0.2722015082836151
[31,    10] loss: 0.305
[31,    20] loss: 0.312
[31,    30] loss: 0.312
[31,    40] loss: 0.346
[31,    50] loss: 0.316
[31,    60] loss: 0.288
[31,    70] loss: 0.342
[31,    80] loss: 0.302
[31,    90] loss: 0.351
[31,   100] loss: 0.347
[31,   110] loss: 0.334
[31,   120] loss: 0.328
[31,   130] loss: 0.350
[31,   140] loss: 0.354
[31,   150] loss: 0.296
[31,   160] loss: 0.309
[31,   170] loss: 0.311
[31,   180] loss: 0.256
[31,   190] loss: 0.276
[31,   200] loss: 0.332
[31,   210] loss: 0.315
[31,   220] loss: 0.346
[31,   230] loss: 0.372
[31,   240] loss: 0.348
[31,   250] loss: 0.333
[31,   260] loss: 0.304
[31,   270] loss: 0.282
[31,   280] loss: 0.308
[31,   290] loss: 0.331
[31,   300] loss: 0.332
[31,   310] loss: 0.337
[31,   320] loss: 0.262
[31,   330] loss: 0.267
[31,   340] loss: 0.346
[31,   350] loss: 0.290
[31,   360] loss: 0.268
[31,   370] loss: 0.311
[31,   380] loss: 0.330
[31,   390] loss: 0.311
[31,   400] loss: 0.389
VALIDATION loss: 0.2895589768886566
[32,    10] loss: 0.347
[32,    20] loss: 0.321
[32,    30] loss: 0.339
[32,    40] loss: 0.286
[32,    50] loss: 0.335
[32,    60] loss: 0.249
[32,    70] loss: 0.301
[32,    80] loss: 0.348
[32,    90] loss: 0.348
[32,   100] loss: 0.288
[32,   110] loss: 0.295
[32,   120] loss: 0.331
[32,   130] loss: 0.320
[32,   140] loss: 0.291
[32,   150] loss: 0.267
[32,   160] loss: 0.315
[32,   170] loss: 0.294
[32,   180] loss: 0.284
[32,   190] loss: 0.281
[32,   200] loss: 0.325
[32,   210] loss: 0.331
[32,   220] loss: 0.315
[32,   230] loss: 0.289
[32,   240] loss: 0.314
[32,   250] loss: 0.322
[32,   260] loss: 0.316
[32,   270] loss: 0.273
[32,   280] loss: 0.308
[32,   290] loss: 0.337
[32,   300] loss: 0.327
[32,   310] loss: 0.285
[32,   320] loss: 0.301
[32,   330] loss: 0.281
[32,   340] loss: 0.255
[32,   350] loss: 0.302
[32,   360] loss: 0.299
[32,   370] loss: 0.307
[32,   380] loss: 0.252
[32,   390] loss: 0.233
[32,   400] loss: 0.321
VALIDATION loss: 1.0913656949996948
[33,    10] loss: 0.297
[33,    20] loss: 0.319
[33,    30] loss: 0.321
[33,    40] loss: 0.332
[33,    50] loss: 0.276
[33,    60] loss: 0.313
[33,    70] loss: 0.256
[33,    80] loss: 0.316
[33,    90] loss: 0.243
[33,   100] loss: 0.277
[33,   110] loss: 0.246
[33,   120] loss: 0.335
[33,   130] loss: 0.317
[33,   140] loss: 0.307
[33,   150] loss: 0.287
[33,   160] loss: 0.343
[33,   170] loss: 0.279
[33,   180] loss: 0.335
[33,   190] loss: 0.342
[33,   200] loss: 0.333
[33,   210] loss: 0.378
[33,   220] loss: 0.324
[33,   230] loss: 0.343
[33,   240] loss: 0.304
[33,   250] loss: 0.272
[33,   260] loss: 0.330
[33,   270] loss: 0.329
[33,   280] loss: 0.270
[33,   290] loss: 0.309
[33,   300] loss: 0.344
[33,   310] loss: 0.317
[33,   320] loss: 0.327
[33,   330] loss: 0.288
[33,   340] loss: 0.344
[33,   350] loss: 0.374
[33,   360] loss: 0.283
[33,   370] loss: 0.332
[33,   380] loss: 0.248
[33,   390] loss: 0.238
[33,   400] loss: 0.263
VALIDATION loss: 2.343050479888916
[34,    10] loss: 0.304
[34,    20] loss: 0.364
[34,    30] loss: 0.319
[34,    40] loss: 0.283
[34,    50] loss: 0.308
[34,    60] loss: 0.280
[34,    70] loss: 0.252
[34,    80] loss: 0.208
[34,    90] loss: 0.313
[34,   100] loss: 0.291
[34,   110] loss: 0.260
[34,   120] loss: 0.369
[34,   130] loss: 0.272
[34,   140] loss: 0.255
[34,   150] loss: 0.270
[34,   160] loss: 0.275
[34,   170] loss: 0.236
[34,   180] loss: 0.340
[34,   190] loss: 0.330
[34,   200] loss: 0.287
[34,   210] loss: 0.316
[34,   220] loss: 0.349
[34,   230] loss: 0.269
[34,   240] loss: 0.266
[34,   250] loss: 0.284
[34,   260] loss: 0.246
[34,   270] loss: 0.283
[34,   280] loss: 0.318
[34,   290] loss: 0.248
[34,   300] loss: 0.274
[34,   310] loss: 0.276
[34,   320] loss: 0.257
[34,   330] loss: 0.269
[34,   340] loss: 0.278
[34,   350] loss: 0.273
[34,   360] loss: 0.236
[34,   370] loss: 0.312
[34,   380] loss: 0.302
[34,   390] loss: 0.303
[34,   400] loss: 0.220
VALIDATION loss: 0.4266713857650757
[35,    10] loss: 0.264
[35,    20] loss: 0.262
[35,    30] loss: 0.315
[35,    40] loss: 0.327
[35,    50] loss: 0.306
[35,    60] loss: 0.278
[35,    70] loss: 0.329
[35,    80] loss: 0.306
[35,    90] loss: 0.243
[35,   100] loss: 0.274
[35,   110] loss: 0.235
[35,   120] loss: 0.317
[35,   130] loss: 0.262
[35,   140] loss: 0.282
[35,   150] loss: 0.347
[35,   160] loss: 0.312
[35,   170] loss: 0.332
[35,   180] loss: 0.291
[35,   190] loss: 0.314
[35,   200] loss: 0.314
[35,   210] loss: 0.270
[35,   220] loss: 0.272
[35,   230] loss: 0.263
[35,   240] loss: 0.338
[35,   250] loss: 0.222
[35,   260] loss: 0.262
[35,   270] loss: 0.328
[35,   280] loss: 0.331
[35,   290] loss: 0.366
[35,   300] loss: 0.308
[35,   310] loss: 0.240
[35,   320] loss: 0.302
[35,   330] loss: 0.317
[35,   340] loss: 0.291
[35,   350] loss: 0.327
[35,   360] loss: 0.285
[35,   370] loss: 0.266
[35,   380] loss: 0.273
[35,   390] loss: 0.292
[35,   400] loss: 0.294
VALIDATION loss: 0.5472636818885803
[36,    10] loss: 0.291
[36,    20] loss: 0.265
[36,    30] loss: 0.296
[36,    40] loss: 0.306
[36,    50] loss: 0.293
[36,    60] loss: 0.318
[36,    70] loss: 0.269
[36,    80] loss: 0.230
[36,    90] loss: 0.283
[36,   100] loss: 0.275
[36,   110] loss: 0.310
[36,   120] loss: 0.293
[36,   130] loss: 0.307
[36,   140] loss: 0.257
[36,   150] loss: 0.280
[36,   160] loss: 0.333
[36,   170] loss: 0.252
[36,   180] loss: 0.276
[36,   190] loss: 0.279
[36,   200] loss: 0.268
[36,   210] loss: 0.320
[36,   220] loss: 0.253
[36,   230] loss: 0.239
[36,   240] loss: 0.322
[36,   250] loss: 0.250
[36,   260] loss: 0.298
[36,   270] loss: 0.270
[36,   280] loss: 0.236
[36,   290] loss: 0.316
[36,   300] loss: 0.253
[36,   310] loss: 0.249
[36,   320] loss: 0.250
[36,   330] loss: 0.324
[36,   340] loss: 0.261
[36,   350] loss: 0.262
[36,   360] loss: 0.226
[36,   370] loss: 0.249
[36,   380] loss: 0.270
[36,   390] loss: 0.359
[36,   400] loss: 0.341
VALIDATION loss: 0.6675851345062256
[37,    10] loss: 0.289
[37,    20] loss: 0.267
[37,    30] loss: 0.317
[37,    40] loss: 0.239
[37,    50] loss: 0.228
[37,    60] loss: 0.276
[37,    70] loss: 0.293
[37,    80] loss: 0.303
[37,    90] loss: 0.266
[37,   100] loss: 0.304
[37,   110] loss: 0.313
[37,   120] loss: 0.242
[37,   130] loss: 0.248
[37,   140] loss: 0.304
[37,   150] loss: 0.263
[37,   160] loss: 0.261
[37,   170] loss: 0.317
[37,   180] loss: 0.252
[37,   190] loss: 0.290
[37,   200] loss: 0.309
[37,   210] loss: 0.304
[37,   220] loss: 0.262
[37,   230] loss: 0.215
[37,   240] loss: 0.272
[37,   250] loss: 0.324
[37,   260] loss: 0.237
[37,   270] loss: 0.345
[37,   280] loss: 0.316
[37,   290] loss: 0.255
[37,   300] loss: 0.306
[37,   310] loss: 0.281
[37,   320] loss: 0.304
[37,   330] loss: 0.321
[37,   340] loss: 0.242
[37,   350] loss: 0.249
[37,   360] loss: 0.230
[37,   370] loss: 0.311
[37,   380] loss: 0.263
[37,   390] loss: 0.277
[37,   400] loss: 0.319
VALIDATION loss: 0.25518614053726196
[38,    10] loss: 0.205
[38,    20] loss: 0.267
[38,    30] loss: 0.294
[38,    40] loss: 0.239
[38,    50] loss: 0.298
[38,    60] loss: 0.307
[38,    70] loss: 0.321
[38,    80] loss: 0.329
[38,    90] loss: 0.342
[38,   100] loss: 0.245
[38,   110] loss: 0.232
[38,   120] loss: 0.259
[38,   130] loss: 0.282
[38,   140] loss: 0.234
[38,   150] loss: 0.242
[38,   160] loss: 0.215
[38,   170] loss: 0.291
[38,   180] loss: 0.256
[38,   190] loss: 0.293
[38,   200] loss: 0.290
[38,   210] loss: 0.265
[38,   220] loss: 0.293
[38,   230] loss: 0.299
[38,   240] loss: 0.272
[38,   250] loss: 0.309
[38,   260] loss: 0.282
[38,   270] loss: 0.211
[38,   280] loss: 0.280
[38,   290] loss: 0.292
[38,   300] loss: 0.302
[38,   310] loss: 0.231
[38,   320] loss: 0.270
[38,   330] loss: 0.298
[38,   340] loss: 0.267
[38,   350] loss: 0.315
[38,   360] loss: 0.303
[38,   370] loss: 0.290
[38,   380] loss: 0.267
[38,   390] loss: 0.220
[38,   400] loss: 0.295
VALIDATION loss: 0.2669595181941986
[39,    10] loss: 0.270
[39,    20] loss: 0.264
[39,    30] loss: 0.236
[39,    40] loss: 0.248
[39,    50] loss: 0.248
[39,    60] loss: 0.285
[39,    70] loss: 0.263
[39,    80] loss: 0.258
[39,    90] loss: 0.289
[39,   100] loss: 0.277
[39,   110] loss: 0.335
[39,   120] loss: 0.232
[39,   130] loss: 0.258
[39,   140] loss: 0.254
[39,   150] loss: 0.268
[39,   160] loss: 0.305
[39,   170] loss: 0.285
[39,   180] loss: 0.278
[39,   190] loss: 0.315
[39,   200] loss: 0.295
[39,   210] loss: 0.221
[39,   220] loss: 0.277
[39,   230] loss: 0.270
[39,   240] loss: 0.295
[39,   250] loss: 0.321
[39,   260] loss: 0.246
[39,   270] loss: 0.240
[39,   280] loss: 0.227
[39,   290] loss: 0.237
[39,   300] loss: 0.313
[39,   310] loss: 0.256
[39,   320] loss: 0.270
[39,   330] loss: 0.316
[39,   340] loss: 0.256
[39,   350] loss: 0.284
[39,   360] loss: 0.290
[39,   370] loss: 0.254
[39,   380] loss: 0.251
[39,   390] loss: 0.302
[39,   400] loss: 0.231
VALIDATION loss: 0.27821797132492065
[40,    10] loss: 0.271
[40,    20] loss: 0.193
[40,    30] loss: 0.272
[40,    40] loss: 0.291
[40,    50] loss: 0.310
[40,    60] loss: 0.259
[40,    70] loss: 0.248
[40,    80] loss: 0.294
[40,    90] loss: 0.270
[40,   100] loss: 0.295
[40,   110] loss: 0.274
[40,   120] loss: 0.246
[40,   130] loss: 0.294
[40,   140] loss: 0.249
[40,   150] loss: 0.244
[40,   160] loss: 0.216
[40,   170] loss: 0.296
[40,   180] loss: 0.247
[40,   190] loss: 0.201
[40,   200] loss: 0.288
[40,   210] loss: 0.285
[40,   220] loss: 0.262
[40,   230] loss: 0.291
[40,   240] loss: 0.283
[40,   250] loss: 0.277
[40,   260] loss: 0.312
[40,   270] loss: 0.252
[40,   280] loss: 0.298
[40,   290] loss: 0.235
[40,   300] loss: 0.307
[40,   310] loss: 0.265
[40,   320] loss: 0.263
[40,   330] loss: 0.260
[40,   340] loss: 0.261
[40,   350] loss: 0.196
[40,   360] loss: 0.266
[40,   370] loss: 0.243
[40,   380] loss: 0.298
[40,   390] loss: 0.261
[40,   400] loss: 0.303
VALIDATION loss: 0.22367814183235168
[41,    10] loss: 0.227
[41,    20] loss: 0.210
[41,    30] loss: 0.320
[41,    40] loss: 0.289
[41,    50] loss: 0.277
[41,    60] loss: 0.232
[41,    70] loss: 0.206
[41,    80] loss: 0.243
[41,    90] loss: 0.267
[41,   100] loss: 0.347
[41,   110] loss: 0.276
[41,   120] loss: 0.289
[41,   130] loss: 0.259
[41,   140] loss: 0.282
[41,   150] loss: 0.248
[41,   160] loss: 0.225
[41,   170] loss: 0.290
[41,   180] loss: 0.290
[41,   190] loss: 0.244
[41,   200] loss: 0.246
[41,   210] loss: 0.272
[41,   220] loss: 0.249
[41,   230] loss: 0.265
[41,   240] loss: 0.240
[41,   250] loss: 0.235
[41,   260] loss: 0.327
[41,   270] loss: 0.236
[41,   280] loss: 0.243
[41,   290] loss: 0.241
[41,   300] loss: 0.283
[41,   310] loss: 0.210
[41,   320] loss: 0.254
[41,   330] loss: 0.304
[41,   340] loss: 0.234
[41,   350] loss: 0.270
[41,   360] loss: 0.259
[41,   370] loss: 0.262
[41,   380] loss: 0.213
[41,   390] loss: 0.270
[41,   400] loss: 0.264
VALIDATION loss: 0.22442057728767395
[42,    10] loss: 0.242
[42,    20] loss: 0.237
[42,    30] loss: 0.258
[42,    40] loss: 0.270
[42,    50] loss: 0.202
[42,    60] loss: 0.276
[42,    70] loss: 0.262
[42,    80] loss: 0.241
[42,    90] loss: 0.248
[42,   100] loss: 0.279
[42,   110] loss: 0.284
[42,   120] loss: 0.212
[42,   130] loss: 0.235
[42,   140] loss: 0.177
[42,   150] loss: 0.225
[42,   160] loss: 0.222
[42,   170] loss: 0.263
[42,   180] loss: 0.281
[42,   190] loss: 0.242
[42,   200] loss: 0.257
[42,   210] loss: 0.238
[42,   220] loss: 0.294
[42,   230] loss: 0.243
[42,   240] loss: 0.278
[42,   250] loss: 0.299
[42,   260] loss: 0.248
[42,   270] loss: 0.225
[42,   280] loss: 0.263
[42,   290] loss: 0.292
[42,   300] loss: 0.240
[42,   310] loss: 0.224
[42,   320] loss: 0.266
[42,   330] loss: 0.253
[42,   340] loss: 0.244
[42,   350] loss: 0.222
[42,   360] loss: 0.218
[42,   370] loss: 0.256
[42,   380] loss: 0.214
[42,   390] loss: 0.264
[42,   400] loss: 0.271
VALIDATION loss: 0.26460185647010803
[43,    10] loss: 0.214
[43,    20] loss: 0.204
[43,    30] loss: 0.199
[43,    40] loss: 0.273
[43,    50] loss: 0.254
[43,    60] loss: 0.226
[43,    70] loss: 0.244
[43,    80] loss: 0.277
[43,    90] loss: 0.263
[43,   100] loss: 0.231
[43,   110] loss: 0.257
[43,   120] loss: 0.298
[43,   130] loss: 0.250
[43,   140] loss: 0.274
[43,   150] loss: 0.251
[43,   160] loss: 0.254
[43,   170] loss: 0.277
[43,   180] loss: 0.240
[43,   190] loss: 0.209
[43,   200] loss: 0.268
[43,   210] loss: 0.223
[43,   220] loss: 0.285
[43,   230] loss: 0.257
[43,   240] loss: 0.275
[43,   250] loss: 0.238
[43,   260] loss: 0.234
[43,   270] loss: 0.249
[43,   280] loss: 0.211
[43,   290] loss: 0.216
[43,   300] loss: 0.294
[43,   310] loss: 0.261
[43,   320] loss: 0.247
[43,   330] loss: 0.273
[43,   340] loss: 0.284
[43,   350] loss: 0.278
[43,   360] loss: 0.219
[43,   370] loss: 0.256
[43,   380] loss: 0.237
[43,   390] loss: 0.202
[43,   400] loss: 0.237
VALIDATION loss: 0.2645982503890991
[44,    10] loss: 0.272
[44,    20] loss: 0.211
[44,    30] loss: 0.246
[44,    40] loss: 0.199
[44,    50] loss: 0.211
[44,    60] loss: 0.203
[44,    70] loss: 0.231
[44,    80] loss: 0.267
[44,    90] loss: 0.215
[44,   100] loss: 0.238
[44,   110] loss: 0.220
[44,   120] loss: 0.230
[44,   130] loss: 0.227
[44,   140] loss: 0.222
[44,   150] loss: 0.258
[44,   160] loss: 0.247
[44,   170] loss: 0.292
[44,   180] loss: 0.260
[44,   190] loss: 0.226
[44,   200] loss: 0.250
[44,   210] loss: 0.243
[44,   220] loss: 0.249
[44,   230] loss: 0.251
[44,   240] loss: 0.315
[44,   250] loss: 0.278
[44,   260] loss: 0.213
[44,   270] loss: 0.273
[44,   280] loss: 0.222
[44,   290] loss: 0.222
[44,   300] loss: 0.243
[44,   310] loss: 0.279
[44,   320] loss: 0.304
[44,   330] loss: 0.299
[44,   340] loss: 0.325
[44,   350] loss: 0.213
[44,   360] loss: 0.220
[44,   370] loss: 0.260
[44,   380] loss: 0.236
[44,   390] loss: 0.295
[44,   400] loss: 0.264
VALIDATION loss: 0.2274755984544754
[45,    10] loss: 0.305
[45,    20] loss: 0.284
[45,    30] loss: 0.286
[45,    40] loss: 0.267
[45,    50] loss: 0.276
[45,    60] loss: 0.205
[45,    70] loss: 0.259
[45,    80] loss: 0.233
[45,    90] loss: 0.203
[45,   100] loss: 0.291
[45,   110] loss: 0.200
[45,   120] loss: 0.193
[45,   130] loss: 0.279
[45,   140] loss: 0.220
[45,   150] loss: 0.259
[45,   160] loss: 0.312
[45,   170] loss: 0.218
[45,   180] loss: 0.251
[45,   190] loss: 0.206
[45,   200] loss: 0.219
[45,   210] loss: 0.251
[45,   220] loss: 0.221
[45,   230] loss: 0.219
[45,   240] loss: 0.247
[45,   250] loss: 0.299
[45,   260] loss: 0.274
[45,   270] loss: 0.257
[45,   280] loss: 0.255
[45,   290] loss: 0.256
[45,   300] loss: 0.270
[45,   310] loss: 0.259
[45,   320] loss: 0.239
[45,   330] loss: 0.214
[45,   340] loss: 0.252
[45,   350] loss: 0.271
[45,   360] loss: 0.262
[45,   370] loss: 0.286
[45,   380] loss: 0.203
[45,   390] loss: 0.319
[45,   400] loss: 0.259
VALIDATION loss: 0.6191490888595581
[46,    10] loss: 0.301
[46,    20] loss: 0.267
[46,    30] loss: 0.206
[46,    40] loss: 0.269
[46,    50] loss: 0.218
[46,    60] loss: 0.251
[46,    70] loss: 0.224
[46,    80] loss: 0.230
[46,    90] loss: 0.239
[46,   100] loss: 0.225
[46,   110] loss: 0.214
[46,   120] loss: 0.248
[46,   130] loss: 0.271
[46,   140] loss: 0.244
[46,   150] loss: 0.251
[46,   160] loss: 0.271
[46,   170] loss: 0.283
[46,   180] loss: 0.195
[46,   190] loss: 0.299
[46,   200] loss: 0.198
[46,   210] loss: 0.238
[46,   220] loss: 0.266
[46,   230] loss: 0.324
[46,   240] loss: 0.218
[46,   250] loss: 0.255
[46,   260] loss: 0.270
[46,   270] loss: 0.272
[46,   280] loss: 0.250
[46,   290] loss: 0.261
[46,   300] loss: 0.198
[46,   310] loss: 0.260
[46,   320] loss: 0.225
[46,   330] loss: 0.255
[46,   340] loss: 0.263
[46,   350] loss: 0.237
[46,   360] loss: 0.280
[46,   370] loss: 0.236
[46,   380] loss: 0.224
[46,   390] loss: 0.204
[46,   400] loss: 0.206
VALIDATION loss: 0.21278077363967896
[47,    10] loss: 0.249
[47,    20] loss: 0.223
[47,    30] loss: 0.248
[47,    40] loss: 0.257
[47,    50] loss: 0.307
[47,    60] loss: 0.278
[47,    70] loss: 0.229
[47,    80] loss: 0.298
[47,    90] loss: 0.218
[47,   100] loss: 0.218
[47,   110] loss: 0.273
[47,   120] loss: 0.333
[47,   130] loss: 0.185
[47,   140] loss: 0.190
[47,   150] loss: 0.221
[47,   160] loss: 0.249
[47,   170] loss: 0.271
[47,   180] loss: 0.227
[47,   190] loss: 0.233
[47,   200] loss: 0.234
[47,   210] loss: 0.225
[47,   220] loss: 0.227
[47,   230] loss: 0.191
[47,   240] loss: 0.232
[47,   250] loss: 0.270
[47,   260] loss: 0.231
[47,   270] loss: 0.215
[47,   280] loss: 0.227
[47,   290] loss: 0.183
[47,   300] loss: 0.258
[47,   310] loss: 0.246
[47,   320] loss: 0.219
[47,   330] loss: 0.238
[47,   340] loss: 0.260
[47,   350] loss: 0.223
[47,   360] loss: 0.228
[47,   370] loss: 0.220
[47,   380] loss: 0.251
[47,   390] loss: 0.248
[47,   400] loss: 0.259
VALIDATION loss: 0.2962459623813629
[48,    10] loss: 0.231
[48,    20] loss: 0.213
[48,    30] loss: 0.248
[48,    40] loss: 0.247
[48,    50] loss: 0.236
[48,    60] loss: 0.283
[48,    70] loss: 0.205
[48,    80] loss: 0.214
[48,    90] loss: 0.231
[48,   100] loss: 0.182
[48,   110] loss: 0.247
[48,   120] loss: 0.268
[48,   130] loss: 0.199
[48,   140] loss: 0.253
[48,   150] loss: 0.182
[48,   160] loss: 0.240
[48,   170] loss: 0.214
[48,   180] loss: 0.210
[48,   190] loss: 0.273
[48,   200] loss: 0.269
[48,   210] loss: 0.222
[48,   220] loss: 0.224
[48,   230] loss: 0.193
[48,   240] loss: 0.232
[48,   250] loss: 0.236
[48,   260] loss: 0.170
[48,   270] loss: 0.181
[48,   280] loss: 0.237
[48,   290] loss: 0.263
[48,   300] loss: 0.280
[48,   310] loss: 0.222
[48,   320] loss: 0.261
[48,   330] loss: 0.218
[48,   340] loss: 0.288
[48,   350] loss: 0.218
[48,   360] loss: 0.253
[48,   370] loss: 0.284
[48,   380] loss: 0.250
[48,   390] loss: 0.269
[48,   400] loss: 0.242
VALIDATION loss: 0.21983517706394196
[49,    10] loss: 0.265
[49,    20] loss: 0.239
[49,    30] loss: 0.268
[49,    40] loss: 0.242
[49,    50] loss: 0.246
[49,    60] loss: 0.253
[49,    70] loss: 0.248
[49,    80] loss: 0.255
[49,    90] loss: 0.306
[49,   100] loss: 0.229
[49,   110] loss: 0.264
[49,   120] loss: 0.216
[49,   130] loss: 0.255
[49,   140] loss: 0.235
[49,   150] loss: 0.250
[49,   160] loss: 0.243
[49,   170] loss: 0.245
[49,   180] loss: 0.240
[49,   190] loss: 0.226
[49,   200] loss: 0.237
[49,   210] loss: 0.242
[49,   220] loss: 0.245
[49,   230] loss: 0.226
[49,   240] loss: 0.236
[49,   250] loss: 0.261
[49,   260] loss: 0.247
[49,   270] loss: 0.259
[49,   280] loss: 0.283
[49,   290] loss: 0.247
[49,   300] loss: 0.231
[49,   310] loss: 0.232
[49,   320] loss: 0.226
[49,   330] loss: 0.191
[49,   340] loss: 0.199
[49,   350] loss: 0.276
[49,   360] loss: 0.199
[49,   370] loss: 0.218
[49,   380] loss: 0.246
[49,   390] loss: 0.319
[49,   400] loss: 0.271
VALIDATION loss: 0.6618450880050659
[50,    10] loss: 0.216
[50,    20] loss: 0.286
[50,    30] loss: 0.271
[50,    40] loss: 0.226
[50,    50] loss: 0.204
[50,    60] loss: 0.274
[50,    70] loss: 0.199
[50,    80] loss: 0.218
[50,    90] loss: 0.197
[50,   100] loss: 0.248
[50,   110] loss: 0.218
[50,   120] loss: 0.216
[50,   130] loss: 0.245
[50,   140] loss: 0.238
[50,   150] loss: 0.243
[50,   160] loss: 0.216
[50,   170] loss: 0.204
[50,   180] loss: 0.254
[50,   190] loss: 0.200
[50,   200] loss: 0.198
[50,   210] loss: 0.226
[50,   220] loss: 0.221
[50,   230] loss: 0.184
[50,   240] loss: 0.220
[50,   250] loss: 0.201
[50,   260] loss: 0.224
[50,   270] loss: 0.240
[50,   280] loss: 0.205
[50,   290] loss: 0.311
[50,   300] loss: 0.265
[50,   310] loss: 0.257
[50,   320] loss: 0.243
[50,   330] loss: 0.235
[50,   340] loss: 0.270
[50,   350] loss: 0.312
[50,   360] loss: 0.235
[50,   370] loss: 0.235
[50,   380] loss: 0.257
[50,   390] loss: 0.266
[50,   400] loss: 0.269
VALIDATION loss: 0.24365873634815216
[51,    10] loss: 0.232
[51,    20] loss: 0.263
[51,    30] loss: 0.180
[51,    40] loss: 0.270
[51,    50] loss: 0.255
[51,    60] loss: 0.234
[51,    70] loss: 0.233
[51,    80] loss: 0.191
[51,    90] loss: 0.186
[51,   100] loss: 0.257
[51,   110] loss: 0.270
[51,   120] loss: 0.224
[51,   130] loss: 0.174
[51,   140] loss: 0.240
[51,   150] loss: 0.260
[51,   160] loss: 0.200
[51,   170] loss: 0.242
[51,   180] loss: 0.210
[51,   190] loss: 0.312
[51,   200] loss: 0.215
[51,   210] loss: 0.174
[51,   220] loss: 0.263
[51,   230] loss: 0.253
[51,   240] loss: 0.241
[51,   250] loss: 0.236
[51,   260] loss: 0.240
[51,   270] loss: 0.189
[51,   280] loss: 0.263
[51,   290] loss: 0.199
[51,   300] loss: 0.197
[51,   310] loss: 0.230
[51,   320] loss: 0.215
[51,   330] loss: 0.228
[51,   340] loss: 0.239
[51,   350] loss: 0.199
[51,   360] loss: 0.212
[51,   370] loss: 0.198
[51,   380] loss: 0.296
[51,   390] loss: 0.220
[51,   400] loss: 0.239
VALIDATION loss: 0.19359901547431946
[52,    10] loss: 0.258
[52,    20] loss: 0.239
[52,    30] loss: 0.219
[52,    40] loss: 0.208
[52,    50] loss: 0.229
[52,    60] loss: 0.210
[52,    70] loss: 0.246
[52,    80] loss: 0.230
[52,    90] loss: 0.215
[52,   100] loss: 0.219
[52,   110] loss: 0.214
[52,   120] loss: 0.190
[52,   130] loss: 0.259
[52,   140] loss: 0.212
[52,   150] loss: 0.285
[52,   160] loss: 0.217
[52,   170] loss: 0.226
[52,   180] loss: 0.224
[52,   190] loss: 0.227
[52,   200] loss: 0.279
[52,   210] loss: 0.253
[52,   220] loss: 0.213
[52,   230] loss: 0.209
[52,   240] loss: 0.190
[52,   250] loss: 0.177
[52,   260] loss: 0.200
[52,   270] loss: 0.222
[52,   280] loss: 0.243
[52,   290] loss: 0.185
[52,   300] loss: 0.188
[52,   310] loss: 0.237
[52,   320] loss: 0.202
[52,   330] loss: 0.298
[52,   340] loss: 0.216
[52,   350] loss: 0.265
[52,   360] loss: 0.236
[52,   370] loss: 0.186
[52,   380] loss: 0.290
[52,   390] loss: 0.274
[52,   400] loss: 0.213
VALIDATION loss: 0.4221828281879425
[53,    10] loss: 0.219
[53,    20] loss: 0.201
[53,    30] loss: 0.223
[53,    40] loss: 0.267
[53,    50] loss: 0.226
[53,    60] loss: 0.186
[53,    70] loss: 0.286
[53,    80] loss: 0.222
[53,    90] loss: 0.140
[53,   100] loss: 0.227
[53,   110] loss: 0.209
[53,   120] loss: 0.234
[53,   130] loss: 0.258
[53,   140] loss: 0.273
[53,   150] loss: 0.170
[53,   160] loss: 0.251
[53,   170] loss: 0.215
[53,   180] loss: 0.224
[53,   190] loss: 0.217
[53,   200] loss: 0.225
[53,   210] loss: 0.228
[53,   220] loss: 0.211
[53,   230] loss: 0.198
[53,   240] loss: 0.253
[53,   250] loss: 0.257
[53,   260] loss: 0.173
[53,   270] loss: 0.241
[53,   280] loss: 0.236
[53,   290] loss: 0.190
[53,   300] loss: 0.250
[53,   310] loss: 0.222
[53,   320] loss: 0.213
[53,   330] loss: 0.285
[53,   340] loss: 0.198
[53,   350] loss: 0.236
[53,   360] loss: 0.228
[53,   370] loss: 0.233
[53,   380] loss: 0.220
[53,   390] loss: 0.273
[53,   400] loss: 0.207
VALIDATION loss: 0.6079757809638977
[54,    10] loss: 0.178
[54,    20] loss: 0.239
[54,    30] loss: 0.208
[54,    40] loss: 0.214
[54,    50] loss: 0.221
[54,    60] loss: 0.271
[54,    70] loss: 0.237
[54,    80] loss: 0.237
[54,    90] loss: 0.227
[54,   100] loss: 0.176
[54,   110] loss: 0.256
[54,   120] loss: 0.228
[54,   130] loss: 0.189
[54,   140] loss: 0.296
[54,   150] loss: 0.222
[54,   160] loss: 0.220
[54,   170] loss: 0.254
[54,   180] loss: 0.246
[54,   190] loss: 0.213
[54,   200] loss: 0.196
[54,   210] loss: 0.210
[54,   220] loss: 0.240
[54,   230] loss: 0.221
[54,   240] loss: 0.281
[54,   250] loss: 0.209
[54,   260] loss: 0.191
[54,   270] loss: 0.288
[54,   280] loss: 0.235
[54,   290] loss: 0.192
[54,   300] loss: 0.190
[54,   310] loss: 0.195
[54,   320] loss: 0.220
[54,   330] loss: 0.208
[54,   340] loss: 0.184
[54,   350] loss: 0.189
[54,   360] loss: 0.232
[54,   370] loss: 0.220
[54,   380] loss: 0.283
[54,   390] loss: 0.230
[54,   400] loss: 0.281
VALIDATION loss: 0.28569865226745605
[55,    10] loss: 0.220
[55,    20] loss: 0.171
[55,    30] loss: 0.179
[55,    40] loss: 0.152
[55,    50] loss: 0.249
[55,    60] loss: 0.182
[55,    70] loss: 0.172
[55,    80] loss: 0.176
[55,    90] loss: 0.246
[55,   100] loss: 0.219
[55,   110] loss: 0.199
[55,   120] loss: 0.170
[55,   130] loss: 0.198
[55,   140] loss: 0.253
[55,   150] loss: 0.209
[55,   160] loss: 0.206
[55,   170] loss: 0.285
[55,   180] loss: 0.220
[55,   190] loss: 0.203
[55,   200] loss: 0.241
[55,   210] loss: 0.194
[55,   220] loss: 0.275
[55,   230] loss: 0.256
[55,   240] loss: 0.222
[55,   250] loss: 0.216
[55,   260] loss: 0.196
[55,   270] loss: 0.204
[55,   280] loss: 0.243
[55,   290] loss: 0.246
[55,   300] loss: 0.181
[55,   310] loss: 0.275
[55,   320] loss: 0.169
[55,   330] loss: 0.209
[55,   340] loss: 0.239
[55,   350] loss: 0.179
[55,   360] loss: 0.225
[55,   370] loss: 0.260
[55,   380] loss: 0.209
[55,   390] loss: 0.306
[55,   400] loss: 0.267
VALIDATION loss: 0.2509780526161194
[56,    10] loss: 0.252
[56,    20] loss: 0.175
[56,    30] loss: 0.201
[56,    40] loss: 0.210
[56,    50] loss: 0.261
[56,    60] loss: 0.196
[56,    70] loss: 0.162
[56,    80] loss: 0.235
[56,    90] loss: 0.213
[56,   100] loss: 0.195
[56,   110] loss: 0.230
[56,   120] loss: 0.212
[56,   130] loss: 0.216
[56,   140] loss: 0.232
[56,   150] loss: 0.190
[56,   160] loss: 0.205
[56,   170] loss: 0.184
[56,   180] loss: 0.264
[56,   190] loss: 0.242
[56,   200] loss: 0.220
[56,   210] loss: 0.227
[56,   220] loss: 0.232
[56,   230] loss: 0.254
[56,   240] loss: 0.249
[56,   250] loss: 0.241
[56,   260] loss: 0.195
[56,   270] loss: 0.287
[56,   280] loss: 0.220
[56,   290] loss: 0.176
[56,   300] loss: 0.188
[56,   310] loss: 0.232
[56,   320] loss: 0.232
[56,   330] loss: 0.221
[56,   340] loss: 0.231
[56,   350] loss: 0.206
[56,   360] loss: 0.228
[56,   370] loss: 0.187
[56,   380] loss: 0.256
[56,   390] loss: 0.212
[56,   400] loss: 0.231
VALIDATION loss: 0.3472478687763214
[57,    10] loss: 0.246
[57,    20] loss: 0.253
[57,    30] loss: 0.243
[57,    40] loss: 0.220
[57,    50] loss: 0.177
[57,    60] loss: 0.215
[57,    70] loss: 0.209
[57,    80] loss: 0.189
[57,    90] loss: 0.218
[57,   100] loss: 0.217
[57,   110] loss: 0.249
[57,   120] loss: 0.193
[57,   130] loss: 0.209
[57,   140] loss: 0.233
[57,   150] loss: 0.205
[57,   160] loss: 0.188
[57,   170] loss: 0.215
[57,   180] loss: 0.237
[57,   190] loss: 0.215
[57,   200] loss: 0.189
[57,   210] loss: 0.218
[57,   220] loss: 0.194
[57,   230] loss: 0.262
[57,   240] loss: 0.227
[57,   250] loss: 0.230
[57,   260] loss: 0.221
[57,   270] loss: 0.173
[57,   280] loss: 0.281
[57,   290] loss: 0.227
[57,   300] loss: 0.210
[57,   310] loss: 0.252
[57,   320] loss: 0.207
[57,   330] loss: 0.236
[57,   340] loss: 0.254
[57,   350] loss: 0.204
[57,   360] loss: 0.226
[57,   370] loss: 0.186
[57,   380] loss: 0.214
[57,   390] loss: 0.266
[57,   400] loss: 0.236
VALIDATION loss: 0.24415111541748047
[58,    10] loss: 0.256
[58,    20] loss: 0.208
[58,    30] loss: 0.240
[58,    40] loss: 0.247
[58,    50] loss: 0.205
[58,    60] loss: 0.199
[58,    70] loss: 0.233
[58,    80] loss: 0.178
[58,    90] loss: 0.190
[58,   100] loss: 0.196
[58,   110] loss: 0.232
[58,   120] loss: 0.180
[58,   130] loss: 0.237
[58,   140] loss: 0.253
[58,   150] loss: 0.259
[58,   160] loss: 0.253
[58,   170] loss: 0.207
[58,   180] loss: 0.192
[58,   190] loss: 0.201
[58,   200] loss: 0.213
[58,   210] loss: 0.181
[58,   220] loss: 0.200
[58,   230] loss: 0.281
[58,   240] loss: 0.193
[58,   250] loss: 0.199
[58,   260] loss: 0.240
[58,   270] loss: 0.228
[58,   280] loss: 0.223
[58,   290] loss: 0.176
[58,   300] loss: 0.221
[58,   310] loss: 0.229
[58,   320] loss: 0.243
[58,   330] loss: 0.137
[58,   340] loss: 0.230
[58,   350] loss: 0.164
[58,   360] loss: 0.205
[58,   370] loss: 0.175
[58,   380] loss: 0.185
[58,   390] loss: 0.254
[58,   400] loss: 0.161
VALIDATION loss: 0.19320563971996307
[59,    10] loss: 0.246
[59,    20] loss: 0.241
[59,    30] loss: 0.220
[59,    40] loss: 0.218
[59,    50] loss: 0.206
[59,    60] loss: 0.204
[59,    70] loss: 0.194
[59,    80] loss: 0.200
[59,    90] loss: 0.285
[59,   100] loss: 0.210
[59,   110] loss: 0.222
[59,   120] loss: 0.214
[59,   130] loss: 0.234
[59,   140] loss: 0.224
[59,   150] loss: 0.211
[59,   160] loss: 0.271
[59,   170] loss: 0.232
[59,   180] loss: 0.157
[59,   190] loss: 0.222
[59,   200] loss: 0.250
[59,   210] loss: 0.196
[59,   220] loss: 0.220
[59,   230] loss: 0.172
[59,   240] loss: 0.205
[59,   250] loss: 0.191
[59,   260] loss: 0.212
[59,   270] loss: 0.178
[59,   280] loss: 0.250
[59,   290] loss: 0.195
[59,   300] loss: 0.169
[59,   310] loss: 0.166
[59,   320] loss: 0.218
[59,   330] loss: 0.205
[59,   340] loss: 0.268
[59,   350] loss: 0.229
[59,   360] loss: 0.175
[59,   370] loss: 0.222
[59,   380] loss: 0.194
[59,   390] loss: 0.227
[59,   400] loss: 0.233
VALIDATION loss: 0.1877928227186203
[60,    10] loss: 0.230
[60,    20] loss: 0.222
[60,    30] loss: 0.237
[60,    40] loss: 0.201
[60,    50] loss: 0.126
[60,    60] loss: 0.201
[60,    70] loss: 0.220
[60,    80] loss: 0.198
[60,    90] loss: 0.221
[60,   100] loss: 0.233
[60,   110] loss: 0.207
[60,   120] loss: 0.275
[60,   130] loss: 0.218
[60,   140] loss: 0.241
[60,   150] loss: 0.266
[60,   160] loss: 0.203
[60,   170] loss: 0.235
[60,   180] loss: 0.196
[60,   190] loss: 0.230
[60,   200] loss: 0.222
[60,   210] loss: 0.200
[60,   220] loss: 0.224
[60,   230] loss: 0.195
[60,   240] loss: 0.215
[60,   250] loss: 0.180
[60,   260] loss: 0.235
[60,   270] loss: 0.196
[60,   280] loss: 0.171
[60,   290] loss: 0.186
[60,   300] loss: 0.212
[60,   310] loss: 0.171
[60,   320] loss: 0.230
[60,   330] loss: 0.214
[60,   340] loss: 0.161
[60,   350] loss: 0.261
[60,   360] loss: 0.184
[60,   370] loss: 0.182
[60,   380] loss: 0.174
[60,   390] loss: 0.213
[60,   400] loss: 0.209
VALIDATION loss: 0.3095042407512665
[61,    10] loss: 0.218
[61,    20] loss: 0.204
[61,    30] loss: 0.181
[61,    40] loss: 0.205
[61,    50] loss: 0.212
[61,    60] loss: 0.170
[61,    70] loss: 0.181
[61,    80] loss: 0.196
[61,    90] loss: 0.254
[61,   100] loss: 0.201
[61,   110] loss: 0.303
[61,   120] loss: 0.231
[61,   130] loss: 0.240
[61,   140] loss: 0.205
[61,   150] loss: 0.222
[61,   160] loss: 0.211
[61,   170] loss: 0.202
[61,   180] loss: 0.189
[61,   190] loss: 0.192
[61,   200] loss: 0.184
[61,   210] loss: 0.219
[61,   220] loss: 0.173
[61,   230] loss: 0.173
[61,   240] loss: 0.186
[61,   250] loss: 0.210
[61,   260] loss: 0.205
[61,   270] loss: 0.187
[61,   280] loss: 0.177
[61,   290] loss: 0.294
[61,   300] loss: 0.234
[61,   310] loss: 0.263
[61,   320] loss: 0.254
[61,   330] loss: 0.177
[61,   340] loss: 0.251
[61,   350] loss: 0.216
[61,   360] loss: 0.260
[61,   370] loss: 0.186
[61,   380] loss: 0.214
[61,   390] loss: 0.182
[61,   400] loss: 0.194
VALIDATION loss: 0.17493528127670288
[62,    10] loss: 0.166
[62,    20] loss: 0.179
[62,    30] loss: 0.195
[62,    40] loss: 0.197
[62,    50] loss: 0.178
[62,    60] loss: 0.158
[62,    70] loss: 0.227
[62,    80] loss: 0.237
[62,    90] loss: 0.270
[62,   100] loss: 0.174
[62,   110] loss: 0.220
[62,   120] loss: 0.156
[62,   130] loss: 0.178
[62,   140] loss: 0.235
[62,   150] loss: 0.192
[62,   160] loss: 0.243
[62,   170] loss: 0.202
[62,   180] loss: 0.184
[62,   190] loss: 0.186
[62,   200] loss: 0.143
[62,   210] loss: 0.194
[62,   220] loss: 0.210
[62,   230] loss: 0.200
[62,   240] loss: 0.224
[62,   250] loss: 0.171
[62,   260] loss: 0.216
[62,   270] loss: 0.195
[62,   280] loss: 0.210
[62,   290] loss: 0.231
[62,   300] loss: 0.177
[62,   310] loss: 0.199
[62,   320] loss: 0.204
[62,   330] loss: 0.181
[62,   340] loss: 0.208
[62,   350] loss: 0.192
[62,   360] loss: 0.221
[62,   370] loss: 0.221
[62,   380] loss: 0.152
[62,   390] loss: 0.223
[62,   400] loss: 0.202
VALIDATION loss: 0.27552154660224915
[63,    10] loss: 0.145
[63,    20] loss: 0.206
[63,    30] loss: 0.196
[63,    40] loss: 0.182
[63,    50] loss: 0.224
[63,    60] loss: 0.194
[63,    70] loss: 0.228
[63,    80] loss: 0.230
[63,    90] loss: 0.218
[63,   100] loss: 0.221
[63,   110] loss: 0.216
[63,   120] loss: 0.204
[63,   130] loss: 0.207
[63,   140] loss: 0.180
[63,   150] loss: 0.240
[63,   160] loss: 0.215
[63,   170] loss: 0.195
[63,   180] loss: 0.200
[63,   190] loss: 0.199
[63,   200] loss: 0.188
[63,   210] loss: 0.164
[63,   220] loss: 0.237
[63,   230] loss: 0.240
[63,   240] loss: 0.236
[63,   250] loss: 0.181
[63,   260] loss: 0.246
[63,   270] loss: 0.189
[63,   280] loss: 0.235
[63,   290] loss: 0.243
[63,   300] loss: 0.233
[63,   310] loss: 0.180
[63,   320] loss: 0.211
[63,   330] loss: 0.244
[63,   340] loss: 0.181
[63,   350] loss: 0.278
[63,   360] loss: 0.270
[63,   370] loss: 0.291
[63,   380] loss: 0.277
[63,   390] loss: 0.230
[63,   400] loss: 0.196
VALIDATION loss: 0.2810298204421997
[64,    10] loss: 0.180
[64,    20] loss: 0.263
[64,    30] loss: 0.181
[64,    40] loss: 0.235
[64,    50] loss: 0.287
[64,    60] loss: 0.193
[64,    70] loss: 0.196
[64,    80] loss: 0.207
[64,    90] loss: 0.210
[64,   100] loss: 0.245
[64,   110] loss: 0.214
[64,   120] loss: 0.235
[64,   130] loss: 0.213
[64,   140] loss: 0.237
[64,   150] loss: 0.195
[64,   160] loss: 0.162
[64,   170] loss: 0.191
[64,   180] loss: 0.228
[64,   190] loss: 0.193
[64,   200] loss: 0.213
[64,   210] loss: 0.202
[64,   220] loss: 0.197
[64,   230] loss: 0.185
[64,   240] loss: 0.208
[64,   250] loss: 0.182
[64,   260] loss: 0.171
[64,   270] loss: 0.222
[64,   280] loss: 0.185
[64,   290] loss: 0.197
[64,   300] loss: 0.191
[64,   310] loss: 0.187
[64,   320] loss: 0.193
[64,   330] loss: 0.210
[64,   340] loss: 0.232
[64,   350] loss: 0.242
[64,   360] loss: 0.166
[64,   370] loss: 0.206
[64,   380] loss: 0.204
[64,   390] loss: 0.148
[64,   400] loss: 0.200
VALIDATION loss: 0.18970397114753723
[65,    10] loss: 0.187
[65,    20] loss: 0.190
[65,    30] loss: 0.170
[65,    40] loss: 0.206
[65,    50] loss: 0.241
[65,    60] loss: 0.194
[65,    70] loss: 0.219
[65,    80] loss: 0.210
[65,    90] loss: 0.184
[65,   100] loss: 0.185
[65,   110] loss: 0.187
[65,   120] loss: 0.215
[65,   130] loss: 0.241
[65,   140] loss: 0.213
[65,   150] loss: 0.205
[65,   160] loss: 0.246
[65,   170] loss: 0.206
[65,   180] loss: 0.191
[65,   190] loss: 0.190
[65,   200] loss: 0.202
[65,   210] loss: 0.230
[65,   220] loss: 0.202
[65,   230] loss: 0.260
[65,   240] loss: 0.243
[65,   250] loss: 0.173
[65,   260] loss: 0.206
[65,   270] loss: 0.249
[65,   280] loss: 0.253
[65,   290] loss: 0.202
[65,   300] loss: 0.210
[65,   310] loss: 0.195
[65,   320] loss: 0.156
[65,   330] loss: 0.218
[65,   340] loss: 0.209
[65,   350] loss: 0.214
[65,   360] loss: 0.214
[65,   370] loss: 0.182
[65,   380] loss: 0.195
[65,   390] loss: 0.203
[65,   400] loss: 0.197
VALIDATION loss: 0.2185061275959015
[66,    10] loss: 0.175
[66,    20] loss: 0.296
[66,    30] loss: 0.200
[66,    40] loss: 0.189
[66,    50] loss: 0.167
[66,    60] loss: 0.238
[66,    70] loss: 0.226
[66,    80] loss: 0.193
[66,    90] loss: 0.229
[66,   100] loss: 0.207
[66,   110] loss: 0.183
[66,   120] loss: 0.171
[66,   130] loss: 0.201
[66,   140] loss: 0.175
[66,   150] loss: 0.176
[66,   160] loss: 0.183
[66,   170] loss: 0.207
[66,   180] loss: 0.230
[66,   190] loss: 0.231
[66,   200] loss: 0.214
[66,   210] loss: 0.200
[66,   220] loss: 0.142
[66,   230] loss: 0.125
[66,   240] loss: 0.160
[66,   250] loss: 0.170
[66,   260] loss: 0.167
[66,   270] loss: 0.211
[66,   280] loss: 0.175
[66,   290] loss: 0.204
[66,   300] loss: 0.161
[66,   310] loss: 0.202
[66,   320] loss: 0.161
[66,   330] loss: 0.220
[66,   340] loss: 0.229
[66,   350] loss: 0.232
[66,   360] loss: 0.243
[66,   370] loss: 0.166
[66,   380] loss: 0.221
[66,   390] loss: 0.244
[66,   400] loss: 0.182
VALIDATION loss: 0.28387176990509033
[67,    10] loss: 0.196
[67,    20] loss: 0.243
[67,    30] loss: 0.160
[67,    40] loss: 0.170
[67,    50] loss: 0.193
[67,    60] loss: 0.149
[67,    70] loss: 0.185
[67,    80] loss: 0.203
[67,    90] loss: 0.182
[67,   100] loss: 0.185
[67,   110] loss: 0.207
[67,   120] loss: 0.201
[67,   130] loss: 0.175
[67,   140] loss: 0.197
[67,   150] loss: 0.163
[67,   160] loss: 0.207
[67,   170] loss: 0.177
[67,   180] loss: 0.212
[67,   190] loss: 0.233
[67,   200] loss: 0.192
[67,   210] loss: 0.185
[67,   220] loss: 0.211
[67,   230] loss: 0.232
[67,   240] loss: 0.226
[67,   250] loss: 0.214
[67,   260] loss: 0.204
[67,   270] loss: 0.242
[67,   280] loss: 0.156
[67,   290] loss: 0.222
[67,   300] loss: 0.208
[67,   310] loss: 0.170
[67,   320] loss: 0.196
[67,   330] loss: 0.212
[67,   340] loss: 0.181
[67,   350] loss: 0.156
[67,   360] loss: 0.160
[67,   370] loss: 0.177
[67,   380] loss: 0.170
[67,   390] loss: 0.208
[67,   400] loss: 0.177
VALIDATION loss: 0.17321792244911194
[68,    10] loss: 0.210
[68,    20] loss: 0.197
[68,    30] loss: 0.203
[68,    40] loss: 0.197
[68,    50] loss: 0.167
[68,    60] loss: 0.227
[68,    70] loss: 0.185
[68,    80] loss: 0.214
[68,    90] loss: 0.203
[68,   100] loss: 0.134
[68,   110] loss: 0.206
[68,   120] loss: 0.145
[68,   130] loss: 0.180
[68,   140] loss: 0.214
[68,   150] loss: 0.170
[68,   160] loss: 0.168
[68,   170] loss: 0.150
[68,   180] loss: 0.164
[68,   190] loss: 0.204
[68,   200] loss: 0.185
[68,   210] loss: 0.195
[68,   220] loss: 0.212
[68,   230] loss: 0.182
[68,   240] loss: 0.160
[68,   250] loss: 0.225
[68,   260] loss: 0.184
[68,   270] loss: 0.182
[68,   280] loss: 0.154
[68,   290] loss: 0.175
[68,   300] loss: 0.222
[68,   310] loss: 0.231
[68,   320] loss: 0.224
[68,   330] loss: 0.181
[68,   340] loss: 0.220
[68,   350] loss: 0.191
[68,   360] loss: 0.234
[68,   370] loss: 0.146
[68,   380] loss: 0.244
[68,   390] loss: 0.245
[68,   400] loss: 0.240
VALIDATION loss: 0.35273322463035583
[69,    10] loss: 0.212
[69,    20] loss: 0.217
[69,    30] loss: 0.187
[69,    40] loss: 0.140
[69,    50] loss: 0.208
[69,    60] loss: 0.170
[69,    70] loss: 0.199
[69,    80] loss: 0.210
[69,    90] loss: 0.209
[69,   100] loss: 0.206
[69,   110] loss: 0.188
[69,   120] loss: 0.227
[69,   130] loss: 0.202
[69,   140] loss: 0.205
[69,   150] loss: 0.182
[69,   160] loss: 0.192
[69,   170] loss: 0.202
[69,   180] loss: 0.216
[69,   190] loss: 0.232
[69,   200] loss: 0.117
[69,   210] loss: 0.174
[69,   220] loss: 0.198
[69,   230] loss: 0.202
[69,   240] loss: 0.154
[69,   250] loss: 0.158
[69,   260] loss: 0.212
[69,   270] loss: 0.208
[69,   280] loss: 0.170
[69,   290] loss: 0.143
[69,   300] loss: 0.197
[69,   310] loss: 0.198
[69,   320] loss: 0.183
[69,   330] loss: 0.211
[69,   340] loss: 0.210
[69,   350] loss: 0.200
[69,   360] loss: 0.214
[69,   370] loss: 0.170
[69,   380] loss: 0.167
[69,   390] loss: 0.225
[69,   400] loss: 0.188
VALIDATION loss: 0.1957012265920639
[70,    10] loss: 0.198
[70,    20] loss: 0.170
[70,    30] loss: 0.187
[70,    40] loss: 0.228
[70,    50] loss: 0.131
[70,    60] loss: 0.215
[70,    70] loss: 0.183
[70,    80] loss: 0.214
[70,    90] loss: 0.164
[70,   100] loss: 0.154
[70,   110] loss: 0.154
[70,   120] loss: 0.163
[70,   130] loss: 0.192
[70,   140] loss: 0.175
[70,   150] loss: 0.236
[70,   160] loss: 0.199
[70,   170] loss: 0.201
[70,   180] loss: 0.170
[70,   190] loss: 0.186
[70,   200] loss: 0.199
[70,   210] loss: 0.165
[70,   220] loss: 0.184
[70,   230] loss: 0.205
[70,   240] loss: 0.171
[70,   250] loss: 0.210
[70,   260] loss: 0.203
[70,   270] loss: 0.197
[70,   280] loss: 0.209
[70,   290] loss: 0.170
[70,   300] loss: 0.201
[70,   310] loss: 0.233
[70,   320] loss: 0.202
[70,   330] loss: 0.193
[70,   340] loss: 0.191
[70,   350] loss: 0.208
[70,   360] loss: 0.190
[70,   370] loss: 0.150
[70,   380] loss: 0.181
[70,   390] loss: 0.158
[70,   400] loss: 0.215
VALIDATION loss: 0.6172334551811218
[71,    10] loss: 0.167
[71,    20] loss: 0.158
[71,    30] loss: 0.196
[71,    40] loss: 0.172
[71,    50] loss: 0.181
[71,    60] loss: 0.194
[71,    70] loss: 0.200
[71,    80] loss: 0.187
[71,    90] loss: 0.158
[71,   100] loss: 0.191
[71,   110] loss: 0.214
[71,   120] loss: 0.207
[71,   130] loss: 0.201
[71,   140] loss: 0.153
[71,   150] loss: 0.194
[71,   160] loss: 0.206
[71,   170] loss: 0.214
[71,   180] loss: 0.140
[71,   190] loss: 0.214
[71,   200] loss: 0.220
[71,   210] loss: 0.213
[71,   220] loss: 0.171
[71,   230] loss: 0.208
[71,   240] loss: 0.148
[71,   250] loss: 0.204
[71,   260] loss: 0.192
[71,   270] loss: 0.136
[71,   280] loss: 0.217
[71,   290] loss: 0.195
[71,   300] loss: 0.223
[71,   310] loss: 0.225
[71,   320] loss: 0.187
[71,   330] loss: 0.162
[71,   340] loss: 0.211
[71,   350] loss: 0.188
[71,   360] loss: 0.220
[71,   370] loss: 0.157
[71,   380] loss: 0.157
[71,   390] loss: 0.199
[71,   400] loss: 0.200
VALIDATION loss: 0.1798800379037857
[72,    10] loss: 0.167
[72,    20] loss: 0.163
[72,    30] loss: 0.193
[72,    40] loss: 0.180
[72,    50] loss: 0.192
[72,    60] loss: 0.175
[72,    70] loss: 0.181
[72,    80] loss: 0.172
[72,    90] loss: 0.175
[72,   100] loss: 0.166
[72,   110] loss: 0.194
[72,   120] loss: 0.133
[72,   130] loss: 0.188
[72,   140] loss: 0.183
[72,   150] loss: 0.179
[72,   160] loss: 0.192
[72,   170] loss: 0.165
[72,   180] loss: 0.149
[72,   190] loss: 0.173
[72,   200] loss: 0.173
[72,   210] loss: 0.148
[72,   220] loss: 0.165
[72,   230] loss: 0.179
[72,   240] loss: 0.178
[72,   250] loss: 0.217
[72,   260] loss: 0.236
[72,   270] loss: 0.202
[72,   280] loss: 0.228
[72,   290] loss: 0.180
[72,   300] loss: 0.215
[72,   310] loss: 0.161
[72,   320] loss: 0.183
[72,   330] loss: 0.205
[72,   340] loss: 0.191
[72,   350] loss: 0.190
[72,   360] loss: 0.192
[72,   370] loss: 0.149
[72,   380] loss: 0.187
[72,   390] loss: 0.220
[72,   400] loss: 0.191
VALIDATION loss: 0.1854526698589325
[73,    10] loss: 0.192
[73,    20] loss: 0.168
[73,    30] loss: 0.176
[73,    40] loss: 0.159
[73,    50] loss: 0.152
[73,    60] loss: 0.177
[73,    70] loss: 0.176
[73,    80] loss: 0.176
[73,    90] loss: 0.215
[73,   100] loss: 0.188
[73,   110] loss: 0.235
[73,   120] loss: 0.192
[73,   130] loss: 0.251
[73,   140] loss: 0.164
[73,   150] loss: 0.190
[73,   160] loss: 0.200
[73,   170] loss: 0.200
[73,   180] loss: 0.216
[73,   190] loss: 0.184
[73,   200] loss: 0.172
[73,   210] loss: 0.178
[73,   220] loss: 0.188
[73,   230] loss: 0.234
[73,   240] loss: 0.216
[73,   250] loss: 0.169
[73,   260] loss: 0.183
[73,   270] loss: 0.166
[73,   280] loss: 0.267
[73,   290] loss: 0.196
[73,   300] loss: 0.168
[73,   310] loss: 0.158
[73,   320] loss: 0.175
[73,   330] loss: 0.210
[73,   340] loss: 0.177
[73,   350] loss: 0.204
[73,   360] loss: 0.160
[73,   370] loss: 0.189
[73,   380] loss: 0.184
[73,   390] loss: 0.218
[73,   400] loss: 0.173
VALIDATION loss: 0.5542461276054382
[74,    10] loss: 0.254
[74,    20] loss: 0.185
[74,    30] loss: 0.166
[74,    40] loss: 0.200
[74,    50] loss: 0.162
[74,    60] loss: 0.175
[74,    70] loss: 0.210
[74,    80] loss: 0.217
[74,    90] loss: 0.129
[74,   100] loss: 0.187
[74,   110] loss: 0.211
[74,   120] loss: 0.177
[74,   130] loss: 0.186
[74,   140] loss: 0.152
[74,   150] loss: 0.161
[74,   160] loss: 0.190
[74,   170] loss: 0.125
[74,   180] loss: 0.186
[74,   190] loss: 0.226
[74,   200] loss: 0.184
[74,   210] loss: 0.187
[74,   220] loss: 0.222
[74,   230] loss: 0.202
[74,   240] loss: 0.180
[74,   250] loss: 0.159
[74,   260] loss: 0.241
[74,   270] loss: 0.156
[74,   280] loss: 0.217
[74,   290] loss: 0.149
[74,   300] loss: 0.148
[74,   310] loss: 0.178
[74,   320] loss: 0.220
[74,   330] loss: 0.180
[74,   340] loss: 0.188
[74,   350] loss: 0.181
[74,   360] loss: 0.130
[74,   370] loss: 0.179
[74,   380] loss: 0.206
[74,   390] loss: 0.182
[74,   400] loss: 0.221
VALIDATION loss: 0.19936364889144897
[75,    10] loss: 0.169
[75,    20] loss: 0.234
[75,    30] loss: 0.195
[75,    40] loss: 0.178
[75,    50] loss: 0.147
[75,    60] loss: 0.169
[75,    70] loss: 0.161
[75,    80] loss: 0.116
[75,    90] loss: 0.176
[75,   100] loss: 0.205
[75,   110] loss: 0.180
[75,   120] loss: 0.199
[75,   130] loss: 0.155
[75,   140] loss: 0.165
[75,   150] loss: 0.163
[75,   160] loss: 0.151
[75,   170] loss: 0.202
[75,   180] loss: 0.209
[75,   190] loss: 0.153
[75,   200] loss: 0.211
[75,   210] loss: 0.185
[75,   220] loss: 0.208
[75,   230] loss: 0.158
[75,   240] loss: 0.193
[75,   250] loss: 0.215
[75,   260] loss: 0.162
[75,   270] loss: 0.143
[75,   280] loss: 0.197
[75,   290] loss: 0.151
[75,   300] loss: 0.167
[75,   310] loss: 0.210
[75,   320] loss: 0.186
[75,   330] loss: 0.189
[75,   340] loss: 0.212
[75,   350] loss: 0.206
[75,   360] loss: 0.175
[75,   370] loss: 0.176
[75,   380] loss: 0.128
[75,   390] loss: 0.177
[75,   400] loss: 0.162
VALIDATION loss: 0.4726802408695221
[76,    10] loss: 0.236
[76,    20] loss: 0.149
[76,    30] loss: 0.187
[76,    40] loss: 0.178
[76,    50] loss: 0.219
[76,    60] loss: 0.196
[76,    70] loss: 0.184
[76,    80] loss: 0.191
[76,    90] loss: 0.134
[76,   100] loss: 0.215
[76,   110] loss: 0.179
[76,   120] loss: 0.200
[76,   130] loss: 0.201
[76,   140] loss: 0.116
[76,   150] loss: 0.212
[76,   160] loss: 0.171
[76,   170] loss: 0.188
[76,   180] loss: 0.166
[76,   190] loss: 0.163
[76,   200] loss: 0.223
[76,   210] loss: 0.212
[76,   220] loss: 0.177
[76,   230] loss: 0.194
[76,   240] loss: 0.182
[76,   250] loss: 0.212
[76,   260] loss: 0.202
[76,   270] loss: 0.233
[76,   280] loss: 0.203
[76,   290] loss: 0.187
[76,   300] loss: 0.192
[76,   310] loss: 0.184
[76,   320] loss: 0.137
[76,   330] loss: 0.162
[76,   340] loss: 0.169
[76,   350] loss: 0.169
[76,   360] loss: 0.142
[76,   370] loss: 0.207
[76,   380] loss: 0.181
[76,   390] loss: 0.164
[76,   400] loss: 0.180
VALIDATION loss: 0.2362639605998993
[77,    10] loss: 0.163
[77,    20] loss: 0.146
[77,    30] loss: 0.240
[77,    40] loss: 0.198
[77,    50] loss: 0.166
[77,    60] loss: 0.167
[77,    70] loss: 0.149
[77,    80] loss: 0.155
[77,    90] loss: 0.196
[77,   100] loss: 0.138
[77,   110] loss: 0.180
[77,   120] loss: 0.162
[77,   130] loss: 0.148
[77,   140] loss: 0.155
[77,   150] loss: 0.224
[77,   160] loss: 0.201
[77,   170] loss: 0.144
[77,   180] loss: 0.212
[77,   190] loss: 0.200
[77,   200] loss: 0.174
[77,   210] loss: 0.172
[77,   220] loss: 0.182
[77,   230] loss: 0.195
[77,   240] loss: 0.194
[77,   250] loss: 0.185
[77,   260] loss: 0.185
[77,   270] loss: 0.149
[77,   280] loss: 0.161
[77,   290] loss: 0.198
[77,   300] loss: 0.219
[77,   310] loss: 0.212
[77,   320] loss: 0.144
[77,   330] loss: 0.252
[77,   340] loss: 0.184
[77,   350] loss: 0.195
[77,   360] loss: 0.160
[77,   370] loss: 0.197
[77,   380] loss: 0.234
[77,   390] loss: 0.168
[77,   400] loss: 0.166
VALIDATION loss: 0.17928870022296906
[78,    10] loss: 0.173
[78,    20] loss: 0.159
[78,    30] loss: 0.180
[78,    40] loss: 0.205
[78,    50] loss: 0.190
[78,    60] loss: 0.159
[78,    70] loss: 0.163
[78,    80] loss: 0.223
[78,    90] loss: 0.186
[78,   100] loss: 0.172
[78,   110] loss: 0.167
[78,   120] loss: 0.157
[78,   130] loss: 0.156
[78,   140] loss: 0.163
[78,   150] loss: 0.195
[78,   160] loss: 0.149
[78,   170] loss: 0.201
[78,   180] loss: 0.183
[78,   190] loss: 0.169
[78,   200] loss: 0.178
[78,   210] loss: 0.246
[78,   220] loss: 0.228
[78,   230] loss: 0.140
[78,   240] loss: 0.151
[78,   250] loss: 0.188
[78,   260] loss: 0.170
[78,   270] loss: 0.219
[78,   280] loss: 0.187
[78,   290] loss: 0.159
[78,   300] loss: 0.203
[78,   310] loss: 0.166
[78,   320] loss: 0.164
[78,   330] loss: 0.158
[78,   340] loss: 0.174
[78,   350] loss: 0.168
[78,   360] loss: 0.149
[78,   370] loss: 0.214
[78,   380] loss: 0.196
[78,   390] loss: 0.212
[78,   400] loss: 0.161
VALIDATION loss: 0.1952974647283554
[79,    10] loss: 0.207
[79,    20] loss: 0.170
[79,    30] loss: 0.162
[79,    40] loss: 0.212
[79,    50] loss: 0.192
[79,    60] loss: 0.216
[79,    70] loss: 0.187
[79,    80] loss: 0.197
[79,    90] loss: 0.182
[79,   100] loss: 0.201
[79,   110] loss: 0.209
[79,   120] loss: 0.164
[79,   130] loss: 0.196
[79,   140] loss: 0.167
[79,   150] loss: 0.189
[79,   160] loss: 0.219
[79,   170] loss: 0.191
[79,   180] loss: 0.149
[79,   190] loss: 0.154
[79,   200] loss: 0.136
[79,   210] loss: 0.169
[79,   220] loss: 0.189
[79,   230] loss: 0.182
[79,   240] loss: 0.131
[79,   250] loss: 0.168
[79,   260] loss: 0.163
[79,   270] loss: 0.172
[79,   280] loss: 0.157
[79,   290] loss: 0.169
[79,   300] loss: 0.168
[79,   310] loss: 0.152
[79,   320] loss: 0.153
[79,   330] loss: 0.169
[79,   340] loss: 0.159
[79,   350] loss: 0.160
[79,   360] loss: 0.150
[79,   370] loss: 0.156
[79,   380] loss: 0.199
[79,   390] loss: 0.154
[79,   400] loss: 0.194
VALIDATION loss: 0.3249322474002838
[80,    10] loss: 0.149
[80,    20] loss: 0.165
[80,    30] loss: 0.160
[80,    40] loss: 0.181
[80,    50] loss: 0.185
[80,    60] loss: 0.162
[80,    70] loss: 0.188
[80,    80] loss: 0.168
[80,    90] loss: 0.131
[80,   100] loss: 0.174
[80,   110] loss: 0.186
[80,   120] loss: 0.143
[80,   130] loss: 0.166
[80,   140] loss: 0.148
[80,   150] loss: 0.155
[80,   160] loss: 0.185
[80,   170] loss: 0.192
[80,   180] loss: 0.173
[80,   190] loss: 0.228
[80,   200] loss: 0.150
[80,   210] loss: 0.155
[80,   220] loss: 0.136
[80,   230] loss: 0.189
[80,   240] loss: 0.157
[80,   250] loss: 0.171
[80,   260] loss: 0.126
[80,   270] loss: 0.193
[80,   280] loss: 0.203
[80,   290] loss: 0.174
[80,   300] loss: 0.189
[80,   310] loss: 0.136
[80,   320] loss: 0.194
[80,   330] loss: 0.178
[80,   340] loss: 0.184
[80,   350] loss: 0.193
[80,   360] loss: 0.151
[80,   370] loss: 0.169
[80,   380] loss: 0.145
[80,   390] loss: 0.169
[80,   400] loss: 0.196
VALIDATION loss: 0.22537317872047424
[81,    10] loss: 0.161
[81,    20] loss: 0.171
[81,    30] loss: 0.190
[81,    40] loss: 0.215
[81,    50] loss: 0.164
[81,    60] loss: 0.190
[81,    70] loss: 0.160
[81,    80] loss: 0.138
[81,    90] loss: 0.149
[81,   100] loss: 0.228
[81,   110] loss: 0.173
[81,   120] loss: 0.151
[81,   130] loss: 0.188
[81,   140] loss: 0.160
[81,   150] loss: 0.206
[81,   160] loss: 0.125
[81,   170] loss: 0.140
[81,   180] loss: 0.132
[81,   190] loss: 0.172
[81,   200] loss: 0.153
[81,   210] loss: 0.171
[81,   220] loss: 0.200
[81,   230] loss: 0.196
[81,   240] loss: 0.197
[81,   250] loss: 0.180
[81,   260] loss: 0.163
[81,   270] loss: 0.125
[81,   280] loss: 0.224
[81,   290] loss: 0.193
[81,   300] loss: 0.139
[81,   310] loss: 0.153
[81,   320] loss: 0.149
[81,   330] loss: 0.153
[81,   340] loss: 0.150
[81,   350] loss: 0.172
[81,   360] loss: 0.187
[81,   370] loss: 0.170
[81,   380] loss: 0.196
[81,   390] loss: 0.207
[81,   400] loss: 0.183
VALIDATION loss: 0.8539695739746094
[82,    10] loss: 0.190
[82,    20] loss: 0.166
[82,    30] loss: 0.180
[82,    40] loss: 0.203
[82,    50] loss: 0.229
[82,    60] loss: 0.166
[82,    70] loss: 0.179
[82,    80] loss: 0.163
[82,    90] loss: 0.153
[82,   100] loss: 0.151
[82,   110] loss: 0.223
[82,   120] loss: 0.133
[82,   130] loss: 0.172
[82,   140] loss: 0.168
[82,   150] loss: 0.179
[82,   160] loss: 0.189
[82,   170] loss: 0.172
[82,   180] loss: 0.148
[82,   190] loss: 0.186
[82,   200] loss: 0.147
[82,   210] loss: 0.197
[82,   220] loss: 0.158
[82,   230] loss: 0.171
[82,   240] loss: 0.145
[82,   250] loss: 0.148
[82,   260] loss: 0.192
[82,   270] loss: 0.144
[82,   280] loss: 0.214
[82,   290] loss: 0.156
[82,   300] loss: 0.161
[82,   310] loss: 0.181
[82,   320] loss: 0.174
[82,   330] loss: 0.197
[82,   340] loss: 0.186
[82,   350] loss: 0.186
[82,   360] loss: 0.141
[82,   370] loss: 0.203
[82,   380] loss: 0.173
[82,   390] loss: 0.168
[82,   400] loss: 0.209
VALIDATION loss: 0.1715364009141922
[83,    10] loss: 0.197
[83,    20] loss: 0.167
[83,    30] loss: 0.169
[83,    40] loss: 0.148
[83,    50] loss: 0.189
[83,    60] loss: 0.160
[83,    70] loss: 0.164
[83,    80] loss: 0.189
[83,    90] loss: 0.154
[83,   100] loss: 0.153
[83,   110] loss: 0.181
[83,   120] loss: 0.180
[83,   130] loss: 0.178
[83,   140] loss: 0.153
[83,   150] loss: 0.143
[83,   160] loss: 0.195
[83,   170] loss: 0.201
[83,   180] loss: 0.181
[83,   190] loss: 0.201
[83,   200] loss: 0.172
[83,   210] loss: 0.199
[83,   220] loss: 0.180
[83,   230] loss: 0.164
[83,   240] loss: 0.181
[83,   250] loss: 0.162
[83,   260] loss: 0.150
[83,   270] loss: 0.194
[83,   280] loss: 0.145
[83,   290] loss: 0.155
[83,   300] loss: 0.157
[83,   310] loss: 0.171
[83,   320] loss: 0.178
[83,   330] loss: 0.169
[83,   340] loss: 0.147
[83,   350] loss: 0.153
[83,   360] loss: 0.151
[83,   370] loss: 0.180
[83,   380] loss: 0.176
[83,   390] loss: 0.212
[83,   400] loss: 0.168
VALIDATION loss: 0.1977466493844986
[84,    10] loss: 0.200
[84,    20] loss: 0.177
[84,    30] loss: 0.158
[84,    40] loss: 0.124
[84,    50] loss: 0.182
[84,    60] loss: 0.118
[84,    70] loss: 0.176
[84,    80] loss: 0.149
[84,    90] loss: 0.139
[84,   100] loss: 0.243
[84,   110] loss: 0.192
[84,   120] loss: 0.153
[84,   130] loss: 0.164
[84,   140] loss: 0.174
[84,   150] loss: 0.207
[84,   160] loss: 0.165
[84,   170] loss: 0.163
[84,   180] loss: 0.161
[84,   190] loss: 0.177
[84,   200] loss: 0.168
[84,   210] loss: 0.230
[84,   220] loss: 0.210
[84,   230] loss: 0.165
[84,   240] loss: 0.204
[84,   250] loss: 0.119
[84,   260] loss: 0.227
[84,   270] loss: 0.171
[84,   280] loss: 0.156
[84,   290] loss: 0.200
[84,   300] loss: 0.200
[84,   310] loss: 0.165
[84,   320] loss: 0.168
[84,   330] loss: 0.179
[84,   340] loss: 0.165
[84,   350] loss: 0.153
[84,   360] loss: 0.154
[84,   370] loss: 0.159
[84,   380] loss: 0.177
[84,   390] loss: 0.212
[84,   400] loss: 0.156
VALIDATION loss: 0.2098526507616043
[85,    10] loss: 0.141
[85,    20] loss: 0.196
[85,    30] loss: 0.139
[85,    40] loss: 0.120
[85,    50] loss: 0.181
[85,    60] loss: 0.178
[85,    70] loss: 0.156
[85,    80] loss: 0.153
[85,    90] loss: 0.193
[85,   100] loss: 0.157
[85,   110] loss: 0.235
[85,   120] loss: 0.143
[85,   130] loss: 0.136
[85,   140] loss: 0.121
[85,   150] loss: 0.144
[85,   160] loss: 0.153
[85,   170] loss: 0.193
[85,   180] loss: 0.163
[85,   190] loss: 0.183
[85,   200] loss: 0.186
[85,   210] loss: 0.183
[85,   220] loss: 0.169
[85,   230] loss: 0.142
[85,   240] loss: 0.142
[85,   250] loss: 0.151
[85,   260] loss: 0.168
[85,   270] loss: 0.140
[85,   280] loss: 0.141
[85,   290] loss: 0.180
[85,   300] loss: 0.144
[85,   310] loss: 0.145
[85,   320] loss: 0.207
[85,   330] loss: 0.231
[85,   340] loss: 0.202
[85,   350] loss: 0.163
[85,   360] loss: 0.160
[85,   370] loss: 0.168
[85,   380] loss: 0.165
[85,   390] loss: 0.196
[85,   400] loss: 0.175
VALIDATION loss: 0.18157052993774414
[86,    10] loss: 0.156
[86,    20] loss: 0.150
[86,    30] loss: 0.178
[86,    40] loss: 0.086
[86,    50] loss: 0.184
[86,    60] loss: 0.184
[86,    70] loss: 0.246
[86,    80] loss: 0.179
[86,    90] loss: 0.155
[86,   100] loss: 0.178
[86,   110] loss: 0.133
[86,   120] loss: 0.196
[86,   130] loss: 0.173
[86,   140] loss: 0.167
[86,   150] loss: 0.184
[86,   160] loss: 0.159
[86,   170] loss: 0.147
[86,   180] loss: 0.165
[86,   190] loss: 0.176
[86,   200] loss: 0.134
[86,   210] loss: 0.176
[86,   220] loss: 0.183
[86,   230] loss: 0.189
[86,   240] loss: 0.202
[86,   250] loss: 0.184
[86,   260] loss: 0.189
[86,   270] loss: 0.215
[86,   280] loss: 0.148
[86,   290] loss: 0.166
[86,   300] loss: 0.199
[86,   310] loss: 0.177
[86,   320] loss: 0.176
[86,   330] loss: 0.176
[86,   340] loss: 0.195
[86,   350] loss: 0.155
[86,   360] loss: 0.175
[86,   370] loss: 0.225
[86,   380] loss: 0.155
[86,   390] loss: 0.167
[86,   400] loss: 0.174
VALIDATION loss: 0.2054406702518463
[87,    10] loss: 0.171
[87,    20] loss: 0.211
[87,    30] loss: 0.187
[87,    40] loss: 0.156
[87,    50] loss: 0.111
[87,    60] loss: 0.186
[87,    70] loss: 0.228
[87,    80] loss: 0.188
[87,    90] loss: 0.181
[87,   100] loss: 0.167
[87,   110] loss: 0.156
[87,   120] loss: 0.187
[87,   130] loss: 0.170
[87,   140] loss: 0.155
[87,   150] loss: 0.128
[87,   160] loss: 0.179
[87,   170] loss: 0.185
[87,   180] loss: 0.188
[87,   190] loss: 0.131
[87,   200] loss: 0.144
[87,   210] loss: 0.163
[87,   220] loss: 0.156
[87,   230] loss: 0.156
[87,   240] loss: 0.146
[87,   250] loss: 0.153
[87,   260] loss: 0.164
[87,   270] loss: 0.150
[87,   280] loss: 0.169
[87,   290] loss: 0.216
[87,   300] loss: 0.182
[87,   310] loss: 0.149
[87,   320] loss: 0.193
[87,   330] loss: 0.140
[87,   340] loss: 0.195
[87,   350] loss: 0.159
[87,   360] loss: 0.156
[87,   370] loss: 0.155
[87,   380] loss: 0.204
[87,   390] loss: 0.174
[87,   400] loss: 0.169
VALIDATION loss: 0.1742819845676422
[88,    10] loss: 0.135
[88,    20] loss: 0.121
[88,    30] loss: 0.214
[88,    40] loss: 0.144
[88,    50] loss: 0.163
[88,    60] loss: 0.189
[88,    70] loss: 0.176
[88,    80] loss: 0.136
[88,    90] loss: 0.165
[88,   100] loss: 0.164
[88,   110] loss: 0.176
[88,   120] loss: 0.205
[88,   130] loss: 0.157
[88,   140] loss: 0.186
[88,   150] loss: 0.141
[88,   160] loss: 0.190
[88,   170] loss: 0.148
[88,   180] loss: 0.179
[88,   190] loss: 0.177
[88,   200] loss: 0.142
[88,   210] loss: 0.158
[88,   220] loss: 0.187
[88,   230] loss: 0.181
[88,   240] loss: 0.131
[88,   250] loss: 0.201
[88,   260] loss: 0.170
[88,   270] loss: 0.186
[88,   280] loss: 0.185
[88,   290] loss: 0.172
[88,   300] loss: 0.178
[88,   310] loss: 0.126
[88,   320] loss: 0.126
[88,   330] loss: 0.177
[88,   340] loss: 0.186
[88,   350] loss: 0.181
[88,   360] loss: 0.172
[88,   370] loss: 0.209
[88,   380] loss: 0.222
[88,   390] loss: 0.183
[88,   400] loss: 0.179
VALIDATION loss: 0.2076977640390396
[89,    10] loss: 0.176
[89,    20] loss: 0.143
[89,    30] loss: 0.159
[89,    40] loss: 0.175
[89,    50] loss: 0.196
[89,    60] loss: 0.189
[89,    70] loss: 0.164
[89,    80] loss: 0.135
[89,    90] loss: 0.209
[89,   100] loss: 0.151
[89,   110] loss: 0.139
[89,   120] loss: 0.187
[89,   130] loss: 0.172
[89,   140] loss: 0.146
[89,   150] loss: 0.183
[89,   160] loss: 0.172
[89,   170] loss: 0.151
[89,   180] loss: 0.186
[89,   190] loss: 0.183
[89,   200] loss: 0.202
[89,   210] loss: 0.174
[89,   220] loss: 0.194
[89,   230] loss: 0.195
[89,   240] loss: 0.151
[89,   250] loss: 0.138
[89,   260] loss: 0.160
[89,   270] loss: 0.126
[89,   280] loss: 0.133
[89,   290] loss: 0.145
[89,   300] loss: 0.181
[89,   310] loss: 0.199
[89,   320] loss: 0.166
[89,   330] loss: 0.169
[89,   340] loss: 0.150
[89,   350] loss: 0.173
[89,   360] loss: 0.145
[89,   370] loss: 0.131
[89,   380] loss: 0.139
[89,   390] loss: 0.157
[89,   400] loss: 0.182
VALIDATION loss: 0.5170091986656189
[90,    10] loss: 0.160
[90,    20] loss: 0.200
[90,    30] loss: 0.183
[90,    40] loss: 0.181
[90,    50] loss: 0.151
[90,    60] loss: 0.174
[90,    70] loss: 0.158
[90,    80] loss: 0.142
[90,    90] loss: 0.173
[90,   100] loss: 0.180
[90,   110] loss: 0.153
[90,   120] loss: 0.108
[90,   130] loss: 0.156
[90,   140] loss: 0.159
[90,   150] loss: 0.165
[90,   160] loss: 0.154
[90,   170] loss: 0.175
[90,   180] loss: 0.155
[90,   190] loss: 0.167
[90,   200] loss: 0.145
[90,   210] loss: 0.140
[90,   220] loss: 0.151
[90,   230] loss: 0.200
[90,   240] loss: 0.133
[90,   250] loss: 0.190
[90,   260] loss: 0.148
[90,   270] loss: 0.138
[90,   280] loss: 0.156
[90,   290] loss: 0.125
[90,   300] loss: 0.165
[90,   310] loss: 0.135
[90,   320] loss: 0.137
[90,   330] loss: 0.200
[90,   340] loss: 0.139
[90,   350] loss: 0.199
[90,   360] loss: 0.156
[90,   370] loss: 0.144
[90,   380] loss: 0.203
[90,   390] loss: 0.155
[90,   400] loss: 0.213
VALIDATION loss: 0.17322805523872375
[91,    10] loss: 0.183
[91,    20] loss: 0.140
[91,    30] loss: 0.153
[91,    40] loss: 0.146
[91,    50] loss: 0.125
[91,    60] loss: 0.147
[91,    70] loss: 0.134
[91,    80] loss: 0.213
[91,    90] loss: 0.212
[91,   100] loss: 0.185
[91,   110] loss: 0.173
[91,   120] loss: 0.167
[91,   130] loss: 0.187
[91,   140] loss: 0.124
[91,   150] loss: 0.149
[91,   160] loss: 0.146
[91,   170] loss: 0.148
[91,   180] loss: 0.175
[91,   190] loss: 0.172
[91,   200] loss: 0.143
[91,   210] loss: 0.144
[91,   220] loss: 0.183
[91,   230] loss: 0.173
[91,   240] loss: 0.182
[91,   250] loss: 0.153
[91,   260] loss: 0.163
[91,   270] loss: 0.181
[91,   280] loss: 0.201
[91,   290] loss: 0.134
[91,   300] loss: 0.133
[91,   310] loss: 0.148
[91,   320] loss: 0.142
[91,   330] loss: 0.169
[91,   340] loss: 0.157
[91,   350] loss: 0.147
[91,   360] loss: 0.197
[91,   370] loss: 0.243
[91,   380] loss: 0.188
[91,   390] loss: 0.148
[91,   400] loss: 0.169
VALIDATION loss: 0.17864619195461273
[92,    10] loss: 0.130
[92,    20] loss: 0.123
[92,    30] loss: 0.133
[92,    40] loss: 0.134
[92,    50] loss: 0.172
[92,    60] loss: 0.214
[92,    70] loss: 0.128
[92,    80] loss: 0.173
[92,    90] loss: 0.155
[92,   100] loss: 0.152
[92,   110] loss: 0.189
[92,   120] loss: 0.225
[92,   130] loss: 0.160
[92,   140] loss: 0.178
[92,   150] loss: 0.185
[92,   160] loss: 0.201
[92,   170] loss: 0.137
[92,   180] loss: 0.147
[92,   190] loss: 0.142
[92,   200] loss: 0.159
[92,   210] loss: 0.137
[92,   220] loss: 0.199
[92,   230] loss: 0.170
[92,   240] loss: 0.199
[92,   250] loss: 0.194
[92,   260] loss: 0.200
[92,   270] loss: 0.138
[92,   280] loss: 0.143
[92,   290] loss: 0.197
[92,   300] loss: 0.162
[92,   310] loss: 0.211
[92,   320] loss: 0.142
[92,   330] loss: 0.158
[92,   340] loss: 0.167
[92,   350] loss: 0.132
[92,   360] loss: 0.183
[92,   370] loss: 0.150
[92,   380] loss: 0.150
[92,   390] loss: 0.187
[92,   400] loss: 0.145
VALIDATION loss: 0.5606958270072937
[93,    10] loss: 0.170
[93,    20] loss: 0.166
[93,    30] loss: 0.147
[93,    40] loss: 0.236
[93,    50] loss: 0.168
[93,    60] loss: 0.173
[93,    70] loss: 0.184
[93,    80] loss: 0.160
[93,    90] loss: 0.156
[93,   100] loss: 0.177
[93,   110] loss: 0.145
[93,   120] loss: 0.176
[93,   130] loss: 0.164
[93,   140] loss: 0.180
[93,   150] loss: 0.143
[93,   160] loss: 0.112
[93,   170] loss: 0.195
[93,   180] loss: 0.121
[93,   190] loss: 0.127
[93,   200] loss: 0.125
[93,   210] loss: 0.160
[93,   220] loss: 0.194
[93,   230] loss: 0.148
[93,   240] loss: 0.158
[93,   250] loss: 0.157
[93,   260] loss: 0.184
[93,   270] loss: 0.164
[93,   280] loss: 0.226
[93,   290] loss: 0.181
[93,   300] loss: 0.151
[93,   310] loss: 0.196
[93,   320] loss: 0.205
[93,   330] loss: 0.142
[93,   340] loss: 0.161
[93,   350] loss: 0.177
[93,   360] loss: 0.174
[93,   370] loss: 0.176
[93,   380] loss: 0.122
[93,   390] loss: 0.208
[93,   400] loss: 0.180
VALIDATION loss: 0.15760205686092377
[94,    10] loss: 0.160
[94,    20] loss: 0.170
[94,    30] loss: 0.169
[94,    40] loss: 0.164
[94,    50] loss: 0.166
[94,    60] loss: 0.128
[94,    70] loss: 0.205
[94,    80] loss: 0.200
[94,    90] loss: 0.155
[94,   100] loss: 0.176
[94,   110] loss: 0.129
[94,   120] loss: 0.193
[94,   130] loss: 0.163
[94,   140] loss: 0.190
[94,   150] loss: 0.170
[94,   160] loss: 0.146
[94,   170] loss: 0.166
[94,   180] loss: 0.188
[94,   190] loss: 0.144
[94,   200] loss: 0.154
[94,   210] loss: 0.148
[94,   220] loss: 0.167
[94,   230] loss: 0.198
[94,   240] loss: 0.158
[94,   250] loss: 0.139
[94,   260] loss: 0.177
[94,   270] loss: 0.153
[94,   280] loss: 0.206
[94,   290] loss: 0.165
[94,   300] loss: 0.220
[94,   310] loss: 0.164
[94,   320] loss: 0.186
[94,   330] loss: 0.132
[94,   340] loss: 0.142
[94,   350] loss: 0.180
[94,   360] loss: 0.214
[94,   370] loss: 0.193
[94,   380] loss: 0.134
[94,   390] loss: 0.165
[94,   400] loss: 0.167
VALIDATION loss: 0.4006836414337158
[95,    10] loss: 0.156
[95,    20] loss: 0.152
[95,    30] loss: 0.191
[95,    40] loss: 0.217
[95,    50] loss: 0.156
[95,    60] loss: 0.140
[95,    70] loss: 0.139
[95,    80] loss: 0.170
[95,    90] loss: 0.129
[95,   100] loss: 0.140
[95,   110] loss: 0.096
[95,   120] loss: 0.144
[95,   130] loss: 0.139
[95,   140] loss: 0.191
[95,   150] loss: 0.171
[95,   160] loss: 0.138
[95,   170] loss: 0.190
[95,   180] loss: 0.187
[95,   190] loss: 0.210
[95,   200] loss: 0.202
[95,   210] loss: 0.165
[95,   220] loss: 0.182
[95,   230] loss: 0.128
[95,   240] loss: 0.165
[95,   250] loss: 0.162
[95,   260] loss: 0.128
[95,   270] loss: 0.182
[95,   280] loss: 0.156
[95,   290] loss: 0.168
[95,   300] loss: 0.206
[95,   310] loss: 0.167
[95,   320] loss: 0.135
[95,   330] loss: 0.163
[95,   340] loss: 0.134
[95,   350] loss: 0.150
[95,   360] loss: 0.200
[95,   370] loss: 0.135
[95,   380] loss: 0.143
[95,   390] loss: 0.148
[95,   400] loss: 0.145
VALIDATION loss: 0.19053204357624054
[96,    10] loss: 0.126
[96,    20] loss: 0.126
[96,    30] loss: 0.160
[96,    40] loss: 0.164
[96,    50] loss: 0.137
[96,    60] loss: 0.124
[96,    70] loss: 0.132
[96,    80] loss: 0.182
[96,    90] loss: 0.173
[96,   100] loss: 0.199
[96,   110] loss: 0.153
[96,   120] loss: 0.146
[96,   130] loss: 0.159
[96,   140] loss: 0.133
[96,   150] loss: 0.190
[96,   160] loss: 0.184
[96,   170] loss: 0.200
[96,   180] loss: 0.178
[96,   190] loss: 0.156
[96,   200] loss: 0.182
[96,   210] loss: 0.151
[96,   220] loss: 0.178
[96,   230] loss: 0.203
[96,   240] loss: 0.176
[96,   250] loss: 0.112
[96,   260] loss: 0.150
[96,   270] loss: 0.192
[96,   280] loss: 0.165
[96,   290] loss: 0.174
[96,   300] loss: 0.163
[96,   310] loss: 0.168
[96,   320] loss: 0.168
[96,   330] loss: 0.172
[96,   340] loss: 0.130
[96,   350] loss: 0.165
[96,   360] loss: 0.153
[96,   370] loss: 0.188
[96,   380] loss: 0.166
[96,   390] loss: 0.168
[96,   400] loss: 0.137
VALIDATION loss: 0.15932056307792664
[97,    10] loss: 0.149
[97,    20] loss: 0.115
[97,    30] loss: 0.130
[97,    40] loss: 0.176
[97,    50] loss: 0.205
[97,    60] loss: 0.185
[97,    70] loss: 0.151
[97,    80] loss: 0.170
[97,    90] loss: 0.176
[97,   100] loss: 0.151
[97,   110] loss: 0.127
[97,   120] loss: 0.141
[97,   130] loss: 0.164
[97,   140] loss: 0.150
[97,   150] loss: 0.139
[97,   160] loss: 0.184
[97,   170] loss: 0.168
[97,   180] loss: 0.193
[97,   190] loss: 0.149
[97,   200] loss: 0.194
[97,   210] loss: 0.191
[97,   220] loss: 0.135
[97,   230] loss: 0.122
[97,   240] loss: 0.108
[97,   250] loss: 0.204
[97,   260] loss: 0.160
[97,   270] loss: 0.166
[97,   280] loss: 0.175
[97,   290] loss: 0.178
[97,   300] loss: 0.166
[97,   310] loss: 0.163
[97,   320] loss: 0.138
[97,   330] loss: 0.180
[97,   340] loss: 0.163
[97,   350] loss: 0.135
[97,   360] loss: 0.167
[97,   370] loss: 0.160
[97,   380] loss: 0.149
[97,   390] loss: 0.163
[97,   400] loss: 0.197
VALIDATION loss: 0.5246859788894653
[98,    10] loss: 0.151
[98,    20] loss: 0.167
[98,    30] loss: 0.175
[98,    40] loss: 0.158
[98,    50] loss: 0.117
[98,    60] loss: 0.221
[98,    70] loss: 0.141
[98,    80] loss: 0.194
[98,    90] loss: 0.131
[98,   100] loss: 0.118
[98,   110] loss: 0.166
[98,   120] loss: 0.128
[98,   130] loss: 0.170
[98,   140] loss: 0.181
[98,   150] loss: 0.190
[98,   160] loss: 0.197
[98,   170] loss: 0.168
[98,   180] loss: 0.195
[98,   190] loss: 0.175
[98,   200] loss: 0.163
[98,   210] loss: 0.245
[98,   220] loss: 0.165
[98,   230] loss: 0.135
[98,   240] loss: 0.130
[98,   250] loss: 0.141
[98,   260] loss: 0.154
[98,   270] loss: 0.118
[98,   280] loss: 0.150
[98,   290] loss: 0.146
[98,   300] loss: 0.167
[98,   310] loss: 0.156
[98,   320] loss: 0.165
[98,   330] loss: 0.159
[98,   340] loss: 0.161
[98,   350] loss: 0.185
[98,   360] loss: 0.131
[98,   370] loss: 0.149
[98,   380] loss: 0.190
[98,   390] loss: 0.156
[98,   400] loss: 0.173
VALIDATION loss: 0.18747945129871368
[99,    10] loss: 0.134
[99,    20] loss: 0.129
[99,    30] loss: 0.162
[99,    40] loss: 0.191
[99,    50] loss: 0.185
[99,    60] loss: 0.160
[99,    70] loss: 0.162
[99,    80] loss: 0.169
[99,    90] loss: 0.132
[99,   100] loss: 0.207
[99,   110] loss: 0.139
[99,   120] loss: 0.128
[99,   130] loss: 0.198
[99,   140] loss: 0.104
[99,   150] loss: 0.167
[99,   160] loss: 0.122
[99,   170] loss: 0.176
[99,   180] loss: 0.244
[99,   190] loss: 0.181
[99,   200] loss: 0.137
[99,   210] loss: 0.157
[99,   220] loss: 0.184
[99,   230] loss: 0.109
[99,   240] loss: 0.158
[99,   250] loss: 0.188
[99,   260] loss: 0.149
[99,   270] loss: 0.172
[99,   280] loss: 0.130
[99,   290] loss: 0.201
[99,   300] loss: 0.143
[99,   310] loss: 0.152
[99,   320] loss: 0.179
[99,   330] loss: 0.159
[99,   340] loss: 0.151
[99,   350] loss: 0.179
[99,   360] loss: 0.121
[99,   370] loss: 0.151
[99,   380] loss: 0.136
[99,   390] loss: 0.161
[99,   400] loss: 0.161
VALIDATION loss: 0.2080368548631668
[100,    10] loss: 0.205
[100,    20] loss: 0.159
[100,    30] loss: 0.165
[100,    40] loss: 0.170
[100,    50] loss: 0.171
[100,    60] loss: 0.124
[100,    70] loss: 0.165
[100,    80] loss: 0.181
[100,    90] loss: 0.209
[100,   100] loss: 0.196
[100,   110] loss: 0.152
[100,   120] loss: 0.124
[100,   130] loss: 0.121
[100,   140] loss: 0.192
[100,   150] loss: 0.165
[100,   160] loss: 0.123
[100,   170] loss: 0.173
[100,   180] loss: 0.135
[100,   190] loss: 0.146
[100,   200] loss: 0.177
[100,   210] loss: 0.135
[100,   220] loss: 0.158
[100,   230] loss: 0.150
[100,   240] loss: 0.162
[100,   250] loss: 0.123
[100,   260] loss: 0.173
[100,   270] loss: 0.171
[100,   280] loss: 0.125
[100,   290] loss: 0.180
[100,   300] loss: 0.114
[100,   310] loss: 0.151
[100,   320] loss: 0.142
[100,   330] loss: 0.158
[100,   340] loss: 0.130
[100,   350] loss: 0.160
[100,   360] loss: 0.165
[100,   370] loss: 0.168
[100,   380] loss: 0.129
[100,   390] loss: 0.171
[100,   400] loss: 0.186
VALIDATION loss: 0.19517849385738373
Finished !!
Accuracy of the network: 92.21 %
