Collecting dill==0.3.4 (from -r requirements.txt (line 1))
  Using cached https://files.pythonhosted.org/packages/b6/c3/973676ceb86b60835bb3978c6db67a5dc06be6cfdbd14ef0f5a13e3fc9fd/dill-0.3.4-py2.py3-none-any.whl
Requirement already satisfied: laplace==0.1 in /zhome/45/c/128687/.local/lib/python3.6/site-packages (from -r requirements.txt (line 2))
Collecting matplotlib==3.4.0 (from -r requirements.txt (line 3))
model loaded
Time elapsed (fit): 491.3659145832062 seconds
[Laplace] Acc.: 91.77%; ECE: 1.15% 
model loaded
Time elapsed (fit): 202.56078958511353 seconds
[Laplace] Acc.: 91.77%; ECE: 1.15% 
model loaded
Time elapsed (fit): 194.59207916259766 seconds
[Laplace] Acc.: 91.80%; ECE: 1.12% 
model loaded
Time elapsed (fit): 194.8350760936737 seconds
[Laplace] Acc.: 91.77%; ECE: 1.15% 
model loaded
Time elapsed (fit): 194.64626812934875 seconds
[Laplace] Acc.: 91.77%; ECE: 1.15% 
model loaded
Time elapsed (fit): 193.6996693611145 seconds
[Laplace] Acc.: 91.80%; ECE: 1.12% 
Collecting dill==0.3.4 (from -r requirements.txt (line 1))
  Using cached https://files.pythonhosted.org/packages/b6/c3/973676ceb86b60835bb3978c6db67a5dc06be6cfdbd14ef0f5a13e3fc9fd/dill-0.3.4-py2.py3-none-any.whl
Requirement already satisfied: laplace==0.1 in /zhome/45/c/128687/.local/lib/python3.6/site-packages (from -r requirements.txt (line 2))
Collecting matplotlib==3.4.0 (from -r requirements.txt (line 3))
model loaded
Time elapsed (fit): 238.2175669670105 seconds
[Laplace] Acc.: 91.80%; ECE: 1.12% 
