Collecting dill==0.3.4 (from -r requirements.txt (line 1))
  Using cached https://files.pythonhosted.org/packages/b6/c3/973676ceb86b60835bb3978c6db67a5dc06be6cfdbd14ef0f5a13e3fc9fd/dill-0.3.4-py2.py3-none-any.whl
Requirement already satisfied: laplace==0.1 in /zhome/45/c/128687/.local/lib/python3.6/site-packages (from -r requirements.txt (line 2))
Collecting matplotlib==3.4.0 (from -r requirements.txt (line 3))
model loaded
Time elapsed (fit): 502.8246545791626 seconds
[Laplace] Acc.: 91.80%; ECE: 1.59% 
model loaded
Time elapsed (fit): 202.65231013298035 seconds
[Laplace] Acc.: 91.80%; ECE: 1.59% 
model loaded
Time elapsed (fit): 193.11285066604614 seconds
[Laplace] Acc.: 91.80%; ECE: 1.59% 
model loaded
Time elapsed (fit): 193.792090177536 seconds
[Laplace] Acc.: 91.80%; ECE: 1.59% 
model loaded
Time elapsed (fit): 193.75562691688538 seconds
[Laplace] Acc.: 91.80%; ECE: 1.59% 
model loaded
Time elapsed (fit): 193.42609429359436 seconds
[Laplace] Acc.: 91.80%; ECE: 1.59% 
Collecting dill==0.3.4 (from -r requirements.txt (line 1))
  Using cached https://files.pythonhosted.org/packages/b6/c3/973676ceb86b60835bb3978c6db67a5dc06be6cfdbd14ef0f5a13e3fc9fd/dill-0.3.4-py2.py3-none-any.whl
Requirement already satisfied: laplace==0.1 in /zhome/45/c/128687/.local/lib/python3.6/site-packages (from -r requirements.txt (line 2))
Collecting matplotlib==3.4.0 (from -r requirements.txt (line 3))
model loaded
Time elapsed (fit): 192.3046169281006 seconds
[Laplace] Acc.: 91.80%; ECE: 1.59% 
