Collecting dill==0.3.4 (from -r requirements.txt (line 1))
  Using cached https://files.pythonhosted.org/packages/b6/c3/973676ceb86b60835bb3978c6db67a5dc06be6cfdbd14ef0f5a13e3fc9fd/dill-0.3.4-py2.py3-none-any.whl
Requirement already satisfied: laplace==0.1 in /zhome/45/c/128687/.local/lib/python3.6/site-packages (from -r requirements.txt (line 2))
Collecting matplotlib==3.4.0 (from -r requirements.txt (line 3))
Small: 0
Transform: 0
MaxPool: 0
Running GPU.
[1,    10] loss: 1.947
[1,    20] loss: 1.924
[1,    30] loss: 1.902
[1,    40] loss: 1.868
[1,    50] loss: 1.862
[1,    60] loss: 1.833
[1,    70] loss: 1.839
[1,    80] loss: 1.816
[1,    90] loss: 1.785
[1,   100] loss: 1.789
[1,   110] loss: 1.755
[1,   120] loss: 1.778
[1,   130] loss: 1.797
[1,   140] loss: 1.749
[1,   150] loss: 1.797
[1,   160] loss: 1.756
[1,   170] loss: 1.753
[1,   180] loss: 1.720
[1,   190] loss: 1.730
[1,   200] loss: 1.757
[1,   210] loss: 1.744
[1,   220] loss: 1.733
[1,   230] loss: 1.678
[1,   240] loss: 1.705
[1,   250] loss: 1.671
[1,   260] loss: 1.703
[1,   270] loss: 1.719
[1,   280] loss: 1.668
[1,   290] loss: 1.732
[1,   300] loss: 1.715
[1,   310] loss: 1.724
[1,   320] loss: 1.680
[1,   330] loss: 1.670
[1,   340] loss: 1.685
[1,   350] loss: 1.664
[1,   360] loss: 1.688
[1,   370] loss: 1.649
[1,   380] loss: 1.699
[1,   390] loss: 1.618
[1,   400] loss: 1.652
VALIDATION loss: 1.6707935333251953
[2,    10] loss: 1.655
[2,    20] loss: 1.652
[2,    30] loss: 1.672
[2,    40] loss: 1.621
[2,    50] loss: 1.623
[2,    60] loss: 1.640
[2,    70] loss: 1.597
[2,    80] loss: 1.560
[2,    90] loss: 1.649
[2,   100] loss: 1.624
[2,   110] loss: 1.645
[2,   120] loss: 1.637
[2,   130] loss: 1.666
[2,   140] loss: 1.583
[2,   150] loss: 1.632
[2,   160] loss: 1.562
[2,   170] loss: 1.623
[2,   180] loss: 1.587
[2,   190] loss: 1.615
[2,   200] loss: 1.612
[2,   210] loss: 1.592
[2,   220] loss: 1.557
[2,   230] loss: 1.604
[2,   240] loss: 1.577
[2,   250] loss: 1.602
[2,   260] loss: 1.589
[2,   270] loss: 1.629
[2,   280] loss: 1.566
[2,   290] loss: 1.574
[2,   300] loss: 1.596
[2,   310] loss: 1.591
[2,   320] loss: 1.634
[2,   330] loss: 1.595
[2,   340] loss: 1.504
[2,   350] loss: 1.529
[2,   360] loss: 1.523
[2,   370] loss: 1.540
[2,   380] loss: 1.534
[2,   390] loss: 1.540
[2,   400] loss: 1.515
VALIDATION loss: 1.5665371417999268
[3,    10] loss: 1.513
[3,    20] loss: 1.527
[3,    30] loss: 1.546
[3,    40] loss: 1.551
[3,    50] loss: 1.522
[3,    60] loss: 1.537
[3,    70] loss: 1.566
[3,    80] loss: 1.531
[3,    90] loss: 1.478
[3,   100] loss: 1.531
[3,   110] loss: 1.525
[3,   120] loss: 1.463
[3,   130] loss: 1.526
[3,   140] loss: 1.480
[3,   150] loss: 1.513
[3,   160] loss: 1.509
[3,   170] loss: 1.487
[3,   180] loss: 1.518
[3,   190] loss: 1.542
[3,   200] loss: 1.542
[3,   210] loss: 1.483
[3,   220] loss: 1.482
[3,   230] loss: 1.524
[3,   240] loss: 1.468
[3,   250] loss: 1.512
[3,   260] loss: 1.486
[3,   270] loss: 1.510
[3,   280] loss: 1.530
[3,   290] loss: 1.469
[3,   300] loss: 1.524
[3,   310] loss: 1.532
[3,   320] loss: 1.485
[3,   330] loss: 1.478
[3,   340] loss: 1.519
[3,   350] loss: 1.414
[3,   360] loss: 1.425
[3,   370] loss: 1.445
[3,   380] loss: 1.467
[3,   390] loss: 1.452
[3,   400] loss: 1.412
VALIDATION loss: 1.4155848026275635
[4,    10] loss: 1.436
[4,    20] loss: 1.410
[4,    30] loss: 1.452
[4,    40] loss: 1.425
[4,    50] loss: 1.475
[4,    60] loss: 1.522
[4,    70] loss: 1.476
[4,    80] loss: 1.379
[4,    90] loss: 1.434
[4,   100] loss: 1.474
[4,   110] loss: 1.503
[4,   120] loss: 1.433
[4,   130] loss: 1.431
[4,   140] loss: 1.437
[4,   150] loss: 1.435
[4,   160] loss: 1.394
[4,   170] loss: 1.435
[4,   180] loss: 1.446
[4,   190] loss: 1.410
[4,   200] loss: 1.384
[4,   210] loss: 1.381
[4,   220] loss: 1.402
[4,   230] loss: 1.405
[4,   240] loss: 1.462
[4,   250] loss: 1.418
[4,   260] loss: 1.384
[4,   270] loss: 1.413
[4,   280] loss: 1.452
[4,   290] loss: 1.430
[4,   300] loss: 1.436
[4,   310] loss: 1.452
[4,   320] loss: 1.379
[4,   330] loss: 1.426
[4,   340] loss: 1.370
[4,   350] loss: 1.389
[4,   360] loss: 1.464
[4,   370] loss: 1.410
[4,   380] loss: 1.416
[4,   390] loss: 1.410
[4,   400] loss: 1.402
VALIDATION loss: 1.3421268463134766
[5,    10] loss: 1.408
[5,    20] loss: 1.345
[5,    30] loss: 1.369
[5,    40] loss: 1.363
[5,    50] loss: 1.382
[5,    60] loss: 1.381
[5,    70] loss: 1.402
[5,    80] loss: 1.410
[5,    90] loss: 1.346
[5,   100] loss: 1.358
[5,   110] loss: 1.337
[5,   120] loss: 1.422
[5,   130] loss: 1.327
[5,   140] loss: 1.398
[5,   150] loss: 1.386
[5,   160] loss: 1.340
[5,   170] loss: 1.404
[5,   180] loss: 1.444
[5,   190] loss: 1.416
[5,   200] loss: 1.366
[5,   210] loss: 1.364
[5,   220] loss: 1.344
[5,   230] loss: 1.354
[5,   240] loss: 1.337
[5,   250] loss: 1.347
[5,   260] loss: 1.380
[5,   270] loss: 1.323
[5,   280] loss: 1.349
[5,   290] loss: 1.354
[5,   300] loss: 1.364
[5,   310] loss: 1.358
[5,   320] loss: 1.327
[5,   330] loss: 1.387
[5,   340] loss: 1.337
[5,   350] loss: 1.325
[5,   360] loss: 1.367
[5,   370] loss: 1.318
[5,   380] loss: 1.324
[5,   390] loss: 1.387
[5,   400] loss: 1.364
VALIDATION loss: 1.307610034942627
[6,    10] loss: 1.398
[6,    20] loss: 1.315
[6,    30] loss: 1.329
[6,    40] loss: 1.319
[6,    50] loss: 1.308
[6,    60] loss: 1.366
[6,    70] loss: 1.310
[6,    80] loss: 1.322
[6,    90] loss: 1.352
[6,   100] loss: 1.289
[6,   110] loss: 1.326
[6,   120] loss: 1.338
[6,   130] loss: 1.321
[6,   140] loss: 1.363
[6,   150] loss: 1.246
[6,   160] loss: 1.284
[6,   170] loss: 1.404
[6,   180] loss: 1.280
[6,   190] loss: 1.388
[6,   200] loss: 1.320
[6,   210] loss: 1.280
[6,   220] loss: 1.330
[6,   230] loss: 1.308
[6,   240] loss: 1.240
[6,   250] loss: 1.252
[6,   260] loss: 1.303
[6,   270] loss: 1.343
[6,   280] loss: 1.272
[6,   290] loss: 1.323
[6,   300] loss: 1.267
[6,   310] loss: 1.332
[6,   320] loss: 1.291
[6,   330] loss: 1.265
[6,   340] loss: 1.331
[6,   350] loss: 1.411
[6,   360] loss: 1.260
[6,   370] loss: 1.241
[6,   380] loss: 1.275
[6,   390] loss: 1.283
[6,   400] loss: 1.281
VALIDATION loss: 1.240152359008789
[7,    10] loss: 1.306
[7,    20] loss: 1.302
[7,    30] loss: 1.302
[7,    40] loss: 1.346
[7,    50] loss: 1.219
[7,    60] loss: 1.314
[7,    70] loss: 1.393
[7,    80] loss: 1.249
[7,    90] loss: 1.296
[7,   100] loss: 1.254
[7,   110] loss: 1.279
[7,   120] loss: 1.285
[7,   130] loss: 1.266
[7,   140] loss: 1.272
[7,   150] loss: 1.276
[7,   160] loss: 1.289
[7,   170] loss: 1.283
[7,   180] loss: 1.218
[7,   190] loss: 1.217
[7,   200] loss: 1.247
[7,   210] loss: 1.219
[7,   220] loss: 1.263
[7,   230] loss: 1.256
[7,   240] loss: 1.302
[7,   250] loss: 1.274
[7,   260] loss: 1.205
[7,   270] loss: 1.218
[7,   280] loss: 1.279
[7,   290] loss: 1.272
[7,   300] loss: 1.214
[7,   310] loss: 1.255
[7,   320] loss: 1.215
[7,   330] loss: 1.227
[7,   340] loss: 1.245
[7,   350] loss: 1.212
[7,   360] loss: 1.245
[7,   370] loss: 1.252
[7,   380] loss: 1.287
[7,   390] loss: 1.229
[7,   400] loss: 1.280
VALIDATION loss: 1.2196768522262573
[8,    10] loss: 1.171
[8,    20] loss: 1.230
[8,    30] loss: 1.222
[8,    40] loss: 1.202
[8,    50] loss: 1.163
[8,    60] loss: 1.236
[8,    70] loss: 1.245
[8,    80] loss: 1.180
[8,    90] loss: 1.192
[8,   100] loss: 1.280
[8,   110] loss: 1.217
[8,   120] loss: 1.237
[8,   130] loss: 1.331
[8,   140] loss: 1.260
[8,   150] loss: 1.205
[8,   160] loss: 1.258
[8,   170] loss: 1.218
[8,   180] loss: 1.210
[8,   190] loss: 1.238
[8,   200] loss: 1.268
[8,   210] loss: 1.202
[8,   220] loss: 1.220
[8,   230] loss: 1.233
[8,   240] loss: 1.205
[8,   250] loss: 1.192
[8,   260] loss: 1.227
[8,   270] loss: 1.205
[8,   280] loss: 1.209
[8,   290] loss: 1.235
[8,   300] loss: 1.206
[8,   310] loss: 1.173
[8,   320] loss: 1.203
[8,   330] loss: 1.238
[8,   340] loss: 1.197
[8,   350] loss: 1.175
[8,   360] loss: 1.225
[8,   370] loss: 1.191
[8,   380] loss: 1.175
[8,   390] loss: 1.165
[8,   400] loss: 1.219
VALIDATION loss: 1.1610902547836304
[9,    10] loss: 1.183
[9,    20] loss: 1.193
[9,    30] loss: 1.213
[9,    40] loss: 1.120
[9,    50] loss: 1.199
[9,    60] loss: 1.189
[9,    70] loss: 1.184
[9,    80] loss: 1.128
[9,    90] loss: 1.173
[9,   100] loss: 1.221
[9,   110] loss: 1.151
[9,   120] loss: 1.207
[9,   130] loss: 1.180
[9,   140] loss: 1.223
[9,   150] loss: 1.152
[9,   160] loss: 1.183
[9,   170] loss: 1.206
[9,   180] loss: 1.176
[9,   190] loss: 1.199
[9,   200] loss: 1.196
[9,   210] loss: 1.173
[9,   220] loss: 1.138
[9,   230] loss: 1.160
[9,   240] loss: 1.170
[9,   250] loss: 1.231
[9,   260] loss: 1.172
[9,   270] loss: 1.134
[9,   280] loss: 1.205
[9,   290] loss: 1.117
[9,   300] loss: 1.167
[9,   310] loss: 1.136
[9,   320] loss: 1.131
[9,   330] loss: 1.159
[9,   340] loss: 1.179
[9,   350] loss: 1.190
[9,   360] loss: 1.143
[9,   370] loss: 1.217
[9,   380] loss: 1.187
[9,   390] loss: 1.177
[9,   400] loss: 1.171
VALIDATION loss: 1.1269326210021973
[10,    10] loss: 1.142
[10,    20] loss: 1.123
[10,    30] loss: 1.201
[10,    40] loss: 1.159
[10,    50] loss: 1.160
[10,    60] loss: 1.177
[10,    70] loss: 1.121
[10,    80] loss: 1.183
[10,    90] loss: 1.141
[10,   100] loss: 1.204
[10,   110] loss: 1.157
[10,   120] loss: 1.125
[10,   130] loss: 1.099
[10,   140] loss: 1.191
[10,   150] loss: 1.177
[10,   160] loss: 1.204
[10,   170] loss: 1.142
[10,   180] loss: 1.152
[10,   190] loss: 1.108
[10,   200] loss: 1.139
[10,   210] loss: 1.170
[10,   220] loss: 1.098
[10,   230] loss: 1.079
[10,   240] loss: 1.125
[10,   250] loss: 1.109
[10,   260] loss: 1.142
[10,   270] loss: 1.108
[10,   280] loss: 1.058
[10,   290] loss: 1.128
[10,   300] loss: 1.137
[10,   310] loss: 1.109
[10,   320] loss: 1.191
[10,   330] loss: 1.137
[10,   340] loss: 1.143
[10,   350] loss: 1.134
[10,   360] loss: 1.133
[10,   370] loss: 1.116
[10,   380] loss: 1.101
[10,   390] loss: 1.102
[10,   400] loss: 1.043
VALIDATION loss: 1.0660195350646973
[11,    10] loss: 1.086
[11,    20] loss: 1.124
[11,    30] loss: 1.159
[11,    40] loss: 1.057
[11,    50] loss: 1.104
[11,    60] loss: 1.071
[11,    70] loss: 1.105
[11,    80] loss: 1.130
[11,    90] loss: 1.158
[11,   100] loss: 1.091
[11,   110] loss: 1.165
[11,   120] loss: 1.095
[11,   130] loss: 1.129
[11,   140] loss: 1.061
[11,   150] loss: 1.066
[11,   160] loss: 1.096
[11,   170] loss: 1.057
[11,   180] loss: 1.093
[11,   190] loss: 1.114
[11,   200] loss: 1.128
[11,   210] loss: 1.086
[11,   220] loss: 1.105
[11,   230] loss: 1.127
[11,   240] loss: 1.035
[11,   250] loss: 1.045
[11,   260] loss: 1.171
[11,   270] loss: 1.134
[11,   280] loss: 1.049
[11,   290] loss: 1.112
[11,   300] loss: 1.087
[11,   310] loss: 1.068
[11,   320] loss: 1.115
[11,   330] loss: 1.047
[11,   340] loss: 1.177
[11,   350] loss: 1.160
[11,   360] loss: 1.059
[11,   370] loss: 1.090
[11,   380] loss: 1.099
[11,   390] loss: 1.029
[11,   400] loss: 1.078
VALIDATION loss: 1.078474760055542
[12,    10] loss: 1.133
[12,    20] loss: 1.084
[12,    30] loss: 1.091
[12,    40] loss: 1.107
[12,    50] loss: 1.097
[12,    60] loss: 1.072
[12,    70] loss: 1.073
[12,    80] loss: 1.001
[12,    90] loss: 1.078
[12,   100] loss: 1.059
[12,   110] loss: 1.043
[12,   120] loss: 1.094
[12,   130] loss: 1.003
[12,   140] loss: 1.030
[12,   150] loss: 1.098
[12,   160] loss: 0.995
[12,   170] loss: 1.086
[12,   180] loss: 1.082
[12,   190] loss: 1.100
[12,   200] loss: 1.081
[12,   210] loss: 1.128
[12,   220] loss: 1.065
[12,   230] loss: 1.051
[12,   240] loss: 1.013
[12,   250] loss: 1.120
[12,   260] loss: 1.037
[12,   270] loss: 1.095
[12,   280] loss: 1.074
[12,   290] loss: 1.017
[12,   300] loss: 1.050
[12,   310] loss: 1.109
[12,   320] loss: 1.011
[12,   330] loss: 1.029
[12,   340] loss: 1.028
[12,   350] loss: 1.011
[12,   360] loss: 1.017
[12,   370] loss: 1.089
[12,   380] loss: 0.998
[12,   390] loss: 1.000
[12,   400] loss: 1.038
VALIDATION loss: 1.1092361211776733
[13,    10] loss: 1.045
[13,    20] loss: 1.035
[13,    30] loss: 1.018
[13,    40] loss: 1.115
[13,    50] loss: 0.987
[13,    60] loss: 1.050
[13,    70] loss: 1.073
[13,    80] loss: 1.003
[13,    90] loss: 1.076
[13,   100] loss: 0.941
[13,   110] loss: 1.035
[13,   120] loss: 1.026
[13,   130] loss: 1.063
[13,   140] loss: 1.009
[13,   150] loss: 0.994
[13,   160] loss: 1.050
[13,   170] loss: 0.950
[13,   180] loss: 1.028
[13,   190] loss: 1.059
[13,   200] loss: 0.996
[13,   210] loss: 1.060
[13,   220] loss: 0.964
[13,   230] loss: 1.025
[13,   240] loss: 1.060
[13,   250] loss: 1.020
[13,   260] loss: 0.972
[13,   270] loss: 0.947
[13,   280] loss: 1.034
[13,   290] loss: 0.970
[13,   300] loss: 1.023
[13,   310] loss: 1.047
[13,   320] loss: 1.013
[13,   330] loss: 1.003
[13,   340] loss: 1.064
[13,   350] loss: 1.000
[13,   360] loss: 1.029
[13,   370] loss: 1.047
[13,   380] loss: 1.033
[13,   390] loss: 0.973
[13,   400] loss: 1.011
VALIDATION loss: 1.1413060426712036
[14,    10] loss: 1.027
[14,    20] loss: 1.012
[14,    30] loss: 0.983
[14,    40] loss: 0.988
[14,    50] loss: 0.989
[14,    60] loss: 1.000
[14,    70] loss: 1.049
[14,    80] loss: 0.981
[14,    90] loss: 0.956
[14,   100] loss: 1.062
[14,   110] loss: 0.965
[14,   120] loss: 0.965
[14,   130] loss: 1.025
[14,   140] loss: 0.970
[14,   150] loss: 0.930
[14,   160] loss: 0.998
[14,   170] loss: 0.987
[14,   180] loss: 0.979
[14,   190] loss: 0.944
[14,   200] loss: 1.001
[14,   210] loss: 0.973
[14,   220] loss: 1.058
[14,   230] loss: 0.979
[14,   240] loss: 1.027
[14,   250] loss: 0.965
[14,   260] loss: 0.939
[14,   270] loss: 0.950
[14,   280] loss: 0.976
[14,   290] loss: 0.977
[14,   300] loss: 0.983
[14,   310] loss: 0.984
[14,   320] loss: 0.956
[14,   330] loss: 1.034
[14,   340] loss: 0.941
[14,   350] loss: 0.982
[14,   360] loss: 0.926
[14,   370] loss: 0.988
[14,   380] loss: 0.948
[14,   390] loss: 0.974
[14,   400] loss: 0.979
VALIDATION loss: 0.9400146007537842
[15,    10] loss: 0.967
[15,    20] loss: 0.989
[15,    30] loss: 1.035
[15,    40] loss: 0.937
[15,    50] loss: 0.977
[15,    60] loss: 0.990
[15,    70] loss: 0.963
[15,    80] loss: 0.910
[15,    90] loss: 0.909
[15,   100] loss: 0.924
[15,   110] loss: 0.959
[15,   120] loss: 1.005
[15,   130] loss: 0.910
[15,   140] loss: 0.926
[15,   150] loss: 1.062
[15,   160] loss: 0.961
[15,   170] loss: 0.905
[15,   180] loss: 0.976
[15,   190] loss: 0.959
[15,   200] loss: 0.994
[15,   210] loss: 0.965
[15,   220] loss: 0.991
[15,   230] loss: 0.908
[15,   240] loss: 0.940
[15,   250] loss: 0.928
[15,   260] loss: 0.904
[15,   270] loss: 0.920
[15,   280] loss: 0.927
[15,   290] loss: 0.941
[15,   300] loss: 1.031
[15,   310] loss: 0.966
[15,   320] loss: 0.933
[15,   330] loss: 0.932
[15,   340] loss: 0.918
[15,   350] loss: 0.915
[15,   360] loss: 0.925
[15,   370] loss: 0.929
[15,   380] loss: 0.860
[15,   390] loss: 0.993
[15,   400] loss: 0.925
VALIDATION loss: 1.013625979423523
[16,    10] loss: 0.908
[16,    20] loss: 0.881
[16,    30] loss: 0.916
[16,    40] loss: 0.953
[16,    50] loss: 0.925
[16,    60] loss: 0.905
[16,    70] loss: 0.955
[16,    80] loss: 0.952
[16,    90] loss: 0.933
[16,   100] loss: 0.955
[16,   110] loss: 0.922
[16,   120] loss: 0.933
[16,   130] loss: 0.932
[16,   140] loss: 0.952
[16,   150] loss: 0.943
[16,   160] loss: 0.912
[16,   170] loss: 0.931
[16,   180] loss: 0.948
[16,   190] loss: 0.927
[16,   200] loss: 0.929
[16,   210] loss: 0.862
[16,   220] loss: 0.922
[16,   230] loss: 0.947
[16,   240] loss: 0.894
[16,   250] loss: 0.849
[16,   260] loss: 0.898
[16,   270] loss: 0.872
[16,   280] loss: 0.927
[16,   290] loss: 0.940
[16,   300] loss: 0.971
[16,   310] loss: 0.882
[16,   320] loss: 0.870
[16,   330] loss: 0.879
[16,   340] loss: 0.930
[16,   350] loss: 0.904
[16,   360] loss: 0.937
[16,   370] loss: 0.982
[16,   380] loss: 0.920
[16,   390] loss: 0.964
[16,   400] loss: 0.904
VALIDATION loss: 0.9315183758735657
[17,    10] loss: 0.911
[17,    20] loss: 0.863
[17,    30] loss: 0.881
[17,    40] loss: 0.908
[17,    50] loss: 0.864
[17,    60] loss: 0.873
[17,    70] loss: 0.946
[17,    80] loss: 0.851
[17,    90] loss: 0.855
[17,   100] loss: 0.853
[17,   110] loss: 0.902
[17,   120] loss: 0.909
[17,   130] loss: 0.910
[17,   140] loss: 0.934
[17,   150] loss: 0.857
[17,   160] loss: 0.882
[17,   170] loss: 0.883
[17,   180] loss: 0.845
[17,   190] loss: 0.914
[17,   200] loss: 0.885
[17,   210] loss: 0.875
[17,   220] loss: 0.887
[17,   230] loss: 0.898
[17,   240] loss: 0.912
[17,   250] loss: 0.875
[17,   260] loss: 0.902
[17,   270] loss: 0.933
[17,   280] loss: 0.922
[17,   290] loss: 0.880
[17,   300] loss: 0.880
[17,   310] loss: 0.914
[17,   320] loss: 0.848
[17,   330] loss: 0.843
[17,   340] loss: 0.851
[17,   350] loss: 0.885
[17,   360] loss: 0.827
[17,   370] loss: 0.930
[17,   380] loss: 0.927
[17,   390] loss: 0.904
[17,   400] loss: 0.889
VALIDATION loss: 0.8460713028907776
[18,    10] loss: 0.812
[18,    20] loss: 0.817
[18,    30] loss: 0.923
[18,    40] loss: 0.847
[18,    50] loss: 0.869
[18,    60] loss: 0.897
[18,    70] loss: 0.837
[18,    80] loss: 0.938
[18,    90] loss: 0.842
[18,   100] loss: 0.815
[18,   110] loss: 0.884
[18,   120] loss: 0.890
[18,   130] loss: 0.878
[18,   140] loss: 0.894
[18,   150] loss: 0.902
[18,   160] loss: 0.909
[18,   170] loss: 0.826
[18,   180] loss: 0.937
[18,   190] loss: 0.818
[18,   200] loss: 0.814
[18,   210] loss: 0.891
[18,   220] loss: 0.836
[18,   230] loss: 0.841
[18,   240] loss: 0.838
[18,   250] loss: 0.871
[18,   260] loss: 0.843
[18,   270] loss: 0.864
[18,   280] loss: 0.853
[18,   290] loss: 0.799
[18,   300] loss: 0.847
[18,   310] loss: 0.903
[18,   320] loss: 0.835
[18,   330] loss: 0.858
[18,   340] loss: 0.845
[18,   350] loss: 0.872
[18,   360] loss: 0.808
[18,   370] loss: 0.844
[18,   380] loss: 0.826
[18,   390] loss: 0.840
[18,   400] loss: 0.807
VALIDATION loss: 0.9086381196975708
[19,    10] loss: 0.849
[19,    20] loss: 0.850
[19,    30] loss: 0.847
[19,    40] loss: 0.842
[19,    50] loss: 0.834
[19,    60] loss: 0.791
[19,    70] loss: 0.832
[19,    80] loss: 0.823
[19,    90] loss: 0.839
[19,   100] loss: 0.821
[19,   110] loss: 0.855
[19,   120] loss: 0.864
[19,   130] loss: 0.895
[19,   140] loss: 0.780
[19,   150] loss: 0.835
[19,   160] loss: 0.946
[19,   170] loss: 0.867
[19,   180] loss: 0.785
[19,   190] loss: 0.844
[19,   200] loss: 0.871
[19,   210] loss: 0.854
[19,   220] loss: 0.852
[19,   230] loss: 0.844
[19,   240] loss: 0.848
[19,   250] loss: 0.834
[19,   260] loss: 0.810
[19,   270] loss: 0.866
[19,   280] loss: 0.839
[19,   290] loss: 0.827
[19,   300] loss: 0.823
[19,   310] loss: 0.811
[19,   320] loss: 0.786
[19,   330] loss: 0.768
[19,   340] loss: 0.795
[19,   350] loss: 0.769
[19,   360] loss: 0.764
[19,   370] loss: 0.788
[19,   380] loss: 0.819
[19,   390] loss: 0.845
[19,   400] loss: 0.815
VALIDATION loss: 1.0939984321594238
[20,    10] loss: 0.810
[20,    20] loss: 0.833
[20,    30] loss: 0.851
[20,    40] loss: 0.783
[20,    50] loss: 0.854
[20,    60] loss: 0.816
[20,    70] loss: 0.807
[20,    80] loss: 0.816
[20,    90] loss: 0.795
[20,   100] loss: 0.857
[20,   110] loss: 0.809
[20,   120] loss: 0.753
[20,   130] loss: 0.816
[20,   140] loss: 0.823
[20,   150] loss: 0.758
[20,   160] loss: 0.812
[20,   170] loss: 0.784
[20,   180] loss: 0.832
[20,   190] loss: 0.851
[20,   200] loss: 0.818
[20,   210] loss: 0.879
[20,   220] loss: 0.821
[20,   230] loss: 0.803
[20,   240] loss: 0.793
[20,   250] loss: 0.724
[20,   260] loss: 0.810
[20,   270] loss: 0.853
[20,   280] loss: 0.758
[20,   290] loss: 0.908
[20,   300] loss: 0.774
[20,   310] loss: 0.825
[20,   320] loss: 0.791
[20,   330] loss: 0.786
[20,   340] loss: 0.831
[20,   350] loss: 0.856
[20,   360] loss: 0.850
[20,   370] loss: 0.833
[20,   380] loss: 0.763
[20,   390] loss: 0.740
[20,   400] loss: 0.814
VALIDATION loss: 0.7780085802078247
[21,    10] loss: 0.741
[21,    20] loss: 0.757
[21,    30] loss: 0.695
[21,    40] loss: 0.756
[21,    50] loss: 0.795
[21,    60] loss: 0.887
[21,    70] loss: 0.795
[21,    80] loss: 0.736
[21,    90] loss: 0.835
[21,   100] loss: 0.764
[21,   110] loss: 0.768
[21,   120] loss: 0.758
[21,   130] loss: 0.791
[21,   140] loss: 0.813
[21,   150] loss: 0.737
[21,   160] loss: 0.786
[21,   170] loss: 0.816
[21,   180] loss: 0.764
[21,   190] loss: 0.848
[21,   200] loss: 0.785
[21,   210] loss: 0.806
[21,   220] loss: 0.817
[21,   230] loss: 0.783
[21,   240] loss: 0.750
[21,   250] loss: 0.782
[21,   260] loss: 0.766
[21,   270] loss: 0.776
[21,   280] loss: 0.801
[21,   290] loss: 0.760
[21,   300] loss: 0.792
[21,   310] loss: 0.759
[21,   320] loss: 0.755
[21,   330] loss: 0.784
[21,   340] loss: 0.790
[21,   350] loss: 0.811
[21,   360] loss: 0.782
[21,   370] loss: 0.771
[21,   380] loss: 0.784
[21,   390] loss: 0.871
[21,   400] loss: 0.728
VALIDATION loss: 0.8589657545089722
[22,    10] loss: 0.759
[22,    20] loss: 0.782
[22,    30] loss: 0.760
[22,    40] loss: 0.771
[22,    50] loss: 0.749
[22,    60] loss: 0.777
[22,    70] loss: 0.734
[22,    80] loss: 0.767
[22,    90] loss: 0.756
[22,   100] loss: 0.799
[22,   110] loss: 0.757
[22,   120] loss: 0.768
[22,   130] loss: 0.800
[22,   140] loss: 0.775
[22,   150] loss: 0.795
[22,   160] loss: 0.733
[22,   170] loss: 0.771
[22,   180] loss: 0.756
[22,   190] loss: 0.841
[22,   200] loss: 0.740
[22,   210] loss: 0.739
[22,   220] loss: 0.760
[22,   230] loss: 0.764
[22,   240] loss: 0.808
[22,   250] loss: 0.799
[22,   260] loss: 0.783
[22,   270] loss: 0.754
[22,   280] loss: 0.770
[22,   290] loss: 0.735
[22,   300] loss: 0.767
[22,   310] loss: 0.796
[22,   320] loss: 0.795
[22,   330] loss: 0.776
[22,   340] loss: 0.823
[22,   350] loss: 0.700
[22,   360] loss: 0.738
[22,   370] loss: 0.737
[22,   380] loss: 0.766
[22,   390] loss: 0.738
[22,   400] loss: 0.730
VALIDATION loss: 0.7420729398727417
[23,    10] loss: 0.689
[23,    20] loss: 0.799
[23,    30] loss: 0.729
[23,    40] loss: 0.783
[23,    50] loss: 0.718
[23,    60] loss: 0.738
[23,    70] loss: 0.766
[23,    80] loss: 0.777
[23,    90] loss: 0.799
[23,   100] loss: 0.796
[23,   110] loss: 0.715
[23,   120] loss: 0.789
[23,   130] loss: 0.810
[23,   140] loss: 0.765
[23,   150] loss: 0.742
[23,   160] loss: 0.773
[23,   170] loss: 0.752
[23,   180] loss: 0.748
[23,   190] loss: 0.792
[23,   200] loss: 0.779
[23,   210] loss: 0.736
[23,   220] loss: 0.719
[23,   230] loss: 0.741
[23,   240] loss: 0.670
[23,   250] loss: 0.757
[23,   260] loss: 0.705
[23,   270] loss: 0.775
[23,   280] loss: 0.745
[23,   290] loss: 0.756
[23,   300] loss: 0.758
[23,   310] loss: 0.725
[23,   320] loss: 0.725
[23,   330] loss: 0.730
[23,   340] loss: 0.756
[23,   350] loss: 0.760
[23,   360] loss: 0.738
[23,   370] loss: 0.683
[23,   380] loss: 0.785
[23,   390] loss: 0.742
[23,   400] loss: 0.742
VALIDATION loss: 0.6931545734405518
[24,    10] loss: 0.822
[24,    20] loss: 0.736
[24,    30] loss: 0.708
[24,    40] loss: 0.708
[24,    50] loss: 0.730
[24,    60] loss: 0.720
[24,    70] loss: 0.710
[24,    80] loss: 0.750
[24,    90] loss: 0.745
[24,   100] loss: 0.724
[24,   110] loss: 0.664
[24,   120] loss: 0.671
[24,   130] loss: 0.730
[24,   140] loss: 0.725
[24,   150] loss: 0.727
[24,   160] loss: 0.800
[24,   170] loss: 0.778
[24,   180] loss: 0.715
[24,   190] loss: 0.772
[24,   200] loss: 0.711
[24,   210] loss: 0.730
[24,   220] loss: 0.737
[24,   230] loss: 0.766
[24,   240] loss: 0.731
[24,   250] loss: 0.687
[24,   260] loss: 0.775
[24,   270] loss: 0.754
[24,   280] loss: 0.716
[24,   290] loss: 0.727
[24,   300] loss: 0.700
[24,   310] loss: 0.764
[24,   320] loss: 0.732
[24,   330] loss: 0.715
[24,   340] loss: 0.685
[24,   350] loss: 0.724
[24,   360] loss: 0.705
[24,   370] loss: 0.662
[24,   380] loss: 0.767
[24,   390] loss: 0.711
[24,   400] loss: 0.725
VALIDATION loss: 0.7848055362701416
[25,    10] loss: 0.717
[25,    20] loss: 0.680
[25,    30] loss: 0.748
[25,    40] loss: 0.768
[25,    50] loss: 0.742
[25,    60] loss: 0.712
[25,    70] loss: 0.800
[25,    80] loss: 0.736
[25,    90] loss: 0.705
[25,   100] loss: 0.743
[25,   110] loss: 0.706
[25,   120] loss: 0.713
[25,   130] loss: 0.709
[25,   140] loss: 0.687
[25,   150] loss: 0.653
[25,   160] loss: 0.675
[25,   170] loss: 0.696
[25,   180] loss: 0.713
[25,   190] loss: 0.679
[25,   200] loss: 0.733
[25,   210] loss: 0.708
[25,   220] loss: 0.716
[25,   230] loss: 0.759
[25,   240] loss: 0.677
[25,   250] loss: 0.693
[25,   260] loss: 0.740
[25,   270] loss: 0.682
[25,   280] loss: 0.715
[25,   290] loss: 0.744
[25,   300] loss: 0.750
[25,   310] loss: 0.684
[25,   320] loss: 0.731
[25,   330] loss: 0.712
[25,   340] loss: 0.701
[25,   350] loss: 0.679
[25,   360] loss: 0.706
[25,   370] loss: 0.698
[25,   380] loss: 0.719
[25,   390] loss: 0.673
[25,   400] loss: 0.736
VALIDATION loss: 0.7137179970741272
[26,    10] loss: 0.728
[26,    20] loss: 0.742
[26,    30] loss: 0.676
[26,    40] loss: 0.658
[26,    50] loss: 0.735
[26,    60] loss: 0.751
[26,    70] loss: 0.686
[26,    80] loss: 0.722
[26,    90] loss: 0.716
[26,   100] loss: 0.756
[26,   110] loss: 0.713
[26,   120] loss: 0.664
[26,   130] loss: 0.666
[26,   140] loss: 0.701
[26,   150] loss: 0.708
[26,   160] loss: 0.697
[26,   170] loss: 0.680
[26,   180] loss: 0.724
[26,   190] loss: 0.678
[26,   200] loss: 0.685
[26,   210] loss: 0.663
[26,   220] loss: 0.677
[26,   230] loss: 0.690
[26,   240] loss: 0.654
[26,   250] loss: 0.719
[26,   260] loss: 0.701
[26,   270] loss: 0.644
[26,   280] loss: 0.716
[26,   290] loss: 0.676
[26,   300] loss: 0.723
[26,   310] loss: 0.678
[26,   320] loss: 0.688
[26,   330] loss: 0.707
[26,   340] loss: 0.676
[26,   350] loss: 0.680
[26,   360] loss: 0.673
[26,   370] loss: 0.670
[26,   380] loss: 0.705
[26,   390] loss: 0.689
[26,   400] loss: 0.707
VALIDATION loss: 0.6514846086502075
[27,    10] loss: 0.656
[27,    20] loss: 0.643
[27,    30] loss: 0.653
[27,    40] loss: 0.681
[27,    50] loss: 0.726
[27,    60] loss: 0.641
[27,    70] loss: 0.653
[27,    80] loss: 0.738
[27,    90] loss: 0.660
[27,   100] loss: 0.686
[27,   110] loss: 0.666
[27,   120] loss: 0.645
[27,   130] loss: 0.707
[27,   140] loss: 0.659
[27,   150] loss: 0.748
[27,   160] loss: 0.692
[27,   170] loss: 0.740
[27,   180] loss: 0.656
[27,   190] loss: 0.720
[27,   200] loss: 0.714
[27,   210] loss: 0.642
[27,   220] loss: 0.626
[27,   230] loss: 0.639
[27,   240] loss: 0.749
[27,   250] loss: 0.651
[27,   260] loss: 0.684
[27,   270] loss: 0.694
[27,   280] loss: 0.670
[27,   290] loss: 0.738
[27,   300] loss: 0.665
[27,   310] loss: 0.620
[27,   320] loss: 0.678
[27,   330] loss: 0.708
[27,   340] loss: 0.645
[27,   350] loss: 0.685
[27,   360] loss: 0.701
[27,   370] loss: 0.697
[27,   380] loss: 0.705
[27,   390] loss: 0.683
[27,   400] loss: 0.656
VALIDATION loss: 0.6253340244293213
[28,    10] loss: 0.677
[28,    20] loss: 0.739
[28,    30] loss: 0.672
[28,    40] loss: 0.685
[28,    50] loss: 0.624
[28,    60] loss: 0.670
[28,    70] loss: 0.699
[28,    80] loss: 0.629
[28,    90] loss: 0.676
[28,   100] loss: 0.621
[28,   110] loss: 0.604
[28,   120] loss: 0.675
[28,   130] loss: 0.615
[28,   140] loss: 0.695
[28,   150] loss: 0.689
[28,   160] loss: 0.680
[28,   170] loss: 0.700
[28,   180] loss: 0.674
[28,   190] loss: 0.672
[28,   200] loss: 0.623
[28,   210] loss: 0.664
[28,   220] loss: 0.702
[28,   230] loss: 0.680
[28,   240] loss: 0.634
[28,   250] loss: 0.687
[28,   260] loss: 0.706
[28,   270] loss: 0.595
[28,   280] loss: 0.677
[28,   290] loss: 0.671
[28,   300] loss: 0.683
[28,   310] loss: 0.653
[28,   320] loss: 0.647
[28,   330] loss: 0.686
[28,   340] loss: 0.655
[28,   350] loss: 0.693
[28,   360] loss: 0.642
[28,   370] loss: 0.700
[28,   380] loss: 0.607
[28,   390] loss: 0.659
[28,   400] loss: 0.625
VALIDATION loss: 0.6176197528839111
[29,    10] loss: 0.681
[29,    20] loss: 0.712
[29,    30] loss: 0.632
[29,    40] loss: 0.683
[29,    50] loss: 0.674
[29,    60] loss: 0.621
[29,    70] loss: 0.666
[29,    80] loss: 0.631
[29,    90] loss: 0.645
[29,   100] loss: 0.652
[29,   110] loss: 0.701
[29,   120] loss: 0.650
[29,   130] loss: 0.624
[29,   140] loss: 0.632
[29,   150] loss: 0.705
[29,   160] loss: 0.663
[29,   170] loss: 0.646
[29,   180] loss: 0.636
[29,   190] loss: 0.658
[29,   200] loss: 0.716
[29,   210] loss: 0.669
[29,   220] loss: 0.639
[29,   230] loss: 0.644
[29,   240] loss: 0.665
[29,   250] loss: 0.638
[29,   260] loss: 0.654
[29,   270] loss: 0.692
[29,   280] loss: 0.651
[29,   290] loss: 0.676
[29,   300] loss: 0.578
[29,   310] loss: 0.602
[29,   320] loss: 0.664
[29,   330] loss: 0.675
[29,   340] loss: 0.624
[29,   350] loss: 0.611
[29,   360] loss: 0.597
[29,   370] loss: 0.693
[29,   380] loss: 0.616
[29,   390] loss: 0.572
[29,   400] loss: 0.713
VALIDATION loss: 0.7273399233818054
[30,    10] loss: 0.632
[30,    20] loss: 0.673
[30,    30] loss: 0.650
[30,    40] loss: 0.654
[30,    50] loss: 0.615
[30,    60] loss: 0.638
[30,    70] loss: 0.681
[30,    80] loss: 0.618
[30,    90] loss: 0.626
[30,   100] loss: 0.645
[30,   110] loss: 0.647
[30,   120] loss: 0.598
[30,   130] loss: 0.659
[30,   140] loss: 0.686
[30,   150] loss: 0.647
[30,   160] loss: 0.664
[30,   170] loss: 0.607
[30,   180] loss: 0.585
[30,   190] loss: 0.647
[30,   200] loss: 0.641
[30,   210] loss: 0.687
[30,   220] loss: 0.702
[30,   230] loss: 0.628
[30,   240] loss: 0.687
[30,   250] loss: 0.706
[30,   260] loss: 0.617
[30,   270] loss: 0.694
[30,   280] loss: 0.602
[30,   290] loss: 0.650
[30,   300] loss: 0.596
[30,   310] loss: 0.558
[30,   320] loss: 0.638
[30,   330] loss: 0.620
[30,   340] loss: 0.618
[30,   350] loss: 0.603
[30,   360] loss: 0.637
[30,   370] loss: 0.679
[30,   380] loss: 0.633
[30,   390] loss: 0.619
[30,   400] loss: 0.627
VALIDATION loss: 0.651809811592102
[31,    10] loss: 0.639
[31,    20] loss: 0.731
[31,    30] loss: 0.658
[31,    40] loss: 0.593
[31,    50] loss: 0.608
[31,    60] loss: 0.639
[31,    70] loss: 0.600
[31,    80] loss: 0.599
[31,    90] loss: 0.628
[31,   100] loss: 0.517
[31,   110] loss: 0.626
[31,   120] loss: 0.652
[31,   130] loss: 0.595
[31,   140] loss: 0.603
[31,   150] loss: 0.605
[31,   160] loss: 0.589
[31,   170] loss: 0.687
[31,   180] loss: 0.658
[31,   190] loss: 0.655
[31,   200] loss: 0.612
[31,   210] loss: 0.639
[31,   220] loss: 0.622
[31,   230] loss: 0.616
[31,   240] loss: 0.726
[31,   250] loss: 0.666
[31,   260] loss: 0.634
[31,   270] loss: 0.674
[31,   280] loss: 0.612
[31,   290] loss: 0.634
[31,   300] loss: 0.661
[31,   310] loss: 0.595
[31,   320] loss: 0.600
[31,   330] loss: 0.616
[31,   340] loss: 0.682
[31,   350] loss: 0.655
[31,   360] loss: 0.603
[31,   370] loss: 0.624
[31,   380] loss: 0.569
[31,   390] loss: 0.607
[31,   400] loss: 0.546
VALIDATION loss: 0.589542806148529
[32,    10] loss: 0.625
[32,    20] loss: 0.658
[32,    30] loss: 0.620
[32,    40] loss: 0.625
[32,    50] loss: 0.579
[32,    60] loss: 0.660
[32,    70] loss: 0.609
[32,    80] loss: 0.673
[32,    90] loss: 0.599
[32,   100] loss: 0.592
[32,   110] loss: 0.574
[32,   120] loss: 0.559
[32,   130] loss: 0.630
[32,   140] loss: 0.557
[32,   150] loss: 0.609
[32,   160] loss: 0.619
[32,   170] loss: 0.616
[32,   180] loss: 0.560
[32,   190] loss: 0.625
[32,   200] loss: 0.575
[32,   210] loss: 0.634
[32,   220] loss: 0.664
[32,   230] loss: 0.639
[32,   240] loss: 0.632
[32,   250] loss: 0.596
[32,   260] loss: 0.598
[32,   270] loss: 0.644
[32,   280] loss: 0.618
[32,   290] loss: 0.619
[32,   300] loss: 0.672
[32,   310] loss: 0.568
[32,   320] loss: 0.591
[32,   330] loss: 0.596
[32,   340] loss: 0.595
[32,   350] loss: 0.587
[32,   360] loss: 0.627
[32,   370] loss: 0.587
[32,   380] loss: 0.623
[32,   390] loss: 0.588
[32,   400] loss: 0.622
VALIDATION loss: 0.5673495531082153
[33,    10] loss: 0.642
[33,    20] loss: 0.570
[33,    30] loss: 0.605
[33,    40] loss: 0.693
[33,    50] loss: 0.634
[33,    60] loss: 0.583
[33,    70] loss: 0.559
[33,    80] loss: 0.544
[33,    90] loss: 0.629
[33,   100] loss: 0.527
[33,   110] loss: 0.646
[33,   120] loss: 0.624
[33,   130] loss: 0.602
[33,   140] loss: 0.586
[33,   150] loss: 0.646
[33,   160] loss: 0.636
[33,   170] loss: 0.552
[33,   180] loss: 0.571
[33,   190] loss: 0.638
[33,   200] loss: 0.661
[33,   210] loss: 0.625
[33,   220] loss: 0.611
[33,   230] loss: 0.636
[33,   240] loss: 0.595
[33,   250] loss: 0.630
[33,   260] loss: 0.609
[33,   270] loss: 0.587
[33,   280] loss: 0.592
[33,   290] loss: 0.556
[33,   300] loss: 0.579
[33,   310] loss: 0.581
[33,   320] loss: 0.588
[33,   330] loss: 0.568
[33,   340] loss: 0.593
[33,   350] loss: 0.678
[33,   360] loss: 0.515
[33,   370] loss: 0.544
[33,   380] loss: 0.620
[33,   390] loss: 0.602
[33,   400] loss: 0.616
VALIDATION loss: 0.5906341075897217
[34,    10] loss: 0.617
[34,    20] loss: 0.593
[34,    30] loss: 0.545
[34,    40] loss: 0.624
[34,    50] loss: 0.570
[34,    60] loss: 0.639
[34,    70] loss: 0.568
[34,    80] loss: 0.601
[34,    90] loss: 0.552
[34,   100] loss: 0.623
[34,   110] loss: 0.661
[34,   120] loss: 0.628
[34,   130] loss: 0.545
[34,   140] loss: 0.601
[34,   150] loss: 0.583
[34,   160] loss: 0.561
[34,   170] loss: 0.560
[34,   180] loss: 0.576
[34,   190] loss: 0.597
[34,   200] loss: 0.553
[34,   210] loss: 0.683
[34,   220] loss: 0.553
[34,   230] loss: 0.598
[34,   240] loss: 0.573
[34,   250] loss: 0.617
[34,   260] loss: 0.624
[34,   270] loss: 0.605
[34,   280] loss: 0.569
[34,   290] loss: 0.579
[34,   300] loss: 0.566
[34,   310] loss: 0.632
[34,   320] loss: 0.633
[34,   330] loss: 0.588
[34,   340] loss: 0.575
[34,   350] loss: 0.571
[34,   360] loss: 0.601
[34,   370] loss: 0.623
[34,   380] loss: 0.611
[34,   390] loss: 0.578
[34,   400] loss: 0.583
VALIDATION loss: 0.5887562036514282
[35,    10] loss: 0.584
[35,    20] loss: 0.555
[35,    30] loss: 0.564
[35,    40] loss: 0.595
[35,    50] loss: 0.512
[35,    60] loss: 0.598
[35,    70] loss: 0.601
[35,    80] loss: 0.577
[35,    90] loss: 0.578
[35,   100] loss: 0.566
[35,   110] loss: 0.526
[35,   120] loss: 0.572
[35,   130] loss: 0.613
[35,   140] loss: 0.598
[35,   150] loss: 0.576
[35,   160] loss: 0.587
[35,   170] loss: 0.608
[35,   180] loss: 0.589
[35,   190] loss: 0.618
[35,   200] loss: 0.586
[35,   210] loss: 0.636
[35,   220] loss: 0.535
[35,   230] loss: 0.546
[35,   240] loss: 0.607
[35,   250] loss: 0.559
[35,   260] loss: 0.593
[35,   270] loss: 0.651
[35,   280] loss: 0.574
[35,   290] loss: 0.584
[35,   300] loss: 0.577
[35,   310] loss: 0.607
[35,   320] loss: 0.543
[35,   330] loss: 0.588
[35,   340] loss: 0.563
[35,   350] loss: 0.585
[35,   360] loss: 0.638
[35,   370] loss: 0.549
[35,   380] loss: 0.602
[35,   390] loss: 0.534
[35,   400] loss: 0.606
VALIDATION loss: 0.6428820490837097
[36,    10] loss: 0.556
[36,    20] loss: 0.577
[36,    30] loss: 0.572
[36,    40] loss: 0.559
[36,    50] loss: 0.607
[36,    60] loss: 0.546
[36,    70] loss: 0.600
[36,    80] loss: 0.561
[36,    90] loss: 0.576
[36,   100] loss: 0.612
[36,   110] loss: 0.591
[36,   120] loss: 0.584
[36,   130] loss: 0.606
[36,   140] loss: 0.578
[36,   150] loss: 0.563
[36,   160] loss: 0.589
[36,   170] loss: 0.581
[36,   180] loss: 0.560
[36,   190] loss: 0.534
[36,   200] loss: 0.596
[36,   210] loss: 0.545
[36,   220] loss: 0.539
[36,   230] loss: 0.563
[36,   240] loss: 0.549
[36,   250] loss: 0.538
[36,   260] loss: 0.598
[36,   270] loss: 0.595
[36,   280] loss: 0.522
[36,   290] loss: 0.528
[36,   300] loss: 0.523
[36,   310] loss: 0.595
[36,   320] loss: 0.581
[36,   330] loss: 0.598
[36,   340] loss: 0.574
[36,   350] loss: 0.570
[36,   360] loss: 0.560
[36,   370] loss: 0.613
[36,   380] loss: 0.566
[36,   390] loss: 0.539
[36,   400] loss: 0.563
VALIDATION loss: 0.5628703236579895
[37,    10] loss: 0.557
[37,    20] loss: 0.562
[37,    30] loss: 0.566
[37,    40] loss: 0.533
[37,    50] loss: 0.561
[37,    60] loss: 0.608
[37,    70] loss: 0.564
[37,    80] loss: 0.500
[37,    90] loss: 0.581
[37,   100] loss: 0.529
[37,   110] loss: 0.629
[37,   120] loss: 0.649
[37,   130] loss: 0.611
[37,   140] loss: 0.573
[37,   150] loss: 0.585
[37,   160] loss: 0.558
[37,   170] loss: 0.519
[37,   180] loss: 0.536
[37,   190] loss: 0.572
[37,   200] loss: 0.548
[37,   210] loss: 0.530
[37,   220] loss: 0.529
[37,   230] loss: 0.572
[37,   240] loss: 0.577
[37,   250] loss: 0.555
[37,   260] loss: 0.521
[37,   270] loss: 0.544
[37,   280] loss: 0.522
[37,   290] loss: 0.547
[37,   300] loss: 0.595
[37,   310] loss: 0.527
[37,   320] loss: 0.554
[37,   330] loss: 0.578
[37,   340] loss: 0.585
[37,   350] loss: 0.530
[37,   360] loss: 0.516
[37,   370] loss: 0.605
[37,   380] loss: 0.548
[37,   390] loss: 0.587
[37,   400] loss: 0.546
VALIDATION loss: 0.5144328474998474
[38,    10] loss: 0.562
[38,    20] loss: 0.614
[38,    30] loss: 0.490
[38,    40] loss: 0.539
[38,    50] loss: 0.533
[38,    60] loss: 0.554
[38,    70] loss: 0.532
[38,    80] loss: 0.575
[38,    90] loss: 0.466
[38,   100] loss: 0.580
[38,   110] loss: 0.566
[38,   120] loss: 0.527
[38,   130] loss: 0.561
[38,   140] loss: 0.582
[38,   150] loss: 0.605
[38,   160] loss: 0.583
[38,   170] loss: 0.565
[38,   180] loss: 0.539
[38,   190] loss: 0.532
[38,   200] loss: 0.577
[38,   210] loss: 0.566
[38,   220] loss: 0.515
[38,   230] loss: 0.487
[38,   240] loss: 0.497
[38,   250] loss: 0.526
[38,   260] loss: 0.606
[38,   270] loss: 0.546
[38,   280] loss: 0.517
[38,   290] loss: 0.530
[38,   300] loss: 0.574
[38,   310] loss: 0.571
[38,   320] loss: 0.528
[38,   330] loss: 0.534
[38,   340] loss: 0.566
[38,   350] loss: 0.541
[38,   360] loss: 0.544
[38,   370] loss: 0.525
[38,   380] loss: 0.507
[38,   390] loss: 0.575
[38,   400] loss: 0.595
VALIDATION loss: 0.5644647479057312
[39,    10] loss: 0.569
[39,    20] loss: 0.573
[39,    30] loss: 0.575
[39,    40] loss: 0.549
[39,    50] loss: 0.572
[39,    60] loss: 0.532
[39,    70] loss: 0.528
[39,    80] loss: 0.543
[39,    90] loss: 0.520
[39,   100] loss: 0.565
[39,   110] loss: 0.539
[39,   120] loss: 0.509
[39,   130] loss: 0.531
[39,   140] loss: 0.521
[39,   150] loss: 0.557
[39,   160] loss: 0.535
[39,   170] loss: 0.583
[39,   180] loss: 0.508
[39,   190] loss: 0.544
[39,   200] loss: 0.535
[39,   210] loss: 0.552
[39,   220] loss: 0.554
[39,   230] loss: 0.514
[39,   240] loss: 0.500
[39,   250] loss: 0.573
[39,   260] loss: 0.455
[39,   270] loss: 0.540
[39,   280] loss: 0.544
[39,   290] loss: 0.569
[39,   300] loss: 0.567
[39,   310] loss: 0.549
[39,   320] loss: 0.571
[39,   330] loss: 0.566
[39,   340] loss: 0.578
[39,   350] loss: 0.541
[39,   360] loss: 0.575
[39,   370] loss: 0.514
[39,   380] loss: 0.557
[39,   390] loss: 0.537
[39,   400] loss: 0.500
VALIDATION loss: 0.5379554629325867
[40,    10] loss: 0.535
[40,    20] loss: 0.527
[40,    30] loss: 0.468
[40,    40] loss: 0.546
[40,    50] loss: 0.553
[40,    60] loss: 0.515
[40,    70] loss: 0.523
[40,    80] loss: 0.489
[40,    90] loss: 0.548
[40,   100] loss: 0.502
[40,   110] loss: 0.516
[40,   120] loss: 0.475
[40,   130] loss: 0.509
[40,   140] loss: 0.551
[40,   150] loss: 0.510
[40,   160] loss: 0.548
[40,   170] loss: 0.508
[40,   180] loss: 0.522
[40,   190] loss: 0.550
[40,   200] loss: 0.538
[40,   210] loss: 0.547
[40,   220] loss: 0.558
[40,   230] loss: 0.554
[40,   240] loss: 0.506
[40,   250] loss: 0.572
[40,   260] loss: 0.569
[40,   270] loss: 0.547
[40,   280] loss: 0.566
[40,   290] loss: 0.543
[40,   300] loss: 0.509
[40,   310] loss: 0.502
[40,   320] loss: 0.556
[40,   330] loss: 0.546
[40,   340] loss: 0.580
[40,   350] loss: 0.583
[40,   360] loss: 0.506
[40,   370] loss: 0.570
[40,   380] loss: 0.476
[40,   390] loss: 0.474
[40,   400] loss: 0.530
VALIDATION loss: 0.47999343276023865
[41,    10] loss: 0.497
[41,    20] loss: 0.563
[41,    30] loss: 0.535
[41,    40] loss: 0.532
[41,    50] loss: 0.586
[41,    60] loss: 0.556
[41,    70] loss: 0.554
[41,    80] loss: 0.499
[41,    90] loss: 0.510
[41,   100] loss: 0.506
[41,   110] loss: 0.528
[41,   120] loss: 0.523
[41,   130] loss: 0.465
[41,   140] loss: 0.547
[41,   150] loss: 0.509
[41,   160] loss: 0.515
[41,   170] loss: 0.533
[41,   180] loss: 0.474
[41,   190] loss: 0.480
[41,   200] loss: 0.576
[41,   210] loss: 0.503
[41,   220] loss: 0.477
[41,   230] loss: 0.545
[41,   240] loss: 0.530
[41,   250] loss: 0.537
[41,   260] loss: 0.507
[41,   270] loss: 0.503
[41,   280] loss: 0.544
[41,   290] loss: 0.543
[41,   300] loss: 0.534
[41,   310] loss: 0.487
[41,   320] loss: 0.595
[41,   330] loss: 0.582
[41,   340] loss: 0.508
[41,   350] loss: 0.474
[41,   360] loss: 0.516
[41,   370] loss: 0.507
[41,   380] loss: 0.524
[41,   390] loss: 0.498
[41,   400] loss: 0.548
VALIDATION loss: 0.5014995336532593
[42,    10] loss: 0.485
[42,    20] loss: 0.563
[42,    30] loss: 0.530
[42,    40] loss: 0.529
[42,    50] loss: 0.527
[42,    60] loss: 0.519
[42,    70] loss: 0.580
[42,    80] loss: 0.547
[42,    90] loss: 0.563
[42,   100] loss: 0.466
[42,   110] loss: 0.515
[42,   120] loss: 0.544
[42,   130] loss: 0.507
[42,   140] loss: 0.518
[42,   150] loss: 0.479
[42,   160] loss: 0.513
[42,   170] loss: 0.520
[42,   180] loss: 0.491
[42,   190] loss: 0.568
[42,   200] loss: 0.504
[42,   210] loss: 0.504
[42,   220] loss: 0.547
[42,   230] loss: 0.524
[42,   240] loss: 0.535
[42,   250] loss: 0.507
[42,   260] loss: 0.498
[42,   270] loss: 0.539
[42,   280] loss: 0.510
[42,   290] loss: 0.507
[42,   300] loss: 0.545
[42,   310] loss: 0.508
[42,   320] loss: 0.508
[42,   330] loss: 0.480
[42,   340] loss: 0.484
[42,   350] loss: 0.486
[42,   360] loss: 0.519
[42,   370] loss: 0.510
[42,   380] loss: 0.517
[42,   390] loss: 0.439
[42,   400] loss: 0.526
VALIDATION loss: 0.504123330116272
[43,    10] loss: 0.505
[43,    20] loss: 0.466
[43,    30] loss: 0.538
[43,    40] loss: 0.557
[43,    50] loss: 0.450
[43,    60] loss: 0.516
[43,    70] loss: 0.500
[43,    80] loss: 0.488
[43,    90] loss: 0.561
[43,   100] loss: 0.538
[43,   110] loss: 0.515
[43,   120] loss: 0.454
[43,   130] loss: 0.499
[43,   140] loss: 0.518
[43,   150] loss: 0.489
[43,   160] loss: 0.450
[43,   170] loss: 0.486
[43,   180] loss: 0.562
[43,   190] loss: 0.508
[43,   200] loss: 0.518
[43,   210] loss: 0.488
[43,   220] loss: 0.483
[43,   230] loss: 0.482
[43,   240] loss: 0.497
[43,   250] loss: 0.564
[43,   260] loss: 0.491
[43,   270] loss: 0.508
[43,   280] loss: 0.552
[43,   290] loss: 0.486
[43,   300] loss: 0.485
[43,   310] loss: 0.487
[43,   320] loss: 0.516
[43,   330] loss: 0.489
[43,   340] loss: 0.479
[43,   350] loss: 0.532
[43,   360] loss: 0.498
[43,   370] loss: 0.597
[43,   380] loss: 0.498
[43,   390] loss: 0.507
[43,   400] loss: 0.500
VALIDATION loss: 0.6084049940109253
[44,    10] loss: 0.503
[44,    20] loss: 0.540
[44,    30] loss: 0.529
[44,    40] loss: 0.522
[44,    50] loss: 0.497
[44,    60] loss: 0.488
[44,    70] loss: 0.485
[44,    80] loss: 0.454
[44,    90] loss: 0.505
[44,   100] loss: 0.488
[44,   110] loss: 0.492
[44,   120] loss: 0.487
[44,   130] loss: 0.495
[44,   140] loss: 0.514
[44,   150] loss: 0.533
[44,   160] loss: 0.520
[44,   170] loss: 0.443
[44,   180] loss: 0.483
[44,   190] loss: 0.539
[44,   200] loss: 0.486
[44,   210] loss: 0.458
[44,   220] loss: 0.448
[44,   230] loss: 0.503
[44,   240] loss: 0.524
[44,   250] loss: 0.518
[44,   260] loss: 0.467
[44,   270] loss: 0.496
[44,   280] loss: 0.488
[44,   290] loss: 0.481
[44,   300] loss: 0.480
[44,   310] loss: 0.536
[44,   320] loss: 0.558
[44,   330] loss: 0.511
[44,   340] loss: 0.498
[44,   350] loss: 0.473
[44,   360] loss: 0.599
[44,   370] loss: 0.511
[44,   380] loss: 0.410
[44,   390] loss: 0.495
[44,   400] loss: 0.528
VALIDATION loss: 0.5160423517227173
[45,    10] loss: 0.506
[45,    20] loss: 0.472
[45,    30] loss: 0.401
[45,    40] loss: 0.473
[45,    50] loss: 0.515
[45,    60] loss: 0.546
[45,    70] loss: 0.469
[45,    80] loss: 0.528
[45,    90] loss: 0.502
[45,   100] loss: 0.474
[45,   110] loss: 0.494
[45,   120] loss: 0.526
[45,   130] loss: 0.471
[45,   140] loss: 0.468
[45,   150] loss: 0.511
[45,   160] loss: 0.463
[45,   170] loss: 0.527
[45,   180] loss: 0.490
[45,   190] loss: 0.544
[45,   200] loss: 0.487
[45,   210] loss: 0.475
[45,   220] loss: 0.508
[45,   230] loss: 0.501
[45,   240] loss: 0.494
[45,   250] loss: 0.457
[45,   260] loss: 0.485
[45,   270] loss: 0.469
[45,   280] loss: 0.435
[45,   290] loss: 0.450
[45,   300] loss: 0.518
[45,   310] loss: 0.452
[45,   320] loss: 0.551
[45,   330] loss: 0.439
[45,   340] loss: 0.528
[45,   350] loss: 0.567
[45,   360] loss: 0.515
[45,   370] loss: 0.435
[45,   380] loss: 0.505
[45,   390] loss: 0.492
[45,   400] loss: 0.477
VALIDATION loss: 0.4557929039001465
[46,    10] loss: 0.430
[46,    20] loss: 0.519
[46,    30] loss: 0.486
[46,    40] loss: 0.463
[46,    50] loss: 0.518
[46,    60] loss: 0.487
[46,    70] loss: 0.489
[46,    80] loss: 0.456
[46,    90] loss: 0.537
[46,   100] loss: 0.491
[46,   110] loss: 0.500
[46,   120] loss: 0.450
[46,   130] loss: 0.465
[46,   140] loss: 0.488
[46,   150] loss: 0.496
[46,   160] loss: 0.478
[46,   170] loss: 0.495
[46,   180] loss: 0.450
[46,   190] loss: 0.420
[46,   200] loss: 0.527
[46,   210] loss: 0.447
[46,   220] loss: 0.457
[46,   230] loss: 0.495
[46,   240] loss: 0.473
[46,   250] loss: 0.492
[46,   260] loss: 0.481
[46,   270] loss: 0.450
[46,   280] loss: 0.501
[46,   290] loss: 0.488
[46,   300] loss: 0.466
[46,   310] loss: 0.494
[46,   320] loss: 0.494
[46,   330] loss: 0.498
[46,   340] loss: 0.458
[46,   350] loss: 0.493
[46,   360] loss: 0.471
[46,   370] loss: 0.493
[46,   380] loss: 0.513
[46,   390] loss: 0.441
[46,   400] loss: 0.463
VALIDATION loss: 0.48881804943084717
[47,    10] loss: 0.526
[47,    20] loss: 0.452
[47,    30] loss: 0.465
[47,    40] loss: 0.474
[47,    50] loss: 0.510
[47,    60] loss: 0.527
[47,    70] loss: 0.451
[47,    80] loss: 0.475
[47,    90] loss: 0.435
[47,   100] loss: 0.482
[47,   110] loss: 0.416
[47,   120] loss: 0.523
[47,   130] loss: 0.492
[47,   140] loss: 0.444
[47,   150] loss: 0.503
[47,   160] loss: 0.484
[47,   170] loss: 0.412
[47,   180] loss: 0.482
[47,   190] loss: 0.481
[47,   200] loss: 0.497
[47,   210] loss: 0.482
[47,   220] loss: 0.434
[47,   230] loss: 0.496
[47,   240] loss: 0.427
[47,   250] loss: 0.449
[47,   260] loss: 0.459
[47,   270] loss: 0.474
[47,   280] loss: 0.509
[47,   290] loss: 0.506
[47,   300] loss: 0.491
[47,   310] loss: 0.493
[47,   320] loss: 0.516
[47,   330] loss: 0.493
[47,   340] loss: 0.517
[47,   350] loss: 0.466
[47,   360] loss: 0.497
[47,   370] loss: 0.478
[47,   380] loss: 0.482
[47,   390] loss: 0.459
[47,   400] loss: 0.558
VALIDATION loss: 0.4332220256328583
[48,    10] loss: 0.481
[48,    20] loss: 0.516
[48,    30] loss: 0.476
[48,    40] loss: 0.479
[48,    50] loss: 0.470
[48,    60] loss: 0.468
[48,    70] loss: 0.459
[48,    80] loss: 0.411
[48,    90] loss: 0.527
[48,   100] loss: 0.424
[48,   110] loss: 0.478
[48,   120] loss: 0.471
[48,   130] loss: 0.455
[48,   140] loss: 0.443
[48,   150] loss: 0.436
[48,   160] loss: 0.467
[48,   170] loss: 0.474
[48,   180] loss: 0.438
[48,   190] loss: 0.462
[48,   200] loss: 0.461
[48,   210] loss: 0.426
[48,   220] loss: 0.433
[48,   230] loss: 0.463
[48,   240] loss: 0.464
[48,   250] loss: 0.468
[48,   260] loss: 0.478
[48,   270] loss: 0.527
[48,   280] loss: 0.473
[48,   290] loss: 0.552
[48,   300] loss: 0.464
[48,   310] loss: 0.484
[48,   320] loss: 0.548
[48,   330] loss: 0.499
[48,   340] loss: 0.479
[48,   350] loss: 0.465
[48,   360] loss: 0.458
[48,   370] loss: 0.434
[48,   380] loss: 0.468
[48,   390] loss: 0.505
[48,   400] loss: 0.440
VALIDATION loss: 0.43521401286125183
[49,    10] loss: 0.512
[49,    20] loss: 0.483
[49,    30] loss: 0.453
[49,    40] loss: 0.471
[49,    50] loss: 0.443
[49,    60] loss: 0.508
[49,    70] loss: 0.474
[49,    80] loss: 0.462
[49,    90] loss: 0.446
[49,   100] loss: 0.476
[49,   110] loss: 0.417
[49,   120] loss: 0.400
[49,   130] loss: 0.478
[49,   140] loss: 0.410
[49,   150] loss: 0.440
[49,   160] loss: 0.512
[49,   170] loss: 0.477
[49,   180] loss: 0.461
[49,   190] loss: 0.469
[49,   200] loss: 0.487
[49,   210] loss: 0.467
[49,   220] loss: 0.507
[49,   230] loss: 0.431
[49,   240] loss: 0.442
[49,   250] loss: 0.517
[49,   260] loss: 0.444
[49,   270] loss: 0.465
[49,   280] loss: 0.448
[49,   290] loss: 0.446
[49,   300] loss: 0.434
[49,   310] loss: 0.483
[49,   320] loss: 0.445
[49,   330] loss: 0.431
[49,   340] loss: 0.450
[49,   350] loss: 0.488
[49,   360] loss: 0.512
[49,   370] loss: 0.464
[49,   380] loss: 0.434
[49,   390] loss: 0.489
[49,   400] loss: 0.427
VALIDATION loss: 0.5462482571601868
[50,    10] loss: 0.496
[50,    20] loss: 0.486
[50,    30] loss: 0.407
[50,    40] loss: 0.544
[50,    50] loss: 0.494
[50,    60] loss: 0.455
[50,    70] loss: 0.464
[50,    80] loss: 0.463
[50,    90] loss: 0.446
[50,   100] loss: 0.459
[50,   110] loss: 0.461
[50,   120] loss: 0.388
[50,   130] loss: 0.418
[50,   140] loss: 0.489
[50,   150] loss: 0.450
[50,   160] loss: 0.445
[50,   170] loss: 0.383
[50,   180] loss: 0.460
[50,   190] loss: 0.527
[50,   200] loss: 0.458
[50,   210] loss: 0.469
[50,   220] loss: 0.443
[50,   230] loss: 0.426
[50,   240] loss: 0.431
[50,   250] loss: 0.534
[50,   260] loss: 0.488
[50,   270] loss: 0.423
[50,   280] loss: 0.452
[50,   290] loss: 0.508
[50,   300] loss: 0.448
[50,   310] loss: 0.462
[50,   320] loss: 0.478
[50,   330] loss: 0.506
[50,   340] loss: 0.431
[50,   350] loss: 0.475
[50,   360] loss: 0.438
[50,   370] loss: 0.451
[50,   380] loss: 0.443
[50,   390] loss: 0.459
[50,   400] loss: 0.461
VALIDATION loss: 0.41905468702316284
[51,    10] loss: 0.454
[51,    20] loss: 0.462
[51,    30] loss: 0.452
[51,    40] loss: 0.436
[51,    50] loss: 0.431
[51,    60] loss: 0.480
[51,    70] loss: 0.438
[51,    80] loss: 0.465
[51,    90] loss: 0.483
[51,   100] loss: 0.450
[51,   110] loss: 0.494
[51,   120] loss: 0.495
[51,   130] loss: 0.451
[51,   140] loss: 0.408
[51,   150] loss: 0.406
[51,   160] loss: 0.461
[51,   170] loss: 0.447
[51,   180] loss: 0.436
[51,   190] loss: 0.446
[51,   200] loss: 0.491
[51,   210] loss: 0.442
[51,   220] loss: 0.458
[51,   230] loss: 0.472
[51,   240] loss: 0.426
[51,   250] loss: 0.446
[51,   260] loss: 0.462
[51,   270] loss: 0.412
[51,   280] loss: 0.474
[51,   290] loss: 0.513
[51,   300] loss: 0.464
[51,   310] loss: 0.446
[51,   320] loss: 0.407
[51,   330] loss: 0.489
[51,   340] loss: 0.438
[51,   350] loss: 0.436
[51,   360] loss: 0.389
[51,   370] loss: 0.441
[51,   380] loss: 0.449
[51,   390] loss: 0.431
[51,   400] loss: 0.404
VALIDATION loss: 0.39758116006851196
[52,    10] loss: 0.439
[52,    20] loss: 0.476
[52,    30] loss: 0.510
[52,    40] loss: 0.460
[52,    50] loss: 0.461
[52,    60] loss: 0.431
[52,    70] loss: 0.443
[52,    80] loss: 0.427
[52,    90] loss: 0.454
[52,   100] loss: 0.384
[52,   110] loss: 0.454
[52,   120] loss: 0.505
[52,   130] loss: 0.407
[52,   140] loss: 0.419
[52,   150] loss: 0.428
[52,   160] loss: 0.440
[52,   170] loss: 0.407
[52,   180] loss: 0.441
[52,   190] loss: 0.429
[52,   200] loss: 0.419
[52,   210] loss: 0.431
[52,   220] loss: 0.471
[52,   230] loss: 0.457
[52,   240] loss: 0.448
[52,   250] loss: 0.463
[52,   260] loss: 0.463
[52,   270] loss: 0.418
[52,   280] loss: 0.411
[52,   290] loss: 0.474
[52,   300] loss: 0.480
[52,   310] loss: 0.481
[52,   320] loss: 0.471
[52,   330] loss: 0.409
[52,   340] loss: 0.433
[52,   350] loss: 0.423
[52,   360] loss: 0.404
[52,   370] loss: 0.435
[52,   380] loss: 0.414
[52,   390] loss: 0.415
[52,   400] loss: 0.483
VALIDATION loss: 0.4247879385948181
[53,    10] loss: 0.419
[53,    20] loss: 0.431
[53,    30] loss: 0.467
[53,    40] loss: 0.444
[53,    50] loss: 0.404
[53,    60] loss: 0.465
[53,    70] loss: 0.432
[53,    80] loss: 0.474
[53,    90] loss: 0.427
[53,   100] loss: 0.434
[53,   110] loss: 0.401
[53,   120] loss: 0.476
[53,   130] loss: 0.435
[53,   140] loss: 0.402
[53,   150] loss: 0.394
[53,   160] loss: 0.463
[53,   170] loss: 0.428
[53,   180] loss: 0.496
[53,   190] loss: 0.489
[53,   200] loss: 0.458
[53,   210] loss: 0.456
[53,   220] loss: 0.440
[53,   230] loss: 0.440
[53,   240] loss: 0.390
[53,   250] loss: 0.424
[53,   260] loss: 0.473
[53,   270] loss: 0.420
[53,   280] loss: 0.426
[53,   290] loss: 0.458
[53,   300] loss: 0.416
[53,   310] loss: 0.460
[53,   320] loss: 0.426
[53,   330] loss: 0.418
[53,   340] loss: 0.425
[53,   350] loss: 0.444
[53,   360] loss: 0.448
[53,   370] loss: 0.417
[53,   380] loss: 0.457
[53,   390] loss: 0.427
[53,   400] loss: 0.417
VALIDATION loss: 0.45794713497161865
[54,    10] loss: 0.449
[54,    20] loss: 0.404
[54,    30] loss: 0.426
[54,    40] loss: 0.444
[54,    50] loss: 0.455
[54,    60] loss: 0.403
[54,    70] loss: 0.421
[54,    80] loss: 0.415
[54,    90] loss: 0.408
[54,   100] loss: 0.402
[54,   110] loss: 0.419
[54,   120] loss: 0.482
[54,   130] loss: 0.438
[54,   140] loss: 0.436
[54,   150] loss: 0.513
[54,   160] loss: 0.472
[54,   170] loss: 0.424
[54,   180] loss: 0.409
[54,   190] loss: 0.480
[54,   200] loss: 0.464
[54,   210] loss: 0.423
[54,   220] loss: 0.443
[54,   230] loss: 0.451
[54,   240] loss: 0.497
[54,   250] loss: 0.437
[54,   260] loss: 0.426
[54,   270] loss: 0.457
[54,   280] loss: 0.429
[54,   290] loss: 0.399
[54,   300] loss: 0.399
[54,   310] loss: 0.460
[54,   320] loss: 0.411
[54,   330] loss: 0.418
[54,   340] loss: 0.389
[54,   350] loss: 0.436
[54,   360] loss: 0.391
[54,   370] loss: 0.437
[54,   380] loss: 0.414
[54,   390] loss: 0.477
[54,   400] loss: 0.359
VALIDATION loss: 0.4254496097564697
[55,    10] loss: 0.474
[55,    20] loss: 0.401
[55,    30] loss: 0.423
[55,    40] loss: 0.387
[55,    50] loss: 0.435
[55,    60] loss: 0.460
[55,    70] loss: 0.398
[55,    80] loss: 0.426
[55,    90] loss: 0.400
[55,   100] loss: 0.449
[55,   110] loss: 0.470
[55,   120] loss: 0.427
[55,   130] loss: 0.418
[55,   140] loss: 0.400
[55,   150] loss: 0.402
[55,   160] loss: 0.432
[55,   170] loss: 0.435
[55,   180] loss: 0.422
[55,   190] loss: 0.374
[55,   200] loss: 0.397
[55,   210] loss: 0.427
[55,   220] loss: 0.494
[55,   230] loss: 0.446
[55,   240] loss: 0.446
[55,   250] loss: 0.423
[55,   260] loss: 0.424
[55,   270] loss: 0.401
[55,   280] loss: 0.437
[55,   290] loss: 0.468
[55,   300] loss: 0.404
[55,   310] loss: 0.456
[55,   320] loss: 0.401
[55,   330] loss: 0.400
[55,   340] loss: 0.447
[55,   350] loss: 0.433
[55,   360] loss: 0.419
[55,   370] loss: 0.434
[55,   380] loss: 0.430
[55,   390] loss: 0.374
[55,   400] loss: 0.427
VALIDATION loss: 0.3899776041507721
[56,    10] loss: 0.392
[56,    20] loss: 0.418
[56,    30] loss: 0.426
[56,    40] loss: 0.461
[56,    50] loss: 0.397
[56,    60] loss: 0.431
[56,    70] loss: 0.410
[56,    80] loss: 0.412
[56,    90] loss: 0.475
[56,   100] loss: 0.491
[56,   110] loss: 0.460
[56,   120] loss: 0.405
[56,   130] loss: 0.381
[56,   140] loss: 0.370
[56,   150] loss: 0.396
[56,   160] loss: 0.439
[56,   170] loss: 0.408
[56,   180] loss: 0.443
[56,   190] loss: 0.401
[56,   200] loss: 0.439
[56,   210] loss: 0.428
[56,   220] loss: 0.407
[56,   230] loss: 0.408
[56,   240] loss: 0.451
[56,   250] loss: 0.375
[56,   260] loss: 0.360
[56,   270] loss: 0.392
[56,   280] loss: 0.395
[56,   290] loss: 0.453
[56,   300] loss: 0.456
[56,   310] loss: 0.432
[56,   320] loss: 0.449
[56,   330] loss: 0.446
[56,   340] loss: 0.377
[56,   350] loss: 0.417
[56,   360] loss: 0.431
[56,   370] loss: 0.400
[56,   380] loss: 0.428
[56,   390] loss: 0.408
[56,   400] loss: 0.410
VALIDATION loss: 0.4432470202445984
[57,    10] loss: 0.443
[57,    20] loss: 0.364
[57,    30] loss: 0.457
[57,    40] loss: 0.431
[57,    50] loss: 0.467
[57,    60] loss: 0.422
[57,    70] loss: 0.488
[57,    80] loss: 0.454
[57,    90] loss: 0.395
[57,   100] loss: 0.400
[57,   110] loss: 0.422
[57,   120] loss: 0.406
[57,   130] loss: 0.400
[57,   140] loss: 0.419
[57,   150] loss: 0.368
[57,   160] loss: 0.382
[57,   170] loss: 0.434
[57,   180] loss: 0.389
[57,   190] loss: 0.410
[57,   200] loss: 0.470
[57,   210] loss: 0.444
[57,   220] loss: 0.416
[57,   230] loss: 0.404
[57,   240] loss: 0.405
[57,   250] loss: 0.402
[57,   260] loss: 0.443
[57,   270] loss: 0.404
[57,   280] loss: 0.405
[57,   290] loss: 0.441
[57,   300] loss: 0.395
[57,   310] loss: 0.454
[57,   320] loss: 0.437
[57,   330] loss: 0.359
[57,   340] loss: 0.466
[57,   350] loss: 0.439
[57,   360] loss: 0.394
[57,   370] loss: 0.385
[57,   380] loss: 0.420
[57,   390] loss: 0.442
[57,   400] loss: 0.424
VALIDATION loss: 0.42183777689933777
[58,    10] loss: 0.423
[58,    20] loss: 0.374
[58,    30] loss: 0.409
[58,    40] loss: 0.423
[58,    50] loss: 0.356
[58,    60] loss: 0.431
[58,    70] loss: 0.390
[58,    80] loss: 0.459
[58,    90] loss: 0.349
[58,   100] loss: 0.433
[58,   110] loss: 0.424
[58,   120] loss: 0.405
[58,   130] loss: 0.391
[58,   140] loss: 0.435
[58,   150] loss: 0.389
[58,   160] loss: 0.443
[58,   170] loss: 0.410
[58,   180] loss: 0.424
[58,   190] loss: 0.435
[58,   200] loss: 0.361
[58,   210] loss: 0.416
[58,   220] loss: 0.440
[58,   230] loss: 0.395
[58,   240] loss: 0.430
[58,   250] loss: 0.370
[58,   260] loss: 0.428
[58,   270] loss: 0.387
[58,   280] loss: 0.424
[58,   290] loss: 0.389
[58,   300] loss: 0.406
[58,   310] loss: 0.416
[58,   320] loss: 0.378
[58,   330] loss: 0.334
[58,   340] loss: 0.417
[58,   350] loss: 0.423
[58,   360] loss: 0.490
[58,   370] loss: 0.423
[58,   380] loss: 0.478
[58,   390] loss: 0.412
[58,   400] loss: 0.387
VALIDATION loss: 0.5465548038482666
[59,    10] loss: 0.451
[59,    20] loss: 0.401
[59,    30] loss: 0.409
[59,    40] loss: 0.412
[59,    50] loss: 0.366
[59,    60] loss: 0.384
[59,    70] loss: 0.328
[59,    80] loss: 0.405
[59,    90] loss: 0.432
[59,   100] loss: 0.407
[59,   110] loss: 0.406
[59,   120] loss: 0.417
[59,   130] loss: 0.395
[59,   140] loss: 0.378
[59,   150] loss: 0.389
[59,   160] loss: 0.417
[59,   170] loss: 0.396
[59,   180] loss: 0.404
[59,   190] loss: 0.387
[59,   200] loss: 0.393
[59,   210] loss: 0.431
[59,   220] loss: 0.379
[59,   230] loss: 0.342
[59,   240] loss: 0.384
[59,   250] loss: 0.431
[59,   260] loss: 0.352
[59,   270] loss: 0.396
[59,   280] loss: 0.417
[59,   290] loss: 0.423
[59,   300] loss: 0.429
[59,   310] loss: 0.439
[59,   320] loss: 0.465
[59,   330] loss: 0.409
[59,   340] loss: 0.343
[59,   350] loss: 0.399
[59,   360] loss: 0.366
[59,   370] loss: 0.460
[59,   380] loss: 0.388
[59,   390] loss: 0.415
[59,   400] loss: 0.410
VALIDATION loss: 0.35497191548347473
[60,    10] loss: 0.401
[60,    20] loss: 0.389
[60,    30] loss: 0.389
[60,    40] loss: 0.450
[60,    50] loss: 0.420
[60,    60] loss: 0.419
[60,    70] loss: 0.419
[60,    80] loss: 0.407
[60,    90] loss: 0.388
[60,   100] loss: 0.407
[60,   110] loss: 0.380
[60,   120] loss: 0.427
[60,   130] loss: 0.411
[60,   140] loss: 0.348
[60,   150] loss: 0.405
[60,   160] loss: 0.407
[60,   170] loss: 0.387
[60,   180] loss: 0.374
[60,   190] loss: 0.445
[60,   200] loss: 0.381
[60,   210] loss: 0.461
[60,   220] loss: 0.418
[60,   230] loss: 0.383
[60,   240] loss: 0.362
[60,   250] loss: 0.423
[60,   260] loss: 0.390
[60,   270] loss: 0.413
[60,   280] loss: 0.377
[60,   290] loss: 0.405
[60,   300] loss: 0.447
[60,   310] loss: 0.388
[60,   320] loss: 0.434
[60,   330] loss: 0.378
[60,   340] loss: 0.420
[60,   350] loss: 0.361
[60,   360] loss: 0.375
[60,   370] loss: 0.421
[60,   380] loss: 0.374
[60,   390] loss: 0.393
[60,   400] loss: 0.427
VALIDATION loss: 0.38109514117240906
[61,    10] loss: 0.373
[61,    20] loss: 0.422
[61,    30] loss: 0.379
[61,    40] loss: 0.361
[61,    50] loss: 0.368
[61,    60] loss: 0.363
[61,    70] loss: 0.417
[61,    80] loss: 0.380
[61,    90] loss: 0.449
[61,   100] loss: 0.429
[61,   110] loss: 0.379
[61,   120] loss: 0.450
[61,   130] loss: 0.413
[61,   140] loss: 0.411
[61,   150] loss: 0.363
[61,   160] loss: 0.400
[61,   170] loss: 0.431
[61,   180] loss: 0.418
[61,   190] loss: 0.343
[61,   200] loss: 0.443
[61,   210] loss: 0.387
[61,   220] loss: 0.373
[61,   230] loss: 0.430
[61,   240] loss: 0.360
[61,   250] loss: 0.351
[61,   260] loss: 0.419
[61,   270] loss: 0.375
[61,   280] loss: 0.382
[61,   290] loss: 0.429
[61,   300] loss: 0.373
[61,   310] loss: 0.405
[61,   320] loss: 0.416
[61,   330] loss: 0.393
[61,   340] loss: 0.446
[61,   350] loss: 0.372
[61,   360] loss: 0.396
[61,   370] loss: 0.386
[61,   380] loss: 0.356
[61,   390] loss: 0.441
[61,   400] loss: 0.408
VALIDATION loss: 0.3581288158893585
[62,    10] loss: 0.415
[62,    20] loss: 0.402
[62,    30] loss: 0.373
[62,    40] loss: 0.422
[62,    50] loss: 0.368
[62,    60] loss: 0.338
[62,    70] loss: 0.438
[62,    80] loss: 0.398
[62,    90] loss: 0.446
[62,   100] loss: 0.393
[62,   110] loss: 0.352
[62,   120] loss: 0.390
[62,   130] loss: 0.356
[62,   140] loss: 0.331
[62,   150] loss: 0.440
[62,   160] loss: 0.367
[62,   170] loss: 0.383
[62,   180] loss: 0.378
[62,   190] loss: 0.401
[62,   200] loss: 0.393
[62,   210] loss: 0.381
[62,   220] loss: 0.401
[62,   230] loss: 0.407
[62,   240] loss: 0.374
[62,   250] loss: 0.388
[62,   260] loss: 0.391
[62,   270] loss: 0.393
[62,   280] loss: 0.386
[62,   290] loss: 0.399
[62,   300] loss: 0.428
[62,   310] loss: 0.431
[62,   320] loss: 0.409
[62,   330] loss: 0.373
[62,   340] loss: 0.327
[62,   350] loss: 0.369
[62,   360] loss: 0.383
[62,   370] loss: 0.418
[62,   380] loss: 0.405
[62,   390] loss: 0.382
[62,   400] loss: 0.351
VALIDATION loss: 0.4037263095378876
[63,    10] loss: 0.350
[63,    20] loss: 0.419
[63,    30] loss: 0.351
[63,    40] loss: 0.408
[63,    50] loss: 0.413
[63,    60] loss: 0.417
[63,    70] loss: 0.399
[63,    80] loss: 0.376
[63,    90] loss: 0.419
[63,   100] loss: 0.374
[63,   110] loss: 0.375
[63,   120] loss: 0.412
[63,   130] loss: 0.398
[63,   140] loss: 0.366
[63,   150] loss: 0.391
[63,   160] loss: 0.385
[63,   170] loss: 0.384
[63,   180] loss: 0.341
[63,   190] loss: 0.367
[63,   200] loss: 0.412
[63,   210] loss: 0.423
[63,   220] loss: 0.352
[63,   230] loss: 0.405
[63,   240] loss: 0.388
[63,   250] loss: 0.427
[63,   260] loss: 0.376
[63,   270] loss: 0.337
[63,   280] loss: 0.366
[63,   290] loss: 0.375
[63,   300] loss: 0.359
[63,   310] loss: 0.334
[63,   320] loss: 0.389
[63,   330] loss: 0.381
[63,   340] loss: 0.358
[63,   350] loss: 0.384
[63,   360] loss: 0.392
[63,   370] loss: 0.400
[63,   380] loss: 0.369
[63,   390] loss: 0.405
[63,   400] loss: 0.384
VALIDATION loss: 0.37265995144844055
[64,    10] loss: 0.407
[64,    20] loss: 0.381
[64,    30] loss: 0.393
[64,    40] loss: 0.383
[64,    50] loss: 0.392
[64,    60] loss: 0.370
[64,    70] loss: 0.394
[64,    80] loss: 0.328
[64,    90] loss: 0.385
[64,   100] loss: 0.365
[64,   110] loss: 0.377
[64,   120] loss: 0.364
[64,   130] loss: 0.320
[64,   140] loss: 0.394
[64,   150] loss: 0.387
[64,   160] loss: 0.404
[64,   170] loss: 0.368
[64,   180] loss: 0.336
[64,   190] loss: 0.350
[64,   200] loss: 0.378
[64,   210] loss: 0.343
[64,   220] loss: 0.363
[64,   230] loss: 0.369
[64,   240] loss: 0.368
[64,   250] loss: 0.408
[64,   260] loss: 0.382
[64,   270] loss: 0.362
[64,   280] loss: 0.402
[64,   290] loss: 0.422
[64,   300] loss: 0.398
[64,   310] loss: 0.374
[64,   320] loss: 0.417
[64,   330] loss: 0.366
[64,   340] loss: 0.431
[64,   350] loss: 0.403
[64,   360] loss: 0.368
[64,   370] loss: 0.384
[64,   380] loss: 0.358
[64,   390] loss: 0.327
[64,   400] loss: 0.385
VALIDATION loss: 0.399181991815567
[65,    10] loss: 0.390
[65,    20] loss: 0.375
[65,    30] loss: 0.333
[65,    40] loss: 0.344
[65,    50] loss: 0.386
[65,    60] loss: 0.381
[65,    70] loss: 0.404
[65,    80] loss: 0.394
[65,    90] loss: 0.384
[65,   100] loss: 0.404
[65,   110] loss: 0.414
[65,   120] loss: 0.372
[65,   130] loss: 0.384
[65,   140] loss: 0.395
[65,   150] loss: 0.377
[65,   160] loss: 0.397
[65,   170] loss: 0.360
[65,   180] loss: 0.376
[65,   190] loss: 0.381
[65,   200] loss: 0.381
[65,   210] loss: 0.362
[65,   220] loss: 0.390
[65,   230] loss: 0.403
[65,   240] loss: 0.399
[65,   250] loss: 0.400
[65,   260] loss: 0.401
[65,   270] loss: 0.376
[65,   280] loss: 0.404
[65,   290] loss: 0.374
[65,   300] loss: 0.403
[65,   310] loss: 0.391
[65,   320] loss: 0.370
[65,   330] loss: 0.338
[65,   340] loss: 0.336
[65,   350] loss: 0.362
[65,   360] loss: 0.361
[65,   370] loss: 0.356
[65,   380] loss: 0.365
[65,   390] loss: 0.389
[65,   400] loss: 0.403
VALIDATION loss: 0.3544808626174927
[66,    10] loss: 0.332
[66,    20] loss: 0.373
[66,    30] loss: 0.378
[66,    40] loss: 0.372
[66,    50] loss: 0.379
[66,    60] loss: 0.374
[66,    70] loss: 0.383
[66,    80] loss: 0.368
[66,    90] loss: 0.325
[66,   100] loss: 0.387
[66,   110] loss: 0.377
[66,   120] loss: 0.370
[66,   130] loss: 0.441
[66,   140] loss: 0.351
[66,   150] loss: 0.331
[66,   160] loss: 0.410
[66,   170] loss: 0.316
[66,   180] loss: 0.359
[66,   190] loss: 0.379
[66,   200] loss: 0.358
[66,   210] loss: 0.410
[66,   220] loss: 0.356
[66,   230] loss: 0.352
[66,   240] loss: 0.397
[66,   250] loss: 0.355
[66,   260] loss: 0.375
[66,   270] loss: 0.405
[66,   280] loss: 0.344
[66,   290] loss: 0.363
[66,   300] loss: 0.392
[66,   310] loss: 0.365
[66,   320] loss: 0.374
[66,   330] loss: 0.424
[66,   340] loss: 0.353
[66,   350] loss: 0.367
[66,   360] loss: 0.405
[66,   370] loss: 0.354
[66,   380] loss: 0.404
[66,   390] loss: 0.417
[66,   400] loss: 0.380
VALIDATION loss: 0.42171967029571533
[67,    10] loss: 0.397
[67,    20] loss: 0.358
[67,    30] loss: 0.357
[67,    40] loss: 0.347
[67,    50] loss: 0.367
[67,    60] loss: 0.398
[67,    70] loss: 0.360
[67,    80] loss: 0.356
[67,    90] loss: 0.351
[67,   100] loss: 0.327
[67,   110] loss: 0.332
[67,   120] loss: 0.347
[67,   130] loss: 0.378
[67,   140] loss: 0.332
[67,   150] loss: 0.373
[67,   160] loss: 0.366
[67,   170] loss: 0.387
[67,   180] loss: 0.311
[67,   190] loss: 0.358
[67,   200] loss: 0.476
[67,   210] loss: 0.412
[67,   220] loss: 0.401
[67,   230] loss: 0.400
[67,   240] loss: 0.349
[67,   250] loss: 0.371
[67,   260] loss: 0.345
[67,   270] loss: 0.337
[67,   280] loss: 0.377
[67,   290] loss: 0.375
[67,   300] loss: 0.360
[67,   310] loss: 0.361
[67,   320] loss: 0.382
[67,   330] loss: 0.400
[67,   340] loss: 0.438
[67,   350] loss: 0.374
[67,   360] loss: 0.388
[67,   370] loss: 0.365
[67,   380] loss: 0.385
[67,   390] loss: 0.389
[67,   400] loss: 0.385
VALIDATION loss: 0.3296336829662323
[68,    10] loss: 0.348
[68,    20] loss: 0.395
[68,    30] loss: 0.395
[68,    40] loss: 0.391
[68,    50] loss: 0.389
[68,    60] loss: 0.346
[68,    70] loss: 0.345
[68,    80] loss: 0.363
[68,    90] loss: 0.363
[68,   100] loss: 0.373
[68,   110] loss: 0.345
[68,   120] loss: 0.338
[68,   130] loss: 0.346
[68,   140] loss: 0.347
[68,   150] loss: 0.354
[68,   160] loss: 0.343
[68,   170] loss: 0.363
[68,   180] loss: 0.356
[68,   190] loss: 0.353
[68,   200] loss: 0.349
[68,   210] loss: 0.374
[68,   220] loss: 0.398
[68,   230] loss: 0.351
[68,   240] loss: 0.364
[68,   250] loss: 0.334
[68,   260] loss: 0.351
[68,   270] loss: 0.329
[68,   280] loss: 0.375
[68,   290] loss: 0.334
[68,   300] loss: 0.370
[68,   310] loss: 0.401
[68,   320] loss: 0.382
[68,   330] loss: 0.410
[68,   340] loss: 0.389
[68,   350] loss: 0.360
[68,   360] loss: 0.335
[68,   370] loss: 0.364
[68,   380] loss: 0.393
[68,   390] loss: 0.352
[68,   400] loss: 0.405
VALIDATION loss: 0.33785828948020935
[69,    10] loss: 0.330
[69,    20] loss: 0.332
[69,    30] loss: 0.375
[69,    40] loss: 0.367
[69,    50] loss: 0.402
[69,    60] loss: 0.368
[69,    70] loss: 0.338
[69,    80] loss: 0.343
[69,    90] loss: 0.331
[69,   100] loss: 0.403
[69,   110] loss: 0.451
[69,   120] loss: 0.315
[69,   130] loss: 0.355
[69,   140] loss: 0.418
[69,   150] loss: 0.339
[69,   160] loss: 0.331
[69,   170] loss: 0.344
[69,   180] loss: 0.322
[69,   190] loss: 0.352
[69,   200] loss: 0.436
[69,   210] loss: 0.301
[69,   220] loss: 0.348
[69,   230] loss: 0.378
[69,   240] loss: 0.372
[69,   250] loss: 0.424
[69,   260] loss: 0.450
[69,   270] loss: 0.359
[69,   280] loss: 0.370
[69,   290] loss: 0.353
[69,   300] loss: 0.373
[69,   310] loss: 0.348
[69,   320] loss: 0.325
[69,   330] loss: 0.365
[69,   340] loss: 0.321
[69,   350] loss: 0.348
[69,   360] loss: 0.409
[69,   370] loss: 0.367
[69,   380] loss: 0.362
[69,   390] loss: 0.366
[69,   400] loss: 0.334
VALIDATION loss: 0.32220521569252014
[70,    10] loss: 0.347
[70,    20] loss: 0.365
[70,    30] loss: 0.397
[70,    40] loss: 0.333
[70,    50] loss: 0.321
[70,    60] loss: 0.325
[70,    70] loss: 0.351
[70,    80] loss: 0.374
[70,    90] loss: 0.353
[70,   100] loss: 0.353
[70,   110] loss: 0.344
[70,   120] loss: 0.300
[70,   130] loss: 0.317
[70,   140] loss: 0.353
[70,   150] loss: 0.391
[70,   160] loss: 0.377
[70,   170] loss: 0.331
[70,   180] loss: 0.349
[70,   190] loss: 0.372
[70,   200] loss: 0.393
[70,   210] loss: 0.396
[70,   220] loss: 0.350
[70,   230] loss: 0.375
[70,   240] loss: 0.316
[70,   250] loss: 0.352
[70,   260] loss: 0.340
[70,   270] loss: 0.386
[70,   280] loss: 0.349
[70,   290] loss: 0.423
[70,   300] loss: 0.353
[70,   310] loss: 0.396
[70,   320] loss: 0.306
[70,   330] loss: 0.376
[70,   340] loss: 0.368
[70,   350] loss: 0.382
[70,   360] loss: 0.302
[70,   370] loss: 0.342
[70,   380] loss: 0.369
[70,   390] loss: 0.436
[70,   400] loss: 0.398
VALIDATION loss: 0.36465832591056824
[71,    10] loss: 0.357
[71,    20] loss: 0.368
[71,    30] loss: 0.345
[71,    40] loss: 0.342
[71,    50] loss: 0.357
[71,    60] loss: 0.349
[71,    70] loss: 0.364
[71,    80] loss: 0.349
[71,    90] loss: 0.327
[71,   100] loss: 0.337
[71,   110] loss: 0.331
[71,   120] loss: 0.334
[71,   130] loss: 0.351
[71,   140] loss: 0.350
[71,   150] loss: 0.401
[71,   160] loss: 0.406
[71,   170] loss: 0.351
[71,   180] loss: 0.408
[71,   190] loss: 0.355
[71,   200] loss: 0.334
[71,   210] loss: 0.361
[71,   220] loss: 0.384
[71,   230] loss: 0.364
[71,   240] loss: 0.360
[71,   250] loss: 0.306
[71,   260] loss: 0.362
[71,   270] loss: 0.312
[71,   280] loss: 0.344
[71,   290] loss: 0.359
[71,   300] loss: 0.373
[71,   310] loss: 0.372
[71,   320] loss: 0.328
[71,   330] loss: 0.352
[71,   340] loss: 0.340
[71,   350] loss: 0.370
[71,   360] loss: 0.377
[71,   370] loss: 0.371
[71,   380] loss: 0.353
[71,   390] loss: 0.360
[71,   400] loss: 0.359
VALIDATION loss: 0.33100128173828125
[72,    10] loss: 0.358
[72,    20] loss: 0.334
[72,    30] loss: 0.380
[72,    40] loss: 0.319
[72,    50] loss: 0.321
[72,    60] loss: 0.325
[72,    70] loss: 0.339
[72,    80] loss: 0.389
[72,    90] loss: 0.353
[72,   100] loss: 0.400
[72,   110] loss: 0.327
[72,   120] loss: 0.368
[72,   130] loss: 0.362
[72,   140] loss: 0.313
[72,   150] loss: 0.339
[72,   160] loss: 0.374
[72,   170] loss: 0.370
[72,   180] loss: 0.323
[72,   190] loss: 0.416
[72,   200] loss: 0.323
[72,   210] loss: 0.343
[72,   220] loss: 0.298
[72,   230] loss: 0.353
[72,   240] loss: 0.327
[72,   250] loss: 0.313
[72,   260] loss: 0.390
[72,   270] loss: 0.384
[72,   280] loss: 0.314
[72,   290] loss: 0.383
[72,   300] loss: 0.375
[72,   310] loss: 0.360
[72,   320] loss: 0.334
[72,   330] loss: 0.382
[72,   340] loss: 0.351
[72,   350] loss: 0.278
[72,   360] loss: 0.331
[72,   370] loss: 0.357
[72,   380] loss: 0.354
[72,   390] loss: 0.323
[72,   400] loss: 0.325
VALIDATION loss: 0.34225454926490784
[73,    10] loss: 0.352
[73,    20] loss: 0.359
[73,    30] loss: 0.342
[73,    40] loss: 0.390
[73,    50] loss: 0.422
[73,    60] loss: 0.337
[73,    70] loss: 0.308
[73,    80] loss: 0.405
[73,    90] loss: 0.298
[73,   100] loss: 0.382
[73,   110] loss: 0.366
[73,   120] loss: 0.351
[73,   130] loss: 0.335
[73,   140] loss: 0.359
[73,   150] loss: 0.349
[73,   160] loss: 0.359
[73,   170] loss: 0.392
[73,   180] loss: 0.316
[73,   190] loss: 0.352
[73,   200] loss: 0.303
[73,   210] loss: 0.294
[73,   220] loss: 0.339
[73,   230] loss: 0.353
[73,   240] loss: 0.321
[73,   250] loss: 0.358
[73,   260] loss: 0.335
[73,   270] loss: 0.311
[73,   280] loss: 0.381
[73,   290] loss: 0.308
[73,   300] loss: 0.299
[73,   310] loss: 0.352
[73,   320] loss: 0.332
[73,   330] loss: 0.408
[73,   340] loss: 0.328
[73,   350] loss: 0.380
[73,   360] loss: 0.357
[73,   370] loss: 0.331
[73,   380] loss: 0.345
[73,   390] loss: 0.290
[73,   400] loss: 0.367
VALIDATION loss: 0.3413621783256531
[74,    10] loss: 0.333
[74,    20] loss: 0.340
[74,    30] loss: 0.334
[74,    40] loss: 0.322
[74,    50] loss: 0.335
[74,    60] loss: 0.315
[74,    70] loss: 0.371
[74,    80] loss: 0.331
[74,    90] loss: 0.320
[74,   100] loss: 0.316
[74,   110] loss: 0.354
[74,   120] loss: 0.317
[74,   130] loss: 0.339
[74,   140] loss: 0.351
[74,   150] loss: 0.418
[74,   160] loss: 0.307
[74,   170] loss: 0.344
[74,   180] loss: 0.359
[74,   190] loss: 0.373
[74,   200] loss: 0.368
[74,   210] loss: 0.334
[74,   220] loss: 0.300
[74,   230] loss: 0.369
[74,   240] loss: 0.325
[74,   250] loss: 0.366
[74,   260] loss: 0.398
[74,   270] loss: 0.352
[74,   280] loss: 0.326
[74,   290] loss: 0.314
[74,   300] loss: 0.316
[74,   310] loss: 0.362
[74,   320] loss: 0.365
[74,   330] loss: 0.325
[74,   340] loss: 0.350
[74,   350] loss: 0.338
[74,   360] loss: 0.345
[74,   370] loss: 0.379
[74,   380] loss: 0.340
[74,   390] loss: 0.364
[74,   400] loss: 0.391
VALIDATION loss: 0.332764208316803
[75,    10] loss: 0.338
[75,    20] loss: 0.317
[75,    30] loss: 0.400
[75,    40] loss: 0.296
[75,    50] loss: 0.320
[75,    60] loss: 0.328
[75,    70] loss: 0.354
[75,    80] loss: 0.348
[75,    90] loss: 0.337
[75,   100] loss: 0.351
[75,   110] loss: 0.331
[75,   120] loss: 0.335
[75,   130] loss: 0.297
[75,   140] loss: 0.361
[75,   150] loss: 0.340
[75,   160] loss: 0.330
[75,   170] loss: 0.371
[75,   180] loss: 0.312
[75,   190] loss: 0.340
[75,   200] loss: 0.378
[75,   210] loss: 0.303
[75,   220] loss: 0.350
[75,   230] loss: 0.346
[75,   240] loss: 0.335
[75,   250] loss: 0.374
[75,   260] loss: 0.425
[75,   270] loss: 0.355
[75,   280] loss: 0.364
[75,   290] loss: 0.348
[75,   300] loss: 0.378
[75,   310] loss: 0.399
[75,   320] loss: 0.358
[75,   330] loss: 0.333
[75,   340] loss: 0.353
[75,   350] loss: 0.311
[75,   360] loss: 0.332
[75,   370] loss: 0.336
[75,   380] loss: 0.336
[75,   390] loss: 0.327
[75,   400] loss: 0.314
VALIDATION loss: 0.3115178048610687
[76,    10] loss: 0.313
[76,    20] loss: 0.291
[76,    30] loss: 0.352
[76,    40] loss: 0.360
[76,    50] loss: 0.384
[76,    60] loss: 0.340
[76,    70] loss: 0.367
[76,    80] loss: 0.324
[76,    90] loss: 0.330
[76,   100] loss: 0.294
[76,   110] loss: 0.384
[76,   120] loss: 0.339
[76,   130] loss: 0.371
[76,   140] loss: 0.322
[76,   150] loss: 0.329
[76,   160] loss: 0.321
[76,   170] loss: 0.335
[76,   180] loss: 0.296
[76,   190] loss: 0.339
[76,   200] loss: 0.356
[76,   210] loss: 0.354
[76,   220] loss: 0.347
[76,   230] loss: 0.346
[76,   240] loss: 0.306
[76,   250] loss: 0.345
[76,   260] loss: 0.300
[76,   270] loss: 0.318
[76,   280] loss: 0.320
[76,   290] loss: 0.350
[76,   300] loss: 0.326
[76,   310] loss: 0.339
[76,   320] loss: 0.335
[76,   330] loss: 0.371
[76,   340] loss: 0.353
[76,   350] loss: 0.327
[76,   360] loss: 0.301
[76,   370] loss: 0.314
[76,   380] loss: 0.309
[76,   390] loss: 0.359
[76,   400] loss: 0.332
VALIDATION loss: 0.30687931180000305
[77,    10] loss: 0.314
[77,    20] loss: 0.341
[77,    30] loss: 0.339
[77,    40] loss: 0.356
[77,    50] loss: 0.320
[77,    60] loss: 0.345
[77,    70] loss: 0.340
[77,    80] loss: 0.369
[77,    90] loss: 0.317
[77,   100] loss: 0.314
[77,   110] loss: 0.334
[77,   120] loss: 0.308
[77,   130] loss: 0.336
[77,   140] loss: 0.324
[77,   150] loss: 0.330
[77,   160] loss: 0.364
[77,   170] loss: 0.371
[77,   180] loss: 0.332
[77,   190] loss: 0.319
[77,   200] loss: 0.330
[77,   210] loss: 0.353
[77,   220] loss: 0.290
[77,   230] loss: 0.320
[77,   240] loss: 0.317
[77,   250] loss: 0.308
[77,   260] loss: 0.396
[77,   270] loss: 0.373
[77,   280] loss: 0.331
[77,   290] loss: 0.333
[77,   300] loss: 0.351
[77,   310] loss: 0.322
[77,   320] loss: 0.306
[77,   330] loss: 0.281
[77,   340] loss: 0.304
[77,   350] loss: 0.338
[77,   360] loss: 0.343
[77,   370] loss: 0.365
[77,   380] loss: 0.345
[77,   390] loss: 0.359
[77,   400] loss: 0.319
VALIDATION loss: 0.308928519487381
[78,    10] loss: 0.331
[78,    20] loss: 0.354
[78,    30] loss: 0.339
[78,    40] loss: 0.295
[78,    50] loss: 0.359
[78,    60] loss: 0.322
[78,    70] loss: 0.278
[78,    80] loss: 0.383
[78,    90] loss: 0.329
[78,   100] loss: 0.349
[78,   110] loss: 0.354
[78,   120] loss: 0.382
[78,   130] loss: 0.302
[78,   140] loss: 0.355
[78,   150] loss: 0.362
[78,   160] loss: 0.284
[78,   170] loss: 0.302
[78,   180] loss: 0.308
[78,   190] loss: 0.315
[78,   200] loss: 0.260
[78,   210] loss: 0.329
[78,   220] loss: 0.312
[78,   230] loss: 0.303
[78,   240] loss: 0.300
[78,   250] loss: 0.346
[78,   260] loss: 0.362
[78,   270] loss: 0.360
[78,   280] loss: 0.324
[78,   290] loss: 0.344
[78,   300] loss: 0.377
[78,   310] loss: 0.324
[78,   320] loss: 0.331
[78,   330] loss: 0.361
[78,   340] loss: 0.332
[78,   350] loss: 0.360
[78,   360] loss: 0.353
[78,   370] loss: 0.320
[78,   380] loss: 0.322
[78,   390] loss: 0.338
[78,   400] loss: 0.312
VALIDATION loss: 0.3087742030620575
[79,    10] loss: 0.347
[79,    20] loss: 0.325
[79,    30] loss: 0.332
[79,    40] loss: 0.333
[79,    50] loss: 0.288
[79,    60] loss: 0.357
[79,    70] loss: 0.309
[79,    80] loss: 0.327
[79,    90] loss: 0.320
[79,   100] loss: 0.354
[79,   110] loss: 0.329
[79,   120] loss: 0.311
[79,   130] loss: 0.285
[79,   140] loss: 0.357
[79,   150] loss: 0.308
[79,   160] loss: 0.292
[79,   170] loss: 0.354
[79,   180] loss: 0.396
[79,   190] loss: 0.372
[79,   200] loss: 0.298
[79,   210] loss: 0.349
[79,   220] loss: 0.350
[79,   230] loss: 0.316
[79,   240] loss: 0.353
[79,   250] loss: 0.302
[79,   260] loss: 0.303
[79,   270] loss: 0.309
[79,   280] loss: 0.353
[79,   290] loss: 0.310
[79,   300] loss: 0.321
[79,   310] loss: 0.340
[79,   320] loss: 0.329
[79,   330] loss: 0.268
[79,   340] loss: 0.345
[79,   350] loss: 0.324
[79,   360] loss: 0.346
[79,   370] loss: 0.332
[79,   380] loss: 0.347
[79,   390] loss: 0.389
[79,   400] loss: 0.320
VALIDATION loss: 0.35965266823768616
[80,    10] loss: 0.324
[80,    20] loss: 0.328
[80,    30] loss: 0.338
[80,    40] loss: 0.311
[80,    50] loss: 0.315
[80,    60] loss: 0.331
[80,    70] loss: 0.322
[80,    80] loss: 0.338
[80,    90] loss: 0.320
[80,   100] loss: 0.312
[80,   110] loss: 0.390
[80,   120] loss: 0.315
[80,   130] loss: 0.359
[80,   140] loss: 0.301
[80,   150] loss: 0.306
[80,   160] loss: 0.332
[80,   170] loss: 0.336
[80,   180] loss: 0.362
[80,   190] loss: 0.347
[80,   200] loss: 0.344
[80,   210] loss: 0.289
[80,   220] loss: 0.308
[80,   230] loss: 0.361
[80,   240] loss: 0.319
[80,   250] loss: 0.319
[80,   260] loss: 0.349
[80,   270] loss: 0.306
[80,   280] loss: 0.331
[80,   290] loss: 0.366
[80,   300] loss: 0.319
[80,   310] loss: 0.330
[80,   320] loss: 0.326
[80,   330] loss: 0.271
[80,   340] loss: 0.265
[80,   350] loss: 0.338
[80,   360] loss: 0.349
[80,   370] loss: 0.307
[80,   380] loss: 0.293
[80,   390] loss: 0.360
[80,   400] loss: 0.298
VALIDATION loss: 0.29394716024398804
[81,    10] loss: 0.295
[81,    20] loss: 0.302
[81,    30] loss: 0.293
[81,    40] loss: 0.327
[81,    50] loss: 0.312
[81,    60] loss: 0.345
[81,    70] loss: 0.260
[81,    80] loss: 0.334
[81,    90] loss: 0.298
[81,   100] loss: 0.281
[81,   110] loss: 0.412
[81,   120] loss: 0.329
[81,   130] loss: 0.306
[81,   140] loss: 0.296
[81,   150] loss: 0.291
[81,   160] loss: 0.331
[81,   170] loss: 0.339
[81,   180] loss: 0.328
[81,   190] loss: 0.369
[81,   200] loss: 0.301
[81,   210] loss: 0.291
[81,   220] loss: 0.383
[81,   230] loss: 0.268
[81,   240] loss: 0.346
[81,   250] loss: 0.304
[81,   260] loss: 0.313
[81,   270] loss: 0.318
[81,   280] loss: 0.348
[81,   290] loss: 0.353
[81,   300] loss: 0.367
[81,   310] loss: 0.297
[81,   320] loss: 0.296
[81,   330] loss: 0.351
[81,   340] loss: 0.311
[81,   350] loss: 0.332
[81,   360] loss: 0.324
[81,   370] loss: 0.335
[81,   380] loss: 0.326
[81,   390] loss: 0.346
[81,   400] loss: 0.280
VALIDATION loss: 0.30880674719810486
[82,    10] loss: 0.351
[82,    20] loss: 0.367
[82,    30] loss: 0.355
[82,    40] loss: 0.358
[82,    50] loss: 0.323
[82,    60] loss: 0.303
[82,    70] loss: 0.285
[82,    80] loss: 0.279
[82,    90] loss: 0.360
[82,   100] loss: 0.345
[82,   110] loss: 0.343
[82,   120] loss: 0.297
[82,   130] loss: 0.300
[82,   140] loss: 0.331
[82,   150] loss: 0.298
[82,   160] loss: 0.328
[82,   170] loss: 0.303
[82,   180] loss: 0.284
[82,   190] loss: 0.293
[82,   200] loss: 0.309
[82,   210] loss: 0.306
[82,   220] loss: 0.347
[82,   230] loss: 0.332
[82,   240] loss: 0.291
[82,   250] loss: 0.301
[82,   260] loss: 0.266
[82,   270] loss: 0.332
[82,   280] loss: 0.313
[82,   290] loss: 0.305
[82,   300] loss: 0.308
[82,   310] loss: 0.317
[82,   320] loss: 0.350
[82,   330] loss: 0.304
[82,   340] loss: 0.307
[82,   350] loss: 0.292
[82,   360] loss: 0.346
[82,   370] loss: 0.310
[82,   380] loss: 0.300
[82,   390] loss: 0.328
[82,   400] loss: 0.277
VALIDATION loss: 0.3055384159088135
[83,    10] loss: 0.333
[83,    20] loss: 0.322
[83,    30] loss: 0.284
[83,    40] loss: 0.329
[83,    50] loss: 0.332
[83,    60] loss: 0.339
[83,    70] loss: 0.280
[83,    80] loss: 0.349
[83,    90] loss: 0.324
[83,   100] loss: 0.310
[83,   110] loss: 0.304
[83,   120] loss: 0.330
[83,   130] loss: 0.298
[83,   140] loss: 0.304
[83,   150] loss: 0.291
[83,   160] loss: 0.325
[83,   170] loss: 0.306
[83,   180] loss: 0.322
[83,   190] loss: 0.274
[83,   200] loss: 0.333
[83,   210] loss: 0.291
[83,   220] loss: 0.291
[83,   230] loss: 0.373
[83,   240] loss: 0.335
[83,   250] loss: 0.297
[83,   260] loss: 0.299
[83,   270] loss: 0.364
[83,   280] loss: 0.335
[83,   290] loss: 0.314
[83,   300] loss: 0.302
[83,   310] loss: 0.325
[83,   320] loss: 0.294
[83,   330] loss: 0.302
[83,   340] loss: 0.304
[83,   350] loss: 0.326
[83,   360] loss: 0.320
[83,   370] loss: 0.287
[83,   380] loss: 0.294
[83,   390] loss: 0.317
[83,   400] loss: 0.332
VALIDATION loss: 0.30380719900131226
[84,    10] loss: 0.313
[84,    20] loss: 0.312
[84,    30] loss: 0.321
[84,    40] loss: 0.293
[84,    50] loss: 0.365
[84,    60] loss: 0.346
[84,    70] loss: 0.297
[84,    80] loss: 0.297
[84,    90] loss: 0.285
[84,   100] loss: 0.329
[84,   110] loss: 0.300
[84,   120] loss: 0.403
[84,   130] loss: 0.289
[84,   140] loss: 0.310
[84,   150] loss: 0.290
[84,   160] loss: 0.347
[84,   170] loss: 0.279
[84,   180] loss: 0.307
[84,   190] loss: 0.311
[84,   200] loss: 0.297
[84,   210] loss: 0.301
[84,   220] loss: 0.334
[84,   230] loss: 0.310
[84,   240] loss: 0.313
[84,   250] loss: 0.359
[84,   260] loss: 0.306
[84,   270] loss: 0.303
[84,   280] loss: 0.352
[84,   290] loss: 0.303
[84,   300] loss: 0.320
[84,   310] loss: 0.253
[84,   320] loss: 0.327
[84,   330] loss: 0.281
[84,   340] loss: 0.318
[84,   350] loss: 0.299
[84,   360] loss: 0.299
[84,   370] loss: 0.338
[84,   380] loss: 0.320
[84,   390] loss: 0.328
[84,   400] loss: 0.268
VALIDATION loss: 0.3084031939506531
[85,    10] loss: 0.286
[85,    20] loss: 0.285
[85,    30] loss: 0.312
[85,    40] loss: 0.337
[85,    50] loss: 0.308
[85,    60] loss: 0.272
[85,    70] loss: 0.310
[85,    80] loss: 0.302
[85,    90] loss: 0.285
[85,   100] loss: 0.343
[85,   110] loss: 0.284
[85,   120] loss: 0.323
[85,   130] loss: 0.323
[85,   140] loss: 0.301
[85,   150] loss: 0.250
[85,   160] loss: 0.321
[85,   170] loss: 0.343
[85,   180] loss: 0.286
[85,   190] loss: 0.323
[85,   200] loss: 0.373
[85,   210] loss: 0.315
[85,   220] loss: 0.326
[85,   230] loss: 0.353
[85,   240] loss: 0.283
[85,   250] loss: 0.321
[85,   260] loss: 0.308
[85,   270] loss: 0.335
[85,   280] loss: 0.331
[85,   290] loss: 0.297
[85,   300] loss: 0.342
[85,   310] loss: 0.294
[85,   320] loss: 0.248
[85,   330] loss: 0.292
[85,   340] loss: 0.332
[85,   350] loss: 0.342
[85,   360] loss: 0.296
[85,   370] loss: 0.326
[85,   380] loss: 0.293
[85,   390] loss: 0.297
[85,   400] loss: 0.314
VALIDATION loss: 1.0990346670150757
[86,    10] loss: 0.330
[86,    20] loss: 0.312
[86,    30] loss: 0.261
[86,    40] loss: 0.297
[86,    50] loss: 0.321
[86,    60] loss: 0.271
[86,    70] loss: 0.310
[86,    80] loss: 0.267
[86,    90] loss: 0.294
[86,   100] loss: 0.335
[86,   110] loss: 0.284
[86,   120] loss: 0.308
[86,   130] loss: 0.304
[86,   140] loss: 0.323
[86,   150] loss: 0.287
[86,   160] loss: 0.324
[86,   170] loss: 0.316
[86,   180] loss: 0.314
[86,   190] loss: 0.303
[86,   200] loss: 0.306
[86,   210] loss: 0.341
[86,   220] loss: 0.329
[86,   230] loss: 0.327
[86,   240] loss: 0.329
[86,   250] loss: 0.311
[86,   260] loss: 0.269
[86,   270] loss: 0.286
[86,   280] loss: 0.309
[86,   290] loss: 0.304
[86,   300] loss: 0.346
[86,   310] loss: 0.271
[86,   320] loss: 0.314
[86,   330] loss: 0.315
[86,   340] loss: 0.271
[86,   350] loss: 0.329
[86,   360] loss: 0.359
[86,   370] loss: 0.320
[86,   380] loss: 0.331
[86,   390] loss: 0.324
[86,   400] loss: 0.291
VALIDATION loss: 0.291170597076416
[87,    10] loss: 0.319
[87,    20] loss: 0.324
[87,    30] loss: 0.304
[87,    40] loss: 0.310
[87,    50] loss: 0.238
[87,    60] loss: 0.314
[87,    70] loss: 0.300
[87,    80] loss: 0.308
[87,    90] loss: 0.311
[87,   100] loss: 0.360
[87,   110] loss: 0.257
[87,   120] loss: 0.287
[87,   130] loss: 0.272
[87,   140] loss: 0.287
[87,   150] loss: 0.295
[87,   160] loss: 0.292
[87,   170] loss: 0.352
[87,   180] loss: 0.301
[87,   190] loss: 0.293
[87,   200] loss: 0.333
[87,   210] loss: 0.301
[87,   220] loss: 0.296
[87,   230] loss: 0.305
[87,   240] loss: 0.313
[87,   250] loss: 0.328
[87,   260] loss: 0.297
[87,   270] loss: 0.294
[87,   280] loss: 0.358
[87,   290] loss: 0.296
[87,   300] loss: 0.327
[87,   310] loss: 0.348
[87,   320] loss: 0.324
[87,   330] loss: 0.313
[87,   340] loss: 0.287
[87,   350] loss: 0.285
[87,   360] loss: 0.318
[87,   370] loss: 0.326
[87,   380] loss: 0.300
[87,   390] loss: 0.302
[87,   400] loss: 0.279
VALIDATION loss: 0.28965407609939575
[88,    10] loss: 0.275
[88,    20] loss: 0.312
[88,    30] loss: 0.359
[88,    40] loss: 0.267
[88,    50] loss: 0.286
[88,    60] loss: 0.339
[88,    70] loss: 0.304
[88,    80] loss: 0.325
[88,    90] loss: 0.317
[88,   100] loss: 0.317
[88,   110] loss: 0.308
[88,   120] loss: 0.329
[88,   130] loss: 0.257
[88,   140] loss: 0.295
[88,   150] loss: 0.289
[88,   160] loss: 0.298
[88,   170] loss: 0.304
[88,   180] loss: 0.336
[88,   190] loss: 0.309
[88,   200] loss: 0.277
[88,   210] loss: 0.292
[88,   220] loss: 0.314
[88,   230] loss: 0.279
[88,   240] loss: 0.325
[88,   250] loss: 0.297
[88,   260] loss: 0.279
[88,   270] loss: 0.284
[88,   280] loss: 0.294
[88,   290] loss: 0.318
[88,   300] loss: 0.298
[88,   310] loss: 0.259
[88,   320] loss: 0.309
[88,   330] loss: 0.297
[88,   340] loss: 0.318
[88,   350] loss: 0.330
[88,   360] loss: 0.313
[88,   370] loss: 0.330
[88,   380] loss: 0.286
[88,   390] loss: 0.318
[88,   400] loss: 0.309
VALIDATION loss: 0.27893495559692383
[89,    10] loss: 0.266
[89,    20] loss: 0.326
[89,    30] loss: 0.271
[89,    40] loss: 0.278
[89,    50] loss: 0.325
[89,    60] loss: 0.311
[89,    70] loss: 0.285
[89,    80] loss: 0.300
[89,    90] loss: 0.279
[89,   100] loss: 0.311
[89,   110] loss: 0.324
[89,   120] loss: 0.295
[89,   130] loss: 0.305
[89,   140] loss: 0.310
[89,   150] loss: 0.299
[89,   160] loss: 0.267
[89,   170] loss: 0.302
[89,   180] loss: 0.354
[89,   190] loss: 0.280
[89,   200] loss: 0.335
[89,   210] loss: 0.265
[89,   220] loss: 0.302
[89,   230] loss: 0.322
[89,   240] loss: 0.345
[89,   250] loss: 0.325
[89,   260] loss: 0.319
[89,   270] loss: 0.311
[89,   280] loss: 0.273
[89,   290] loss: 0.275
[89,   300] loss: 0.305
[89,   310] loss: 0.291
[89,   320] loss: 0.314
[89,   330] loss: 0.267
[89,   340] loss: 0.252
[89,   350] loss: 0.296
[89,   360] loss: 0.315
[89,   370] loss: 0.323
[89,   380] loss: 0.308
[89,   390] loss: 0.288
[89,   400] loss: 0.313
VALIDATION loss: 0.2829824388027191
[90,    10] loss: 0.302
[90,    20] loss: 0.294
[90,    30] loss: 0.282
[90,    40] loss: 0.294
[90,    50] loss: 0.277
[90,    60] loss: 0.274
[90,    70] loss: 0.354
[90,    80] loss: 0.288
[90,    90] loss: 0.284
[90,   100] loss: 0.294
[90,   110] loss: 0.314
[90,   120] loss: 0.298
[90,   130] loss: 0.284
[90,   140] loss: 0.284
[90,   150] loss: 0.297
[90,   160] loss: 0.283
[90,   170] loss: 0.290
[90,   180] loss: 0.285
[90,   190] loss: 0.244
[90,   200] loss: 0.256
[90,   210] loss: 0.278
[90,   220] loss: 0.311
[90,   230] loss: 0.304
[90,   240] loss: 0.289
[90,   250] loss: 0.269
[90,   260] loss: 0.285
[90,   270] loss: 0.306
[90,   280] loss: 0.306
[90,   290] loss: 0.269
[90,   300] loss: 0.319
[90,   310] loss: 0.275
[90,   320] loss: 0.285
[90,   330] loss: 0.348
[90,   340] loss: 0.337
[90,   350] loss: 0.288
[90,   360] loss: 0.283
[90,   370] loss: 0.290
[90,   380] loss: 0.293
[90,   390] loss: 0.302
[90,   400] loss: 0.349
VALIDATION loss: 0.2836223840713501
[91,    10] loss: 0.271
[91,    20] loss: 0.338
[91,    30] loss: 0.286
[91,    40] loss: 0.296
[91,    50] loss: 0.250
[91,    60] loss: 0.264
[91,    70] loss: 0.276
[91,    80] loss: 0.300
[91,    90] loss: 0.338
[91,   100] loss: 0.299
[91,   110] loss: 0.256
[91,   120] loss: 0.300
[91,   130] loss: 0.342
[91,   140] loss: 0.289
[91,   150] loss: 0.307
[91,   160] loss: 0.318
[91,   170] loss: 0.291
[91,   180] loss: 0.286
[91,   190] loss: 0.310
[91,   200] loss: 0.287
[91,   210] loss: 0.295
[91,   220] loss: 0.282
[91,   230] loss: 0.250
[91,   240] loss: 0.297
[91,   250] loss: 0.314
[91,   260] loss: 0.321
[91,   270] loss: 0.296
[91,   280] loss: 0.310
[91,   290] loss: 0.271
[91,   300] loss: 0.289
[91,   310] loss: 0.344
[91,   320] loss: 0.269
[91,   330] loss: 0.309
[91,   340] loss: 0.337
[91,   350] loss: 0.294
[91,   360] loss: 0.301
[91,   370] loss: 0.265
[91,   380] loss: 0.309
[91,   390] loss: 0.272
[91,   400] loss: 0.294
VALIDATION loss: 0.29950711131095886
[92,    10] loss: 0.290
[92,    20] loss: 0.284
[92,    30] loss: 0.294
[92,    40] loss: 0.255
[92,    50] loss: 0.329
[92,    60] loss: 0.291
[92,    70] loss: 0.278
[92,    80] loss: 0.244
[92,    90] loss: 0.287
[92,   100] loss: 0.265
[92,   110] loss: 0.289
[92,   120] loss: 0.334
[92,   130] loss: 0.310
[92,   140] loss: 0.283
[92,   150] loss: 0.282
[92,   160] loss: 0.248
[92,   170] loss: 0.281
[92,   180] loss: 0.299
[92,   190] loss: 0.301
[92,   200] loss: 0.222
[92,   210] loss: 0.343
[92,   220] loss: 0.310
[92,   230] loss: 0.310
[92,   240] loss: 0.292
[92,   250] loss: 0.316
[92,   260] loss: 0.268
[92,   270] loss: 0.312
[92,   280] loss: 0.330
[92,   290] loss: 0.271
[92,   300] loss: 0.289
[92,   310] loss: 0.280
[92,   320] loss: 0.297
[92,   330] loss: 0.345
[92,   340] loss: 0.321
[92,   350] loss: 0.276
[92,   360] loss: 0.263
[92,   370] loss: 0.270
[92,   380] loss: 0.278
[92,   390] loss: 0.313
[92,   400] loss: 0.316
VALIDATION loss: 0.27789217233657837
[93,    10] loss: 0.285
[93,    20] loss: 0.265
[93,    30] loss: 0.289
[93,    40] loss: 0.316
[93,    50] loss: 0.276
[93,    60] loss: 0.293
[93,    70] loss: 0.271
[93,    80] loss: 0.313
[93,    90] loss: 0.300
[93,   100] loss: 0.308
[93,   110] loss: 0.271
[93,   120] loss: 0.311
[93,   130] loss: 0.262
[93,   140] loss: 0.257
[93,   150] loss: 0.281
[93,   160] loss: 0.309
[93,   170] loss: 0.274
[93,   180] loss: 0.285
[93,   190] loss: 0.301
[93,   200] loss: 0.377
[93,   210] loss: 0.346
[93,   220] loss: 0.339
[93,   230] loss: 0.285
[93,   240] loss: 0.264
[93,   250] loss: 0.274
[93,   260] loss: 0.307
[93,   270] loss: 0.251
[93,   280] loss: 0.285
[93,   290] loss: 0.296
[93,   300] loss: 0.325
[93,   310] loss: 0.298
[93,   320] loss: 0.303
[93,   330] loss: 0.275
[93,   340] loss: 0.273
[93,   350] loss: 0.270
[93,   360] loss: 0.280
[93,   370] loss: 0.338
[93,   380] loss: 0.293
[93,   390] loss: 0.377
[93,   400] loss: 0.303
VALIDATION loss: 0.2665783762931824
[94,    10] loss: 0.296
[94,    20] loss: 0.324
[94,    30] loss: 0.277
[94,    40] loss: 0.267
[94,    50] loss: 0.289
[94,    60] loss: 0.314
[94,    70] loss: 0.271
[94,    80] loss: 0.291
[94,    90] loss: 0.250
[94,   100] loss: 0.256
[94,   110] loss: 0.274
[94,   120] loss: 0.292
[94,   130] loss: 0.276
[94,   140] loss: 0.280
[94,   150] loss: 0.308
[94,   160] loss: 0.301
[94,   170] loss: 0.294
[94,   180] loss: 0.305
[94,   190] loss: 0.274
[94,   200] loss: 0.229
[94,   210] loss: 0.294
[94,   220] loss: 0.288
[94,   230] loss: 0.283
[94,   240] loss: 0.274
[94,   250] loss: 0.294
[94,   260] loss: 0.255
[94,   270] loss: 0.276
[94,   280] loss: 0.283
[94,   290] loss: 0.323
[94,   300] loss: 0.307
[94,   310] loss: 0.275
[94,   320] loss: 0.283
[94,   330] loss: 0.292
[94,   340] loss: 0.312
[94,   350] loss: 0.287
[94,   360] loss: 0.294
[94,   370] loss: 0.318
[94,   380] loss: 0.277
[94,   390] loss: 0.312
[94,   400] loss: 0.260
VALIDATION loss: 0.29911255836486816
[95,    10] loss: 0.273
[95,    20] loss: 0.316
[95,    30] loss: 0.253
[95,    40] loss: 0.295
[95,    50] loss: 0.256
[95,    60] loss: 0.308
[95,    70] loss: 0.282
[95,    80] loss: 0.310
[95,    90] loss: 0.288
[95,   100] loss: 0.265
[95,   110] loss: 0.295
[95,   120] loss: 0.257
[95,   130] loss: 0.289
[95,   140] loss: 0.327
[95,   150] loss: 0.268
[95,   160] loss: 0.296
[95,   170] loss: 0.308
[95,   180] loss: 0.302
[95,   190] loss: 0.283
[95,   200] loss: 0.256
[95,   210] loss: 0.291
[95,   220] loss: 0.263
[95,   230] loss: 0.310
[95,   240] loss: 0.265
[95,   250] loss: 0.295
[95,   260] loss: 0.271
[95,   270] loss: 0.264
[95,   280] loss: 0.240
[95,   290] loss: 0.267
[95,   300] loss: 0.296
[95,   310] loss: 0.306
[95,   320] loss: 0.275
[95,   330] loss: 0.273
[95,   340] loss: 0.276
[95,   350] loss: 0.351
[95,   360] loss: 0.285
[95,   370] loss: 0.292
[95,   380] loss: 0.345
[95,   390] loss: 0.278
[95,   400] loss: 0.283
VALIDATION loss: 0.3381548225879669
[96,    10] loss: 0.292
[96,    20] loss: 0.293
[96,    30] loss: 0.322
[96,    40] loss: 0.279
[96,    50] loss: 0.301
[96,    60] loss: 0.275
[96,    70] loss: 0.264
[96,    80] loss: 0.260
[96,    90] loss: 0.274
[96,   100] loss: 0.314
[96,   110] loss: 0.272
[96,   120] loss: 0.254
[96,   130] loss: 0.256
[96,   140] loss: 0.267
[96,   150] loss: 0.305
[96,   160] loss: 0.318
[96,   170] loss: 0.295
[96,   180] loss: 0.332
[96,   190] loss: 0.237
[96,   200] loss: 0.286
[96,   210] loss: 0.296
[96,   220] loss: 0.267
[96,   230] loss: 0.292
[96,   240] loss: 0.303
[96,   250] loss: 0.306
[96,   260] loss: 0.305
[96,   270] loss: 0.271
[96,   280] loss: 0.269
[96,   290] loss: 0.279
[96,   300] loss: 0.238
[96,   310] loss: 0.300
[96,   320] loss: 0.322
[96,   330] loss: 0.293
[96,   340] loss: 0.290
[96,   350] loss: 0.258
[96,   360] loss: 0.284
[96,   370] loss: 0.261
[96,   380] loss: 0.258
[96,   390] loss: 0.288
[96,   400] loss: 0.263
VALIDATION loss: 0.2752324044704437
[97,    10] loss: 0.253
[97,    20] loss: 0.256
[97,    30] loss: 0.313
[97,    40] loss: 0.255
[97,    50] loss: 0.324
[97,    60] loss: 0.290
[97,    70] loss: 0.356
[97,    80] loss: 0.303
[97,    90] loss: 0.284
[97,   100] loss: 0.263
[97,   110] loss: 0.272
[97,   120] loss: 0.266
[97,   130] loss: 0.281
[97,   140] loss: 0.280
[97,   150] loss: 0.282
[97,   160] loss: 0.294
[97,   170] loss: 0.272
[97,   180] loss: 0.309
[97,   190] loss: 0.306
[97,   200] loss: 0.287
[97,   210] loss: 0.294
[97,   220] loss: 0.320
[97,   230] loss: 0.236
[97,   240] loss: 0.267
[97,   250] loss: 0.302
[97,   260] loss: 0.328
[97,   270] loss: 0.302
[97,   280] loss: 0.337
[97,   290] loss: 0.284
[97,   300] loss: 0.262
[97,   310] loss: 0.228
[97,   320] loss: 0.320
[97,   330] loss: 0.268
[97,   340] loss: 0.259
[97,   350] loss: 0.284
[97,   360] loss: 0.256
[97,   370] loss: 0.309
[97,   380] loss: 0.259
[97,   390] loss: 0.276
[97,   400] loss: 0.291
VALIDATION loss: 0.25812554359436035
[98,    10] loss: 0.292
[98,    20] loss: 0.265
[98,    30] loss: 0.302
[98,    40] loss: 0.247
[98,    50] loss: 0.313
[98,    60] loss: 0.312
[98,    70] loss: 0.280
[98,    80] loss: 0.294
[98,    90] loss: 0.285
[98,   100] loss: 0.267
[98,   110] loss: 0.323
[98,   120] loss: 0.278
[98,   130] loss: 0.269
[98,   140] loss: 0.250
[98,   150] loss: 0.283
[98,   160] loss: 0.246
[98,   170] loss: 0.285
[98,   180] loss: 0.281
[98,   190] loss: 0.289
[98,   200] loss: 0.255
[98,   210] loss: 0.247
[98,   220] loss: 0.254
[98,   230] loss: 0.290
[98,   240] loss: 0.332
[98,   250] loss: 0.269
[98,   260] loss: 0.322
[98,   270] loss: 0.240
[98,   280] loss: 0.275
[98,   290] loss: 0.264
[98,   300] loss: 0.296
[98,   310] loss: 0.261
[98,   320] loss: 0.273
[98,   330] loss: 0.281
[98,   340] loss: 0.260
[98,   350] loss: 0.285
[98,   360] loss: 0.278
[98,   370] loss: 0.263
[98,   380] loss: 0.308
[98,   390] loss: 0.265
[98,   400] loss: 0.281
VALIDATION loss: 0.2806241810321808
[99,    10] loss: 0.292
[99,    20] loss: 0.270
[99,    30] loss: 0.228
[99,    40] loss: 0.234
[99,    50] loss: 0.259
[99,    60] loss: 0.296
[99,    70] loss: 0.332
[99,    80] loss: 0.267
[99,    90] loss: 0.288
[99,   100] loss: 0.275
[99,   110] loss: 0.266
[99,   120] loss: 0.320
[99,   130] loss: 0.267
[99,   140] loss: 0.294
[99,   150] loss: 0.303
[99,   160] loss: 0.337
[99,   170] loss: 0.279
[99,   180] loss: 0.277
[99,   190] loss: 0.315
[99,   200] loss: 0.312
[99,   210] loss: 0.249
[99,   220] loss: 0.237
[99,   230] loss: 0.287
[99,   240] loss: 0.269
[99,   250] loss: 0.304
[99,   260] loss: 0.268
[99,   270] loss: 0.265
[99,   280] loss: 0.263
[99,   290] loss: 0.267
[99,   300] loss: 0.232
[99,   310] loss: 0.258
[99,   320] loss: 0.272
[99,   330] loss: 0.259
[99,   340] loss: 0.280
[99,   350] loss: 0.248
[99,   360] loss: 0.273
[99,   370] loss: 0.272
[99,   380] loss: 0.308
[99,   390] loss: 0.250
[99,   400] loss: 0.297
VALIDATION loss: 0.2543458342552185
[100,    10] loss: 0.284
[100,    20] loss: 0.298
[100,    30] loss: 0.314
[100,    40] loss: 0.261
[100,    50] loss: 0.216
[100,    60] loss: 0.294
[100,    70] loss: 0.244
[100,    80] loss: 0.252
[100,    90] loss: 0.272
[100,   100] loss: 0.262
[100,   110] loss: 0.290
[100,   120] loss: 0.268
[100,   130] loss: 0.260
[100,   140] loss: 0.325
[100,   150] loss: 0.284
[100,   160] loss: 0.274
[100,   170] loss: 0.326
[100,   180] loss: 0.278
[100,   190] loss: 0.243
[100,   200] loss: 0.262
[100,   210] loss: 0.299
[100,   220] loss: 0.281
[100,   230] loss: 0.304
[100,   240] loss: 0.278
[100,   250] loss: 0.222
[100,   260] loss: 0.251
[100,   270] loss: 0.277
[100,   280] loss: 0.313
[100,   290] loss: 0.310
[100,   300] loss: 0.278
[100,   310] loss: 0.288
[100,   320] loss: 0.303
[100,   330] loss: 0.267
[100,   340] loss: 0.272
[100,   350] loss: 0.223
[100,   360] loss: 0.305
[100,   370] loss: 0.259
[100,   380] loss: 0.305
[100,   390] loss: 0.318
[100,   400] loss: 0.309
VALIDATION loss: 0.2505103349685669
Finished !!
Accuracy of the network: 87.99 %
