Collecting dill==0.3.4 (from -r requirements.txt (line 1))
  Using cached https://files.pythonhosted.org/packages/b6/c3/973676ceb86b60835bb3978c6db67a5dc06be6cfdbd14ef0f5a13e3fc9fd/dill-0.3.4-py2.py3-none-any.whl
Requirement already satisfied: laplace==0.1 in /zhome/45/c/128687/.local/lib/python3.6/site-packages (from -r requirements.txt (line 2))
Collecting matplotlib==3.4.0 (from -r requirements.txt (line 3))
Small: 0
Transform: 0
MaxPool: 0
Running GPU.
[1,    10] loss: 1.931
[1,    20] loss: 1.905
[1,    30] loss: 1.851
[1,    40] loss: 1.865
[1,    50] loss: 1.813
[1,    60] loss: 1.809
[1,    70] loss: 1.772
[1,    80] loss: 1.794
[1,    90] loss: 1.771
[1,   100] loss: 1.770
[1,   110] loss: 1.756
[1,   120] loss: 1.742
[1,   130] loss: 1.698
[1,   140] loss: 1.729
[1,   150] loss: 1.741
[1,   160] loss: 1.697
[1,   170] loss: 1.740
[1,   180] loss: 1.719
[1,   190] loss: 1.686
[1,   200] loss: 1.696
[1,   210] loss: 1.667
[1,   220] loss: 1.712
[1,   230] loss: 1.666
[1,   240] loss: 1.696
[1,   250] loss: 1.645
[1,   260] loss: 1.665
[1,   270] loss: 1.681
[1,   280] loss: 1.690
[1,   290] loss: 1.667
[1,   300] loss: 1.643
[1,   310] loss: 1.647
[1,   320] loss: 1.679
[1,   330] loss: 1.615
[1,   340] loss: 1.639
[1,   350] loss: 1.601
[1,   360] loss: 1.615
[1,   370] loss: 1.618
[1,   380] loss: 1.615
[1,   390] loss: 1.602
[1,   400] loss: 1.623
VALIDATION loss: 1.5690540075302124
[2,    10] loss: 1.581
[2,    20] loss: 1.619
[2,    30] loss: 1.612
[2,    40] loss: 1.614
[2,    50] loss: 1.597
[2,    60] loss: 1.549
[2,    70] loss: 1.612
[2,    80] loss: 1.607
[2,    90] loss: 1.605
[2,   100] loss: 1.576
[2,   110] loss: 1.525
[2,   120] loss: 1.587
[2,   130] loss: 1.555
[2,   140] loss: 1.595
[2,   150] loss: 1.549
[2,   160] loss: 1.568
[2,   170] loss: 1.534
[2,   180] loss: 1.561
[2,   190] loss: 1.591
[2,   200] loss: 1.545
[2,   210] loss: 1.574
[2,   220] loss: 1.545
[2,   230] loss: 1.516
[2,   240] loss: 1.527
[2,   250] loss: 1.489
[2,   260] loss: 1.533
[2,   270] loss: 1.527
[2,   280] loss: 1.553
[2,   290] loss: 1.542
[2,   300] loss: 1.521
[2,   310] loss: 1.486
[2,   320] loss: 1.514
[2,   330] loss: 1.562
[2,   340] loss: 1.499
[2,   350] loss: 1.526
[2,   360] loss: 1.503
[2,   370] loss: 1.471
[2,   380] loss: 1.453
[2,   390] loss: 1.492
[2,   400] loss: 1.521
VALIDATION loss: 1.436630368232727
[3,    10] loss: 1.541
[3,    20] loss: 1.496
[3,    30] loss: 1.494
[3,    40] loss: 1.479
[3,    50] loss: 1.453
[3,    60] loss: 1.466
[3,    70] loss: 1.512
[3,    80] loss: 1.478
[3,    90] loss: 1.479
[3,   100] loss: 1.483
[3,   110] loss: 1.444
[3,   120] loss: 1.471
[3,   130] loss: 1.476
[3,   140] loss: 1.450
[3,   150] loss: 1.452
[3,   160] loss: 1.464
[3,   170] loss: 1.421
[3,   180] loss: 1.468
[3,   190] loss: 1.416
[3,   200] loss: 1.419
[3,   210] loss: 1.463
[3,   220] loss: 1.479
[3,   230] loss: 1.435
[3,   240] loss: 1.420
[3,   250] loss: 1.479
[3,   260] loss: 1.430
[3,   270] loss: 1.465
[3,   280] loss: 1.464
[3,   290] loss: 1.428
[3,   300] loss: 1.407
[3,   310] loss: 1.386
[3,   320] loss: 1.411
[3,   330] loss: 1.447
[3,   340] loss: 1.466
[3,   350] loss: 1.430
[3,   360] loss: 1.419
[3,   370] loss: 1.464
[3,   380] loss: 1.372
[3,   390] loss: 1.444
[3,   400] loss: 1.433
VALIDATION loss: 1.3653804063796997
[4,    10] loss: 1.424
[4,    20] loss: 1.457
[4,    30] loss: 1.403
[4,    40] loss: 1.394
[4,    50] loss: 1.363
[4,    60] loss: 1.386
[4,    70] loss: 1.423
[4,    80] loss: 1.435
[4,    90] loss: 1.424
[4,   100] loss: 1.433
[4,   110] loss: 1.359
[4,   120] loss: 1.395
[4,   130] loss: 1.362
[4,   140] loss: 1.412
[4,   150] loss: 1.417
[4,   160] loss: 1.402
[4,   170] loss: 1.353
[4,   180] loss: 1.381
[4,   190] loss: 1.365
[4,   200] loss: 1.353
[4,   210] loss: 1.369
[4,   220] loss: 1.384
[4,   230] loss: 1.367
[4,   240] loss: 1.393
[4,   250] loss: 1.438
[4,   260] loss: 1.408
[4,   270] loss: 1.358
[4,   280] loss: 1.371
[4,   290] loss: 1.326
[4,   300] loss: 1.423
[4,   310] loss: 1.360
[4,   320] loss: 1.382
[4,   330] loss: 1.384
[4,   340] loss: 1.335
[4,   350] loss: 1.366
[4,   360] loss: 1.339
[4,   370] loss: 1.338
[4,   380] loss: 1.321
[4,   390] loss: 1.403
[4,   400] loss: 1.351
VALIDATION loss: 1.421057939529419
[5,    10] loss: 1.392
[5,    20] loss: 1.381
[5,    30] loss: 1.360
[5,    40] loss: 1.328
[5,    50] loss: 1.329
[5,    60] loss: 1.298
[5,    70] loss: 1.345
[5,    80] loss: 1.360
[5,    90] loss: 1.356
[5,   100] loss: 1.286
[5,   110] loss: 1.365
[5,   120] loss: 1.301
[5,   130] loss: 1.282
[5,   140] loss: 1.382
[5,   150] loss: 1.296
[5,   160] loss: 1.421
[5,   170] loss: 1.301
[5,   180] loss: 1.362
[5,   190] loss: 1.352
[5,   200] loss: 1.292
[5,   210] loss: 1.354
[5,   220] loss: 1.328
[5,   230] loss: 1.323
[5,   240] loss: 1.359
[5,   250] loss: 1.298
[5,   260] loss: 1.325
[5,   270] loss: 1.424
[5,   280] loss: 1.323
[5,   290] loss: 1.338
[5,   300] loss: 1.337
[5,   310] loss: 1.281
[5,   320] loss: 1.322
[5,   330] loss: 1.249
[5,   340] loss: 1.343
[5,   350] loss: 1.286
[5,   360] loss: 1.301
[5,   370] loss: 1.255
[5,   380] loss: 1.285
[5,   390] loss: 1.285
[5,   400] loss: 1.319
VALIDATION loss: 1.254084825515747
[6,    10] loss: 1.262
[6,    20] loss: 1.317
[6,    30] loss: 1.263
[6,    40] loss: 1.283
[6,    50] loss: 1.252
[6,    60] loss: 1.330
[6,    70] loss: 1.319
[6,    80] loss: 1.249
[6,    90] loss: 1.295
[6,   100] loss: 1.274
[6,   110] loss: 1.281
[6,   120] loss: 1.339
[6,   130] loss: 1.270
[6,   140] loss: 1.307
[6,   150] loss: 1.314
[6,   160] loss: 1.273
[6,   170] loss: 1.298
[6,   180] loss: 1.299
[6,   190] loss: 1.242
[6,   200] loss: 1.338
[6,   210] loss: 1.278
[6,   220] loss: 1.263
[6,   230] loss: 1.221
[6,   240] loss: 1.272
[6,   250] loss: 1.275
[6,   260] loss: 1.231
[6,   270] loss: 1.277
[6,   280] loss: 1.186
[6,   290] loss: 1.263
[6,   300] loss: 1.237
[6,   310] loss: 1.247
[6,   320] loss: 1.275
[6,   330] loss: 1.303
[6,   340] loss: 1.235
[6,   350] loss: 1.258
[6,   360] loss: 1.246
[6,   370] loss: 1.259
[6,   380] loss: 1.245
[6,   390] loss: 1.218
[6,   400] loss: 1.295
VALIDATION loss: 1.1928447484970093
[7,    10] loss: 1.225
[7,    20] loss: 1.224
[7,    30] loss: 1.246
[7,    40] loss: 1.210
[7,    50] loss: 1.230
[7,    60] loss: 1.312
[7,    70] loss: 1.192
[7,    80] loss: 1.234
[7,    90] loss: 1.226
[7,   100] loss: 1.189
[7,   110] loss: 1.224
[7,   120] loss: 1.270
[7,   130] loss: 1.194
[7,   140] loss: 1.236
[7,   150] loss: 1.181
[7,   160] loss: 1.248
[7,   170] loss: 1.193
[7,   180] loss: 1.222
[7,   190] loss: 1.259
[7,   200] loss: 1.244
[7,   210] loss: 1.255
[7,   220] loss: 1.242
[7,   230] loss: 1.188
[7,   240] loss: 1.256
[7,   250] loss: 1.269
[7,   260] loss: 1.212
[7,   270] loss: 1.282
[7,   280] loss: 1.225
[7,   290] loss: 1.221
[7,   300] loss: 1.183
[7,   310] loss: 1.201
[7,   320] loss: 1.239
[7,   330] loss: 1.215
[7,   340] loss: 1.263
[7,   350] loss: 1.251
[7,   360] loss: 1.207
[7,   370] loss: 1.220
[7,   380] loss: 1.206
[7,   390] loss: 1.241
[7,   400] loss: 1.225
VALIDATION loss: 1.1829499006271362
[8,    10] loss: 1.264
[8,    20] loss: 1.160
[8,    30] loss: 1.126
[8,    40] loss: 1.208
[8,    50] loss: 1.251
[8,    60] loss: 1.235
[8,    70] loss: 1.153
[8,    80] loss: 1.261
[8,    90] loss: 1.199
[8,   100] loss: 1.198
[8,   110] loss: 1.254
[8,   120] loss: 1.234
[8,   130] loss: 1.225
[8,   140] loss: 1.141
[8,   150] loss: 1.171
[8,   160] loss: 1.220
[8,   170] loss: 1.224
[8,   180] loss: 1.208
[8,   190] loss: 1.161
[8,   200] loss: 1.231
[8,   210] loss: 1.120
[8,   220] loss: 1.201
[8,   230] loss: 1.146
[8,   240] loss: 1.172
[8,   250] loss: 1.158
[8,   260] loss: 1.265
[8,   270] loss: 1.216
[8,   280] loss: 1.151
[8,   290] loss: 1.205
[8,   300] loss: 1.170
[8,   310] loss: 1.171
[8,   320] loss: 1.191
[8,   330] loss: 1.122
[8,   340] loss: 1.178
[8,   350] loss: 1.152
[8,   360] loss: 1.193
[8,   370] loss: 1.165
[8,   380] loss: 1.184
[8,   390] loss: 1.125
[8,   400] loss: 1.161
VALIDATION loss: 1.2392280101776123
[9,    10] loss: 1.174
[9,    20] loss: 1.184
[9,    30] loss: 1.180
[9,    40] loss: 1.106
[9,    50] loss: 1.158
[9,    60] loss: 1.165
[9,    70] loss: 1.170
[9,    80] loss: 1.147
[9,    90] loss: 1.155
[9,   100] loss: 1.147
[9,   110] loss: 1.161
[9,   120] loss: 1.153
[9,   130] loss: 1.197
[9,   140] loss: 1.130
[9,   150] loss: 1.204
[9,   160] loss: 1.136
[9,   170] loss: 1.141
[9,   180] loss: 1.172
[9,   190] loss: 1.152
[9,   200] loss: 1.112
[9,   210] loss: 1.160
[9,   220] loss: 1.086
[9,   230] loss: 1.167
[9,   240] loss: 1.118
[9,   250] loss: 1.156
[9,   260] loss: 1.097
[9,   270] loss: 1.153
[9,   280] loss: 1.120
[9,   290] loss: 1.139
[9,   300] loss: 1.135
[9,   310] loss: 1.181
[9,   320] loss: 1.138
[9,   330] loss: 1.129
[9,   340] loss: 1.135
[9,   350] loss: 1.157
[9,   360] loss: 1.199
[9,   370] loss: 1.177
[9,   380] loss: 1.094
[9,   390] loss: 1.121
[9,   400] loss: 1.131
VALIDATION loss: 1.1626012325286865
[10,    10] loss: 1.134
[10,    20] loss: 1.138
[10,    30] loss: 1.126
[10,    40] loss: 1.121
[10,    50] loss: 1.122
[10,    60] loss: 1.122
[10,    70] loss: 1.140
[10,    80] loss: 1.171
[10,    90] loss: 1.121
[10,   100] loss: 1.104
[10,   110] loss: 1.143
[10,   120] loss: 1.052
[10,   130] loss: 1.113
[10,   140] loss: 1.117
[10,   150] loss: 1.164
[10,   160] loss: 1.169
[10,   170] loss: 1.149
[10,   180] loss: 1.107
[10,   190] loss: 1.073
[10,   200] loss: 1.116
[10,   210] loss: 1.115
[10,   220] loss: 1.116
[10,   230] loss: 1.086
[10,   240] loss: 1.107
[10,   250] loss: 1.074
[10,   260] loss: 1.118
[10,   270] loss: 1.130
[10,   280] loss: 1.167
[10,   290] loss: 1.083
[10,   300] loss: 1.074
[10,   310] loss: 1.095
[10,   320] loss: 1.085
[10,   330] loss: 1.134
[10,   340] loss: 1.074
[10,   350] loss: 1.155
[10,   360] loss: 1.068
[10,   370] loss: 1.111
[10,   380] loss: 1.065
[10,   390] loss: 1.090
[10,   400] loss: 1.028
VALIDATION loss: 1.0398695468902588
[11,    10] loss: 1.049
[11,    20] loss: 1.101
[11,    30] loss: 1.112
[11,    40] loss: 1.074
[11,    50] loss: 1.113
[11,    60] loss: 1.101
[11,    70] loss: 1.097
[11,    80] loss: 1.059
[11,    90] loss: 1.060
[11,   100] loss: 1.128
[11,   110] loss: 1.074
[11,   120] loss: 1.048
[11,   130] loss: 1.159
[11,   140] loss: 1.142
[11,   150] loss: 1.104
[11,   160] loss: 1.061
[11,   170] loss: 1.085
[11,   180] loss: 1.086
[11,   190] loss: 1.085
[11,   200] loss: 1.088
[11,   210] loss: 1.101
[11,   220] loss: 1.088
[11,   230] loss: 1.051
[11,   240] loss: 1.067
[11,   250] loss: 1.042
[11,   260] loss: 1.104
[11,   270] loss: 1.057
[11,   280] loss: 1.040
[11,   290] loss: 1.109
[11,   300] loss: 1.081
[11,   310] loss: 1.077
[11,   320] loss: 1.121
[11,   330] loss: 1.027
[11,   340] loss: 1.091
[11,   350] loss: 1.055
[11,   360] loss: 1.014
[11,   370] loss: 1.061
[11,   380] loss: 1.114
[11,   390] loss: 1.019
[11,   400] loss: 1.076
VALIDATION loss: 1.0621752738952637
[12,    10] loss: 1.067
[12,    20] loss: 1.032
[12,    30] loss: 1.017
[12,    40] loss: 1.075
[12,    50] loss: 1.108
[12,    60] loss: 1.059
[12,    70] loss: 1.034
[12,    80] loss: 1.054
[12,    90] loss: 1.059
[12,   100] loss: 1.077
[12,   110] loss: 1.050
[12,   120] loss: 1.105
[12,   130] loss: 1.101
[12,   140] loss: 1.040
[12,   150] loss: 1.103
[12,   160] loss: 1.115
[12,   170] loss: 1.007
[12,   180] loss: 1.019
[12,   190] loss: 1.018
[12,   200] loss: 1.022
[12,   210] loss: 1.021
[12,   220] loss: 1.093
[12,   230] loss: 1.020
[12,   240] loss: 1.090
[12,   250] loss: 1.014
[12,   260] loss: 1.026
[12,   270] loss: 1.046
[12,   280] loss: 0.988
[12,   290] loss: 1.069
[12,   300] loss: 1.039
[12,   310] loss: 1.019
[12,   320] loss: 1.054
[12,   330] loss: 1.093
[12,   340] loss: 1.031
[12,   350] loss: 1.063
[12,   360] loss: 1.072
[12,   370] loss: 1.015
[12,   380] loss: 1.076
[12,   390] loss: 1.020
[12,   400] loss: 1.043
VALIDATION loss: 1.0162760019302368
[13,    10] loss: 1.002
[13,    20] loss: 1.060
[13,    30] loss: 0.999
[13,    40] loss: 1.028
[13,    50] loss: 1.006
[13,    60] loss: 1.035
[13,    70] loss: 1.017
[13,    80] loss: 1.070
[13,    90] loss: 1.059
[13,   100] loss: 0.981
[13,   110] loss: 1.040
[13,   120] loss: 0.995
[13,   130] loss: 1.019
[13,   140] loss: 1.062
[13,   150] loss: 0.984
[13,   160] loss: 0.988
[13,   170] loss: 1.073
[13,   180] loss: 1.011
[13,   190] loss: 1.051
[13,   200] loss: 1.020
[13,   210] loss: 1.050
[13,   220] loss: 0.993
[13,   230] loss: 1.050
[13,   240] loss: 0.948
[13,   250] loss: 1.000
[13,   260] loss: 1.004
[13,   270] loss: 1.068
[13,   280] loss: 1.023
[13,   290] loss: 1.041
[13,   300] loss: 1.015
[13,   310] loss: 1.066
[13,   320] loss: 1.050
[13,   330] loss: 0.974
[13,   340] loss: 1.017
[13,   350] loss: 1.025
[13,   360] loss: 1.007
[13,   370] loss: 1.038
[13,   380] loss: 0.937
[13,   390] loss: 0.983
[13,   400] loss: 0.979
VALIDATION loss: 1.0161778926849365
[14,    10] loss: 1.037
[14,    20] loss: 1.027
[14,    30] loss: 0.976
[14,    40] loss: 1.027
[14,    50] loss: 0.977
[14,    60] loss: 0.933
[14,    70] loss: 1.007
[14,    80] loss: 1.006
[14,    90] loss: 1.006
[14,   100] loss: 1.006
[14,   110] loss: 1.021
[14,   120] loss: 1.016
[14,   130] loss: 1.012
[14,   140] loss: 1.003
[14,   150] loss: 0.970
[14,   160] loss: 1.050
[14,   170] loss: 1.006
[14,   180] loss: 1.026
[14,   190] loss: 0.998
[14,   200] loss: 0.990
[14,   210] loss: 0.994
[14,   220] loss: 1.005
[14,   230] loss: 0.993
[14,   240] loss: 0.980
[14,   250] loss: 1.022
[14,   260] loss: 0.925
[14,   270] loss: 1.021
[14,   280] loss: 0.984
[14,   290] loss: 0.991
[14,   300] loss: 0.950
[14,   310] loss: 0.985
[14,   320] loss: 0.942
[14,   330] loss: 1.000
[14,   340] loss: 0.986
[14,   350] loss: 0.957
[14,   360] loss: 0.962
[14,   370] loss: 1.003
[14,   380] loss: 0.917
[14,   390] loss: 0.965
[14,   400] loss: 1.034
VALIDATION loss: 0.9195801615715027
[15,    10] loss: 0.999
[15,    20] loss: 0.976
[15,    30] loss: 0.954
[15,    40] loss: 0.998
[15,    50] loss: 0.868
[15,    60] loss: 1.055
[15,    70] loss: 0.970
[15,    80] loss: 1.003
[15,    90] loss: 0.996
[15,   100] loss: 0.997
[15,   110] loss: 0.901
[15,   120] loss: 0.967
[15,   130] loss: 0.984
[15,   140] loss: 0.975
[15,   150] loss: 0.959
[15,   160] loss: 1.018
[15,   170] loss: 0.939
[15,   180] loss: 1.001
[15,   190] loss: 1.048
[15,   200] loss: 0.970
[15,   210] loss: 0.946
[15,   220] loss: 0.980
[15,   230] loss: 1.004
[15,   240] loss: 0.974
[15,   250] loss: 0.946
[15,   260] loss: 0.972
[15,   270] loss: 0.964
[15,   280] loss: 0.917
[15,   290] loss: 0.922
[15,   300] loss: 0.979
[15,   310] loss: 0.955
[15,   320] loss: 0.930
[15,   330] loss: 0.976
[15,   340] loss: 0.998
[15,   350] loss: 0.962
[15,   360] loss: 0.953
[15,   370] loss: 0.923
[15,   380] loss: 0.961
[15,   390] loss: 0.861
[15,   400] loss: 0.911
VALIDATION loss: 0.9684913754463196
[16,    10] loss: 0.906
[16,    20] loss: 0.885
[16,    30] loss: 0.890
[16,    40] loss: 0.983
[16,    50] loss: 0.986
[16,    60] loss: 0.929
[16,    70] loss: 0.941
[16,    80] loss: 0.950
[16,    90] loss: 0.962
[16,   100] loss: 0.979
[16,   110] loss: 0.954
[16,   120] loss: 0.985
[16,   130] loss: 0.958
[16,   140] loss: 0.983
[16,   150] loss: 0.958
[16,   160] loss: 0.972
[16,   170] loss: 0.910
[16,   180] loss: 0.970
[16,   190] loss: 0.907
[16,   200] loss: 0.932
[16,   210] loss: 0.928
[16,   220] loss: 0.927
[16,   230] loss: 0.921
[16,   240] loss: 0.997
[16,   250] loss: 1.014
[16,   260] loss: 0.937
[16,   270] loss: 0.957
[16,   280] loss: 0.917
[16,   290] loss: 1.000
[16,   300] loss: 0.923
[16,   310] loss: 0.920
[16,   320] loss: 0.898
[16,   330] loss: 0.932
[16,   340] loss: 0.898
[16,   350] loss: 0.964
[16,   360] loss: 0.875
[16,   370] loss: 0.963
[16,   380] loss: 0.931
[16,   390] loss: 0.885
[16,   400] loss: 0.896
VALIDATION loss: 0.9387567639350891
[17,    10] loss: 0.914
[17,    20] loss: 0.930
[17,    30] loss: 0.942
[17,    40] loss: 0.917
[17,    50] loss: 0.917
[17,    60] loss: 0.880
[17,    70] loss: 0.914
[17,    80] loss: 0.946
[17,    90] loss: 0.891
[17,   100] loss: 0.902
[17,   110] loss: 0.900
[17,   120] loss: 0.940
[17,   130] loss: 0.945
[17,   140] loss: 0.913
[17,   150] loss: 0.925
[17,   160] loss: 0.877
[17,   170] loss: 0.952
[17,   180] loss: 0.997
[17,   190] loss: 0.906
[17,   200] loss: 0.891
[17,   210] loss: 0.960
[17,   220] loss: 0.891
[17,   230] loss: 0.907
[17,   240] loss: 0.910
[17,   250] loss: 1.002
[17,   260] loss: 0.870
[17,   270] loss: 0.906
[17,   280] loss: 0.911
[17,   290] loss: 0.934
[17,   300] loss: 0.962
[17,   310] loss: 0.890
[17,   320] loss: 0.903
[17,   330] loss: 0.900
[17,   340] loss: 0.863
[17,   350] loss: 0.903
[17,   360] loss: 0.917
[17,   370] loss: 0.971
[17,   380] loss: 0.952
[17,   390] loss: 0.987
[17,   400] loss: 0.907
VALIDATION loss: 0.8707277178764343
[18,    10] loss: 0.886
[18,    20] loss: 0.891
[18,    30] loss: 0.902
[18,    40] loss: 0.913
[18,    50] loss: 0.857
[18,    60] loss: 0.919
[18,    70] loss: 0.901
[18,    80] loss: 0.964
[18,    90] loss: 0.923
[18,   100] loss: 0.914
[18,   110] loss: 0.879
[18,   120] loss: 0.926
[18,   130] loss: 0.901
[18,   140] loss: 0.866
[18,   150] loss: 0.881
[18,   160] loss: 0.932
[18,   170] loss: 0.861
[18,   180] loss: 0.912
[18,   190] loss: 0.846
[18,   200] loss: 0.899
[18,   210] loss: 0.980
[18,   220] loss: 0.929
[18,   230] loss: 0.838
[18,   240] loss: 0.887
[18,   250] loss: 0.898
[18,   260] loss: 0.856
[18,   270] loss: 0.943
[18,   280] loss: 0.855
[18,   290] loss: 0.888
[18,   300] loss: 0.874
[18,   310] loss: 0.895
[18,   320] loss: 0.962
[18,   330] loss: 0.927
[18,   340] loss: 0.901
[18,   350] loss: 0.900
[18,   360] loss: 0.943
[18,   370] loss: 0.886
[18,   380] loss: 0.914
[18,   390] loss: 0.867
[18,   400] loss: 0.867
VALIDATION loss: 0.9400832056999207
[19,    10] loss: 0.903
[19,    20] loss: 0.806
[19,    30] loss: 0.916
[19,    40] loss: 0.922
[19,    50] loss: 0.883
[19,    60] loss: 0.856
[19,    70] loss: 0.879
[19,    80] loss: 0.883
[19,    90] loss: 0.814
[19,   100] loss: 0.908
[19,   110] loss: 0.867
[19,   120] loss: 0.858
[19,   130] loss: 0.884
[19,   140] loss: 0.857
[19,   150] loss: 0.943
[19,   160] loss: 0.866
[19,   170] loss: 0.847
[19,   180] loss: 0.893
[19,   190] loss: 0.903
[19,   200] loss: 0.916
[19,   210] loss: 0.928
[19,   220] loss: 0.883
[19,   230] loss: 0.860
[19,   240] loss: 0.907
[19,   250] loss: 0.915
[19,   260] loss: 0.846
[19,   270] loss: 0.886
[19,   280] loss: 0.834
[19,   290] loss: 0.897
[19,   300] loss: 0.884
[19,   310] loss: 0.773
[19,   320] loss: 0.819
[19,   330] loss: 0.890
[19,   340] loss: 0.880
[19,   350] loss: 0.903
[19,   360] loss: 0.865
[19,   370] loss: 0.828
[19,   380] loss: 0.920
[19,   390] loss: 0.853
[19,   400] loss: 0.913
VALIDATION loss: 0.8251016139984131
[20,    10] loss: 0.918
[20,    20] loss: 0.862
[20,    30] loss: 0.874
[20,    40] loss: 0.863
[20,    50] loss: 0.909
[20,    60] loss: 0.850
[20,    70] loss: 0.928
[20,    80] loss: 0.861
[20,    90] loss: 0.836
[20,   100] loss: 0.909
[20,   110] loss: 0.842
[20,   120] loss: 0.830
[20,   130] loss: 0.797
[20,   140] loss: 0.840
[20,   150] loss: 0.908
[20,   160] loss: 0.862
[20,   170] loss: 0.885
[20,   180] loss: 0.843
[20,   190] loss: 0.837
[20,   200] loss: 0.804
[20,   210] loss: 0.815
[20,   220] loss: 0.898
[20,   230] loss: 0.784
[20,   240] loss: 0.826
[20,   250] loss: 0.843
[20,   260] loss: 0.898
[20,   270] loss: 0.825
[20,   280] loss: 0.873
[20,   290] loss: 0.880
[20,   300] loss: 0.887
[20,   310] loss: 0.831
[20,   320] loss: 0.805
[20,   330] loss: 0.853
[20,   340] loss: 0.857
[20,   350] loss: 0.831
[20,   360] loss: 0.874
[20,   370] loss: 0.856
[20,   380] loss: 0.869
[20,   390] loss: 0.845
[20,   400] loss: 0.819
VALIDATION loss: 0.7991489768028259
[21,    10] loss: 0.791
[21,    20] loss: 0.846
[21,    30] loss: 0.759
[21,    40] loss: 0.890
[21,    50] loss: 0.851
[21,    60] loss: 0.804
[21,    70] loss: 0.860
[21,    80] loss: 0.794
[21,    90] loss: 0.865
[21,   100] loss: 0.813
[21,   110] loss: 0.818
[21,   120] loss: 0.910
[21,   130] loss: 0.852
[21,   140] loss: 0.823
[21,   150] loss: 0.898
[21,   160] loss: 0.834
[21,   170] loss: 0.845
[21,   180] loss: 0.829
[21,   190] loss: 0.862
[21,   200] loss: 0.797
[21,   210] loss: 0.820
[21,   220] loss: 0.845
[21,   230] loss: 0.823
[21,   240] loss: 0.830
[21,   250] loss: 0.879
[21,   260] loss: 0.844
[21,   270] loss: 0.843
[21,   280] loss: 0.861
[21,   290] loss: 0.838
[21,   300] loss: 0.777
[21,   310] loss: 0.769
[21,   320] loss: 0.833
[21,   330] loss: 0.883
[21,   340] loss: 0.871
[21,   350] loss: 0.791
[21,   360] loss: 0.846
[21,   370] loss: 0.834
[21,   380] loss: 0.843
[21,   390] loss: 0.893
[21,   400] loss: 0.792
VALIDATION loss: 0.7935149073600769
[22,    10] loss: 0.798
[22,    20] loss: 0.803
[22,    30] loss: 0.818
[22,    40] loss: 0.823
[22,    50] loss: 0.770
[22,    60] loss: 0.789
[22,    70] loss: 0.771
[22,    80] loss: 0.881
[22,    90] loss: 0.836
[22,   100] loss: 0.888
[22,   110] loss: 0.818
[22,   120] loss: 0.794
[22,   130] loss: 0.813
[22,   140] loss: 0.826
[22,   150] loss: 0.814
[22,   160] loss: 0.798
[22,   170] loss: 0.835
[22,   180] loss: 0.802
[22,   190] loss: 0.798
[22,   200] loss: 0.868
[22,   210] loss: 0.785
[22,   220] loss: 0.854
[22,   230] loss: 0.817
[22,   240] loss: 0.797
[22,   250] loss: 0.845
[22,   260] loss: 0.790
[22,   270] loss: 0.852
[22,   280] loss: 0.816
[22,   290] loss: 0.776
[22,   300] loss: 0.845
[22,   310] loss: 0.813
[22,   320] loss: 0.863
[22,   330] loss: 0.809
[22,   340] loss: 0.820
[22,   350] loss: 0.837
[22,   360] loss: 0.807
[22,   370] loss: 0.827
[22,   380] loss: 0.814
[22,   390] loss: 0.861
[22,   400] loss: 0.861
VALIDATION loss: 0.8869600892066956
[23,    10] loss: 0.841
[23,    20] loss: 0.798
[23,    30] loss: 0.777
[23,    40] loss: 0.815
[23,    50] loss: 0.854
[23,    60] loss: 0.795
[23,    70] loss: 0.806
[23,    80] loss: 0.873
[23,    90] loss: 0.788
[23,   100] loss: 0.760
[23,   110] loss: 0.858
[23,   120] loss: 0.890
[23,   130] loss: 0.783
[23,   140] loss: 0.826
[23,   150] loss: 0.860
[23,   160] loss: 0.787
[23,   170] loss: 0.828
[23,   180] loss: 0.830
[23,   190] loss: 0.783
[23,   200] loss: 0.783
[23,   210] loss: 0.825
[23,   220] loss: 0.764
[23,   230] loss: 0.780
[23,   240] loss: 0.757
[23,   250] loss: 0.796
[23,   260] loss: 0.805
[23,   270] loss: 0.805
[23,   280] loss: 0.817
[23,   290] loss: 0.801
[23,   300] loss: 0.830
[23,   310] loss: 0.819
[23,   320] loss: 0.772
[23,   330] loss: 0.748
[23,   340] loss: 0.793
[23,   350] loss: 0.824
[23,   360] loss: 0.822
[23,   370] loss: 0.770
[23,   380] loss: 0.805
[23,   390] loss: 0.785
[23,   400] loss: 0.856
VALIDATION loss: 0.7861626148223877
[24,    10] loss: 0.836
[24,    20] loss: 0.757
[24,    30] loss: 0.771
[24,    40] loss: 0.738
[24,    50] loss: 0.838
[24,    60] loss: 0.896
[24,    70] loss: 0.816
[24,    80] loss: 0.789
[24,    90] loss: 0.760
[24,   100] loss: 0.864
[24,   110] loss: 0.829
[24,   120] loss: 0.769
[24,   130] loss: 0.785
[24,   140] loss: 0.677
[24,   150] loss: 0.796
[24,   160] loss: 0.778
[24,   170] loss: 0.834
[24,   180] loss: 0.843
[24,   190] loss: 0.716
[24,   200] loss: 0.813
[24,   210] loss: 0.746
[24,   220] loss: 0.769
[24,   230] loss: 0.821
[24,   240] loss: 0.776
[24,   250] loss: 0.842
[24,   260] loss: 0.771
[24,   270] loss: 0.824
[24,   280] loss: 0.771
[24,   290] loss: 0.779
[24,   300] loss: 0.780
[24,   310] loss: 0.706
[24,   320] loss: 0.739
[24,   330] loss: 0.776
[24,   340] loss: 0.768
[24,   350] loss: 0.815
[24,   360] loss: 0.755
[24,   370] loss: 0.796
[24,   380] loss: 0.805
[24,   390] loss: 0.779
[24,   400] loss: 0.793
VALIDATION loss: 0.7587326169013977
[25,    10] loss: 0.806
[25,    20] loss: 0.815
[25,    30] loss: 0.805
[25,    40] loss: 0.776
[25,    50] loss: 0.759
[25,    60] loss: 0.807
[25,    70] loss: 0.769
[25,    80] loss: 0.759
[25,    90] loss: 0.678
[25,   100] loss: 0.725
[25,   110] loss: 0.774
[25,   120] loss: 0.753
[25,   130] loss: 0.768
[25,   140] loss: 0.842
[25,   150] loss: 0.766
[25,   160] loss: 0.813
[25,   170] loss: 0.761
[25,   180] loss: 0.772
[25,   190] loss: 0.829
[25,   200] loss: 0.821
[25,   210] loss: 0.781
[25,   220] loss: 0.794
[25,   230] loss: 0.776
[25,   240] loss: 0.717
[25,   250] loss: 0.797
[25,   260] loss: 0.809
[25,   270] loss: 0.749
[25,   280] loss: 0.775
[25,   290] loss: 0.745
[25,   300] loss: 0.768
[25,   310] loss: 0.747
[25,   320] loss: 0.782
[25,   330] loss: 0.776
[25,   340] loss: 0.715
[25,   350] loss: 0.790
[25,   360] loss: 0.793
[25,   370] loss: 0.795
[25,   380] loss: 0.784
[25,   390] loss: 0.740
[25,   400] loss: 0.754
VALIDATION loss: 0.7388306856155396
[26,    10] loss: 0.776
[26,    20] loss: 0.735
[26,    30] loss: 0.788
[26,    40] loss: 0.777
[26,    50] loss: 0.767
[26,    60] loss: 0.765
[26,    70] loss: 0.724
[26,    80] loss: 0.718
[26,    90] loss: 0.763
[26,   100] loss: 0.753
[26,   110] loss: 0.735
[26,   120] loss: 0.795
[26,   130] loss: 0.767
[26,   140] loss: 0.737
[26,   150] loss: 0.786
[26,   160] loss: 0.734
[26,   170] loss: 0.800
[26,   180] loss: 0.838
[26,   190] loss: 0.756
[26,   200] loss: 0.724
[26,   210] loss: 0.735
[26,   220] loss: 0.723
[26,   230] loss: 0.773
[26,   240] loss: 0.797
[26,   250] loss: 0.777
[26,   260] loss: 0.757
[26,   270] loss: 0.758
[26,   280] loss: 0.795
[26,   290] loss: 0.753
[26,   300] loss: 0.740
[26,   310] loss: 0.763
[26,   320] loss: 0.767
[26,   330] loss: 0.737
[26,   340] loss: 0.741
[26,   350] loss: 0.712
[26,   360] loss: 0.768
[26,   370] loss: 0.756
[26,   380] loss: 0.726
[26,   390] loss: 0.748
[26,   400] loss: 0.781
VALIDATION loss: 0.7719710469245911
[27,    10] loss: 0.792
[27,    20] loss: 0.802
[27,    30] loss: 0.719
[27,    40] loss: 0.751
[27,    50] loss: 0.802
[27,    60] loss: 0.750
[27,    70] loss: 0.650
[27,    80] loss: 0.775
[27,    90] loss: 0.757
[27,   100] loss: 0.725
[27,   110] loss: 0.751
[27,   120] loss: 0.722
[27,   130] loss: 0.735
[27,   140] loss: 0.742
[27,   150] loss: 0.670
[27,   160] loss: 0.778
[27,   170] loss: 0.687
[27,   180] loss: 0.834
[27,   190] loss: 0.782
[27,   200] loss: 0.737
[27,   210] loss: 0.813
[27,   220] loss: 0.747
[27,   230] loss: 0.709
[27,   240] loss: 0.723
[27,   250] loss: 0.749
[27,   260] loss: 0.729
[27,   270] loss: 0.755
[27,   280] loss: 0.751
[27,   290] loss: 0.742
[27,   300] loss: 0.754
[27,   310] loss: 0.762
[27,   320] loss: 0.797
[27,   330] loss: 0.759
[27,   340] loss: 0.753
[27,   350] loss: 0.681
[27,   360] loss: 0.730
[27,   370] loss: 0.729
[27,   380] loss: 0.743
[27,   390] loss: 0.715
[27,   400] loss: 0.725
VALIDATION loss: 0.7330010533332825
[28,    10] loss: 0.777
[28,    20] loss: 0.750
[28,    30] loss: 0.689
[28,    40] loss: 0.738
[28,    50] loss: 0.699
[28,    60] loss: 0.708
[28,    70] loss: 0.741
[28,    80] loss: 0.757
[28,    90] loss: 0.717
[28,   100] loss: 0.753
[28,   110] loss: 0.762
[28,   120] loss: 0.732
[28,   130] loss: 0.730
[28,   140] loss: 0.708
[28,   150] loss: 0.747
[28,   160] loss: 0.743
[28,   170] loss: 0.756
[28,   180] loss: 0.744
[28,   190] loss: 0.750
[28,   200] loss: 0.697
[28,   210] loss: 0.801
[28,   220] loss: 0.705
[28,   230] loss: 0.708
[28,   240] loss: 0.672
[28,   250] loss: 0.684
[28,   260] loss: 0.776
[28,   270] loss: 0.787
[28,   280] loss: 0.740
[28,   290] loss: 0.658
[28,   300] loss: 0.746
[28,   310] loss: 0.772
[28,   320] loss: 0.745
[28,   330] loss: 0.748
[28,   340] loss: 0.763
[28,   350] loss: 0.729
[28,   360] loss: 0.734
[28,   370] loss: 0.747
[28,   380] loss: 0.697
[28,   390] loss: 0.787
[28,   400] loss: 0.732
VALIDATION loss: 0.7816089987754822
[29,    10] loss: 0.727
[29,    20] loss: 0.850
[29,    30] loss: 0.744
[29,    40] loss: 0.739
[29,    50] loss: 0.652
[29,    60] loss: 0.754
[29,    70] loss: 0.743
[29,    80] loss: 0.760
[29,    90] loss: 0.763
[29,   100] loss: 0.716
[29,   110] loss: 0.704
[29,   120] loss: 0.659
[29,   130] loss: 0.692
[29,   140] loss: 0.705
[29,   150] loss: 0.693
[29,   160] loss: 0.683
[29,   170] loss: 0.707
[29,   180] loss: 0.706
[29,   190] loss: 0.728
[29,   200] loss: 0.714
[29,   210] loss: 0.668
[29,   220] loss: 0.755
[29,   230] loss: 0.694
[29,   240] loss: 0.740
[29,   250] loss: 0.707
[29,   260] loss: 0.694
[29,   270] loss: 0.744
[29,   280] loss: 0.810
[29,   290] loss: 0.667
[29,   300] loss: 0.697
[29,   310] loss: 0.757
[29,   320] loss: 0.721
[29,   330] loss: 0.762
[29,   340] loss: 0.756
[29,   350] loss: 0.714
[29,   360] loss: 0.736
[29,   370] loss: 0.735
[29,   380] loss: 0.631
[29,   390] loss: 0.657
[29,   400] loss: 0.695
VALIDATION loss: 0.7131236791610718
[30,    10] loss: 0.741
[30,    20] loss: 0.722
[30,    30] loss: 0.732
[30,    40] loss: 0.716
[30,    50] loss: 0.692
[30,    60] loss: 0.703
[30,    70] loss: 0.685
[30,    80] loss: 0.727
[30,    90] loss: 0.741
[30,   100] loss: 0.688
[30,   110] loss: 0.707
[30,   120] loss: 0.710
[30,   130] loss: 0.691
[30,   140] loss: 0.704
[30,   150] loss: 0.690
[30,   160] loss: 0.692
[30,   170] loss: 0.700
[30,   180] loss: 0.744
[30,   190] loss: 0.643
[30,   200] loss: 0.715
[30,   210] loss: 0.793
[30,   220] loss: 0.733
[30,   230] loss: 0.750
[30,   240] loss: 0.714
[30,   250] loss: 0.704
[30,   260] loss: 0.650
[30,   270] loss: 0.729
[30,   280] loss: 0.669
[30,   290] loss: 0.704
[30,   300] loss: 0.634
[30,   310] loss: 0.695
[30,   320] loss: 0.712
[30,   330] loss: 0.712
[30,   340] loss: 0.689
[30,   350] loss: 0.678
[30,   360] loss: 0.698
[30,   370] loss: 0.791
[30,   380] loss: 0.666
[30,   390] loss: 0.706
[30,   400] loss: 0.705
VALIDATION loss: 0.6674025654792786
[31,    10] loss: 0.670
[31,    20] loss: 0.707
[31,    30] loss: 0.772
[31,    40] loss: 0.763
[31,    50] loss: 0.607
[31,    60] loss: 0.748
[31,    70] loss: 0.798
[31,    80] loss: 0.697
[31,    90] loss: 0.681
[31,   100] loss: 0.693
[31,   110] loss: 0.689
[31,   120] loss: 0.670
[31,   130] loss: 0.698
[31,   140] loss: 0.712
[31,   150] loss: 0.717
[31,   160] loss: 0.696
[31,   170] loss: 0.718
[31,   180] loss: 0.729
[31,   190] loss: 0.682
[31,   200] loss: 0.751
[31,   210] loss: 0.719
[31,   220] loss: 0.717
[31,   230] loss: 0.705
[31,   240] loss: 0.700
[31,   250] loss: 0.711
[31,   260] loss: 0.763
[31,   270] loss: 0.705
[31,   280] loss: 0.675
[31,   290] loss: 0.675
[31,   300] loss: 0.688
[31,   310] loss: 0.666
[31,   320] loss: 0.612
[31,   330] loss: 0.662
[31,   340] loss: 0.679
[31,   350] loss: 0.707
[31,   360] loss: 0.674
[31,   370] loss: 0.695
[31,   380] loss: 0.643
[31,   390] loss: 0.686
[31,   400] loss: 0.710
VALIDATION loss: 0.7515423893928528
[32,    10] loss: 0.779
[32,    20] loss: 0.726
[32,    30] loss: 0.673
[32,    40] loss: 0.715
[32,    50] loss: 0.699
[32,    60] loss: 0.675
[32,    70] loss: 0.656
[32,    80] loss: 0.762
[32,    90] loss: 0.664
[32,   100] loss: 0.649
[32,   110] loss: 0.674
[32,   120] loss: 0.740
[32,   130] loss: 0.713
[32,   140] loss: 0.687
[32,   150] loss: 0.700
[32,   160] loss: 0.648
[32,   170] loss: 0.703
[32,   180] loss: 0.689
[32,   190] loss: 0.671
[32,   200] loss: 0.705
[32,   210] loss: 0.651
[32,   220] loss: 0.747
[32,   230] loss: 0.680
[32,   240] loss: 0.730
[32,   250] loss: 0.753
[32,   260] loss: 0.604
[32,   270] loss: 0.686
[32,   280] loss: 0.679
[32,   290] loss: 0.662
[32,   300] loss: 0.704
[32,   310] loss: 0.611
[32,   320] loss: 0.652
[32,   330] loss: 0.676
[32,   340] loss: 0.660
[32,   350] loss: 0.615
[32,   360] loss: 0.691
[32,   370] loss: 0.697
[32,   380] loss: 0.684
[32,   390] loss: 0.630
[32,   400] loss: 0.700
VALIDATION loss: 0.6643620729446411
[33,    10] loss: 0.678
[33,    20] loss: 0.674
[33,    30] loss: 0.720
[33,    40] loss: 0.662
[33,    50] loss: 0.653
[33,    60] loss: 0.680
[33,    70] loss: 0.662
[33,    80] loss: 0.696
[33,    90] loss: 0.678
[33,   100] loss: 0.749
[33,   110] loss: 0.630
[33,   120] loss: 0.643
[33,   130] loss: 0.648
[33,   140] loss: 0.709
[33,   150] loss: 0.733
[33,   160] loss: 0.664
[33,   170] loss: 0.681
[33,   180] loss: 0.687
[33,   190] loss: 0.649
[33,   200] loss: 0.690
[33,   210] loss: 0.696
[33,   220] loss: 0.735
[33,   230] loss: 0.628
[33,   240] loss: 0.632
[33,   250] loss: 0.658
[33,   260] loss: 0.701
[33,   270] loss: 0.661
[33,   280] loss: 0.675
[33,   290] loss: 0.719
[33,   300] loss: 0.697
[33,   310] loss: 0.687
[33,   320] loss: 0.643
[33,   330] loss: 0.639
[33,   340] loss: 0.628
[33,   350] loss: 0.679
[33,   360] loss: 0.656
[33,   370] loss: 0.722
[33,   380] loss: 0.635
[33,   390] loss: 0.681
[33,   400] loss: 0.643
VALIDATION loss: 0.645867645740509
[34,    10] loss: 0.702
[34,    20] loss: 0.679
[34,    30] loss: 0.668
[34,    40] loss: 0.699
[34,    50] loss: 0.643
[34,    60] loss: 0.640
[34,    70] loss: 0.724
[34,    80] loss: 0.608
[34,    90] loss: 0.654
[34,   100] loss: 0.654
[34,   110] loss: 0.663
[34,   120] loss: 0.625
[34,   130] loss: 0.674
[34,   140] loss: 0.675
[34,   150] loss: 0.655
[34,   160] loss: 0.726
[34,   170] loss: 0.638
[34,   180] loss: 0.606
[34,   190] loss: 0.692
[34,   200] loss: 0.698
[34,   210] loss: 0.682
[34,   220] loss: 0.650
[34,   230] loss: 0.565
[34,   240] loss: 0.710
[34,   250] loss: 0.655
[34,   260] loss: 0.656
[34,   270] loss: 0.665
[34,   280] loss: 0.671
[34,   290] loss: 0.734
[34,   300] loss: 0.638
[34,   310] loss: 0.665
[34,   320] loss: 0.670
[34,   330] loss: 0.661
[34,   340] loss: 0.688
[34,   350] loss: 0.629
[34,   360] loss: 0.657
[34,   370] loss: 0.657
[34,   380] loss: 0.628
[34,   390] loss: 0.748
[34,   400] loss: 0.656
VALIDATION loss: 0.759915828704834
[35,    10] loss: 0.675
[35,    20] loss: 0.690
[35,    30] loss: 0.686
[35,    40] loss: 0.628
[35,    50] loss: 0.657
[35,    60] loss: 0.693
[35,    70] loss: 0.666
[35,    80] loss: 0.642
[35,    90] loss: 0.695
[35,   100] loss: 0.732
[35,   110] loss: 0.671
[35,   120] loss: 0.648
[35,   130] loss: 0.660
[35,   140] loss: 0.680
[35,   150] loss: 0.603
[35,   160] loss: 0.679
[35,   170] loss: 0.665
[35,   180] loss: 0.635
[35,   190] loss: 0.603
[35,   200] loss: 0.585
[35,   210] loss: 0.678
[35,   220] loss: 0.667
[35,   230] loss: 0.715
[35,   240] loss: 0.677
[35,   250] loss: 0.640
[35,   260] loss: 0.624
[35,   270] loss: 0.678
[35,   280] loss: 0.665
[35,   290] loss: 0.690
[35,   300] loss: 0.651
[35,   310] loss: 0.696
[35,   320] loss: 0.726
[35,   330] loss: 0.613
[35,   340] loss: 0.648
[35,   350] loss: 0.606
[35,   360] loss: 0.660
[35,   370] loss: 0.620
[35,   380] loss: 0.670
[35,   390] loss: 0.588
[35,   400] loss: 0.680
VALIDATION loss: 0.6108405590057373
[36,    10] loss: 0.543
[36,    20] loss: 0.632
[36,    30] loss: 0.617
[36,    40] loss: 0.739
[36,    50] loss: 0.611
[36,    60] loss: 0.623
[36,    70] loss: 0.666
[36,    80] loss: 0.656
[36,    90] loss: 0.644
[36,   100] loss: 0.608
[36,   110] loss: 0.637
[36,   120] loss: 0.679
[36,   130] loss: 0.733
[36,   140] loss: 0.603
[36,   150] loss: 0.641
[36,   160] loss: 0.660
[36,   170] loss: 0.629
[36,   180] loss: 0.614
[36,   190] loss: 0.685
[36,   200] loss: 0.668
[36,   210] loss: 0.707
[36,   220] loss: 0.628
[36,   230] loss: 0.619
[36,   240] loss: 0.625
[36,   250] loss: 0.689
[36,   260] loss: 0.654
[36,   270] loss: 0.618
[36,   280] loss: 0.634
[36,   290] loss: 0.680
[36,   300] loss: 0.626
[36,   310] loss: 0.598
[36,   320] loss: 0.670
[36,   330] loss: 0.627
[36,   340] loss: 0.651
[36,   350] loss: 0.677
[36,   360] loss: 0.665
[36,   370] loss: 0.625
[36,   380] loss: 0.637
[36,   390] loss: 0.645
[36,   400] loss: 0.599
VALIDATION loss: 0.5910090208053589
[37,    10] loss: 0.718
[37,    20] loss: 0.586
[37,    30] loss: 0.655
[37,    40] loss: 0.649
[37,    50] loss: 0.673
[37,    60] loss: 0.637
[37,    70] loss: 0.657
[37,    80] loss: 0.574
[37,    90] loss: 0.663
[37,   100] loss: 0.654
[37,   110] loss: 0.615
[37,   120] loss: 0.665
[37,   130] loss: 0.612
[37,   140] loss: 0.667
[37,   150] loss: 0.628
[37,   160] loss: 0.636
[37,   170] loss: 0.618
[37,   180] loss: 0.675
[37,   190] loss: 0.660
[37,   200] loss: 0.583
[37,   210] loss: 0.590
[37,   220] loss: 0.672
[37,   230] loss: 0.631
[37,   240] loss: 0.646
[37,   250] loss: 0.650
[37,   260] loss: 0.649
[37,   270] loss: 0.698
[37,   280] loss: 0.674
[37,   290] loss: 0.650
[37,   300] loss: 0.604
[37,   310] loss: 0.642
[37,   320] loss: 0.593
[37,   330] loss: 0.676
[37,   340] loss: 0.707
[37,   350] loss: 0.598
[37,   360] loss: 0.577
[37,   370] loss: 0.638
[37,   380] loss: 0.600
[37,   390] loss: 0.665
[37,   400] loss: 0.617
VALIDATION loss: 0.6233488917350769
[38,    10] loss: 0.647
[38,    20] loss: 0.659
[38,    30] loss: 0.661
[38,    40] loss: 0.648
[38,    50] loss: 0.616
[38,    60] loss: 0.703
[38,    70] loss: 0.590
[38,    80] loss: 0.693
[38,    90] loss: 0.601
[38,   100] loss: 0.608
[38,   110] loss: 0.610
[38,   120] loss: 0.613
[38,   130] loss: 0.656
[38,   140] loss: 0.648
[38,   150] loss: 0.614
[38,   160] loss: 0.631
[38,   170] loss: 0.610
[38,   180] loss: 0.662
[38,   190] loss: 0.583
[38,   200] loss: 0.598
[38,   210] loss: 0.605
[38,   220] loss: 0.610
[38,   230] loss: 0.628
[38,   240] loss: 0.599
[38,   250] loss: 0.591
[38,   260] loss: 0.527
[38,   270] loss: 0.610
[38,   280] loss: 0.577
[38,   290] loss: 0.623
[38,   300] loss: 0.656
[38,   310] loss: 0.640
[38,   320] loss: 0.658
[38,   330] loss: 0.635
[38,   340] loss: 0.642
[38,   350] loss: 0.603
[38,   360] loss: 0.658
[38,   370] loss: 0.599
[38,   380] loss: 0.689
[38,   390] loss: 0.653
[38,   400] loss: 0.614
VALIDATION loss: 0.6164641380310059
[39,    10] loss: 0.623
[39,    20] loss: 0.635
[39,    30] loss: 0.602
[39,    40] loss: 0.662
[39,    50] loss: 0.641
[39,    60] loss: 0.608
[39,    70] loss: 0.645
[39,    80] loss: 0.638
[39,    90] loss: 0.602
[39,   100] loss: 0.644
[39,   110] loss: 0.595
[39,   120] loss: 0.568
[39,   130] loss: 0.562
[39,   140] loss: 0.628
[39,   150] loss: 0.569
[39,   160] loss: 0.690
[39,   170] loss: 0.621
[39,   180] loss: 0.600
[39,   190] loss: 0.612
[39,   200] loss: 0.584
[39,   210] loss: 0.593
[39,   220] loss: 0.600
[39,   230] loss: 0.643
[39,   240] loss: 0.567
[39,   250] loss: 0.607
[39,   260] loss: 0.595
[39,   270] loss: 0.612
[39,   280] loss: 0.674
[39,   290] loss: 0.631
[39,   300] loss: 0.647
[39,   310] loss: 0.625
[39,   320] loss: 0.641
[39,   330] loss: 0.673
[39,   340] loss: 0.589
[39,   350] loss: 0.636
[39,   360] loss: 0.553
[39,   370] loss: 0.626
[39,   380] loss: 0.620
[39,   390] loss: 0.637
[39,   400] loss: 0.651
VALIDATION loss: 0.6431665420532227
[40,    10] loss: 0.611
[40,    20] loss: 0.585
[40,    30] loss: 0.640
[40,    40] loss: 0.603
[40,    50] loss: 0.610
[40,    60] loss: 0.600
[40,    70] loss: 0.605
[40,    80] loss: 0.583
[40,    90] loss: 0.607
[40,   100] loss: 0.638
[40,   110] loss: 0.626
[40,   120] loss: 0.628
[40,   130] loss: 0.604
[40,   140] loss: 0.630
[40,   150] loss: 0.625
[40,   160] loss: 0.632
[40,   170] loss: 0.621
[40,   180] loss: 0.618
[40,   190] loss: 0.622
[40,   200] loss: 0.638
[40,   210] loss: 0.624
[40,   220] loss: 0.646
[40,   230] loss: 0.540
[40,   240] loss: 0.570
[40,   250] loss: 0.579
[40,   260] loss: 0.570
[40,   270] loss: 0.623
[40,   280] loss: 0.629
[40,   290] loss: 0.638
[40,   300] loss: 0.585
[40,   310] loss: 0.601
[40,   320] loss: 0.611
[40,   330] loss: 0.659
[40,   340] loss: 0.586
[40,   350] loss: 0.570
[40,   360] loss: 0.587
[40,   370] loss: 0.619
[40,   380] loss: 0.590
[40,   390] loss: 0.589
[40,   400] loss: 0.569
VALIDATION loss: 0.6395502686500549
[41,    10] loss: 0.617
[41,    20] loss: 0.573
[41,    30] loss: 0.549
[41,    40] loss: 0.588
[41,    50] loss: 0.629
[41,    60] loss: 0.603
[41,    70] loss: 0.590
[41,    80] loss: 0.600
[41,    90] loss: 0.589
[41,   100] loss: 0.563
[41,   110] loss: 0.587
[41,   120] loss: 0.589
[41,   130] loss: 0.589
[41,   140] loss: 0.600
[41,   150] loss: 0.640
[41,   160] loss: 0.580
[41,   170] loss: 0.606
[41,   180] loss: 0.608
[41,   190] loss: 0.594
[41,   200] loss: 0.637
[41,   210] loss: 0.594
[41,   220] loss: 0.574
[41,   230] loss: 0.551
[41,   240] loss: 0.591
[41,   250] loss: 0.566
[41,   260] loss: 0.633
[41,   270] loss: 0.630
[41,   280] loss: 0.607
[41,   290] loss: 0.562
[41,   300] loss: 0.569
[41,   310] loss: 0.568
[41,   320] loss: 0.591
[41,   330] loss: 0.599
[41,   340] loss: 0.594
[41,   350] loss: 0.573
[41,   360] loss: 0.666
[41,   370] loss: 0.631
[41,   380] loss: 0.504
[41,   390] loss: 0.653
[41,   400] loss: 0.666
VALIDATION loss: 0.5735993385314941
[42,    10] loss: 0.565
[42,    20] loss: 0.632
[42,    30] loss: 0.620
[42,    40] loss: 0.527
[42,    50] loss: 0.626
[42,    60] loss: 0.615
[42,    70] loss: 0.593
[42,    80] loss: 0.621
[42,    90] loss: 0.598
[42,   100] loss: 0.609
[42,   110] loss: 0.603
[42,   120] loss: 0.600
[42,   130] loss: 0.619
[42,   140] loss: 0.574
[42,   150] loss: 0.580
[42,   160] loss: 0.593
[42,   170] loss: 0.577
[42,   180] loss: 0.564
[42,   190] loss: 0.557
[42,   200] loss: 0.645
[42,   210] loss: 0.578
[42,   220] loss: 0.610
[42,   230] loss: 0.597
[42,   240] loss: 0.574
[42,   250] loss: 0.655
[42,   260] loss: 0.605
[42,   270] loss: 0.664
[42,   280] loss: 0.587
[42,   290] loss: 0.562
[42,   300] loss: 0.679
[42,   310] loss: 0.542
[42,   320] loss: 0.608
[42,   330] loss: 0.577
[42,   340] loss: 0.524
[42,   350] loss: 0.574
[42,   360] loss: 0.526
[42,   370] loss: 0.567
[42,   380] loss: 0.594
[42,   390] loss: 0.626
[42,   400] loss: 0.579
VALIDATION loss: 0.5584678649902344
[43,    10] loss: 0.562
[43,    20] loss: 0.553
[43,    30] loss: 0.610
[43,    40] loss: 0.638
[43,    50] loss: 0.572
[43,    60] loss: 0.586
[43,    70] loss: 0.541
[43,    80] loss: 0.605
[43,    90] loss: 0.573
[43,   100] loss: 0.625
[43,   110] loss: 0.523
[43,   120] loss: 0.596
[43,   130] loss: 0.594
[43,   140] loss: 0.571
[43,   150] loss: 0.616
[43,   160] loss: 0.566
[43,   170] loss: 0.589
[43,   180] loss: 0.577
[43,   190] loss: 0.619
[43,   200] loss: 0.568
[43,   210] loss: 0.589
[43,   220] loss: 0.585
[43,   230] loss: 0.549
[43,   240] loss: 0.655
[43,   250] loss: 0.596
[43,   260] loss: 0.555
[43,   270] loss: 0.613
[43,   280] loss: 0.556
[43,   290] loss: 0.568
[43,   300] loss: 0.569
[43,   310] loss: 0.584
[43,   320] loss: 0.538
[43,   330] loss: 0.594
[43,   340] loss: 0.588
[43,   350] loss: 0.546
[43,   360] loss: 0.592
[43,   370] loss: 0.554
[43,   380] loss: 0.572
[43,   390] loss: 0.570
[43,   400] loss: 0.561
VALIDATION loss: 0.6454886794090271
[44,    10] loss: 0.640
[44,    20] loss: 0.580
[44,    30] loss: 0.568
[44,    40] loss: 0.566
[44,    50] loss: 0.548
[44,    60] loss: 0.594
[44,    70] loss: 0.582
[44,    80] loss: 0.581
[44,    90] loss: 0.568
[44,   100] loss: 0.637
[44,   110] loss: 0.551
[44,   120] loss: 0.604
[44,   130] loss: 0.584
[44,   140] loss: 0.581
[44,   150] loss: 0.636
[44,   160] loss: 0.528
[44,   170] loss: 0.628
[44,   180] loss: 0.599
[44,   190] loss: 0.569
[44,   200] loss: 0.528
[44,   210] loss: 0.494
[44,   220] loss: 0.631
[44,   230] loss: 0.500
[44,   240] loss: 0.571
[44,   250] loss: 0.545
[44,   260] loss: 0.606
[44,   270] loss: 0.573
[44,   280] loss: 0.562
[44,   290] loss: 0.516
[44,   300] loss: 0.559
[44,   310] loss: 0.593
[44,   320] loss: 0.560
[44,   330] loss: 0.582
[44,   340] loss: 0.624
[44,   350] loss: 0.621
[44,   360] loss: 0.592
[44,   370] loss: 0.559
[44,   380] loss: 0.581
[44,   390] loss: 0.556
[44,   400] loss: 0.587
VALIDATION loss: 0.5980079770088196
[45,    10] loss: 0.639
[45,    20] loss: 0.555
[45,    30] loss: 0.552
[45,    40] loss: 0.551
[45,    50] loss: 0.584
[45,    60] loss: 0.651
[45,    70] loss: 0.557
[45,    80] loss: 0.548
[45,    90] loss: 0.571
[45,   100] loss: 0.540
[45,   110] loss: 0.531
[45,   120] loss: 0.620
[45,   130] loss: 0.602
[45,   140] loss: 0.584
[45,   150] loss: 0.588
[45,   160] loss: 0.566
[45,   170] loss: 0.562
[45,   180] loss: 0.548
[45,   190] loss: 0.545
[45,   200] loss: 0.533
[45,   210] loss: 0.597
[45,   220] loss: 0.536
[45,   230] loss: 0.572
[45,   240] loss: 0.571
[45,   250] loss: 0.553
[45,   260] loss: 0.613
[45,   270] loss: 0.610
[45,   280] loss: 0.610
[45,   290] loss: 0.508
[45,   300] loss: 0.575
[45,   310] loss: 0.563
[45,   320] loss: 0.525
[45,   330] loss: 0.576
[45,   340] loss: 0.574
[45,   350] loss: 0.567
[45,   360] loss: 0.568
[45,   370] loss: 0.588
[45,   380] loss: 0.562
[45,   390] loss: 0.563
[45,   400] loss: 0.598
VALIDATION loss: 0.5724048018455505
[46,    10] loss: 0.588
[46,    20] loss: 0.542
[46,    30] loss: 0.578
[46,    40] loss: 0.519
[46,    50] loss: 0.532
[46,    60] loss: 0.587
[46,    70] loss: 0.660
[46,    80] loss: 0.564
[46,    90] loss: 0.565
[46,   100] loss: 0.569
[46,   110] loss: 0.564
[46,   120] loss: 0.606
[46,   130] loss: 0.568
[46,   140] loss: 0.612
[46,   150] loss: 0.590
[46,   160] loss: 0.577
[46,   170] loss: 0.528
[46,   180] loss: 0.567
[46,   190] loss: 0.583
[46,   200] loss: 0.573
[46,   210] loss: 0.542
[46,   220] loss: 0.489
[46,   230] loss: 0.577
[46,   240] loss: 0.576
[46,   250] loss: 0.609
[46,   260] loss: 0.572
[46,   270] loss: 0.574
[46,   280] loss: 0.551
[46,   290] loss: 0.589
[46,   300] loss: 0.547
[46,   310] loss: 0.597
[46,   320] loss: 0.507
[46,   330] loss: 0.521
[46,   340] loss: 0.537
[46,   350] loss: 0.572
[46,   360] loss: 0.558
[46,   370] loss: 0.597
[46,   380] loss: 0.594
[46,   390] loss: 0.582
[46,   400] loss: 0.532
VALIDATION loss: 0.5456057786941528
[47,    10] loss: 0.576
[47,    20] loss: 0.583
[47,    30] loss: 0.540
[47,    40] loss: 0.537
[47,    50] loss: 0.517
[47,    60] loss: 0.566
[47,    70] loss: 0.505
[47,    80] loss: 0.603
[47,    90] loss: 0.511
[47,   100] loss: 0.560
[47,   110] loss: 0.551
[47,   120] loss: 0.543
[47,   130] loss: 0.604
[47,   140] loss: 0.572
[47,   150] loss: 0.575
[47,   160] loss: 0.547
[47,   170] loss: 0.587
[47,   180] loss: 0.548
[47,   190] loss: 0.525
[47,   200] loss: 0.619
[47,   210] loss: 0.501
[47,   220] loss: 0.553
[47,   230] loss: 0.565
[47,   240] loss: 0.554
[47,   250] loss: 0.555
[47,   260] loss: 0.534
[47,   270] loss: 0.516
[47,   280] loss: 0.509
[47,   290] loss: 0.615
[47,   300] loss: 0.558
[47,   310] loss: 0.536
[47,   320] loss: 0.626
[47,   330] loss: 0.544
[47,   340] loss: 0.551
[47,   350] loss: 0.530
[47,   360] loss: 0.536
[47,   370] loss: 0.529
[47,   380] loss: 0.589
[47,   390] loss: 0.560
[47,   400] loss: 0.574
VALIDATION loss: 0.5438588857650757
[48,    10] loss: 0.599
[48,    20] loss: 0.586
[48,    30] loss: 0.609
[48,    40] loss: 0.528
[48,    50] loss: 0.537
[48,    60] loss: 0.547
[48,    70] loss: 0.575
[48,    80] loss: 0.567
[48,    90] loss: 0.540
[48,   100] loss: 0.568
[48,   110] loss: 0.521
[48,   120] loss: 0.573
[48,   130] loss: 0.533
[48,   140] loss: 0.493
[48,   150] loss: 0.582
[48,   160] loss: 0.551
[48,   170] loss: 0.474
[48,   180] loss: 0.544
[48,   190] loss: 0.566
[48,   200] loss: 0.555
[48,   210] loss: 0.494
[48,   220] loss: 0.537
[48,   230] loss: 0.532
[48,   240] loss: 0.585
[48,   250] loss: 0.503
[48,   260] loss: 0.559
[48,   270] loss: 0.575
[48,   280] loss: 0.506
[48,   290] loss: 0.582
[48,   300] loss: 0.525
[48,   310] loss: 0.557
[48,   320] loss: 0.495
[48,   330] loss: 0.481
[48,   340] loss: 0.470
[48,   350] loss: 0.539
[48,   360] loss: 0.588
[48,   370] loss: 0.555
[48,   380] loss: 0.548
[48,   390] loss: 0.527
[48,   400] loss: 0.562
VALIDATION loss: 0.5249682664871216
[49,    10] loss: 0.552
[49,    20] loss: 0.585
[49,    30] loss: 0.510
[49,    40] loss: 0.549
[49,    50] loss: 0.524
[49,    60] loss: 0.540
[49,    70] loss: 0.551
[49,    80] loss: 0.551
[49,    90] loss: 0.511
[49,   100] loss: 0.523
[49,   110] loss: 0.579
[49,   120] loss: 0.496
[49,   130] loss: 0.542
[49,   140] loss: 0.588
[49,   150] loss: 0.597
[49,   160] loss: 0.509
[49,   170] loss: 0.507
[49,   180] loss: 0.517
[49,   190] loss: 0.557
[49,   200] loss: 0.566
[49,   210] loss: 0.563
[49,   220] loss: 0.515
[49,   230] loss: 0.525
[49,   240] loss: 0.559
[49,   250] loss: 0.616
[49,   260] loss: 0.493
[49,   270] loss: 0.505
[49,   280] loss: 0.547
[49,   290] loss: 0.504
[49,   300] loss: 0.487
[49,   310] loss: 0.522
[49,   320] loss: 0.572
[49,   330] loss: 0.558
[49,   340] loss: 0.524
[49,   350] loss: 0.524
[49,   360] loss: 0.618
[49,   370] loss: 0.545
[49,   380] loss: 0.542
[49,   390] loss: 0.599
[49,   400] loss: 0.548
VALIDATION loss: 0.5293892025947571
[50,    10] loss: 0.518
[50,    20] loss: 0.519
[50,    30] loss: 0.569
[50,    40] loss: 0.517
[50,    50] loss: 0.535
[50,    60] loss: 0.566
[50,    70] loss: 0.521
[50,    80] loss: 0.532
[50,    90] loss: 0.591
[50,   100] loss: 0.505
[50,   110] loss: 0.524
[50,   120] loss: 0.561
[50,   130] loss: 0.562
[50,   140] loss: 0.544
[50,   150] loss: 0.531
[50,   160] loss: 0.613
[50,   170] loss: 0.543
[50,   180] loss: 0.568
[50,   190] loss: 0.524
[50,   200] loss: 0.526
[50,   210] loss: 0.576
[50,   220] loss: 0.498
[50,   230] loss: 0.564
[50,   240] loss: 0.526
[50,   250] loss: 0.474
[50,   260] loss: 0.577
[50,   270] loss: 0.528
[50,   280] loss: 0.496
[50,   290] loss: 0.521
[50,   300] loss: 0.514
[50,   310] loss: 0.500
[50,   320] loss: 0.517
[50,   330] loss: 0.483
[50,   340] loss: 0.557
[50,   350] loss: 0.517
[50,   360] loss: 0.505
[50,   370] loss: 0.535
[50,   380] loss: 0.552
[50,   390] loss: 0.524
[50,   400] loss: 0.494
VALIDATION loss: 0.5226671695709229
[51,    10] loss: 0.607
[51,    20] loss: 0.531
[51,    30] loss: 0.536
[51,    40] loss: 0.554
[51,    50] loss: 0.545
[51,    60] loss: 0.496
[51,    70] loss: 0.543
[51,    80] loss: 0.562
[51,    90] loss: 0.535
[51,   100] loss: 0.576
[51,   110] loss: 0.563
[51,   120] loss: 0.495
[51,   130] loss: 0.496
[51,   140] loss: 0.495
[51,   150] loss: 0.544
[51,   160] loss: 0.529
[51,   170] loss: 0.525
[51,   180] loss: 0.488
[51,   190] loss: 0.536
[51,   200] loss: 0.532
[51,   210] loss: 0.507
[51,   220] loss: 0.497
[51,   230] loss: 0.505
[51,   240] loss: 0.529
[51,   250] loss: 0.530
[51,   260] loss: 0.495
[51,   270] loss: 0.541
[51,   280] loss: 0.552
[51,   290] loss: 0.491
[51,   300] loss: 0.507
[51,   310] loss: 0.555
[51,   320] loss: 0.499
[51,   330] loss: 0.622
[51,   340] loss: 0.580
[51,   350] loss: 0.537
[51,   360] loss: 0.481
[51,   370] loss: 0.497
[51,   380] loss: 0.507
[51,   390] loss: 0.597
[51,   400] loss: 0.516
VALIDATION loss: 0.5151057839393616
[52,    10] loss: 0.475
[52,    20] loss: 0.512
[52,    30] loss: 0.516
[52,    40] loss: 0.510
[52,    50] loss: 0.477
[52,    60] loss: 0.541
[52,    70] loss: 0.476
[52,    80] loss: 0.503
[52,    90] loss: 0.561
[52,   100] loss: 0.470
[52,   110] loss: 0.525
[52,   120] loss: 0.479
[52,   130] loss: 0.510
[52,   140] loss: 0.481
[52,   150] loss: 0.548
[52,   160] loss: 0.532
[52,   170] loss: 0.553
[52,   180] loss: 0.496
[52,   190] loss: 0.559
[52,   200] loss: 0.561
[52,   210] loss: 0.519
[52,   220] loss: 0.492
[52,   230] loss: 0.537
[52,   240] loss: 0.497
[52,   250] loss: 0.560
[52,   260] loss: 0.512
[52,   270] loss: 0.502
[52,   280] loss: 0.533
[52,   290] loss: 0.531
[52,   300] loss: 0.505
[52,   310] loss: 0.517
[52,   320] loss: 0.545
[52,   330] loss: 0.524
[52,   340] loss: 0.526
[52,   350] loss: 0.484
[52,   360] loss: 0.583
[52,   370] loss: 0.533
[52,   380] loss: 0.464
[52,   390] loss: 0.517
[52,   400] loss: 0.559
VALIDATION loss: 0.48343807458877563
[53,    10] loss: 0.453
[53,    20] loss: 0.510
[53,    30] loss: 0.527
[53,    40] loss: 0.522
[53,    50] loss: 0.567
[53,    60] loss: 0.473
[53,    70] loss: 0.587
[53,    80] loss: 0.481
[53,    90] loss: 0.505
[53,   100] loss: 0.509
[53,   110] loss: 0.503
[53,   120] loss: 0.485
[53,   130] loss: 0.513
[53,   140] loss: 0.498
[53,   150] loss: 0.536
[53,   160] loss: 0.444
[53,   170] loss: 0.578
[53,   180] loss: 0.506
[53,   190] loss: 0.553
[53,   200] loss: 0.486
[53,   210] loss: 0.544
[53,   220] loss: 0.486
[53,   230] loss: 0.521
[53,   240] loss: 0.502
[53,   250] loss: 0.523
[53,   260] loss: 0.566
[53,   270] loss: 0.483
[53,   280] loss: 0.525
[53,   290] loss: 0.596
[53,   300] loss: 0.527
[53,   310] loss: 0.550
[53,   320] loss: 0.553
[53,   330] loss: 0.495
[53,   340] loss: 0.479
[53,   350] loss: 0.486
[53,   360] loss: 0.513
[53,   370] loss: 0.519
[53,   380] loss: 0.507
[53,   390] loss: 0.537
[53,   400] loss: 0.444
VALIDATION loss: 0.5164300203323364
[54,    10] loss: 0.482
[54,    20] loss: 0.502
[54,    30] loss: 0.555
[54,    40] loss: 0.506
[54,    50] loss: 0.494
[54,    60] loss: 0.537
[54,    70] loss: 0.502
[54,    80] loss: 0.467
[54,    90] loss: 0.491
[54,   100] loss: 0.536
[54,   110] loss: 0.506
[54,   120] loss: 0.512
[54,   130] loss: 0.532
[54,   140] loss: 0.507
[54,   150] loss: 0.495
[54,   160] loss: 0.505
[54,   170] loss: 0.468
[54,   180] loss: 0.515
[54,   190] loss: 0.557
[54,   200] loss: 0.500
[54,   210] loss: 0.510
[54,   220] loss: 0.535
[54,   230] loss: 0.457
[54,   240] loss: 0.506
[54,   250] loss: 0.562
[54,   260] loss: 0.470
[54,   270] loss: 0.520
[54,   280] loss: 0.493
[54,   290] loss: 0.554
[54,   300] loss: 0.540
[54,   310] loss: 0.532
[54,   320] loss: 0.540
[54,   330] loss: 0.507
[54,   340] loss: 0.475
[54,   350] loss: 0.505
[54,   360] loss: 0.485
[54,   370] loss: 0.523
[54,   380] loss: 0.515
[54,   390] loss: 0.498
[54,   400] loss: 0.504
VALIDATION loss: 0.5609300136566162
[55,    10] loss: 0.542
[55,    20] loss: 0.456
[55,    30] loss: 0.509
[55,    40] loss: 0.507
[55,    50] loss: 0.465
[55,    60] loss: 0.468
[55,    70] loss: 0.507
[55,    80] loss: 0.497
[55,    90] loss: 0.521
[55,   100] loss: 0.463
[55,   110] loss: 0.507
[55,   120] loss: 0.557
[55,   130] loss: 0.501
[55,   140] loss: 0.481
[55,   150] loss: 0.555
[55,   160] loss: 0.571
[55,   170] loss: 0.488
[55,   180] loss: 0.511
[55,   190] loss: 0.482
[55,   200] loss: 0.487
[55,   210] loss: 0.493
[55,   220] loss: 0.481
[55,   230] loss: 0.526
[55,   240] loss: 0.499
[55,   250] loss: 0.509
[55,   260] loss: 0.512
[55,   270] loss: 0.465
[55,   280] loss: 0.499
[55,   290] loss: 0.489
[55,   300] loss: 0.520
[55,   310] loss: 0.486
[55,   320] loss: 0.516
[55,   330] loss: 0.512
[55,   340] loss: 0.525
[55,   350] loss: 0.512
[55,   360] loss: 0.456
[55,   370] loss: 0.523
[55,   380] loss: 0.547
[55,   390] loss: 0.495
[55,   400] loss: 0.467
VALIDATION loss: 0.49660056829452515
[56,    10] loss: 0.528
[56,    20] loss: 0.464
[56,    30] loss: 0.487
[56,    40] loss: 0.455
[56,    50] loss: 0.493
[56,    60] loss: 0.532
[56,    70] loss: 0.528
[56,    80] loss: 0.517
[56,    90] loss: 0.484
[56,   100] loss: 0.561
[56,   110] loss: 0.480
[56,   120] loss: 0.501
[56,   130] loss: 0.476
[56,   140] loss: 0.515
[56,   150] loss: 0.466
[56,   160] loss: 0.527
[56,   170] loss: 0.482
[56,   180] loss: 0.512
[56,   190] loss: 0.535
[56,   200] loss: 0.505
[56,   210] loss: 0.482
[56,   220] loss: 0.487
[56,   230] loss: 0.554
[56,   240] loss: 0.479
[56,   250] loss: 0.462
[56,   260] loss: 0.481
[56,   270] loss: 0.495
[56,   280] loss: 0.471
[56,   290] loss: 0.526
[56,   300] loss: 0.493
[56,   310] loss: 0.497
[56,   320] loss: 0.412
[56,   330] loss: 0.475
[56,   340] loss: 0.517
[56,   350] loss: 0.524
[56,   360] loss: 0.472
[56,   370] loss: 0.517
[56,   380] loss: 0.489
[56,   390] loss: 0.532
[56,   400] loss: 0.492
VALIDATION loss: 0.46577203273773193
[57,    10] loss: 0.471
[57,    20] loss: 0.514
[57,    30] loss: 0.524
[57,    40] loss: 0.443
[57,    50] loss: 0.522
[57,    60] loss: 0.488
[57,    70] loss: 0.543
[57,    80] loss: 0.523
[57,    90] loss: 0.482
[57,   100] loss: 0.495
[57,   110] loss: 0.550
[57,   120] loss: 0.544
[57,   130] loss: 0.425
[57,   140] loss: 0.473
[57,   150] loss: 0.448
[57,   160] loss: 0.505
[57,   170] loss: 0.480
[57,   180] loss: 0.544
[57,   190] loss: 0.527
[57,   200] loss: 0.503
[57,   210] loss: 0.503
[57,   220] loss: 0.454
[57,   230] loss: 0.485
[57,   240] loss: 0.412
[57,   250] loss: 0.559
[57,   260] loss: 0.497
[57,   270] loss: 0.481
[57,   280] loss: 0.507
[57,   290] loss: 0.488
[57,   300] loss: 0.493
[57,   310] loss: 0.484
[57,   320] loss: 0.457
[57,   330] loss: 0.497
[57,   340] loss: 0.513
[57,   350] loss: 0.516
[57,   360] loss: 0.513
[57,   370] loss: 0.528
[57,   380] loss: 0.484
[57,   390] loss: 0.495
[57,   400] loss: 0.482
VALIDATION loss: 0.4681525230407715
[58,    10] loss: 0.497
[58,    20] loss: 0.424
[58,    30] loss: 0.479
[58,    40] loss: 0.479
[58,    50] loss: 0.438
[58,    60] loss: 0.540
[58,    70] loss: 0.450
[58,    80] loss: 0.493
[58,    90] loss: 0.453
[58,   100] loss: 0.504
[58,   110] loss: 0.478
[58,   120] loss: 0.488
[58,   130] loss: 0.476
[58,   140] loss: 0.480
[58,   150] loss: 0.479
[58,   160] loss: 0.468
[58,   170] loss: 0.451
[58,   180] loss: 0.494
[58,   190] loss: 0.459
[58,   200] loss: 0.522
[58,   210] loss: 0.542
[58,   220] loss: 0.444
[58,   230] loss: 0.506
[58,   240] loss: 0.428
[58,   250] loss: 0.460
[58,   260] loss: 0.549
[58,   270] loss: 0.519
[58,   280] loss: 0.547
[58,   290] loss: 0.469
[58,   300] loss: 0.552
[58,   310] loss: 0.395
[58,   320] loss: 0.470
[58,   330] loss: 0.482
[58,   340] loss: 0.529
[58,   350] loss: 0.488
[58,   360] loss: 0.483
[58,   370] loss: 0.489
[58,   380] loss: 0.513
[58,   390] loss: 0.476
[58,   400] loss: 0.490
VALIDATION loss: 0.4665825366973877
[59,    10] loss: 0.493
[59,    20] loss: 0.456
[59,    30] loss: 0.558
[59,    40] loss: 0.431
[59,    50] loss: 0.483
[59,    60] loss: 0.500
[59,    70] loss: 0.493
[59,    80] loss: 0.456
[59,    90] loss: 0.500
[59,   100] loss: 0.509
[59,   110] loss: 0.461
[59,   120] loss: 0.401
[59,   130] loss: 0.478
[59,   140] loss: 0.489
[59,   150] loss: 0.501
[59,   160] loss: 0.453
[59,   170] loss: 0.468
[59,   180] loss: 0.512
[59,   190] loss: 0.495
[59,   200] loss: 0.491
[59,   210] loss: 0.512
[59,   220] loss: 0.465
[59,   230] loss: 0.434
[59,   240] loss: 0.477
[59,   250] loss: 0.471
[59,   260] loss: 0.525
[59,   270] loss: 0.556
[59,   280] loss: 0.490
[59,   290] loss: 0.500
[59,   300] loss: 0.479
[59,   310] loss: 0.462
[59,   320] loss: 0.499
[59,   330] loss: 0.459
[59,   340] loss: 0.484
[59,   350] loss: 0.481
[59,   360] loss: 0.456
[59,   370] loss: 0.481
[59,   380] loss: 0.493
[59,   390] loss: 0.444
[59,   400] loss: 0.450
VALIDATION loss: 0.44138234853744507
[60,    10] loss: 0.531
[60,    20] loss: 0.479
[60,    30] loss: 0.485
[60,    40] loss: 0.484
[60,    50] loss: 0.484
[60,    60] loss: 0.488
[60,    70] loss: 0.489
[60,    80] loss: 0.433
[60,    90] loss: 0.510
[60,   100] loss: 0.486
[60,   110] loss: 0.534
[60,   120] loss: 0.460
[60,   130] loss: 0.440
[60,   140] loss: 0.480
[60,   150] loss: 0.464
[60,   160] loss: 0.481
[60,   170] loss: 0.457
[60,   180] loss: 0.511
[60,   190] loss: 0.465
[60,   200] loss: 0.445
[60,   210] loss: 0.450
[60,   220] loss: 0.452
[60,   230] loss: 0.425
[60,   240] loss: 0.439
[60,   250] loss: 0.448
[60,   260] loss: 0.542
[60,   270] loss: 0.527
[60,   280] loss: 0.522
[60,   290] loss: 0.498
[60,   300] loss: 0.491
[60,   310] loss: 0.444
[60,   320] loss: 0.488
[60,   330] loss: 0.445
[60,   340] loss: 0.465
[60,   350] loss: 0.464
[60,   360] loss: 0.483
[60,   370] loss: 0.442
[60,   380] loss: 0.443
[60,   390] loss: 0.483
[60,   400] loss: 0.485
VALIDATION loss: 0.4436568021774292
[61,    10] loss: 0.473
[61,    20] loss: 0.471
[61,    30] loss: 0.473
[61,    40] loss: 0.524
[61,    50] loss: 0.436
[61,    60] loss: 0.443
[61,    70] loss: 0.479
[61,    80] loss: 0.483
[61,    90] loss: 0.453
[61,   100] loss: 0.479
[61,   110] loss: 0.435
[61,   120] loss: 0.484
[61,   130] loss: 0.452
[61,   140] loss: 0.471
[61,   150] loss: 0.473
[61,   160] loss: 0.475
[61,   170] loss: 0.441
[61,   180] loss: 0.464
[61,   190] loss: 0.454
[61,   200] loss: 0.435
[61,   210] loss: 0.482
[61,   220] loss: 0.508
[61,   230] loss: 0.458
[61,   240] loss: 0.475
[61,   250] loss: 0.467
[61,   260] loss: 0.454
[61,   270] loss: 0.478
[61,   280] loss: 0.457
[61,   290] loss: 0.470
[61,   300] loss: 0.464
[61,   310] loss: 0.446
[61,   320] loss: 0.459
[61,   330] loss: 0.475
[61,   340] loss: 0.493
[61,   350] loss: 0.466
[61,   360] loss: 0.466
[61,   370] loss: 0.447
[61,   380] loss: 0.471
[61,   390] loss: 0.449
[61,   400] loss: 0.480
VALIDATION loss: 0.4421471059322357
[62,    10] loss: 0.487
[62,    20] loss: 0.542
[62,    30] loss: 0.483
[62,    40] loss: 0.492
[62,    50] loss: 0.490
[62,    60] loss: 0.453
[62,    70] loss: 0.468
[62,    80] loss: 0.433
[62,    90] loss: 0.467
[62,   100] loss: 0.452
[62,   110] loss: 0.473
[62,   120] loss: 0.486
[62,   130] loss: 0.406
[62,   140] loss: 0.483
[62,   150] loss: 0.460
[62,   160] loss: 0.459
[62,   170] loss: 0.507
[62,   180] loss: 0.454
[62,   190] loss: 0.491
[62,   200] loss: 0.471
[62,   210] loss: 0.440
[62,   220] loss: 0.497
[62,   230] loss: 0.428
[62,   240] loss: 0.422
[62,   250] loss: 0.374
[62,   260] loss: 0.480
[62,   270] loss: 0.515
[62,   280] loss: 0.451
[62,   290] loss: 0.492
[62,   300] loss: 0.487
[62,   310] loss: 0.434
[62,   320] loss: 0.428
[62,   330] loss: 0.473
[62,   340] loss: 0.496
[62,   350] loss: 0.448
[62,   360] loss: 0.450
[62,   370] loss: 0.474
[62,   380] loss: 0.501
[62,   390] loss: 0.421
[62,   400] loss: 0.427
VALIDATION loss: 0.4529900550842285
[63,    10] loss: 0.483
[63,    20] loss: 0.449
[63,    30] loss: 0.463
[63,    40] loss: 0.499
[63,    50] loss: 0.475
[63,    60] loss: 0.449
[63,    70] loss: 0.465
[63,    80] loss: 0.429
[63,    90] loss: 0.448
[63,   100] loss: 0.430
[63,   110] loss: 0.467
[63,   120] loss: 0.392
[63,   130] loss: 0.501
[63,   140] loss: 0.518
[63,   150] loss: 0.430
[63,   160] loss: 0.463
[63,   170] loss: 0.495
[63,   180] loss: 0.453
[63,   190] loss: 0.454
[63,   200] loss: 0.479
[63,   210] loss: 0.458
[63,   220] loss: 0.521
[63,   230] loss: 0.467
[63,   240] loss: 0.521
[63,   250] loss: 0.416
[63,   260] loss: 0.463
[63,   270] loss: 0.458
[63,   280] loss: 0.440
[63,   290] loss: 0.445
[63,   300] loss: 0.428
[63,   310] loss: 0.457
[63,   320] loss: 0.432
[63,   330] loss: 0.474
[63,   340] loss: 0.419
[63,   350] loss: 0.511
[63,   360] loss: 0.453
[63,   370] loss: 0.433
[63,   380] loss: 0.436
[63,   390] loss: 0.451
[63,   400] loss: 0.436
VALIDATION loss: 0.41748160123825073
[64,    10] loss: 0.471
[64,    20] loss: 0.453
[64,    30] loss: 0.484
[64,    40] loss: 0.475
[64,    50] loss: 0.402
[64,    60] loss: 0.464
[64,    70] loss: 0.485
[64,    80] loss: 0.510
[64,    90] loss: 0.433
[64,   100] loss: 0.451
[64,   110] loss: 0.504
[64,   120] loss: 0.438
[64,   130] loss: 0.474
[64,   140] loss: 0.395
[64,   150] loss: 0.435
[64,   160] loss: 0.479
[64,   170] loss: 0.464
[64,   180] loss: 0.440
[64,   190] loss: 0.515
[64,   200] loss: 0.508
[64,   210] loss: 0.424
[64,   220] loss: 0.452
[64,   230] loss: 0.450
[64,   240] loss: 0.474
[64,   250] loss: 0.456
[64,   260] loss: 0.415
[64,   270] loss: 0.496
[64,   280] loss: 0.459
[64,   290] loss: 0.474
[64,   300] loss: 0.388
[64,   310] loss: 0.433
[64,   320] loss: 0.512
[64,   330] loss: 0.432
[64,   340] loss: 0.503
[64,   350] loss: 0.471
[64,   360] loss: 0.457
[64,   370] loss: 0.404
[64,   380] loss: 0.500
[64,   390] loss: 0.409
[64,   400] loss: 0.491
VALIDATION loss: 0.43006014823913574
[65,    10] loss: 0.445
[65,    20] loss: 0.421
[65,    30] loss: 0.449
[65,    40] loss: 0.419
[65,    50] loss: 0.479
[65,    60] loss: 0.445
[65,    70] loss: 0.440
[65,    80] loss: 0.462
[65,    90] loss: 0.482
[65,   100] loss: 0.431
[65,   110] loss: 0.460
[65,   120] loss: 0.416
[65,   130] loss: 0.435
[65,   140] loss: 0.419
[65,   150] loss: 0.467
[65,   160] loss: 0.418
[65,   170] loss: 0.457
[65,   180] loss: 0.439
[65,   190] loss: 0.503
[65,   200] loss: 0.472
[65,   210] loss: 0.452
[65,   220] loss: 0.466
[65,   230] loss: 0.418
[65,   240] loss: 0.394
[65,   250] loss: 0.416
[65,   260] loss: 0.473
[65,   270] loss: 0.416
[65,   280] loss: 0.475
[65,   290] loss: 0.439
[65,   300] loss: 0.467
[65,   310] loss: 0.444
[65,   320] loss: 0.411
[65,   330] loss: 0.422
[65,   340] loss: 0.437
[65,   350] loss: 0.450
[65,   360] loss: 0.458
[65,   370] loss: 0.461
[65,   380] loss: 0.470
[65,   390] loss: 0.469
[65,   400] loss: 0.477
VALIDATION loss: 0.439697265625
[66,    10] loss: 0.432
[66,    20] loss: 0.417
[66,    30] loss: 0.497
[66,    40] loss: 0.464
[66,    50] loss: 0.420
[66,    60] loss: 0.478
[66,    70] loss: 0.456
[66,    80] loss: 0.420
[66,    90] loss: 0.436
[66,   100] loss: 0.440
[66,   110] loss: 0.474
[66,   120] loss: 0.496
[66,   130] loss: 0.440
[66,   140] loss: 0.451
[66,   150] loss: 0.440
[66,   160] loss: 0.467
[66,   170] loss: 0.438
[66,   180] loss: 0.440
[66,   190] loss: 0.448
[66,   200] loss: 0.396
[66,   210] loss: 0.428
[66,   220] loss: 0.417
[66,   230] loss: 0.391
[66,   240] loss: 0.477
[66,   250] loss: 0.520
[66,   260] loss: 0.441
[66,   270] loss: 0.431
[66,   280] loss: 0.452
[66,   290] loss: 0.436
[66,   300] loss: 0.447
[66,   310] loss: 0.419
[66,   320] loss: 0.466
[66,   330] loss: 0.355
[66,   340] loss: 0.462
[66,   350] loss: 0.496
[66,   360] loss: 0.457
[66,   370] loss: 0.489
[66,   380] loss: 0.443
[66,   390] loss: 0.400
[66,   400] loss: 0.442
VALIDATION loss: 0.44159406423568726
[67,    10] loss: 0.387
[67,    20] loss: 0.431
[67,    30] loss: 0.424
[67,    40] loss: 0.429
[67,    50] loss: 0.421
[67,    60] loss: 0.391
[67,    70] loss: 0.412
[67,    80] loss: 0.435
[67,    90] loss: 0.439
[67,   100] loss: 0.483
[67,   110] loss: 0.401
[67,   120] loss: 0.436
[67,   130] loss: 0.449
[67,   140] loss: 0.477
[67,   150] loss: 0.428
[67,   160] loss: 0.391
[67,   170] loss: 0.492
[67,   180] loss: 0.479
[67,   190] loss: 0.501
[67,   200] loss: 0.477
[67,   210] loss: 0.475
[67,   220] loss: 0.448
[67,   230] loss: 0.478
[67,   240] loss: 0.439
[67,   250] loss: 0.408
[67,   260] loss: 0.381
[67,   270] loss: 0.433
[67,   280] loss: 0.464
[67,   290] loss: 0.411
[67,   300] loss: 0.409
[67,   310] loss: 0.408
[67,   320] loss: 0.479
[67,   330] loss: 0.443
[67,   340] loss: 0.479
[67,   350] loss: 0.418
[67,   360] loss: 0.386
[67,   370] loss: 0.460
[67,   380] loss: 0.466
[67,   390] loss: 0.411
[67,   400] loss: 0.447
VALIDATION loss: 0.39474594593048096
[68,    10] loss: 0.405
[68,    20] loss: 0.443
[68,    30] loss: 0.457
[68,    40] loss: 0.459
[68,    50] loss: 0.475
[68,    60] loss: 0.473
[68,    70] loss: 0.452
[68,    80] loss: 0.469
[68,    90] loss: 0.452
[68,   100] loss: 0.460
[68,   110] loss: 0.454
[68,   120] loss: 0.441
[68,   130] loss: 0.431
[68,   140] loss: 0.473
[68,   150] loss: 0.355
[68,   160] loss: 0.391
[68,   170] loss: 0.391
[68,   180] loss: 0.470
[68,   190] loss: 0.401
[68,   200] loss: 0.428
[68,   210] loss: 0.464
[68,   220] loss: 0.476
[68,   230] loss: 0.402
[68,   240] loss: 0.408
[68,   250] loss: 0.411
[68,   260] loss: 0.457
[68,   270] loss: 0.418
[68,   280] loss: 0.491
[68,   290] loss: 0.394
[68,   300] loss: 0.442
[68,   310] loss: 0.387
[68,   320] loss: 0.411
[68,   330] loss: 0.398
[68,   340] loss: 0.448
[68,   350] loss: 0.408
[68,   360] loss: 0.442
[68,   370] loss: 0.390
[68,   380] loss: 0.434
[68,   390] loss: 0.460
[68,   400] loss: 0.455
VALIDATION loss: 0.38992980122566223
[69,    10] loss: 0.445
[69,    20] loss: 0.434
[69,    30] loss: 0.466
[69,    40] loss: 0.394
[69,    50] loss: 0.453
[69,    60] loss: 0.498
[69,    70] loss: 0.458
[69,    80] loss: 0.367
[69,    90] loss: 0.427
[69,   100] loss: 0.445
[69,   110] loss: 0.411
[69,   120] loss: 0.459
[69,   130] loss: 0.444
[69,   140] loss: 0.402
[69,   150] loss: 0.398
[69,   160] loss: 0.434
[69,   170] loss: 0.402
[69,   180] loss: 0.489
[69,   190] loss: 0.447
[69,   200] loss: 0.428
[69,   210] loss: 0.406
[69,   220] loss: 0.371
[69,   230] loss: 0.437
[69,   240] loss: 0.431
[69,   250] loss: 0.427
[69,   260] loss: 0.417
[69,   270] loss: 0.483
[69,   280] loss: 0.491
[69,   290] loss: 0.410
[69,   300] loss: 0.364
[69,   310] loss: 0.419
[69,   320] loss: 0.450
[69,   330] loss: 0.433
[69,   340] loss: 0.386
[69,   350] loss: 0.437
[69,   360] loss: 0.430
[69,   370] loss: 0.418
[69,   380] loss: 0.433
[69,   390] loss: 0.457
[69,   400] loss: 0.445
VALIDATION loss: 0.4041077792644501
[70,    10] loss: 0.422
[70,    20] loss: 0.492
[70,    30] loss: 0.419
[70,    40] loss: 0.435
[70,    50] loss: 0.430
[70,    60] loss: 0.463
[70,    70] loss: 0.408
[70,    80] loss: 0.403
[70,    90] loss: 0.430
[70,   100] loss: 0.433
[70,   110] loss: 0.414
[70,   120] loss: 0.453
[70,   130] loss: 0.445
[70,   140] loss: 0.395
[70,   150] loss: 0.395
[70,   160] loss: 0.397
[70,   170] loss: 0.429
[70,   180] loss: 0.491
[70,   190] loss: 0.456
[70,   200] loss: 0.444
[70,   210] loss: 0.388
[70,   220] loss: 0.410
[70,   230] loss: 0.414
[70,   240] loss: 0.428
[70,   250] loss: 0.441
[70,   260] loss: 0.398
[70,   270] loss: 0.457
[70,   280] loss: 0.452
[70,   290] loss: 0.406
[70,   300] loss: 0.438
[70,   310] loss: 0.416
[70,   320] loss: 0.420
[70,   330] loss: 0.352
[70,   340] loss: 0.451
[70,   350] loss: 0.376
[70,   360] loss: 0.420
[70,   370] loss: 0.421
[70,   380] loss: 0.388
[70,   390] loss: 0.437
[70,   400] loss: 0.380
VALIDATION loss: 0.41271698474884033
[71,    10] loss: 0.439
[71,    20] loss: 0.377
[71,    30] loss: 0.416
[71,    40] loss: 0.426
[71,    50] loss: 0.426
[71,    60] loss: 0.433
[71,    70] loss: 0.425
[71,    80] loss: 0.430
[71,    90] loss: 0.440
[71,   100] loss: 0.417
[71,   110] loss: 0.452
[71,   120] loss: 0.404
[71,   130] loss: 0.412
[71,   140] loss: 0.395
[71,   150] loss: 0.434
[71,   160] loss: 0.401
[71,   170] loss: 0.390
[71,   180] loss: 0.360
[71,   190] loss: 0.406
[71,   200] loss: 0.402
[71,   210] loss: 0.422
[71,   220] loss: 0.418
[71,   230] loss: 0.402
[71,   240] loss: 0.427
[71,   250] loss: 0.413
[71,   260] loss: 0.368
[71,   270] loss: 0.377
[71,   280] loss: 0.439
[71,   290] loss: 0.409
[71,   300] loss: 0.404
[71,   310] loss: 0.432
[71,   320] loss: 0.492
[71,   330] loss: 0.474
[71,   340] loss: 0.414
[71,   350] loss: 0.453
[71,   360] loss: 0.404
[71,   370] loss: 0.425
[71,   380] loss: 0.447
[71,   390] loss: 0.444
[71,   400] loss: 0.402
VALIDATION loss: 0.4337861239910126
[72,    10] loss: 0.456
[72,    20] loss: 0.432
[72,    30] loss: 0.383
[72,    40] loss: 0.419
[72,    50] loss: 0.409
[72,    60] loss: 0.405
[72,    70] loss: 0.442
[72,    80] loss: 0.407
[72,    90] loss: 0.384
[72,   100] loss: 0.370
[72,   110] loss: 0.424
[72,   120] loss: 0.427
[72,   130] loss: 0.397
[72,   140] loss: 0.465
[72,   150] loss: 0.380
[72,   160] loss: 0.438
[72,   170] loss: 0.378
[72,   180] loss: 0.439
[72,   190] loss: 0.407
[72,   200] loss: 0.400
[72,   210] loss: 0.425
[72,   220] loss: 0.390
[72,   230] loss: 0.413
[72,   240] loss: 0.414
[72,   250] loss: 0.401
[72,   260] loss: 0.464
[72,   270] loss: 0.431
[72,   280] loss: 0.388
[72,   290] loss: 0.388
[72,   300] loss: 0.424
[72,   310] loss: 0.449
[72,   320] loss: 0.385
[72,   330] loss: 0.361
[72,   340] loss: 0.420
[72,   350] loss: 0.407
[72,   360] loss: 0.386
[72,   370] loss: 0.408
[72,   380] loss: 0.424
[72,   390] loss: 0.409
[72,   400] loss: 0.421
VALIDATION loss: 0.40405863523483276
[73,    10] loss: 0.443
[73,    20] loss: 0.425
[73,    30] loss: 0.425
[73,    40] loss: 0.372
[73,    50] loss: 0.366
[73,    60] loss: 0.397
[73,    70] loss: 0.485
[73,    80] loss: 0.398
[73,    90] loss: 0.424
[73,   100] loss: 0.420
[73,   110] loss: 0.400
[73,   120] loss: 0.389
[73,   130] loss: 0.379
[73,   140] loss: 0.437
[73,   150] loss: 0.397
[73,   160] loss: 0.430
[73,   170] loss: 0.435
[73,   180] loss: 0.450
[73,   190] loss: 0.411
[73,   200] loss: 0.422
[73,   210] loss: 0.386
[73,   220] loss: 0.395
[73,   230] loss: 0.391
[73,   240] loss: 0.445
[73,   250] loss: 0.434
[73,   260] loss: 0.377
[73,   270] loss: 0.400
[73,   280] loss: 0.406
[73,   290] loss: 0.452
[73,   300] loss: 0.373
[73,   310] loss: 0.443
[73,   320] loss: 0.401
[73,   330] loss: 0.417
[73,   340] loss: 0.431
[73,   350] loss: 0.408
[73,   360] loss: 0.415
[73,   370] loss: 0.437
[73,   380] loss: 0.402
[73,   390] loss: 0.478
[73,   400] loss: 0.381
VALIDATION loss: 0.4350195527076721
[74,    10] loss: 0.367
[74,    20] loss: 0.399
[74,    30] loss: 0.432
[74,    40] loss: 0.412
[74,    50] loss: 0.430
[74,    60] loss: 0.382
[74,    70] loss: 0.372
[74,    80] loss: 0.398
[74,    90] loss: 0.352
[74,   100] loss: 0.479
[74,   110] loss: 0.410
[74,   120] loss: 0.445
[74,   130] loss: 0.411
[74,   140] loss: 0.393
[74,   150] loss: 0.429
[74,   160] loss: 0.446
[74,   170] loss: 0.415
[74,   180] loss: 0.396
[74,   190] loss: 0.398
[74,   200] loss: 0.381
[74,   210] loss: 0.377
[74,   220] loss: 0.321
[74,   230] loss: 0.365
[74,   240] loss: 0.391
[74,   250] loss: 0.417
[74,   260] loss: 0.403
[74,   270] loss: 0.437
[74,   280] loss: 0.448
[74,   290] loss: 0.370
[74,   300] loss: 0.401
[74,   310] loss: 0.379
[74,   320] loss: 0.447
[74,   330] loss: 0.420
[74,   340] loss: 0.396
[74,   350] loss: 0.454
[74,   360] loss: 0.371
[74,   370] loss: 0.397
[74,   380] loss: 0.422
[74,   390] loss: 0.433
[74,   400] loss: 0.491
VALIDATION loss: 0.4066033363342285
[75,    10] loss: 0.369
[75,    20] loss: 0.441
[75,    30] loss: 0.416
[75,    40] loss: 0.379
[75,    50] loss: 0.419
[75,    60] loss: 0.389
[75,    70] loss: 0.396
[75,    80] loss: 0.395
[75,    90] loss: 0.418
[75,   100] loss: 0.403
[75,   110] loss: 0.417
[75,   120] loss: 0.427
[75,   130] loss: 0.418
[75,   140] loss: 0.408
[75,   150] loss: 0.366
[75,   160] loss: 0.396
[75,   170] loss: 0.435
[75,   180] loss: 0.406
[75,   190] loss: 0.378
[75,   200] loss: 0.418
[75,   210] loss: 0.416
[75,   220] loss: 0.397
[75,   230] loss: 0.407
[75,   240] loss: 0.374
[75,   250] loss: 0.414
[75,   260] loss: 0.355
[75,   270] loss: 0.390
[75,   280] loss: 0.438
[75,   290] loss: 0.406
[75,   300] loss: 0.391
[75,   310] loss: 0.409
[75,   320] loss: 0.385
[75,   330] loss: 0.437
[75,   340] loss: 0.425
[75,   350] loss: 0.427
[75,   360] loss: 0.423
[75,   370] loss: 0.393
[75,   380] loss: 0.374
[75,   390] loss: 0.364
[75,   400] loss: 0.382
VALIDATION loss: 0.3686378598213196
[76,    10] loss: 0.417
[76,    20] loss: 0.376
[76,    30] loss: 0.373
[76,    40] loss: 0.412
[76,    50] loss: 0.412
[76,    60] loss: 0.436
[76,    70] loss: 0.358
[76,    80] loss: 0.436
[76,    90] loss: 0.364
[76,   100] loss: 0.423
[76,   110] loss: 0.397
[76,   120] loss: 0.448
[76,   130] loss: 0.414
[76,   140] loss: 0.411
[76,   150] loss: 0.373
[76,   160] loss: 0.365
[76,   170] loss: 0.430
[76,   180] loss: 0.396
[76,   190] loss: 0.423
[76,   200] loss: 0.391
[76,   210] loss: 0.386
[76,   220] loss: 0.357
[76,   230] loss: 0.362
[76,   240] loss: 0.443
[76,   250] loss: 0.439
[76,   260] loss: 0.382
[76,   270] loss: 0.472
[76,   280] loss: 0.330
[76,   290] loss: 0.373
[76,   300] loss: 0.368
[76,   310] loss: 0.371
[76,   320] loss: 0.399
[76,   330] loss: 0.458
[76,   340] loss: 0.388
[76,   350] loss: 0.390
[76,   360] loss: 0.424
[76,   370] loss: 0.416
[76,   380] loss: 0.418
[76,   390] loss: 0.369
[76,   400] loss: 0.384
VALIDATION loss: 0.393644779920578
[77,    10] loss: 0.413
[77,    20] loss: 0.412
[77,    30] loss: 0.358
[77,    40] loss: 0.437
[77,    50] loss: 0.444
[77,    60] loss: 0.365
[77,    70] loss: 0.387
[77,    80] loss: 0.355
[77,    90] loss: 0.389
[77,   100] loss: 0.353
[77,   110] loss: 0.399
[77,   120] loss: 0.433
[77,   130] loss: 0.383
[77,   140] loss: 0.361
[77,   150] loss: 0.439
[77,   160] loss: 0.412
[77,   170] loss: 0.363
[77,   180] loss: 0.374
[77,   190] loss: 0.348
[77,   200] loss: 0.377
[77,   210] loss: 0.388
[77,   220] loss: 0.463
[77,   230] loss: 0.390
[77,   240] loss: 0.417
[77,   250] loss: 0.438
[77,   260] loss: 0.406
[77,   270] loss: 0.405
[77,   280] loss: 0.381
[77,   290] loss: 0.355
[77,   300] loss: 0.432
[77,   310] loss: 0.359
[77,   320] loss: 0.393
[77,   330] loss: 0.375
[77,   340] loss: 0.433
[77,   350] loss: 0.412
[77,   360] loss: 0.409
[77,   370] loss: 0.467
[77,   380] loss: 0.428
[77,   390] loss: 0.362
[77,   400] loss: 0.376
VALIDATION loss: 0.3816037178039551
[78,    10] loss: 0.400
[78,    20] loss: 0.393
[78,    30] loss: 0.409
[78,    40] loss: 0.376
[78,    50] loss: 0.370
[78,    60] loss: 0.430
[78,    70] loss: 0.455
[78,    80] loss: 0.400
[78,    90] loss: 0.394
[78,   100] loss: 0.353
[78,   110] loss: 0.380
[78,   120] loss: 0.413
[78,   130] loss: 0.357
[78,   140] loss: 0.421
[78,   150] loss: 0.373
[78,   160] loss: 0.401
[78,   170] loss: 0.363
[78,   180] loss: 0.364
[78,   190] loss: 0.425
[78,   200] loss: 0.371
[78,   210] loss: 0.388
[78,   220] loss: 0.407
[78,   230] loss: 0.427
[78,   240] loss: 0.382
[78,   250] loss: 0.409
[78,   260] loss: 0.417
[78,   270] loss: 0.424
[78,   280] loss: 0.376
[78,   290] loss: 0.410
[78,   300] loss: 0.370
[78,   310] loss: 0.366
[78,   320] loss: 0.435
[78,   330] loss: 0.373
[78,   340] loss: 0.400
[78,   350] loss: 0.391
[78,   360] loss: 0.395
[78,   370] loss: 0.396
[78,   380] loss: 0.338
[78,   390] loss: 0.367
[78,   400] loss: 0.454
VALIDATION loss: 0.3688696622848511
[79,    10] loss: 0.388
[79,    20] loss: 0.376
[79,    30] loss: 0.377
[79,    40] loss: 0.399
[79,    50] loss: 0.385
[79,    60] loss: 0.393
[79,    70] loss: 0.387
[79,    80] loss: 0.426
[79,    90] loss: 0.398
[79,   100] loss: 0.441
[79,   110] loss: 0.364
[79,   120] loss: 0.368
[79,   130] loss: 0.422
[79,   140] loss: 0.394
[79,   150] loss: 0.425
[79,   160] loss: 0.450
[79,   170] loss: 0.394
[79,   180] loss: 0.462
[79,   190] loss: 0.387
[79,   200] loss: 0.394
[79,   210] loss: 0.363
[79,   220] loss: 0.324
[79,   230] loss: 0.417
[79,   240] loss: 0.354
[79,   250] loss: 0.338
[79,   260] loss: 0.393
[79,   270] loss: 0.352
[79,   280] loss: 0.423
[79,   290] loss: 0.405
[79,   300] loss: 0.433
[79,   310] loss: 0.414
[79,   320] loss: 0.376
[79,   330] loss: 0.356
[79,   340] loss: 0.406
[79,   350] loss: 0.333
[79,   360] loss: 0.401
[79,   370] loss: 0.400
[79,   380] loss: 0.377
[79,   390] loss: 0.387
[79,   400] loss: 0.338
VALIDATION loss: 0.3574676811695099
[80,    10] loss: 0.385
[80,    20] loss: 0.381
[80,    30] loss: 0.430
[80,    40] loss: 0.368
[80,    50] loss: 0.364
[80,    60] loss: 0.353
[80,    70] loss: 0.414
[80,    80] loss: 0.410
[80,    90] loss: 0.362
[80,   100] loss: 0.434
[80,   110] loss: 0.381
[80,   120] loss: 0.375
[80,   130] loss: 0.422
[80,   140] loss: 0.401
[80,   150] loss: 0.425
[80,   160] loss: 0.392
[80,   170] loss: 0.375
[80,   180] loss: 0.396
[80,   190] loss: 0.397
[80,   200] loss: 0.386
[80,   210] loss: 0.374
[80,   220] loss: 0.328
[80,   230] loss: 0.392
[80,   240] loss: 0.370
[80,   250] loss: 0.392
[80,   260] loss: 0.344
[80,   270] loss: 0.361
[80,   280] loss: 0.381
[80,   290] loss: 0.380
[80,   300] loss: 0.399
[80,   310] loss: 0.382
[80,   320] loss: 0.335
[80,   330] loss: 0.389
[80,   340] loss: 0.387
[80,   350] loss: 0.390
[80,   360] loss: 0.361
[80,   370] loss: 0.395
[80,   380] loss: 0.378
[80,   390] loss: 0.420
[80,   400] loss: 0.368
VALIDATION loss: 0.3451668620109558
[81,    10] loss: 0.353
[81,    20] loss: 0.374
[81,    30] loss: 0.327
[81,    40] loss: 0.406
[81,    50] loss: 0.388
[81,    60] loss: 0.374
[81,    70] loss: 0.347
[81,    80] loss: 0.390
[81,    90] loss: 0.340
[81,   100] loss: 0.376
[81,   110] loss: 0.420
[81,   120] loss: 0.366
[81,   130] loss: 0.398
[81,   140] loss: 0.396
[81,   150] loss: 0.388
[81,   160] loss: 0.343
[81,   170] loss: 0.372
[81,   180] loss: 0.325
[81,   190] loss: 0.382
[81,   200] loss: 0.358
[81,   210] loss: 0.358
[81,   220] loss: 0.333
[81,   230] loss: 0.392
[81,   240] loss: 0.329
[81,   250] loss: 0.370
[81,   260] loss: 0.440
[81,   270] loss: 0.357
[81,   280] loss: 0.414
[81,   290] loss: 0.335
[81,   300] loss: 0.381
[81,   310] loss: 0.391
[81,   320] loss: 0.427
[81,   330] loss: 0.368
[81,   340] loss: 0.422
[81,   350] loss: 0.368
[81,   360] loss: 0.394
[81,   370] loss: 0.330
[81,   380] loss: 0.393
[81,   390] loss: 0.464
[81,   400] loss: 0.396
VALIDATION loss: 0.3598899245262146
[82,    10] loss: 0.324
[82,    20] loss: 0.358
[82,    30] loss: 0.361
[82,    40] loss: 0.382
[82,    50] loss: 0.386
[82,    60] loss: 0.365
[82,    70] loss: 0.379
[82,    80] loss: 0.366
[82,    90] loss: 0.385
[82,   100] loss: 0.377
[82,   110] loss: 0.410
[82,   120] loss: 0.340
[82,   130] loss: 0.344
[82,   140] loss: 0.383
[82,   150] loss: 0.358
[82,   160] loss: 0.359
[82,   170] loss: 0.430
[82,   180] loss: 0.360
[82,   190] loss: 0.402
[82,   200] loss: 0.382
[82,   210] loss: 0.436
[82,   220] loss: 0.338
[82,   230] loss: 0.411
[82,   240] loss: 0.383
[82,   250] loss: 0.370
[82,   260] loss: 0.371
[82,   270] loss: 0.351
[82,   280] loss: 0.328
[82,   290] loss: 0.405
[82,   300] loss: 0.397
[82,   310] loss: 0.369
[82,   320] loss: 0.373
[82,   330] loss: 0.372
[82,   340] loss: 0.380
[82,   350] loss: 0.358
[82,   360] loss: 0.390
[82,   370] loss: 0.382
[82,   380] loss: 0.385
[82,   390] loss: 0.332
[82,   400] loss: 0.425
VALIDATION loss: 0.3483780026435852
[83,    10] loss: 0.366
[83,    20] loss: 0.364
[83,    30] loss: 0.370
[83,    40] loss: 0.417
[83,    50] loss: 0.404
[83,    60] loss: 0.400
[83,    70] loss: 0.369
[83,    80] loss: 0.331
[83,    90] loss: 0.365
[83,   100] loss: 0.373
[83,   110] loss: 0.431
[83,   120] loss: 0.368
[83,   130] loss: 0.359
[83,   140] loss: 0.399
[83,   150] loss: 0.343
[83,   160] loss: 0.366
[83,   170] loss: 0.370
[83,   180] loss: 0.399
[83,   190] loss: 0.388
[83,   200] loss: 0.340
[83,   210] loss: 0.349
[83,   220] loss: 0.313
[83,   230] loss: 0.350
[83,   240] loss: 0.373
[83,   250] loss: 0.374
[83,   260] loss: 0.389
[83,   270] loss: 0.365
[83,   280] loss: 0.379
[83,   290] loss: 0.314
[83,   300] loss: 0.394
[83,   310] loss: 0.399
[83,   320] loss: 0.368
[83,   330] loss: 0.376
[83,   340] loss: 0.378
[83,   350] loss: 0.373
[83,   360] loss: 0.389
[83,   370] loss: 0.337
[83,   380] loss: 0.429
[83,   390] loss: 0.377
[83,   400] loss: 0.390
VALIDATION loss: 0.35347113013267517
[84,    10] loss: 0.324
[84,    20] loss: 0.416
[84,    30] loss: 0.412
[84,    40] loss: 0.381
[84,    50] loss: 0.373
[84,    60] loss: 0.350
[84,    70] loss: 0.380
[84,    80] loss: 0.398
[84,    90] loss: 0.338
[84,   100] loss: 0.390
[84,   110] loss: 0.346
[84,   120] loss: 0.366
[84,   130] loss: 0.357
[84,   140] loss: 0.423
[84,   150] loss: 0.365
[84,   160] loss: 0.389
[84,   170] loss: 0.398
[84,   180] loss: 0.371
[84,   190] loss: 0.375
[84,   200] loss: 0.384
[84,   210] loss: 0.394
[84,   220] loss: 0.389
[84,   230] loss: 0.354
[84,   240] loss: 0.379
[84,   250] loss: 0.399
[84,   260] loss: 0.400
[84,   270] loss: 0.347
[84,   280] loss: 0.350
[84,   290] loss: 0.347
[84,   300] loss: 0.407
[84,   310] loss: 0.369
[84,   320] loss: 0.390
[84,   330] loss: 0.352
[84,   340] loss: 0.385
[84,   350] loss: 0.318
[84,   360] loss: 0.310
[84,   370] loss: 0.354
[84,   380] loss: 0.377
[84,   390] loss: 0.369
[84,   400] loss: 0.380
VALIDATION loss: 0.3402603566646576
[85,    10] loss: 0.328
[85,    20] loss: 0.410
[85,    30] loss: 0.317
[85,    40] loss: 0.366
[85,    50] loss: 0.359
[85,    60] loss: 0.331
[85,    70] loss: 0.363
[85,    80] loss: 0.345
[85,    90] loss: 0.363
[85,   100] loss: 0.339
[85,   110] loss: 0.345
[85,   120] loss: 0.348
[85,   130] loss: 0.394
[85,   140] loss: 0.377
[85,   150] loss: 0.379
[85,   160] loss: 0.350
[85,   170] loss: 0.392
[85,   180] loss: 0.347
[85,   190] loss: 0.338
[85,   200] loss: 0.343
[85,   210] loss: 0.377
[85,   220] loss: 0.390
[85,   230] loss: 0.367
[85,   240] loss: 0.354
[85,   250] loss: 0.374
[85,   260] loss: 0.390
[85,   270] loss: 0.370
[85,   280] loss: 0.393
[85,   290] loss: 0.391
[85,   300] loss: 0.411
[85,   310] loss: 0.380
[85,   320] loss: 0.394
[85,   330] loss: 0.377
[85,   340] loss: 0.360
[85,   350] loss: 0.362
[85,   360] loss: 0.369
[85,   370] loss: 0.352
[85,   380] loss: 0.369
[85,   390] loss: 0.405
[85,   400] loss: 0.396
VALIDATION loss: 0.3446919322013855
[86,    10] loss: 0.397
[86,    20] loss: 0.317
[86,    30] loss: 0.330
[86,    40] loss: 0.411
[86,    50] loss: 0.419
[86,    60] loss: 0.388
[86,    70] loss: 0.361
[86,    80] loss: 0.374
[86,    90] loss: 0.338
[86,   100] loss: 0.323
[86,   110] loss: 0.339
[86,   120] loss: 0.304
[86,   130] loss: 0.327
[86,   140] loss: 0.410
[86,   150] loss: 0.378
[86,   160] loss: 0.360
[86,   170] loss: 0.367
[86,   180] loss: 0.371
[86,   190] loss: 0.356
[86,   200] loss: 0.373
[86,   210] loss: 0.317
[86,   220] loss: 0.360
[86,   230] loss: 0.355
[86,   240] loss: 0.386
[86,   250] loss: 0.368
[86,   260] loss: 0.341
[86,   270] loss: 0.376
[86,   280] loss: 0.384
[86,   290] loss: 0.350
[86,   300] loss: 0.371
[86,   310] loss: 0.392
[86,   320] loss: 0.329
[86,   330] loss: 0.372
[86,   340] loss: 0.370
[86,   350] loss: 0.350
[86,   360] loss: 0.396
[86,   370] loss: 0.360
[86,   380] loss: 0.377
[86,   390] loss: 0.365
[86,   400] loss: 0.343
VALIDATION loss: 0.3465913236141205
[87,    10] loss: 0.357
[87,    20] loss: 0.329
[87,    30] loss: 0.334
[87,    40] loss: 0.344
[87,    50] loss: 0.335
[87,    60] loss: 0.347
[87,    70] loss: 0.352
[87,    80] loss: 0.413
[87,    90] loss: 0.325
[87,   100] loss: 0.375
[87,   110] loss: 0.380
[87,   120] loss: 0.363
[87,   130] loss: 0.344
[87,   140] loss: 0.398
[87,   150] loss: 0.331
[87,   160] loss: 0.376
[87,   170] loss: 0.339
[87,   180] loss: 0.357
[87,   190] loss: 0.324
[87,   200] loss: 0.370
[87,   210] loss: 0.365
[87,   220] loss: 0.375
[87,   230] loss: 0.329
[87,   240] loss: 0.334
[87,   250] loss: 0.353
[87,   260] loss: 0.355
[87,   270] loss: 0.356
[87,   280] loss: 0.363
[87,   290] loss: 0.403
[87,   300] loss: 0.357
[87,   310] loss: 0.378
[87,   320] loss: 0.357
[87,   330] loss: 0.355
[87,   340] loss: 0.336
[87,   350] loss: 0.355
[87,   360] loss: 0.404
[87,   370] loss: 0.353
[87,   380] loss: 0.400
[87,   390] loss: 0.412
[87,   400] loss: 0.384
VALIDATION loss: 0.33127158880233765
[88,    10] loss: 0.342
[88,    20] loss: 0.390
[88,    30] loss: 0.367
[88,    40] loss: 0.355
[88,    50] loss: 0.348
[88,    60] loss: 0.306
[88,    70] loss: 0.395
[88,    80] loss: 0.423
[88,    90] loss: 0.324
[88,   100] loss: 0.368
[88,   110] loss: 0.369
[88,   120] loss: 0.340
[88,   130] loss: 0.385
[88,   140] loss: 0.368
[88,   150] loss: 0.381
[88,   160] loss: 0.369
[88,   170] loss: 0.346
[88,   180] loss: 0.355
[88,   190] loss: 0.311
[88,   200] loss: 0.343
[88,   210] loss: 0.415
[88,   220] loss: 0.351
[88,   230] loss: 0.382
[88,   240] loss: 0.334
[88,   250] loss: 0.420
[88,   260] loss: 0.356
[88,   270] loss: 0.337
[88,   280] loss: 0.395
[88,   290] loss: 0.337
[88,   300] loss: 0.359
[88,   310] loss: 0.308
[88,   320] loss: 0.347
[88,   330] loss: 0.388
[88,   340] loss: 0.328
[88,   350] loss: 0.366
[88,   360] loss: 0.334
[88,   370] loss: 0.313
[88,   380] loss: 0.324
[88,   390] loss: 0.363
[88,   400] loss: 0.313
VALIDATION loss: 0.34759408235549927
[89,    10] loss: 0.298
[89,    20] loss: 0.339
[89,    30] loss: 0.364
[89,    40] loss: 0.358
[89,    50] loss: 0.360
[89,    60] loss: 0.335
[89,    70] loss: 0.332
[89,    80] loss: 0.367
[89,    90] loss: 0.386
[89,   100] loss: 0.372
[89,   110] loss: 0.372
[89,   120] loss: 0.330
[89,   130] loss: 0.357
[89,   140] loss: 0.322
[89,   150] loss: 0.340
[89,   160] loss: 0.344
[89,   170] loss: 0.373
[89,   180] loss: 0.304
[89,   190] loss: 0.366
[89,   200] loss: 0.352
[89,   210] loss: 0.335
[89,   220] loss: 0.372
[89,   230] loss: 0.352
[89,   240] loss: 0.342
[89,   250] loss: 0.373
[89,   260] loss: 0.349
[89,   270] loss: 0.370
[89,   280] loss: 0.354
[89,   290] loss: 0.394
[89,   300] loss: 0.311
[89,   310] loss: 0.364
[89,   320] loss: 0.316
[89,   330] loss: 0.360
[89,   340] loss: 0.334
[89,   350] loss: 0.342
[89,   360] loss: 0.367
[89,   370] loss: 0.377
[89,   380] loss: 0.398
[89,   390] loss: 0.359
[89,   400] loss: 0.346
VALIDATION loss: 0.33713677525520325
[90,    10] loss: 0.385
[90,    20] loss: 0.342
[90,    30] loss: 0.330
[90,    40] loss: 0.383
[90,    50] loss: 0.366
[90,    60] loss: 0.319
[90,    70] loss: 0.336
[90,    80] loss: 0.339
[90,    90] loss: 0.368
[90,   100] loss: 0.369
[90,   110] loss: 0.338
[90,   120] loss: 0.320
[90,   130] loss: 0.347
[90,   140] loss: 0.353
[90,   150] loss: 0.302
[90,   160] loss: 0.361
[90,   170] loss: 0.320
[90,   180] loss: 0.362
[90,   190] loss: 0.340
[90,   200] loss: 0.360
[90,   210] loss: 0.384
[90,   220] loss: 0.361
[90,   230] loss: 0.357
[90,   240] loss: 0.306
[90,   250] loss: 0.358
[90,   260] loss: 0.370
[90,   270] loss: 0.362
[90,   280] loss: 0.378
[90,   290] loss: 0.346
[90,   300] loss: 0.310
[90,   310] loss: 0.334
[90,   320] loss: 0.344
[90,   330] loss: 0.337
[90,   340] loss: 0.323
[90,   350] loss: 0.321
[90,   360] loss: 0.389
[90,   370] loss: 0.345
[90,   380] loss: 0.339
[90,   390] loss: 0.401
[90,   400] loss: 0.370
VALIDATION loss: 0.32201626896858215
[91,    10] loss: 0.325
[91,    20] loss: 0.319
[91,    30] loss: 0.342
[91,    40] loss: 0.345
[91,    50] loss: 0.299
[91,    60] loss: 0.297
[91,    70] loss: 0.341
[91,    80] loss: 0.384
[91,    90] loss: 0.328
[91,   100] loss: 0.337
[91,   110] loss: 0.321
[91,   120] loss: 0.328
[91,   130] loss: 0.404
[91,   140] loss: 0.378
[91,   150] loss: 0.427
[91,   160] loss: 0.322
[91,   170] loss: 0.427
[91,   180] loss: 0.339
[91,   190] loss: 0.356
[91,   200] loss: 0.333
[91,   210] loss: 0.374
[91,   220] loss: 0.332
[91,   230] loss: 0.374
[91,   240] loss: 0.339
[91,   250] loss: 0.333
[91,   260] loss: 0.330
[91,   270] loss: 0.294
[91,   280] loss: 0.326
[91,   290] loss: 0.346
[91,   300] loss: 0.355
[91,   310] loss: 0.341
[91,   320] loss: 0.335
[91,   330] loss: 0.366
[91,   340] loss: 0.400
[91,   350] loss: 0.363
[91,   360] loss: 0.357
[91,   370] loss: 0.342
[91,   380] loss: 0.333
[91,   390] loss: 0.387
[91,   400] loss: 0.309
VALIDATION loss: 0.333568811416626
[92,    10] loss: 0.372
[92,    20] loss: 0.345
[92,    30] loss: 0.315
[92,    40] loss: 0.358
[92,    50] loss: 0.323
[92,    60] loss: 0.327
[92,    70] loss: 0.338
[92,    80] loss: 0.364
[92,    90] loss: 0.334
[92,   100] loss: 0.340
[92,   110] loss: 0.341
[92,   120] loss: 0.380
[92,   130] loss: 0.351
[92,   140] loss: 0.364
[92,   150] loss: 0.319
[92,   160] loss: 0.336
[92,   170] loss: 0.337
[92,   180] loss: 0.332
[92,   190] loss: 0.413
[92,   200] loss: 0.324
[92,   210] loss: 0.349
[92,   220] loss: 0.362
[92,   230] loss: 0.335
[92,   240] loss: 0.326
[92,   250] loss: 0.394
[92,   260] loss: 0.298
[92,   270] loss: 0.364
[92,   280] loss: 0.327
[92,   290] loss: 0.310
[92,   300] loss: 0.315
[92,   310] loss: 0.315
[92,   320] loss: 0.326
[92,   330] loss: 0.414
[92,   340] loss: 0.417
[92,   350] loss: 0.433
[92,   360] loss: 0.372
[92,   370] loss: 0.380
[92,   380] loss: 0.338
[92,   390] loss: 0.306
[92,   400] loss: 0.299
VALIDATION loss: 0.3235732913017273
[93,    10] loss: 0.302
[93,    20] loss: 0.309
[93,    30] loss: 0.308
[93,    40] loss: 0.302
[93,    50] loss: 0.316
[93,    60] loss: 0.339
[93,    70] loss: 0.350
[93,    80] loss: 0.340
[93,    90] loss: 0.363
[93,   100] loss: 0.372
[93,   110] loss: 0.335
[93,   120] loss: 0.315
[93,   130] loss: 0.343
[93,   140] loss: 0.386
[93,   150] loss: 0.345
[93,   160] loss: 0.385
[93,   170] loss: 0.304
[93,   180] loss: 0.312
[93,   190] loss: 0.349
[93,   200] loss: 0.322
[93,   210] loss: 0.361
[93,   220] loss: 0.351
[93,   230] loss: 0.364
[93,   240] loss: 0.344
[93,   250] loss: 0.314
[93,   260] loss: 0.338
[93,   270] loss: 0.371
[93,   280] loss: 0.331
[93,   290] loss: 0.321
[93,   300] loss: 0.359
[93,   310] loss: 0.388
[93,   320] loss: 0.302
[93,   330] loss: 0.336
[93,   340] loss: 0.387
[93,   350] loss: 0.295
[93,   360] loss: 0.319
[93,   370] loss: 0.347
[93,   380] loss: 0.325
[93,   390] loss: 0.342
[93,   400] loss: 0.366
VALIDATION loss: 0.31612664461135864
[94,    10] loss: 0.317
[94,    20] loss: 0.309
[94,    30] loss: 0.313
[94,    40] loss: 0.354
[94,    50] loss: 0.363
[94,    60] loss: 0.318
[94,    70] loss: 0.315
[94,    80] loss: 0.366
[94,    90] loss: 0.323
[94,   100] loss: 0.305
[94,   110] loss: 0.314
[94,   120] loss: 0.378
[94,   130] loss: 0.335
[94,   140] loss: 0.325
[94,   150] loss: 0.314
[94,   160] loss: 0.372
[94,   170] loss: 0.388
[94,   180] loss: 0.325
[94,   190] loss: 0.341
[94,   200] loss: 0.349
[94,   210] loss: 0.377
[94,   220] loss: 0.376
[94,   230] loss: 0.348
[94,   240] loss: 0.343
[94,   250] loss: 0.305
[94,   260] loss: 0.379
[94,   270] loss: 0.316
[94,   280] loss: 0.389
[94,   290] loss: 0.349
[94,   300] loss: 0.318
[94,   310] loss: 0.355
[94,   320] loss: 0.289
[94,   330] loss: 0.331
[94,   340] loss: 0.340
[94,   350] loss: 0.349
[94,   360] loss: 0.349
[94,   370] loss: 0.310
[94,   380] loss: 0.344
[94,   390] loss: 0.344
[94,   400] loss: 0.373
VALIDATION loss: 0.32238420844078064
[95,    10] loss: 0.391
[95,    20] loss: 0.325
[95,    30] loss: 0.347
[95,    40] loss: 0.365
[95,    50] loss: 0.297
[95,    60] loss: 0.307
[95,    70] loss: 0.358
[95,    80] loss: 0.300
[95,    90] loss: 0.295
[95,   100] loss: 0.356
[95,   110] loss: 0.311
[95,   120] loss: 0.334
[95,   130] loss: 0.387
[95,   140] loss: 0.372
[95,   150] loss: 0.297
[95,   160] loss: 0.382
[95,   170] loss: 0.342
[95,   180] loss: 0.359
[95,   190] loss: 0.411
[95,   200] loss: 0.328
[95,   210] loss: 0.337
[95,   220] loss: 0.366
[95,   230] loss: 0.379
[95,   240] loss: 0.315
[95,   250] loss: 0.315
[95,   260] loss: 0.365
[95,   270] loss: 0.332
[95,   280] loss: 0.368
[95,   290] loss: 0.334
[95,   300] loss: 0.311
[95,   310] loss: 0.302
[95,   320] loss: 0.314
[95,   330] loss: 0.302
[95,   340] loss: 0.280
[95,   350] loss: 0.316
[95,   360] loss: 0.385
[95,   370] loss: 0.327
[95,   380] loss: 0.347
[95,   390] loss: 0.293
[95,   400] loss: 0.314
VALIDATION loss: 0.30806541442871094
[96,    10] loss: 0.348
[96,    20] loss: 0.360
[96,    30] loss: 0.326
[96,    40] loss: 0.376
[96,    50] loss: 0.312
[96,    60] loss: 0.292
[96,    70] loss: 0.296
[96,    80] loss: 0.351
[96,    90] loss: 0.368
[96,   100] loss: 0.390
[96,   110] loss: 0.277
[96,   120] loss: 0.291
[96,   130] loss: 0.312
[96,   140] loss: 0.359
[96,   150] loss: 0.295
[96,   160] loss: 0.338
[96,   170] loss: 0.366
[96,   180] loss: 0.368
[96,   190] loss: 0.344
[96,   200] loss: 0.293
[96,   210] loss: 0.308
[96,   220] loss: 0.346
[96,   230] loss: 0.351
[96,   240] loss: 0.349
[96,   250] loss: 0.354
[96,   260] loss: 0.367
[96,   270] loss: 0.323
[96,   280] loss: 0.328
[96,   290] loss: 0.318
[96,   300] loss: 0.338
[96,   310] loss: 0.288
[96,   320] loss: 0.334
[96,   330] loss: 0.421
[96,   340] loss: 0.326
[96,   350] loss: 0.329
[96,   360] loss: 0.298
[96,   370] loss: 0.330
[96,   380] loss: 0.272
[96,   390] loss: 0.345
[96,   400] loss: 0.336
VALIDATION loss: 0.3976442217826843
[97,    10] loss: 0.309
[97,    20] loss: 0.377
[97,    30] loss: 0.360
[97,    40] loss: 0.324
[97,    50] loss: 0.317
[97,    60] loss: 0.318
[97,    70] loss: 0.345
[97,    80] loss: 0.299
[97,    90] loss: 0.314
[97,   100] loss: 0.330
[97,   110] loss: 0.339
[97,   120] loss: 0.323
[97,   130] loss: 0.324
[97,   140] loss: 0.338
[97,   150] loss: 0.356
[97,   160] loss: 0.365
[97,   170] loss: 0.339
[97,   180] loss: 0.299
[97,   190] loss: 0.325
[97,   200] loss: 0.300
[97,   210] loss: 0.319
[97,   220] loss: 0.353
[97,   230] loss: 0.319
[97,   240] loss: 0.327
[97,   250] loss: 0.372
[97,   260] loss: 0.313
[97,   270] loss: 0.316
[97,   280] loss: 0.374
[97,   290] loss: 0.270
[97,   300] loss: 0.292
[97,   310] loss: 0.391
[97,   320] loss: 0.325
[97,   330] loss: 0.300
[97,   340] loss: 0.322
[97,   350] loss: 0.334
[97,   360] loss: 0.288
[97,   370] loss: 0.356
[97,   380] loss: 0.364
[97,   390] loss: 0.349
[97,   400] loss: 0.304
VALIDATION loss: 0.31011080741882324
[98,    10] loss: 0.334
[98,    20] loss: 0.365
[98,    30] loss: 0.344
[98,    40] loss: 0.292
[98,    50] loss: 0.285
[98,    60] loss: 0.341
[98,    70] loss: 0.327
[98,    80] loss: 0.305
[98,    90] loss: 0.278
[98,   100] loss: 0.323
[98,   110] loss: 0.300
[98,   120] loss: 0.332
[98,   130] loss: 0.341
[98,   140] loss: 0.298
[98,   150] loss: 0.348
[98,   160] loss: 0.380
[98,   170] loss: 0.345
[98,   180] loss: 0.315
[98,   190] loss: 0.363
[98,   200] loss: 0.307
[98,   210] loss: 0.336
[98,   220] loss: 0.328
[98,   230] loss: 0.324
[98,   240] loss: 0.350
[98,   250] loss: 0.288
[98,   260] loss: 0.293
[98,   270] loss: 0.377
[98,   280] loss: 0.302
[98,   290] loss: 0.341
[98,   300] loss: 0.336
[98,   310] loss: 0.347
[98,   320] loss: 0.364
[98,   330] loss: 0.367
[98,   340] loss: 0.307
[98,   350] loss: 0.360
[98,   360] loss: 0.314
[98,   370] loss: 0.270
[98,   380] loss: 0.312
[98,   390] loss: 0.304
[98,   400] loss: 0.333
VALIDATION loss: 0.30491048097610474
[99,    10] loss: 0.330
[99,    20] loss: 0.315
[99,    30] loss: 0.348
[99,    40] loss: 0.334
[99,    50] loss: 0.375
[99,    60] loss: 0.322
[99,    70] loss: 0.366
[99,    80] loss: 0.336
[99,    90] loss: 0.280
[99,   100] loss: 0.364
[99,   110] loss: 0.381
[99,   120] loss: 0.331
[99,   130] loss: 0.372
[99,   140] loss: 0.306
[99,   150] loss: 0.255
[99,   160] loss: 0.296
[99,   170] loss: 0.362
[99,   180] loss: 0.298
[99,   190] loss: 0.289
[99,   200] loss: 0.323
[99,   210] loss: 0.325
[99,   220] loss: 0.336
[99,   230] loss: 0.341
[99,   240] loss: 0.298
[99,   250] loss: 0.325
[99,   260] loss: 0.290
[99,   270] loss: 0.376
[99,   280] loss: 0.330
[99,   290] loss: 0.294
[99,   300] loss: 0.332
[99,   310] loss: 0.328
[99,   320] loss: 0.322
[99,   330] loss: 0.326
[99,   340] loss: 0.309
[99,   350] loss: 0.343
[99,   360] loss: 0.339
[99,   370] loss: 0.276
[99,   380] loss: 0.324
[99,   390] loss: 0.334
[99,   400] loss: 0.295
VALIDATION loss: 0.3105631172657013
[100,    10] loss: 0.359
[100,    20] loss: 0.303
[100,    30] loss: 0.308
[100,    40] loss: 0.315
[100,    50] loss: 0.297
[100,    60] loss: 0.304
[100,    70] loss: 0.336
[100,    80] loss: 0.329
[100,    90] loss: 0.278
[100,   100] loss: 0.341
[100,   110] loss: 0.323
[100,   120] loss: 0.305
[100,   130] loss: 0.345
[100,   140] loss: 0.345
[100,   150] loss: 0.358
[100,   160] loss: 0.329
[100,   170] loss: 0.304
[100,   180] loss: 0.293
[100,   190] loss: 0.358
[100,   200] loss: 0.310
[100,   210] loss: 0.343
[100,   220] loss: 0.314
[100,   230] loss: 0.308
[100,   240] loss: 0.303
[100,   250] loss: 0.363
[100,   260] loss: 0.317
[100,   270] loss: 0.351
[100,   280] loss: 0.346
[100,   290] loss: 0.331
[100,   300] loss: 0.275
[100,   310] loss: 0.298
[100,   320] loss: 0.298
[100,   330] loss: 0.337
[100,   340] loss: 0.310
[100,   350] loss: 0.304
[100,   360] loss: 0.297
[100,   370] loss: 0.339
[100,   380] loss: 0.332
[100,   390] loss: 0.313
[100,   400] loss: 0.389
VALIDATION loss: 0.31083980202674866
Finished !!
Accuracy of the network: 86.05 %
