Collecting dill==0.3.4 (from -r requirements.txt (line 1))
  Using cached https://files.pythonhosted.org/packages/b6/c3/973676ceb86b60835bb3978c6db67a5dc06be6cfdbd14ef0f5a13e3fc9fd/dill-0.3.4-py2.py3-none-any.whl
Requirement already satisfied: laplace==0.1 in /zhome/45/c/128687/.local/lib/python3.6/site-packages (from -r requirements.txt (line 2))
Collecting matplotlib==3.4.0 (from -r requirements.txt (line 3))
Small: 0
Transform: 0
MaxPool: 0
Running GPU.
[1,    10] loss: 1.939
[1,    20] loss: 1.909
[1,    30] loss: 1.899
[1,    40] loss: 1.874
[1,    50] loss: 1.853
[1,    60] loss: 1.836
[1,    70] loss: 1.814
[1,    80] loss: 1.801
[1,    90] loss: 1.799
[1,   100] loss: 1.815
[1,   110] loss: 1.767
[1,   120] loss: 1.800
[1,   130] loss: 1.753
[1,   140] loss: 1.793
[1,   150] loss: 1.761
[1,   160] loss: 1.758
[1,   170] loss: 1.695
[1,   180] loss: 1.763
[1,   190] loss: 1.702
[1,   200] loss: 1.752
[1,   210] loss: 1.713
[1,   220] loss: 1.733
[1,   230] loss: 1.700
[1,   240] loss: 1.702
[1,   250] loss: 1.736
[1,   260] loss: 1.692
[1,   270] loss: 1.725
[1,   280] loss: 1.683
[1,   290] loss: 1.688
[1,   300] loss: 1.715
[1,   310] loss: 1.728
[1,   320] loss: 1.680
[1,   330] loss: 1.679
[1,   340] loss: 1.690
[1,   350] loss: 1.671
[1,   360] loss: 1.678
[1,   370] loss: 1.657
[1,   380] loss: 1.677
[1,   390] loss: 1.683
[1,   400] loss: 1.634
VALIDATION loss: 1.6237157583236694
[2,    10] loss: 1.681
[2,    20] loss: 1.670
[2,    30] loss: 1.652
[2,    40] loss: 1.653
[2,    50] loss: 1.640
[2,    60] loss: 1.640
[2,    70] loss: 1.604
[2,    80] loss: 1.649
[2,    90] loss: 1.666
[2,   100] loss: 1.640
[2,   110] loss: 1.602
[2,   120] loss: 1.645
[2,   130] loss: 1.656
[2,   140] loss: 1.554
[2,   150] loss: 1.632
[2,   160] loss: 1.598
[2,   170] loss: 1.616
[2,   180] loss: 1.633
[2,   190] loss: 1.579
[2,   200] loss: 1.608
[2,   210] loss: 1.628
[2,   220] loss: 1.624
[2,   230] loss: 1.572
[2,   240] loss: 1.585
[2,   250] loss: 1.582
[2,   260] loss: 1.597
[2,   270] loss: 1.611
[2,   280] loss: 1.552
[2,   290] loss: 1.619
[2,   300] loss: 1.570
[2,   310] loss: 1.561
[2,   320] loss: 1.594
[2,   330] loss: 1.577
[2,   340] loss: 1.566
[2,   350] loss: 1.525
[2,   360] loss: 1.584
[2,   370] loss: 1.549
[2,   380] loss: 1.546
[2,   390] loss: 1.576
[2,   400] loss: 1.563
VALIDATION loss: 1.532651662826538
[3,    10] loss: 1.577
[3,    20] loss: 1.502
[3,    30] loss: 1.495
[3,    40] loss: 1.541
[3,    50] loss: 1.484
[3,    60] loss: 1.556
[3,    70] loss: 1.566
[3,    80] loss: 1.517
[3,    90] loss: 1.550
[3,   100] loss: 1.525
[3,   110] loss: 1.540
[3,   120] loss: 1.581
[3,   130] loss: 1.555
[3,   140] loss: 1.494
[3,   150] loss: 1.511
[3,   160] loss: 1.528
[3,   170] loss: 1.549
[3,   180] loss: 1.484
[3,   190] loss: 1.522
[3,   200] loss: 1.549
[3,   210] loss: 1.554
[3,   220] loss: 1.471
[3,   230] loss: 1.546
[3,   240] loss: 1.502
[3,   250] loss: 1.544
[3,   260] loss: 1.540
[3,   270] loss: 1.512
[3,   280] loss: 1.511
[3,   290] loss: 1.563
[3,   300] loss: 1.470
[3,   310] loss: 1.540
[3,   320] loss: 1.501
[3,   330] loss: 1.482
[3,   340] loss: 1.452
[3,   350] loss: 1.494
[3,   360] loss: 1.431
[3,   370] loss: 1.413
[3,   380] loss: 1.479
[3,   390] loss: 1.438
[3,   400] loss: 1.476
VALIDATION loss: 1.4421567916870117
[4,    10] loss: 1.454
[4,    20] loss: 1.460
[4,    30] loss: 1.436
[4,    40] loss: 1.458
[4,    50] loss: 1.475
[4,    60] loss: 1.510
[4,    70] loss: 1.469
[4,    80] loss: 1.467
[4,    90] loss: 1.466
[4,   100] loss: 1.465
[4,   110] loss: 1.436
[4,   120] loss: 1.473
[4,   130] loss: 1.479
[4,   140] loss: 1.444
[4,   150] loss: 1.471
[4,   160] loss: 1.403
[4,   170] loss: 1.492
[4,   180] loss: 1.405
[4,   190] loss: 1.468
[4,   200] loss: 1.467
[4,   210] loss: 1.405
[4,   220] loss: 1.453
[4,   230] loss: 1.414
[4,   240] loss: 1.415
[4,   250] loss: 1.391
[4,   260] loss: 1.475
[4,   270] loss: 1.376
[4,   280] loss: 1.420
[4,   290] loss: 1.410
[4,   300] loss: 1.417
[4,   310] loss: 1.397
[4,   320] loss: 1.385
[4,   330] loss: 1.428
[4,   340] loss: 1.389
[4,   350] loss: 1.362
[4,   360] loss: 1.375
[4,   370] loss: 1.407
[4,   380] loss: 1.370
[4,   390] loss: 1.428
[4,   400] loss: 1.415
VALIDATION loss: 1.37456214427948
[5,    10] loss: 1.399
[5,    20] loss: 1.419
[5,    30] loss: 1.445
[5,    40] loss: 1.408
[5,    50] loss: 1.422
[5,    60] loss: 1.360
[5,    70] loss: 1.355
[5,    80] loss: 1.379
[5,    90] loss: 1.400
[5,   100] loss: 1.341
[5,   110] loss: 1.361
[5,   120] loss: 1.338
[5,   130] loss: 1.345
[5,   140] loss: 1.393
[5,   150] loss: 1.390
[5,   160] loss: 1.351
[5,   170] loss: 1.376
[5,   180] loss: 1.409
[5,   190] loss: 1.362
[5,   200] loss: 1.371
[5,   210] loss: 1.381
[5,   220] loss: 1.361
[5,   230] loss: 1.396
[5,   240] loss: 1.364
[5,   250] loss: 1.375
[5,   260] loss: 1.327
[5,   270] loss: 1.366
[5,   280] loss: 1.320
[5,   290] loss: 1.330
[5,   300] loss: 1.343
[5,   310] loss: 1.390
[5,   320] loss: 1.373
[5,   330] loss: 1.336
[5,   340] loss: 1.378
[5,   350] loss: 1.335
[5,   360] loss: 1.347
[5,   370] loss: 1.376
[5,   380] loss: 1.325
[5,   390] loss: 1.380
[5,   400] loss: 1.366
VALIDATION loss: 1.3121949434280396
[6,    10] loss: 1.343
[6,    20] loss: 1.366
[6,    30] loss: 1.337
[6,    40] loss: 1.307
[6,    50] loss: 1.339
[6,    60] loss: 1.344
[6,    70] loss: 1.333
[6,    80] loss: 1.326
[6,    90] loss: 1.382
[6,   100] loss: 1.334
[6,   110] loss: 1.298
[6,   120] loss: 1.333
[6,   130] loss: 1.285
[6,   140] loss: 1.328
[6,   150] loss: 1.298
[6,   160] loss: 1.321
[6,   170] loss: 1.317
[6,   180] loss: 1.316
[6,   190] loss: 1.309
[6,   200] loss: 1.325
[6,   210] loss: 1.276
[6,   220] loss: 1.263
[6,   230] loss: 1.288
[6,   240] loss: 1.265
[6,   250] loss: 1.311
[6,   260] loss: 1.316
[6,   270] loss: 1.293
[6,   280] loss: 1.268
[6,   290] loss: 1.329
[6,   300] loss: 1.344
[6,   310] loss: 1.276
[6,   320] loss: 1.285
[6,   330] loss: 1.269
[6,   340] loss: 1.317
[6,   350] loss: 1.292
[6,   360] loss: 1.287
[6,   370] loss: 1.310
[6,   380] loss: 1.250
[6,   390] loss: 1.363
[6,   400] loss: 1.294
VALIDATION loss: 1.304243803024292
[7,    10] loss: 1.349
[7,    20] loss: 1.306
[7,    30] loss: 1.270
[7,    40] loss: 1.307
[7,    50] loss: 1.245
[7,    60] loss: 1.291
[7,    70] loss: 1.303
[7,    80] loss: 1.277
[7,    90] loss: 1.256
[7,   100] loss: 1.295
[7,   110] loss: 1.287
[7,   120] loss: 1.280
[7,   130] loss: 1.298
[7,   140] loss: 1.345
[7,   150] loss: 1.308
[7,   160] loss: 1.248
[7,   170] loss: 1.280
[7,   180] loss: 1.314
[7,   190] loss: 1.247
[7,   200] loss: 1.251
[7,   210] loss: 1.303
[7,   220] loss: 1.232
[7,   230] loss: 1.263
[7,   240] loss: 1.315
[7,   250] loss: 1.280
[7,   260] loss: 1.276
[7,   270] loss: 1.271
[7,   280] loss: 1.176
[7,   290] loss: 1.221
[7,   300] loss: 1.245
[7,   310] loss: 1.232
[7,   320] loss: 1.280
[7,   330] loss: 1.179
[7,   340] loss: 1.191
[7,   350] loss: 1.222
[7,   360] loss: 1.214
[7,   370] loss: 1.219
[7,   380] loss: 1.237
[7,   390] loss: 1.257
[7,   400] loss: 1.283
VALIDATION loss: 1.2214142084121704
[8,    10] loss: 1.228
[8,    20] loss: 1.286
[8,    30] loss: 1.196
[8,    40] loss: 1.205
[8,    50] loss: 1.255
[8,    60] loss: 1.234
[8,    70] loss: 1.254
[8,    80] loss: 1.211
[8,    90] loss: 1.230
[8,   100] loss: 1.278
[8,   110] loss: 1.239
[8,   120] loss: 1.250
[8,   130] loss: 1.195
[8,   140] loss: 1.227
[8,   150] loss: 1.251
[8,   160] loss: 1.245
[8,   170] loss: 1.233
[8,   180] loss: 1.173
[8,   190] loss: 1.223
[8,   200] loss: 1.207
[8,   210] loss: 1.204
[8,   220] loss: 1.228
[8,   230] loss: 1.207
[8,   240] loss: 1.222
[8,   250] loss: 1.172
[8,   260] loss: 1.197
[8,   270] loss: 1.166
[8,   280] loss: 1.211
[8,   290] loss: 1.190
[8,   300] loss: 1.214
[8,   310] loss: 1.199
[8,   320] loss: 1.210
[8,   330] loss: 1.216
[8,   340] loss: 1.197
[8,   350] loss: 1.209
[8,   360] loss: 1.228
[8,   370] loss: 1.246
[8,   380] loss: 1.165
[8,   390] loss: 1.197
[8,   400] loss: 1.228
VALIDATION loss: 1.15187668800354
[9,    10] loss: 1.198
[9,    20] loss: 1.186
[9,    30] loss: 1.183
[9,    40] loss: 1.164
[9,    50] loss: 1.216
[9,    60] loss: 1.234
[9,    70] loss: 1.224
[9,    80] loss: 1.209
[9,    90] loss: 1.196
[9,   100] loss: 1.223
[9,   110] loss: 1.154
[9,   120] loss: 1.183
[9,   130] loss: 1.182
[9,   140] loss: 1.179
[9,   150] loss: 1.134
[9,   160] loss: 1.189
[9,   170] loss: 1.190
[9,   180] loss: 1.201
[9,   190] loss: 1.153
[9,   200] loss: 1.120
[9,   210] loss: 1.126
[9,   220] loss: 1.230
[9,   230] loss: 1.156
[9,   240] loss: 1.160
[9,   250] loss: 1.144
[9,   260] loss: 1.206
[9,   270] loss: 1.183
[9,   280] loss: 1.198
[9,   290] loss: 1.190
[9,   300] loss: 1.170
[9,   310] loss: 1.203
[9,   320] loss: 1.114
[9,   330] loss: 1.105
[9,   340] loss: 1.152
[9,   350] loss: 1.126
[9,   360] loss: 1.151
[9,   370] loss: 1.135
[9,   380] loss: 1.194
[9,   390] loss: 1.178
[9,   400] loss: 1.170
VALIDATION loss: 1.136724591255188
[10,    10] loss: 1.156
[10,    20] loss: 1.170
[10,    30] loss: 1.146
[10,    40] loss: 1.194
[10,    50] loss: 1.204
[10,    60] loss: 1.116
[10,    70] loss: 1.178
[10,    80] loss: 1.147
[10,    90] loss: 1.141
[10,   100] loss: 1.080
[10,   110] loss: 1.109
[10,   120] loss: 1.167
[10,   130] loss: 1.062
[10,   140] loss: 1.114
[10,   150] loss: 1.167
[10,   160] loss: 1.087
[10,   170] loss: 1.133
[10,   180] loss: 1.133
[10,   190] loss: 1.161
[10,   200] loss: 1.135
[10,   210] loss: 1.085
[10,   220] loss: 1.166
[10,   230] loss: 1.118
[10,   240] loss: 1.107
[10,   250] loss: 1.111
[10,   260] loss: 1.075
[10,   270] loss: 1.108
[10,   280] loss: 1.165
[10,   290] loss: 1.135
[10,   300] loss: 1.172
[10,   310] loss: 1.152
[10,   320] loss: 1.159
[10,   330] loss: 1.111
[10,   340] loss: 1.172
[10,   350] loss: 1.174
[10,   360] loss: 1.103
[10,   370] loss: 1.148
[10,   380] loss: 1.109
[10,   390] loss: 1.112
[10,   400] loss: 1.142
VALIDATION loss: 1.1026461124420166
[11,    10] loss: 1.116
[11,    20] loss: 1.143
[11,    30] loss: 1.062
[11,    40] loss: 1.110
[11,    50] loss: 1.101
[11,    60] loss: 1.114
[11,    70] loss: 1.124
[11,    80] loss: 1.045
[11,    90] loss: 1.129
[11,   100] loss: 1.166
[11,   110] loss: 1.110
[11,   120] loss: 1.083
[11,   130] loss: 1.085
[11,   140] loss: 1.134
[11,   150] loss: 1.092
[11,   160] loss: 1.112
[11,   170] loss: 1.150
[11,   180] loss: 1.142
[11,   190] loss: 1.117
[11,   200] loss: 1.095
[11,   210] loss: 1.130
[11,   220] loss: 1.216
[11,   230] loss: 1.137
[11,   240] loss: 1.085
[11,   250] loss: 1.118
[11,   260] loss: 1.133
[11,   270] loss: 1.065
[11,   280] loss: 1.051
[11,   290] loss: 1.049
[11,   300] loss: 1.051
[11,   310] loss: 1.034
[11,   320] loss: 1.074
[11,   330] loss: 1.093
[11,   340] loss: 1.082
[11,   350] loss: 1.130
[11,   360] loss: 1.064
[11,   370] loss: 1.085
[11,   380] loss: 1.123
[11,   390] loss: 1.003
[11,   400] loss: 1.063
VALIDATION loss: 1.0456937551498413
[12,    10] loss: 1.110
[12,    20] loss: 1.048
[12,    30] loss: 1.053
[12,    40] loss: 1.095
[12,    50] loss: 1.072
[12,    60] loss: 1.097
[12,    70] loss: 1.062
[12,    80] loss: 1.073
[12,    90] loss: 1.104
[12,   100] loss: 1.099
[12,   110] loss: 1.090
[12,   120] loss: 1.075
[12,   130] loss: 1.024
[12,   140] loss: 1.060
[12,   150] loss: 1.040
[12,   160] loss: 1.101
[12,   170] loss: 1.018
[12,   180] loss: 1.067
[12,   190] loss: 1.082
[12,   200] loss: 1.048
[12,   210] loss: 1.060
[12,   220] loss: 1.059
[12,   230] loss: 1.032
[12,   240] loss: 0.993
[12,   250] loss: 1.023
[12,   260] loss: 1.127
[12,   270] loss: 1.053
[12,   280] loss: 1.071
[12,   290] loss: 1.056
[12,   300] loss: 0.991
[12,   310] loss: 1.080
[12,   320] loss: 1.039
[12,   330] loss: 1.104
[12,   340] loss: 1.099
[12,   350] loss: 1.026
[12,   360] loss: 1.066
[12,   370] loss: 1.062
[12,   380] loss: 1.063
[12,   390] loss: 1.057
[12,   400] loss: 1.003
VALIDATION loss: 1.0211234092712402
[13,    10] loss: 1.009
[13,    20] loss: 0.999
[13,    30] loss: 1.008
[13,    40] loss: 1.103
[13,    50] loss: 1.066
[13,    60] loss: 0.999
[13,    70] loss: 1.061
[13,    80] loss: 0.988
[13,    90] loss: 1.141
[13,   100] loss: 1.053
[13,   110] loss: 1.028
[13,   120] loss: 1.056
[13,   130] loss: 1.012
[13,   140] loss: 1.057
[13,   150] loss: 1.010
[13,   160] loss: 1.025
[13,   170] loss: 1.049
[13,   180] loss: 1.060
[13,   190] loss: 1.014
[13,   200] loss: 1.005
[13,   210] loss: 1.058
[13,   220] loss: 0.975
[13,   230] loss: 1.082
[13,   240] loss: 1.022
[13,   250] loss: 1.053
[13,   260] loss: 1.007
[13,   270] loss: 0.970
[13,   280] loss: 0.973
[13,   290] loss: 1.047
[13,   300] loss: 1.081
[13,   310] loss: 1.049
[13,   320] loss: 0.994
[13,   330] loss: 1.050
[13,   340] loss: 0.989
[13,   350] loss: 1.022
[13,   360] loss: 1.044
[13,   370] loss: 0.969
[13,   380] loss: 1.041
[13,   390] loss: 1.010
[13,   400] loss: 0.989
VALIDATION loss: 0.9722999334335327
[14,    10] loss: 1.006
[14,    20] loss: 1.006
[14,    30] loss: 1.003
[14,    40] loss: 1.031
[14,    50] loss: 0.944
[14,    60] loss: 0.971
[14,    70] loss: 0.989
[14,    80] loss: 0.998
[14,    90] loss: 1.000
[14,   100] loss: 0.987
[14,   110] loss: 1.045
[14,   120] loss: 1.025
[14,   130] loss: 1.000
[14,   140] loss: 1.004
[14,   150] loss: 0.949
[14,   160] loss: 0.986
[14,   170] loss: 0.994
[14,   180] loss: 0.980
[14,   190] loss: 1.043
[14,   200] loss: 1.016
[14,   210] loss: 0.912
[14,   220] loss: 1.019
[14,   230] loss: 1.005
[14,   240] loss: 0.963
[14,   250] loss: 1.026
[14,   260] loss: 0.989
[14,   270] loss: 0.989
[14,   280] loss: 0.945
[14,   290] loss: 0.950
[14,   300] loss: 0.981
[14,   310] loss: 0.997
[14,   320] loss: 0.926
[14,   330] loss: 0.988
[14,   340] loss: 1.029
[14,   350] loss: 1.024
[14,   360] loss: 0.986
[14,   370] loss: 0.995
[14,   380] loss: 0.988
[14,   390] loss: 0.979
[14,   400] loss: 0.966
VALIDATION loss: 0.947513997554779
[15,    10] loss: 0.958
[15,    20] loss: 0.961
[15,    30] loss: 0.979
[15,    40] loss: 0.962
[15,    50] loss: 1.039
[15,    60] loss: 0.943
[15,    70] loss: 1.002
[15,    80] loss: 0.970
[15,    90] loss: 0.932
[15,   100] loss: 0.974
[15,   110] loss: 0.965
[15,   120] loss: 0.958
[15,   130] loss: 0.908
[15,   140] loss: 0.959
[15,   150] loss: 0.954
[15,   160] loss: 1.012
[15,   170] loss: 1.021
[15,   180] loss: 0.910
[15,   190] loss: 1.007
[15,   200] loss: 0.954
[15,   210] loss: 0.983
[15,   220] loss: 0.950
[15,   230] loss: 0.949
[15,   240] loss: 1.011
[15,   250] loss: 0.927
[15,   260] loss: 0.956
[15,   270] loss: 0.974
[15,   280] loss: 1.002
[15,   290] loss: 0.963
[15,   300] loss: 0.936
[15,   310] loss: 0.926
[15,   320] loss: 1.014
[15,   330] loss: 0.909
[15,   340] loss: 0.976
[15,   350] loss: 0.932
[15,   360] loss: 0.946
[15,   370] loss: 0.910
[15,   380] loss: 0.945
[15,   390] loss: 0.965
[15,   400] loss: 0.961
VALIDATION loss: 0.9253749847412109
[16,    10] loss: 0.935
[16,    20] loss: 0.918
[16,    30] loss: 0.924
[16,    40] loss: 1.036
[16,    50] loss: 0.891
[16,    60] loss: 0.964
[16,    70] loss: 0.884
[16,    80] loss: 0.974
[16,    90] loss: 0.968
[16,   100] loss: 0.924
[16,   110] loss: 0.908
[16,   120] loss: 0.911
[16,   130] loss: 0.974
[16,   140] loss: 0.936
[16,   150] loss: 0.954
[16,   160] loss: 0.911
[16,   170] loss: 0.899
[16,   180] loss: 0.896
[16,   190] loss: 0.945
[16,   200] loss: 0.928
[16,   210] loss: 0.935
[16,   220] loss: 1.029
[16,   230] loss: 0.920
[16,   240] loss: 0.928
[16,   250] loss: 0.916
[16,   260] loss: 0.934
[16,   270] loss: 0.944
[16,   280] loss: 0.879
[16,   290] loss: 0.884
[16,   300] loss: 0.930
[16,   310] loss: 0.931
[16,   320] loss: 0.977
[16,   330] loss: 0.898
[16,   340] loss: 0.912
[16,   350] loss: 0.928
[16,   360] loss: 0.949
[16,   370] loss: 0.838
[16,   380] loss: 0.964
[16,   390] loss: 0.895
[16,   400] loss: 0.908
VALIDATION loss: 0.8739020824432373
[17,    10] loss: 0.925
[17,    20] loss: 0.941
[17,    30] loss: 0.900
[17,    40] loss: 0.937
[17,    50] loss: 0.919
[17,    60] loss: 0.933
[17,    70] loss: 0.841
[17,    80] loss: 0.910
[17,    90] loss: 0.858
[17,   100] loss: 0.958
[17,   110] loss: 0.928
[17,   120] loss: 0.930
[17,   130] loss: 0.873
[17,   140] loss: 0.888
[17,   150] loss: 0.890
[17,   160] loss: 0.956
[17,   170] loss: 0.916
[17,   180] loss: 0.924
[17,   190] loss: 0.894
[17,   200] loss: 0.897
[17,   210] loss: 0.894
[17,   220] loss: 0.919
[17,   230] loss: 0.857
[17,   240] loss: 0.895
[17,   250] loss: 0.885
[17,   260] loss: 0.841
[17,   270] loss: 0.915
[17,   280] loss: 0.877
[17,   290] loss: 0.894
[17,   300] loss: 0.899
[17,   310] loss: 0.920
[17,   320] loss: 0.885
[17,   330] loss: 0.866
[17,   340] loss: 0.909
[17,   350] loss: 0.866
[17,   360] loss: 0.904
[17,   370] loss: 0.938
[17,   380] loss: 0.835
[17,   390] loss: 0.928
[17,   400] loss: 0.893
VALIDATION loss: 0.8548948168754578
[18,    10] loss: 0.899
[18,    20] loss: 0.874
[18,    30] loss: 0.899
[18,    40] loss: 0.785
[18,    50] loss: 0.928
[18,    60] loss: 0.904
[18,    70] loss: 0.903
[18,    80] loss: 0.949
[18,    90] loss: 0.911
[18,   100] loss: 0.855
[18,   110] loss: 0.882
[18,   120] loss: 0.883
[18,   130] loss: 0.946
[18,   140] loss: 0.857
[18,   150] loss: 0.810
[18,   160] loss: 0.889
[18,   170] loss: 0.873
[18,   180] loss: 0.904
[18,   190] loss: 0.885
[18,   200] loss: 0.853
[18,   210] loss: 0.912
[18,   220] loss: 0.821
[18,   230] loss: 0.868
[18,   240] loss: 0.811
[18,   250] loss: 0.901
[18,   260] loss: 0.851
[18,   270] loss: 0.883
[18,   280] loss: 0.932
[18,   290] loss: 0.862
[18,   300] loss: 0.803
[18,   310] loss: 0.828
[18,   320] loss: 0.844
[18,   330] loss: 0.904
[18,   340] loss: 0.858
[18,   350] loss: 0.877
[18,   360] loss: 0.804
[18,   370] loss: 0.845
[18,   380] loss: 0.890
[18,   390] loss: 0.889
[18,   400] loss: 0.848
VALIDATION loss: 0.8078299164772034
[19,    10] loss: 0.828
[19,    20] loss: 0.806
[19,    30] loss: 0.829
[19,    40] loss: 0.834
[19,    50] loss: 0.825
[19,    60] loss: 0.825
[19,    70] loss: 0.885
[19,    80] loss: 0.892
[19,    90] loss: 0.913
[19,   100] loss: 0.878
[19,   110] loss: 0.885
[19,   120] loss: 0.919
[19,   130] loss: 0.883
[19,   140] loss: 0.813
[19,   150] loss: 0.816
[19,   160] loss: 0.846
[19,   170] loss: 0.886
[19,   180] loss: 0.837
[19,   190] loss: 0.860
[19,   200] loss: 0.898
[19,   210] loss: 0.890
[19,   220] loss: 0.847
[19,   230] loss: 0.825
[19,   240] loss: 0.906
[19,   250] loss: 0.879
[19,   260] loss: 0.823
[19,   270] loss: 0.843
[19,   280] loss: 0.784
[19,   290] loss: 0.828
[19,   300] loss: 0.889
[19,   310] loss: 0.859
[19,   320] loss: 0.782
[19,   330] loss: 0.839
[19,   340] loss: 0.823
[19,   350] loss: 0.855
[19,   360] loss: 0.842
[19,   370] loss: 0.830
[19,   380] loss: 0.781
[19,   390] loss: 0.826
[19,   400] loss: 0.806
VALIDATION loss: 0.8349397778511047
[20,    10] loss: 0.859
[20,    20] loss: 0.847
[20,    30] loss: 0.836
[20,    40] loss: 0.893
[20,    50] loss: 0.902
[20,    60] loss: 0.876
[20,    70] loss: 0.878
[20,    80] loss: 0.845
[20,    90] loss: 0.843
[20,   100] loss: 0.782
[20,   110] loss: 0.781
[20,   120] loss: 0.799
[20,   130] loss: 0.820
[20,   140] loss: 0.827
[20,   150] loss: 0.768
[20,   160] loss: 0.827
[20,   170] loss: 0.830
[20,   180] loss: 0.835
[20,   190] loss: 0.818
[20,   200] loss: 0.797
[20,   210] loss: 0.839
[20,   220] loss: 0.808
[20,   230] loss: 0.813
[20,   240] loss: 0.797
[20,   250] loss: 0.857
[20,   260] loss: 0.831
[20,   270] loss: 0.875
[20,   280] loss: 0.873
[20,   290] loss: 0.911
[20,   300] loss: 0.748
[20,   310] loss: 0.772
[20,   320] loss: 0.847
[20,   330] loss: 0.792
[20,   340] loss: 0.809
[20,   350] loss: 0.901
[20,   360] loss: 0.819
[20,   370] loss: 0.784
[20,   380] loss: 0.773
[20,   390] loss: 0.783
[20,   400] loss: 0.879
VALIDATION loss: 0.7960513830184937
[21,    10] loss: 0.802
[21,    20] loss: 0.839
[21,    30] loss: 0.794
[21,    40] loss: 0.790
[21,    50] loss: 0.794
[21,    60] loss: 0.848
[21,    70] loss: 0.809
[21,    80] loss: 0.837
[21,    90] loss: 0.771
[21,   100] loss: 0.777
[21,   110] loss: 0.780
[21,   120] loss: 0.843
[21,   130] loss: 0.828
[21,   140] loss: 0.777
[21,   150] loss: 0.774
[21,   160] loss: 0.750
[21,   170] loss: 0.807
[21,   180] loss: 0.790
[21,   190] loss: 0.828
[21,   200] loss: 0.852
[21,   210] loss: 0.764
[21,   220] loss: 0.829
[21,   230] loss: 0.865
[21,   240] loss: 0.774
[21,   250] loss: 0.843
[21,   260] loss: 0.845
[21,   270] loss: 0.769
[21,   280] loss: 0.826
[21,   290] loss: 0.799
[21,   300] loss: 0.853
[21,   310] loss: 0.772
[21,   320] loss: 0.788
[21,   330] loss: 0.794
[21,   340] loss: 0.808
[21,   350] loss: 0.753
[21,   360] loss: 0.777
[21,   370] loss: 0.816
[21,   380] loss: 0.807
[21,   390] loss: 0.805
[21,   400] loss: 0.760
VALIDATION loss: 0.7938618063926697
[22,    10] loss: 0.759
[22,    20] loss: 0.807
[22,    30] loss: 0.822
[22,    40] loss: 0.795
[22,    50] loss: 0.744
[22,    60] loss: 0.813
[22,    70] loss: 0.786
[22,    80] loss: 0.777
[22,    90] loss: 0.743
[22,   100] loss: 0.741
[22,   110] loss: 0.842
[22,   120] loss: 0.776
[22,   130] loss: 0.718
[22,   140] loss: 0.812
[22,   150] loss: 0.778
[22,   160] loss: 0.830
[22,   170] loss: 0.794
[22,   180] loss: 0.761
[22,   190] loss: 0.808
[22,   200] loss: 0.762
[22,   210] loss: 0.745
[22,   220] loss: 0.809
[22,   230] loss: 0.774
[22,   240] loss: 0.776
[22,   250] loss: 0.805
[22,   260] loss: 0.810
[22,   270] loss: 0.868
[22,   280] loss: 0.774
[22,   290] loss: 0.729
[22,   300] loss: 0.790
[22,   310] loss: 0.816
[22,   320] loss: 0.796
[22,   330] loss: 0.723
[22,   340] loss: 0.757
[22,   350] loss: 0.760
[22,   360] loss: 0.737
[22,   370] loss: 0.795
[22,   380] loss: 0.795
[22,   390] loss: 0.813
[22,   400] loss: 0.781
VALIDATION loss: 0.7856068015098572
[23,    10] loss: 0.739
[23,    20] loss: 0.749
[23,    30] loss: 0.760
[23,    40] loss: 0.777
[23,    50] loss: 0.810
[23,    60] loss: 0.750
[23,    70] loss: 0.769
[23,    80] loss: 0.789
[23,    90] loss: 0.819
[23,   100] loss: 0.813
[23,   110] loss: 0.732
[23,   120] loss: 0.764
[23,   130] loss: 0.762
[23,   140] loss: 0.798
[23,   150] loss: 0.733
[23,   160] loss: 0.779
[23,   170] loss: 0.802
[23,   180] loss: 0.814
[23,   190] loss: 0.786
[23,   200] loss: 0.754
[23,   210] loss: 0.747
[23,   220] loss: 0.735
[23,   230] loss: 0.787
[23,   240] loss: 0.789
[23,   250] loss: 0.712
[23,   260] loss: 0.754
[23,   270] loss: 0.756
[23,   280] loss: 0.741
[23,   290] loss: 0.766
[23,   300] loss: 0.801
[23,   310] loss: 0.741
[23,   320] loss: 0.709
[23,   330] loss: 0.775
[23,   340] loss: 0.764
[23,   350] loss: 0.739
[23,   360] loss: 0.801
[23,   370] loss: 0.728
[23,   380] loss: 0.773
[23,   390] loss: 0.752
[23,   400] loss: 0.719
VALIDATION loss: 0.7360183000564575
[24,    10] loss: 0.771
[24,    20] loss: 0.856
[24,    30] loss: 0.770
[24,    40] loss: 0.748
[24,    50] loss: 0.761
[24,    60] loss: 0.744
[24,    70] loss: 0.791
[24,    80] loss: 0.774
[24,    90] loss: 0.750
[24,   100] loss: 0.779
[24,   110] loss: 0.747
[24,   120] loss: 0.821
[24,   130] loss: 0.752
[24,   140] loss: 0.783
[24,   150] loss: 0.710
[24,   160] loss: 0.731
[24,   170] loss: 0.685
[24,   180] loss: 0.750
[24,   190] loss: 0.779
[24,   200] loss: 0.756
[24,   210] loss: 0.754
[24,   220] loss: 0.780
[24,   230] loss: 0.744
[24,   240] loss: 0.744
[24,   250] loss: 0.722
[24,   260] loss: 0.777
[24,   270] loss: 0.756
[24,   280] loss: 0.801
[24,   290] loss: 0.707
[24,   300] loss: 0.749
[24,   310] loss: 0.743
[24,   320] loss: 0.758
[24,   330] loss: 0.753
[24,   340] loss: 0.707
[24,   350] loss: 0.721
[24,   360] loss: 0.729
[24,   370] loss: 0.682
[24,   380] loss: 0.672
[24,   390] loss: 0.681
[24,   400] loss: 0.698
VALIDATION loss: 0.7545405626296997
[25,    10] loss: 0.697
[25,    20] loss: 0.732
[25,    30] loss: 0.722
[25,    40] loss: 0.804
[25,    50] loss: 0.746
[25,    60] loss: 0.734
[25,    70] loss: 0.760
[25,    80] loss: 0.691
[25,    90] loss: 0.673
[25,   100] loss: 0.747
[25,   110] loss: 0.721
[25,   120] loss: 0.781
[25,   130] loss: 0.746
[25,   140] loss: 0.670
[25,   150] loss: 0.754
[25,   160] loss: 0.705
[25,   170] loss: 0.727
[25,   180] loss: 0.757
[25,   190] loss: 0.758
[25,   200] loss: 0.735
[25,   210] loss: 0.702
[25,   220] loss: 0.719
[25,   230] loss: 0.784
[25,   240] loss: 0.758
[25,   250] loss: 0.696
[25,   260] loss: 0.679
[25,   270] loss: 0.756
[25,   280] loss: 0.746
[25,   290] loss: 0.730
[25,   300] loss: 0.714
[25,   310] loss: 0.704
[25,   320] loss: 0.773
[25,   330] loss: 0.647
[25,   340] loss: 0.734
[25,   350] loss: 0.774
[25,   360] loss: 0.691
[25,   370] loss: 0.753
[25,   380] loss: 0.712
[25,   390] loss: 0.692
[25,   400] loss: 0.729
VALIDATION loss: 0.8655529618263245
[26,    10] loss: 0.730
[26,    20] loss: 0.704
[26,    30] loss: 0.736
[26,    40] loss: 0.715
[26,    50] loss: 0.688
[26,    60] loss: 0.710
[26,    70] loss: 0.703
[26,    80] loss: 0.698
[26,    90] loss: 0.693
[26,   100] loss: 0.724
[26,   110] loss: 0.729
[26,   120] loss: 0.695
[26,   130] loss: 0.707
[26,   140] loss: 0.701
[26,   150] loss: 0.708
[26,   160] loss: 0.753
[26,   170] loss: 0.756
[26,   180] loss: 0.771
[26,   190] loss: 0.742
[26,   200] loss: 0.740
[26,   210] loss: 0.703
[26,   220] loss: 0.740
[26,   230] loss: 0.699
[26,   240] loss: 0.676
[26,   250] loss: 0.714
[26,   260] loss: 0.693
[26,   270] loss: 0.754
[26,   280] loss: 0.734
[26,   290] loss: 0.732
[26,   300] loss: 0.698
[26,   310] loss: 0.732
[26,   320] loss: 0.701
[26,   330] loss: 0.777
[26,   340] loss: 0.653
[26,   350] loss: 0.708
[26,   360] loss: 0.744
[26,   370] loss: 0.661
[26,   380] loss: 0.703
[26,   390] loss: 0.700
[26,   400] loss: 0.692
VALIDATION loss: 0.6851282119750977
[27,    10] loss: 0.742
[27,    20] loss: 0.686
[27,    30] loss: 0.704
[27,    40] loss: 0.631
[27,    50] loss: 0.742
[27,    60] loss: 0.754
[27,    70] loss: 0.680
[27,    80] loss: 0.669
[27,    90] loss: 0.708
[27,   100] loss: 0.652
[27,   110] loss: 0.670
[27,   120] loss: 0.736
[27,   130] loss: 0.743
[27,   140] loss: 0.653
[27,   150] loss: 0.668
[27,   160] loss: 0.679
[27,   170] loss: 0.778
[27,   180] loss: 0.680
[27,   190] loss: 0.713
[27,   200] loss: 0.711
[27,   210] loss: 0.638
[27,   220] loss: 0.680
[27,   230] loss: 0.688
[27,   240] loss: 0.694
[27,   250] loss: 0.761
[27,   260] loss: 0.753
[27,   270] loss: 0.708
[27,   280] loss: 0.708
[27,   290] loss: 0.700
[27,   300] loss: 0.674
[27,   310] loss: 0.701
[27,   320] loss: 0.727
[27,   330] loss: 0.669
[27,   340] loss: 0.681
[27,   350] loss: 0.683
[27,   360] loss: 0.745
[27,   370] loss: 0.717
[27,   380] loss: 0.667
[27,   390] loss: 0.741
[27,   400] loss: 0.730
VALIDATION loss: 0.6965287327766418
[28,    10] loss: 0.691
[28,    20] loss: 0.679
[28,    30] loss: 0.734
[28,    40] loss: 0.728
[28,    50] loss: 0.676
[28,    60] loss: 0.763
[28,    70] loss: 0.715
[28,    80] loss: 0.682
[28,    90] loss: 0.676
[28,   100] loss: 0.657
[28,   110] loss: 0.665
[28,   120] loss: 0.715
[28,   130] loss: 0.681
[28,   140] loss: 0.660
[28,   150] loss: 0.709
[28,   160] loss: 0.627
[28,   170] loss: 0.696
[28,   180] loss: 0.732
[28,   190] loss: 0.696
[28,   200] loss: 0.743
[28,   210] loss: 0.695
[28,   220] loss: 0.650
[28,   230] loss: 0.649
[28,   240] loss: 0.669
[28,   250] loss: 0.665
[28,   260] loss: 0.673
[28,   270] loss: 0.649
[28,   280] loss: 0.654
[28,   290] loss: 0.694
[28,   300] loss: 0.747
[28,   310] loss: 0.671
[28,   320] loss: 0.704
[28,   330] loss: 0.634
[28,   340] loss: 0.688
[28,   350] loss: 0.677
[28,   360] loss: 0.686
[28,   370] loss: 0.698
[28,   380] loss: 0.638
[28,   390] loss: 0.638
[28,   400] loss: 0.714
VALIDATION loss: 0.6773626208305359
[29,    10] loss: 0.714
[29,    20] loss: 0.681
[29,    30] loss: 0.684
[29,    40] loss: 0.703
[29,    50] loss: 0.623
[29,    60] loss: 0.662
[29,    70] loss: 0.680
[29,    80] loss: 0.655
[29,    90] loss: 0.650
[29,   100] loss: 0.643
[29,   110] loss: 0.697
[29,   120] loss: 0.671
[29,   130] loss: 0.671
[29,   140] loss: 0.607
[29,   150] loss: 0.665
[29,   160] loss: 0.742
[29,   170] loss: 0.739
[29,   180] loss: 0.644
[29,   190] loss: 0.669
[29,   200] loss: 0.653
[29,   210] loss: 0.670
[29,   220] loss: 0.595
[29,   230] loss: 0.646
[29,   240] loss: 0.679
[29,   250] loss: 0.655
[29,   260] loss: 0.677
[29,   270] loss: 0.701
[29,   280] loss: 0.675
[29,   290] loss: 0.677
[29,   300] loss: 0.725
[29,   310] loss: 0.662
[29,   320] loss: 0.686
[29,   330] loss: 0.672
[29,   340] loss: 0.677
[29,   350] loss: 0.654
[29,   360] loss: 0.622
[29,   370] loss: 0.676
[29,   380] loss: 0.718
[29,   390] loss: 0.671
[29,   400] loss: 0.684
VALIDATION loss: 0.672913670539856
[30,    10] loss: 0.723
[30,    20] loss: 0.670
[30,    30] loss: 0.641
[30,    40] loss: 0.587
[30,    50] loss: 0.670
[30,    60] loss: 0.690
[30,    70] loss: 0.681
[30,    80] loss: 0.691
[30,    90] loss: 0.663
[30,   100] loss: 0.637
[30,   110] loss: 0.650
[30,   120] loss: 0.676
[30,   130] loss: 0.613
[30,   140] loss: 0.684
[30,   150] loss: 0.677
[30,   160] loss: 0.701
[30,   170] loss: 0.702
[30,   180] loss: 0.709
[30,   190] loss: 0.625
[30,   200] loss: 0.654
[30,   210] loss: 0.692
[30,   220] loss: 0.668
[30,   230] loss: 0.658
[30,   240] loss: 0.709
[30,   250] loss: 0.673
[30,   260] loss: 0.671
[30,   270] loss: 0.634
[30,   280] loss: 0.664
[30,   290] loss: 0.652
[30,   300] loss: 0.648
[30,   310] loss: 0.610
[30,   320] loss: 0.643
[30,   330] loss: 0.609
[30,   340] loss: 0.641
[30,   350] loss: 0.621
[30,   360] loss: 0.692
[30,   370] loss: 0.781
[30,   380] loss: 0.627
[30,   390] loss: 0.647
[30,   400] loss: 0.667
VALIDATION loss: 0.6427541971206665
[31,    10] loss: 0.594
[31,    20] loss: 0.666
[31,    30] loss: 0.632
[31,    40] loss: 0.589
[31,    50] loss: 0.668
[31,    60] loss: 0.640
[31,    70] loss: 0.651
[31,    80] loss: 0.643
[31,    90] loss: 0.656
[31,   100] loss: 0.613
[31,   110] loss: 0.682
[31,   120] loss: 0.670
[31,   130] loss: 0.698
[31,   140] loss: 0.618
[31,   150] loss: 0.660
[31,   160] loss: 0.656
[31,   170] loss: 0.660
[31,   180] loss: 0.615
[31,   190] loss: 0.712
[31,   200] loss: 0.677
[31,   210] loss: 0.710
[31,   220] loss: 0.660
[31,   230] loss: 0.626
[31,   240] loss: 0.640
[31,   250] loss: 0.674
[31,   260] loss: 0.624
[31,   270] loss: 0.624
[31,   280] loss: 0.628
[31,   290] loss: 0.644
[31,   300] loss: 0.615
[31,   310] loss: 0.688
[31,   320] loss: 0.631
[31,   330] loss: 0.636
[31,   340] loss: 0.612
[31,   350] loss: 0.666
[31,   360] loss: 0.648
[31,   370] loss: 0.663
[31,   380] loss: 0.625
[31,   390] loss: 0.665
[31,   400] loss: 0.655
VALIDATION loss: 0.6251070499420166
[32,    10] loss: 0.659
[32,    20] loss: 0.635
[32,    30] loss: 0.667
[32,    40] loss: 0.635
[32,    50] loss: 0.571
[32,    60] loss: 0.679
[32,    70] loss: 0.613
[32,    80] loss: 0.604
[32,    90] loss: 0.615
[32,   100] loss: 0.658
[32,   110] loss: 0.605
[32,   120] loss: 0.594
[32,   130] loss: 0.664
[32,   140] loss: 0.673
[32,   150] loss: 0.616
[32,   160] loss: 0.702
[32,   170] loss: 0.600
[32,   180] loss: 0.704
[32,   190] loss: 0.641
[32,   200] loss: 0.686
[32,   210] loss: 0.613
[32,   220] loss: 0.593
[32,   230] loss: 0.620
[32,   240] loss: 0.585
[32,   250] loss: 0.622
[32,   260] loss: 0.633
[32,   270] loss: 0.604
[32,   280] loss: 0.615
[32,   290] loss: 0.642
[32,   300] loss: 0.644
[32,   310] loss: 0.625
[32,   320] loss: 0.623
[32,   330] loss: 0.631
[32,   340] loss: 0.647
[32,   350] loss: 0.602
[32,   360] loss: 0.586
[32,   370] loss: 0.655
[32,   380] loss: 0.642
[32,   390] loss: 0.620
[32,   400] loss: 0.586
VALIDATION loss: 0.6141124367713928
[33,    10] loss: 0.708
[33,    20] loss: 0.626
[33,    30] loss: 0.710
[33,    40] loss: 0.591
[33,    50] loss: 0.672
[33,    60] loss: 0.592
[33,    70] loss: 0.663
[33,    80] loss: 0.621
[33,    90] loss: 0.621
[33,   100] loss: 0.675
[33,   110] loss: 0.627
[33,   120] loss: 0.635
[33,   130] loss: 0.599
[33,   140] loss: 0.596
[33,   150] loss: 0.638
[33,   160] loss: 0.627
[33,   170] loss: 0.597
[33,   180] loss: 0.586
[33,   190] loss: 0.577
[33,   200] loss: 0.593
[33,   210] loss: 0.629
[33,   220] loss: 0.604
[33,   230] loss: 0.593
[33,   240] loss: 0.577
[33,   250] loss: 0.669
[33,   260] loss: 0.647
[33,   270] loss: 0.618
[33,   280] loss: 0.659
[33,   290] loss: 0.579
[33,   300] loss: 0.553
[33,   310] loss: 0.632
[33,   320] loss: 0.616
[33,   330] loss: 0.656
[33,   340] loss: 0.597
[33,   350] loss: 0.605
[33,   360] loss: 0.702
[33,   370] loss: 0.591
[33,   380] loss: 0.640
[33,   390] loss: 0.620
[33,   400] loss: 0.598
VALIDATION loss: 0.6076328754425049
[34,    10] loss: 0.607
[34,    20] loss: 0.624
[34,    30] loss: 0.615
[34,    40] loss: 0.622
[34,    50] loss: 0.627
[34,    60] loss: 0.594
[34,    70] loss: 0.627
[34,    80] loss: 0.675
[34,    90] loss: 0.694
[34,   100] loss: 0.625
[34,   110] loss: 0.592
[34,   120] loss: 0.607
[34,   130] loss: 0.634
[34,   140] loss: 0.593
[34,   150] loss: 0.595
[34,   160] loss: 0.567
[34,   170] loss: 0.615
[34,   180] loss: 0.630
[34,   190] loss: 0.607
[34,   200] loss: 0.598
[34,   210] loss: 0.626
[34,   220] loss: 0.648
[34,   230] loss: 0.682
[34,   240] loss: 0.596
[34,   250] loss: 0.601
[34,   260] loss: 0.546
[34,   270] loss: 0.560
[34,   280] loss: 0.607
[34,   290] loss: 0.610
[34,   300] loss: 0.578
[34,   310] loss: 0.650
[34,   320] loss: 0.589
[34,   330] loss: 0.637
[34,   340] loss: 0.607
[34,   350] loss: 0.628
[34,   360] loss: 0.562
[34,   370] loss: 0.616
[34,   380] loss: 0.655
[34,   390] loss: 0.580
[34,   400] loss: 0.578
VALIDATION loss: 0.5694303512573242
[35,    10] loss: 0.594
[35,    20] loss: 0.592
[35,    30] loss: 0.604
[35,    40] loss: 0.582
[35,    50] loss: 0.576
[35,    60] loss: 0.622
[35,    70] loss: 0.584
[35,    80] loss: 0.576
[35,    90] loss: 0.580
[35,   100] loss: 0.555
[35,   110] loss: 0.600
[35,   120] loss: 0.673
[35,   130] loss: 0.589
[35,   140] loss: 0.602
[35,   150] loss: 0.613
[35,   160] loss: 0.591
[35,   170] loss: 0.549
[35,   180] loss: 0.595
[35,   190] loss: 0.569
[35,   200] loss: 0.598
[35,   210] loss: 0.574
[35,   220] loss: 0.585
[35,   230] loss: 0.571
[35,   240] loss: 0.591
[35,   250] loss: 0.608
[35,   260] loss: 0.627
[35,   270] loss: 0.617
[35,   280] loss: 0.594
[35,   290] loss: 0.599
[35,   300] loss: 0.680
[35,   310] loss: 0.643
[35,   320] loss: 0.620
[35,   330] loss: 0.607
[35,   340] loss: 0.616
[35,   350] loss: 0.610
[35,   360] loss: 0.616
[35,   370] loss: 0.605
[35,   380] loss: 0.592
[35,   390] loss: 0.558
[35,   400] loss: 0.571
VALIDATION loss: 0.6017327904701233
[36,    10] loss: 0.597
[36,    20] loss: 0.653
[36,    30] loss: 0.590
[36,    40] loss: 0.590
[36,    50] loss: 0.604
[36,    60] loss: 0.577
[36,    70] loss: 0.558
[36,    80] loss: 0.558
[36,    90] loss: 0.662
[36,   100] loss: 0.618
[36,   110] loss: 0.645
[36,   120] loss: 0.555
[36,   130] loss: 0.634
[36,   140] loss: 0.573
[36,   150] loss: 0.568
[36,   160] loss: 0.594
[36,   170] loss: 0.585
[36,   180] loss: 0.554
[36,   190] loss: 0.606
[36,   200] loss: 0.573
[36,   210] loss: 0.569
[36,   220] loss: 0.639
[36,   230] loss: 0.514
[36,   240] loss: 0.620
[36,   250] loss: 0.623
[36,   260] loss: 0.591
[36,   270] loss: 0.632
[36,   280] loss: 0.584
[36,   290] loss: 0.635
[36,   300] loss: 0.632
[36,   310] loss: 0.601
[36,   320] loss: 0.625
[36,   330] loss: 0.620
[36,   340] loss: 0.547
[36,   350] loss: 0.544
[36,   360] loss: 0.559
[36,   370] loss: 0.648
[36,   380] loss: 0.604
[36,   390] loss: 0.544
[36,   400] loss: 0.596
VALIDATION loss: 0.6881528496742249
[37,    10] loss: 0.629
[37,    20] loss: 0.623
[37,    30] loss: 0.507
[37,    40] loss: 0.531
[37,    50] loss: 0.572
[37,    60] loss: 0.613
[37,    70] loss: 0.603
[37,    80] loss: 0.577
[37,    90] loss: 0.576
[37,   100] loss: 0.615
[37,   110] loss: 0.625
[37,   120] loss: 0.605
[37,   130] loss: 0.576
[37,   140] loss: 0.524
[37,   150] loss: 0.558
[37,   160] loss: 0.577
[37,   170] loss: 0.587
[37,   180] loss: 0.608
[37,   190] loss: 0.570
[37,   200] loss: 0.584
[37,   210] loss: 0.582
[37,   220] loss: 0.553
[37,   230] loss: 0.567
[37,   240] loss: 0.535
[37,   250] loss: 0.549
[37,   260] loss: 0.566
[37,   270] loss: 0.594
[37,   280] loss: 0.568
[37,   290] loss: 0.552
[37,   300] loss: 0.583
[37,   310] loss: 0.637
[37,   320] loss: 0.533
[37,   330] loss: 0.568
[37,   340] loss: 0.626
[37,   350] loss: 0.605
[37,   360] loss: 0.575
[37,   370] loss: 0.555
[37,   380] loss: 0.573
[37,   390] loss: 0.590
[37,   400] loss: 0.569
VALIDATION loss: 0.6642667055130005
[38,    10] loss: 0.564
[38,    20] loss: 0.582
[38,    30] loss: 0.592
[38,    40] loss: 0.562
[38,    50] loss: 0.584
[38,    60] loss: 0.590
[38,    70] loss: 0.576
[38,    80] loss: 0.524
[38,    90] loss: 0.545
[38,   100] loss: 0.585
[38,   110] loss: 0.579
[38,   120] loss: 0.597
[38,   130] loss: 0.640
[38,   140] loss: 0.536
[38,   150] loss: 0.609
[38,   160] loss: 0.564
[38,   170] loss: 0.561
[38,   180] loss: 0.561
[38,   190] loss: 0.543
[38,   200] loss: 0.596
[38,   210] loss: 0.566
[38,   220] loss: 0.553
[38,   230] loss: 0.595
[38,   240] loss: 0.579
[38,   250] loss: 0.584
[38,   260] loss: 0.557
[38,   270] loss: 0.602
[38,   280] loss: 0.571
[38,   290] loss: 0.566
[38,   300] loss: 0.563
[38,   310] loss: 0.598
[38,   320] loss: 0.535
[38,   330] loss: 0.572
[38,   340] loss: 0.536
[38,   350] loss: 0.566
[38,   360] loss: 0.584
[38,   370] loss: 0.588
[38,   380] loss: 0.550
[38,   390] loss: 0.523
[38,   400] loss: 0.582
VALIDATION loss: 0.6174354553222656
[39,    10] loss: 0.515
[39,    20] loss: 0.547
[39,    30] loss: 0.599
[39,    40] loss: 0.557
[39,    50] loss: 0.595
[39,    60] loss: 0.557
[39,    70] loss: 0.608
[39,    80] loss: 0.509
[39,    90] loss: 0.563
[39,   100] loss: 0.538
[39,   110] loss: 0.605
[39,   120] loss: 0.537
[39,   130] loss: 0.566
[39,   140] loss: 0.523
[39,   150] loss: 0.597
[39,   160] loss: 0.546
[39,   170] loss: 0.530
[39,   180] loss: 0.567
[39,   190] loss: 0.610
[39,   200] loss: 0.570
[39,   210] loss: 0.591
[39,   220] loss: 0.594
[39,   230] loss: 0.541
[39,   240] loss: 0.567
[39,   250] loss: 0.525
[39,   260] loss: 0.582
[39,   270] loss: 0.586
[39,   280] loss: 0.605
[39,   290] loss: 0.543
[39,   300] loss: 0.611
[39,   310] loss: 0.556
[39,   320] loss: 0.602
[39,   330] loss: 0.566
[39,   340] loss: 0.584
[39,   350] loss: 0.546
[39,   360] loss: 0.582
[39,   370] loss: 0.542
[39,   380] loss: 0.521
[39,   390] loss: 0.566
[39,   400] loss: 0.595
VALIDATION loss: 0.5437353253364563
[40,    10] loss: 0.564
[40,    20] loss: 0.590
[40,    30] loss: 0.547
[40,    40] loss: 0.564
[40,    50] loss: 0.497
[40,    60] loss: 0.573
[40,    70] loss: 0.568
[40,    80] loss: 0.545
[40,    90] loss: 0.538
[40,   100] loss: 0.583
[40,   110] loss: 0.560
[40,   120] loss: 0.561
[40,   130] loss: 0.549
[40,   140] loss: 0.554
[40,   150] loss: 0.553
[40,   160] loss: 0.547
[40,   170] loss: 0.550
[40,   180] loss: 0.552
[40,   190] loss: 0.589
[40,   200] loss: 0.563
[40,   210] loss: 0.545
[40,   220] loss: 0.528
[40,   230] loss: 0.591
[40,   240] loss: 0.478
[40,   250] loss: 0.552
[40,   260] loss: 0.569
[40,   270] loss: 0.549
[40,   280] loss: 0.548
[40,   290] loss: 0.543
[40,   300] loss: 0.558
[40,   310] loss: 0.584
[40,   320] loss: 0.540
[40,   330] loss: 0.558
[40,   340] loss: 0.587
[40,   350] loss: 0.511
[40,   360] loss: 0.560
[40,   370] loss: 0.562
[40,   380] loss: 0.534
[40,   390] loss: 0.605
[40,   400] loss: 0.552
VALIDATION loss: 0.5453101992607117
[41,    10] loss: 0.542
[41,    20] loss: 0.601
[41,    30] loss: 0.618
[41,    40] loss: 0.537
[41,    50] loss: 0.495
[41,    60] loss: 0.507
[41,    70] loss: 0.539
[41,    80] loss: 0.521
[41,    90] loss: 0.557
[41,   100] loss: 0.591
[41,   110] loss: 0.538
[41,   120] loss: 0.596
[41,   130] loss: 0.513
[41,   140] loss: 0.598
[41,   150] loss: 0.507
[41,   160] loss: 0.541
[41,   170] loss: 0.601
[41,   180] loss: 0.529
[41,   190] loss: 0.578
[41,   200] loss: 0.525
[41,   210] loss: 0.523
[41,   220] loss: 0.556
[41,   230] loss: 0.540
[41,   240] loss: 0.565
[41,   250] loss: 0.585
[41,   260] loss: 0.518
[41,   270] loss: 0.525
[41,   280] loss: 0.521
[41,   290] loss: 0.537
[41,   300] loss: 0.500
[41,   310] loss: 0.522
[41,   320] loss: 0.564
[41,   330] loss: 0.572
[41,   340] loss: 0.552
[41,   350] loss: 0.549
[41,   360] loss: 0.563
[41,   370] loss: 0.552
[41,   380] loss: 0.541
[41,   390] loss: 0.527
[41,   400] loss: 0.494
VALIDATION loss: 0.5395258069038391
[42,    10] loss: 0.565
[42,    20] loss: 0.496
[42,    30] loss: 0.523
[42,    40] loss: 0.559
[42,    50] loss: 0.604
[42,    60] loss: 0.579
[42,    70] loss: 0.538
[42,    80] loss: 0.527
[42,    90] loss: 0.531
[42,   100] loss: 0.506
[42,   110] loss: 0.486
[42,   120] loss: 0.527
[42,   130] loss: 0.599
[42,   140] loss: 0.497
[42,   150] loss: 0.523
[42,   160] loss: 0.551
[42,   170] loss: 0.593
[42,   180] loss: 0.577
[42,   190] loss: 0.561
[42,   200] loss: 0.533
[42,   210] loss: 0.511
[42,   220] loss: 0.524
[42,   230] loss: 0.530
[42,   240] loss: 0.502
[42,   250] loss: 0.558
[42,   260] loss: 0.571
[42,   270] loss: 0.522
[42,   280] loss: 0.577
[42,   290] loss: 0.532
[42,   300] loss: 0.599
[42,   310] loss: 0.525
[42,   320] loss: 0.508
[42,   330] loss: 0.504
[42,   340] loss: 0.531
[42,   350] loss: 0.561
[42,   360] loss: 0.565
[42,   370] loss: 0.563
[42,   380] loss: 0.558
[42,   390] loss: 0.548
[42,   400] loss: 0.510
VALIDATION loss: 0.5041240453720093
[43,    10] loss: 0.492
[43,    20] loss: 0.520
[43,    30] loss: 0.565
[43,    40] loss: 0.532
[43,    50] loss: 0.563
[43,    60] loss: 0.531
[43,    70] loss: 0.509
[43,    80] loss: 0.505
[43,    90] loss: 0.506
[43,   100] loss: 0.572
[43,   110] loss: 0.510
[43,   120] loss: 0.512
[43,   130] loss: 0.541
[43,   140] loss: 0.564
[43,   150] loss: 0.454
[43,   160] loss: 0.586
[43,   170] loss: 0.548
[43,   180] loss: 0.527
[43,   190] loss: 0.526
[43,   200] loss: 0.482
[43,   210] loss: 0.497
[43,   220] loss: 0.519
[43,   230] loss: 0.544
[43,   240] loss: 0.539
[43,   250] loss: 0.480
[43,   260] loss: 0.526
[43,   270] loss: 0.531
[43,   280] loss: 0.548
[43,   290] loss: 0.562
[43,   300] loss: 0.533
[43,   310] loss: 0.510
[43,   320] loss: 0.526
[43,   330] loss: 0.545
[43,   340] loss: 0.581
[43,   350] loss: 0.527
[43,   360] loss: 0.522
[43,   370] loss: 0.505
[43,   380] loss: 0.500
[43,   390] loss: 0.470
[43,   400] loss: 0.558
VALIDATION loss: 0.5054603815078735
[44,    10] loss: 0.459
[44,    20] loss: 0.512
[44,    30] loss: 0.501
[44,    40] loss: 0.523
[44,    50] loss: 0.578
[44,    60] loss: 0.531
[44,    70] loss: 0.518
[44,    80] loss: 0.538
[44,    90] loss: 0.519
[44,   100] loss: 0.495
[44,   110] loss: 0.510
[44,   120] loss: 0.524
[44,   130] loss: 0.594
[44,   140] loss: 0.542
[44,   150] loss: 0.536
[44,   160] loss: 0.551
[44,   170] loss: 0.522
[44,   180] loss: 0.521
[44,   190] loss: 0.502
[44,   200] loss: 0.556
[44,   210] loss: 0.569
[44,   220] loss: 0.516
[44,   230] loss: 0.542
[44,   240] loss: 0.531
[44,   250] loss: 0.484
[44,   260] loss: 0.523
[44,   270] loss: 0.465
[44,   280] loss: 0.542
[44,   290] loss: 0.552
[44,   300] loss: 0.480
[44,   310] loss: 0.459
[44,   320] loss: 0.500
[44,   330] loss: 0.526
[44,   340] loss: 0.567
[44,   350] loss: 0.555
[44,   360] loss: 0.485
[44,   370] loss: 0.485
[44,   380] loss: 0.559
[44,   390] loss: 0.509
[44,   400] loss: 0.504
VALIDATION loss: 0.49545031785964966
[45,    10] loss: 0.466
[45,    20] loss: 0.484
[45,    30] loss: 0.563
[45,    40] loss: 0.529
[45,    50] loss: 0.522
[45,    60] loss: 0.492
[45,    70] loss: 0.485
[45,    80] loss: 0.559
[45,    90] loss: 0.594
[45,   100] loss: 0.554
[45,   110] loss: 0.560
[45,   120] loss: 0.496
[45,   130] loss: 0.477
[45,   140] loss: 0.498
[45,   150] loss: 0.462
[45,   160] loss: 0.510
[45,   170] loss: 0.552
[45,   180] loss: 0.495
[45,   190] loss: 0.490
[45,   200] loss: 0.490
[45,   210] loss: 0.539
[45,   220] loss: 0.568
[45,   230] loss: 0.574
[45,   240] loss: 0.489
[45,   250] loss: 0.514
[45,   260] loss: 0.502
[45,   270] loss: 0.525
[45,   280] loss: 0.534
[45,   290] loss: 0.521
[45,   300] loss: 0.516
[45,   310] loss: 0.508
[45,   320] loss: 0.520
[45,   330] loss: 0.452
[45,   340] loss: 0.465
[45,   350] loss: 0.482
[45,   360] loss: 0.535
[45,   370] loss: 0.492
[45,   380] loss: 0.568
[45,   390] loss: 0.510
[45,   400] loss: 0.541
VALIDATION loss: 0.5511999130249023
[46,    10] loss: 0.496
[46,    20] loss: 0.479
[46,    30] loss: 0.506
[46,    40] loss: 0.513
[46,    50] loss: 0.485
[46,    60] loss: 0.582
[46,    70] loss: 0.507
[46,    80] loss: 0.463
[46,    90] loss: 0.530
[46,   100] loss: 0.483
[46,   110] loss: 0.448
[46,   120] loss: 0.541
[46,   130] loss: 0.482
[46,   140] loss: 0.479
[46,   150] loss: 0.505
[46,   160] loss: 0.604
[46,   170] loss: 0.529
[46,   180] loss: 0.514
[46,   190] loss: 0.503
[46,   200] loss: 0.504
[46,   210] loss: 0.534
[46,   220] loss: 0.520
[46,   230] loss: 0.513
[46,   240] loss: 0.498
[46,   250] loss: 0.471
[46,   260] loss: 0.494
[46,   270] loss: 0.461
[46,   280] loss: 0.500
[46,   290] loss: 0.514
[46,   300] loss: 0.557
[46,   310] loss: 0.488
[46,   320] loss: 0.493
[46,   330] loss: 0.492
[46,   340] loss: 0.493
[46,   350] loss: 0.493
[46,   360] loss: 0.499
[46,   370] loss: 0.496
[46,   380] loss: 0.485
[46,   390] loss: 0.458
[46,   400] loss: 0.505
VALIDATION loss: 0.47758474946022034
[47,    10] loss: 0.499
[47,    20] loss: 0.497
[47,    30] loss: 0.496
[47,    40] loss: 0.542
[47,    50] loss: 0.522
[47,    60] loss: 0.438
[47,    70] loss: 0.504
[47,    80] loss: 0.442
[47,    90] loss: 0.498
[47,   100] loss: 0.479
[47,   110] loss: 0.500
[47,   120] loss: 0.540
[47,   130] loss: 0.465
[47,   140] loss: 0.553
[47,   150] loss: 0.514
[47,   160] loss: 0.525
[47,   170] loss: 0.528
[47,   180] loss: 0.469
[47,   190] loss: 0.569
[47,   200] loss: 0.512
[47,   210] loss: 0.503
[47,   220] loss: 0.475
[47,   230] loss: 0.493
[47,   240] loss: 0.457
[47,   250] loss: 0.508
[47,   260] loss: 0.494
[47,   270] loss: 0.537
[47,   280] loss: 0.530
[47,   290] loss: 0.507
[47,   300] loss: 0.508
[47,   310] loss: 0.449
[47,   320] loss: 0.485
[47,   330] loss: 0.560
[47,   340] loss: 0.514
[47,   350] loss: 0.452
[47,   360] loss: 0.461
[47,   370] loss: 0.494
[47,   380] loss: 0.507
[47,   390] loss: 0.491
[47,   400] loss: 0.476
VALIDATION loss: 0.4984872043132782
[48,    10] loss: 0.533
[48,    20] loss: 0.475
[48,    30] loss: 0.478
[48,    40] loss: 0.548
[48,    50] loss: 0.515
[48,    60] loss: 0.454
[48,    70] loss: 0.571
[48,    80] loss: 0.478
[48,    90] loss: 0.544
[48,   100] loss: 0.479
[48,   110] loss: 0.498
[48,   120] loss: 0.519
[48,   130] loss: 0.475
[48,   140] loss: 0.511
[48,   150] loss: 0.501
[48,   160] loss: 0.516
[48,   170] loss: 0.443
[48,   180] loss: 0.496
[48,   190] loss: 0.479
[48,   200] loss: 0.487
[48,   210] loss: 0.501
[48,   220] loss: 0.447
[48,   230] loss: 0.511
[48,   240] loss: 0.443
[48,   250] loss: 0.449
[48,   260] loss: 0.515
[48,   270] loss: 0.490
[48,   280] loss: 0.518
[48,   290] loss: 0.515
[48,   300] loss: 0.485
[48,   310] loss: 0.464
[48,   320] loss: 0.469
[48,   330] loss: 0.468
[48,   340] loss: 0.455
[48,   350] loss: 0.498
[48,   360] loss: 0.501
[48,   370] loss: 0.517
[48,   380] loss: 0.496
[48,   390] loss: 0.485
[48,   400] loss: 0.473
VALIDATION loss: 0.5490061044692993
[49,    10] loss: 0.491
[49,    20] loss: 0.468
[49,    30] loss: 0.529
[49,    40] loss: 0.505
[49,    50] loss: 0.498
[49,    60] loss: 0.494
[49,    70] loss: 0.499
[49,    80] loss: 0.467
[49,    90] loss: 0.496
[49,   100] loss: 0.483
[49,   110] loss: 0.466
[49,   120] loss: 0.477
[49,   130] loss: 0.501
[49,   140] loss: 0.432
[49,   150] loss: 0.548
[49,   160] loss: 0.502
[49,   170] loss: 0.489
[49,   180] loss: 0.460
[49,   190] loss: 0.474
[49,   200] loss: 0.440
[49,   210] loss: 0.480
[49,   220] loss: 0.511
[49,   230] loss: 0.421
[49,   240] loss: 0.542
[49,   250] loss: 0.433
[49,   260] loss: 0.487
[49,   270] loss: 0.487
[49,   280] loss: 0.486
[49,   290] loss: 0.499
[49,   300] loss: 0.460
[49,   310] loss: 0.487
[49,   320] loss: 0.478
[49,   330] loss: 0.444
[49,   340] loss: 0.428
[49,   350] loss: 0.503
[49,   360] loss: 0.504
[49,   370] loss: 0.483
[49,   380] loss: 0.518
[49,   390] loss: 0.517
[49,   400] loss: 0.493
VALIDATION loss: 0.6181889176368713
[50,    10] loss: 0.437
[50,    20] loss: 0.498
[50,    30] loss: 0.525
[50,    40] loss: 0.494
[50,    50] loss: 0.481
[50,    60] loss: 0.460
[50,    70] loss: 0.465
[50,    80] loss: 0.420
[50,    90] loss: 0.450
[50,   100] loss: 0.510
[50,   110] loss: 0.503
[50,   120] loss: 0.477
[50,   130] loss: 0.497
[50,   140] loss: 0.447
[50,   150] loss: 0.470
[50,   160] loss: 0.508
[50,   170] loss: 0.501
[50,   180] loss: 0.505
[50,   190] loss: 0.488
[50,   200] loss: 0.476
[50,   210] loss: 0.495
[50,   220] loss: 0.468
[50,   230] loss: 0.438
[50,   240] loss: 0.573
[50,   250] loss: 0.496
[50,   260] loss: 0.467
[50,   270] loss: 0.491
[50,   280] loss: 0.545
[50,   290] loss: 0.516
[50,   300] loss: 0.442
[50,   310] loss: 0.464
[50,   320] loss: 0.468
[50,   330] loss: 0.478
[50,   340] loss: 0.446
[50,   350] loss: 0.455
[50,   360] loss: 0.478
[50,   370] loss: 0.500
[50,   380] loss: 0.510
[50,   390] loss: 0.471
[50,   400] loss: 0.509
VALIDATION loss: 0.5836827158927917
[51,    10] loss: 0.505
[51,    20] loss: 0.513
[51,    30] loss: 0.503
[51,    40] loss: 0.476
[51,    50] loss: 0.475
[51,    60] loss: 0.472
[51,    70] loss: 0.436
[51,    80] loss: 0.477
[51,    90] loss: 0.521
[51,   100] loss: 0.437
[51,   110] loss: 0.456
[51,   120] loss: 0.468
[51,   130] loss: 0.458
[51,   140] loss: 0.495
[51,   150] loss: 0.429
[51,   160] loss: 0.485
[51,   170] loss: 0.471
[51,   180] loss: 0.450
[51,   190] loss: 0.533
[51,   200] loss: 0.452
[51,   210] loss: 0.473
[51,   220] loss: 0.489
[51,   230] loss: 0.567
[51,   240] loss: 0.487
[51,   250] loss: 0.433
[51,   260] loss: 0.460
[51,   270] loss: 0.502
[51,   280] loss: 0.493
[51,   290] loss: 0.463
[51,   300] loss: 0.503
[51,   310] loss: 0.444
[51,   320] loss: 0.460
[51,   330] loss: 0.459
[51,   340] loss: 0.442
[51,   350] loss: 0.436
[51,   360] loss: 0.470
[51,   370] loss: 0.511
[51,   380] loss: 0.488
[51,   390] loss: 0.429
[51,   400] loss: 0.508
VALIDATION loss: 0.45939141511917114
[52,    10] loss: 0.448
[52,    20] loss: 0.534
[52,    30] loss: 0.464
[52,    40] loss: 0.470
[52,    50] loss: 0.462
[52,    60] loss: 0.449
[52,    70] loss: 0.491
[52,    80] loss: 0.554
[52,    90] loss: 0.491
[52,   100] loss: 0.467
[52,   110] loss: 0.472
[52,   120] loss: 0.437
[52,   130] loss: 0.470
[52,   140] loss: 0.508
[52,   150] loss: 0.435
[52,   160] loss: 0.459
[52,   170] loss: 0.464
[52,   180] loss: 0.451
[52,   190] loss: 0.500
[52,   200] loss: 0.457
[52,   210] loss: 0.462
[52,   220] loss: 0.442
[52,   230] loss: 0.525
[52,   240] loss: 0.435
[52,   250] loss: 0.509
[52,   260] loss: 0.451
[52,   270] loss: 0.469
[52,   280] loss: 0.461
[52,   290] loss: 0.440
[52,   300] loss: 0.472
[52,   310] loss: 0.506
[52,   320] loss: 0.471
[52,   330] loss: 0.486
[52,   340] loss: 0.441
[52,   350] loss: 0.456
[52,   360] loss: 0.480
[52,   370] loss: 0.447
[52,   380] loss: 0.495
[52,   390] loss: 0.455
[52,   400] loss: 0.475
VALIDATION loss: 0.7436903715133667
[53,    10] loss: 0.450
[53,    20] loss: 0.447
[53,    30] loss: 0.473
[53,    40] loss: 0.487
[53,    50] loss: 0.476
[53,    60] loss: 0.440
[53,    70] loss: 0.499
[53,    80] loss: 0.483
[53,    90] loss: 0.508
[53,   100] loss: 0.478
[53,   110] loss: 0.430
[53,   120] loss: 0.473
[53,   130] loss: 0.458
[53,   140] loss: 0.448
[53,   150] loss: 0.471
[53,   160] loss: 0.442
[53,   170] loss: 0.436
[53,   180] loss: 0.492
[53,   190] loss: 0.470
[53,   200] loss: 0.426
[53,   210] loss: 0.448
[53,   220] loss: 0.444
[53,   230] loss: 0.494
[53,   240] loss: 0.468
[53,   250] loss: 0.432
[53,   260] loss: 0.507
[53,   270] loss: 0.471
[53,   280] loss: 0.463
[53,   290] loss: 0.460
[53,   300] loss: 0.454
[53,   310] loss: 0.442
[53,   320] loss: 0.387
[53,   330] loss: 0.471
[53,   340] loss: 0.448
[53,   350] loss: 0.467
[53,   360] loss: 0.499
[53,   370] loss: 0.473
[53,   380] loss: 0.488
[53,   390] loss: 0.473
[53,   400] loss: 0.463
VALIDATION loss: 0.5143609046936035
[54,    10] loss: 0.468
[54,    20] loss: 0.402
[54,    30] loss: 0.482
[54,    40] loss: 0.507
[54,    50] loss: 0.406
[54,    60] loss: 0.477
[54,    70] loss: 0.460
[54,    80] loss: 0.417
[54,    90] loss: 0.415
[54,   100] loss: 0.425
[54,   110] loss: 0.449
[54,   120] loss: 0.454
[54,   130] loss: 0.436
[54,   140] loss: 0.467
[54,   150] loss: 0.475
[54,   160] loss: 0.456
[54,   170] loss: 0.481
[54,   180] loss: 0.453
[54,   190] loss: 0.486
[54,   200] loss: 0.481
[54,   210] loss: 0.430
[54,   220] loss: 0.451
[54,   230] loss: 0.434
[54,   240] loss: 0.479
[54,   250] loss: 0.463
[54,   260] loss: 0.479
[54,   270] loss: 0.447
[54,   280] loss: 0.497
[54,   290] loss: 0.478
[54,   300] loss: 0.427
[54,   310] loss: 0.425
[54,   320] loss: 0.468
[54,   330] loss: 0.483
[54,   340] loss: 0.422
[54,   350] loss: 0.437
[54,   360] loss: 0.478
[54,   370] loss: 0.437
[54,   380] loss: 0.437
[54,   390] loss: 0.449
[54,   400] loss: 0.422
VALIDATION loss: 0.4539211094379425
[55,    10] loss: 0.468
[55,    20] loss: 0.456
[55,    30] loss: 0.441
[55,    40] loss: 0.488
[55,    50] loss: 0.436
[55,    60] loss: 0.468
[55,    70] loss: 0.519
[55,    80] loss: 0.417
[55,    90] loss: 0.420
[55,   100] loss: 0.450
[55,   110] loss: 0.411
[55,   120] loss: 0.430
[55,   130] loss: 0.428
[55,   140] loss: 0.473
[55,   150] loss: 0.510
[55,   160] loss: 0.438
[55,   170] loss: 0.413
[55,   180] loss: 0.439
[55,   190] loss: 0.421
[55,   200] loss: 0.479
[55,   210] loss: 0.467
[55,   220] loss: 0.433
[55,   230] loss: 0.408
[55,   240] loss: 0.456
[55,   250] loss: 0.459
[55,   260] loss: 0.511
[55,   270] loss: 0.471
[55,   280] loss: 0.460
[55,   290] loss: 0.440
[55,   300] loss: 0.486
[55,   310] loss: 0.457
[55,   320] loss: 0.475
[55,   330] loss: 0.471
[55,   340] loss: 0.448
[55,   350] loss: 0.410
[55,   360] loss: 0.488
[55,   370] loss: 0.411
[55,   380] loss: 0.498
[55,   390] loss: 0.392
[55,   400] loss: 0.417
VALIDATION loss: 0.43177592754364014
[56,    10] loss: 0.456
[56,    20] loss: 0.541
[56,    30] loss: 0.448
[56,    40] loss: 0.419
[56,    50] loss: 0.465
[56,    60] loss: 0.454
[56,    70] loss: 0.422
[56,    80] loss: 0.446
[56,    90] loss: 0.430
[56,   100] loss: 0.429
[56,   110] loss: 0.457
[56,   120] loss: 0.467
[56,   130] loss: 0.426
[56,   140] loss: 0.413
[56,   150] loss: 0.456
[56,   160] loss: 0.429
[56,   170] loss: 0.470
[56,   180] loss: 0.431
[56,   190] loss: 0.353
[56,   200] loss: 0.421
[56,   210] loss: 0.429
[56,   220] loss: 0.447
[56,   230] loss: 0.421
[56,   240] loss: 0.452
[56,   250] loss: 0.448
[56,   260] loss: 0.440
[56,   270] loss: 0.455
[56,   280] loss: 0.473
[56,   290] loss: 0.479
[56,   300] loss: 0.472
[56,   310] loss: 0.411
[56,   320] loss: 0.440
[56,   330] loss: 0.411
[56,   340] loss: 0.477
[56,   350] loss: 0.429
[56,   360] loss: 0.436
[56,   370] loss: 0.475
[56,   380] loss: 0.438
[56,   390] loss: 0.443
[56,   400] loss: 0.470
VALIDATION loss: 0.45311591029167175
[57,    10] loss: 0.467
[57,    20] loss: 0.443
[57,    30] loss: 0.457
[57,    40] loss: 0.471
[57,    50] loss: 0.447
[57,    60] loss: 0.483
[57,    70] loss: 0.421
[57,    80] loss: 0.395
[57,    90] loss: 0.412
[57,   100] loss: 0.478
[57,   110] loss: 0.427
[57,   120] loss: 0.438
[57,   130] loss: 0.435
[57,   140] loss: 0.439
[57,   150] loss: 0.439
[57,   160] loss: 0.389
[57,   170] loss: 0.450
[57,   180] loss: 0.465
[57,   190] loss: 0.485
[57,   200] loss: 0.418
[57,   210] loss: 0.431
[57,   220] loss: 0.433
[57,   230] loss: 0.427
[57,   240] loss: 0.437
[57,   250] loss: 0.435
[57,   260] loss: 0.371
[57,   270] loss: 0.400
[57,   280] loss: 0.446
[57,   290] loss: 0.431
[57,   300] loss: 0.417
[57,   310] loss: 0.449
[57,   320] loss: 0.446
[57,   330] loss: 0.389
[57,   340] loss: 0.424
[57,   350] loss: 0.462
[57,   360] loss: 0.466
[57,   370] loss: 0.454
[57,   380] loss: 0.383
[57,   390] loss: 0.437
[57,   400] loss: 0.484
VALIDATION loss: 0.4343564212322235
[58,    10] loss: 0.410
[58,    20] loss: 0.484
[58,    30] loss: 0.514
[58,    40] loss: 0.463
[58,    50] loss: 0.458
[58,    60] loss: 0.412
[58,    70] loss: 0.474
[58,    80] loss: 0.417
[58,    90] loss: 0.514
[58,   100] loss: 0.443
[58,   110] loss: 0.405
[58,   120] loss: 0.445
[58,   130] loss: 0.431
[58,   140] loss: 0.411
[58,   150] loss: 0.390
[58,   160] loss: 0.402
[58,   170] loss: 0.424
[58,   180] loss: 0.414
[58,   190] loss: 0.401
[58,   200] loss: 0.447
[58,   210] loss: 0.389
[58,   220] loss: 0.449
[58,   230] loss: 0.401
[58,   240] loss: 0.395
[58,   250] loss: 0.472
[58,   260] loss: 0.402
[58,   270] loss: 0.417
[58,   280] loss: 0.438
[58,   290] loss: 0.419
[58,   300] loss: 0.496
[58,   310] loss: 0.435
[58,   320] loss: 0.430
[58,   330] loss: 0.438
[58,   340] loss: 0.424
[58,   350] loss: 0.459
[58,   360] loss: 0.438
[58,   370] loss: 0.489
[58,   380] loss: 0.460
[58,   390] loss: 0.420
[58,   400] loss: 0.380
VALIDATION loss: 0.43318647146224976
[59,    10] loss: 0.447
[59,    20] loss: 0.422
[59,    30] loss: 0.423
[59,    40] loss: 0.385
[59,    50] loss: 0.429
[59,    60] loss: 0.395
[59,    70] loss: 0.455
[59,    80] loss: 0.440
[59,    90] loss: 0.371
[59,   100] loss: 0.412
[59,   110] loss: 0.449
[59,   120] loss: 0.409
[59,   130] loss: 0.469
[59,   140] loss: 0.471
[59,   150] loss: 0.458
[59,   160] loss: 0.435
[59,   170] loss: 0.389
[59,   180] loss: 0.432
[59,   190] loss: 0.434
[59,   200] loss: 0.428
[59,   210] loss: 0.443
[59,   220] loss: 0.404
[59,   230] loss: 0.395
[59,   240] loss: 0.413
[59,   250] loss: 0.437
[59,   260] loss: 0.425
[59,   270] loss: 0.422
[59,   280] loss: 0.492
[59,   290] loss: 0.429
[59,   300] loss: 0.421
[59,   310] loss: 0.433
[59,   320] loss: 0.402
[59,   330] loss: 0.428
[59,   340] loss: 0.423
[59,   350] loss: 0.392
[59,   360] loss: 0.452
[59,   370] loss: 0.400
[59,   380] loss: 0.488
[59,   390] loss: 0.460
[59,   400] loss: 0.415
VALIDATION loss: 0.45723578333854675
[60,    10] loss: 0.386
[60,    20] loss: 0.435
[60,    30] loss: 0.454
[60,    40] loss: 0.449
[60,    50] loss: 0.396
[60,    60] loss: 0.416
[60,    70] loss: 0.433
[60,    80] loss: 0.430
[60,    90] loss: 0.413
[60,   100] loss: 0.382
[60,   110] loss: 0.411
[60,   120] loss: 0.454
[60,   130] loss: 0.447
[60,   140] loss: 0.453
[60,   150] loss: 0.424
[60,   160] loss: 0.390
[60,   170] loss: 0.443
[60,   180] loss: 0.451
[60,   190] loss: 0.426
[60,   200] loss: 0.451
[60,   210] loss: 0.415
[60,   220] loss: 0.438
[60,   230] loss: 0.420
[60,   240] loss: 0.427
[60,   250] loss: 0.438
[60,   260] loss: 0.429
[60,   270] loss: 0.394
[60,   280] loss: 0.388
[60,   290] loss: 0.425
[60,   300] loss: 0.499
[60,   310] loss: 0.396
[60,   320] loss: 0.373
[60,   330] loss: 0.408
[60,   340] loss: 0.400
[60,   350] loss: 0.436
[60,   360] loss: 0.451
[60,   370] loss: 0.378
[60,   380] loss: 0.465
[60,   390] loss: 0.419
[60,   400] loss: 0.409
VALIDATION loss: 0.8856647610664368
[61,    10] loss: 0.424
[61,    20] loss: 0.465
[61,    30] loss: 0.414
[61,    40] loss: 0.459
[61,    50] loss: 0.437
[61,    60] loss: 0.485
[61,    70] loss: 0.381
[61,    80] loss: 0.424
[61,    90] loss: 0.453
[61,   100] loss: 0.423
[61,   110] loss: 0.405
[61,   120] loss: 0.471
[61,   130] loss: 0.413
[61,   140] loss: 0.428
[61,   150] loss: 0.418
[61,   160] loss: 0.383
[61,   170] loss: 0.456
[61,   180] loss: 0.445
[61,   190] loss: 0.365
[61,   200] loss: 0.473
[61,   210] loss: 0.413
[61,   220] loss: 0.395
[61,   230] loss: 0.421
[61,   240] loss: 0.506
[61,   250] loss: 0.355
[61,   260] loss: 0.459
[61,   270] loss: 0.472
[61,   280] loss: 0.412
[61,   290] loss: 0.407
[61,   300] loss: 0.451
[61,   310] loss: 0.365
[61,   320] loss: 0.426
[61,   330] loss: 0.398
[61,   340] loss: 0.389
[61,   350] loss: 0.404
[61,   360] loss: 0.388
[61,   370] loss: 0.415
[61,   380] loss: 0.384
[61,   390] loss: 0.407
[61,   400] loss: 0.421
VALIDATION loss: 0.4585161507129669
[62,    10] loss: 0.351
[62,    20] loss: 0.436
[62,    30] loss: 0.399
[62,    40] loss: 0.414
[62,    50] loss: 0.424
[62,    60] loss: 0.425
[62,    70] loss: 0.447
[62,    80] loss: 0.415
[62,    90] loss: 0.411
[62,   100] loss: 0.476
[62,   110] loss: 0.388
[62,   120] loss: 0.385
[62,   130] loss: 0.472
[62,   140] loss: 0.427
[62,   150] loss: 0.391
[62,   160] loss: 0.414
[62,   170] loss: 0.366
[62,   180] loss: 0.389
[62,   190] loss: 0.384
[62,   200] loss: 0.407
[62,   210] loss: 0.352
[62,   220] loss: 0.439
[62,   230] loss: 0.397
[62,   240] loss: 0.428
[62,   250] loss: 0.396
[62,   260] loss: 0.413
[62,   270] loss: 0.449
[62,   280] loss: 0.425
[62,   290] loss: 0.407
[62,   300] loss: 0.479
[62,   310] loss: 0.414
[62,   320] loss: 0.392
[62,   330] loss: 0.407
[62,   340] loss: 0.401
[62,   350] loss: 0.395
[62,   360] loss: 0.428
[62,   370] loss: 0.437
[62,   380] loss: 0.373
[62,   390] loss: 0.396
[62,   400] loss: 0.426
VALIDATION loss: 0.40895575284957886
[63,    10] loss: 0.419
[63,    20] loss: 0.396
[63,    30] loss: 0.453
[63,    40] loss: 0.409
[63,    50] loss: 0.427
[63,    60] loss: 0.362
[63,    70] loss: 0.427
[63,    80] loss: 0.401
[63,    90] loss: 0.390
[63,   100] loss: 0.364
[63,   110] loss: 0.377
[63,   120] loss: 0.400
[63,   130] loss: 0.386
[63,   140] loss: 0.429
[63,   150] loss: 0.434
[63,   160] loss: 0.413
[63,   170] loss: 0.429
[63,   180] loss: 0.394
[63,   190] loss: 0.423
[63,   200] loss: 0.433
[63,   210] loss: 0.511
[63,   220] loss: 0.403
[63,   230] loss: 0.395
[63,   240] loss: 0.370
[63,   250] loss: 0.438
[63,   260] loss: 0.438
[63,   270] loss: 0.419
[63,   280] loss: 0.404
[63,   290] loss: 0.420
[63,   300] loss: 0.426
[63,   310] loss: 0.466
[63,   320] loss: 0.402
[63,   330] loss: 0.389
[63,   340] loss: 0.404
[63,   350] loss: 0.401
[63,   360] loss: 0.391
[63,   370] loss: 0.420
[63,   380] loss: 0.422
[63,   390] loss: 0.417
[63,   400] loss: 0.339
VALIDATION loss: 0.4118885099887848
[64,    10] loss: 0.407
[64,    20] loss: 0.399
[64,    30] loss: 0.339
[64,    40] loss: 0.407
[64,    50] loss: 0.397
[64,    60] loss: 0.431
[64,    70] loss: 0.411
[64,    80] loss: 0.410
[64,    90] loss: 0.378
[64,   100] loss: 0.398
[64,   110] loss: 0.397
[64,   120] loss: 0.388
[64,   130] loss: 0.429
[64,   140] loss: 0.429
[64,   150] loss: 0.383
[64,   160] loss: 0.454
[64,   170] loss: 0.393
[64,   180] loss: 0.366
[64,   190] loss: 0.454
[64,   200] loss: 0.416
[64,   210] loss: 0.412
[64,   220] loss: 0.397
[64,   230] loss: 0.370
[64,   240] loss: 0.391
[64,   250] loss: 0.395
[64,   260] loss: 0.427
[64,   270] loss: 0.441
[64,   280] loss: 0.402
[64,   290] loss: 0.422
[64,   300] loss: 0.403
[64,   310] loss: 0.417
[64,   320] loss: 0.403
[64,   330] loss: 0.439
[64,   340] loss: 0.394
[64,   350] loss: 0.398
[64,   360] loss: 0.387
[64,   370] loss: 0.430
[64,   380] loss: 0.313
[64,   390] loss: 0.388
[64,   400] loss: 0.438
VALIDATION loss: 0.40231746435165405
[65,    10] loss: 0.408
[65,    20] loss: 0.380
[65,    30] loss: 0.389
[65,    40] loss: 0.385
[65,    50] loss: 0.403
[65,    60] loss: 0.407
[65,    70] loss: 0.376
[65,    80] loss: 0.446
[65,    90] loss: 0.359
[65,   100] loss: 0.370
[65,   110] loss: 0.447
[65,   120] loss: 0.382
[65,   130] loss: 0.385
[65,   140] loss: 0.380
[65,   150] loss: 0.416
[65,   160] loss: 0.357
[65,   170] loss: 0.398
[65,   180] loss: 0.382
[65,   190] loss: 0.448
[65,   200] loss: 0.394
[65,   210] loss: 0.390
[65,   220] loss: 0.453
[65,   230] loss: 0.407
[65,   240] loss: 0.426
[65,   250] loss: 0.417
[65,   260] loss: 0.402
[65,   270] loss: 0.413
[65,   280] loss: 0.365
[65,   290] loss: 0.437
[65,   300] loss: 0.395
[65,   310] loss: 0.489
[65,   320] loss: 0.341
[65,   330] loss: 0.362
[65,   340] loss: 0.383
[65,   350] loss: 0.408
[65,   360] loss: 0.409
[65,   370] loss: 0.381
[65,   380] loss: 0.376
[65,   390] loss: 0.472
[65,   400] loss: 0.370
VALIDATION loss: 0.42416316270828247
[66,    10] loss: 0.409
[66,    20] loss: 0.334
[66,    30] loss: 0.406
[66,    40] loss: 0.445
[66,    50] loss: 0.367
[66,    60] loss: 0.429
[66,    70] loss: 0.405
[66,    80] loss: 0.394
[66,    90] loss: 0.358
[66,   100] loss: 0.360
[66,   110] loss: 0.379
[66,   120] loss: 0.375
[66,   130] loss: 0.358
[66,   140] loss: 0.416
[66,   150] loss: 0.414
[66,   160] loss: 0.394
[66,   170] loss: 0.393
[66,   180] loss: 0.361
[66,   190] loss: 0.419
[66,   200] loss: 0.405
[66,   210] loss: 0.370
[66,   220] loss: 0.392
[66,   230] loss: 0.414
[66,   240] loss: 0.387
[66,   250] loss: 0.400
[66,   260] loss: 0.371
[66,   270] loss: 0.430
[66,   280] loss: 0.380
[66,   290] loss: 0.415
[66,   300] loss: 0.396
[66,   310] loss: 0.379
[66,   320] loss: 0.410
[66,   330] loss: 0.400
[66,   340] loss: 0.408
[66,   350] loss: 0.457
[66,   360] loss: 0.377
[66,   370] loss: 0.416
[66,   380] loss: 0.423
[66,   390] loss: 0.393
[66,   400] loss: 0.412
VALIDATION loss: 0.4057934582233429
[67,    10] loss: 0.426
[67,    20] loss: 0.349
[67,    30] loss: 0.416
[67,    40] loss: 0.433
[67,    50] loss: 0.379
[67,    60] loss: 0.393
[67,    70] loss: 0.418
[67,    80] loss: 0.408
[67,    90] loss: 0.381
[67,   100] loss: 0.378
[67,   110] loss: 0.438
[67,   120] loss: 0.411
[67,   130] loss: 0.341
[67,   140] loss: 0.399
[67,   150] loss: 0.391
[67,   160] loss: 0.369
[67,   170] loss: 0.406
[67,   180] loss: 0.461
[67,   190] loss: 0.364
[67,   200] loss: 0.397
[67,   210] loss: 0.382
[67,   220] loss: 0.353
[67,   230] loss: 0.403
[67,   240] loss: 0.449
[67,   250] loss: 0.366
[67,   260] loss: 0.392
[67,   270] loss: 0.367
[67,   280] loss: 0.457
[67,   290] loss: 0.374
[67,   300] loss: 0.345
[67,   310] loss: 0.381
[67,   320] loss: 0.356
[67,   330] loss: 0.405
[67,   340] loss: 0.407
[67,   350] loss: 0.393
[67,   360] loss: 0.401
[67,   370] loss: 0.393
[67,   380] loss: 0.366
[67,   390] loss: 0.391
[67,   400] loss: 0.415
VALIDATION loss: 0.4060265123844147
[68,    10] loss: 0.428
[68,    20] loss: 0.416
[68,    30] loss: 0.436
[68,    40] loss: 0.359
[68,    50] loss: 0.376
[68,    60] loss: 0.342
[68,    70] loss: 0.380
[68,    80] loss: 0.411
[68,    90] loss: 0.426
[68,   100] loss: 0.413
[68,   110] loss: 0.423
[68,   120] loss: 0.351
[68,   130] loss: 0.408
[68,   140] loss: 0.382
[68,   150] loss: 0.379
[68,   160] loss: 0.371
[68,   170] loss: 0.398
[68,   180] loss: 0.404
[68,   190] loss: 0.363
[68,   200] loss: 0.379
[68,   210] loss: 0.400
[68,   220] loss: 0.370
[68,   230] loss: 0.376
[68,   240] loss: 0.385
[68,   250] loss: 0.365
[68,   260] loss: 0.400
[68,   270] loss: 0.341
[68,   280] loss: 0.410
[68,   290] loss: 0.422
[68,   300] loss: 0.371
[68,   310] loss: 0.370
[68,   320] loss: 0.410
[68,   330] loss: 0.368
[68,   340] loss: 0.364
[68,   350] loss: 0.336
[68,   360] loss: 0.360
[68,   370] loss: 0.427
[68,   380] loss: 0.368
[68,   390] loss: 0.374
[68,   400] loss: 0.433
VALIDATION loss: 0.37306642532348633
[69,    10] loss: 0.366
[69,    20] loss: 0.331
[69,    30] loss: 0.384
[69,    40] loss: 0.397
[69,    50] loss: 0.358
[69,    60] loss: 0.383
[69,    70] loss: 0.367
[69,    80] loss: 0.388
[69,    90] loss: 0.399
[69,   100] loss: 0.400
[69,   110] loss: 0.366
[69,   120] loss: 0.401
[69,   130] loss: 0.384
[69,   140] loss: 0.425
[69,   150] loss: 0.366
[69,   160] loss: 0.434
[69,   170] loss: 0.372
[69,   180] loss: 0.371
[69,   190] loss: 0.378
[69,   200] loss: 0.344
[69,   210] loss: 0.461
[69,   220] loss: 0.365
[69,   230] loss: 0.342
[69,   240] loss: 0.383
[69,   250] loss: 0.366
[69,   260] loss: 0.354
[69,   270] loss: 0.369
[69,   280] loss: 0.387
[69,   290] loss: 0.393
[69,   300] loss: 0.376
[69,   310] loss: 0.367
[69,   320] loss: 0.426
[69,   330] loss: 0.355
[69,   340] loss: 0.407
[69,   350] loss: 0.367
[69,   360] loss: 0.396
[69,   370] loss: 0.374
[69,   380] loss: 0.398
[69,   390] loss: 0.392
[69,   400] loss: 0.388
VALIDATION loss: 0.37988466024398804
[70,    10] loss: 0.375
[70,    20] loss: 0.336
[70,    30] loss: 0.417
[70,    40] loss: 0.396
[70,    50] loss: 0.383
[70,    60] loss: 0.424
[70,    70] loss: 0.411
[70,    80] loss: 0.391
[70,    90] loss: 0.409
[70,   100] loss: 0.355
[70,   110] loss: 0.410
[70,   120] loss: 0.395
[70,   130] loss: 0.325
[70,   140] loss: 0.380
[70,   150] loss: 0.334
[70,   160] loss: 0.371
[70,   170] loss: 0.389
[70,   180] loss: 0.332
[70,   190] loss: 0.406
[70,   200] loss: 0.414
[70,   210] loss: 0.376
[70,   220] loss: 0.348
[70,   230] loss: 0.375
[70,   240] loss: 0.393
[70,   250] loss: 0.464
[70,   260] loss: 0.326
[70,   270] loss: 0.328
[70,   280] loss: 0.366
[70,   290] loss: 0.355
[70,   300] loss: 0.399
[70,   310] loss: 0.364
[70,   320] loss: 0.369
[70,   330] loss: 0.399
[70,   340] loss: 0.396
[70,   350] loss: 0.392
[70,   360] loss: 0.411
[70,   370] loss: 0.430
[70,   380] loss: 0.379
[70,   390] loss: 0.338
[70,   400] loss: 0.356
VALIDATION loss: 0.38877636194229126
[71,    10] loss: 0.322
[71,    20] loss: 0.410
[71,    30] loss: 0.408
[71,    40] loss: 0.364
[71,    50] loss: 0.388
[71,    60] loss: 0.382
[71,    70] loss: 0.337
[71,    80] loss: 0.355
[71,    90] loss: 0.386
[71,   100] loss: 0.353
[71,   110] loss: 0.368
[71,   120] loss: 0.341
[71,   130] loss: 0.338
[71,   140] loss: 0.393
[71,   150] loss: 0.414
[71,   160] loss: 0.390
[71,   170] loss: 0.422
[71,   180] loss: 0.360
[71,   190] loss: 0.376
[71,   200] loss: 0.367
[71,   210] loss: 0.378
[71,   220] loss: 0.419
[71,   230] loss: 0.437
[71,   240] loss: 0.338
[71,   250] loss: 0.345
[71,   260] loss: 0.360
[71,   270] loss: 0.438
[71,   280] loss: 0.396
[71,   290] loss: 0.362
[71,   300] loss: 0.371
[71,   310] loss: 0.372
[71,   320] loss: 0.398
[71,   330] loss: 0.442
[71,   340] loss: 0.327
[71,   350] loss: 0.389
[71,   360] loss: 0.362
[71,   370] loss: 0.396
[71,   380] loss: 0.376
[71,   390] loss: 0.321
[71,   400] loss: 0.358
VALIDATION loss: 0.38536015152931213
[72,    10] loss: 0.365
[72,    20] loss: 0.370
[72,    30] loss: 0.393
[72,    40] loss: 0.353
[72,    50] loss: 0.423
[72,    60] loss: 0.352
[72,    70] loss: 0.332
[72,    80] loss: 0.366
[72,    90] loss: 0.359
[72,   100] loss: 0.365
[72,   110] loss: 0.344
[72,   120] loss: 0.379
[72,   130] loss: 0.406
[72,   140] loss: 0.381
[72,   150] loss: 0.326
[72,   160] loss: 0.409
[72,   170] loss: 0.362
[72,   180] loss: 0.400
[72,   190] loss: 0.458
[72,   200] loss: 0.351
[72,   210] loss: 0.357
[72,   220] loss: 0.380
[72,   230] loss: 0.335
[72,   240] loss: 0.386
[72,   250] loss: 0.349
[72,   260] loss: 0.347
[72,   270] loss: 0.390
[72,   280] loss: 0.391
[72,   290] loss: 0.371
[72,   300] loss: 0.383
[72,   310] loss: 0.396
[72,   320] loss: 0.358
[72,   330] loss: 0.385
[72,   340] loss: 0.354
[72,   350] loss: 0.387
[72,   360] loss: 0.393
[72,   370] loss: 0.386
[72,   380] loss: 0.356
[72,   390] loss: 0.379
[72,   400] loss: 0.391
VALIDATION loss: 0.3656291663646698
[73,    10] loss: 0.333
[73,    20] loss: 0.372
[73,    30] loss: 0.337
[73,    40] loss: 0.394
[73,    50] loss: 0.388
[73,    60] loss: 0.321
[73,    70] loss: 0.376
[73,    80] loss: 0.364
[73,    90] loss: 0.376
[73,   100] loss: 0.372
[73,   110] loss: 0.360
[73,   120] loss: 0.335
[73,   130] loss: 0.384
[73,   140] loss: 0.374
[73,   150] loss: 0.350
[73,   160] loss: 0.379
[73,   170] loss: 0.397
[73,   180] loss: 0.331
[73,   190] loss: 0.351
[73,   200] loss: 0.396
[73,   210] loss: 0.367
[73,   220] loss: 0.354
[73,   230] loss: 0.335
[73,   240] loss: 0.398
[73,   250] loss: 0.400
[73,   260] loss: 0.346
[73,   270] loss: 0.422
[73,   280] loss: 0.338
[73,   290] loss: 0.400
[73,   300] loss: 0.390
[73,   310] loss: 0.326
[73,   320] loss: 0.395
[73,   330] loss: 0.380
[73,   340] loss: 0.394
[73,   350] loss: 0.360
[73,   360] loss: 0.378
[73,   370] loss: 0.370
[73,   380] loss: 0.326
[73,   390] loss: 0.368
[73,   400] loss: 0.341
VALIDATION loss: 0.558042049407959
[74,    10] loss: 0.389
[74,    20] loss: 0.320
[74,    30] loss: 0.337
[74,    40] loss: 0.384
[74,    50] loss: 0.388
[74,    60] loss: 0.348
[74,    70] loss: 0.379
[74,    80] loss: 0.346
[74,    90] loss: 0.392
[74,   100] loss: 0.317
[74,   110] loss: 0.335
[74,   120] loss: 0.427
[74,   130] loss: 0.370
[74,   140] loss: 0.360
[74,   150] loss: 0.359
[74,   160] loss: 0.358
[74,   170] loss: 0.326
[74,   180] loss: 0.344
[74,   190] loss: 0.349
[74,   200] loss: 0.389
[74,   210] loss: 0.372
[74,   220] loss: 0.345
[74,   230] loss: 0.369
[74,   240] loss: 0.338
[74,   250] loss: 0.403
[74,   260] loss: 0.355
[74,   270] loss: 0.372
[74,   280] loss: 0.372
[74,   290] loss: 0.372
[74,   300] loss: 0.337
[74,   310] loss: 0.384
[74,   320] loss: 0.345
[74,   330] loss: 0.362
[74,   340] loss: 0.332
[74,   350] loss: 0.348
[74,   360] loss: 0.333
[74,   370] loss: 0.351
[74,   380] loss: 0.384
[74,   390] loss: 0.395
[74,   400] loss: 0.449
VALIDATION loss: 0.40223345160484314
[75,    10] loss: 0.390
[75,    20] loss: 0.362
[75,    30] loss: 0.359
[75,    40] loss: 0.376
[75,    50] loss: 0.354
[75,    60] loss: 0.380
[75,    70] loss: 0.364
[75,    80] loss: 0.375
[75,    90] loss: 0.397
[75,   100] loss: 0.370
[75,   110] loss: 0.357
[75,   120] loss: 0.336
[75,   130] loss: 0.372
[75,   140] loss: 0.401
[75,   150] loss: 0.406
[75,   160] loss: 0.398
[75,   170] loss: 0.402
[75,   180] loss: 0.369
[75,   190] loss: 0.339
[75,   200] loss: 0.347
[75,   210] loss: 0.339
[75,   220] loss: 0.369
[75,   230] loss: 0.346
[75,   240] loss: 0.357
[75,   250] loss: 0.348
[75,   260] loss: 0.331
[75,   270] loss: 0.327
[75,   280] loss: 0.341
[75,   290] loss: 0.326
[75,   300] loss: 0.363
[75,   310] loss: 0.378
[75,   320] loss: 0.362
[75,   330] loss: 0.365
[75,   340] loss: 0.358
[75,   350] loss: 0.324
[75,   360] loss: 0.368
[75,   370] loss: 0.349
[75,   380] loss: 0.347
[75,   390] loss: 0.353
[75,   400] loss: 0.365
VALIDATION loss: 0.3891388475894928
[76,    10] loss: 0.411
[76,    20] loss: 0.312
[76,    30] loss: 0.366
[76,    40] loss: 0.336
[76,    50] loss: 0.328
[76,    60] loss: 0.357
[76,    70] loss: 0.337
[76,    80] loss: 0.372
[76,    90] loss: 0.367
[76,   100] loss: 0.369
[76,   110] loss: 0.357
[76,   120] loss: 0.371
[76,   130] loss: 0.332
[76,   140] loss: 0.334
[76,   150] loss: 0.349
[76,   160] loss: 0.359
[76,   170] loss: 0.385
[76,   180] loss: 0.362
[76,   190] loss: 0.361
[76,   200] loss: 0.379
[76,   210] loss: 0.363
[76,   220] loss: 0.335
[76,   230] loss: 0.342
[76,   240] loss: 0.389
[76,   250] loss: 0.332
[76,   260] loss: 0.397
[76,   270] loss: 0.331
[76,   280] loss: 0.333
[76,   290] loss: 0.362
[76,   300] loss: 0.352
[76,   310] loss: 0.343
[76,   320] loss: 0.364
[76,   330] loss: 0.360
[76,   340] loss: 0.343
[76,   350] loss: 0.395
[76,   360] loss: 0.361
[76,   370] loss: 0.330
[76,   380] loss: 0.340
[76,   390] loss: 0.380
[76,   400] loss: 0.396
VALIDATION loss: 0.39398515224456787
[77,    10] loss: 0.366
[77,    20] loss: 0.387
[77,    30] loss: 0.322
[77,    40] loss: 0.332
[77,    50] loss: 0.327
[77,    60] loss: 0.367
[77,    70] loss: 0.379
[77,    80] loss: 0.377
[77,    90] loss: 0.383
[77,   100] loss: 0.398
[77,   110] loss: 0.346
[77,   120] loss: 0.321
[77,   130] loss: 0.319
[77,   140] loss: 0.335
[77,   150] loss: 0.279
[77,   160] loss: 0.407
[77,   170] loss: 0.312
[77,   180] loss: 0.328
[77,   190] loss: 0.340
[77,   200] loss: 0.379
[77,   210] loss: 0.358
[77,   220] loss: 0.396
[77,   230] loss: 0.367
[77,   240] loss: 0.386
[77,   250] loss: 0.326
[77,   260] loss: 0.321
[77,   270] loss: 0.398
[77,   280] loss: 0.348
[77,   290] loss: 0.374
[77,   300] loss: 0.403
[77,   310] loss: 0.360
[77,   320] loss: 0.301
[77,   330] loss: 0.371
[77,   340] loss: 0.380
[77,   350] loss: 0.326
[77,   360] loss: 0.335
[77,   370] loss: 0.338
[77,   380] loss: 0.362
[77,   390] loss: 0.343
[77,   400] loss: 0.367
VALIDATION loss: 0.3804429769515991
[78,    10] loss: 0.371
[78,    20] loss: 0.332
[78,    30] loss: 0.397
[78,    40] loss: 0.369
[78,    50] loss: 0.340
[78,    60] loss: 0.320
[78,    70] loss: 0.332
[78,    80] loss: 0.364
[78,    90] loss: 0.385
[78,   100] loss: 0.373
[78,   110] loss: 0.375
[78,   120] loss: 0.352
[78,   130] loss: 0.432
[78,   140] loss: 0.299
[78,   150] loss: 0.332
[78,   160] loss: 0.344
[78,   170] loss: 0.380
[78,   180] loss: 0.415
[78,   190] loss: 0.263
[78,   200] loss: 0.337
[78,   210] loss: 0.319
[78,   220] loss: 0.328
[78,   230] loss: 0.355
[78,   240] loss: 0.313
[78,   250] loss: 0.353
[78,   260] loss: 0.301
[78,   270] loss: 0.364
[78,   280] loss: 0.402
[78,   290] loss: 0.373
[78,   300] loss: 0.317
[78,   310] loss: 0.339
[78,   320] loss: 0.336
[78,   330] loss: 0.338
[78,   340] loss: 0.352
[78,   350] loss: 0.374
[78,   360] loss: 0.319
[78,   370] loss: 0.365
[78,   380] loss: 0.347
[78,   390] loss: 0.301
[78,   400] loss: 0.351
VALIDATION loss: 0.3593745231628418
[79,    10] loss: 0.385
[79,    20] loss: 0.360
[79,    30] loss: 0.349
[79,    40] loss: 0.357
[79,    50] loss: 0.380
[79,    60] loss: 0.351
[79,    70] loss: 0.356
[79,    80] loss: 0.347
[79,    90] loss: 0.397
[79,   100] loss: 0.326
[79,   110] loss: 0.348
[79,   120] loss: 0.338
[79,   130] loss: 0.365
[79,   140] loss: 0.301
[79,   150] loss: 0.336
[79,   160] loss: 0.348
[79,   170] loss: 0.329
[79,   180] loss: 0.328
[79,   190] loss: 0.383
[79,   200] loss: 0.403
[79,   210] loss: 0.329
[79,   220] loss: 0.359
[79,   230] loss: 0.381
[79,   240] loss: 0.322
[79,   250] loss: 0.373
[79,   260] loss: 0.363
[79,   270] loss: 0.351
[79,   280] loss: 0.347
[79,   290] loss: 0.330
[79,   300] loss: 0.325
[79,   310] loss: 0.314
[79,   320] loss: 0.347
[79,   330] loss: 0.379
[79,   340] loss: 0.351
[79,   350] loss: 0.366
[79,   360] loss: 0.307
[79,   370] loss: 0.326
[79,   380] loss: 0.299
[79,   390] loss: 0.329
[79,   400] loss: 0.339
VALIDATION loss: 0.34556522965431213
[80,    10] loss: 0.319
[80,    20] loss: 0.360
[80,    30] loss: 0.376
[80,    40] loss: 0.315
[80,    50] loss: 0.344
[80,    60] loss: 0.355
[80,    70] loss: 0.375
[80,    80] loss: 0.324
[80,    90] loss: 0.377
[80,   100] loss: 0.379
[80,   110] loss: 0.365
[80,   120] loss: 0.327
[80,   130] loss: 0.338
[80,   140] loss: 0.368
[80,   150] loss: 0.325
[80,   160] loss: 0.341
[80,   170] loss: 0.348
[80,   180] loss: 0.304
[80,   190] loss: 0.365
[80,   200] loss: 0.321
[80,   210] loss: 0.345
[80,   220] loss: 0.290
[80,   230] loss: 0.308
[80,   240] loss: 0.340
[80,   250] loss: 0.351
[80,   260] loss: 0.310
[80,   270] loss: 0.356
[80,   280] loss: 0.333
[80,   290] loss: 0.340
[80,   300] loss: 0.378
[80,   310] loss: 0.355
[80,   320] loss: 0.363
[80,   330] loss: 0.323
[80,   340] loss: 0.324
[80,   350] loss: 0.349
[80,   360] loss: 0.377
[80,   370] loss: 0.390
[80,   380] loss: 0.342
[80,   390] loss: 0.322
[80,   400] loss: 0.325
VALIDATION loss: 0.33855098485946655
[81,    10] loss: 0.333
[81,    20] loss: 0.298
[81,    30] loss: 0.380
[81,    40] loss: 0.347
[81,    50] loss: 0.333
[81,    60] loss: 0.382
[81,    70] loss: 0.354
[81,    80] loss: 0.345
[81,    90] loss: 0.358
[81,   100] loss: 0.344
[81,   110] loss: 0.328
[81,   120] loss: 0.288
[81,   130] loss: 0.362
[81,   140] loss: 0.371
[81,   150] loss: 0.306
[81,   160] loss: 0.361
[81,   170] loss: 0.311
[81,   180] loss: 0.299
[81,   190] loss: 0.341
[81,   200] loss: 0.379
[81,   210] loss: 0.393
[81,   220] loss: 0.344
[81,   230] loss: 0.361
[81,   240] loss: 0.327
[81,   250] loss: 0.312
[81,   260] loss: 0.354
[81,   270] loss: 0.320
[81,   280] loss: 0.366
[81,   290] loss: 0.369
[81,   300] loss: 0.321
[81,   310] loss: 0.394
[81,   320] loss: 0.337
[81,   330] loss: 0.307
[81,   340] loss: 0.354
[81,   350] loss: 0.357
[81,   360] loss: 0.308
[81,   370] loss: 0.365
[81,   380] loss: 0.316
[81,   390] loss: 0.360
[81,   400] loss: 0.338
VALIDATION loss: 0.3329464793205261
[82,    10] loss: 0.326
[82,    20] loss: 0.340
[82,    30] loss: 0.301
[82,    40] loss: 0.365
[82,    50] loss: 0.326
[82,    60] loss: 0.342
[82,    70] loss: 0.396
[82,    80] loss: 0.374
[82,    90] loss: 0.356
[82,   100] loss: 0.354
[82,   110] loss: 0.319
[82,   120] loss: 0.314
[82,   130] loss: 0.289
[82,   140] loss: 0.351
[82,   150] loss: 0.398
[82,   160] loss: 0.302
[82,   170] loss: 0.299
[82,   180] loss: 0.320
[82,   190] loss: 0.416
[82,   200] loss: 0.341
[82,   210] loss: 0.277
[82,   220] loss: 0.295
[82,   230] loss: 0.370
[82,   240] loss: 0.288
[82,   250] loss: 0.333
[82,   260] loss: 0.389
[82,   270] loss: 0.345
[82,   280] loss: 0.352
[82,   290] loss: 0.324
[82,   300] loss: 0.363
[82,   310] loss: 0.392
[82,   320] loss: 0.337
[82,   330] loss: 0.306
[82,   340] loss: 0.375
[82,   350] loss: 0.316
[82,   360] loss: 0.375
[82,   370] loss: 0.319
[82,   380] loss: 0.315
[82,   390] loss: 0.356
[82,   400] loss: 0.337
VALIDATION loss: 0.3339897692203522
[83,    10] loss: 0.338
[83,    20] loss: 0.354
[83,    30] loss: 0.334
[83,    40] loss: 0.322
[83,    50] loss: 0.310
[83,    60] loss: 0.366
[83,    70] loss: 0.309
[83,    80] loss: 0.329
[83,    90] loss: 0.309
[83,   100] loss: 0.355
[83,   110] loss: 0.319
[83,   120] loss: 0.327
[83,   130] loss: 0.322
[83,   140] loss: 0.334
[83,   150] loss: 0.286
[83,   160] loss: 0.326
[83,   170] loss: 0.325
[83,   180] loss: 0.333
[83,   190] loss: 0.353
[83,   200] loss: 0.364
[83,   210] loss: 0.311
[83,   220] loss: 0.319
[83,   230] loss: 0.322
[83,   240] loss: 0.356
[83,   250] loss: 0.339
[83,   260] loss: 0.353
[83,   270] loss: 0.335
[83,   280] loss: 0.339
[83,   290] loss: 0.353
[83,   300] loss: 0.321
[83,   310] loss: 0.359
[83,   320] loss: 0.337
[83,   330] loss: 0.376
[83,   340] loss: 0.455
[83,   350] loss: 0.383
[83,   360] loss: 0.340
[83,   370] loss: 0.289
[83,   380] loss: 0.391
[83,   390] loss: 0.309
[83,   400] loss: 0.351
VALIDATION loss: 0.3327026963233948
[84,    10] loss: 0.329
[84,    20] loss: 0.329
[84,    30] loss: 0.349
[84,    40] loss: 0.353
[84,    50] loss: 0.323
[84,    60] loss: 0.332
[84,    70] loss: 0.333
[84,    80] loss: 0.346
[84,    90] loss: 0.343
[84,   100] loss: 0.300
[84,   110] loss: 0.332
[84,   120] loss: 0.340
[84,   130] loss: 0.359
[84,   140] loss: 0.283
[84,   150] loss: 0.325
[84,   160] loss: 0.291
[84,   170] loss: 0.310
[84,   180] loss: 0.337
[84,   190] loss: 0.334
[84,   200] loss: 0.308
[84,   210] loss: 0.323
[84,   220] loss: 0.357
[84,   230] loss: 0.322
[84,   240] loss: 0.344
[84,   250] loss: 0.311
[84,   260] loss: 0.362
[84,   270] loss: 0.317
[84,   280] loss: 0.330
[84,   290] loss: 0.295
[84,   300] loss: 0.375
[84,   310] loss: 0.306
[84,   320] loss: 0.338
[84,   330] loss: 0.317
[84,   340] loss: 0.346
[84,   350] loss: 0.346
[84,   360] loss: 0.348
[84,   370] loss: 0.349
[84,   380] loss: 0.368
[84,   390] loss: 0.339
[84,   400] loss: 0.395
VALIDATION loss: 0.3306671679019928
[85,    10] loss: 0.313
[85,    20] loss: 0.349
[85,    30] loss: 0.299
[85,    40] loss: 0.340
[85,    50] loss: 0.317
[85,    60] loss: 0.327
[85,    70] loss: 0.325
[85,    80] loss: 0.303
[85,    90] loss: 0.341
[85,   100] loss: 0.341
[85,   110] loss: 0.298
[85,   120] loss: 0.301
[85,   130] loss: 0.321
[85,   140] loss: 0.357
[85,   150] loss: 0.318
[85,   160] loss: 0.301
[85,   170] loss: 0.310
[85,   180] loss: 0.337
[85,   190] loss: 0.309
[85,   200] loss: 0.311
[85,   210] loss: 0.337
[85,   220] loss: 0.393
[85,   230] loss: 0.342
[85,   240] loss: 0.353
[85,   250] loss: 0.341
[85,   260] loss: 0.307
[85,   270] loss: 0.325
[85,   280] loss: 0.323
[85,   290] loss: 0.335
[85,   300] loss: 0.336
[85,   310] loss: 0.326
[85,   320] loss: 0.361
[85,   330] loss: 0.334
[85,   340] loss: 0.362
[85,   350] loss: 0.329
[85,   360] loss: 0.347
[85,   370] loss: 0.324
[85,   380] loss: 0.290
[85,   390] loss: 0.295
[85,   400] loss: 0.393
VALIDATION loss: 0.3238268196582794
[86,    10] loss: 0.325
[86,    20] loss: 0.309
[86,    30] loss: 0.320
[86,    40] loss: 0.325
[86,    50] loss: 0.323
[86,    60] loss: 0.361
[86,    70] loss: 0.290
[86,    80] loss: 0.309
[86,    90] loss: 0.312
[86,   100] loss: 0.346
[86,   110] loss: 0.328
[86,   120] loss: 0.293
[86,   130] loss: 0.340
[86,   140] loss: 0.301
[86,   150] loss: 0.314
[86,   160] loss: 0.365
[86,   170] loss: 0.347
[86,   180] loss: 0.358
[86,   190] loss: 0.298
[86,   200] loss: 0.339
[86,   210] loss: 0.336
[86,   220] loss: 0.362
[86,   230] loss: 0.346
[86,   240] loss: 0.296
[86,   250] loss: 0.308
[86,   260] loss: 0.372
[86,   270] loss: 0.304
[86,   280] loss: 0.261
[86,   290] loss: 0.319
[86,   300] loss: 0.347
[86,   310] loss: 0.329
[86,   320] loss: 0.295
[86,   330] loss: 0.342
[86,   340] loss: 0.323
[86,   350] loss: 0.343
[86,   360] loss: 0.369
[86,   370] loss: 0.350
[86,   380] loss: 0.293
[86,   390] loss: 0.361
[86,   400] loss: 0.315
VALIDATION loss: 0.34890180826187134
[87,    10] loss: 0.269
[87,    20] loss: 0.314
[87,    30] loss: 0.339
[87,    40] loss: 0.330
[87,    50] loss: 0.300
[87,    60] loss: 0.328
[87,    70] loss: 0.330
[87,    80] loss: 0.333
[87,    90] loss: 0.342
[87,   100] loss: 0.309
[87,   110] loss: 0.364
[87,   120] loss: 0.289
[87,   130] loss: 0.293
[87,   140] loss: 0.308
[87,   150] loss: 0.325
[87,   160] loss: 0.343
[87,   170] loss: 0.342
[87,   180] loss: 0.288
[87,   190] loss: 0.277
[87,   200] loss: 0.347
[87,   210] loss: 0.345
[87,   220] loss: 0.376
[87,   230] loss: 0.329
[87,   240] loss: 0.289
[87,   250] loss: 0.337
[87,   260] loss: 0.347
[87,   270] loss: 0.309
[87,   280] loss: 0.348
[87,   290] loss: 0.281
[87,   300] loss: 0.330
[87,   310] loss: 0.338
[87,   320] loss: 0.352
[87,   330] loss: 0.278
[87,   340] loss: 0.355
[87,   350] loss: 0.287
[87,   360] loss: 0.333
[87,   370] loss: 0.308
[87,   380] loss: 0.323
[87,   390] loss: 0.290
[87,   400] loss: 0.322
VALIDATION loss: 0.3218431770801544
[88,    10] loss: 0.349
[88,    20] loss: 0.314
[88,    30] loss: 0.287
[88,    40] loss: 0.275
[88,    50] loss: 0.303
[88,    60] loss: 0.331
[88,    70] loss: 0.277
[88,    80] loss: 0.333
[88,    90] loss: 0.300
[88,   100] loss: 0.321
[88,   110] loss: 0.308
[88,   120] loss: 0.322
[88,   130] loss: 0.268
[88,   140] loss: 0.345
[88,   150] loss: 0.338
[88,   160] loss: 0.304
[88,   170] loss: 0.309
[88,   180] loss: 0.319
[88,   190] loss: 0.349
[88,   200] loss: 0.346
[88,   210] loss: 0.322
[88,   220] loss: 0.342
[88,   230] loss: 0.361
[88,   240] loss: 0.354
[88,   250] loss: 0.338
[88,   260] loss: 0.283
[88,   270] loss: 0.345
[88,   280] loss: 0.341
[88,   290] loss: 0.345
[88,   300] loss: 0.282
[88,   310] loss: 0.319
[88,   320] loss: 0.341
[88,   330] loss: 0.304
[88,   340] loss: 0.325
[88,   350] loss: 0.292
[88,   360] loss: 0.367
[88,   370] loss: 0.280
[88,   380] loss: 0.332
[88,   390] loss: 0.337
[88,   400] loss: 0.315
VALIDATION loss: 0.31738585233688354
[89,    10] loss: 0.361
[89,    20] loss: 0.296
[89,    30] loss: 0.271
[89,    40] loss: 0.307
[89,    50] loss: 0.298
[89,    60] loss: 0.321
[89,    70] loss: 0.360
[89,    80] loss: 0.332
[89,    90] loss: 0.317
[89,   100] loss: 0.332
[89,   110] loss: 0.375
[89,   120] loss: 0.348
[89,   130] loss: 0.311
[89,   140] loss: 0.330
[89,   150] loss: 0.295
[89,   160] loss: 0.306
[89,   170] loss: 0.352
[89,   180] loss: 0.319
[89,   190] loss: 0.342
[89,   200] loss: 0.297
[89,   210] loss: 0.289
[89,   220] loss: 0.335
[89,   230] loss: 0.307
[89,   240] loss: 0.280
[89,   250] loss: 0.354
[89,   260] loss: 0.273
[89,   270] loss: 0.282
[89,   280] loss: 0.317
[89,   290] loss: 0.317
[89,   300] loss: 0.270
[89,   310] loss: 0.291
[89,   320] loss: 0.325
[89,   330] loss: 0.327
[89,   340] loss: 0.290
[89,   350] loss: 0.301
[89,   360] loss: 0.336
[89,   370] loss: 0.296
[89,   380] loss: 0.324
[89,   390] loss: 0.323
[89,   400] loss: 0.337
VALIDATION loss: 0.32921847701072693
[90,    10] loss: 0.313
[90,    20] loss: 0.373
[90,    30] loss: 0.319
[90,    40] loss: 0.331
[90,    50] loss: 0.291
[90,    60] loss: 0.323
[90,    70] loss: 0.319
[90,    80] loss: 0.283
[90,    90] loss: 0.316
[90,   100] loss: 0.325
[90,   110] loss: 0.321
[90,   120] loss: 0.278
[90,   130] loss: 0.311
[90,   140] loss: 0.364
[90,   150] loss: 0.347
[90,   160] loss: 0.333
[90,   170] loss: 0.289
[90,   180] loss: 0.349
[90,   190] loss: 0.255
[90,   200] loss: 0.284
[90,   210] loss: 0.377
[90,   220] loss: 0.336
[90,   230] loss: 0.294
[90,   240] loss: 0.350
[90,   250] loss: 0.335
[90,   260] loss: 0.360
[90,   270] loss: 0.337
[90,   280] loss: 0.340
[90,   290] loss: 0.294
[90,   300] loss: 0.299
[90,   310] loss: 0.334
[90,   320] loss: 0.329
[90,   330] loss: 0.234
[90,   340] loss: 0.302
[90,   350] loss: 0.285
[90,   360] loss: 0.282
[90,   370] loss: 0.269
[90,   380] loss: 0.339
[90,   390] loss: 0.299
[90,   400] loss: 0.374
VALIDATION loss: 0.34404996037483215
[91,    10] loss: 0.322
[91,    20] loss: 0.282
[91,    30] loss: 0.257
[91,    40] loss: 0.309
[91,    50] loss: 0.352
[91,    60] loss: 0.271
[91,    70] loss: 0.282
[91,    80] loss: 0.318
[91,    90] loss: 0.311
[91,   100] loss: 0.304
[91,   110] loss: 0.328
[91,   120] loss: 0.352
[91,   130] loss: 0.294
[91,   140] loss: 0.356
[91,   150] loss: 0.331
[91,   160] loss: 0.251
[91,   170] loss: 0.295
[91,   180] loss: 0.327
[91,   190] loss: 0.321
[91,   200] loss: 0.296
[91,   210] loss: 0.327
[91,   220] loss: 0.338
[91,   230] loss: 0.311
[91,   240] loss: 0.346
[91,   250] loss: 0.330
[91,   260] loss: 0.320
[91,   270] loss: 0.300
[91,   280] loss: 0.318
[91,   290] loss: 0.304
[91,   300] loss: 0.333
[91,   310] loss: 0.274
[91,   320] loss: 0.366
[91,   330] loss: 0.301
[91,   340] loss: 0.334
[91,   350] loss: 0.325
[91,   360] loss: 0.317
[91,   370] loss: 0.295
[91,   380] loss: 0.322
[91,   390] loss: 0.297
[91,   400] loss: 0.294
VALIDATION loss: 0.3169664740562439
[92,    10] loss: 0.360
[92,    20] loss: 0.310
[92,    30] loss: 0.294
[92,    40] loss: 0.345
[92,    50] loss: 0.266
[92,    60] loss: 0.286
[92,    70] loss: 0.310
[92,    80] loss: 0.247
[92,    90] loss: 0.280
[92,   100] loss: 0.332
[92,   110] loss: 0.335
[92,   120] loss: 0.298
[92,   130] loss: 0.316
[92,   140] loss: 0.301
[92,   150] loss: 0.305
[92,   160] loss: 0.302
[92,   170] loss: 0.294
[92,   180] loss: 0.345
[92,   190] loss: 0.318
[92,   200] loss: 0.273
[92,   210] loss: 0.281
[92,   220] loss: 0.314
[92,   230] loss: 0.279
[92,   240] loss: 0.293
[92,   250] loss: 0.298
[92,   260] loss: 0.306
[92,   270] loss: 0.351
[92,   280] loss: 0.305
[92,   290] loss: 0.283
[92,   300] loss: 0.340
[92,   310] loss: 0.246
[92,   320] loss: 0.293
[92,   330] loss: 0.306
[92,   340] loss: 0.284
[92,   350] loss: 0.303
[92,   360] loss: 0.387
[92,   370] loss: 0.310
[92,   380] loss: 0.322
[92,   390] loss: 0.360
[92,   400] loss: 0.312
VALIDATION loss: 0.3306867182254791
[93,    10] loss: 0.259
[93,    20] loss: 0.311
[93,    30] loss: 0.326
[93,    40] loss: 0.302
[93,    50] loss: 0.297
[93,    60] loss: 0.342
[93,    70] loss: 0.303
[93,    80] loss: 0.293
[93,    90] loss: 0.301
[93,   100] loss: 0.336
[93,   110] loss: 0.331
[93,   120] loss: 0.309
[93,   130] loss: 0.255
[93,   140] loss: 0.276
[93,   150] loss: 0.302
[93,   160] loss: 0.314
[93,   170] loss: 0.282
[93,   180] loss: 0.299
[93,   190] loss: 0.361
[93,   200] loss: 0.313
[93,   210] loss: 0.307
[93,   220] loss: 0.360
[93,   230] loss: 0.276
[93,   240] loss: 0.276
[93,   250] loss: 0.320
[93,   260] loss: 0.321
[93,   270] loss: 0.318
[93,   280] loss: 0.279
[93,   290] loss: 0.290
[93,   300] loss: 0.307
[93,   310] loss: 0.307
[93,   320] loss: 0.311
[93,   330] loss: 0.331
[93,   340] loss: 0.320
[93,   350] loss: 0.297
[93,   360] loss: 0.234
[93,   370] loss: 0.297
[93,   380] loss: 0.261
[93,   390] loss: 0.307
[93,   400] loss: 0.316
VALIDATION loss: 0.32630854845046997
[94,    10] loss: 0.337
[94,    20] loss: 0.322
[94,    30] loss: 0.270
[94,    40] loss: 0.287
[94,    50] loss: 0.279
[94,    60] loss: 0.306
[94,    70] loss: 0.278
[94,    80] loss: 0.300
[94,    90] loss: 0.310
[94,   100] loss: 0.301
[94,   110] loss: 0.315
[94,   120] loss: 0.338
[94,   130] loss: 0.355
[94,   140] loss: 0.315
[94,   150] loss: 0.289
[94,   160] loss: 0.339
[94,   170] loss: 0.285
[94,   180] loss: 0.283
[94,   190] loss: 0.296
[94,   200] loss: 0.272
[94,   210] loss: 0.305
[94,   220] loss: 0.327
[94,   230] loss: 0.307
[94,   240] loss: 0.301
[94,   250] loss: 0.318
[94,   260] loss: 0.311
[94,   270] loss: 0.312
[94,   280] loss: 0.298
[94,   290] loss: 0.264
[94,   300] loss: 0.348
[94,   310] loss: 0.292
[94,   320] loss: 0.274
[94,   330] loss: 0.305
[94,   340] loss: 0.296
[94,   350] loss: 0.300
[94,   360] loss: 0.319
[94,   370] loss: 0.287
[94,   380] loss: 0.267
[94,   390] loss: 0.305
[94,   400] loss: 0.259
VALIDATION loss: 0.30715376138687134
[95,    10] loss: 0.275
[95,    20] loss: 0.327
[95,    30] loss: 0.306
[95,    40] loss: 0.269
[95,    50] loss: 0.333
[95,    60] loss: 0.300
[95,    70] loss: 0.280
[95,    80] loss: 0.329
[95,    90] loss: 0.307
[95,   100] loss: 0.310
[95,   110] loss: 0.337
[95,   120] loss: 0.325
[95,   130] loss: 0.293
[95,   140] loss: 0.276
[95,   150] loss: 0.339
[95,   160] loss: 0.268
[95,   170] loss: 0.330
[95,   180] loss: 0.252
[95,   190] loss: 0.289
[95,   200] loss: 0.288
[95,   210] loss: 0.327
[95,   220] loss: 0.325
[95,   230] loss: 0.310
[95,   240] loss: 0.345
[95,   250] loss: 0.314
[95,   260] loss: 0.330
[95,   270] loss: 0.308
[95,   280] loss: 0.285
[95,   290] loss: 0.293
[95,   300] loss: 0.319
[95,   310] loss: 0.268
[95,   320] loss: 0.283
[95,   330] loss: 0.343
[95,   340] loss: 0.295
[95,   350] loss: 0.280
[95,   360] loss: 0.294
[95,   370] loss: 0.337
[95,   380] loss: 0.319
[95,   390] loss: 0.287
[95,   400] loss: 0.280
VALIDATION loss: 0.3122328221797943
[96,    10] loss: 0.274
[96,    20] loss: 0.302
[96,    30] loss: 0.281
[96,    40] loss: 0.318
[96,    50] loss: 0.272
[96,    60] loss: 0.247
[96,    70] loss: 0.282
[96,    80] loss: 0.310
[96,    90] loss: 0.296
[96,   100] loss: 0.313
[96,   110] loss: 0.288
[96,   120] loss: 0.303
[96,   130] loss: 0.303
[96,   140] loss: 0.276
[96,   150] loss: 0.265
[96,   160] loss: 0.273
[96,   170] loss: 0.262
[96,   180] loss: 0.278
[96,   190] loss: 0.313
[96,   200] loss: 0.317
[96,   210] loss: 0.282
[96,   220] loss: 0.307
[96,   230] loss: 0.282
[96,   240] loss: 0.317
[96,   250] loss: 0.332
[96,   260] loss: 0.298
[96,   270] loss: 0.289
[96,   280] loss: 0.316
[96,   290] loss: 0.353
[96,   300] loss: 0.325
[96,   310] loss: 0.319
[96,   320] loss: 0.324
[96,   330] loss: 0.313
[96,   340] loss: 0.329
[96,   350] loss: 0.279
[96,   360] loss: 0.330
[96,   370] loss: 0.332
[96,   380] loss: 0.304
[96,   390] loss: 0.281
[96,   400] loss: 0.298
VALIDATION loss: 0.3007795214653015
[97,    10] loss: 0.301
[97,    20] loss: 0.306
[97,    30] loss: 0.281
[97,    40] loss: 0.317
[97,    50] loss: 0.277
[97,    60] loss: 0.292
[97,    70] loss: 0.317
[97,    80] loss: 0.316
[97,    90] loss: 0.297
[97,   100] loss: 0.327
[97,   110] loss: 0.299
[97,   120] loss: 0.273
[97,   130] loss: 0.300
[97,   140] loss: 0.249
[97,   150] loss: 0.263
[97,   160] loss: 0.252
[97,   170] loss: 0.323
[97,   180] loss: 0.308
[97,   190] loss: 0.268
[97,   200] loss: 0.274
[97,   210] loss: 0.306
[97,   220] loss: 0.263
[97,   230] loss: 0.315
[97,   240] loss: 0.322
[97,   250] loss: 0.307
[97,   260] loss: 0.278
[97,   270] loss: 0.272
[97,   280] loss: 0.328
[97,   290] loss: 0.287
[97,   300] loss: 0.292
[97,   310] loss: 0.319
[97,   320] loss: 0.257
[97,   330] loss: 0.290
[97,   340] loss: 0.281
[97,   350] loss: 0.302
[97,   360] loss: 0.286
[97,   370] loss: 0.280
[97,   380] loss: 0.277
[97,   390] loss: 0.294
[97,   400] loss: 0.324
VALIDATION loss: 0.30396145582199097
[98,    10] loss: 0.253
[98,    20] loss: 0.283
[98,    30] loss: 0.254
[98,    40] loss: 0.310
[98,    50] loss: 0.309
[98,    60] loss: 0.304
[98,    70] loss: 0.352
[98,    80] loss: 0.280
[98,    90] loss: 0.260
[98,   100] loss: 0.281
[98,   110] loss: 0.253
[98,   120] loss: 0.315
[98,   130] loss: 0.292
[98,   140] loss: 0.282
[98,   150] loss: 0.264
[98,   160] loss: 0.306
[98,   170] loss: 0.264
[98,   180] loss: 0.280
[98,   190] loss: 0.295
[98,   200] loss: 0.316
[98,   210] loss: 0.272
[98,   220] loss: 0.269
[98,   230] loss: 0.294
[98,   240] loss: 0.319
[98,   250] loss: 0.281
[98,   260] loss: 0.341
[98,   270] loss: 0.305
[98,   280] loss: 0.261
[98,   290] loss: 0.307
[98,   300] loss: 0.293
[98,   310] loss: 0.345
[98,   320] loss: 0.304
[98,   330] loss: 0.273
[98,   340] loss: 0.266
[98,   350] loss: 0.317
[98,   360] loss: 0.294
[98,   370] loss: 0.277
[98,   380] loss: 0.335
[98,   390] loss: 0.253
[98,   400] loss: 0.284
VALIDATION loss: 0.30588850378990173
[99,    10] loss: 0.299
[99,    20] loss: 0.301
[99,    30] loss: 0.294
[99,    40] loss: 0.245
[99,    50] loss: 0.318
[99,    60] loss: 0.254
[99,    70] loss: 0.324
[99,    80] loss: 0.272
[99,    90] loss: 0.301
[99,   100] loss: 0.287
[99,   110] loss: 0.295
[99,   120] loss: 0.319
[99,   130] loss: 0.316
[99,   140] loss: 0.338
[99,   150] loss: 0.242
[99,   160] loss: 0.309
[99,   170] loss: 0.279
[99,   180] loss: 0.283
[99,   190] loss: 0.285
[99,   200] loss: 0.255
[99,   210] loss: 0.262
[99,   220] loss: 0.292
[99,   230] loss: 0.278
[99,   240] loss: 0.287
[99,   250] loss: 0.321
[99,   260] loss: 0.278
[99,   270] loss: 0.287
[99,   280] loss: 0.332
[99,   290] loss: 0.314
[99,   300] loss: 0.240
[99,   310] loss: 0.297
[99,   320] loss: 0.315
[99,   330] loss: 0.274
[99,   340] loss: 0.308
[99,   350] loss: 0.314
[99,   360] loss: 0.249
[99,   370] loss: 0.278
[99,   380] loss: 0.258
[99,   390] loss: 0.282
[99,   400] loss: 0.305
VALIDATION loss: 0.3019522428512573
[100,    10] loss: 0.297
[100,    20] loss: 0.316
[100,    30] loss: 0.272
[100,    40] loss: 0.294
[100,    50] loss: 0.284
[100,    60] loss: 0.251
[100,    70] loss: 0.280
[100,    80] loss: 0.323
[100,    90] loss: 0.245
[100,   100] loss: 0.280
[100,   110] loss: 0.266
[100,   120] loss: 0.282
[100,   130] loss: 0.280
[100,   140] loss: 0.272
[100,   150] loss: 0.295
[100,   160] loss: 0.301
[100,   170] loss: 0.290
[100,   180] loss: 0.274
[100,   190] loss: 0.310
[100,   200] loss: 0.284
[100,   210] loss: 0.304
[100,   220] loss: 0.321
[100,   230] loss: 0.233
[100,   240] loss: 0.287
[100,   250] loss: 0.321
[100,   260] loss: 0.250
[100,   270] loss: 0.294
[100,   280] loss: 0.269
[100,   290] loss: 0.273
[100,   300] loss: 0.286
[100,   310] loss: 0.286
[100,   320] loss: 0.302
[100,   330] loss: 0.276
[100,   340] loss: 0.309
[100,   350] loss: 0.250
[100,   360] loss: 0.326
[100,   370] loss: 0.256
[100,   380] loss: 0.280
[100,   390] loss: 0.295
[100,   400] loss: 0.287
VALIDATION loss: 0.3140733242034912
Finished !!
Accuracy of the network: 86.17 %
