Collecting dill==0.3.4 (from -r requirements.txt (line 1))
  Using cached https://files.pythonhosted.org/packages/b6/c3/973676ceb86b60835bb3978c6db67a5dc06be6cfdbd14ef0f5a13e3fc9fd/dill-0.3.4-py2.py3-none-any.whl
Requirement already satisfied: laplace==0.1 in /zhome/45/c/128687/.local/lib/python3.6/site-packages (from -r requirements.txt (line 2))
Collecting matplotlib==3.4.0 (from -r requirements.txt (line 3))
Small: 0
Transform: 0
MaxPool: 0
Running GPU.
[1,    10] loss: 1.949
[1,    20] loss: 1.920
[1,    30] loss: 1.900
[1,    40] loss: 1.883
[1,    50] loss: 1.849
[1,    60] loss: 1.835
[1,    70] loss: 1.808
[1,    80] loss: 1.808
[1,    90] loss: 1.737
[1,   100] loss: 1.781
[1,   110] loss: 1.734
[1,   120] loss: 1.769
[1,   130] loss: 1.759
[1,   140] loss: 1.764
[1,   150] loss: 1.728
[1,   160] loss: 1.701
[1,   170] loss: 1.758
[1,   180] loss: 1.726
[1,   190] loss: 1.688
[1,   200] loss: 1.704
[1,   210] loss: 1.728
[1,   220] loss: 1.728
[1,   230] loss: 1.693
[1,   240] loss: 1.713
[1,   250] loss: 1.716
[1,   260] loss: 1.721
[1,   270] loss: 1.686
[1,   280] loss: 1.693
[1,   290] loss: 1.719
[1,   300] loss: 1.659
[1,   310] loss: 1.642
[1,   320] loss: 1.672
[1,   330] loss: 1.657
[1,   340] loss: 1.622
[1,   350] loss: 1.641
[1,   360] loss: 1.692
[1,   370] loss: 1.683
[1,   380] loss: 1.673
[1,   390] loss: 1.650
[1,   400] loss: 1.674
VALIDATION loss: 1.6206996440887451
[2,    10] loss: 1.655
[2,    20] loss: 1.625
[2,    30] loss: 1.645
[2,    40] loss: 1.648
[2,    50] loss: 1.628
[2,    60] loss: 1.609
[2,    70] loss: 1.665
[2,    80] loss: 1.590
[2,    90] loss: 1.644
[2,   100] loss: 1.551
[2,   110] loss: 1.660
[2,   120] loss: 1.588
[2,   130] loss: 1.612
[2,   140] loss: 1.610
[2,   150] loss: 1.653
[2,   160] loss: 1.627
[2,   170] loss: 1.576
[2,   180] loss: 1.583
[2,   190] loss: 1.550
[2,   200] loss: 1.595
[2,   210] loss: 1.533
[2,   220] loss: 1.576
[2,   230] loss: 1.600
[2,   240] loss: 1.575
[2,   250] loss: 1.554
[2,   260] loss: 1.538
[2,   270] loss: 1.576
[2,   280] loss: 1.555
[2,   290] loss: 1.552
[2,   300] loss: 1.566
[2,   310] loss: 1.559
[2,   320] loss: 1.567
[2,   330] loss: 1.589
[2,   340] loss: 1.531
[2,   350] loss: 1.536
[2,   360] loss: 1.521
[2,   370] loss: 1.543
[2,   380] loss: 1.536
[2,   390] loss: 1.562
[2,   400] loss: 1.545
VALIDATION loss: 1.4881949424743652
[3,    10] loss: 1.544
[3,    20] loss: 1.516
[3,    30] loss: 1.506
[3,    40] loss: 1.523
[3,    50] loss: 1.580
[3,    60] loss: 1.478
[3,    70] loss: 1.545
[3,    80] loss: 1.543
[3,    90] loss: 1.505
[3,   100] loss: 1.512
[3,   110] loss: 1.536
[3,   120] loss: 1.507
[3,   130] loss: 1.468
[3,   140] loss: 1.502
[3,   150] loss: 1.521
[3,   160] loss: 1.462
[3,   170] loss: 1.445
[3,   180] loss: 1.507
[3,   190] loss: 1.443
[3,   200] loss: 1.441
[3,   210] loss: 1.494
[3,   220] loss: 1.468
[3,   230] loss: 1.481
[3,   240] loss: 1.476
[3,   250] loss: 1.463
[3,   260] loss: 1.474
[3,   270] loss: 1.468
[3,   280] loss: 1.456
[3,   290] loss: 1.446
[3,   300] loss: 1.423
[3,   310] loss: 1.405
[3,   320] loss: 1.475
[3,   330] loss: 1.450
[3,   340] loss: 1.398
[3,   350] loss: 1.409
[3,   360] loss: 1.422
[3,   370] loss: 1.448
[3,   380] loss: 1.427
[3,   390] loss: 1.457
[3,   400] loss: 1.461
VALIDATION loss: 1.3800688982009888
[4,    10] loss: 1.410
[4,    20] loss: 1.404
[4,    30] loss: 1.408
[4,    40] loss: 1.396
[4,    50] loss: 1.464
[4,    60] loss: 1.448
[4,    70] loss: 1.372
[4,    80] loss: 1.451
[4,    90] loss: 1.416
[4,   100] loss: 1.429
[4,   110] loss: 1.384
[4,   120] loss: 1.449
[4,   130] loss: 1.394
[4,   140] loss: 1.380
[4,   150] loss: 1.381
[4,   160] loss: 1.410
[4,   170] loss: 1.406
[4,   180] loss: 1.387
[4,   190] loss: 1.375
[4,   200] loss: 1.395
[4,   210] loss: 1.404
[4,   220] loss: 1.350
[4,   230] loss: 1.390
[4,   240] loss: 1.424
[4,   250] loss: 1.411
[4,   260] loss: 1.393
[4,   270] loss: 1.382
[4,   280] loss: 1.389
[4,   290] loss: 1.376
[4,   300] loss: 1.422
[4,   310] loss: 1.447
[4,   320] loss: 1.380
[4,   330] loss: 1.344
[4,   340] loss: 1.393
[4,   350] loss: 1.374
[4,   360] loss: 1.353
[4,   370] loss: 1.433
[4,   380] loss: 1.339
[4,   390] loss: 1.366
[4,   400] loss: 1.368
VALIDATION loss: 1.3013454675674438
[5,    10] loss: 1.379
[5,    20] loss: 1.360
[5,    30] loss: 1.361
[5,    40] loss: 1.350
[5,    50] loss: 1.395
[5,    60] loss: 1.350
[5,    70] loss: 1.329
[5,    80] loss: 1.360
[5,    90] loss: 1.334
[5,   100] loss: 1.338
[5,   110] loss: 1.323
[5,   120] loss: 1.325
[5,   130] loss: 1.303
[5,   140] loss: 1.348
[5,   150] loss: 1.296
[5,   160] loss: 1.346
[5,   170] loss: 1.321
[5,   180] loss: 1.335
[5,   190] loss: 1.338
[5,   200] loss: 1.377
[5,   210] loss: 1.340
[5,   220] loss: 1.380
[5,   230] loss: 1.329
[5,   240] loss: 1.376
[5,   250] loss: 1.412
[5,   260] loss: 1.326
[5,   270] loss: 1.337
[5,   280] loss: 1.307
[5,   290] loss: 1.286
[5,   300] loss: 1.354
[5,   310] loss: 1.300
[5,   320] loss: 1.362
[5,   330] loss: 1.310
[5,   340] loss: 1.313
[5,   350] loss: 1.353
[5,   360] loss: 1.354
[5,   370] loss: 1.301
[5,   380] loss: 1.274
[5,   390] loss: 1.336
[5,   400] loss: 1.375
VALIDATION loss: 1.2796944379806519
[6,    10] loss: 1.313
[6,    20] loss: 1.380
[6,    30] loss: 1.329
[6,    40] loss: 1.335
[6,    50] loss: 1.313
[6,    60] loss: 1.303
[6,    70] loss: 1.279
[6,    80] loss: 1.335
[6,    90] loss: 1.295
[6,   100] loss: 1.306
[6,   110] loss: 1.311
[6,   120] loss: 1.283
[6,   130] loss: 1.312
[6,   140] loss: 1.288
[6,   150] loss: 1.279
[6,   160] loss: 1.322
[6,   170] loss: 1.309
[6,   180] loss: 1.300
[6,   190] loss: 1.246
[6,   200] loss: 1.242
[6,   210] loss: 1.249
[6,   220] loss: 1.250
[6,   230] loss: 1.260
[6,   240] loss: 1.307
[6,   250] loss: 1.339
[6,   260] loss: 1.277
[6,   270] loss: 1.287
[6,   280] loss: 1.296
[6,   290] loss: 1.304
[6,   300] loss: 1.280
[6,   310] loss: 1.257
[6,   320] loss: 1.230
[6,   330] loss: 1.233
[6,   340] loss: 1.248
[6,   350] loss: 1.278
[6,   360] loss: 1.230
[6,   370] loss: 1.297
[6,   380] loss: 1.278
[6,   390] loss: 1.255
[6,   400] loss: 1.332
VALIDATION loss: 1.2313202619552612
[7,    10] loss: 1.255
[7,    20] loss: 1.240
[7,    30] loss: 1.287
[7,    40] loss: 1.224
[7,    50] loss: 1.229
[7,    60] loss: 1.250
[7,    70] loss: 1.258
[7,    80] loss: 1.243
[7,    90] loss: 1.258
[7,   100] loss: 1.210
[7,   110] loss: 1.261
[7,   120] loss: 1.270
[7,   130] loss: 1.250
[7,   140] loss: 1.238
[7,   150] loss: 1.302
[7,   160] loss: 1.239
[7,   170] loss: 1.228
[7,   180] loss: 1.253
[7,   190] loss: 1.243
[7,   200] loss: 1.289
[7,   210] loss: 1.257
[7,   220] loss: 1.283
[7,   230] loss: 1.298
[7,   240] loss: 1.259
[7,   250] loss: 1.175
[7,   260] loss: 1.205
[7,   270] loss: 1.195
[7,   280] loss: 1.195
[7,   290] loss: 1.217
[7,   300] loss: 1.261
[7,   310] loss: 1.198
[7,   320] loss: 1.194
[7,   330] loss: 1.207
[7,   340] loss: 1.242
[7,   350] loss: 1.290
[7,   360] loss: 1.232
[7,   370] loss: 1.261
[7,   380] loss: 1.220
[7,   390] loss: 1.183
[7,   400] loss: 1.246
VALIDATION loss: 1.1851625442504883
[8,    10] loss: 1.214
[8,    20] loss: 1.202
[8,    30] loss: 1.271
[8,    40] loss: 1.192
[8,    50] loss: 1.227
[8,    60] loss: 1.217
[8,    70] loss: 1.243
[8,    80] loss: 1.170
[8,    90] loss: 1.215
[8,   100] loss: 1.218
[8,   110] loss: 1.214
[8,   120] loss: 1.244
[8,   130] loss: 1.171
[8,   140] loss: 1.231
[8,   150] loss: 1.178
[8,   160] loss: 1.225
[8,   170] loss: 1.211
[8,   180] loss: 1.215
[8,   190] loss: 1.239
[8,   200] loss: 1.234
[8,   210] loss: 1.247
[8,   220] loss: 1.190
[8,   230] loss: 1.156
[8,   240] loss: 1.228
[8,   250] loss: 1.184
[8,   260] loss: 1.182
[8,   270] loss: 1.177
[8,   280] loss: 1.186
[8,   290] loss: 1.201
[8,   300] loss: 1.138
[8,   310] loss: 1.165
[8,   320] loss: 1.207
[8,   330] loss: 1.162
[8,   340] loss: 1.203
[8,   350] loss: 1.230
[8,   360] loss: 1.254
[8,   370] loss: 1.136
[8,   380] loss: 1.213
[8,   390] loss: 1.192
[8,   400] loss: 1.141
VALIDATION loss: 1.1426331996917725
[9,    10] loss: 1.199
[9,    20] loss: 1.199
[9,    30] loss: 1.199
[9,    40] loss: 1.153
[9,    50] loss: 1.188
[9,    60] loss: 1.206
[9,    70] loss: 1.202
[9,    80] loss: 1.240
[9,    90] loss: 1.179
[9,   100] loss: 1.144
[9,   110] loss: 1.166
[9,   120] loss: 1.146
[9,   130] loss: 1.201
[9,   140] loss: 1.221
[9,   150] loss: 1.215
[9,   160] loss: 1.191
[9,   170] loss: 1.147
[9,   180] loss: 1.092
[9,   190] loss: 1.139
[9,   200] loss: 1.156
[9,   210] loss: 1.129
[9,   220] loss: 1.165
[9,   230] loss: 1.222
[9,   240] loss: 1.127
[9,   250] loss: 1.122
[9,   260] loss: 1.172
[9,   270] loss: 1.142
[9,   280] loss: 1.135
[9,   290] loss: 1.102
[9,   300] loss: 1.149
[9,   310] loss: 1.190
[9,   320] loss: 1.219
[9,   330] loss: 1.178
[9,   340] loss: 1.150
[9,   350] loss: 1.119
[9,   360] loss: 1.112
[9,   370] loss: 1.165
[9,   380] loss: 1.164
[9,   390] loss: 1.126
[9,   400] loss: 1.165
VALIDATION loss: 1.092241644859314
[10,    10] loss: 1.137
[10,    20] loss: 1.152
[10,    30] loss: 1.149
[10,    40] loss: 1.158
[10,    50] loss: 1.135
[10,    60] loss: 1.167
[10,    70] loss: 1.103
[10,    80] loss: 1.082
[10,    90] loss: 1.157
[10,   100] loss: 1.119
[10,   110] loss: 1.161
[10,   120] loss: 1.174
[10,   130] loss: 1.117
[10,   140] loss: 1.082
[10,   150] loss: 1.123
[10,   160] loss: 1.119
[10,   170] loss: 1.187
[10,   180] loss: 1.067
[10,   190] loss: 1.122
[10,   200] loss: 1.081
[10,   210] loss: 1.105
[10,   220] loss: 1.087
[10,   230] loss: 1.151
[10,   240] loss: 1.146
[10,   250] loss: 1.112
[10,   260] loss: 1.088
[10,   270] loss: 1.101
[10,   280] loss: 1.124
[10,   290] loss: 1.110
[10,   300] loss: 1.126
[10,   310] loss: 1.123
[10,   320] loss: 1.153
[10,   330] loss: 1.182
[10,   340] loss: 1.126
[10,   350] loss: 1.078
[10,   360] loss: 1.134
[10,   370] loss: 1.134
[10,   380] loss: 1.163
[10,   390] loss: 1.118
[10,   400] loss: 1.151
VALIDATION loss: 1.0858010053634644
[11,    10] loss: 1.089
[11,    20] loss: 1.101
[11,    30] loss: 1.081
[11,    40] loss: 1.084
[11,    50] loss: 1.174
[11,    60] loss: 1.084
[11,    70] loss: 1.148
[11,    80] loss: 1.079
[11,    90] loss: 1.071
[11,   100] loss: 1.152
[11,   110] loss: 1.100
[11,   120] loss: 1.095
[11,   130] loss: 1.094
[11,   140] loss: 1.050
[11,   150] loss: 1.080
[11,   160] loss: 1.103
[11,   170] loss: 1.148
[11,   180] loss: 1.080
[11,   190] loss: 1.051
[11,   200] loss: 1.085
[11,   210] loss: 1.073
[11,   220] loss: 1.120
[11,   230] loss: 1.102
[11,   240] loss: 1.061
[11,   250] loss: 1.085
[11,   260] loss: 1.132
[11,   270] loss: 1.085
[11,   280] loss: 1.070
[11,   290] loss: 1.029
[11,   300] loss: 1.011
[11,   310] loss: 1.156
[11,   320] loss: 1.074
[11,   330] loss: 1.106
[11,   340] loss: 1.133
[11,   350] loss: 1.129
[11,   360] loss: 1.081
[11,   370] loss: 1.063
[11,   380] loss: 1.057
[11,   390] loss: 1.089
[11,   400] loss: 1.042
VALIDATION loss: 1.0236692428588867
[12,    10] loss: 1.048
[12,    20] loss: 1.054
[12,    30] loss: 1.081
[12,    40] loss: 1.053
[12,    50] loss: 1.031
[12,    60] loss: 1.072
[12,    70] loss: 0.993
[12,    80] loss: 1.036
[12,    90] loss: 1.091
[12,   100] loss: 1.116
[12,   110] loss: 1.079
[12,   120] loss: 1.058
[12,   130] loss: 1.077
[12,   140] loss: 1.048
[12,   150] loss: 0.973
[12,   160] loss: 1.027
[12,   170] loss: 1.023
[12,   180] loss: 1.117
[12,   190] loss: 1.047
[12,   200] loss: 1.036
[12,   210] loss: 1.033
[12,   220] loss: 1.043
[12,   230] loss: 1.054
[12,   240] loss: 1.081
[12,   250] loss: 1.071
[12,   260] loss: 1.050
[12,   270] loss: 1.036
[12,   280] loss: 1.022
[12,   290] loss: 1.002
[12,   300] loss: 1.025
[12,   310] loss: 0.982
[12,   320] loss: 1.087
[12,   330] loss: 1.013
[12,   340] loss: 0.999
[12,   350] loss: 1.056
[12,   360] loss: 1.041
[12,   370] loss: 1.070
[12,   380] loss: 1.046
[12,   390] loss: 1.029
[12,   400] loss: 1.021
VALIDATION loss: 0.9995843768119812
[13,    10] loss: 1.000
[13,    20] loss: 1.007
[13,    30] loss: 1.052
[13,    40] loss: 1.053
[13,    50] loss: 1.072
[13,    60] loss: 1.079
[13,    70] loss: 1.046
[13,    80] loss: 1.068
[13,    90] loss: 1.098
[13,   100] loss: 0.976
[13,   110] loss: 0.985
[13,   120] loss: 1.006
[13,   130] loss: 1.029
[13,   140] loss: 1.042
[13,   150] loss: 1.019
[13,   160] loss: 1.007
[13,   170] loss: 0.995
[13,   180] loss: 1.008
[13,   190] loss: 0.964
[13,   200] loss: 1.012
[13,   210] loss: 1.007
[13,   220] loss: 0.979
[13,   230] loss: 0.996
[13,   240] loss: 0.992
[13,   250] loss: 1.024
[13,   260] loss: 1.021
[13,   270] loss: 1.051
[13,   280] loss: 1.043
[13,   290] loss: 1.029
[13,   300] loss: 0.930
[13,   310] loss: 1.056
[13,   320] loss: 0.991
[13,   330] loss: 0.968
[13,   340] loss: 1.019
[13,   350] loss: 1.093
[13,   360] loss: 1.010
[13,   370] loss: 0.953
[13,   380] loss: 1.001
[13,   390] loss: 0.955
[13,   400] loss: 0.970
VALIDATION loss: 0.930623471736908
[14,    10] loss: 0.937
[14,    20] loss: 1.006
[14,    30] loss: 0.994
[14,    40] loss: 0.980
[14,    50] loss: 1.012
[14,    60] loss: 1.058
[14,    70] loss: 0.953
[14,    80] loss: 0.919
[14,    90] loss: 0.997
[14,   100] loss: 0.983
[14,   110] loss: 0.980
[14,   120] loss: 1.039
[14,   130] loss: 0.992
[14,   140] loss: 0.999
[14,   150] loss: 0.989
[14,   160] loss: 0.964
[14,   170] loss: 0.944
[14,   180] loss: 0.983
[14,   190] loss: 1.043
[14,   200] loss: 0.967
[14,   210] loss: 1.059
[14,   220] loss: 0.948
[14,   230] loss: 0.977
[14,   240] loss: 0.910
[14,   250] loss: 0.992
[14,   260] loss: 0.926
[14,   270] loss: 0.997
[14,   280] loss: 1.062
[14,   290] loss: 0.950
[14,   300] loss: 0.935
[14,   310] loss: 0.935
[14,   320] loss: 0.983
[14,   330] loss: 0.945
[14,   340] loss: 0.969
[14,   350] loss: 0.966
[14,   360] loss: 0.930
[14,   370] loss: 0.994
[14,   380] loss: 0.950
[14,   390] loss: 1.003
[14,   400] loss: 0.965
VALIDATION loss: 0.9004983901977539
[15,    10] loss: 0.974
[15,    20] loss: 0.970
[15,    30] loss: 0.952
[15,    40] loss: 0.935
[15,    50] loss: 0.982
[15,    60] loss: 0.895
[15,    70] loss: 0.988
[15,    80] loss: 0.917
[15,    90] loss: 0.967
[15,   100] loss: 0.960
[15,   110] loss: 0.952
[15,   120] loss: 0.871
[15,   130] loss: 0.993
[15,   140] loss: 0.991
[15,   150] loss: 0.980
[15,   160] loss: 0.975
[15,   170] loss: 0.944
[15,   180] loss: 0.928
[15,   190] loss: 0.893
[15,   200] loss: 0.893
[15,   210] loss: 0.953
[15,   220] loss: 0.979
[15,   230] loss: 0.928
[15,   240] loss: 0.906
[15,   250] loss: 0.910
[15,   260] loss: 0.894
[15,   270] loss: 0.973
[15,   280] loss: 0.951
[15,   290] loss: 0.950
[15,   300] loss: 0.958
[15,   310] loss: 0.916
[15,   320] loss: 0.929
[15,   330] loss: 0.979
[15,   340] loss: 0.902
[15,   350] loss: 0.954
[15,   360] loss: 0.948
[15,   370] loss: 0.932
[15,   380] loss: 0.969
[15,   390] loss: 0.969
[15,   400] loss: 0.932
VALIDATION loss: 0.9539923667907715
[16,    10] loss: 0.913
[16,    20] loss: 0.941
[16,    30] loss: 0.947
[16,    40] loss: 0.890
[16,    50] loss: 0.883
[16,    60] loss: 0.980
[16,    70] loss: 0.888
[16,    80] loss: 0.942
[16,    90] loss: 0.905
[16,   100] loss: 0.903
[16,   110] loss: 0.928
[16,   120] loss: 0.925
[16,   130] loss: 0.909
[16,   140] loss: 1.013
[16,   150] loss: 0.901
[16,   160] loss: 0.911
[16,   170] loss: 0.932
[16,   180] loss: 0.968
[16,   190] loss: 0.944
[16,   200] loss: 0.899
[16,   210] loss: 0.953
[16,   220] loss: 0.975
[16,   230] loss: 0.933
[16,   240] loss: 0.843
[16,   250] loss: 0.934
[16,   260] loss: 0.861
[16,   270] loss: 0.911
[16,   280] loss: 0.909
[16,   290] loss: 0.869
[16,   300] loss: 0.853
[16,   310] loss: 0.916
[16,   320] loss: 0.931
[16,   330] loss: 0.895
[16,   340] loss: 0.930
[16,   350] loss: 0.924
[16,   360] loss: 0.876
[16,   370] loss: 0.858
[16,   380] loss: 0.897
[16,   390] loss: 0.906
[16,   400] loss: 0.900
VALIDATION loss: 0.8407232761383057
[17,    10] loss: 0.937
[17,    20] loss: 0.890
[17,    30] loss: 0.862
[17,    40] loss: 0.910
[17,    50] loss: 0.825
[17,    60] loss: 0.934
[17,    70] loss: 0.905
[17,    80] loss: 0.904
[17,    90] loss: 0.930
[17,   100] loss: 0.927
[17,   110] loss: 0.861
[17,   120] loss: 0.904
[17,   130] loss: 0.885
[17,   140] loss: 0.925
[17,   150] loss: 0.920
[17,   160] loss: 0.878
[17,   170] loss: 0.889
[17,   180] loss: 0.898
[17,   190] loss: 0.896
[17,   200] loss: 0.915
[17,   210] loss: 0.825
[17,   220] loss: 0.986
[17,   230] loss: 0.893
[17,   240] loss: 0.808
[17,   250] loss: 0.896
[17,   260] loss: 0.875
[17,   270] loss: 0.894
[17,   280] loss: 0.884
[17,   290] loss: 0.897
[17,   300] loss: 0.919
[17,   310] loss: 0.854
[17,   320] loss: 0.994
[17,   330] loss: 0.866
[17,   340] loss: 0.884
[17,   350] loss: 0.824
[17,   360] loss: 0.813
[17,   370] loss: 0.847
[17,   380] loss: 0.881
[17,   390] loss: 0.886
[17,   400] loss: 0.843
VALIDATION loss: 0.8459456562995911
[18,    10] loss: 0.850
[18,    20] loss: 0.820
[18,    30] loss: 0.846
[18,    40] loss: 0.822
[18,    50] loss: 0.863
[18,    60] loss: 0.851
[18,    70] loss: 0.880
[18,    80] loss: 0.931
[18,    90] loss: 0.878
[18,   100] loss: 0.859
[18,   110] loss: 0.879
[18,   120] loss: 0.876
[18,   130] loss: 0.909
[18,   140] loss: 0.856
[18,   150] loss: 0.849
[18,   160] loss: 0.855
[18,   170] loss: 0.878
[18,   180] loss: 0.876
[18,   190] loss: 0.946
[18,   200] loss: 0.855
[18,   210] loss: 0.883
[18,   220] loss: 0.894
[18,   230] loss: 0.830
[18,   240] loss: 0.873
[18,   250] loss: 0.882
[18,   260] loss: 0.827
[18,   270] loss: 0.861
[18,   280] loss: 0.866
[18,   290] loss: 0.844
[18,   300] loss: 0.821
[18,   310] loss: 0.860
[18,   320] loss: 0.856
[18,   330] loss: 0.873
[18,   340] loss: 0.821
[18,   350] loss: 0.804
[18,   360] loss: 0.846
[18,   370] loss: 0.852
[18,   380] loss: 0.832
[18,   390] loss: 0.924
[18,   400] loss: 0.836
VALIDATION loss: 0.8390190601348877
[19,    10] loss: 0.824
[19,    20] loss: 0.811
[19,    30] loss: 0.848
[19,    40] loss: 0.870
[19,    50] loss: 0.886
[19,    60] loss: 0.874
[19,    70] loss: 0.842
[19,    80] loss: 0.894
[19,    90] loss: 0.852
[19,   100] loss: 0.895
[19,   110] loss: 0.877
[19,   120] loss: 0.894
[19,   130] loss: 0.853
[19,   140] loss: 0.853
[19,   150] loss: 0.870
[19,   160] loss: 0.789
[19,   170] loss: 0.828
[19,   180] loss: 0.836
[19,   190] loss: 0.837
[19,   200] loss: 0.905
[19,   210] loss: 0.809
[19,   220] loss: 0.788
[19,   230] loss: 0.888
[19,   240] loss: 0.873
[19,   250] loss: 0.762
[19,   260] loss: 0.873
[19,   270] loss: 0.819
[19,   280] loss: 0.854
[19,   290] loss: 0.804
[19,   300] loss: 0.851
[19,   310] loss: 0.879
[19,   320] loss: 0.830
[19,   330] loss: 0.776
[19,   340] loss: 0.828
[19,   350] loss: 0.804
[19,   360] loss: 0.834
[19,   370] loss: 0.730
[19,   380] loss: 0.825
[19,   390] loss: 0.806
[19,   400] loss: 0.845
VALIDATION loss: 0.7901352047920227
[20,    10] loss: 0.825
[20,    20] loss: 0.864
[20,    30] loss: 0.851
[20,    40] loss: 0.835
[20,    50] loss: 0.797
[20,    60] loss: 0.791
[20,    70] loss: 0.860
[20,    80] loss: 0.778
[20,    90] loss: 0.785
[20,   100] loss: 0.756
[20,   110] loss: 0.814
[20,   120] loss: 0.841
[20,   130] loss: 0.796
[20,   140] loss: 0.824
[20,   150] loss: 0.795
[20,   160] loss: 0.846
[20,   170] loss: 0.833
[20,   180] loss: 0.768
[20,   190] loss: 0.819
[20,   200] loss: 0.780
[20,   210] loss: 0.850
[20,   220] loss: 0.793
[20,   230] loss: 0.823
[20,   240] loss: 0.922
[20,   250] loss: 0.803
[20,   260] loss: 0.848
[20,   270] loss: 0.822
[20,   280] loss: 0.826
[20,   290] loss: 0.807
[20,   300] loss: 0.822
[20,   310] loss: 0.778
[20,   320] loss: 0.812
[20,   330] loss: 0.841
[20,   340] loss: 0.844
[20,   350] loss: 0.823
[20,   360] loss: 0.830
[20,   370] loss: 0.820
[20,   380] loss: 0.789
[20,   390] loss: 0.775
[20,   400] loss: 0.861
VALIDATION loss: 0.762635350227356
[21,    10] loss: 0.819
[21,    20] loss: 0.827
[21,    30] loss: 0.822
[21,    40] loss: 0.794
[21,    50] loss: 0.799
[21,    60] loss: 0.826
[21,    70] loss: 0.903
[21,    80] loss: 0.878
[21,    90] loss: 0.820
[21,   100] loss: 0.821
[21,   110] loss: 0.770
[21,   120] loss: 0.790
[21,   130] loss: 0.797
[21,   140] loss: 0.733
[21,   150] loss: 0.838
[21,   160] loss: 0.796
[21,   170] loss: 0.788
[21,   180] loss: 0.803
[21,   190] loss: 0.740
[21,   200] loss: 0.777
[21,   210] loss: 0.840
[21,   220] loss: 0.796
[21,   230] loss: 0.793
[21,   240] loss: 0.747
[21,   250] loss: 0.719
[21,   260] loss: 0.731
[21,   270] loss: 0.810
[21,   280] loss: 0.794
[21,   290] loss: 0.803
[21,   300] loss: 0.822
[21,   310] loss: 0.797
[21,   320] loss: 0.809
[21,   330] loss: 0.827
[21,   340] loss: 0.765
[21,   350] loss: 0.781
[21,   360] loss: 0.814
[21,   370] loss: 0.773
[21,   380] loss: 0.849
[21,   390] loss: 0.764
[21,   400] loss: 0.809
VALIDATION loss: 0.767751157283783
[22,    10] loss: 0.799
[22,    20] loss: 0.738
[22,    30] loss: 0.804
[22,    40] loss: 0.767
[22,    50] loss: 0.767
[22,    60] loss: 0.781
[22,    70] loss: 0.777
[22,    80] loss: 0.814
[22,    90] loss: 0.736
[22,   100] loss: 0.765
[22,   110] loss: 0.821
[22,   120] loss: 0.802
[22,   130] loss: 0.815
[22,   140] loss: 0.701
[22,   150] loss: 0.836
[22,   160] loss: 0.798
[22,   170] loss: 0.784
[22,   180] loss: 0.770
[22,   190] loss: 0.802
[22,   200] loss: 0.808
[22,   210] loss: 0.780
[22,   220] loss: 0.752
[22,   230] loss: 0.782
[22,   240] loss: 0.837
[22,   250] loss: 0.866
[22,   260] loss: 0.719
[22,   270] loss: 0.780
[22,   280] loss: 0.774
[22,   290] loss: 0.782
[22,   300] loss: 0.702
[22,   310] loss: 0.744
[22,   320] loss: 0.784
[22,   330] loss: 0.777
[22,   340] loss: 0.797
[22,   350] loss: 0.742
[22,   360] loss: 0.790
[22,   370] loss: 0.776
[22,   380] loss: 0.729
[22,   390] loss: 0.749
[22,   400] loss: 0.764
VALIDATION loss: 0.7344393134117126
[23,    10] loss: 0.734
[23,    20] loss: 0.734
[23,    30] loss: 0.743
[23,    40] loss: 0.760
[23,    50] loss: 0.809
[23,    60] loss: 0.746
[23,    70] loss: 0.773
[23,    80] loss: 0.822
[23,    90] loss: 0.743
[23,   100] loss: 0.683
[23,   110] loss: 0.834
[23,   120] loss: 0.737
[23,   130] loss: 0.768
[23,   140] loss: 0.699
[23,   150] loss: 0.737
[23,   160] loss: 0.731
[23,   170] loss: 0.791
[23,   180] loss: 0.756
[23,   190] loss: 0.823
[23,   200] loss: 0.774
[23,   210] loss: 0.718
[23,   220] loss: 0.770
[23,   230] loss: 0.728
[23,   240] loss: 0.746
[23,   250] loss: 0.780
[23,   260] loss: 0.764
[23,   270] loss: 0.784
[23,   280] loss: 0.705
[23,   290] loss: 0.817
[23,   300] loss: 0.733
[23,   310] loss: 0.798
[23,   320] loss: 0.754
[23,   330] loss: 0.726
[23,   340] loss: 0.784
[23,   350] loss: 0.684
[23,   360] loss: 0.780
[23,   370] loss: 0.759
[23,   380] loss: 0.741
[23,   390] loss: 0.778
[23,   400] loss: 0.846
VALIDATION loss: 0.7078612446784973
[24,    10] loss: 0.764
[24,    20] loss: 0.735
[24,    30] loss: 0.757
[24,    40] loss: 0.758
[24,    50] loss: 0.793
[24,    60] loss: 0.793
[24,    70] loss: 0.743
[24,    80] loss: 0.837
[24,    90] loss: 0.738
[24,   100] loss: 0.731
[24,   110] loss: 0.773
[24,   120] loss: 0.700
[24,   130] loss: 0.723
[24,   140] loss: 0.750
[24,   150] loss: 0.771
[24,   160] loss: 0.716
[24,   170] loss: 0.747
[24,   180] loss: 0.716
[24,   190] loss: 0.734
[24,   200] loss: 0.697
[24,   210] loss: 0.802
[24,   220] loss: 0.694
[24,   230] loss: 0.722
[24,   240] loss: 0.714
[24,   250] loss: 0.785
[24,   260] loss: 0.758
[24,   270] loss: 0.702
[24,   280] loss: 0.766
[24,   290] loss: 0.728
[24,   300] loss: 0.697
[24,   310] loss: 0.701
[24,   320] loss: 0.726
[24,   330] loss: 0.749
[24,   340] loss: 0.778
[24,   350] loss: 0.689
[24,   360] loss: 0.741
[24,   370] loss: 0.739
[24,   380] loss: 0.724
[24,   390] loss: 0.767
[24,   400] loss: 0.693
VALIDATION loss: 0.6856839656829834
[25,    10] loss: 0.678
[25,    20] loss: 0.787
[25,    30] loss: 0.754
[25,    40] loss: 0.720
[25,    50] loss: 0.678
[25,    60] loss: 0.714
[25,    70] loss: 0.735
[25,    80] loss: 0.692
[25,    90] loss: 0.754
[25,   100] loss: 0.739
[25,   110] loss: 0.741
[25,   120] loss: 0.742
[25,   130] loss: 0.746
[25,   140] loss: 0.759
[25,   150] loss: 0.786
[25,   160] loss: 0.764
[25,   170] loss: 0.777
[25,   180] loss: 0.769
[25,   190] loss: 0.713
[25,   200] loss: 0.782
[25,   210] loss: 0.759
[25,   220] loss: 0.719
[25,   230] loss: 0.708
[25,   240] loss: 0.719
[25,   250] loss: 0.731
[25,   260] loss: 0.765
[25,   270] loss: 0.693
[25,   280] loss: 0.670
[25,   290] loss: 0.745
[25,   300] loss: 0.707
[25,   310] loss: 0.713
[25,   320] loss: 0.696
[25,   330] loss: 0.704
[25,   340] loss: 0.720
[25,   350] loss: 0.720
[25,   360] loss: 0.735
[25,   370] loss: 0.741
[25,   380] loss: 0.731
[25,   390] loss: 0.772
[25,   400] loss: 0.783
VALIDATION loss: 0.689054548740387
[26,    10] loss: 0.750
[26,    20] loss: 0.724
[26,    30] loss: 0.735
[26,    40] loss: 0.728
[26,    50] loss: 0.732
[26,    60] loss: 0.725
[26,    70] loss: 0.806
[26,    80] loss: 0.746
[26,    90] loss: 0.743
[26,   100] loss: 0.694
[26,   110] loss: 0.702
[26,   120] loss: 0.712
[26,   130] loss: 0.707
[26,   140] loss: 0.686
[26,   150] loss: 0.733
[26,   160] loss: 0.661
[26,   170] loss: 0.781
[26,   180] loss: 0.722
[26,   190] loss: 0.691
[26,   200] loss: 0.694
[26,   210] loss: 0.676
[26,   220] loss: 0.710
[26,   230] loss: 0.729
[26,   240] loss: 0.712
[26,   250] loss: 0.692
[26,   260] loss: 0.686
[26,   270] loss: 0.706
[26,   280] loss: 0.735
[26,   290] loss: 0.746
[26,   300] loss: 0.712
[26,   310] loss: 0.698
[26,   320] loss: 0.744
[26,   330] loss: 0.687
[26,   340] loss: 0.755
[26,   350] loss: 0.680
[26,   360] loss: 0.729
[26,   370] loss: 0.731
[26,   380] loss: 0.719
[26,   390] loss: 0.684
[26,   400] loss: 0.698
VALIDATION loss: 0.7358754873275757
[27,    10] loss: 0.705
[27,    20] loss: 0.704
[27,    30] loss: 0.674
[27,    40] loss: 0.622
[27,    50] loss: 0.683
[27,    60] loss: 0.734
[27,    70] loss: 0.655
[27,    80] loss: 0.700
[27,    90] loss: 0.732
[27,   100] loss: 0.758
[27,   110] loss: 0.741
[27,   120] loss: 0.713
[27,   130] loss: 0.706
[27,   140] loss: 0.755
[27,   150] loss: 0.728
[27,   160] loss: 0.704
[27,   170] loss: 0.699
[27,   180] loss: 0.724
[27,   190] loss: 0.775
[27,   200] loss: 0.682
[27,   210] loss: 0.718
[27,   220] loss: 0.668
[27,   230] loss: 0.648
[27,   240] loss: 0.668
[27,   250] loss: 0.697
[27,   260] loss: 0.715
[27,   270] loss: 0.654
[27,   280] loss: 0.726
[27,   290] loss: 0.717
[27,   300] loss: 0.796
[27,   310] loss: 0.711
[27,   320] loss: 0.690
[27,   330] loss: 0.700
[27,   340] loss: 0.651
[27,   350] loss: 0.660
[27,   360] loss: 0.711
[27,   370] loss: 0.726
[27,   380] loss: 0.707
[27,   390] loss: 0.677
[27,   400] loss: 0.634
VALIDATION loss: 0.7853665351867676
[28,    10] loss: 0.690
[28,    20] loss: 0.676
[28,    30] loss: 0.700
[28,    40] loss: 0.735
[28,    50] loss: 0.711
[28,    60] loss: 0.741
[28,    70] loss: 0.634
[28,    80] loss: 0.689
[28,    90] loss: 0.725
[28,   100] loss: 0.704
[28,   110] loss: 0.640
[28,   120] loss: 0.689
[28,   130] loss: 0.653
[28,   140] loss: 0.712
[28,   150] loss: 0.658
[28,   160] loss: 0.728
[28,   170] loss: 0.707
[28,   180] loss: 0.677
[28,   190] loss: 0.730
[28,   200] loss: 0.678
[28,   210] loss: 0.716
[28,   220] loss: 0.747
[28,   230] loss: 0.652
[28,   240] loss: 0.675
[28,   250] loss: 0.673
[28,   260] loss: 0.713
[28,   270] loss: 0.652
[28,   280] loss: 0.720
[28,   290] loss: 0.667
[28,   300] loss: 0.638
[28,   310] loss: 0.674
[28,   320] loss: 0.620
[28,   330] loss: 0.700
[28,   340] loss: 0.671
[28,   350] loss: 0.642
[28,   360] loss: 0.742
[28,   370] loss: 0.705
[28,   380] loss: 0.628
[28,   390] loss: 0.712
[28,   400] loss: 0.720
VALIDATION loss: 0.6452373266220093
[29,    10] loss: 0.667
[29,    20] loss: 0.704
[29,    30] loss: 0.704
[29,    40] loss: 0.639
[29,    50] loss: 0.727
[29,    60] loss: 0.669
[29,    70] loss: 0.653
[29,    80] loss: 0.684
[29,    90] loss: 0.723
[29,   100] loss: 0.637
[29,   110] loss: 0.689
[29,   120] loss: 0.700
[29,   130] loss: 0.714
[29,   140] loss: 0.690
[29,   150] loss: 0.684
[29,   160] loss: 0.625
[29,   170] loss: 0.701
[29,   180] loss: 0.651
[29,   190] loss: 0.768
[29,   200] loss: 0.731
[29,   210] loss: 0.698
[29,   220] loss: 0.671
[29,   230] loss: 0.673
[29,   240] loss: 0.745
[29,   250] loss: 0.724
[29,   260] loss: 0.626
[29,   270] loss: 0.627
[29,   280] loss: 0.703
[29,   290] loss: 0.764
[29,   300] loss: 0.677
[29,   310] loss: 0.636
[29,   320] loss: 0.626
[29,   330] loss: 0.673
[29,   340] loss: 0.770
[29,   350] loss: 0.706
[29,   360] loss: 0.651
[29,   370] loss: 0.607
[29,   380] loss: 0.581
[29,   390] loss: 0.617
[29,   400] loss: 0.666
VALIDATION loss: 0.5999205708503723
[30,    10] loss: 0.674
[30,    20] loss: 0.622
[30,    30] loss: 0.636
[30,    40] loss: 0.703
[30,    50] loss: 0.698
[30,    60] loss: 0.671
[30,    70] loss: 0.651
[30,    80] loss: 0.599
[30,    90] loss: 0.680
[30,   100] loss: 0.652
[30,   110] loss: 0.673
[30,   120] loss: 0.654
[30,   130] loss: 0.687
[30,   140] loss: 0.685
[30,   150] loss: 0.684
[30,   160] loss: 0.657
[30,   170] loss: 0.656
[30,   180] loss: 0.688
[30,   190] loss: 0.646
[30,   200] loss: 0.691
[30,   210] loss: 0.694
[30,   220] loss: 0.699
[30,   230] loss: 0.637
[30,   240] loss: 0.655
[30,   250] loss: 0.651
[30,   260] loss: 0.667
[30,   270] loss: 0.706
[30,   280] loss: 0.666
[30,   290] loss: 0.748
[30,   300] loss: 0.673
[30,   310] loss: 0.623
[30,   320] loss: 0.665
[30,   330] loss: 0.726
[30,   340] loss: 0.659
[30,   350] loss: 0.635
[30,   360] loss: 0.683
[30,   370] loss: 0.627
[30,   380] loss: 0.601
[30,   390] loss: 0.679
[30,   400] loss: 0.637
VALIDATION loss: 0.6318016052246094
[31,    10] loss: 0.612
[31,    20] loss: 0.657
[31,    30] loss: 0.650
[31,    40] loss: 0.655
[31,    50] loss: 0.687
[31,    60] loss: 0.643
[31,    70] loss: 0.640
[31,    80] loss: 0.659
[31,    90] loss: 0.606
[31,   100] loss: 0.672
[31,   110] loss: 0.685
[31,   120] loss: 0.655
[31,   130] loss: 0.607
[31,   140] loss: 0.719
[31,   150] loss: 0.668
[31,   160] loss: 0.678
[31,   170] loss: 0.604
[31,   180] loss: 0.695
[31,   190] loss: 0.671
[31,   200] loss: 0.621
[31,   210] loss: 0.670
[31,   220] loss: 0.614
[31,   230] loss: 0.665
[31,   240] loss: 0.639
[31,   250] loss: 0.737
[31,   260] loss: 0.643
[31,   270] loss: 0.673
[31,   280] loss: 0.683
[31,   290] loss: 0.634
[31,   300] loss: 0.659
[31,   310] loss: 0.642
[31,   320] loss: 0.644
[31,   330] loss: 0.633
[31,   340] loss: 0.698
[31,   350] loss: 0.614
[31,   360] loss: 0.659
[31,   370] loss: 0.597
[31,   380] loss: 0.682
[31,   390] loss: 0.630
[31,   400] loss: 0.670
VALIDATION loss: 0.581172525882721
[32,    10] loss: 0.619
[32,    20] loss: 0.675
[32,    30] loss: 0.666
[32,    40] loss: 0.690
[32,    50] loss: 0.644
[32,    60] loss: 0.682
[32,    70] loss: 0.670
[32,    80] loss: 0.661
[32,    90] loss: 0.600
[32,   100] loss: 0.625
[32,   110] loss: 0.636
[32,   120] loss: 0.587
[32,   130] loss: 0.594
[32,   140] loss: 0.597
[32,   150] loss: 0.649
[32,   160] loss: 0.646
[32,   170] loss: 0.655
[32,   180] loss: 0.655
[32,   190] loss: 0.645
[32,   200] loss: 0.549
[32,   210] loss: 0.664
[32,   220] loss: 0.666
[32,   230] loss: 0.614
[32,   240] loss: 0.636
[32,   250] loss: 0.594
[32,   260] loss: 0.631
[32,   270] loss: 0.630
[32,   280] loss: 0.691
[32,   290] loss: 0.676
[32,   300] loss: 0.645
[32,   310] loss: 0.643
[32,   320] loss: 0.672
[32,   330] loss: 0.663
[32,   340] loss: 0.694
[32,   350] loss: 0.717
[32,   360] loss: 0.636
[32,   370] loss: 0.619
[32,   380] loss: 0.676
[32,   390] loss: 0.676
[32,   400] loss: 0.627
VALIDATION loss: 0.6018204689025879
[33,    10] loss: 0.596
[33,    20] loss: 0.598
[33,    30] loss: 0.602
[33,    40] loss: 0.623
[33,    50] loss: 0.593
[33,    60] loss: 0.606
[33,    70] loss: 0.670
[33,    80] loss: 0.687
[33,    90] loss: 0.676
[33,   100] loss: 0.678
[33,   110] loss: 0.617
[33,   120] loss: 0.617
[33,   130] loss: 0.638
[33,   140] loss: 0.605
[33,   150] loss: 0.662
[33,   160] loss: 0.664
[33,   170] loss: 0.657
[33,   180] loss: 0.642
[33,   190] loss: 0.631
[33,   200] loss: 0.626
[33,   210] loss: 0.651
[33,   220] loss: 0.636
[33,   230] loss: 0.585
[33,   240] loss: 0.648
[33,   250] loss: 0.643
[33,   260] loss: 0.623
[33,   270] loss: 0.603
[33,   280] loss: 0.614
[33,   290] loss: 0.624
[33,   300] loss: 0.739
[33,   310] loss: 0.585
[33,   320] loss: 0.666
[33,   330] loss: 0.623
[33,   340] loss: 0.643
[33,   350] loss: 0.618
[33,   360] loss: 0.588
[33,   370] loss: 0.583
[33,   380] loss: 0.683
[33,   390] loss: 0.603
[33,   400] loss: 0.719
VALIDATION loss: 0.6516315340995789
[34,    10] loss: 0.616
[34,    20] loss: 0.588
[34,    30] loss: 0.679
[34,    40] loss: 0.602
[34,    50] loss: 0.650
[34,    60] loss: 0.612
[34,    70] loss: 0.623
[34,    80] loss: 0.666
[34,    90] loss: 0.661
[34,   100] loss: 0.601
[34,   110] loss: 0.636
[34,   120] loss: 0.619
[34,   130] loss: 0.607
[34,   140] loss: 0.615
[34,   150] loss: 0.614
[34,   160] loss: 0.595
[34,   170] loss: 0.571
[34,   180] loss: 0.640
[34,   190] loss: 0.636
[34,   200] loss: 0.591
[34,   210] loss: 0.621
[34,   220] loss: 0.648
[34,   230] loss: 0.716
[34,   240] loss: 0.655
[34,   250] loss: 0.623
[34,   260] loss: 0.607
[34,   270] loss: 0.612
[34,   280] loss: 0.630
[34,   290] loss: 0.592
[34,   300] loss: 0.551
[34,   310] loss: 0.618
[34,   320] loss: 0.621
[34,   330] loss: 0.618
[34,   340] loss: 0.663
[34,   350] loss: 0.611
[34,   360] loss: 0.625
[34,   370] loss: 0.610
[34,   380] loss: 0.601
[34,   390] loss: 0.573
[34,   400] loss: 0.621
VALIDATION loss: 0.622951090335846
[35,    10] loss: 0.614
[35,    20] loss: 0.597
[35,    30] loss: 0.566
[35,    40] loss: 0.591
[35,    50] loss: 0.627
[35,    60] loss: 0.611
[35,    70] loss: 0.578
[35,    80] loss: 0.586
[35,    90] loss: 0.602
[35,   100] loss: 0.578
[35,   110] loss: 0.585
[35,   120] loss: 0.617
[35,   130] loss: 0.546
[35,   140] loss: 0.623
[35,   150] loss: 0.619
[35,   160] loss: 0.587
[35,   170] loss: 0.656
[35,   180] loss: 0.643
[35,   190] loss: 0.612
[35,   200] loss: 0.607
[35,   210] loss: 0.582
[35,   220] loss: 0.630
[35,   230] loss: 0.630
[35,   240] loss: 0.624
[35,   250] loss: 0.600
[35,   260] loss: 0.655
[35,   270] loss: 0.577
[35,   280] loss: 0.620
[35,   290] loss: 0.620
[35,   300] loss: 0.626
[35,   310] loss: 0.623
[35,   320] loss: 0.566
[35,   330] loss: 0.600
[35,   340] loss: 0.601
[35,   350] loss: 0.653
[35,   360] loss: 0.653
[35,   370] loss: 0.647
[35,   380] loss: 0.615
[35,   390] loss: 0.629
[35,   400] loss: 0.583
VALIDATION loss: 0.575573205947876
[36,    10] loss: 0.610
[36,    20] loss: 0.614
[36,    30] loss: 0.567
[36,    40] loss: 0.591
[36,    50] loss: 0.571
[36,    60] loss: 0.657
[36,    70] loss: 0.602
[36,    80] loss: 0.545
[36,    90] loss: 0.663
[36,   100] loss: 0.607
[36,   110] loss: 0.538
[36,   120] loss: 0.624
[36,   130] loss: 0.598
[36,   140] loss: 0.625
[36,   150] loss: 0.657
[36,   160] loss: 0.611
[36,   170] loss: 0.605
[36,   180] loss: 0.605
[36,   190] loss: 0.651
[36,   200] loss: 0.597
[36,   210] loss: 0.605
[36,   220] loss: 0.662
[36,   230] loss: 0.589
[36,   240] loss: 0.590
[36,   250] loss: 0.605
[36,   260] loss: 0.597
[36,   270] loss: 0.583
[36,   280] loss: 0.692
[36,   290] loss: 0.569
[36,   300] loss: 0.582
[36,   310] loss: 0.647
[36,   320] loss: 0.568
[36,   330] loss: 0.589
[36,   340] loss: 0.569
[36,   350] loss: 0.610
[36,   360] loss: 0.619
[36,   370] loss: 0.626
[36,   380] loss: 0.628
[36,   390] loss: 0.619
[36,   400] loss: 0.623
VALIDATION loss: 0.6578834056854248
[37,    10] loss: 0.623
[37,    20] loss: 0.600
[37,    30] loss: 0.612
[37,    40] loss: 0.526
[37,    50] loss: 0.587
[37,    60] loss: 0.554
[37,    70] loss: 0.608
[37,    80] loss: 0.605
[37,    90] loss: 0.650
[37,   100] loss: 0.539
[37,   110] loss: 0.598
[37,   120] loss: 0.545
[37,   130] loss: 0.616
[37,   140] loss: 0.595
[37,   150] loss: 0.561
[37,   160] loss: 0.598
[37,   170] loss: 0.594
[37,   180] loss: 0.619
[37,   190] loss: 0.605
[37,   200] loss: 0.562
[37,   210] loss: 0.621
[37,   220] loss: 0.638
[37,   230] loss: 0.638
[37,   240] loss: 0.649
[37,   250] loss: 0.594
[37,   260] loss: 0.523
[37,   270] loss: 0.574
[37,   280] loss: 0.531
[37,   290] loss: 0.553
[37,   300] loss: 0.520
[37,   310] loss: 0.537
[37,   320] loss: 0.628
[37,   330] loss: 0.635
[37,   340] loss: 0.606
[37,   350] loss: 0.559
[37,   360] loss: 0.665
[37,   370] loss: 0.564
[37,   380] loss: 0.593
[37,   390] loss: 0.605
[37,   400] loss: 0.581
VALIDATION loss: 0.6258283257484436
[38,    10] loss: 0.578
[38,    20] loss: 0.566
[38,    30] loss: 0.638
[38,    40] loss: 0.575
[38,    50] loss: 0.606
[38,    60] loss: 0.527
[38,    70] loss: 0.639
[38,    80] loss: 0.569
[38,    90] loss: 0.584
[38,   100] loss: 0.511
[38,   110] loss: 0.614
[38,   120] loss: 0.571
[38,   130] loss: 0.612
[38,   140] loss: 0.584
[38,   150] loss: 0.609
[38,   160] loss: 0.523
[38,   170] loss: 0.584
[38,   180] loss: 0.586
[38,   190] loss: 0.616
[38,   200] loss: 0.617
[38,   210] loss: 0.583
[38,   220] loss: 0.609
[38,   230] loss: 0.561
[38,   240] loss: 0.561
[38,   250] loss: 0.585
[38,   260] loss: 0.615
[38,   270] loss: 0.566
[38,   280] loss: 0.621
[38,   290] loss: 0.590
[38,   300] loss: 0.569
[38,   310] loss: 0.543
[38,   320] loss: 0.555
[38,   330] loss: 0.560
[38,   340] loss: 0.607
[38,   350] loss: 0.591
[38,   360] loss: 0.586
[38,   370] loss: 0.565
[38,   380] loss: 0.575
[38,   390] loss: 0.583
[38,   400] loss: 0.569
VALIDATION loss: 0.5714269876480103
[39,    10] loss: 0.599
[39,    20] loss: 0.576
[39,    30] loss: 0.592
[39,    40] loss: 0.594
[39,    50] loss: 0.562
[39,    60] loss: 0.538
[39,    70] loss: 0.643
[39,    80] loss: 0.564
[39,    90] loss: 0.541
[39,   100] loss: 0.490
[39,   110] loss: 0.573
[39,   120] loss: 0.559
[39,   130] loss: 0.560
[39,   140] loss: 0.552
[39,   150] loss: 0.543
[39,   160] loss: 0.562
[39,   170] loss: 0.591
[39,   180] loss: 0.558
[39,   190] loss: 0.600
[39,   200] loss: 0.578
[39,   210] loss: 0.575
[39,   220] loss: 0.599
[39,   230] loss: 0.664
[39,   240] loss: 0.523
[39,   250] loss: 0.572
[39,   260] loss: 0.631
[39,   270] loss: 0.533
[39,   280] loss: 0.613
[39,   290] loss: 0.510
[39,   300] loss: 0.641
[39,   310] loss: 0.592
[39,   320] loss: 0.568
[39,   330] loss: 0.553
[39,   340] loss: 0.543
[39,   350] loss: 0.555
[39,   360] loss: 0.595
[39,   370] loss: 0.555
[39,   380] loss: 0.526
[39,   390] loss: 0.621
[39,   400] loss: 0.549
VALIDATION loss: 0.6507734060287476
[40,    10] loss: 0.545
[40,    20] loss: 0.562
[40,    30] loss: 0.572
[40,    40] loss: 0.596
[40,    50] loss: 0.572
[40,    60] loss: 0.613
[40,    70] loss: 0.535
[40,    80] loss: 0.598
[40,    90] loss: 0.564
[40,   100] loss: 0.548
[40,   110] loss: 0.566
[40,   120] loss: 0.561
[40,   130] loss: 0.578
[40,   140] loss: 0.551
[40,   150] loss: 0.536
[40,   160] loss: 0.616
[40,   170] loss: 0.584
[40,   180] loss: 0.526
[40,   190] loss: 0.538
[40,   200] loss: 0.530
[40,   210] loss: 0.546
[40,   220] loss: 0.587
[40,   230] loss: 0.548
[40,   240] loss: 0.573
[40,   250] loss: 0.512
[40,   260] loss: 0.616
[40,   270] loss: 0.514
[40,   280] loss: 0.498
[40,   290] loss: 0.562
[40,   300] loss: 0.507
[40,   310] loss: 0.519
[40,   320] loss: 0.591
[40,   330] loss: 0.657
[40,   340] loss: 0.561
[40,   350] loss: 0.618
[40,   360] loss: 0.617
[40,   370] loss: 0.569
[40,   380] loss: 0.577
[40,   390] loss: 0.537
[40,   400] loss: 0.624
VALIDATION loss: 0.6367272138595581
[41,    10] loss: 0.583
[41,    20] loss: 0.565
[41,    30] loss: 0.619
[41,    40] loss: 0.614
[41,    50] loss: 0.533
[41,    60] loss: 0.555
[41,    70] loss: 0.611
[41,    80] loss: 0.571
[41,    90] loss: 0.623
[41,   100] loss: 0.582
[41,   110] loss: 0.550
[41,   120] loss: 0.528
[41,   130] loss: 0.536
[41,   140] loss: 0.555
[41,   150] loss: 0.562
[41,   160] loss: 0.581
[41,   170] loss: 0.567
[41,   180] loss: 0.534
[41,   190] loss: 0.582
[41,   200] loss: 0.555
[41,   210] loss: 0.555
[41,   220] loss: 0.559
[41,   230] loss: 0.529
[41,   240] loss: 0.545
[41,   250] loss: 0.516
[41,   260] loss: 0.532
[41,   270] loss: 0.589
[41,   280] loss: 0.530
[41,   290] loss: 0.588
[41,   300] loss: 0.529
[41,   310] loss: 0.564
[41,   320] loss: 0.548
[41,   330] loss: 0.548
[41,   340] loss: 0.551
[41,   350] loss: 0.498
[41,   360] loss: 0.503
[41,   370] loss: 0.554
[41,   380] loss: 0.579
[41,   390] loss: 0.532
[41,   400] loss: 0.528
VALIDATION loss: 0.4906672239303589
[42,    10] loss: 0.545
[42,    20] loss: 0.476
[42,    30] loss: 0.547
[42,    40] loss: 0.528
[42,    50] loss: 0.515
[42,    60] loss: 0.585
[42,    70] loss: 0.566
[42,    80] loss: 0.563
[42,    90] loss: 0.468
[42,   100] loss: 0.649
[42,   110] loss: 0.543
[42,   120] loss: 0.538
[42,   130] loss: 0.548
[42,   140] loss: 0.596
[42,   150] loss: 0.528
[42,   160] loss: 0.537
[42,   170] loss: 0.542
[42,   180] loss: 0.582
[42,   190] loss: 0.596
[42,   200] loss: 0.646
[42,   210] loss: 0.502
[42,   220] loss: 0.596
[42,   230] loss: 0.523
[42,   240] loss: 0.585
[42,   250] loss: 0.569
[42,   260] loss: 0.563
[42,   270] loss: 0.572
[42,   280] loss: 0.509
[42,   290] loss: 0.540
[42,   300] loss: 0.547
[42,   310] loss: 0.516
[42,   320] loss: 0.544
[42,   330] loss: 0.573
[42,   340] loss: 0.481
[42,   350] loss: 0.567
[42,   360] loss: 0.522
[42,   370] loss: 0.526
[42,   380] loss: 0.583
[42,   390] loss: 0.537
[42,   400] loss: 0.543
VALIDATION loss: 0.5362944602966309
[43,    10] loss: 0.526
[43,    20] loss: 0.490
[43,    30] loss: 0.499
[43,    40] loss: 0.576
[43,    50] loss: 0.520
[43,    60] loss: 0.552
[43,    70] loss: 0.537
[43,    80] loss: 0.556
[43,    90] loss: 0.531
[43,   100] loss: 0.539
[43,   110] loss: 0.515
[43,   120] loss: 0.531
[43,   130] loss: 0.558
[43,   140] loss: 0.490
[43,   150] loss: 0.568
[43,   160] loss: 0.598
[43,   170] loss: 0.550
[43,   180] loss: 0.600
[43,   190] loss: 0.538
[43,   200] loss: 0.573
[43,   210] loss: 0.492
[43,   220] loss: 0.545
[43,   230] loss: 0.522
[43,   240] loss: 0.579
[43,   250] loss: 0.564
[43,   260] loss: 0.495
[43,   270] loss: 0.535
[43,   280] loss: 0.487
[43,   290] loss: 0.511
[43,   300] loss: 0.549
[43,   310] loss: 0.546
[43,   320] loss: 0.512
[43,   330] loss: 0.524
[43,   340] loss: 0.527
[43,   350] loss: 0.540
[43,   360] loss: 0.585
[43,   370] loss: 0.547
[43,   380] loss: 0.550
[43,   390] loss: 0.521
[43,   400] loss: 0.460
VALIDATION loss: 0.5261862874031067
[44,    10] loss: 0.526
[44,    20] loss: 0.525
[44,    30] loss: 0.515
[44,    40] loss: 0.561
[44,    50] loss: 0.548
[44,    60] loss: 0.580
[44,    70] loss: 0.569
[44,    80] loss: 0.518
[44,    90] loss: 0.586
[44,   100] loss: 0.528
[44,   110] loss: 0.484
[44,   120] loss: 0.512
[44,   130] loss: 0.542
[44,   140] loss: 0.491
[44,   150] loss: 0.489
[44,   160] loss: 0.560
[44,   170] loss: 0.480
[44,   180] loss: 0.535
[44,   190] loss: 0.454
[44,   200] loss: 0.547
[44,   210] loss: 0.572
[44,   220] loss: 0.557
[44,   230] loss: 0.506
[44,   240] loss: 0.438
[44,   250] loss: 0.471
[44,   260] loss: 0.520
[44,   270] loss: 0.522
[44,   280] loss: 0.507
[44,   290] loss: 0.576
[44,   300] loss: 0.523
[44,   310] loss: 0.540
[44,   320] loss: 0.549
[44,   330] loss: 0.578
[44,   340] loss: 0.487
[44,   350] loss: 0.488
[44,   360] loss: 0.587
[44,   370] loss: 0.491
[44,   380] loss: 0.565
[44,   390] loss: 0.592
[44,   400] loss: 0.530
VALIDATION loss: 0.5303518772125244
[45,    10] loss: 0.479
[45,    20] loss: 0.481
[45,    30] loss: 0.494
[45,    40] loss: 0.530
[45,    50] loss: 0.526
[45,    60] loss: 0.517
[45,    70] loss: 0.491
[45,    80] loss: 0.520
[45,    90] loss: 0.483
[45,   100] loss: 0.527
[45,   110] loss: 0.526
[45,   120] loss: 0.530
[45,   130] loss: 0.603
[45,   140] loss: 0.496
[45,   150] loss: 0.490
[45,   160] loss: 0.516
[45,   170] loss: 0.568
[45,   180] loss: 0.539
[45,   190] loss: 0.472
[45,   200] loss: 0.564
[45,   210] loss: 0.506
[45,   220] loss: 0.542
[45,   230] loss: 0.526
[45,   240] loss: 0.487
[45,   250] loss: 0.505
[45,   260] loss: 0.509
[45,   270] loss: 0.522
[45,   280] loss: 0.479
[45,   290] loss: 0.492
[45,   300] loss: 0.486
[45,   310] loss: 0.509
[45,   320] loss: 0.593
[45,   330] loss: 0.524
[45,   340] loss: 0.529
[45,   350] loss: 0.521
[45,   360] loss: 0.510
[45,   370] loss: 0.510
[45,   380] loss: 0.528
[45,   390] loss: 0.562
[45,   400] loss: 0.522
VALIDATION loss: 0.5015662908554077
[46,    10] loss: 0.531
[46,    20] loss: 0.521
[46,    30] loss: 0.470
[46,    40] loss: 0.484
[46,    50] loss: 0.458
[46,    60] loss: 0.530
[46,    70] loss: 0.528
[46,    80] loss: 0.519
[46,    90] loss: 0.522
[46,   100] loss: 0.582
[46,   110] loss: 0.528
[46,   120] loss: 0.475
[46,   130] loss: 0.524
[46,   140] loss: 0.521
[46,   150] loss: 0.515
[46,   160] loss: 0.463
[46,   170] loss: 0.548
[46,   180] loss: 0.507
[46,   190] loss: 0.501
[46,   200] loss: 0.560
[46,   210] loss: 0.569
[46,   220] loss: 0.538
[46,   230] loss: 0.538
[46,   240] loss: 0.485
[46,   250] loss: 0.453
[46,   260] loss: 0.472
[46,   270] loss: 0.533
[46,   280] loss: 0.531
[46,   290] loss: 0.514
[46,   300] loss: 0.544
[46,   310] loss: 0.507
[46,   320] loss: 0.511
[46,   330] loss: 0.513
[46,   340] loss: 0.532
[46,   350] loss: 0.508
[46,   360] loss: 0.459
[46,   370] loss: 0.509
[46,   380] loss: 0.458
[46,   390] loss: 0.559
[46,   400] loss: 0.508
VALIDATION loss: 0.5037303566932678
[47,    10] loss: 0.494
[47,    20] loss: 0.534
[47,    30] loss: 0.516
[47,    40] loss: 0.554
[47,    50] loss: 0.564
[47,    60] loss: 0.535
[47,    70] loss: 0.463
[47,    80] loss: 0.448
[47,    90] loss: 0.521
[47,   100] loss: 0.485
[47,   110] loss: 0.529
[47,   120] loss: 0.491
[47,   130] loss: 0.506
[47,   140] loss: 0.451
[47,   150] loss: 0.515
[47,   160] loss: 0.522
[47,   170] loss: 0.445
[47,   180] loss: 0.566
[47,   190] loss: 0.539
[47,   200] loss: 0.485
[47,   210] loss: 0.503
[47,   220] loss: 0.532
[47,   230] loss: 0.479
[47,   240] loss: 0.525
[47,   250] loss: 0.531
[47,   260] loss: 0.506
[47,   270] loss: 0.517
[47,   280] loss: 0.550
[47,   290] loss: 0.477
[47,   300] loss: 0.540
[47,   310] loss: 0.507
[47,   320] loss: 0.505
[47,   330] loss: 0.500
[47,   340] loss: 0.538
[47,   350] loss: 0.443
[47,   360] loss: 0.503
[47,   370] loss: 0.480
[47,   380] loss: 0.444
[47,   390] loss: 0.503
[47,   400] loss: 0.468
VALIDATION loss: 0.4900590777397156
[48,    10] loss: 0.560
[48,    20] loss: 0.475
[48,    30] loss: 0.468
[48,    40] loss: 0.498
[48,    50] loss: 0.524
[48,    60] loss: 0.502
[48,    70] loss: 0.480
[48,    80] loss: 0.448
[48,    90] loss: 0.518
[48,   100] loss: 0.487
[48,   110] loss: 0.522
[48,   120] loss: 0.509
[48,   130] loss: 0.514
[48,   140] loss: 0.472
[48,   150] loss: 0.509
[48,   160] loss: 0.468
[48,   170] loss: 0.491
[48,   180] loss: 0.533
[48,   190] loss: 0.485
[48,   200] loss: 0.527
[48,   210] loss: 0.476
[48,   220] loss: 0.523
[48,   230] loss: 0.532
[48,   240] loss: 0.494
[48,   250] loss: 0.538
[48,   260] loss: 0.490
[48,   270] loss: 0.494
[48,   280] loss: 0.472
[48,   290] loss: 0.516
[48,   300] loss: 0.491
[48,   310] loss: 0.435
[48,   320] loss: 0.518
[48,   330] loss: 0.449
[48,   340] loss: 0.467
[48,   350] loss: 0.488
[48,   360] loss: 0.505
[48,   370] loss: 0.471
[48,   380] loss: 0.459
[48,   390] loss: 0.565
[48,   400] loss: 0.494
VALIDATION loss: 0.5020461678504944
[49,    10] loss: 0.513
[49,    20] loss: 0.489
[49,    30] loss: 0.449
[49,    40] loss: 0.507
[49,    50] loss: 0.537
[49,    60] loss: 0.503
[49,    70] loss: 0.482
[49,    80] loss: 0.471
[49,    90] loss: 0.474
[49,   100] loss: 0.506
[49,   110] loss: 0.457
[49,   120] loss: 0.466
[49,   130] loss: 0.468
[49,   140] loss: 0.436
[49,   150] loss: 0.438
[49,   160] loss: 0.510
[49,   170] loss: 0.515
[49,   180] loss: 0.436
[49,   190] loss: 0.527
[49,   200] loss: 0.504
[49,   210] loss: 0.507
[49,   220] loss: 0.536
[49,   230] loss: 0.444
[49,   240] loss: 0.491
[49,   250] loss: 0.490
[49,   260] loss: 0.505
[49,   270] loss: 0.495
[49,   280] loss: 0.522
[49,   290] loss: 0.461
[49,   300] loss: 0.473
[49,   310] loss: 0.472
[49,   320] loss: 0.546
[49,   330] loss: 0.471
[49,   340] loss: 0.504
[49,   350] loss: 0.498
[49,   360] loss: 0.516
[49,   370] loss: 0.488
[49,   380] loss: 0.526
[49,   390] loss: 0.476
[49,   400] loss: 0.480
VALIDATION loss: 0.4604840576648712
[50,    10] loss: 0.511
[50,    20] loss: 0.530
[50,    30] loss: 0.473
[50,    40] loss: 0.469
[50,    50] loss: 0.423
[50,    60] loss: 0.547
[50,    70] loss: 0.465
[50,    80] loss: 0.492
[50,    90] loss: 0.543
[50,   100] loss: 0.448
[50,   110] loss: 0.535
[50,   120] loss: 0.518
[50,   130] loss: 0.540
[50,   140] loss: 0.523
[50,   150] loss: 0.542
[50,   160] loss: 0.463
[50,   170] loss: 0.448
[50,   180] loss: 0.471
[50,   190] loss: 0.457
[50,   200] loss: 0.547
[50,   210] loss: 0.540
[50,   220] loss: 0.450
[50,   230] loss: 0.460
[50,   240] loss: 0.482
[50,   250] loss: 0.508
[50,   260] loss: 0.485
[50,   270] loss: 0.487
[50,   280] loss: 0.472
[50,   290] loss: 0.470
[50,   300] loss: 0.472
[50,   310] loss: 0.474
[50,   320] loss: 0.544
[50,   330] loss: 0.483
[50,   340] loss: 0.436
[50,   350] loss: 0.459
[50,   360] loss: 0.473
[50,   370] loss: 0.493
[50,   380] loss: 0.441
[50,   390] loss: 0.423
[50,   400] loss: 0.471
VALIDATION loss: 0.5003936290740967
[51,    10] loss: 0.463
[51,    20] loss: 0.452
[51,    30] loss: 0.472
[51,    40] loss: 0.482
[51,    50] loss: 0.430
[51,    60] loss: 0.461
[51,    70] loss: 0.494
[51,    80] loss: 0.510
[51,    90] loss: 0.487
[51,   100] loss: 0.471
[51,   110] loss: 0.452
[51,   120] loss: 0.488
[51,   130] loss: 0.511
[51,   140] loss: 0.495
[51,   150] loss: 0.471
[51,   160] loss: 0.509
[51,   170] loss: 0.479
[51,   180] loss: 0.479
[51,   190] loss: 0.467
[51,   200] loss: 0.490
[51,   210] loss: 0.521
[51,   220] loss: 0.485
[51,   230] loss: 0.526
[51,   240] loss: 0.449
[51,   250] loss: 0.428
[51,   260] loss: 0.515
[51,   270] loss: 0.410
[51,   280] loss: 0.438
[51,   290] loss: 0.513
[51,   300] loss: 0.482
[51,   310] loss: 0.455
[51,   320] loss: 0.500
[51,   330] loss: 0.477
[51,   340] loss: 0.445
[51,   350] loss: 0.521
[51,   360] loss: 0.469
[51,   370] loss: 0.467
[51,   380] loss: 0.414
[51,   390] loss: 0.483
[51,   400] loss: 0.491
VALIDATION loss: 0.47510939836502075
[52,    10] loss: 0.477
[52,    20] loss: 0.493
[52,    30] loss: 0.453
[52,    40] loss: 0.435
[52,    50] loss: 0.475
[52,    60] loss: 0.485
[52,    70] loss: 0.414
[52,    80] loss: 0.466
[52,    90] loss: 0.469
[52,   100] loss: 0.442
[52,   110] loss: 0.460
[52,   120] loss: 0.489
[52,   130] loss: 0.453
[52,   140] loss: 0.481
[52,   150] loss: 0.412
[52,   160] loss: 0.424
[52,   170] loss: 0.465
[52,   180] loss: 0.493
[52,   190] loss: 0.477
[52,   200] loss: 0.517
[52,   210] loss: 0.512
[52,   220] loss: 0.492
[52,   230] loss: 0.452
[52,   240] loss: 0.457
[52,   250] loss: 0.509
[52,   260] loss: 0.447
[52,   270] loss: 0.480
[52,   280] loss: 0.451
[52,   290] loss: 0.464
[52,   300] loss: 0.475
[52,   310] loss: 0.479
[52,   320] loss: 0.446
[52,   330] loss: 0.454
[52,   340] loss: 0.477
[52,   350] loss: 0.474
[52,   360] loss: 0.507
[52,   370] loss: 0.484
[52,   380] loss: 0.466
[52,   390] loss: 0.477
[52,   400] loss: 0.482
VALIDATION loss: 0.5109362602233887
[53,    10] loss: 0.497
[53,    20] loss: 0.446
[53,    30] loss: 0.492
[53,    40] loss: 0.436
[53,    50] loss: 0.433
[53,    60] loss: 0.480
[53,    70] loss: 0.452
[53,    80] loss: 0.529
[53,    90] loss: 0.444
[53,   100] loss: 0.470
[53,   110] loss: 0.469
[53,   120] loss: 0.452
[53,   130] loss: 0.416
[53,   140] loss: 0.465
[53,   150] loss: 0.455
[53,   160] loss: 0.425
[53,   170] loss: 0.461
[53,   180] loss: 0.480
[53,   190] loss: 0.461
[53,   200] loss: 0.468
[53,   210] loss: 0.469
[53,   220] loss: 0.452
[53,   230] loss: 0.454
[53,   240] loss: 0.464
[53,   250] loss: 0.494
[53,   260] loss: 0.460
[53,   270] loss: 0.447
[53,   280] loss: 0.463
[53,   290] loss: 0.495
[53,   300] loss: 0.466
[53,   310] loss: 0.460
[53,   320] loss: 0.421
[53,   330] loss: 0.496
[53,   340] loss: 0.484
[53,   350] loss: 0.412
[53,   360] loss: 0.438
[53,   370] loss: 0.461
[53,   380] loss: 0.490
[53,   390] loss: 0.455
[53,   400] loss: 0.464
VALIDATION loss: 0.4505910575389862
[54,    10] loss: 0.481
[54,    20] loss: 0.451
[54,    30] loss: 0.443
[54,    40] loss: 0.478
[54,    50] loss: 0.479
[54,    60] loss: 0.482
[54,    70] loss: 0.502
[54,    80] loss: 0.406
[54,    90] loss: 0.474
[54,   100] loss: 0.467
[54,   110] loss: 0.444
[54,   120] loss: 0.476
[54,   130] loss: 0.499
[54,   140] loss: 0.440
[54,   150] loss: 0.455
[54,   160] loss: 0.470
[54,   170] loss: 0.440
[54,   180] loss: 0.418
[54,   190] loss: 0.433
[54,   200] loss: 0.457
[54,   210] loss: 0.397
[54,   220] loss: 0.485
[54,   230] loss: 0.425
[54,   240] loss: 0.430
[54,   250] loss: 0.453
[54,   260] loss: 0.470
[54,   270] loss: 0.456
[54,   280] loss: 0.442
[54,   290] loss: 0.436
[54,   300] loss: 0.458
[54,   310] loss: 0.473
[54,   320] loss: 0.464
[54,   330] loss: 0.411
[54,   340] loss: 0.435
[54,   350] loss: 0.478
[54,   360] loss: 0.467
[54,   370] loss: 0.493
[54,   380] loss: 0.473
[54,   390] loss: 0.410
[54,   400] loss: 0.461
VALIDATION loss: 0.4330463707447052
[55,    10] loss: 0.407
[55,    20] loss: 0.418
[55,    30] loss: 0.482
[55,    40] loss: 0.414
[55,    50] loss: 0.404
[55,    60] loss: 0.468
[55,    70] loss: 0.456
[55,    80] loss: 0.460
[55,    90] loss: 0.434
[55,   100] loss: 0.481
[55,   110] loss: 0.490
[55,   120] loss: 0.435
[55,   130] loss: 0.455
[55,   140] loss: 0.438
[55,   150] loss: 0.456
[55,   160] loss: 0.487
[55,   170] loss: 0.504
[55,   180] loss: 0.450
[55,   190] loss: 0.485
[55,   200] loss: 0.424
[55,   210] loss: 0.501
[55,   220] loss: 0.460
[55,   230] loss: 0.474
[55,   240] loss: 0.518
[55,   250] loss: 0.490
[55,   260] loss: 0.416
[55,   270] loss: 0.453
[55,   280] loss: 0.478
[55,   290] loss: 0.423
[55,   300] loss: 0.416
[55,   310] loss: 0.400
[55,   320] loss: 0.436
[55,   330] loss: 0.486
[55,   340] loss: 0.427
[55,   350] loss: 0.441
[55,   360] loss: 0.458
[55,   370] loss: 0.386
[55,   380] loss: 0.490
[55,   390] loss: 0.467
[55,   400] loss: 0.454
VALIDATION loss: 0.41902273893356323
[56,    10] loss: 0.438
[56,    20] loss: 0.454
[56,    30] loss: 0.414
[56,    40] loss: 0.469
[56,    50] loss: 0.462
[56,    60] loss: 0.447
[56,    70] loss: 0.437
[56,    80] loss: 0.462
[56,    90] loss: 0.399
[56,   100] loss: 0.440
[56,   110] loss: 0.482
[56,   120] loss: 0.462
[56,   130] loss: 0.402
[56,   140] loss: 0.450
[56,   150] loss: 0.431
[56,   160] loss: 0.452
[56,   170] loss: 0.472
[56,   180] loss: 0.445
[56,   190] loss: 0.462
[56,   200] loss: 0.432
[56,   210] loss: 0.421
[56,   220] loss: 0.450
[56,   230] loss: 0.456
[56,   240] loss: 0.490
[56,   250] loss: 0.419
[56,   260] loss: 0.477
[56,   270] loss: 0.478
[56,   280] loss: 0.356
[56,   290] loss: 0.514
[56,   300] loss: 0.483
[56,   310] loss: 0.489
[56,   320] loss: 0.438
[56,   330] loss: 0.463
[56,   340] loss: 0.402
[56,   350] loss: 0.420
[56,   360] loss: 0.469
[56,   370] loss: 0.480
[56,   380] loss: 0.422
[56,   390] loss: 0.440
[56,   400] loss: 0.451
VALIDATION loss: 0.41382381319999695
[57,    10] loss: 0.445
[57,    20] loss: 0.411
[57,    30] loss: 0.418
[57,    40] loss: 0.464
[57,    50] loss: 0.415
[57,    60] loss: 0.481
[57,    70] loss: 0.453
[57,    80] loss: 0.443
[57,    90] loss: 0.437
[57,   100] loss: 0.455
[57,   110] loss: 0.441
[57,   120] loss: 0.497
[57,   130] loss: 0.450
[57,   140] loss: 0.395
[57,   150] loss: 0.482
[57,   160] loss: 0.449
[57,   170] loss: 0.451
[57,   180] loss: 0.429
[57,   190] loss: 0.370
[57,   200] loss: 0.441
[57,   210] loss: 0.459
[57,   220] loss: 0.454
[57,   230] loss: 0.406
[57,   240] loss: 0.423
[57,   250] loss: 0.445
[57,   260] loss: 0.448
[57,   270] loss: 0.411
[57,   280] loss: 0.435
[57,   290] loss: 0.479
[57,   300] loss: 0.476
[57,   310] loss: 0.432
[57,   320] loss: 0.424
[57,   330] loss: 0.419
[57,   340] loss: 0.443
[57,   350] loss: 0.441
[57,   360] loss: 0.438
[57,   370] loss: 0.423
[57,   380] loss: 0.403
[57,   390] loss: 0.450
[57,   400] loss: 0.399
VALIDATION loss: 0.4159431755542755
[58,    10] loss: 0.396
[58,    20] loss: 0.452
[58,    30] loss: 0.421
[58,    40] loss: 0.445
[58,    50] loss: 0.412
[58,    60] loss: 0.456
[58,    70] loss: 0.483
[58,    80] loss: 0.424
[58,    90] loss: 0.412
[58,   100] loss: 0.387
[58,   110] loss: 0.440
[58,   120] loss: 0.454
[58,   130] loss: 0.431
[58,   140] loss: 0.434
[58,   150] loss: 0.463
[58,   160] loss: 0.403
[58,   170] loss: 0.417
[58,   180] loss: 0.409
[58,   190] loss: 0.451
[58,   200] loss: 0.473
[58,   210] loss: 0.439
[58,   220] loss: 0.441
[58,   230] loss: 0.411
[58,   240] loss: 0.451
[58,   250] loss: 0.461
[58,   260] loss: 0.440
[58,   270] loss: 0.414
[58,   280] loss: 0.427
[58,   290] loss: 0.430
[58,   300] loss: 0.416
[58,   310] loss: 0.427
[58,   320] loss: 0.438
[58,   330] loss: 0.459
[58,   340] loss: 0.465
[58,   350] loss: 0.423
[58,   360] loss: 0.402
[58,   370] loss: 0.455
[58,   380] loss: 0.403
[58,   390] loss: 0.408
[58,   400] loss: 0.407
VALIDATION loss: 0.4426129162311554
[59,    10] loss: 0.422
[59,    20] loss: 0.530
[59,    30] loss: 0.453
[59,    40] loss: 0.412
[59,    50] loss: 0.429
[59,    60] loss: 0.477
[59,    70] loss: 0.420
[59,    80] loss: 0.480
[59,    90] loss: 0.450
[59,   100] loss: 0.386
[59,   110] loss: 0.438
[59,   120] loss: 0.422
[59,   130] loss: 0.427
[59,   140] loss: 0.406
[59,   150] loss: 0.447
[59,   160] loss: 0.377
[59,   170] loss: 0.424
[59,   180] loss: 0.400
[59,   190] loss: 0.439
[59,   200] loss: 0.399
[59,   210] loss: 0.443
[59,   220] loss: 0.429
[59,   230] loss: 0.469
[59,   240] loss: 0.391
[59,   250] loss: 0.410
[59,   260] loss: 0.422
[59,   270] loss: 0.443
[59,   280] loss: 0.439
[59,   290] loss: 0.423
[59,   300] loss: 0.431
[59,   310] loss: 0.466
[59,   320] loss: 0.401
[59,   330] loss: 0.336
[59,   340] loss: 0.454
[59,   350] loss: 0.384
[59,   360] loss: 0.391
[59,   370] loss: 0.429
[59,   380] loss: 0.382
[59,   390] loss: 0.462
[59,   400] loss: 0.393
VALIDATION loss: 0.3875576853752136
[60,    10] loss: 0.406
[60,    20] loss: 0.389
[60,    30] loss: 0.375
[60,    40] loss: 0.442
[60,    50] loss: 0.425
[60,    60] loss: 0.450
[60,    70] loss: 0.416
[60,    80] loss: 0.425
[60,    90] loss: 0.429
[60,   100] loss: 0.400
[60,   110] loss: 0.427
[60,   120] loss: 0.434
[60,   130] loss: 0.438
[60,   140] loss: 0.477
[60,   150] loss: 0.417
[60,   160] loss: 0.368
[60,   170] loss: 0.392
[60,   180] loss: 0.423
[60,   190] loss: 0.458
[60,   200] loss: 0.435
[60,   210] loss: 0.445
[60,   220] loss: 0.424
[60,   230] loss: 0.401
[60,   240] loss: 0.426
[60,   250] loss: 0.386
[60,   260] loss: 0.439
[60,   270] loss: 0.417
[60,   280] loss: 0.401
[60,   290] loss: 0.393
[60,   300] loss: 0.461
[60,   310] loss: 0.469
[60,   320] loss: 0.356
[60,   330] loss: 0.382
[60,   340] loss: 0.429
[60,   350] loss: 0.471
[60,   360] loss: 0.434
[60,   370] loss: 0.442
[60,   380] loss: 0.409
[60,   390] loss: 0.390
[60,   400] loss: 0.452
VALIDATION loss: 0.3923836350440979
[61,    10] loss: 0.439
[61,    20] loss: 0.434
[61,    30] loss: 0.406
[61,    40] loss: 0.442
[61,    50] loss: 0.406
[61,    60] loss: 0.452
[61,    70] loss: 0.375
[61,    80] loss: 0.409
[61,    90] loss: 0.443
[61,   100] loss: 0.404
[61,   110] loss: 0.416
[61,   120] loss: 0.381
[61,   130] loss: 0.375
[61,   140] loss: 0.404
[61,   150] loss: 0.424
[61,   160] loss: 0.450
[61,   170] loss: 0.436
[61,   180] loss: 0.403
[61,   190] loss: 0.489
[61,   200] loss: 0.488
[61,   210] loss: 0.419
[61,   220] loss: 0.392
[61,   230] loss: 0.424
[61,   240] loss: 0.392
[61,   250] loss: 0.472
[61,   260] loss: 0.392
[61,   270] loss: 0.362
[61,   280] loss: 0.420
[61,   290] loss: 0.402
[61,   300] loss: 0.481
[61,   310] loss: 0.430
[61,   320] loss: 0.513
[61,   330] loss: 0.432
[61,   340] loss: 0.381
[61,   350] loss: 0.403
[61,   360] loss: 0.388
[61,   370] loss: 0.420
[61,   380] loss: 0.428
[61,   390] loss: 0.432
[61,   400] loss: 0.383
VALIDATION loss: 0.38617172837257385
[62,    10] loss: 0.408
[62,    20] loss: 0.442
[62,    30] loss: 0.406
[62,    40] loss: 0.427
[62,    50] loss: 0.389
[62,    60] loss: 0.368
[62,    70] loss: 0.411
[62,    80] loss: 0.411
[62,    90] loss: 0.383
[62,   100] loss: 0.424
[62,   110] loss: 0.388
[62,   120] loss: 0.406
[62,   130] loss: 0.459
[62,   140] loss: 0.421
[62,   150] loss: 0.445
[62,   160] loss: 0.391
[62,   170] loss: 0.434
[62,   180] loss: 0.400
[62,   190] loss: 0.432
[62,   200] loss: 0.411
[62,   210] loss: 0.386
[62,   220] loss: 0.367
[62,   230] loss: 0.416
[62,   240] loss: 0.423
[62,   250] loss: 0.370
[62,   260] loss: 0.445
[62,   270] loss: 0.424
[62,   280] loss: 0.415
[62,   290] loss: 0.445
[62,   300] loss: 0.438
[62,   310] loss: 0.421
[62,   320] loss: 0.399
[62,   330] loss: 0.418
[62,   340] loss: 0.409
[62,   350] loss: 0.378
[62,   360] loss: 0.366
[62,   370] loss: 0.438
[62,   380] loss: 0.447
[62,   390] loss: 0.376
[62,   400] loss: 0.385
VALIDATION loss: 0.3859681487083435
[63,    10] loss: 0.433
[63,    20] loss: 0.380
[63,    30] loss: 0.376
[63,    40] loss: 0.435
[63,    50] loss: 0.411
[63,    60] loss: 0.443
[63,    70] loss: 0.389
[63,    80] loss: 0.361
[63,    90] loss: 0.398
[63,   100] loss: 0.423
[63,   110] loss: 0.381
[63,   120] loss: 0.461
[63,   130] loss: 0.413
[63,   140] loss: 0.395
[63,   150] loss: 0.402
[63,   160] loss: 0.435
[63,   170] loss: 0.429
[63,   180] loss: 0.394
[63,   190] loss: 0.448
[63,   200] loss: 0.415
[63,   210] loss: 0.422
[63,   220] loss: 0.391
[63,   230] loss: 0.415
[63,   240] loss: 0.383
[63,   250] loss: 0.460
[63,   260] loss: 0.433
[63,   270] loss: 0.394
[63,   280] loss: 0.421
[63,   290] loss: 0.432
[63,   300] loss: 0.392
[63,   310] loss: 0.393
[63,   320] loss: 0.445
[63,   330] loss: 0.357
[63,   340] loss: 0.387
[63,   350] loss: 0.446
[63,   360] loss: 0.404
[63,   370] loss: 0.348
[63,   380] loss: 0.463
[63,   390] loss: 0.405
[63,   400] loss: 0.415
VALIDATION loss: 0.3621900677680969
[64,    10] loss: 0.422
[64,    20] loss: 0.409
[64,    30] loss: 0.381
[64,    40] loss: 0.388
[64,    50] loss: 0.424
[64,    60] loss: 0.427
[64,    70] loss: 0.375
[64,    80] loss: 0.410
[64,    90] loss: 0.387
[64,   100] loss: 0.378
[64,   110] loss: 0.375
[64,   120] loss: 0.401
[64,   130] loss: 0.397
[64,   140] loss: 0.358
[64,   150] loss: 0.430
[64,   160] loss: 0.430
[64,   170] loss: 0.387
[64,   180] loss: 0.340
[64,   190] loss: 0.464
[64,   200] loss: 0.404
[64,   210] loss: 0.385
[64,   220] loss: 0.361
[64,   230] loss: 0.425
[64,   240] loss: 0.350
[64,   250] loss: 0.380
[64,   260] loss: 0.395
[64,   270] loss: 0.345
[64,   280] loss: 0.419
[64,   290] loss: 0.389
[64,   300] loss: 0.416
[64,   310] loss: 0.384
[64,   320] loss: 0.390
[64,   330] loss: 0.417
[64,   340] loss: 0.372
[64,   350] loss: 0.418
[64,   360] loss: 0.422
[64,   370] loss: 0.405
[64,   380] loss: 0.443
[64,   390] loss: 0.437
[64,   400] loss: 0.420
VALIDATION loss: 0.3791752755641937
[65,    10] loss: 0.411
[65,    20] loss: 0.392
[65,    30] loss: 0.387
[65,    40] loss: 0.360
[65,    50] loss: 0.382
[65,    60] loss: 0.430
[65,    70] loss: 0.409
[65,    80] loss: 0.378
[65,    90] loss: 0.425
[65,   100] loss: 0.387
[65,   110] loss: 0.411
[65,   120] loss: 0.367
[65,   130] loss: 0.400
[65,   140] loss: 0.418
[65,   150] loss: 0.363
[65,   160] loss: 0.346
[65,   170] loss: 0.446
[65,   180] loss: 0.402
[65,   190] loss: 0.432
[65,   200] loss: 0.382
[65,   210] loss: 0.395
[65,   220] loss: 0.411
[65,   230] loss: 0.370
[65,   240] loss: 0.342
[65,   250] loss: 0.400
[65,   260] loss: 0.425
[65,   270] loss: 0.361
[65,   280] loss: 0.379
[65,   290] loss: 0.438
[65,   300] loss: 0.405
[65,   310] loss: 0.415
[65,   320] loss: 0.427
[65,   330] loss: 0.353
[65,   340] loss: 0.416
[65,   350] loss: 0.430
[65,   360] loss: 0.416
[65,   370] loss: 0.399
[65,   380] loss: 0.405
[65,   390] loss: 0.367
[65,   400] loss: 0.393
VALIDATION loss: 0.37717723846435547
[66,    10] loss: 0.487
[66,    20] loss: 0.383
[66,    30] loss: 0.423
[66,    40] loss: 0.448
[66,    50] loss: 0.343
[66,    60] loss: 0.365
[66,    70] loss: 0.377
[66,    80] loss: 0.390
[66,    90] loss: 0.391
[66,   100] loss: 0.388
[66,   110] loss: 0.415
[66,   120] loss: 0.391
[66,   130] loss: 0.355
[66,   140] loss: 0.421
[66,   150] loss: 0.332
[66,   160] loss: 0.384
[66,   170] loss: 0.423
[66,   180] loss: 0.391
[66,   190] loss: 0.350
[66,   200] loss: 0.415
[66,   210] loss: 0.394
[66,   220] loss: 0.362
[66,   230] loss: 0.387
[66,   240] loss: 0.399
[66,   250] loss: 0.336
[66,   260] loss: 0.372
[66,   270] loss: 0.439
[66,   280] loss: 0.412
[66,   290] loss: 0.390
[66,   300] loss: 0.403
[66,   310] loss: 0.365
[66,   320] loss: 0.426
[66,   330] loss: 0.394
[66,   340] loss: 0.405
[66,   350] loss: 0.384
[66,   360] loss: 0.369
[66,   370] loss: 0.398
[66,   380] loss: 0.397
[66,   390] loss: 0.419
[66,   400] loss: 0.391
VALIDATION loss: 0.3799065351486206
[67,    10] loss: 0.420
[67,    20] loss: 0.421
[67,    30] loss: 0.388
[67,    40] loss: 0.413
[67,    50] loss: 0.342
[67,    60] loss: 0.351
[67,    70] loss: 0.338
[67,    80] loss: 0.411
[67,    90] loss: 0.440
[67,   100] loss: 0.385
[67,   110] loss: 0.398
[67,   120] loss: 0.388
[67,   130] loss: 0.373
[67,   140] loss: 0.380
[67,   150] loss: 0.394
[67,   160] loss: 0.357
[67,   170] loss: 0.395
[67,   180] loss: 0.401
[67,   190] loss: 0.389
[67,   200] loss: 0.422
[67,   210] loss: 0.362
[67,   220] loss: 0.383
[67,   230] loss: 0.386
[67,   240] loss: 0.402
[67,   250] loss: 0.387
[67,   260] loss: 0.427
[67,   270] loss: 0.381
[67,   280] loss: 0.361
[67,   290] loss: 0.361
[67,   300] loss: 0.411
[67,   310] loss: 0.335
[67,   320] loss: 0.402
[67,   330] loss: 0.409
[67,   340] loss: 0.384
[67,   350] loss: 0.426
[67,   360] loss: 0.420
[67,   370] loss: 0.409
[67,   380] loss: 0.407
[67,   390] loss: 0.417
[67,   400] loss: 0.449
VALIDATION loss: 0.3680817186832428
[68,    10] loss: 0.320
[68,    20] loss: 0.423
[68,    30] loss: 0.448
[68,    40] loss: 0.363
[68,    50] loss: 0.443
[68,    60] loss: 0.420
[68,    70] loss: 0.366
[68,    80] loss: 0.393
[68,    90] loss: 0.357
[68,   100] loss: 0.390
[68,   110] loss: 0.341
[68,   120] loss: 0.343
[68,   130] loss: 0.384
[68,   140] loss: 0.381
[68,   150] loss: 0.340
[68,   160] loss: 0.423
[68,   170] loss: 0.365
[68,   180] loss: 0.362
[68,   190] loss: 0.399
[68,   200] loss: 0.374
[68,   210] loss: 0.345
[68,   220] loss: 0.400
[68,   230] loss: 0.387
[68,   240] loss: 0.375
[68,   250] loss: 0.354
[68,   260] loss: 0.409
[68,   270] loss: 0.357
[68,   280] loss: 0.406
[68,   290] loss: 0.379
[68,   300] loss: 0.419
[68,   310] loss: 0.344
[68,   320] loss: 0.421
[68,   330] loss: 0.372
[68,   340] loss: 0.393
[68,   350] loss: 0.404
[68,   360] loss: 0.432
[68,   370] loss: 0.349
[68,   380] loss: 0.330
[68,   390] loss: 0.442
[68,   400] loss: 0.400
VALIDATION loss: 0.3915604054927826
[69,    10] loss: 0.371
[69,    20] loss: 0.348
[69,    30] loss: 0.407
[69,    40] loss: 0.409
[69,    50] loss: 0.396
[69,    60] loss: 0.372
[69,    70] loss: 0.389
[69,    80] loss: 0.370
[69,    90] loss: 0.367
[69,   100] loss: 0.364
[69,   110] loss: 0.391
[69,   120] loss: 0.364
[69,   130] loss: 0.363
[69,   140] loss: 0.413
[69,   150] loss: 0.363
[69,   160] loss: 0.383
[69,   170] loss: 0.357
[69,   180] loss: 0.384
[69,   190] loss: 0.417
[69,   200] loss: 0.340
[69,   210] loss: 0.367
[69,   220] loss: 0.343
[69,   230] loss: 0.420
[69,   240] loss: 0.374
[69,   250] loss: 0.405
[69,   260] loss: 0.397
[69,   270] loss: 0.387
[69,   280] loss: 0.420
[69,   290] loss: 0.447
[69,   300] loss: 0.429
[69,   310] loss: 0.364
[69,   320] loss: 0.349
[69,   330] loss: 0.380
[69,   340] loss: 0.358
[69,   350] loss: 0.350
[69,   360] loss: 0.398
[69,   370] loss: 0.426
[69,   380] loss: 0.394
[69,   390] loss: 0.370
[69,   400] loss: 0.437
VALIDATION loss: 0.35931646823883057
[70,    10] loss: 0.401
[70,    20] loss: 0.382
[70,    30] loss: 0.407
[70,    40] loss: 0.343
[70,    50] loss: 0.365
[70,    60] loss: 0.415
[70,    70] loss: 0.343
[70,    80] loss: 0.344
[70,    90] loss: 0.385
[70,   100] loss: 0.373
[70,   110] loss: 0.419
[70,   120] loss: 0.386
[70,   130] loss: 0.323
[70,   140] loss: 0.311
[70,   150] loss: 0.360
[70,   160] loss: 0.394
[70,   170] loss: 0.334
[70,   180] loss: 0.361
[70,   190] loss: 0.384
[70,   200] loss: 0.361
[70,   210] loss: 0.409
[70,   220] loss: 0.350
[70,   230] loss: 0.399
[70,   240] loss: 0.417
[70,   250] loss: 0.355
[70,   260] loss: 0.399
[70,   270] loss: 0.415
[70,   280] loss: 0.357
[70,   290] loss: 0.409
[70,   300] loss: 0.378
[70,   310] loss: 0.345
[70,   320] loss: 0.356
[70,   330] loss: 0.359
[70,   340] loss: 0.371
[70,   350] loss: 0.392
[70,   360] loss: 0.368
[70,   370] loss: 0.394
[70,   380] loss: 0.408
[70,   390] loss: 0.435
[70,   400] loss: 0.492
VALIDATION loss: 0.37955257296562195
[71,    10] loss: 0.351
[71,    20] loss: 0.368
[71,    30] loss: 0.409
[71,    40] loss: 0.338
[71,    50] loss: 0.400
[71,    60] loss: 0.340
[71,    70] loss: 0.429
[71,    80] loss: 0.369
[71,    90] loss: 0.367
[71,   100] loss: 0.414
[71,   110] loss: 0.387
[71,   120] loss: 0.353
[71,   130] loss: 0.374
[71,   140] loss: 0.409
[71,   150] loss: 0.379
[71,   160] loss: 0.379
[71,   170] loss: 0.324
[71,   180] loss: 0.385
[71,   190] loss: 0.352
[71,   200] loss: 0.335
[71,   210] loss: 0.387
[71,   220] loss: 0.417
[71,   230] loss: 0.420
[71,   240] loss: 0.344
[71,   250] loss: 0.350
[71,   260] loss: 0.381
[71,   270] loss: 0.387
[71,   280] loss: 0.413
[71,   290] loss: 0.452
[71,   300] loss: 0.403
[71,   310] loss: 0.376
[71,   320] loss: 0.383
[71,   330] loss: 0.400
[71,   340] loss: 0.358
[71,   350] loss: 0.363
[71,   360] loss: 0.345
[71,   370] loss: 0.391
[71,   380] loss: 0.365
[71,   390] loss: 0.345
[71,   400] loss: 0.454
VALIDATION loss: 0.3537200689315796
[72,    10] loss: 0.320
[72,    20] loss: 0.405
[72,    30] loss: 0.390
[72,    40] loss: 0.362
[72,    50] loss: 0.325
[72,    60] loss: 0.431
[72,    70] loss: 0.387
[72,    80] loss: 0.448
[72,    90] loss: 0.374
[72,   100] loss: 0.344
[72,   110] loss: 0.380
[72,   120] loss: 0.370
[72,   130] loss: 0.427
[72,   140] loss: 0.342
[72,   150] loss: 0.354
[72,   160] loss: 0.351
[72,   170] loss: 0.348
[72,   180] loss: 0.350
[72,   190] loss: 0.394
[72,   200] loss: 0.402
[72,   210] loss: 0.338
[72,   220] loss: 0.402
[72,   230] loss: 0.363
[72,   240] loss: 0.366
[72,   250] loss: 0.364
[72,   260] loss: 0.367
[72,   270] loss: 0.370
[72,   280] loss: 0.375
[72,   290] loss: 0.362
[72,   300] loss: 0.342
[72,   310] loss: 0.373
[72,   320] loss: 0.357
[72,   330] loss: 0.400
[72,   340] loss: 0.365
[72,   350] loss: 0.394
[72,   360] loss: 0.404
[72,   370] loss: 0.294
[72,   380] loss: 0.387
[72,   390] loss: 0.366
[72,   400] loss: 0.388
VALIDATION loss: 0.34383872151374817
[73,    10] loss: 0.378
[73,    20] loss: 0.340
[73,    30] loss: 0.384
[73,    40] loss: 0.349
[73,    50] loss: 0.384
[73,    60] loss: 0.328
[73,    70] loss: 0.336
[73,    80] loss: 0.347
[73,    90] loss: 0.399
[73,   100] loss: 0.384
[73,   110] loss: 0.404
[73,   120] loss: 0.393
[73,   130] loss: 0.376
[73,   140] loss: 0.364
[73,   150] loss: 0.441
[73,   160] loss: 0.342
[73,   170] loss: 0.369
[73,   180] loss: 0.386
[73,   190] loss: 0.403
[73,   200] loss: 0.323
[73,   210] loss: 0.333
[73,   220] loss: 0.398
[73,   230] loss: 0.354
[73,   240] loss: 0.353
[73,   250] loss: 0.379
[73,   260] loss: 0.357
[73,   270] loss: 0.392
[73,   280] loss: 0.385
[73,   290] loss: 0.393
[73,   300] loss: 0.316
[73,   310] loss: 0.347
[73,   320] loss: 0.333
[73,   330] loss: 0.376
[73,   340] loss: 0.368
[73,   350] loss: 0.379
[73,   360] loss: 0.354
[73,   370] loss: 0.352
[73,   380] loss: 0.341
[73,   390] loss: 0.363
[73,   400] loss: 0.345
VALIDATION loss: 0.47223737835884094
[74,    10] loss: 0.352
[74,    20] loss: 0.374
[74,    30] loss: 0.359
[74,    40] loss: 0.376
[74,    50] loss: 0.363
[74,    60] loss: 0.329
[74,    70] loss: 0.377
[74,    80] loss: 0.352
[74,    90] loss: 0.353
[74,   100] loss: 0.360
[74,   110] loss: 0.293
[74,   120] loss: 0.363
[74,   130] loss: 0.341
[74,   140] loss: 0.384
[74,   150] loss: 0.305
[74,   160] loss: 0.336
[74,   170] loss: 0.364
[74,   180] loss: 0.380
[74,   190] loss: 0.327
[74,   200] loss: 0.391
[74,   210] loss: 0.383
[74,   220] loss: 0.353
[74,   230] loss: 0.410
[74,   240] loss: 0.309
[74,   250] loss: 0.390
[74,   260] loss: 0.399
[74,   270] loss: 0.336
[74,   280] loss: 0.340
[74,   290] loss: 0.345
[74,   300] loss: 0.375
[74,   310] loss: 0.425
[74,   320] loss: 0.399
[74,   330] loss: 0.411
[74,   340] loss: 0.358
[74,   350] loss: 0.328
[74,   360] loss: 0.375
[74,   370] loss: 0.344
[74,   380] loss: 0.361
[74,   390] loss: 0.339
[74,   400] loss: 0.362
VALIDATION loss: 0.34492751955986023
[75,    10] loss: 0.400
[75,    20] loss: 0.349
[75,    30] loss: 0.352
[75,    40] loss: 0.345
[75,    50] loss: 0.373
[75,    60] loss: 0.365
[75,    70] loss: 0.398
[75,    80] loss: 0.354
[75,    90] loss: 0.365
[75,   100] loss: 0.417
[75,   110] loss: 0.398
[75,   120] loss: 0.301
[75,   130] loss: 0.346
[75,   140] loss: 0.396
[75,   150] loss: 0.375
[75,   160] loss: 0.315
[75,   170] loss: 0.406
[75,   180] loss: 0.351
[75,   190] loss: 0.331
[75,   200] loss: 0.402
[75,   210] loss: 0.363
[75,   220] loss: 0.347
[75,   230] loss: 0.375
[75,   240] loss: 0.371
[75,   250] loss: 0.353
[75,   260] loss: 0.354
[75,   270] loss: 0.340
[75,   280] loss: 0.353
[75,   290] loss: 0.379
[75,   300] loss: 0.368
[75,   310] loss: 0.386
[75,   320] loss: 0.317
[75,   330] loss: 0.352
[75,   340] loss: 0.366
[75,   350] loss: 0.374
[75,   360] loss: 0.338
[75,   370] loss: 0.302
[75,   380] loss: 0.376
[75,   390] loss: 0.340
[75,   400] loss: 0.384
VALIDATION loss: 0.34255772829055786
[76,    10] loss: 0.359
[76,    20] loss: 0.340
[76,    30] loss: 0.362
[76,    40] loss: 0.391
[76,    50] loss: 0.350
[76,    60] loss: 0.369
[76,    70] loss: 0.321
[76,    80] loss: 0.368
[76,    90] loss: 0.310
[76,   100] loss: 0.339
[76,   110] loss: 0.370
[76,   120] loss: 0.361
[76,   130] loss: 0.395
[76,   140] loss: 0.385
[76,   150] loss: 0.325
[76,   160] loss: 0.338
[76,   170] loss: 0.339
[76,   180] loss: 0.362
[76,   190] loss: 0.363
[76,   200] loss: 0.380
[76,   210] loss: 0.432
[76,   220] loss: 0.354
[76,   230] loss: 0.358
[76,   240] loss: 0.386
[76,   250] loss: 0.344
[76,   260] loss: 0.357
[76,   270] loss: 0.346
[76,   280] loss: 0.331
[76,   290] loss: 0.365
[76,   300] loss: 0.322
[76,   310] loss: 0.371
[76,   320] loss: 0.357
[76,   330] loss: 0.320
[76,   340] loss: 0.403
[76,   350] loss: 0.375
[76,   360] loss: 0.358
[76,   370] loss: 0.353
[76,   380] loss: 0.376
[76,   390] loss: 0.385
[76,   400] loss: 0.336
VALIDATION loss: 0.34258243441581726
[77,    10] loss: 0.325
[77,    20] loss: 0.352
[77,    30] loss: 0.347
[77,    40] loss: 0.384
[77,    50] loss: 0.400
[77,    60] loss: 0.339
[77,    70] loss: 0.348
[77,    80] loss: 0.328
[77,    90] loss: 0.359
[77,   100] loss: 0.411
[77,   110] loss: 0.374
[77,   120] loss: 0.354
[77,   130] loss: 0.326
[77,   140] loss: 0.379
[77,   150] loss: 0.336
[77,   160] loss: 0.432
[77,   170] loss: 0.301
[77,   180] loss: 0.349
[77,   190] loss: 0.305
[77,   200] loss: 0.376
[77,   210] loss: 0.319
[77,   220] loss: 0.341
[77,   230] loss: 0.381
[77,   240] loss: 0.313
[77,   250] loss: 0.363
[77,   260] loss: 0.362
[77,   270] loss: 0.328
[77,   280] loss: 0.362
[77,   290] loss: 0.340
[77,   300] loss: 0.340
[77,   310] loss: 0.336
[77,   320] loss: 0.331
[77,   330] loss: 0.346
[77,   340] loss: 0.380
[77,   350] loss: 0.345
[77,   360] loss: 0.357
[77,   370] loss: 0.363
[77,   380] loss: 0.384
[77,   390] loss: 0.343
[77,   400] loss: 0.364
VALIDATION loss: 0.34596243500709534
[78,    10] loss: 0.347
[78,    20] loss: 0.301
[78,    30] loss: 0.365
[78,    40] loss: 0.374
[78,    50] loss: 0.331
[78,    60] loss: 0.329
[78,    70] loss: 0.328
[78,    80] loss: 0.381
[78,    90] loss: 0.356
[78,   100] loss: 0.357
[78,   110] loss: 0.328
[78,   120] loss: 0.360
[78,   130] loss: 0.379
[78,   140] loss: 0.404
[78,   150] loss: 0.351
[78,   160] loss: 0.370
[78,   170] loss: 0.338
[78,   180] loss: 0.319
[78,   190] loss: 0.316
[78,   200] loss: 0.357
[78,   210] loss: 0.363
[78,   220] loss: 0.334
[78,   230] loss: 0.333
[78,   240] loss: 0.402
[78,   250] loss: 0.360
[78,   260] loss: 0.367
[78,   270] loss: 0.400
[78,   280] loss: 0.374
[78,   290] loss: 0.357
[78,   300] loss: 0.337
[78,   310] loss: 0.309
[78,   320] loss: 0.394
[78,   330] loss: 0.381
[78,   340] loss: 0.324
[78,   350] loss: 0.354
[78,   360] loss: 0.323
[78,   370] loss: 0.371
[78,   380] loss: 0.334
[78,   390] loss: 0.360
[78,   400] loss: 0.358
VALIDATION loss: 0.33786118030548096
[79,    10] loss: 0.375
[79,    20] loss: 0.347
[79,    30] loss: 0.367
[79,    40] loss: 0.341
[79,    50] loss: 0.396
[79,    60] loss: 0.367
[79,    70] loss: 0.385
[79,    80] loss: 0.351
[79,    90] loss: 0.319
[79,   100] loss: 0.367
[79,   110] loss: 0.326
[79,   120] loss: 0.405
[79,   130] loss: 0.380
[79,   140] loss: 0.346
[79,   150] loss: 0.316
[79,   160] loss: 0.381
[79,   170] loss: 0.362
[79,   180] loss: 0.384
[79,   190] loss: 0.334
[79,   200] loss: 0.373
[79,   210] loss: 0.338
[79,   220] loss: 0.306
[79,   230] loss: 0.344
[79,   240] loss: 0.299
[79,   250] loss: 0.329
[79,   260] loss: 0.358
[79,   270] loss: 0.386
[79,   280] loss: 0.354
[79,   290] loss: 0.345
[79,   300] loss: 0.318
[79,   310] loss: 0.318
[79,   320] loss: 0.299
[79,   330] loss: 0.342
[79,   340] loss: 0.379
[79,   350] loss: 0.332
[79,   360] loss: 0.350
[79,   370] loss: 0.349
[79,   380] loss: 0.339
[79,   390] loss: 0.352
[79,   400] loss: 0.288
VALIDATION loss: 0.3159202039241791
[80,    10] loss: 0.340
[80,    20] loss: 0.372
[80,    30] loss: 0.418
[80,    40] loss: 0.332
[80,    50] loss: 0.392
[80,    60] loss: 0.332
[80,    70] loss: 0.356
[80,    80] loss: 0.369
[80,    90] loss: 0.404
[80,   100] loss: 0.344
[80,   110] loss: 0.314
[80,   120] loss: 0.329
[80,   130] loss: 0.322
[80,   140] loss: 0.319
[80,   150] loss: 0.348
[80,   160] loss: 0.337
[80,   170] loss: 0.313
[80,   180] loss: 0.337
[80,   190] loss: 0.371
[80,   200] loss: 0.320
[80,   210] loss: 0.324
[80,   220] loss: 0.321
[80,   230] loss: 0.271
[80,   240] loss: 0.319
[80,   250] loss: 0.354
[80,   260] loss: 0.383
[80,   270] loss: 0.309
[80,   280] loss: 0.327
[80,   290] loss: 0.325
[80,   300] loss: 0.345
[80,   310] loss: 0.382
[80,   320] loss: 0.383
[80,   330] loss: 0.357
[80,   340] loss: 0.361
[80,   350] loss: 0.396
[80,   360] loss: 0.312
[80,   370] loss: 0.314
[80,   380] loss: 0.328
[80,   390] loss: 0.356
[80,   400] loss: 0.449
VALIDATION loss: 0.3242990970611572
[81,    10] loss: 0.351
[81,    20] loss: 0.379
[81,    30] loss: 0.372
[81,    40] loss: 0.317
[81,    50] loss: 0.358
[81,    60] loss: 0.331
[81,    70] loss: 0.369
[81,    80] loss: 0.355
[81,    90] loss: 0.323
[81,   100] loss: 0.340
[81,   110] loss: 0.297
[81,   120] loss: 0.390
[81,   130] loss: 0.381
[81,   140] loss: 0.339
[81,   150] loss: 0.331
[81,   160] loss: 0.300
[81,   170] loss: 0.351
[81,   180] loss: 0.323
[81,   190] loss: 0.293
[81,   200] loss: 0.350
[81,   210] loss: 0.294
[81,   220] loss: 0.329
[81,   230] loss: 0.369
[81,   240] loss: 0.344
[81,   250] loss: 0.311
[81,   260] loss: 0.287
[81,   270] loss: 0.355
[81,   280] loss: 0.379
[81,   290] loss: 0.339
[81,   300] loss: 0.293
[81,   310] loss: 0.356
[81,   320] loss: 0.357
[81,   330] loss: 0.340
[81,   340] loss: 0.340
[81,   350] loss: 0.295
[81,   360] loss: 0.346
[81,   370] loss: 0.331
[81,   380] loss: 0.339
[81,   390] loss: 0.343
[81,   400] loss: 0.359
VALIDATION loss: 0.3154256343841553
[82,    10] loss: 0.324
[82,    20] loss: 0.312
[82,    30] loss: 0.335
[82,    40] loss: 0.359
[82,    50] loss: 0.321
[82,    60] loss: 0.338
[82,    70] loss: 0.362
[82,    80] loss: 0.328
[82,    90] loss: 0.279
[82,   100] loss: 0.377
[82,   110] loss: 0.335
[82,   120] loss: 0.312
[82,   130] loss: 0.316
[82,   140] loss: 0.284
[82,   150] loss: 0.358
[82,   160] loss: 0.325
[82,   170] loss: 0.351
[82,   180] loss: 0.331
[82,   190] loss: 0.290
[82,   200] loss: 0.328
[82,   210] loss: 0.377
[82,   220] loss: 0.284
[82,   230] loss: 0.322
[82,   240] loss: 0.318
[82,   250] loss: 0.332
[82,   260] loss: 0.300
[82,   270] loss: 0.338
[82,   280] loss: 0.305
[82,   290] loss: 0.446
[82,   300] loss: 0.350
[82,   310] loss: 0.343
[82,   320] loss: 0.347
[82,   330] loss: 0.341
[82,   340] loss: 0.374
[82,   350] loss: 0.380
[82,   360] loss: 0.368
[82,   370] loss: 0.346
[82,   380] loss: 0.376
[82,   390] loss: 0.353
[82,   400] loss: 0.352
VALIDATION loss: 0.3182031810283661
[83,    10] loss: 0.334
[83,    20] loss: 0.324
[83,    30] loss: 0.329
[83,    40] loss: 0.343
[83,    50] loss: 0.330
[83,    60] loss: 0.333
[83,    70] loss: 0.348
[83,    80] loss: 0.329
[83,    90] loss: 0.317
[83,   100] loss: 0.351
[83,   110] loss: 0.345
[83,   120] loss: 0.372
[83,   130] loss: 0.343
[83,   140] loss: 0.305
[83,   150] loss: 0.298
[83,   160] loss: 0.332
[83,   170] loss: 0.356
[83,   180] loss: 0.288
[83,   190] loss: 0.311
[83,   200] loss: 0.363
[83,   210] loss: 0.337
[83,   220] loss: 0.367
[83,   230] loss: 0.337
[83,   240] loss: 0.371
[83,   250] loss: 0.319
[83,   260] loss: 0.328
[83,   270] loss: 0.337
[83,   280] loss: 0.381
[83,   290] loss: 0.408
[83,   300] loss: 0.332
[83,   310] loss: 0.340
[83,   320] loss: 0.351
[83,   330] loss: 0.310
[83,   340] loss: 0.321
[83,   350] loss: 0.352
[83,   360] loss: 0.331
[83,   370] loss: 0.334
[83,   380] loss: 0.315
[83,   390] loss: 0.317
[83,   400] loss: 0.319
VALIDATION loss: 0.31957143545150757
[84,    10] loss: 0.293
[84,    20] loss: 0.332
[84,    30] loss: 0.312
[84,    40] loss: 0.368
[84,    50] loss: 0.326
[84,    60] loss: 0.298
[84,    70] loss: 0.343
[84,    80] loss: 0.341
[84,    90] loss: 0.352
[84,   100] loss: 0.370
[84,   110] loss: 0.375
[84,   120] loss: 0.364
[84,   130] loss: 0.336
[84,   140] loss: 0.321
[84,   150] loss: 0.305
[84,   160] loss: 0.303
[84,   170] loss: 0.370
[84,   180] loss: 0.317
[84,   190] loss: 0.328
[84,   200] loss: 0.349
[84,   210] loss: 0.325
[84,   220] loss: 0.336
[84,   230] loss: 0.309
[84,   240] loss: 0.348
[84,   250] loss: 0.342
[84,   260] loss: 0.303
[84,   270] loss: 0.352
[84,   280] loss: 0.311
[84,   290] loss: 0.352
[84,   300] loss: 0.316
[84,   310] loss: 0.347
[84,   320] loss: 0.333
[84,   330] loss: 0.350
[84,   340] loss: 0.332
[84,   350] loss: 0.355
[84,   360] loss: 0.321
[84,   370] loss: 0.341
[84,   380] loss: 0.334
[84,   390] loss: 0.293
[84,   400] loss: 0.326
VALIDATION loss: 0.30141961574554443
[85,    10] loss: 0.332
[85,    20] loss: 0.355
[85,    30] loss: 0.255
[85,    40] loss: 0.315
[85,    50] loss: 0.322
[85,    60] loss: 0.304
[85,    70] loss: 0.378
[85,    80] loss: 0.306
[85,    90] loss: 0.299
[85,   100] loss: 0.353
[85,   110] loss: 0.314
[85,   120] loss: 0.376
[85,   130] loss: 0.340
[85,   140] loss: 0.329
[85,   150] loss: 0.369
[85,   160] loss: 0.320
[85,   170] loss: 0.305
[85,   180] loss: 0.315
[85,   190] loss: 0.339
[85,   200] loss: 0.410
[85,   210] loss: 0.307
[85,   220] loss: 0.341
[85,   230] loss: 0.279
[85,   240] loss: 0.312
[85,   250] loss: 0.280
[85,   260] loss: 0.319
[85,   270] loss: 0.313
[85,   280] loss: 0.298
[85,   290] loss: 0.301
[85,   300] loss: 0.320
[85,   310] loss: 0.330
[85,   320] loss: 0.378
[85,   330] loss: 0.325
[85,   340] loss: 0.316
[85,   350] loss: 0.281
[85,   360] loss: 0.297
[85,   370] loss: 0.349
[85,   380] loss: 0.307
[85,   390] loss: 0.306
[85,   400] loss: 0.370
VALIDATION loss: 0.3171238303184509
[86,    10] loss: 0.313
[86,    20] loss: 0.364
[86,    30] loss: 0.305
[86,    40] loss: 0.328
[86,    50] loss: 0.326
[86,    60] loss: 0.354
[86,    70] loss: 0.349
[86,    80] loss: 0.309
[86,    90] loss: 0.266
[86,   100] loss: 0.324
[86,   110] loss: 0.328
[86,   120] loss: 0.329
[86,   130] loss: 0.300
[86,   140] loss: 0.324
[86,   150] loss: 0.313
[86,   160] loss: 0.339
[86,   170] loss: 0.384
[86,   180] loss: 0.335
[86,   190] loss: 0.300
[86,   200] loss: 0.285
[86,   210] loss: 0.362
[86,   220] loss: 0.335
[86,   230] loss: 0.302
[86,   240] loss: 0.365
[86,   250] loss: 0.320
[86,   260] loss: 0.361
[86,   270] loss: 0.315
[86,   280] loss: 0.341
[86,   290] loss: 0.325
[86,   300] loss: 0.325
[86,   310] loss: 0.286
[86,   320] loss: 0.300
[86,   330] loss: 0.310
[86,   340] loss: 0.374
[86,   350] loss: 0.314
[86,   360] loss: 0.312
[86,   370] loss: 0.357
[86,   380] loss: 0.315
[86,   390] loss: 0.308
[86,   400] loss: 0.337
VALIDATION loss: 0.30119627714157104
[87,    10] loss: 0.316
[87,    20] loss: 0.338
[87,    30] loss: 0.326
[87,    40] loss: 0.324
[87,    50] loss: 0.316
[87,    60] loss: 0.306
[87,    70] loss: 0.311
[87,    80] loss: 0.303
[87,    90] loss: 0.313
[87,   100] loss: 0.345
[87,   110] loss: 0.324
[87,   120] loss: 0.323
[87,   130] loss: 0.327
[87,   140] loss: 0.321
[87,   150] loss: 0.408
[87,   160] loss: 0.334
[87,   170] loss: 0.318
[87,   180] loss: 0.295
[87,   190] loss: 0.283
[87,   200] loss: 0.303
[87,   210] loss: 0.325
[87,   220] loss: 0.321
[87,   230] loss: 0.322
[87,   240] loss: 0.297
[87,   250] loss: 0.339
[87,   260] loss: 0.309
[87,   270] loss: 0.342
[87,   280] loss: 0.345
[87,   290] loss: 0.345
[87,   300] loss: 0.302
[87,   310] loss: 0.328
[87,   320] loss: 0.301
[87,   330] loss: 0.303
[87,   340] loss: 0.280
[87,   350] loss: 0.358
[87,   360] loss: 0.362
[87,   370] loss: 0.312
[87,   380] loss: 0.368
[87,   390] loss: 0.370
[87,   400] loss: 0.322
VALIDATION loss: 0.29729872941970825
[88,    10] loss: 0.287
[88,    20] loss: 0.324
[88,    30] loss: 0.297
[88,    40] loss: 0.324
[88,    50] loss: 0.365
[88,    60] loss: 0.314
[88,    70] loss: 0.329
[88,    80] loss: 0.290
[88,    90] loss: 0.360
[88,   100] loss: 0.338
[88,   110] loss: 0.324
[88,   120] loss: 0.311
[88,   130] loss: 0.365
[88,   140] loss: 0.335
[88,   150] loss: 0.316
[88,   160] loss: 0.313
[88,   170] loss: 0.292
[88,   180] loss: 0.339
[88,   190] loss: 0.367
[88,   200] loss: 0.297
[88,   210] loss: 0.320
[88,   220] loss: 0.349
[88,   230] loss: 0.367
[88,   240] loss: 0.265
[88,   250] loss: 0.313
[88,   260] loss: 0.342
[88,   270] loss: 0.315
[88,   280] loss: 0.339
[88,   290] loss: 0.295
[88,   300] loss: 0.351
[88,   310] loss: 0.293
[88,   320] loss: 0.306
[88,   330] loss: 0.310
[88,   340] loss: 0.300
[88,   350] loss: 0.351
[88,   360] loss: 0.379
[88,   370] loss: 0.328
[88,   380] loss: 0.285
[88,   390] loss: 0.295
[88,   400] loss: 0.302
VALIDATION loss: 0.31764987111091614
[89,    10] loss: 0.304
[89,    20] loss: 0.306
[89,    30] loss: 0.290
[89,    40] loss: 0.320
[89,    50] loss: 0.295
[89,    60] loss: 0.282
[89,    70] loss: 0.296
[89,    80] loss: 0.324
[89,    90] loss: 0.308
[89,   100] loss: 0.357
[89,   110] loss: 0.291
[89,   120] loss: 0.323
[89,   130] loss: 0.281
[89,   140] loss: 0.327
[89,   150] loss: 0.339
[89,   160] loss: 0.339
[89,   170] loss: 0.306
[89,   180] loss: 0.306
[89,   190] loss: 0.306
[89,   200] loss: 0.317
[89,   210] loss: 0.316
[89,   220] loss: 0.333
[89,   230] loss: 0.304
[89,   240] loss: 0.323
[89,   250] loss: 0.306
[89,   260] loss: 0.303
[89,   270] loss: 0.338
[89,   280] loss: 0.288
[89,   290] loss: 0.361
[89,   300] loss: 0.298
[89,   310] loss: 0.298
[89,   320] loss: 0.309
[89,   330] loss: 0.369
[89,   340] loss: 0.322
[89,   350] loss: 0.324
[89,   360] loss: 0.304
[89,   370] loss: 0.285
[89,   380] loss: 0.349
[89,   390] loss: 0.287
[89,   400] loss: 0.316
VALIDATION loss: 0.3151966631412506
[90,    10] loss: 0.329
[90,    20] loss: 0.307
[90,    30] loss: 0.316
[90,    40] loss: 0.315
[90,    50] loss: 0.329
[90,    60] loss: 0.335
[90,    70] loss: 0.313
[90,    80] loss: 0.326
[90,    90] loss: 0.319
[90,   100] loss: 0.346
[90,   110] loss: 0.331
[90,   120] loss: 0.324
[90,   130] loss: 0.354
[90,   140] loss: 0.315
[90,   150] loss: 0.271
[90,   160] loss: 0.320
[90,   170] loss: 0.282
[90,   180] loss: 0.288
[90,   190] loss: 0.342
[90,   200] loss: 0.291
[90,   210] loss: 0.309
[90,   220] loss: 0.313
[90,   230] loss: 0.329
[90,   240] loss: 0.311
[90,   250] loss: 0.360
[90,   260] loss: 0.297
[90,   270] loss: 0.321
[90,   280] loss: 0.296
[90,   290] loss: 0.322
[90,   300] loss: 0.313
[90,   310] loss: 0.327
[90,   320] loss: 0.325
[90,   330] loss: 0.287
[90,   340] loss: 0.310
[90,   350] loss: 0.293
[90,   360] loss: 0.270
[90,   370] loss: 0.319
[90,   380] loss: 0.330
[90,   390] loss: 0.302
[90,   400] loss: 0.312
VALIDATION loss: 0.31345975399017334
[91,    10] loss: 0.326
[91,    20] loss: 0.320
[91,    30] loss: 0.315
[91,    40] loss: 0.300
[91,    50] loss: 0.323
[91,    60] loss: 0.358
[91,    70] loss: 0.294
[91,    80] loss: 0.319
[91,    90] loss: 0.324
[91,   100] loss: 0.278
[91,   110] loss: 0.313
[91,   120] loss: 0.328
[91,   130] loss: 0.313
[91,   140] loss: 0.293
[91,   150] loss: 0.305
[91,   160] loss: 0.323
[91,   170] loss: 0.284
[91,   180] loss: 0.320
[91,   190] loss: 0.305
[91,   200] loss: 0.289
[91,   210] loss: 0.293
[91,   220] loss: 0.322
[91,   230] loss: 0.300
[91,   240] loss: 0.302
[91,   250] loss: 0.305
[91,   260] loss: 0.314
[91,   270] loss: 0.330
[91,   280] loss: 0.319
[91,   290] loss: 0.311
[91,   300] loss: 0.300
[91,   310] loss: 0.342
[91,   320] loss: 0.374
[91,   330] loss: 0.325
[91,   340] loss: 0.301
[91,   350] loss: 0.275
[91,   360] loss: 0.324
[91,   370] loss: 0.295
[91,   380] loss: 0.334
[91,   390] loss: 0.284
[91,   400] loss: 0.311
VALIDATION loss: 0.3180696666240692
[92,    10] loss: 0.271
[92,    20] loss: 0.335
[92,    30] loss: 0.283
[92,    40] loss: 0.314
[92,    50] loss: 0.322
[92,    60] loss: 0.321
[92,    70] loss: 0.308
[92,    80] loss: 0.268
[92,    90] loss: 0.323
[92,   100] loss: 0.290
[92,   110] loss: 0.300
[92,   120] loss: 0.327
[92,   130] loss: 0.305
[92,   140] loss: 0.384
[92,   150] loss: 0.320
[92,   160] loss: 0.284
[92,   170] loss: 0.330
[92,   180] loss: 0.300
[92,   190] loss: 0.318
[92,   200] loss: 0.285
[92,   210] loss: 0.299
[92,   220] loss: 0.294
[92,   230] loss: 0.305
[92,   240] loss: 0.355
[92,   250] loss: 0.313
[92,   260] loss: 0.307
[92,   270] loss: 0.305
[92,   280] loss: 0.330
[92,   290] loss: 0.322
[92,   300] loss: 0.284
[92,   310] loss: 0.263
[92,   320] loss: 0.297
[92,   330] loss: 0.306
[92,   340] loss: 0.302
[92,   350] loss: 0.263
[92,   360] loss: 0.303
[92,   370] loss: 0.332
[92,   380] loss: 0.355
[92,   390] loss: 0.289
[92,   400] loss: 0.332
VALIDATION loss: 0.30068695545196533
[93,    10] loss: 0.319
[93,    20] loss: 0.303
[93,    30] loss: 0.316
[93,    40] loss: 0.297
[93,    50] loss: 0.271
[93,    60] loss: 0.260
[93,    70] loss: 0.279
[93,    80] loss: 0.301
[93,    90] loss: 0.291
[93,   100] loss: 0.331
[93,   110] loss: 0.302
[93,   120] loss: 0.330
[93,   130] loss: 0.333
[93,   140] loss: 0.310
[93,   150] loss: 0.324
[93,   160] loss: 0.252
[93,   170] loss: 0.315
[93,   180] loss: 0.316
[93,   190] loss: 0.289
[93,   200] loss: 0.327
[93,   210] loss: 0.296
[93,   220] loss: 0.316
[93,   230] loss: 0.326
[93,   240] loss: 0.292
[93,   250] loss: 0.285
[93,   260] loss: 0.317
[93,   270] loss: 0.303
[93,   280] loss: 0.299
[93,   290] loss: 0.272
[93,   300] loss: 0.299
[93,   310] loss: 0.279
[93,   320] loss: 0.321
[93,   330] loss: 0.316
[93,   340] loss: 0.319
[93,   350] loss: 0.301
[93,   360] loss: 0.326
[93,   370] loss: 0.316
[93,   380] loss: 0.274
[93,   390] loss: 0.355
[93,   400] loss: 0.349
VALIDATION loss: 0.29092293977737427
[94,    10] loss: 0.290
[94,    20] loss: 0.343
[94,    30] loss: 0.338
[94,    40] loss: 0.316
[94,    50] loss: 0.264
[94,    60] loss: 0.298
[94,    70] loss: 0.297
[94,    80] loss: 0.286
[94,    90] loss: 0.310
[94,   100] loss: 0.307
[94,   110] loss: 0.334
[94,   120] loss: 0.296
[94,   130] loss: 0.291
[94,   140] loss: 0.296
[94,   150] loss: 0.282
[94,   160] loss: 0.281
[94,   170] loss: 0.267
[94,   180] loss: 0.317
[94,   190] loss: 0.325
[94,   200] loss: 0.335
[94,   210] loss: 0.352
[94,   220] loss: 0.291
[94,   230] loss: 0.330
[94,   240] loss: 0.273
[94,   250] loss: 0.313
[94,   260] loss: 0.324
[94,   270] loss: 0.281
[94,   280] loss: 0.296
[94,   290] loss: 0.302
[94,   300] loss: 0.300
[94,   310] loss: 0.352
[94,   320] loss: 0.319
[94,   330] loss: 0.245
[94,   340] loss: 0.325
[94,   350] loss: 0.290
[94,   360] loss: 0.324
[94,   370] loss: 0.304
[94,   380] loss: 0.298
[94,   390] loss: 0.315
[94,   400] loss: 0.331
VALIDATION loss: 0.29692673683166504
[95,    10] loss: 0.334
[95,    20] loss: 0.337
[95,    30] loss: 0.281
[95,    40] loss: 0.293
[95,    50] loss: 0.314
[95,    60] loss: 0.315
[95,    70] loss: 0.291
[95,    80] loss: 0.309
[95,    90] loss: 0.295
[95,   100] loss: 0.301
[95,   110] loss: 0.303
[95,   120] loss: 0.310
[95,   130] loss: 0.284
[95,   140] loss: 0.310
[95,   150] loss: 0.353
[95,   160] loss: 0.312
[95,   170] loss: 0.313
[95,   180] loss: 0.313
[95,   190] loss: 0.274
[95,   200] loss: 0.305
[95,   210] loss: 0.254
[95,   220] loss: 0.350
[95,   230] loss: 0.298
[95,   240] loss: 0.268
[95,   250] loss: 0.284
[95,   260] loss: 0.290
[95,   270] loss: 0.281
[95,   280] loss: 0.280
[95,   290] loss: 0.318
[95,   300] loss: 0.271
[95,   310] loss: 0.332
[95,   320] loss: 0.253
[95,   330] loss: 0.282
[95,   340] loss: 0.280
[95,   350] loss: 0.291
[95,   360] loss: 0.291
[95,   370] loss: 0.271
[95,   380] loss: 0.330
[95,   390] loss: 0.334
[95,   400] loss: 0.316
VALIDATION loss: 0.3070891797542572
[96,    10] loss: 0.324
[96,    20] loss: 0.294
[96,    30] loss: 0.311
[96,    40] loss: 0.262
[96,    50] loss: 0.299
[96,    60] loss: 0.286
[96,    70] loss: 0.347
[96,    80] loss: 0.289
[96,    90] loss: 0.324
[96,   100] loss: 0.302
[96,   110] loss: 0.299
[96,   120] loss: 0.263
[96,   130] loss: 0.284
[96,   140] loss: 0.294
[96,   150] loss: 0.277
[96,   160] loss: 0.299
[96,   170] loss: 0.279
[96,   180] loss: 0.276
[96,   190] loss: 0.288
[96,   200] loss: 0.304
[96,   210] loss: 0.274
[96,   220] loss: 0.320
[96,   230] loss: 0.293
[96,   240] loss: 0.266
[96,   250] loss: 0.289
[96,   260] loss: 0.320
[96,   270] loss: 0.292
[96,   280] loss: 0.315
[96,   290] loss: 0.353
[96,   300] loss: 0.289
[96,   310] loss: 0.331
[96,   320] loss: 0.276
[96,   330] loss: 0.339
[96,   340] loss: 0.331
[96,   350] loss: 0.290
[96,   360] loss: 0.321
[96,   370] loss: 0.274
[96,   380] loss: 0.338
[96,   390] loss: 0.289
[96,   400] loss: 0.260
VALIDATION loss: 0.28755325078964233
[97,    10] loss: 0.308
[97,    20] loss: 0.266
[97,    30] loss: 0.334
[97,    40] loss: 0.301
[97,    50] loss: 0.300
[97,    60] loss: 0.280
[97,    70] loss: 0.312
[97,    80] loss: 0.302
[97,    90] loss: 0.278
[97,   100] loss: 0.281
[97,   110] loss: 0.314
[97,   120] loss: 0.287
[97,   130] loss: 0.279
[97,   140] loss: 0.318
[97,   150] loss: 0.255
[97,   160] loss: 0.291
[97,   170] loss: 0.269
[97,   180] loss: 0.271
[97,   190] loss: 0.340
[97,   200] loss: 0.296
[97,   210] loss: 0.299
[97,   220] loss: 0.264
[97,   230] loss: 0.347
[97,   240] loss: 0.298
[97,   250] loss: 0.326
[97,   260] loss: 0.308
[97,   270] loss: 0.282
[97,   280] loss: 0.317
[97,   290] loss: 0.249
[97,   300] loss: 0.277
[97,   310] loss: 0.272
[97,   320] loss: 0.309
[97,   330] loss: 0.271
[97,   340] loss: 0.273
[97,   350] loss: 0.303
[97,   360] loss: 0.291
[97,   370] loss: 0.252
[97,   380] loss: 0.310
[97,   390] loss: 0.297
[97,   400] loss: 0.269
VALIDATION loss: 0.2856205105781555
[98,    10] loss: 0.301
[98,    20] loss: 0.282
[98,    30] loss: 0.284
[98,    40] loss: 0.316
[98,    50] loss: 0.292
[98,    60] loss: 0.337
[98,    70] loss: 0.271
[98,    80] loss: 0.281
[98,    90] loss: 0.311
[98,   100] loss: 0.349
[98,   110] loss: 0.289
[98,   120] loss: 0.246
[98,   130] loss: 0.304
[98,   140] loss: 0.266
[98,   150] loss: 0.306
[98,   160] loss: 0.312
[98,   170] loss: 0.329
[98,   180] loss: 0.336
[98,   190] loss: 0.301
[98,   200] loss: 0.286
[98,   210] loss: 0.294
[98,   220] loss: 0.308
[98,   230] loss: 0.289
[98,   240] loss: 0.259
[98,   250] loss: 0.290
[98,   260] loss: 0.267
[98,   270] loss: 0.312
[98,   280] loss: 0.245
[98,   290] loss: 0.316
[98,   300] loss: 0.299
[98,   310] loss: 0.262
[98,   320] loss: 0.307
[98,   330] loss: 0.336
[98,   340] loss: 0.249
[98,   350] loss: 0.308
[98,   360] loss: 0.287
[98,   370] loss: 0.267
[98,   380] loss: 0.272
[98,   390] loss: 0.322
[98,   400] loss: 0.298
VALIDATION loss: 0.2844869792461395
[99,    10] loss: 0.253
[99,    20] loss: 0.252
[99,    30] loss: 0.297
[99,    40] loss: 0.270
[99,    50] loss: 0.329
[99,    60] loss: 0.319
[99,    70] loss: 0.346
[99,    80] loss: 0.295
[99,    90] loss: 0.273
[99,   100] loss: 0.278
[99,   110] loss: 0.311
[99,   120] loss: 0.319
[99,   130] loss: 0.257
[99,   140] loss: 0.299
[99,   150] loss: 0.253
[99,   160] loss: 0.310
[99,   170] loss: 0.278
[99,   180] loss: 0.276
[99,   190] loss: 0.286
[99,   200] loss: 0.251
[99,   210] loss: 0.289
[99,   220] loss: 0.298
[99,   230] loss: 0.271
[99,   240] loss: 0.315
[99,   250] loss: 0.288
[99,   260] loss: 0.297
[99,   270] loss: 0.290
[99,   280] loss: 0.290
[99,   290] loss: 0.296
[99,   300] loss: 0.309
[99,   310] loss: 0.330
[99,   320] loss: 0.291
[99,   330] loss: 0.318
[99,   340] loss: 0.304
[99,   350] loss: 0.311
[99,   360] loss: 0.275
[99,   370] loss: 0.273
[99,   380] loss: 0.316
[99,   390] loss: 0.294
[99,   400] loss: 0.310
VALIDATION loss: 0.2767142951488495
[100,    10] loss: 0.331
[100,    20] loss: 0.314
[100,    30] loss: 0.320
[100,    40] loss: 0.287
[100,    50] loss: 0.288
[100,    60] loss: 0.276
[100,    70] loss: 0.279
[100,    80] loss: 0.304
[100,    90] loss: 0.281
[100,   100] loss: 0.304
[100,   110] loss: 0.223
[100,   120] loss: 0.304
[100,   130] loss: 0.267
[100,   140] loss: 0.300
[100,   150] loss: 0.272
[100,   160] loss: 0.305
[100,   170] loss: 0.282
[100,   180] loss: 0.261
[100,   190] loss: 0.288
[100,   200] loss: 0.329
[100,   210] loss: 0.275
[100,   220] loss: 0.270
[100,   230] loss: 0.279
[100,   240] loss: 0.358
[100,   250] loss: 0.316
[100,   260] loss: 0.265
[100,   270] loss: 0.265
[100,   280] loss: 0.310
[100,   290] loss: 0.287
[100,   300] loss: 0.302
[100,   310] loss: 0.307
[100,   320] loss: 0.261
[100,   330] loss: 0.237
[100,   340] loss: 0.279
[100,   350] loss: 0.271
[100,   360] loss: 0.274
[100,   370] loss: 0.242
[100,   380] loss: 0.330
[100,   390] loss: 0.281
[100,   400] loss: 0.270
VALIDATION loss: 0.27125489711761475
Finished !!
Accuracy of the network: 86.93 %
