Collecting dill==0.3.4 (from -r requirements.txt (line 1))
  Using cached https://files.pythonhosted.org/packages/b6/c3/973676ceb86b60835bb3978c6db67a5dc06be6cfdbd14ef0f5a13e3fc9fd/dill-0.3.4-py2.py3-none-any.whl
Requirement already satisfied: laplace==0.1 in /zhome/45/c/128687/.local/lib/python3.6/site-packages (from -r requirements.txt (line 2))
Collecting matplotlib==3.4.0 (from -r requirements.txt (line 3))
Small: 0
Transform: 0
MaxPool: 0
Running GPU.
[1,    10] loss: 1.975
[1,    20] loss: 1.939
[1,    30] loss: 1.903
[1,    40] loss: 1.854
[1,    50] loss: 1.850
[1,    60] loss: 1.823
[1,    70] loss: 1.802
[1,    80] loss: 1.788
[1,    90] loss: 1.760
[1,   100] loss: 1.775
[1,   110] loss: 1.779
[1,   120] loss: 1.789
[1,   130] loss: 1.737
[1,   140] loss: 1.757
[1,   150] loss: 1.746
[1,   160] loss: 1.729
[1,   170] loss: 1.683
[1,   180] loss: 1.712
[1,   190] loss: 1.717
[1,   200] loss: 1.713
[1,   210] loss: 1.664
[1,   220] loss: 1.720
[1,   230] loss: 1.679
[1,   240] loss: 1.701
[1,   250] loss: 1.681
[1,   260] loss: 1.692
[1,   270] loss: 1.689
[1,   280] loss: 1.671
[1,   290] loss: 1.708
[1,   300] loss: 1.684
[1,   310] loss: 1.665
[1,   320] loss: 1.685
[1,   330] loss: 1.669
[1,   340] loss: 1.634
[1,   350] loss: 1.646
[1,   360] loss: 1.637
[1,   370] loss: 1.659
[1,   380] loss: 1.706
[1,   390] loss: 1.608
[1,   400] loss: 1.605
VALIDATION loss: 1.586132287979126
[2,    10] loss: 1.610
[2,    20] loss: 1.645
[2,    30] loss: 1.569
[2,    40] loss: 1.605
[2,    50] loss: 1.614
[2,    60] loss: 1.591
[2,    70] loss: 1.645
[2,    80] loss: 1.600
[2,    90] loss: 1.599
[2,   100] loss: 1.548
[2,   110] loss: 1.624
[2,   120] loss: 1.572
[2,   130] loss: 1.623
[2,   140] loss: 1.546
[2,   150] loss: 1.567
[2,   160] loss: 1.559
[2,   170] loss: 1.590
[2,   180] loss: 1.575
[2,   190] loss: 1.565
[2,   200] loss: 1.591
[2,   210] loss: 1.556
[2,   220] loss: 1.565
[2,   230] loss: 1.532
[2,   240] loss: 1.547
[2,   250] loss: 1.555
[2,   260] loss: 1.550
[2,   270] loss: 1.580
[2,   280] loss: 1.556
[2,   290] loss: 1.516
[2,   300] loss: 1.531
[2,   310] loss: 1.522
[2,   320] loss: 1.525
[2,   330] loss: 1.558
[2,   340] loss: 1.519
[2,   350] loss: 1.491
[2,   360] loss: 1.509
[2,   370] loss: 1.500
[2,   380] loss: 1.466
[2,   390] loss: 1.490
[2,   400] loss: 1.491
VALIDATION loss: 1.4572489261627197
[3,    10] loss: 1.458
[3,    20] loss: 1.534
[3,    30] loss: 1.500
[3,    40] loss: 1.495
[3,    50] loss: 1.472
[3,    60] loss: 1.476
[3,    70] loss: 1.475
[3,    80] loss: 1.508
[3,    90] loss: 1.422
[3,   100] loss: 1.493
[3,   110] loss: 1.500
[3,   120] loss: 1.471
[3,   130] loss: 1.462
[3,   140] loss: 1.475
[3,   150] loss: 1.484
[3,   160] loss: 1.403
[3,   170] loss: 1.420
[3,   180] loss: 1.410
[3,   190] loss: 1.432
[3,   200] loss: 1.445
[3,   210] loss: 1.425
[3,   220] loss: 1.501
[3,   230] loss: 1.422
[3,   240] loss: 1.470
[3,   250] loss: 1.437
[3,   260] loss: 1.437
[3,   270] loss: 1.445
[3,   280] loss: 1.439
[3,   290] loss: 1.480
[3,   300] loss: 1.387
[3,   310] loss: 1.409
[3,   320] loss: 1.473
[3,   330] loss: 1.411
[3,   340] loss: 1.398
[3,   350] loss: 1.405
[3,   360] loss: 1.452
[3,   370] loss: 1.457
[3,   380] loss: 1.385
[3,   390] loss: 1.413
[3,   400] loss: 1.373
VALIDATION loss: 1.3658175468444824
[4,    10] loss: 1.406
[4,    20] loss: 1.385
[4,    30] loss: 1.401
[4,    40] loss: 1.435
[4,    50] loss: 1.454
[4,    60] loss: 1.398
[4,    70] loss: 1.419
[4,    80] loss: 1.352
[4,    90] loss: 1.386
[4,   100] loss: 1.403
[4,   110] loss: 1.377
[4,   120] loss: 1.336
[4,   130] loss: 1.390
[4,   140] loss: 1.398
[4,   150] loss: 1.377
[4,   160] loss: 1.368
[4,   170] loss: 1.365
[4,   180] loss: 1.330
[4,   190] loss: 1.384
[4,   200] loss: 1.379
[4,   210] loss: 1.332
[4,   220] loss: 1.343
[4,   230] loss: 1.334
[4,   240] loss: 1.373
[4,   250] loss: 1.355
[4,   260] loss: 1.353
[4,   270] loss: 1.395
[4,   280] loss: 1.328
[4,   290] loss: 1.356
[4,   300] loss: 1.369
[4,   310] loss: 1.319
[4,   320] loss: 1.356
[4,   330] loss: 1.418
[4,   340] loss: 1.383
[4,   350] loss: 1.343
[4,   360] loss: 1.318
[4,   370] loss: 1.409
[4,   380] loss: 1.319
[4,   390] loss: 1.282
[4,   400] loss: 1.321
VALIDATION loss: 1.2815500497817993
[5,    10] loss: 1.292
[5,    20] loss: 1.342
[5,    30] loss: 1.312
[5,    40] loss: 1.312
[5,    50] loss: 1.349
[5,    60] loss: 1.330
[5,    70] loss: 1.344
[5,    80] loss: 1.361
[5,    90] loss: 1.342
[5,   100] loss: 1.315
[5,   110] loss: 1.332
[5,   120] loss: 1.258
[5,   130] loss: 1.324
[5,   140] loss: 1.310
[5,   150] loss: 1.311
[5,   160] loss: 1.288
[5,   170] loss: 1.322
[5,   180] loss: 1.328
[5,   190] loss: 1.305
[5,   200] loss: 1.289
[5,   210] loss: 1.355
[5,   220] loss: 1.312
[5,   230] loss: 1.328
[5,   240] loss: 1.320
[5,   250] loss: 1.255
[5,   260] loss: 1.321
[5,   270] loss: 1.323
[5,   280] loss: 1.279
[5,   290] loss: 1.319
[5,   300] loss: 1.283
[5,   310] loss: 1.309
[5,   320] loss: 1.253
[5,   330] loss: 1.324
[5,   340] loss: 1.281
[5,   350] loss: 1.244
[5,   360] loss: 1.281
[5,   370] loss: 1.266
[5,   380] loss: 1.262
[5,   390] loss: 1.329
[5,   400] loss: 1.274
VALIDATION loss: 1.2405543327331543
[6,    10] loss: 1.273
[6,    20] loss: 1.259
[6,    30] loss: 1.255
[6,    40] loss: 1.321
[6,    50] loss: 1.293
[6,    60] loss: 1.293
[6,    70] loss: 1.249
[6,    80] loss: 1.273
[6,    90] loss: 1.243
[6,   100] loss: 1.290
[6,   110] loss: 1.256
[6,   120] loss: 1.282
[6,   130] loss: 1.291
[6,   140] loss: 1.328
[6,   150] loss: 1.243
[6,   160] loss: 1.240
[6,   170] loss: 1.279
[6,   180] loss: 1.256
[6,   190] loss: 1.306
[6,   200] loss: 1.269
[6,   210] loss: 1.241
[6,   220] loss: 1.281
[6,   230] loss: 1.214
[6,   240] loss: 1.256
[6,   250] loss: 1.260
[6,   260] loss: 1.290
[6,   270] loss: 1.262
[6,   280] loss: 1.212
[6,   290] loss: 1.277
[6,   300] loss: 1.242
[6,   310] loss: 1.246
[6,   320] loss: 1.273
[6,   330] loss: 1.220
[6,   340] loss: 1.245
[6,   350] loss: 1.184
[6,   360] loss: 1.253
[6,   370] loss: 1.201
[6,   380] loss: 1.252
[6,   390] loss: 1.220
[6,   400] loss: 1.237
VALIDATION loss: 1.2069592475891113
[7,    10] loss: 1.229
[7,    20] loss: 1.268
[7,    30] loss: 1.297
[7,    40] loss: 1.230
[7,    50] loss: 1.242
[7,    60] loss: 1.253
[7,    70] loss: 1.243
[7,    80] loss: 1.243
[7,    90] loss: 1.227
[7,   100] loss: 1.224
[7,   110] loss: 1.197
[7,   120] loss: 1.234
[7,   130] loss: 1.186
[7,   140] loss: 1.172
[7,   150] loss: 1.240
[7,   160] loss: 1.220
[7,   170] loss: 1.149
[7,   180] loss: 1.203
[7,   190] loss: 1.165
[7,   200] loss: 1.209
[7,   210] loss: 1.174
[7,   220] loss: 1.212
[7,   230] loss: 1.213
[7,   240] loss: 1.228
[7,   250] loss: 1.194
[7,   260] loss: 1.251
[7,   270] loss: 1.211
[7,   280] loss: 1.236
[7,   290] loss: 1.215
[7,   300] loss: 1.262
[7,   310] loss: 1.190
[7,   320] loss: 1.190
[7,   330] loss: 1.199
[7,   340] loss: 1.207
[7,   350] loss: 1.226
[7,   360] loss: 1.206
[7,   370] loss: 1.195
[7,   380] loss: 1.195
[7,   390] loss: 1.167
[7,   400] loss: 1.190
VALIDATION loss: 1.160329818725586
[8,    10] loss: 1.243
[8,    20] loss: 1.148
[8,    30] loss: 1.251
[8,    40] loss: 1.139
[8,    50] loss: 1.166
[8,    60] loss: 1.181
[8,    70] loss: 1.192
[8,    80] loss: 1.207
[8,    90] loss: 1.145
[8,   100] loss: 1.174
[8,   110] loss: 1.166
[8,   120] loss: 1.156
[8,   130] loss: 1.212
[8,   140] loss: 1.196
[8,   150] loss: 1.225
[8,   160] loss: 1.184
[8,   170] loss: 1.144
[8,   180] loss: 1.160
[8,   190] loss: 1.221
[8,   200] loss: 1.150
[8,   210] loss: 1.169
[8,   220] loss: 1.175
[8,   230] loss: 1.162
[8,   240] loss: 1.155
[8,   250] loss: 1.154
[8,   260] loss: 1.202
[8,   270] loss: 1.190
[8,   280] loss: 1.124
[8,   290] loss: 1.205
[8,   300] loss: 1.188
[8,   310] loss: 1.104
[8,   320] loss: 1.168
[8,   330] loss: 1.107
[8,   340] loss: 1.183
[8,   350] loss: 1.140
[8,   360] loss: 1.230
[8,   370] loss: 1.141
[8,   380] loss: 1.156
[8,   390] loss: 1.128
[8,   400] loss: 1.145
VALIDATION loss: 1.0935922861099243
[9,    10] loss: 1.137
[9,    20] loss: 1.126
[9,    30] loss: 1.195
[9,    40] loss: 1.198
[9,    50] loss: 1.127
[9,    60] loss: 1.087
[9,    70] loss: 1.197
[9,    80] loss: 1.112
[9,    90] loss: 1.168
[9,   100] loss: 1.158
[9,   110] loss: 1.200
[9,   120] loss: 1.148
[9,   130] loss: 1.155
[9,   140] loss: 1.114
[9,   150] loss: 1.139
[9,   160] loss: 1.141
[9,   170] loss: 1.043
[9,   180] loss: 1.099
[9,   190] loss: 1.120
[9,   200] loss: 1.121
[9,   210] loss: 1.044
[9,   220] loss: 1.142
[9,   230] loss: 1.159
[9,   240] loss: 1.135
[9,   250] loss: 1.084
[9,   260] loss: 1.123
[9,   270] loss: 1.147
[9,   280] loss: 1.123
[9,   290] loss: 1.099
[9,   300] loss: 1.118
[9,   310] loss: 1.122
[9,   320] loss: 1.103
[9,   330] loss: 1.089
[9,   340] loss: 1.060
[9,   350] loss: 1.187
[9,   360] loss: 1.106
[9,   370] loss: 1.137
[9,   380] loss: 1.145
[9,   390] loss: 1.154
[9,   400] loss: 1.121
VALIDATION loss: 1.0604854822158813
[10,    10] loss: 1.066
[10,    20] loss: 1.095
[10,    30] loss: 1.091
[10,    40] loss: 1.087
[10,    50] loss: 1.168
[10,    60] loss: 1.118
[10,    70] loss: 1.121
[10,    80] loss: 1.189
[10,    90] loss: 1.111
[10,   100] loss: 1.132
[10,   110] loss: 1.090
[10,   120] loss: 1.087
[10,   130] loss: 1.082
[10,   140] loss: 1.055
[10,   150] loss: 1.110
[10,   160] loss: 1.105
[10,   170] loss: 1.030
[10,   180] loss: 1.096
[10,   190] loss: 1.102
[10,   200] loss: 1.097
[10,   210] loss: 1.070
[10,   220] loss: 1.038
[10,   230] loss: 1.069
[10,   240] loss: 1.082
[10,   250] loss: 1.092
[10,   260] loss: 1.060
[10,   270] loss: 1.089
[10,   280] loss: 1.050
[10,   290] loss: 1.034
[10,   300] loss: 1.103
[10,   310] loss: 1.056
[10,   320] loss: 1.096
[10,   330] loss: 1.154
[10,   340] loss: 1.069
[10,   350] loss: 1.063
[10,   360] loss: 1.012
[10,   370] loss: 1.091
[10,   380] loss: 1.088
[10,   390] loss: 1.097
[10,   400] loss: 1.040
VALIDATION loss: 1.0218493938446045
[11,    10] loss: 1.022
[11,    20] loss: 1.091
[11,    30] loss: 1.009
[11,    40] loss: 1.078
[11,    50] loss: 1.083
[11,    60] loss: 1.085
[11,    70] loss: 1.079
[11,    80] loss: 1.032
[11,    90] loss: 1.055
[11,   100] loss: 1.101
[11,   110] loss: 1.059
[11,   120] loss: 1.033
[11,   130] loss: 1.082
[11,   140] loss: 1.092
[11,   150] loss: 1.064
[11,   160] loss: 1.081
[11,   170] loss: 1.111
[11,   180] loss: 1.045
[11,   190] loss: 1.056
[11,   200] loss: 0.994
[11,   210] loss: 1.085
[11,   220] loss: 1.045
[11,   230] loss: 1.056
[11,   240] loss: 1.049
[11,   250] loss: 1.014
[11,   260] loss: 1.014
[11,   270] loss: 0.987
[11,   280] loss: 1.015
[11,   290] loss: 1.054
[11,   300] loss: 0.988
[11,   310] loss: 1.059
[11,   320] loss: 1.102
[11,   330] loss: 1.022
[11,   340] loss: 1.022
[11,   350] loss: 1.025
[11,   360] loss: 1.025
[11,   370] loss: 0.995
[11,   380] loss: 1.066
[11,   390] loss: 1.000
[11,   400] loss: 1.023
VALIDATION loss: 1.1064857244491577
[12,    10] loss: 1.012
[12,    20] loss: 1.050
[12,    30] loss: 1.019
[12,    40] loss: 1.034
[12,    50] loss: 1.096
[12,    60] loss: 0.970
[12,    70] loss: 1.035
[12,    80] loss: 1.042
[12,    90] loss: 0.960
[12,   100] loss: 0.995
[12,   110] loss: 0.984
[12,   120] loss: 1.034
[12,   130] loss: 0.997
[12,   140] loss: 1.040
[12,   150] loss: 0.998
[12,   160] loss: 0.989
[12,   170] loss: 1.031
[12,   180] loss: 0.975
[12,   190] loss: 1.004
[12,   200] loss: 0.973
[12,   210] loss: 1.046
[12,   220] loss: 1.096
[12,   230] loss: 0.999
[12,   240] loss: 1.017
[12,   250] loss: 0.984
[12,   260] loss: 0.993
[12,   270] loss: 0.959
[12,   280] loss: 1.006
[12,   290] loss: 1.025
[12,   300] loss: 0.979
[12,   310] loss: 1.021
[12,   320] loss: 1.023
[12,   330] loss: 1.045
[12,   340] loss: 0.965
[12,   350] loss: 1.032
[12,   360] loss: 1.008
[12,   370] loss: 1.011
[12,   380] loss: 1.022
[12,   390] loss: 0.941
[12,   400] loss: 0.995
VALIDATION loss: 1.0180903673171997
[13,    10] loss: 0.941
[13,    20] loss: 1.006
[13,    30] loss: 1.015
[13,    40] loss: 0.973
[13,    50] loss: 1.014
[13,    60] loss: 1.035
[13,    70] loss: 0.968
[13,    80] loss: 0.984
[13,    90] loss: 0.990
[13,   100] loss: 1.009
[13,   110] loss: 0.995
[13,   120] loss: 0.931
[13,   130] loss: 0.982
[13,   140] loss: 0.967
[13,   150] loss: 1.007
[13,   160] loss: 0.961
[13,   170] loss: 0.919
[13,   180] loss: 1.029
[13,   190] loss: 0.955
[13,   200] loss: 0.999
[13,   210] loss: 0.951
[13,   220] loss: 0.981
[13,   230] loss: 0.971
[13,   240] loss: 0.969
[13,   250] loss: 1.013
[13,   260] loss: 0.947
[13,   270] loss: 0.928
[13,   280] loss: 0.977
[13,   290] loss: 0.994
[13,   300] loss: 0.947
[13,   310] loss: 0.952
[13,   320] loss: 1.018
[13,   330] loss: 0.987
[13,   340] loss: 0.980
[13,   350] loss: 0.911
[13,   360] loss: 0.934
[13,   370] loss: 0.953
[13,   380] loss: 0.990
[13,   390] loss: 0.898
[13,   400] loss: 0.953
VALIDATION loss: 0.9069671034812927
[14,    10] loss: 0.980
[14,    20] loss: 1.009
[14,    30] loss: 0.951
[14,    40] loss: 0.972
[14,    50] loss: 0.914
[14,    60] loss: 0.979
[14,    70] loss: 0.985
[14,    80] loss: 0.959
[14,    90] loss: 0.921
[14,   100] loss: 0.905
[14,   110] loss: 0.896
[14,   120] loss: 0.981
[14,   130] loss: 0.916
[14,   140] loss: 0.918
[14,   150] loss: 0.875
[14,   160] loss: 0.986
[14,   170] loss: 0.930
[14,   180] loss: 0.933
[14,   190] loss: 0.951
[14,   200] loss: 0.959
[14,   210] loss: 0.906
[14,   220] loss: 0.898
[14,   230] loss: 0.970
[14,   240] loss: 0.934
[14,   250] loss: 0.929
[14,   260] loss: 1.017
[14,   270] loss: 0.969
[14,   280] loss: 0.947
[14,   290] loss: 0.948
[14,   300] loss: 0.934
[14,   310] loss: 1.008
[14,   320] loss: 0.941
[14,   330] loss: 0.934
[14,   340] loss: 0.932
[14,   350] loss: 0.913
[14,   360] loss: 0.952
[14,   370] loss: 0.889
[14,   380] loss: 0.918
[14,   390] loss: 0.972
[14,   400] loss: 0.950
VALIDATION loss: 0.892390251159668
[15,    10] loss: 0.957
[15,    20] loss: 0.946
[15,    30] loss: 0.907
[15,    40] loss: 0.919
[15,    50] loss: 0.978
[15,    60] loss: 0.981
[15,    70] loss: 0.965
[15,    80] loss: 0.949
[15,    90] loss: 0.904
[15,   100] loss: 0.877
[15,   110] loss: 0.980
[15,   120] loss: 0.921
[15,   130] loss: 0.968
[15,   140] loss: 0.878
[15,   150] loss: 0.885
[15,   160] loss: 0.953
[15,   170] loss: 0.848
[15,   180] loss: 0.927
[15,   190] loss: 0.919
[15,   200] loss: 0.958
[15,   210] loss: 0.886
[15,   220] loss: 0.878
[15,   230] loss: 0.903
[15,   240] loss: 0.944
[15,   250] loss: 0.905
[15,   260] loss: 0.889
[15,   270] loss: 0.890
[15,   280] loss: 0.970
[15,   290] loss: 0.943
[15,   300] loss: 0.912
[15,   310] loss: 0.871
[15,   320] loss: 0.944
[15,   330] loss: 0.866
[15,   340] loss: 0.933
[15,   350] loss: 0.933
[15,   360] loss: 0.893
[15,   370] loss: 0.884
[15,   380] loss: 0.875
[15,   390] loss: 0.878
[15,   400] loss: 0.938
VALIDATION loss: 0.9353039860725403
[16,    10] loss: 0.930
[16,    20] loss: 0.979
[16,    30] loss: 0.928
[16,    40] loss: 0.865
[16,    50] loss: 0.857
[16,    60] loss: 0.904
[16,    70] loss: 0.935
[16,    80] loss: 0.883
[16,    90] loss: 0.915
[16,   100] loss: 0.890
[16,   110] loss: 0.888
[16,   120] loss: 0.919
[16,   130] loss: 0.849
[16,   140] loss: 0.878
[16,   150] loss: 0.913
[16,   160] loss: 0.933
[16,   170] loss: 0.878
[16,   180] loss: 0.923
[16,   190] loss: 0.823
[16,   200] loss: 0.885
[16,   210] loss: 0.888
[16,   220] loss: 0.915
[16,   230] loss: 0.877
[16,   240] loss: 0.862
[16,   250] loss: 0.899
[16,   260] loss: 0.853
[16,   270] loss: 0.855
[16,   280] loss: 0.839
[16,   290] loss: 0.874
[16,   300] loss: 0.932
[16,   310] loss: 0.902
[16,   320] loss: 0.889
[16,   330] loss: 0.871
[16,   340] loss: 0.881
[16,   350] loss: 0.906
[16,   360] loss: 0.870
[16,   370] loss: 0.837
[16,   380] loss: 0.848
[16,   390] loss: 0.885
[16,   400] loss: 0.975
VALIDATION loss: 0.8171573877334595
[17,    10] loss: 0.894
[17,    20] loss: 0.889
[17,    30] loss: 0.823
[17,    40] loss: 0.913
[17,    50] loss: 0.832
[17,    60] loss: 0.947
[17,    70] loss: 0.883
[17,    80] loss: 0.850
[17,    90] loss: 0.868
[17,   100] loss: 0.876
[17,   110] loss: 0.859
[17,   120] loss: 0.838
[17,   130] loss: 0.850
[17,   140] loss: 0.824
[17,   150] loss: 0.858
[17,   160] loss: 0.848
[17,   170] loss: 0.965
[17,   180] loss: 0.879
[17,   190] loss: 0.887
[17,   200] loss: 0.856
[17,   210] loss: 0.860
[17,   220] loss: 0.829
[17,   230] loss: 0.832
[17,   240] loss: 0.904
[17,   250] loss: 0.883
[17,   260] loss: 0.843
[17,   270] loss: 0.890
[17,   280] loss: 0.902
[17,   290] loss: 0.895
[17,   300] loss: 0.808
[17,   310] loss: 0.857
[17,   320] loss: 0.877
[17,   330] loss: 0.814
[17,   340] loss: 0.892
[17,   350] loss: 0.881
[17,   360] loss: 0.860
[17,   370] loss: 0.774
[17,   380] loss: 0.828
[17,   390] loss: 0.833
[17,   400] loss: 0.880
VALIDATION loss: 0.7981967926025391
[18,    10] loss: 0.868
[18,    20] loss: 0.801
[18,    30] loss: 0.930
[18,    40] loss: 0.907
[18,    50] loss: 0.830
[18,    60] loss: 0.871
[18,    70] loss: 0.843
[18,    80] loss: 0.885
[18,    90] loss: 0.844
[18,   100] loss: 0.861
[18,   110] loss: 0.857
[18,   120] loss: 0.861
[18,   130] loss: 0.889
[18,   140] loss: 0.843
[18,   150] loss: 0.863
[18,   160] loss: 0.845
[18,   170] loss: 0.847
[18,   180] loss: 0.794
[18,   190] loss: 0.851
[18,   200] loss: 0.849
[18,   210] loss: 0.829
[18,   220] loss: 0.832
[18,   230] loss: 0.798
[18,   240] loss: 0.811
[18,   250] loss: 0.771
[18,   260] loss: 0.861
[18,   270] loss: 0.848
[18,   280] loss: 0.803
[18,   290] loss: 0.814
[18,   300] loss: 0.881
[18,   310] loss: 0.870
[18,   320] loss: 0.773
[18,   330] loss: 0.867
[18,   340] loss: 0.857
[18,   350] loss: 0.766
[18,   360] loss: 0.944
[18,   370] loss: 0.851
[18,   380] loss: 0.818
[18,   390] loss: 0.837
[18,   400] loss: 0.801
VALIDATION loss: 0.7889244556427002
[19,    10] loss: 0.832
[19,    20] loss: 0.842
[19,    30] loss: 0.759
[19,    40] loss: 0.847
[19,    50] loss: 0.827
[19,    60] loss: 0.742
[19,    70] loss: 0.871
[19,    80] loss: 0.784
[19,    90] loss: 0.880
[19,   100] loss: 0.824
[19,   110] loss: 0.845
[19,   120] loss: 0.808
[19,   130] loss: 0.820
[19,   140] loss: 0.771
[19,   150] loss: 0.833
[19,   160] loss: 0.797
[19,   170] loss: 0.774
[19,   180] loss: 0.823
[19,   190] loss: 0.786
[19,   200] loss: 0.801
[19,   210] loss: 0.791
[19,   220] loss: 0.826
[19,   230] loss: 0.818
[19,   240] loss: 0.832
[19,   250] loss: 0.817
[19,   260] loss: 0.813
[19,   270] loss: 0.832
[19,   280] loss: 0.788
[19,   290] loss: 0.828
[19,   300] loss: 0.838
[19,   310] loss: 0.826
[19,   320] loss: 0.826
[19,   330] loss: 0.841
[19,   340] loss: 0.844
[19,   350] loss: 0.800
[19,   360] loss: 0.837
[19,   370] loss: 0.895
[19,   380] loss: 0.799
[19,   390] loss: 0.828
[19,   400] loss: 0.846
VALIDATION loss: 0.7662920355796814
[20,    10] loss: 0.812
[20,    20] loss: 0.787
[20,    30] loss: 0.823
[20,    40] loss: 0.790
[20,    50] loss: 0.856
[20,    60] loss: 0.783
[20,    70] loss: 0.789
[20,    80] loss: 0.774
[20,    90] loss: 0.792
[20,   100] loss: 0.769
[20,   110] loss: 0.800
[20,   120] loss: 0.841
[20,   130] loss: 0.762
[20,   140] loss: 0.801
[20,   150] loss: 0.798
[20,   160] loss: 0.783
[20,   170] loss: 0.887
[20,   180] loss: 0.747
[20,   190] loss: 0.831
[20,   200] loss: 0.842
[20,   210] loss: 0.782
[20,   220] loss: 0.851
[20,   230] loss: 0.813
[20,   240] loss: 0.742
[20,   250] loss: 0.778
[20,   260] loss: 0.784
[20,   270] loss: 0.814
[20,   280] loss: 0.799
[20,   290] loss: 0.797
[20,   300] loss: 0.749
[20,   310] loss: 0.746
[20,   320] loss: 0.887
[20,   330] loss: 0.828
[20,   340] loss: 0.832
[20,   350] loss: 0.822
[20,   360] loss: 0.752
[20,   370] loss: 0.811
[20,   380] loss: 0.844
[20,   390] loss: 0.796
[20,   400] loss: 0.779
VALIDATION loss: 0.7620631456375122
[21,    10] loss: 0.824
[21,    20] loss: 0.815
[21,    30] loss: 0.767
[21,    40] loss: 0.826
[21,    50] loss: 0.828
[21,    60] loss: 0.798
[21,    70] loss: 0.821
[21,    80] loss: 0.779
[21,    90] loss: 0.730
[21,   100] loss: 0.714
[21,   110] loss: 0.770
[21,   120] loss: 0.737
[21,   130] loss: 0.746
[21,   140] loss: 0.797
[21,   150] loss: 0.813
[21,   160] loss: 0.838
[21,   170] loss: 0.805
[21,   180] loss: 0.804
[21,   190] loss: 0.775
[21,   200] loss: 0.754
[21,   210] loss: 0.756
[21,   220] loss: 0.835
[21,   230] loss: 0.802
[21,   240] loss: 0.787
[21,   250] loss: 0.723
[21,   260] loss: 0.769
[21,   270] loss: 0.752
[21,   280] loss: 0.808
[21,   290] loss: 0.779
[21,   300] loss: 0.835
[21,   310] loss: 0.774
[21,   320] loss: 0.718
[21,   330] loss: 0.802
[21,   340] loss: 0.814
[21,   350] loss: 0.751
[21,   360] loss: 0.807
[21,   370] loss: 0.770
[21,   380] loss: 0.746
[21,   390] loss: 0.712
[21,   400] loss: 0.767
VALIDATION loss: 0.755944550037384
[22,    10] loss: 0.728
[22,    20] loss: 0.757
[22,    30] loss: 0.774
[22,    40] loss: 0.729
[22,    50] loss: 0.770
[22,    60] loss: 0.772
[22,    70] loss: 0.754
[22,    80] loss: 0.765
[22,    90] loss: 0.725
[22,   100] loss: 0.743
[22,   110] loss: 0.756
[22,   120] loss: 0.764
[22,   130] loss: 0.820
[22,   140] loss: 0.761
[22,   150] loss: 0.794
[22,   160] loss: 0.780
[22,   170] loss: 0.752
[22,   180] loss: 0.747
[22,   190] loss: 0.769
[22,   200] loss: 0.718
[22,   210] loss: 0.827
[22,   220] loss: 0.750
[22,   230] loss: 0.776
[22,   240] loss: 0.783
[22,   250] loss: 0.760
[22,   260] loss: 0.724
[22,   270] loss: 0.753
[22,   280] loss: 0.810
[22,   290] loss: 0.752
[22,   300] loss: 0.749
[22,   310] loss: 0.785
[22,   320] loss: 0.782
[22,   330] loss: 0.783
[22,   340] loss: 0.805
[22,   350] loss: 0.725
[22,   360] loss: 0.753
[22,   370] loss: 0.753
[22,   380] loss: 0.742
[22,   390] loss: 0.720
[22,   400] loss: 0.738
VALIDATION loss: 0.7649691104888916
[23,    10] loss: 0.747
[23,    20] loss: 0.746
[23,    30] loss: 0.753
[23,    40] loss: 0.759
[23,    50] loss: 0.784
[23,    60] loss: 0.746
[23,    70] loss: 0.802
[23,    80] loss: 0.777
[23,    90] loss: 0.799
[23,   100] loss: 0.700
[23,   110] loss: 0.743
[23,   120] loss: 0.802
[23,   130] loss: 0.763
[23,   140] loss: 0.769
[23,   150] loss: 0.737
[23,   160] loss: 0.730
[23,   170] loss: 0.705
[23,   180] loss: 0.726
[23,   190] loss: 0.773
[23,   200] loss: 0.793
[23,   210] loss: 0.742
[23,   220] loss: 0.717
[23,   230] loss: 0.694
[23,   240] loss: 0.702
[23,   250] loss: 0.726
[23,   260] loss: 0.745
[23,   270] loss: 0.785
[23,   280] loss: 0.732
[23,   290] loss: 0.732
[23,   300] loss: 0.815
[23,   310] loss: 0.796
[23,   320] loss: 0.745
[23,   330] loss: 0.725
[23,   340] loss: 0.727
[23,   350] loss: 0.718
[23,   360] loss: 0.711
[23,   370] loss: 0.718
[23,   380] loss: 0.762
[23,   390] loss: 0.711
[23,   400] loss: 0.734
VALIDATION loss: 0.713677167892456
[24,    10] loss: 0.694
[24,    20] loss: 0.708
[24,    30] loss: 0.706
[24,    40] loss: 0.767
[24,    50] loss: 0.692
[24,    60] loss: 0.745
[24,    70] loss: 0.709
[24,    80] loss: 0.678
[24,    90] loss: 0.738
[24,   100] loss: 0.768
[24,   110] loss: 0.681
[24,   120] loss: 0.768
[24,   130] loss: 0.797
[24,   140] loss: 0.744
[24,   150] loss: 0.698
[24,   160] loss: 0.751
[24,   170] loss: 0.715
[24,   180] loss: 0.771
[24,   190] loss: 0.714
[24,   200] loss: 0.760
[24,   210] loss: 0.782
[24,   220] loss: 0.770
[24,   230] loss: 0.742
[24,   240] loss: 0.806
[24,   250] loss: 0.718
[24,   260] loss: 0.760
[24,   270] loss: 0.732
[24,   280] loss: 0.736
[24,   290] loss: 0.694
[24,   300] loss: 0.712
[24,   310] loss: 0.714
[24,   320] loss: 0.762
[24,   330] loss: 0.713
[24,   340] loss: 0.721
[24,   350] loss: 0.760
[24,   360] loss: 0.717
[24,   370] loss: 0.712
[24,   380] loss: 0.744
[24,   390] loss: 0.763
[24,   400] loss: 0.733
VALIDATION loss: 0.7087447047233582
[25,    10] loss: 0.756
[25,    20] loss: 0.717
[25,    30] loss: 0.737
[25,    40] loss: 0.706
[25,    50] loss: 0.718
[25,    60] loss: 0.721
[25,    70] loss: 0.754
[25,    80] loss: 0.741
[25,    90] loss: 0.821
[25,   100] loss: 0.689
[25,   110] loss: 0.699
[25,   120] loss: 0.654
[25,   130] loss: 0.710
[25,   140] loss: 0.681
[25,   150] loss: 0.700
[25,   160] loss: 0.685
[25,   170] loss: 0.687
[25,   180] loss: 0.674
[25,   190] loss: 0.694
[25,   200] loss: 0.754
[25,   210] loss: 0.715
[25,   220] loss: 0.678
[25,   230] loss: 0.690
[25,   240] loss: 0.728
[25,   250] loss: 0.692
[25,   260] loss: 0.771
[25,   270] loss: 0.733
[25,   280] loss: 0.730
[25,   290] loss: 0.692
[25,   300] loss: 0.763
[25,   310] loss: 0.799
[25,   320] loss: 0.717
[25,   330] loss: 0.678
[25,   340] loss: 0.693
[25,   350] loss: 0.756
[25,   360] loss: 0.711
[25,   370] loss: 0.718
[25,   380] loss: 0.682
[25,   390] loss: 0.635
[25,   400] loss: 0.733
VALIDATION loss: 0.6654355525970459
[26,    10] loss: 0.714
[26,    20] loss: 0.712
[26,    30] loss: 0.666
[26,    40] loss: 0.700
[26,    50] loss: 0.701
[26,    60] loss: 0.736
[26,    70] loss: 0.738
[26,    80] loss: 0.660
[26,    90] loss: 0.670
[26,   100] loss: 0.677
[26,   110] loss: 0.733
[26,   120] loss: 0.682
[26,   130] loss: 0.684
[26,   140] loss: 0.717
[26,   150] loss: 0.655
[26,   160] loss: 0.698
[26,   170] loss: 0.753
[26,   180] loss: 0.723
[26,   190] loss: 0.678
[26,   200] loss: 0.734
[26,   210] loss: 0.728
[26,   220] loss: 0.694
[26,   230] loss: 0.695
[26,   240] loss: 0.683
[26,   250] loss: 0.685
[26,   260] loss: 0.689
[26,   270] loss: 0.703
[26,   280] loss: 0.674
[26,   290] loss: 0.719
[26,   300] loss: 0.699
[26,   310] loss: 0.684
[26,   320] loss: 0.803
[26,   330] loss: 0.737
[26,   340] loss: 0.674
[26,   350] loss: 0.689
[26,   360] loss: 0.678
[26,   370] loss: 0.718
[26,   380] loss: 0.708
[26,   390] loss: 0.721
[26,   400] loss: 0.731
VALIDATION loss: 0.6949143409729004
[27,    10] loss: 0.673
[27,    20] loss: 0.669
[27,    30] loss: 0.686
[27,    40] loss: 0.639
[27,    50] loss: 0.686
[27,    60] loss: 0.700
[27,    70] loss: 0.737
[27,    80] loss: 0.655
[27,    90] loss: 0.719
[27,   100] loss: 0.665
[27,   110] loss: 0.670
[27,   120] loss: 0.752
[27,   130] loss: 0.671
[27,   140] loss: 0.648
[27,   150] loss: 0.693
[27,   160] loss: 0.698
[27,   170] loss: 0.647
[27,   180] loss: 0.685
[27,   190] loss: 0.644
[27,   200] loss: 0.649
[27,   210] loss: 0.728
[27,   220] loss: 0.690
[27,   230] loss: 0.627
[27,   240] loss: 0.703
[27,   250] loss: 0.697
[27,   260] loss: 0.700
[27,   270] loss: 0.695
[27,   280] loss: 0.698
[27,   290] loss: 0.698
[27,   300] loss: 0.690
[27,   310] loss: 0.685
[27,   320] loss: 0.752
[27,   330] loss: 0.724
[27,   340] loss: 0.681
[27,   350] loss: 0.726
[27,   360] loss: 0.672
[27,   370] loss: 0.661
[27,   380] loss: 0.637
[27,   390] loss: 0.654
[27,   400] loss: 0.729
VALIDATION loss: 0.6433902978897095
[28,    10] loss: 0.689
[28,    20] loss: 0.580
[28,    30] loss: 0.617
[28,    40] loss: 0.675
[28,    50] loss: 0.719
[28,    60] loss: 0.692
[28,    70] loss: 0.718
[28,    80] loss: 0.629
[28,    90] loss: 0.659
[28,   100] loss: 0.669
[28,   110] loss: 0.692
[28,   120] loss: 0.709
[28,   130] loss: 0.666
[28,   140] loss: 0.672
[28,   150] loss: 0.739
[28,   160] loss: 0.651
[28,   170] loss: 0.679
[28,   180] loss: 0.695
[28,   190] loss: 0.643
[28,   200] loss: 0.734
[28,   210] loss: 0.598
[28,   220] loss: 0.647
[28,   230] loss: 0.673
[28,   240] loss: 0.643
[28,   250] loss: 0.610
[28,   260] loss: 0.683
[28,   270] loss: 0.678
[28,   280] loss: 0.695
[28,   290] loss: 0.693
[28,   300] loss: 0.680
[28,   310] loss: 0.692
[28,   320] loss: 0.677
[28,   330] loss: 0.736
[28,   340] loss: 0.654
[28,   350] loss: 0.724
[28,   360] loss: 0.655
[28,   370] loss: 0.683
[28,   380] loss: 0.680
[28,   390] loss: 0.653
[28,   400] loss: 0.699
VALIDATION loss: 0.6820182800292969
[29,    10] loss: 0.633
[29,    20] loss: 0.609
[29,    30] loss: 0.700
[29,    40] loss: 0.677
[29,    50] loss: 0.641
[29,    60] loss: 0.647
[29,    70] loss: 0.654
[29,    80] loss: 0.713
[29,    90] loss: 0.668
[29,   100] loss: 0.721
[29,   110] loss: 0.663
[29,   120] loss: 0.611
[29,   130] loss: 0.661
[29,   140] loss: 0.657
[29,   150] loss: 0.651
[29,   160] loss: 0.650
[29,   170] loss: 0.703
[29,   180] loss: 0.661
[29,   190] loss: 0.647
[29,   200] loss: 0.663
[29,   210] loss: 0.637
[29,   220] loss: 0.733
[29,   230] loss: 0.669
[29,   240] loss: 0.657
[29,   250] loss: 0.663
[29,   260] loss: 0.647
[29,   270] loss: 0.644
[29,   280] loss: 0.682
[29,   290] loss: 0.696
[29,   300] loss: 0.666
[29,   310] loss: 0.619
[29,   320] loss: 0.723
[29,   330] loss: 0.630
[29,   340] loss: 0.646
[29,   350] loss: 0.657
[29,   360] loss: 0.618
[29,   370] loss: 0.679
[29,   380] loss: 0.681
[29,   390] loss: 0.693
[29,   400] loss: 0.656
VALIDATION loss: 0.6594769954681396
[30,    10] loss: 0.649
[30,    20] loss: 0.655
[30,    30] loss: 0.607
[30,    40] loss: 0.654
[30,    50] loss: 0.639
[30,    60] loss: 0.619
[30,    70] loss: 0.610
[30,    80] loss: 0.670
[30,    90] loss: 0.607
[30,   100] loss: 0.698
[30,   110] loss: 0.655
[30,   120] loss: 0.599
[30,   130] loss: 0.681
[30,   140] loss: 0.676
[30,   150] loss: 0.655
[30,   160] loss: 0.692
[30,   170] loss: 0.636
[30,   180] loss: 0.645
[30,   190] loss: 0.635
[30,   200] loss: 0.664
[30,   210] loss: 0.665
[30,   220] loss: 0.632
[30,   230] loss: 0.695
[30,   240] loss: 0.649
[30,   250] loss: 0.685
[30,   260] loss: 0.683
[30,   270] loss: 0.679
[30,   280] loss: 0.677
[30,   290] loss: 0.644
[30,   300] loss: 0.678
[30,   310] loss: 0.628
[30,   320] loss: 0.659
[30,   330] loss: 0.618
[30,   340] loss: 0.623
[30,   350] loss: 0.651
[30,   360] loss: 0.661
[30,   370] loss: 0.630
[30,   380] loss: 0.650
[30,   390] loss: 0.617
[30,   400] loss: 0.675
VALIDATION loss: 0.598380446434021
[31,    10] loss: 0.677
[31,    20] loss: 0.624
[31,    30] loss: 0.659
[31,    40] loss: 0.663
[31,    50] loss: 0.655
[31,    60] loss: 0.591
[31,    70] loss: 0.650
[31,    80] loss: 0.603
[31,    90] loss: 0.681
[31,   100] loss: 0.654
[31,   110] loss: 0.627
[31,   120] loss: 0.695
[31,   130] loss: 0.654
[31,   140] loss: 0.662
[31,   150] loss: 0.612
[31,   160] loss: 0.663
[31,   170] loss: 0.577
[31,   180] loss: 0.639
[31,   190] loss: 0.609
[31,   200] loss: 0.689
[31,   210] loss: 0.653
[31,   220] loss: 0.648
[31,   230] loss: 0.646
[31,   240] loss: 0.682
[31,   250] loss: 0.598
[31,   260] loss: 0.628
[31,   270] loss: 0.627
[31,   280] loss: 0.589
[31,   290] loss: 0.658
[31,   300] loss: 0.693
[31,   310] loss: 0.571
[31,   320] loss: 0.628
[31,   330] loss: 0.644
[31,   340] loss: 0.638
[31,   350] loss: 0.612
[31,   360] loss: 0.673
[31,   370] loss: 0.622
[31,   380] loss: 0.650
[31,   390] loss: 0.600
[31,   400] loss: 0.678
VALIDATION loss: 0.6715919375419617
[32,    10] loss: 0.575
[32,    20] loss: 0.600
[32,    30] loss: 0.625
[32,    40] loss: 0.595
[32,    50] loss: 0.661
[32,    60] loss: 0.638
[32,    70] loss: 0.625
[32,    80] loss: 0.664
[32,    90] loss: 0.677
[32,   100] loss: 0.649
[32,   110] loss: 0.688
[32,   120] loss: 0.584
[32,   130] loss: 0.623
[32,   140] loss: 0.595
[32,   150] loss: 0.658
[32,   160] loss: 0.564
[32,   170] loss: 0.639
[32,   180] loss: 0.604
[32,   190] loss: 0.606
[32,   200] loss: 0.568
[32,   210] loss: 0.630
[32,   220] loss: 0.653
[32,   230] loss: 0.636
[32,   240] loss: 0.630
[32,   250] loss: 0.649
[32,   260] loss: 0.646
[32,   270] loss: 0.628
[32,   280] loss: 0.625
[32,   290] loss: 0.637
[32,   300] loss: 0.692
[32,   310] loss: 0.587
[32,   320] loss: 0.620
[32,   330] loss: 0.630
[32,   340] loss: 0.600
[32,   350] loss: 0.688
[32,   360] loss: 0.615
[32,   370] loss: 0.601
[32,   380] loss: 0.605
[32,   390] loss: 0.606
[32,   400] loss: 0.679
VALIDATION loss: 0.6238017678260803
[33,    10] loss: 0.606
[33,    20] loss: 0.604
[33,    30] loss: 0.597
[33,    40] loss: 0.602
[33,    50] loss: 0.586
[33,    60] loss: 0.656
[33,    70] loss: 0.607
[33,    80] loss: 0.598
[33,    90] loss: 0.656
[33,   100] loss: 0.665
[33,   110] loss: 0.603
[33,   120] loss: 0.605
[33,   130] loss: 0.671
[33,   140] loss: 0.595
[33,   150] loss: 0.653
[33,   160] loss: 0.619
[33,   170] loss: 0.663
[33,   180] loss: 0.637
[33,   190] loss: 0.640
[33,   200] loss: 0.591
[33,   210] loss: 0.596
[33,   220] loss: 0.607
[33,   230] loss: 0.598
[33,   240] loss: 0.671
[33,   250] loss: 0.647
[33,   260] loss: 0.519
[33,   270] loss: 0.605
[33,   280] loss: 0.624
[33,   290] loss: 0.653
[33,   300] loss: 0.625
[33,   310] loss: 0.574
[33,   320] loss: 0.597
[33,   330] loss: 0.659
[33,   340] loss: 0.618
[33,   350] loss: 0.591
[33,   360] loss: 0.625
[33,   370] loss: 0.613
[33,   380] loss: 0.578
[33,   390] loss: 0.675
[33,   400] loss: 0.586
VALIDATION loss: 0.6018915176391602
[34,    10] loss: 0.628
[34,    20] loss: 0.593
[34,    30] loss: 0.606
[34,    40] loss: 0.556
[34,    50] loss: 0.572
[34,    60] loss: 0.626
[34,    70] loss: 0.658
[34,    80] loss: 0.584
[34,    90] loss: 0.596
[34,   100] loss: 0.624
[34,   110] loss: 0.614
[34,   120] loss: 0.611
[34,   130] loss: 0.622
[34,   140] loss: 0.599
[34,   150] loss: 0.568
[34,   160] loss: 0.655
[34,   170] loss: 0.609
[34,   180] loss: 0.589
[34,   190] loss: 0.641
[34,   200] loss: 0.559
[34,   210] loss: 0.575
[34,   220] loss: 0.616
[34,   230] loss: 0.640
[34,   240] loss: 0.594
[34,   250] loss: 0.588
[34,   260] loss: 0.582
[34,   270] loss: 0.597
[34,   280] loss: 0.546
[34,   290] loss: 0.578
[34,   300] loss: 0.624
[34,   310] loss: 0.530
[34,   320] loss: 0.612
[34,   330] loss: 0.640
[34,   340] loss: 0.608
[34,   350] loss: 0.643
[34,   360] loss: 0.615
[34,   370] loss: 0.592
[34,   380] loss: 0.606
[34,   390] loss: 0.617
[34,   400] loss: 0.653
VALIDATION loss: 0.5616704821586609
[35,    10] loss: 0.625
[35,    20] loss: 0.572
[35,    30] loss: 0.546
[35,    40] loss: 0.569
[35,    50] loss: 0.621
[35,    60] loss: 0.593
[35,    70] loss: 0.594
[35,    80] loss: 0.587
[35,    90] loss: 0.591
[35,   100] loss: 0.652
[35,   110] loss: 0.567
[35,   120] loss: 0.604
[35,   130] loss: 0.589
[35,   140] loss: 0.622
[35,   150] loss: 0.564
[35,   160] loss: 0.629
[35,   170] loss: 0.586
[35,   180] loss: 0.600
[35,   190] loss: 0.600
[35,   200] loss: 0.620
[35,   210] loss: 0.628
[35,   220] loss: 0.591
[35,   230] loss: 0.626
[35,   240] loss: 0.582
[35,   250] loss: 0.623
[35,   260] loss: 0.525
[35,   270] loss: 0.612
[35,   280] loss: 0.614
[35,   290] loss: 0.587
[35,   300] loss: 0.581
[35,   310] loss: 0.629
[35,   320] loss: 0.561
[35,   330] loss: 0.610
[35,   340] loss: 0.563
[35,   350] loss: 0.612
[35,   360] loss: 0.630
[35,   370] loss: 0.594
[35,   380] loss: 0.602
[35,   390] loss: 0.588
[35,   400] loss: 0.612
VALIDATION loss: 0.705198347568512
[36,    10] loss: 0.663
[36,    20] loss: 0.618
[36,    30] loss: 0.602
[36,    40] loss: 0.613
[36,    50] loss: 0.583
[36,    60] loss: 0.580
[36,    70] loss: 0.540
[36,    80] loss: 0.614
[36,    90] loss: 0.546
[36,   100] loss: 0.599
[36,   110] loss: 0.636
[36,   120] loss: 0.574
[36,   130] loss: 0.612
[36,   140] loss: 0.561
[36,   150] loss: 0.591
[36,   160] loss: 0.585
[36,   170] loss: 0.564
[36,   180] loss: 0.564
[36,   190] loss: 0.582
[36,   200] loss: 0.579
[36,   210] loss: 0.633
[36,   220] loss: 0.582
[36,   230] loss: 0.608
[36,   240] loss: 0.586
[36,   250] loss: 0.555
[36,   260] loss: 0.629
[36,   270] loss: 0.593
[36,   280] loss: 0.603
[36,   290] loss: 0.608
[36,   300] loss: 0.590
[36,   310] loss: 0.617
[36,   320] loss: 0.602
[36,   330] loss: 0.542
[36,   340] loss: 0.570
[36,   350] loss: 0.580
[36,   360] loss: 0.603
[36,   370] loss: 0.563
[36,   380] loss: 0.546
[36,   390] loss: 0.613
[36,   400] loss: 0.631
VALIDATION loss: 0.5764759182929993
[37,    10] loss: 0.597
[37,    20] loss: 0.551
[37,    30] loss: 0.588
[37,    40] loss: 0.601
[37,    50] loss: 0.552
[37,    60] loss: 0.620
[37,    70] loss: 0.568
[37,    80] loss: 0.626
[37,    90] loss: 0.614
[37,   100] loss: 0.556
[37,   110] loss: 0.637
[37,   120] loss: 0.570
[37,   130] loss: 0.563
[37,   140] loss: 0.583
[37,   150] loss: 0.583
[37,   160] loss: 0.578
[37,   170] loss: 0.582
[37,   180] loss: 0.552
[37,   190] loss: 0.581
[37,   200] loss: 0.583
[37,   210] loss: 0.567
[37,   220] loss: 0.551
[37,   230] loss: 0.549
[37,   240] loss: 0.547
[37,   250] loss: 0.622
[37,   260] loss: 0.578
[37,   270] loss: 0.562
[37,   280] loss: 0.550
[37,   290] loss: 0.573
[37,   300] loss: 0.579
[37,   310] loss: 0.583
[37,   320] loss: 0.562
[37,   330] loss: 0.562
[37,   340] loss: 0.603
[37,   350] loss: 0.584
[37,   360] loss: 0.570
[37,   370] loss: 0.595
[37,   380] loss: 0.579
[37,   390] loss: 0.575
[37,   400] loss: 0.557
VALIDATION loss: 0.6003870368003845
[38,    10] loss: 0.557
[38,    20] loss: 0.621
[38,    30] loss: 0.577
[38,    40] loss: 0.528
[38,    50] loss: 0.513
[38,    60] loss: 0.574
[38,    70] loss: 0.589
[38,    80] loss: 0.615
[38,    90] loss: 0.486
[38,   100] loss: 0.534
[38,   110] loss: 0.620
[38,   120] loss: 0.610
[38,   130] loss: 0.592
[38,   140] loss: 0.593
[38,   150] loss: 0.569
[38,   160] loss: 0.584
[38,   170] loss: 0.573
[38,   180] loss: 0.574
[38,   190] loss: 0.549
[38,   200] loss: 0.561
[38,   210] loss: 0.533
[38,   220] loss: 0.560
[38,   230] loss: 0.586
[38,   240] loss: 0.592
[38,   250] loss: 0.582
[38,   260] loss: 0.610
[38,   270] loss: 0.556
[38,   280] loss: 0.573
[38,   290] loss: 0.524
[38,   300] loss: 0.532
[38,   310] loss: 0.572
[38,   320] loss: 0.538
[38,   330] loss: 0.514
[38,   340] loss: 0.601
[38,   350] loss: 0.545
[38,   360] loss: 0.551
[38,   370] loss: 0.606
[38,   380] loss: 0.535
[38,   390] loss: 0.603
[38,   400] loss: 0.580
VALIDATION loss: 0.5302228331565857
[39,    10] loss: 0.554
[39,    20] loss: 0.626
[39,    30] loss: 0.531
[39,    40] loss: 0.620
[39,    50] loss: 0.611
[39,    60] loss: 0.555
[39,    70] loss: 0.541
[39,    80] loss: 0.551
[39,    90] loss: 0.608
[39,   100] loss: 0.486
[39,   110] loss: 0.521
[39,   120] loss: 0.570
[39,   130] loss: 0.592
[39,   140] loss: 0.517
[39,   150] loss: 0.601
[39,   160] loss: 0.557
[39,   170] loss: 0.500
[39,   180] loss: 0.548
[39,   190] loss: 0.592
[39,   200] loss: 0.540
[39,   210] loss: 0.531
[39,   220] loss: 0.647
[39,   230] loss: 0.533
[39,   240] loss: 0.553
[39,   250] loss: 0.554
[39,   260] loss: 0.633
[39,   270] loss: 0.646
[39,   280] loss: 0.536
[39,   290] loss: 0.564
[39,   300] loss: 0.557
[39,   310] loss: 0.611
[39,   320] loss: 0.544
[39,   330] loss: 0.515
[39,   340] loss: 0.590
[39,   350] loss: 0.527
[39,   360] loss: 0.535
[39,   370] loss: 0.615
[39,   380] loss: 0.552
[39,   390] loss: 0.574
[39,   400] loss: 0.560
VALIDATION loss: 0.5335726737976074
[40,    10] loss: 0.541
[40,    20] loss: 0.596
[40,    30] loss: 0.582
[40,    40] loss: 0.563
[40,    50] loss: 0.509
[40,    60] loss: 0.565
[40,    70] loss: 0.581
[40,    80] loss: 0.554
[40,    90] loss: 0.542
[40,   100] loss: 0.551
[40,   110] loss: 0.517
[40,   120] loss: 0.547
[40,   130] loss: 0.541
[40,   140] loss: 0.601
[40,   150] loss: 0.488
[40,   160] loss: 0.524
[40,   170] loss: 0.623
[40,   180] loss: 0.552
[40,   190] loss: 0.532
[40,   200] loss: 0.552
[40,   210] loss: 0.603
[40,   220] loss: 0.574
[40,   230] loss: 0.583
[40,   240] loss: 0.567
[40,   250] loss: 0.585
[40,   260] loss: 0.561
[40,   270] loss: 0.559
[40,   280] loss: 0.545
[40,   290] loss: 0.487
[40,   300] loss: 0.535
[40,   310] loss: 0.536
[40,   320] loss: 0.519
[40,   330] loss: 0.592
[40,   340] loss: 0.527
[40,   350] loss: 0.524
[40,   360] loss: 0.586
[40,   370] loss: 0.546
[40,   380] loss: 0.555
[40,   390] loss: 0.577
[40,   400] loss: 0.501
VALIDATION loss: 0.8410852551460266
[41,    10] loss: 0.566
[41,    20] loss: 0.558
[41,    30] loss: 0.550
[41,    40] loss: 0.600
[41,    50] loss: 0.572
[41,    60] loss: 0.516
[41,    70] loss: 0.552
[41,    80] loss: 0.510
[41,    90] loss: 0.468
[41,   100] loss: 0.565
[41,   110] loss: 0.590
[41,   120] loss: 0.567
[41,   130] loss: 0.536
[41,   140] loss: 0.514
[41,   150] loss: 0.546
[41,   160] loss: 0.534
[41,   170] loss: 0.640
[41,   180] loss: 0.584
[41,   190] loss: 0.548
[41,   200] loss: 0.508
[41,   210] loss: 0.575
[41,   220] loss: 0.597
[41,   230] loss: 0.548
[41,   240] loss: 0.535
[41,   250] loss: 0.527
[41,   260] loss: 0.581
[41,   270] loss: 0.545
[41,   280] loss: 0.567
[41,   290] loss: 0.512
[41,   300] loss: 0.470
[41,   310] loss: 0.605
[41,   320] loss: 0.525
[41,   330] loss: 0.528
[41,   340] loss: 0.532
[41,   350] loss: 0.552
[41,   360] loss: 0.496
[41,   370] loss: 0.529
[41,   380] loss: 0.572
[41,   390] loss: 0.573
[41,   400] loss: 0.527
VALIDATION loss: 0.5007768869400024
[42,    10] loss: 0.577
[42,    20] loss: 0.526
[42,    30] loss: 0.564
[42,    40] loss: 0.547
[42,    50] loss: 0.552
[42,    60] loss: 0.535
[42,    70] loss: 0.516
[42,    80] loss: 0.517
[42,    90] loss: 0.510
[42,   100] loss: 0.563
[42,   110] loss: 0.553
[42,   120] loss: 0.555
[42,   130] loss: 0.552
[42,   140] loss: 0.583
[42,   150] loss: 0.579
[42,   160] loss: 0.489
[42,   170] loss: 0.572
[42,   180] loss: 0.581
[42,   190] loss: 0.578
[42,   200] loss: 0.531
[42,   210] loss: 0.484
[42,   220] loss: 0.637
[42,   230] loss: 0.546
[42,   240] loss: 0.552
[42,   250] loss: 0.520
[42,   260] loss: 0.506
[42,   270] loss: 0.539
[42,   280] loss: 0.523
[42,   290] loss: 0.616
[42,   300] loss: 0.528
[42,   310] loss: 0.493
[42,   320] loss: 0.545
[42,   330] loss: 0.513
[42,   340] loss: 0.483
[42,   350] loss: 0.467
[42,   360] loss: 0.478
[42,   370] loss: 0.504
[42,   380] loss: 0.505
[42,   390] loss: 0.517
[42,   400] loss: 0.484
VALIDATION loss: 0.5081454515457153
[43,    10] loss: 0.528
[43,    20] loss: 0.553
[43,    30] loss: 0.511
[43,    40] loss: 0.591
[43,    50] loss: 0.523
[43,    60] loss: 0.544
[43,    70] loss: 0.532
[43,    80] loss: 0.508
[43,    90] loss: 0.550
[43,   100] loss: 0.491
[43,   110] loss: 0.487
[43,   120] loss: 0.507
[43,   130] loss: 0.539
[43,   140] loss: 0.545
[43,   150] loss: 0.484
[43,   160] loss: 0.542
[43,   170] loss: 0.497
[43,   180] loss: 0.560
[43,   190] loss: 0.628
[43,   200] loss: 0.536
[43,   210] loss: 0.494
[43,   220] loss: 0.513
[43,   230] loss: 0.541
[43,   240] loss: 0.615
[43,   250] loss: 0.487
[43,   260] loss: 0.555
[43,   270] loss: 0.578
[43,   280] loss: 0.566
[43,   290] loss: 0.528
[43,   300] loss: 0.479
[43,   310] loss: 0.501
[43,   320] loss: 0.473
[43,   330] loss: 0.575
[43,   340] loss: 0.512
[43,   350] loss: 0.524
[43,   360] loss: 0.536
[43,   370] loss: 0.530
[43,   380] loss: 0.487
[43,   390] loss: 0.464
[43,   400] loss: 0.531
VALIDATION loss: 0.5905089378356934
[44,    10] loss: 0.523
[44,    20] loss: 0.553
[44,    30] loss: 0.559
[44,    40] loss: 0.573
[44,    50] loss: 0.484
[44,    60] loss: 0.523
[44,    70] loss: 0.517
[44,    80] loss: 0.508
[44,    90] loss: 0.530
[44,   100] loss: 0.548
[44,   110] loss: 0.486
[44,   120] loss: 0.528
[44,   130] loss: 0.553
[44,   140] loss: 0.572
[44,   150] loss: 0.558
[44,   160] loss: 0.533
[44,   170] loss: 0.539
[44,   180] loss: 0.510
[44,   190] loss: 0.509
[44,   200] loss: 0.533
[44,   210] loss: 0.485
[44,   220] loss: 0.502
[44,   230] loss: 0.513
[44,   240] loss: 0.491
[44,   250] loss: 0.583
[44,   260] loss: 0.495
[44,   270] loss: 0.506
[44,   280] loss: 0.494
[44,   290] loss: 0.516
[44,   300] loss: 0.528
[44,   310] loss: 0.505
[44,   320] loss: 0.488
[44,   330] loss: 0.547
[44,   340] loss: 0.493
[44,   350] loss: 0.564
[44,   360] loss: 0.517
[44,   370] loss: 0.536
[44,   380] loss: 0.494
[44,   390] loss: 0.523
[44,   400] loss: 0.509
VALIDATION loss: 0.5136807560920715
[45,    10] loss: 0.490
[45,    20] loss: 0.532
[45,    30] loss: 0.512
[45,    40] loss: 0.550
[45,    50] loss: 0.552
[45,    60] loss: 0.504
[45,    70] loss: 0.536
[45,    80] loss: 0.542
[45,    90] loss: 0.495
[45,   100] loss: 0.513
[45,   110] loss: 0.465
[45,   120] loss: 0.527
[45,   130] loss: 0.516
[45,   140] loss: 0.475
[45,   150] loss: 0.541
[45,   160] loss: 0.551
[45,   170] loss: 0.474
[45,   180] loss: 0.514
[45,   190] loss: 0.487
[45,   200] loss: 0.540
[45,   210] loss: 0.465
[45,   220] loss: 0.487
[45,   230] loss: 0.517
[45,   240] loss: 0.498
[45,   250] loss: 0.488
[45,   260] loss: 0.532
[45,   270] loss: 0.487
[45,   280] loss: 0.546
[45,   290] loss: 0.537
[45,   300] loss: 0.519
[45,   310] loss: 0.528
[45,   320] loss: 0.532
[45,   330] loss: 0.518
[45,   340] loss: 0.511
[45,   350] loss: 0.506
[45,   360] loss: 0.547
[45,   370] loss: 0.567
[45,   380] loss: 0.491
[45,   390] loss: 0.481
[45,   400] loss: 0.550
VALIDATION loss: 0.5249788761138916
[46,    10] loss: 0.533
[46,    20] loss: 0.559
[46,    30] loss: 0.450
[46,    40] loss: 0.517
[46,    50] loss: 0.530
[46,    60] loss: 0.494
[46,    70] loss: 0.555
[46,    80] loss: 0.555
[46,    90] loss: 0.482
[46,   100] loss: 0.491
[46,   110] loss: 0.476
[46,   120] loss: 0.492
[46,   130] loss: 0.456
[46,   140] loss: 0.453
[46,   150] loss: 0.472
[46,   160] loss: 0.535
[46,   170] loss: 0.508
[46,   180] loss: 0.482
[46,   190] loss: 0.529
[46,   200] loss: 0.538
[46,   210] loss: 0.595
[46,   220] loss: 0.476
[46,   230] loss: 0.563
[46,   240] loss: 0.520
[46,   250] loss: 0.541
[46,   260] loss: 0.531
[46,   270] loss: 0.481
[46,   280] loss: 0.496
[46,   290] loss: 0.494
[46,   300] loss: 0.505
[46,   310] loss: 0.551
[46,   320] loss: 0.520
[46,   330] loss: 0.506
[46,   340] loss: 0.556
[46,   350] loss: 0.511
[46,   360] loss: 0.529
[46,   370] loss: 0.482
[46,   380] loss: 0.475
[46,   390] loss: 0.557
[46,   400] loss: 0.543
VALIDATION loss: 0.4888247549533844
[47,    10] loss: 0.504
[47,    20] loss: 0.473
[47,    30] loss: 0.505
[47,    40] loss: 0.518
[47,    50] loss: 0.497
[47,    60] loss: 0.525
[47,    70] loss: 0.479
[47,    80] loss: 0.552
[47,    90] loss: 0.541
[47,   100] loss: 0.471
[47,   110] loss: 0.512
[47,   120] loss: 0.502
[47,   130] loss: 0.494
[47,   140] loss: 0.526
[47,   150] loss: 0.535
[47,   160] loss: 0.492
[47,   170] loss: 0.489
[47,   180] loss: 0.553
[47,   190] loss: 0.456
[47,   200] loss: 0.494
[47,   210] loss: 0.517
[47,   220] loss: 0.457
[47,   230] loss: 0.530
[47,   240] loss: 0.525
[47,   250] loss: 0.459
[47,   260] loss: 0.511
[47,   270] loss: 0.498
[47,   280] loss: 0.475
[47,   290] loss: 0.465
[47,   300] loss: 0.495
[47,   310] loss: 0.478
[47,   320] loss: 0.486
[47,   330] loss: 0.509
[47,   340] loss: 0.469
[47,   350] loss: 0.522
[47,   360] loss: 0.542
[47,   370] loss: 0.515
[47,   380] loss: 0.494
[47,   390] loss: 0.504
[47,   400] loss: 0.497
VALIDATION loss: 0.5374528169631958
[48,    10] loss: 0.474
[48,    20] loss: 0.468
[48,    30] loss: 0.499
[48,    40] loss: 0.496
[48,    50] loss: 0.486
[48,    60] loss: 0.529
[48,    70] loss: 0.452
[48,    80] loss: 0.492
[48,    90] loss: 0.481
[48,   100] loss: 0.481
[48,   110] loss: 0.504
[48,   120] loss: 0.525
[48,   130] loss: 0.501
[48,   140] loss: 0.486
[48,   150] loss: 0.462
[48,   160] loss: 0.513
[48,   170] loss: 0.511
[48,   180] loss: 0.492
[48,   190] loss: 0.485
[48,   200] loss: 0.481
[48,   210] loss: 0.515
[48,   220] loss: 0.480
[48,   230] loss: 0.514
[48,   240] loss: 0.475
[48,   250] loss: 0.477
[48,   260] loss: 0.489
[48,   270] loss: 0.518
[48,   280] loss: 0.478
[48,   290] loss: 0.486
[48,   300] loss: 0.509
[48,   310] loss: 0.545
[48,   320] loss: 0.518
[48,   330] loss: 0.529
[48,   340] loss: 0.526
[48,   350] loss: 0.546
[48,   360] loss: 0.510
[48,   370] loss: 0.556
[48,   380] loss: 0.485
[48,   390] loss: 0.499
[48,   400] loss: 0.466
VALIDATION loss: 0.47326815128326416
[49,    10] loss: 0.509
[49,    20] loss: 0.461
[49,    30] loss: 0.500
[49,    40] loss: 0.514
[49,    50] loss: 0.495
[49,    60] loss: 0.457
[49,    70] loss: 0.484
[49,    80] loss: 0.478
[49,    90] loss: 0.476
[49,   100] loss: 0.525
[49,   110] loss: 0.535
[49,   120] loss: 0.492
[49,   130] loss: 0.567
[49,   140] loss: 0.525
[49,   150] loss: 0.485
[49,   160] loss: 0.512
[49,   170] loss: 0.511
[49,   180] loss: 0.444
[49,   190] loss: 0.497
[49,   200] loss: 0.482
[49,   210] loss: 0.547
[49,   220] loss: 0.477
[49,   230] loss: 0.488
[49,   240] loss: 0.477
[49,   250] loss: 0.509
[49,   260] loss: 0.471
[49,   270] loss: 0.492
[49,   280] loss: 0.501
[49,   290] loss: 0.503
[49,   300] loss: 0.448
[49,   310] loss: 0.465
[49,   320] loss: 0.490
[49,   330] loss: 0.503
[49,   340] loss: 0.515
[49,   350] loss: 0.443
[49,   360] loss: 0.530
[49,   370] loss: 0.461
[49,   380] loss: 0.472
[49,   390] loss: 0.469
[49,   400] loss: 0.478
VALIDATION loss: 0.5514535307884216
[50,    10] loss: 0.465
[50,    20] loss: 0.473
[50,    30] loss: 0.528
[50,    40] loss: 0.439
[50,    50] loss: 0.493
[50,    60] loss: 0.474
[50,    70] loss: 0.514
[50,    80] loss: 0.442
[50,    90] loss: 0.520
[50,   100] loss: 0.482
[50,   110] loss: 0.542
[50,   120] loss: 0.479
[50,   130] loss: 0.460
[50,   140] loss: 0.493
[50,   150] loss: 0.481
[50,   160] loss: 0.464
[50,   170] loss: 0.459
[50,   180] loss: 0.498
[50,   190] loss: 0.454
[50,   200] loss: 0.495
[50,   210] loss: 0.477
[50,   220] loss: 0.508
[50,   230] loss: 0.530
[50,   240] loss: 0.469
[50,   250] loss: 0.447
[50,   260] loss: 0.494
[50,   270] loss: 0.490
[50,   280] loss: 0.476
[50,   290] loss: 0.446
[50,   300] loss: 0.505
[50,   310] loss: 0.481
[50,   320] loss: 0.495
[50,   330] loss: 0.491
[50,   340] loss: 0.429
[50,   350] loss: 0.462
[50,   360] loss: 0.467
[50,   370] loss: 0.538
[50,   380] loss: 0.530
[50,   390] loss: 0.489
[50,   400] loss: 0.442
VALIDATION loss: 0.47198373079299927
[51,    10] loss: 0.486
[51,    20] loss: 0.451
[51,    30] loss: 0.449
[51,    40] loss: 0.482
[51,    50] loss: 0.525
[51,    60] loss: 0.495
[51,    70] loss: 0.489
[51,    80] loss: 0.473
[51,    90] loss: 0.484
[51,   100] loss: 0.459
[51,   110] loss: 0.439
[51,   120] loss: 0.475
[51,   130] loss: 0.447
[51,   140] loss: 0.519
[51,   150] loss: 0.473
[51,   160] loss: 0.498
[51,   170] loss: 0.434
[51,   180] loss: 0.534
[51,   190] loss: 0.455
[51,   200] loss: 0.456
[51,   210] loss: 0.498
[51,   220] loss: 0.469
[51,   230] loss: 0.481
[51,   240] loss: 0.458
[51,   250] loss: 0.442
[51,   260] loss: 0.479
[51,   270] loss: 0.491
[51,   280] loss: 0.454
[51,   290] loss: 0.445
[51,   300] loss: 0.429
[51,   310] loss: 0.470
[51,   320] loss: 0.508
[51,   330] loss: 0.454
[51,   340] loss: 0.518
[51,   350] loss: 0.500
[51,   360] loss: 0.469
[51,   370] loss: 0.468
[51,   380] loss: 0.470
[51,   390] loss: 0.504
[51,   400] loss: 0.549
VALIDATION loss: 0.5114778876304626
[52,    10] loss: 0.471
[52,    20] loss: 0.468
[52,    30] loss: 0.499
[52,    40] loss: 0.478
[52,    50] loss: 0.483
[52,    60] loss: 0.458
[52,    70] loss: 0.478
[52,    80] loss: 0.516
[52,    90] loss: 0.491
[52,   100] loss: 0.510
[52,   110] loss: 0.467
[52,   120] loss: 0.435
[52,   130] loss: 0.475
[52,   140] loss: 0.455
[52,   150] loss: 0.473
[52,   160] loss: 0.519
[52,   170] loss: 0.511
[52,   180] loss: 0.448
[52,   190] loss: 0.475
[52,   200] loss: 0.444
[52,   210] loss: 0.444
[52,   220] loss: 0.440
[52,   230] loss: 0.434
[52,   240] loss: 0.449
[52,   250] loss: 0.461
[52,   260] loss: 0.492
[52,   270] loss: 0.445
[52,   280] loss: 0.442
[52,   290] loss: 0.419
[52,   300] loss: 0.464
[52,   310] loss: 0.441
[52,   320] loss: 0.420
[52,   330] loss: 0.482
[52,   340] loss: 0.481
[52,   350] loss: 0.466
[52,   360] loss: 0.501
[52,   370] loss: 0.479
[52,   380] loss: 0.467
[52,   390] loss: 0.502
[52,   400] loss: 0.493
VALIDATION loss: 0.4946388304233551
[53,    10] loss: 0.507
[53,    20] loss: 0.509
[53,    30] loss: 0.450
[53,    40] loss: 0.452
[53,    50] loss: 0.432
[53,    60] loss: 0.482
[53,    70] loss: 0.436
[53,    80] loss: 0.492
[53,    90] loss: 0.519
[53,   100] loss: 0.469
[53,   110] loss: 0.444
[53,   120] loss: 0.429
[53,   130] loss: 0.503
[53,   140] loss: 0.472
[53,   150] loss: 0.517
[53,   160] loss: 0.513
[53,   170] loss: 0.452
[53,   180] loss: 0.466
[53,   190] loss: 0.464
[53,   200] loss: 0.443
[53,   210] loss: 0.449
[53,   220] loss: 0.473
[53,   230] loss: 0.482
[53,   240] loss: 0.536
[53,   250] loss: 0.496
[53,   260] loss: 0.457
[53,   270] loss: 0.446
[53,   280] loss: 0.453
[53,   290] loss: 0.443
[53,   300] loss: 0.435
[53,   310] loss: 0.409
[53,   320] loss: 0.447
[53,   330] loss: 0.495
[53,   340] loss: 0.453
[53,   350] loss: 0.469
[53,   360] loss: 0.466
[53,   370] loss: 0.481
[53,   380] loss: 0.502
[53,   390] loss: 0.444
[53,   400] loss: 0.454
VALIDATION loss: 0.4643504321575165
[54,    10] loss: 0.451
[54,    20] loss: 0.425
[54,    30] loss: 0.392
[54,    40] loss: 0.458
[54,    50] loss: 0.492
[54,    60] loss: 0.485
[54,    70] loss: 0.487
[54,    80] loss: 0.420
[54,    90] loss: 0.457
[54,   100] loss: 0.461
[54,   110] loss: 0.460
[54,   120] loss: 0.439
[54,   130] loss: 0.458
[54,   140] loss: 0.509
[54,   150] loss: 0.475
[54,   160] loss: 0.448
[54,   170] loss: 0.448
[54,   180] loss: 0.462
[54,   190] loss: 0.435
[54,   200] loss: 0.440
[54,   210] loss: 0.477
[54,   220] loss: 0.480
[54,   230] loss: 0.443
[54,   240] loss: 0.463
[54,   250] loss: 0.432
[54,   260] loss: 0.427
[54,   270] loss: 0.526
[54,   280] loss: 0.481
[54,   290] loss: 0.471
[54,   300] loss: 0.415
[54,   310] loss: 0.488
[54,   320] loss: 0.455
[54,   330] loss: 0.438
[54,   340] loss: 0.469
[54,   350] loss: 0.458
[54,   360] loss: 0.447
[54,   370] loss: 0.506
[54,   380] loss: 0.395
[54,   390] loss: 0.506
[54,   400] loss: 0.463
VALIDATION loss: 0.4971156120300293
[55,    10] loss: 0.491
[55,    20] loss: 0.483
[55,    30] loss: 0.445
[55,    40] loss: 0.471
[55,    50] loss: 0.395
[55,    60] loss: 0.459
[55,    70] loss: 0.448
[55,    80] loss: 0.431
[55,    90] loss: 0.499
[55,   100] loss: 0.428
[55,   110] loss: 0.492
[55,   120] loss: 0.400
[55,   130] loss: 0.483
[55,   140] loss: 0.427
[55,   150] loss: 0.432
[55,   160] loss: 0.489
[55,   170] loss: 0.436
[55,   180] loss: 0.435
[55,   190] loss: 0.466
[55,   200] loss: 0.495
[55,   210] loss: 0.424
[55,   220] loss: 0.512
[55,   230] loss: 0.434
[55,   240] loss: 0.384
[55,   250] loss: 0.415
[55,   260] loss: 0.475
[55,   270] loss: 0.457
[55,   280] loss: 0.430
[55,   290] loss: 0.474
[55,   300] loss: 0.474
[55,   310] loss: 0.475
[55,   320] loss: 0.503
[55,   330] loss: 0.399
[55,   340] loss: 0.386
[55,   350] loss: 0.510
[55,   360] loss: 0.500
[55,   370] loss: 0.442
[55,   380] loss: 0.476
[55,   390] loss: 0.426
[55,   400] loss: 0.451
VALIDATION loss: 0.5305467844009399
[56,    10] loss: 0.428
[56,    20] loss: 0.500
[56,    30] loss: 0.420
[56,    40] loss: 0.497
[56,    50] loss: 0.447
[56,    60] loss: 0.445
[56,    70] loss: 0.511
[56,    80] loss: 0.441
[56,    90] loss: 0.442
[56,   100] loss: 0.512
[56,   110] loss: 0.484
[56,   120] loss: 0.447
[56,   130] loss: 0.445
[56,   140] loss: 0.442
[56,   150] loss: 0.440
[56,   160] loss: 0.454
[56,   170] loss: 0.490
[56,   180] loss: 0.447
[56,   190] loss: 0.428
[56,   200] loss: 0.403
[56,   210] loss: 0.488
[56,   220] loss: 0.425
[56,   230] loss: 0.463
[56,   240] loss: 0.443
[56,   250] loss: 0.425
[56,   260] loss: 0.451
[56,   270] loss: 0.443
[56,   280] loss: 0.462
[56,   290] loss: 0.406
[56,   300] loss: 0.450
[56,   310] loss: 0.411
[56,   320] loss: 0.427
[56,   330] loss: 0.441
[56,   340] loss: 0.390
[56,   350] loss: 0.474
[56,   360] loss: 0.380
[56,   370] loss: 0.405
[56,   380] loss: 0.445
[56,   390] loss: 0.453
[56,   400] loss: 0.454
VALIDATION loss: 0.4303211271762848
[57,    10] loss: 0.467
[57,    20] loss: 0.449
[57,    30] loss: 0.433
[57,    40] loss: 0.485
[57,    50] loss: 0.425
[57,    60] loss: 0.487
[57,    70] loss: 0.504
[57,    80] loss: 0.436
[57,    90] loss: 0.423
[57,   100] loss: 0.413
[57,   110] loss: 0.456
[57,   120] loss: 0.438
[57,   130] loss: 0.448
[57,   140] loss: 0.485
[57,   150] loss: 0.427
[57,   160] loss: 0.419
[57,   170] loss: 0.428
[57,   180] loss: 0.418
[57,   190] loss: 0.466
[57,   200] loss: 0.412
[57,   210] loss: 0.441
[57,   220] loss: 0.423
[57,   230] loss: 0.426
[57,   240] loss: 0.418
[57,   250] loss: 0.502
[57,   260] loss: 0.450
[57,   270] loss: 0.422
[57,   280] loss: 0.476
[57,   290] loss: 0.393
[57,   300] loss: 0.480
[57,   310] loss: 0.383
[57,   320] loss: 0.456
[57,   330] loss: 0.406
[57,   340] loss: 0.452
[57,   350] loss: 0.416
[57,   360] loss: 0.475
[57,   370] loss: 0.393
[57,   380] loss: 0.416
[57,   390] loss: 0.419
[57,   400] loss: 0.498
VALIDATION loss: 0.4195162355899811
[58,    10] loss: 0.406
[58,    20] loss: 0.453
[58,    30] loss: 0.398
[58,    40] loss: 0.540
[58,    50] loss: 0.491
[58,    60] loss: 0.425
[58,    70] loss: 0.494
[58,    80] loss: 0.455
[58,    90] loss: 0.434
[58,   100] loss: 0.447
[58,   110] loss: 0.484
[58,   120] loss: 0.421
[58,   130] loss: 0.431
[58,   140] loss: 0.438
[58,   150] loss: 0.442
[58,   160] loss: 0.513
[58,   170] loss: 0.424
[58,   180] loss: 0.422
[58,   190] loss: 0.405
[58,   200] loss: 0.521
[58,   210] loss: 0.419
[58,   220] loss: 0.423
[58,   230] loss: 0.441
[58,   240] loss: 0.487
[58,   250] loss: 0.467
[58,   260] loss: 0.420
[58,   270] loss: 0.443
[58,   280] loss: 0.421
[58,   290] loss: 0.377
[58,   300] loss: 0.420
[58,   310] loss: 0.434
[58,   320] loss: 0.470
[58,   330] loss: 0.425
[58,   340] loss: 0.420
[58,   350] loss: 0.446
[58,   360] loss: 0.444
[58,   370] loss: 0.405
[58,   380] loss: 0.379
[58,   390] loss: 0.414
[58,   400] loss: 0.436
VALIDATION loss: 0.6270861029624939
[59,    10] loss: 0.435
[59,    20] loss: 0.454
[59,    30] loss: 0.393
[59,    40] loss: 0.421
[59,    50] loss: 0.401
[59,    60] loss: 0.431
[59,    70] loss: 0.441
[59,    80] loss: 0.442
[59,    90] loss: 0.445
[59,   100] loss: 0.451
[59,   110] loss: 0.449
[59,   120] loss: 0.493
[59,   130] loss: 0.420
[59,   140] loss: 0.421
[59,   150] loss: 0.429
[59,   160] loss: 0.454
[59,   170] loss: 0.465
[59,   180] loss: 0.348
[59,   190] loss: 0.380
[59,   200] loss: 0.399
[59,   210] loss: 0.455
[59,   220] loss: 0.452
[59,   230] loss: 0.445
[59,   240] loss: 0.424
[59,   250] loss: 0.439
[59,   260] loss: 0.435
[59,   270] loss: 0.416
[59,   280] loss: 0.413
[59,   290] loss: 0.448
[59,   300] loss: 0.459
[59,   310] loss: 0.399
[59,   320] loss: 0.486
[59,   330] loss: 0.418
[59,   340] loss: 0.435
[59,   350] loss: 0.402
[59,   360] loss: 0.397
[59,   370] loss: 0.407
[59,   380] loss: 0.471
[59,   390] loss: 0.452
[59,   400] loss: 0.438
VALIDATION loss: 0.40990063548088074
[60,    10] loss: 0.454
[60,    20] loss: 0.443
[60,    30] loss: 0.383
[60,    40] loss: 0.480
[60,    50] loss: 0.433
[60,    60] loss: 0.457
[60,    70] loss: 0.435
[60,    80] loss: 0.425
[60,    90] loss: 0.412
[60,   100] loss: 0.438
[60,   110] loss: 0.381
[60,   120] loss: 0.434
[60,   130] loss: 0.469
[60,   140] loss: 0.378
[60,   150] loss: 0.424
[60,   160] loss: 0.424
[60,   170] loss: 0.412
[60,   180] loss: 0.423
[60,   190] loss: 0.378
[60,   200] loss: 0.455
[60,   210] loss: 0.450
[60,   220] loss: 0.453
[60,   230] loss: 0.411
[60,   240] loss: 0.384
[60,   250] loss: 0.413
[60,   260] loss: 0.452
[60,   270] loss: 0.460
[60,   280] loss: 0.465
[60,   290] loss: 0.406
[60,   300] loss: 0.419
[60,   310] loss: 0.430
[60,   320] loss: 0.441
[60,   330] loss: 0.374
[60,   340] loss: 0.459
[60,   350] loss: 0.400
[60,   360] loss: 0.432
[60,   370] loss: 0.444
[60,   380] loss: 0.456
[60,   390] loss: 0.424
[60,   400] loss: 0.448
VALIDATION loss: 0.45251739025115967
[61,    10] loss: 0.408
[61,    20] loss: 0.447
[61,    30] loss: 0.448
[61,    40] loss: 0.410
[61,    50] loss: 0.461
[61,    60] loss: 0.445
[61,    70] loss: 0.437
[61,    80] loss: 0.407
[61,    90] loss: 0.452
[61,   100] loss: 0.395
[61,   110] loss: 0.395
[61,   120] loss: 0.396
[61,   130] loss: 0.447
[61,   140] loss: 0.409
[61,   150] loss: 0.429
[61,   160] loss: 0.414
[61,   170] loss: 0.409
[61,   180] loss: 0.433
[61,   190] loss: 0.401
[61,   200] loss: 0.407
[61,   210] loss: 0.401
[61,   220] loss: 0.437
[61,   230] loss: 0.378
[61,   240] loss: 0.396
[61,   250] loss: 0.453
[61,   260] loss: 0.455
[61,   270] loss: 0.439
[61,   280] loss: 0.427
[61,   290] loss: 0.428
[61,   300] loss: 0.422
[61,   310] loss: 0.410
[61,   320] loss: 0.457
[61,   330] loss: 0.413
[61,   340] loss: 0.379
[61,   350] loss: 0.427
[61,   360] loss: 0.395
[61,   370] loss: 0.386
[61,   380] loss: 0.412
[61,   390] loss: 0.466
[61,   400] loss: 0.443
VALIDATION loss: 0.4410383999347687
[62,    10] loss: 0.380
[62,    20] loss: 0.394
[62,    30] loss: 0.422
[62,    40] loss: 0.452
[62,    50] loss: 0.444
[62,    60] loss: 0.393
[62,    70] loss: 0.420
[62,    80] loss: 0.466
[62,    90] loss: 0.422
[62,   100] loss: 0.489
[62,   110] loss: 0.410
[62,   120] loss: 0.445
[62,   130] loss: 0.410
[62,   140] loss: 0.364
[62,   150] loss: 0.413
[62,   160] loss: 0.368
[62,   170] loss: 0.424
[62,   180] loss: 0.433
[62,   190] loss: 0.441
[62,   200] loss: 0.443
[62,   210] loss: 0.465
[62,   220] loss: 0.398
[62,   230] loss: 0.385
[62,   240] loss: 0.425
[62,   250] loss: 0.425
[62,   260] loss: 0.425
[62,   270] loss: 0.448
[62,   280] loss: 0.414
[62,   290] loss: 0.415
[62,   300] loss: 0.437
[62,   310] loss: 0.370
[62,   320] loss: 0.357
[62,   330] loss: 0.420
[62,   340] loss: 0.443
[62,   350] loss: 0.413
[62,   360] loss: 0.353
[62,   370] loss: 0.352
[62,   380] loss: 0.459
[62,   390] loss: 0.413
[62,   400] loss: 0.411
VALIDATION loss: 0.41271594166755676
[63,    10] loss: 0.372
[63,    20] loss: 0.415
[63,    30] loss: 0.357
[63,    40] loss: 0.432
[63,    50] loss: 0.396
[63,    60] loss: 0.407
[63,    70] loss: 0.387
[63,    80] loss: 0.381
[63,    90] loss: 0.403
[63,   100] loss: 0.416
[63,   110] loss: 0.414
[63,   120] loss: 0.389
[63,   130] loss: 0.420
[63,   140] loss: 0.439
[63,   150] loss: 0.470
[63,   160] loss: 0.397
[63,   170] loss: 0.380
[63,   180] loss: 0.417
[63,   190] loss: 0.421
[63,   200] loss: 0.396
[63,   210] loss: 0.435
[63,   220] loss: 0.438
[63,   230] loss: 0.404
[63,   240] loss: 0.446
[63,   250] loss: 0.415
[63,   260] loss: 0.406
[63,   270] loss: 0.379
[63,   280] loss: 0.405
[63,   290] loss: 0.425
[63,   300] loss: 0.427
[63,   310] loss: 0.414
[63,   320] loss: 0.416
[63,   330] loss: 0.393
[63,   340] loss: 0.367
[63,   350] loss: 0.406
[63,   360] loss: 0.391
[63,   370] loss: 0.412
[63,   380] loss: 0.471
[63,   390] loss: 0.441
[63,   400] loss: 0.418
VALIDATION loss: 0.3971406817436218
[64,    10] loss: 0.402
[64,    20] loss: 0.377
[64,    30] loss: 0.389
[64,    40] loss: 0.450
[64,    50] loss: 0.452
[64,    60] loss: 0.457
[64,    70] loss: 0.388
[64,    80] loss: 0.392
[64,    90] loss: 0.335
[64,   100] loss: 0.399
[64,   110] loss: 0.425
[64,   120] loss: 0.409
[64,   130] loss: 0.416
[64,   140] loss: 0.409
[64,   150] loss: 0.376
[64,   160] loss: 0.379
[64,   170] loss: 0.360
[64,   180] loss: 0.396
[64,   190] loss: 0.429
[64,   200] loss: 0.400
[64,   210] loss: 0.432
[64,   220] loss: 0.428
[64,   230] loss: 0.398
[64,   240] loss: 0.389
[64,   250] loss: 0.410
[64,   260] loss: 0.425
[64,   270] loss: 0.412
[64,   280] loss: 0.379
[64,   290] loss: 0.430
[64,   300] loss: 0.388
[64,   310] loss: 0.437
[64,   320] loss: 0.410
[64,   330] loss: 0.351
[64,   340] loss: 0.406
[64,   350] loss: 0.382
[64,   360] loss: 0.410
[64,   370] loss: 0.413
[64,   380] loss: 0.438
[64,   390] loss: 0.434
[64,   400] loss: 0.427
VALIDATION loss: 0.48017415404319763
[65,    10] loss: 0.385
[65,    20] loss: 0.416
[65,    30] loss: 0.391
[65,    40] loss: 0.426
[65,    50] loss: 0.431
[65,    60] loss: 0.452
[65,    70] loss: 0.410
[65,    80] loss: 0.454
[65,    90] loss: 0.418
[65,   100] loss: 0.411
[65,   110] loss: 0.338
[65,   120] loss: 0.367
[65,   130] loss: 0.403
[65,   140] loss: 0.377
[65,   150] loss: 0.473
[65,   160] loss: 0.432
[65,   170] loss: 0.402
[65,   180] loss: 0.365
[65,   190] loss: 0.383
[65,   200] loss: 0.427
[65,   210] loss: 0.419
[65,   220] loss: 0.445
[65,   230] loss: 0.407
[65,   240] loss: 0.425
[65,   250] loss: 0.396
[65,   260] loss: 0.407
[65,   270] loss: 0.413
[65,   280] loss: 0.392
[65,   290] loss: 0.394
[65,   300] loss: 0.341
[65,   310] loss: 0.399
[65,   320] loss: 0.368
[65,   330] loss: 0.446
[65,   340] loss: 0.386
[65,   350] loss: 0.444
[65,   360] loss: 0.362
[65,   370] loss: 0.405
[65,   380] loss: 0.427
[65,   390] loss: 0.431
[65,   400] loss: 0.387
VALIDATION loss: 0.4240719974040985
[66,    10] loss: 0.388
[66,    20] loss: 0.376
[66,    30] loss: 0.381
[66,    40] loss: 0.420
[66,    50] loss: 0.422
[66,    60] loss: 0.405
[66,    70] loss: 0.384
[66,    80] loss: 0.431
[66,    90] loss: 0.359
[66,   100] loss: 0.351
[66,   110] loss: 0.356
[66,   120] loss: 0.438
[66,   130] loss: 0.425
[66,   140] loss: 0.392
[66,   150] loss: 0.382
[66,   160] loss: 0.430
[66,   170] loss: 0.360
[66,   180] loss: 0.390
[66,   190] loss: 0.427
[66,   200] loss: 0.395
[66,   210] loss: 0.394
[66,   220] loss: 0.369
[66,   230] loss: 0.384
[66,   240] loss: 0.410
[66,   250] loss: 0.393
[66,   260] loss: 0.466
[66,   270] loss: 0.403
[66,   280] loss: 0.391
[66,   290] loss: 0.429
[66,   300] loss: 0.343
[66,   310] loss: 0.437
[66,   320] loss: 0.393
[66,   330] loss: 0.411
[66,   340] loss: 0.394
[66,   350] loss: 0.413
[66,   360] loss: 0.354
[66,   370] loss: 0.374
[66,   380] loss: 0.369
[66,   390] loss: 0.408
[66,   400] loss: 0.404
VALIDATION loss: 0.3672330677509308
[67,    10] loss: 0.407
[67,    20] loss: 0.385
[67,    30] loss: 0.382
[67,    40] loss: 0.341
[67,    50] loss: 0.376
[67,    60] loss: 0.399
[67,    70] loss: 0.368
[67,    80] loss: 0.420
[67,    90] loss: 0.388
[67,   100] loss: 0.394
[67,   110] loss: 0.371
[67,   120] loss: 0.416
[67,   130] loss: 0.414
[67,   140] loss: 0.430
[67,   150] loss: 0.394
[67,   160] loss: 0.403
[67,   170] loss: 0.406
[67,   180] loss: 0.378
[67,   190] loss: 0.407
[67,   200] loss: 0.344
[67,   210] loss: 0.397
[67,   220] loss: 0.402
[67,   230] loss: 0.379
[67,   240] loss: 0.394
[67,   250] loss: 0.429
[67,   260] loss: 0.406
[67,   270] loss: 0.379
[67,   280] loss: 0.433
[67,   290] loss: 0.399
[67,   300] loss: 0.409
[67,   310] loss: 0.384
[67,   320] loss: 0.371
[67,   330] loss: 0.439
[67,   340] loss: 0.415
[67,   350] loss: 0.408
[67,   360] loss: 0.391
[67,   370] loss: 0.383
[67,   380] loss: 0.421
[67,   390] loss: 0.396
[67,   400] loss: 0.375
VALIDATION loss: 0.373301237821579
[68,    10] loss: 0.362
[68,    20] loss: 0.399
[68,    30] loss: 0.410
[68,    40] loss: 0.375
[68,    50] loss: 0.363
[68,    60] loss: 0.367
[68,    70] loss: 0.400
[68,    80] loss: 0.401
[68,    90] loss: 0.368
[68,   100] loss: 0.388
[68,   110] loss: 0.331
[68,   120] loss: 0.431
[68,   130] loss: 0.410
[68,   140] loss: 0.442
[68,   150] loss: 0.443
[68,   160] loss: 0.407
[68,   170] loss: 0.423
[68,   180] loss: 0.384
[68,   190] loss: 0.375
[68,   200] loss: 0.401
[68,   210] loss: 0.385
[68,   220] loss: 0.369
[68,   230] loss: 0.401
[68,   240] loss: 0.398
[68,   250] loss: 0.378
[68,   260] loss: 0.372
[68,   270] loss: 0.401
[68,   280] loss: 0.341
[68,   290] loss: 0.381
[68,   300] loss: 0.431
[68,   310] loss: 0.406
[68,   320] loss: 0.388
[68,   330] loss: 0.409
[68,   340] loss: 0.372
[68,   350] loss: 0.365
[68,   360] loss: 0.354
[68,   370] loss: 0.381
[68,   380] loss: 0.387
[68,   390] loss: 0.383
[68,   400] loss: 0.427
VALIDATION loss: 0.38866013288497925
[69,    10] loss: 0.368
[69,    20] loss: 0.462
[69,    30] loss: 0.395
[69,    40] loss: 0.333
[69,    50] loss: 0.376
[69,    60] loss: 0.362
[69,    70] loss: 0.379
[69,    80] loss: 0.470
[69,    90] loss: 0.406
[69,   100] loss: 0.377
[69,   110] loss: 0.392
[69,   120] loss: 0.370
[69,   130] loss: 0.363
[69,   140] loss: 0.384
[69,   150] loss: 0.405
[69,   160] loss: 0.378
[69,   170] loss: 0.387
[69,   180] loss: 0.469
[69,   190] loss: 0.375
[69,   200] loss: 0.391
[69,   210] loss: 0.355
[69,   220] loss: 0.381
[69,   230] loss: 0.341
[69,   240] loss: 0.428
[69,   250] loss: 0.384
[69,   260] loss: 0.373
[69,   270] loss: 0.373
[69,   280] loss: 0.410
[69,   290] loss: 0.385
[69,   300] loss: 0.371
[69,   310] loss: 0.424
[69,   320] loss: 0.426
[69,   330] loss: 0.381
[69,   340] loss: 0.410
[69,   350] loss: 0.340
[69,   360] loss: 0.389
[69,   370] loss: 0.341
[69,   380] loss: 0.370
[69,   390] loss: 0.330
[69,   400] loss: 0.378
VALIDATION loss: 0.36272162199020386
[70,    10] loss: 0.368
[70,    20] loss: 0.376
[70,    30] loss: 0.364
[70,    40] loss: 0.434
[70,    50] loss: 0.413
[70,    60] loss: 0.379
[70,    70] loss: 0.399
[70,    80] loss: 0.393
[70,    90] loss: 0.383
[70,   100] loss: 0.407
[70,   110] loss: 0.358
[70,   120] loss: 0.346
[70,   130] loss: 0.420
[70,   140] loss: 0.374
[70,   150] loss: 0.370
[70,   160] loss: 0.346
[70,   170] loss: 0.449
[70,   180] loss: 0.331
[70,   190] loss: 0.418
[70,   200] loss: 0.412
[70,   210] loss: 0.401
[70,   220] loss: 0.325
[70,   230] loss: 0.320
[70,   240] loss: 0.361
[70,   250] loss: 0.355
[70,   260] loss: 0.387
[70,   270] loss: 0.420
[70,   280] loss: 0.373
[70,   290] loss: 0.375
[70,   300] loss: 0.380
[70,   310] loss: 0.402
[70,   320] loss: 0.369
[70,   330] loss: 0.373
[70,   340] loss: 0.331
[70,   350] loss: 0.405
[70,   360] loss: 0.389
[70,   370] loss: 0.408
[70,   380] loss: 0.340
[70,   390] loss: 0.397
[70,   400] loss: 0.391
VALIDATION loss: 0.39568907022476196
[71,    10] loss: 0.357
[71,    20] loss: 0.357
[71,    30] loss: 0.417
[71,    40] loss: 0.397
[71,    50] loss: 0.360
[71,    60] loss: 0.353
[71,    70] loss: 0.408
[71,    80] loss: 0.396
[71,    90] loss: 0.367
[71,   100] loss: 0.391
[71,   110] loss: 0.369
[71,   120] loss: 0.368
[71,   130] loss: 0.450
[71,   140] loss: 0.373
[71,   150] loss: 0.365
[71,   160] loss: 0.376
[71,   170] loss: 0.365
[71,   180] loss: 0.354
[71,   190] loss: 0.377
[71,   200] loss: 0.375
[71,   210] loss: 0.406
[71,   220] loss: 0.409
[71,   230] loss: 0.384
[71,   240] loss: 0.385
[71,   250] loss: 0.375
[71,   260] loss: 0.385
[71,   270] loss: 0.373
[71,   280] loss: 0.373
[71,   290] loss: 0.371
[71,   300] loss: 0.340
[71,   310] loss: 0.413
[71,   320] loss: 0.405
[71,   330] loss: 0.366
[71,   340] loss: 0.387
[71,   350] loss: 0.315
[71,   360] loss: 0.382
[71,   370] loss: 0.387
[71,   380] loss: 0.402
[71,   390] loss: 0.358
[71,   400] loss: 0.377
VALIDATION loss: 0.4004214107990265
[72,    10] loss: 0.382
[72,    20] loss: 0.388
[72,    30] loss: 0.362
[72,    40] loss: 0.358
[72,    50] loss: 0.423
[72,    60] loss: 0.354
[72,    70] loss: 0.375
[72,    80] loss: 0.373
[72,    90] loss: 0.395
[72,   100] loss: 0.383
[72,   110] loss: 0.388
[72,   120] loss: 0.399
[72,   130] loss: 0.330
[72,   140] loss: 0.328
[72,   150] loss: 0.349
[72,   160] loss: 0.372
[72,   170] loss: 0.393
[72,   180] loss: 0.360
[72,   190] loss: 0.317
[72,   200] loss: 0.398
[72,   210] loss: 0.394
[72,   220] loss: 0.350
[72,   230] loss: 0.350
[72,   240] loss: 0.408
[72,   250] loss: 0.352
[72,   260] loss: 0.383
[72,   270] loss: 0.385
[72,   280] loss: 0.384
[72,   290] loss: 0.373
[72,   300] loss: 0.371
[72,   310] loss: 0.378
[72,   320] loss: 0.425
[72,   330] loss: 0.340
[72,   340] loss: 0.363
[72,   350] loss: 0.394
[72,   360] loss: 0.383
[72,   370] loss: 0.403
[72,   380] loss: 0.359
[72,   390] loss: 0.357
[72,   400] loss: 0.401
VALIDATION loss: 0.3715171217918396
[73,    10] loss: 0.385
[73,    20] loss: 0.372
[73,    30] loss: 0.367
[73,    40] loss: 0.390
[73,    50] loss: 0.329
[73,    60] loss: 0.401
[73,    70] loss: 0.353
[73,    80] loss: 0.469
[73,    90] loss: 0.407
[73,   100] loss: 0.421
[73,   110] loss: 0.324
[73,   120] loss: 0.364
[73,   130] loss: 0.406
[73,   140] loss: 0.334
[73,   150] loss: 0.419
[73,   160] loss: 0.366
[73,   170] loss: 0.411
[73,   180] loss: 0.344
[73,   190] loss: 0.344
[73,   200] loss: 0.427
[73,   210] loss: 0.375
[73,   220] loss: 0.335
[73,   230] loss: 0.346
[73,   240] loss: 0.357
[73,   250] loss: 0.346
[73,   260] loss: 0.383
[73,   270] loss: 0.381
[73,   280] loss: 0.348
[73,   290] loss: 0.362
[73,   300] loss: 0.405
[73,   310] loss: 0.389
[73,   320] loss: 0.349
[73,   330] loss: 0.336
[73,   340] loss: 0.387
[73,   350] loss: 0.379
[73,   360] loss: 0.352
[73,   370] loss: 0.370
[73,   380] loss: 0.379
[73,   390] loss: 0.400
[73,   400] loss: 0.358
VALIDATION loss: 0.417682021856308
[74,    10] loss: 0.379
[74,    20] loss: 0.366
[74,    30] loss: 0.397
[74,    40] loss: 0.389
[74,    50] loss: 0.340
[74,    60] loss: 0.402
[74,    70] loss: 0.387
[74,    80] loss: 0.365
[74,    90] loss: 0.345
[74,   100] loss: 0.408
[74,   110] loss: 0.334
[74,   120] loss: 0.459
[74,   130] loss: 0.350
[74,   140] loss: 0.367
[74,   150] loss: 0.324
[74,   160] loss: 0.343
[74,   170] loss: 0.369
[74,   180] loss: 0.320
[74,   190] loss: 0.422
[74,   200] loss: 0.377
[74,   210] loss: 0.364
[74,   220] loss: 0.383
[74,   230] loss: 0.329
[74,   240] loss: 0.373
[74,   250] loss: 0.407
[74,   260] loss: 0.372
[74,   270] loss: 0.376
[74,   280] loss: 0.401
[74,   290] loss: 0.367
[74,   300] loss: 0.407
[74,   310] loss: 0.368
[74,   320] loss: 0.393
[74,   330] loss: 0.362
[74,   340] loss: 0.331
[74,   350] loss: 0.323
[74,   360] loss: 0.361
[74,   370] loss: 0.358
[74,   380] loss: 0.389
[74,   390] loss: 0.302
[74,   400] loss: 0.329
VALIDATION loss: 0.3606332242488861
[75,    10] loss: 0.403
[75,    20] loss: 0.359
[75,    30] loss: 0.358
[75,    40] loss: 0.366
[75,    50] loss: 0.357
[75,    60] loss: 0.350
[75,    70] loss: 0.357
[75,    80] loss: 0.404
[75,    90] loss: 0.331
[75,   100] loss: 0.388
[75,   110] loss: 0.404
[75,   120] loss: 0.357
[75,   130] loss: 0.372
[75,   140] loss: 0.359
[75,   150] loss: 0.373
[75,   160] loss: 0.384
[75,   170] loss: 0.338
[75,   180] loss: 0.369
[75,   190] loss: 0.365
[75,   200] loss: 0.345
[75,   210] loss: 0.365
[75,   220] loss: 0.408
[75,   230] loss: 0.363
[75,   240] loss: 0.354
[75,   250] loss: 0.344
[75,   260] loss: 0.358
[75,   270] loss: 0.355
[75,   280] loss: 0.331
[75,   290] loss: 0.371
[75,   300] loss: 0.355
[75,   310] loss: 0.340
[75,   320] loss: 0.379
[75,   330] loss: 0.354
[75,   340] loss: 0.362
[75,   350] loss: 0.366
[75,   360] loss: 0.379
[75,   370] loss: 0.406
[75,   380] loss: 0.341
[75,   390] loss: 0.321
[75,   400] loss: 0.346
VALIDATION loss: 0.41926804184913635
[76,    10] loss: 0.319
[76,    20] loss: 0.357
[76,    30] loss: 0.346
[76,    40] loss: 0.368
[76,    50] loss: 0.383
[76,    60] loss: 0.370
[76,    70] loss: 0.354
[76,    80] loss: 0.388
[76,    90] loss: 0.375
[76,   100] loss: 0.345
[76,   110] loss: 0.340
[76,   120] loss: 0.383
[76,   130] loss: 0.400
[76,   140] loss: 0.351
[76,   150] loss: 0.377
[76,   160] loss: 0.377
[76,   170] loss: 0.335
[76,   180] loss: 0.371
[76,   190] loss: 0.374
[76,   200] loss: 0.324
[76,   210] loss: 0.415
[76,   220] loss: 0.369
[76,   230] loss: 0.353
[76,   240] loss: 0.382
[76,   250] loss: 0.303
[76,   260] loss: 0.366
[76,   270] loss: 0.363
[76,   280] loss: 0.359
[76,   290] loss: 0.343
[76,   300] loss: 0.330
[76,   310] loss: 0.371
[76,   320] loss: 0.349
[76,   330] loss: 0.382
[76,   340] loss: 0.346
[76,   350] loss: 0.342
[76,   360] loss: 0.358
[76,   370] loss: 0.347
[76,   380] loss: 0.346
[76,   390] loss: 0.347
[76,   400] loss: 0.365
VALIDATION loss: 0.3481301963329315
[77,    10] loss: 0.368
[77,    20] loss: 0.339
[77,    30] loss: 0.321
[77,    40] loss: 0.344
[77,    50] loss: 0.338
[77,    60] loss: 0.396
[77,    70] loss: 0.362
[77,    80] loss: 0.351
[77,    90] loss: 0.350
[77,   100] loss: 0.356
[77,   110] loss: 0.343
[77,   120] loss: 0.371
[77,   130] loss: 0.348
[77,   140] loss: 0.381
[77,   150] loss: 0.348
[77,   160] loss: 0.368
[77,   170] loss: 0.332
[77,   180] loss: 0.361
[77,   190] loss: 0.322
[77,   200] loss: 0.385
[77,   210] loss: 0.362
[77,   220] loss: 0.300
[77,   230] loss: 0.345
[77,   240] loss: 0.370
[77,   250] loss: 0.371
[77,   260] loss: 0.319
[77,   270] loss: 0.374
[77,   280] loss: 0.350
[77,   290] loss: 0.348
[77,   300] loss: 0.328
[77,   310] loss: 0.346
[77,   320] loss: 0.327
[77,   330] loss: 0.340
[77,   340] loss: 0.343
[77,   350] loss: 0.394
[77,   360] loss: 0.387
[77,   370] loss: 0.358
[77,   380] loss: 0.374
[77,   390] loss: 0.335
[77,   400] loss: 0.384
VALIDATION loss: 0.3564339280128479
[78,    10] loss: 0.368
[78,    20] loss: 0.379
[78,    30] loss: 0.344
[78,    40] loss: 0.341
[78,    50] loss: 0.339
[78,    60] loss: 0.338
[78,    70] loss: 0.331
[78,    80] loss: 0.380
[78,    90] loss: 0.381
[78,   100] loss: 0.369
[78,   110] loss: 0.362
[78,   120] loss: 0.410
[78,   130] loss: 0.333
[78,   140] loss: 0.375
[78,   150] loss: 0.312
[78,   160] loss: 0.344
[78,   170] loss: 0.331
[78,   180] loss: 0.299
[78,   190] loss: 0.346
[78,   200] loss: 0.351
[78,   210] loss: 0.353
[78,   220] loss: 0.381
[78,   230] loss: 0.345
[78,   240] loss: 0.396
[78,   250] loss: 0.356
[78,   260] loss: 0.324
[78,   270] loss: 0.346
[78,   280] loss: 0.351
[78,   290] loss: 0.299
[78,   300] loss: 0.360
[78,   310] loss: 0.378
[78,   320] loss: 0.380
[78,   330] loss: 0.338
[78,   340] loss: 0.335
[78,   350] loss: 0.355
[78,   360] loss: 0.336
[78,   370] loss: 0.382
[78,   380] loss: 0.346
[78,   390] loss: 0.341
[78,   400] loss: 0.341
VALIDATION loss: 0.3557288944721222
[79,    10] loss: 0.321
[79,    20] loss: 0.322
[79,    30] loss: 0.350
[79,    40] loss: 0.320
[79,    50] loss: 0.314
[79,    60] loss: 0.319
[79,    70] loss: 0.344
[79,    80] loss: 0.419
[79,    90] loss: 0.394
[79,   100] loss: 0.338
[79,   110] loss: 0.382
[79,   120] loss: 0.331
[79,   130] loss: 0.366
[79,   140] loss: 0.327
[79,   150] loss: 0.315
[79,   160] loss: 0.382
[79,   170] loss: 0.335
[79,   180] loss: 0.378
[79,   190] loss: 0.333
[79,   200] loss: 0.345
[79,   210] loss: 0.345
[79,   220] loss: 0.360
[79,   230] loss: 0.314
[79,   240] loss: 0.378
[79,   250] loss: 0.344
[79,   260] loss: 0.379
[79,   270] loss: 0.343
[79,   280] loss: 0.347
[79,   290] loss: 0.384
[79,   300] loss: 0.346
[79,   310] loss: 0.383
[79,   320] loss: 0.397
[79,   330] loss: 0.318
[79,   340] loss: 0.344
[79,   350] loss: 0.334
[79,   360] loss: 0.312
[79,   370] loss: 0.339
[79,   380] loss: 0.359
[79,   390] loss: 0.326
[79,   400] loss: 0.303
VALIDATION loss: 0.3480723798274994
[80,    10] loss: 0.334
[80,    20] loss: 0.354
[80,    30] loss: 0.336
[80,    40] loss: 0.334
[80,    50] loss: 0.364
[80,    60] loss: 0.323
[80,    70] loss: 0.328
[80,    80] loss: 0.372
[80,    90] loss: 0.291
[80,   100] loss: 0.332
[80,   110] loss: 0.355
[80,   120] loss: 0.359
[80,   130] loss: 0.377
[80,   140] loss: 0.327
[80,   150] loss: 0.328
[80,   160] loss: 0.367
[80,   170] loss: 0.340
[80,   180] loss: 0.356
[80,   190] loss: 0.359
[80,   200] loss: 0.322
[80,   210] loss: 0.392
[80,   220] loss: 0.332
[80,   230] loss: 0.373
[80,   240] loss: 0.416
[80,   250] loss: 0.319
[80,   260] loss: 0.332
[80,   270] loss: 0.364
[80,   280] loss: 0.354
[80,   290] loss: 0.365
[80,   300] loss: 0.288
[80,   310] loss: 0.314
[80,   320] loss: 0.379
[80,   330] loss: 0.395
[80,   340] loss: 0.358
[80,   350] loss: 0.407
[80,   360] loss: 0.338
[80,   370] loss: 0.351
[80,   380] loss: 0.294
[80,   390] loss: 0.379
[80,   400] loss: 0.355
VALIDATION loss: 0.32763218879699707
[81,    10] loss: 0.333
[81,    20] loss: 0.363
[81,    30] loss: 0.347
[81,    40] loss: 0.330
[81,    50] loss: 0.303
[81,    60] loss: 0.358
[81,    70] loss: 0.374
[81,    80] loss: 0.354
[81,    90] loss: 0.351
[81,   100] loss: 0.342
[81,   110] loss: 0.348
[81,   120] loss: 0.341
[81,   130] loss: 0.404
[81,   140] loss: 0.310
[81,   150] loss: 0.376
[81,   160] loss: 0.364
[81,   170] loss: 0.340
[81,   180] loss: 0.392
[81,   190] loss: 0.368
[81,   200] loss: 0.340
[81,   210] loss: 0.370
[81,   220] loss: 0.316
[81,   230] loss: 0.337
[81,   240] loss: 0.329
[81,   250] loss: 0.274
[81,   260] loss: 0.306
[81,   270] loss: 0.301
[81,   280] loss: 0.346
[81,   290] loss: 0.341
[81,   300] loss: 0.316
[81,   310] loss: 0.380
[81,   320] loss: 0.330
[81,   330] loss: 0.334
[81,   340] loss: 0.378
[81,   350] loss: 0.348
[81,   360] loss: 0.314
[81,   370] loss: 0.356
[81,   380] loss: 0.331
[81,   390] loss: 0.313
[81,   400] loss: 0.393
VALIDATION loss: 0.582338809967041
[82,    10] loss: 0.322
[82,    20] loss: 0.375
[82,    30] loss: 0.292
[82,    40] loss: 0.324
[82,    50] loss: 0.292
[82,    60] loss: 0.334
[82,    70] loss: 0.356
[82,    80] loss: 0.355
[82,    90] loss: 0.320
[82,   100] loss: 0.301
[82,   110] loss: 0.318
[82,   120] loss: 0.388
[82,   130] loss: 0.368
[82,   140] loss: 0.312
[82,   150] loss: 0.350
[82,   160] loss: 0.345
[82,   170] loss: 0.341
[82,   180] loss: 0.365
[82,   190] loss: 0.313
[82,   200] loss: 0.320
[82,   210] loss: 0.342
[82,   220] loss: 0.317
[82,   230] loss: 0.339
[82,   240] loss: 0.343
[82,   250] loss: 0.342
[82,   260] loss: 0.285
[82,   270] loss: 0.329
[82,   280] loss: 0.274
[82,   290] loss: 0.286
[82,   300] loss: 0.351
[82,   310] loss: 0.370
[82,   320] loss: 0.317
[82,   330] loss: 0.427
[82,   340] loss: 0.379
[82,   350] loss: 0.356
[82,   360] loss: 0.325
[82,   370] loss: 0.318
[82,   380] loss: 0.345
[82,   390] loss: 0.344
[82,   400] loss: 0.379
VALIDATION loss: 0.34366270899772644
[83,    10] loss: 0.378
[83,    20] loss: 0.343
[83,    30] loss: 0.291
[83,    40] loss: 0.324
[83,    50] loss: 0.268
[83,    60] loss: 0.372
[83,    70] loss: 0.339
[83,    80] loss: 0.320
[83,    90] loss: 0.322
[83,   100] loss: 0.327
[83,   110] loss: 0.347
[83,   120] loss: 0.324
[83,   130] loss: 0.321
[83,   140] loss: 0.347
[83,   150] loss: 0.329
[83,   160] loss: 0.304
[83,   170] loss: 0.334
[83,   180] loss: 0.350
[83,   190] loss: 0.344
[83,   200] loss: 0.334
[83,   210] loss: 0.398
[83,   220] loss: 0.354
[83,   230] loss: 0.402
[83,   240] loss: 0.350
[83,   250] loss: 0.302
[83,   260] loss: 0.343
[83,   270] loss: 0.325
[83,   280] loss: 0.367
[83,   290] loss: 0.353
[83,   300] loss: 0.336
[83,   310] loss: 0.307
[83,   320] loss: 0.349
[83,   330] loss: 0.330
[83,   340] loss: 0.358
[83,   350] loss: 0.337
[83,   360] loss: 0.313
[83,   370] loss: 0.320
[83,   380] loss: 0.321
[83,   390] loss: 0.352
[83,   400] loss: 0.363
VALIDATION loss: 0.3792911171913147
[84,    10] loss: 0.361
[84,    20] loss: 0.383
[84,    30] loss: 0.335
[84,    40] loss: 0.304
[84,    50] loss: 0.364
[84,    60] loss: 0.348
[84,    70] loss: 0.331
[84,    80] loss: 0.325
[84,    90] loss: 0.378
[84,   100] loss: 0.332
[84,   110] loss: 0.333
[84,   120] loss: 0.316
[84,   130] loss: 0.391
[84,   140] loss: 0.316
[84,   150] loss: 0.342
[84,   160] loss: 0.326
[84,   170] loss: 0.324
[84,   180] loss: 0.337
[84,   190] loss: 0.320
[84,   200] loss: 0.312
[84,   210] loss: 0.349
[84,   220] loss: 0.348
[84,   230] loss: 0.318
[84,   240] loss: 0.359
[84,   250] loss: 0.341
[84,   260] loss: 0.320
[84,   270] loss: 0.329
[84,   280] loss: 0.356
[84,   290] loss: 0.312
[84,   300] loss: 0.366
[84,   310] loss: 0.355
[84,   320] loss: 0.316
[84,   330] loss: 0.342
[84,   340] loss: 0.287
[84,   350] loss: 0.286
[84,   360] loss: 0.332
[84,   370] loss: 0.329
[84,   380] loss: 0.331
[84,   390] loss: 0.329
[84,   400] loss: 0.345
VALIDATION loss: 0.35286521911621094
[85,    10] loss: 0.324
[85,    20] loss: 0.349
[85,    30] loss: 0.308
[85,    40] loss: 0.328
[85,    50] loss: 0.319
[85,    60] loss: 0.301
[85,    70] loss: 0.332
[85,    80] loss: 0.332
[85,    90] loss: 0.338
[85,   100] loss: 0.315
[85,   110] loss: 0.279
[85,   120] loss: 0.306
[85,   130] loss: 0.332
[85,   140] loss: 0.362
[85,   150] loss: 0.360
[85,   160] loss: 0.286
[85,   170] loss: 0.331
[85,   180] loss: 0.366
[85,   190] loss: 0.368
[85,   200] loss: 0.335
[85,   210] loss: 0.349
[85,   220] loss: 0.366
[85,   230] loss: 0.349
[85,   240] loss: 0.345
[85,   250] loss: 0.371
[85,   260] loss: 0.318
[85,   270] loss: 0.329
[85,   280] loss: 0.278
[85,   290] loss: 0.377
[85,   300] loss: 0.281
[85,   310] loss: 0.299
[85,   320] loss: 0.295
[85,   330] loss: 0.287
[85,   340] loss: 0.322
[85,   350] loss: 0.384
[85,   360] loss: 0.323
[85,   370] loss: 0.367
[85,   380] loss: 0.320
[85,   390] loss: 0.331
[85,   400] loss: 0.331
VALIDATION loss: 0.3044244647026062
[86,    10] loss: 0.308
[86,    20] loss: 0.305
[86,    30] loss: 0.322
[86,    40] loss: 0.298
[86,    50] loss: 0.336
[86,    60] loss: 0.284
[86,    70] loss: 0.431
[86,    80] loss: 0.303
[86,    90] loss: 0.323
[86,   100] loss: 0.323
[86,   110] loss: 0.359
[86,   120] loss: 0.341
[86,   130] loss: 0.329
[86,   140] loss: 0.323
[86,   150] loss: 0.337
[86,   160] loss: 0.275
[86,   170] loss: 0.305
[86,   180] loss: 0.328
[86,   190] loss: 0.319
[86,   200] loss: 0.300
[86,   210] loss: 0.305
[86,   220] loss: 0.326
[86,   230] loss: 0.367
[86,   240] loss: 0.342
[86,   250] loss: 0.327
[86,   260] loss: 0.314
[86,   270] loss: 0.345
[86,   280] loss: 0.311
[86,   290] loss: 0.354
[86,   300] loss: 0.328
[86,   310] loss: 0.335
[86,   320] loss: 0.321
[86,   330] loss: 0.326
[86,   340] loss: 0.300
[86,   350] loss: 0.300
[86,   360] loss: 0.339
[86,   370] loss: 0.326
[86,   380] loss: 0.384
[86,   390] loss: 0.324
[86,   400] loss: 0.318
VALIDATION loss: 0.3268326222896576
[87,    10] loss: 0.319
[87,    20] loss: 0.321
[87,    30] loss: 0.337
[87,    40] loss: 0.338
[87,    50] loss: 0.326
[87,    60] loss: 0.337
[87,    70] loss: 0.317
[87,    80] loss: 0.329
[87,    90] loss: 0.358
[87,   100] loss: 0.313
[87,   110] loss: 0.316
[87,   120] loss: 0.316
[87,   130] loss: 0.334
[87,   140] loss: 0.310
[87,   150] loss: 0.352
[87,   160] loss: 0.346
[87,   170] loss: 0.304
[87,   180] loss: 0.318
[87,   190] loss: 0.295
[87,   200] loss: 0.327
[87,   210] loss: 0.312
[87,   220] loss: 0.309
[87,   230] loss: 0.332
[87,   240] loss: 0.347
[87,   250] loss: 0.301
[87,   260] loss: 0.307
[87,   270] loss: 0.362
[87,   280] loss: 0.337
[87,   290] loss: 0.333
[87,   300] loss: 0.297
[87,   310] loss: 0.340
[87,   320] loss: 0.296
[87,   330] loss: 0.359
[87,   340] loss: 0.296
[87,   350] loss: 0.302
[87,   360] loss: 0.343
[87,   370] loss: 0.292
[87,   380] loss: 0.268
[87,   390] loss: 0.402
[87,   400] loss: 0.296
VALIDATION loss: 0.3304596245288849
[88,    10] loss: 0.309
[88,    20] loss: 0.331
[88,    30] loss: 0.279
[88,    40] loss: 0.287
[88,    50] loss: 0.312
[88,    60] loss: 0.372
[88,    70] loss: 0.305
[88,    80] loss: 0.317
[88,    90] loss: 0.324
[88,   100] loss: 0.346
[88,   110] loss: 0.334
[88,   120] loss: 0.343
[88,   130] loss: 0.280
[88,   140] loss: 0.300
[88,   150] loss: 0.348
[88,   160] loss: 0.315
[88,   170] loss: 0.343
[88,   180] loss: 0.362
[88,   190] loss: 0.326
[88,   200] loss: 0.305
[88,   210] loss: 0.337
[88,   220] loss: 0.321
[88,   230] loss: 0.331
[88,   240] loss: 0.337
[88,   250] loss: 0.363
[88,   260] loss: 0.303
[88,   270] loss: 0.329
[88,   280] loss: 0.301
[88,   290] loss: 0.305
[88,   300] loss: 0.311
[88,   310] loss: 0.264
[88,   320] loss: 0.324
[88,   330] loss: 0.308
[88,   340] loss: 0.333
[88,   350] loss: 0.346
[88,   360] loss: 0.318
[88,   370] loss: 0.339
[88,   380] loss: 0.325
[88,   390] loss: 0.257
[88,   400] loss: 0.380
VALIDATION loss: 0.30163681507110596
[89,    10] loss: 0.294
[89,    20] loss: 0.325
[89,    30] loss: 0.332
[89,    40] loss: 0.318
[89,    50] loss: 0.295
[89,    60] loss: 0.333
[89,    70] loss: 0.313
[89,    80] loss: 0.334
[89,    90] loss: 0.296
[89,   100] loss: 0.319
[89,   110] loss: 0.340
[89,   120] loss: 0.330
[89,   130] loss: 0.318
[89,   140] loss: 0.320
[89,   150] loss: 0.340
[89,   160] loss: 0.305
[89,   170] loss: 0.325
[89,   180] loss: 0.312
[89,   190] loss: 0.255
[89,   200] loss: 0.297
[89,   210] loss: 0.314
[89,   220] loss: 0.309
[89,   230] loss: 0.301
[89,   240] loss: 0.275
[89,   250] loss: 0.324
[89,   260] loss: 0.307
[89,   270] loss: 0.302
[89,   280] loss: 0.324
[89,   290] loss: 0.308
[89,   300] loss: 0.343
[89,   310] loss: 0.347
[89,   320] loss: 0.324
[89,   330] loss: 0.378
[89,   340] loss: 0.337
[89,   350] loss: 0.329
[89,   360] loss: 0.326
[89,   370] loss: 0.321
[89,   380] loss: 0.275
[89,   390] loss: 0.304
[89,   400] loss: 0.329
VALIDATION loss: 0.31355562806129456
[90,    10] loss: 0.330
[90,    20] loss: 0.323
[90,    30] loss: 0.316
[90,    40] loss: 0.317
[90,    50] loss: 0.290
[90,    60] loss: 0.318
[90,    70] loss: 0.321
[90,    80] loss: 0.331
[90,    90] loss: 0.326
[90,   100] loss: 0.298
[90,   110] loss: 0.283
[90,   120] loss: 0.328
[90,   130] loss: 0.333
[90,   140] loss: 0.288
[90,   150] loss: 0.266
[90,   160] loss: 0.356
[90,   170] loss: 0.307
[90,   180] loss: 0.285
[90,   190] loss: 0.320
[90,   200] loss: 0.338
[90,   210] loss: 0.334
[90,   220] loss: 0.286
[90,   230] loss: 0.306
[90,   240] loss: 0.329
[90,   250] loss: 0.274
[90,   260] loss: 0.314
[90,   270] loss: 0.297
[90,   280] loss: 0.336
[90,   290] loss: 0.335
[90,   300] loss: 0.305
[90,   310] loss: 0.285
[90,   320] loss: 0.314
[90,   330] loss: 0.314
[90,   340] loss: 0.310
[90,   350] loss: 0.319
[90,   360] loss: 0.329
[90,   370] loss: 0.360
[90,   380] loss: 0.316
[90,   390] loss: 0.291
[90,   400] loss: 0.341
VALIDATION loss: 0.3112192451953888
[91,    10] loss: 0.284
[91,    20] loss: 0.276
[91,    30] loss: 0.279
[91,    40] loss: 0.293
[91,    50] loss: 0.339
[91,    60] loss: 0.360
[91,    70] loss: 0.306
[91,    80] loss: 0.318
[91,    90] loss: 0.301
[91,   100] loss: 0.292
[91,   110] loss: 0.271
[91,   120] loss: 0.329
[91,   130] loss: 0.303
[91,   140] loss: 0.316
[91,   150] loss: 0.344
[91,   160] loss: 0.329
[91,   170] loss: 0.321
[91,   180] loss: 0.295
[91,   190] loss: 0.333
[91,   200] loss: 0.384
[91,   210] loss: 0.346
[91,   220] loss: 0.287
[91,   230] loss: 0.320
[91,   240] loss: 0.287
[91,   250] loss: 0.275
[91,   260] loss: 0.300
[91,   270] loss: 0.289
[91,   280] loss: 0.323
[91,   290] loss: 0.330
[91,   300] loss: 0.314
[91,   310] loss: 0.295
[91,   320] loss: 0.330
[91,   330] loss: 0.303
[91,   340] loss: 0.397
[91,   350] loss: 0.289
[91,   360] loss: 0.315
[91,   370] loss: 0.317
[91,   380] loss: 0.307
[91,   390] loss: 0.303
[91,   400] loss: 0.353
VALIDATION loss: 0.34552887082099915
[92,    10] loss: 0.299
[92,    20] loss: 0.340
[92,    30] loss: 0.323
[92,    40] loss: 0.315
[92,    50] loss: 0.306
[92,    60] loss: 0.296
[92,    70] loss: 0.259
[92,    80] loss: 0.320
[92,    90] loss: 0.312
[92,   100] loss: 0.311
[92,   110] loss: 0.320
[92,   120] loss: 0.291
[92,   130] loss: 0.254
[92,   140] loss: 0.334
[92,   150] loss: 0.339
[92,   160] loss: 0.348
[92,   170] loss: 0.289
[92,   180] loss: 0.329
[92,   190] loss: 0.313
[92,   200] loss: 0.276
[92,   210] loss: 0.314
[92,   220] loss: 0.279
[92,   230] loss: 0.298
[92,   240] loss: 0.325
[92,   250] loss: 0.287
[92,   260] loss: 0.312
[92,   270] loss: 0.326
[92,   280] loss: 0.320
[92,   290] loss: 0.310
[92,   300] loss: 0.319
[92,   310] loss: 0.317
[92,   320] loss: 0.268
[92,   330] loss: 0.311
[92,   340] loss: 0.307
[92,   350] loss: 0.347
[92,   360] loss: 0.325
[92,   370] loss: 0.289
[92,   380] loss: 0.280
[92,   390] loss: 0.286
[92,   400] loss: 0.285
VALIDATION loss: 0.317685067653656
[93,    10] loss: 0.301
[93,    20] loss: 0.336
[93,    30] loss: 0.301
[93,    40] loss: 0.264
[93,    50] loss: 0.275
[93,    60] loss: 0.287
[93,    70] loss: 0.334
[93,    80] loss: 0.326
[93,    90] loss: 0.303
[93,   100] loss: 0.308
[93,   110] loss: 0.263
[93,   120] loss: 0.302
[93,   130] loss: 0.320
[93,   140] loss: 0.289
[93,   150] loss: 0.281
[93,   160] loss: 0.325
[93,   170] loss: 0.291
[93,   180] loss: 0.296
[93,   190] loss: 0.294
[93,   200] loss: 0.322
[93,   210] loss: 0.292
[93,   220] loss: 0.325
[93,   230] loss: 0.351
[93,   240] loss: 0.272
[93,   250] loss: 0.274
[93,   260] loss: 0.292
[93,   270] loss: 0.325
[93,   280] loss: 0.280
[93,   290] loss: 0.335
[93,   300] loss: 0.284
[93,   310] loss: 0.286
[93,   320] loss: 0.329
[93,   330] loss: 0.277
[93,   340] loss: 0.305
[93,   350] loss: 0.314
[93,   360] loss: 0.308
[93,   370] loss: 0.304
[93,   380] loss: 0.364
[93,   390] loss: 0.282
[93,   400] loss: 0.306
VALIDATION loss: 0.35076645016670227
[94,    10] loss: 0.304
[94,    20] loss: 0.310
[94,    30] loss: 0.276
[94,    40] loss: 0.302
[94,    50] loss: 0.309
[94,    60] loss: 0.305
[94,    70] loss: 0.284
[94,    80] loss: 0.305
[94,    90] loss: 0.312
[94,   100] loss: 0.305
[94,   110] loss: 0.331
[94,   120] loss: 0.273
[94,   130] loss: 0.322
[94,   140] loss: 0.267
[94,   150] loss: 0.323
[94,   160] loss: 0.284
[94,   170] loss: 0.330
[94,   180] loss: 0.351
[94,   190] loss: 0.317
[94,   200] loss: 0.324
[94,   210] loss: 0.346
[94,   220] loss: 0.324
[94,   230] loss: 0.282
[94,   240] loss: 0.270
[94,   250] loss: 0.277
[94,   260] loss: 0.314
[94,   270] loss: 0.315
[94,   280] loss: 0.315
[94,   290] loss: 0.338
[94,   300] loss: 0.297
[94,   310] loss: 0.333
[94,   320] loss: 0.296
[94,   330] loss: 0.333
[94,   340] loss: 0.316
[94,   350] loss: 0.302
[94,   360] loss: 0.279
[94,   370] loss: 0.311
[94,   380] loss: 0.284
[94,   390] loss: 0.299
[94,   400] loss: 0.290
VALIDATION loss: 0.3058759272098541
[95,    10] loss: 0.341
[95,    20] loss: 0.338
[95,    30] loss: 0.330
[95,    40] loss: 0.298
[95,    50] loss: 0.294
[95,    60] loss: 0.270
[95,    70] loss: 0.293
[95,    80] loss: 0.308
[95,    90] loss: 0.295
[95,   100] loss: 0.279
[95,   110] loss: 0.314
[95,   120] loss: 0.289
[95,   130] loss: 0.343
[95,   140] loss: 0.290
[95,   150] loss: 0.293
[95,   160] loss: 0.282
[95,   170] loss: 0.320
[95,   180] loss: 0.316
[95,   190] loss: 0.274
[95,   200] loss: 0.268
[95,   210] loss: 0.271
[95,   220] loss: 0.337
[95,   230] loss: 0.255
[95,   240] loss: 0.261
[95,   250] loss: 0.300
[95,   260] loss: 0.292
[95,   270] loss: 0.293
[95,   280] loss: 0.293
[95,   290] loss: 0.266
[95,   300] loss: 0.344
[95,   310] loss: 0.331
[95,   320] loss: 0.297
[95,   330] loss: 0.237
[95,   340] loss: 0.317
[95,   350] loss: 0.284
[95,   360] loss: 0.305
[95,   370] loss: 0.346
[95,   380] loss: 0.275
[95,   390] loss: 0.276
[95,   400] loss: 0.294
VALIDATION loss: 0.35777023434638977
[96,    10] loss: 0.308
[96,    20] loss: 0.292
[96,    30] loss: 0.309
[96,    40] loss: 0.308
[96,    50] loss: 0.274
[96,    60] loss: 0.338
[96,    70] loss: 0.303
[96,    80] loss: 0.314
[96,    90] loss: 0.306
[96,   100] loss: 0.286
[96,   110] loss: 0.259
[96,   120] loss: 0.333
[96,   130] loss: 0.293
[96,   140] loss: 0.290
[96,   150] loss: 0.303
[96,   160] loss: 0.276
[96,   170] loss: 0.294
[96,   180] loss: 0.295
[96,   190] loss: 0.301
[96,   200] loss: 0.304
[96,   210] loss: 0.267
[96,   220] loss: 0.254
[96,   230] loss: 0.317
[96,   240] loss: 0.325
[96,   250] loss: 0.308
[96,   260] loss: 0.287
[96,   270] loss: 0.285
[96,   280] loss: 0.279
[96,   290] loss: 0.295
[96,   300] loss: 0.289
[96,   310] loss: 0.261
[96,   320] loss: 0.286
[96,   330] loss: 0.283
[96,   340] loss: 0.273
[96,   350] loss: 0.316
[96,   360] loss: 0.277
[96,   370] loss: 0.338
[96,   380] loss: 0.317
[96,   390] loss: 0.329
[96,   400] loss: 0.295
VALIDATION loss: 0.31085947155952454
[97,    10] loss: 0.281
[97,    20] loss: 0.267
[97,    30] loss: 0.288
[97,    40] loss: 0.335
[97,    50] loss: 0.275
[97,    60] loss: 0.317
[97,    70] loss: 0.296
[97,    80] loss: 0.301
[97,    90] loss: 0.282
[97,   100] loss: 0.364
[97,   110] loss: 0.282
[97,   120] loss: 0.289
[97,   130] loss: 0.303
[97,   140] loss: 0.267
[97,   150] loss: 0.306
[97,   160] loss: 0.316
[97,   170] loss: 0.280
[97,   180] loss: 0.279
[97,   190] loss: 0.333
[97,   200] loss: 0.308
[97,   210] loss: 0.328
[97,   220] loss: 0.321
[97,   230] loss: 0.282
[97,   240] loss: 0.315
[97,   250] loss: 0.305
[97,   260] loss: 0.314
[97,   270] loss: 0.302
[97,   280] loss: 0.279
[97,   290] loss: 0.267
[97,   300] loss: 0.241
[97,   310] loss: 0.266
[97,   320] loss: 0.283
[97,   330] loss: 0.290
[97,   340] loss: 0.245
[97,   350] loss: 0.281
[97,   360] loss: 0.288
[97,   370] loss: 0.312
[97,   380] loss: 0.248
[97,   390] loss: 0.316
[97,   400] loss: 0.305
VALIDATION loss: 0.29683002829551697
[98,    10] loss: 0.273
[98,    20] loss: 0.296
[98,    30] loss: 0.261
[98,    40] loss: 0.273
[98,    50] loss: 0.282
[98,    60] loss: 0.280
[98,    70] loss: 0.293
[98,    80] loss: 0.291
[98,    90] loss: 0.277
[98,   100] loss: 0.275
[98,   110] loss: 0.285
[98,   120] loss: 0.300
[98,   130] loss: 0.277
[98,   140] loss: 0.298
[98,   150] loss: 0.250
[98,   160] loss: 0.318
[98,   170] loss: 0.244
[98,   180] loss: 0.268
[98,   190] loss: 0.307
[98,   200] loss: 0.273
[98,   210] loss: 0.325
[98,   220] loss: 0.287
[98,   230] loss: 0.302
[98,   240] loss: 0.347
[98,   250] loss: 0.307
[98,   260] loss: 0.297
[98,   270] loss: 0.284
[98,   280] loss: 0.288
[98,   290] loss: 0.277
[98,   300] loss: 0.295
[98,   310] loss: 0.274
[98,   320] loss: 0.259
[98,   330] loss: 0.271
[98,   340] loss: 0.327
[98,   350] loss: 0.299
[98,   360] loss: 0.321
[98,   370] loss: 0.280
[98,   380] loss: 0.311
[98,   390] loss: 0.292
[98,   400] loss: 0.323
VALIDATION loss: 0.3074091672897339
[99,    10] loss: 0.271
[99,    20] loss: 0.247
[99,    30] loss: 0.301
[99,    40] loss: 0.308
[99,    50] loss: 0.349
[99,    60] loss: 0.268
[99,    70] loss: 0.311
[99,    80] loss: 0.287
[99,    90] loss: 0.291
[99,   100] loss: 0.322
[99,   110] loss: 0.266
[99,   120] loss: 0.258
[99,   130] loss: 0.317
[99,   140] loss: 0.272
[99,   150] loss: 0.317
[99,   160] loss: 0.292
[99,   170] loss: 0.279
[99,   180] loss: 0.261
[99,   190] loss: 0.279
[99,   200] loss: 0.276
[99,   210] loss: 0.290
[99,   220] loss: 0.245
[99,   230] loss: 0.330
[99,   240] loss: 0.255
[99,   250] loss: 0.327
[99,   260] loss: 0.304
[99,   270] loss: 0.277
[99,   280] loss: 0.288
[99,   290] loss: 0.308
[99,   300] loss: 0.307
[99,   310] loss: 0.306
[99,   320] loss: 0.260
[99,   330] loss: 0.276
[99,   340] loss: 0.271
[99,   350] loss: 0.304
[99,   360] loss: 0.279
[99,   370] loss: 0.267
[99,   380] loss: 0.245
[99,   390] loss: 0.351
[99,   400] loss: 0.298
VALIDATION loss: 0.3732989430427551
[100,    10] loss: 0.269
[100,    20] loss: 0.272
[100,    30] loss: 0.270
[100,    40] loss: 0.292
[100,    50] loss: 0.271
[100,    60] loss: 0.278
[100,    70] loss: 0.279
[100,    80] loss: 0.266
[100,    90] loss: 0.322
[100,   100] loss: 0.311
[100,   110] loss: 0.265
[100,   120] loss: 0.296
[100,   130] loss: 0.296
[100,   140] loss: 0.250
[100,   150] loss: 0.301
[100,   160] loss: 0.297
[100,   170] loss: 0.321
[100,   180] loss: 0.309
[100,   190] loss: 0.259
[100,   200] loss: 0.278
[100,   210] loss: 0.257
[100,   220] loss: 0.266
[100,   230] loss: 0.267
[100,   240] loss: 0.317
[100,   250] loss: 0.303
[100,   260] loss: 0.290
[100,   270] loss: 0.310
[100,   280] loss: 0.315
[100,   290] loss: 0.318
[100,   300] loss: 0.318
[100,   310] loss: 0.317
[100,   320] loss: 0.296
[100,   330] loss: 0.307
[100,   340] loss: 0.255
[100,   350] loss: 0.275
[100,   360] loss: 0.316
[100,   370] loss: 0.337
[100,   380] loss: 0.274
[100,   390] loss: 0.231
[100,   400] loss: 0.312
VALIDATION loss: 0.34598538279533386
Finished !!
Accuracy of the network: 84.52 %
