Collecting dill==0.3.4 (from -r requirements.txt (line 1))
  Using cached https://files.pythonhosted.org/packages/b6/c3/973676ceb86b60835bb3978c6db67a5dc06be6cfdbd14ef0f5a13e3fc9fd/dill-0.3.4-py2.py3-none-any.whl
Requirement already satisfied: laplace==0.1 in /zhome/45/c/128687/.local/lib/python3.6/site-packages (from -r requirements.txt (line 2))
Collecting matplotlib==3.4.0 (from -r requirements.txt (line 3))
Small: 0
Transform: 0
MaxPool: 0
Running GPU.
[1,    10] loss: 1.980
[1,    20] loss: 1.952
[1,    30] loss: 1.917
[1,    40] loss: 1.899
[1,    50] loss: 1.890
[1,    60] loss: 1.845
[1,    70] loss: 1.830
[1,    80] loss: 1.817
[1,    90] loss: 1.807
[1,   100] loss: 1.838
[1,   110] loss: 1.794
[1,   120] loss: 1.779
[1,   130] loss: 1.746
[1,   140] loss: 1.754
[1,   150] loss: 1.721
[1,   160] loss: 1.722
[1,   170] loss: 1.733
[1,   180] loss: 1.736
[1,   190] loss: 1.696
[1,   200] loss: 1.715
[1,   210] loss: 1.715
[1,   220] loss: 1.680
[1,   230] loss: 1.676
[1,   240] loss: 1.642
[1,   250] loss: 1.678
[1,   260] loss: 1.717
[1,   270] loss: 1.689
[1,   280] loss: 1.676
[1,   290] loss: 1.693
[1,   300] loss: 1.653
[1,   310] loss: 1.663
[1,   320] loss: 1.624
[1,   330] loss: 1.687
[1,   340] loss: 1.667
[1,   350] loss: 1.644
[1,   360] loss: 1.657
[1,   370] loss: 1.647
[1,   380] loss: 1.619
[1,   390] loss: 1.647
[1,   400] loss: 1.649
VALIDATION loss: 1.594883680343628
[2,    10] loss: 1.602
[2,    20] loss: 1.653
[2,    30] loss: 1.574
[2,    40] loss: 1.663
[2,    50] loss: 1.567
[2,    60] loss: 1.590
[2,    70] loss: 1.619
[2,    80] loss: 1.630
[2,    90] loss: 1.636
[2,   100] loss: 1.600
[2,   110] loss: 1.603
[2,   120] loss: 1.620
[2,   130] loss: 1.625
[2,   140] loss: 1.553
[2,   150] loss: 1.539
[2,   160] loss: 1.614
[2,   170] loss: 1.558
[2,   180] loss: 1.594
[2,   190] loss: 1.623
[2,   200] loss: 1.592
[2,   210] loss: 1.533
[2,   220] loss: 1.525
[2,   230] loss: 1.592
[2,   240] loss: 1.587
[2,   250] loss: 1.514
[2,   260] loss: 1.592
[2,   270] loss: 1.564
[2,   280] loss: 1.595
[2,   290] loss: 1.584
[2,   300] loss: 1.546
[2,   310] loss: 1.566
[2,   320] loss: 1.525
[2,   330] loss: 1.562
[2,   340] loss: 1.554
[2,   350] loss: 1.536
[2,   360] loss: 1.489
[2,   370] loss: 1.516
[2,   380] loss: 1.538
[2,   390] loss: 1.499
[2,   400] loss: 1.543
VALIDATION loss: 1.4984545707702637
[3,    10] loss: 1.507
[3,    20] loss: 1.512
[3,    30] loss: 1.506
[3,    40] loss: 1.528
[3,    50] loss: 1.495
[3,    60] loss: 1.519
[3,    70] loss: 1.492
[3,    80] loss: 1.556
[3,    90] loss: 1.536
[3,   100] loss: 1.509
[3,   110] loss: 1.459
[3,   120] loss: 1.512
[3,   130] loss: 1.481
[3,   140] loss: 1.508
[3,   150] loss: 1.450
[3,   160] loss: 1.454
[3,   170] loss: 1.488
[3,   180] loss: 1.529
[3,   190] loss: 1.460
[3,   200] loss: 1.481
[3,   210] loss: 1.458
[3,   220] loss: 1.512
[3,   230] loss: 1.457
[3,   240] loss: 1.405
[3,   250] loss: 1.501
[3,   260] loss: 1.472
[3,   270] loss: 1.481
[3,   280] loss: 1.415
[3,   290] loss: 1.441
[3,   300] loss: 1.460
[3,   310] loss: 1.458
[3,   320] loss: 1.474
[3,   330] loss: 1.453
[3,   340] loss: 1.504
[3,   350] loss: 1.484
[3,   360] loss: 1.437
[3,   370] loss: 1.415
[3,   380] loss: 1.458
[3,   390] loss: 1.462
[3,   400] loss: 1.385
VALIDATION loss: 1.4026741981506348
[4,    10] loss: 1.431
[4,    20] loss: 1.397
[4,    30] loss: 1.444
[4,    40] loss: 1.439
[4,    50] loss: 1.372
[4,    60] loss: 1.407
[4,    70] loss: 1.423
[4,    80] loss: 1.432
[4,    90] loss: 1.446
[4,   100] loss: 1.471
[4,   110] loss: 1.412
[4,   120] loss: 1.422
[4,   130] loss: 1.406
[4,   140] loss: 1.419
[4,   150] loss: 1.373
[4,   160] loss: 1.427
[4,   170] loss: 1.413
[4,   180] loss: 1.460
[4,   190] loss: 1.447
[4,   200] loss: 1.451
[4,   210] loss: 1.396
[4,   220] loss: 1.397
[4,   230] loss: 1.380
[4,   240] loss: 1.437
[4,   250] loss: 1.352
[4,   260] loss: 1.398
[4,   270] loss: 1.346
[4,   280] loss: 1.378
[4,   290] loss: 1.391
[4,   300] loss: 1.411
[4,   310] loss: 1.399
[4,   320] loss: 1.365
[4,   330] loss: 1.409
[4,   340] loss: 1.349
[4,   350] loss: 1.391
[4,   360] loss: 1.310
[4,   370] loss: 1.344
[4,   380] loss: 1.395
[4,   390] loss: 1.386
[4,   400] loss: 1.351
VALIDATION loss: 1.3110957145690918
[5,    10] loss: 1.352
[5,    20] loss: 1.348
[5,    30] loss: 1.361
[5,    40] loss: 1.328
[5,    50] loss: 1.317
[5,    60] loss: 1.375
[5,    70] loss: 1.343
[5,    80] loss: 1.386
[5,    90] loss: 1.384
[5,   100] loss: 1.361
[5,   110] loss: 1.315
[5,   120] loss: 1.350
[5,   130] loss: 1.384
[5,   140] loss: 1.348
[5,   150] loss: 1.282
[5,   160] loss: 1.329
[5,   170] loss: 1.317
[5,   180] loss: 1.328
[5,   190] loss: 1.350
[5,   200] loss: 1.324
[5,   210] loss: 1.318
[5,   220] loss: 1.296
[5,   230] loss: 1.347
[5,   240] loss: 1.326
[5,   250] loss: 1.345
[5,   260] loss: 1.317
[5,   270] loss: 1.316
[5,   280] loss: 1.325
[5,   290] loss: 1.377
[5,   300] loss: 1.333
[5,   310] loss: 1.339
[5,   320] loss: 1.368
[5,   330] loss: 1.405
[5,   340] loss: 1.337
[5,   350] loss: 1.285
[5,   360] loss: 1.331
[5,   370] loss: 1.335
[5,   380] loss: 1.366
[5,   390] loss: 1.317
[5,   400] loss: 1.316
VALIDATION loss: 1.2748370170593262
[6,    10] loss: 1.298
[6,    20] loss: 1.339
[6,    30] loss: 1.264
[6,    40] loss: 1.328
[6,    50] loss: 1.311
[6,    60] loss: 1.313
[6,    70] loss: 1.332
[6,    80] loss: 1.300
[6,    90] loss: 1.317
[6,   100] loss: 1.330
[6,   110] loss: 1.342
[6,   120] loss: 1.247
[6,   130] loss: 1.262
[6,   140] loss: 1.272
[6,   150] loss: 1.290
[6,   160] loss: 1.268
[6,   170] loss: 1.273
[6,   180] loss: 1.309
[6,   190] loss: 1.353
[6,   200] loss: 1.208
[6,   210] loss: 1.241
[6,   220] loss: 1.337
[6,   230] loss: 1.279
[6,   240] loss: 1.279
[6,   250] loss: 1.295
[6,   260] loss: 1.279
[6,   270] loss: 1.303
[6,   280] loss: 1.295
[6,   290] loss: 1.224
[6,   300] loss: 1.311
[6,   310] loss: 1.344
[6,   320] loss: 1.216
[6,   330] loss: 1.302
[6,   340] loss: 1.279
[6,   350] loss: 1.201
[6,   360] loss: 1.298
[6,   370] loss: 1.238
[6,   380] loss: 1.245
[6,   390] loss: 1.272
[6,   400] loss: 1.274
VALIDATION loss: 1.2786145210266113
[7,    10] loss: 1.282
[7,    20] loss: 1.243
[7,    30] loss: 1.261
[7,    40] loss: 1.296
[7,    50] loss: 1.266
[7,    60] loss: 1.312
[7,    70] loss: 1.301
[7,    80] loss: 1.235
[7,    90] loss: 1.280
[7,   100] loss: 1.295
[7,   110] loss: 1.256
[7,   120] loss: 1.268
[7,   130] loss: 1.218
[7,   140] loss: 1.267
[7,   150] loss: 1.229
[7,   160] loss: 1.200
[7,   170] loss: 1.237
[7,   180] loss: 1.210
[7,   190] loss: 1.220
[7,   200] loss: 1.249
[7,   210] loss: 1.264
[7,   220] loss: 1.254
[7,   230] loss: 1.253
[7,   240] loss: 1.190
[7,   250] loss: 1.255
[7,   260] loss: 1.253
[7,   270] loss: 1.229
[7,   280] loss: 1.223
[7,   290] loss: 1.223
[7,   300] loss: 1.219
[7,   310] loss: 1.225
[7,   320] loss: 1.243
[7,   330] loss: 1.218
[7,   340] loss: 1.237
[7,   350] loss: 1.243
[7,   360] loss: 1.206
[7,   370] loss: 1.202
[7,   380] loss: 1.233
[7,   390] loss: 1.162
[7,   400] loss: 1.248
VALIDATION loss: 1.177286982536316
[8,    10] loss: 1.194
[8,    20] loss: 1.221
[8,    30] loss: 1.223
[8,    40] loss: 1.255
[8,    50] loss: 1.186
[8,    60] loss: 1.251
[8,    70] loss: 1.148
[8,    80] loss: 1.183
[8,    90] loss: 1.223
[8,   100] loss: 1.253
[8,   110] loss: 1.221
[8,   120] loss: 1.226
[8,   130] loss: 1.184
[8,   140] loss: 1.190
[8,   150] loss: 1.247
[8,   160] loss: 1.208
[8,   170] loss: 1.234
[8,   180] loss: 1.153
[8,   190] loss: 1.216
[8,   200] loss: 1.222
[8,   210] loss: 1.179
[8,   220] loss: 1.230
[8,   230] loss: 1.204
[8,   240] loss: 1.235
[8,   250] loss: 1.139
[8,   260] loss: 1.215
[8,   270] loss: 1.136
[8,   280] loss: 1.155
[8,   290] loss: 1.141
[8,   300] loss: 1.178
[8,   310] loss: 1.191
[8,   320] loss: 1.161
[8,   330] loss: 1.194
[8,   340] loss: 1.174
[8,   350] loss: 1.190
[8,   360] loss: 1.166
[8,   370] loss: 1.201
[8,   380] loss: 1.183
[8,   390] loss: 1.162
[8,   400] loss: 1.162
VALIDATION loss: 1.112567663192749
[9,    10] loss: 1.228
[9,    20] loss: 1.202
[9,    30] loss: 1.135
[9,    40] loss: 1.161
[9,    50] loss: 1.191
[9,    60] loss: 1.220
[9,    70] loss: 1.173
[9,    80] loss: 1.182
[9,    90] loss: 1.181
[9,   100] loss: 1.120
[9,   110] loss: 1.161
[9,   120] loss: 1.173
[9,   130] loss: 1.205
[9,   140] loss: 1.136
[9,   150] loss: 1.171
[9,   160] loss: 1.194
[9,   170] loss: 1.182
[9,   180] loss: 1.171
[9,   190] loss: 1.135
[9,   200] loss: 1.175
[9,   210] loss: 1.159
[9,   220] loss: 1.182
[9,   230] loss: 1.126
[9,   240] loss: 1.121
[9,   250] loss: 1.214
[9,   260] loss: 1.136
[9,   270] loss: 1.134
[9,   280] loss: 1.159
[9,   290] loss: 1.146
[9,   300] loss: 1.115
[9,   310] loss: 1.168
[9,   320] loss: 1.123
[9,   330] loss: 1.183
[9,   340] loss: 1.148
[9,   350] loss: 1.142
[9,   360] loss: 1.137
[9,   370] loss: 1.144
[9,   380] loss: 1.141
[9,   390] loss: 1.133
[9,   400] loss: 1.144
VALIDATION loss: 1.0914061069488525
[10,    10] loss: 1.132
[10,    20] loss: 1.109
[10,    30] loss: 1.149
[10,    40] loss: 1.080
[10,    50] loss: 1.126
[10,    60] loss: 1.193
[10,    70] loss: 1.196
[10,    80] loss: 1.181
[10,    90] loss: 1.124
[10,   100] loss: 1.068
[10,   110] loss: 1.070
[10,   120] loss: 1.130
[10,   130] loss: 1.110
[10,   140] loss: 1.156
[10,   150] loss: 1.150
[10,   160] loss: 1.117
[10,   170] loss: 1.133
[10,   180] loss: 1.122
[10,   190] loss: 1.151
[10,   200] loss: 1.140
[10,   210] loss: 1.121
[10,   220] loss: 1.156
[10,   230] loss: 1.154
[10,   240] loss: 1.162
[10,   250] loss: 1.123
[10,   260] loss: 1.111
[10,   270] loss: 1.086
[10,   280] loss: 1.102
[10,   290] loss: 1.103
[10,   300] loss: 1.101
[10,   310] loss: 1.164
[10,   320] loss: 1.101
[10,   330] loss: 1.096
[10,   340] loss: 1.163
[10,   350] loss: 1.120
[10,   360] loss: 1.085
[10,   370] loss: 1.072
[10,   380] loss: 1.163
[10,   390] loss: 1.127
[10,   400] loss: 1.071
VALIDATION loss: 1.0843799114227295
[11,    10] loss: 1.094
[11,    20] loss: 1.116
[11,    30] loss: 1.165
[11,    40] loss: 1.055
[11,    50] loss: 1.090
[11,    60] loss: 1.144
[11,    70] loss: 1.098
[11,    80] loss: 1.069
[11,    90] loss: 1.093
[11,   100] loss: 1.113
[11,   110] loss: 1.054
[11,   120] loss: 1.094
[11,   130] loss: 1.134
[11,   140] loss: 1.073
[11,   150] loss: 1.099
[11,   160] loss: 1.006
[11,   170] loss: 1.066
[11,   180] loss: 1.121
[11,   190] loss: 1.086
[11,   200] loss: 1.088
[11,   210] loss: 1.107
[11,   220] loss: 1.089
[11,   230] loss: 1.055
[11,   240] loss: 1.140
[11,   250] loss: 1.068
[11,   260] loss: 1.065
[11,   270] loss: 1.076
[11,   280] loss: 1.088
[11,   290] loss: 1.053
[11,   300] loss: 1.105
[11,   310] loss: 1.098
[11,   320] loss: 1.067
[11,   330] loss: 1.090
[11,   340] loss: 1.050
[11,   350] loss: 1.031
[11,   360] loss: 1.112
[11,   370] loss: 1.069
[11,   380] loss: 1.089
[11,   390] loss: 1.048
[11,   400] loss: 1.067
VALIDATION loss: 1.0782434940338135
[12,    10] loss: 1.081
[12,    20] loss: 1.109
[12,    30] loss: 1.125
[12,    40] loss: 1.100
[12,    50] loss: 0.953
[12,    60] loss: 1.060
[12,    70] loss: 1.101
[12,    80] loss: 1.081
[12,    90] loss: 1.069
[12,   100] loss: 1.075
[12,   110] loss: 1.088
[12,   120] loss: 1.074
[12,   130] loss: 1.020
[12,   140] loss: 1.017
[12,   150] loss: 1.031
[12,   160] loss: 1.051
[12,   170] loss: 1.115
[12,   180] loss: 1.062
[12,   190] loss: 1.050
[12,   200] loss: 1.016
[12,   210] loss: 1.054
[12,   220] loss: 0.985
[12,   230] loss: 1.016
[12,   240] loss: 1.070
[12,   250] loss: 1.019
[12,   260] loss: 1.070
[12,   270] loss: 1.056
[12,   280] loss: 1.049
[12,   290] loss: 1.118
[12,   300] loss: 1.068
[12,   310] loss: 1.026
[12,   320] loss: 1.070
[12,   330] loss: 1.032
[12,   340] loss: 1.081
[12,   350] loss: 1.024
[12,   360] loss: 1.003
[12,   370] loss: 1.018
[12,   380] loss: 1.077
[12,   390] loss: 1.042
[12,   400] loss: 1.030
VALIDATION loss: 0.9726139903068542
[13,    10] loss: 1.055
[13,    20] loss: 0.988
[13,    30] loss: 0.968
[13,    40] loss: 1.106
[13,    50] loss: 1.036
[13,    60] loss: 1.031
[13,    70] loss: 1.060
[13,    80] loss: 0.987
[13,    90] loss: 1.045
[13,   100] loss: 1.004
[13,   110] loss: 1.053
[13,   120] loss: 1.069
[13,   130] loss: 1.061
[13,   140] loss: 0.997
[13,   150] loss: 1.010
[13,   160] loss: 1.018
[13,   170] loss: 1.058
[13,   180] loss: 1.009
[13,   190] loss: 1.019
[13,   200] loss: 1.038
[13,   210] loss: 1.030
[13,   220] loss: 1.018
[13,   230] loss: 1.013
[13,   240] loss: 1.009
[13,   250] loss: 0.995
[13,   260] loss: 1.059
[13,   270] loss: 1.031
[13,   280] loss: 0.986
[13,   290] loss: 0.977
[13,   300] loss: 1.029
[13,   310] loss: 0.973
[13,   320] loss: 1.041
[13,   330] loss: 0.945
[13,   340] loss: 1.022
[13,   350] loss: 0.999
[13,   360] loss: 1.002
[13,   370] loss: 0.992
[13,   380] loss: 1.020
[13,   390] loss: 0.977
[13,   400] loss: 1.018
VALIDATION loss: 1.0112621784210205
[14,    10] loss: 0.991
[14,    20] loss: 0.979
[14,    30] loss: 0.997
[14,    40] loss: 0.977
[14,    50] loss: 0.996
[14,    60] loss: 0.961
[14,    70] loss: 0.992
[14,    80] loss: 1.031
[14,    90] loss: 1.053
[14,   100] loss: 0.980
[14,   110] loss: 1.003
[14,   120] loss: 1.003
[14,   130] loss: 1.031
[14,   140] loss: 0.911
[14,   150] loss: 0.977
[14,   160] loss: 1.008
[14,   170] loss: 1.035
[14,   180] loss: 0.986
[14,   190] loss: 0.994
[14,   200] loss: 0.970
[14,   210] loss: 1.004
[14,   220] loss: 1.008
[14,   230] loss: 0.978
[14,   240] loss: 0.984
[14,   250] loss: 0.978
[14,   260] loss: 1.028
[14,   270] loss: 1.056
[14,   280] loss: 0.976
[14,   290] loss: 1.010
[14,   300] loss: 1.002
[14,   310] loss: 1.013
[14,   320] loss: 1.017
[14,   330] loss: 0.950
[14,   340] loss: 0.996
[14,   350] loss: 0.971
[14,   360] loss: 0.945
[14,   370] loss: 0.990
[14,   380] loss: 0.986
[14,   390] loss: 0.898
[14,   400] loss: 0.971
VALIDATION loss: 0.9055983424186707
[15,    10] loss: 0.969
[15,    20] loss: 0.934
[15,    30] loss: 0.984
[15,    40] loss: 0.979
[15,    50] loss: 0.915
[15,    60] loss: 1.000
[15,    70] loss: 0.923
[15,    80] loss: 1.027
[15,    90] loss: 0.939
[15,   100] loss: 0.925
[15,   110] loss: 1.000
[15,   120] loss: 0.996
[15,   130] loss: 0.900
[15,   140] loss: 0.908
[15,   150] loss: 0.963
[15,   160] loss: 0.974
[15,   170] loss: 0.924
[15,   180] loss: 0.950
[15,   190] loss: 0.983
[15,   200] loss: 1.046
[15,   210] loss: 0.846
[15,   220] loss: 0.931
[15,   230] loss: 0.980
[15,   240] loss: 0.929
[15,   250] loss: 0.974
[15,   260] loss: 0.929
[15,   270] loss: 0.889
[15,   280] loss: 0.886
[15,   290] loss: 0.957
[15,   300] loss: 0.975
[15,   310] loss: 0.934
[15,   320] loss: 0.929
[15,   330] loss: 0.941
[15,   340] loss: 0.960
[15,   350] loss: 0.914
[15,   360] loss: 0.976
[15,   370] loss: 0.986
[15,   380] loss: 0.877
[15,   390] loss: 0.965
[15,   400] loss: 0.959
VALIDATION loss: 0.8981782793998718
[16,    10] loss: 0.915
[16,    20] loss: 0.968
[16,    30] loss: 0.928
[16,    40] loss: 0.904
[16,    50] loss: 0.967
[16,    60] loss: 0.902
[16,    70] loss: 0.974
[16,    80] loss: 0.922
[16,    90] loss: 0.904
[16,   100] loss: 0.959
[16,   110] loss: 0.881
[16,   120] loss: 0.933
[16,   130] loss: 0.909
[16,   140] loss: 0.968
[16,   150] loss: 0.974
[16,   160] loss: 0.912
[16,   170] loss: 0.918
[16,   180] loss: 0.956
[16,   190] loss: 0.961
[16,   200] loss: 0.882
[16,   210] loss: 0.909
[16,   220] loss: 0.905
[16,   230] loss: 0.914
[16,   240] loss: 0.915
[16,   250] loss: 0.912
[16,   260] loss: 0.934
[16,   270] loss: 0.919
[16,   280] loss: 0.949
[16,   290] loss: 0.911
[16,   300] loss: 0.933
[16,   310] loss: 0.914
[16,   320] loss: 0.887
[16,   330] loss: 0.924
[16,   340] loss: 0.871
[16,   350] loss: 0.908
[16,   360] loss: 0.971
[16,   370] loss: 0.910
[16,   380] loss: 0.904
[16,   390] loss: 0.946
[16,   400] loss: 0.889
VALIDATION loss: 0.8645559549331665
[17,    10] loss: 0.928
[17,    20] loss: 0.922
[17,    30] loss: 0.903
[17,    40] loss: 0.878
[17,    50] loss: 0.975
[17,    60] loss: 0.891
[17,    70] loss: 0.989
[17,    80] loss: 0.923
[17,    90] loss: 0.894
[17,   100] loss: 0.958
[17,   110] loss: 0.892
[17,   120] loss: 0.871
[17,   130] loss: 0.927
[17,   140] loss: 0.874
[17,   150] loss: 0.936
[17,   160] loss: 0.844
[17,   170] loss: 0.859
[17,   180] loss: 0.902
[17,   190] loss: 0.877
[17,   200] loss: 0.871
[17,   210] loss: 0.892
[17,   220] loss: 0.820
[17,   230] loss: 0.880
[17,   240] loss: 0.858
[17,   250] loss: 0.907
[17,   260] loss: 0.894
[17,   270] loss: 0.869
[17,   280] loss: 0.870
[17,   290] loss: 0.916
[17,   300] loss: 0.863
[17,   310] loss: 0.896
[17,   320] loss: 0.857
[17,   330] loss: 0.911
[17,   340] loss: 0.893
[17,   350] loss: 0.875
[17,   360] loss: 0.902
[17,   370] loss: 0.867
[17,   380] loss: 0.910
[17,   390] loss: 0.869
[17,   400] loss: 0.888
VALIDATION loss: 0.8352449536323547
[18,    10] loss: 0.890
[18,    20] loss: 0.923
[18,    30] loss: 0.841
[18,    40] loss: 0.885
[18,    50] loss: 0.934
[18,    60] loss: 0.851
[18,    70] loss: 0.880
[18,    80] loss: 0.884
[18,    90] loss: 0.870
[18,   100] loss: 0.918
[18,   110] loss: 0.856
[18,   120] loss: 0.878
[18,   130] loss: 0.870
[18,   140] loss: 0.825
[18,   150] loss: 0.875
[18,   160] loss: 0.869
[18,   170] loss: 0.823
[18,   180] loss: 0.866
[18,   190] loss: 0.867
[18,   200] loss: 0.901
[18,   210] loss: 0.850
[18,   220] loss: 0.872
[18,   230] loss: 0.862
[18,   240] loss: 0.836
[18,   250] loss: 0.877
[18,   260] loss: 0.908
[18,   270] loss: 0.813
[18,   280] loss: 0.864
[18,   290] loss: 0.788
[18,   300] loss: 0.898
[18,   310] loss: 0.891
[18,   320] loss: 0.870
[18,   330] loss: 0.890
[18,   340] loss: 0.816
[18,   350] loss: 0.841
[18,   360] loss: 0.882
[18,   370] loss: 0.856
[18,   380] loss: 0.923
[18,   390] loss: 0.863
[18,   400] loss: 0.860
VALIDATION loss: 0.8045819401741028
[19,    10] loss: 0.872
[19,    20] loss: 0.865
[19,    30] loss: 0.878
[19,    40] loss: 0.903
[19,    50] loss: 0.841
[19,    60] loss: 0.860
[19,    70] loss: 0.814
[19,    80] loss: 0.880
[19,    90] loss: 0.774
[19,   100] loss: 0.814
[19,   110] loss: 0.922
[19,   120] loss: 0.877
[19,   130] loss: 0.807
[19,   140] loss: 0.851
[19,   150] loss: 0.853
[19,   160] loss: 0.832
[19,   170] loss: 0.805
[19,   180] loss: 0.835
[19,   190] loss: 0.868
[19,   200] loss: 0.853
[19,   210] loss: 0.854
[19,   220] loss: 0.770
[19,   230] loss: 0.843
[19,   240] loss: 0.887
[19,   250] loss: 0.782
[19,   260] loss: 0.849
[19,   270] loss: 0.878
[19,   280] loss: 0.837
[19,   290] loss: 0.800
[19,   300] loss: 0.845
[19,   310] loss: 0.891
[19,   320] loss: 0.829
[19,   330] loss: 0.803
[19,   340] loss: 0.888
[19,   350] loss: 0.866
[19,   360] loss: 0.834
[19,   370] loss: 0.858
[19,   380] loss: 0.835
[19,   390] loss: 0.837
[19,   400] loss: 0.849
VALIDATION loss: 0.8354562520980835
[20,    10] loss: 0.796
[20,    20] loss: 0.822
[20,    30] loss: 0.869
[20,    40] loss: 0.772
[20,    50] loss: 0.810
[20,    60] loss: 0.861
[20,    70] loss: 0.864
[20,    80] loss: 0.793
[20,    90] loss: 0.855
[20,   100] loss: 0.864
[20,   110] loss: 0.830
[20,   120] loss: 0.812
[20,   130] loss: 0.853
[20,   140] loss: 0.782
[20,   150] loss: 0.824
[20,   160] loss: 0.843
[20,   170] loss: 0.830
[20,   180] loss: 0.887
[20,   190] loss: 0.830
[20,   200] loss: 0.807
[20,   210] loss: 0.807
[20,   220] loss: 0.805
[20,   230] loss: 0.775
[20,   240] loss: 0.829
[20,   250] loss: 0.835
[20,   260] loss: 0.846
[20,   270] loss: 0.806
[20,   280] loss: 0.822
[20,   290] loss: 0.906
[20,   300] loss: 0.823
[20,   310] loss: 0.848
[20,   320] loss: 0.806
[20,   330] loss: 0.800
[20,   340] loss: 0.808
[20,   350] loss: 0.824
[20,   360] loss: 0.762
[20,   370] loss: 0.754
[20,   380] loss: 0.767
[20,   390] loss: 0.783
[20,   400] loss: 0.800
VALIDATION loss: 0.772736668586731
[21,    10] loss: 0.836
[21,    20] loss: 0.860
[21,    30] loss: 0.809
[21,    40] loss: 0.840
[21,    50] loss: 0.797
[21,    60] loss: 0.800
[21,    70] loss: 0.797
[21,    80] loss: 0.826
[21,    90] loss: 0.780
[21,   100] loss: 0.793
[21,   110] loss: 0.820
[21,   120] loss: 0.797
[21,   130] loss: 0.778
[21,   140] loss: 0.759
[21,   150] loss: 0.870
[21,   160] loss: 0.799
[21,   170] loss: 0.797
[21,   180] loss: 0.843
[21,   190] loss: 0.807
[21,   200] loss: 0.804
[21,   210] loss: 0.799
[21,   220] loss: 0.819
[21,   230] loss: 0.798
[21,   240] loss: 0.770
[21,   250] loss: 0.864
[21,   260] loss: 0.784
[21,   270] loss: 0.793
[21,   280] loss: 0.741
[21,   290] loss: 0.792
[21,   300] loss: 0.786
[21,   310] loss: 0.761
[21,   320] loss: 0.852
[21,   330] loss: 0.799
[21,   340] loss: 0.791
[21,   350] loss: 0.782
[21,   360] loss: 0.757
[21,   370] loss: 0.815
[21,   380] loss: 0.798
[21,   390] loss: 0.795
[21,   400] loss: 0.829
VALIDATION loss: 0.8378915190696716
[22,    10] loss: 0.793
[22,    20] loss: 0.849
[22,    30] loss: 0.859
[22,    40] loss: 0.806
[22,    50] loss: 0.801
[22,    60] loss: 0.798
[22,    70] loss: 0.771
[22,    80] loss: 0.761
[22,    90] loss: 0.738
[22,   100] loss: 0.759
[22,   110] loss: 0.789
[22,   120] loss: 0.764
[22,   130] loss: 0.801
[22,   140] loss: 0.792
[22,   150] loss: 0.780
[22,   160] loss: 0.816
[22,   170] loss: 0.847
[22,   180] loss: 0.759
[22,   190] loss: 0.732
[22,   200] loss: 0.703
[22,   210] loss: 0.769
[22,   220] loss: 0.724
[22,   230] loss: 0.765
[22,   240] loss: 0.819
[22,   250] loss: 0.847
[22,   260] loss: 0.791
[22,   270] loss: 0.703
[22,   280] loss: 0.780
[22,   290] loss: 0.755
[22,   300] loss: 0.780
[22,   310] loss: 0.789
[22,   320] loss: 0.821
[22,   330] loss: 0.809
[22,   340] loss: 0.784
[22,   350] loss: 0.811
[22,   360] loss: 0.788
[22,   370] loss: 0.773
[22,   380] loss: 0.766
[22,   390] loss: 0.785
[22,   400] loss: 0.779
VALIDATION loss: 0.7204981446266174
[23,    10] loss: 0.774
[23,    20] loss: 0.788
[23,    30] loss: 0.778
[23,    40] loss: 0.757
[23,    50] loss: 0.767
[23,    60] loss: 0.818
[23,    70] loss: 0.780
[23,    80] loss: 0.740
[23,    90] loss: 0.791
[23,   100] loss: 0.794
[23,   110] loss: 0.756
[23,   120] loss: 0.766
[23,   130] loss: 0.767
[23,   140] loss: 0.804
[23,   150] loss: 0.768
[23,   160] loss: 0.765
[23,   170] loss: 0.777
[23,   180] loss: 0.837
[23,   190] loss: 0.727
[23,   200] loss: 0.693
[23,   210] loss: 0.804
[23,   220] loss: 0.783
[23,   230] loss: 0.753
[23,   240] loss: 0.794
[23,   250] loss: 0.761
[23,   260] loss: 0.782
[23,   270] loss: 0.753
[23,   280] loss: 0.759
[23,   290] loss: 0.691
[23,   300] loss: 0.755
[23,   310] loss: 0.737
[23,   320] loss: 0.703
[23,   330] loss: 0.744
[23,   340] loss: 0.754
[23,   350] loss: 0.728
[23,   360] loss: 0.743
[23,   370] loss: 0.825
[23,   380] loss: 0.712
[23,   390] loss: 0.816
[23,   400] loss: 0.786
VALIDATION loss: 0.7120750546455383
[24,    10] loss: 0.764
[24,    20] loss: 0.716
[24,    30] loss: 0.758
[24,    40] loss: 0.731
[24,    50] loss: 0.789
[24,    60] loss: 0.789
[24,    70] loss: 0.813
[24,    80] loss: 0.769
[24,    90] loss: 0.768
[24,   100] loss: 0.740
[24,   110] loss: 0.712
[24,   120] loss: 0.728
[24,   130] loss: 0.812
[24,   140] loss: 0.772
[24,   150] loss: 0.766
[24,   160] loss: 0.743
[24,   170] loss: 0.733
[24,   180] loss: 0.781
[24,   190] loss: 0.782
[24,   200] loss: 0.735
[24,   210] loss: 0.757
[24,   220] loss: 0.710
[24,   230] loss: 0.680
[24,   240] loss: 0.758
[24,   250] loss: 0.735
[24,   260] loss: 0.739
[24,   270] loss: 0.779
[24,   280] loss: 0.709
[24,   290] loss: 0.726
[24,   300] loss: 0.729
[24,   310] loss: 0.772
[24,   320] loss: 0.734
[24,   330] loss: 0.709
[24,   340] loss: 0.687
[24,   350] loss: 0.740
[24,   360] loss: 0.726
[24,   370] loss: 0.686
[24,   380] loss: 0.771
[24,   390] loss: 0.719
[24,   400] loss: 0.753
VALIDATION loss: 0.7329006195068359
[25,    10] loss: 0.759
[25,    20] loss: 0.823
[25,    30] loss: 0.751
[25,    40] loss: 0.779
[25,    50] loss: 0.742
[25,    60] loss: 0.721
[25,    70] loss: 0.692
[25,    80] loss: 0.724
[25,    90] loss: 0.727
[25,   100] loss: 0.754
[25,   110] loss: 0.720
[25,   120] loss: 0.683
[25,   130] loss: 0.636
[25,   140] loss: 0.748
[25,   150] loss: 0.762
[25,   160] loss: 0.694
[25,   170] loss: 0.738
[25,   180] loss: 0.726
[25,   190] loss: 0.768
[25,   200] loss: 0.727
[25,   210] loss: 0.769
[25,   220] loss: 0.748
[25,   230] loss: 0.690
[25,   240] loss: 0.701
[25,   250] loss: 0.728
[25,   260] loss: 0.736
[25,   270] loss: 0.722
[25,   280] loss: 0.710
[25,   290] loss: 0.743
[25,   300] loss: 0.747
[25,   310] loss: 0.707
[25,   320] loss: 0.714
[25,   330] loss: 0.695
[25,   340] loss: 0.619
[25,   350] loss: 0.717
[25,   360] loss: 0.715
[25,   370] loss: 0.667
[25,   380] loss: 0.774
[25,   390] loss: 0.826
[25,   400] loss: 0.747
VALIDATION loss: 0.6693817377090454
[26,    10] loss: 0.752
[26,    20] loss: 0.753
[26,    30] loss: 0.716
[26,    40] loss: 0.692
[26,    50] loss: 0.724
[26,    60] loss: 0.719
[26,    70] loss: 0.763
[26,    80] loss: 0.735
[26,    90] loss: 0.739
[26,   100] loss: 0.735
[26,   110] loss: 0.679
[26,   120] loss: 0.763
[26,   130] loss: 0.706
[26,   140] loss: 0.690
[26,   150] loss: 0.767
[26,   160] loss: 0.715
[26,   170] loss: 0.634
[26,   180] loss: 0.762
[26,   190] loss: 0.730
[26,   200] loss: 0.715
[26,   210] loss: 0.766
[26,   220] loss: 0.713
[26,   230] loss: 0.653
[26,   240] loss: 0.683
[26,   250] loss: 0.619
[26,   260] loss: 0.716
[26,   270] loss: 0.693
[26,   280] loss: 0.687
[26,   290] loss: 0.732
[26,   300] loss: 0.689
[26,   310] loss: 0.680
[26,   320] loss: 0.736
[26,   330] loss: 0.740
[26,   340] loss: 0.703
[26,   350] loss: 0.699
[26,   360] loss: 0.732
[26,   370] loss: 0.729
[26,   380] loss: 0.717
[26,   390] loss: 0.673
[26,   400] loss: 0.759
VALIDATION loss: 0.700114369392395
[27,    10] loss: 0.730
[27,    20] loss: 0.668
[27,    30] loss: 0.731
[27,    40] loss: 0.692
[27,    50] loss: 0.758
[27,    60] loss: 0.720
[27,    70] loss: 0.751
[27,    80] loss: 0.646
[27,    90] loss: 0.710
[27,   100] loss: 0.711
[27,   110] loss: 0.677
[27,   120] loss: 0.694
[27,   130] loss: 0.703
[27,   140] loss: 0.723
[27,   150] loss: 0.701
[27,   160] loss: 0.707
[27,   170] loss: 0.699
[27,   180] loss: 0.764
[27,   190] loss: 0.655
[27,   200] loss: 0.686
[27,   210] loss: 0.683
[27,   220] loss: 0.624
[27,   230] loss: 0.700
[27,   240] loss: 0.700
[27,   250] loss: 0.763
[27,   260] loss: 0.732
[27,   270] loss: 0.687
[27,   280] loss: 0.718
[27,   290] loss: 0.684
[27,   300] loss: 0.666
[27,   310] loss: 0.717
[27,   320] loss: 0.653
[27,   330] loss: 0.671
[27,   340] loss: 0.668
[27,   350] loss: 0.726
[27,   360] loss: 0.685
[27,   370] loss: 0.730
[27,   380] loss: 0.699
[27,   390] loss: 0.680
[27,   400] loss: 0.646
VALIDATION loss: 0.7147231698036194
[28,    10] loss: 0.745
[28,    20] loss: 0.670
[28,    30] loss: 0.658
[28,    40] loss: 0.694
[28,    50] loss: 0.694
[28,    60] loss: 0.729
[28,    70] loss: 0.719
[28,    80] loss: 0.675
[28,    90] loss: 0.682
[28,   100] loss: 0.680
[28,   110] loss: 0.702
[28,   120] loss: 0.700
[28,   130] loss: 0.672
[28,   140] loss: 0.641
[28,   150] loss: 0.618
[28,   160] loss: 0.655
[28,   170] loss: 0.702
[28,   180] loss: 0.759
[28,   190] loss: 0.724
[28,   200] loss: 0.668
[28,   210] loss: 0.718
[28,   220] loss: 0.686
[28,   230] loss: 0.659
[28,   240] loss: 0.657
[28,   250] loss: 0.693
[28,   260] loss: 0.665
[28,   270] loss: 0.690
[28,   280] loss: 0.768
[28,   290] loss: 0.694
[28,   300] loss: 0.629
[28,   310] loss: 0.699
[28,   320] loss: 0.724
[28,   330] loss: 0.639
[28,   340] loss: 0.732
[28,   350] loss: 0.669
[28,   360] loss: 0.661
[28,   370] loss: 0.685
[28,   380] loss: 0.616
[28,   390] loss: 0.698
[28,   400] loss: 0.688
VALIDATION loss: 0.6741588115692139
[29,    10] loss: 0.668
[29,    20] loss: 0.727
[29,    30] loss: 0.682
[29,    40] loss: 0.714
[29,    50] loss: 0.690
[29,    60] loss: 0.663
[29,    70] loss: 0.666
[29,    80] loss: 0.725
[29,    90] loss: 0.647
[29,   100] loss: 0.718
[29,   110] loss: 0.650
[29,   120] loss: 0.697
[29,   130] loss: 0.626
[29,   140] loss: 0.637
[29,   150] loss: 0.693
[29,   160] loss: 0.630
[29,   170] loss: 0.728
[29,   180] loss: 0.693
[29,   190] loss: 0.653
[29,   200] loss: 0.648
[29,   210] loss: 0.651
[29,   220] loss: 0.691
[29,   230] loss: 0.651
[29,   240] loss: 0.662
[29,   250] loss: 0.655
[29,   260] loss: 0.656
[29,   270] loss: 0.705
[29,   280] loss: 0.655
[29,   290] loss: 0.658
[29,   300] loss: 0.667
[29,   310] loss: 0.736
[29,   320] loss: 0.659
[29,   330] loss: 0.595
[29,   340] loss: 0.706
[29,   350] loss: 0.702
[29,   360] loss: 0.700
[29,   370] loss: 0.708
[29,   380] loss: 0.670
[29,   390] loss: 0.674
[29,   400] loss: 0.671
VALIDATION loss: 0.6661829352378845
[30,    10] loss: 0.606
[30,    20] loss: 0.638
[30,    30] loss: 0.632
[30,    40] loss: 0.667
[30,    50] loss: 0.687
[30,    60] loss: 0.661
[30,    70] loss: 0.624
[30,    80] loss: 0.668
[30,    90] loss: 0.727
[30,   100] loss: 0.648
[30,   110] loss: 0.659
[30,   120] loss: 0.641
[30,   130] loss: 0.645
[30,   140] loss: 0.679
[30,   150] loss: 0.675
[30,   160] loss: 0.692
[30,   170] loss: 0.722
[30,   180] loss: 0.700
[30,   190] loss: 0.661
[30,   200] loss: 0.705
[30,   210] loss: 0.648
[30,   220] loss: 0.701
[30,   230] loss: 0.623
[30,   240] loss: 0.657
[30,   250] loss: 0.667
[30,   260] loss: 0.629
[30,   270] loss: 0.711
[30,   280] loss: 0.702
[30,   290] loss: 0.702
[30,   300] loss: 0.649
[30,   310] loss: 0.648
[30,   320] loss: 0.640
[30,   330] loss: 0.583
[30,   340] loss: 0.612
[30,   350] loss: 0.649
[30,   360] loss: 0.621
[30,   370] loss: 0.626
[30,   380] loss: 0.649
[30,   390] loss: 0.666
[30,   400] loss: 0.622
VALIDATION loss: 0.8052355647087097
[31,    10] loss: 0.719
[31,    20] loss: 0.688
[31,    30] loss: 0.660
[31,    40] loss: 0.649
[31,    50] loss: 0.636
[31,    60] loss: 0.727
[31,    70] loss: 0.637
[31,    80] loss: 0.677
[31,    90] loss: 0.621
[31,   100] loss: 0.654
[31,   110] loss: 0.638
[31,   120] loss: 0.683
[31,   130] loss: 0.632
[31,   140] loss: 0.685
[31,   150] loss: 0.616
[31,   160] loss: 0.635
[31,   170] loss: 0.620
[31,   180] loss: 0.641
[31,   190] loss: 0.595
[31,   200] loss: 0.644
[31,   210] loss: 0.638
[31,   220] loss: 0.675
[31,   230] loss: 0.706
[31,   240] loss: 0.641
[31,   250] loss: 0.681
[31,   260] loss: 0.633
[31,   270] loss: 0.653
[31,   280] loss: 0.654
[31,   290] loss: 0.653
[31,   300] loss: 0.682
[31,   310] loss: 0.636
[31,   320] loss: 0.638
[31,   330] loss: 0.654
[31,   340] loss: 0.636
[31,   350] loss: 0.639
[31,   360] loss: 0.614
[31,   370] loss: 0.663
[31,   380] loss: 0.676
[31,   390] loss: 0.590
[31,   400] loss: 0.626
VALIDATION loss: 0.6006094217300415
[32,    10] loss: 0.693
[32,    20] loss: 0.623
[32,    30] loss: 0.629
[32,    40] loss: 0.598
[32,    50] loss: 0.701
[32,    60] loss: 0.657
[32,    70] loss: 0.634
[32,    80] loss: 0.701
[32,    90] loss: 0.660
[32,   100] loss: 0.653
[32,   110] loss: 0.622
[32,   120] loss: 0.643
[32,   130] loss: 0.622
[32,   140] loss: 0.657
[32,   150] loss: 0.644
[32,   160] loss: 0.635
[32,   170] loss: 0.599
[32,   180] loss: 0.621
[32,   190] loss: 0.646
[32,   200] loss: 0.605
[32,   210] loss: 0.639
[32,   220] loss: 0.693
[32,   230] loss: 0.609
[32,   240] loss: 0.596
[32,   250] loss: 0.695
[32,   260] loss: 0.645
[32,   270] loss: 0.673
[32,   280] loss: 0.650
[32,   290] loss: 0.583
[32,   300] loss: 0.628
[32,   310] loss: 0.659
[32,   320] loss: 0.617
[32,   330] loss: 0.611
[32,   340] loss: 0.612
[32,   350] loss: 0.659
[32,   360] loss: 0.657
[32,   370] loss: 0.558
[32,   380] loss: 0.590
[32,   390] loss: 0.656
[32,   400] loss: 0.620
VALIDATION loss: 0.6271330118179321
[33,    10] loss: 0.618
[33,    20] loss: 0.645
[33,    30] loss: 0.615
[33,    40] loss: 0.652
[33,    50] loss: 0.621
[33,    60] loss: 0.620
[33,    70] loss: 0.601
[33,    80] loss: 0.634
[33,    90] loss: 0.671
[33,   100] loss: 0.669
[33,   110] loss: 0.590
[33,   120] loss: 0.641
[33,   130] loss: 0.709
[33,   140] loss: 0.639
[33,   150] loss: 0.593
[33,   160] loss: 0.574
[33,   170] loss: 0.608
[33,   180] loss: 0.627
[33,   190] loss: 0.599
[33,   200] loss: 0.679
[33,   210] loss: 0.668
[33,   220] loss: 0.721
[33,   230] loss: 0.625
[33,   240] loss: 0.603
[33,   250] loss: 0.672
[33,   260] loss: 0.577
[33,   270] loss: 0.637
[33,   280] loss: 0.592
[33,   290] loss: 0.610
[33,   300] loss: 0.677
[33,   310] loss: 0.566
[33,   320] loss: 0.618
[33,   330] loss: 0.604
[33,   340] loss: 0.682
[33,   350] loss: 0.553
[33,   360] loss: 0.572
[33,   370] loss: 0.580
[33,   380] loss: 0.654
[33,   390] loss: 0.612
[33,   400] loss: 0.640
VALIDATION loss: 0.5998936295509338
[34,    10] loss: 0.671
[34,    20] loss: 0.586
[34,    30] loss: 0.586
[34,    40] loss: 0.568
[34,    50] loss: 0.632
[34,    60] loss: 0.575
[34,    70] loss: 0.554
[34,    80] loss: 0.580
[34,    90] loss: 0.661
[34,   100] loss: 0.622
[34,   110] loss: 0.611
[34,   120] loss: 0.637
[34,   130] loss: 0.577
[34,   140] loss: 0.615
[34,   150] loss: 0.606
[34,   160] loss: 0.615
[34,   170] loss: 0.640
[34,   180] loss: 0.595
[34,   190] loss: 0.601
[34,   200] loss: 0.661
[34,   210] loss: 0.556
[34,   220] loss: 0.660
[34,   230] loss: 0.652
[34,   240] loss: 0.604
[34,   250] loss: 0.606
[34,   260] loss: 0.607
[34,   270] loss: 0.624
[34,   280] loss: 0.623
[34,   290] loss: 0.619
[34,   300] loss: 0.634
[34,   310] loss: 0.605
[34,   320] loss: 0.655
[34,   330] loss: 0.653
[34,   340] loss: 0.604
[34,   350] loss: 0.642
[34,   360] loss: 0.654
[34,   370] loss: 0.560
[34,   380] loss: 0.590
[34,   390] loss: 0.602
[34,   400] loss: 0.599
VALIDATION loss: 0.5696847438812256
[35,    10] loss: 0.606
[35,    20] loss: 0.659
[35,    30] loss: 0.657
[35,    40] loss: 0.630
[35,    50] loss: 0.638
[35,    60] loss: 0.592
[35,    70] loss: 0.633
[35,    80] loss: 0.562
[35,    90] loss: 0.608
[35,   100] loss: 0.600
[35,   110] loss: 0.573
[35,   120] loss: 0.612
[35,   130] loss: 0.555
[35,   140] loss: 0.598
[35,   150] loss: 0.606
[35,   160] loss: 0.560
[35,   170] loss: 0.576
[35,   180] loss: 0.671
[35,   190] loss: 0.627
[35,   200] loss: 0.635
[35,   210] loss: 0.647
[35,   220] loss: 0.612
[35,   230] loss: 0.583
[35,   240] loss: 0.588
[35,   250] loss: 0.624
[35,   260] loss: 0.604
[35,   270] loss: 0.614
[35,   280] loss: 0.587
[35,   290] loss: 0.572
[35,   300] loss: 0.600
[35,   310] loss: 0.567
[35,   320] loss: 0.693
[35,   330] loss: 0.576
[35,   340] loss: 0.588
[35,   350] loss: 0.584
[35,   360] loss: 0.542
[35,   370] loss: 0.576
[35,   380] loss: 0.584
[35,   390] loss: 0.648
[35,   400] loss: 0.588
VALIDATION loss: 0.5700186491012573
[36,    10] loss: 0.599
[36,    20] loss: 0.610
[36,    30] loss: 0.576
[36,    40] loss: 0.581
[36,    50] loss: 0.537
[36,    60] loss: 0.575
[36,    70] loss: 0.596
[36,    80] loss: 0.538
[36,    90] loss: 0.589
[36,   100] loss: 0.579
[36,   110] loss: 0.608
[36,   120] loss: 0.606
[36,   130] loss: 0.559
[36,   140] loss: 0.602
[36,   150] loss: 0.639
[36,   160] loss: 0.622
[36,   170] loss: 0.553
[36,   180] loss: 0.634
[36,   190] loss: 0.576
[36,   200] loss: 0.606
[36,   210] loss: 0.592
[36,   220] loss: 0.609
[36,   230] loss: 0.625
[36,   240] loss: 0.600
[36,   250] loss: 0.544
[36,   260] loss: 0.604
[36,   270] loss: 0.574
[36,   280] loss: 0.551
[36,   290] loss: 0.635
[36,   300] loss: 0.585
[36,   310] loss: 0.621
[36,   320] loss: 0.586
[36,   330] loss: 0.593
[36,   340] loss: 0.611
[36,   350] loss: 0.617
[36,   360] loss: 0.684
[36,   370] loss: 0.596
[36,   380] loss: 0.618
[36,   390] loss: 0.563
[36,   400] loss: 0.645
VALIDATION loss: 0.552651047706604
[37,    10] loss: 0.601
[37,    20] loss: 0.554
[37,    30] loss: 0.630
[37,    40] loss: 0.582
[37,    50] loss: 0.602
[37,    60] loss: 0.580
[37,    70] loss: 0.579
[37,    80] loss: 0.560
[37,    90] loss: 0.617
[37,   100] loss: 0.500
[37,   110] loss: 0.567
[37,   120] loss: 0.614
[37,   130] loss: 0.566
[37,   140] loss: 0.674
[37,   150] loss: 0.576
[37,   160] loss: 0.593
[37,   170] loss: 0.596
[37,   180] loss: 0.560
[37,   190] loss: 0.609
[37,   200] loss: 0.591
[37,   210] loss: 0.605
[37,   220] loss: 0.601
[37,   230] loss: 0.552
[37,   240] loss: 0.584
[37,   250] loss: 0.533
[37,   260] loss: 0.644
[37,   270] loss: 0.576
[37,   280] loss: 0.626
[37,   290] loss: 0.562
[37,   300] loss: 0.567
[37,   310] loss: 0.563
[37,   320] loss: 0.523
[37,   330] loss: 0.602
[37,   340] loss: 0.627
[37,   350] loss: 0.538
[37,   360] loss: 0.587
[37,   370] loss: 0.585
[37,   380] loss: 0.565
[37,   390] loss: 0.646
[37,   400] loss: 0.607
VALIDATION loss: 0.5416970252990723
[38,    10] loss: 0.601
[38,    20] loss: 0.604
[38,    30] loss: 0.588
[38,    40] loss: 0.551
[38,    50] loss: 0.524
[38,    60] loss: 0.556
[38,    70] loss: 0.639
[38,    80] loss: 0.628
[38,    90] loss: 0.585
[38,   100] loss: 0.600
[38,   110] loss: 0.604
[38,   120] loss: 0.584
[38,   130] loss: 0.623
[38,   140] loss: 0.595
[38,   150] loss: 0.555
[38,   160] loss: 0.523
[38,   170] loss: 0.563
[38,   180] loss: 0.588
[38,   190] loss: 0.597
[38,   200] loss: 0.617
[38,   210] loss: 0.552
[38,   220] loss: 0.574
[38,   230] loss: 0.513
[38,   240] loss: 0.575
[38,   250] loss: 0.547
[38,   260] loss: 0.576
[38,   270] loss: 0.611
[38,   280] loss: 0.528
[38,   290] loss: 0.594
[38,   300] loss: 0.569
[38,   310] loss: 0.561
[38,   320] loss: 0.578
[38,   330] loss: 0.536
[38,   340] loss: 0.541
[38,   350] loss: 0.570
[38,   360] loss: 0.546
[38,   370] loss: 0.530
[38,   380] loss: 0.561
[38,   390] loss: 0.559
[38,   400] loss: 0.622
VALIDATION loss: 0.5262091159820557
[39,    10] loss: 0.552
[39,    20] loss: 0.562
[39,    30] loss: 0.526
[39,    40] loss: 0.572
[39,    50] loss: 0.568
[39,    60] loss: 0.553
[39,    70] loss: 0.574
[39,    80] loss: 0.580
[39,    90] loss: 0.593
[39,   100] loss: 0.561
[39,   110] loss: 0.574
[39,   120] loss: 0.611
[39,   130] loss: 0.586
[39,   140] loss: 0.631
[39,   150] loss: 0.607
[39,   160] loss: 0.637
[39,   170] loss: 0.573
[39,   180] loss: 0.583
[39,   190] loss: 0.602
[39,   200] loss: 0.539
[39,   210] loss: 0.518
[39,   220] loss: 0.561
[39,   230] loss: 0.606
[39,   240] loss: 0.592
[39,   250] loss: 0.536
[39,   260] loss: 0.547
[39,   270] loss: 0.566
[39,   280] loss: 0.501
[39,   290] loss: 0.529
[39,   300] loss: 0.608
[39,   310] loss: 0.536
[39,   320] loss: 0.601
[39,   330] loss: 0.506
[39,   340] loss: 0.585
[39,   350] loss: 0.526
[39,   360] loss: 0.612
[39,   370] loss: 0.550
[39,   380] loss: 0.548
[39,   390] loss: 0.586
[39,   400] loss: 0.514
VALIDATION loss: 0.5050528645515442
[40,    10] loss: 0.549
[40,    20] loss: 0.513
[40,    30] loss: 0.518
[40,    40] loss: 0.505
[40,    50] loss: 0.546
[40,    60] loss: 0.509
[40,    70] loss: 0.556
[40,    80] loss: 0.604
[40,    90] loss: 0.526
[40,   100] loss: 0.569
[40,   110] loss: 0.541
[40,   120] loss: 0.586
[40,   130] loss: 0.598
[40,   140] loss: 0.550
[40,   150] loss: 0.519
[40,   160] loss: 0.576
[40,   170] loss: 0.570
[40,   180] loss: 0.607
[40,   190] loss: 0.572
[40,   200] loss: 0.578
[40,   210] loss: 0.601
[40,   220] loss: 0.559
[40,   230] loss: 0.543
[40,   240] loss: 0.509
[40,   250] loss: 0.482
[40,   260] loss: 0.562
[40,   270] loss: 0.598
[40,   280] loss: 0.536
[40,   290] loss: 0.601
[40,   300] loss: 0.601
[40,   310] loss: 0.595
[40,   320] loss: 0.478
[40,   330] loss: 0.544
[40,   340] loss: 0.578
[40,   350] loss: 0.548
[40,   360] loss: 0.556
[40,   370] loss: 0.539
[40,   380] loss: 0.543
[40,   390] loss: 0.586
[40,   400] loss: 0.578
VALIDATION loss: 0.5458102226257324
[41,    10] loss: 0.542
[41,    20] loss: 0.586
[41,    30] loss: 0.546
[41,    40] loss: 0.511
[41,    50] loss: 0.509
[41,    60] loss: 0.570
[41,    70] loss: 0.553
[41,    80] loss: 0.490
[41,    90] loss: 0.547
[41,   100] loss: 0.538
[41,   110] loss: 0.552
[41,   120] loss: 0.588
[41,   130] loss: 0.616
[41,   140] loss: 0.552
[41,   150] loss: 0.576
[41,   160] loss: 0.568
[41,   170] loss: 0.555
[41,   180] loss: 0.519
[41,   190] loss: 0.572
[41,   200] loss: 0.587
[41,   210] loss: 0.565
[41,   220] loss: 0.584
[41,   230] loss: 0.560
[41,   240] loss: 0.559
[41,   250] loss: 0.597
[41,   260] loss: 0.502
[41,   270] loss: 0.539
[41,   280] loss: 0.571
[41,   290] loss: 0.533
[41,   300] loss: 0.577
[41,   310] loss: 0.508
[41,   320] loss: 0.540
[41,   330] loss: 0.534
[41,   340] loss: 0.529
[41,   350] loss: 0.542
[41,   360] loss: 0.570
[41,   370] loss: 0.557
[41,   380] loss: 0.509
[41,   390] loss: 0.492
[41,   400] loss: 0.525
VALIDATION loss: 0.5154716372489929
[42,    10] loss: 0.547
[42,    20] loss: 0.514
[42,    30] loss: 0.528
[42,    40] loss: 0.580
[42,    50] loss: 0.545
[42,    60] loss: 0.585
[42,    70] loss: 0.549
[42,    80] loss: 0.541
[42,    90] loss: 0.510
[42,   100] loss: 0.535
[42,   110] loss: 0.558
[42,   120] loss: 0.524
[42,   130] loss: 0.549
[42,   140] loss: 0.544
[42,   150] loss: 0.493
[42,   160] loss: 0.603
[42,   170] loss: 0.518
[42,   180] loss: 0.498
[42,   190] loss: 0.542
[42,   200] loss: 0.505
[42,   210] loss: 0.564
[42,   220] loss: 0.529
[42,   230] loss: 0.584
[42,   240] loss: 0.561
[42,   250] loss: 0.510
[42,   260] loss: 0.535
[42,   270] loss: 0.464
[42,   280] loss: 0.517
[42,   290] loss: 0.518
[42,   300] loss: 0.509
[42,   310] loss: 0.581
[42,   320] loss: 0.519
[42,   330] loss: 0.559
[42,   340] loss: 0.594
[42,   350] loss: 0.522
[42,   360] loss: 0.506
[42,   370] loss: 0.523
[42,   380] loss: 0.499
[42,   390] loss: 0.529
[42,   400] loss: 0.534
VALIDATION loss: 0.49241524934768677
[43,    10] loss: 0.593
[43,    20] loss: 0.539
[43,    30] loss: 0.557
[43,    40] loss: 0.496
[43,    50] loss: 0.496
[43,    60] loss: 0.468
[43,    70] loss: 0.562
[43,    80] loss: 0.573
[43,    90] loss: 0.531
[43,   100] loss: 0.525
[43,   110] loss: 0.577
[43,   120] loss: 0.579
[43,   130] loss: 0.564
[43,   140] loss: 0.521
[43,   150] loss: 0.544
[43,   160] loss: 0.540
[43,   170] loss: 0.521
[43,   180] loss: 0.504
[43,   190] loss: 0.496
[43,   200] loss: 0.521
[43,   210] loss: 0.539
[43,   220] loss: 0.514
[43,   230] loss: 0.488
[43,   240] loss: 0.545
[43,   250] loss: 0.575
[43,   260] loss: 0.511
[43,   270] loss: 0.563
[43,   280] loss: 0.547
[43,   290] loss: 0.481
[43,   300] loss: 0.540
[43,   310] loss: 0.570
[43,   320] loss: 0.542
[43,   330] loss: 0.505
[43,   340] loss: 0.516
[43,   350] loss: 0.550
[43,   360] loss: 0.572
[43,   370] loss: 0.468
[43,   380] loss: 0.543
[43,   390] loss: 0.473
[43,   400] loss: 0.551
VALIDATION loss: 0.4929242432117462
[44,    10] loss: 0.569
[44,    20] loss: 0.526
[44,    30] loss: 0.482
[44,    40] loss: 0.512
[44,    50] loss: 0.505
[44,    60] loss: 0.554
[44,    70] loss: 0.564
[44,    80] loss: 0.516
[44,    90] loss: 0.581
[44,   100] loss: 0.519
[44,   110] loss: 0.540
[44,   120] loss: 0.506
[44,   130] loss: 0.502
[44,   140] loss: 0.527
[44,   150] loss: 0.527
[44,   160] loss: 0.550
[44,   170] loss: 0.551
[44,   180] loss: 0.556
[44,   190] loss: 0.486
[44,   200] loss: 0.523
[44,   210] loss: 0.556
[44,   220] loss: 0.480
[44,   230] loss: 0.506
[44,   240] loss: 0.558
[44,   250] loss: 0.466
[44,   260] loss: 0.609
[44,   270] loss: 0.568
[44,   280] loss: 0.568
[44,   290] loss: 0.526
[44,   300] loss: 0.478
[44,   310] loss: 0.476
[44,   320] loss: 0.572
[44,   330] loss: 0.490
[44,   340] loss: 0.551
[44,   350] loss: 0.515
[44,   360] loss: 0.468
[44,   370] loss: 0.549
[44,   380] loss: 0.554
[44,   390] loss: 0.530
[44,   400] loss: 0.554
VALIDATION loss: 0.5358490943908691
[45,    10] loss: 0.518
[45,    20] loss: 0.537
[45,    30] loss: 0.523
[45,    40] loss: 0.517
[45,    50] loss: 0.461
[45,    60] loss: 0.500
[45,    70] loss: 0.480
[45,    80] loss: 0.516
[45,    90] loss: 0.567
[45,   100] loss: 0.505
[45,   110] loss: 0.545
[45,   120] loss: 0.521
[45,   130] loss: 0.525
[45,   140] loss: 0.496
[45,   150] loss: 0.467
[45,   160] loss: 0.586
[45,   170] loss: 0.454
[45,   180] loss: 0.511
[45,   190] loss: 0.491
[45,   200] loss: 0.527
[45,   210] loss: 0.488
[45,   220] loss: 0.458
[45,   230] loss: 0.481
[45,   240] loss: 0.540
[45,   250] loss: 0.570
[45,   260] loss: 0.526
[45,   270] loss: 0.494
[45,   280] loss: 0.520
[45,   290] loss: 0.508
[45,   300] loss: 0.603
[45,   310] loss: 0.503
[45,   320] loss: 0.532
[45,   330] loss: 0.574
[45,   340] loss: 0.510
[45,   350] loss: 0.522
[45,   360] loss: 0.501
[45,   370] loss: 0.532
[45,   380] loss: 0.525
[45,   390] loss: 0.538
[45,   400] loss: 0.558
VALIDATION loss: 0.49084654450416565
[46,    10] loss: 0.511
[46,    20] loss: 0.468
[46,    30] loss: 0.465
[46,    40] loss: 0.492
[46,    50] loss: 0.499
[46,    60] loss: 0.486
[46,    70] loss: 0.521
[46,    80] loss: 0.509
[46,    90] loss: 0.521
[46,   100] loss: 0.507
[46,   110] loss: 0.500
[46,   120] loss: 0.502
[46,   130] loss: 0.500
[46,   140] loss: 0.524
[46,   150] loss: 0.475
[46,   160] loss: 0.544
[46,   170] loss: 0.472
[46,   180] loss: 0.483
[46,   190] loss: 0.479
[46,   200] loss: 0.492
[46,   210] loss: 0.497
[46,   220] loss: 0.517
[46,   230] loss: 0.487
[46,   240] loss: 0.502
[46,   250] loss: 0.536
[46,   260] loss: 0.516
[46,   270] loss: 0.487
[46,   280] loss: 0.537
[46,   290] loss: 0.500
[46,   300] loss: 0.520
[46,   310] loss: 0.503
[46,   320] loss: 0.566
[46,   330] loss: 0.538
[46,   340] loss: 0.531
[46,   350] loss: 0.485
[46,   360] loss: 0.491
[46,   370] loss: 0.497
[46,   380] loss: 0.516
[46,   390] loss: 0.507
[46,   400] loss: 0.480
VALIDATION loss: 0.478772908449173
[47,    10] loss: 0.488
[47,    20] loss: 0.519
[47,    30] loss: 0.488
[47,    40] loss: 0.462
[47,    50] loss: 0.515
[47,    60] loss: 0.504
[47,    70] loss: 0.469
[47,    80] loss: 0.465
[47,    90] loss: 0.536
[47,   100] loss: 0.458
[47,   110] loss: 0.532
[47,   120] loss: 0.505
[47,   130] loss: 0.512
[47,   140] loss: 0.530
[47,   150] loss: 0.497
[47,   160] loss: 0.509
[47,   170] loss: 0.525
[47,   180] loss: 0.535
[47,   190] loss: 0.479
[47,   200] loss: 0.515
[47,   210] loss: 0.494
[47,   220] loss: 0.502
[47,   230] loss: 0.507
[47,   240] loss: 0.571
[47,   250] loss: 0.470
[47,   260] loss: 0.511
[47,   270] loss: 0.526
[47,   280] loss: 0.491
[47,   290] loss: 0.534
[47,   300] loss: 0.502
[47,   310] loss: 0.515
[47,   320] loss: 0.493
[47,   330] loss: 0.472
[47,   340] loss: 0.561
[47,   350] loss: 0.509
[47,   360] loss: 0.473
[47,   370] loss: 0.521
[47,   380] loss: 0.536
[47,   390] loss: 0.533
[47,   400] loss: 0.486
VALIDATION loss: 0.5013823509216309
[48,    10] loss: 0.510
[48,    20] loss: 0.465
[48,    30] loss: 0.536
[48,    40] loss: 0.526
[48,    50] loss: 0.499
[48,    60] loss: 0.499
[48,    70] loss: 0.487
[48,    80] loss: 0.447
[48,    90] loss: 0.526
[48,   100] loss: 0.514
[48,   110] loss: 0.478
[48,   120] loss: 0.460
[48,   130] loss: 0.491
[48,   140] loss: 0.464
[48,   150] loss: 0.439
[48,   160] loss: 0.501
[48,   170] loss: 0.478
[48,   180] loss: 0.514
[48,   190] loss: 0.509
[48,   200] loss: 0.473
[48,   210] loss: 0.455
[48,   220] loss: 0.535
[48,   230] loss: 0.537
[48,   240] loss: 0.534
[48,   250] loss: 0.510
[48,   260] loss: 0.498
[48,   270] loss: 0.473
[48,   280] loss: 0.483
[48,   290] loss: 0.495
[48,   300] loss: 0.490
[48,   310] loss: 0.521
[48,   320] loss: 0.465
[48,   330] loss: 0.446
[48,   340] loss: 0.480
[48,   350] loss: 0.491
[48,   360] loss: 0.489
[48,   370] loss: 0.464
[48,   380] loss: 0.492
[48,   390] loss: 0.470
[48,   400] loss: 0.469
VALIDATION loss: 0.4458467364311218
[49,    10] loss: 0.492
[49,    20] loss: 0.488
[49,    30] loss: 0.504
[49,    40] loss: 0.484
[49,    50] loss: 0.444
[49,    60] loss: 0.540
[49,    70] loss: 0.499
[49,    80] loss: 0.422
[49,    90] loss: 0.466
[49,   100] loss: 0.546
[49,   110] loss: 0.517
[49,   120] loss: 0.495
[49,   130] loss: 0.456
[49,   140] loss: 0.498
[49,   150] loss: 0.484
[49,   160] loss: 0.488
[49,   170] loss: 0.483
[49,   180] loss: 0.502
[49,   190] loss: 0.489
[49,   200] loss: 0.435
[49,   210] loss: 0.470
[49,   220] loss: 0.555
[49,   230] loss: 0.490
[49,   240] loss: 0.533
[49,   250] loss: 0.449
[49,   260] loss: 0.485
[49,   270] loss: 0.503
[49,   280] loss: 0.478
[49,   290] loss: 0.560
[49,   300] loss: 0.495
[49,   310] loss: 0.490
[49,   320] loss: 0.482
[49,   330] loss: 0.483
[49,   340] loss: 0.448
[49,   350] loss: 0.516
[49,   360] loss: 0.489
[49,   370] loss: 0.488
[49,   380] loss: 0.511
[49,   390] loss: 0.515
[49,   400] loss: 0.441
VALIDATION loss: 0.5689477324485779
[50,    10] loss: 0.457
[50,    20] loss: 0.527
[50,    30] loss: 0.484
[50,    40] loss: 0.493
[50,    50] loss: 0.484
[50,    60] loss: 0.535
[50,    70] loss: 0.464
[50,    80] loss: 0.507
[50,    90] loss: 0.472
[50,   100] loss: 0.431
[50,   110] loss: 0.485
[50,   120] loss: 0.509
[50,   130] loss: 0.494
[50,   140] loss: 0.462
[50,   150] loss: 0.465
[50,   160] loss: 0.490
[50,   170] loss: 0.514
[50,   180] loss: 0.464
[50,   190] loss: 0.474
[50,   200] loss: 0.475
[50,   210] loss: 0.476
[50,   220] loss: 0.502
[50,   230] loss: 0.497
[50,   240] loss: 0.472
[50,   250] loss: 0.504
[50,   260] loss: 0.477
[50,   270] loss: 0.484
[50,   280] loss: 0.490
[50,   290] loss: 0.443
[50,   300] loss: 0.502
[50,   310] loss: 0.477
[50,   320] loss: 0.533
[50,   330] loss: 0.417
[50,   340] loss: 0.434
[50,   350] loss: 0.463
[50,   360] loss: 0.506
[50,   370] loss: 0.439
[50,   380] loss: 0.481
[50,   390] loss: 0.458
[50,   400] loss: 0.519
VALIDATION loss: 0.4671151340007782
[51,    10] loss: 0.489
[51,    20] loss: 0.487
[51,    30] loss: 0.450
[51,    40] loss: 0.450
[51,    50] loss: 0.488
[51,    60] loss: 0.476
[51,    70] loss: 0.505
[51,    80] loss: 0.496
[51,    90] loss: 0.460
[51,   100] loss: 0.484
[51,   110] loss: 0.487
[51,   120] loss: 0.491
[51,   130] loss: 0.487
[51,   140] loss: 0.488
[51,   150] loss: 0.465
[51,   160] loss: 0.477
[51,   170] loss: 0.476
[51,   180] loss: 0.439
[51,   190] loss: 0.506
[51,   200] loss: 0.454
[51,   210] loss: 0.439
[51,   220] loss: 0.467
[51,   230] loss: 0.498
[51,   240] loss: 0.483
[51,   250] loss: 0.462
[51,   260] loss: 0.496
[51,   270] loss: 0.490
[51,   280] loss: 0.460
[51,   290] loss: 0.477
[51,   300] loss: 0.468
[51,   310] loss: 0.509
[51,   320] loss: 0.420
[51,   330] loss: 0.493
[51,   340] loss: 0.478
[51,   350] loss: 0.522
[51,   360] loss: 0.473
[51,   370] loss: 0.425
[51,   380] loss: 0.482
[51,   390] loss: 0.518
[51,   400] loss: 0.494
VALIDATION loss: 0.5087757706642151
[52,    10] loss: 0.470
[52,    20] loss: 0.493
[52,    30] loss: 0.435
[52,    40] loss: 0.474
[52,    50] loss: 0.478
[52,    60] loss: 0.507
[52,    70] loss: 0.480
[52,    80] loss: 0.470
[52,    90] loss: 0.476
[52,   100] loss: 0.438
[52,   110] loss: 0.458
[52,   120] loss: 0.469
[52,   130] loss: 0.426
[52,   140] loss: 0.447
[52,   150] loss: 0.454
[52,   160] loss: 0.451
[52,   170] loss: 0.480
[52,   180] loss: 0.443
[52,   190] loss: 0.464
[52,   200] loss: 0.502
[52,   210] loss: 0.496
[52,   220] loss: 0.450
[52,   230] loss: 0.457
[52,   240] loss: 0.493
[52,   250] loss: 0.459
[52,   260] loss: 0.424
[52,   270] loss: 0.431
[52,   280] loss: 0.487
[52,   290] loss: 0.555
[52,   300] loss: 0.439
[52,   310] loss: 0.498
[52,   320] loss: 0.454
[52,   330] loss: 0.467
[52,   340] loss: 0.474
[52,   350] loss: 0.434
[52,   360] loss: 0.523
[52,   370] loss: 0.462
[52,   380] loss: 0.517
[52,   390] loss: 0.467
[52,   400] loss: 0.448
VALIDATION loss: 0.4177577793598175
[53,    10] loss: 0.498
[53,    20] loss: 0.459
[53,    30] loss: 0.502
[53,    40] loss: 0.491
[53,    50] loss: 0.467
[53,    60] loss: 0.461
[53,    70] loss: 0.428
[53,    80] loss: 0.425
[53,    90] loss: 0.463
[53,   100] loss: 0.425
[53,   110] loss: 0.473
[53,   120] loss: 0.498
[53,   130] loss: 0.461
[53,   140] loss: 0.442
[53,   150] loss: 0.494
[53,   160] loss: 0.415
[53,   170] loss: 0.445
[53,   180] loss: 0.455
[53,   190] loss: 0.423
[53,   200] loss: 0.493
[53,   210] loss: 0.578
[53,   220] loss: 0.480
[53,   230] loss: 0.443
[53,   240] loss: 0.490
[53,   250] loss: 0.512
[53,   260] loss: 0.504
[53,   270] loss: 0.494
[53,   280] loss: 0.454
[53,   290] loss: 0.418
[53,   300] loss: 0.491
[53,   310] loss: 0.436
[53,   320] loss: 0.431
[53,   330] loss: 0.468
[53,   340] loss: 0.455
[53,   350] loss: 0.472
[53,   360] loss: 0.427
[53,   370] loss: 0.404
[53,   380] loss: 0.483
[53,   390] loss: 0.489
[53,   400] loss: 0.484
VALIDATION loss: 3.234271287918091
[54,    10] loss: 0.515
[54,    20] loss: 0.472
[54,    30] loss: 0.479
[54,    40] loss: 0.481
[54,    50] loss: 0.406
[54,    60] loss: 0.405
[54,    70] loss: 0.458
[54,    80] loss: 0.492
[54,    90] loss: 0.440
[54,   100] loss: 0.422
[54,   110] loss: 0.476
[54,   120] loss: 0.443
[54,   130] loss: 0.497
[54,   140] loss: 0.488
[54,   150] loss: 0.484
[54,   160] loss: 0.482
[54,   170] loss: 0.461
[54,   180] loss: 0.527
[54,   190] loss: 0.433
[54,   200] loss: 0.462
[54,   210] loss: 0.439
[54,   220] loss: 0.441
[54,   230] loss: 0.435
[54,   240] loss: 0.413
[54,   250] loss: 0.423
[54,   260] loss: 0.516
[54,   270] loss: 0.416
[54,   280] loss: 0.522
[54,   290] loss: 0.421
[54,   300] loss: 0.489
[54,   310] loss: 0.457
[54,   320] loss: 0.445
[54,   330] loss: 0.494
[54,   340] loss: 0.440
[54,   350] loss: 0.445
[54,   360] loss: 0.421
[54,   370] loss: 0.490
[54,   380] loss: 0.423
[54,   390] loss: 0.441
[54,   400] loss: 0.428
VALIDATION loss: 0.44402873516082764
[55,    10] loss: 0.453
[55,    20] loss: 0.425
[55,    30] loss: 0.456
[55,    40] loss: 0.459
[55,    50] loss: 0.494
[55,    60] loss: 0.425
[55,    70] loss: 0.454
[55,    80] loss: 0.519
[55,    90] loss: 0.513
[55,   100] loss: 0.521
[55,   110] loss: 0.558
[55,   120] loss: 0.441
[55,   130] loss: 0.471
[55,   140] loss: 0.469
[55,   150] loss: 0.455
[55,   160] loss: 0.457
[55,   170] loss: 0.460
[55,   180] loss: 0.408
[55,   190] loss: 0.452
[55,   200] loss: 0.442
[55,   210] loss: 0.442
[55,   220] loss: 0.453
[55,   230] loss: 0.455
[55,   240] loss: 0.391
[55,   250] loss: 0.474
[55,   260] loss: 0.476
[55,   270] loss: 0.441
[55,   280] loss: 0.393
[55,   290] loss: 0.473
[55,   300] loss: 0.450
[55,   310] loss: 0.515
[55,   320] loss: 0.466
[55,   330] loss: 0.465
[55,   340] loss: 0.410
[55,   350] loss: 0.433
[55,   360] loss: 0.434
[55,   370] loss: 0.482
[55,   380] loss: 0.472
[55,   390] loss: 0.479
[55,   400] loss: 0.441
VALIDATION loss: 0.43110859394073486
[56,    10] loss: 0.448
[56,    20] loss: 0.418
[56,    30] loss: 0.468
[56,    40] loss: 0.456
[56,    50] loss: 0.455
[56,    60] loss: 0.447
[56,    70] loss: 0.408
[56,    80] loss: 0.455
[56,    90] loss: 0.464
[56,   100] loss: 0.441
[56,   110] loss: 0.509
[56,   120] loss: 0.406
[56,   130] loss: 0.472
[56,   140] loss: 0.461
[56,   150] loss: 0.435
[56,   160] loss: 0.492
[56,   170] loss: 0.440
[56,   180] loss: 0.453
[56,   190] loss: 0.496
[56,   200] loss: 0.496
[56,   210] loss: 0.397
[56,   220] loss: 0.382
[56,   230] loss: 0.505
[56,   240] loss: 0.434
[56,   250] loss: 0.442
[56,   260] loss: 0.417
[56,   270] loss: 0.462
[56,   280] loss: 0.436
[56,   290] loss: 0.430
[56,   300] loss: 0.445
[56,   310] loss: 0.403
[56,   320] loss: 0.484
[56,   330] loss: 0.478
[56,   340] loss: 0.458
[56,   350] loss: 0.405
[56,   360] loss: 0.412
[56,   370] loss: 0.460
[56,   380] loss: 0.520
[56,   390] loss: 0.378
[56,   400] loss: 0.494
VALIDATION loss: 0.424501895904541
[57,    10] loss: 0.474
[57,    20] loss: 0.407
[57,    30] loss: 0.493
[57,    40] loss: 0.459
[57,    50] loss: 0.466
[57,    60] loss: 0.430
[57,    70] loss: 0.473
[57,    80] loss: 0.454
[57,    90] loss: 0.461
[57,   100] loss: 0.434
[57,   110] loss: 0.469
[57,   120] loss: 0.468
[57,   130] loss: 0.448
[57,   140] loss: 0.417
[57,   150] loss: 0.397
[57,   160] loss: 0.421
[57,   170] loss: 0.416
[57,   180] loss: 0.504
[57,   190] loss: 0.426
[57,   200] loss: 0.463
[57,   210] loss: 0.447
[57,   220] loss: 0.445
[57,   230] loss: 0.426
[57,   240] loss: 0.443
[57,   250] loss: 0.400
[57,   260] loss: 0.405
[57,   270] loss: 0.386
[57,   280] loss: 0.423
[57,   290] loss: 0.489
[57,   300] loss: 0.395
[57,   310] loss: 0.405
[57,   320] loss: 0.426
[57,   330] loss: 0.455
[57,   340] loss: 0.463
[57,   350] loss: 0.401
[57,   360] loss: 0.395
[57,   370] loss: 0.476
[57,   380] loss: 0.427
[57,   390] loss: 0.425
[57,   400] loss: 0.450
VALIDATION loss: 0.8541982769966125
[58,    10] loss: 0.460
[58,    20] loss: 0.507
[58,    30] loss: 0.473
[58,    40] loss: 0.425
[58,    50] loss: 0.437
[58,    60] loss: 0.411
[58,    70] loss: 0.475
[58,    80] loss: 0.422
[58,    90] loss: 0.390
[58,   100] loss: 0.464
[58,   110] loss: 0.452
[58,   120] loss: 0.427
[58,   130] loss: 0.402
[58,   140] loss: 0.486
[58,   150] loss: 0.469
[58,   160] loss: 0.363
[58,   170] loss: 0.422
[58,   180] loss: 0.455
[58,   190] loss: 0.459
[58,   200] loss: 0.425
[58,   210] loss: 0.418
[58,   220] loss: 0.466
[58,   230] loss: 0.441
[58,   240] loss: 0.407
[58,   250] loss: 0.415
[58,   260] loss: 0.400
[58,   270] loss: 0.406
[58,   280] loss: 0.426
[58,   290] loss: 0.486
[58,   300] loss: 0.426
[58,   310] loss: 0.399
[58,   320] loss: 0.475
[58,   330] loss: 0.383
[58,   340] loss: 0.435
[58,   350] loss: 0.462
[58,   360] loss: 0.402
[58,   370] loss: 0.456
[58,   380] loss: 0.391
[58,   390] loss: 0.440
[58,   400] loss: 0.467
VALIDATION loss: 0.40545451641082764
[59,    10] loss: 0.423
[59,    20] loss: 0.409
[59,    30] loss: 0.428
[59,    40] loss: 0.387
[59,    50] loss: 0.423
[59,    60] loss: 0.434
[59,    70] loss: 0.464
[59,    80] loss: 0.421
[59,    90] loss: 0.446
[59,   100] loss: 0.445
[59,   110] loss: 0.468
[59,   120] loss: 0.415
[59,   130] loss: 0.422
[59,   140] loss: 0.463
[59,   150] loss: 0.432
[59,   160] loss: 0.401
[59,   170] loss: 0.450
[59,   180] loss: 0.422
[59,   190] loss: 0.428
[59,   200] loss: 0.470
[59,   210] loss: 0.433
[59,   220] loss: 0.373
[59,   230] loss: 0.434
[59,   240] loss: 0.447
[59,   250] loss: 0.431
[59,   260] loss: 0.449
[59,   270] loss: 0.454
[59,   280] loss: 0.450
[59,   290] loss: 0.390
[59,   300] loss: 0.393
[59,   310] loss: 0.363
[59,   320] loss: 0.472
[59,   330] loss: 0.411
[59,   340] loss: 0.418
[59,   350] loss: 0.474
[59,   360] loss: 0.423
[59,   370] loss: 0.413
[59,   380] loss: 0.400
[59,   390] loss: 0.426
[59,   400] loss: 0.386
VALIDATION loss: 0.4089992344379425
[60,    10] loss: 0.392
[60,    20] loss: 0.475
[60,    30] loss: 0.417
[60,    40] loss: 0.455
[60,    50] loss: 0.406
[60,    60] loss: 0.405
[60,    70] loss: 0.410
[60,    80] loss: 0.374
[60,    90] loss: 0.416
[60,   100] loss: 0.381
[60,   110] loss: 0.447
[60,   120] loss: 0.419
[60,   130] loss: 0.392
[60,   140] loss: 0.433
[60,   150] loss: 0.449
[60,   160] loss: 0.455
[60,   170] loss: 0.482
[60,   180] loss: 0.467
[60,   190] loss: 0.424
[60,   200] loss: 0.475
[60,   210] loss: 0.442
[60,   220] loss: 0.389
[60,   230] loss: 0.430
[60,   240] loss: 0.425
[60,   250] loss: 0.414
[60,   260] loss: 0.382
[60,   270] loss: 0.446
[60,   280] loss: 0.464
[60,   290] loss: 0.393
[60,   300] loss: 0.447
[60,   310] loss: 0.429
[60,   320] loss: 0.407
[60,   330] loss: 0.442
[60,   340] loss: 0.361
[60,   350] loss: 0.381
[60,   360] loss: 0.459
[60,   370] loss: 0.424
[60,   380] loss: 0.429
[60,   390] loss: 0.445
[60,   400] loss: 0.433
VALIDATION loss: 0.41207051277160645
[61,    10] loss: 0.488
[61,    20] loss: 0.479
[61,    30] loss: 0.408
[61,    40] loss: 0.443
[61,    50] loss: 0.406
[61,    60] loss: 0.390
[61,    70] loss: 0.394
[61,    80] loss: 0.386
[61,    90] loss: 0.391
[61,   100] loss: 0.416
[61,   110] loss: 0.402
[61,   120] loss: 0.386
[61,   130] loss: 0.410
[61,   140] loss: 0.421
[61,   150] loss: 0.448
[61,   160] loss: 0.398
[61,   170] loss: 0.461
[61,   180] loss: 0.385
[61,   190] loss: 0.441
[61,   200] loss: 0.381
[61,   210] loss: 0.443
[61,   220] loss: 0.428
[61,   230] loss: 0.439
[61,   240] loss: 0.421
[61,   250] loss: 0.406
[61,   260] loss: 0.381
[61,   270] loss: 0.412
[61,   280] loss: 0.456
[61,   290] loss: 0.462
[61,   300] loss: 0.432
[61,   310] loss: 0.406
[61,   320] loss: 0.438
[61,   330] loss: 0.384
[61,   340] loss: 0.417
[61,   350] loss: 0.420
[61,   360] loss: 0.444
[61,   370] loss: 0.442
[61,   380] loss: 0.445
[61,   390] loss: 0.435
[61,   400] loss: 0.391
VALIDATION loss: 0.37789225578308105
[62,    10] loss: 0.394
[62,    20] loss: 0.384
[62,    30] loss: 0.383
[62,    40] loss: 0.418
[62,    50] loss: 0.423
[62,    60] loss: 0.407
[62,    70] loss: 0.387
[62,    80] loss: 0.433
[62,    90] loss: 0.441
[62,   100] loss: 0.434
[62,   110] loss: 0.400
[62,   120] loss: 0.406
[62,   130] loss: 0.425
[62,   140] loss: 0.439
[62,   150] loss: 0.442
[62,   160] loss: 0.406
[62,   170] loss: 0.456
[62,   180] loss: 0.448
[62,   190] loss: 0.399
[62,   200] loss: 0.368
[62,   210] loss: 0.409
[62,   220] loss: 0.397
[62,   230] loss: 0.439
[62,   240] loss: 0.453
[62,   250] loss: 0.462
[62,   260] loss: 0.428
[62,   270] loss: 0.392
[62,   280] loss: 0.378
[62,   290] loss: 0.403
[62,   300] loss: 0.436
[62,   310] loss: 0.397
[62,   320] loss: 0.422
[62,   330] loss: 0.423
[62,   340] loss: 0.380
[62,   350] loss: 0.391
[62,   360] loss: 0.438
[62,   370] loss: 0.434
[62,   380] loss: 0.403
[62,   390] loss: 0.393
[62,   400] loss: 0.422
VALIDATION loss: 0.3960416913032532
[63,    10] loss: 0.355
[63,    20] loss: 0.449
[63,    30] loss: 0.379
[63,    40] loss: 0.428
[63,    50] loss: 0.375
[63,    60] loss: 0.393
[63,    70] loss: 0.417
[63,    80] loss: 0.376
[63,    90] loss: 0.439
[63,   100] loss: 0.391
[63,   110] loss: 0.359
[63,   120] loss: 0.411
[63,   130] loss: 0.361
[63,   140] loss: 0.454
[63,   150] loss: 0.438
[63,   160] loss: 0.408
[63,   170] loss: 0.379
[63,   180] loss: 0.423
[63,   190] loss: 0.445
[63,   200] loss: 0.415
[63,   210] loss: 0.408
[63,   220] loss: 0.390
[63,   230] loss: 0.465
[63,   240] loss: 0.390
[63,   250] loss: 0.413
[63,   260] loss: 0.453
[63,   270] loss: 0.379
[63,   280] loss: 0.396
[63,   290] loss: 0.431
[63,   300] loss: 0.396
[63,   310] loss: 0.417
[63,   320] loss: 0.375
[63,   330] loss: 0.456
[63,   340] loss: 0.371
[63,   350] loss: 0.393
[63,   360] loss: 0.447
[63,   370] loss: 0.460
[63,   380] loss: 0.437
[63,   390] loss: 0.396
[63,   400] loss: 0.431
VALIDATION loss: 0.3953266441822052
[64,    10] loss: 0.414
[64,    20] loss: 0.424
[64,    30] loss: 0.424
[64,    40] loss: 0.380
[64,    50] loss: 0.403
[64,    60] loss: 0.416
[64,    70] loss: 0.359
[64,    80] loss: 0.424
[64,    90] loss: 0.398
[64,   100] loss: 0.374
[64,   110] loss: 0.406
[64,   120] loss: 0.445
[64,   130] loss: 0.392
[64,   140] loss: 0.391
[64,   150] loss: 0.385
[64,   160] loss: 0.400
[64,   170] loss: 0.361
[64,   180] loss: 0.404
[64,   190] loss: 0.376
[64,   200] loss: 0.385
[64,   210] loss: 0.365
[64,   220] loss: 0.408
[64,   230] loss: 0.422
[64,   240] loss: 0.466
[64,   250] loss: 0.407
[64,   260] loss: 0.421
[64,   270] loss: 0.458
[64,   280] loss: 0.402
[64,   290] loss: 0.406
[64,   300] loss: 0.404
[64,   310] loss: 0.417
[64,   320] loss: 0.353
[64,   330] loss: 0.407
[64,   340] loss: 0.441
[64,   350] loss: 0.388
[64,   360] loss: 0.423
[64,   370] loss: 0.383
[64,   380] loss: 0.449
[64,   390] loss: 0.446
[64,   400] loss: 0.381
VALIDATION loss: 0.36141470074653625
[65,    10] loss: 0.399
[65,    20] loss: 0.415
[65,    30] loss: 0.399
[65,    40] loss: 0.404
[65,    50] loss: 0.395
[65,    60] loss: 0.400
[65,    70] loss: 0.386
[65,    80] loss: 0.350
[65,    90] loss: 0.375
[65,   100] loss: 0.396
[65,   110] loss: 0.431
[65,   120] loss: 0.416
[65,   130] loss: 0.386
[65,   140] loss: 0.409
[65,   150] loss: 0.453
[65,   160] loss: 0.421
[65,   170] loss: 0.363
[65,   180] loss: 0.419
[65,   190] loss: 0.402
[65,   200] loss: 0.496
[65,   210] loss: 0.358
[65,   220] loss: 0.364
[65,   230] loss: 0.420
[65,   240] loss: 0.387
[65,   250] loss: 0.452
[65,   260] loss: 0.413
[65,   270] loss: 0.457
[65,   280] loss: 0.389
[65,   290] loss: 0.437
[65,   300] loss: 0.406
[65,   310] loss: 0.405
[65,   320] loss: 0.441
[65,   330] loss: 0.353
[65,   340] loss: 0.384
[65,   350] loss: 0.380
[65,   360] loss: 0.394
[65,   370] loss: 0.390
[65,   380] loss: 0.398
[65,   390] loss: 0.415
[65,   400] loss: 0.404
VALIDATION loss: 0.37204042077064514
[66,    10] loss: 0.363
[66,    20] loss: 0.412
[66,    30] loss: 0.382
[66,    40] loss: 0.392
[66,    50] loss: 0.395
[66,    60] loss: 0.400
[66,    70] loss: 0.428
[66,    80] loss: 0.446
[66,    90] loss: 0.383
[66,   100] loss: 0.399
[66,   110] loss: 0.405
[66,   120] loss: 0.400
[66,   130] loss: 0.424
[66,   140] loss: 0.370
[66,   150] loss: 0.423
[66,   160] loss: 0.385
[66,   170] loss: 0.376
[66,   180] loss: 0.362
[66,   190] loss: 0.373
[66,   200] loss: 0.377
[66,   210] loss: 0.358
[66,   220] loss: 0.381
[66,   230] loss: 0.386
[66,   240] loss: 0.334
[66,   250] loss: 0.396
[66,   260] loss: 0.419
[66,   270] loss: 0.427
[66,   280] loss: 0.374
[66,   290] loss: 0.394
[66,   300] loss: 0.420
[66,   310] loss: 0.460
[66,   320] loss: 0.388
[66,   330] loss: 0.409
[66,   340] loss: 0.448
[66,   350] loss: 0.393
[66,   360] loss: 0.446
[66,   370] loss: 0.362
[66,   380] loss: 0.407
[66,   390] loss: 0.367
[66,   400] loss: 0.383
VALIDATION loss: 0.3835076689720154
[67,    10] loss: 0.367
[67,    20] loss: 0.379
[67,    30] loss: 0.352
[67,    40] loss: 0.396
[67,    50] loss: 0.366
[67,    60] loss: 0.382
[67,    70] loss: 0.347
[67,    80] loss: 0.349
[67,    90] loss: 0.402
[67,   100] loss: 0.365
[67,   110] loss: 0.402
[67,   120] loss: 0.417
[67,   130] loss: 0.390
[67,   140] loss: 0.384
[67,   150] loss: 0.382
[67,   160] loss: 0.378
[67,   170] loss: 0.429
[67,   180] loss: 0.381
[67,   190] loss: 0.419
[67,   200] loss: 0.402
[67,   210] loss: 0.401
[67,   220] loss: 0.410
[67,   230] loss: 0.370
[67,   240] loss: 0.395
[67,   250] loss: 0.475
[67,   260] loss: 0.428
[67,   270] loss: 0.344
[67,   280] loss: 0.410
[67,   290] loss: 0.377
[67,   300] loss: 0.429
[67,   310] loss: 0.430
[67,   320] loss: 0.425
[67,   330] loss: 0.396
[67,   340] loss: 0.384
[67,   350] loss: 0.398
[67,   360] loss: 0.364
[67,   370] loss: 0.418
[67,   380] loss: 0.372
[67,   390] loss: 0.384
[67,   400] loss: 0.420
VALIDATION loss: 0.36335039138793945
[68,    10] loss: 0.381
[68,    20] loss: 0.379
[68,    30] loss: 0.341
[68,    40] loss: 0.391
[68,    50] loss: 0.321
[68,    60] loss: 0.363
[68,    70] loss: 0.348
[68,    80] loss: 0.347
[68,    90] loss: 0.393
[68,   100] loss: 0.352
[68,   110] loss: 0.383
[68,   120] loss: 0.361
[68,   130] loss: 0.389
[68,   140] loss: 0.427
[68,   150] loss: 0.412
[68,   160] loss: 0.389
[68,   170] loss: 0.437
[68,   180] loss: 0.447
[68,   190] loss: 0.394
[68,   200] loss: 0.362
[68,   210] loss: 0.352
[68,   220] loss: 0.417
[68,   230] loss: 0.390
[68,   240] loss: 0.399
[68,   250] loss: 0.451
[68,   260] loss: 0.415
[68,   270] loss: 0.383
[68,   280] loss: 0.370
[68,   290] loss: 0.370
[68,   300] loss: 0.397
[68,   310] loss: 0.365
[68,   320] loss: 0.388
[68,   330] loss: 0.388
[68,   340] loss: 0.395
[68,   350] loss: 0.393
[68,   360] loss: 0.413
[68,   370] loss: 0.393
[68,   380] loss: 0.404
[68,   390] loss: 0.425
[68,   400] loss: 0.358
VALIDATION loss: 0.3684023916721344
[69,    10] loss: 0.356
[69,    20] loss: 0.367
[69,    30] loss: 0.421
[69,    40] loss: 0.396
[69,    50] loss: 0.417
[69,    60] loss: 0.374
[69,    70] loss: 0.353
[69,    80] loss: 0.419
[69,    90] loss: 0.327
[69,   100] loss: 0.390
[69,   110] loss: 0.410
[69,   120] loss: 0.409
[69,   130] loss: 0.417
[69,   140] loss: 0.418
[69,   150] loss: 0.368
[69,   160] loss: 0.374
[69,   170] loss: 0.398
[69,   180] loss: 0.396
[69,   190] loss: 0.350
[69,   200] loss: 0.349
[69,   210] loss: 0.412
[69,   220] loss: 0.347
[69,   230] loss: 0.348
[69,   240] loss: 0.313
[69,   250] loss: 0.358
[69,   260] loss: 0.349
[69,   270] loss: 0.376
[69,   280] loss: 0.413
[69,   290] loss: 0.421
[69,   300] loss: 0.354
[69,   310] loss: 0.402
[69,   320] loss: 0.386
[69,   330] loss: 0.374
[69,   340] loss: 0.395
[69,   350] loss: 0.393
[69,   360] loss: 0.457
[69,   370] loss: 0.336
[69,   380] loss: 0.399
[69,   390] loss: 0.360
[69,   400] loss: 0.358
VALIDATION loss: 0.3603231608867645
[70,    10] loss: 0.379
[70,    20] loss: 0.327
[70,    30] loss: 0.375
[70,    40] loss: 0.325
[70,    50] loss: 0.429
[70,    60] loss: 0.368
[70,    70] loss: 0.405
[70,    80] loss: 0.394
[70,    90] loss: 0.312
[70,   100] loss: 0.414
[70,   110] loss: 0.350
[70,   120] loss: 0.422
[70,   130] loss: 0.368
[70,   140] loss: 0.378
[70,   150] loss: 0.318
[70,   160] loss: 0.401
[70,   170] loss: 0.357
[70,   180] loss: 0.396
[70,   190] loss: 0.387
[70,   200] loss: 0.404
[70,   210] loss: 0.465
[70,   220] loss: 0.410
[70,   230] loss: 0.379
[70,   240] loss: 0.384
[70,   250] loss: 0.363
[70,   260] loss: 0.370
[70,   270] loss: 0.364
[70,   280] loss: 0.362
[70,   290] loss: 0.324
[70,   300] loss: 0.386
[70,   310] loss: 0.361
[70,   320] loss: 0.345
[70,   330] loss: 0.426
[70,   340] loss: 0.387
[70,   350] loss: 0.397
[70,   360] loss: 0.354
[70,   370] loss: 0.381
[70,   380] loss: 0.431
[70,   390] loss: 0.401
[70,   400] loss: 0.364
VALIDATION loss: 0.3724845051765442
[71,    10] loss: 0.440
[71,    20] loss: 0.400
[71,    30] loss: 0.410
[71,    40] loss: 0.392
[71,    50] loss: 0.378
[71,    60] loss: 0.336
[71,    70] loss: 0.359
[71,    80] loss: 0.366
[71,    90] loss: 0.372
[71,   100] loss: 0.403
[71,   110] loss: 0.339
[71,   120] loss: 0.390
[71,   130] loss: 0.400
[71,   140] loss: 0.330
[71,   150] loss: 0.352
[71,   160] loss: 0.373
[71,   170] loss: 0.380
[71,   180] loss: 0.363
[71,   190] loss: 0.352
[71,   200] loss: 0.363
[71,   210] loss: 0.422
[71,   220] loss: 0.352
[71,   230] loss: 0.341
[71,   240] loss: 0.346
[71,   250] loss: 0.409
[71,   260] loss: 0.321
[71,   270] loss: 0.363
[71,   280] loss: 0.339
[71,   290] loss: 0.391
[71,   300] loss: 0.402
[71,   310] loss: 0.350
[71,   320] loss: 0.386
[71,   330] loss: 0.420
[71,   340] loss: 0.405
[71,   350] loss: 0.313
[71,   360] loss: 0.384
[71,   370] loss: 0.410
[71,   380] loss: 0.387
[71,   390] loss: 0.405
[71,   400] loss: 0.345
VALIDATION loss: 0.3873501718044281
[72,    10] loss: 0.346
[72,    20] loss: 0.390
[72,    30] loss: 0.442
[72,    40] loss: 0.363
[72,    50] loss: 0.380
[72,    60] loss: 0.363
[72,    70] loss: 0.364
[72,    80] loss: 0.372
[72,    90] loss: 0.376
[72,   100] loss: 0.341
[72,   110] loss: 0.363
[72,   120] loss: 0.400
[72,   130] loss: 0.336
[72,   140] loss: 0.426
[72,   150] loss: 0.380
[72,   160] loss: 0.386
[72,   170] loss: 0.380
[72,   180] loss: 0.361
[72,   190] loss: 0.366
[72,   200] loss: 0.414
[72,   210] loss: 0.352
[72,   220] loss: 0.348
[72,   230] loss: 0.401
[72,   240] loss: 0.339
[72,   250] loss: 0.390
[72,   260] loss: 0.402
[72,   270] loss: 0.327
[72,   280] loss: 0.352
[72,   290] loss: 0.401
[72,   300] loss: 0.371
[72,   310] loss: 0.334
[72,   320] loss: 0.373
[72,   330] loss: 0.370
[72,   340] loss: 0.382
[72,   350] loss: 0.340
[72,   360] loss: 0.355
[72,   370] loss: 0.361
[72,   380] loss: 0.401
[72,   390] loss: 0.370
[72,   400] loss: 0.407
VALIDATION loss: 0.34055763483047485
[73,    10] loss: 0.364
[73,    20] loss: 0.389
[73,    30] loss: 0.361
[73,    40] loss: 0.335
[73,    50] loss: 0.370
[73,    60] loss: 0.381
[73,    70] loss: 0.378
[73,    80] loss: 0.363
[73,    90] loss: 0.373
[73,   100] loss: 0.371
[73,   110] loss: 0.349
[73,   120] loss: 0.338
[73,   130] loss: 0.362
[73,   140] loss: 0.394
[73,   150] loss: 0.346
[73,   160] loss: 0.353
[73,   170] loss: 0.376
[73,   180] loss: 0.358
[73,   190] loss: 0.364
[73,   200] loss: 0.385
[73,   210] loss: 0.359
[73,   220] loss: 0.336
[73,   230] loss: 0.375
[73,   240] loss: 0.334
[73,   250] loss: 0.418
[73,   260] loss: 0.334
[73,   270] loss: 0.346
[73,   280] loss: 0.371
[73,   290] loss: 0.388
[73,   300] loss: 0.385
[73,   310] loss: 0.369
[73,   320] loss: 0.373
[73,   330] loss: 0.377
[73,   340] loss: 0.386
[73,   350] loss: 0.367
[73,   360] loss: 0.395
[73,   370] loss: 0.352
[73,   380] loss: 0.354
[73,   390] loss: 0.394
[73,   400] loss: 0.390
VALIDATION loss: 0.34998995065689087
[74,    10] loss: 0.359
[74,    20] loss: 0.352
[74,    30] loss: 0.364
[74,    40] loss: 0.353
[74,    50] loss: 0.351
[74,    60] loss: 0.427
[74,    70] loss: 0.430
[74,    80] loss: 0.318
[74,    90] loss: 0.344
[74,   100] loss: 0.337
[74,   110] loss: 0.401
[74,   120] loss: 0.327
[74,   130] loss: 0.360
[74,   140] loss: 0.335
[74,   150] loss: 0.356
[74,   160] loss: 0.379
[74,   170] loss: 0.362
[74,   180] loss: 0.392
[74,   190] loss: 0.362
[74,   200] loss: 0.405
[74,   210] loss: 0.341
[74,   220] loss: 0.316
[74,   230] loss: 0.324
[74,   240] loss: 0.374
[74,   250] loss: 0.379
[74,   260] loss: 0.329
[74,   270] loss: 0.366
[74,   280] loss: 0.344
[74,   290] loss: 0.402
[74,   300] loss: 0.375
[74,   310] loss: 0.405
[74,   320] loss: 0.394
[74,   330] loss: 0.323
[74,   340] loss: 0.365
[74,   350] loss: 0.339
[74,   360] loss: 0.378
[74,   370] loss: 0.372
[74,   380] loss: 0.380
[74,   390] loss: 0.362
[74,   400] loss: 0.395
VALIDATION loss: 1.8819260597229004
[75,    10] loss: 0.306
[75,    20] loss: 0.369
[75,    30] loss: 0.335
[75,    40] loss: 0.388
[75,    50] loss: 0.338
[75,    60] loss: 0.374
[75,    70] loss: 0.365
[75,    80] loss: 0.314
[75,    90] loss: 0.367
[75,   100] loss: 0.355
[75,   110] loss: 0.402
[75,   120] loss: 0.325
[75,   130] loss: 0.420
[75,   140] loss: 0.364
[75,   150] loss: 0.456
[75,   160] loss: 0.308
[75,   170] loss: 0.404
[75,   180] loss: 0.366
[75,   190] loss: 0.394
[75,   200] loss: 0.374
[75,   210] loss: 0.319
[75,   220] loss: 0.369
[75,   230] loss: 0.398
[75,   240] loss: 0.351
[75,   250] loss: 0.342
[75,   260] loss: 0.376
[75,   270] loss: 0.346
[75,   280] loss: 0.333
[75,   290] loss: 0.366
[75,   300] loss: 0.315
[75,   310] loss: 0.397
[75,   320] loss: 0.331
[75,   330] loss: 0.356
[75,   340] loss: 0.374
[75,   350] loss: 0.336
[75,   360] loss: 0.371
[75,   370] loss: 0.373
[75,   380] loss: 0.360
[75,   390] loss: 0.356
[75,   400] loss: 0.350
VALIDATION loss: 0.3254184126853943
[76,    10] loss: 0.342
[76,    20] loss: 0.323
[76,    30] loss: 0.355
[76,    40] loss: 0.351
[76,    50] loss: 0.339
[76,    60] loss: 0.355
[76,    70] loss: 0.378
[76,    80] loss: 0.349
[76,    90] loss: 0.328
[76,   100] loss: 0.348
[76,   110] loss: 0.312
[76,   120] loss: 0.377
[76,   130] loss: 0.387
[76,   140] loss: 0.368
[76,   150] loss: 0.374
[76,   160] loss: 0.307
[76,   170] loss: 0.389
[76,   180] loss: 0.386
[76,   190] loss: 0.385
[76,   200] loss: 0.367
[76,   210] loss: 0.380
[76,   220] loss: 0.342
[76,   230] loss: 0.357
[76,   240] loss: 0.317
[76,   250] loss: 0.402
[76,   260] loss: 0.339
[76,   270] loss: 0.316
[76,   280] loss: 0.348
[76,   290] loss: 0.372
[76,   300] loss: 0.330
[76,   310] loss: 0.383
[76,   320] loss: 0.361
[76,   330] loss: 0.322
[76,   340] loss: 0.338
[76,   350] loss: 0.338
[76,   360] loss: 0.334
[76,   370] loss: 0.429
[76,   380] loss: 0.341
[76,   390] loss: 0.330
[76,   400] loss: 0.329
VALIDATION loss: 0.3323250412940979
[77,    10] loss: 0.295
[77,    20] loss: 0.347
[77,    30] loss: 0.345
[77,    40] loss: 0.356
[77,    50] loss: 0.378
[77,    60] loss: 0.330
[77,    70] loss: 0.320
[77,    80] loss: 0.383
[77,    90] loss: 0.335
[77,   100] loss: 0.348
[77,   110] loss: 0.364
[77,   120] loss: 0.312
[77,   130] loss: 0.385
[77,   140] loss: 0.324
[77,   150] loss: 0.346
[77,   160] loss: 0.379
[77,   170] loss: 0.371
[77,   180] loss: 0.364
[77,   190] loss: 0.352
[77,   200] loss: 0.328
[77,   210] loss: 0.355
[77,   220] loss: 0.325
[77,   230] loss: 0.320
[77,   240] loss: 0.378
[77,   250] loss: 0.370
[77,   260] loss: 0.351
[77,   270] loss: 0.290
[77,   280] loss: 0.340
[77,   290] loss: 0.362
[77,   300] loss: 0.400
[77,   310] loss: 0.337
[77,   320] loss: 0.346
[77,   330] loss: 0.340
[77,   340] loss: 0.405
[77,   350] loss: 0.352
[77,   360] loss: 0.411
[77,   370] loss: 0.342
[77,   380] loss: 0.361
[77,   390] loss: 0.344
[77,   400] loss: 0.372
VALIDATION loss: 0.38503772020339966
[78,    10] loss: 0.357
[78,    20] loss: 0.373
[78,    30] loss: 0.469
[78,    40] loss: 0.330
[78,    50] loss: 0.317
[78,    60] loss: 0.313
[78,    70] loss: 0.342
[78,    80] loss: 0.371
[78,    90] loss: 0.333
[78,   100] loss: 0.332
[78,   110] loss: 0.329
[78,   120] loss: 0.359
[78,   130] loss: 0.321
[78,   140] loss: 0.347
[78,   150] loss: 0.349
[78,   160] loss: 0.285
[78,   170] loss: 0.362
[78,   180] loss: 0.389
[78,   190] loss: 0.358
[78,   200] loss: 0.319
[78,   210] loss: 0.367
[78,   220] loss: 0.299
[78,   230] loss: 0.323
[78,   240] loss: 0.350
[78,   250] loss: 0.364
[78,   260] loss: 0.356
[78,   270] loss: 0.392
[78,   280] loss: 0.350
[78,   290] loss: 0.324
[78,   300] loss: 0.343
[78,   310] loss: 0.372
[78,   320] loss: 0.366
[78,   330] loss: 0.361
[78,   340] loss: 0.298
[78,   350] loss: 0.321
[78,   360] loss: 0.349
[78,   370] loss: 0.372
[78,   380] loss: 0.347
[78,   390] loss: 0.323
[78,   400] loss: 0.357
VALIDATION loss: 0.4099412262439728
[79,    10] loss: 0.369
[79,    20] loss: 0.304
[79,    30] loss: 0.333
[79,    40] loss: 0.325
[79,    50] loss: 0.379
[79,    60] loss: 0.366
[79,    70] loss: 0.343
[79,    80] loss: 0.380
[79,    90] loss: 0.328
[79,   100] loss: 0.357
[79,   110] loss: 0.358
[79,   120] loss: 0.330
[79,   130] loss: 0.341
[79,   140] loss: 0.356
[79,   150] loss: 0.373
[79,   160] loss: 0.334
[79,   170] loss: 0.381
[79,   180] loss: 0.311
[79,   190] loss: 0.360
[79,   200] loss: 0.419
[79,   210] loss: 0.364
[79,   220] loss: 0.310
[79,   230] loss: 0.306
[79,   240] loss: 0.370
[79,   250] loss: 0.367
[79,   260] loss: 0.360
[79,   270] loss: 0.353
[79,   280] loss: 0.381
[79,   290] loss: 0.321
[79,   300] loss: 0.300
[79,   310] loss: 0.407
[79,   320] loss: 0.313
[79,   330] loss: 0.329
[79,   340] loss: 0.346
[79,   350] loss: 0.340
[79,   360] loss: 0.348
[79,   370] loss: 0.394
[79,   380] loss: 0.312
[79,   390] loss: 0.298
[79,   400] loss: 0.352
VALIDATION loss: 0.3128102123737335
[80,    10] loss: 0.319
[80,    20] loss: 0.356
[80,    30] loss: 0.327
[80,    40] loss: 0.344
[80,    50] loss: 0.363
[80,    60] loss: 0.320
[80,    70] loss: 0.305
[80,    80] loss: 0.367
[80,    90] loss: 0.381
[80,   100] loss: 0.367
[80,   110] loss: 0.338
[80,   120] loss: 0.369
[80,   130] loss: 0.323
[80,   140] loss: 0.338
[80,   150] loss: 0.318
[80,   160] loss: 0.308
[80,   170] loss: 0.304
[80,   180] loss: 0.310
[80,   190] loss: 0.326
[80,   200] loss: 0.384
[80,   210] loss: 0.294
[80,   220] loss: 0.350
[80,   230] loss: 0.347
[80,   240] loss: 0.349
[80,   250] loss: 0.342
[80,   260] loss: 0.318
[80,   270] loss: 0.338
[80,   280] loss: 0.316
[80,   290] loss: 0.415
[80,   300] loss: 0.321
[80,   310] loss: 0.344
[80,   320] loss: 0.355
[80,   330] loss: 0.320
[80,   340] loss: 0.371
[80,   350] loss: 0.316
[80,   360] loss: 0.346
[80,   370] loss: 0.308
[80,   380] loss: 0.323
[80,   390] loss: 0.375
[80,   400] loss: 0.366
VALIDATION loss: 0.34026408195495605
[81,    10] loss: 0.387
[81,    20] loss: 0.373
[81,    30] loss: 0.382
[81,    40] loss: 0.322
[81,    50] loss: 0.383
[81,    60] loss: 0.349
[81,    70] loss: 0.360
[81,    80] loss: 0.309
[81,    90] loss: 0.325
[81,   100] loss: 0.347
[81,   110] loss: 0.382
[81,   120] loss: 0.350
[81,   130] loss: 0.364
[81,   140] loss: 0.337
[81,   150] loss: 0.351
[81,   160] loss: 0.307
[81,   170] loss: 0.341
[81,   180] loss: 0.314
[81,   190] loss: 0.348
[81,   200] loss: 0.346
[81,   210] loss: 0.325
[81,   220] loss: 0.316
[81,   230] loss: 0.328
[81,   240] loss: 0.351
[81,   250] loss: 0.327
[81,   260] loss: 0.326
[81,   270] loss: 0.325
[81,   280] loss: 0.284
[81,   290] loss: 0.349
[81,   300] loss: 0.341
[81,   310] loss: 0.333
[81,   320] loss: 0.352
[81,   330] loss: 0.353
[81,   340] loss: 0.394
[81,   350] loss: 0.332
[81,   360] loss: 0.312
[81,   370] loss: 0.327
[81,   380] loss: 0.381
[81,   390] loss: 0.314
[81,   400] loss: 0.386
VALIDATION loss: 0.5949121117591858
[82,    10] loss: 0.321
[82,    20] loss: 0.306
[82,    30] loss: 0.348
[82,    40] loss: 0.296
[82,    50] loss: 0.356
[82,    60] loss: 0.369
[82,    70] loss: 0.318
[82,    80] loss: 0.397
[82,    90] loss: 0.315
[82,   100] loss: 0.352
[82,   110] loss: 0.335
[82,   120] loss: 0.346
[82,   130] loss: 0.325
[82,   140] loss: 0.337
[82,   150] loss: 0.334
[82,   160] loss: 0.344
[82,   170] loss: 0.307
[82,   180] loss: 0.302
[82,   190] loss: 0.333
[82,   200] loss: 0.323
[82,   210] loss: 0.332
[82,   220] loss: 0.313
[82,   230] loss: 0.306
[82,   240] loss: 0.339
[82,   250] loss: 0.300
[82,   260] loss: 0.331
[82,   270] loss: 0.367
[82,   280] loss: 0.334
[82,   290] loss: 0.330
[82,   300] loss: 0.324
[82,   310] loss: 0.317
[82,   320] loss: 0.338
[82,   330] loss: 0.306
[82,   340] loss: 0.311
[82,   350] loss: 0.306
[82,   360] loss: 0.362
[82,   370] loss: 0.363
[82,   380] loss: 0.321
[82,   390] loss: 0.341
[82,   400] loss: 0.388
VALIDATION loss: 0.3093896806240082
[83,    10] loss: 0.299
[83,    20] loss: 0.306
[83,    30] loss: 0.311
[83,    40] loss: 0.335
[83,    50] loss: 0.326
[83,    60] loss: 0.353
[83,    70] loss: 0.338
[83,    80] loss: 0.313
[83,    90] loss: 0.327
[83,   100] loss: 0.385
[83,   110] loss: 0.341
[83,   120] loss: 0.357
[83,   130] loss: 0.336
[83,   140] loss: 0.362
[83,   150] loss: 0.283
[83,   160] loss: 0.285
[83,   170] loss: 0.296
[83,   180] loss: 0.323
[83,   190] loss: 0.289
[83,   200] loss: 0.313
[83,   210] loss: 0.337
[83,   220] loss: 0.335
[83,   230] loss: 0.368
[83,   240] loss: 0.305
[83,   250] loss: 0.371
[83,   260] loss: 0.320
[83,   270] loss: 0.363
[83,   280] loss: 0.345
[83,   290] loss: 0.365
[83,   300] loss: 0.299
[83,   310] loss: 0.325
[83,   320] loss: 0.317
[83,   330] loss: 0.343
[83,   340] loss: 0.357
[83,   350] loss: 0.331
[83,   360] loss: 0.343
[83,   370] loss: 0.304
[83,   380] loss: 0.303
[83,   390] loss: 0.357
[83,   400] loss: 0.324
VALIDATION loss: 0.3031642436981201
[84,    10] loss: 0.335
[84,    20] loss: 0.299
[84,    30] loss: 0.329
[84,    40] loss: 0.335
[84,    50] loss: 0.324
[84,    60] loss: 0.332
[84,    70] loss: 0.312
[84,    80] loss: 0.339
[84,    90] loss: 0.349
[84,   100] loss: 0.294
[84,   110] loss: 0.367
[84,   120] loss: 0.286
[84,   130] loss: 0.338
[84,   140] loss: 0.298
[84,   150] loss: 0.386
[84,   160] loss: 0.300
[84,   170] loss: 0.333
[84,   180] loss: 0.278
[84,   190] loss: 0.376
[84,   200] loss: 0.315
[84,   210] loss: 0.309
[84,   220] loss: 0.385
[84,   230] loss: 0.350
[84,   240] loss: 0.320
[84,   250] loss: 0.301
[84,   260] loss: 0.406
[84,   270] loss: 0.300
[84,   280] loss: 0.306
[84,   290] loss: 0.280
[84,   300] loss: 0.328
[84,   310] loss: 0.398
[84,   320] loss: 0.275
[84,   330] loss: 0.314
[84,   340] loss: 0.323
[84,   350] loss: 0.316
[84,   360] loss: 0.304
[84,   370] loss: 0.320
[84,   380] loss: 0.299
[84,   390] loss: 0.322
[84,   400] loss: 0.326
VALIDATION loss: 0.313773512840271
[85,    10] loss: 0.313
[85,    20] loss: 0.334
[85,    30] loss: 0.338
[85,    40] loss: 0.355
[85,    50] loss: 0.305
[85,    60] loss: 0.329
[85,    70] loss: 0.351
[85,    80] loss: 0.292
[85,    90] loss: 0.325
[85,   100] loss: 0.297
[85,   110] loss: 0.352
[85,   120] loss: 0.352
[85,   130] loss: 0.317
[85,   140] loss: 0.315
[85,   150] loss: 0.324
[85,   160] loss: 0.352
[85,   170] loss: 0.311
[85,   180] loss: 0.314
[85,   190] loss: 0.332
[85,   200] loss: 0.352
[85,   210] loss: 0.350
[85,   220] loss: 0.306
[85,   230] loss: 0.303
[85,   240] loss: 0.313
[85,   250] loss: 0.377
[85,   260] loss: 0.293
[85,   270] loss: 0.308
[85,   280] loss: 0.336
[85,   290] loss: 0.309
[85,   300] loss: 0.339
[85,   310] loss: 0.265
[85,   320] loss: 0.368
[85,   330] loss: 0.291
[85,   340] loss: 0.303
[85,   350] loss: 0.323
[85,   360] loss: 0.358
[85,   370] loss: 0.288
[85,   380] loss: 0.346
[85,   390] loss: 0.308
[85,   400] loss: 0.311
VALIDATION loss: 0.29947569966316223
[86,    10] loss: 0.383
[86,    20] loss: 0.309
[86,    30] loss: 0.353
[86,    40] loss: 0.342
[86,    50] loss: 0.315
[86,    60] loss: 0.308
[86,    70] loss: 0.324
[86,    80] loss: 0.317
[86,    90] loss: 0.286
[86,   100] loss: 0.307
[86,   110] loss: 0.294
[86,   120] loss: 0.350
[86,   130] loss: 0.323
[86,   140] loss: 0.323
[86,   150] loss: 0.300
[86,   160] loss: 0.339
[86,   170] loss: 0.328
[86,   180] loss: 0.308
[86,   190] loss: 0.288
[86,   200] loss: 0.312
[86,   210] loss: 0.291
[86,   220] loss: 0.263
[86,   230] loss: 0.310
[86,   240] loss: 0.346
[86,   250] loss: 0.332
[86,   260] loss: 0.347
[86,   270] loss: 0.286
[86,   280] loss: 0.358
[86,   290] loss: 0.371
[86,   300] loss: 0.382
[86,   310] loss: 0.338
[86,   320] loss: 0.359
[86,   330] loss: 0.350
[86,   340] loss: 0.319
[86,   350] loss: 0.298
[86,   360] loss: 0.283
[86,   370] loss: 0.343
[86,   380] loss: 0.292
[86,   390] loss: 0.298
[86,   400] loss: 0.317
VALIDATION loss: 0.3863353729248047
[87,    10] loss: 0.304
[87,    20] loss: 0.328
[87,    30] loss: 0.323
[87,    40] loss: 0.356
[87,    50] loss: 0.282
[87,    60] loss: 0.327
[87,    70] loss: 0.305
[87,    80] loss: 0.310
[87,    90] loss: 0.289
[87,   100] loss: 0.298
[87,   110] loss: 0.295
[87,   120] loss: 0.322
[87,   130] loss: 0.315
[87,   140] loss: 0.286
[87,   150] loss: 0.312
[87,   160] loss: 0.314
[87,   170] loss: 0.307
[87,   180] loss: 0.373
[87,   190] loss: 0.357
[87,   200] loss: 0.321
[87,   210] loss: 0.335
[87,   220] loss: 0.327
[87,   230] loss: 0.282
[87,   240] loss: 0.297
[87,   250] loss: 0.283
[87,   260] loss: 0.352
[87,   270] loss: 0.302
[87,   280] loss: 0.302
[87,   290] loss: 0.309
[87,   300] loss: 0.287
[87,   310] loss: 0.293
[87,   320] loss: 0.356
[87,   330] loss: 0.355
[87,   340] loss: 0.330
[87,   350] loss: 0.325
[87,   360] loss: 0.335
[87,   370] loss: 0.285
[87,   380] loss: 0.343
[87,   390] loss: 0.326
[87,   400] loss: 0.293
VALIDATION loss: 0.3113253712654114
[88,    10] loss: 0.300
[88,    20] loss: 0.306
[88,    30] loss: 0.331
[88,    40] loss: 0.260
[88,    50] loss: 0.271
[88,    60] loss: 0.312
[88,    70] loss: 0.330
[88,    80] loss: 0.280
[88,    90] loss: 0.311
[88,   100] loss: 0.305
[88,   110] loss: 0.281
[88,   120] loss: 0.315
[88,   130] loss: 0.332
[88,   140] loss: 0.286
[88,   150] loss: 0.305
[88,   160] loss: 0.349
[88,   170] loss: 0.339
[88,   180] loss: 0.327
[88,   190] loss: 0.288
[88,   200] loss: 0.269
[88,   210] loss: 0.281
[88,   220] loss: 0.357
[88,   230] loss: 0.289
[88,   240] loss: 0.282
[88,   250] loss: 0.361
[88,   260] loss: 0.309
[88,   270] loss: 0.328
[88,   280] loss: 0.355
[88,   290] loss: 0.293
[88,   300] loss: 0.307
[88,   310] loss: 0.343
[88,   320] loss: 0.327
[88,   330] loss: 0.293
[88,   340] loss: 0.343
[88,   350] loss: 0.340
[88,   360] loss: 0.305
[88,   370] loss: 0.307
[88,   380] loss: 0.304
[88,   390] loss: 0.340
[88,   400] loss: 0.351
VALIDATION loss: 0.2883789539337158
[89,    10] loss: 0.278
[89,    20] loss: 0.324
[89,    30] loss: 0.334
[89,    40] loss: 0.320
[89,    50] loss: 0.291
[89,    60] loss: 0.278
[89,    70] loss: 0.322
[89,    80] loss: 0.374
[89,    90] loss: 0.336
[89,   100] loss: 0.349
[89,   110] loss: 0.287
[89,   120] loss: 0.325
[89,   130] loss: 0.286
[89,   140] loss: 0.357
[89,   150] loss: 0.331
[89,   160] loss: 0.335
[89,   170] loss: 0.328
[89,   180] loss: 0.276
[89,   190] loss: 0.315
[89,   200] loss: 0.297
[89,   210] loss: 0.290
[89,   220] loss: 0.298
[89,   230] loss: 0.270
[89,   240] loss: 0.299
[89,   250] loss: 0.326
[89,   260] loss: 0.297
[89,   270] loss: 0.283
[89,   280] loss: 0.276
[89,   290] loss: 0.279
[89,   300] loss: 0.313
[89,   310] loss: 0.302
[89,   320] loss: 0.358
[89,   330] loss: 0.329
[89,   340] loss: 0.316
[89,   350] loss: 0.308
[89,   360] loss: 0.322
[89,   370] loss: 0.332
[89,   380] loss: 0.321
[89,   390] loss: 0.284
[89,   400] loss: 0.299
VALIDATION loss: 0.3030491769313812
[90,    10] loss: 0.284
[90,    20] loss: 0.315
[90,    30] loss: 0.292
[90,    40] loss: 0.272
[90,    50] loss: 0.304
[90,    60] loss: 0.311
[90,    70] loss: 0.301
[90,    80] loss: 0.292
[90,    90] loss: 0.329
[90,   100] loss: 0.276
[90,   110] loss: 0.343
[90,   120] loss: 0.304
[90,   130] loss: 0.290
[90,   140] loss: 0.282
[90,   150] loss: 0.323
[90,   160] loss: 0.344
[90,   170] loss: 0.336
[90,   180] loss: 0.299
[90,   190] loss: 0.298
[90,   200] loss: 0.305
[90,   210] loss: 0.293
[90,   220] loss: 0.313
[90,   230] loss: 0.348
[90,   240] loss: 0.262
[90,   250] loss: 0.333
[90,   260] loss: 0.318
[90,   270] loss: 0.321
[90,   280] loss: 0.334
[90,   290] loss: 0.332
[90,   300] loss: 0.271
[90,   310] loss: 0.351
[90,   320] loss: 0.257
[90,   330] loss: 0.343
[90,   340] loss: 0.303
[90,   350] loss: 0.347
[90,   360] loss: 0.301
[90,   370] loss: 0.298
[90,   380] loss: 0.308
[90,   390] loss: 0.336
[90,   400] loss: 0.284
VALIDATION loss: 2.6420671939849854
[91,    10] loss: 0.379
[91,    20] loss: 0.322
[91,    30] loss: 0.334
[91,    40] loss: 0.312
[91,    50] loss: 0.331
[91,    60] loss: 0.358
[91,    70] loss: 0.304
[91,    80] loss: 0.264
[91,    90] loss: 0.279
[91,   100] loss: 0.329
[91,   110] loss: 0.337
[91,   120] loss: 0.292
[91,   130] loss: 0.304
[91,   140] loss: 0.318
[91,   150] loss: 0.302
[91,   160] loss: 0.308
[91,   170] loss: 0.282
[91,   180] loss: 0.312
[91,   190] loss: 0.336
[91,   200] loss: 0.303
[91,   210] loss: 0.253
[91,   220] loss: 0.314
[91,   230] loss: 0.309
[91,   240] loss: 0.284
[91,   250] loss: 0.298
[91,   260] loss: 0.297
[91,   270] loss: 0.361
[91,   280] loss: 0.305
[91,   290] loss: 0.281
[91,   300] loss: 0.311
[91,   310] loss: 0.314
[91,   320] loss: 0.316
[91,   330] loss: 0.310
[91,   340] loss: 0.289
[91,   350] loss: 0.317
[91,   360] loss: 0.317
[91,   370] loss: 0.273
[91,   380] loss: 0.302
[91,   390] loss: 0.313
[91,   400] loss: 0.314
VALIDATION loss: 0.3243238031864166
[92,    10] loss: 0.293
[92,    20] loss: 0.359
[92,    30] loss: 0.290
[92,    40] loss: 0.297
[92,    50] loss: 0.357
[92,    60] loss: 0.342
[92,    70] loss: 0.344
[92,    80] loss: 0.313
[92,    90] loss: 0.341
[92,   100] loss: 0.314
[92,   110] loss: 0.301
[92,   120] loss: 0.263
[92,   130] loss: 0.293
[92,   140] loss: 0.302
[92,   150] loss: 0.271
[92,   160] loss: 0.295
[92,   170] loss: 0.338
[92,   180] loss: 0.277
[92,   190] loss: 0.300
[92,   200] loss: 0.354
[92,   210] loss: 0.242
[92,   220] loss: 0.299
[92,   230] loss: 0.280
[92,   240] loss: 0.312
[92,   250] loss: 0.242
[92,   260] loss: 0.292
[92,   270] loss: 0.267
[92,   280] loss: 0.278
[92,   290] loss: 0.288
[92,   300] loss: 0.295
[92,   310] loss: 0.333
[92,   320] loss: 0.279
[92,   330] loss: 0.273
[92,   340] loss: 0.306
[92,   350] loss: 0.300
[92,   360] loss: 0.292
[92,   370] loss: 0.351
[92,   380] loss: 0.280
[92,   390] loss: 0.318
[92,   400] loss: 0.305
VALIDATION loss: 0.30384212732315063
[93,    10] loss: 0.311
[93,    20] loss: 0.279
[93,    30] loss: 0.318
[93,    40] loss: 0.285
[93,    50] loss: 0.300
[93,    60] loss: 0.292
[93,    70] loss: 0.259
[93,    80] loss: 0.308
[93,    90] loss: 0.259
[93,   100] loss: 0.294
[93,   110] loss: 0.311
[93,   120] loss: 0.300
[93,   130] loss: 0.280
[93,   140] loss: 0.284
[93,   150] loss: 0.279
[93,   160] loss: 0.350
[93,   170] loss: 0.322
[93,   180] loss: 0.390
[93,   190] loss: 0.391
[93,   200] loss: 0.335
[93,   210] loss: 0.296
[93,   220] loss: 0.312
[93,   230] loss: 0.321
[93,   240] loss: 0.299
[93,   250] loss: 0.264
[93,   260] loss: 0.344
[93,   270] loss: 0.259
[93,   280] loss: 0.280
[93,   290] loss: 0.325
[93,   300] loss: 0.312
[93,   310] loss: 0.302
[93,   320] loss: 0.326
[93,   330] loss: 0.299
[93,   340] loss: 0.273
[93,   350] loss: 0.300
[93,   360] loss: 0.323
[93,   370] loss: 0.320
[93,   380] loss: 0.285
[93,   390] loss: 0.283
[93,   400] loss: 0.293
VALIDATION loss: 0.29140332341194153
[94,    10] loss: 0.294
[94,    20] loss: 0.267
[94,    30] loss: 0.310
[94,    40] loss: 0.296
[94,    50] loss: 0.296
[94,    60] loss: 0.299
[94,    70] loss: 0.272
[94,    80] loss: 0.312
[94,    90] loss: 0.289
[94,   100] loss: 0.257
[94,   110] loss: 0.290
[94,   120] loss: 0.360
[94,   130] loss: 0.279
[94,   140] loss: 0.301
[94,   150] loss: 0.286
[94,   160] loss: 0.273
[94,   170] loss: 0.295
[94,   180] loss: 0.288
[94,   190] loss: 0.284
[94,   200] loss: 0.322
[94,   210] loss: 0.272
[94,   220] loss: 0.343
[94,   230] loss: 0.275
[94,   240] loss: 0.312
[94,   250] loss: 0.294
[94,   260] loss: 0.296
[94,   270] loss: 0.274
[94,   280] loss: 0.308
[94,   290] loss: 0.291
[94,   300] loss: 0.278
[94,   310] loss: 0.277
[94,   320] loss: 0.342
[94,   330] loss: 0.298
[94,   340] loss: 0.295
[94,   350] loss: 0.321
[94,   360] loss: 0.326
[94,   370] loss: 0.335
[94,   380] loss: 0.305
[94,   390] loss: 0.336
[94,   400] loss: 0.288
VALIDATION loss: 0.6439543962478638
[95,    10] loss: 0.303
[95,    20] loss: 0.318
[95,    30] loss: 0.280
[95,    40] loss: 0.291
[95,    50] loss: 0.266
[95,    60] loss: 0.325
[95,    70] loss: 0.277
[95,    80] loss: 0.304
[95,    90] loss: 0.277
[95,   100] loss: 0.271
[95,   110] loss: 0.295
[95,   120] loss: 0.299
[95,   130] loss: 0.287
[95,   140] loss: 0.272
[95,   150] loss: 0.337
[95,   160] loss: 0.341
[95,   170] loss: 0.287
[95,   180] loss: 0.250
[95,   190] loss: 0.305
[95,   200] loss: 0.281
[95,   210] loss: 0.301
[95,   220] loss: 0.269
[95,   230] loss: 0.299
[95,   240] loss: 0.321
[95,   250] loss: 0.329
[95,   260] loss: 0.289
[95,   270] loss: 0.269
[95,   280] loss: 0.303
[95,   290] loss: 0.294
[95,   300] loss: 0.289
[95,   310] loss: 0.251
[95,   320] loss: 0.306
[95,   330] loss: 0.301
[95,   340] loss: 0.296
[95,   350] loss: 0.300
[95,   360] loss: 0.307
[95,   370] loss: 0.291
[95,   380] loss: 0.324
[95,   390] loss: 0.290
[95,   400] loss: 0.325
VALIDATION loss: 0.2858904302120209
[96,    10] loss: 0.320
[96,    20] loss: 0.301
[96,    30] loss: 0.274
[96,    40] loss: 0.278
[96,    50] loss: 0.293
[96,    60] loss: 0.337
[96,    70] loss: 0.297
[96,    80] loss: 0.276
[96,    90] loss: 0.279
[96,   100] loss: 0.348
[96,   110] loss: 0.263
[96,   120] loss: 0.252
[96,   130] loss: 0.293
[96,   140] loss: 0.302
[96,   150] loss: 0.318
[96,   160] loss: 0.297
[96,   170] loss: 0.257
[96,   180] loss: 0.308
[96,   190] loss: 0.297
[96,   200] loss: 0.289
[96,   210] loss: 0.302
[96,   220] loss: 0.282
[96,   230] loss: 0.307
[96,   240] loss: 0.307
[96,   250] loss: 0.271
[96,   260] loss: 0.339
[96,   270] loss: 0.295
[96,   280] loss: 0.251
[96,   290] loss: 0.294
[96,   300] loss: 0.250
[96,   310] loss: 0.329
[96,   320] loss: 0.283
[96,   330] loss: 0.295
[96,   340] loss: 0.257
[96,   350] loss: 0.253
[96,   360] loss: 0.326
[96,   370] loss: 0.305
[96,   380] loss: 0.309
[96,   390] loss: 0.304
[96,   400] loss: 0.295
VALIDATION loss: 0.2896331250667572
[97,    10] loss: 0.274
[97,    20] loss: 0.327
[97,    30] loss: 0.249
[97,    40] loss: 0.289
[97,    50] loss: 0.287
[97,    60] loss: 0.292
[97,    70] loss: 0.325
[97,    80] loss: 0.304
[97,    90] loss: 0.251
[97,   100] loss: 0.300
[97,   110] loss: 0.327
[97,   120] loss: 0.287
[97,   130] loss: 0.282
[97,   140] loss: 0.311
[97,   150] loss: 0.309
[97,   160] loss: 0.271
[97,   170] loss: 0.300
[97,   180] loss: 0.313
[97,   190] loss: 0.286
[97,   200] loss: 0.276
[97,   210] loss: 0.296
[97,   220] loss: 0.290
[97,   230] loss: 0.304
[97,   240] loss: 0.287
[97,   250] loss: 0.284
[97,   260] loss: 0.283
[97,   270] loss: 0.288
[97,   280] loss: 0.277
[97,   290] loss: 0.272
[97,   300] loss: 0.302
[97,   310] loss: 0.263
[97,   320] loss: 0.264
[97,   330] loss: 0.284
[97,   340] loss: 0.272
[97,   350] loss: 0.292
[97,   360] loss: 0.327
[97,   370] loss: 0.307
[97,   380] loss: 0.319
[97,   390] loss: 0.291
[97,   400] loss: 0.295
VALIDATION loss: 0.2769610583782196
[98,    10] loss: 0.310
[98,    20] loss: 0.288
[98,    30] loss: 0.267
[98,    40] loss: 0.284
[98,    50] loss: 0.240
[98,    60] loss: 0.277
[98,    70] loss: 0.260
[98,    80] loss: 0.268
[98,    90] loss: 0.269
[98,   100] loss: 0.278
[98,   110] loss: 0.276
[98,   120] loss: 0.341
[98,   130] loss: 0.288
[98,   140] loss: 0.257
[98,   150] loss: 0.316
[98,   160] loss: 0.284
[98,   170] loss: 0.276
[98,   180] loss: 0.287
[98,   190] loss: 0.320
[98,   200] loss: 0.339
[98,   210] loss: 0.246
[98,   220] loss: 0.341
[98,   230] loss: 0.308
[98,   240] loss: 0.280
[98,   250] loss: 0.257
[98,   260] loss: 0.255
[98,   270] loss: 0.299
[98,   280] loss: 0.254
[98,   290] loss: 0.328
[98,   300] loss: 0.299
[98,   310] loss: 0.317
[98,   320] loss: 0.313
[98,   330] loss: 0.276
[98,   340] loss: 0.309
[98,   350] loss: 0.294
[98,   360] loss: 0.301
[98,   370] loss: 0.299
[98,   380] loss: 0.307
[98,   390] loss: 0.301
[98,   400] loss: 0.244
VALIDATION loss: 0.27874934673309326
[99,    10] loss: 0.270
[99,    20] loss: 0.305
[99,    30] loss: 0.280
[99,    40] loss: 0.287
[99,    50] loss: 0.272
[99,    60] loss: 0.263
[99,    70] loss: 0.253
[99,    80] loss: 0.267
[99,    90] loss: 0.367
[99,   100] loss: 0.262
[99,   110] loss: 0.255
[99,   120] loss: 0.298
[99,   130] loss: 0.276
[99,   140] loss: 0.267
[99,   150] loss: 0.282
[99,   160] loss: 0.274
[99,   170] loss: 0.296
[99,   180] loss: 0.296
[99,   190] loss: 0.280
[99,   200] loss: 0.332
[99,   210] loss: 0.277
[99,   220] loss: 0.276
[99,   230] loss: 0.296
[99,   240] loss: 0.260
[99,   250] loss: 0.257
[99,   260] loss: 0.264
[99,   270] loss: 0.309
[99,   280] loss: 0.250
[99,   290] loss: 0.254
[99,   300] loss: 0.312
[99,   310] loss: 0.321
[99,   320] loss: 0.320
[99,   330] loss: 0.268
[99,   340] loss: 0.273
[99,   350] loss: 0.262
[99,   360] loss: 0.367
[99,   370] loss: 0.286
[99,   380] loss: 0.296
[99,   390] loss: 0.251
[99,   400] loss: 0.266
VALIDATION loss: 0.2633783519268036
[100,    10] loss: 0.252
[100,    20] loss: 0.277
[100,    30] loss: 0.250
[100,    40] loss: 0.245
[100,    50] loss: 0.303
[100,    60] loss: 0.324
[100,    70] loss: 0.302
[100,    80] loss: 0.323
[100,    90] loss: 0.272
[100,   100] loss: 0.292
[100,   110] loss: 0.288
[100,   120] loss: 0.291
[100,   130] loss: 0.270
[100,   140] loss: 0.281
[100,   150] loss: 0.288
[100,   160] loss: 0.294
[100,   170] loss: 0.243
[100,   180] loss: 0.283
[100,   190] loss: 0.260
[100,   200] loss: 0.265
[100,   210] loss: 0.308
[100,   220] loss: 0.268
[100,   230] loss: 0.276
[100,   240] loss: 0.288
[100,   250] loss: 0.348
[100,   260] loss: 0.323
[100,   270] loss: 0.263
[100,   280] loss: 0.313
[100,   290] loss: 0.299
[100,   300] loss: 0.245
[100,   310] loss: 0.273
[100,   320] loss: 0.282
[100,   330] loss: 0.266
[100,   340] loss: 0.250
[100,   350] loss: 0.265
[100,   360] loss: 0.274
[100,   370] loss: 0.278
[100,   380] loss: 0.283
[100,   390] loss: 0.307
[100,   400] loss: 0.318
VALIDATION loss: 0.31772589683532715
Finished !!
Accuracy of the network: 84.95 %
