Collecting dill==0.3.4 (from -r requirements.txt (line 1))
  Using cached https://files.pythonhosted.org/packages/b6/c3/973676ceb86b60835bb3978c6db67a5dc06be6cfdbd14ef0f5a13e3fc9fd/dill-0.3.4-py2.py3-none-any.whl
Requirement already satisfied: laplace==0.1 in /zhome/45/c/128687/.local/lib/python3.6/site-packages (from -r requirements.txt (line 2))
Collecting matplotlib==3.4.0 (from -r requirements.txt (line 3))
Small: 0
Transform: 0
MaxPool: 0
Running GPU.
[1,    10] loss: 1.937
[1,    20] loss: 1.908
[1,    30] loss: 1.876
[1,    40] loss: 1.842
[1,    50] loss: 1.860
[1,    60] loss: 1.826
[1,    70] loss: 1.829
[1,    80] loss: 1.797
[1,    90] loss: 1.798
[1,   100] loss: 1.779
[1,   110] loss: 1.736
[1,   120] loss: 1.743
[1,   130] loss: 1.777
[1,   140] loss: 1.731
[1,   150] loss: 1.749
[1,   160] loss: 1.704
[1,   170] loss: 1.730
[1,   180] loss: 1.712
[1,   190] loss: 1.720
[1,   200] loss: 1.697
[1,   210] loss: 1.674
[1,   220] loss: 1.671
[1,   230] loss: 1.699
[1,   240] loss: 1.640
[1,   250] loss: 1.662
[1,   260] loss: 1.666
[1,   270] loss: 1.689
[1,   280] loss: 1.657
[1,   290] loss: 1.649
[1,   300] loss: 1.664
[1,   310] loss: 1.659
[1,   320] loss: 1.637
[1,   330] loss: 1.663
[1,   340] loss: 1.646
[1,   350] loss: 1.665
[1,   360] loss: 1.637
[1,   370] loss: 1.656
[1,   380] loss: 1.623
[1,   390] loss: 1.656
[1,   400] loss: 1.623
VALIDATION loss: 1.5701826810836792
[2,    10] loss: 1.603
[2,    20] loss: 1.625
[2,    30] loss: 1.595
[2,    40] loss: 1.565
[2,    50] loss: 1.612
[2,    60] loss: 1.635
[2,    70] loss: 1.595
[2,    80] loss: 1.571
[2,    90] loss: 1.589
[2,   100] loss: 1.640
[2,   110] loss: 1.609
[2,   120] loss: 1.629
[2,   130] loss: 1.559
[2,   140] loss: 1.600
[2,   150] loss: 1.592
[2,   160] loss: 1.598
[2,   170] loss: 1.592
[2,   180] loss: 1.592
[2,   190] loss: 1.559
[2,   200] loss: 1.560
[2,   210] loss: 1.560
[2,   220] loss: 1.543
[2,   230] loss: 1.539
[2,   240] loss: 1.584
[2,   250] loss: 1.569
[2,   260] loss: 1.569
[2,   270] loss: 1.549
[2,   280] loss: 1.543
[2,   290] loss: 1.543
[2,   300] loss: 1.520
[2,   310] loss: 1.542
[2,   320] loss: 1.503
[2,   330] loss: 1.474
[2,   340] loss: 1.482
[2,   350] loss: 1.518
[2,   360] loss: 1.477
[2,   370] loss: 1.509
[2,   380] loss: 1.505
[2,   390] loss: 1.503
[2,   400] loss: 1.515
VALIDATION loss: 1.4360755681991577
[3,    10] loss: 1.525
[3,    20] loss: 1.498
[3,    30] loss: 1.521
[3,    40] loss: 1.454
[3,    50] loss: 1.518
[3,    60] loss: 1.541
[3,    70] loss: 1.488
[3,    80] loss: 1.440
[3,    90] loss: 1.483
[3,   100] loss: 1.491
[3,   110] loss: 1.464
[3,   120] loss: 1.473
[3,   130] loss: 1.514
[3,   140] loss: 1.481
[3,   150] loss: 1.462
[3,   160] loss: 1.456
[3,   170] loss: 1.441
[3,   180] loss: 1.464
[3,   190] loss: 1.462
[3,   200] loss: 1.483
[3,   210] loss: 1.414
[3,   220] loss: 1.417
[3,   230] loss: 1.456
[3,   240] loss: 1.429
[3,   250] loss: 1.408
[3,   260] loss: 1.426
[3,   270] loss: 1.466
[3,   280] loss: 1.438
[3,   290] loss: 1.406
[3,   300] loss: 1.445
[3,   310] loss: 1.442
[3,   320] loss: 1.438
[3,   330] loss: 1.446
[3,   340] loss: 1.413
[3,   350] loss: 1.415
[3,   360] loss: 1.444
[3,   370] loss: 1.375
[3,   380] loss: 1.402
[3,   390] loss: 1.336
[3,   400] loss: 1.390
VALIDATION loss: 1.3476414680480957
[4,    10] loss: 1.413
[4,    20] loss: 1.366
[4,    30] loss: 1.424
[4,    40] loss: 1.424
[4,    50] loss: 1.388
[4,    60] loss: 1.362
[4,    70] loss: 1.417
[4,    80] loss: 1.361
[4,    90] loss: 1.349
[4,   100] loss: 1.343
[4,   110] loss: 1.419
[4,   120] loss: 1.390
[4,   130] loss: 1.442
[4,   140] loss: 1.387
[4,   150] loss: 1.396
[4,   160] loss: 1.448
[4,   170] loss: 1.357
[4,   180] loss: 1.328
[4,   190] loss: 1.400
[4,   200] loss: 1.400
[4,   210] loss: 1.382
[4,   220] loss: 1.383
[4,   230] loss: 1.344
[4,   240] loss: 1.363
[4,   250] loss: 1.337
[4,   260] loss: 1.435
[4,   270] loss: 1.395
[4,   280] loss: 1.366
[4,   290] loss: 1.339
[4,   300] loss: 1.340
[4,   310] loss: 1.410
[4,   320] loss: 1.319
[4,   330] loss: 1.348
[4,   340] loss: 1.400
[4,   350] loss: 1.316
[4,   360] loss: 1.308
[4,   370] loss: 1.377
[4,   380] loss: 1.317
[4,   390] loss: 1.332
[4,   400] loss: 1.350
VALIDATION loss: 1.3604474067687988
[5,    10] loss: 1.333
[5,    20] loss: 1.330
[5,    30] loss: 1.324
[5,    40] loss: 1.298
[5,    50] loss: 1.330
[5,    60] loss: 1.349
[5,    70] loss: 1.345
[5,    80] loss: 1.358
[5,    90] loss: 1.342
[5,   100] loss: 1.315
[5,   110] loss: 1.378
[5,   120] loss: 1.358
[5,   130] loss: 1.336
[5,   140] loss: 1.254
[5,   150] loss: 1.333
[5,   160] loss: 1.326
[5,   170] loss: 1.330
[5,   180] loss: 1.361
[5,   190] loss: 1.327
[5,   200] loss: 1.327
[5,   210] loss: 1.298
[5,   220] loss: 1.289
[5,   230] loss: 1.274
[5,   240] loss: 1.294
[5,   250] loss: 1.324
[5,   260] loss: 1.356
[5,   270] loss: 1.350
[5,   280] loss: 1.356
[5,   290] loss: 1.242
[5,   300] loss: 1.276
[5,   310] loss: 1.335
[5,   320] loss: 1.286
[5,   330] loss: 1.271
[5,   340] loss: 1.277
[5,   350] loss: 1.312
[5,   360] loss: 1.268
[5,   370] loss: 1.263
[5,   380] loss: 1.285
[5,   390] loss: 1.277
[5,   400] loss: 1.286
VALIDATION loss: 1.318575143814087
[6,    10] loss: 1.264
[6,    20] loss: 1.354
[6,    30] loss: 1.279
[6,    40] loss: 1.268
[6,    50] loss: 1.263
[6,    60] loss: 1.320
[6,    70] loss: 1.298
[6,    80] loss: 1.217
[6,    90] loss: 1.300
[6,   100] loss: 1.278
[6,   110] loss: 1.286
[6,   120] loss: 1.226
[6,   130] loss: 1.298
[6,   140] loss: 1.286
[6,   150] loss: 1.291
[6,   160] loss: 1.249
[6,   170] loss: 1.259
[6,   180] loss: 1.255
[6,   190] loss: 1.221
[6,   200] loss: 1.295
[6,   210] loss: 1.280
[6,   220] loss: 1.251
[6,   230] loss: 1.195
[6,   240] loss: 1.293
[6,   250] loss: 1.257
[6,   260] loss: 1.248
[6,   270] loss: 1.242
[6,   280] loss: 1.296
[6,   290] loss: 1.235
[6,   300] loss: 1.232
[6,   310] loss: 1.212
[6,   320] loss: 1.213
[6,   330] loss: 1.294
[6,   340] loss: 1.231
[6,   350] loss: 1.249
[6,   360] loss: 1.319
[6,   370] loss: 1.228
[6,   380] loss: 1.269
[6,   390] loss: 1.215
[6,   400] loss: 1.262
VALIDATION loss: 1.1786017417907715
[7,    10] loss: 1.189
[7,    20] loss: 1.256
[7,    30] loss: 1.249
[7,    40] loss: 1.231
[7,    50] loss: 1.207
[7,    60] loss: 1.242
[7,    70] loss: 1.238
[7,    80] loss: 1.269
[7,    90] loss: 1.220
[7,   100] loss: 1.265
[7,   110] loss: 1.205
[7,   120] loss: 1.196
[7,   130] loss: 1.206
[7,   140] loss: 1.214
[7,   150] loss: 1.232
[7,   160] loss: 1.232
[7,   170] loss: 1.250
[7,   180] loss: 1.212
[7,   190] loss: 1.207
[7,   200] loss: 1.247
[7,   210] loss: 1.192
[7,   220] loss: 1.206
[7,   230] loss: 1.221
[7,   240] loss: 1.204
[7,   250] loss: 1.214
[7,   260] loss: 1.199
[7,   270] loss: 1.205
[7,   280] loss: 1.268
[7,   290] loss: 1.204
[7,   300] loss: 1.185
[7,   310] loss: 1.168
[7,   320] loss: 1.196
[7,   330] loss: 1.186
[7,   340] loss: 1.205
[7,   350] loss: 1.176
[7,   360] loss: 1.188
[7,   370] loss: 1.208
[7,   380] loss: 1.238
[7,   390] loss: 1.279
[7,   400] loss: 1.215
VALIDATION loss: 1.1559102535247803
[8,    10] loss: 1.195
[8,    20] loss: 1.198
[8,    30] loss: 1.186
[8,    40] loss: 1.206
[8,    50] loss: 1.184
[8,    60] loss: 1.179
[8,    70] loss: 1.186
[8,    80] loss: 1.224
[8,    90] loss: 1.209
[8,   100] loss: 1.186
[8,   110] loss: 1.162
[8,   120] loss: 1.239
[8,   130] loss: 1.202
[8,   140] loss: 1.172
[8,   150] loss: 1.234
[8,   160] loss: 1.106
[8,   170] loss: 1.183
[8,   180] loss: 1.181
[8,   190] loss: 1.205
[8,   200] loss: 1.180
[8,   210] loss: 1.105
[8,   220] loss: 1.163
[8,   230] loss: 1.226
[8,   240] loss: 1.249
[8,   250] loss: 1.137
[8,   260] loss: 1.163
[8,   270] loss: 1.146
[8,   280] loss: 1.188
[8,   290] loss: 1.220
[8,   300] loss: 1.223
[8,   310] loss: 1.149
[8,   320] loss: 1.210
[8,   330] loss: 1.148
[8,   340] loss: 1.167
[8,   350] loss: 1.127
[8,   360] loss: 1.121
[8,   370] loss: 1.178
[8,   380] loss: 1.199
[8,   390] loss: 1.141
[8,   400] loss: 1.177
VALIDATION loss: 1.0956065654754639
[9,    10] loss: 1.137
[9,    20] loss: 1.171
[9,    30] loss: 1.161
[9,    40] loss: 1.158
[9,    50] loss: 1.183
[9,    60] loss: 1.149
[9,    70] loss: 1.161
[9,    80] loss: 1.128
[9,    90] loss: 1.181
[9,   100] loss: 1.139
[9,   110] loss: 1.211
[9,   120] loss: 1.139
[9,   130] loss: 1.157
[9,   140] loss: 1.166
[9,   150] loss: 1.155
[9,   160] loss: 1.199
[9,   170] loss: 1.127
[9,   180] loss: 1.147
[9,   190] loss: 1.140
[9,   200] loss: 1.139
[9,   210] loss: 1.155
[9,   220] loss: 1.103
[9,   230] loss: 1.138
[9,   240] loss: 1.126
[9,   250] loss: 1.136
[9,   260] loss: 1.143
[9,   270] loss: 1.122
[9,   280] loss: 1.159
[9,   290] loss: 1.084
[9,   300] loss: 1.110
[9,   310] loss: 1.154
[9,   320] loss: 1.124
[9,   330] loss: 1.098
[9,   340] loss: 1.141
[9,   350] loss: 1.115
[9,   360] loss: 1.126
[9,   370] loss: 1.130
[9,   380] loss: 1.157
[9,   390] loss: 1.101
[9,   400] loss: 1.106
VALIDATION loss: 1.0825828313827515
[10,    10] loss: 1.137
[10,    20] loss: 1.163
[10,    30] loss: 1.174
[10,    40] loss: 1.061
[10,    50] loss: 1.062
[10,    60] loss: 1.142
[10,    70] loss: 1.094
[10,    80] loss: 1.078
[10,    90] loss: 1.166
[10,   100] loss: 1.136
[10,   110] loss: 1.121
[10,   120] loss: 1.112
[10,   130] loss: 1.116
[10,   140] loss: 1.130
[10,   150] loss: 1.065
[10,   160] loss: 1.046
[10,   170] loss: 1.082
[10,   180] loss: 1.080
[10,   190] loss: 1.138
[10,   200] loss: 1.178
[10,   210] loss: 1.147
[10,   220] loss: 1.101
[10,   230] loss: 1.106
[10,   240] loss: 1.106
[10,   250] loss: 1.133
[10,   260] loss: 1.134
[10,   270] loss: 1.079
[10,   280] loss: 1.067
[10,   290] loss: 1.141
[10,   300] loss: 1.107
[10,   310] loss: 1.059
[10,   320] loss: 1.101
[10,   330] loss: 1.114
[10,   340] loss: 1.073
[10,   350] loss: 1.050
[10,   360] loss: 1.114
[10,   370] loss: 1.042
[10,   380] loss: 1.040
[10,   390] loss: 1.105
[10,   400] loss: 1.102
VALIDATION loss: 1.0206894874572754
[11,    10] loss: 1.096
[11,    20] loss: 1.065
[11,    30] loss: 1.127
[11,    40] loss: 1.047
[11,    50] loss: 1.067
[11,    60] loss: 1.064
[11,    70] loss: 1.059
[11,    80] loss: 1.034
[11,    90] loss: 1.112
[11,   100] loss: 1.096
[11,   110] loss: 1.099
[11,   120] loss: 1.105
[11,   130] loss: 1.038
[11,   140] loss: 1.036
[11,   150] loss: 1.026
[11,   160] loss: 1.086
[11,   170] loss: 1.049
[11,   180] loss: 1.055
[11,   190] loss: 1.082
[11,   200] loss: 1.086
[11,   210] loss: 1.038
[11,   220] loss: 1.032
[11,   230] loss: 1.015
[11,   240] loss: 1.074
[11,   250] loss: 1.101
[11,   260] loss: 1.005
[11,   270] loss: 1.027
[11,   280] loss: 1.051
[11,   290] loss: 1.079
[11,   300] loss: 1.047
[11,   310] loss: 1.066
[11,   320] loss: 1.037
[11,   330] loss: 1.030
[11,   340] loss: 1.099
[11,   350] loss: 1.115
[11,   360] loss: 1.072
[11,   370] loss: 1.071
[11,   380] loss: 1.055
[11,   390] loss: 1.074
[11,   400] loss: 1.077
VALIDATION loss: 1.0183168649673462
[12,    10] loss: 1.038
[12,    20] loss: 1.024
[12,    30] loss: 1.036
[12,    40] loss: 1.025
[12,    50] loss: 1.038
[12,    60] loss: 1.049
[12,    70] loss: 1.040
[12,    80] loss: 0.972
[12,    90] loss: 1.144
[12,   100] loss: 1.105
[12,   110] loss: 1.027
[12,   120] loss: 1.014
[12,   130] loss: 1.058
[12,   140] loss: 1.018
[12,   150] loss: 1.091
[12,   160] loss: 1.061
[12,   170] loss: 1.052
[12,   180] loss: 1.054
[12,   190] loss: 1.069
[12,   200] loss: 1.045
[12,   210] loss: 0.989
[12,   220] loss: 0.988
[12,   230] loss: 1.028
[12,   240] loss: 1.045
[12,   250] loss: 1.048
[12,   260] loss: 0.980
[12,   270] loss: 1.084
[12,   280] loss: 0.995
[12,   290] loss: 0.990
[12,   300] loss: 1.050
[12,   310] loss: 1.026
[12,   320] loss: 0.963
[12,   330] loss: 1.072
[12,   340] loss: 0.994
[12,   350] loss: 0.948
[12,   360] loss: 1.023
[12,   370] loss: 1.023
[12,   380] loss: 1.006
[12,   390] loss: 1.046
[12,   400] loss: 1.018
VALIDATION loss: 0.9893765449523926
[13,    10] loss: 1.031
[13,    20] loss: 1.038
[13,    30] loss: 0.982
[13,    40] loss: 0.987
[13,    50] loss: 0.990
[13,    60] loss: 1.041
[13,    70] loss: 1.001
[13,    80] loss: 0.961
[13,    90] loss: 1.026
[13,   100] loss: 0.997
[13,   110] loss: 1.037
[13,   120] loss: 1.021
[13,   130] loss: 0.974
[13,   140] loss: 0.967
[13,   150] loss: 1.022
[13,   160] loss: 0.983
[13,   170] loss: 1.048
[13,   180] loss: 1.012
[13,   190] loss: 1.004
[13,   200] loss: 1.045
[13,   210] loss: 1.016
[13,   220] loss: 0.982
[13,   230] loss: 0.966
[13,   240] loss: 1.004
[13,   250] loss: 0.961
[13,   260] loss: 1.008
[13,   270] loss: 0.986
[13,   280] loss: 0.941
[13,   290] loss: 0.961
[13,   300] loss: 1.048
[13,   310] loss: 1.009
[13,   320] loss: 0.979
[13,   330] loss: 0.978
[13,   340] loss: 1.004
[13,   350] loss: 0.991
[13,   360] loss: 1.002
[13,   370] loss: 0.956
[13,   380] loss: 0.934
[13,   390] loss: 0.962
[13,   400] loss: 1.017
VALIDATION loss: 1.000622272491455
[14,    10] loss: 0.951
[14,    20] loss: 0.966
[14,    30] loss: 0.954
[14,    40] loss: 0.945
[14,    50] loss: 1.021
[14,    60] loss: 0.982
[14,    70] loss: 0.961
[14,    80] loss: 1.028
[14,    90] loss: 0.982
[14,   100] loss: 1.034
[14,   110] loss: 1.046
[14,   120] loss: 0.945
[14,   130] loss: 1.016
[14,   140] loss: 0.926
[14,   150] loss: 0.949
[14,   160] loss: 0.961
[14,   170] loss: 0.977
[14,   180] loss: 0.885
[14,   190] loss: 0.968
[14,   200] loss: 0.986
[14,   210] loss: 0.952
[14,   220] loss: 0.968
[14,   230] loss: 0.958
[14,   240] loss: 0.978
[14,   250] loss: 0.938
[14,   260] loss: 0.971
[14,   270] loss: 0.984
[14,   280] loss: 0.974
[14,   290] loss: 0.976
[14,   300] loss: 0.975
[14,   310] loss: 0.995
[14,   320] loss: 0.991
[14,   330] loss: 0.961
[14,   340] loss: 0.960
[14,   350] loss: 0.970
[14,   360] loss: 0.905
[14,   370] loss: 0.936
[14,   380] loss: 0.939
[14,   390] loss: 0.986
[14,   400] loss: 0.906
VALIDATION loss: 0.9522361159324646
[15,    10] loss: 0.961
[15,    20] loss: 0.950
[15,    30] loss: 1.044
[15,    40] loss: 0.940
[15,    50] loss: 0.948
[15,    60] loss: 0.971
[15,    70] loss: 0.894
[15,    80] loss: 0.907
[15,    90] loss: 0.969
[15,   100] loss: 0.951
[15,   110] loss: 0.927
[15,   120] loss: 0.953
[15,   130] loss: 0.886
[15,   140] loss: 0.954
[15,   150] loss: 0.928
[15,   160] loss: 0.884
[15,   170] loss: 0.886
[15,   180] loss: 0.925
[15,   190] loss: 0.983
[15,   200] loss: 0.994
[15,   210] loss: 0.924
[15,   220] loss: 0.955
[15,   230] loss: 0.965
[15,   240] loss: 0.964
[15,   250] loss: 0.948
[15,   260] loss: 0.871
[15,   270] loss: 0.954
[15,   280] loss: 0.956
[15,   290] loss: 0.930
[15,   300] loss: 0.971
[15,   310] loss: 0.968
[15,   320] loss: 0.873
[15,   330] loss: 0.944
[15,   340] loss: 0.893
[15,   350] loss: 0.947
[15,   360] loss: 0.881
[15,   370] loss: 0.987
[15,   380] loss: 0.947
[15,   390] loss: 0.919
[15,   400] loss: 0.985
VALIDATION loss: 0.9208000302314758
[16,    10] loss: 0.886
[16,    20] loss: 0.989
[16,    30] loss: 0.930
[16,    40] loss: 0.942
[16,    50] loss: 0.951
[16,    60] loss: 0.952
[16,    70] loss: 0.879
[16,    80] loss: 0.924
[16,    90] loss: 0.917
[16,   100] loss: 0.915
[16,   110] loss: 0.905
[16,   120] loss: 0.973
[16,   130] loss: 0.957
[16,   140] loss: 0.910
[16,   150] loss: 0.912
[16,   160] loss: 0.920
[16,   170] loss: 0.864
[16,   180] loss: 0.944
[16,   190] loss: 0.941
[16,   200] loss: 0.957
[16,   210] loss: 0.958
[16,   220] loss: 0.883
[16,   230] loss: 0.915
[16,   240] loss: 0.901
[16,   250] loss: 0.867
[16,   260] loss: 0.878
[16,   270] loss: 0.831
[16,   280] loss: 0.919
[16,   290] loss: 0.945
[16,   300] loss: 0.899
[16,   310] loss: 0.916
[16,   320] loss: 0.928
[16,   330] loss: 0.914
[16,   340] loss: 0.891
[16,   350] loss: 0.876
[16,   360] loss: 0.848
[16,   370] loss: 0.904
[16,   380] loss: 0.894
[16,   390] loss: 0.876
[16,   400] loss: 0.892
VALIDATION loss: 0.8960810303688049
[17,    10] loss: 0.923
[17,    20] loss: 0.951
[17,    30] loss: 0.903
[17,    40] loss: 0.921
[17,    50] loss: 0.939
[17,    60] loss: 0.921
[17,    70] loss: 0.862
[17,    80] loss: 0.855
[17,    90] loss: 0.844
[17,   100] loss: 0.915
[17,   110] loss: 0.932
[17,   120] loss: 0.884
[17,   130] loss: 0.889
[17,   140] loss: 0.886
[17,   150] loss: 0.818
[17,   160] loss: 0.856
[17,   170] loss: 0.891
[17,   180] loss: 0.861
[17,   190] loss: 0.876
[17,   200] loss: 0.840
[17,   210] loss: 0.849
[17,   220] loss: 0.924
[17,   230] loss: 0.851
[17,   240] loss: 0.925
[17,   250] loss: 0.890
[17,   260] loss: 0.948
[17,   270] loss: 0.874
[17,   280] loss: 0.870
[17,   290] loss: 0.885
[17,   300] loss: 0.963
[17,   310] loss: 0.915
[17,   320] loss: 0.843
[17,   330] loss: 0.897
[17,   340] loss: 0.866
[17,   350] loss: 0.853
[17,   360] loss: 0.881
[17,   370] loss: 0.887
[17,   380] loss: 0.847
[17,   390] loss: 0.831
[17,   400] loss: 0.875
VALIDATION loss: 0.8481351733207703
[18,    10] loss: 0.890
[18,    20] loss: 0.897
[18,    30] loss: 0.899
[18,    40] loss: 0.860
[18,    50] loss: 0.883
[18,    60] loss: 0.869
[18,    70] loss: 0.882
[18,    80] loss: 0.907
[18,    90] loss: 0.850
[18,   100] loss: 0.840
[18,   110] loss: 0.862
[18,   120] loss: 0.864
[18,   130] loss: 0.907
[18,   140] loss: 0.830
[18,   150] loss: 0.835
[18,   160] loss: 0.879
[18,   170] loss: 0.885
[18,   180] loss: 0.899
[18,   190] loss: 0.874
[18,   200] loss: 0.900
[18,   210] loss: 0.857
[18,   220] loss: 0.858
[18,   230] loss: 0.817
[18,   240] loss: 0.833
[18,   250] loss: 0.855
[18,   260] loss: 0.818
[18,   270] loss: 0.896
[18,   280] loss: 0.856
[18,   290] loss: 0.948
[18,   300] loss: 0.882
[18,   310] loss: 0.844
[18,   320] loss: 0.803
[18,   330] loss: 0.822
[18,   340] loss: 0.801
[18,   350] loss: 0.856
[18,   360] loss: 0.804
[18,   370] loss: 0.887
[18,   380] loss: 0.830
[18,   390] loss: 0.866
[18,   400] loss: 0.800
VALIDATION loss: 0.8516998887062073
[19,    10] loss: 0.869
[19,    20] loss: 0.833
[19,    30] loss: 0.824
[19,    40] loss: 0.777
[19,    50] loss: 0.819
[19,    60] loss: 0.868
[19,    70] loss: 0.909
[19,    80] loss: 0.879
[19,    90] loss: 0.826
[19,   100] loss: 0.926
[19,   110] loss: 0.832
[19,   120] loss: 0.808
[19,   130] loss: 0.849
[19,   140] loss: 0.825
[19,   150] loss: 0.790
[19,   160] loss: 0.803
[19,   170] loss: 0.805
[19,   180] loss: 0.858
[19,   190] loss: 0.798
[19,   200] loss: 0.878
[19,   210] loss: 0.828
[19,   220] loss: 0.835
[19,   230] loss: 0.881
[19,   240] loss: 0.856
[19,   250] loss: 0.863
[19,   260] loss: 0.835
[19,   270] loss: 0.814
[19,   280] loss: 0.829
[19,   290] loss: 0.839
[19,   300] loss: 0.806
[19,   310] loss: 0.800
[19,   320] loss: 0.858
[19,   330] loss: 0.836
[19,   340] loss: 0.865
[19,   350] loss: 0.850
[19,   360] loss: 0.827
[19,   370] loss: 0.782
[19,   380] loss: 0.828
[19,   390] loss: 0.869
[19,   400] loss: 0.824
VALIDATION loss: 0.8018421530723572
[20,    10] loss: 0.840
[20,    20] loss: 0.851
[20,    30] loss: 0.830
[20,    40] loss: 0.880
[20,    50] loss: 0.827
[20,    60] loss: 0.838
[20,    70] loss: 0.810
[20,    80] loss: 0.840
[20,    90] loss: 0.839
[20,   100] loss: 0.817
[20,   110] loss: 0.795
[20,   120] loss: 0.805
[20,   130] loss: 0.849
[20,   140] loss: 0.815
[20,   150] loss: 0.764
[20,   160] loss: 0.884
[20,   170] loss: 0.802
[20,   180] loss: 0.782
[20,   190] loss: 0.810
[20,   200] loss: 0.766
[20,   210] loss: 0.796
[20,   220] loss: 0.797
[20,   230] loss: 0.844
[20,   240] loss: 0.815
[20,   250] loss: 0.809
[20,   260] loss: 0.820
[20,   270] loss: 0.823
[20,   280] loss: 0.784
[20,   290] loss: 0.795
[20,   300] loss: 0.877
[20,   310] loss: 0.815
[20,   320] loss: 0.781
[20,   330] loss: 0.810
[20,   340] loss: 0.843
[20,   350] loss: 0.841
[20,   360] loss: 0.815
[20,   370] loss: 0.778
[20,   380] loss: 0.806
[20,   390] loss: 0.788
[20,   400] loss: 0.793
VALIDATION loss: 0.7647053003311157
[21,    10] loss: 0.813
[21,    20] loss: 0.839
[21,    30] loss: 0.785
[21,    40] loss: 0.801
[21,    50] loss: 0.791
[21,    60] loss: 0.791
[21,    70] loss: 0.746
[21,    80] loss: 0.828
[21,    90] loss: 0.749
[21,   100] loss: 0.864
[21,   110] loss: 0.784
[21,   120] loss: 0.785
[21,   130] loss: 0.778
[21,   140] loss: 0.748
[21,   150] loss: 0.828
[21,   160] loss: 0.807
[21,   170] loss: 0.841
[21,   180] loss: 0.754
[21,   190] loss: 0.787
[21,   200] loss: 0.777
[21,   210] loss: 0.741
[21,   220] loss: 0.805
[21,   230] loss: 0.781
[21,   240] loss: 0.787
[21,   250] loss: 0.846
[21,   260] loss: 0.826
[21,   270] loss: 0.761
[21,   280] loss: 0.817
[21,   290] loss: 0.813
[21,   300] loss: 0.773
[21,   310] loss: 0.826
[21,   320] loss: 0.825
[21,   330] loss: 0.819
[21,   340] loss: 0.800
[21,   350] loss: 0.789
[21,   360] loss: 0.789
[21,   370] loss: 0.760
[21,   380] loss: 0.808
[21,   390] loss: 0.808
[21,   400] loss: 0.810
VALIDATION loss: 0.8117101788520813
[22,    10] loss: 0.848
[22,    20] loss: 0.735
[22,    30] loss: 0.831
[22,    40] loss: 0.785
[22,    50] loss: 0.798
[22,    60] loss: 0.760
[22,    70] loss: 0.797
[22,    80] loss: 0.805
[22,    90] loss: 0.803
[22,   100] loss: 0.781
[22,   110] loss: 0.801
[22,   120] loss: 0.834
[22,   130] loss: 0.789
[22,   140] loss: 0.783
[22,   150] loss: 0.769
[22,   160] loss: 0.767
[22,   170] loss: 0.812
[22,   180] loss: 0.822
[22,   190] loss: 0.825
[22,   200] loss: 0.766
[22,   210] loss: 0.793
[22,   220] loss: 0.687
[22,   230] loss: 0.787
[22,   240] loss: 0.762
[22,   250] loss: 0.731
[22,   260] loss: 0.721
[22,   270] loss: 0.747
[22,   280] loss: 0.791
[22,   290] loss: 0.779
[22,   300] loss: 0.765
[22,   310] loss: 0.781
[22,   320] loss: 0.721
[22,   330] loss: 0.758
[22,   340] loss: 0.803
[22,   350] loss: 0.762
[22,   360] loss: 0.808
[22,   370] loss: 0.730
[22,   380] loss: 0.824
[22,   390] loss: 0.793
[22,   400] loss: 0.766
VALIDATION loss: 0.7495558261871338
[23,    10] loss: 0.758
[23,    20] loss: 0.769
[23,    30] loss: 0.756
[23,    40] loss: 0.782
[23,    50] loss: 0.803
[23,    60] loss: 0.753
[23,    70] loss: 0.762
[23,    80] loss: 0.763
[23,    90] loss: 0.749
[23,   100] loss: 0.825
[23,   110] loss: 0.747
[23,   120] loss: 0.815
[23,   130] loss: 0.781
[23,   140] loss: 0.728
[23,   150] loss: 0.730
[23,   160] loss: 0.770
[23,   170] loss: 0.769
[23,   180] loss: 0.831
[23,   190] loss: 0.757
[23,   200] loss: 0.687
[23,   210] loss: 0.729
[23,   220] loss: 0.725
[23,   230] loss: 0.724
[23,   240] loss: 0.778
[23,   250] loss: 0.832
[23,   260] loss: 0.677
[23,   270] loss: 0.730
[23,   280] loss: 0.839
[23,   290] loss: 0.759
[23,   300] loss: 0.810
[23,   310] loss: 0.784
[23,   320] loss: 0.763
[23,   330] loss: 0.713
[23,   340] loss: 0.734
[23,   350] loss: 0.738
[23,   360] loss: 0.799
[23,   370] loss: 0.744
[23,   380] loss: 0.688
[23,   390] loss: 0.754
[23,   400] loss: 0.761
VALIDATION loss: 0.7326368093490601
[24,    10] loss: 0.743
[24,    20] loss: 0.745
[24,    30] loss: 0.711
[24,    40] loss: 0.760
[24,    50] loss: 0.705
[24,    60] loss: 0.772
[24,    70] loss: 0.732
[24,    80] loss: 0.782
[24,    90] loss: 0.769
[24,   100] loss: 0.766
[24,   110] loss: 0.728
[24,   120] loss: 0.756
[24,   130] loss: 0.697
[24,   140] loss: 0.768
[24,   150] loss: 0.795
[24,   160] loss: 0.854
[24,   170] loss: 0.758
[24,   180] loss: 0.744
[24,   190] loss: 0.760
[24,   200] loss: 0.720
[24,   210] loss: 0.733
[24,   220] loss: 0.743
[24,   230] loss: 0.736
[24,   240] loss: 0.794
[24,   250] loss: 0.796
[24,   260] loss: 0.769
[24,   270] loss: 0.741
[24,   280] loss: 0.694
[24,   290] loss: 0.743
[24,   300] loss: 0.727
[24,   310] loss: 0.710
[24,   320] loss: 0.691
[24,   330] loss: 0.724
[24,   340] loss: 0.731
[24,   350] loss: 0.697
[24,   360] loss: 0.720
[24,   370] loss: 0.686
[24,   380] loss: 0.766
[24,   390] loss: 0.790
[24,   400] loss: 0.726
VALIDATION loss: 0.6884047389030457
[25,    10] loss: 0.709
[25,    20] loss: 0.668
[25,    30] loss: 0.763
[25,    40] loss: 0.728
[25,    50] loss: 0.761
[25,    60] loss: 0.747
[25,    70] loss: 0.723
[25,    80] loss: 0.742
[25,    90] loss: 0.721
[25,   100] loss: 0.734
[25,   110] loss: 0.761
[25,   120] loss: 0.759
[25,   130] loss: 0.704
[25,   140] loss: 0.715
[25,   150] loss: 0.694
[25,   160] loss: 0.710
[25,   170] loss: 0.748
[25,   180] loss: 0.739
[25,   190] loss: 0.733
[25,   200] loss: 0.694
[25,   210] loss: 0.737
[25,   220] loss: 0.764
[25,   230] loss: 0.773
[25,   240] loss: 0.724
[25,   250] loss: 0.663
[25,   260] loss: 0.683
[25,   270] loss: 0.732
[25,   280] loss: 0.757
[25,   290] loss: 0.705
[25,   300] loss: 0.709
[25,   310] loss: 0.739
[25,   320] loss: 0.703
[25,   330] loss: 0.729
[25,   340] loss: 0.791
[25,   350] loss: 0.739
[25,   360] loss: 0.759
[25,   370] loss: 0.751
[25,   380] loss: 0.702
[25,   390] loss: 0.755
[25,   400] loss: 0.649
VALIDATION loss: 0.6766749024391174
[26,    10] loss: 0.715
[26,    20] loss: 0.716
[26,    30] loss: 0.710
[26,    40] loss: 0.707
[26,    50] loss: 0.720
[26,    60] loss: 0.689
[26,    70] loss: 0.681
[26,    80] loss: 0.716
[26,    90] loss: 0.737
[26,   100] loss: 0.679
[26,   110] loss: 0.725
[26,   120] loss: 0.707
[26,   130] loss: 0.704
[26,   140] loss: 0.712
[26,   150] loss: 0.682
[26,   160] loss: 0.820
[26,   170] loss: 0.738
[26,   180] loss: 0.689
[26,   190] loss: 0.667
[26,   200] loss: 0.762
[26,   210] loss: 0.675
[26,   220] loss: 0.762
[26,   230] loss: 0.754
[26,   240] loss: 0.638
[26,   250] loss: 0.694
[26,   260] loss: 0.719
[26,   270] loss: 0.701
[26,   280] loss: 0.720
[26,   290] loss: 0.670
[26,   300] loss: 0.701
[26,   310] loss: 0.814
[26,   320] loss: 0.713
[26,   330] loss: 0.698
[26,   340] loss: 0.729
[26,   350] loss: 0.694
[26,   360] loss: 0.703
[26,   370] loss: 0.688
[26,   380] loss: 0.708
[26,   390] loss: 0.734
[26,   400] loss: 0.736
VALIDATION loss: 0.7003383636474609
[27,    10] loss: 0.717
[27,    20] loss: 0.737
[27,    30] loss: 0.639
[27,    40] loss: 0.702
[27,    50] loss: 0.666
[27,    60] loss: 0.783
[27,    70] loss: 0.704
[27,    80] loss: 0.703
[27,    90] loss: 0.652
[27,   100] loss: 0.630
[27,   110] loss: 0.730
[27,   120] loss: 0.665
[27,   130] loss: 0.681
[27,   140] loss: 0.698
[27,   150] loss: 0.662
[27,   160] loss: 0.684
[27,   170] loss: 0.650
[27,   180] loss: 0.683
[27,   190] loss: 0.655
[27,   200] loss: 0.638
[27,   210] loss: 0.704
[27,   220] loss: 0.726
[27,   230] loss: 0.722
[27,   240] loss: 0.683
[27,   250] loss: 0.663
[27,   260] loss: 0.690
[27,   270] loss: 0.762
[27,   280] loss: 0.664
[27,   290] loss: 0.686
[27,   300] loss: 0.701
[27,   310] loss: 0.639
[27,   320] loss: 0.646
[27,   330] loss: 0.692
[27,   340] loss: 0.724
[27,   350] loss: 0.714
[27,   360] loss: 0.627
[27,   370] loss: 0.753
[27,   380] loss: 0.757
[27,   390] loss: 0.738
[27,   400] loss: 0.671
VALIDATION loss: 0.7224845886230469
[28,    10] loss: 0.694
[28,    20] loss: 0.687
[28,    30] loss: 0.654
[28,    40] loss: 0.705
[28,    50] loss: 0.692
[28,    60] loss: 0.723
[28,    70] loss: 0.680
[28,    80] loss: 0.652
[28,    90] loss: 0.684
[28,   100] loss: 0.616
[28,   110] loss: 0.674
[28,   120] loss: 0.686
[28,   130] loss: 0.707
[28,   140] loss: 0.663
[28,   150] loss: 0.741
[28,   160] loss: 0.653
[28,   170] loss: 0.703
[28,   180] loss: 0.630
[28,   190] loss: 0.692
[28,   200] loss: 0.666
[28,   210] loss: 0.715
[28,   220] loss: 0.643
[28,   230] loss: 0.704
[28,   240] loss: 0.598
[28,   250] loss: 0.695
[28,   260] loss: 0.689
[28,   270] loss: 0.648
[28,   280] loss: 0.686
[28,   290] loss: 0.688
[28,   300] loss: 0.630
[28,   310] loss: 0.696
[28,   320] loss: 0.654
[28,   330] loss: 0.682
[28,   340] loss: 0.698
[28,   350] loss: 0.676
[28,   360] loss: 0.660
[28,   370] loss: 0.699
[28,   380] loss: 0.721
[28,   390] loss: 0.637
[28,   400] loss: 0.707
VALIDATION loss: 0.6361194252967834
[29,    10] loss: 0.703
[29,    20] loss: 0.672
[29,    30] loss: 0.705
[29,    40] loss: 0.718
[29,    50] loss: 0.630
[29,    60] loss: 0.657
[29,    70] loss: 0.735
[29,    80] loss: 0.692
[29,    90] loss: 0.632
[29,   100] loss: 0.658
[29,   110] loss: 0.700
[29,   120] loss: 0.613
[29,   130] loss: 0.702
[29,   140] loss: 0.690
[29,   150] loss: 0.665
[29,   160] loss: 0.651
[29,   170] loss: 0.633
[29,   180] loss: 0.735
[29,   190] loss: 0.675
[29,   200] loss: 0.684
[29,   210] loss: 0.653
[29,   220] loss: 0.641
[29,   230] loss: 0.684
[29,   240] loss: 0.640
[29,   250] loss: 0.587
[29,   260] loss: 0.649
[29,   270] loss: 0.645
[29,   280] loss: 0.657
[29,   290] loss: 0.695
[29,   300] loss: 0.697
[29,   310] loss: 0.646
[29,   320] loss: 0.626
[29,   330] loss: 0.629
[29,   340] loss: 0.680
[29,   350] loss: 0.639
[29,   360] loss: 0.588
[29,   370] loss: 0.672
[29,   380] loss: 0.694
[29,   390] loss: 0.693
[29,   400] loss: 0.726
VALIDATION loss: 0.6249774098396301
[30,    10] loss: 0.717
[30,    20] loss: 0.733
[30,    30] loss: 0.663
[30,    40] loss: 0.656
[30,    50] loss: 0.600
[30,    60] loss: 0.652
[30,    70] loss: 0.681
[30,    80] loss: 0.652
[30,    90] loss: 0.652
[30,   100] loss: 0.673
[30,   110] loss: 0.640
[30,   120] loss: 0.669
[30,   130] loss: 0.644
[30,   140] loss: 0.644
[30,   150] loss: 0.643
[30,   160] loss: 0.709
[30,   170] loss: 0.734
[30,   180] loss: 0.661
[30,   190] loss: 0.662
[30,   200] loss: 0.622
[30,   210] loss: 0.605
[30,   220] loss: 0.615
[30,   230] loss: 0.650
[30,   240] loss: 0.599
[30,   250] loss: 0.658
[30,   260] loss: 0.655
[30,   270] loss: 0.668
[30,   280] loss: 0.613
[30,   290] loss: 0.681
[30,   300] loss: 0.657
[30,   310] loss: 0.654
[30,   320] loss: 0.665
[30,   330] loss: 0.630
[30,   340] loss: 0.600
[30,   350] loss: 0.659
[30,   360] loss: 0.606
[30,   370] loss: 0.630
[30,   380] loss: 0.726
[30,   390] loss: 0.653
[30,   400] loss: 0.635
VALIDATION loss: 0.6056481003761292
[31,    10] loss: 0.621
[31,    20] loss: 0.678
[31,    30] loss: 0.652
[31,    40] loss: 0.647
[31,    50] loss: 0.687
[31,    60] loss: 0.664
[31,    70] loss: 0.663
[31,    80] loss: 0.610
[31,    90] loss: 0.595
[31,   100] loss: 0.623
[31,   110] loss: 0.617
[31,   120] loss: 0.679
[31,   130] loss: 0.690
[31,   140] loss: 0.675
[31,   150] loss: 0.575
[31,   160] loss: 0.691
[31,   170] loss: 0.686
[31,   180] loss: 0.613
[31,   190] loss: 0.641
[31,   200] loss: 0.624
[31,   210] loss: 0.602
[31,   220] loss: 0.684
[31,   230] loss: 0.598
[31,   240] loss: 0.694
[31,   250] loss: 0.597
[31,   260] loss: 0.629
[31,   270] loss: 0.628
[31,   280] loss: 0.647
[31,   290] loss: 0.624
[31,   300] loss: 0.644
[31,   310] loss: 0.687
[31,   320] loss: 0.657
[31,   330] loss: 0.654
[31,   340] loss: 0.608
[31,   350] loss: 0.589
[31,   360] loss: 0.639
[31,   370] loss: 0.601
[31,   380] loss: 0.660
[31,   390] loss: 0.661
[31,   400] loss: 0.630
VALIDATION loss: 0.6434882879257202
[32,    10] loss: 0.679
[32,    20] loss: 0.594
[32,    30] loss: 0.618
[32,    40] loss: 0.563
[32,    50] loss: 0.551
[32,    60] loss: 0.622
[32,    70] loss: 0.660
[32,    80] loss: 0.586
[32,    90] loss: 0.611
[32,   100] loss: 0.617
[32,   110] loss: 0.622
[32,   120] loss: 0.599
[32,   130] loss: 0.572
[32,   140] loss: 0.612
[32,   150] loss: 0.614
[32,   160] loss: 0.672
[32,   170] loss: 0.635
[32,   180] loss: 0.610
[32,   190] loss: 0.618
[32,   200] loss: 0.640
[32,   210] loss: 0.625
[32,   220] loss: 0.680
[32,   230] loss: 0.651
[32,   240] loss: 0.615
[32,   250] loss: 0.644
[32,   260] loss: 0.605
[32,   270] loss: 0.620
[32,   280] loss: 0.573
[32,   290] loss: 0.654
[32,   300] loss: 0.663
[32,   310] loss: 0.655
[32,   320] loss: 0.639
[32,   330] loss: 0.581
[32,   340] loss: 0.583
[32,   350] loss: 0.603
[32,   360] loss: 0.662
[32,   370] loss: 0.693
[32,   380] loss: 0.633
[32,   390] loss: 0.670
[32,   400] loss: 0.626
VALIDATION loss: 0.5902760028839111
[33,    10] loss: 0.557
[33,    20] loss: 0.564
[33,    30] loss: 0.624
[33,    40] loss: 0.648
[33,    50] loss: 0.617
[33,    60] loss: 0.598
[33,    70] loss: 0.663
[33,    80] loss: 0.630
[33,    90] loss: 0.653
[33,   100] loss: 0.600
[33,   110] loss: 0.663
[33,   120] loss: 0.620
[33,   130] loss: 0.644
[33,   140] loss: 0.591
[33,   150] loss: 0.677
[33,   160] loss: 0.607
[33,   170] loss: 0.587
[33,   180] loss: 0.653
[33,   190] loss: 0.633
[33,   200] loss: 0.601
[33,   210] loss: 0.614
[33,   220] loss: 0.600
[33,   230] loss: 0.585
[33,   240] loss: 0.625
[33,   250] loss: 0.608
[33,   260] loss: 0.661
[33,   270] loss: 0.591
[33,   280] loss: 0.632
[33,   290] loss: 0.634
[33,   300] loss: 0.662
[33,   310] loss: 0.628
[33,   320] loss: 0.599
[33,   330] loss: 0.600
[33,   340] loss: 0.561
[33,   350] loss: 0.618
[33,   360] loss: 0.647
[33,   370] loss: 0.649
[33,   380] loss: 0.586
[33,   390] loss: 0.570
[33,   400] loss: 0.599
VALIDATION loss: 0.5949697494506836
[34,    10] loss: 0.564
[34,    20] loss: 0.551
[34,    30] loss: 0.617
[34,    40] loss: 0.609
[34,    50] loss: 0.612
[34,    60] loss: 0.613
[34,    70] loss: 0.610
[34,    80] loss: 0.635
[34,    90] loss: 0.592
[34,   100] loss: 0.616
[34,   110] loss: 0.573
[34,   120] loss: 0.609
[34,   130] loss: 0.727
[34,   140] loss: 0.561
[34,   150] loss: 0.578
[34,   160] loss: 0.631
[34,   170] loss: 0.645
[34,   180] loss: 0.619
[34,   190] loss: 0.601
[34,   200] loss: 0.615
[34,   210] loss: 0.598
[34,   220] loss: 0.595
[34,   230] loss: 0.611
[34,   240] loss: 0.551
[34,   250] loss: 0.634
[34,   260] loss: 0.572
[34,   270] loss: 0.634
[34,   280] loss: 0.586
[34,   290] loss: 0.579
[34,   300] loss: 0.616
[34,   310] loss: 0.612
[34,   320] loss: 0.595
[34,   330] loss: 0.586
[34,   340] loss: 0.556
[34,   350] loss: 0.619
[34,   360] loss: 0.607
[34,   370] loss: 0.574
[34,   380] loss: 0.585
[34,   390] loss: 0.632
[34,   400] loss: 0.614
VALIDATION loss: 0.7226022481918335
[35,    10] loss: 0.649
[35,    20] loss: 0.644
[35,    30] loss: 0.650
[35,    40] loss: 0.598
[35,    50] loss: 0.674
[35,    60] loss: 0.589
[35,    70] loss: 0.616
[35,    80] loss: 0.647
[35,    90] loss: 0.603
[35,   100] loss: 0.615
[35,   110] loss: 0.556
[35,   120] loss: 0.604
[35,   130] loss: 0.560
[35,   140] loss: 0.571
[35,   150] loss: 0.655
[35,   160] loss: 0.537
[35,   170] loss: 0.572
[35,   180] loss: 0.635
[35,   190] loss: 0.653
[35,   200] loss: 0.580
[35,   210] loss: 0.602
[35,   220] loss: 0.553
[35,   230] loss: 0.614
[35,   240] loss: 0.583
[35,   250] loss: 0.526
[35,   260] loss: 0.575
[35,   270] loss: 0.596
[35,   280] loss: 0.589
[35,   290] loss: 0.619
[35,   300] loss: 0.585
[35,   310] loss: 0.572
[35,   320] loss: 0.693
[35,   330] loss: 0.588
[35,   340] loss: 0.585
[35,   350] loss: 0.556
[35,   360] loss: 0.610
[35,   370] loss: 0.567
[35,   380] loss: 0.567
[35,   390] loss: 0.642
[35,   400] loss: 0.630
VALIDATION loss: 0.582549512386322
[36,    10] loss: 0.622
[36,    20] loss: 0.511
[36,    30] loss: 0.569
[36,    40] loss: 0.600
[36,    50] loss: 0.589
[36,    60] loss: 0.609
[36,    70] loss: 0.603
[36,    80] loss: 0.587
[36,    90] loss: 0.609
[36,   100] loss: 0.588
[36,   110] loss: 0.641
[36,   120] loss: 0.639
[36,   130] loss: 0.564
[36,   140] loss: 0.564
[36,   150] loss: 0.559
[36,   160] loss: 0.587
[36,   170] loss: 0.591
[36,   180] loss: 0.633
[36,   190] loss: 0.594
[36,   200] loss: 0.550
[36,   210] loss: 0.555
[36,   220] loss: 0.596
[36,   230] loss: 0.531
[36,   240] loss: 0.583
[36,   250] loss: 0.596
[36,   260] loss: 0.590
[36,   270] loss: 0.598
[36,   280] loss: 0.579
[36,   290] loss: 0.593
[36,   300] loss: 0.615
[36,   310] loss: 0.573
[36,   320] loss: 0.512
[36,   330] loss: 0.581
[36,   340] loss: 0.614
[36,   350] loss: 0.539
[36,   360] loss: 0.605
[36,   370] loss: 0.585
[36,   380] loss: 0.615
[36,   390] loss: 0.579
[36,   400] loss: 0.605
VALIDATION loss: 0.5393218994140625
[37,    10] loss: 0.603
[37,    20] loss: 0.568
[37,    30] loss: 0.597
[37,    40] loss: 0.549
[37,    50] loss: 0.574
[37,    60] loss: 0.490
[37,    70] loss: 0.588
[37,    80] loss: 0.573
[37,    90] loss: 0.586
[37,   100] loss: 0.629
[37,   110] loss: 0.609
[37,   120] loss: 0.565
[37,   130] loss: 0.629
[37,   140] loss: 0.553
[37,   150] loss: 0.559
[37,   160] loss: 0.576
[37,   170] loss: 0.573
[37,   180] loss: 0.584
[37,   190] loss: 0.639
[37,   200] loss: 0.623
[37,   210] loss: 0.605
[37,   220] loss: 0.552
[37,   230] loss: 0.539
[37,   240] loss: 0.480
[37,   250] loss: 0.563
[37,   260] loss: 0.557
[37,   270] loss: 0.546
[37,   280] loss: 0.591
[37,   290] loss: 0.515
[37,   300] loss: 0.556
[37,   310] loss: 0.568
[37,   320] loss: 0.581
[37,   330] loss: 0.542
[37,   340] loss: 0.589
[37,   350] loss: 0.532
[37,   360] loss: 0.630
[37,   370] loss: 0.612
[37,   380] loss: 0.562
[37,   390] loss: 0.560
[37,   400] loss: 0.595
VALIDATION loss: 0.5418065190315247
[38,    10] loss: 0.606
[38,    20] loss: 0.626
[38,    30] loss: 0.557
[38,    40] loss: 0.530
[38,    50] loss: 0.584
[38,    60] loss: 0.523
[38,    70] loss: 0.566
[38,    80] loss: 0.537
[38,    90] loss: 0.590
[38,   100] loss: 0.544
[38,   110] loss: 0.552
[38,   120] loss: 0.593
[38,   130] loss: 0.553
[38,   140] loss: 0.524
[38,   150] loss: 0.535
[38,   160] loss: 0.551
[38,   170] loss: 0.565
[38,   180] loss: 0.600
[38,   190] loss: 0.613
[38,   200] loss: 0.524
[38,   210] loss: 0.579
[38,   220] loss: 0.589
[38,   230] loss: 0.620
[38,   240] loss: 0.571
[38,   250] loss: 0.541
[38,   260] loss: 0.517
[38,   270] loss: 0.600
[38,   280] loss: 0.580
[38,   290] loss: 0.586
[38,   300] loss: 0.573
[38,   310] loss: 0.558
[38,   320] loss: 0.555
[38,   330] loss: 0.558
[38,   340] loss: 0.480
[38,   350] loss: 0.535
[38,   360] loss: 0.526
[38,   370] loss: 0.578
[38,   380] loss: 0.560
[38,   390] loss: 0.537
[38,   400] loss: 0.569
VALIDATION loss: 0.5062163472175598
[39,    10] loss: 0.509
[39,    20] loss: 0.499
[39,    30] loss: 0.582
[39,    40] loss: 0.575
[39,    50] loss: 0.575
[39,    60] loss: 0.546
[39,    70] loss: 0.520
[39,    80] loss: 0.588
[39,    90] loss: 0.547
[39,   100] loss: 0.549
[39,   110] loss: 0.540
[39,   120] loss: 0.553
[39,   130] loss: 0.554
[39,   140] loss: 0.552
[39,   150] loss: 0.569
[39,   160] loss: 0.511
[39,   170] loss: 0.550
[39,   180] loss: 0.560
[39,   190] loss: 0.511
[39,   200] loss: 0.597
[39,   210] loss: 0.545
[39,   220] loss: 0.594
[39,   230] loss: 0.644
[39,   240] loss: 0.529
[39,   250] loss: 0.589
[39,   260] loss: 0.488
[39,   270] loss: 0.545
[39,   280] loss: 0.521
[39,   290] loss: 0.532
[39,   300] loss: 0.609
[39,   310] loss: 0.519
[39,   320] loss: 0.539
[39,   330] loss: 0.522
[39,   340] loss: 0.585
[39,   350] loss: 0.534
[39,   360] loss: 0.528
[39,   370] loss: 0.580
[39,   380] loss: 0.542
[39,   390] loss: 0.511
[39,   400] loss: 0.542
VALIDATION loss: 0.5370835065841675
[40,    10] loss: 0.562
[40,    20] loss: 0.556
[40,    30] loss: 0.531
[40,    40] loss: 0.523
[40,    50] loss: 0.549
[40,    60] loss: 0.560
[40,    70] loss: 0.528
[40,    80] loss: 0.548
[40,    90] loss: 0.536
[40,   100] loss: 0.628
[40,   110] loss: 0.530
[40,   120] loss: 0.579
[40,   130] loss: 0.510
[40,   140] loss: 0.539
[40,   150] loss: 0.492
[40,   160] loss: 0.574
[40,   170] loss: 0.574
[40,   180] loss: 0.552
[40,   190] loss: 0.476
[40,   200] loss: 0.523
[40,   210] loss: 0.572
[40,   220] loss: 0.530
[40,   230] loss: 0.539
[40,   240] loss: 0.505
[40,   250] loss: 0.581
[40,   260] loss: 0.557
[40,   270] loss: 0.570
[40,   280] loss: 0.540
[40,   290] loss: 0.562
[40,   300] loss: 0.517
[40,   310] loss: 0.575
[40,   320] loss: 0.512
[40,   330] loss: 0.469
[40,   340] loss: 0.492
[40,   350] loss: 0.525
[40,   360] loss: 0.481
[40,   370] loss: 0.493
[40,   380] loss: 0.560
[40,   390] loss: 0.508
[40,   400] loss: 0.594
VALIDATION loss: 0.5076303482055664
[41,    10] loss: 0.563
[41,    20] loss: 0.552
[41,    30] loss: 0.500
[41,    40] loss: 0.526
[41,    50] loss: 0.572
[41,    60] loss: 0.545
[41,    70] loss: 0.563
[41,    80] loss: 0.528
[41,    90] loss: 0.575
[41,   100] loss: 0.572
[41,   110] loss: 0.569
[41,   120] loss: 0.592
[41,   130] loss: 0.498
[41,   140] loss: 0.511
[41,   150] loss: 0.498
[41,   160] loss: 0.543
[41,   170] loss: 0.536
[41,   180] loss: 0.523
[41,   190] loss: 0.586
[41,   200] loss: 0.549
[41,   210] loss: 0.576
[41,   220] loss: 0.485
[41,   230] loss: 0.522
[41,   240] loss: 0.501
[41,   250] loss: 0.510
[41,   260] loss: 0.477
[41,   270] loss: 0.524
[41,   280] loss: 0.524
[41,   290] loss: 0.524
[41,   300] loss: 0.531
[41,   310] loss: 0.561
[41,   320] loss: 0.447
[41,   330] loss: 0.522
[41,   340] loss: 0.537
[41,   350] loss: 0.557
[41,   360] loss: 0.520
[41,   370] loss: 0.485
[41,   380] loss: 0.493
[41,   390] loss: 0.527
[41,   400] loss: 0.538
VALIDATION loss: 0.5134533643722534
[42,    10] loss: 0.557
[42,    20] loss: 0.501
[42,    30] loss: 0.541
[42,    40] loss: 0.500
[42,    50] loss: 0.525
[42,    60] loss: 0.484
[42,    70] loss: 0.541
[42,    80] loss: 0.528
[42,    90] loss: 0.508
[42,   100] loss: 0.500
[42,   110] loss: 0.486
[42,   120] loss: 0.572
[42,   130] loss: 0.526
[42,   140] loss: 0.570
[42,   150] loss: 0.641
[42,   160] loss: 0.533
[42,   170] loss: 0.522
[42,   180] loss: 0.528
[42,   190] loss: 0.491
[42,   200] loss: 0.547
[42,   210] loss: 0.538
[42,   220] loss: 0.489
[42,   230] loss: 0.587
[42,   240] loss: 0.548
[42,   250] loss: 0.484
[42,   260] loss: 0.516
[42,   270] loss: 0.506
[42,   280] loss: 0.557
[42,   290] loss: 0.520
[42,   300] loss: 0.488
[42,   310] loss: 0.529
[42,   320] loss: 0.502
[42,   330] loss: 0.480
[42,   340] loss: 0.551
[42,   350] loss: 0.492
[42,   360] loss: 0.468
[42,   370] loss: 0.530
[42,   380] loss: 0.527
[42,   390] loss: 0.562
[42,   400] loss: 0.561
VALIDATION loss: 0.4816165864467621
[43,    10] loss: 0.553
[43,    20] loss: 0.475
[43,    30] loss: 0.476
[43,    40] loss: 0.535
[43,    50] loss: 0.486
[43,    60] loss: 0.492
[43,    70] loss: 0.539
[43,    80] loss: 0.524
[43,    90] loss: 0.513
[43,   100] loss: 0.464
[43,   110] loss: 0.527
[43,   120] loss: 0.525
[43,   130] loss: 0.569
[43,   140] loss: 0.478
[43,   150] loss: 0.570
[43,   160] loss: 0.552
[43,   170] loss: 0.472
[43,   180] loss: 0.463
[43,   190] loss: 0.541
[43,   200] loss: 0.547
[43,   210] loss: 0.507
[43,   220] loss: 0.574
[43,   230] loss: 0.546
[43,   240] loss: 0.461
[43,   250] loss: 0.523
[43,   260] loss: 0.591
[43,   270] loss: 0.502
[43,   280] loss: 0.532
[43,   290] loss: 0.506
[43,   300] loss: 0.531
[43,   310] loss: 0.569
[43,   320] loss: 0.474
[43,   330] loss: 0.504
[43,   340] loss: 0.511
[43,   350] loss: 0.488
[43,   360] loss: 0.478
[43,   370] loss: 0.499
[43,   380] loss: 0.487
[43,   390] loss: 0.510
[43,   400] loss: 0.474
VALIDATION loss: 0.5460821390151978
[44,    10] loss: 0.460
[44,    20] loss: 0.516
[44,    30] loss: 0.523
[44,    40] loss: 0.510
[44,    50] loss: 0.536
[44,    60] loss: 0.483
[44,    70] loss: 0.497
[44,    80] loss: 0.507
[44,    90] loss: 0.591
[44,   100] loss: 0.475
[44,   110] loss: 0.557
[44,   120] loss: 0.491
[44,   130] loss: 0.521
[44,   140] loss: 0.454
[44,   150] loss: 0.537
[44,   160] loss: 0.475
[44,   170] loss: 0.512
[44,   180] loss: 0.528
[44,   190] loss: 0.518
[44,   200] loss: 0.498
[44,   210] loss: 0.477
[44,   220] loss: 0.467
[44,   230] loss: 0.515
[44,   240] loss: 0.479
[44,   250] loss: 0.486
[44,   260] loss: 0.518
[44,   270] loss: 0.523
[44,   280] loss: 0.500
[44,   290] loss: 0.484
[44,   300] loss: 0.505
[44,   310] loss: 0.516
[44,   320] loss: 0.525
[44,   330] loss: 0.473
[44,   340] loss: 0.558
[44,   350] loss: 0.478
[44,   360] loss: 0.573
[44,   370] loss: 0.536
[44,   380] loss: 0.478
[44,   390] loss: 0.580
[44,   400] loss: 0.494
VALIDATION loss: 0.49938541650772095
[45,    10] loss: 0.516
[45,    20] loss: 0.526
[45,    30] loss: 0.511
[45,    40] loss: 0.464
[45,    50] loss: 0.501
[45,    60] loss: 0.509
[45,    70] loss: 0.492
[45,    80] loss: 0.496
[45,    90] loss: 0.529
[45,   100] loss: 0.490
[45,   110] loss: 0.481
[45,   120] loss: 0.475
[45,   130] loss: 0.476
[45,   140] loss: 0.530
[45,   150] loss: 0.513
[45,   160] loss: 0.520
[45,   170] loss: 0.469
[45,   180] loss: 0.551
[45,   190] loss: 0.468
[45,   200] loss: 0.511
[45,   210] loss: 0.461
[45,   220] loss: 0.520
[45,   230] loss: 0.502
[45,   240] loss: 0.530
[45,   250] loss: 0.466
[45,   260] loss: 0.494
[45,   270] loss: 0.487
[45,   280] loss: 0.510
[45,   290] loss: 0.515
[45,   300] loss: 0.485
[45,   310] loss: 0.498
[45,   320] loss: 0.469
[45,   330] loss: 0.508
[45,   340] loss: 0.543
[45,   350] loss: 0.491
[45,   360] loss: 0.458
[45,   370] loss: 0.503
[45,   380] loss: 0.538
[45,   390] loss: 0.539
[45,   400] loss: 0.507
VALIDATION loss: 0.47687050700187683
[46,    10] loss: 0.474
[46,    20] loss: 0.491
[46,    30] loss: 0.565
[46,    40] loss: 0.497
[46,    50] loss: 0.514
[46,    60] loss: 0.496
[46,    70] loss: 0.531
[46,    80] loss: 0.477
[46,    90] loss: 0.514
[46,   100] loss: 0.485
[46,   110] loss: 0.458
[46,   120] loss: 0.502
[46,   130] loss: 0.431
[46,   140] loss: 0.528
[46,   150] loss: 0.494
[46,   160] loss: 0.517
[46,   170] loss: 0.462
[46,   180] loss: 0.524
[46,   190] loss: 0.444
[46,   200] loss: 0.473
[46,   210] loss: 0.428
[46,   220] loss: 0.514
[46,   230] loss: 0.537
[46,   240] loss: 0.509
[46,   250] loss: 0.520
[46,   260] loss: 0.523
[46,   270] loss: 0.483
[46,   280] loss: 0.504
[46,   290] loss: 0.482
[46,   300] loss: 0.541
[46,   310] loss: 0.454
[46,   320] loss: 0.495
[46,   330] loss: 0.496
[46,   340] loss: 0.459
[46,   350] loss: 0.490
[46,   360] loss: 0.437
[46,   370] loss: 0.499
[46,   380] loss: 0.513
[46,   390] loss: 0.493
[46,   400] loss: 0.498
VALIDATION loss: 0.4501483142375946
[47,    10] loss: 0.450
[47,    20] loss: 0.484
[47,    30] loss: 0.473
[47,    40] loss: 0.453
[47,    50] loss: 0.500
[47,    60] loss: 0.489
[47,    70] loss: 0.495
[47,    80] loss: 0.473
[47,    90] loss: 0.492
[47,   100] loss: 0.515
[47,   110] loss: 0.473
[47,   120] loss: 0.443
[47,   130] loss: 0.497
[47,   140] loss: 0.485
[47,   150] loss: 0.525
[47,   160] loss: 0.475
[47,   170] loss: 0.505
[47,   180] loss: 0.481
[47,   190] loss: 0.501
[47,   200] loss: 0.478
[47,   210] loss: 0.454
[47,   220] loss: 0.470
[47,   230] loss: 0.506
[47,   240] loss: 0.463
[47,   250] loss: 0.486
[47,   260] loss: 0.455
[47,   270] loss: 0.486
[47,   280] loss: 0.465
[47,   290] loss: 0.438
[47,   300] loss: 0.474
[47,   310] loss: 0.476
[47,   320] loss: 0.481
[47,   330] loss: 0.430
[47,   340] loss: 0.523
[47,   350] loss: 0.499
[47,   360] loss: 0.468
[47,   370] loss: 0.488
[47,   380] loss: 0.485
[47,   390] loss: 0.538
[47,   400] loss: 0.457
VALIDATION loss: 0.45789262652397156
[48,    10] loss: 0.505
[48,    20] loss: 0.431
[48,    30] loss: 0.462
[48,    40] loss: 0.513
[48,    50] loss: 0.439
[48,    60] loss: 0.497
[48,    70] loss: 0.457
[48,    80] loss: 0.449
[48,    90] loss: 0.481
[48,   100] loss: 0.456
[48,   110] loss: 0.484
[48,   120] loss: 0.480
[48,   130] loss: 0.500
[48,   140] loss: 0.478
[48,   150] loss: 0.502
[48,   160] loss: 0.450
[48,   170] loss: 0.416
[48,   180] loss: 0.446
[48,   190] loss: 0.497
[48,   200] loss: 0.461
[48,   210] loss: 0.474
[48,   220] loss: 0.495
[48,   230] loss: 0.495
[48,   240] loss: 0.532
[48,   250] loss: 0.530
[48,   260] loss: 0.504
[48,   270] loss: 0.471
[48,   280] loss: 0.437
[48,   290] loss: 0.459
[48,   300] loss: 0.451
[48,   310] loss: 0.468
[48,   320] loss: 0.474
[48,   330] loss: 0.494
[48,   340] loss: 0.432
[48,   350] loss: 0.462
[48,   360] loss: 0.454
[48,   370] loss: 0.469
[48,   380] loss: 0.499
[48,   390] loss: 0.449
[48,   400] loss: 0.490
VALIDATION loss: 0.5908830165863037
[49,    10] loss: 0.491
[49,    20] loss: 0.461
[49,    30] loss: 0.481
[49,    40] loss: 0.490
[49,    50] loss: 0.505
[49,    60] loss: 0.501
[49,    70] loss: 0.469
[49,    80] loss: 0.470
[49,    90] loss: 0.453
[49,   100] loss: 0.477
[49,   110] loss: 0.464
[49,   120] loss: 0.409
[49,   130] loss: 0.469
[49,   140] loss: 0.533
[49,   150] loss: 0.438
[49,   160] loss: 0.465
[49,   170] loss: 0.425
[49,   180] loss: 0.484
[49,   190] loss: 0.490
[49,   200] loss: 0.448
[49,   210] loss: 0.478
[49,   220] loss: 0.498
[49,   230] loss: 0.472
[49,   240] loss: 0.492
[49,   250] loss: 0.438
[49,   260] loss: 0.429
[49,   270] loss: 0.470
[49,   280] loss: 0.441
[49,   290] loss: 0.478
[49,   300] loss: 0.505
[49,   310] loss: 0.440
[49,   320] loss: 0.489
[49,   330] loss: 0.444
[49,   340] loss: 0.490
[49,   350] loss: 0.405
[49,   360] loss: 0.462
[49,   370] loss: 0.463
[49,   380] loss: 0.495
[49,   390] loss: 0.412
[49,   400] loss: 0.478
VALIDATION loss: 0.4367002248764038
[50,    10] loss: 0.447
[50,    20] loss: 0.498
[50,    30] loss: 0.502
[50,    40] loss: 0.436
[50,    50] loss: 0.450
[50,    60] loss: 0.451
[50,    70] loss: 0.428
[50,    80] loss: 0.501
[50,    90] loss: 0.461
[50,   100] loss: 0.424
[50,   110] loss: 0.526
[50,   120] loss: 0.426
[50,   130] loss: 0.442
[50,   140] loss: 0.524
[50,   150] loss: 0.457
[50,   160] loss: 0.462
[50,   170] loss: 0.578
[50,   180] loss: 0.433
[50,   190] loss: 0.473
[50,   200] loss: 0.457
[50,   210] loss: 0.549
[50,   220] loss: 0.462
[50,   230] loss: 0.489
[50,   240] loss: 0.491
[50,   250] loss: 0.405
[50,   260] loss: 0.398
[50,   270] loss: 0.491
[50,   280] loss: 0.463
[50,   290] loss: 0.450
[50,   300] loss: 0.438
[50,   310] loss: 0.475
[50,   320] loss: 0.509
[50,   330] loss: 0.444
[50,   340] loss: 0.465
[50,   350] loss: 0.402
[50,   360] loss: 0.466
[50,   370] loss: 0.432
[50,   380] loss: 0.453
[50,   390] loss: 0.470
[50,   400] loss: 0.436
VALIDATION loss: 0.41949206590652466
[51,    10] loss: 0.371
[51,    20] loss: 0.451
[51,    30] loss: 0.422
[51,    40] loss: 0.476
[51,    50] loss: 0.456
[51,    60] loss: 0.471
[51,    70] loss: 0.466
[51,    80] loss: 0.453
[51,    90] loss: 0.467
[51,   100] loss: 0.491
[51,   110] loss: 0.442
[51,   120] loss: 0.526
[51,   130] loss: 0.466
[51,   140] loss: 0.410
[51,   150] loss: 0.400
[51,   160] loss: 0.459
[51,   170] loss: 0.419
[51,   180] loss: 0.454
[51,   190] loss: 0.457
[51,   200] loss: 0.436
[51,   210] loss: 0.455
[51,   220] loss: 0.456
[51,   230] loss: 0.442
[51,   240] loss: 0.442
[51,   250] loss: 0.459
[51,   260] loss: 0.445
[51,   270] loss: 0.517
[51,   280] loss: 0.538
[51,   290] loss: 0.425
[51,   300] loss: 0.434
[51,   310] loss: 0.483
[51,   320] loss: 0.430
[51,   330] loss: 0.432
[51,   340] loss: 0.448
[51,   350] loss: 0.435
[51,   360] loss: 0.480
[51,   370] loss: 0.446
[51,   380] loss: 0.499
[51,   390] loss: 0.443
[51,   400] loss: 0.414
VALIDATION loss: 0.6901414394378662
[52,    10] loss: 0.455
[52,    20] loss: 0.452
[52,    30] loss: 0.459
[52,    40] loss: 0.443
[52,    50] loss: 0.438
[52,    60] loss: 0.457
[52,    70] loss: 0.424
[52,    80] loss: 0.494
[52,    90] loss: 0.373
[52,   100] loss: 0.436
[52,   110] loss: 0.423
[52,   120] loss: 0.445
[52,   130] loss: 0.494
[52,   140] loss: 0.449
[52,   150] loss: 0.482
[52,   160] loss: 0.435
[52,   170] loss: 0.412
[52,   180] loss: 0.490
[52,   190] loss: 0.370
[52,   200] loss: 0.478
[52,   210] loss: 0.503
[52,   220] loss: 0.401
[52,   230] loss: 0.424
[52,   240] loss: 0.482
[52,   250] loss: 0.527
[52,   260] loss: 0.466
[52,   270] loss: 0.439
[52,   280] loss: 0.479
[52,   290] loss: 0.416
[52,   300] loss: 0.420
[52,   310] loss: 0.488
[52,   320] loss: 0.480
[52,   330] loss: 0.421
[52,   340] loss: 0.433
[52,   350] loss: 0.469
[52,   360] loss: 0.430
[52,   370] loss: 0.448
[52,   380] loss: 0.417
[52,   390] loss: 0.444
[52,   400] loss: 0.421
VALIDATION loss: 0.517213761806488
[53,    10] loss: 0.431
[53,    20] loss: 0.532
[53,    30] loss: 0.475
[53,    40] loss: 0.401
[53,    50] loss: 0.464
[53,    60] loss: 0.469
[53,    70] loss: 0.430
[53,    80] loss: 0.459
[53,    90] loss: 0.453
[53,   100] loss: 0.416
[53,   110] loss: 0.474
[53,   120] loss: 0.435
[53,   130] loss: 0.402
[53,   140] loss: 0.401
[53,   150] loss: 0.432
[53,   160] loss: 0.457
[53,   170] loss: 0.434
[53,   180] loss: 0.450
[53,   190] loss: 0.381
[53,   200] loss: 0.482
[53,   210] loss: 0.441
[53,   220] loss: 0.465
[53,   230] loss: 0.415
[53,   240] loss: 0.419
[53,   250] loss: 0.445
[53,   260] loss: 0.383
[53,   270] loss: 0.456
[53,   280] loss: 0.423
[53,   290] loss: 0.466
[53,   300] loss: 0.486
[53,   310] loss: 0.441
[53,   320] loss: 0.526
[53,   330] loss: 0.441
[53,   340] loss: 0.459
[53,   350] loss: 0.461
[53,   360] loss: 0.401
[53,   370] loss: 0.432
[53,   380] loss: 0.411
[53,   390] loss: 0.395
[53,   400] loss: 0.385
VALIDATION loss: 0.598994791507721
[54,    10] loss: 0.485
[54,    20] loss: 0.464
[54,    30] loss: 0.437
[54,    40] loss: 0.453
[54,    50] loss: 0.420
[54,    60] loss: 0.393
[54,    70] loss: 0.392
[54,    80] loss: 0.390
[54,    90] loss: 0.422
[54,   100] loss: 0.470
[54,   110] loss: 0.408
[54,   120] loss: 0.399
[54,   130] loss: 0.445
[54,   140] loss: 0.475
[54,   150] loss: 0.458
[54,   160] loss: 0.418
[54,   170] loss: 0.482
[54,   180] loss: 0.419
[54,   190] loss: 0.426
[54,   200] loss: 0.441
[54,   210] loss: 0.412
[54,   220] loss: 0.439
[54,   230] loss: 0.404
[54,   240] loss: 0.422
[54,   250] loss: 0.408
[54,   260] loss: 0.419
[54,   270] loss: 0.468
[54,   280] loss: 0.464
[54,   290] loss: 0.573
[54,   300] loss: 0.425
[54,   310] loss: 0.445
[54,   320] loss: 0.425
[54,   330] loss: 0.434
[54,   340] loss: 0.420
[54,   350] loss: 0.406
[54,   360] loss: 0.468
[54,   370] loss: 0.445
[54,   380] loss: 0.450
[54,   390] loss: 0.385
[54,   400] loss: 0.443
VALIDATION loss: 0.39548659324645996
[55,    10] loss: 0.430
[55,    20] loss: 0.449
[55,    30] loss: 0.430
[55,    40] loss: 0.410
[55,    50] loss: 0.438
[55,    60] loss: 0.453
[55,    70] loss: 0.417
[55,    80] loss: 0.416
[55,    90] loss: 0.398
[55,   100] loss: 0.400
[55,   110] loss: 0.440
[55,   120] loss: 0.441
[55,   130] loss: 0.455
[55,   140] loss: 0.407
[55,   150] loss: 0.445
[55,   160] loss: 0.430
[55,   170] loss: 0.416
[55,   180] loss: 0.423
[55,   190] loss: 0.439
[55,   200] loss: 0.433
[55,   210] loss: 0.438
[55,   220] loss: 0.428
[55,   230] loss: 0.467
[55,   240] loss: 0.410
[55,   250] loss: 0.464
[55,   260] loss: 0.406
[55,   270] loss: 0.398
[55,   280] loss: 0.451
[55,   290] loss: 0.452
[55,   300] loss: 0.414
[55,   310] loss: 0.416
[55,   320] loss: 0.408
[55,   330] loss: 0.389
[55,   340] loss: 0.487
[55,   350] loss: 0.417
[55,   360] loss: 0.416
[55,   370] loss: 0.437
[55,   380] loss: 0.463
[55,   390] loss: 0.527
[55,   400] loss: 0.432
VALIDATION loss: 0.4904469847679138
[56,    10] loss: 0.495
[56,    20] loss: 0.419
[56,    30] loss: 0.410
[56,    40] loss: 0.406
[56,    50] loss: 0.423
[56,    60] loss: 0.398
[56,    70] loss: 0.441
[56,    80] loss: 0.396
[56,    90] loss: 0.356
[56,   100] loss: 0.383
[56,   110] loss: 0.408
[56,   120] loss: 0.519
[56,   130] loss: 0.462
[56,   140] loss: 0.381
[56,   150] loss: 0.416
[56,   160] loss: 0.414
[56,   170] loss: 0.400
[56,   180] loss: 0.400
[56,   190] loss: 0.402
[56,   200] loss: 0.432
[56,   210] loss: 0.396
[56,   220] loss: 0.472
[56,   230] loss: 0.420
[56,   240] loss: 0.426
[56,   250] loss: 0.403
[56,   260] loss: 0.412
[56,   270] loss: 0.427
[56,   280] loss: 0.369
[56,   290] loss: 0.434
[56,   300] loss: 0.457
[56,   310] loss: 0.406
[56,   320] loss: 0.429
[56,   330] loss: 0.428
[56,   340] loss: 0.439
[56,   350] loss: 0.377
[56,   360] loss: 0.417
[56,   370] loss: 0.398
[56,   380] loss: 0.403
[56,   390] loss: 0.444
[56,   400] loss: 0.410
VALIDATION loss: 0.48010581731796265
[57,    10] loss: 0.419
[57,    20] loss: 0.435
[57,    30] loss: 0.411
[57,    40] loss: 0.460
[57,    50] loss: 0.431
[57,    60] loss: 0.438
[57,    70] loss: 0.431
[57,    80] loss: 0.446
[57,    90] loss: 0.403
[57,   100] loss: 0.419
[57,   110] loss: 0.429
[57,   120] loss: 0.437
[57,   130] loss: 0.459
[57,   140] loss: 0.444
[57,   150] loss: 0.383
[57,   160] loss: 0.441
[57,   170] loss: 0.405
[57,   180] loss: 0.459
[57,   190] loss: 0.392
[57,   200] loss: 0.415
[57,   210] loss: 0.478
[57,   220] loss: 0.405
[57,   230] loss: 0.400
[57,   240] loss: 0.399
[57,   250] loss: 0.422
[57,   260] loss: 0.428
[57,   270] loss: 0.421
[57,   280] loss: 0.428
[57,   290] loss: 0.378
[57,   300] loss: 0.421
[57,   310] loss: 0.366
[57,   320] loss: 0.388
[57,   330] loss: 0.464
[57,   340] loss: 0.392
[57,   350] loss: 0.385
[57,   360] loss: 0.385
[57,   370] loss: 0.426
[57,   380] loss: 0.403
[57,   390] loss: 0.445
[57,   400] loss: 0.404
VALIDATION loss: 0.3868069648742676
[58,    10] loss: 0.442
[58,    20] loss: 0.356
[58,    30] loss: 0.432
[58,    40] loss: 0.380
[58,    50] loss: 0.406
[58,    60] loss: 0.416
[58,    70] loss: 0.395
[58,    80] loss: 0.384
[58,    90] loss: 0.386
[58,   100] loss: 0.402
[58,   110] loss: 0.345
[58,   120] loss: 0.405
[58,   130] loss: 0.455
[58,   140] loss: 0.414
[58,   150] loss: 0.411
[58,   160] loss: 0.403
[58,   170] loss: 0.444
[58,   180] loss: 0.419
[58,   190] loss: 0.444
[58,   200] loss: 0.435
[58,   210] loss: 0.449
[58,   220] loss: 0.393
[58,   230] loss: 0.418
[58,   240] loss: 0.415
[58,   250] loss: 0.446
[58,   260] loss: 0.467
[58,   270] loss: 0.367
[58,   280] loss: 0.398
[58,   290] loss: 0.436
[58,   300] loss: 0.374
[58,   310] loss: 0.460
[58,   320] loss: 0.376
[58,   330] loss: 0.415
[58,   340] loss: 0.425
[58,   350] loss: 0.376
[58,   360] loss: 0.419
[58,   370] loss: 0.400
[58,   380] loss: 0.433
[58,   390] loss: 0.452
[58,   400] loss: 0.414
VALIDATION loss: 0.434627503156662
[59,    10] loss: 0.413
[59,    20] loss: 0.436
[59,    30] loss: 0.414
[59,    40] loss: 0.360
[59,    50] loss: 0.393
[59,    60] loss: 0.395
[59,    70] loss: 0.402
[59,    80] loss: 0.373
[59,    90] loss: 0.419
[59,   100] loss: 0.380
[59,   110] loss: 0.440
[59,   120] loss: 0.430
[59,   130] loss: 0.402
[59,   140] loss: 0.359
[59,   150] loss: 0.438
[59,   160] loss: 0.408
[59,   170] loss: 0.418
[59,   180] loss: 0.386
[59,   190] loss: 0.415
[59,   200] loss: 0.433
[59,   210] loss: 0.417
[59,   220] loss: 0.389
[59,   230] loss: 0.421
[59,   240] loss: 0.433
[59,   250] loss: 0.422
[59,   260] loss: 0.440
[59,   270] loss: 0.420
[59,   280] loss: 0.419
[59,   290] loss: 0.456
[59,   300] loss: 0.411
[59,   310] loss: 0.383
[59,   320] loss: 0.371
[59,   330] loss: 0.414
[59,   340] loss: 0.425
[59,   350] loss: 0.375
[59,   360] loss: 0.404
[59,   370] loss: 0.380
[59,   380] loss: 0.432
[59,   390] loss: 0.388
[59,   400] loss: 0.371
VALIDATION loss: 0.39134180545806885
[60,    10] loss: 0.389
[60,    20] loss: 0.425
[60,    30] loss: 0.405
[60,    40] loss: 0.486
[60,    50] loss: 0.367
[60,    60] loss: 0.364
[60,    70] loss: 0.378
[60,    80] loss: 0.396
[60,    90] loss: 0.411
[60,   100] loss: 0.405
[60,   110] loss: 0.422
[60,   120] loss: 0.378
[60,   130] loss: 0.405
[60,   140] loss: 0.386
[60,   150] loss: 0.377
[60,   160] loss: 0.424
[60,   170] loss: 0.376
[60,   180] loss: 0.426
[60,   190] loss: 0.437
[60,   200] loss: 0.416
[60,   210] loss: 0.380
[60,   220] loss: 0.366
[60,   230] loss: 0.422
[60,   240] loss: 0.386
[60,   250] loss: 0.376
[60,   260] loss: 0.426
[60,   270] loss: 0.371
[60,   280] loss: 0.453
[60,   290] loss: 0.432
[60,   300] loss: 0.434
[60,   310] loss: 0.408
[60,   320] loss: 0.388
[60,   330] loss: 0.416
[60,   340] loss: 0.362
[60,   350] loss: 0.382
[60,   360] loss: 0.376
[60,   370] loss: 0.394
[60,   380] loss: 0.452
[60,   390] loss: 0.394
[60,   400] loss: 0.442
VALIDATION loss: 0.37937483191490173
[61,    10] loss: 0.415
[61,    20] loss: 0.397
[61,    30] loss: 0.347
[61,    40] loss: 0.329
[61,    50] loss: 0.427
[61,    60] loss: 0.429
[61,    70] loss: 0.400
[61,    80] loss: 0.379
[61,    90] loss: 0.395
[61,   100] loss: 0.359
[61,   110] loss: 0.392
[61,   120] loss: 0.374
[61,   130] loss: 0.347
[61,   140] loss: 0.401
[61,   150] loss: 0.403
[61,   160] loss: 0.393
[61,   170] loss: 0.382
[61,   180] loss: 0.410
[61,   190] loss: 0.407
[61,   200] loss: 0.369
[61,   210] loss: 0.358
[61,   220] loss: 0.386
[61,   230] loss: 0.396
[61,   240] loss: 0.458
[61,   250] loss: 0.385
[61,   260] loss: 0.378
[61,   270] loss: 0.381
[61,   280] loss: 0.348
[61,   290] loss: 0.421
[61,   300] loss: 0.412
[61,   310] loss: 0.428
[61,   320] loss: 0.394
[61,   330] loss: 0.396
[61,   340] loss: 0.428
[61,   350] loss: 0.416
[61,   360] loss: 0.476
[61,   370] loss: 0.379
[61,   380] loss: 0.403
[61,   390] loss: 0.422
[61,   400] loss: 0.408
VALIDATION loss: 0.3567163646221161
[62,    10] loss: 0.342
[62,    20] loss: 0.372
[62,    30] loss: 0.368
[62,    40] loss: 0.468
[62,    50] loss: 0.411
[62,    60] loss: 0.365
[62,    70] loss: 0.368
[62,    80] loss: 0.427
[62,    90] loss: 0.362
[62,   100] loss: 0.426
[62,   110] loss: 0.461
[62,   120] loss: 0.420
[62,   130] loss: 0.406
[62,   140] loss: 0.418
[62,   150] loss: 0.362
[62,   160] loss: 0.393
[62,   170] loss: 0.365
[62,   180] loss: 0.391
[62,   190] loss: 0.374
[62,   200] loss: 0.408
[62,   210] loss: 0.403
[62,   220] loss: 0.373
[62,   230] loss: 0.364
[62,   240] loss: 0.353
[62,   250] loss: 0.402
[62,   260] loss: 0.385
[62,   270] loss: 0.331
[62,   280] loss: 0.334
[62,   290] loss: 0.391
[62,   300] loss: 0.403
[62,   310] loss: 0.441
[62,   320] loss: 0.402
[62,   330] loss: 0.403
[62,   340] loss: 0.397
[62,   350] loss: 0.382
[62,   360] loss: 0.380
[62,   370] loss: 0.398
[62,   380] loss: 0.359
[62,   390] loss: 0.395
[62,   400] loss: 0.369
VALIDATION loss: 0.3961133062839508
[63,    10] loss: 0.390
[63,    20] loss: 0.395
[63,    30] loss: 0.391
[63,    40] loss: 0.424
[63,    50] loss: 0.371
[63,    60] loss: 0.397
[63,    70] loss: 0.345
[63,    80] loss: 0.406
[63,    90] loss: 0.361
[63,   100] loss: 0.440
[63,   110] loss: 0.405
[63,   120] loss: 0.354
[63,   130] loss: 0.370
[63,   140] loss: 0.318
[63,   150] loss: 0.416
[63,   160] loss: 0.374
[63,   170] loss: 0.404
[63,   180] loss: 0.387
[63,   190] loss: 0.356
[63,   200] loss: 0.415
[63,   210] loss: 0.374
[63,   220] loss: 0.404
[63,   230] loss: 0.399
[63,   240] loss: 0.367
[63,   250] loss: 0.407
[63,   260] loss: 0.396
[63,   270] loss: 0.405
[63,   280] loss: 0.381
[63,   290] loss: 0.371
[63,   300] loss: 0.385
[63,   310] loss: 0.401
[63,   320] loss: 0.401
[63,   330] loss: 0.385
[63,   340] loss: 0.394
[63,   350] loss: 0.414
[63,   360] loss: 0.338
[63,   370] loss: 0.387
[63,   380] loss: 0.377
[63,   390] loss: 0.330
[63,   400] loss: 0.404
VALIDATION loss: 0.3557696044445038
[64,    10] loss: 0.411
[64,    20] loss: 0.368
[64,    30] loss: 0.383
[64,    40] loss: 0.341
[64,    50] loss: 0.385
[64,    60] loss: 0.403
[64,    70] loss: 0.433
[64,    80] loss: 0.386
[64,    90] loss: 0.325
[64,   100] loss: 0.337
[64,   110] loss: 0.388
[64,   120] loss: 0.355
[64,   130] loss: 0.364
[64,   140] loss: 0.407
[64,   150] loss: 0.376
[64,   160] loss: 0.378
[64,   170] loss: 0.385
[64,   180] loss: 0.393
[64,   190] loss: 0.376
[64,   200] loss: 0.391
[64,   210] loss: 0.355
[64,   220] loss: 0.443
[64,   230] loss: 0.371
[64,   240] loss: 0.341
[64,   250] loss: 0.402
[64,   260] loss: 0.371
[64,   270] loss: 0.398
[64,   280] loss: 0.372
[64,   290] loss: 0.392
[64,   300] loss: 0.356
[64,   310] loss: 0.341
[64,   320] loss: 0.409
[64,   330] loss: 0.384
[64,   340] loss: 0.379
[64,   350] loss: 0.388
[64,   360] loss: 0.370
[64,   370] loss: 0.378
[64,   380] loss: 0.371
[64,   390] loss: 0.375
[64,   400] loss: 0.472
VALIDATION loss: 0.45711690187454224
[65,    10] loss: 0.348
[65,    20] loss: 0.358
[65,    30] loss: 0.383
[65,    40] loss: 0.335
[65,    50] loss: 0.347
[65,    60] loss: 0.357
[65,    70] loss: 0.344
[65,    80] loss: 0.347
[65,    90] loss: 0.452
[65,   100] loss: 0.417
[65,   110] loss: 0.403
[65,   120] loss: 0.339
[65,   130] loss: 0.392
[65,   140] loss: 0.377
[65,   150] loss: 0.331
[65,   160] loss: 0.426
[65,   170] loss: 0.375
[65,   180] loss: 0.343
[65,   190] loss: 0.373
[65,   200] loss: 0.429
[65,   210] loss: 0.413
[65,   220] loss: 0.365
[65,   230] loss: 0.402
[65,   240] loss: 0.319
[65,   250] loss: 0.367
[65,   260] loss: 0.369
[65,   270] loss: 0.460
[65,   280] loss: 0.391
[65,   290] loss: 0.345
[65,   300] loss: 0.314
[65,   310] loss: 0.329
[65,   320] loss: 0.454
[65,   330] loss: 0.388
[65,   340] loss: 0.415
[65,   350] loss: 0.401
[65,   360] loss: 0.381
[65,   370] loss: 0.353
[65,   380] loss: 0.385
[65,   390] loss: 0.388
[65,   400] loss: 0.362
VALIDATION loss: 0.4217524826526642
[66,    10] loss: 0.375
[66,    20] loss: 0.362
[66,    30] loss: 0.342
[66,    40] loss: 0.394
[66,    50] loss: 0.363
[66,    60] loss: 0.372
[66,    70] loss: 0.349
[66,    80] loss: 0.355
[66,    90] loss: 0.359
[66,   100] loss: 0.407
[66,   110] loss: 0.350
[66,   120] loss: 0.356
[66,   130] loss: 0.326
[66,   140] loss: 0.381
[66,   150] loss: 0.396
[66,   160] loss: 0.378
[66,   170] loss: 0.332
[66,   180] loss: 0.420
[66,   190] loss: 0.361
[66,   200] loss: 0.438
[66,   210] loss: 0.364
[66,   220] loss: 0.361
[66,   230] loss: 0.384
[66,   240] loss: 0.394
[66,   250] loss: 0.379
[66,   260] loss: 0.309
[66,   270] loss: 0.361
[66,   280] loss: 0.416
[66,   290] loss: 0.394
[66,   300] loss: 0.370
[66,   310] loss: 0.369
[66,   320] loss: 0.340
[66,   330] loss: 0.366
[66,   340] loss: 0.395
[66,   350] loss: 0.383
[66,   360] loss: 0.393
[66,   370] loss: 0.327
[66,   380] loss: 0.384
[66,   390] loss: 0.380
[66,   400] loss: 0.371
VALIDATION loss: 0.3606211841106415
[67,    10] loss: 0.354
[67,    20] loss: 0.335
[67,    30] loss: 0.317
[67,    40] loss: 0.382
[67,    50] loss: 0.381
[67,    60] loss: 0.408
[67,    70] loss: 0.361
[67,    80] loss: 0.345
[67,    90] loss: 0.343
[67,   100] loss: 0.412
[67,   110] loss: 0.399
[67,   120] loss: 0.417
[67,   130] loss: 0.330
[67,   140] loss: 0.370
[67,   150] loss: 0.334
[67,   160] loss: 0.351
[67,   170] loss: 0.366
[67,   180] loss: 0.364
[67,   190] loss: 0.364
[67,   200] loss: 0.353
[67,   210] loss: 0.361
[67,   220] loss: 0.359
[67,   230] loss: 0.325
[67,   240] loss: 0.377
[67,   250] loss: 0.394
[67,   260] loss: 0.458
[67,   270] loss: 0.346
[67,   280] loss: 0.383
[67,   290] loss: 0.367
[67,   300] loss: 0.334
[67,   310] loss: 0.356
[67,   320] loss: 0.374
[67,   330] loss: 0.352
[67,   340] loss: 0.386
[67,   350] loss: 0.384
[67,   360] loss: 0.343
[67,   370] loss: 0.381
[67,   380] loss: 0.315
[67,   390] loss: 0.333
[67,   400] loss: 0.418
VALIDATION loss: 0.3771418631076813
[68,    10] loss: 0.384
[68,    20] loss: 0.408
[68,    30] loss: 0.373
[68,    40] loss: 0.351
[68,    50] loss: 0.340
[68,    60] loss: 0.357
[68,    70] loss: 0.371
[68,    80] loss: 0.348
[68,    90] loss: 0.369
[68,   100] loss: 0.382
[68,   110] loss: 0.395
[68,   120] loss: 0.322
[68,   130] loss: 0.406
[68,   140] loss: 0.349
[68,   150] loss: 0.384
[68,   160] loss: 0.364
[68,   170] loss: 0.366
[68,   180] loss: 0.342
[68,   190] loss: 0.399
[68,   200] loss: 0.316
[68,   210] loss: 0.336
[68,   220] loss: 0.360
[68,   230] loss: 0.373
[68,   240] loss: 0.382
[68,   250] loss: 0.349
[68,   260] loss: 0.368
[68,   270] loss: 0.420
[68,   280] loss: 0.365
[68,   290] loss: 0.335
[68,   300] loss: 0.379
[68,   310] loss: 0.377
[68,   320] loss: 0.347
[68,   330] loss: 0.414
[68,   340] loss: 0.373
[68,   350] loss: 0.296
[68,   360] loss: 0.370
[68,   370] loss: 0.318
[68,   380] loss: 0.341
[68,   390] loss: 0.357
[68,   400] loss: 0.380
VALIDATION loss: 0.3799947500228882
[69,    10] loss: 0.386
[69,    20] loss: 0.430
[69,    30] loss: 0.347
[69,    40] loss: 0.357
[69,    50] loss: 0.338
[69,    60] loss: 0.363
[69,    70] loss: 0.391
[69,    80] loss: 0.333
[69,    90] loss: 0.364
[69,   100] loss: 0.395
[69,   110] loss: 0.355
[69,   120] loss: 0.341
[69,   130] loss: 0.338
[69,   140] loss: 0.361
[69,   150] loss: 0.331
[69,   160] loss: 0.340
[69,   170] loss: 0.335
[69,   180] loss: 0.340
[69,   190] loss: 0.331
[69,   200] loss: 0.333
[69,   210] loss: 0.356
[69,   220] loss: 0.337
[69,   230] loss: 0.331
[69,   240] loss: 0.365
[69,   250] loss: 0.321
[69,   260] loss: 0.339
[69,   270] loss: 0.368
[69,   280] loss: 0.385
[69,   290] loss: 0.363
[69,   300] loss: 0.352
[69,   310] loss: 0.401
[69,   320] loss: 0.389
[69,   330] loss: 0.367
[69,   340] loss: 0.369
[69,   350] loss: 0.401
[69,   360] loss: 0.389
[69,   370] loss: 0.392
[69,   380] loss: 0.330
[69,   390] loss: 0.405
[69,   400] loss: 0.352
VALIDATION loss: 0.3511219322681427
[70,    10] loss: 0.375
[70,    20] loss: 0.362
[70,    30] loss: 0.402
[70,    40] loss: 0.352
[70,    50] loss: 0.366
[70,    60] loss: 0.370
[70,    70] loss: 0.346
[70,    80] loss: 0.346
[70,    90] loss: 0.343
[70,   100] loss: 0.342
[70,   110] loss: 0.380
[70,   120] loss: 0.325
[70,   130] loss: 0.369
[70,   140] loss: 0.352
[70,   150] loss: 0.385
[70,   160] loss: 0.349
[70,   170] loss: 0.355
[70,   180] loss: 0.343
[70,   190] loss: 0.341
[70,   200] loss: 0.315
[70,   210] loss: 0.328
[70,   220] loss: 0.350
[70,   230] loss: 0.371
[70,   240] loss: 0.387
[70,   250] loss: 0.339
[70,   260] loss: 0.386
[70,   270] loss: 0.387
[70,   280] loss: 0.354
[70,   290] loss: 0.350
[70,   300] loss: 0.316
[70,   310] loss: 0.346
[70,   320] loss: 0.346
[70,   330] loss: 0.406
[70,   340] loss: 0.373
[70,   350] loss: 0.383
[70,   360] loss: 0.370
[70,   370] loss: 0.331
[70,   380] loss: 0.364
[70,   390] loss: 0.364
[70,   400] loss: 0.347
VALIDATION loss: 0.37102892994880676
[71,    10] loss: 0.356
[71,    20] loss: 0.382
[71,    30] loss: 0.371
[71,    40] loss: 0.325
[71,    50] loss: 0.365
[71,    60] loss: 0.357
[71,    70] loss: 0.409
[71,    80] loss: 0.335
[71,    90] loss: 0.358
[71,   100] loss: 0.311
[71,   110] loss: 0.322
[71,   120] loss: 0.347
[71,   130] loss: 0.332
[71,   140] loss: 0.416
[71,   150] loss: 0.354
[71,   160] loss: 0.297
[71,   170] loss: 0.376
[71,   180] loss: 0.364
[71,   190] loss: 0.355
[71,   200] loss: 0.356
[71,   210] loss: 0.373
[71,   220] loss: 0.313
[71,   230] loss: 0.339
[71,   240] loss: 0.329
[71,   250] loss: 0.346
[71,   260] loss: 0.354
[71,   270] loss: 0.393
[71,   280] loss: 0.364
[71,   290] loss: 0.405
[71,   300] loss: 0.357
[71,   310] loss: 0.318
[71,   320] loss: 0.365
[71,   330] loss: 0.303
[71,   340] loss: 0.381
[71,   350] loss: 0.393
[71,   360] loss: 0.335
[71,   370] loss: 0.313
[71,   380] loss: 0.348
[71,   390] loss: 0.371
[71,   400] loss: 0.337
VALIDATION loss: 0.346628874540329
[72,    10] loss: 0.330
[72,    20] loss: 0.327
[72,    30] loss: 0.320
[72,    40] loss: 0.357
[72,    50] loss: 0.326
[72,    60] loss: 0.347
[72,    70] loss: 0.307
[72,    80] loss: 0.353
[72,    90] loss: 0.316
[72,   100] loss: 0.345
[72,   110] loss: 0.334
[72,   120] loss: 0.387
[72,   130] loss: 0.354
[72,   140] loss: 0.303
[72,   150] loss: 0.368
[72,   160] loss: 0.335
[72,   170] loss: 0.341
[72,   180] loss: 0.342
[72,   190] loss: 0.361
[72,   200] loss: 0.367
[72,   210] loss: 0.364
[72,   220] loss: 0.360
[72,   230] loss: 0.321
[72,   240] loss: 0.372
[72,   250] loss: 0.368
[72,   260] loss: 0.384
[72,   270] loss: 0.363
[72,   280] loss: 0.338
[72,   290] loss: 0.306
[72,   300] loss: 0.345
[72,   310] loss: 0.343
[72,   320] loss: 0.377
[72,   330] loss: 0.354
[72,   340] loss: 0.368
[72,   350] loss: 0.289
[72,   360] loss: 0.346
[72,   370] loss: 0.334
[72,   380] loss: 0.410
[72,   390] loss: 0.338
[72,   400] loss: 0.336
VALIDATION loss: 0.33016237616539
[73,    10] loss: 0.332
[73,    20] loss: 0.345
[73,    30] loss: 0.360
[73,    40] loss: 0.323
[73,    50] loss: 0.345
[73,    60] loss: 0.387
[73,    70] loss: 0.323
[73,    80] loss: 0.326
[73,    90] loss: 0.353
[73,   100] loss: 0.369
[73,   110] loss: 0.346
[73,   120] loss: 0.341
[73,   130] loss: 0.358
[73,   140] loss: 0.313
[73,   150] loss: 0.308
[73,   160] loss: 0.373
[73,   170] loss: 0.319
[73,   180] loss: 0.312
[73,   190] loss: 0.292
[73,   200] loss: 0.393
[73,   210] loss: 0.303
[73,   220] loss: 0.372
[73,   230] loss: 0.387
[73,   240] loss: 0.350
[73,   250] loss: 0.366
[73,   260] loss: 0.340
[73,   270] loss: 0.348
[73,   280] loss: 0.336
[73,   290] loss: 0.349
[73,   300] loss: 0.382
[73,   310] loss: 0.315
[73,   320] loss: 0.332
[73,   330] loss: 0.341
[73,   340] loss: 0.369
[73,   350] loss: 0.343
[73,   360] loss: 0.391
[73,   370] loss: 0.336
[73,   380] loss: 0.367
[73,   390] loss: 0.306
[73,   400] loss: 0.358
VALIDATION loss: 0.3304467499256134
[74,    10] loss: 0.353
[74,    20] loss: 0.382
[74,    30] loss: 0.332
[74,    40] loss: 0.393
[74,    50] loss: 0.310
[74,    60] loss: 0.375
[74,    70] loss: 0.338
[74,    80] loss: 0.339
[74,    90] loss: 0.307
[74,   100] loss: 0.365
[74,   110] loss: 0.327
[74,   120] loss: 0.300
[74,   130] loss: 0.327
[74,   140] loss: 0.408
[74,   150] loss: 0.340
[74,   160] loss: 0.347
[74,   170] loss: 0.321
[74,   180] loss: 0.328
[74,   190] loss: 0.317
[74,   200] loss: 0.381
[74,   210] loss: 0.315
[74,   220] loss: 0.317
[74,   230] loss: 0.310
[74,   240] loss: 0.333
[74,   250] loss: 0.409
[74,   260] loss: 0.370
[74,   270] loss: 0.339
[74,   280] loss: 0.309
[74,   290] loss: 0.389
[74,   300] loss: 0.338
[74,   310] loss: 0.345
[74,   320] loss: 0.340
[74,   330] loss: 0.347
[74,   340] loss: 0.345
[74,   350] loss: 0.333
[74,   360] loss: 0.302
[74,   370] loss: 0.356
[74,   380] loss: 0.333
[74,   390] loss: 0.327
[74,   400] loss: 0.297
VALIDATION loss: 0.34095415472984314
[75,    10] loss: 0.304
[75,    20] loss: 0.274
[75,    30] loss: 0.307
[75,    40] loss: 0.358
[75,    50] loss: 0.305
[75,    60] loss: 0.316
[75,    70] loss: 0.358
[75,    80] loss: 0.327
[75,    90] loss: 0.315
[75,   100] loss: 0.376
[75,   110] loss: 0.312
[75,   120] loss: 0.315
[75,   130] loss: 0.344
[75,   140] loss: 0.347
[75,   150] loss: 0.312
[75,   160] loss: 0.301
[75,   170] loss: 0.337
[75,   180] loss: 0.296
[75,   190] loss: 0.348
[75,   200] loss: 0.368
[75,   210] loss: 0.362
[75,   220] loss: 0.357
[75,   230] loss: 0.314
[75,   240] loss: 0.338
[75,   250] loss: 0.362
[75,   260] loss: 0.352
[75,   270] loss: 0.300
[75,   280] loss: 0.323
[75,   290] loss: 0.347
[75,   300] loss: 0.314
[75,   310] loss: 0.346
[75,   320] loss: 0.388
[75,   330] loss: 0.354
[75,   340] loss: 0.313
[75,   350] loss: 0.314
[75,   360] loss: 0.351
[75,   370] loss: 0.384
[75,   380] loss: 0.372
[75,   390] loss: 0.304
[75,   400] loss: 0.370
VALIDATION loss: 0.3900558352470398
[76,    10] loss: 0.307
[76,    20] loss: 0.332
[76,    30] loss: 0.311
[76,    40] loss: 0.361
[76,    50] loss: 0.367
[76,    60] loss: 0.344
[76,    70] loss: 0.364
[76,    80] loss: 0.337
[76,    90] loss: 0.349
[76,   100] loss: 0.314
[76,   110] loss: 0.358
[76,   120] loss: 0.389
[76,   130] loss: 0.345
[76,   140] loss: 0.319
[76,   150] loss: 0.300
[76,   160] loss: 0.329
[76,   170] loss: 0.297
[76,   180] loss: 0.337
[76,   190] loss: 0.360
[76,   200] loss: 0.392
[76,   210] loss: 0.356
[76,   220] loss: 0.366
[76,   230] loss: 0.336
[76,   240] loss: 0.355
[76,   250] loss: 0.369
[76,   260] loss: 0.355
[76,   270] loss: 0.294
[76,   280] loss: 0.350
[76,   290] loss: 0.342
[76,   300] loss: 0.306
[76,   310] loss: 0.314
[76,   320] loss: 0.333
[76,   330] loss: 0.304
[76,   340] loss: 0.310
[76,   350] loss: 0.303
[76,   360] loss: 0.297
[76,   370] loss: 0.292
[76,   380] loss: 0.345
[76,   390] loss: 0.367
[76,   400] loss: 0.337
VALIDATION loss: 0.32656314969062805
[77,    10] loss: 0.308
[77,    20] loss: 0.336
[77,    30] loss: 0.300
[77,    40] loss: 0.321
[77,    50] loss: 0.315
[77,    60] loss: 0.312
[77,    70] loss: 0.313
[77,    80] loss: 0.302
[77,    90] loss: 0.340
[77,   100] loss: 0.381
[77,   110] loss: 0.342
[77,   120] loss: 0.333
[77,   130] loss: 0.307
[77,   140] loss: 0.277
[77,   150] loss: 0.370
[77,   160] loss: 0.269
[77,   170] loss: 0.316
[77,   180] loss: 0.301
[77,   190] loss: 0.347
[77,   200] loss: 0.306
[77,   210] loss: 0.316
[77,   220] loss: 0.358
[77,   230] loss: 0.315
[77,   240] loss: 0.313
[77,   250] loss: 0.323
[77,   260] loss: 0.339
[77,   270] loss: 0.334
[77,   280] loss: 0.367
[77,   290] loss: 0.341
[77,   300] loss: 0.337
[77,   310] loss: 0.290
[77,   320] loss: 0.372
[77,   330] loss: 0.379
[77,   340] loss: 0.303
[77,   350] loss: 0.369
[77,   360] loss: 0.336
[77,   370] loss: 0.351
[77,   380] loss: 0.287
[77,   390] loss: 0.335
[77,   400] loss: 0.423
VALIDATION loss: 0.32938405871391296
[78,    10] loss: 0.316
[78,    20] loss: 0.352
[78,    30] loss: 0.310
[78,    40] loss: 0.385
[78,    50] loss: 0.351
[78,    60] loss: 0.321
[78,    70] loss: 0.349
[78,    80] loss: 0.341
[78,    90] loss: 0.333
[78,   100] loss: 0.332
[78,   110] loss: 0.376
[78,   120] loss: 0.414
[78,   130] loss: 0.302
[78,   140] loss: 0.326
[78,   150] loss: 0.322
[78,   160] loss: 0.323
[78,   170] loss: 0.358
[78,   180] loss: 0.292
[78,   190] loss: 0.300
[78,   200] loss: 0.313
[78,   210] loss: 0.328
[78,   220] loss: 0.314
[78,   230] loss: 0.351
[78,   240] loss: 0.313
[78,   250] loss: 0.316
[78,   260] loss: 0.356
[78,   270] loss: 0.377
[78,   280] loss: 0.321
[78,   290] loss: 0.293
[78,   300] loss: 0.318
[78,   310] loss: 0.265
[78,   320] loss: 0.340
[78,   330] loss: 0.301
[78,   340] loss: 0.306
[78,   350] loss: 0.305
[78,   360] loss: 0.282
[78,   370] loss: 0.368
[78,   380] loss: 0.305
[78,   390] loss: 0.346
[78,   400] loss: 0.333
VALIDATION loss: 0.3048672676086426
[79,    10] loss: 0.370
[79,    20] loss: 0.323
[79,    30] loss: 0.319
[79,    40] loss: 0.317
[79,    50] loss: 0.322
[79,    60] loss: 0.285
[79,    70] loss: 0.277
[79,    80] loss: 0.284
[79,    90] loss: 0.301
[79,   100] loss: 0.329
[79,   110] loss: 0.356
[79,   120] loss: 0.411
[79,   130] loss: 0.324
[79,   140] loss: 0.307
[79,   150] loss: 0.302
[79,   160] loss: 0.298
[79,   170] loss: 0.350
[79,   180] loss: 0.361
[79,   190] loss: 0.323
[79,   200] loss: 0.268
[79,   210] loss: 0.301
[79,   220] loss: 0.316
[79,   230] loss: 0.313
[79,   240] loss: 0.310
[79,   250] loss: 0.368
[79,   260] loss: 0.340
[79,   270] loss: 0.345
[79,   280] loss: 0.363
[79,   290] loss: 0.338
[79,   300] loss: 0.356
[79,   310] loss: 0.306
[79,   320] loss: 0.324
[79,   330] loss: 0.280
[79,   340] loss: 0.312
[79,   350] loss: 0.316
[79,   360] loss: 0.332
[79,   370] loss: 0.380
[79,   380] loss: 0.338
[79,   390] loss: 0.291
[79,   400] loss: 0.311
VALIDATION loss: 0.3115205764770508
[80,    10] loss: 0.287
[80,    20] loss: 0.299
[80,    30] loss: 0.330
[80,    40] loss: 0.294
[80,    50] loss: 0.318
[80,    60] loss: 0.333
[80,    70] loss: 0.297
[80,    80] loss: 0.354
[80,    90] loss: 0.308
[80,   100] loss: 0.335
[80,   110] loss: 0.307
[80,   120] loss: 0.354
[80,   130] loss: 0.315
[80,   140] loss: 0.268
[80,   150] loss: 0.352
[80,   160] loss: 0.305
[80,   170] loss: 0.354
[80,   180] loss: 0.323
[80,   190] loss: 0.316
[80,   200] loss: 0.264
[80,   210] loss: 0.313
[80,   220] loss: 0.365
[80,   230] loss: 0.306
[80,   240] loss: 0.350
[80,   250] loss: 0.291
[80,   260] loss: 0.333
[80,   270] loss: 0.324
[80,   280] loss: 0.347
[80,   290] loss: 0.317
[80,   300] loss: 0.323
[80,   310] loss: 0.328
[80,   320] loss: 0.337
[80,   330] loss: 0.336
[80,   340] loss: 0.376
[80,   350] loss: 0.349
[80,   360] loss: 0.313
[80,   370] loss: 0.327
[80,   380] loss: 0.300
[80,   390] loss: 0.319
[80,   400] loss: 0.375
VALIDATION loss: 0.4936821460723877
[81,    10] loss: 0.307
[81,    20] loss: 0.325
[81,    30] loss: 0.304
[81,    40] loss: 0.296
[81,    50] loss: 0.341
[81,    60] loss: 0.338
[81,    70] loss: 0.338
[81,    80] loss: 0.332
[81,    90] loss: 0.351
[81,   100] loss: 0.317
[81,   110] loss: 0.378
[81,   120] loss: 0.313
[81,   130] loss: 0.364
[81,   140] loss: 0.269
[81,   150] loss: 0.308
[81,   160] loss: 0.344
[81,   170] loss: 0.344
[81,   180] loss: 0.294
[81,   190] loss: 0.381
[81,   200] loss: 0.319
[81,   210] loss: 0.309
[81,   220] loss: 0.288
[81,   230] loss: 0.315
[81,   240] loss: 0.328
[81,   250] loss: 0.344
[81,   260] loss: 0.293
[81,   270] loss: 0.288
[81,   280] loss: 0.301
[81,   290] loss: 0.307
[81,   300] loss: 0.280
[81,   310] loss: 0.306
[81,   320] loss: 0.325
[81,   330] loss: 0.300
[81,   340] loss: 0.311
[81,   350] loss: 0.318
[81,   360] loss: 0.337
[81,   370] loss: 0.312
[81,   380] loss: 0.315
[81,   390] loss: 0.280
[81,   400] loss: 0.379
VALIDATION loss: 0.307666152715683
[82,    10] loss: 0.331
[82,    20] loss: 0.334
[82,    30] loss: 0.309
[82,    40] loss: 0.309
[82,    50] loss: 0.319
[82,    60] loss: 0.276
[82,    70] loss: 0.315
[82,    80] loss: 0.298
[82,    90] loss: 0.334
[82,   100] loss: 0.303
[82,   110] loss: 0.323
[82,   120] loss: 0.384
[82,   130] loss: 0.307
[82,   140] loss: 0.271
[82,   150] loss: 0.281
[82,   160] loss: 0.310
[82,   170] loss: 0.356
[82,   180] loss: 0.306
[82,   190] loss: 0.297
[82,   200] loss: 0.335
[82,   210] loss: 0.251
[82,   220] loss: 0.291
[82,   230] loss: 0.351
[82,   240] loss: 0.312
[82,   250] loss: 0.288
[82,   260] loss: 0.287
[82,   270] loss: 0.295
[82,   280] loss: 0.327
[82,   290] loss: 0.327
[82,   300] loss: 0.366
[82,   310] loss: 0.267
[82,   320] loss: 0.347
[82,   330] loss: 0.327
[82,   340] loss: 0.330
[82,   350] loss: 0.338
[82,   360] loss: 0.337
[82,   370] loss: 0.336
[82,   380] loss: 0.304
[82,   390] loss: 0.308
[82,   400] loss: 0.276
VALIDATION loss: 0.3076125979423523
[83,    10] loss: 0.345
[83,    20] loss: 0.317
[83,    30] loss: 0.358
[83,    40] loss: 0.320
[83,    50] loss: 0.305
[83,    60] loss: 0.325
[83,    70] loss: 0.274
[83,    80] loss: 0.274
[83,    90] loss: 0.316
[83,   100] loss: 0.327
[83,   110] loss: 0.316
[83,   120] loss: 0.265
[83,   130] loss: 0.346
[83,   140] loss: 0.362
[83,   150] loss: 0.319
[83,   160] loss: 0.311
[83,   170] loss: 0.300
[83,   180] loss: 0.275
[83,   190] loss: 0.346
[83,   200] loss: 0.318
[83,   210] loss: 0.314
[83,   220] loss: 0.308
[83,   230] loss: 0.324
[83,   240] loss: 0.335
[83,   250] loss: 0.314
[83,   260] loss: 0.300
[83,   270] loss: 0.306
[83,   280] loss: 0.278
[83,   290] loss: 0.308
[83,   300] loss: 0.276
[83,   310] loss: 0.263
[83,   320] loss: 0.340
[83,   330] loss: 0.335
[83,   340] loss: 0.309
[83,   350] loss: 0.356
[83,   360] loss: 0.298
[83,   370] loss: 0.314
[83,   380] loss: 0.265
[83,   390] loss: 0.348
[83,   400] loss: 0.348
VALIDATION loss: 0.3065261244773865
[84,    10] loss: 0.305
[84,    20] loss: 0.309
[84,    30] loss: 0.275
[84,    40] loss: 0.341
[84,    50] loss: 0.298
[84,    60] loss: 0.282
[84,    70] loss: 0.279
[84,    80] loss: 0.294
[84,    90] loss: 0.346
[84,   100] loss: 0.365
[84,   110] loss: 0.312
[84,   120] loss: 0.285
[84,   130] loss: 0.331
[84,   140] loss: 0.298
[84,   150] loss: 0.303
[84,   160] loss: 0.290
[84,   170] loss: 0.266
[84,   180] loss: 0.320
[84,   190] loss: 0.304
[84,   200] loss: 0.310
[84,   210] loss: 0.320
[84,   220] loss: 0.303
[84,   230] loss: 0.331
[84,   240] loss: 0.295
[84,   250] loss: 0.309
[84,   260] loss: 0.349
[84,   270] loss: 0.339
[84,   280] loss: 0.289
[84,   290] loss: 0.282
[84,   300] loss: 0.278
[84,   310] loss: 0.295
[84,   320] loss: 0.334
[84,   330] loss: 0.294
[84,   340] loss: 0.248
[84,   350] loss: 0.323
[84,   360] loss: 0.333
[84,   370] loss: 0.330
[84,   380] loss: 0.290
[84,   390] loss: 0.311
[84,   400] loss: 0.272
VALIDATION loss: 0.35244670510292053
[85,    10] loss: 0.322
[85,    20] loss: 0.260
[85,    30] loss: 0.318
[85,    40] loss: 0.305
[85,    50] loss: 0.294
[85,    60] loss: 0.324
[85,    70] loss: 0.380
[85,    80] loss: 0.351
[85,    90] loss: 0.310
[85,   100] loss: 0.305
[85,   110] loss: 0.298
[85,   120] loss: 0.295
[85,   130] loss: 0.304
[85,   140] loss: 0.291
[85,   150] loss: 0.314
[85,   160] loss: 0.297
[85,   170] loss: 0.325
[85,   180] loss: 0.262
[85,   190] loss: 0.328
[85,   200] loss: 0.269
[85,   210] loss: 0.296
[85,   220] loss: 0.277
[85,   230] loss: 0.280
[85,   240] loss: 0.307
[85,   250] loss: 0.322
[85,   260] loss: 0.347
[85,   270] loss: 0.278
[85,   280] loss: 0.340
[85,   290] loss: 0.273
[85,   300] loss: 0.320
[85,   310] loss: 0.290
[85,   320] loss: 0.250
[85,   330] loss: 0.279
[85,   340] loss: 0.315
[85,   350] loss: 0.334
[85,   360] loss: 0.360
[85,   370] loss: 0.297
[85,   380] loss: 0.367
[85,   390] loss: 0.325
[85,   400] loss: 0.278
VALIDATION loss: 0.2912959158420563
[86,    10] loss: 0.264
[86,    20] loss: 0.362
[86,    30] loss: 0.311
[86,    40] loss: 0.255
[86,    50] loss: 0.305
[86,    60] loss: 0.309
[86,    70] loss: 0.324
[86,    80] loss: 0.266
[86,    90] loss: 0.297
[86,   100] loss: 0.312
[86,   110] loss: 0.249
[86,   120] loss: 0.334
[86,   130] loss: 0.308
[86,   140] loss: 0.293
[86,   150] loss: 0.302
[86,   160] loss: 0.275
[86,   170] loss: 0.286
[86,   180] loss: 0.288
[86,   190] loss: 0.293
[86,   200] loss: 0.281
[86,   210] loss: 0.294
[86,   220] loss: 0.279
[86,   230] loss: 0.297
[86,   240] loss: 0.309
[86,   250] loss: 0.303
[86,   260] loss: 0.339
[86,   270] loss: 0.267
[86,   280] loss: 0.339
[86,   290] loss: 0.335
[86,   300] loss: 0.294
[86,   310] loss: 0.289
[86,   320] loss: 0.332
[86,   330] loss: 0.296
[86,   340] loss: 0.302
[86,   350] loss: 0.298
[86,   360] loss: 0.343
[86,   370] loss: 0.330
[86,   380] loss: 0.298
[86,   390] loss: 0.262
[86,   400] loss: 0.316
VALIDATION loss: 0.3046852648258209
[87,    10] loss: 0.296
[87,    20] loss: 0.283
[87,    30] loss: 0.289
[87,    40] loss: 0.305
[87,    50] loss: 0.338
[87,    60] loss: 0.315
[87,    70] loss: 0.298
[87,    80] loss: 0.285
[87,    90] loss: 0.287
[87,   100] loss: 0.267
[87,   110] loss: 0.321
[87,   120] loss: 0.285
[87,   130] loss: 0.298
[87,   140] loss: 0.315
[87,   150] loss: 0.267
[87,   160] loss: 0.285
[87,   170] loss: 0.307
[87,   180] loss: 0.297
[87,   190] loss: 0.291
[87,   200] loss: 0.301
[87,   210] loss: 0.272
[87,   220] loss: 0.275
[87,   230] loss: 0.302
[87,   240] loss: 0.302
[87,   250] loss: 0.312
[87,   260] loss: 0.309
[87,   270] loss: 0.310
[87,   280] loss: 0.311
[87,   290] loss: 0.267
[87,   300] loss: 0.322
[87,   310] loss: 0.290
[87,   320] loss: 0.275
[87,   330] loss: 0.327
[87,   340] loss: 0.344
[87,   350] loss: 0.300
[87,   360] loss: 0.271
[87,   370] loss: 0.347
[87,   380] loss: 0.310
[87,   390] loss: 0.328
[87,   400] loss: 0.313
VALIDATION loss: 0.30522802472114563
[88,    10] loss: 0.301
[88,    20] loss: 0.311
[88,    30] loss: 0.296
[88,    40] loss: 0.266
[88,    50] loss: 0.287
[88,    60] loss: 0.243
[88,    70] loss: 0.345
[88,    80] loss: 0.285
[88,    90] loss: 0.261
[88,   100] loss: 0.294
[88,   110] loss: 0.289
[88,   120] loss: 0.268
[88,   130] loss: 0.271
[88,   140] loss: 0.263
[88,   150] loss: 0.266
[88,   160] loss: 0.325
[88,   170] loss: 0.332
[88,   180] loss: 0.288
[88,   190] loss: 0.314
[88,   200] loss: 0.291
[88,   210] loss: 0.291
[88,   220] loss: 0.269
[88,   230] loss: 0.293
[88,   240] loss: 0.297
[88,   250] loss: 0.305
[88,   260] loss: 0.295
[88,   270] loss: 0.291
[88,   280] loss: 0.257
[88,   290] loss: 0.299
[88,   300] loss: 0.269
[88,   310] loss: 0.356
[88,   320] loss: 0.288
[88,   330] loss: 0.309
[88,   340] loss: 0.297
[88,   350] loss: 0.325
[88,   360] loss: 0.350
[88,   370] loss: 0.331
[88,   380] loss: 0.296
[88,   390] loss: 0.293
[88,   400] loss: 0.315
VALIDATION loss: 0.30107617378234863
[89,    10] loss: 0.236
[89,    20] loss: 0.286
[89,    30] loss: 0.354
[89,    40] loss: 0.291
[89,    50] loss: 0.307
[89,    60] loss: 0.287
[89,    70] loss: 0.272
[89,    80] loss: 0.318
[89,    90] loss: 0.285
[89,   100] loss: 0.305
[89,   110] loss: 0.304
[89,   120] loss: 0.320
[89,   130] loss: 0.339
[89,   140] loss: 0.338
[89,   150] loss: 0.277
[89,   160] loss: 0.288
[89,   170] loss: 0.266
[89,   180] loss: 0.344
[89,   190] loss: 0.294
[89,   200] loss: 0.271
[89,   210] loss: 0.292
[89,   220] loss: 0.262
[89,   230] loss: 0.276
[89,   240] loss: 0.299
[89,   250] loss: 0.331
[89,   260] loss: 0.320
[89,   270] loss: 0.279
[89,   280] loss: 0.293
[89,   290] loss: 0.305
[89,   300] loss: 0.313
[89,   310] loss: 0.307
[89,   320] loss: 0.289
[89,   330] loss: 0.326
[89,   340] loss: 0.280
[89,   350] loss: 0.270
[89,   360] loss: 0.302
[89,   370] loss: 0.263
[89,   380] loss: 0.287
[89,   390] loss: 0.300
[89,   400] loss: 0.288
VALIDATION loss: 0.3005145192146301
[90,    10] loss: 0.281
[90,    20] loss: 0.292
[90,    30] loss: 0.271
[90,    40] loss: 0.262
[90,    50] loss: 0.333
[90,    60] loss: 0.286
[90,    70] loss: 0.289
[90,    80] loss: 0.298
[90,    90] loss: 0.276
[90,   100] loss: 0.300
[90,   110] loss: 0.285
[90,   120] loss: 0.316
[90,   130] loss: 0.291
[90,   140] loss: 0.270
[90,   150] loss: 0.313
[90,   160] loss: 0.333
[90,   170] loss: 0.294
[90,   180] loss: 0.293
[90,   190] loss: 0.287
[90,   200] loss: 0.298
[90,   210] loss: 0.250
[90,   220] loss: 0.306
[90,   230] loss: 0.276
[90,   240] loss: 0.268
[90,   250] loss: 0.276
[90,   260] loss: 0.286
[90,   270] loss: 0.313
[90,   280] loss: 0.261
[90,   290] loss: 0.349
[90,   300] loss: 0.307
[90,   310] loss: 0.266
[90,   320] loss: 0.278
[90,   330] loss: 0.287
[90,   340] loss: 0.315
[90,   350] loss: 0.286
[90,   360] loss: 0.309
[90,   370] loss: 0.335
[90,   380] loss: 0.274
[90,   390] loss: 0.298
[90,   400] loss: 0.289
VALIDATION loss: 0.28339654207229614
[91,    10] loss: 0.250
[91,    20] loss: 0.340
[91,    30] loss: 0.294
[91,    40] loss: 0.276
[91,    50] loss: 0.328
[91,    60] loss: 0.290
[91,    70] loss: 0.304
[91,    80] loss: 0.297
[91,    90] loss: 0.286
[91,   100] loss: 0.319
[91,   110] loss: 0.289
[91,   120] loss: 0.276
[91,   130] loss: 0.264
[91,   140] loss: 0.262
[91,   150] loss: 0.280
[91,   160] loss: 0.313
[91,   170] loss: 0.289
[91,   180] loss: 0.320
[91,   190] loss: 0.311
[91,   200] loss: 0.267
[91,   210] loss: 0.259
[91,   220] loss: 0.261
[91,   230] loss: 0.305
[91,   240] loss: 0.276
[91,   250] loss: 0.275
[91,   260] loss: 0.323
[91,   270] loss: 0.269
[91,   280] loss: 0.313
[91,   290] loss: 0.326
[91,   300] loss: 0.315
[91,   310] loss: 0.262
[91,   320] loss: 0.256
[91,   330] loss: 0.299
[91,   340] loss: 0.317
[91,   350] loss: 0.283
[91,   360] loss: 0.337
[91,   370] loss: 0.299
[91,   380] loss: 0.273
[91,   390] loss: 0.320
[91,   400] loss: 0.319
VALIDATION loss: 0.3188300132751465
[92,    10] loss: 0.283
[92,    20] loss: 0.291
[92,    30] loss: 0.325
[92,    40] loss: 0.292
[92,    50] loss: 0.278
[92,    60] loss: 0.277
[92,    70] loss: 0.308
[92,    80] loss: 0.297
[92,    90] loss: 0.237
[92,   100] loss: 0.258
[92,   110] loss: 0.322
[92,   120] loss: 0.262
[92,   130] loss: 0.295
[92,   140] loss: 0.242
[92,   150] loss: 0.242
[92,   160] loss: 0.322
[92,   170] loss: 0.256
[92,   180] loss: 0.306
[92,   190] loss: 0.290
[92,   200] loss: 0.268
[92,   210] loss: 0.301
[92,   220] loss: 0.267
[92,   230] loss: 0.296
[92,   240] loss: 0.309
[92,   250] loss: 0.264
[92,   260] loss: 0.326
[92,   270] loss: 0.276
[92,   280] loss: 0.289
[92,   290] loss: 0.250
[92,   300] loss: 0.291
[92,   310] loss: 0.291
[92,   320] loss: 0.311
[92,   330] loss: 0.305
[92,   340] loss: 0.330
[92,   350] loss: 0.277
[92,   360] loss: 0.285
[92,   370] loss: 0.284
[92,   380] loss: 0.225
[92,   390] loss: 0.284
[92,   400] loss: 0.305
VALIDATION loss: 0.31723472476005554
[93,    10] loss: 0.296
[93,    20] loss: 0.279
[93,    30] loss: 0.296
[93,    40] loss: 0.265
[93,    50] loss: 0.301
[93,    60] loss: 0.248
[93,    70] loss: 0.266
[93,    80] loss: 0.296
[93,    90] loss: 0.290
[93,   100] loss: 0.324
[93,   110] loss: 0.287
[93,   120] loss: 0.297
[93,   130] loss: 0.268
[93,   140] loss: 0.314
[93,   150] loss: 0.278
[93,   160] loss: 0.275
[93,   170] loss: 0.284
[93,   180] loss: 0.281
[93,   190] loss: 0.265
[93,   200] loss: 0.287
[93,   210] loss: 0.300
[93,   220] loss: 0.228
[93,   230] loss: 0.289
[93,   240] loss: 0.312
[93,   250] loss: 0.262
[93,   260] loss: 0.271
[93,   270] loss: 0.264
[93,   280] loss: 0.295
[93,   290] loss: 0.320
[93,   300] loss: 0.250
[93,   310] loss: 0.284
[93,   320] loss: 0.274
[93,   330] loss: 0.288
[93,   340] loss: 0.273
[93,   350] loss: 0.317
[93,   360] loss: 0.312
[93,   370] loss: 0.300
[93,   380] loss: 0.311
[93,   390] loss: 0.278
[93,   400] loss: 0.316
VALIDATION loss: 0.29527783393859863
[94,    10] loss: 0.339
[94,    20] loss: 0.291
[94,    30] loss: 0.246
[94,    40] loss: 0.305
[94,    50] loss: 0.300
[94,    60] loss: 0.283
[94,    70] loss: 0.245
[94,    80] loss: 0.242
[94,    90] loss: 0.233
[94,   100] loss: 0.310
[94,   110] loss: 0.267
[94,   120] loss: 0.294
[94,   130] loss: 0.299
[94,   140] loss: 0.298
[94,   150] loss: 0.273
[94,   160] loss: 0.296
[94,   170] loss: 0.332
[94,   180] loss: 0.285
[94,   190] loss: 0.282
[94,   200] loss: 0.335
[94,   210] loss: 0.268
[94,   220] loss: 0.256
[94,   230] loss: 0.323
[94,   240] loss: 0.253
[94,   250] loss: 0.265
[94,   260] loss: 0.321
[94,   270] loss: 0.307
[94,   280] loss: 0.285
[94,   290] loss: 0.242
[94,   300] loss: 0.294
[94,   310] loss: 0.270
[94,   320] loss: 0.282
[94,   330] loss: 0.249
[94,   340] loss: 0.299
[94,   350] loss: 0.323
[94,   360] loss: 0.282
[94,   370] loss: 0.248
[94,   380] loss: 0.283
[94,   390] loss: 0.269
[94,   400] loss: 0.262
VALIDATION loss: 0.28224584460258484
[95,    10] loss: 0.276
[95,    20] loss: 0.248
[95,    30] loss: 0.294
[95,    40] loss: 0.264
[95,    50] loss: 0.295
[95,    60] loss: 0.290
[95,    70] loss: 0.278
[95,    80] loss: 0.286
[95,    90] loss: 0.290
[95,   100] loss: 0.250
[95,   110] loss: 0.285
[95,   120] loss: 0.305
[95,   130] loss: 0.278
[95,   140] loss: 0.286
[95,   150] loss: 0.286
[95,   160] loss: 0.277
[95,   170] loss: 0.288
[95,   180] loss: 0.287
[95,   190] loss: 0.277
[95,   200] loss: 0.271
[95,   210] loss: 0.297
[95,   220] loss: 0.273
[95,   230] loss: 0.275
[95,   240] loss: 0.286
[95,   250] loss: 0.287
[95,   260] loss: 0.288
[95,   270] loss: 0.248
[95,   280] loss: 0.240
[95,   290] loss: 0.262
[95,   300] loss: 0.294
[95,   310] loss: 0.274
[95,   320] loss: 0.279
[95,   330] loss: 0.240
[95,   340] loss: 0.288
[95,   350] loss: 0.293
[95,   360] loss: 0.316
[95,   370] loss: 0.280
[95,   380] loss: 0.318
[95,   390] loss: 0.266
[95,   400] loss: 0.270
VALIDATION loss: 0.29308271408081055
[96,    10] loss: 0.254
[96,    20] loss: 0.257
[96,    30] loss: 0.288
[96,    40] loss: 0.278
[96,    50] loss: 0.270
[96,    60] loss: 0.247
[96,    70] loss: 0.267
[96,    80] loss: 0.294
[96,    90] loss: 0.333
[96,   100] loss: 0.262
[96,   110] loss: 0.304
[96,   120] loss: 0.280
[96,   130] loss: 0.295
[96,   140] loss: 0.296
[96,   150] loss: 0.250
[96,   160] loss: 0.299
[96,   170] loss: 0.260
[96,   180] loss: 0.278
[96,   190] loss: 0.293
[96,   200] loss: 0.256
[96,   210] loss: 0.266
[96,   220] loss: 0.349
[96,   230] loss: 0.279
[96,   240] loss: 0.291
[96,   250] loss: 0.254
[96,   260] loss: 0.285
[96,   270] loss: 0.285
[96,   280] loss: 0.277
[96,   290] loss: 0.252
[96,   300] loss: 0.255
[96,   310] loss: 0.304
[96,   320] loss: 0.289
[96,   330] loss: 0.266
[96,   340] loss: 0.244
[96,   350] loss: 0.217
[96,   360] loss: 0.277
[96,   370] loss: 0.290
[96,   380] loss: 0.291
[96,   390] loss: 0.253
[96,   400] loss: 0.293
VALIDATION loss: 0.2786094844341278
[97,    10] loss: 0.277
[97,    20] loss: 0.310
[97,    30] loss: 0.292
[97,    40] loss: 0.262
[97,    50] loss: 0.318
[97,    60] loss: 0.254
[97,    70] loss: 0.237
[97,    80] loss: 0.297
[97,    90] loss: 0.277
[97,   100] loss: 0.266
[97,   110] loss: 0.321
[97,   120] loss: 0.257
[97,   130] loss: 0.236
[97,   140] loss: 0.302
[97,   150] loss: 0.312
[97,   160] loss: 0.239
[97,   170] loss: 0.262
[97,   180] loss: 0.280
[97,   190] loss: 0.259
[97,   200] loss: 0.262
[97,   210] loss: 0.264
[97,   220] loss: 0.281
[97,   230] loss: 0.260
[97,   240] loss: 0.244
[97,   250] loss: 0.266
[97,   260] loss: 0.351
[97,   270] loss: 0.311
[97,   280] loss: 0.293
[97,   290] loss: 0.232
[97,   300] loss: 0.311
[97,   310] loss: 0.270
[97,   320] loss: 0.271
[97,   330] loss: 0.300
[97,   340] loss: 0.317
[97,   350] loss: 0.297
[97,   360] loss: 0.268
[97,   370] loss: 0.251
[97,   380] loss: 0.282
[97,   390] loss: 0.236
[97,   400] loss: 0.295
VALIDATION loss: 0.2609533369541168
[98,    10] loss: 0.275
[98,    20] loss: 0.264
[98,    30] loss: 0.249
[98,    40] loss: 0.272
[98,    50] loss: 0.247
[98,    60] loss: 0.262
[98,    70] loss: 0.249
[98,    80] loss: 0.248
[98,    90] loss: 0.297
[98,   100] loss: 0.262
[98,   110] loss: 0.290
[98,   120] loss: 0.301
[98,   130] loss: 0.297
[98,   140] loss: 0.275
[98,   150] loss: 0.279
[98,   160] loss: 0.262
[98,   170] loss: 0.281
[98,   180] loss: 0.284
[98,   190] loss: 0.300
[98,   200] loss: 0.317
[98,   210] loss: 0.286
[98,   220] loss: 0.275
[98,   230] loss: 0.269
[98,   240] loss: 0.267
[98,   250] loss: 0.267
[98,   260] loss: 0.242
[98,   270] loss: 0.284
[98,   280] loss: 0.229
[98,   290] loss: 0.300
[98,   300] loss: 0.266
[98,   310] loss: 0.244
[98,   320] loss: 0.257
[98,   330] loss: 0.298
[98,   340] loss: 0.251
[98,   350] loss: 0.299
[98,   360] loss: 0.242
[98,   370] loss: 0.236
[98,   380] loss: 0.264
[98,   390] loss: 0.305
[98,   400] loss: 0.271
VALIDATION loss: 0.3202749788761139
[99,    10] loss: 0.261
[99,    20] loss: 0.279
[99,    30] loss: 0.263
[99,    40] loss: 0.249
[99,    50] loss: 0.238
[99,    60] loss: 0.327
[99,    70] loss: 0.281
[99,    80] loss: 0.280
[99,    90] loss: 0.234
[99,   100] loss: 0.243
[99,   110] loss: 0.332
[99,   120] loss: 0.306
[99,   130] loss: 0.260
[99,   140] loss: 0.278
[99,   150] loss: 0.261
[99,   160] loss: 0.297
[99,   170] loss: 0.253
[99,   180] loss: 0.212
[99,   190] loss: 0.263
[99,   200] loss: 0.243
[99,   210] loss: 0.295
[99,   220] loss: 0.249
[99,   230] loss: 0.277
[99,   240] loss: 0.242
[99,   250] loss: 0.293
[99,   260] loss: 0.340
[99,   270] loss: 0.309
[99,   280] loss: 0.286
[99,   290] loss: 0.281
[99,   300] loss: 0.266
[99,   310] loss: 0.255
[99,   320] loss: 0.278
[99,   330] loss: 0.311
[99,   340] loss: 0.248
[99,   350] loss: 0.259
[99,   360] loss: 0.289
[99,   370] loss: 0.245
[99,   380] loss: 0.245
[99,   390] loss: 0.269
[99,   400] loss: 0.284
VALIDATION loss: 0.28576427698135376
[100,    10] loss: 0.280
[100,    20] loss: 0.305
[100,    30] loss: 0.284
[100,    40] loss: 0.253
[100,    50] loss: 0.260
[100,    60] loss: 0.295
[100,    70] loss: 0.289
[100,    80] loss: 0.205
[100,    90] loss: 0.247
[100,   100] loss: 0.286
[100,   110] loss: 0.260
[100,   120] loss: 0.244
[100,   130] loss: 0.285
[100,   140] loss: 0.295
[100,   150] loss: 0.259
[100,   160] loss: 0.298
[100,   170] loss: 0.231
[100,   180] loss: 0.257
[100,   190] loss: 0.258
[100,   200] loss: 0.282
[100,   210] loss: 0.309
[100,   220] loss: 0.261
[100,   230] loss: 0.277
[100,   240] loss: 0.230
[100,   250] loss: 0.266
[100,   260] loss: 0.239
[100,   270] loss: 0.269
[100,   280] loss: 0.269
[100,   290] loss: 0.291
[100,   300] loss: 0.304
[100,   310] loss: 0.282
[100,   320] loss: 0.263
[100,   330] loss: 0.299
[100,   340] loss: 0.302
[100,   350] loss: 0.263
[100,   360] loss: 0.240
[100,   370] loss: 0.258
[100,   380] loss: 0.237
[100,   390] loss: 0.260
[100,   400] loss: 0.259
VALIDATION loss: 0.4039016366004944
Finished !!
Accuracy of the network: 82.17 %
