/bin/bash: ./batch_script_ensample.sh: Permission denied

------------------------------------------------------------
Sender: LSF System <lsfadmin@hpc.dtu.dk>
Subject: Job 13411983: <NONAME> in cluster <dcc> Exited

Job <NONAME> was submitted from host <hpclogin2> by user <s175395> in cluster <dcc> at Tue Apr 19 22:54:25 2022
Job was executed on host(s) <n-62-21-100>, in queue <hpc>, as user <s175395> in cluster <dcc> at Tue Apr 19 22:54:25 2022
</zhome/45/c/128687> was used as the home directory.
</zhome/45/c/128687/Github/Adv_ML/Scripts> was used as the working directory.
Started at Tue Apr 19 22:54:25 2022
Terminated at Tue Apr 19 22:54:26 2022
Results reported at Tue Apr 19 22:54:26 2022

Your job looked like:

------------------------------------------------------------
# LSBATCH: User input
batch_script_ensample.sh
------------------------------------------------------------

Exited with exit code 126.

Resource usage summary:

    CPU time :                                   0.32 sec.
    Max Memory :                                 -
    Average Memory :                             -
    Total Requested Memory :                     1024.00 MB
    Delta Memory :                               -
    Max Swap :                                   -
    Max Processes :                              -
    Max Threads :                                -
    Run time :                                   1 sec.
    Turnaround time :                            1 sec.

The output (if any) is above this job summary.

