Collecting dill==0.3.4 (from -r requirements.txt (line 1))
  Using cached https://files.pythonhosted.org/packages/b6/c3/973676ceb86b60835bb3978c6db67a5dc06be6cfdbd14ef0f5a13e3fc9fd/dill-0.3.4-py2.py3-none-any.whl
Requirement already satisfied: laplace==0.1 in /zhome/45/c/128687/.local/lib/python3.6/site-packages (from -r requirements.txt (line 2))
Collecting matplotlib==3.4.0 (from -r requirements.txt (line 3))
Small: 0
Transform: 1
MaxPool: 1
Running GPU.
[1,    10] loss: 1.966
[1,    20] loss: 1.919
[1,    30] loss: 1.884
[1,    40] loss: 1.858
[1,    50] loss: 1.843
[1,    60] loss: 1.800
[1,    70] loss: 1.810
[1,    80] loss: 1.778
[1,    90] loss: 1.780
[1,   100] loss: 1.785
[1,   110] loss: 1.768
[1,   120] loss: 1.738
[1,   130] loss: 1.758
[1,   140] loss: 1.744
[1,   150] loss: 1.739
[1,   160] loss: 1.711
[1,   170] loss: 1.713
[1,   180] loss: 1.707
[1,   190] loss: 1.712
[1,   200] loss: 1.690
[1,   210] loss: 1.663
[1,   220] loss: 1.646
[1,   230] loss: 1.664
[1,   240] loss: 1.676
[1,   250] loss: 1.631
[1,   260] loss: 1.669
[1,   270] loss: 1.586
[1,   280] loss: 1.673
[1,   290] loss: 1.648
[1,   300] loss: 1.695
[1,   310] loss: 1.596
[1,   320] loss: 1.635
[1,   330] loss: 1.596
[1,   340] loss: 1.605
[1,   350] loss: 1.585
[1,   360] loss: 1.583
[1,   370] loss: 1.570
[1,   380] loss: 1.579
[1,   390] loss: 1.551
[1,   400] loss: 1.571
VALIDATION loss: 1.5595283508300781
[2,    10] loss: 1.538
[2,    20] loss: 1.580
[2,    30] loss: 1.560
[2,    40] loss: 1.581
[2,    50] loss: 1.576
[2,    60] loss: 1.623
[2,    70] loss: 1.558
[2,    80] loss: 1.600
[2,    90] loss: 1.555
[2,   100] loss: 1.524
[2,   110] loss: 1.527
[2,   120] loss: 1.554
[2,   130] loss: 1.532
[2,   140] loss: 1.494
[2,   150] loss: 1.537
[2,   160] loss: 1.555
[2,   170] loss: 1.503
[2,   180] loss: 1.528
[2,   190] loss: 1.536
[2,   200] loss: 1.498
[2,   210] loss: 1.466
[2,   220] loss: 1.516
[2,   230] loss: 1.547
[2,   240] loss: 1.487
[2,   250] loss: 1.470
[2,   260] loss: 1.489
[2,   270] loss: 1.509
[2,   280] loss: 1.471
[2,   290] loss: 1.474
[2,   300] loss: 1.521
[2,   310] loss: 1.528
[2,   320] loss: 1.547
[2,   330] loss: 1.473
[2,   340] loss: 1.497
[2,   350] loss: 1.509
[2,   360] loss: 1.455
[2,   370] loss: 1.488
[2,   380] loss: 1.469
[2,   390] loss: 1.455
[2,   400] loss: 1.515
VALIDATION loss: 1.473811149597168
[3,    10] loss: 1.470
[3,    20] loss: 1.472
[3,    30] loss: 1.468
[3,    40] loss: 1.484
[3,    50] loss: 1.412
[3,    60] loss: 1.404
[3,    70] loss: 1.506
[3,    80] loss: 1.436
[3,    90] loss: 1.392
[3,   100] loss: 1.445
[3,   110] loss: 1.414
[3,   120] loss: 1.367
[3,   130] loss: 1.451
[3,   140] loss: 1.439
[3,   150] loss: 1.419
[3,   160] loss: 1.480
[3,   170] loss: 1.469
[3,   180] loss: 1.506
[3,   190] loss: 1.440
[3,   200] loss: 1.492
[3,   210] loss: 1.372
[3,   220] loss: 1.377
[3,   230] loss: 1.425
[3,   240] loss: 1.414
[3,   250] loss: 1.413
[3,   260] loss: 1.493
[3,   270] loss: 1.405
[3,   280] loss: 1.400
[3,   290] loss: 1.443
[3,   300] loss: 1.455
[3,   310] loss: 1.423
[3,   320] loss: 1.398
[3,   330] loss: 1.471
[3,   340] loss: 1.463
[3,   350] loss: 1.420
[3,   360] loss: 1.400
[3,   370] loss: 1.472
[3,   380] loss: 1.334
[3,   390] loss: 1.330
[3,   400] loss: 1.418
VALIDATION loss: 1.3426028490066528
[4,    10] loss: 1.473
[4,    20] loss: 1.419
[4,    30] loss: 1.367
[4,    40] loss: 1.436
[4,    50] loss: 1.381
[4,    60] loss: 1.376
[4,    70] loss: 1.401
[4,    80] loss: 1.403
[4,    90] loss: 1.373
[4,   100] loss: 1.363
[4,   110] loss: 1.399
[4,   120] loss: 1.385
[4,   130] loss: 1.368
[4,   140] loss: 1.359
[4,   150] loss: 1.318
[4,   160] loss: 1.339
[4,   170] loss: 1.417
[4,   180] loss: 1.327
[4,   190] loss: 1.312
[4,   200] loss: 1.352
[4,   210] loss: 1.319
[4,   220] loss: 1.395
[4,   230] loss: 1.370
[4,   240] loss: 1.364
[4,   250] loss: 1.407
[4,   260] loss: 1.345
[4,   270] loss: 1.332
[4,   280] loss: 1.350
[4,   290] loss: 1.358
[4,   300] loss: 1.345
[4,   310] loss: 1.330
[4,   320] loss: 1.389
[4,   330] loss: 1.357
[4,   340] loss: 1.399
[4,   350] loss: 1.384
[4,   360] loss: 1.372
[4,   370] loss: 1.362
[4,   380] loss: 1.400
[4,   390] loss: 1.321
[4,   400] loss: 1.401
VALIDATION loss: 1.3173986673355103
[5,    10] loss: 1.364
[5,    20] loss: 1.369
[5,    30] loss: 1.269
[5,    40] loss: 1.331
[5,    50] loss: 1.359
[5,    60] loss: 1.362
[5,    70] loss: 1.391
[5,    80] loss: 1.290
[5,    90] loss: 1.301
[5,   100] loss: 1.319
[5,   110] loss: 1.366
[5,   120] loss: 1.397
[5,   130] loss: 1.356
[5,   140] loss: 1.327
[5,   150] loss: 1.291
[5,   160] loss: 1.332
[5,   170] loss: 1.267
[5,   180] loss: 1.301
[5,   190] loss: 1.368
[5,   200] loss: 1.344
[5,   210] loss: 1.358
[5,   220] loss: 1.282
[5,   230] loss: 1.331
[5,   240] loss: 1.332
[5,   250] loss: 1.354
[5,   260] loss: 1.294
[5,   270] loss: 1.349
[5,   280] loss: 1.334
[5,   290] loss: 1.268
[5,   300] loss: 1.300
[5,   310] loss: 1.312
[5,   320] loss: 1.314
[5,   330] loss: 1.357
[5,   340] loss: 1.367
[5,   350] loss: 1.364
[5,   360] loss: 1.260
[5,   370] loss: 1.277
[5,   380] loss: 1.400
[5,   390] loss: 1.274
[5,   400] loss: 1.299
VALIDATION loss: 1.679315447807312
[6,    10] loss: 1.344
[6,    20] loss: 1.287
[6,    30] loss: 1.333
[6,    40] loss: 1.296
[6,    50] loss: 1.318
[6,    60] loss: 1.337
[6,    70] loss: 1.307
[6,    80] loss: 1.293
[6,    90] loss: 1.326
[6,   100] loss: 1.263
[6,   110] loss: 1.314
[6,   120] loss: 1.302
[6,   130] loss: 1.336
[6,   140] loss: 1.262
[6,   150] loss: 1.306
[6,   160] loss: 1.250
[6,   170] loss: 1.340
[6,   180] loss: 1.334
[6,   190] loss: 1.332
[6,   200] loss: 1.362
[6,   210] loss: 1.209
[6,   220] loss: 1.230
[6,   230] loss: 1.278
[6,   240] loss: 1.299
[6,   250] loss: 1.213
[6,   260] loss: 1.291
[6,   270] loss: 1.245
[6,   280] loss: 1.258
[6,   290] loss: 1.255
[6,   300] loss: 1.258
[6,   310] loss: 1.305
[6,   320] loss: 1.248
[6,   330] loss: 1.314
[6,   340] loss: 1.298
[6,   350] loss: 1.304
[6,   360] loss: 1.266
[6,   370] loss: 1.309
[6,   380] loss: 1.242
[6,   390] loss: 1.305
[6,   400] loss: 1.307
VALIDATION loss: 1.3778847455978394
[7,    10] loss: 1.263
[7,    20] loss: 1.189
[7,    30] loss: 1.302
[7,    40] loss: 1.279
[7,    50] loss: 1.319
[7,    60] loss: 1.205
[7,    70] loss: 1.299
[7,    80] loss: 1.223
[7,    90] loss: 1.320
[7,   100] loss: 1.234
[7,   110] loss: 1.319
[7,   120] loss: 1.276
[7,   130] loss: 1.247
[7,   140] loss: 1.185
[7,   150] loss: 1.242
[7,   160] loss: 1.265
[7,   170] loss: 1.203
[7,   180] loss: 1.290
[7,   190] loss: 1.271
[7,   200] loss: 1.251
[7,   210] loss: 1.311
[7,   220] loss: 1.296
[7,   230] loss: 1.366
[7,   240] loss: 1.236
[7,   250] loss: 1.232
[7,   260] loss: 1.291
[7,   270] loss: 1.175
[7,   280] loss: 1.216
[7,   290] loss: 1.194
[7,   300] loss: 1.246
[7,   310] loss: 1.177
[7,   320] loss: 1.270
[7,   330] loss: 1.349
[7,   340] loss: 1.222
[7,   350] loss: 1.270
[7,   360] loss: 1.153
[7,   370] loss: 1.204
[7,   380] loss: 1.261
[7,   390] loss: 1.246
[7,   400] loss: 1.230
VALIDATION loss: 1.2196788787841797
[8,    10] loss: 1.231
[8,    20] loss: 1.208
[8,    30] loss: 1.235
[8,    40] loss: 1.268
[8,    50] loss: 1.258
[8,    60] loss: 1.199
[8,    70] loss: 1.249
[8,    80] loss: 1.207
[8,    90] loss: 1.245
[8,   100] loss: 1.195
[8,   110] loss: 1.213
[8,   120] loss: 1.252
[8,   130] loss: 1.271
[8,   140] loss: 1.159
[8,   150] loss: 1.228
[8,   160] loss: 1.248
[8,   170] loss: 1.224
[8,   180] loss: 1.317
[8,   190] loss: 1.299
[8,   200] loss: 1.175
[8,   210] loss: 1.218
[8,   220] loss: 1.226
[8,   230] loss: 1.174
[8,   240] loss: 1.150
[8,   250] loss: 1.194
[8,   260] loss: 1.138
[8,   270] loss: 1.199
[8,   280] loss: 1.196
[8,   290] loss: 1.133
[8,   300] loss: 1.268
[8,   310] loss: 1.126
[8,   320] loss: 1.246
[8,   330] loss: 1.219
[8,   340] loss: 1.150
[8,   350] loss: 1.229
[8,   360] loss: 1.191
[8,   370] loss: 1.186
[8,   380] loss: 1.204
[8,   390] loss: 1.219
[8,   400] loss: 1.217
VALIDATION loss: 1.2831754684448242
[9,    10] loss: 1.227
[9,    20] loss: 1.236
[9,    30] loss: 1.146
[9,    40] loss: 1.193
[9,    50] loss: 1.218
[9,    60] loss: 1.237
[9,    70] loss: 1.307
[9,    80] loss: 1.210
[9,    90] loss: 1.215
[9,   100] loss: 1.146
[9,   110] loss: 1.142
[9,   120] loss: 1.203
[9,   130] loss: 1.151
[9,   140] loss: 1.174
[9,   150] loss: 1.234
[9,   160] loss: 1.173
[9,   170] loss: 1.175
[9,   180] loss: 1.200
[9,   190] loss: 1.112
[9,   200] loss: 1.173
[9,   210] loss: 1.135
[9,   220] loss: 1.256
[9,   230] loss: 1.173
[9,   240] loss: 1.197
[9,   250] loss: 1.189
[9,   260] loss: 1.209
[9,   270] loss: 1.159
[9,   280] loss: 1.154
[9,   290] loss: 1.171
[9,   300] loss: 1.289
[9,   310] loss: 1.211
[9,   320] loss: 1.142
[9,   330] loss: 1.174
[9,   340] loss: 1.204
[9,   350] loss: 1.119
[9,   360] loss: 1.202
[9,   370] loss: 1.135
[9,   380] loss: 1.136
[9,   390] loss: 1.180
[9,   400] loss: 1.133
VALIDATION loss: 1.0625206232070923
[10,    10] loss: 1.207
[10,    20] loss: 1.208
[10,    30] loss: 1.166
[10,    40] loss: 1.185
[10,    50] loss: 1.095
[10,    60] loss: 1.230
[10,    70] loss: 1.160
[10,    80] loss: 1.129
[10,    90] loss: 1.106
[10,   100] loss: 1.131
[10,   110] loss: 1.198
[10,   120] loss: 1.132
[10,   130] loss: 1.119
[10,   140] loss: 1.133
[10,   150] loss: 1.155
[10,   160] loss: 1.135
[10,   170] loss: 1.171
[10,   180] loss: 1.125
[10,   190] loss: 1.196
[10,   200] loss: 1.155
[10,   210] loss: 1.158
[10,   220] loss: 1.187
[10,   230] loss: 1.118
[10,   240] loss: 1.147
[10,   250] loss: 1.210
[10,   260] loss: 1.150
[10,   270] loss: 1.220
[10,   280] loss: 1.201
[10,   290] loss: 1.114
[10,   300] loss: 1.101
[10,   310] loss: 1.120
[10,   320] loss: 1.191
[10,   330] loss: 1.209
[10,   340] loss: 1.112
[10,   350] loss: 1.159
[10,   360] loss: 1.044
[10,   370] loss: 1.234
[10,   380] loss: 1.152
[10,   390] loss: 1.209
[10,   400] loss: 1.150
VALIDATION loss: 1.075782060623169
[11,    10] loss: 1.153
[11,    20] loss: 1.077
[11,    30] loss: 1.137
[11,    40] loss: 1.089
[11,    50] loss: 1.125
[11,    60] loss: 1.171
[11,    70] loss: 1.123
[11,    80] loss: 1.160
[11,    90] loss: 1.073
[11,   100] loss: 1.198
[11,   110] loss: 1.130
[11,   120] loss: 1.146
[11,   130] loss: 1.105
[11,   140] loss: 1.181
[11,   150] loss: 1.249
[11,   160] loss: 1.152
[11,   170] loss: 1.087
[11,   180] loss: 1.107
[11,   190] loss: 1.168
[11,   200] loss: 1.112
[11,   210] loss: 1.123
[11,   220] loss: 1.192
[11,   230] loss: 1.231
[11,   240] loss: 1.156
[11,   250] loss: 1.094
[11,   260] loss: 1.042
[11,   270] loss: 1.186
[11,   280] loss: 1.113
[11,   290] loss: 1.035
[11,   300] loss: 1.120
[11,   310] loss: 1.212
[11,   320] loss: 1.105
[11,   330] loss: 1.082
[11,   340] loss: 1.118
[11,   350] loss: 1.257
[11,   360] loss: 1.076
[11,   370] loss: 1.111
[11,   380] loss: 1.139
[11,   390] loss: 1.046
[11,   400] loss: 1.004
VALIDATION loss: 1.5813632011413574
[12,    10] loss: 1.039
[12,    20] loss: 1.130
[12,    30] loss: 1.056
[12,    40] loss: 1.118
[12,    50] loss: 1.145
[12,    60] loss: 1.126
[12,    70] loss: 1.043
[12,    80] loss: 1.139
[12,    90] loss: 1.174
[12,   100] loss: 0.987
[12,   110] loss: 1.089
[12,   120] loss: 1.121
[12,   130] loss: 1.144
[12,   140] loss: 1.224
[12,   150] loss: 1.161
[12,   160] loss: 1.072
[12,   170] loss: 1.064
[12,   180] loss: 1.128
[12,   190] loss: 1.132
[12,   200] loss: 1.147
[12,   210] loss: 1.042
[12,   220] loss: 1.094
[12,   230] loss: 1.095
[12,   240] loss: 1.100
[12,   250] loss: 1.205
[12,   260] loss: 1.084
[12,   270] loss: 1.056
[12,   280] loss: 1.041
[12,   290] loss: 1.065
[12,   300] loss: 1.099
[12,   310] loss: 1.138
[12,   320] loss: 1.093
[12,   330] loss: 1.096
[12,   340] loss: 1.020
[12,   350] loss: 1.171
[12,   360] loss: 1.017
[12,   370] loss: 1.113
[12,   380] loss: 1.041
[12,   390] loss: 1.036
[12,   400] loss: 1.049
VALIDATION loss: 1.3175525665283203
[13,    10] loss: 1.101
[13,    20] loss: 1.007
[13,    30] loss: 1.078
[13,    40] loss: 1.103
[13,    50] loss: 1.094
[13,    60] loss: 1.072
[13,    70] loss: 1.080
[13,    80] loss: 1.094
[13,    90] loss: 1.079
[13,   100] loss: 1.141
[13,   110] loss: 1.141
[13,   120] loss: 1.080
[13,   130] loss: 1.030
[13,   140] loss: 1.149
[13,   150] loss: 1.098
[13,   160] loss: 1.042
[13,   170] loss: 0.999
[13,   180] loss: 0.977
[13,   190] loss: 1.005
[13,   200] loss: 1.016
[13,   210] loss: 1.047
[13,   220] loss: 1.050
[13,   230] loss: 1.013
[13,   240] loss: 1.059
[13,   250] loss: 1.095
[13,   260] loss: 0.998
[13,   270] loss: 1.079
[13,   280] loss: 1.142
[13,   290] loss: 1.058
[13,   300] loss: 1.072
[13,   310] loss: 1.113
[13,   320] loss: 1.057
[13,   330] loss: 1.035
[13,   340] loss: 1.073
[13,   350] loss: 1.054
[13,   360] loss: 1.158
[13,   370] loss: 1.024
[13,   380] loss: 1.118
[13,   390] loss: 1.055
[13,   400] loss: 1.060
VALIDATION loss: 1.607458233833313
[14,    10] loss: 1.035
[14,    20] loss: 1.030
[14,    30] loss: 1.016
[14,    40] loss: 1.063
[14,    50] loss: 1.047
[14,    60] loss: 1.106
[14,    70] loss: 1.057
[14,    80] loss: 1.077
[14,    90] loss: 1.113
[14,   100] loss: 1.044
[14,   110] loss: 1.065
[14,   120] loss: 1.156
[14,   130] loss: 1.218
[14,   140] loss: 1.126
[14,   150] loss: 1.004
[14,   160] loss: 1.028
[14,   170] loss: 1.076
[14,   180] loss: 1.056
[14,   190] loss: 1.014
[14,   200] loss: 1.072
[14,   210] loss: 0.927
[14,   220] loss: 1.056
[14,   230] loss: 0.974
[14,   240] loss: 1.118
[14,   250] loss: 0.981
[14,   260] loss: 1.064
[14,   270] loss: 1.080
[14,   280] loss: 0.975
[14,   290] loss: 1.003
[14,   300] loss: 1.057
[14,   310] loss: 1.014
[14,   320] loss: 1.044
[14,   330] loss: 1.006
[14,   340] loss: 0.995
[14,   350] loss: 0.998
[14,   360] loss: 1.090
[14,   370] loss: 1.095
[14,   380] loss: 0.946
[14,   390] loss: 1.081
[14,   400] loss: 1.026
VALIDATION loss: 1.0366590023040771
[15,    10] loss: 1.109
[15,    20] loss: 1.051
[15,    30] loss: 1.029
[15,    40] loss: 0.946
[15,    50] loss: 1.071
[15,    60] loss: 0.975
[15,    70] loss: 1.150
[15,    80] loss: 1.031
[15,    90] loss: 1.028
[15,   100] loss: 1.011
[15,   110] loss: 1.082
[15,   120] loss: 0.997
[15,   130] loss: 1.062
[15,   140] loss: 1.024
[15,   150] loss: 0.941
[15,   160] loss: 1.152
[15,   170] loss: 0.986
[15,   180] loss: 0.991
[15,   190] loss: 1.018
[15,   200] loss: 1.089
[15,   210] loss: 1.093
[15,   220] loss: 0.974
[15,   230] loss: 0.930
[15,   240] loss: 0.955
[15,   250] loss: 1.118
[15,   260] loss: 1.071
[15,   270] loss: 1.000
[15,   280] loss: 1.104
[15,   290] loss: 1.080
[15,   300] loss: 1.139
[15,   310] loss: 1.036
[15,   320] loss: 1.018
[15,   330] loss: 0.959
[15,   340] loss: 1.104
[15,   350] loss: 1.002
[15,   360] loss: 0.969
[15,   370] loss: 0.921
[15,   380] loss: 1.033
[15,   390] loss: 1.004
[15,   400] loss: 0.939
VALIDATION loss: 1.927909016609192
[16,    10] loss: 0.995
[16,    20] loss: 1.059
[16,    30] loss: 1.071
[16,    40] loss: 1.032
[16,    50] loss: 1.035
[16,    60] loss: 0.983
[16,    70] loss: 0.961
[16,    80] loss: 0.983
[16,    90] loss: 1.070
[16,   100] loss: 1.126
[16,   110] loss: 0.942
[16,   120] loss: 0.997
[16,   130] loss: 0.985
[16,   140] loss: 0.962
[16,   150] loss: 0.993
[16,   160] loss: 1.009
[16,   170] loss: 0.953
[16,   180] loss: 0.954
[16,   190] loss: 0.929
[16,   200] loss: 0.910
[16,   210] loss: 1.103
[16,   220] loss: 1.036
[16,   230] loss: 1.002
[16,   240] loss: 0.976
[16,   250] loss: 1.035
[16,   260] loss: 0.996
[16,   270] loss: 0.980
[16,   280] loss: 1.018
[16,   290] loss: 1.068
[16,   300] loss: 1.013
[16,   310] loss: 1.028
[16,   320] loss: 0.979
[16,   330] loss: 0.935
[16,   340] loss: 1.063
[16,   350] loss: 1.041
[16,   360] loss: 1.000
[16,   370] loss: 1.037
[16,   380] loss: 0.993
[16,   390] loss: 0.966
[16,   400] loss: 1.072
VALIDATION loss: 1.6069912910461426
[17,    10] loss: 0.930
[17,    20] loss: 1.032
[17,    30] loss: 0.925
[17,    40] loss: 0.927
[17,    50] loss: 0.986
[17,    60] loss: 0.985
[17,    70] loss: 1.013
[17,    80] loss: 1.027
[17,    90] loss: 0.995
[17,   100] loss: 1.047
[17,   110] loss: 0.942
[17,   120] loss: 1.008
[17,   130] loss: 0.921
[17,   140] loss: 1.020
[17,   150] loss: 1.028
[17,   160] loss: 1.018
[17,   170] loss: 1.009
[17,   180] loss: 0.962
[17,   190] loss: 1.037
[17,   200] loss: 0.942
[17,   210] loss: 0.972
[17,   220] loss: 1.036
[17,   230] loss: 1.078
[17,   240] loss: 0.969
[17,   250] loss: 0.980
[17,   260] loss: 0.972
[17,   270] loss: 0.965
[17,   280] loss: 0.912
[17,   290] loss: 0.933
[17,   300] loss: 1.046
[17,   310] loss: 0.922
[17,   320] loss: 1.003
[17,   330] loss: 0.953
[17,   340] loss: 0.980
[17,   350] loss: 0.906
[17,   360] loss: 0.838
[17,   370] loss: 0.974
[17,   380] loss: 1.092
[17,   390] loss: 1.018
[17,   400] loss: 0.969
VALIDATION loss: 1.876745343208313
[18,    10] loss: 1.004
[18,    20] loss: 0.899
[18,    30] loss: 0.842
[18,    40] loss: 1.037
[18,    50] loss: 0.928
[18,    60] loss: 0.933
[18,    70] loss: 0.924
[18,    80] loss: 0.878
[18,    90] loss: 0.874
[18,   100] loss: 0.923
[18,   110] loss: 0.994
[18,   120] loss: 0.899
[18,   130] loss: 0.999
[18,   140] loss: 0.962
[18,   150] loss: 0.918
[18,   160] loss: 0.948
[18,   170] loss: 0.992
[18,   180] loss: 0.908
[18,   190] loss: 0.963
[18,   200] loss: 0.998
[18,   210] loss: 1.052
[18,   220] loss: 1.000
[18,   230] loss: 1.045
[18,   240] loss: 0.928
[18,   250] loss: 0.979
[18,   260] loss: 1.014
[18,   270] loss: 0.982
[18,   280] loss: 0.925
[18,   290] loss: 1.079
[18,   300] loss: 0.923
[18,   310] loss: 0.979
[18,   320] loss: 0.924
[18,   330] loss: 0.937
[18,   340] loss: 0.886
[18,   350] loss: 0.914
[18,   360] loss: 0.803
[18,   370] loss: 0.909
[18,   380] loss: 0.982
[18,   390] loss: 0.940
[18,   400] loss: 0.903
VALIDATION loss: 1.7460654973983765
[19,    10] loss: 0.910
[19,    20] loss: 0.893
[19,    30] loss: 0.872
[19,    40] loss: 1.052
[19,    50] loss: 0.930
[19,    60] loss: 0.949
[19,    70] loss: 0.887
[19,    80] loss: 0.882
[19,    90] loss: 1.047
[19,   100] loss: 1.036
[19,   110] loss: 0.954
[19,   120] loss: 0.912
[19,   130] loss: 0.859
[19,   140] loss: 0.976
[19,   150] loss: 0.986
[19,   160] loss: 0.938
[19,   170] loss: 0.876
[19,   180] loss: 0.884
[19,   190] loss: 0.961
[19,   200] loss: 0.933
[19,   210] loss: 0.964
[19,   220] loss: 1.039
[19,   230] loss: 0.950
[19,   240] loss: 0.881
[19,   250] loss: 0.980
[19,   260] loss: 0.972
[19,   270] loss: 0.975
[19,   280] loss: 0.902
[19,   290] loss: 0.892
[19,   300] loss: 0.905
[19,   310] loss: 0.907
[19,   320] loss: 0.964
[19,   330] loss: 1.039
[19,   340] loss: 0.962
[19,   350] loss: 0.877
[19,   360] loss: 0.944
[19,   370] loss: 0.856
[19,   380] loss: 1.004
[19,   390] loss: 0.913
[19,   400] loss: 0.913
VALIDATION loss: 2.0057573318481445
[20,    10] loss: 0.903
[20,    20] loss: 0.947
[20,    30] loss: 1.014
[20,    40] loss: 0.888
[20,    50] loss: 0.845
[20,    60] loss: 1.002
[20,    70] loss: 0.889
[20,    80] loss: 0.924
[20,    90] loss: 0.885
[20,   100] loss: 0.995
[20,   110] loss: 0.933
[20,   120] loss: 0.943
[20,   130] loss: 0.868
[20,   140] loss: 0.873
[20,   150] loss: 0.923
[20,   160] loss: 0.873
[20,   170] loss: 0.950
[20,   180] loss: 0.976
[20,   190] loss: 1.000
[20,   200] loss: 0.898
[20,   210] loss: 0.855
[20,   220] loss: 0.982
[20,   230] loss: 0.890
[20,   240] loss: 0.826
[20,   250] loss: 1.006
[20,   260] loss: 0.863
[20,   270] loss: 0.861
[20,   280] loss: 0.991
[20,   290] loss: 1.032
[20,   300] loss: 0.921
[20,   310] loss: 0.855
[20,   320] loss: 0.944
[20,   330] loss: 1.040
[20,   340] loss: 0.975
[20,   350] loss: 0.858
[20,   360] loss: 0.909
[20,   370] loss: 0.848
[20,   380] loss: 0.916
[20,   390] loss: 0.927
[20,   400] loss: 0.870
VALIDATION loss: 0.9070806503295898
[21,    10] loss: 0.915
[21,    20] loss: 0.884
[21,    30] loss: 0.915
[21,    40] loss: 0.930
[21,    50] loss: 0.840
[21,    60] loss: 0.888
[21,    70] loss: 0.996
[21,    80] loss: 0.861
[21,    90] loss: 0.868
[21,   100] loss: 0.867
[21,   110] loss: 0.875
[21,   120] loss: 0.911
[21,   130] loss: 0.778
[21,   140] loss: 0.896
[21,   150] loss: 0.925
[21,   160] loss: 0.879
[21,   170] loss: 0.970
[21,   180] loss: 0.973
[21,   190] loss: 0.920
[21,   200] loss: 0.956
[21,   210] loss: 0.908
[21,   220] loss: 0.924
[21,   230] loss: 0.864
[21,   240] loss: 0.831
[21,   250] loss: 0.846
[21,   260] loss: 0.898
[21,   270] loss: 0.811
[21,   280] loss: 0.875
[21,   290] loss: 0.959
[21,   300] loss: 0.775
[21,   310] loss: 0.914
[21,   320] loss: 0.754
[21,   330] loss: 0.870
[21,   340] loss: 0.865
[21,   350] loss: 0.777
[21,   360] loss: 0.932
[21,   370] loss: 0.883
[21,   380] loss: 0.940
[21,   390] loss: 0.934
[21,   400] loss: 0.934
VALIDATION loss: 0.8363495469093323
[22,    10] loss: 0.964
[22,    20] loss: 0.924
[22,    30] loss: 1.024
[22,    40] loss: 0.858
[22,    50] loss: 0.825
[22,    60] loss: 0.889
[22,    70] loss: 0.966
[22,    80] loss: 0.904
[22,    90] loss: 0.799
[22,   100] loss: 0.944
[22,   110] loss: 0.825
[22,   120] loss: 0.834
[22,   130] loss: 0.948
[22,   140] loss: 0.854
[22,   150] loss: 0.846
[22,   160] loss: 0.857
[22,   170] loss: 0.828
[22,   180] loss: 0.945
[22,   190] loss: 0.828
[22,   200] loss: 0.848
[22,   210] loss: 0.932
[22,   220] loss: 0.851
[22,   230] loss: 0.860
[22,   240] loss: 0.888
[22,   250] loss: 0.924
[22,   260] loss: 0.901
[22,   270] loss: 0.921
[22,   280] loss: 0.853
[22,   290] loss: 0.879
[22,   300] loss: 0.861
[22,   310] loss: 0.845
[22,   320] loss: 0.994
[22,   330] loss: 0.844
[22,   340] loss: 0.820
[22,   350] loss: 0.893
[22,   360] loss: 0.841
[22,   370] loss: 0.867
[22,   380] loss: 0.889
[22,   390] loss: 0.821
[22,   400] loss: 0.826
VALIDATION loss: 1.533554196357727
[23,    10] loss: 0.826
[23,    20] loss: 0.774
[23,    30] loss: 0.964
[23,    40] loss: 0.801
[23,    50] loss: 0.819
[23,    60] loss: 0.815
[23,    70] loss: 0.914
[23,    80] loss: 0.794
[23,    90] loss: 0.855
[23,   100] loss: 0.900
[23,   110] loss: 0.928
[23,   120] loss: 0.870
[23,   130] loss: 0.862
[23,   140] loss: 0.771
[23,   150] loss: 0.887
[23,   160] loss: 0.862
[23,   170] loss: 0.901
[23,   180] loss: 0.945
[23,   190] loss: 0.842
[23,   200] loss: 0.831
[23,   210] loss: 0.967
[23,   220] loss: 0.837
[23,   230] loss: 0.835
[23,   240] loss: 0.897
[23,   250] loss: 0.807
[23,   260] loss: 0.898
[23,   270] loss: 0.840
[23,   280] loss: 0.897
[23,   290] loss: 0.798
[23,   300] loss: 0.883
[23,   310] loss: 0.817
[23,   320] loss: 0.886
[23,   330] loss: 0.909
[23,   340] loss: 0.852
[23,   350] loss: 0.915
[23,   360] loss: 0.933
[23,   370] loss: 0.764
[23,   380] loss: 0.814
[23,   390] loss: 0.740
[23,   400] loss: 0.818
VALIDATION loss: 0.9912970066070557
[24,    10] loss: 0.775
[24,    20] loss: 0.864
[24,    30] loss: 0.808
[24,    40] loss: 0.823
[24,    50] loss: 0.856
[24,    60] loss: 0.814
[24,    70] loss: 0.838
[24,    80] loss: 0.801
[24,    90] loss: 0.806
[24,   100] loss: 0.789
[24,   110] loss: 0.842
[24,   120] loss: 0.890
[24,   130] loss: 0.931
[24,   140] loss: 0.865
[24,   150] loss: 0.801
[24,   160] loss: 0.852
[24,   170] loss: 0.822
[24,   180] loss: 0.790
[24,   190] loss: 0.818
[24,   200] loss: 0.884
[24,   210] loss: 0.844
[24,   220] loss: 0.741
[24,   230] loss: 0.867
[24,   240] loss: 0.751
[24,   250] loss: 0.885
[24,   260] loss: 0.813
[24,   270] loss: 0.886
[24,   280] loss: 0.770
[24,   290] loss: 0.787
[24,   300] loss: 0.810
[24,   310] loss: 0.988
[24,   320] loss: 0.796
[24,   330] loss: 0.944
[24,   340] loss: 0.793
[24,   350] loss: 0.811
[24,   360] loss: 0.904
[24,   370] loss: 0.886
[24,   380] loss: 0.827
[24,   390] loss: 0.787
[24,   400] loss: 0.804
VALIDATION loss: 2.8558332920074463
[25,    10] loss: 0.817
[25,    20] loss: 0.845
[25,    30] loss: 0.781
[25,    40] loss: 0.813
[25,    50] loss: 0.945
[25,    60] loss: 0.824
[25,    70] loss: 0.755
[25,    80] loss: 0.854
[25,    90] loss: 0.848
[25,   100] loss: 0.866
[25,   110] loss: 0.750
[25,   120] loss: 0.828
[25,   130] loss: 0.815
[25,   140] loss: 0.657
[25,   150] loss: 0.823
[25,   160] loss: 0.811
[25,   170] loss: 0.778
[25,   180] loss: 0.874
[25,   190] loss: 0.836
[25,   200] loss: 0.844
[25,   210] loss: 0.858
[25,   220] loss: 0.801
[25,   230] loss: 0.773
[25,   240] loss: 0.822
[25,   250] loss: 0.766
[25,   260] loss: 0.874
[25,   270] loss: 0.756
[25,   280] loss: 0.816
[25,   290] loss: 0.758
[25,   300] loss: 0.867
[25,   310] loss: 0.835
[25,   320] loss: 0.791
[25,   330] loss: 0.717
[25,   340] loss: 0.816
[25,   350] loss: 0.827
[25,   360] loss: 0.824
[25,   370] loss: 0.815
[25,   380] loss: 0.792
[25,   390] loss: 0.810
[25,   400] loss: 0.785
VALIDATION loss: 2.0179784297943115
[26,    10] loss: 0.886
[26,    20] loss: 0.840
[26,    30] loss: 0.759
[26,    40] loss: 0.765
[26,    50] loss: 0.760
[26,    60] loss: 0.756
[26,    70] loss: 0.845
[26,    80] loss: 0.958
[26,    90] loss: 0.774
[26,   100] loss: 0.845
[26,   110] loss: 0.888
[26,   120] loss: 0.919
[26,   130] loss: 0.799
[26,   140] loss: 0.811
[26,   150] loss: 0.803
[26,   160] loss: 0.805
[26,   170] loss: 0.775
[26,   180] loss: 0.852
[26,   190] loss: 0.814
[26,   200] loss: 0.807
[26,   210] loss: 0.886
[26,   220] loss: 0.857
[26,   230] loss: 0.823
[26,   240] loss: 0.960
[26,   250] loss: 0.807
[26,   260] loss: 0.790
[26,   270] loss: 0.809
[26,   280] loss: 0.766
[26,   290] loss: 0.806
[26,   300] loss: 0.780
[26,   310] loss: 0.864
[26,   320] loss: 0.836
[26,   330] loss: 0.843
[26,   340] loss: 0.862
[26,   350] loss: 0.820
[26,   360] loss: 0.845
[26,   370] loss: 0.812
[26,   380] loss: 0.698
[26,   390] loss: 0.865
[26,   400] loss: 0.798
VALIDATION loss: 3.7350642681121826
[27,    10] loss: 0.786
[27,    20] loss: 0.814
[27,    30] loss: 0.830
[27,    40] loss: 0.798
[27,    50] loss: 0.889
[27,    60] loss: 0.818
[27,    70] loss: 0.813
[27,    80] loss: 0.733
[27,    90] loss: 0.891
[27,   100] loss: 0.872
[27,   110] loss: 0.769
[27,   120] loss: 0.869
[27,   130] loss: 0.806
[27,   140] loss: 0.768
[27,   150] loss: 0.779
[27,   160] loss: 0.742
[27,   170] loss: 0.682
[27,   180] loss: 0.783
[27,   190] loss: 0.892
[27,   200] loss: 0.677
[27,   210] loss: 0.794
[27,   220] loss: 0.720
[27,   230] loss: 0.734
[27,   240] loss: 0.797
[27,   250] loss: 0.771
[27,   260] loss: 0.807
[27,   270] loss: 0.786
[27,   280] loss: 0.777
[27,   290] loss: 0.866
[27,   300] loss: 0.790
[27,   310] loss: 0.822
[27,   320] loss: 0.791
[27,   330] loss: 0.835
[27,   340] loss: 0.789
[27,   350] loss: 0.748
[27,   360] loss: 0.720
[27,   370] loss: 0.786
[27,   380] loss: 0.774
[27,   390] loss: 0.777
[27,   400] loss: 0.747
VALIDATION loss: 1.639949083328247
[28,    10] loss: 0.770
[28,    20] loss: 0.903
[28,    30] loss: 0.804
[28,    40] loss: 0.736
[28,    50] loss: 0.764
[28,    60] loss: 0.678
[28,    70] loss: 0.817
[28,    80] loss: 0.743
[28,    90] loss: 0.810
[28,   100] loss: 0.867
[28,   110] loss: 0.854
[28,   120] loss: 0.717
[28,   130] loss: 0.794
[28,   140] loss: 0.833
[28,   150] loss: 0.764
[28,   160] loss: 0.789
[28,   170] loss: 0.688
[28,   180] loss: 0.854
[28,   190] loss: 0.777
[28,   200] loss: 0.777
[28,   210] loss: 0.787
[28,   220] loss: 0.744
[28,   230] loss: 0.904
[28,   240] loss: 0.785
[28,   250] loss: 0.787
[28,   260] loss: 0.778
[28,   270] loss: 0.811
[28,   280] loss: 0.765
[28,   290] loss: 0.874
[28,   300] loss: 0.822
[28,   310] loss: 0.873
[28,   320] loss: 0.779
[28,   330] loss: 0.819
[28,   340] loss: 0.704
[28,   350] loss: 0.671
[28,   360] loss: 0.768
[28,   370] loss: 0.772
[28,   380] loss: 0.735
[28,   390] loss: 0.643
[28,   400] loss: 0.771
VALIDATION loss: 2.205012083053589
[29,    10] loss: 0.777
[29,    20] loss: 0.798
[29,    30] loss: 0.710
[29,    40] loss: 0.829
[29,    50] loss: 0.884
[29,    60] loss: 0.808
[29,    70] loss: 0.786
[29,    80] loss: 0.822
[29,    90] loss: 0.651
[29,   100] loss: 0.677
[29,   110] loss: 0.838
[29,   120] loss: 0.675
[29,   130] loss: 0.715
[29,   140] loss: 0.646
[29,   150] loss: 0.805
[29,   160] loss: 0.785
[29,   170] loss: 0.664
[29,   180] loss: 0.748
[29,   190] loss: 0.754
[29,   200] loss: 0.920
[29,   210] loss: 0.865
[29,   220] loss: 0.777
[29,   230] loss: 0.746
[29,   240] loss: 0.792
[29,   250] loss: 0.825
[29,   260] loss: 0.759
[29,   270] loss: 0.807
[29,   280] loss: 0.712
[29,   290] loss: 0.712
[29,   300] loss: 0.706
[29,   310] loss: 0.760
[29,   320] loss: 0.798
[29,   330] loss: 0.706
[29,   340] loss: 0.694
[29,   350] loss: 0.747
[29,   360] loss: 0.733
[29,   370] loss: 0.869
[29,   380] loss: 0.685
[29,   390] loss: 0.811
[29,   400] loss: 0.768
VALIDATION loss: 1.1468859910964966
[30,    10] loss: 0.837
[30,    20] loss: 0.792
[30,    30] loss: 0.716
[30,    40] loss: 0.731
[30,    50] loss: 0.716
[30,    60] loss: 0.738
[30,    70] loss: 0.742
[30,    80] loss: 0.755
[30,    90] loss: 0.716
[30,   100] loss: 0.743
[30,   110] loss: 0.815
[30,   120] loss: 0.675
[30,   130] loss: 0.723
[30,   140] loss: 0.728
[30,   150] loss: 0.809
[30,   160] loss: 0.757
[30,   170] loss: 0.734
[30,   180] loss: 0.801
[30,   190] loss: 0.673
[30,   200] loss: 0.740
[30,   210] loss: 0.736
[30,   220] loss: 0.770
[30,   230] loss: 0.853
[30,   240] loss: 0.769
[30,   250] loss: 0.771
[30,   260] loss: 0.796
[30,   270] loss: 0.683
[30,   280] loss: 0.752
[30,   290] loss: 0.774
[30,   300] loss: 0.709
[30,   310] loss: 0.728
[30,   320] loss: 0.737
[30,   330] loss: 0.804
[30,   340] loss: 0.774
[30,   350] loss: 0.865
[30,   360] loss: 0.736
[30,   370] loss: 0.763
[30,   380] loss: 0.821
[30,   390] loss: 0.713
[30,   400] loss: 0.640
VALIDATION loss: 2.442512273788452
[31,    10] loss: 0.729
[31,    20] loss: 0.727
[31,    30] loss: 0.750
[31,    40] loss: 0.660
[31,    50] loss: 0.710
[31,    60] loss: 0.775
[31,    70] loss: 0.790
[31,    80] loss: 0.815
[31,    90] loss: 0.714
[31,   100] loss: 0.745
[31,   110] loss: 0.674
[31,   120] loss: 0.711
[31,   130] loss: 0.727
[31,   140] loss: 0.705
[31,   150] loss: 0.782
[31,   160] loss: 0.775
[31,   170] loss: 0.686
[31,   180] loss: 0.657
[31,   190] loss: 0.709
[31,   200] loss: 0.772
[31,   210] loss: 0.732
[31,   220] loss: 0.731
[31,   230] loss: 0.682
[31,   240] loss: 0.750
[31,   250] loss: 0.787
[31,   260] loss: 0.796
[31,   270] loss: 0.724
[31,   280] loss: 0.771
[31,   290] loss: 0.669
[31,   300] loss: 0.809
[31,   310] loss: 0.737
[31,   320] loss: 0.751
[31,   330] loss: 0.689
[31,   340] loss: 0.777
[31,   350] loss: 0.711
[31,   360] loss: 0.733
[31,   370] loss: 0.667
[31,   380] loss: 0.748
[31,   390] loss: 0.737
[31,   400] loss: 0.801
VALIDATION loss: 0.7682526707649231
[32,    10] loss: 0.758
[32,    20] loss: 0.775
[32,    30] loss: 0.708
[32,    40] loss: 0.702
[32,    50] loss: 0.873
[32,    60] loss: 0.753
[32,    70] loss: 0.717
[32,    80] loss: 0.780
[32,    90] loss: 0.694
[32,   100] loss: 0.671
[32,   110] loss: 0.732
[32,   120] loss: 0.749
[32,   130] loss: 0.766
[32,   140] loss: 0.747
[32,   150] loss: 0.797
[32,   160] loss: 0.843
[32,   170] loss: 0.671
[32,   180] loss: 0.737
[32,   190] loss: 0.738
[32,   200] loss: 0.726
[32,   210] loss: 0.686
[32,   220] loss: 0.698
[32,   230] loss: 0.757
[32,   240] loss: 0.745
[32,   250] loss: 0.697
[32,   260] loss: 0.742
[32,   270] loss: 0.728
[32,   280] loss: 0.781
[32,   290] loss: 0.736
[32,   300] loss: 0.662
[32,   310] loss: 0.682
[32,   320] loss: 0.658
[32,   330] loss: 0.704
[32,   340] loss: 0.840
[32,   350] loss: 0.814
[32,   360] loss: 0.705
[32,   370] loss: 0.686
[32,   380] loss: 0.786
[32,   390] loss: 0.744
[32,   400] loss: 0.644
VALIDATION loss: 0.7820245623588562
[33,    10] loss: 0.736
[33,    20] loss: 0.754
[33,    30] loss: 0.742
[33,    40] loss: 0.711
[33,    50] loss: 0.633
[33,    60] loss: 0.736
[33,    70] loss: 0.734
[33,    80] loss: 0.859
[33,    90] loss: 0.777
[33,   100] loss: 0.701
[33,   110] loss: 0.670
[33,   120] loss: 0.743
[33,   130] loss: 0.695
[33,   140] loss: 0.712
[33,   150] loss: 0.789
[33,   160] loss: 0.737
[33,   170] loss: 0.824
[33,   180] loss: 0.682
[33,   190] loss: 0.673
[33,   200] loss: 0.720
[33,   210] loss: 0.743
[33,   220] loss: 0.680
[33,   230] loss: 0.668
[33,   240] loss: 0.704
[33,   250] loss: 0.648
[33,   260] loss: 0.674
[33,   270] loss: 0.763
[33,   280] loss: 0.721
[33,   290] loss: 0.831
[33,   300] loss: 0.740
[33,   310] loss: 0.743
[33,   320] loss: 0.679
[33,   330] loss: 0.735
[33,   340] loss: 0.672
[33,   350] loss: 0.645
[33,   360] loss: 0.730
[33,   370] loss: 0.788
[33,   380] loss: 0.721
[33,   390] loss: 0.694
[33,   400] loss: 0.749
VALIDATION loss: 2.4819495677948
[34,    10] loss: 0.618
[34,    20] loss: 0.690
[34,    30] loss: 0.734
[34,    40] loss: 0.705
[34,    50] loss: 0.736
[34,    60] loss: 0.629
[34,    70] loss: 0.686
[34,    80] loss: 0.642
[34,    90] loss: 0.805
[34,   100] loss: 0.693
[34,   110] loss: 0.738
[34,   120] loss: 0.706
[34,   130] loss: 0.735
[34,   140] loss: 0.656
[34,   150] loss: 0.658
[34,   160] loss: 0.731
[34,   170] loss: 0.777
[34,   180] loss: 0.720
[34,   190] loss: 0.753
[34,   200] loss: 0.755
[34,   210] loss: 0.774
[34,   220] loss: 0.693
[34,   230] loss: 0.779
[34,   240] loss: 0.734
[34,   250] loss: 0.700
[34,   260] loss: 0.678
[34,   270] loss: 0.647
[34,   280] loss: 0.756
[34,   290] loss: 0.613
[34,   300] loss: 0.740
[34,   310] loss: 0.635
[34,   320] loss: 0.791
[34,   330] loss: 0.725
[34,   340] loss: 0.668
[34,   350] loss: 0.659
[34,   360] loss: 0.694
[34,   370] loss: 0.713
[34,   380] loss: 0.675
[34,   390] loss: 0.676
[34,   400] loss: 0.730
VALIDATION loss: 0.6638053059577942
[35,    10] loss: 0.741
[35,    20] loss: 0.699
[35,    30] loss: 0.671
[35,    40] loss: 0.723
[35,    50] loss: 0.647
[35,    60] loss: 0.633
[35,    70] loss: 0.725
[35,    80] loss: 0.637
[35,    90] loss: 0.626
[35,   100] loss: 0.727
[35,   110] loss: 0.716
[35,   120] loss: 0.859
[35,   130] loss: 0.762
[35,   140] loss: 0.624
[35,   150] loss: 0.736
[35,   160] loss: 0.763
[35,   170] loss: 0.705
[35,   180] loss: 0.694
[35,   190] loss: 0.708
[35,   200] loss: 0.671
[35,   210] loss: 0.632
[35,   220] loss: 0.651
[35,   230] loss: 0.677
[35,   240] loss: 0.690
[35,   250] loss: 0.728
[35,   260] loss: 0.713
[35,   270] loss: 0.683
[35,   280] loss: 0.707
[35,   290] loss: 0.669
[35,   300] loss: 0.718
[35,   310] loss: 0.799
[35,   320] loss: 0.652
[35,   330] loss: 0.713
[35,   340] loss: 0.786
[35,   350] loss: 0.634
[35,   360] loss: 0.684
[35,   370] loss: 0.781
[35,   380] loss: 0.627
[35,   390] loss: 0.694
[35,   400] loss: 0.544
VALIDATION loss: 0.755585789680481
[36,    10] loss: 0.613
[36,    20] loss: 0.735
[36,    30] loss: 0.704
[36,    40] loss: 0.716
[36,    50] loss: 0.690
[36,    60] loss: 0.646
[36,    70] loss: 0.651
[36,    80] loss: 0.729
[36,    90] loss: 0.644
[36,   100] loss: 0.835
[36,   110] loss: 0.645
[36,   120] loss: 0.572
[36,   130] loss: 0.708
[36,   140] loss: 0.697
[36,   150] loss: 0.657
[36,   160] loss: 0.654
[36,   170] loss: 0.664
[36,   180] loss: 0.643
[36,   190] loss: 0.652
[36,   200] loss: 0.652
[36,   210] loss: 0.738
[36,   220] loss: 0.696
[36,   230] loss: 0.706
[36,   240] loss: 0.671
[36,   250] loss: 0.825
[36,   260] loss: 0.743
[36,   270] loss: 0.785
[36,   280] loss: 0.736
[36,   290] loss: 0.657
[36,   300] loss: 0.646
[36,   310] loss: 0.684
[36,   320] loss: 0.625
[36,   330] loss: 0.692
[36,   340] loss: 0.868
[36,   350] loss: 0.622
[36,   360] loss: 0.611
[36,   370] loss: 0.737
[36,   380] loss: 0.633
[36,   390] loss: 0.722
[36,   400] loss: 0.704
VALIDATION loss: 1.7430751323699951
[37,    10] loss: 0.592
[37,    20] loss: 0.632
[37,    30] loss: 0.700
[37,    40] loss: 0.743
[37,    50] loss: 0.682
[37,    60] loss: 0.635
[37,    70] loss: 0.604
[37,    80] loss: 0.741
[37,    90] loss: 0.806
[37,   100] loss: 0.544
[37,   110] loss: 0.615
[37,   120] loss: 0.660
[37,   130] loss: 0.668
[37,   140] loss: 0.685
[37,   150] loss: 0.626
[37,   160] loss: 0.815
[37,   170] loss: 0.659
[37,   180] loss: 0.589
[37,   190] loss: 0.633
[37,   200] loss: 0.737
[37,   210] loss: 0.687
[37,   220] loss: 0.698
[37,   230] loss: 0.611
[37,   240] loss: 0.684
[37,   250] loss: 0.651
[37,   260] loss: 0.742
[37,   270] loss: 0.675
[37,   280] loss: 0.717
[37,   290] loss: 0.678
[37,   300] loss: 0.640
[37,   310] loss: 0.660
[37,   320] loss: 0.711
[37,   330] loss: 0.667
[37,   340] loss: 0.765
[37,   350] loss: 0.710
[37,   360] loss: 0.633
[37,   370] loss: 0.776
[37,   380] loss: 0.685
[37,   390] loss: 0.731
[37,   400] loss: 0.637
VALIDATION loss: 3.1006572246551514
[38,    10] loss: 0.683
[38,    20] loss: 0.715
[38,    30] loss: 0.599
[38,    40] loss: 0.713
[38,    50] loss: 0.686
[38,    60] loss: 0.732
[38,    70] loss: 0.704
[38,    80] loss: 0.621
[38,    90] loss: 0.570
[38,   100] loss: 0.722
[38,   110] loss: 0.714
[38,   120] loss: 0.680
[38,   130] loss: 0.583
[38,   140] loss: 0.603
[38,   150] loss: 0.812
[38,   160] loss: 0.721
[38,   170] loss: 0.610
[38,   180] loss: 0.667
[38,   190] loss: 0.757
[38,   200] loss: 0.637
[38,   210] loss: 0.643
[38,   220] loss: 0.669
[38,   230] loss: 0.627
[38,   240] loss: 0.614
[38,   250] loss: 0.738
[38,   260] loss: 0.696
[38,   270] loss: 0.703
[38,   280] loss: 0.705
[38,   290] loss: 0.646
[38,   300] loss: 0.697
[38,   310] loss: 0.706
[38,   320] loss: 0.651
[38,   330] loss: 0.555
[38,   340] loss: 0.574
[38,   350] loss: 0.651
[38,   360] loss: 0.678
[38,   370] loss: 0.759
[38,   380] loss: 0.724
[38,   390] loss: 0.629
[38,   400] loss: 0.600
VALIDATION loss: 3.093142032623291
[39,    10] loss: 0.632
[39,    20] loss: 0.691
[39,    30] loss: 0.744
[39,    40] loss: 0.608
[39,    50] loss: 0.620
[39,    60] loss: 0.651
[39,    70] loss: 0.669
[39,    80] loss: 0.616
[39,    90] loss: 0.730
[39,   100] loss: 0.688
[39,   110] loss: 0.703
[39,   120] loss: 0.724
[39,   130] loss: 0.609
[39,   140] loss: 0.658
[39,   150] loss: 0.691
[39,   160] loss: 0.608
[39,   170] loss: 0.670
[39,   180] loss: 0.615
[39,   190] loss: 0.676
[39,   200] loss: 0.653
[39,   210] loss: 0.799
[39,   220] loss: 0.671
[39,   230] loss: 0.588
[39,   240] loss: 0.767
[39,   250] loss: 0.830
[39,   260] loss: 0.718
[39,   270] loss: 0.586
[39,   280] loss: 0.686
[39,   290] loss: 0.590
[39,   300] loss: 0.625
[39,   310] loss: 0.617
[39,   320] loss: 0.724
[39,   330] loss: 0.733
[39,   340] loss: 0.630
[39,   350] loss: 0.660
[39,   360] loss: 0.668
[39,   370] loss: 0.638
[39,   380] loss: 0.640
[39,   390] loss: 0.640
[39,   400] loss: 0.768
VALIDATION loss: 0.765171229839325
[40,    10] loss: 0.662
[40,    20] loss: 0.651
[40,    30] loss: 0.641
[40,    40] loss: 0.647
[40,    50] loss: 0.670
[40,    60] loss: 0.647
[40,    70] loss: 0.695
[40,    80] loss: 0.705
[40,    90] loss: 0.648
[40,   100] loss: 0.640
[40,   110] loss: 0.638
[40,   120] loss: 0.620
[40,   130] loss: 0.698
[40,   140] loss: 0.628
[40,   150] loss: 0.640
[40,   160] loss: 0.658
[40,   170] loss: 0.692
[40,   180] loss: 0.706
[40,   190] loss: 0.660
[40,   200] loss: 0.690
[40,   210] loss: 0.659
[40,   220] loss: 0.572
[40,   230] loss: 0.723
[40,   240] loss: 0.653
[40,   250] loss: 0.662
[40,   260] loss: 0.706
[40,   270] loss: 0.662
[40,   280] loss: 0.719
[40,   290] loss: 0.610
[40,   300] loss: 0.663
[40,   310] loss: 0.574
[40,   320] loss: 0.521
[40,   330] loss: 0.638
[40,   340] loss: 0.568
[40,   350] loss: 0.681
[40,   360] loss: 0.596
[40,   370] loss: 0.579
[40,   380] loss: 0.611
[40,   390] loss: 0.573
[40,   400] loss: 0.643
VALIDATION loss: 1.115028977394104
[41,    10] loss: 0.606
[41,    20] loss: 0.615
[41,    30] loss: 0.649
[41,    40] loss: 0.640
[41,    50] loss: 0.596
[41,    60] loss: 0.704
[41,    70] loss: 0.643
[41,    80] loss: 0.601
[41,    90] loss: 0.548
[41,   100] loss: 0.570
[41,   110] loss: 0.677
[41,   120] loss: 0.684
[41,   130] loss: 0.664
[41,   140] loss: 0.712
[41,   150] loss: 0.644
[41,   160] loss: 0.668
[41,   170] loss: 0.602
[41,   180] loss: 0.661
[41,   190] loss: 0.772
[41,   200] loss: 0.618
[41,   210] loss: 0.605
[41,   220] loss: 0.624
[41,   230] loss: 0.610
[41,   240] loss: 0.584
[41,   250] loss: 0.626
[41,   260] loss: 0.641
[41,   270] loss: 0.751
[41,   280] loss: 0.649
[41,   290] loss: 0.671
[41,   300] loss: 0.714
[41,   310] loss: 0.695
[41,   320] loss: 0.645
[41,   330] loss: 0.693
[41,   340] loss: 0.681
[41,   350] loss: 0.563
[41,   360] loss: 0.622
[41,   370] loss: 0.547
[41,   380] loss: 0.688
[41,   390] loss: 0.611
[41,   400] loss: 0.691
VALIDATION loss: 0.6314024925231934
[42,    10] loss: 0.648
[42,    20] loss: 0.595
[42,    30] loss: 0.631
[42,    40] loss: 0.602
[42,    50] loss: 0.728
[42,    60] loss: 0.608
[42,    70] loss: 0.556
[42,    80] loss: 0.648
[42,    90] loss: 0.663
[42,   100] loss: 0.644
[42,   110] loss: 0.566
[42,   120] loss: 0.709
[42,   130] loss: 0.718
[42,   140] loss: 0.702
[42,   150] loss: 0.612
[42,   160] loss: 0.614
[42,   170] loss: 0.564
[42,   180] loss: 0.586
[42,   190] loss: 0.649
[42,   200] loss: 0.579
[42,   210] loss: 0.577
[42,   220] loss: 0.691
[42,   230] loss: 0.674
[42,   240] loss: 0.623
[42,   250] loss: 0.649
[42,   260] loss: 0.606
[42,   270] loss: 0.616
[42,   280] loss: 0.707
[42,   290] loss: 0.706
[42,   300] loss: 0.694
[42,   310] loss: 0.593
[42,   320] loss: 0.644
[42,   330] loss: 0.584
[42,   340] loss: 0.594
[42,   350] loss: 0.676
[42,   360] loss: 0.558
[42,   370] loss: 0.594
[42,   380] loss: 0.629
[42,   390] loss: 0.651
[42,   400] loss: 0.666
VALIDATION loss: 1.7683241367340088
[43,    10] loss: 0.647
[43,    20] loss: 0.630
[43,    30] loss: 0.614
[43,    40] loss: 0.665
[43,    50] loss: 0.796
[43,    60] loss: 0.745
[43,    70] loss: 0.699
[43,    80] loss: 0.593
[43,    90] loss: 0.620
[43,   100] loss: 0.609
[43,   110] loss: 0.663
[43,   120] loss: 0.664
[43,   130] loss: 0.620
[43,   140] loss: 0.606
[43,   150] loss: 0.602
[43,   160] loss: 0.640
[43,   170] loss: 0.654
[43,   180] loss: 0.771
[43,   190] loss: 0.585
[43,   200] loss: 0.553
[43,   210] loss: 0.626
[43,   220] loss: 0.629
[43,   230] loss: 0.563
[43,   240] loss: 0.677
[43,   250] loss: 0.564
[43,   260] loss: 0.637
[43,   270] loss: 0.556
[43,   280] loss: 0.562
[43,   290] loss: 0.491
[43,   300] loss: 0.590
[43,   310] loss: 0.595
[43,   320] loss: 0.603
[43,   330] loss: 0.658
[43,   340] loss: 0.636
[43,   350] loss: 0.586
[43,   360] loss: 0.564
[43,   370] loss: 0.650
[43,   380] loss: 0.547
[43,   390] loss: 0.717
[43,   400] loss: 0.702
VALIDATION loss: 2.8346736431121826
[44,    10] loss: 0.706
[44,    20] loss: 0.670
[44,    30] loss: 0.631
[44,    40] loss: 0.593
[44,    50] loss: 0.633
[44,    60] loss: 0.558
[44,    70] loss: 0.569
[44,    80] loss: 0.719
[44,    90] loss: 0.591
[44,   100] loss: 0.593
[44,   110] loss: 0.637
[44,   120] loss: 0.515
[44,   130] loss: 0.615
[44,   140] loss: 0.604
[44,   150] loss: 0.667
[44,   160] loss: 0.565
[44,   170] loss: 0.630
[44,   180] loss: 0.649
[44,   190] loss: 0.550
[44,   200] loss: 0.614
[44,   210] loss: 0.549
[44,   220] loss: 0.589
[44,   230] loss: 0.607
[44,   240] loss: 0.596
[44,   250] loss: 0.620
[44,   260] loss: 0.747
[44,   270] loss: 0.627
[44,   280] loss: 0.596
[44,   290] loss: 0.623
[44,   300] loss: 0.598
[44,   310] loss: 0.651
[44,   320] loss: 0.681
[44,   330] loss: 0.587
[44,   340] loss: 0.608
[44,   350] loss: 0.598
[44,   360] loss: 0.625
[44,   370] loss: 0.614
[44,   380] loss: 0.565
[44,   390] loss: 0.683
[44,   400] loss: 0.657
VALIDATION loss: 1.5675151348114014
[45,    10] loss: 0.620
[45,    20] loss: 0.542
[45,    30] loss: 0.728
[45,    40] loss: 0.614
[45,    50] loss: 0.575
[45,    60] loss: 0.713
[45,    70] loss: 0.593
[45,    80] loss: 0.510
[45,    90] loss: 0.569
[45,   100] loss: 0.695
[45,   110] loss: 0.550
[45,   120] loss: 0.541
[45,   130] loss: 0.573
[45,   140] loss: 0.551
[45,   150] loss: 0.600
[45,   160] loss: 0.628
[45,   170] loss: 0.582
[45,   180] loss: 0.578
[45,   190] loss: 0.567
[45,   200] loss: 0.559
[45,   210] loss: 0.717
[45,   220] loss: 0.730
[45,   230] loss: 0.628
[45,   240] loss: 0.508
[45,   250] loss: 0.675
[45,   260] loss: 0.737
[45,   270] loss: 0.701
[45,   280] loss: 0.513
[45,   290] loss: 0.641
[45,   300] loss: 0.582
[45,   310] loss: 0.569
[45,   320] loss: 0.639
[45,   330] loss: 0.652
[45,   340] loss: 0.605
[45,   350] loss: 0.540
[45,   360] loss: 0.665
[45,   370] loss: 0.711
[45,   380] loss: 0.595
[45,   390] loss: 0.694
[45,   400] loss: 0.780
VALIDATION loss: 0.7614933252334595
[46,    10] loss: 0.695
[46,    20] loss: 0.691
[46,    30] loss: 0.566
[46,    40] loss: 0.569
[46,    50] loss: 0.547
[46,    60] loss: 0.590
[46,    70] loss: 0.683
[46,    80] loss: 0.573
[46,    90] loss: 0.626
[46,   100] loss: 0.564
[46,   110] loss: 0.543
[46,   120] loss: 0.629
[46,   130] loss: 0.546
[46,   140] loss: 0.523
[46,   150] loss: 0.668
[46,   160] loss: 0.521
[46,   170] loss: 0.577
[46,   180] loss: 0.724
[46,   190] loss: 0.624
[46,   200] loss: 0.600
[46,   210] loss: 0.574
[46,   220] loss: 0.658
[46,   230] loss: 0.548
[46,   240] loss: 0.560
[46,   250] loss: 0.589
[46,   260] loss: 0.511
[46,   270] loss: 0.593
[46,   280] loss: 0.637
[46,   290] loss: 0.623
[46,   300] loss: 0.583
[46,   310] loss: 0.617
[46,   320] loss: 0.565
[46,   330] loss: 0.570
[46,   340] loss: 0.615
[46,   350] loss: 0.619
[46,   360] loss: 0.557
[46,   370] loss: 0.628
[46,   380] loss: 0.679
[46,   390] loss: 0.706
[46,   400] loss: 0.587
VALIDATION loss: 2.575293779373169
[47,    10] loss: 0.611
[47,    20] loss: 0.654
[47,    30] loss: 0.646
[47,    40] loss: 0.597
[47,    50] loss: 0.498
[47,    60] loss: 0.603
[47,    70] loss: 0.568
[47,    80] loss: 0.642
[47,    90] loss: 0.579
[47,   100] loss: 0.541
[47,   110] loss: 0.612
[47,   120] loss: 0.552
[47,   130] loss: 0.622
[47,   140] loss: 0.604
[47,   150] loss: 0.676
[47,   160] loss: 0.611
[47,   170] loss: 0.638
[47,   180] loss: 0.586
[47,   190] loss: 0.611
[47,   200] loss: 0.492
[47,   210] loss: 0.701
[47,   220] loss: 0.600
[47,   230] loss: 0.643
[47,   240] loss: 0.610
[47,   250] loss: 0.597
[47,   260] loss: 0.563
[47,   270] loss: 0.574
[47,   280] loss: 0.600
[47,   290] loss: 0.672
[47,   300] loss: 0.551
[47,   310] loss: 0.663
[47,   320] loss: 0.516
[47,   330] loss: 0.589
[47,   340] loss: 0.600
[47,   350] loss: 0.569
[47,   360] loss: 0.606
[47,   370] loss: 0.572
[47,   380] loss: 0.621
[47,   390] loss: 0.671
[47,   400] loss: 0.627
VALIDATION loss: 5.715187072753906
[48,    10] loss: 0.601
[48,    20] loss: 0.543
[48,    30] loss: 0.622
[48,    40] loss: 0.601
[48,    50] loss: 0.533
[48,    60] loss: 0.592
[48,    70] loss: 0.686
[48,    80] loss: 0.614
[48,    90] loss: 0.557
[48,   100] loss: 0.650
[48,   110] loss: 0.592
[48,   120] loss: 0.636
[48,   130] loss: 0.574
[48,   140] loss: 0.622
[48,   150] loss: 0.700
[48,   160] loss: 0.597
[48,   170] loss: 0.535
[48,   180] loss: 0.555
[48,   190] loss: 0.627
[48,   200] loss: 0.533
[48,   210] loss: 0.596
[48,   220] loss: 0.498
[48,   230] loss: 0.516
[48,   240] loss: 0.541
[48,   250] loss: 0.621
[48,   260] loss: 0.711
[48,   270] loss: 0.534
[48,   280] loss: 0.618
[48,   290] loss: 0.506
[48,   300] loss: 0.571
[48,   310] loss: 0.554
[48,   320] loss: 0.608
[48,   330] loss: 0.609
[48,   340] loss: 0.570
[48,   350] loss: 0.590
[48,   360] loss: 0.547
[48,   370] loss: 0.664
[48,   380] loss: 0.550
[48,   390] loss: 0.557
[48,   400] loss: 0.611
VALIDATION loss: 0.9510070085525513
[49,    10] loss: 0.550
[49,    20] loss: 0.640
[49,    30] loss: 0.599
[49,    40] loss: 0.561
[49,    50] loss: 0.523
[49,    60] loss: 0.601
[49,    70] loss: 0.645
[49,    80] loss: 0.659
[49,    90] loss: 0.487
[49,   100] loss: 0.623
[49,   110] loss: 0.538
[49,   120] loss: 0.524
[49,   130] loss: 0.525
[49,   140] loss: 0.506
[49,   150] loss: 0.579
[49,   160] loss: 0.654
[49,   170] loss: 0.546
[49,   180] loss: 0.559
[49,   190] loss: 0.606
[49,   200] loss: 0.582
[49,   210] loss: 0.610
[49,   220] loss: 0.580
[49,   230] loss: 0.501
[49,   240] loss: 0.546
[49,   250] loss: 0.557
[49,   260] loss: 0.539
[49,   270] loss: 0.644
[49,   280] loss: 0.624
[49,   290] loss: 0.563
[49,   300] loss: 0.525
[49,   310] loss: 0.595
[49,   320] loss: 0.513
[49,   330] loss: 0.625
[49,   340] loss: 0.571
[49,   350] loss: 0.615
[49,   360] loss: 0.573
[49,   370] loss: 0.721
[49,   380] loss: 0.649
[49,   390] loss: 0.594
[49,   400] loss: 0.575
VALIDATION loss: 2.5077006816864014
[50,    10] loss: 0.519
[50,    20] loss: 0.583
[50,    30] loss: 0.601
[50,    40] loss: 0.587
[50,    50] loss: 0.544
[50,    60] loss: 0.613
[50,    70] loss: 0.491
[50,    80] loss: 0.535
[50,    90] loss: 0.502
[50,   100] loss: 0.523
[50,   110] loss: 0.624
[50,   120] loss: 0.588
[50,   130] loss: 0.497
[50,   140] loss: 0.674
[50,   150] loss: 0.574
[50,   160] loss: 0.514
[50,   170] loss: 0.557
[50,   180] loss: 0.499
[50,   190] loss: 0.545
[50,   200] loss: 0.538
[50,   210] loss: 0.583
[50,   220] loss: 0.584
[50,   230] loss: 0.544
[50,   240] loss: 0.679
[50,   250] loss: 0.479
[50,   260] loss: 0.623
[50,   270] loss: 0.522
[50,   280] loss: 0.642
[50,   290] loss: 0.553
[50,   300] loss: 0.588
[50,   310] loss: 0.603
[50,   320] loss: 0.650
[50,   330] loss: 0.479
[50,   340] loss: 0.599
[50,   350] loss: 0.563
[50,   360] loss: 0.592
[50,   370] loss: 0.528
[50,   380] loss: 0.507
[50,   390] loss: 0.620
[50,   400] loss: 0.547
VALIDATION loss: 0.8406798839569092
[51,    10] loss: 0.556
[51,    20] loss: 0.495
[51,    30] loss: 0.515
[51,    40] loss: 0.607
[51,    50] loss: 0.619
[51,    60] loss: 0.566
[51,    70] loss: 0.586
[51,    80] loss: 0.619
[51,    90] loss: 0.533
[51,   100] loss: 0.503
[51,   110] loss: 0.560
[51,   120] loss: 0.480
[51,   130] loss: 0.510
[51,   140] loss: 0.590
[51,   150] loss: 0.564
[51,   160] loss: 0.625
[51,   170] loss: 0.573
[51,   180] loss: 0.498
[51,   190] loss: 0.488
[51,   200] loss: 0.650
[51,   210] loss: 0.571
[51,   220] loss: 0.601
[51,   230] loss: 0.670
[51,   240] loss: 0.671
[51,   250] loss: 0.559
[51,   260] loss: 0.573
[51,   270] loss: 0.775
[51,   280] loss: 0.549
[51,   290] loss: 0.660
[51,   300] loss: 0.563
[51,   310] loss: 0.563
[51,   320] loss: 0.570
[51,   330] loss: 0.608
[51,   340] loss: 0.575
[51,   350] loss: 0.577
[51,   360] loss: 0.549
[51,   370] loss: 0.527
[51,   380] loss: 0.572
[51,   390] loss: 0.651
[51,   400] loss: 0.540
VALIDATION loss: 3.5059750080108643
[52,    10] loss: 0.540
[52,    20] loss: 0.650
[52,    30] loss: 0.582
[52,    40] loss: 0.586
[52,    50] loss: 0.488
[52,    60] loss: 0.615
[52,    70] loss: 0.565
[52,    80] loss: 0.538
[52,    90] loss: 0.595
[52,   100] loss: 0.581
[52,   110] loss: 0.589
[52,   120] loss: 0.537
[52,   130] loss: 0.537
[52,   140] loss: 0.586
[52,   150] loss: 0.567
[52,   160] loss: 0.588
[52,   170] loss: 0.512
[52,   180] loss: 0.600
[52,   190] loss: 0.550
[52,   200] loss: 0.634
[52,   210] loss: 0.644
[52,   220] loss: 0.622
[52,   230] loss: 0.495
[52,   240] loss: 0.640
[52,   250] loss: 0.497
[52,   260] loss: 0.515
[52,   270] loss: 0.544
[52,   280] loss: 0.553
[52,   290] loss: 0.554
[52,   300] loss: 0.537
[52,   310] loss: 0.567
[52,   320] loss: 0.568
[52,   330] loss: 0.543
[52,   340] loss: 0.554
[52,   350] loss: 0.526
[52,   360] loss: 0.574
[52,   370] loss: 0.635
[52,   380] loss: 0.525
[52,   390] loss: 0.672
[52,   400] loss: 0.532
VALIDATION loss: 0.6451202630996704
[53,    10] loss: 0.538
[53,    20] loss: 0.565
[53,    30] loss: 0.610
[53,    40] loss: 0.506
[53,    50] loss: 0.545
[53,    60] loss: 0.542
[53,    70] loss: 0.449
[53,    80] loss: 0.570
[53,    90] loss: 0.543
[53,   100] loss: 0.521
[53,   110] loss: 0.533
[53,   120] loss: 0.622
[53,   130] loss: 0.571
[53,   140] loss: 0.484
[53,   150] loss: 0.510
[53,   160] loss: 0.616
[53,   170] loss: 0.525
[53,   180] loss: 0.612
[53,   190] loss: 0.577
[53,   200] loss: 0.564
[53,   210] loss: 0.542
[53,   220] loss: 0.563
[53,   230] loss: 0.532
[53,   240] loss: 0.514
[53,   250] loss: 0.553
[53,   260] loss: 0.554
[53,   270] loss: 0.500
[53,   280] loss: 0.587
[53,   290] loss: 0.522
[53,   300] loss: 0.562
[53,   310] loss: 0.501
[53,   320] loss: 0.536
[53,   330] loss: 0.599
[53,   340] loss: 0.596
[53,   350] loss: 0.526
[53,   360] loss: 0.691
[53,   370] loss: 0.521
[53,   380] loss: 0.613
[53,   390] loss: 0.541
[53,   400] loss: 0.580
VALIDATION loss: 4.066944599151611
[54,    10] loss: 0.544
[54,    20] loss: 0.560
[54,    30] loss: 0.551
[54,    40] loss: 0.623
[54,    50] loss: 0.466
[54,    60] loss: 0.512
[54,    70] loss: 0.590
[54,    80] loss: 0.495
[54,    90] loss: 0.563
[54,   100] loss: 0.545
[54,   110] loss: 0.485
[54,   120] loss: 0.525
[54,   130] loss: 0.513
[54,   140] loss: 0.489
[54,   150] loss: 0.554
[54,   160] loss: 0.533
[54,   170] loss: 0.503
[54,   180] loss: 0.649
[54,   190] loss: 0.602
[54,   200] loss: 0.504
[54,   210] loss: 0.483
[54,   220] loss: 0.563
[54,   230] loss: 0.535
[54,   240] loss: 0.574
[54,   250] loss: 0.500
[54,   260] loss: 0.528
[54,   270] loss: 0.519
[54,   280] loss: 0.645
[54,   290] loss: 0.548
[54,   300] loss: 0.574
[54,   310] loss: 0.563
[54,   320] loss: 0.568
[54,   330] loss: 0.552
[54,   340] loss: 0.599
[54,   350] loss: 0.580
[54,   360] loss: 0.600
[54,   370] loss: 0.558
[54,   380] loss: 0.555
[54,   390] loss: 0.553
[54,   400] loss: 0.527
VALIDATION loss: 2.266340494155884
[55,    10] loss: 0.516
[55,    20] loss: 0.469
[55,    30] loss: 0.525
[55,    40] loss: 0.599
[55,    50] loss: 0.489
[55,    60] loss: 0.594
[55,    70] loss: 0.542
[55,    80] loss: 0.576
[55,    90] loss: 0.508
[55,   100] loss: 0.617
[55,   110] loss: 0.613
[55,   120] loss: 0.577
[55,   130] loss: 0.613
[55,   140] loss: 0.488
[55,   150] loss: 0.501
[55,   160] loss: 0.564
[55,   170] loss: 0.580
[55,   180] loss: 0.659
[55,   190] loss: 0.536
[55,   200] loss: 0.620
[55,   210] loss: 0.532
[55,   220] loss: 0.606
[55,   230] loss: 0.545
[55,   240] loss: 0.551
[55,   250] loss: 0.526
[55,   260] loss: 0.605
[55,   270] loss: 0.563
[55,   280] loss: 0.519
[55,   290] loss: 0.552
[55,   300] loss: 0.584
[55,   310] loss: 0.546
[55,   320] loss: 0.497
[55,   330] loss: 0.536
[55,   340] loss: 0.631
[55,   350] loss: 0.509
[55,   360] loss: 0.567
[55,   370] loss: 0.551
[55,   380] loss: 0.556
[55,   390] loss: 0.529
[55,   400] loss: 0.627
VALIDATION loss: 0.5042786598205566
[56,    10] loss: 0.525
[56,    20] loss: 0.494
[56,    30] loss: 0.473
[56,    40] loss: 0.576
[56,    50] loss: 0.583
[56,    60] loss: 0.569
[56,    70] loss: 0.633
[56,    80] loss: 0.590
[56,    90] loss: 0.519
[56,   100] loss: 0.480
[56,   110] loss: 0.518
[56,   120] loss: 0.571
[56,   130] loss: 0.577
[56,   140] loss: 0.560
[56,   150] loss: 0.529
[56,   160] loss: 0.589
[56,   170] loss: 0.561
[56,   180] loss: 0.481
[56,   190] loss: 0.593
[56,   200] loss: 0.480
[56,   210] loss: 0.443
[56,   220] loss: 0.448
[56,   230] loss: 0.604
[56,   240] loss: 0.653
[56,   250] loss: 0.558
[56,   260] loss: 0.553
[56,   270] loss: 0.544
[56,   280] loss: 0.497
[56,   290] loss: 0.517
[56,   300] loss: 0.551
[56,   310] loss: 0.516
[56,   320] loss: 0.559
[56,   330] loss: 0.611
[56,   340] loss: 0.507
[56,   350] loss: 0.506
[56,   360] loss: 0.553
[56,   370] loss: 0.530
[56,   380] loss: 0.531
[56,   390] loss: 0.488
[56,   400] loss: 0.577
VALIDATION loss: 1.2266923189163208
[57,    10] loss: 0.586
[57,    20] loss: 0.473
[57,    30] loss: 0.471
[57,    40] loss: 0.567
[57,    50] loss: 0.509
[57,    60] loss: 0.562
[57,    70] loss: 0.471
[57,    80] loss: 0.516
[57,    90] loss: 0.556
[57,   100] loss: 0.583
[57,   110] loss: 0.526
[57,   120] loss: 0.541
[57,   130] loss: 0.564
[57,   140] loss: 0.556
[57,   150] loss: 0.437
[57,   160] loss: 0.537
[57,   170] loss: 0.494
[57,   180] loss: 0.522
[57,   190] loss: 0.506
[57,   200] loss: 0.634
[57,   210] loss: 0.546
[57,   220] loss: 0.583
[57,   230] loss: 0.597
[57,   240] loss: 0.477
[57,   250] loss: 0.557
[57,   260] loss: 0.472
[57,   270] loss: 0.567
[57,   280] loss: 0.509
[57,   290] loss: 0.560
[57,   300] loss: 0.567
[57,   310] loss: 0.532
[57,   320] loss: 0.540
[57,   330] loss: 0.562
[57,   340] loss: 0.562
[57,   350] loss: 0.545
[57,   360] loss: 0.471
[57,   370] loss: 0.553
[57,   380] loss: 0.495
[57,   390] loss: 0.530
[57,   400] loss: 0.661
VALIDATION loss: 1.1654497385025024
[58,    10] loss: 0.601
[58,    20] loss: 0.490
[58,    30] loss: 0.548
[58,    40] loss: 0.527
[58,    50] loss: 0.545
[58,    60] loss: 0.495
[58,    70] loss: 0.609
[58,    80] loss: 0.480
[58,    90] loss: 0.578
[58,   100] loss: 0.529
[58,   110] loss: 0.513
[58,   120] loss: 0.445
[58,   130] loss: 0.500
[58,   140] loss: 0.458
[58,   150] loss: 0.531
[58,   160] loss: 0.521
[58,   170] loss: 0.542
[58,   180] loss: 0.560
[58,   190] loss: 0.537
[58,   200] loss: 0.547
[58,   210] loss: 0.583
[58,   220] loss: 0.495
[58,   230] loss: 0.613
[58,   240] loss: 0.452
[58,   250] loss: 0.540
[58,   260] loss: 0.465
[58,   270] loss: 0.457
[58,   280] loss: 0.571
[58,   290] loss: 0.572
[58,   300] loss: 0.571
[58,   310] loss: 0.529
[58,   320] loss: 0.614
[58,   330] loss: 0.496
[58,   340] loss: 0.446
[58,   350] loss: 0.489
[58,   360] loss: 0.518
[58,   370] loss: 0.531
[58,   380] loss: 0.558
[58,   390] loss: 0.497
[58,   400] loss: 0.531
VALIDATION loss: 0.9733284115791321
[59,    10] loss: 0.520
[59,    20] loss: 0.460
[59,    30] loss: 0.525
[59,    40] loss: 0.493
[59,    50] loss: 0.522
[59,    60] loss: 0.535
[59,    70] loss: 0.567
[59,    80] loss: 0.528
[59,    90] loss: 0.526
[59,   100] loss: 0.549
[59,   110] loss: 0.561
[59,   120] loss: 0.563
[59,   130] loss: 0.524
[59,   140] loss: 0.669
[59,   150] loss: 0.513
[59,   160] loss: 0.475
[59,   170] loss: 0.532
[59,   180] loss: 0.566
[59,   190] loss: 0.534
[59,   200] loss: 0.641
[59,   210] loss: 0.525
[59,   220] loss: 0.479
[59,   230] loss: 0.583
[59,   240] loss: 0.595
[59,   250] loss: 0.509
[59,   260] loss: 0.559
[59,   270] loss: 0.455
[59,   280] loss: 0.594
[59,   290] loss: 0.538
[59,   300] loss: 0.486
[59,   310] loss: 0.612
[59,   320] loss: 0.473
[59,   330] loss: 0.541
[59,   340] loss: 0.510
[59,   350] loss: 0.521
[59,   360] loss: 0.516
[59,   370] loss: 0.448
[59,   380] loss: 0.500
[59,   390] loss: 0.443
[59,   400] loss: 0.450
VALIDATION loss: 0.9991695880889893
[60,    10] loss: 0.567
[60,    20] loss: 0.473
[60,    30] loss: 0.580
[60,    40] loss: 0.540
[60,    50] loss: 0.493
[60,    60] loss: 0.566
[60,    70] loss: 0.466
[60,    80] loss: 0.483
[60,    90] loss: 0.553
[60,   100] loss: 0.524
[60,   110] loss: 0.520
[60,   120] loss: 0.529
[60,   130] loss: 0.528
[60,   140] loss: 0.561
[60,   150] loss: 0.488
[60,   160] loss: 0.566
[60,   170] loss: 0.475
[60,   180] loss: 0.570
[60,   190] loss: 0.508
[60,   200] loss: 0.614
[60,   210] loss: 0.497
[60,   220] loss: 0.529
[60,   230] loss: 0.523
[60,   240] loss: 0.515
[60,   250] loss: 0.481
[60,   260] loss: 0.560
[60,   270] loss: 0.535
[60,   280] loss: 0.546
[60,   290] loss: 0.505
[60,   300] loss: 0.576
[60,   310] loss: 0.565
[60,   320] loss: 0.605
[60,   330] loss: 0.576
[60,   340] loss: 0.489
[60,   350] loss: 0.451
[60,   360] loss: 0.515
[60,   370] loss: 0.525
[60,   380] loss: 0.677
[60,   390] loss: 0.528
[60,   400] loss: 0.560
VALIDATION loss: 1.7772712707519531
[61,    10] loss: 0.496
[61,    20] loss: 0.578
[61,    30] loss: 0.616
[61,    40] loss: 0.562
[61,    50] loss: 0.599
[61,    60] loss: 0.555
[61,    70] loss: 0.606
[61,    80] loss: 0.546
[61,    90] loss: 0.565
[61,   100] loss: 0.520
[61,   110] loss: 0.533
[61,   120] loss: 0.642
[61,   130] loss: 0.567
[61,   140] loss: 0.623
[61,   150] loss: 0.516
[61,   160] loss: 0.505
[61,   170] loss: 0.473
[61,   180] loss: 0.465
[61,   190] loss: 0.462
[61,   200] loss: 0.493
[61,   210] loss: 0.536
[61,   220] loss: 0.403
[61,   230] loss: 0.586
[61,   240] loss: 0.541
[61,   250] loss: 0.592
[61,   260] loss: 0.466
[61,   270] loss: 0.597
[61,   280] loss: 0.524
[61,   290] loss: 0.456
[61,   300] loss: 0.497
[61,   310] loss: 0.566
[61,   320] loss: 0.502
[61,   330] loss: 0.504
[61,   340] loss: 0.468
[61,   350] loss: 0.543
[61,   360] loss: 0.475
[61,   370] loss: 0.453
[61,   380] loss: 0.461
[61,   390] loss: 0.547
[61,   400] loss: 0.460
VALIDATION loss: 0.8103523254394531
[62,    10] loss: 0.595
[62,    20] loss: 0.490
[62,    30] loss: 0.500
[62,    40] loss: 0.494
[62,    50] loss: 0.493
[62,    60] loss: 0.431
[62,    70] loss: 0.532
[62,    80] loss: 0.504
[62,    90] loss: 0.474
[62,   100] loss: 0.554
[62,   110] loss: 0.507
[62,   120] loss: 0.440
[62,   130] loss: 0.468
[62,   140] loss: 0.414
[62,   150] loss: 0.585
[62,   160] loss: 0.557
[62,   170] loss: 0.541
[62,   180] loss: 0.524
[62,   190] loss: 0.579
[62,   200] loss: 0.492
[62,   210] loss: 0.481
[62,   220] loss: 0.534
[62,   230] loss: 0.499
[62,   240] loss: 0.495
[62,   250] loss: 0.467
[62,   260] loss: 0.527
[62,   270] loss: 0.508
[62,   280] loss: 0.541
[62,   290] loss: 0.521
[62,   300] loss: 0.560
[62,   310] loss: 0.478
[62,   320] loss: 0.551
[62,   330] loss: 0.492
[62,   340] loss: 0.497
[62,   350] loss: 0.519
[62,   360] loss: 0.594
[62,   370] loss: 0.558
[62,   380] loss: 0.534
[62,   390] loss: 0.581
[62,   400] loss: 0.647
VALIDATION loss: 0.6176519989967346
[63,    10] loss: 0.486
[63,    20] loss: 0.568
[63,    30] loss: 0.550
[63,    40] loss: 0.531
[63,    50] loss: 0.487
[63,    60] loss: 0.523
[63,    70] loss: 0.498
[63,    80] loss: 0.431
[63,    90] loss: 0.583
[63,   100] loss: 0.493
[63,   110] loss: 0.481
[63,   120] loss: 0.461
[63,   130] loss: 0.515
[63,   140] loss: 0.469
[63,   150] loss: 0.505
[63,   160] loss: 0.640
[63,   170] loss: 0.604
[63,   180] loss: 0.450
[63,   190] loss: 0.509
[63,   200] loss: 0.469
[63,   210] loss: 0.506
[63,   220] loss: 0.495
[63,   230] loss: 0.489
[63,   240] loss: 0.525
[63,   250] loss: 0.527
[63,   260] loss: 0.484
[63,   270] loss: 0.552
[63,   280] loss: 0.528
[63,   290] loss: 0.459
[63,   300] loss: 0.597
[63,   310] loss: 0.533
[63,   320] loss: 0.517
[63,   330] loss: 0.486
[63,   340] loss: 0.503
[63,   350] loss: 0.462
[63,   360] loss: 0.545
[63,   370] loss: 0.509
[63,   380] loss: 0.481
[63,   390] loss: 0.425
[63,   400] loss: 0.580
VALIDATION loss: 2.528524875640869
[64,    10] loss: 0.529
[64,    20] loss: 0.451
[64,    30] loss: 0.405
[64,    40] loss: 0.514
[64,    50] loss: 0.416
[64,    60] loss: 0.398
[64,    70] loss: 0.563
[64,    80] loss: 0.459
[64,    90] loss: 0.530
[64,   100] loss: 0.567
[64,   110] loss: 0.471
[64,   120] loss: 0.660
[64,   130] loss: 0.499
[64,   140] loss: 0.551
[64,   150] loss: 0.547
[64,   160] loss: 0.420
[64,   170] loss: 0.462
[64,   180] loss: 0.519
[64,   190] loss: 0.479
[64,   200] loss: 0.522
[64,   210] loss: 0.533
[64,   220] loss: 0.483
[64,   230] loss: 0.511
[64,   240] loss: 0.479
[64,   250] loss: 0.448
[64,   260] loss: 0.524
[64,   270] loss: 0.461
[64,   280] loss: 0.510
[64,   290] loss: 0.459
[64,   300] loss: 0.507
[64,   310] loss: 0.496
[64,   320] loss: 0.608
[64,   330] loss: 0.539
[64,   340] loss: 0.422
[64,   350] loss: 0.593
[64,   360] loss: 0.414
[64,   370] loss: 0.524
[64,   380] loss: 0.482
[64,   390] loss: 0.520
[64,   400] loss: 0.506
VALIDATION loss: 3.7862727642059326
[65,    10] loss: 0.596
[65,    20] loss: 0.611
[65,    30] loss: 0.519
[65,    40] loss: 0.538
[65,    50] loss: 0.497
[65,    60] loss: 0.493
[65,    70] loss: 0.463
[65,    80] loss: 0.457
[65,    90] loss: 0.544
[65,   100] loss: 0.489
[65,   110] loss: 0.556
[65,   120] loss: 0.547
[65,   130] loss: 0.461
[65,   140] loss: 0.474
[65,   150] loss: 0.432
[65,   160] loss: 0.516
[65,   170] loss: 0.488
[65,   180] loss: 0.481
[65,   190] loss: 0.525
[65,   200] loss: 0.376
[65,   210] loss: 0.464
[65,   220] loss: 0.491
[65,   230] loss: 0.581
[65,   240] loss: 0.620
[65,   250] loss: 0.511
[65,   260] loss: 0.475
[65,   270] loss: 0.575
[65,   280] loss: 0.494
[65,   290] loss: 0.498
[65,   300] loss: 0.474
[65,   310] loss: 0.506
[65,   320] loss: 0.485
[65,   330] loss: 0.447
[65,   340] loss: 0.447
[65,   350] loss: 0.503
[65,   360] loss: 0.523
[65,   370] loss: 0.560
[65,   380] loss: 0.484
[65,   390] loss: 0.585
[65,   400] loss: 0.525
VALIDATION loss: 1.2251718044281006
[66,    10] loss: 0.515
[66,    20] loss: 0.525
[66,    30] loss: 0.459
[66,    40] loss: 0.446
[66,    50] loss: 0.443
[66,    60] loss: 0.471
[66,    70] loss: 0.431
[66,    80] loss: 0.550
[66,    90] loss: 0.452
[66,   100] loss: 0.546
[66,   110] loss: 0.463
[66,   120] loss: 0.443
[66,   130] loss: 0.454
[66,   140] loss: 0.513
[66,   150] loss: 0.542
[66,   160] loss: 0.465
[66,   170] loss: 0.549
[66,   180] loss: 0.402
[66,   190] loss: 0.579
[66,   200] loss: 0.507
[66,   210] loss: 0.543
[66,   220] loss: 0.457
[66,   230] loss: 0.481
[66,   240] loss: 0.487
[66,   250] loss: 0.481
[66,   260] loss: 0.464
[66,   270] loss: 0.556
[66,   280] loss: 0.610
[66,   290] loss: 0.540
[66,   300] loss: 0.498
[66,   310] loss: 0.538
[66,   320] loss: 0.522
[66,   330] loss: 0.445
[66,   340] loss: 0.482
[66,   350] loss: 0.482
[66,   360] loss: 0.487
[66,   370] loss: 0.532
[66,   380] loss: 0.484
[66,   390] loss: 0.527
[66,   400] loss: 0.490
VALIDATION loss: 3.044877529144287
[67,    10] loss: 0.531
[67,    20] loss: 0.543
[67,    30] loss: 0.490
[67,    40] loss: 0.469
[67,    50] loss: 0.467
[67,    60] loss: 0.491
[67,    70] loss: 0.520
[67,    80] loss: 0.580
[67,    90] loss: 0.567
[67,   100] loss: 0.469
[67,   110] loss: 0.444
[67,   120] loss: 0.457
[67,   130] loss: 0.493
[67,   140] loss: 0.520
[67,   150] loss: 0.504
[67,   160] loss: 0.428
[67,   170] loss: 0.517
[67,   180] loss: 0.415
[67,   190] loss: 0.510
[67,   200] loss: 0.568
[67,   210] loss: 0.488
[67,   220] loss: 0.488
[67,   230] loss: 0.561
[67,   240] loss: 0.427
[67,   250] loss: 0.429
[67,   260] loss: 0.499
[67,   270] loss: 0.507
[67,   280] loss: 0.456
[67,   290] loss: 0.477
[67,   300] loss: 0.489
[67,   310] loss: 0.459
[67,   320] loss: 0.536
[67,   330] loss: 0.458
[67,   340] loss: 0.505
[67,   350] loss: 0.413
[67,   360] loss: 0.511
[67,   370] loss: 0.424
[67,   380] loss: 0.585
[67,   390] loss: 0.455
[67,   400] loss: 0.542
VALIDATION loss: 0.7576904296875
[68,    10] loss: 0.477
[68,    20] loss: 0.506
[68,    30] loss: 0.473
[68,    40] loss: 0.488
[68,    50] loss: 0.431
[68,    60] loss: 0.527
[68,    70] loss: 0.476
[68,    80] loss: 0.522
[68,    90] loss: 0.474
[68,   100] loss: 0.512
[68,   110] loss: 0.483
[68,   120] loss: 0.485
[68,   130] loss: 0.474
[68,   140] loss: 0.527
[68,   150] loss: 0.426
[68,   160] loss: 0.455
[68,   170] loss: 0.539
[68,   180] loss: 0.486
[68,   190] loss: 0.478
[68,   200] loss: 0.421
[68,   210] loss: 0.513
[68,   220] loss: 0.551
[68,   230] loss: 0.465
[68,   240] loss: 0.469
[68,   250] loss: 0.564
[68,   260] loss: 0.454
[68,   270] loss: 0.520
[68,   280] loss: 0.403
[68,   290] loss: 0.564
[68,   300] loss: 0.484
[68,   310] loss: 0.551
[68,   320] loss: 0.404
[68,   330] loss: 0.501
[68,   340] loss: 0.465
[68,   350] loss: 0.550
[68,   360] loss: 0.471
[68,   370] loss: 0.508
[68,   380] loss: 0.533
[68,   390] loss: 0.487
[68,   400] loss: 0.500
VALIDATION loss: 1.3242030143737793
[69,    10] loss: 0.519
[69,    20] loss: 0.410
[69,    30] loss: 0.566
[69,    40] loss: 0.526
[69,    50] loss: 0.496
[69,    60] loss: 0.548
[69,    70] loss: 0.545
[69,    80] loss: 0.451
[69,    90] loss: 0.444
[69,   100] loss: 0.533
[69,   110] loss: 0.488
[69,   120] loss: 0.488
[69,   130] loss: 0.460
[69,   140] loss: 0.445
[69,   150] loss: 0.518
[69,   160] loss: 0.612
[69,   170] loss: 0.502
[69,   180] loss: 0.546
[69,   190] loss: 0.422
[69,   200] loss: 0.540
[69,   210] loss: 0.545
[69,   220] loss: 0.529
[69,   230] loss: 0.463
[69,   240] loss: 0.532
[69,   250] loss: 0.510
[69,   260] loss: 0.490
[69,   270] loss: 0.409
[69,   280] loss: 0.532
[69,   290] loss: 0.517
[69,   300] loss: 0.557
[69,   310] loss: 0.470
[69,   320] loss: 0.412
[69,   330] loss: 0.428
[69,   340] loss: 0.507
[69,   350] loss: 0.492
[69,   360] loss: 0.484
[69,   370] loss: 0.453
[69,   380] loss: 0.509
[69,   390] loss: 0.445
[69,   400] loss: 0.503
VALIDATION loss: 0.42500534653663635
[70,    10] loss: 0.480
[70,    20] loss: 0.480
[70,    30] loss: 0.489
[70,    40] loss: 0.476
[70,    50] loss: 0.440
[70,    60] loss: 0.579
[70,    70] loss: 0.499
[70,    80] loss: 0.466
[70,    90] loss: 0.499
[70,   100] loss: 0.484
[70,   110] loss: 0.467
[70,   120] loss: 0.483
[70,   130] loss: 0.457
[70,   140] loss: 0.519
[70,   150] loss: 0.524
[70,   160] loss: 0.525
[70,   170] loss: 0.513
[70,   180] loss: 0.439
[70,   190] loss: 0.519
[70,   200] loss: 0.599
[70,   210] loss: 0.458
[70,   220] loss: 0.476
[70,   230] loss: 0.407
[70,   240] loss: 0.458
[70,   250] loss: 0.504
[70,   260] loss: 0.559
[70,   270] loss: 0.450
[70,   280] loss: 0.458
[70,   290] loss: 0.500
[70,   300] loss: 0.521
[70,   310] loss: 0.535
[70,   320] loss: 0.399
[70,   330] loss: 0.508
[70,   340] loss: 0.449
[70,   350] loss: 0.516
[70,   360] loss: 0.432
[70,   370] loss: 0.439
[70,   380] loss: 0.488
[70,   390] loss: 0.434
[70,   400] loss: 0.510
VALIDATION loss: 4.446212291717529
[71,    10] loss: 0.531
[71,    20] loss: 0.471
[71,    30] loss: 0.425
[71,    40] loss: 0.469
[71,    50] loss: 0.494
[71,    60] loss: 0.343
[71,    70] loss: 0.438
[71,    80] loss: 0.469
[71,    90] loss: 0.458
[71,   100] loss: 0.485
[71,   110] loss: 0.483
[71,   120] loss: 0.559
[71,   130] loss: 0.494
[71,   140] loss: 0.463
[71,   150] loss: 0.466
[71,   160] loss: 0.562
[71,   170] loss: 0.421
[71,   180] loss: 0.470
[71,   190] loss: 0.506
[71,   200] loss: 0.495
[71,   210] loss: 0.440
[71,   220] loss: 0.452
[71,   230] loss: 0.500
[71,   240] loss: 0.474
[71,   250] loss: 0.582
[71,   260] loss: 0.501
[71,   270] loss: 0.456
[71,   280] loss: 0.463
[71,   290] loss: 0.513
[71,   300] loss: 0.512
[71,   310] loss: 0.427
[71,   320] loss: 0.506
[71,   330] loss: 0.420
[71,   340] loss: 0.462
[71,   350] loss: 0.494
[71,   360] loss: 0.503
[71,   370] loss: 0.379
[71,   380] loss: 0.553
[71,   390] loss: 0.452
[71,   400] loss: 0.512
VALIDATION loss: 2.5031726360321045
[72,    10] loss: 0.474
[72,    20] loss: 0.378
[72,    30] loss: 0.471
[72,    40] loss: 0.482
[72,    50] loss: 0.529
[72,    60] loss: 0.441
[72,    70] loss: 0.377
[72,    80] loss: 0.483
[72,    90] loss: 0.530
[72,   100] loss: 0.492
[72,   110] loss: 0.451
[72,   120] loss: 0.502
[72,   130] loss: 0.458
[72,   140] loss: 0.483
[72,   150] loss: 0.540
[72,   160] loss: 0.416
[72,   170] loss: 0.436
[72,   180] loss: 0.441
[72,   190] loss: 0.542
[72,   200] loss: 0.400
[72,   210] loss: 0.508
[72,   220] loss: 0.368
[72,   230] loss: 0.490
[72,   240] loss: 0.419
[72,   250] loss: 0.387
[72,   260] loss: 0.479
[72,   270] loss: 0.484
[72,   280] loss: 0.439
[72,   290] loss: 0.484
[72,   300] loss: 0.452
[72,   310] loss: 0.552
[72,   320] loss: 0.488
[72,   330] loss: 0.463
[72,   340] loss: 0.441
[72,   350] loss: 0.488
[72,   360] loss: 0.444
[72,   370] loss: 0.478
[72,   380] loss: 0.390
[72,   390] loss: 0.505
[72,   400] loss: 0.424
VALIDATION loss: 2.8265933990478516
[73,    10] loss: 0.433
[73,    20] loss: 0.513
[73,    30] loss: 0.469
[73,    40] loss: 0.498
[73,    50] loss: 0.472
[73,    60] loss: 0.520
[73,    70] loss: 0.404
[73,    80] loss: 0.411
[73,    90] loss: 0.523
[73,   100] loss: 0.402
[73,   110] loss: 0.488
[73,   120] loss: 0.575
[73,   130] loss: 0.450
[73,   140] loss: 0.526
[73,   150] loss: 0.435
[73,   160] loss: 0.512
[73,   170] loss: 0.348
[73,   180] loss: 0.475
[73,   190] loss: 0.420
[73,   200] loss: 0.462
[73,   210] loss: 0.548
[73,   220] loss: 0.480
[73,   230] loss: 0.489
[73,   240] loss: 0.444
[73,   250] loss: 0.436
[73,   260] loss: 0.426
[73,   270] loss: 0.455
[73,   280] loss: 0.446
[73,   290] loss: 0.391
[73,   300] loss: 0.405
[73,   310] loss: 0.443
[73,   320] loss: 0.507
[73,   330] loss: 0.453
[73,   340] loss: 0.444
[73,   350] loss: 0.467
[73,   360] loss: 0.469
[73,   370] loss: 0.542
[73,   380] loss: 0.457
[73,   390] loss: 0.481
[73,   400] loss: 0.467
VALIDATION loss: 2.265697717666626
[74,    10] loss: 0.511
[74,    20] loss: 0.467
[74,    30] loss: 0.486
[74,    40] loss: 0.491
[74,    50] loss: 0.428
[74,    60] loss: 0.509
[74,    70] loss: 0.434
[74,    80] loss: 0.425
[74,    90] loss: 0.528
[74,   100] loss: 0.579
[74,   110] loss: 0.501
[74,   120] loss: 0.459
[74,   130] loss: 0.476
[74,   140] loss: 0.430
[74,   150] loss: 0.480
[74,   160] loss: 0.477
[74,   170] loss: 0.531
[74,   180] loss: 0.527
[74,   190] loss: 0.413
[74,   200] loss: 0.426
[74,   210] loss: 0.472
[74,   220] loss: 0.430
[74,   230] loss: 0.417
[74,   240] loss: 0.475
[74,   250] loss: 0.419
[74,   260] loss: 0.477
[74,   270] loss: 0.434
[74,   280] loss: 0.460
[74,   290] loss: 0.509
[74,   300] loss: 0.462
[74,   310] loss: 0.475
[74,   320] loss: 0.397
[74,   330] loss: 0.500
[74,   340] loss: 0.441
[74,   350] loss: 0.482
[74,   360] loss: 0.500
[74,   370] loss: 0.515
[74,   380] loss: 0.439
[74,   390] loss: 0.461
[74,   400] loss: 0.420
VALIDATION loss: 0.7561758160591125
[75,    10] loss: 0.468
[75,    20] loss: 0.439
[75,    30] loss: 0.449
[75,    40] loss: 0.447
[75,    50] loss: 0.568
[75,    60] loss: 0.484
[75,    70] loss: 0.478
[75,    80] loss: 0.472
[75,    90] loss: 0.425
[75,   100] loss: 0.441
[75,   110] loss: 0.460
[75,   120] loss: 0.517
[75,   130] loss: 0.552
[75,   140] loss: 0.461
[75,   150] loss: 0.520
[75,   160] loss: 0.512
[75,   170] loss: 0.417
[75,   180] loss: 0.423
[75,   190] loss: 0.455
[75,   200] loss: 0.444
[75,   210] loss: 0.423
[75,   220] loss: 0.401
[75,   230] loss: 0.461
[75,   240] loss: 0.525
[75,   250] loss: 0.393
[75,   260] loss: 0.497
[75,   270] loss: 0.452
[75,   280] loss: 0.519
[75,   290] loss: 0.460
[75,   300] loss: 0.505
[75,   310] loss: 0.374
[75,   320] loss: 0.404
[75,   330] loss: 0.478
[75,   340] loss: 0.502
[75,   350] loss: 0.460
[75,   360] loss: 0.459
[75,   370] loss: 0.483
[75,   380] loss: 0.450
[75,   390] loss: 0.477
[75,   400] loss: 0.428
VALIDATION loss: 2.4036381244659424
[76,    10] loss: 0.488
[76,    20] loss: 0.587
[76,    30] loss: 0.438
[76,    40] loss: 0.488
[76,    50] loss: 0.430
[76,    60] loss: 0.431
[76,    70] loss: 0.463
[76,    80] loss: 0.443
[76,    90] loss: 0.465
[76,   100] loss: 0.427
[76,   110] loss: 0.435
[76,   120] loss: 0.435
[76,   130] loss: 0.550
[76,   140] loss: 0.502
[76,   150] loss: 0.413
[76,   160] loss: 0.433
[76,   170] loss: 0.457
[76,   180] loss: 0.452
[76,   190] loss: 0.463
[76,   200] loss: 0.470
[76,   210] loss: 0.376
[76,   220] loss: 0.517
[76,   230] loss: 0.474
[76,   240] loss: 0.483
[76,   250] loss: 0.461
[76,   260] loss: 0.510
[76,   270] loss: 0.428
[76,   280] loss: 0.365
[76,   290] loss: 0.487
[76,   300] loss: 0.421
[76,   310] loss: 0.427
[76,   320] loss: 0.438
[76,   330] loss: 0.487
[76,   340] loss: 0.444
[76,   350] loss: 0.434
[76,   360] loss: 0.470
[76,   370] loss: 0.398
[76,   380] loss: 0.460
[76,   390] loss: 0.438
[76,   400] loss: 0.457
VALIDATION loss: 0.6023780703544617
[77,    10] loss: 0.457
[77,    20] loss: 0.506
[77,    30] loss: 0.453
[77,    40] loss: 0.422
[77,    50] loss: 0.496
[77,    60] loss: 0.447
[77,    70] loss: 0.439
[77,    80] loss: 0.472
[77,    90] loss: 0.416
[77,   100] loss: 0.479
[77,   110] loss: 0.448
[77,   120] loss: 0.451
[77,   130] loss: 0.410
[77,   140] loss: 0.447
[77,   150] loss: 0.399
[77,   160] loss: 0.325
[77,   170] loss: 0.493
[77,   180] loss: 0.445
[77,   190] loss: 0.480
[77,   200] loss: 0.485
[77,   210] loss: 0.527
[77,   220] loss: 0.525
[77,   230] loss: 0.396
[77,   240] loss: 0.513
[77,   250] loss: 0.562
[77,   260] loss: 0.448
[77,   270] loss: 0.464
[77,   280] loss: 0.409
[77,   290] loss: 0.463
[77,   300] loss: 0.373
[77,   310] loss: 0.448
[77,   320] loss: 0.505
[77,   330] loss: 0.421
[77,   340] loss: 0.529
[77,   350] loss: 0.572
[77,   360] loss: 0.452
[77,   370] loss: 0.457
[77,   380] loss: 0.465
[77,   390] loss: 0.532
[77,   400] loss: 0.415
VALIDATION loss: 1.9035460948944092
[78,    10] loss: 0.445
[78,    20] loss: 0.499
[78,    30] loss: 0.400
[78,    40] loss: 0.427
[78,    50] loss: 0.488
[78,    60] loss: 0.521
[78,    70] loss: 0.410
[78,    80] loss: 0.509
[78,    90] loss: 0.450
[78,   100] loss: 0.482
[78,   110] loss: 0.406
[78,   120] loss: 0.450
[78,   130] loss: 0.387
[78,   140] loss: 0.414
[78,   150] loss: 0.410
[78,   160] loss: 0.383
[78,   170] loss: 0.452
[78,   180] loss: 0.429
[78,   190] loss: 0.443
[78,   200] loss: 0.376
[78,   210] loss: 0.411
[78,   220] loss: 0.501
[78,   230] loss: 0.345
[78,   240] loss: 0.486
[78,   250] loss: 0.610
[78,   260] loss: 0.446
[78,   270] loss: 0.468
[78,   280] loss: 0.506
[78,   290] loss: 0.424
[78,   300] loss: 0.457
[78,   310] loss: 0.385
[78,   320] loss: 0.435
[78,   330] loss: 0.402
[78,   340] loss: 0.558
[78,   350] loss: 0.358
[78,   360] loss: 0.413
[78,   370] loss: 0.507
[78,   380] loss: 0.467
[78,   390] loss: 0.493
[78,   400] loss: 0.407
VALIDATION loss: 2.531924247741699
[79,    10] loss: 0.396
[79,    20] loss: 0.563
[79,    30] loss: 0.376
[79,    40] loss: 0.448
[79,    50] loss: 0.505
[79,    60] loss: 0.418
[79,    70] loss: 0.550
[79,    80] loss: 0.491
[79,    90] loss: 0.364
[79,   100] loss: 0.470
[79,   110] loss: 0.411
[79,   120] loss: 0.497
[79,   130] loss: 0.575
[79,   140] loss: 0.395
[79,   150] loss: 0.452
[79,   160] loss: 0.394
[79,   170] loss: 0.430
[79,   180] loss: 0.400
[79,   190] loss: 0.484
[79,   200] loss: 0.458
[79,   210] loss: 0.471
[79,   220] loss: 0.477
[79,   230] loss: 0.461
[79,   240] loss: 0.500
[79,   250] loss: 0.486
[79,   260] loss: 0.364
[79,   270] loss: 0.487
[79,   280] loss: 0.412
[79,   290] loss: 0.468
[79,   300] loss: 0.463
[79,   310] loss: 0.397
[79,   320] loss: 0.484
[79,   330] loss: 0.456
[79,   340] loss: 0.433
[79,   350] loss: 0.429
[79,   360] loss: 0.459
[79,   370] loss: 0.469
[79,   380] loss: 0.424
[79,   390] loss: 0.392
[79,   400] loss: 0.396
VALIDATION loss: 0.42516952753067017
[80,    10] loss: 0.467
[80,    20] loss: 0.386
[80,    30] loss: 0.420
[80,    40] loss: 0.388
[80,    50] loss: 0.381
[80,    60] loss: 0.443
[80,    70] loss: 0.420
[80,    80] loss: 0.460
[80,    90] loss: 0.432
[80,   100] loss: 0.387
[80,   110] loss: 0.435
[80,   120] loss: 0.458
[80,   130] loss: 0.460
[80,   140] loss: 0.485
[80,   150] loss: 0.361
[80,   160] loss: 0.421
[80,   170] loss: 0.547
[80,   180] loss: 0.510
[80,   190] loss: 0.500
[80,   200] loss: 0.459
[80,   210] loss: 0.435
[80,   220] loss: 0.438
[80,   230] loss: 0.429
[80,   240] loss: 0.415
[80,   250] loss: 0.480
[80,   260] loss: 0.443
[80,   270] loss: 0.507
[80,   280] loss: 0.396
[80,   290] loss: 0.498
[80,   300] loss: 0.434
[80,   310] loss: 0.494
[80,   320] loss: 0.446
[80,   330] loss: 0.442
[80,   340] loss: 0.482
[80,   350] loss: 0.444
[80,   360] loss: 0.435
[80,   370] loss: 0.380
[80,   380] loss: 0.424
[80,   390] loss: 0.402
[80,   400] loss: 0.500
VALIDATION loss: 0.9104760885238647
[81,    10] loss: 0.499
[81,    20] loss: 0.408
[81,    30] loss: 0.435
[81,    40] loss: 0.440
[81,    50] loss: 0.460
[81,    60] loss: 0.437
[81,    70] loss: 0.440
[81,    80] loss: 0.465
[81,    90] loss: 0.424
[81,   100] loss: 0.457
[81,   110] loss: 0.429
[81,   120] loss: 0.398
[81,   130] loss: 0.377
[81,   140] loss: 0.421
[81,   150] loss: 0.402
[81,   160] loss: 0.491
[81,   170] loss: 0.423
[81,   180] loss: 0.504
[81,   190] loss: 0.439
[81,   200] loss: 0.436
[81,   210] loss: 0.424
[81,   220] loss: 0.439
[81,   230] loss: 0.494
[81,   240] loss: 0.444
[81,   250] loss: 0.386
[81,   260] loss: 0.485
[81,   270] loss: 0.459
[81,   280] loss: 0.433
[81,   290] loss: 0.466
[81,   300] loss: 0.486
[81,   310] loss: 0.334
[81,   320] loss: 0.451
[81,   330] loss: 0.515
[81,   340] loss: 0.474
[81,   350] loss: 0.512
[81,   360] loss: 0.401
[81,   370] loss: 0.422
[81,   380] loss: 0.398
[81,   390] loss: 0.416
[81,   400] loss: 0.471
VALIDATION loss: 0.6292180418968201
[82,    10] loss: 0.465
[82,    20] loss: 0.492
[82,    30] loss: 0.443
[82,    40] loss: 0.380
[82,    50] loss: 0.405
[82,    60] loss: 0.429
[82,    70] loss: 0.381
[82,    80] loss: 0.429
[82,    90] loss: 0.390
[82,   100] loss: 0.366
[82,   110] loss: 0.340
[82,   120] loss: 0.453
[82,   130] loss: 0.415
[82,   140] loss: 0.460
[82,   150] loss: 0.482
[82,   160] loss: 0.437
[82,   170] loss: 0.460
[82,   180] loss: 0.451
[82,   190] loss: 0.415
[82,   200] loss: 0.484
[82,   210] loss: 0.410
[82,   220] loss: 0.405
[82,   230] loss: 0.409
[82,   240] loss: 0.478
[82,   250] loss: 0.476
[82,   260] loss: 0.475
[82,   270] loss: 0.570
[82,   280] loss: 0.405
[82,   290] loss: 0.434
[82,   300] loss: 0.405
[82,   310] loss: 0.376
[82,   320] loss: 0.405
[82,   330] loss: 0.439
[82,   340] loss: 0.361
[82,   350] loss: 0.430
[82,   360] loss: 0.464
[82,   370] loss: 0.434
[82,   380] loss: 0.497
[82,   390] loss: 0.447
[82,   400] loss: 0.395
VALIDATION loss: 2.234480381011963
[83,    10] loss: 0.429
[83,    20] loss: 0.409
[83,    30] loss: 0.371
[83,    40] loss: 0.457
[83,    50] loss: 0.450
[83,    60] loss: 0.452
[83,    70] loss: 0.373
[83,    80] loss: 0.382
[83,    90] loss: 0.411
[83,   100] loss: 0.431
[83,   110] loss: 0.415
[83,   120] loss: 0.495
[83,   130] loss: 0.539
[83,   140] loss: 0.402
[83,   150] loss: 0.523
[83,   160] loss: 0.480
[83,   170] loss: 0.432
[83,   180] loss: 0.458
[83,   190] loss: 0.445
[83,   200] loss: 0.450
[83,   210] loss: 0.473
[83,   220] loss: 0.462
[83,   230] loss: 0.411
[83,   240] loss: 0.463
[83,   250] loss: 0.388
[83,   260] loss: 0.372
[83,   270] loss: 0.430
[83,   280] loss: 0.403
[83,   290] loss: 0.368
[83,   300] loss: 0.454
[83,   310] loss: 0.409
[83,   320] loss: 0.446
[83,   330] loss: 0.488
[83,   340] loss: 0.497
[83,   350] loss: 0.438
[83,   360] loss: 0.370
[83,   370] loss: 0.488
[83,   380] loss: 0.500
[83,   390] loss: 0.534
[83,   400] loss: 0.465
VALIDATION loss: 0.449969619512558
[84,    10] loss: 0.482
[84,    20] loss: 0.421
[84,    30] loss: 0.424
[84,    40] loss: 0.489
[84,    50] loss: 0.465
[84,    60] loss: 0.368
[84,    70] loss: 0.390
[84,    80] loss: 0.483
[84,    90] loss: 0.474
[84,   100] loss: 0.446
[84,   110] loss: 0.411
[84,   120] loss: 0.452
[84,   130] loss: 0.419
[84,   140] loss: 0.412
[84,   150] loss: 0.492
[84,   160] loss: 0.363
[84,   170] loss: 0.432
[84,   180] loss: 0.499
[84,   190] loss: 0.432
[84,   200] loss: 0.561
[84,   210] loss: 0.416
[84,   220] loss: 0.366
[84,   230] loss: 0.427
[84,   240] loss: 0.438
[84,   250] loss: 0.423
[84,   260] loss: 0.407
[84,   270] loss: 0.396
[84,   280] loss: 0.397
[84,   290] loss: 0.410
[84,   300] loss: 0.424
[84,   310] loss: 0.410
[84,   320] loss: 0.676
[84,   330] loss: 0.494
[84,   340] loss: 0.514
[84,   350] loss: 0.401
[84,   360] loss: 0.485
[84,   370] loss: 0.475
[84,   380] loss: 0.488
[84,   390] loss: 0.436
[84,   400] loss: 0.478
VALIDATION loss: 1.3185518980026245
[85,    10] loss: 0.418
[85,    20] loss: 0.383
[85,    30] loss: 0.434
[85,    40] loss: 0.395
[85,    50] loss: 0.454
[85,    60] loss: 0.422
[85,    70] loss: 0.409
[85,    80] loss: 0.352
[85,    90] loss: 0.438
[85,   100] loss: 0.487
[85,   110] loss: 0.470
[85,   120] loss: 0.405
[85,   130] loss: 0.352
[85,   140] loss: 0.434
[85,   150] loss: 0.475
[85,   160] loss: 0.424
[85,   170] loss: 0.403
[85,   180] loss: 0.417
[85,   190] loss: 0.406
[85,   200] loss: 0.453
[85,   210] loss: 0.420
[85,   220] loss: 0.408
[85,   230] loss: 0.432
[85,   240] loss: 0.344
[85,   250] loss: 0.401
[85,   260] loss: 0.415
[85,   270] loss: 0.412
[85,   280] loss: 0.484
[85,   290] loss: 0.436
[85,   300] loss: 0.455
[85,   310] loss: 0.415
[85,   320] loss: 0.392
[85,   330] loss: 0.436
[85,   340] loss: 0.387
[85,   350] loss: 0.383
[85,   360] loss: 0.438
[85,   370] loss: 0.457
[85,   380] loss: 0.370
[85,   390] loss: 0.460
[85,   400] loss: 0.440
VALIDATION loss: 2.57930850982666
[86,    10] loss: 0.465
[86,    20] loss: 0.416
[86,    30] loss: 0.353
[86,    40] loss: 0.526
[86,    50] loss: 0.488
[86,    60] loss: 0.414
[86,    70] loss: 0.393
[86,    80] loss: 0.383
[86,    90] loss: 0.451
[86,   100] loss: 0.416
[86,   110] loss: 0.430
[86,   120] loss: 0.455
[86,   130] loss: 0.374
[86,   140] loss: 0.416
[86,   150] loss: 0.502
[86,   160] loss: 0.377
[86,   170] loss: 0.455
[86,   180] loss: 0.423
[86,   190] loss: 0.412
[86,   200] loss: 0.485
[86,   210] loss: 0.462
[86,   220] loss: 0.408
[86,   230] loss: 0.450
[86,   240] loss: 0.452
[86,   250] loss: 0.358
[86,   260] loss: 0.429
[86,   270] loss: 0.480
[86,   280] loss: 0.484
[86,   290] loss: 0.520
[86,   300] loss: 0.445
[86,   310] loss: 0.335
[86,   320] loss: 0.442
[86,   330] loss: 0.411
[86,   340] loss: 0.363
[86,   350] loss: 0.396
[86,   360] loss: 0.417
[86,   370] loss: 0.418
[86,   380] loss: 0.450
[86,   390] loss: 0.408
[86,   400] loss: 0.352
VALIDATION loss: 0.6623156070709229
[87,    10] loss: 0.410
[87,    20] loss: 0.422
[87,    30] loss: 0.434
[87,    40] loss: 0.482
[87,    50] loss: 0.378
[87,    60] loss: 0.403
[87,    70] loss: 0.476
[87,    80] loss: 0.452
[87,    90] loss: 0.452
[87,   100] loss: 0.405
[87,   110] loss: 0.428
[87,   120] loss: 0.415
[87,   130] loss: 0.439
[87,   140] loss: 0.421
[87,   150] loss: 0.475
[87,   160] loss: 0.376
[87,   170] loss: 0.401
[87,   180] loss: 0.367
[87,   190] loss: 0.406
[87,   200] loss: 0.422
[87,   210] loss: 0.373
[87,   220] loss: 0.415
[87,   230] loss: 0.408
[87,   240] loss: 0.352
[87,   250] loss: 0.469
[87,   260] loss: 0.440
[87,   270] loss: 0.327
[87,   280] loss: 0.410
[87,   290] loss: 0.481
[87,   300] loss: 0.379
[87,   310] loss: 0.434
[87,   320] loss: 0.438
[87,   330] loss: 0.433
[87,   340] loss: 0.453
[87,   350] loss: 0.495
[87,   360] loss: 0.354
[87,   370] loss: 0.421
[87,   380] loss: 0.411
[87,   390] loss: 0.417
[87,   400] loss: 0.415
VALIDATION loss: 1.3304375410079956
[88,    10] loss: 0.456
[88,    20] loss: 0.430
[88,    30] loss: 0.389
[88,    40] loss: 0.426
[88,    50] loss: 0.374
[88,    60] loss: 0.443
[88,    70] loss: 0.371
[88,    80] loss: 0.455
[88,    90] loss: 0.389
[88,   100] loss: 0.434
[88,   110] loss: 0.456
[88,   120] loss: 0.484
[88,   130] loss: 0.430
[88,   140] loss: 0.471
[88,   150] loss: 0.450
[88,   160] loss: 0.376
[88,   170] loss: 0.425
[88,   180] loss: 0.439
[88,   190] loss: 0.380
[88,   200] loss: 0.432
[88,   210] loss: 0.399
[88,   220] loss: 0.367
[88,   230] loss: 0.338
[88,   240] loss: 0.475
[88,   250] loss: 0.417
[88,   260] loss: 0.412
[88,   270] loss: 0.451
[88,   280] loss: 0.395
[88,   290] loss: 0.441
[88,   300] loss: 0.430
[88,   310] loss: 0.337
[88,   320] loss: 0.375
[88,   330] loss: 0.396
[88,   340] loss: 0.470
[88,   350] loss: 0.474
[88,   360] loss: 0.363
[88,   370] loss: 0.463
[88,   380] loss: 0.441
[88,   390] loss: 0.433
[88,   400] loss: 0.445
VALIDATION loss: 2.328350067138672
[89,    10] loss: 0.447
[89,    20] loss: 0.377
[89,    30] loss: 0.398
[89,    40] loss: 0.452
[89,    50] loss: 0.464
[89,    60] loss: 0.365
[89,    70] loss: 0.430
[89,    80] loss: 0.361
[89,    90] loss: 0.485
[89,   100] loss: 0.388
[89,   110] loss: 0.403
[89,   120] loss: 0.330
[89,   130] loss: 0.577
[89,   140] loss: 0.388
[89,   150] loss: 0.465
[89,   160] loss: 0.413
[89,   170] loss: 0.470
[89,   180] loss: 0.470
[89,   190] loss: 0.422
[89,   200] loss: 0.417
[89,   210] loss: 0.422
[89,   220] loss: 0.440
[89,   230] loss: 0.437
[89,   240] loss: 0.435
[89,   250] loss: 0.391
[89,   260] loss: 0.517
[89,   270] loss: 0.478
[89,   280] loss: 0.400
[89,   290] loss: 0.350
[89,   300] loss: 0.361
[89,   310] loss: 0.382
[89,   320] loss: 0.387
[89,   330] loss: 0.390
[89,   340] loss: 0.387
[89,   350] loss: 0.379
[89,   360] loss: 0.417
[89,   370] loss: 0.493
[89,   380] loss: 0.340
[89,   390] loss: 0.380
[89,   400] loss: 0.473
VALIDATION loss: 0.8634483218193054
[90,    10] loss: 0.436
[90,    20] loss: 0.458
[90,    30] loss: 0.429
[90,    40] loss: 0.396
[90,    50] loss: 0.408
[90,    60] loss: 0.449
[90,    70] loss: 0.419
[90,    80] loss: 0.382
[90,    90] loss: 0.450
[90,   100] loss: 0.484
[90,   110] loss: 0.457
[90,   120] loss: 0.403
[90,   130] loss: 0.400
[90,   140] loss: 0.441
[90,   150] loss: 0.381
[90,   160] loss: 0.429
[90,   170] loss: 0.455
[90,   180] loss: 0.413
[90,   190] loss: 0.466
[90,   200] loss: 0.445
[90,   210] loss: 0.452
[90,   220] loss: 0.402
[90,   230] loss: 0.440
[90,   240] loss: 0.398
[90,   250] loss: 0.449
[90,   260] loss: 0.389
[90,   270] loss: 0.365
[90,   280] loss: 0.447
[90,   290] loss: 0.395
[90,   300] loss: 0.385
[90,   310] loss: 0.446
[90,   320] loss: 0.438
[90,   330] loss: 0.392
[90,   340] loss: 0.424
[90,   350] loss: 0.361
[90,   360] loss: 0.359
[90,   370] loss: 0.448
[90,   380] loss: 0.421
[90,   390] loss: 0.462
[90,   400] loss: 0.415
VALIDATION loss: 2.540381669998169
[91,    10] loss: 0.442
[91,    20] loss: 0.440
[91,    30] loss: 0.485
[91,    40] loss: 0.416
[91,    50] loss: 0.306
[91,    60] loss: 0.430
[91,    70] loss: 0.370
[91,    80] loss: 0.379
[91,    90] loss: 0.443
[91,   100] loss: 0.413
[91,   110] loss: 0.461
[91,   120] loss: 0.471
[91,   130] loss: 0.446
[91,   140] loss: 0.495
[91,   150] loss: 0.504
[91,   160] loss: 0.390
[91,   170] loss: 0.353
[91,   180] loss: 0.406
[91,   190] loss: 0.415
[91,   200] loss: 0.327
[91,   210] loss: 0.371
[91,   220] loss: 0.384
[91,   230] loss: 0.392
[91,   240] loss: 0.361
[91,   250] loss: 0.479
[91,   260] loss: 0.507
[91,   270] loss: 0.360
[91,   280] loss: 0.426
[91,   290] loss: 0.349
[91,   300] loss: 0.381
[91,   310] loss: 0.352
[91,   320] loss: 0.410
[91,   330] loss: 0.444
[91,   340] loss: 0.404
[91,   350] loss: 0.450
[91,   360] loss: 0.376
[91,   370] loss: 0.465
[91,   380] loss: 0.380
[91,   390] loss: 0.427
[91,   400] loss: 0.345
VALIDATION loss: 0.7451677322387695
[92,    10] loss: 0.401
[92,    20] loss: 0.401
[92,    30] loss: 0.441
[92,    40] loss: 0.476
[92,    50] loss: 0.321
[92,    60] loss: 0.414
[92,    70] loss: 0.396
[92,    80] loss: 0.435
[92,    90] loss: 0.371
[92,   100] loss: 0.452
[92,   110] loss: 0.363
[92,   120] loss: 0.422
[92,   130] loss: 0.364
[92,   140] loss: 0.295
[92,   150] loss: 0.423
[92,   160] loss: 0.480
[92,   170] loss: 0.412
[92,   180] loss: 0.420
[92,   190] loss: 0.427
[92,   200] loss: 0.428
[92,   210] loss: 0.422
[92,   220] loss: 0.402
[92,   230] loss: 0.451
[92,   240] loss: 0.330
[92,   250] loss: 0.429
[92,   260] loss: 0.397
[92,   270] loss: 0.422
[92,   280] loss: 0.411
[92,   290] loss: 0.393
[92,   300] loss: 0.419
[92,   310] loss: 0.397
[92,   320] loss: 0.405
[92,   330] loss: 0.436
[92,   340] loss: 0.428
[92,   350] loss: 0.439
[92,   360] loss: 0.367
[92,   370] loss: 0.422
[92,   380] loss: 0.437
[92,   390] loss: 0.477
[92,   400] loss: 0.433
VALIDATION loss: 0.7279366850852966
[93,    10] loss: 0.457
[93,    20] loss: 0.393
[93,    30] loss: 0.440
[93,    40] loss: 0.382
[93,    50] loss: 0.358
[93,    60] loss: 0.377
[93,    70] loss: 0.522
[93,    80] loss: 0.457
[93,    90] loss: 0.390
[93,   100] loss: 0.362
[93,   110] loss: 0.418
[93,   120] loss: 0.418
[93,   130] loss: 0.372
[93,   140] loss: 0.361
[93,   150] loss: 0.400
[93,   160] loss: 0.421
[93,   170] loss: 0.493
[93,   180] loss: 0.371
[93,   190] loss: 0.383
[93,   200] loss: 0.415
[93,   210] loss: 0.396
[93,   220] loss: 0.453
[93,   230] loss: 0.381
[93,   240] loss: 0.442
[93,   250] loss: 0.402
[93,   260] loss: 0.376
[93,   270] loss: 0.487
[93,   280] loss: 0.403
[93,   290] loss: 0.422
[93,   300] loss: 0.372
[93,   310] loss: 0.402
[93,   320] loss: 0.439
[93,   330] loss: 0.378
[93,   340] loss: 0.416
[93,   350] loss: 0.491
[93,   360] loss: 0.357
[93,   370] loss: 0.513
[93,   380] loss: 0.500
[93,   390] loss: 0.408
[93,   400] loss: 0.470
VALIDATION loss: 0.900849461555481
[94,    10] loss: 0.383
[94,    20] loss: 0.386
[94,    30] loss: 0.352
[94,    40] loss: 0.479
[94,    50] loss: 0.367
[94,    60] loss: 0.451
[94,    70] loss: 0.422
[94,    80] loss: 0.512
[94,    90] loss: 0.444
[94,   100] loss: 0.422
[94,   110] loss: 0.356
[94,   120] loss: 0.419
[94,   130] loss: 0.434
[94,   140] loss: 0.454
[94,   150] loss: 0.411
[94,   160] loss: 0.401
[94,   170] loss: 0.375
[94,   180] loss: 0.376
[94,   190] loss: 0.411
[94,   200] loss: 0.398
[94,   210] loss: 0.421
[94,   220] loss: 0.413
[94,   230] loss: 0.395
[94,   240] loss: 0.358
[94,   250] loss: 0.443
[94,   260] loss: 0.344
[94,   270] loss: 0.369
[94,   280] loss: 0.398
[94,   290] loss: 0.418
[94,   300] loss: 0.390
[94,   310] loss: 0.425
[94,   320] loss: 0.448
[94,   330] loss: 0.550
[94,   340] loss: 0.366
[94,   350] loss: 0.382
[94,   360] loss: 0.371
[94,   370] loss: 0.337
[94,   380] loss: 0.397
[94,   390] loss: 0.393
[94,   400] loss: 0.427
VALIDATION loss: 0.39885470271110535
[95,    10] loss: 0.404
[95,    20] loss: 0.436
[95,    30] loss: 0.354
[95,    40] loss: 0.364
[95,    50] loss: 0.426
[95,    60] loss: 0.479
[95,    70] loss: 0.388
[95,    80] loss: 0.354
[95,    90] loss: 0.349
[95,   100] loss: 0.362
[95,   110] loss: 0.400
[95,   120] loss: 0.393
[95,   130] loss: 0.384
[95,   140] loss: 0.444
[95,   150] loss: 0.390
[95,   160] loss: 0.417
[95,   170] loss: 0.440
[95,   180] loss: 0.371
[95,   190] loss: 0.463
[95,   200] loss: 0.413
[95,   210] loss: 0.435
[95,   220] loss: 0.382
[95,   230] loss: 0.338
[95,   240] loss: 0.454
[95,   250] loss: 0.391
[95,   260] loss: 0.319
[95,   270] loss: 0.373
[95,   280] loss: 0.501
[95,   290] loss: 0.352
[95,   300] loss: 0.381
[95,   310] loss: 0.392
[95,   320] loss: 0.445
[95,   330] loss: 0.427
[95,   340] loss: 0.413
[95,   350] loss: 0.424
[95,   360] loss: 0.437
[95,   370] loss: 0.364
[95,   380] loss: 0.405
[95,   390] loss: 0.357
[95,   400] loss: 0.391
VALIDATION loss: 0.3771565556526184
[96,    10] loss: 0.413
[96,    20] loss: 0.390
[96,    30] loss: 0.300
[96,    40] loss: 0.303
[96,    50] loss: 0.411
[96,    60] loss: 0.462
[96,    70] loss: 0.407
[96,    80] loss: 0.400
[96,    90] loss: 0.378
[96,   100] loss: 0.431
[96,   110] loss: 0.353
[96,   120] loss: 0.361
[96,   130] loss: 0.378
[96,   140] loss: 0.417
[96,   150] loss: 0.433
[96,   160] loss: 0.342
[96,   170] loss: 0.390
[96,   180] loss: 0.463
[96,   190] loss: 0.373
[96,   200] loss: 0.418
[96,   210] loss: 0.450
[96,   220] loss: 0.398
[96,   230] loss: 0.413
[96,   240] loss: 0.421
[96,   250] loss: 0.297
[96,   260] loss: 0.416
[96,   270] loss: 0.366
[96,   280] loss: 0.429
[96,   290] loss: 0.426
[96,   300] loss: 0.344
[96,   310] loss: 0.410
[96,   320] loss: 0.399
[96,   330] loss: 0.353
[96,   340] loss: 0.390
[96,   350] loss: 0.393
[96,   360] loss: 0.474
[96,   370] loss: 0.395
[96,   380] loss: 0.395
[96,   390] loss: 0.430
[96,   400] loss: 0.380
VALIDATION loss: 0.49951162934303284
[97,    10] loss: 0.383
[97,    20] loss: 0.424
[97,    30] loss: 0.427
[97,    40] loss: 0.361
[97,    50] loss: 0.477
[97,    60] loss: 0.458
[97,    70] loss: 0.453
[97,    80] loss: 0.395
[97,    90] loss: 0.503
[97,   100] loss: 0.357
[97,   110] loss: 0.458
[97,   120] loss: 0.421
[97,   130] loss: 0.460
[97,   140] loss: 0.413
[97,   150] loss: 0.380
[97,   160] loss: 0.336
[97,   170] loss: 0.365
[97,   180] loss: 0.344
[97,   190] loss: 0.357
[97,   200] loss: 0.420
[97,   210] loss: 0.377
[97,   220] loss: 0.442
[97,   230] loss: 0.359
[97,   240] loss: 0.433
[97,   250] loss: 0.394
[97,   260] loss: 0.396
[97,   270] loss: 0.410
[97,   280] loss: 0.372
[97,   290] loss: 0.368
[97,   300] loss: 0.465
[97,   310] loss: 0.438
[97,   320] loss: 0.347
[97,   330] loss: 0.383
[97,   340] loss: 0.436
[97,   350] loss: 0.384
[97,   360] loss: 0.317
[97,   370] loss: 0.389
[97,   380] loss: 0.426
[97,   390] loss: 0.402
[97,   400] loss: 0.339
VALIDATION loss: 0.7393648624420166
[98,    10] loss: 0.330
[98,    20] loss: 0.311
[98,    30] loss: 0.420
[98,    40] loss: 0.405
[98,    50] loss: 0.352
[98,    60] loss: 0.343
[98,    70] loss: 0.448
[98,    80] loss: 0.349
[98,    90] loss: 0.434
[98,   100] loss: 0.372
[98,   110] loss: 0.418
[98,   120] loss: 0.435
[98,   130] loss: 0.413
[98,   140] loss: 0.431
[98,   150] loss: 0.363
[98,   160] loss: 0.363
[98,   170] loss: 0.369
[98,   180] loss: 0.321
[98,   190] loss: 0.380
[98,   200] loss: 0.382
[98,   210] loss: 0.410
[98,   220] loss: 0.433
[98,   230] loss: 0.370
[98,   240] loss: 0.380
[98,   250] loss: 0.383
[98,   260] loss: 0.299
[98,   270] loss: 0.410
[98,   280] loss: 0.390
[98,   290] loss: 0.419
[98,   300] loss: 0.379
[98,   310] loss: 0.384
[98,   320] loss: 0.431
[98,   330] loss: 0.406
[98,   340] loss: 0.335
[98,   350] loss: 0.365
[98,   360] loss: 0.420
[98,   370] loss: 0.457
[98,   380] loss: 0.434
[98,   390] loss: 0.442
[98,   400] loss: 0.403
VALIDATION loss: 2.053692579269409
[99,    10] loss: 0.422
[99,    20] loss: 0.438
[99,    30] loss: 0.378
[99,    40] loss: 0.389
[99,    50] loss: 0.347
[99,    60] loss: 0.351
[99,    70] loss: 0.353
[99,    80] loss: 0.348
[99,    90] loss: 0.415
[99,   100] loss: 0.383
[99,   110] loss: 0.426
[99,   120] loss: 0.340
[99,   130] loss: 0.430
[99,   140] loss: 0.403
[99,   150] loss: 0.423
[99,   160] loss: 0.412
[99,   170] loss: 0.312
[99,   180] loss: 0.386
[99,   190] loss: 0.392
[99,   200] loss: 0.442
[99,   210] loss: 0.373
[99,   220] loss: 0.368
[99,   230] loss: 0.453
[99,   240] loss: 0.450
[99,   250] loss: 0.348
[99,   260] loss: 0.344
[99,   270] loss: 0.391
[99,   280] loss: 0.351
[99,   290] loss: 0.387
[99,   300] loss: 0.392
[99,   310] loss: 0.408
[99,   320] loss: 0.331
[99,   330] loss: 0.361
[99,   340] loss: 0.440
[99,   350] loss: 0.412
[99,   360] loss: 0.408
[99,   370] loss: 0.400
[99,   380] loss: 0.428
[99,   390] loss: 0.398
[99,   400] loss: 0.295
VALIDATION loss: 1.2231518030166626
[100,    10] loss: 0.369
[100,    20] loss: 0.422
[100,    30] loss: 0.409
[100,    40] loss: 0.389
[100,    50] loss: 0.403
[100,    60] loss: 0.362
[100,    70] loss: 0.487
[100,    80] loss: 0.425
[100,    90] loss: 0.425
[100,   100] loss: 0.384
[100,   110] loss: 0.419
[100,   120] loss: 0.416
[100,   130] loss: 0.419
[100,   140] loss: 0.433
[100,   150] loss: 0.450
[100,   160] loss: 0.459
[100,   170] loss: 0.337
[100,   180] loss: 0.349
[100,   190] loss: 0.404
[100,   200] loss: 0.386
[100,   210] loss: 0.452
[100,   220] loss: 0.441
[100,   230] loss: 0.394
[100,   240] loss: 0.326
[100,   250] loss: 0.312
[100,   260] loss: 0.381
[100,   270] loss: 0.326
[100,   280] loss: 0.415
[100,   290] loss: 0.437
[100,   300] loss: 0.375
[100,   310] loss: 0.418
[100,   320] loss: 0.371
[100,   330] loss: 0.409
[100,   340] loss: 0.440
[100,   350] loss: 0.341
[100,   360] loss: 0.465
[100,   370] loss: 0.532
[100,   380] loss: 0.366
[100,   390] loss: 0.324
[100,   400] loss: 0.362
VALIDATION loss: 1.1630584001541138
Finished !!
Accuracy of the network: 57.77 %
