Collecting dill==0.3.4 (from -r requirements.txt (line 1))
  Using cached https://files.pythonhosted.org/packages/b6/c3/973676ceb86b60835bb3978c6db67a5dc06be6cfdbd14ef0f5a13e3fc9fd/dill-0.3.4-py2.py3-none-any.whl
Requirement already satisfied: laplace==0.1 in /zhome/45/c/128687/.local/lib/python3.6/site-packages (from -r requirements.txt (line 2))
Collecting matplotlib==3.4.0 (from -r requirements.txt (line 3))
Small: 0
Transform: 0
MaxPool: 1
Running GPU.
[1,    10] loss: 1.934
[1,    20] loss: 1.901
[1,    30] loss: 1.846
[1,    40] loss: 1.845
[1,    50] loss: 1.812
[1,    60] loss: 1.785
[1,    70] loss: 1.781
[1,    80] loss: 1.744
[1,    90] loss: 1.759
[1,   100] loss: 1.729
[1,   110] loss: 1.713
[1,   120] loss: 1.745
[1,   130] loss: 1.660
[1,   140] loss: 1.689
[1,   150] loss: 1.712
[1,   160] loss: 1.676
[1,   170] loss: 1.671
[1,   180] loss: 1.664
[1,   190] loss: 1.645
[1,   200] loss: 1.651
[1,   210] loss: 1.656
[1,   220] loss: 1.655
[1,   230] loss: 1.632
[1,   240] loss: 1.644
[1,   250] loss: 1.604
[1,   260] loss: 1.627
[1,   270] loss: 1.599
[1,   280] loss: 1.589
[1,   290] loss: 1.657
[1,   300] loss: 1.607
[1,   310] loss: 1.607
[1,   320] loss: 1.616
[1,   330] loss: 1.582
[1,   340] loss: 1.562
[1,   350] loss: 1.621
[1,   360] loss: 1.586
[1,   370] loss: 1.600
[1,   380] loss: 1.578
[1,   390] loss: 1.588
[1,   400] loss: 1.563
VALIDATION loss: 1.5377179384231567
[2,    10] loss: 1.522
[2,    20] loss: 1.550
[2,    30] loss: 1.549
[2,    40] loss: 1.521
[2,    50] loss: 1.534
[2,    60] loss: 1.504
[2,    70] loss: 1.535
[2,    80] loss: 1.538
[2,    90] loss: 1.506
[2,   100] loss: 1.548
[2,   110] loss: 1.549
[2,   120] loss: 1.493
[2,   130] loss: 1.484
[2,   140] loss: 1.513
[2,   150] loss: 1.505
[2,   160] loss: 1.489
[2,   170] loss: 1.561
[2,   180] loss: 1.506
[2,   190] loss: 1.476
[2,   200] loss: 1.474
[2,   210] loss: 1.479
[2,   220] loss: 1.504
[2,   230] loss: 1.454
[2,   240] loss: 1.511
[2,   250] loss: 1.438
[2,   260] loss: 1.457
[2,   270] loss: 1.462
[2,   280] loss: 1.475
[2,   290] loss: 1.450
[2,   300] loss: 1.445
[2,   310] loss: 1.384
[2,   320] loss: 1.459
[2,   330] loss: 1.471
[2,   340] loss: 1.449
[2,   350] loss: 1.468
[2,   360] loss: 1.428
[2,   370] loss: 1.414
[2,   380] loss: 1.423
[2,   390] loss: 1.417
[2,   400] loss: 1.423
VALIDATION loss: 1.4022974967956543
[3,    10] loss: 1.409
[3,    20] loss: 1.421
[3,    30] loss: 1.376
[3,    40] loss: 1.361
[3,    50] loss: 1.449
[3,    60] loss: 1.355
[3,    70] loss: 1.398
[3,    80] loss: 1.438
[3,    90] loss: 1.449
[3,   100] loss: 1.401
[3,   110] loss: 1.320
[3,   120] loss: 1.386
[3,   130] loss: 1.384
[3,   140] loss: 1.360
[3,   150] loss: 1.347
[3,   160] loss: 1.386
[3,   170] loss: 1.406
[3,   180] loss: 1.402
[3,   190] loss: 1.390
[3,   200] loss: 1.407
[3,   210] loss: 1.345
[3,   220] loss: 1.364
[3,   230] loss: 1.339
[3,   240] loss: 1.330
[3,   250] loss: 1.364
[3,   260] loss: 1.393
[3,   270] loss: 1.389
[3,   280] loss: 1.375
[3,   290] loss: 1.385
[3,   300] loss: 1.323
[3,   310] loss: 1.286
[3,   320] loss: 1.337
[3,   330] loss: 1.339
[3,   340] loss: 1.324
[3,   350] loss: 1.361
[3,   360] loss: 1.353
[3,   370] loss: 1.280
[3,   380] loss: 1.325
[3,   390] loss: 1.290
[3,   400] loss: 1.407
VALIDATION loss: 1.3095383644104004
[4,    10] loss: 1.308
[4,    20] loss: 1.343
[4,    30] loss: 1.343
[4,    40] loss: 1.256
[4,    50] loss: 1.280
[4,    60] loss: 1.281
[4,    70] loss: 1.268
[4,    80] loss: 1.339
[4,    90] loss: 1.257
[4,   100] loss: 1.294
[4,   110] loss: 1.324
[4,   120] loss: 1.370
[4,   130] loss: 1.277
[4,   140] loss: 1.299
[4,   150] loss: 1.318
[4,   160] loss: 1.285
[4,   170] loss: 1.366
[4,   180] loss: 1.273
[4,   190] loss: 1.251
[4,   200] loss: 1.273
[4,   210] loss: 1.254
[4,   220] loss: 1.266
[4,   230] loss: 1.246
[4,   240] loss: 1.324
[4,   250] loss: 1.267
[4,   260] loss: 1.247
[4,   270] loss: 1.284
[4,   280] loss: 1.319
[4,   290] loss: 1.252
[4,   300] loss: 1.264
[4,   310] loss: 1.298
[4,   320] loss: 1.246
[4,   330] loss: 1.272
[4,   340] loss: 1.246
[4,   350] loss: 1.232
[4,   360] loss: 1.259
[4,   370] loss: 1.213
[4,   380] loss: 1.251
[4,   390] loss: 1.247
[4,   400] loss: 1.240
VALIDATION loss: 1.2693684101104736
[5,    10] loss: 1.228
[5,    20] loss: 1.246
[5,    30] loss: 1.265
[5,    40] loss: 1.260
[5,    50] loss: 1.246
[5,    60] loss: 1.214
[5,    70] loss: 1.262
[5,    80] loss: 1.232
[5,    90] loss: 1.191
[5,   100] loss: 1.218
[5,   110] loss: 1.158
[5,   120] loss: 1.249
[5,   130] loss: 1.198
[5,   140] loss: 1.157
[5,   150] loss: 1.236
[5,   160] loss: 1.167
[5,   170] loss: 1.205
[5,   180] loss: 1.179
[5,   190] loss: 1.139
[5,   200] loss: 1.186
[5,   210] loss: 1.245
[5,   220] loss: 1.200
[5,   230] loss: 1.183
[5,   240] loss: 1.230
[5,   250] loss: 1.139
[5,   260] loss: 1.168
[5,   270] loss: 1.250
[5,   280] loss: 1.203
[5,   290] loss: 1.218
[5,   300] loss: 1.172
[5,   310] loss: 1.208
[5,   320] loss: 1.147
[5,   330] loss: 1.145
[5,   340] loss: 1.221
[5,   350] loss: 1.187
[5,   360] loss: 1.228
[5,   370] loss: 1.154
[5,   380] loss: 1.158
[5,   390] loss: 1.148
[5,   400] loss: 1.114
VALIDATION loss: 1.1750959157943726
[6,    10] loss: 1.180
[6,    20] loss: 1.163
[6,    30] loss: 1.190
[6,    40] loss: 1.157
[6,    50] loss: 1.172
[6,    60] loss: 1.155
[6,    70] loss: 1.135
[6,    80] loss: 1.182
[6,    90] loss: 1.099
[6,   100] loss: 1.099
[6,   110] loss: 1.145
[6,   120] loss: 1.143
[6,   130] loss: 1.151
[6,   140] loss: 1.112
[6,   150] loss: 1.158
[6,   160] loss: 1.110
[6,   170] loss: 1.150
[6,   180] loss: 1.192
[6,   190] loss: 1.206
[6,   200] loss: 1.119
[6,   210] loss: 1.139
[6,   220] loss: 1.145
[6,   230] loss: 1.135
[6,   240] loss: 1.065
[6,   250] loss: 1.215
[6,   260] loss: 1.130
[6,   270] loss: 1.091
[6,   280] loss: 1.105
[6,   290] loss: 1.117
[6,   300] loss: 1.167
[6,   310] loss: 1.064
[6,   320] loss: 1.159
[6,   330] loss: 1.032
[6,   340] loss: 1.104
[6,   350] loss: 1.080
[6,   360] loss: 1.097
[6,   370] loss: 1.134
[6,   380] loss: 1.112
[6,   390] loss: 1.035
[6,   400] loss: 1.106
VALIDATION loss: 1.160904884338379
[7,    10] loss: 1.079
[7,    20] loss: 1.115
[7,    30] loss: 1.123
[7,    40] loss: 1.076
[7,    50] loss: 1.066
[7,    60] loss: 1.120
[7,    70] loss: 1.126
[7,    80] loss: 1.060
[7,    90] loss: 1.118
[7,   100] loss: 1.100
[7,   110] loss: 1.025
[7,   120] loss: 1.017
[7,   130] loss: 1.058
[7,   140] loss: 0.999
[7,   150] loss: 1.054
[7,   160] loss: 1.075
[7,   170] loss: 1.063
[7,   180] loss: 1.148
[7,   190] loss: 1.170
[7,   200] loss: 1.091
[7,   210] loss: 1.122
[7,   220] loss: 1.087
[7,   230] loss: 1.093
[7,   240] loss: 1.095
[7,   250] loss: 1.085
[7,   260] loss: 1.095
[7,   270] loss: 1.045
[7,   280] loss: 1.067
[7,   290] loss: 1.058
[7,   300] loss: 1.060
[7,   310] loss: 1.028
[7,   320] loss: 1.021
[7,   330] loss: 1.054
[7,   340] loss: 1.009
[7,   350] loss: 1.019
[7,   360] loss: 1.021
[7,   370] loss: 1.072
[7,   380] loss: 0.976
[7,   390] loss: 1.072
[7,   400] loss: 1.023
VALIDATION loss: 1.3473116159439087
[8,    10] loss: 1.047
[8,    20] loss: 0.959
[8,    30] loss: 1.007
[8,    40] loss: 0.997
[8,    50] loss: 1.020
[8,    60] loss: 0.997
[8,    70] loss: 1.047
[8,    80] loss: 1.033
[8,    90] loss: 1.026
[8,   100] loss: 0.993
[8,   110] loss: 1.002
[8,   120] loss: 1.062
[8,   130] loss: 1.007
[8,   140] loss: 0.956
[8,   150] loss: 0.976
[8,   160] loss: 1.029
[8,   170] loss: 1.052
[8,   180] loss: 1.056
[8,   190] loss: 1.036
[8,   200] loss: 1.052
[8,   210] loss: 0.991
[8,   220] loss: 1.040
[8,   230] loss: 1.030
[8,   240] loss: 0.965
[8,   250] loss: 0.991
[8,   260] loss: 0.933
[8,   270] loss: 1.068
[8,   280] loss: 0.956
[8,   290] loss: 1.007
[8,   300] loss: 0.965
[8,   310] loss: 1.031
[8,   320] loss: 1.015
[8,   330] loss: 1.052
[8,   340] loss: 1.027
[8,   350] loss: 0.949
[8,   360] loss: 1.003
[8,   370] loss: 0.993
[8,   380] loss: 1.005
[8,   390] loss: 1.008
[8,   400] loss: 0.930
VALIDATION loss: 1.010324239730835
[9,    10] loss: 0.967
[9,    20] loss: 0.932
[9,    30] loss: 0.985
[9,    40] loss: 0.959
[9,    50] loss: 0.992
[9,    60] loss: 0.985
[9,    70] loss: 0.942
[9,    80] loss: 0.984
[9,    90] loss: 0.989
[9,   100] loss: 1.044
[9,   110] loss: 0.926
[9,   120] loss: 0.965
[9,   130] loss: 1.071
[9,   140] loss: 0.969
[9,   150] loss: 0.899
[9,   160] loss: 0.972
[9,   170] loss: 0.909
[9,   180] loss: 0.913
[9,   190] loss: 0.964
[9,   200] loss: 1.014
[9,   210] loss: 0.905
[9,   220] loss: 0.918
[9,   230] loss: 0.937
[9,   240] loss: 0.983
[9,   250] loss: 1.000
[9,   260] loss: 0.954
[9,   270] loss: 0.956
[9,   280] loss: 0.935
[9,   290] loss: 0.961
[9,   300] loss: 1.030
[9,   310] loss: 0.992
[9,   320] loss: 0.965
[9,   330] loss: 0.926
[9,   340] loss: 1.047
[9,   350] loss: 0.905
[9,   360] loss: 0.893
[9,   370] loss: 0.974
[9,   380] loss: 0.958
[9,   390] loss: 0.905
[9,   400] loss: 0.925
VALIDATION loss: 1.2560256719589233
[10,    10] loss: 0.905
[10,    20] loss: 0.975
[10,    30] loss: 0.905
[10,    40] loss: 0.958
[10,    50] loss: 0.880
[10,    60] loss: 0.897
[10,    70] loss: 0.841
[10,    80] loss: 0.976
[10,    90] loss: 0.897
[10,   100] loss: 0.882
[10,   110] loss: 0.875
[10,   120] loss: 0.935
[10,   130] loss: 0.939
[10,   140] loss: 0.931
[10,   150] loss: 0.878
[10,   160] loss: 0.939
[10,   170] loss: 0.960
[10,   180] loss: 0.909
[10,   190] loss: 0.943
[10,   200] loss: 0.996
[10,   210] loss: 0.915
[10,   220] loss: 0.923
[10,   230] loss: 0.949
[10,   240] loss: 0.912
[10,   250] loss: 0.944
[10,   260] loss: 0.922
[10,   270] loss: 0.902
[10,   280] loss: 0.869
[10,   290] loss: 0.914
[10,   300] loss: 0.946
[10,   310] loss: 0.913
[10,   320] loss: 0.870
[10,   330] loss: 0.905
[10,   340] loss: 0.866
[10,   350] loss: 0.964
[10,   360] loss: 0.922
[10,   370] loss: 0.880
[10,   380] loss: 0.900
[10,   390] loss: 0.888
[10,   400] loss: 0.834
VALIDATION loss: 1.0100462436676025
[11,    10] loss: 0.827
[11,    20] loss: 0.859
[11,    30] loss: 0.851
[11,    40] loss: 0.851
[11,    50] loss: 0.843
[11,    60] loss: 0.804
[11,    70] loss: 0.884
[11,    80] loss: 0.931
[11,    90] loss: 0.838
[11,   100] loss: 0.893
[11,   110] loss: 0.875
[11,   120] loss: 0.830
[11,   130] loss: 0.827
[11,   140] loss: 0.883
[11,   150] loss: 0.949
[11,   160] loss: 0.903
[11,   170] loss: 0.889
[11,   180] loss: 0.858
[11,   190] loss: 0.909
[11,   200] loss: 0.925
[11,   210] loss: 0.897
[11,   220] loss: 0.896
[11,   230] loss: 0.883
[11,   240] loss: 0.877
[11,   250] loss: 0.879
[11,   260] loss: 0.852
[11,   270] loss: 0.849
[11,   280] loss: 0.917
[11,   290] loss: 0.924
[11,   300] loss: 0.844
[11,   310] loss: 0.861
[11,   320] loss: 0.809
[11,   330] loss: 0.887
[11,   340] loss: 0.802
[11,   350] loss: 0.904
[11,   360] loss: 0.913
[11,   370] loss: 0.795
[11,   380] loss: 0.850
[11,   390] loss: 0.844
[11,   400] loss: 0.947
VALIDATION loss: 1.0552436113357544
[12,    10] loss: 0.794
[12,    20] loss: 0.816
[12,    30] loss: 0.886
[12,    40] loss: 0.794
[12,    50] loss: 0.803
[12,    60] loss: 0.896
[12,    70] loss: 0.866
[12,    80] loss: 0.879
[12,    90] loss: 0.821
[12,   100] loss: 0.806
[12,   110] loss: 0.829
[12,   120] loss: 0.904
[12,   130] loss: 0.819
[12,   140] loss: 0.802
[12,   150] loss: 0.837
[12,   160] loss: 0.842
[12,   170] loss: 0.905
[12,   180] loss: 0.871
[12,   190] loss: 0.861
[12,   200] loss: 0.904
[12,   210] loss: 0.873
[12,   220] loss: 0.935
[12,   230] loss: 0.840
[12,   240] loss: 0.830
[12,   250] loss: 0.836
[12,   260] loss: 0.875
[12,   270] loss: 0.830
[12,   280] loss: 0.796
[12,   290] loss: 0.839
[12,   300] loss: 0.819
[12,   310] loss: 0.861
[12,   320] loss: 0.752
[12,   330] loss: 0.845
[12,   340] loss: 0.766
[12,   350] loss: 0.782
[12,   360] loss: 0.875
[12,   370] loss: 0.807
[12,   380] loss: 0.871
[12,   390] loss: 0.749
[12,   400] loss: 0.792
VALIDATION loss: 1.984559178352356
[13,    10] loss: 0.796
[13,    20] loss: 0.861
[13,    30] loss: 0.830
[13,    40] loss: 0.770
[13,    50] loss: 0.791
[13,    60] loss: 0.749
[13,    70] loss: 0.805
[13,    80] loss: 0.820
[13,    90] loss: 0.781
[13,   100] loss: 0.819
[13,   110] loss: 0.828
[13,   120] loss: 0.846
[13,   130] loss: 0.908
[13,   140] loss: 0.824
[13,   150] loss: 0.783
[13,   160] loss: 0.809
[13,   170] loss: 0.747
[13,   180] loss: 0.770
[13,   190] loss: 0.782
[13,   200] loss: 0.816
[13,   210] loss: 0.770
[13,   220] loss: 0.832
[13,   230] loss: 0.770
[13,   240] loss: 0.779
[13,   250] loss: 0.801
[13,   260] loss: 0.749
[13,   270] loss: 0.781
[13,   280] loss: 0.821
[13,   290] loss: 0.796
[13,   300] loss: 0.809
[13,   310] loss: 0.894
[13,   320] loss: 0.839
[13,   330] loss: 0.817
[13,   340] loss: 0.789
[13,   350] loss: 0.834
[13,   360] loss: 0.889
[13,   370] loss: 0.842
[13,   380] loss: 0.766
[13,   390] loss: 0.802
[13,   400] loss: 0.767
VALIDATION loss: 1.8505206108093262
[14,    10] loss: 0.796
[14,    20] loss: 0.710
[14,    30] loss: 0.873
[14,    40] loss: 0.838
[14,    50] loss: 0.799
[14,    60] loss: 0.755
[14,    70] loss: 0.773
[14,    80] loss: 0.755
[14,    90] loss: 0.800
[14,   100] loss: 0.795
[14,   110] loss: 0.841
[14,   120] loss: 0.715
[14,   130] loss: 0.770
[14,   140] loss: 0.747
[14,   150] loss: 0.777
[14,   160] loss: 0.765
[14,   170] loss: 0.806
[14,   180] loss: 0.830
[14,   190] loss: 0.814
[14,   200] loss: 0.773
[14,   210] loss: 0.721
[14,   220] loss: 0.791
[14,   230] loss: 0.792
[14,   240] loss: 0.756
[14,   250] loss: 0.798
[14,   260] loss: 0.735
[14,   270] loss: 0.813
[14,   280] loss: 0.757
[14,   290] loss: 0.795
[14,   300] loss: 0.687
[14,   310] loss: 0.783
[14,   320] loss: 0.729
[14,   330] loss: 0.756
[14,   340] loss: 0.774
[14,   350] loss: 0.796
[14,   360] loss: 0.707
[14,   370] loss: 0.785
[14,   380] loss: 0.771
[14,   390] loss: 0.764
[14,   400] loss: 0.732
VALIDATION loss: 0.7602649927139282
[15,    10] loss: 0.750
[15,    20] loss: 0.705
[15,    30] loss: 0.733
[15,    40] loss: 0.718
[15,    50] loss: 0.749
[15,    60] loss: 0.734
[15,    70] loss: 0.765
[15,    80] loss: 0.737
[15,    90] loss: 0.771
[15,   100] loss: 0.826
[15,   110] loss: 0.725
[15,   120] loss: 0.708
[15,   130] loss: 0.888
[15,   140] loss: 0.829
[15,   150] loss: 0.802
[15,   160] loss: 0.777
[15,   170] loss: 0.837
[15,   180] loss: 0.811
[15,   190] loss: 0.743
[15,   200] loss: 0.726
[15,   210] loss: 0.809
[15,   220] loss: 0.778
[15,   230] loss: 0.701
[15,   240] loss: 0.753
[15,   250] loss: 0.797
[15,   260] loss: 0.715
[15,   270] loss: 0.699
[15,   280] loss: 0.686
[15,   290] loss: 0.742
[15,   300] loss: 0.768
[15,   310] loss: 0.716
[15,   320] loss: 0.750
[15,   330] loss: 0.761
[15,   340] loss: 0.648
[15,   350] loss: 0.787
[15,   360] loss: 0.768
[15,   370] loss: 0.696
[15,   380] loss: 0.791
[15,   390] loss: 0.743
[15,   400] loss: 0.730
VALIDATION loss: 0.8607383966445923
[16,    10] loss: 0.727
[16,    20] loss: 0.754
[16,    30] loss: 0.748
[16,    40] loss: 0.688
[16,    50] loss: 0.718
[16,    60] loss: 0.739
[16,    70] loss: 0.716
[16,    80] loss: 0.795
[16,    90] loss: 0.754
[16,   100] loss: 0.650
[16,   110] loss: 0.723
[16,   120] loss: 0.731
[16,   130] loss: 0.722
[16,   140] loss: 0.704
[16,   150] loss: 0.733
[16,   160] loss: 0.751
[16,   170] loss: 0.702
[16,   180] loss: 0.742
[16,   190] loss: 0.778
[16,   200] loss: 0.727
[16,   210] loss: 0.743
[16,   220] loss: 0.699
[16,   230] loss: 0.695
[16,   240] loss: 0.746
[16,   250] loss: 0.661
[16,   260] loss: 0.695
[16,   270] loss: 0.735
[16,   280] loss: 0.787
[16,   290] loss: 0.708
[16,   300] loss: 0.708
[16,   310] loss: 0.652
[16,   320] loss: 0.720
[16,   330] loss: 0.750
[16,   340] loss: 0.759
[16,   350] loss: 0.801
[16,   360] loss: 0.698
[16,   370] loss: 0.730
[16,   380] loss: 0.671
[16,   390] loss: 0.714
[16,   400] loss: 0.777
VALIDATION loss: 1.2612237930297852
[17,    10] loss: 0.671
[17,    20] loss: 0.688
[17,    30] loss: 0.717
[17,    40] loss: 0.694
[17,    50] loss: 0.703
[17,    60] loss: 0.705
[17,    70] loss: 0.724
[17,    80] loss: 0.638
[17,    90] loss: 0.684
[17,   100] loss: 0.746
[17,   110] loss: 0.810
[17,   120] loss: 0.710
[17,   130] loss: 0.703
[17,   140] loss: 0.661
[17,   150] loss: 0.701
[17,   160] loss: 0.704
[17,   170] loss: 0.722
[17,   180] loss: 0.771
[17,   190] loss: 0.720
[17,   200] loss: 0.617
[17,   210] loss: 0.744
[17,   220] loss: 0.743
[17,   230] loss: 0.814
[17,   240] loss: 0.720
[17,   250] loss: 0.695
[17,   260] loss: 0.767
[17,   270] loss: 0.709
[17,   280] loss: 0.718
[17,   290] loss: 0.744
[17,   300] loss: 0.738
[17,   310] loss: 0.667
[17,   320] loss: 0.715
[17,   330] loss: 0.642
[17,   340] loss: 0.674
[17,   350] loss: 0.750
[17,   360] loss: 0.666
[17,   370] loss: 0.682
[17,   380] loss: 0.684
[17,   390] loss: 0.665
[17,   400] loss: 0.706
VALIDATION loss: 2.239464282989502
[18,    10] loss: 0.684
[18,    20] loss: 0.708
[18,    30] loss: 0.690
[18,    40] loss: 0.711
[18,    50] loss: 0.749
[18,    60] loss: 0.664
[18,    70] loss: 0.716
[18,    80] loss: 0.712
[18,    90] loss: 0.684
[18,   100] loss: 0.721
[18,   110] loss: 0.702
[18,   120] loss: 0.622
[18,   130] loss: 0.711
[18,   140] loss: 0.686
[18,   150] loss: 0.728
[18,   160] loss: 0.628
[18,   170] loss: 0.658
[18,   180] loss: 0.678
[18,   190] loss: 0.650
[18,   200] loss: 0.641
[18,   210] loss: 0.673
[18,   220] loss: 0.682
[18,   230] loss: 0.695
[18,   240] loss: 0.733
[18,   250] loss: 0.701
[18,   260] loss: 0.675
[18,   270] loss: 0.711
[18,   280] loss: 0.679
[18,   290] loss: 0.636
[18,   300] loss: 0.714
[18,   310] loss: 0.652
[18,   320] loss: 0.741
[18,   330] loss: 0.716
[18,   340] loss: 0.708
[18,   350] loss: 0.680
[18,   360] loss: 0.677
[18,   370] loss: 0.652
[18,   380] loss: 0.675
[18,   390] loss: 0.679
[18,   400] loss: 0.727
VALIDATION loss: 0.7102536559104919
[19,    10] loss: 0.750
[19,    20] loss: 0.666
[19,    30] loss: 0.638
[19,    40] loss: 0.630
[19,    50] loss: 0.662
[19,    60] loss: 0.699
[19,    70] loss: 0.654
[19,    80] loss: 0.624
[19,    90] loss: 0.634
[19,   100] loss: 0.664
[19,   110] loss: 0.724
[19,   120] loss: 0.673
[19,   130] loss: 0.684
[19,   140] loss: 0.660
[19,   150] loss: 0.728
[19,   160] loss: 0.726
[19,   170] loss: 0.660
[19,   180] loss: 0.681
[19,   190] loss: 0.647
[19,   200] loss: 0.720
[19,   210] loss: 0.622
[19,   220] loss: 0.734
[19,   230] loss: 0.629
[19,   240] loss: 0.751
[19,   250] loss: 0.653
[19,   260] loss: 0.699
[19,   270] loss: 0.626
[19,   280] loss: 0.657
[19,   290] loss: 0.643
[19,   300] loss: 0.658
[19,   310] loss: 0.702
[19,   320] loss: 0.640
[19,   330] loss: 0.677
[19,   340] loss: 0.671
[19,   350] loss: 0.625
[19,   360] loss: 0.658
[19,   370] loss: 0.671
[19,   380] loss: 0.698
[19,   390] loss: 0.619
[19,   400] loss: 0.680
VALIDATION loss: 0.6938053369522095
[20,    10] loss: 0.645
[20,    20] loss: 0.569
[20,    30] loss: 0.608
[20,    40] loss: 0.671
[20,    50] loss: 0.649
[20,    60] loss: 0.623
[20,    70] loss: 0.721
[20,    80] loss: 0.647
[20,    90] loss: 0.746
[20,   100] loss: 0.584
[20,   110] loss: 0.668
[20,   120] loss: 0.616
[20,   130] loss: 0.636
[20,   140] loss: 0.663
[20,   150] loss: 0.631
[20,   160] loss: 0.661
[20,   170] loss: 0.685
[20,   180] loss: 0.589
[20,   190] loss: 0.594
[20,   200] loss: 0.599
[20,   210] loss: 0.667
[20,   220] loss: 0.699
[20,   230] loss: 0.611
[20,   240] loss: 0.619
[20,   250] loss: 0.671
[20,   260] loss: 0.686
[20,   270] loss: 0.616
[20,   280] loss: 0.678
[20,   290] loss: 0.664
[20,   300] loss: 0.655
[20,   310] loss: 0.642
[20,   320] loss: 0.608
[20,   330] loss: 0.677
[20,   340] loss: 0.704
[20,   350] loss: 0.683
[20,   360] loss: 0.719
[20,   370] loss: 0.614
[20,   380] loss: 0.644
[20,   390] loss: 0.671
[20,   400] loss: 0.653
VALIDATION loss: 0.7819862365722656
[21,    10] loss: 0.628
[21,    20] loss: 0.670
[21,    30] loss: 0.637
[21,    40] loss: 0.659
[21,    50] loss: 0.641
[21,    60] loss: 0.613
[21,    70] loss: 0.635
[21,    80] loss: 0.682
[21,    90] loss: 0.694
[21,   100] loss: 0.631
[21,   110] loss: 0.608
[21,   120] loss: 0.673
[21,   130] loss: 0.609
[21,   140] loss: 0.655
[21,   150] loss: 0.508
[21,   160] loss: 0.700
[21,   170] loss: 0.605
[21,   180] loss: 0.587
[21,   190] loss: 0.609
[21,   200] loss: 0.664
[21,   210] loss: 0.689
[21,   220] loss: 0.613
[21,   230] loss: 0.689
[21,   240] loss: 0.638
[21,   250] loss: 0.614
[21,   260] loss: 0.618
[21,   270] loss: 0.669
[21,   280] loss: 0.545
[21,   290] loss: 0.605
[21,   300] loss: 0.651
[21,   310] loss: 0.636
[21,   320] loss: 0.674
[21,   330] loss: 0.608
[21,   340] loss: 0.598
[21,   350] loss: 0.656
[21,   360] loss: 0.615
[21,   370] loss: 0.606
[21,   380] loss: 0.631
[21,   390] loss: 0.662
[21,   400] loss: 0.626
VALIDATION loss: 4.012578010559082
[22,    10] loss: 0.607
[22,    20] loss: 0.624
[22,    30] loss: 0.635
[22,    40] loss: 0.611
[22,    50] loss: 0.605
[22,    60] loss: 0.584
[22,    70] loss: 0.607
[22,    80] loss: 0.651
[22,    90] loss: 0.635
[22,   100] loss: 0.646
[22,   110] loss: 0.609
[22,   120] loss: 0.655
[22,   130] loss: 0.658
[22,   140] loss: 0.607
[22,   150] loss: 0.606
[22,   160] loss: 0.629
[22,   170] loss: 0.601
[22,   180] loss: 0.602
[22,   190] loss: 0.641
[22,   200] loss: 0.658
[22,   210] loss: 0.630
[22,   220] loss: 0.677
[22,   230] loss: 0.630
[22,   240] loss: 0.623
[22,   250] loss: 0.560
[22,   260] loss: 0.579
[22,   270] loss: 0.609
[22,   280] loss: 0.604
[22,   290] loss: 0.629
[22,   300] loss: 0.582
[22,   310] loss: 0.572
[22,   320] loss: 0.667
[22,   330] loss: 0.552
[22,   340] loss: 0.673
[22,   350] loss: 0.593
[22,   360] loss: 0.629
[22,   370] loss: 0.605
[22,   380] loss: 0.642
[22,   390] loss: 0.659
[22,   400] loss: 0.652
VALIDATION loss: 1.5212197303771973
[23,    10] loss: 0.593
[23,    20] loss: 0.639
[23,    30] loss: 0.621
[23,    40] loss: 0.615
[23,    50] loss: 0.620
[23,    60] loss: 0.622
[23,    70] loss: 0.596
[23,    80] loss: 0.628
[23,    90] loss: 0.568
[23,   100] loss: 0.597
[23,   110] loss: 0.606
[23,   120] loss: 0.600
[23,   130] loss: 0.620
[23,   140] loss: 0.593
[23,   150] loss: 0.600
[23,   160] loss: 0.602
[23,   170] loss: 0.643
[23,   180] loss: 0.623
[23,   190] loss: 0.585
[23,   200] loss: 0.583
[23,   210] loss: 0.628
[23,   220] loss: 0.610
[23,   230] loss: 0.652
[23,   240] loss: 0.612
[23,   250] loss: 0.635
[23,   260] loss: 0.616
[23,   270] loss: 0.605
[23,   280] loss: 0.609
[23,   290] loss: 0.652
[23,   300] loss: 0.602
[23,   310] loss: 0.548
[23,   320] loss: 0.560
[23,   330] loss: 0.606
[23,   340] loss: 0.615
[23,   350] loss: 0.557
[23,   360] loss: 0.591
[23,   370] loss: 0.567
[23,   380] loss: 0.579
[23,   390] loss: 0.584
[23,   400] loss: 0.633
VALIDATION loss: 1.4765883684158325
[24,    10] loss: 0.652
[24,    20] loss: 0.561
[24,    30] loss: 0.557
[24,    40] loss: 0.648
[24,    50] loss: 0.583
[24,    60] loss: 0.605
[24,    70] loss: 0.596
[24,    80] loss: 0.704
[24,    90] loss: 0.559
[24,   100] loss: 0.647
[24,   110] loss: 0.574
[24,   120] loss: 0.644
[24,   130] loss: 0.612
[24,   140] loss: 0.559
[24,   150] loss: 0.620
[24,   160] loss: 0.630
[24,   170] loss: 0.557
[24,   180] loss: 0.614
[24,   190] loss: 0.558
[24,   200] loss: 0.613
[24,   210] loss: 0.563
[24,   220] loss: 0.573
[24,   230] loss: 0.610
[24,   240] loss: 0.681
[24,   250] loss: 0.605
[24,   260] loss: 0.573
[24,   270] loss: 0.597
[24,   280] loss: 0.529
[24,   290] loss: 0.549
[24,   300] loss: 0.604
[24,   310] loss: 0.590
[24,   320] loss: 0.580
[24,   330] loss: 0.557
[24,   340] loss: 0.531
[24,   350] loss: 0.573
[24,   360] loss: 0.560
[24,   370] loss: 0.595
[24,   380] loss: 0.587
[24,   390] loss: 0.581
[24,   400] loss: 0.659
VALIDATION loss: 3.6525321006774902
[25,    10] loss: 0.607
[25,    20] loss: 0.559
[25,    30] loss: 0.594
[25,    40] loss: 0.580
[25,    50] loss: 0.626
[25,    60] loss: 0.581
[25,    70] loss: 0.577
[25,    80] loss: 0.570
[25,    90] loss: 0.561
[25,   100] loss: 0.586
[25,   110] loss: 0.584
[25,   120] loss: 0.543
[25,   130] loss: 0.552
[25,   140] loss: 0.557
[25,   150] loss: 0.616
[25,   160] loss: 0.582
[25,   170] loss: 0.587
[25,   180] loss: 0.559
[25,   190] loss: 0.533
[25,   200] loss: 0.617
[25,   210] loss: 0.550
[25,   220] loss: 0.627
[25,   230] loss: 0.566
[25,   240] loss: 0.577
[25,   250] loss: 0.661
[25,   260] loss: 0.550
[25,   270] loss: 0.525
[25,   280] loss: 0.578
[25,   290] loss: 0.636
[25,   300] loss: 0.625
[25,   310] loss: 0.630
[25,   320] loss: 0.562
[25,   330] loss: 0.617
[25,   340] loss: 0.517
[25,   350] loss: 0.575
[25,   360] loss: 0.557
[25,   370] loss: 0.558
[25,   380] loss: 0.508
[25,   390] loss: 0.561
[25,   400] loss: 0.550
VALIDATION loss: 0.644432783126831
[26,    10] loss: 0.596
[26,    20] loss: 0.556
[26,    30] loss: 0.524
[26,    40] loss: 0.554
[26,    50] loss: 0.594
[26,    60] loss: 0.617
[26,    70] loss: 0.615
[26,    80] loss: 0.586
[26,    90] loss: 0.593
[26,   100] loss: 0.616
[26,   110] loss: 0.573
[26,   120] loss: 0.590
[26,   130] loss: 0.566
[26,   140] loss: 0.581
[26,   150] loss: 0.588
[26,   160] loss: 0.592
[26,   170] loss: 0.570
[26,   180] loss: 0.579
[26,   190] loss: 0.574
[26,   200] loss: 0.452
[26,   210] loss: 0.623
[26,   220] loss: 0.535
[26,   230] loss: 0.597
[26,   240] loss: 0.613
[26,   250] loss: 0.595
[26,   260] loss: 0.559
[26,   270] loss: 0.570
[26,   280] loss: 0.579
[26,   290] loss: 0.533
[26,   300] loss: 0.567
[26,   310] loss: 0.618
[26,   320] loss: 0.585
[26,   330] loss: 0.582
[26,   340] loss: 0.523
[26,   350] loss: 0.563
[26,   360] loss: 0.527
[26,   370] loss: 0.543
[26,   380] loss: 0.601
[26,   390] loss: 0.544
[26,   400] loss: 0.534
VALIDATION loss: 0.766699492931366
[27,    10] loss: 0.523
[27,    20] loss: 0.496
[27,    30] loss: 0.594
[27,    40] loss: 0.569
[27,    50] loss: 0.566
[27,    60] loss: 0.582
[27,    70] loss: 0.595
[27,    80] loss: 0.564
[27,    90] loss: 0.524
[27,   100] loss: 0.526
[27,   110] loss: 0.527
[27,   120] loss: 0.531
[27,   130] loss: 0.557
[27,   140] loss: 0.637
[27,   150] loss: 0.630
[27,   160] loss: 0.605
[27,   170] loss: 0.576
[27,   180] loss: 0.546
[27,   190] loss: 0.498
[27,   200] loss: 0.525
[27,   210] loss: 0.530
[27,   220] loss: 0.593
[27,   230] loss: 0.607
[27,   240] loss: 0.597
[27,   250] loss: 0.551
[27,   260] loss: 0.616
[27,   270] loss: 0.549
[27,   280] loss: 0.536
[27,   290] loss: 0.614
[27,   300] loss: 0.589
[27,   310] loss: 0.542
[27,   320] loss: 0.549
[27,   330] loss: 0.541
[27,   340] loss: 0.604
[27,   350] loss: 0.559
[27,   360] loss: 0.566
[27,   370] loss: 0.604
[27,   380] loss: 0.562
[27,   390] loss: 0.476
[27,   400] loss: 0.493
VALIDATION loss: 0.6161414980888367
[28,    10] loss: 0.529
[28,    20] loss: 0.574
[28,    30] loss: 0.541
[28,    40] loss: 0.541
[28,    50] loss: 0.600
[28,    60] loss: 0.547
[28,    70] loss: 0.560
[28,    80] loss: 0.486
[28,    90] loss: 0.567
[28,   100] loss: 0.639
[28,   110] loss: 0.501
[28,   120] loss: 0.557
[28,   130] loss: 0.564
[28,   140] loss: 0.585
[28,   150] loss: 0.562
[28,   160] loss: 0.511
[28,   170] loss: 0.487
[28,   180] loss: 0.593
[28,   190] loss: 0.520
[28,   200] loss: 0.577
[28,   210] loss: 0.530
[28,   220] loss: 0.536
[28,   230] loss: 0.593
[28,   240] loss: 0.539
[28,   250] loss: 0.549
[28,   260] loss: 0.523
[28,   270] loss: 0.584
[28,   280] loss: 0.514
[28,   290] loss: 0.529
[28,   300] loss: 0.535
[28,   310] loss: 0.543
[28,   320] loss: 0.459
[28,   330] loss: 0.617
[28,   340] loss: 0.529
[28,   350] loss: 0.543
[28,   360] loss: 0.549
[28,   370] loss: 0.513
[28,   380] loss: 0.528
[28,   390] loss: 0.510
[28,   400] loss: 0.585
VALIDATION loss: 0.8232991695404053
[29,    10] loss: 0.493
[29,    20] loss: 0.571
[29,    30] loss: 0.584
[29,    40] loss: 0.511
[29,    50] loss: 0.592
[29,    60] loss: 0.566
[29,    70] loss: 0.543
[29,    80] loss: 0.519
[29,    90] loss: 0.519
[29,   100] loss: 0.513
[29,   110] loss: 0.552
[29,   120] loss: 0.617
[29,   130] loss: 0.510
[29,   140] loss: 0.565
[29,   150] loss: 0.536
[29,   160] loss: 0.525
[29,   170] loss: 0.599
[29,   180] loss: 0.586
[29,   190] loss: 0.532
[29,   200] loss: 0.497
[29,   210] loss: 0.551
[29,   220] loss: 0.469
[29,   230] loss: 0.489
[29,   240] loss: 0.574
[29,   250] loss: 0.509
[29,   260] loss: 0.580
[29,   270] loss: 0.540
[29,   280] loss: 0.561
[29,   290] loss: 0.463
[29,   300] loss: 0.563
[29,   310] loss: 0.534
[29,   320] loss: 0.487
[29,   330] loss: 0.553
[29,   340] loss: 0.581
[29,   350] loss: 0.508
[29,   360] loss: 0.606
[29,   370] loss: 0.544
[29,   380] loss: 0.489
[29,   390] loss: 0.495
[29,   400] loss: 0.485
VALIDATION loss: 0.6631726026535034
[30,    10] loss: 0.508
[30,    20] loss: 0.495
[30,    30] loss: 0.572
[30,    40] loss: 0.469
[30,    50] loss: 0.590
[30,    60] loss: 0.470
[30,    70] loss: 0.494
[30,    80] loss: 0.594
[30,    90] loss: 0.506
[30,   100] loss: 0.545
[30,   110] loss: 0.528
[30,   120] loss: 0.529
[30,   130] loss: 0.506
[30,   140] loss: 0.543
[30,   150] loss: 0.491
[30,   160] loss: 0.506
[30,   170] loss: 0.526
[30,   180] loss: 0.550
[30,   190] loss: 0.607
[30,   200] loss: 0.546
[30,   210] loss: 0.515
[30,   220] loss: 0.508
[30,   230] loss: 0.538
[30,   240] loss: 0.526
[30,   250] loss: 0.510
[30,   260] loss: 0.514
[30,   270] loss: 0.557
[30,   280] loss: 0.528
[30,   290] loss: 0.489
[30,   300] loss: 0.515
[30,   310] loss: 0.464
[30,   320] loss: 0.499
[30,   330] loss: 0.521
[30,   340] loss: 0.619
[30,   350] loss: 0.473
[30,   360] loss: 0.527
[30,   370] loss: 0.572
[30,   380] loss: 0.541
[30,   390] loss: 0.472
[30,   400] loss: 0.545
VALIDATION loss: 0.5296509265899658
[31,    10] loss: 0.498
[31,    20] loss: 0.553
[31,    30] loss: 0.499
[31,    40] loss: 0.498
[31,    50] loss: 0.509
[31,    60] loss: 0.456
[31,    70] loss: 0.554
[31,    80] loss: 0.516
[31,    90] loss: 0.529
[31,   100] loss: 0.491
[31,   110] loss: 0.549
[31,   120] loss: 0.518
[31,   130] loss: 0.530
[31,   140] loss: 0.498
[31,   150] loss: 0.585
[31,   160] loss: 0.565
[31,   170] loss: 0.489
[31,   180] loss: 0.535
[31,   190] loss: 0.538
[31,   200] loss: 0.482
[31,   210] loss: 0.459
[31,   220] loss: 0.503
[31,   230] loss: 0.505
[31,   240] loss: 0.486
[31,   250] loss: 0.554
[31,   260] loss: 0.572
[31,   270] loss: 0.518
[31,   280] loss: 0.492
[31,   290] loss: 0.512
[31,   300] loss: 0.469
[31,   310] loss: 0.550
[31,   320] loss: 0.495
[31,   330] loss: 0.530
[31,   340] loss: 0.565
[31,   350] loss: 0.462
[31,   360] loss: 0.482
[31,   370] loss: 0.507
[31,   380] loss: 0.484
[31,   390] loss: 0.434
[31,   400] loss: 0.501
VALIDATION loss: 0.5814673900604248
[32,    10] loss: 0.461
[32,    20] loss: 0.562
[32,    30] loss: 0.462
[32,    40] loss: 0.561
[32,    50] loss: 0.536
[32,    60] loss: 0.493
[32,    70] loss: 0.518
[32,    80] loss: 0.521
[32,    90] loss: 0.494
[32,   100] loss: 0.435
[32,   110] loss: 0.567
[32,   120] loss: 0.528
[32,   130] loss: 0.527
[32,   140] loss: 0.496
[32,   150] loss: 0.476
[32,   160] loss: 0.433
[32,   170] loss: 0.484
[32,   180] loss: 0.525
[32,   190] loss: 0.548
[32,   200] loss: 0.532
[32,   210] loss: 0.510
[32,   220] loss: 0.513
[32,   230] loss: 0.475
[32,   240] loss: 0.541
[32,   250] loss: 0.504
[32,   260] loss: 0.503
[32,   270] loss: 0.457
[32,   280] loss: 0.520
[32,   290] loss: 0.551
[32,   300] loss: 0.489
[32,   310] loss: 0.497
[32,   320] loss: 0.500
[32,   330] loss: 0.541
[32,   340] loss: 0.461
[32,   350] loss: 0.465
[32,   360] loss: 0.531
[32,   370] loss: 0.540
[32,   380] loss: 0.542
[32,   390] loss: 0.461
[32,   400] loss: 0.548
VALIDATION loss: 1.7206611633300781
[33,    10] loss: 0.471
[33,    20] loss: 0.507
[33,    30] loss: 0.495
[33,    40] loss: 0.444
[33,    50] loss: 0.477
[33,    60] loss: 0.473
[33,    70] loss: 0.483
[33,    80] loss: 0.484
[33,    90] loss: 0.513
[33,   100] loss: 0.548
[33,   110] loss: 0.536
[33,   120] loss: 0.514
[33,   130] loss: 0.541
[33,   140] loss: 0.511
[33,   150] loss: 0.552
[33,   160] loss: 0.470
[33,   170] loss: 0.504
[33,   180] loss: 0.470
[33,   190] loss: 0.529
[33,   200] loss: 0.487
[33,   210] loss: 0.467
[33,   220] loss: 0.485
[33,   230] loss: 0.466
[33,   240] loss: 0.518
[33,   250] loss: 0.544
[33,   260] loss: 0.487
[33,   270] loss: 0.519
[33,   280] loss: 0.491
[33,   290] loss: 0.475
[33,   300] loss: 0.465
[33,   310] loss: 0.491
[33,   320] loss: 0.484
[33,   330] loss: 0.515
[33,   340] loss: 0.467
[33,   350] loss: 0.536
[33,   360] loss: 0.487
[33,   370] loss: 0.489
[33,   380] loss: 0.458
[33,   390] loss: 0.439
[33,   400] loss: 0.500
VALIDATION loss: 0.503751277923584
[34,    10] loss: 0.467
[34,    20] loss: 0.502
[34,    30] loss: 0.521
[34,    40] loss: 0.420
[34,    50] loss: 0.530
[34,    60] loss: 0.507
[34,    70] loss: 0.507
[34,    80] loss: 0.494
[34,    90] loss: 0.441
[34,   100] loss: 0.466
[34,   110] loss: 0.428
[34,   120] loss: 0.467
[34,   130] loss: 0.491
[34,   140] loss: 0.503
[34,   150] loss: 0.484
[34,   160] loss: 0.556
[34,   170] loss: 0.559
[34,   180] loss: 0.508
[34,   190] loss: 0.479
[34,   200] loss: 0.552
[34,   210] loss: 0.433
[34,   220] loss: 0.478
[34,   230] loss: 0.555
[34,   240] loss: 0.452
[34,   250] loss: 0.480
[34,   260] loss: 0.486
[34,   270] loss: 0.503
[34,   280] loss: 0.411
[34,   290] loss: 0.477
[34,   300] loss: 0.498
[34,   310] loss: 0.517
[34,   320] loss: 0.438
[34,   330] loss: 0.506
[34,   340] loss: 0.475
[34,   350] loss: 0.440
[34,   360] loss: 0.511
[34,   370] loss: 0.518
[34,   380] loss: 0.406
[34,   390] loss: 0.509
[34,   400] loss: 0.466
VALIDATION loss: 0.6167506575584412
[35,    10] loss: 0.501
[35,    20] loss: 0.548
[35,    30] loss: 0.488
[35,    40] loss: 0.486
[35,    50] loss: 0.489
[35,    60] loss: 0.461
[35,    70] loss: 0.454
[35,    80] loss: 0.507
[35,    90] loss: 0.441
[35,   100] loss: 0.449
[35,   110] loss: 0.431
[35,   120] loss: 0.502
[35,   130] loss: 0.497
[35,   140] loss: 0.478
[35,   150] loss: 0.423
[35,   160] loss: 0.466
[35,   170] loss: 0.505
[35,   180] loss: 0.486
[35,   190] loss: 0.489
[35,   200] loss: 0.525
[35,   210] loss: 0.427
[35,   220] loss: 0.511
[35,   230] loss: 0.480
[35,   240] loss: 0.545
[35,   250] loss: 0.475
[35,   260] loss: 0.464
[35,   270] loss: 0.519
[35,   280] loss: 0.459
[35,   290] loss: 0.484
[35,   300] loss: 0.561
[35,   310] loss: 0.461
[35,   320] loss: 0.423
[35,   330] loss: 0.504
[35,   340] loss: 0.502
[35,   350] loss: 0.472
[35,   360] loss: 0.459
[35,   370] loss: 0.434
[35,   380] loss: 0.476
[35,   390] loss: 0.451
[35,   400] loss: 0.505
VALIDATION loss: 0.4883449375629425
[36,    10] loss: 0.503
[36,    20] loss: 0.495
[36,    30] loss: 0.466
[36,    40] loss: 0.468
[36,    50] loss: 0.496
[36,    60] loss: 0.467
[36,    70] loss: 0.506
[36,    80] loss: 0.479
[36,    90] loss: 0.498
[36,   100] loss: 0.471
[36,   110] loss: 0.439
[36,   120] loss: 0.506
[36,   130] loss: 0.423
[36,   140] loss: 0.487
[36,   150] loss: 0.421
[36,   160] loss: 0.485
[36,   170] loss: 0.439
[36,   180] loss: 0.549
[36,   190] loss: 0.515
[36,   200] loss: 0.536
[36,   210] loss: 0.483
[36,   220] loss: 0.526
[36,   230] loss: 0.457
[36,   240] loss: 0.483
[36,   250] loss: 0.395
[36,   260] loss: 0.497
[36,   270] loss: 0.415
[36,   280] loss: 0.427
[36,   290] loss: 0.514
[36,   300] loss: 0.415
[36,   310] loss: 0.507
[36,   320] loss: 0.466
[36,   330] loss: 0.469
[36,   340] loss: 0.417
[36,   350] loss: 0.469
[36,   360] loss: 0.430
[36,   370] loss: 0.464
[36,   380] loss: 0.437
[36,   390] loss: 0.469
[36,   400] loss: 0.473
VALIDATION loss: 1.308785319328308
[37,    10] loss: 0.506
[37,    20] loss: 0.494
[37,    30] loss: 0.474
[37,    40] loss: 0.529
[37,    50] loss: 0.460
[37,    60] loss: 0.464
[37,    70] loss: 0.444
[37,    80] loss: 0.440
[37,    90] loss: 0.449
[37,   100] loss: 0.473
[37,   110] loss: 0.548
[37,   120] loss: 0.460
[37,   130] loss: 0.494
[37,   140] loss: 0.429
[37,   150] loss: 0.429
[37,   160] loss: 0.431
[37,   170] loss: 0.480
[37,   180] loss: 0.415
[37,   190] loss: 0.452
[37,   200] loss: 0.439
[37,   210] loss: 0.484
[37,   220] loss: 0.460
[37,   230] loss: 0.474
[37,   240] loss: 0.527
[37,   250] loss: 0.434
[37,   260] loss: 0.451
[37,   270] loss: 0.446
[37,   280] loss: 0.473
[37,   290] loss: 0.445
[37,   300] loss: 0.465
[37,   310] loss: 0.451
[37,   320] loss: 0.455
[37,   330] loss: 0.458
[37,   340] loss: 0.464
[37,   350] loss: 0.417
[37,   360] loss: 0.478
[37,   370] loss: 0.492
[37,   380] loss: 0.476
[37,   390] loss: 0.453
[37,   400] loss: 0.459
VALIDATION loss: 0.5487698316574097
[38,    10] loss: 0.472
[38,    20] loss: 0.445
[38,    30] loss: 0.416
[38,    40] loss: 0.467
[38,    50] loss: 0.464
[38,    60] loss: 0.450
[38,    70] loss: 0.445
[38,    80] loss: 0.428
[38,    90] loss: 0.460
[38,   100] loss: 0.475
[38,   110] loss: 0.496
[38,   120] loss: 0.421
[38,   130] loss: 0.493
[38,   140] loss: 0.454
[38,   150] loss: 0.441
[38,   160] loss: 0.456
[38,   170] loss: 0.470
[38,   180] loss: 0.498
[38,   190] loss: 0.397
[38,   200] loss: 0.390
[38,   210] loss: 0.480
[38,   220] loss: 0.531
[38,   230] loss: 0.420
[38,   240] loss: 0.435
[38,   250] loss: 0.403
[38,   260] loss: 0.431
[38,   270] loss: 0.409
[38,   280] loss: 0.471
[38,   290] loss: 0.505
[38,   300] loss: 0.459
[38,   310] loss: 0.487
[38,   320] loss: 0.460
[38,   330] loss: 0.461
[38,   340] loss: 0.455
[38,   350] loss: 0.425
[38,   360] loss: 0.456
[38,   370] loss: 0.473
[38,   380] loss: 0.476
[38,   390] loss: 0.565
[38,   400] loss: 0.465
VALIDATION loss: 1.7322142124176025
[39,    10] loss: 0.507
[39,    20] loss: 0.420
[39,    30] loss: 0.453
[39,    40] loss: 0.488
[39,    50] loss: 0.469
[39,    60] loss: 0.517
[39,    70] loss: 0.455
[39,    80] loss: 0.414
[39,    90] loss: 0.493
[39,   100] loss: 0.491
[39,   110] loss: 0.439
[39,   120] loss: 0.449
[39,   130] loss: 0.454
[39,   140] loss: 0.478
[39,   150] loss: 0.486
[39,   160] loss: 0.450
[39,   170] loss: 0.472
[39,   180] loss: 0.395
[39,   190] loss: 0.458
[39,   200] loss: 0.436
[39,   210] loss: 0.431
[39,   220] loss: 0.426
[39,   230] loss: 0.482
[39,   240] loss: 0.504
[39,   250] loss: 0.441
[39,   260] loss: 0.403
[39,   270] loss: 0.424
[39,   280] loss: 0.446
[39,   290] loss: 0.427
[39,   300] loss: 0.490
[39,   310] loss: 0.448
[39,   320] loss: 0.477
[39,   330] loss: 0.405
[39,   340] loss: 0.470
[39,   350] loss: 0.437
[39,   360] loss: 0.429
[39,   370] loss: 0.429
[39,   380] loss: 0.418
[39,   390] loss: 0.448
[39,   400] loss: 0.395
VALIDATION loss: 0.4660455882549286
[40,    10] loss: 0.433
[40,    20] loss: 0.406
[40,    30] loss: 0.404
[40,    40] loss: 0.426
[40,    50] loss: 0.451
[40,    60] loss: 0.466
[40,    70] loss: 0.504
[40,    80] loss: 0.490
[40,    90] loss: 0.445
[40,   100] loss: 0.378
[40,   110] loss: 0.482
[40,   120] loss: 0.424
[40,   130] loss: 0.407
[40,   140] loss: 0.473
[40,   150] loss: 0.456
[40,   160] loss: 0.430
[40,   170] loss: 0.395
[40,   180] loss: 0.433
[40,   190] loss: 0.433
[40,   200] loss: 0.443
[40,   210] loss: 0.461
[40,   220] loss: 0.420
[40,   230] loss: 0.397
[40,   240] loss: 0.413
[40,   250] loss: 0.468
[40,   260] loss: 0.462
[40,   270] loss: 0.412
[40,   280] loss: 0.444
[40,   290] loss: 0.405
[40,   300] loss: 0.452
[40,   310] loss: 0.488
[40,   320] loss: 0.448
[40,   330] loss: 0.486
[40,   340] loss: 0.442
[40,   350] loss: 0.463
[40,   360] loss: 0.457
[40,   370] loss: 0.431
[40,   380] loss: 0.614
[40,   390] loss: 0.462
[40,   400] loss: 0.430
VALIDATION loss: 0.4677024483680725
[41,    10] loss: 0.487
[41,    20] loss: 0.430
[41,    30] loss: 0.407
[41,    40] loss: 0.450
[41,    50] loss: 0.436
[41,    60] loss: 0.454
[41,    70] loss: 0.471
[41,    80] loss: 0.435
[41,    90] loss: 0.474
[41,   100] loss: 0.450
[41,   110] loss: 0.381
[41,   120] loss: 0.404
[41,   130] loss: 0.407
[41,   140] loss: 0.416
[41,   150] loss: 0.370
[41,   160] loss: 0.415
[41,   170] loss: 0.447
[41,   180] loss: 0.381
[41,   190] loss: 0.405
[41,   200] loss: 0.443
[41,   210] loss: 0.419
[41,   220] loss: 0.426
[41,   230] loss: 0.421
[41,   240] loss: 0.476
[41,   250] loss: 0.405
[41,   260] loss: 0.460
[41,   270] loss: 0.455
[41,   280] loss: 0.439
[41,   290] loss: 0.451
[41,   300] loss: 0.450
[41,   310] loss: 0.495
[41,   320] loss: 0.428
[41,   330] loss: 0.407
[41,   340] loss: 0.434
[41,   350] loss: 0.452
[41,   360] loss: 0.433
[41,   370] loss: 0.431
[41,   380] loss: 0.449
[41,   390] loss: 0.427
[41,   400] loss: 0.454
VALIDATION loss: 0.6740493178367615
[42,    10] loss: 0.423
[42,    20] loss: 0.410
[42,    30] loss: 0.450
[42,    40] loss: 0.460
[42,    50] loss: 0.436
[42,    60] loss: 0.444
[42,    70] loss: 0.467
[42,    80] loss: 0.420
[42,    90] loss: 0.462
[42,   100] loss: 0.402
[42,   110] loss: 0.423
[42,   120] loss: 0.384
[42,   130] loss: 0.421
[42,   140] loss: 0.456
[42,   150] loss: 0.416
[42,   160] loss: 0.428
[42,   170] loss: 0.449
[42,   180] loss: 0.438
[42,   190] loss: 0.418
[42,   200] loss: 0.431
[42,   210] loss: 0.410
[42,   220] loss: 0.441
[42,   230] loss: 0.455
[42,   240] loss: 0.450
[42,   250] loss: 0.352
[42,   260] loss: 0.425
[42,   270] loss: 0.407
[42,   280] loss: 0.433
[42,   290] loss: 0.437
[42,   300] loss: 0.398
[42,   310] loss: 0.378
[42,   320] loss: 0.436
[42,   330] loss: 0.449
[42,   340] loss: 0.379
[42,   350] loss: 0.477
[42,   360] loss: 0.412
[42,   370] loss: 0.428
[42,   380] loss: 0.471
[42,   390] loss: 0.433
[42,   400] loss: 0.380
VALIDATION loss: 0.8369265794754028
[43,    10] loss: 0.408
[43,    20] loss: 0.400
[43,    30] loss: 0.389
[43,    40] loss: 0.397
[43,    50] loss: 0.445
[43,    60] loss: 0.470
[43,    70] loss: 0.377
[43,    80] loss: 0.410
[43,    90] loss: 0.415
[43,   100] loss: 0.431
[43,   110] loss: 0.419
[43,   120] loss: 0.416
[43,   130] loss: 0.422
[43,   140] loss: 0.394
[43,   150] loss: 0.414
[43,   160] loss: 0.475
[43,   170] loss: 0.401
[43,   180] loss: 0.421
[43,   190] loss: 0.437
[43,   200] loss: 0.441
[43,   210] loss: 0.429
[43,   220] loss: 0.401
[43,   230] loss: 0.430
[43,   240] loss: 0.494
[43,   250] loss: 0.402
[43,   260] loss: 0.419
[43,   270] loss: 0.430
[43,   280] loss: 0.444
[43,   290] loss: 0.431
[43,   300] loss: 0.413
[43,   310] loss: 0.419
[43,   320] loss: 0.435
[43,   330] loss: 0.432
[43,   340] loss: 0.412
[43,   350] loss: 0.351
[43,   360] loss: 0.485
[43,   370] loss: 0.382
[43,   380] loss: 0.398
[43,   390] loss: 0.428
[43,   400] loss: 0.457
VALIDATION loss: 0.9735772609710693
[44,    10] loss: 0.393
[44,    20] loss: 0.408
[44,    30] loss: 0.372
[44,    40] loss: 0.426
[44,    50] loss: 0.452
[44,    60] loss: 0.421
[44,    70] loss: 0.424
[44,    80] loss: 0.402
[44,    90] loss: 0.501
[44,   100] loss: 0.450
[44,   110] loss: 0.498
[44,   120] loss: 0.434
[44,   130] loss: 0.356
[44,   140] loss: 0.419
[44,   150] loss: 0.398
[44,   160] loss: 0.364
[44,   170] loss: 0.396
[44,   180] loss: 0.401
[44,   190] loss: 0.788
[44,   200] loss: 0.569
[44,   210] loss: 0.432
[44,   220] loss: 0.563
[44,   230] loss: 0.474
[44,   240] loss: 0.435
[44,   250] loss: 0.502
[44,   260] loss: 0.448
[44,   270] loss: 0.463
[44,   280] loss: 0.428
[44,   290] loss: 0.478
[44,   300] loss: 0.439
[44,   310] loss: 0.395
[44,   320] loss: 0.424
[44,   330] loss: 0.462
[44,   340] loss: 0.422
[44,   350] loss: 0.451
[44,   360] loss: 0.408
[44,   370] loss: 0.430
[44,   380] loss: 0.434
[44,   390] loss: 0.382
[44,   400] loss: 0.377
VALIDATION loss: 4.0440802574157715
[45,    10] loss: 0.428
[45,    20] loss: 0.427
[45,    30] loss: 0.503
[45,    40] loss: 0.378
[45,    50] loss: 0.396
[45,    60] loss: 0.390
[45,    70] loss: 0.378
[45,    80] loss: 0.406
[45,    90] loss: 0.431
[45,   100] loss: 0.380
[45,   110] loss: 0.445
[45,   120] loss: 0.435
[45,   130] loss: 0.462
[45,   140] loss: 0.386
[45,   150] loss: 0.418
[45,   160] loss: 0.412
[45,   170] loss: 0.404
[45,   180] loss: 0.385
[45,   190] loss: 0.443
[45,   200] loss: 0.418
[45,   210] loss: 0.371
[45,   220] loss: 0.368
[45,   230] loss: 0.466
[45,   240] loss: 0.371
[45,   250] loss: 0.365
[45,   260] loss: 0.408
[45,   270] loss: 0.428
[45,   280] loss: 0.453
[45,   290] loss: 0.478
[45,   300] loss: 0.402
[45,   310] loss: 0.430
[45,   320] loss: 0.397
[45,   330] loss: 0.398
[45,   340] loss: 0.396
[45,   350] loss: 0.420
[45,   360] loss: 0.360
[45,   370] loss: 0.388
[45,   380] loss: 0.413
[45,   390] loss: 0.426
[45,   400] loss: 0.362
VALIDATION loss: 0.48649826645851135
[46,    10] loss: 0.399
[46,    20] loss: 0.347
[46,    30] loss: 0.397
[46,    40] loss: 0.418
[46,    50] loss: 0.439
[46,    60] loss: 0.418
[46,    70] loss: 0.397
[46,    80] loss: 0.392
[46,    90] loss: 0.409
[46,   100] loss: 0.411
[46,   110] loss: 0.425
[46,   120] loss: 0.339
[46,   130] loss: 0.462
[46,   140] loss: 0.415
[46,   150] loss: 0.386
[46,   160] loss: 0.373
[46,   170] loss: 0.410
[46,   180] loss: 0.388
[46,   190] loss: 0.388
[46,   200] loss: 0.409
[46,   210] loss: 0.402
[46,   220] loss: 0.406
[46,   230] loss: 0.393
[46,   240] loss: 0.449
[46,   250] loss: 0.409
[46,   260] loss: 0.454
[46,   270] loss: 0.431
[46,   280] loss: 0.391
[46,   290] loss: 0.365
[46,   300] loss: 0.436
[46,   310] loss: 0.402
[46,   320] loss: 0.443
[46,   330] loss: 0.378
[46,   340] loss: 0.437
[46,   350] loss: 0.347
[46,   360] loss: 0.428
[46,   370] loss: 0.435
[46,   380] loss: 0.404
[46,   390] loss: 0.400
[46,   400] loss: 0.390
VALIDATION loss: 0.8297674655914307
[47,    10] loss: 0.440
[47,    20] loss: 0.417
[47,    30] loss: 0.371
[47,    40] loss: 0.342
[47,    50] loss: 0.383
[47,    60] loss: 0.444
[47,    70] loss: 0.493
[47,    80] loss: 0.444
[47,    90] loss: 0.434
[47,   100] loss: 0.367
[47,   110] loss: 0.368
[47,   120] loss: 0.404
[47,   130] loss: 0.369
[47,   140] loss: 0.352
[47,   150] loss: 0.428
[47,   160] loss: 0.384
[47,   170] loss: 0.459
[47,   180] loss: 0.384
[47,   190] loss: 0.445
[47,   200] loss: 0.433
[47,   210] loss: 0.448
[47,   220] loss: 0.367
[47,   230] loss: 0.424
[47,   240] loss: 0.454
[47,   250] loss: 0.357
[47,   260] loss: 0.430
[47,   270] loss: 0.467
[47,   280] loss: 0.401
[47,   290] loss: 0.339
[47,   300] loss: 0.443
[47,   310] loss: 0.389
[47,   320] loss: 0.357
[47,   330] loss: 0.359
[47,   340] loss: 0.381
[47,   350] loss: 0.424
[47,   360] loss: 0.363
[47,   370] loss: 0.374
[47,   380] loss: 0.386
[47,   390] loss: 0.391
[47,   400] loss: 0.399
VALIDATION loss: 2.4826462268829346
[48,    10] loss: 0.388
[48,    20] loss: 0.394
[48,    30] loss: 0.404
[48,    40] loss: 0.422
[48,    50] loss: 0.383
[48,    60] loss: 0.411
[48,    70] loss: 0.377
[48,    80] loss: 0.427
[48,    90] loss: 0.389
[48,   100] loss: 0.385
[48,   110] loss: 0.447
[48,   120] loss: 0.398
[48,   130] loss: 0.360
[48,   140] loss: 0.400
[48,   150] loss: 0.382
[48,   160] loss: 0.361
[48,   170] loss: 0.403
[48,   180] loss: 0.366
[48,   190] loss: 0.465
[48,   200] loss: 0.385
[48,   210] loss: 0.394
[48,   220] loss: 0.400
[48,   230] loss: 0.389
[48,   240] loss: 0.408
[48,   250] loss: 0.418
[48,   260] loss: 0.407
[48,   270] loss: 0.399
[48,   280] loss: 0.381
[48,   290] loss: 0.413
[48,   300] loss: 0.404
[48,   310] loss: 0.432
[48,   320] loss: 0.394
[48,   330] loss: 0.380
[48,   340] loss: 0.337
[48,   350] loss: 0.354
[48,   360] loss: 0.433
[48,   370] loss: 0.438
[48,   380] loss: 0.432
[48,   390] loss: 0.372
[48,   400] loss: 0.390
VALIDATION loss: 2.083029270172119
[49,    10] loss: 0.407
[49,    20] loss: 0.463
[49,    30] loss: 0.369
[49,    40] loss: 0.343
[49,    50] loss: 0.366
[49,    60] loss: 0.397
[49,    70] loss: 0.357
[49,    80] loss: 0.381
[49,    90] loss: 0.385
[49,   100] loss: 0.363
[49,   110] loss: 0.342
[49,   120] loss: 0.414
[49,   130] loss: 0.373
[49,   140] loss: 0.374
[49,   150] loss: 0.369
[49,   160] loss: 0.359
[49,   170] loss: 0.356
[49,   180] loss: 0.461
[49,   190] loss: 0.416
[49,   200] loss: 0.418
[49,   210] loss: 0.381
[49,   220] loss: 0.406
[49,   230] loss: 0.336
[49,   240] loss: 0.404
[49,   250] loss: 0.394
[49,   260] loss: 0.376
[49,   270] loss: 0.429
[49,   280] loss: 0.435
[49,   290] loss: 0.393
[49,   300] loss: 0.380
[49,   310] loss: 0.351
[49,   320] loss: 0.368
[49,   330] loss: 0.345
[49,   340] loss: 0.351
[49,   350] loss: 0.409
[49,   360] loss: 0.455
[49,   370] loss: 0.356
[49,   380] loss: 0.417
[49,   390] loss: 0.449
[49,   400] loss: 0.375
VALIDATION loss: 11.822754859924316
[50,    10] loss: 0.629
[50,    20] loss: 0.464
[50,    30] loss: 0.408
[50,    40] loss: 0.471
[50,    50] loss: 0.418
[50,    60] loss: 0.413
[50,    70] loss: 0.368
[50,    80] loss: 0.395
[50,    90] loss: 0.346
[50,   100] loss: 0.349
[50,   110] loss: 0.371
[50,   120] loss: 0.377
[50,   130] loss: 0.417
[50,   140] loss: 0.336
[50,   150] loss: 0.393
[50,   160] loss: 0.405
[50,   170] loss: 0.419
[50,   180] loss: 0.420
[50,   190] loss: 0.412
[50,   200] loss: 0.340
[50,   210] loss: 0.393
[50,   220] loss: 0.391
[50,   230] loss: 0.354
[50,   240] loss: 0.397
[50,   250] loss: 0.375
[50,   260] loss: 0.346
[50,   270] loss: 0.393
[50,   280] loss: 0.341
[50,   290] loss: 0.400
[50,   300] loss: 0.376
[50,   310] loss: 0.317
[50,   320] loss: 0.455
[50,   330] loss: 0.411
[50,   340] loss: 0.370
[50,   350] loss: 0.358
[50,   360] loss: 0.371
[50,   370] loss: 0.379
[50,   380] loss: 0.352
[50,   390] loss: 0.392
[50,   400] loss: 0.381
VALIDATION loss: 0.4523222744464874
[51,    10] loss: 0.322
[51,    20] loss: 0.319
[51,    30] loss: 0.407
[51,    40] loss: 0.423
[51,    50] loss: 0.388
[51,    60] loss: 0.393
[51,    70] loss: 0.321
[51,    80] loss: 0.429
[51,    90] loss: 0.398
[51,   100] loss: 0.369
[51,   110] loss: 0.375
[51,   120] loss: 0.410
[51,   130] loss: 0.354
[51,   140] loss: 0.368
[51,   150] loss: 0.392
[51,   160] loss: 0.433
[51,   170] loss: 0.361
[51,   180] loss: 0.407
[51,   190] loss: 0.372
[51,   200] loss: 0.360
[51,   210] loss: 0.355
[51,   220] loss: 0.361
[51,   230] loss: 0.374
[51,   240] loss: 0.397
[51,   250] loss: 0.396
[51,   260] loss: 0.342
[51,   270] loss: 0.416
[51,   280] loss: 0.365
[51,   290] loss: 0.397
[51,   300] loss: 0.338
[51,   310] loss: 0.414
[51,   320] loss: 0.346
[51,   330] loss: 0.422
[51,   340] loss: 0.329
[51,   350] loss: 0.360
[51,   360] loss: 0.369
[51,   370] loss: 0.392
[51,   380] loss: 0.383
[51,   390] loss: 0.425
[51,   400] loss: 0.471
VALIDATION loss: 0.5156819820404053
[52,    10] loss: 0.366
[52,    20] loss: 0.373
[52,    30] loss: 0.433
[52,    40] loss: 0.369
[52,    50] loss: 0.359
[52,    60] loss: 0.361
[52,    70] loss: 0.343
[52,    80] loss: 0.376
[52,    90] loss: 0.360
[52,   100] loss: 0.398
[52,   110] loss: 0.383
[52,   120] loss: 0.399
[52,   130] loss: 0.408
[52,   140] loss: 0.326
[52,   150] loss: 0.368
[52,   160] loss: 0.380
[52,   170] loss: 0.385
[52,   180] loss: 0.378
[52,   190] loss: 0.394
[52,   200] loss: 0.400
[52,   210] loss: 0.371
[52,   220] loss: 0.411
[52,   230] loss: 0.327
[52,   240] loss: 0.364
[52,   250] loss: 0.373
[52,   260] loss: 0.372
[52,   270] loss: 0.346
[52,   280] loss: 0.379
[52,   290] loss: 0.394
[52,   300] loss: 0.387
[52,   310] loss: 0.342
[52,   320] loss: 0.349
[52,   330] loss: 0.375
[52,   340] loss: 0.322
[52,   350] loss: 0.382
[52,   360] loss: 0.397
[52,   370] loss: 0.418
[52,   380] loss: 0.346
[52,   390] loss: 0.375
[52,   400] loss: 0.381
VALIDATION loss: 0.4177165925502777
[53,    10] loss: 0.350
[53,    20] loss: 0.380
[53,    30] loss: 0.399
[53,    40] loss: 0.380
[53,    50] loss: 0.390
[53,    60] loss: 0.428
[53,    70] loss: 0.330
[53,    80] loss: 0.370
[53,    90] loss: 0.361
[53,   100] loss: 0.367
[53,   110] loss: 0.395
[53,   120] loss: 0.355
[53,   130] loss: 0.349
[53,   140] loss: 0.376
[53,   150] loss: 0.345
[53,   160] loss: 0.363
[53,   170] loss: 0.373
[53,   180] loss: 0.362
[53,   190] loss: 0.370
[53,   200] loss: 0.363
[53,   210] loss: 0.347
[53,   220] loss: 0.366
[53,   230] loss: 0.382
[53,   240] loss: 0.359
[53,   250] loss: 0.367
[53,   260] loss: 0.354
[53,   270] loss: 0.335
[53,   280] loss: 0.306
[53,   290] loss: 0.319
[53,   300] loss: 0.351
[53,   310] loss: 0.393
[53,   320] loss: 0.375
[53,   330] loss: 0.384
[53,   340] loss: 0.312
[53,   350] loss: 0.365
[53,   360] loss: 0.374
[53,   370] loss: 0.448
[53,   380] loss: 0.387
[53,   390] loss: 0.346
[53,   400] loss: 0.386
VALIDATION loss: 0.9866277575492859
[54,    10] loss: 0.363
[54,    20] loss: 0.367
[54,    30] loss: 0.368
[54,    40] loss: 0.409
[54,    50] loss: 0.369
[54,    60] loss: 0.341
[54,    70] loss: 0.372
[54,    80] loss: 0.410
[54,    90] loss: 0.348
[54,   100] loss: 0.374
[54,   110] loss: 0.373
[54,   120] loss: 0.386
[54,   130] loss: 0.346
[54,   140] loss: 0.429
[54,   150] loss: 0.308
[54,   160] loss: 0.336
[54,   170] loss: 0.371
[54,   180] loss: 0.376
[54,   190] loss: 0.317
[54,   200] loss: 0.391
[54,   210] loss: 0.373
[54,   220] loss: 0.342
[54,   230] loss: 0.339
[54,   240] loss: 0.399
[54,   250] loss: 0.375
[54,   260] loss: 0.371
[54,   270] loss: 0.343
[54,   280] loss: 0.321
[54,   290] loss: 0.368
[54,   300] loss: 0.381
[54,   310] loss: 0.370
[54,   320] loss: 0.334
[54,   330] loss: 0.361
[54,   340] loss: 0.382
[54,   350] loss: 0.348
[54,   360] loss: 0.373
[54,   370] loss: 0.344
[54,   380] loss: 0.348
[54,   390] loss: 0.356
[54,   400] loss: 0.383
VALIDATION loss: 4.642905235290527
[55,    10] loss: 0.387
[55,    20] loss: 0.398
[55,    30] loss: 0.372
[55,    40] loss: 0.333
[55,    50] loss: 0.312
[55,    60] loss: 0.303
[55,    70] loss: 0.349
[55,    80] loss: 0.352
[55,    90] loss: 0.318
[55,   100] loss: 0.373
[55,   110] loss: 0.345
[55,   120] loss: 0.377
[55,   130] loss: 0.339
[55,   140] loss: 0.372
[55,   150] loss: 0.348
[55,   160] loss: 0.429
[55,   170] loss: 0.343
[55,   180] loss: 0.343
[55,   190] loss: 0.325
[55,   200] loss: 0.377
[55,   210] loss: 0.361
[55,   220] loss: 0.325
[55,   230] loss: 0.376
[55,   240] loss: 0.354
[55,   250] loss: 0.319
[55,   260] loss: 0.384
[55,   270] loss: 0.416
[55,   280] loss: 0.296
[55,   290] loss: 0.333
[55,   300] loss: 0.342
[55,   310] loss: 0.359
[55,   320] loss: 0.374
[55,   330] loss: 0.316
[55,   340] loss: 0.356
[55,   350] loss: 0.346
[55,   360] loss: 0.430
[55,   370] loss: 0.339
[55,   380] loss: 0.360
[55,   390] loss: 0.393
[55,   400] loss: 0.336
VALIDATION loss: 1.008005142211914
[56,    10] loss: 0.411
[56,    20] loss: 0.360
[56,    30] loss: 0.325
[56,    40] loss: 0.381
[56,    50] loss: 0.348
[56,    60] loss: 0.368
[56,    70] loss: 0.341
[56,    80] loss: 0.352
[56,    90] loss: 0.362
[56,   100] loss: 0.405
[56,   110] loss: 0.340
[56,   120] loss: 0.314
[56,   130] loss: 0.323
[56,   140] loss: 0.360
[56,   150] loss: 0.382
[56,   160] loss: 0.342
[56,   170] loss: 0.365
[56,   180] loss: 0.386
[56,   190] loss: 0.368
[56,   200] loss: 0.340
[56,   210] loss: 0.334
[56,   220] loss: 0.372
[56,   230] loss: 0.309
[56,   240] loss: 0.364
[56,   250] loss: 0.301
[56,   260] loss: 0.383
[56,   270] loss: 0.374
[56,   280] loss: 0.426
[56,   290] loss: 0.350
[56,   300] loss: 0.313
[56,   310] loss: 0.373
[56,   320] loss: 0.373
[56,   330] loss: 0.333
[56,   340] loss: 0.338
[56,   350] loss: 0.353
[56,   360] loss: 0.339
[56,   370] loss: 0.390
[56,   380] loss: 0.332
[56,   390] loss: 0.341
[56,   400] loss: 0.367
VALIDATION loss: 1.0800265073776245
[57,    10] loss: 0.404
[57,    20] loss: 0.350
[57,    30] loss: 0.388
[57,    40] loss: 0.361
[57,    50] loss: 0.364
[57,    60] loss: 0.389
[57,    70] loss: 0.368
[57,    80] loss: 0.349
[57,    90] loss: 0.328
[57,   100] loss: 0.367
[57,   110] loss: 0.355
[57,   120] loss: 0.386
[57,   130] loss: 0.298
[57,   140] loss: 0.353
[57,   150] loss: 0.345
[57,   160] loss: 0.297
[57,   170] loss: 0.356
[57,   180] loss: 0.347
[57,   190] loss: 0.358
[57,   200] loss: 0.341
[57,   210] loss: 0.299
[57,   220] loss: 0.369
[57,   230] loss: 0.402
[57,   240] loss: 0.329
[57,   250] loss: 0.343
[57,   260] loss: 0.386
[57,   270] loss: 0.349
[57,   280] loss: 0.335
[57,   290] loss: 0.316
[57,   300] loss: 0.314
[57,   310] loss: 0.322
[57,   320] loss: 0.305
[57,   330] loss: 0.343
[57,   340] loss: 0.365
[57,   350] loss: 0.336
[57,   360] loss: 0.412
[57,   370] loss: 0.339
[57,   380] loss: 0.360
[57,   390] loss: 0.331
[57,   400] loss: 0.362
VALIDATION loss: 0.6542091369628906
[58,    10] loss: 0.335
[58,    20] loss: 0.335
[58,    30] loss: 0.307
[58,    40] loss: 0.319
[58,    50] loss: 0.371
[58,    60] loss: 0.326
[58,    70] loss: 0.355
[58,    80] loss: 0.318
[58,    90] loss: 0.375
[58,   100] loss: 0.346
[58,   110] loss: 0.388
[58,   120] loss: 0.330
[58,   130] loss: 0.364
[58,   140] loss: 0.336
[58,   150] loss: 0.416
[58,   160] loss: 0.407
[58,   170] loss: 0.351
[58,   180] loss: 0.319
[58,   190] loss: 0.340
[58,   200] loss: 0.315
[58,   210] loss: 0.343
[58,   220] loss: 0.393
[58,   230] loss: 0.329
[58,   240] loss: 0.296
[58,   250] loss: 0.325
[58,   260] loss: 0.295
[58,   270] loss: 0.327
[58,   280] loss: 0.296
[58,   290] loss: 0.350
[58,   300] loss: 0.403
[58,   310] loss: 0.414
[58,   320] loss: 0.369
[58,   330] loss: 0.422
[58,   340] loss: 0.346
[58,   350] loss: 0.368
[58,   360] loss: 0.327
[58,   370] loss: 0.337
[58,   380] loss: 0.404
[58,   390] loss: 0.388
[58,   400] loss: 0.334
VALIDATION loss: 1.7856812477111816
[59,    10] loss: 0.365
[59,    20] loss: 0.355
[59,    30] loss: 0.383
[59,    40] loss: 0.374
[59,    50] loss: 0.362
[59,    60] loss: 0.316
[59,    70] loss: 0.279
[59,    80] loss: 0.331
[59,    90] loss: 0.415
[59,   100] loss: 0.370
[59,   110] loss: 0.320
[59,   120] loss: 0.364
[59,   130] loss: 0.343
[59,   140] loss: 0.335
[59,   150] loss: 0.365
[59,   160] loss: 0.319
[59,   170] loss: 0.315
[59,   180] loss: 0.348
[59,   190] loss: 0.350
[59,   200] loss: 0.318
[59,   210] loss: 0.308
[59,   220] loss: 0.361
[59,   230] loss: 0.373
[59,   240] loss: 0.333
[59,   250] loss: 0.341
[59,   260] loss: 0.316
[59,   270] loss: 0.353
[59,   280] loss: 0.334
[59,   290] loss: 0.328
[59,   300] loss: 0.316
[59,   310] loss: 0.324
[59,   320] loss: 0.362
[59,   330] loss: 0.364
[59,   340] loss: 0.307
[59,   350] loss: 0.305
[59,   360] loss: 0.381
[59,   370] loss: 0.302
[59,   380] loss: 0.345
[59,   390] loss: 0.342
[59,   400] loss: 0.364
VALIDATION loss: 0.8777783513069153
[60,    10] loss: 0.337
[60,    20] loss: 0.323
[60,    30] loss: 0.359
[60,    40] loss: 0.329
[60,    50] loss: 0.320
[60,    60] loss: 0.304
[60,    70] loss: 0.379
[60,    80] loss: 0.285
[60,    90] loss: 0.375
[60,   100] loss: 0.321
[60,   110] loss: 0.337
[60,   120] loss: 0.323
[60,   130] loss: 0.376
[60,   140] loss: 0.405
[60,   150] loss: 0.330
[60,   160] loss: 0.391
[60,   170] loss: 0.363
[60,   180] loss: 0.328
[60,   190] loss: 0.329
[60,   200] loss: 0.385
[60,   210] loss: 0.288
[60,   220] loss: 0.325
[60,   230] loss: 0.357
[60,   240] loss: 0.311
[60,   250] loss: 0.285
[60,   260] loss: 0.319
[60,   270] loss: 0.354
[60,   280] loss: 0.306
[60,   290] loss: 0.292
[60,   300] loss: 0.324
[60,   310] loss: 0.363
[60,   320] loss: 0.353
[60,   330] loss: 0.378
[60,   340] loss: 0.313
[60,   350] loss: 0.323
[60,   360] loss: 0.527
[60,   370] loss: 0.397
[60,   380] loss: 0.417
[60,   390] loss: 0.421
[60,   400] loss: 0.340
VALIDATION loss: 0.3914296627044678
[61,    10] loss: 0.390
[61,    20] loss: 0.392
[61,    30] loss: 0.314
[61,    40] loss: 0.368
[61,    50] loss: 0.351
[61,    60] loss: 0.336
[61,    70] loss: 0.355
[61,    80] loss: 0.351
[61,    90] loss: 0.339
[61,   100] loss: 0.355
[61,   110] loss: 0.424
[61,   120] loss: 0.404
[61,   130] loss: 0.315
[61,   140] loss: 0.350
[61,   150] loss: 0.336
[61,   160] loss: 0.337
[61,   170] loss: 0.354
[61,   180] loss: 0.364
[61,   190] loss: 0.328
[61,   200] loss: 0.315
[61,   210] loss: 0.359
[61,   220] loss: 0.330
[61,   230] loss: 0.320
[61,   240] loss: 0.304
[61,   250] loss: 0.357
[61,   260] loss: 0.392
[61,   270] loss: 0.331
[61,   280] loss: 0.286
[61,   290] loss: 0.387
[61,   300] loss: 0.335
[61,   310] loss: 0.300
[61,   320] loss: 0.338
[61,   330] loss: 0.331
[61,   340] loss: 0.413
[61,   350] loss: 0.346
[61,   360] loss: 0.308
[61,   370] loss: 0.310
[61,   380] loss: 0.350
[61,   390] loss: 0.396
[61,   400] loss: 0.359
VALIDATION loss: 0.338657408952713
[62,    10] loss: 0.292
[62,    20] loss: 0.381
[62,    30] loss: 0.360
[62,    40] loss: 0.369
[62,    50] loss: 0.361
[62,    60] loss: 0.306
[62,    70] loss: 0.298
[62,    80] loss: 0.340
[62,    90] loss: 0.351
[62,   100] loss: 0.354
[62,   110] loss: 0.345
[62,   120] loss: 0.336
[62,   130] loss: 0.329
[62,   140] loss: 0.309
[62,   150] loss: 0.322
[62,   160] loss: 0.335
[62,   170] loss: 0.333
[62,   180] loss: 0.328
[62,   190] loss: 0.340
[62,   200] loss: 0.329
[62,   210] loss: 0.329
[62,   220] loss: 0.316
[62,   230] loss: 0.291
[62,   240] loss: 0.331
[62,   250] loss: 0.299
[62,   260] loss: 0.355
[62,   270] loss: 0.354
[62,   280] loss: 0.300
[62,   290] loss: 0.324
[62,   300] loss: 0.355
[62,   310] loss: 0.296
[62,   320] loss: 0.355
[62,   330] loss: 0.295
[62,   340] loss: 0.338
[62,   350] loss: 0.318
[62,   360] loss: 0.327
[62,   370] loss: 0.357
[62,   380] loss: 0.362
[62,   390] loss: 0.307
[62,   400] loss: 0.314
VALIDATION loss: 0.6828173398971558
[63,    10] loss: 0.278
[63,    20] loss: 0.378
[63,    30] loss: 0.348
[63,    40] loss: 0.367
[63,    50] loss: 0.352
[63,    60] loss: 0.370
[63,    70] loss: 0.311
[63,    80] loss: 0.272
[63,    90] loss: 0.408
[63,   100] loss: 0.351
[63,   110] loss: 0.367
[63,   120] loss: 0.360
[63,   130] loss: 0.317
[63,   140] loss: 0.340
[63,   150] loss: 0.300
[63,   160] loss: 0.303
[63,   170] loss: 0.392
[63,   180] loss: 0.348
[63,   190] loss: 0.296
[63,   200] loss: 0.323
[63,   210] loss: 0.297
[63,   220] loss: 0.313
[63,   230] loss: 0.319
[63,   240] loss: 0.337
[63,   250] loss: 0.317
[63,   260] loss: 0.321
[63,   270] loss: 0.309
[63,   280] loss: 0.325
[63,   290] loss: 0.360
[63,   300] loss: 0.290
[63,   310] loss: 0.348
[63,   320] loss: 0.349
[63,   330] loss: 0.334
[63,   340] loss: 0.307
[63,   350] loss: 0.342
[63,   360] loss: 0.311
[63,   370] loss: 0.335
[63,   380] loss: 0.377
[63,   390] loss: 0.297
[63,   400] loss: 0.306
VALIDATION loss: 0.3965238034725189
[64,    10] loss: 0.307
[64,    20] loss: 0.313
[64,    30] loss: 0.329
[64,    40] loss: 0.354
[64,    50] loss: 0.300
[64,    60] loss: 0.332
[64,    70] loss: 0.345
[64,    80] loss: 0.348
[64,    90] loss: 0.309
[64,   100] loss: 0.306
[64,   110] loss: 0.322
[64,   120] loss: 0.309
[64,   130] loss: 0.287
[64,   140] loss: 0.308
[64,   150] loss: 0.337
[64,   160] loss: 0.328
[64,   170] loss: 0.321
[64,   180] loss: 0.324
[64,   190] loss: 0.322
[64,   200] loss: 0.336
[64,   210] loss: 0.294
[64,   220] loss: 0.368
[64,   230] loss: 0.338
[64,   240] loss: 0.327
[64,   250] loss: 0.326
[64,   260] loss: 0.344
[64,   270] loss: 0.324
[64,   280] loss: 0.349
[64,   290] loss: 0.331
[64,   300] loss: 0.264
[64,   310] loss: 0.356
[64,   320] loss: 0.291
[64,   330] loss: 0.391
[64,   340] loss: 0.296
[64,   350] loss: 0.299
[64,   360] loss: 0.340
[64,   370] loss: 0.350
[64,   380] loss: 0.334
[64,   390] loss: 0.310
[64,   400] loss: 0.257
VALIDATION loss: 0.4145362377166748
[65,    10] loss: 0.333
[65,    20] loss: 0.326
[65,    30] loss: 0.337
[65,    40] loss: 0.314
[65,    50] loss: 0.315
[65,    60] loss: 0.364
[65,    70] loss: 0.290
[65,    80] loss: 0.380
[65,    90] loss: 0.307
[65,   100] loss: 0.350
[65,   110] loss: 0.359
[65,   120] loss: 0.319
[65,   130] loss: 0.300
[65,   140] loss: 0.305
[65,   150] loss: 0.346
[65,   160] loss: 0.283
[65,   170] loss: 0.330
[65,   180] loss: 0.286
[65,   190] loss: 0.265
[65,   200] loss: 0.288
[65,   210] loss: 0.301
[65,   220] loss: 0.241
[65,   230] loss: 0.319
[65,   240] loss: 0.297
[65,   250] loss: 0.343
[65,   260] loss: 0.328
[65,   270] loss: 0.348
[65,   280] loss: 0.324
[65,   290] loss: 0.316
[65,   300] loss: 0.358
[65,   310] loss: 0.303
[65,   320] loss: 0.324
[65,   330] loss: 0.324
[65,   340] loss: 0.321
[65,   350] loss: 0.276
[65,   360] loss: 0.367
[65,   370] loss: 0.289
[65,   380] loss: 0.320
[65,   390] loss: 0.366
[65,   400] loss: 0.273
VALIDATION loss: 0.4799647629261017
[66,    10] loss: 0.283
[66,    20] loss: 0.241
[66,    30] loss: 0.330
[66,    40] loss: 0.371
[66,    50] loss: 0.327
[66,    60] loss: 0.320
[66,    70] loss: 0.307
[66,    80] loss: 0.354
[66,    90] loss: 0.289
[66,   100] loss: 0.311
[66,   110] loss: 0.303
[66,   120] loss: 0.295
[66,   130] loss: 0.310
[66,   140] loss: 0.295
[66,   150] loss: 0.339
[66,   160] loss: 0.358
[66,   170] loss: 0.310
[66,   180] loss: 0.338
[66,   190] loss: 0.335
[66,   200] loss: 0.335
[66,   210] loss: 0.334
[66,   220] loss: 0.296
[66,   230] loss: 0.348
[66,   240] loss: 0.300
[66,   250] loss: 0.334
[66,   260] loss: 0.293
[66,   270] loss: 0.263
[66,   280] loss: 0.295
[66,   290] loss: 0.299
[66,   300] loss: 0.283
[66,   310] loss: 0.294
[66,   320] loss: 0.345
[66,   330] loss: 0.369
[66,   340] loss: 0.336
[66,   350] loss: 0.309
[66,   360] loss: 0.334
[66,   370] loss: 0.294
[66,   380] loss: 0.305
[66,   390] loss: 0.329
[66,   400] loss: 0.347
VALIDATION loss: 0.6792086362838745
[67,    10] loss: 0.321
[67,    20] loss: 0.289
[67,    30] loss: 0.285
[67,    40] loss: 0.251
[67,    50] loss: 0.333
[67,    60] loss: 0.320
[67,    70] loss: 0.376
[67,    80] loss: 0.297
[67,    90] loss: 0.364
[67,   100] loss: 0.260
[67,   110] loss: 0.302
[67,   120] loss: 0.321
[67,   130] loss: 0.280
[67,   140] loss: 0.297
[67,   150] loss: 0.330
[67,   160] loss: 0.331
[67,   170] loss: 0.340
[67,   180] loss: 0.354
[67,   190] loss: 0.268
[67,   200] loss: 0.271
[67,   210] loss: 0.343
[67,   220] loss: 0.294
[67,   230] loss: 0.262
[67,   240] loss: 0.273
[67,   250] loss: 0.284
[67,   260] loss: 0.288
[67,   270] loss: 0.269
[67,   280] loss: 0.323
[67,   290] loss: 0.334
[67,   300] loss: 0.371
[67,   310] loss: 0.348
[67,   320] loss: 0.304
[67,   330] loss: 0.310
[67,   340] loss: 0.385
[67,   350] loss: 0.332
[67,   360] loss: 0.352
[67,   370] loss: 0.308
[67,   380] loss: 0.340
[67,   390] loss: 0.331
[67,   400] loss: 0.332
VALIDATION loss: 0.5011810064315796
[68,    10] loss: 0.320
[68,    20] loss: 0.293
[68,    30] loss: 0.320
[68,    40] loss: 0.304
[68,    50] loss: 0.365
[68,    60] loss: 0.330
[68,    70] loss: 0.286
[68,    80] loss: 0.320
[68,    90] loss: 0.335
[68,   100] loss: 0.345
[68,   110] loss: 0.310
[68,   120] loss: 0.298
[68,   130] loss: 0.283
[68,   140] loss: 0.282
[68,   150] loss: 0.290
[68,   160] loss: 0.308
[68,   170] loss: 0.341
[68,   180] loss: 0.309
[68,   190] loss: 0.334
[68,   200] loss: 0.286
[68,   210] loss: 0.311
[68,   220] loss: 0.349
[68,   230] loss: 0.315
[68,   240] loss: 0.311
[68,   250] loss: 0.345
[68,   260] loss: 0.319
[68,   270] loss: 0.240
[68,   280] loss: 0.306
[68,   290] loss: 0.267
[68,   300] loss: 0.316
[68,   310] loss: 0.302
[68,   320] loss: 0.263
[68,   330] loss: 0.333
[68,   340] loss: 0.343
[68,   350] loss: 0.296
[68,   360] loss: 0.313
[68,   370] loss: 0.341
[68,   380] loss: 0.259
[68,   390] loss: 0.341
[68,   400] loss: 0.309
VALIDATION loss: 0.3619539737701416
[69,    10] loss: 0.351
[69,    20] loss: 0.319
[69,    30] loss: 0.310
[69,    40] loss: 0.303
[69,    50] loss: 0.306
[69,    60] loss: 0.292
[69,    70] loss: 0.295
[69,    80] loss: 0.321
[69,    90] loss: 0.283
[69,   100] loss: 0.272
[69,   110] loss: 0.228
[69,   120] loss: 0.335
[69,   130] loss: 0.323
[69,   140] loss: 0.270
[69,   150] loss: 0.287
[69,   160] loss: 0.265
[69,   170] loss: 0.355
[69,   180] loss: 0.314
[69,   190] loss: 0.256
[69,   200] loss: 0.329
[69,   210] loss: 0.307
[69,   220] loss: 0.287
[69,   230] loss: 0.310
[69,   240] loss: 0.307
[69,   250] loss: 0.317
[69,   260] loss: 0.322
[69,   270] loss: 0.326
[69,   280] loss: 0.262
[69,   290] loss: 0.322
[69,   300] loss: 0.363
[69,   310] loss: 0.255
[69,   320] loss: 0.317
[69,   330] loss: 0.273
[69,   340] loss: 0.318
[69,   350] loss: 0.303
[69,   360] loss: 0.304
[69,   370] loss: 0.318
[69,   380] loss: 0.301
[69,   390] loss: 0.338
[69,   400] loss: 0.319
VALIDATION loss: 0.7466559410095215
[70,    10] loss: 0.318
[70,    20] loss: 0.376
[70,    30] loss: 0.322
[70,    40] loss: 0.290
[70,    50] loss: 0.299
[70,    60] loss: 0.259
[70,    70] loss: 0.298
[70,    80] loss: 0.336
[70,    90] loss: 0.291
[70,   100] loss: 0.300
[70,   110] loss: 0.308
[70,   120] loss: 0.323
[70,   130] loss: 0.322
[70,   140] loss: 0.329
[70,   150] loss: 0.346
[70,   160] loss: 0.298
[70,   170] loss: 0.309
[70,   180] loss: 0.341
[70,   190] loss: 0.275
[70,   200] loss: 0.339
[70,   210] loss: 0.296
[70,   220] loss: 0.270
[70,   230] loss: 0.288
[70,   240] loss: 0.366
[70,   250] loss: 0.312
[70,   260] loss: 0.313
[70,   270] loss: 0.320
[70,   280] loss: 0.289
[70,   290] loss: 0.333
[70,   300] loss: 0.267
[70,   310] loss: 0.311
[70,   320] loss: 0.315
[70,   330] loss: 0.328
[70,   340] loss: 0.265
[70,   350] loss: 0.360
[70,   360] loss: 0.247
[70,   370] loss: 0.346
[70,   380] loss: 0.305
[70,   390] loss: 0.260
[70,   400] loss: 0.322
VALIDATION loss: 0.34784001111984253
[71,    10] loss: 0.283
[71,    20] loss: 0.297
[71,    30] loss: 0.309
[71,    40] loss: 0.309
[71,    50] loss: 0.316
[71,    60] loss: 0.250
[71,    70] loss: 0.272
[71,    80] loss: 0.262
[71,    90] loss: 0.348
[71,   100] loss: 0.278
[71,   110] loss: 0.291
[71,   120] loss: 0.309
[71,   130] loss: 0.342
[71,   140] loss: 0.307
[71,   150] loss: 0.304
[71,   160] loss: 0.310
[71,   170] loss: 0.296
[71,   180] loss: 0.307
[71,   190] loss: 0.364
[71,   200] loss: 0.328
[71,   210] loss: 0.276
[71,   220] loss: 0.258
[71,   230] loss: 0.286
[71,   240] loss: 0.328
[71,   250] loss: 0.308
[71,   260] loss: 0.310
[71,   270] loss: 0.312
[71,   280] loss: 0.283
[71,   290] loss: 0.295
[71,   300] loss: 0.349
[71,   310] loss: 0.239
[71,   320] loss: 0.290
[71,   330] loss: 0.243
[71,   340] loss: 0.310
[71,   350] loss: 0.318
[71,   360] loss: 0.281
[71,   370] loss: 0.309
[71,   380] loss: 0.302
[71,   390] loss: 0.292
[71,   400] loss: 0.326
VALIDATION loss: 0.38332292437553406
[72,    10] loss: 0.311
[72,    20] loss: 0.276
[72,    30] loss: 0.327
[72,    40] loss: 0.269
[72,    50] loss: 0.308
[72,    60] loss: 0.301
[72,    70] loss: 0.292
[72,    80] loss: 0.289
[72,    90] loss: 0.302
[72,   100] loss: 0.302
[72,   110] loss: 0.308
[72,   120] loss: 0.323
[72,   130] loss: 0.295
[72,   140] loss: 0.293
[72,   150] loss: 0.271
[72,   160] loss: 0.261
[72,   170] loss: 0.303
[72,   180] loss: 0.354
[72,   190] loss: 0.275
[72,   200] loss: 0.342
[72,   210] loss: 0.341
[72,   220] loss: 0.334
[72,   230] loss: 0.262
[72,   240] loss: 0.302
[72,   250] loss: 0.285
[72,   260] loss: 0.292
[72,   270] loss: 0.351
[72,   280] loss: 0.294
[72,   290] loss: 0.295
[72,   300] loss: 0.281
[72,   310] loss: 0.302
[72,   320] loss: 0.323
[72,   330] loss: 0.292
[72,   340] loss: 0.338
[72,   350] loss: 0.318
[72,   360] loss: 0.305
[72,   370] loss: 0.319
[72,   380] loss: 0.252
[72,   390] loss: 0.300
[72,   400] loss: 0.285
VALIDATION loss: 0.47189798951148987
[73,    10] loss: 0.277
[73,    20] loss: 0.310
[73,    30] loss: 0.308
[73,    40] loss: 0.286
[73,    50] loss: 0.289
[73,    60] loss: 0.301
[73,    70] loss: 0.276
[73,    80] loss: 0.324
[73,    90] loss: 0.279
[73,   100] loss: 0.265
[73,   110] loss: 0.234
[73,   120] loss: 0.293
[73,   130] loss: 0.264
[73,   140] loss: 0.239
[73,   150] loss: 0.282
[73,   160] loss: 0.292
[73,   170] loss: 0.300
[73,   180] loss: 0.292
[73,   190] loss: 0.308
[73,   200] loss: 0.303
[73,   210] loss: 0.347
[73,   220] loss: 0.299
[73,   230] loss: 0.358
[73,   240] loss: 0.311
[73,   250] loss: 0.307
[73,   260] loss: 0.263
[73,   270] loss: 0.282
[73,   280] loss: 0.295
[73,   290] loss: 0.293
[73,   300] loss: 0.287
[73,   310] loss: 0.304
[73,   320] loss: 0.259
[73,   330] loss: 0.302
[73,   340] loss: 0.292
[73,   350] loss: 0.309
[73,   360] loss: 0.285
[73,   370] loss: 0.294
[73,   380] loss: 0.286
[73,   390] loss: 0.299
[73,   400] loss: 0.303
VALIDATION loss: 1.1401280164718628
[74,    10] loss: 0.298
[74,    20] loss: 0.266
[74,    30] loss: 0.249
[74,    40] loss: 0.271
[74,    50] loss: 0.281
[74,    60] loss: 0.276
[74,    70] loss: 0.255
[74,    80] loss: 0.327
[74,    90] loss: 0.333
[74,   100] loss: 0.283
[74,   110] loss: 0.275
[74,   120] loss: 0.284
[74,   130] loss: 0.292
[74,   140] loss: 0.311
[74,   150] loss: 0.296
[74,   160] loss: 0.259
[74,   170] loss: 0.267
[74,   180] loss: 0.333
[74,   190] loss: 0.321
[74,   200] loss: 0.286
[74,   210] loss: 0.279
[74,   220] loss: 0.319
[74,   230] loss: 0.263
[74,   240] loss: 0.312
[74,   250] loss: 0.291
[74,   260] loss: 0.275
[74,   270] loss: 0.260
[74,   280] loss: 0.306
[74,   290] loss: 0.317
[74,   300] loss: 0.352
[74,   310] loss: 0.239
[74,   320] loss: 0.291
[74,   330] loss: 0.330
[74,   340] loss: 0.292
[74,   350] loss: 0.254
[74,   360] loss: 0.315
[74,   370] loss: 0.337
[74,   380] loss: 0.267
[74,   390] loss: 0.238
[74,   400] loss: 0.306
VALIDATION loss: 0.6608275771141052
[75,    10] loss: 0.239
[75,    20] loss: 0.298
[75,    30] loss: 0.300
[75,    40] loss: 0.266
[75,    50] loss: 0.279
[75,    60] loss: 0.280
[75,    70] loss: 0.308
[75,    80] loss: 0.339
[75,    90] loss: 0.299
[75,   100] loss: 0.329
[75,   110] loss: 0.277
[75,   120] loss: 0.367
[75,   130] loss: 0.288
[75,   140] loss: 0.229
[75,   150] loss: 0.305
[75,   160] loss: 0.264
[75,   170] loss: 0.282
[75,   180] loss: 0.311
[75,   190] loss: 0.294
[75,   200] loss: 0.281
[75,   210] loss: 0.293
[75,   220] loss: 0.242
[75,   230] loss: 0.291
[75,   240] loss: 0.270
[75,   250] loss: 0.269
[75,   260] loss: 0.278
[75,   270] loss: 0.284
[75,   280] loss: 0.334
[75,   290] loss: 0.328
[75,   300] loss: 0.255
[75,   310] loss: 0.279
[75,   320] loss: 0.323
[75,   330] loss: 0.270
[75,   340] loss: 0.271
[75,   350] loss: 0.287
[75,   360] loss: 0.303
[75,   370] loss: 0.288
[75,   380] loss: 0.280
[75,   390] loss: 0.254
[75,   400] loss: 0.308
VALIDATION loss: 0.3281950354576111
[76,    10] loss: 0.256
[76,    20] loss: 0.266
[76,    30] loss: 0.305
[76,    40] loss: 0.296
[76,    50] loss: 0.286
[76,    60] loss: 0.324
[76,    70] loss: 0.243
[76,    80] loss: 0.282
[76,    90] loss: 0.333
[76,   100] loss: 0.275
[76,   110] loss: 0.293
[76,   120] loss: 0.284
[76,   130] loss: 0.259
[76,   140] loss: 0.299
[76,   150] loss: 0.301
[76,   160] loss: 0.306
[76,   170] loss: 0.284
[76,   180] loss: 0.303
[76,   190] loss: 0.275
[76,   200] loss: 0.285
[76,   210] loss: 0.277
[76,   220] loss: 0.296
[76,   230] loss: 0.299
[76,   240] loss: 0.318
[76,   250] loss: 0.285
[76,   260] loss: 0.259
[76,   270] loss: 0.328
[76,   280] loss: 0.220
[76,   290] loss: 0.272
[76,   300] loss: 0.273
[76,   310] loss: 0.294
[76,   320] loss: 0.303
[76,   330] loss: 0.302
[76,   340] loss: 0.280
[76,   350] loss: 0.261
[76,   360] loss: 0.301
[76,   370] loss: 0.274
[76,   380] loss: 0.262
[76,   390] loss: 0.295
[76,   400] loss: 0.319
VALIDATION loss: 0.5129134058952332
[77,    10] loss: 0.304
[77,    20] loss: 0.276
[77,    30] loss: 0.299
[77,    40] loss: 0.239
[77,    50] loss: 0.261
[77,    60] loss: 0.281
[77,    70] loss: 0.292
[77,    80] loss: 0.246
[77,    90] loss: 0.320
[77,   100] loss: 0.306
[77,   110] loss: 0.237
[77,   120] loss: 0.266
[77,   130] loss: 0.282
[77,   140] loss: 0.329
[77,   150] loss: 0.335
[77,   160] loss: 0.285
[77,   170] loss: 0.275
[77,   180] loss: 0.330
[77,   190] loss: 0.315
[77,   200] loss: 0.274
[77,   210] loss: 0.281
[77,   220] loss: 0.230
[77,   230] loss: 0.295
[77,   240] loss: 0.290
[77,   250] loss: 0.284
[77,   260] loss: 0.292
[77,   270] loss: 0.294
[77,   280] loss: 0.247
[77,   290] loss: 0.319
[77,   300] loss: 0.319
[77,   310] loss: 0.302
[77,   320] loss: 0.267
[77,   330] loss: 0.265
[77,   340] loss: 0.260
[77,   350] loss: 0.321
[77,   360] loss: 0.307
[77,   370] loss: 0.296
[77,   380] loss: 0.279
[77,   390] loss: 0.285
[77,   400] loss: 0.279
VALIDATION loss: 0.4296759366989136
[78,    10] loss: 0.301
[78,    20] loss: 0.286
[78,    30] loss: 0.262
[78,    40] loss: 0.303
[78,    50] loss: 0.284
[78,    60] loss: 0.286
[78,    70] loss: 0.251
[78,    80] loss: 0.252
[78,    90] loss: 0.282
[78,   100] loss: 0.265
[78,   110] loss: 0.278
[78,   120] loss: 0.314
[78,   130] loss: 0.265
[78,   140] loss: 0.272
[78,   150] loss: 0.282
[78,   160] loss: 0.263
[78,   170] loss: 0.310
[78,   180] loss: 0.273
[78,   190] loss: 0.335
[78,   200] loss: 0.298
[78,   210] loss: 0.255
[78,   220] loss: 0.300
[78,   230] loss: 0.317
[78,   240] loss: 0.268
[78,   250] loss: 0.276
[78,   260] loss: 0.263
[78,   270] loss: 0.256
[78,   280] loss: 0.307
[78,   290] loss: 0.257
[78,   300] loss: 0.304
[78,   310] loss: 0.296
[78,   320] loss: 0.287
[78,   330] loss: 0.302
[78,   340] loss: 0.287
[78,   350] loss: 0.276
[78,   360] loss: 0.214
[78,   370] loss: 0.301
[78,   380] loss: 0.220
[78,   390] loss: 0.257
[78,   400] loss: 0.339
VALIDATION loss: 10.272741317749023
[79,    10] loss: 0.307
[79,    20] loss: 0.249
[79,    30] loss: 0.290
[79,    40] loss: 0.216
[79,    50] loss: 0.247
[79,    60] loss: 0.269
[79,    70] loss: 0.297
[79,    80] loss: 0.277
[79,    90] loss: 0.284
[79,   100] loss: 0.238
[79,   110] loss: 0.275
[79,   120] loss: 0.258
[79,   130] loss: 0.290
[79,   140] loss: 0.280
[79,   150] loss: 0.276
[79,   160] loss: 0.214
[79,   170] loss: 0.261
[79,   180] loss: 0.256
[79,   190] loss: 0.246
[79,   200] loss: 0.288
[79,   210] loss: 0.297
[79,   220] loss: 0.267
[79,   230] loss: 0.272
[79,   240] loss: 0.328
[79,   250] loss: 0.291
[79,   260] loss: 0.283
[79,   270] loss: 0.276
[79,   280] loss: 0.261
[79,   290] loss: 0.257
[79,   300] loss: 0.223
[79,   310] loss: 0.277
[79,   320] loss: 0.312
[79,   330] loss: 0.285
[79,   340] loss: 0.266
[79,   350] loss: 0.299
[79,   360] loss: 0.303
[79,   370] loss: 0.296
[79,   380] loss: 0.281
[79,   390] loss: 0.334
[79,   400] loss: 0.289
VALIDATION loss: 0.30705946683883667
[80,    10] loss: 0.267
[80,    20] loss: 0.250
[80,    30] loss: 0.296
[80,    40] loss: 0.315
[80,    50] loss: 0.292
[80,    60] loss: 0.294
[80,    70] loss: 0.351
[80,    80] loss: 0.286
[80,    90] loss: 0.228
[80,   100] loss: 0.289
[80,   110] loss: 0.231
[80,   120] loss: 0.250
[80,   130] loss: 0.306
[80,   140] loss: 0.266
[80,   150] loss: 0.296
[80,   160] loss: 0.246
[80,   170] loss: 0.331
[80,   180] loss: 0.306
[80,   190] loss: 0.260
[80,   200] loss: 0.254
[80,   210] loss: 0.268
[80,   220] loss: 0.269
[80,   230] loss: 0.264
[80,   240] loss: 0.287
[80,   250] loss: 0.258
[80,   260] loss: 0.252
[80,   270] loss: 0.242
[80,   280] loss: 0.256
[80,   290] loss: 0.315
[80,   300] loss: 0.252
[80,   310] loss: 0.303
[80,   320] loss: 0.268
[80,   330] loss: 0.291
[80,   340] loss: 0.253
[80,   350] loss: 0.277
[80,   360] loss: 0.242
[80,   370] loss: 0.267
[80,   380] loss: 0.275
[80,   390] loss: 0.313
[80,   400] loss: 0.291
VALIDATION loss: 0.3563919961452484
[81,    10] loss: 0.279
[81,    20] loss: 0.271
[81,    30] loss: 0.221
[81,    40] loss: 0.270
[81,    50] loss: 0.323
[81,    60] loss: 0.223
[81,    70] loss: 0.283
[81,    80] loss: 0.238
[81,    90] loss: 0.250
[81,   100] loss: 0.261
[81,   110] loss: 0.259
[81,   120] loss: 0.275
[81,   130] loss: 0.324
[81,   140] loss: 0.355
[81,   150] loss: 0.263
[81,   160] loss: 0.240
[81,   170] loss: 0.290
[81,   180] loss: 0.257
[81,   190] loss: 0.286
[81,   200] loss: 0.264
[81,   210] loss: 0.257
[81,   220] loss: 0.248
[81,   230] loss: 0.283
[81,   240] loss: 0.279
[81,   250] loss: 0.288
[81,   260] loss: 0.259
[81,   270] loss: 0.224
[81,   280] loss: 0.255
[81,   290] loss: 0.217
[81,   300] loss: 0.263
[81,   310] loss: 0.293
[81,   320] loss: 0.289
[81,   330] loss: 0.234
[81,   340] loss: 0.297
[81,   350] loss: 0.288
[81,   360] loss: 0.297
[81,   370] loss: 0.275
[81,   380] loss: 0.286
[81,   390] loss: 0.331
[81,   400] loss: 0.268
VALIDATION loss: 0.30200499296188354
[82,    10] loss: 0.261
[82,    20] loss: 0.261
[82,    30] loss: 0.302
[82,    40] loss: 0.275
[82,    50] loss: 0.257
[82,    60] loss: 0.305
[82,    70] loss: 0.238
[82,    80] loss: 0.280
[82,    90] loss: 0.268
[82,   100] loss: 0.318
[82,   110] loss: 0.255
[82,   120] loss: 0.287
[82,   130] loss: 0.289
[82,   140] loss: 0.242
[82,   150] loss: 0.275
[82,   160] loss: 0.310
[82,   170] loss: 0.243
[82,   180] loss: 0.274
[82,   190] loss: 0.249
[82,   200] loss: 0.294
[82,   210] loss: 0.295
[82,   220] loss: 0.335
[82,   230] loss: 0.242
[82,   240] loss: 0.274
[82,   250] loss: 0.294
[82,   260] loss: 0.259
[82,   270] loss: 0.237
[82,   280] loss: 0.261
[82,   290] loss: 0.249
[82,   300] loss: 0.236
[82,   310] loss: 0.242
[82,   320] loss: 0.424
[82,   330] loss: 0.323
[82,   340] loss: 0.266
[82,   350] loss: 0.286
[82,   360] loss: 0.255
[82,   370] loss: 0.305
[82,   380] loss: 0.290
[82,   390] loss: 0.315
[82,   400] loss: 0.269
VALIDATION loss: 0.8202021718025208
[83,    10] loss: 0.243
[83,    20] loss: 0.289
[83,    30] loss: 0.284
[83,    40] loss: 0.346
[83,    50] loss: 0.265
[83,    60] loss: 0.236
[83,    70] loss: 0.293
[83,    80] loss: 0.229
[83,    90] loss: 0.274
[83,   100] loss: 0.312
[83,   110] loss: 0.283
[83,   120] loss: 0.234
[83,   130] loss: 0.311
[83,   140] loss: 0.248
[83,   150] loss: 0.259
[83,   160] loss: 0.289
[83,   170] loss: 0.246
[83,   180] loss: 0.319
[83,   190] loss: 0.270
[83,   200] loss: 0.248
[83,   210] loss: 0.264
[83,   220] loss: 0.268
[83,   230] loss: 0.238
[83,   240] loss: 0.281
[83,   250] loss: 0.255
[83,   260] loss: 0.278
[83,   270] loss: 0.251
[83,   280] loss: 0.286
[83,   290] loss: 0.249
[83,   300] loss: 0.305
[83,   310] loss: 0.298
[83,   320] loss: 0.261
[83,   330] loss: 0.276
[83,   340] loss: 0.295
[83,   350] loss: 0.261
[83,   360] loss: 0.217
[83,   370] loss: 0.242
[83,   380] loss: 0.229
[83,   390] loss: 0.246
[83,   400] loss: 0.246
VALIDATION loss: 1.2689088582992554
[84,    10] loss: 0.279
[84,    20] loss: 0.218
[84,    30] loss: 0.303
[84,    40] loss: 0.247
[84,    50] loss: 0.259
[84,    60] loss: 0.284
[84,    70] loss: 0.293
[84,    80] loss: 0.264
[84,    90] loss: 0.265
[84,   100] loss: 0.250
[84,   110] loss: 0.265
[84,   120] loss: 0.263
[84,   130] loss: 0.287
[84,   140] loss: 0.261
[84,   150] loss: 0.225
[84,   160] loss: 0.275
[84,   170] loss: 0.259
[84,   180] loss: 0.193
[84,   190] loss: 0.247
[84,   200] loss: 0.296
[84,   210] loss: 0.267
[84,   220] loss: 0.265
[84,   230] loss: 0.244
[84,   240] loss: 0.242
[84,   250] loss: 0.257
[84,   260] loss: 0.228
[84,   270] loss: 0.273
[84,   280] loss: 0.284
[84,   290] loss: 0.261
[84,   300] loss: 0.297
[84,   310] loss: 0.301
[84,   320] loss: 0.230
[84,   330] loss: 0.278
[84,   340] loss: 0.260
[84,   350] loss: 0.263
[84,   360] loss: 0.288
[84,   370] loss: 0.269
[84,   380] loss: 0.306
[84,   390] loss: 0.259
[84,   400] loss: 0.280
VALIDATION loss: 0.2858469486236572
[85,    10] loss: 0.249
[85,    20] loss: 0.253
[85,    30] loss: 0.252
[85,    40] loss: 0.276
[85,    50] loss: 0.236
[85,    60] loss: 0.271
[85,    70] loss: 0.278
[85,    80] loss: 0.281
[85,    90] loss: 0.241
[85,   100] loss: 0.337
[85,   110] loss: 0.259
[85,   120] loss: 0.248
[85,   130] loss: 0.299
[85,   140] loss: 0.226
[85,   150] loss: 0.259
[85,   160] loss: 0.235
[85,   170] loss: 0.268
[85,   180] loss: 0.275
[85,   190] loss: 0.263
[85,   200] loss: 0.225
[85,   210] loss: 0.290
[85,   220] loss: 0.272
[85,   230] loss: 0.242
[85,   240] loss: 0.272
[85,   250] loss: 0.259
[85,   260] loss: 0.296
[85,   270] loss: 0.267
[85,   280] loss: 0.246
[85,   290] loss: 0.232
[85,   300] loss: 0.262
[85,   310] loss: 0.248
[85,   320] loss: 0.249
[85,   330] loss: 0.304
[85,   340] loss: 0.233
[85,   350] loss: 0.259
[85,   360] loss: 0.275
[85,   370] loss: 0.243
[85,   380] loss: 0.251
[85,   390] loss: 0.261
[85,   400] loss: 0.213
VALIDATION loss: 0.3052730858325958
[86,    10] loss: 0.245
[86,    20] loss: 0.242
[86,    30] loss: 0.258
[86,    40] loss: 0.255
[86,    50] loss: 0.297
[86,    60] loss: 0.262
[86,    70] loss: 0.265
[86,    80] loss: 0.266
[86,    90] loss: 0.257
[86,   100] loss: 0.268
[86,   110] loss: 0.234
[86,   120] loss: 0.232
[86,   130] loss: 0.315
[86,   140] loss: 0.287
[86,   150] loss: 0.297
[86,   160] loss: 0.283
[86,   170] loss: 0.266
[86,   180] loss: 0.235
[86,   190] loss: 0.284
[86,   200] loss: 0.231
[86,   210] loss: 0.283
[86,   220] loss: 0.243
[86,   230] loss: 0.235
[86,   240] loss: 0.233
[86,   250] loss: 0.274
[86,   260] loss: 0.221
[86,   270] loss: 0.227
[86,   280] loss: 0.274
[86,   290] loss: 0.278
[86,   300] loss: 0.204
[86,   310] loss: 0.283
[86,   320] loss: 0.294
[86,   330] loss: 0.267
[86,   340] loss: 0.259
[86,   350] loss: 0.200
[86,   360] loss: 0.264
[86,   370] loss: 0.224
[86,   380] loss: 0.308
[86,   390] loss: 0.249
[86,   400] loss: 0.568
VALIDATION loss: 0.5552484393119812
[87,    10] loss: 0.326
[87,    20] loss: 0.316
[87,    30] loss: 0.252
[87,    40] loss: 0.293
[87,    50] loss: 0.312
[87,    60] loss: 0.297
[87,    70] loss: 0.309
[87,    80] loss: 0.323
[87,    90] loss: 0.320
[87,   100] loss: 0.309
[87,   110] loss: 0.344
[87,   120] loss: 0.312
[87,   130] loss: 0.246
[87,   140] loss: 0.273
[87,   150] loss: 0.316
[87,   160] loss: 0.292
[87,   170] loss: 0.267
[87,   180] loss: 0.267
[87,   190] loss: 0.300
[87,   200] loss: 0.281
[87,   210] loss: 0.251
[87,   220] loss: 0.271
[87,   230] loss: 0.278
[87,   240] loss: 0.243
[87,   250] loss: 0.258
[87,   260] loss: 0.259
[87,   270] loss: 0.223
[87,   280] loss: 0.292
[87,   290] loss: 0.249
[87,   300] loss: 0.308
[87,   310] loss: 0.281
[87,   320] loss: 0.283
[87,   330] loss: 0.278
[87,   340] loss: 0.246
[87,   350] loss: 0.204
[87,   360] loss: 0.225
[87,   370] loss: 0.257
[87,   380] loss: 0.244
[87,   390] loss: 0.304
[87,   400] loss: 0.269
VALIDATION loss: 0.4761528968811035
[88,    10] loss: 0.245
[88,    20] loss: 0.294
[88,    30] loss: 0.237
[88,    40] loss: 0.251
[88,    50] loss: 0.248
[88,    60] loss: 0.240
[88,    70] loss: 0.304
[88,    80] loss: 0.262
[88,    90] loss: 0.259
[88,   100] loss: 0.234
[88,   110] loss: 0.325
[88,   120] loss: 0.267
[88,   130] loss: 0.237
[88,   140] loss: 0.237
[88,   150] loss: 0.239
[88,   160] loss: 0.208
[88,   170] loss: 0.221
[88,   180] loss: 0.226
[88,   190] loss: 0.239
[88,   200] loss: 0.271
[88,   210] loss: 0.266
[88,   220] loss: 0.238
[88,   230] loss: 0.284
[88,   240] loss: 0.268
[88,   250] loss: 0.284
[88,   260] loss: 0.265
[88,   270] loss: 0.246
[88,   280] loss: 0.284
[88,   290] loss: 0.252
[88,   300] loss: 0.292
[88,   310] loss: 0.282
[88,   320] loss: 0.296
[88,   330] loss: 0.240
[88,   340] loss: 0.312
[88,   350] loss: 0.213
[88,   360] loss: 0.232
[88,   370] loss: 0.244
[88,   380] loss: 0.259
[88,   390] loss: 0.267
[88,   400] loss: 0.198
VALIDATION loss: 0.37267765402793884
[89,    10] loss: 0.221
[89,    20] loss: 0.241
[89,    30] loss: 0.275
[89,    40] loss: 0.217
[89,    50] loss: 0.239
[89,    60] loss: 0.251
[89,    70] loss: 0.251
[89,    80] loss: 0.281
[89,    90] loss: 0.255
[89,   100] loss: 0.238
[89,   110] loss: 0.253
[89,   120] loss: 0.251
[89,   130] loss: 0.314
[89,   140] loss: 0.236
[89,   150] loss: 0.276
[89,   160] loss: 0.271
[89,   170] loss: 0.312
[89,   180] loss: 0.260
[89,   190] loss: 0.253
[89,   200] loss: 0.229
[89,   210] loss: 0.269
[89,   220] loss: 0.269
[89,   230] loss: 0.236
[89,   240] loss: 0.259
[89,   250] loss: 0.261
[89,   260] loss: 0.248
[89,   270] loss: 0.228
[89,   280] loss: 0.208
[89,   290] loss: 0.265
[89,   300] loss: 0.285
[89,   310] loss: 0.253
[89,   320] loss: 0.288
[89,   330] loss: 0.248
[89,   340] loss: 0.259
[89,   350] loss: 0.240
[89,   360] loss: 0.265
[89,   370] loss: 0.243
[89,   380] loss: 0.252
[89,   390] loss: 0.208
[89,   400] loss: 0.244
VALIDATION loss: 0.39068329334259033
[90,    10] loss: 0.264
[90,    20] loss: 0.252
[90,    30] loss: 0.282
[90,    40] loss: 0.244
[90,    50] loss: 0.248
[90,    60] loss: 0.230
[90,    70] loss: 0.271
[90,    80] loss: 0.241
[90,    90] loss: 0.291
[90,   100] loss: 0.252
[90,   110] loss: 0.250
[90,   120] loss: 0.216
[90,   130] loss: 0.257
[90,   140] loss: 0.251
[90,   150] loss: 0.272
[90,   160] loss: 0.254
[90,   170] loss: 0.283
[90,   180] loss: 0.252
[90,   190] loss: 0.256
[90,   200] loss: 0.242
[90,   210] loss: 0.260
[90,   220] loss: 0.257
[90,   230] loss: 0.291
[90,   240] loss: 0.231
[90,   250] loss: 0.281
[90,   260] loss: 0.250
[90,   270] loss: 0.325
[90,   280] loss: 0.255
[90,   290] loss: 0.294
[90,   300] loss: 0.241
[90,   310] loss: 0.224
[90,   320] loss: 0.218
[90,   330] loss: 0.211
[90,   340] loss: 0.215
[90,   350] loss: 0.244
[90,   360] loss: 0.230
[90,   370] loss: 0.230
[90,   380] loss: 0.246
[90,   390] loss: 0.236
[90,   400] loss: 0.258
VALIDATION loss: 0.29099178314208984
[91,    10] loss: 0.246
[91,    20] loss: 0.281
[91,    30] loss: 0.214
[91,    40] loss: 0.257
[91,    50] loss: 0.229
[91,    60] loss: 0.248
[91,    70] loss: 0.270
[91,    80] loss: 0.281
[91,    90] loss: 0.256
[91,   100] loss: 0.237
[91,   110] loss: 0.244
[91,   120] loss: 0.267
[91,   130] loss: 0.226
[91,   140] loss: 0.265
[91,   150] loss: 0.257
[91,   160] loss: 0.227
[91,   170] loss: 0.228
[91,   180] loss: 0.300
[91,   190] loss: 0.258
[91,   200] loss: 0.223
[91,   210] loss: 0.231
[91,   220] loss: 0.263
[91,   230] loss: 0.234
[91,   240] loss: 0.221
[91,   250] loss: 0.278
[91,   260] loss: 0.253
[91,   270] loss: 0.261
[91,   280] loss: 0.242
[91,   290] loss: 0.229
[91,   300] loss: 0.283
[91,   310] loss: 0.233
[91,   320] loss: 0.248
[91,   330] loss: 0.268
[91,   340] loss: 0.218
[91,   350] loss: 0.258
[91,   360] loss: 0.246
[91,   370] loss: 0.247
[91,   380] loss: 0.282
[91,   390] loss: 0.250
[91,   400] loss: 0.218
VALIDATION loss: 0.2777760326862335
[92,    10] loss: 0.261
[92,    20] loss: 0.239
[92,    30] loss: 0.282
[92,    40] loss: 0.240
[92,    50] loss: 0.262
[92,    60] loss: 0.272
[92,    70] loss: 0.237
[92,    80] loss: 0.225
[92,    90] loss: 0.234
[92,   100] loss: 0.221
[92,   110] loss: 0.260
[92,   120] loss: 0.255
[92,   130] loss: 0.283
[92,   140] loss: 0.244
[92,   150] loss: 0.215
[92,   160] loss: 0.226
[92,   170] loss: 0.296
[92,   180] loss: 0.212
[92,   190] loss: 0.198
[92,   200] loss: 0.233
[92,   210] loss: 0.230
[92,   220] loss: 0.272
[92,   230] loss: 0.207
[92,   240] loss: 0.267
[92,   250] loss: 0.250
[92,   260] loss: 0.261
[92,   270] loss: 0.271
[92,   280] loss: 0.255
[92,   290] loss: 0.261
[92,   300] loss: 0.241
[92,   310] loss: 0.242
[92,   320] loss: 0.295
[92,   330] loss: 0.292
[92,   340] loss: 0.237
[92,   350] loss: 0.242
[92,   360] loss: 0.252
[92,   370] loss: 0.249
[92,   380] loss: 0.261
[92,   390] loss: 0.234
[92,   400] loss: 0.225
VALIDATION loss: 0.3841705024242401
[93,    10] loss: 0.283
[93,    20] loss: 0.209
[93,    30] loss: 0.203
[93,    40] loss: 0.257
[93,    50] loss: 0.203
[93,    60] loss: 0.230
[93,    70] loss: 0.200
[93,    80] loss: 0.284
[93,    90] loss: 0.264
[93,   100] loss: 0.229
[93,   110] loss: 0.266
[93,   120] loss: 0.354
[93,   130] loss: 0.267
[93,   140] loss: 0.245
[93,   150] loss: 0.259
[93,   160] loss: 0.267
[93,   170] loss: 0.238
[93,   180] loss: 0.232
[93,   190] loss: 0.222
[93,   200] loss: 0.250
[93,   210] loss: 0.240
[93,   220] loss: 0.237
[93,   230] loss: 0.227
[93,   240] loss: 0.236
[93,   250] loss: 0.237
[93,   260] loss: 0.271
[93,   270] loss: 0.254
[93,   280] loss: 0.271
[93,   290] loss: 0.248
[93,   300] loss: 0.288
[93,   310] loss: 0.256
[93,   320] loss: 0.221
[93,   330] loss: 0.217
[93,   340] loss: 0.210
[93,   350] loss: 0.267
[93,   360] loss: 0.263
[93,   370] loss: 0.247
[93,   380] loss: 0.204
[93,   390] loss: 0.233
[93,   400] loss: 0.255
VALIDATION loss: 0.49805429577827454
[94,    10] loss: 0.245
[94,    20] loss: 0.270
[94,    30] loss: 0.237
[94,    40] loss: 0.273
[94,    50] loss: 0.251
[94,    60] loss: 0.267
[94,    70] loss: 0.251
[94,    80] loss: 0.253
[94,    90] loss: 0.222
[94,   100] loss: 0.224
[94,   110] loss: 0.255
[94,   120] loss: 0.226
[94,   130] loss: 0.223
[94,   140] loss: 0.194
[94,   150] loss: 0.226
[94,   160] loss: 0.258
[94,   170] loss: 0.249
[94,   180] loss: 0.221
[94,   190] loss: 0.254
[94,   200] loss: 0.213
[94,   210] loss: 0.268
[94,   220] loss: 0.275
[94,   230] loss: 0.232
[94,   240] loss: 0.238
[94,   250] loss: 0.217
[94,   260] loss: 0.310
[94,   270] loss: 0.203
[94,   280] loss: 0.220
[94,   290] loss: 0.234
[94,   300] loss: 0.222
[94,   310] loss: 0.239
[94,   320] loss: 0.245
[94,   330] loss: 0.243
[94,   340] loss: 0.229
[94,   350] loss: 0.265
[94,   360] loss: 0.238
[94,   370] loss: 0.264
[94,   380] loss: 0.266
[94,   390] loss: 0.255
[94,   400] loss: 0.224
VALIDATION loss: 0.4798807203769684
[95,    10] loss: 0.220
[95,    20] loss: 0.239
[95,    30] loss: 0.230
[95,    40] loss: 0.216
[95,    50] loss: 0.247
[95,    60] loss: 0.233
[95,    70] loss: 0.228
[95,    80] loss: 0.232
[95,    90] loss: 0.279
[95,   100] loss: 0.221
[95,   110] loss: 0.210
[95,   120] loss: 0.232
[95,   130] loss: 0.242
[95,   140] loss: 0.225
[95,   150] loss: 0.218
[95,   160] loss: 0.239
[95,   170] loss: 0.204
[95,   180] loss: 0.282
[95,   190] loss: 0.249
[95,   200] loss: 0.227
[95,   210] loss: 0.217
[95,   220] loss: 0.251
[95,   230] loss: 0.262
[95,   240] loss: 0.197
[95,   250] loss: 0.298
[95,   260] loss: 0.219
[95,   270] loss: 0.246
[95,   280] loss: 0.253
[95,   290] loss: 0.246
[95,   300] loss: 0.248
[95,   310] loss: 0.218
[95,   320] loss: 0.223
[95,   330] loss: 0.287
[95,   340] loss: 0.221
[95,   350] loss: 0.243
[95,   360] loss: 0.270
[95,   370] loss: 0.210
[95,   380] loss: 0.241
[95,   390] loss: 0.280
[95,   400] loss: 0.227
VALIDATION loss: 0.5429695248603821
[96,    10] loss: 0.245
[96,    20] loss: 0.238
[96,    30] loss: 0.258
[96,    40] loss: 0.253
[96,    50] loss: 0.274
[96,    60] loss: 0.253
[96,    70] loss: 0.206
[96,    80] loss: 0.250
[96,    90] loss: 0.229
[96,   100] loss: 0.228
[96,   110] loss: 0.262
[96,   120] loss: 0.229
[96,   130] loss: 0.243
[96,   140] loss: 0.263
[96,   150] loss: 0.215
[96,   160] loss: 0.230
[96,   170] loss: 0.191
[96,   180] loss: 0.253
[96,   190] loss: 0.249
[96,   200] loss: 0.226
[96,   210] loss: 0.225
[96,   220] loss: 0.216
[96,   230] loss: 0.205
[96,   240] loss: 0.244
[96,   250] loss: 0.275
[96,   260] loss: 0.270
[96,   270] loss: 0.239
[96,   280] loss: 0.239
[96,   290] loss: 0.258
[96,   300] loss: 0.246
[96,   310] loss: 0.274
[96,   320] loss: 0.210
[96,   330] loss: 0.239
[96,   340] loss: 0.213
[96,   350] loss: 0.191
[96,   360] loss: 0.216
[96,   370] loss: 0.207
[96,   380] loss: 0.195
[96,   390] loss: 0.238
[96,   400] loss: 0.242
VALIDATION loss: 0.32824477553367615
[97,    10] loss: 0.252
[97,    20] loss: 0.218
[97,    30] loss: 0.206
[97,    40] loss: 0.242
[97,    50] loss: 0.256
[97,    60] loss: 0.243
[97,    70] loss: 0.236
[97,    80] loss: 0.218
[97,    90] loss: 0.217
[97,   100] loss: 0.245
[97,   110] loss: 0.240
[97,   120] loss: 0.241
[97,   130] loss: 0.259
[97,   140] loss: 0.220
[97,   150] loss: 0.254
[97,   160] loss: 0.246
[97,   170] loss: 0.263
[97,   180] loss: 0.194
[97,   190] loss: 0.251
[97,   200] loss: 0.269
[97,   210] loss: 0.237
[97,   220] loss: 0.221
[97,   230] loss: 0.234
[97,   240] loss: 0.208
[97,   250] loss: 0.208
[97,   260] loss: 0.248
[97,   270] loss: 0.226
[97,   280] loss: 0.259
[97,   290] loss: 0.257
[97,   300] loss: 0.255
[97,   310] loss: 0.283
[97,   320] loss: 0.207
[97,   330] loss: 0.198
[97,   340] loss: 0.285
[97,   350] loss: 0.215
[97,   360] loss: 0.247
[97,   370] loss: 0.228
[97,   380] loss: 0.220
[97,   390] loss: 0.215
[97,   400] loss: 0.236
VALIDATION loss: 0.4017338454723358
[98,    10] loss: 0.201
[98,    20] loss: 0.194
[98,    30] loss: 0.245
[98,    40] loss: 0.277
[98,    50] loss: 0.231
[98,    60] loss: 0.263
[98,    70] loss: 0.218
[98,    80] loss: 0.228
[98,    90] loss: 0.210
[98,   100] loss: 0.237
[98,   110] loss: 0.223
[98,   120] loss: 0.228
[98,   130] loss: 0.191
[98,   140] loss: 0.202
[98,   150] loss: 0.253
[98,   160] loss: 0.217
[98,   170] loss: 0.257
[98,   180] loss: 0.241
[98,   190] loss: 0.264
[98,   200] loss: 0.225
[98,   210] loss: 0.290
[98,   220] loss: 0.251
[98,   230] loss: 0.197
[98,   240] loss: 0.220
[98,   250] loss: 0.218
[98,   260] loss: 0.280
[98,   270] loss: 0.224
[98,   280] loss: 0.248
[98,   290] loss: 0.241
[98,   300] loss: 0.301
[98,   310] loss: 0.227
[98,   320] loss: 0.265
[98,   330] loss: 0.249
[98,   340] loss: 0.228
[98,   350] loss: 0.182
[98,   360] loss: 0.232
[98,   370] loss: 0.230
[98,   380] loss: 0.237
[98,   390] loss: 0.243
[98,   400] loss: 0.253
VALIDATION loss: 0.2816314995288849
[99,    10] loss: 0.198
[99,    20] loss: 0.202
[99,    30] loss: 0.256
[99,    40] loss: 0.229
[99,    50] loss: 0.311
[99,    60] loss: 0.286
[99,    70] loss: 0.247
[99,    80] loss: 0.183
[99,    90] loss: 0.248
[99,   100] loss: 0.234
[99,   110] loss: 0.227
[99,   120] loss: 0.220
[99,   130] loss: 0.255
[99,   140] loss: 0.220
[99,   150] loss: 0.216
[99,   160] loss: 0.217
[99,   170] loss: 0.259
[99,   180] loss: 0.203
[99,   190] loss: 0.225
[99,   200] loss: 0.181
[99,   210] loss: 0.215
[99,   220] loss: 0.234
[99,   230] loss: 0.237
[99,   240] loss: 0.230
[99,   250] loss: 0.236
[99,   260] loss: 0.245
[99,   270] loss: 0.207
[99,   280] loss: 0.209
[99,   290] loss: 0.216
[99,   300] loss: 0.239
[99,   310] loss: 0.243
[99,   320] loss: 0.191
[99,   330] loss: 0.234
[99,   340] loss: 0.262
[99,   350] loss: 0.249
[99,   360] loss: 0.277
[99,   370] loss: 0.209
[99,   380] loss: 0.195
[99,   390] loss: 0.236
[99,   400] loss: 0.197
VALIDATION loss: 2.7618024349212646
[100,    10] loss: 0.244
[100,    20] loss: 0.224
[100,    30] loss: 0.234
[100,    40] loss: 0.254
[100,    50] loss: 0.250
[100,    60] loss: 0.231
[100,    70] loss: 0.234
[100,    80] loss: 0.204
[100,    90] loss: 0.192
[100,   100] loss: 0.217
[100,   110] loss: 0.205
[100,   120] loss: 0.221
[100,   130] loss: 0.217
[100,   140] loss: 0.256
[100,   150] loss: 0.236
[100,   160] loss: 0.269
[100,   170] loss: 0.230
[100,   180] loss: 0.182
[100,   190] loss: 0.218
[100,   200] loss: 0.277
[100,   210] loss: 0.240
[100,   220] loss: 0.260
[100,   230] loss: 0.236
[100,   240] loss: 0.208
[100,   250] loss: 0.197
[100,   260] loss: 0.212
[100,   270] loss: 0.243
[100,   280] loss: 0.240
[100,   290] loss: 0.198
[100,   300] loss: 0.216
[100,   310] loss: 0.225
[100,   320] loss: 0.222
[100,   330] loss: 0.235
[100,   340] loss: 0.212
[100,   350] loss: 0.239
[100,   360] loss: 0.251
[100,   370] loss: 0.193
[100,   380] loss: 0.234
[100,   390] loss: 0.237
[100,   400] loss: 0.266
VALIDATION loss: 0.26341456174850464
Finished !!
Accuracy of the network: 88.55 %
