Collecting dill==0.3.4 (from -r requirements.txt (line 1))
  Using cached https://files.pythonhosted.org/packages/b6/c3/973676ceb86b60835bb3978c6db67a5dc06be6cfdbd14ef0f5a13e3fc9fd/dill-0.3.4-py2.py3-none-any.whl
Requirement already satisfied: laplace==0.1 in /zhome/45/c/128687/.local/lib/python3.6/site-packages (from -r requirements.txt (line 2))
Collecting matplotlib==3.4.0 (from -r requirements.txt (line 3))
Small: 0
Transform: 0
MaxPool: 0
Running GPU.
[1,    10] loss: 1.976
[1,    20] loss: 1.921
[1,    30] loss: 1.892
[1,    40] loss: 1.882
[1,    50] loss: 1.836
[1,    60] loss: 1.817
[1,    70] loss: 1.779
[1,    80] loss: 1.775
[1,    90] loss: 1.774
[1,   100] loss: 1.765
[1,   110] loss: 1.769
[1,   120] loss: 1.740
[1,   130] loss: 1.730
[1,   140] loss: 1.745
[1,   150] loss: 1.720
[1,   160] loss: 1.764
[1,   170] loss: 1.752
[1,   180] loss: 1.731
[1,   190] loss: 1.709
[1,   200] loss: 1.726
[1,   210] loss: 1.654
[1,   220] loss: 1.714
[1,   230] loss: 1.697
[1,   240] loss: 1.708
[1,   250] loss: 1.707
[1,   260] loss: 1.655
[1,   270] loss: 1.699
[1,   280] loss: 1.684
[1,   290] loss: 1.678
[1,   300] loss: 1.678
[1,   310] loss: 1.655
[1,   320] loss: 1.675
[1,   330] loss: 1.577
[1,   340] loss: 1.715
[1,   350] loss: 1.684
[1,   360] loss: 1.683
[1,   370] loss: 1.643
[1,   380] loss: 1.704
[1,   390] loss: 1.653
[1,   400] loss: 1.624
VALIDATION loss: 1.6073046922683716
[2,    10] loss: 1.670
[2,    20] loss: 1.642
[2,    30] loss: 1.656
[2,    40] loss: 1.655
[2,    50] loss: 1.593
[2,    60] loss: 1.662
[2,    70] loss: 1.663
[2,    80] loss: 1.628
[2,    90] loss: 1.672
[2,   100] loss: 1.624
[2,   110] loss: 1.622
[2,   120] loss: 1.653
[2,   130] loss: 1.578
[2,   140] loss: 1.630
[2,   150] loss: 1.602
[2,   160] loss: 1.580
[2,   170] loss: 1.591
[2,   180] loss: 1.586
[2,   190] loss: 1.568
[2,   200] loss: 1.592
[2,   210] loss: 1.550
[2,   220] loss: 1.611
[2,   230] loss: 1.573
[2,   240] loss: 1.529
[2,   250] loss: 1.581
[2,   260] loss: 1.588
[2,   270] loss: 1.569
[2,   280] loss: 1.534
[2,   290] loss: 1.569
[2,   300] loss: 1.546
[2,   310] loss: 1.601
[2,   320] loss: 1.561
[2,   330] loss: 1.577
[2,   340] loss: 1.538
[2,   350] loss: 1.524
[2,   360] loss: 1.560
[2,   370] loss: 1.534
[2,   380] loss: 1.566
[2,   390] loss: 1.531
[2,   400] loss: 1.503
VALIDATION loss: 1.4969909191131592
[3,    10] loss: 1.505
[3,    20] loss: 1.503
[3,    30] loss: 1.503
[3,    40] loss: 1.473
[3,    50] loss: 1.540
[3,    60] loss: 1.564
[3,    70] loss: 1.519
[3,    80] loss: 1.484
[3,    90] loss: 1.540
[3,   100] loss: 1.462
[3,   110] loss: 1.514
[3,   120] loss: 1.543
[3,   130] loss: 1.474
[3,   140] loss: 1.542
[3,   150] loss: 1.495
[3,   160] loss: 1.494
[3,   170] loss: 1.445
[3,   180] loss: 1.510
[3,   190] loss: 1.467
[3,   200] loss: 1.454
[3,   210] loss: 1.463
[3,   220] loss: 1.490
[3,   230] loss: 1.493
[3,   240] loss: 1.461
[3,   250] loss: 1.467
[3,   260] loss: 1.449
[3,   270] loss: 1.489
[3,   280] loss: 1.472
[3,   290] loss: 1.411
[3,   300] loss: 1.463
[3,   310] loss: 1.472
[3,   320] loss: 1.450
[3,   330] loss: 1.486
[3,   340] loss: 1.497
[3,   350] loss: 1.427
[3,   360] loss: 1.462
[3,   370] loss: 1.489
[3,   380] loss: 1.453
[3,   390] loss: 1.429
[3,   400] loss: 1.441
VALIDATION loss: 1.3871010541915894
[4,    10] loss: 1.428
[4,    20] loss: 1.412
[4,    30] loss: 1.414
[4,    40] loss: 1.471
[4,    50] loss: 1.485
[4,    60] loss: 1.372
[4,    70] loss: 1.397
[4,    80] loss: 1.427
[4,    90] loss: 1.400
[4,   100] loss: 1.366
[4,   110] loss: 1.326
[4,   120] loss: 1.415
[4,   130] loss: 1.413
[4,   140] loss: 1.373
[4,   150] loss: 1.371
[4,   160] loss: 1.366
[4,   170] loss: 1.365
[4,   180] loss: 1.450
[4,   190] loss: 1.392
[4,   200] loss: 1.413
[4,   210] loss: 1.401
[4,   220] loss: 1.393
[4,   230] loss: 1.387
[4,   240] loss: 1.407
[4,   250] loss: 1.416
[4,   260] loss: 1.429
[4,   270] loss: 1.394
[4,   280] loss: 1.420
[4,   290] loss: 1.379
[4,   300] loss: 1.390
[4,   310] loss: 1.333
[4,   320] loss: 1.411
[4,   330] loss: 1.396
[4,   340] loss: 1.332
[4,   350] loss: 1.414
[4,   360] loss: 1.402
[4,   370] loss: 1.380
[4,   380] loss: 1.432
[4,   390] loss: 1.379
[4,   400] loss: 1.371
VALIDATION loss: 1.3831812143325806
[5,    10] loss: 1.374
[5,    20] loss: 1.318
[5,    30] loss: 1.343
[5,    40] loss: 1.348
[5,    50] loss: 1.371
[5,    60] loss: 1.397
[5,    70] loss: 1.340
[5,    80] loss: 1.386
[5,    90] loss: 1.380
[5,   100] loss: 1.302
[5,   110] loss: 1.361
[5,   120] loss: 1.314
[5,   130] loss: 1.284
[5,   140] loss: 1.331
[5,   150] loss: 1.331
[5,   160] loss: 1.350
[5,   170] loss: 1.368
[5,   180] loss: 1.375
[5,   190] loss: 1.379
[5,   200] loss: 1.298
[5,   210] loss: 1.315
[5,   220] loss: 1.344
[5,   230] loss: 1.380
[5,   240] loss: 1.326
[5,   250] loss: 1.292
[5,   260] loss: 1.346
[5,   270] loss: 1.291
[5,   280] loss: 1.338
[5,   290] loss: 1.299
[5,   300] loss: 1.321
[5,   310] loss: 1.317
[5,   320] loss: 1.305
[5,   330] loss: 1.325
[5,   340] loss: 1.334
[5,   350] loss: 1.305
[5,   360] loss: 1.275
[5,   370] loss: 1.349
[5,   380] loss: 1.291
[5,   390] loss: 1.219
[5,   400] loss: 1.285
VALIDATION loss: 1.2479734420776367
[6,    10] loss: 1.314
[6,    20] loss: 1.377
[6,    30] loss: 1.303
[6,    40] loss: 1.308
[6,    50] loss: 1.318
[6,    60] loss: 1.271
[6,    70] loss: 1.198
[6,    80] loss: 1.267
[6,    90] loss: 1.307
[6,   100] loss: 1.283
[6,   110] loss: 1.340
[6,   120] loss: 1.270
[6,   130] loss: 1.314
[6,   140] loss: 1.298
[6,   150] loss: 1.308
[6,   160] loss: 1.262
[6,   170] loss: 1.312
[6,   180] loss: 1.230
[6,   190] loss: 1.262
[6,   200] loss: 1.321
[6,   210] loss: 1.334
[6,   220] loss: 1.251
[6,   230] loss: 1.279
[6,   240] loss: 1.238
[6,   250] loss: 1.239
[6,   260] loss: 1.320
[6,   270] loss: 1.299
[6,   280] loss: 1.277
[6,   290] loss: 1.282
[6,   300] loss: 1.265
[6,   310] loss: 1.239
[6,   320] loss: 1.294
[6,   330] loss: 1.232
[6,   340] loss: 1.279
[6,   350] loss: 1.211
[6,   360] loss: 1.187
[6,   370] loss: 1.251
[6,   380] loss: 1.216
[6,   390] loss: 1.289
[6,   400] loss: 1.211
VALIDATION loss: 1.2903447151184082
[7,    10] loss: 1.243
[7,    20] loss: 1.283
[7,    30] loss: 1.278
[7,    40] loss: 1.286
[7,    50] loss: 1.273
[7,    60] loss: 1.209
[7,    70] loss: 1.249
[7,    80] loss: 1.261
[7,    90] loss: 1.241
[7,   100] loss: 1.268
[7,   110] loss: 1.235
[7,   120] loss: 1.246
[7,   130] loss: 1.265
[7,   140] loss: 1.208
[7,   150] loss: 1.219
[7,   160] loss: 1.202
[7,   170] loss: 1.267
[7,   180] loss: 1.230
[7,   190] loss: 1.215
[7,   200] loss: 1.253
[7,   210] loss: 1.241
[7,   220] loss: 1.241
[7,   230] loss: 1.275
[7,   240] loss: 1.236
[7,   250] loss: 1.207
[7,   260] loss: 1.207
[7,   270] loss: 1.212
[7,   280] loss: 1.226
[7,   290] loss: 1.211
[7,   300] loss: 1.216
[7,   310] loss: 1.237
[7,   320] loss: 1.243
[7,   330] loss: 1.224
[7,   340] loss: 1.150
[7,   350] loss: 1.194
[7,   360] loss: 1.233
[7,   370] loss: 1.227
[7,   380] loss: 1.170
[7,   390] loss: 1.243
[7,   400] loss: 1.197
VALIDATION loss: 1.1714599132537842
[8,    10] loss: 1.143
[8,    20] loss: 1.162
[8,    30] loss: 1.187
[8,    40] loss: 1.151
[8,    50] loss: 1.216
[8,    60] loss: 1.186
[8,    70] loss: 1.197
[8,    80] loss: 1.171
[8,    90] loss: 1.221
[8,   100] loss: 1.216
[8,   110] loss: 1.188
[8,   120] loss: 1.169
[8,   130] loss: 1.137
[8,   140] loss: 1.192
[8,   150] loss: 1.140
[8,   160] loss: 1.216
[8,   170] loss: 1.245
[8,   180] loss: 1.212
[8,   190] loss: 1.165
[8,   200] loss: 1.210
[8,   210] loss: 1.176
[8,   220] loss: 1.206
[8,   230] loss: 1.184
[8,   240] loss: 1.199
[8,   250] loss: 1.129
[8,   260] loss: 1.234
[8,   270] loss: 1.267
[8,   280] loss: 1.163
[8,   290] loss: 1.127
[8,   300] loss: 1.145
[8,   310] loss: 1.203
[8,   320] loss: 1.141
[8,   330] loss: 1.126
[8,   340] loss: 1.233
[8,   350] loss: 1.119
[8,   360] loss: 1.181
[8,   370] loss: 1.081
[8,   380] loss: 1.199
[8,   390] loss: 1.222
[8,   400] loss: 1.240
VALIDATION loss: 1.1126116514205933
[9,    10] loss: 1.106
[9,    20] loss: 1.163
[9,    30] loss: 1.159
[9,    40] loss: 1.162
[9,    50] loss: 1.135
[9,    60] loss: 1.185
[9,    70] loss: 1.194
[9,    80] loss: 1.147
[9,    90] loss: 1.202
[9,   100] loss: 1.167
[9,   110] loss: 1.124
[9,   120] loss: 1.159
[9,   130] loss: 1.134
[9,   140] loss: 1.164
[9,   150] loss: 1.136
[9,   160] loss: 1.142
[9,   170] loss: 1.187
[9,   180] loss: 1.152
[9,   190] loss: 1.171
[9,   200] loss: 1.068
[9,   210] loss: 1.071
[9,   220] loss: 1.216
[9,   230] loss: 1.104
[9,   240] loss: 1.152
[9,   250] loss: 1.118
[9,   260] loss: 1.101
[9,   270] loss: 1.168
[9,   280] loss: 1.154
[9,   290] loss: 1.118
[9,   300] loss: 1.139
[9,   310] loss: 1.127
[9,   320] loss: 1.037
[9,   330] loss: 1.133
[9,   340] loss: 1.152
[9,   350] loss: 1.154
[9,   360] loss: 1.101
[9,   370] loss: 1.168
[9,   380] loss: 1.125
[9,   390] loss: 1.086
[9,   400] loss: 1.129
VALIDATION loss: 1.0941352844238281
[10,    10] loss: 1.121
[10,    20] loss: 1.120
[10,    30] loss: 1.138
[10,    40] loss: 1.100
[10,    50] loss: 1.083
[10,    60] loss: 1.071
[10,    70] loss: 1.111
[10,    80] loss: 1.141
[10,    90] loss: 1.130
[10,   100] loss: 1.118
[10,   110] loss: 1.142
[10,   120] loss: 1.091
[10,   130] loss: 1.145
[10,   140] loss: 1.106
[10,   150] loss: 1.079
[10,   160] loss: 1.184
[10,   170] loss: 1.129
[10,   180] loss: 1.111
[10,   190] loss: 1.105
[10,   200] loss: 1.148
[10,   210] loss: 1.080
[10,   220] loss: 1.083
[10,   230] loss: 1.174
[10,   240] loss: 1.066
[10,   250] loss: 1.073
[10,   260] loss: 1.008
[10,   270] loss: 1.069
[10,   280] loss: 1.122
[10,   290] loss: 1.110
[10,   300] loss: 1.097
[10,   310] loss: 1.102
[10,   320] loss: 1.121
[10,   330] loss: 1.078
[10,   340] loss: 1.078
[10,   350] loss: 1.121
[10,   360] loss: 1.052
[10,   370] loss: 1.097
[10,   380] loss: 1.097
[10,   390] loss: 1.110
[10,   400] loss: 1.084
VALIDATION loss: 1.0667046308517456
[11,    10] loss: 1.127
[11,    20] loss: 1.045
[11,    30] loss: 1.083
[11,    40] loss: 1.082
[11,    50] loss: 1.137
[11,    60] loss: 1.035
[11,    70] loss: 1.054
[11,    80] loss: 1.053
[11,    90] loss: 1.097
[11,   100] loss: 1.124
[11,   110] loss: 1.097
[11,   120] loss: 1.094
[11,   130] loss: 1.109
[11,   140] loss: 1.047
[11,   150] loss: 1.087
[11,   160] loss: 1.094
[11,   170] loss: 1.079
[11,   180] loss: 1.083
[11,   190] loss: 1.066
[11,   200] loss: 1.074
[11,   210] loss: 0.988
[11,   220] loss: 1.106
[11,   230] loss: 1.018
[11,   240] loss: 1.063
[11,   250] loss: 1.068
[11,   260] loss: 1.023
[11,   270] loss: 1.090
[11,   280] loss: 1.052
[11,   290] loss: 1.045
[11,   300] loss: 0.991
[11,   310] loss: 1.020
[11,   320] loss: 1.019
[11,   330] loss: 1.095
[11,   340] loss: 1.059
[11,   350] loss: 1.069
[11,   360] loss: 1.070
[11,   370] loss: 1.040
[11,   380] loss: 1.049
[11,   390] loss: 1.091
[11,   400] loss: 1.016
VALIDATION loss: 1.0222220420837402
[12,    10] loss: 1.082
[12,    20] loss: 1.054
[12,    30] loss: 1.076
[12,    40] loss: 1.040
[12,    50] loss: 1.088
[12,    60] loss: 1.092
[12,    70] loss: 1.006
[12,    80] loss: 1.021
[12,    90] loss: 1.046
[12,   100] loss: 1.042
[12,   110] loss: 1.049
[12,   120] loss: 1.002
[12,   130] loss: 1.094
[12,   140] loss: 1.039
[12,   150] loss: 1.073
[12,   160] loss: 1.044
[12,   170] loss: 1.003
[12,   180] loss: 1.040
[12,   190] loss: 1.093
[12,   200] loss: 1.021
[12,   210] loss: 1.018
[12,   220] loss: 0.989
[12,   230] loss: 1.019
[12,   240] loss: 1.002
[12,   250] loss: 0.987
[12,   260] loss: 0.997
[12,   270] loss: 1.040
[12,   280] loss: 1.011
[12,   290] loss: 0.979
[12,   300] loss: 1.023
[12,   310] loss: 1.032
[12,   320] loss: 1.028
[12,   330] loss: 0.945
[12,   340] loss: 1.036
[12,   350] loss: 1.009
[12,   360] loss: 1.003
[12,   370] loss: 1.030
[12,   380] loss: 1.030
[12,   390] loss: 1.005
[12,   400] loss: 1.047
VALIDATION loss: 0.9857977032661438
[13,    10] loss: 1.047
[13,    20] loss: 1.003
[13,    30] loss: 1.059
[13,    40] loss: 1.005
[13,    50] loss: 1.032
[13,    60] loss: 1.037
[13,    70] loss: 0.969
[13,    80] loss: 0.991
[13,    90] loss: 0.972
[13,   100] loss: 0.997
[13,   110] loss: 0.981
[13,   120] loss: 0.970
[13,   130] loss: 0.959
[13,   140] loss: 1.017
[13,   150] loss: 0.939
[13,   160] loss: 0.947
[13,   170] loss: 1.037
[13,   180] loss: 1.013
[13,   190] loss: 0.971
[13,   200] loss: 0.978
[13,   210] loss: 1.003
[13,   220] loss: 0.999
[13,   230] loss: 0.985
[13,   240] loss: 1.016
[13,   250] loss: 0.965
[13,   260] loss: 0.979
[13,   270] loss: 0.989
[13,   280] loss: 0.996
[13,   290] loss: 0.980
[13,   300] loss: 1.058
[13,   310] loss: 1.013
[13,   320] loss: 0.946
[13,   330] loss: 0.958
[13,   340] loss: 0.976
[13,   350] loss: 1.008
[13,   360] loss: 1.028
[13,   370] loss: 1.028
[13,   380] loss: 1.046
[13,   390] loss: 0.883
[13,   400] loss: 0.946
VALIDATION loss: 0.9170229434967041
[14,    10] loss: 0.938
[14,    20] loss: 0.981
[14,    30] loss: 0.901
[14,    40] loss: 1.002
[14,    50] loss: 1.006
[14,    60] loss: 1.012
[14,    70] loss: 0.957
[14,    80] loss: 0.952
[14,    90] loss: 0.956
[14,   100] loss: 1.008
[14,   110] loss: 1.009
[14,   120] loss: 0.991
[14,   130] loss: 1.004
[14,   140] loss: 0.953
[14,   150] loss: 0.975
[14,   160] loss: 0.977
[14,   170] loss: 0.942
[14,   180] loss: 0.992
[14,   190] loss: 1.019
[14,   200] loss: 0.950
[14,   210] loss: 0.934
[14,   220] loss: 0.950
[14,   230] loss: 0.993
[14,   240] loss: 0.917
[14,   250] loss: 0.968
[14,   260] loss: 0.990
[14,   270] loss: 0.961
[14,   280] loss: 0.933
[14,   290] loss: 0.956
[14,   300] loss: 0.958
[14,   310] loss: 0.947
[14,   320] loss: 0.977
[14,   330] loss: 0.954
[14,   340] loss: 0.948
[14,   350] loss: 0.964
[14,   360] loss: 0.954
[14,   370] loss: 0.959
[14,   380] loss: 0.955
[14,   390] loss: 0.917
[14,   400] loss: 0.919
VALIDATION loss: 0.8842964172363281
[15,    10] loss: 0.906
[15,    20] loss: 0.944
[15,    30] loss: 0.987
[15,    40] loss: 0.942
[15,    50] loss: 0.953
[15,    60] loss: 0.932
[15,    70] loss: 1.026
[15,    80] loss: 0.957
[15,    90] loss: 0.964
[15,   100] loss: 0.986
[15,   110] loss: 0.963
[15,   120] loss: 0.905
[15,   130] loss: 0.910
[15,   140] loss: 0.934
[15,   150] loss: 0.995
[15,   160] loss: 0.902
[15,   170] loss: 0.945
[15,   180] loss: 0.969
[15,   190] loss: 0.875
[15,   200] loss: 0.929
[15,   210] loss: 0.985
[15,   220] loss: 0.890
[15,   230] loss: 0.921
[15,   240] loss: 0.876
[15,   250] loss: 0.966
[15,   260] loss: 0.940
[15,   270] loss: 0.930
[15,   280] loss: 0.900
[15,   290] loss: 0.922
[15,   300] loss: 0.927
[15,   310] loss: 0.903
[15,   320] loss: 0.956
[15,   330] loss: 0.942
[15,   340] loss: 0.905
[15,   350] loss: 0.935
[15,   360] loss: 0.921
[15,   370] loss: 0.959
[15,   380] loss: 0.959
[15,   390] loss: 0.943
[15,   400] loss: 0.944
VALIDATION loss: 0.8864820003509521
[16,    10] loss: 0.917
[16,    20] loss: 0.931
[16,    30] loss: 0.917
[16,    40] loss: 0.964
[16,    50] loss: 0.968
[16,    60] loss: 0.897
[16,    70] loss: 0.875
[16,    80] loss: 0.903
[16,    90] loss: 0.906
[16,   100] loss: 0.881
[16,   110] loss: 0.906
[16,   120] loss: 0.975
[16,   130] loss: 0.914
[16,   140] loss: 0.878
[16,   150] loss: 1.006
[16,   160] loss: 0.933
[16,   170] loss: 0.916
[16,   180] loss: 0.940
[16,   190] loss: 0.862
[16,   200] loss: 0.915
[16,   210] loss: 0.903
[16,   220] loss: 0.864
[16,   230] loss: 0.904
[16,   240] loss: 0.925
[16,   250] loss: 0.912
[16,   260] loss: 0.868
[16,   270] loss: 0.894
[16,   280] loss: 0.912
[16,   290] loss: 0.963
[16,   300] loss: 0.883
[16,   310] loss: 0.869
[16,   320] loss: 0.905
[16,   330] loss: 0.859
[16,   340] loss: 0.913
[16,   350] loss: 0.812
[16,   360] loss: 0.849
[16,   370] loss: 0.891
[16,   380] loss: 0.861
[16,   390] loss: 0.930
[16,   400] loss: 0.902
VALIDATION loss: 0.9200159907341003
[17,    10] loss: 0.894
[17,    20] loss: 0.896
[17,    30] loss: 0.920
[17,    40] loss: 0.879
[17,    50] loss: 0.902
[17,    60] loss: 0.895
[17,    70] loss: 0.889
[17,    80] loss: 0.923
[17,    90] loss: 0.950
[17,   100] loss: 0.846
[17,   110] loss: 0.898
[17,   120] loss: 0.887
[17,   130] loss: 0.838
[17,   140] loss: 0.866
[17,   150] loss: 0.864
[17,   160] loss: 0.932
[17,   170] loss: 0.867
[17,   180] loss: 0.885
[17,   190] loss: 0.908
[17,   200] loss: 0.847
[17,   210] loss: 0.901
[17,   220] loss: 0.871
[17,   230] loss: 0.853
[17,   240] loss: 0.870
[17,   250] loss: 0.877
[17,   260] loss: 0.836
[17,   270] loss: 0.890
[17,   280] loss: 0.896
[17,   290] loss: 0.829
[17,   300] loss: 0.835
[17,   310] loss: 0.977
[17,   320] loss: 0.820
[17,   330] loss: 0.858
[17,   340] loss: 0.922
[17,   350] loss: 0.840
[17,   360] loss: 0.833
[17,   370] loss: 0.892
[17,   380] loss: 0.860
[17,   390] loss: 0.903
[17,   400] loss: 0.917
VALIDATION loss: 0.9305499196052551
[18,    10] loss: 0.804
[18,    20] loss: 0.873
[18,    30] loss: 0.908
[18,    40] loss: 0.891
[18,    50] loss: 0.929
[18,    60] loss: 0.840
[18,    70] loss: 0.872
[18,    80] loss: 0.871
[18,    90] loss: 0.843
[18,   100] loss: 0.856
[18,   110] loss: 0.886
[18,   120] loss: 0.918
[18,   130] loss: 0.915
[18,   140] loss: 0.825
[18,   150] loss: 0.826
[18,   160] loss: 0.813
[18,   170] loss: 0.882
[18,   180] loss: 0.873
[18,   190] loss: 0.852
[18,   200] loss: 0.827
[18,   210] loss: 0.815
[18,   220] loss: 0.808
[18,   230] loss: 0.841
[18,   240] loss: 0.885
[18,   250] loss: 0.880
[18,   260] loss: 0.860
[18,   270] loss: 0.846
[18,   280] loss: 0.892
[18,   290] loss: 0.854
[18,   300] loss: 0.860
[18,   310] loss: 0.861
[18,   320] loss: 0.812
[18,   330] loss: 0.854
[18,   340] loss: 0.837
[18,   350] loss: 0.840
[18,   360] loss: 0.864
[18,   370] loss: 0.903
[18,   380] loss: 0.861
[18,   390] loss: 0.844
[18,   400] loss: 0.875
VALIDATION loss: 0.8872888088226318
[19,    10] loss: 0.839
[19,    20] loss: 0.911
[19,    30] loss: 0.822
[19,    40] loss: 0.810
[19,    50] loss: 0.785
[19,    60] loss: 0.846
[19,    70] loss: 0.834
[19,    80] loss: 0.906
[19,    90] loss: 0.836
[19,   100] loss: 0.813
[19,   110] loss: 0.772
[19,   120] loss: 0.869
[19,   130] loss: 0.936
[19,   140] loss: 0.757
[19,   150] loss: 0.846
[19,   160] loss: 0.792
[19,   170] loss: 0.852
[19,   180] loss: 0.813
[19,   190] loss: 0.858
[19,   200] loss: 0.873
[19,   210] loss: 0.882
[19,   220] loss: 0.838
[19,   230] loss: 0.736
[19,   240] loss: 0.793
[19,   250] loss: 0.802
[19,   260] loss: 0.825
[19,   270] loss: 0.876
[19,   280] loss: 0.855
[19,   290] loss: 0.848
[19,   300] loss: 0.826
[19,   310] loss: 0.847
[19,   320] loss: 0.877
[19,   330] loss: 0.809
[19,   340] loss: 0.853
[19,   350] loss: 0.873
[19,   360] loss: 0.872
[19,   370] loss: 0.805
[19,   380] loss: 0.817
[19,   390] loss: 0.880
[19,   400] loss: 0.810
VALIDATION loss: 0.8471545577049255
[20,    10] loss: 0.824
[20,    20] loss: 0.774
[20,    30] loss: 0.832
[20,    40] loss: 0.822
[20,    50] loss: 0.852
[20,    60] loss: 0.796
[20,    70] loss: 0.752
[20,    80] loss: 0.829
[20,    90] loss: 0.842
[20,   100] loss: 0.771
[20,   110] loss: 0.799
[20,   120] loss: 0.876
[20,   130] loss: 0.864
[20,   140] loss: 0.830
[20,   150] loss: 0.807
[20,   160] loss: 0.811
[20,   170] loss: 0.895
[20,   180] loss: 0.841
[20,   190] loss: 0.797
[20,   200] loss: 0.847
[20,   210] loss: 0.810
[20,   220] loss: 0.839
[20,   230] loss: 0.832
[20,   240] loss: 0.788
[20,   250] loss: 0.847
[20,   260] loss: 0.821
[20,   270] loss: 0.880
[20,   280] loss: 0.770
[20,   290] loss: 0.767
[20,   300] loss: 0.783
[20,   310] loss: 0.815
[20,   320] loss: 0.857
[20,   330] loss: 0.820
[20,   340] loss: 0.764
[20,   350] loss: 0.855
[20,   360] loss: 0.868
[20,   370] loss: 0.765
[20,   380] loss: 0.815
[20,   390] loss: 0.815
[20,   400] loss: 0.880
VALIDATION loss: 0.7478463649749756
[21,    10] loss: 0.845
[21,    20] loss: 0.824
[21,    30] loss: 0.854
[21,    40] loss: 0.784
[21,    50] loss: 0.818
[21,    60] loss: 0.847
[21,    70] loss: 0.809
[21,    80] loss: 0.783
[21,    90] loss: 0.733
[21,   100] loss: 0.850
[21,   110] loss: 0.773
[21,   120] loss: 0.728
[21,   130] loss: 0.746
[21,   140] loss: 0.782
[21,   150] loss: 0.797
[21,   160] loss: 0.783
[21,   170] loss: 0.840
[21,   180] loss: 0.758
[21,   190] loss: 0.769
[21,   200] loss: 0.796
[21,   210] loss: 0.756
[21,   220] loss: 0.851
[21,   230] loss: 0.779
[21,   240] loss: 0.801
[21,   250] loss: 0.764
[21,   260] loss: 0.810
[21,   270] loss: 0.827
[21,   280] loss: 0.754
[21,   290] loss: 0.787
[21,   300] loss: 0.820
[21,   310] loss: 0.833
[21,   320] loss: 0.752
[21,   330] loss: 0.777
[21,   340] loss: 0.793
[21,   350] loss: 0.724
[21,   360] loss: 0.790
[21,   370] loss: 0.785
[21,   380] loss: 0.790
[21,   390] loss: 0.797
[21,   400] loss: 0.760
VALIDATION loss: 0.8052917718887329
[22,    10] loss: 0.745
[22,    20] loss: 0.795
[22,    30] loss: 0.847
[22,    40] loss: 0.789
[22,    50] loss: 0.798
[22,    60] loss: 0.780
[22,    70] loss: 0.743
[22,    80] loss: 0.827
[22,    90] loss: 0.773
[22,   100] loss: 0.769
[22,   110] loss: 0.768
[22,   120] loss: 0.752
[22,   130] loss: 0.746
[22,   140] loss: 0.796
[22,   150] loss: 0.753
[22,   160] loss: 0.730
[22,   170] loss: 0.764
[22,   180] loss: 0.823
[22,   190] loss: 0.716
[22,   200] loss: 0.778
[22,   210] loss: 0.779
[22,   220] loss: 0.783
[22,   230] loss: 0.840
[22,   240] loss: 0.752
[22,   250] loss: 0.817
[22,   260] loss: 0.768
[22,   270] loss: 0.760
[22,   280] loss: 0.796
[22,   290] loss: 0.732
[22,   300] loss: 0.771
[22,   310] loss: 0.757
[22,   320] loss: 0.740
[22,   330] loss: 0.771
[22,   340] loss: 0.749
[22,   350] loss: 0.817
[22,   360] loss: 0.686
[22,   370] loss: 0.768
[22,   380] loss: 0.812
[22,   390] loss: 0.750
[22,   400] loss: 0.719
VALIDATION loss: 0.8031929135322571
[23,    10] loss: 0.754
[23,    20] loss: 0.743
[23,    30] loss: 0.762
[23,    40] loss: 0.697
[23,    50] loss: 0.791
[23,    60] loss: 0.804
[23,    70] loss: 0.798
[23,    80] loss: 0.802
[23,    90] loss: 0.778
[23,   100] loss: 0.776
[23,   110] loss: 0.754
[23,   120] loss: 0.797
[23,   130] loss: 0.744
[23,   140] loss: 0.782
[23,   150] loss: 0.741
[23,   160] loss: 0.740
[23,   170] loss: 0.810
[23,   180] loss: 0.776
[23,   190] loss: 0.718
[23,   200] loss: 0.756
[23,   210] loss: 0.767
[23,   220] loss: 0.721
[23,   230] loss: 0.778
[23,   240] loss: 0.755
[23,   250] loss: 0.725
[23,   260] loss: 0.726
[23,   270] loss: 0.730
[23,   280] loss: 0.727
[23,   290] loss: 0.764
[23,   300] loss: 0.756
[23,   310] loss: 0.728
[23,   320] loss: 0.776
[23,   330] loss: 0.762
[23,   340] loss: 0.752
[23,   350] loss: 0.753
[23,   360] loss: 0.710
[23,   370] loss: 0.725
[23,   380] loss: 0.764
[23,   390] loss: 0.778
[23,   400] loss: 0.758
VALIDATION loss: 0.7197062969207764
[24,    10] loss: 0.725
[24,    20] loss: 0.706
[24,    30] loss: 0.728
[24,    40] loss: 0.754
[24,    50] loss: 0.823
[24,    60] loss: 0.777
[24,    70] loss: 0.717
[24,    80] loss: 0.774
[24,    90] loss: 0.718
[24,   100] loss: 0.733
[24,   110] loss: 0.670
[24,   120] loss: 0.740
[24,   130] loss: 0.765
[24,   140] loss: 0.825
[24,   150] loss: 0.701
[24,   160] loss: 0.719
[24,   170] loss: 0.699
[24,   180] loss: 0.777
[24,   190] loss: 0.758
[24,   200] loss: 0.856
[24,   210] loss: 0.724
[24,   220] loss: 0.749
[24,   230] loss: 0.744
[24,   240] loss: 0.688
[24,   250] loss: 0.789
[24,   260] loss: 0.792
[24,   270] loss: 0.701
[24,   280] loss: 0.753
[24,   290] loss: 0.726
[24,   300] loss: 0.714
[24,   310] loss: 0.690
[24,   320] loss: 0.687
[24,   330] loss: 0.752
[24,   340] loss: 0.749
[24,   350] loss: 0.715
[24,   360] loss: 0.757
[24,   370] loss: 0.710
[24,   380] loss: 0.736
[24,   390] loss: 0.792
[24,   400] loss: 0.785
VALIDATION loss: 0.7807338237762451
[25,    10] loss: 0.700
[25,    20] loss: 0.765
[25,    30] loss: 0.736
[25,    40] loss: 0.726
[25,    50] loss: 0.743
[25,    60] loss: 0.736
[25,    70] loss: 0.697
[25,    80] loss: 0.666
[25,    90] loss: 0.741
[25,   100] loss: 0.744
[25,   110] loss: 0.722
[25,   120] loss: 0.751
[25,   130] loss: 0.735
[25,   140] loss: 0.718
[25,   150] loss: 0.763
[25,   160] loss: 0.672
[25,   170] loss: 0.793
[25,   180] loss: 0.686
[25,   190] loss: 0.773
[25,   200] loss: 0.688
[25,   210] loss: 0.761
[25,   220] loss: 0.730
[25,   230] loss: 0.665
[25,   240] loss: 0.743
[25,   250] loss: 0.688
[25,   260] loss: 0.721
[25,   270] loss: 0.731
[25,   280] loss: 0.749
[25,   290] loss: 0.726
[25,   300] loss: 0.694
[25,   310] loss: 0.727
[25,   320] loss: 0.730
[25,   330] loss: 0.721
[25,   340] loss: 0.770
[25,   350] loss: 0.682
[25,   360] loss: 0.695
[25,   370] loss: 0.713
[25,   380] loss: 0.721
[25,   390] loss: 0.718
[25,   400] loss: 0.696
VALIDATION loss: 0.7819221019744873
[26,    10] loss: 0.784
[26,    20] loss: 0.678
[26,    30] loss: 0.724
[26,    40] loss: 0.742
[26,    50] loss: 0.712
[26,    60] loss: 0.619
[26,    70] loss: 0.711
[26,    80] loss: 0.809
[26,    90] loss: 0.704
[26,   100] loss: 0.742
[26,   110] loss: 0.718
[26,   120] loss: 0.774
[26,   130] loss: 0.719
[26,   140] loss: 0.663
[26,   150] loss: 0.666
[26,   160] loss: 0.679
[26,   170] loss: 0.710
[26,   180] loss: 0.736
[26,   190] loss: 0.641
[26,   200] loss: 0.711
[26,   210] loss: 0.713
[26,   220] loss: 0.726
[26,   230] loss: 0.680
[26,   240] loss: 0.718
[26,   250] loss: 0.750
[26,   260] loss: 0.697
[26,   270] loss: 0.694
[26,   280] loss: 0.729
[26,   290] loss: 0.661
[26,   300] loss: 0.694
[26,   310] loss: 0.720
[26,   320] loss: 0.707
[26,   330] loss: 0.689
[26,   340] loss: 0.737
[26,   350] loss: 0.681
[26,   360] loss: 0.658
[26,   370] loss: 0.704
[26,   380] loss: 0.665
[26,   390] loss: 0.718
[26,   400] loss: 0.736
VALIDATION loss: 0.6532458066940308
[27,    10] loss: 0.679
[27,    20] loss: 0.686
[27,    30] loss: 0.701
[27,    40] loss: 0.713
[27,    50] loss: 0.706
[27,    60] loss: 0.681
[27,    70] loss: 0.714
[27,    80] loss: 0.743
[27,    90] loss: 0.646
[27,   100] loss: 0.785
[27,   110] loss: 0.684
[27,   120] loss: 0.687
[27,   130] loss: 0.687
[27,   140] loss: 0.710
[27,   150] loss: 0.737
[27,   160] loss: 0.687
[27,   170] loss: 0.713
[27,   180] loss: 0.717
[27,   190] loss: 0.715
[27,   200] loss: 0.753
[27,   210] loss: 0.670
[27,   220] loss: 0.678
[27,   230] loss: 0.728
[27,   240] loss: 0.633
[27,   250] loss: 0.707
[27,   260] loss: 0.652
[27,   270] loss: 0.706
[27,   280] loss: 0.713
[27,   290] loss: 0.759
[27,   300] loss: 0.703
[27,   310] loss: 0.682
[27,   320] loss: 0.671
[27,   330] loss: 0.681
[27,   340] loss: 0.683
[27,   350] loss: 0.712
[27,   360] loss: 0.657
[27,   370] loss: 0.715
[27,   380] loss: 0.730
[27,   390] loss: 0.668
[27,   400] loss: 0.680
VALIDATION loss: 0.6595122218132019
[28,    10] loss: 0.691
[28,    20] loss: 0.678
[28,    30] loss: 0.630
[28,    40] loss: 0.698
[28,    50] loss: 0.707
[28,    60] loss: 0.719
[28,    70] loss: 0.675
[28,    80] loss: 0.704
[28,    90] loss: 0.670
[28,   100] loss: 0.649
[28,   110] loss: 0.681
[28,   120] loss: 0.637
[28,   130] loss: 0.619
[28,   140] loss: 0.673
[28,   150] loss: 0.683
[28,   160] loss: 0.647
[28,   170] loss: 0.642
[28,   180] loss: 0.667
[28,   190] loss: 0.661
[28,   200] loss: 0.676
[28,   210] loss: 0.710
[28,   220] loss: 0.638
[28,   230] loss: 0.704
[28,   240] loss: 0.669
[28,   250] loss: 0.666
[28,   260] loss: 0.662
[28,   270] loss: 0.742
[28,   280] loss: 0.699
[28,   290] loss: 0.682
[28,   300] loss: 0.651
[28,   310] loss: 0.655
[28,   320] loss: 0.684
[28,   330] loss: 0.646
[28,   340] loss: 0.683
[28,   350] loss: 0.728
[28,   360] loss: 0.754
[28,   370] loss: 0.664
[28,   380] loss: 0.692
[28,   390] loss: 0.662
[28,   400] loss: 0.681
VALIDATION loss: 0.7034129500389099
[29,    10] loss: 0.693
[29,    20] loss: 0.696
[29,    30] loss: 0.740
[29,    40] loss: 0.687
[29,    50] loss: 0.626
[29,    60] loss: 0.667
[29,    70] loss: 0.607
[29,    80] loss: 0.638
[29,    90] loss: 0.662
[29,   100] loss: 0.752
[29,   110] loss: 0.615
[29,   120] loss: 0.669
[29,   130] loss: 0.677
[29,   140] loss: 0.665
[29,   150] loss: 0.698
[29,   160] loss: 0.651
[29,   170] loss: 0.722
[29,   180] loss: 0.693
[29,   190] loss: 0.675
[29,   200] loss: 0.638
[29,   210] loss: 0.720
[29,   220] loss: 0.628
[29,   230] loss: 0.666
[29,   240] loss: 0.647
[29,   250] loss: 0.711
[29,   260] loss: 0.647
[29,   270] loss: 0.698
[29,   280] loss: 0.665
[29,   290] loss: 0.642
[29,   300] loss: 0.682
[29,   310] loss: 0.639
[29,   320] loss: 0.613
[29,   330] loss: 0.660
[29,   340] loss: 0.692
[29,   350] loss: 0.686
[29,   360] loss: 0.634
[29,   370] loss: 0.653
[29,   380] loss: 0.710
[29,   390] loss: 0.668
[29,   400] loss: 0.645
VALIDATION loss: 0.6266198754310608
[30,    10] loss: 0.662
[30,    20] loss: 0.611
[30,    30] loss: 0.635
[30,    40] loss: 0.640
[30,    50] loss: 0.656
[30,    60] loss: 0.686
[30,    70] loss: 0.673
[30,    80] loss: 0.629
[30,    90] loss: 0.724
[30,   100] loss: 0.667
[30,   110] loss: 0.651
[30,   120] loss: 0.654
[30,   130] loss: 0.657
[30,   140] loss: 0.698
[30,   150] loss: 0.656
[30,   160] loss: 0.627
[30,   170] loss: 0.691
[30,   180] loss: 0.652
[30,   190] loss: 0.651
[30,   200] loss: 0.678
[30,   210] loss: 0.609
[30,   220] loss: 0.640
[30,   230] loss: 0.628
[30,   240] loss: 0.646
[30,   250] loss: 0.644
[30,   260] loss: 0.654
[30,   270] loss: 0.699
[30,   280] loss: 0.658
[30,   290] loss: 0.663
[30,   300] loss: 0.638
[30,   310] loss: 0.618
[30,   320] loss: 0.622
[30,   330] loss: 0.670
[30,   340] loss: 0.655
[30,   350] loss: 0.614
[30,   360] loss: 0.654
[30,   370] loss: 0.659
[30,   380] loss: 0.693
[30,   390] loss: 0.724
[30,   400] loss: 0.605
VALIDATION loss: 0.6298394203186035
[31,    10] loss: 0.659
[31,    20] loss: 0.631
[31,    30] loss: 0.670
[31,    40] loss: 0.642
[31,    50] loss: 0.620
[31,    60] loss: 0.670
[31,    70] loss: 0.684
[31,    80] loss: 0.670
[31,    90] loss: 0.658
[31,   100] loss: 0.648
[31,   110] loss: 0.606
[31,   120] loss: 0.616
[31,   130] loss: 0.650
[31,   140] loss: 0.624
[31,   150] loss: 0.585
[31,   160] loss: 0.660
[31,   170] loss: 0.720
[31,   180] loss: 0.714
[31,   190] loss: 0.647
[31,   200] loss: 0.674
[31,   210] loss: 0.597
[31,   220] loss: 0.613
[31,   230] loss: 0.615
[31,   240] loss: 0.656
[31,   250] loss: 0.661
[31,   260] loss: 0.639
[31,   270] loss: 0.607
[31,   280] loss: 0.667
[31,   290] loss: 0.589
[31,   300] loss: 0.667
[31,   310] loss: 0.683
[31,   320] loss: 0.622
[31,   330] loss: 0.649
[31,   340] loss: 0.657
[31,   350] loss: 0.671
[31,   360] loss: 0.631
[31,   370] loss: 0.620
[31,   380] loss: 0.574
[31,   390] loss: 0.673
[31,   400] loss: 0.658
VALIDATION loss: 0.6505395770072937
[32,    10] loss: 0.606
[32,    20] loss: 0.600
[32,    30] loss: 0.653
[32,    40] loss: 0.655
[32,    50] loss: 0.606
[32,    60] loss: 0.668
[32,    70] loss: 0.598
[32,    80] loss: 0.633
[32,    90] loss: 0.664
[32,   100] loss: 0.614
[32,   110] loss: 0.635
[32,   120] loss: 0.583
[32,   130] loss: 0.637
[32,   140] loss: 0.658
[32,   150] loss: 0.602
[32,   160] loss: 0.630
[32,   170] loss: 0.685
[32,   180] loss: 0.605
[32,   190] loss: 0.674
[32,   200] loss: 0.651
[32,   210] loss: 0.643
[32,   220] loss: 0.671
[32,   230] loss: 0.604
[32,   240] loss: 0.634
[32,   250] loss: 0.639
[32,   260] loss: 0.620
[32,   270] loss: 0.608
[32,   280] loss: 0.608
[32,   290] loss: 0.608
[32,   300] loss: 0.651
[32,   310] loss: 0.647
[32,   320] loss: 0.613
[32,   330] loss: 0.644
[32,   340] loss: 0.618
[32,   350] loss: 0.664
[32,   360] loss: 0.630
[32,   370] loss: 0.673
[32,   380] loss: 0.620
[32,   390] loss: 0.658
[32,   400] loss: 0.631
VALIDATION loss: 0.8141453266143799
[33,    10] loss: 0.630
[33,    20] loss: 0.674
[33,    30] loss: 0.604
[33,    40] loss: 0.547
[33,    50] loss: 0.584
[33,    60] loss: 0.632
[33,    70] loss: 0.630
[33,    80] loss: 0.694
[33,    90] loss: 0.648
[33,   100] loss: 0.654
[33,   110] loss: 0.650
[33,   120] loss: 0.625
[33,   130] loss: 0.635
[33,   140] loss: 0.676
[33,   150] loss: 0.684
[33,   160] loss: 0.608
[33,   170] loss: 0.583
[33,   180] loss: 0.619
[33,   190] loss: 0.616
[33,   200] loss: 0.613
[33,   210] loss: 0.593
[33,   220] loss: 0.664
[33,   230] loss: 0.607
[33,   240] loss: 0.641
[33,   250] loss: 0.604
[33,   260] loss: 0.568
[33,   270] loss: 0.641
[33,   280] loss: 0.642
[33,   290] loss: 0.608
[33,   300] loss: 0.637
[33,   310] loss: 0.606
[33,   320] loss: 0.615
[33,   330] loss: 0.602
[33,   340] loss: 0.582
[33,   350] loss: 0.593
[33,   360] loss: 0.668
[33,   370] loss: 0.632
[33,   380] loss: 0.651
[33,   390] loss: 0.643
[33,   400] loss: 0.675
VALIDATION loss: 0.6593744158744812
[34,    10] loss: 0.676
[34,    20] loss: 0.572
[34,    30] loss: 0.643
[34,    40] loss: 0.624
[34,    50] loss: 0.659
[34,    60] loss: 0.618
[34,    70] loss: 0.652
[34,    80] loss: 0.600
[34,    90] loss: 0.681
[34,   100] loss: 0.618
[34,   110] loss: 0.571
[34,   120] loss: 0.619
[34,   130] loss: 0.587
[34,   140] loss: 0.599
[34,   150] loss: 0.620
[34,   160] loss: 0.627
[34,   170] loss: 0.609
[34,   180] loss: 0.594
[34,   190] loss: 0.583
[34,   200] loss: 0.579
[34,   210] loss: 0.626
[34,   220] loss: 0.620
[34,   230] loss: 0.605
[34,   240] loss: 0.639
[34,   250] loss: 0.592
[34,   260] loss: 0.582
[34,   270] loss: 0.632
[34,   280] loss: 0.612
[34,   290] loss: 0.619
[34,   300] loss: 0.592
[34,   310] loss: 0.609
[34,   320] loss: 0.610
[34,   330] loss: 0.645
[34,   340] loss: 0.586
[34,   350] loss: 0.576
[34,   360] loss: 0.609
[34,   370] loss: 0.591
[34,   380] loss: 0.590
[34,   390] loss: 0.645
[34,   400] loss: 0.613
VALIDATION loss: 0.5518760681152344
[35,    10] loss: 0.643
[35,    20] loss: 0.635
[35,    30] loss: 0.557
[35,    40] loss: 0.531
[35,    50] loss: 0.602
[35,    60] loss: 0.578
[35,    70] loss: 0.555
[35,    80] loss: 0.596
[35,    90] loss: 0.594
[35,   100] loss: 0.602
[35,   110] loss: 0.581
[35,   120] loss: 0.539
[35,   130] loss: 0.616
[35,   140] loss: 0.656
[35,   150] loss: 0.613
[35,   160] loss: 0.596
[35,   170] loss: 0.591
[35,   180] loss: 0.659
[35,   190] loss: 0.578
[35,   200] loss: 0.616
[35,   210] loss: 0.563
[35,   220] loss: 0.582
[35,   230] loss: 0.630
[35,   240] loss: 0.613
[35,   250] loss: 0.607
[35,   260] loss: 0.609
[35,   270] loss: 0.625
[35,   280] loss: 0.591
[35,   290] loss: 0.608
[35,   300] loss: 0.609
[35,   310] loss: 0.634
[35,   320] loss: 0.587
[35,   330] loss: 0.570
[35,   340] loss: 0.597
[35,   350] loss: 0.594
[35,   360] loss: 0.634
[35,   370] loss: 0.578
[35,   380] loss: 0.573
[35,   390] loss: 0.590
[35,   400] loss: 0.626
VALIDATION loss: 0.6421868801116943
[36,    10] loss: 0.592
[36,    20] loss: 0.554
[36,    30] loss: 0.559
[36,    40] loss: 0.567
[36,    50] loss: 0.592
[36,    60] loss: 0.657
[36,    70] loss: 0.599
[36,    80] loss: 0.609
[36,    90] loss: 0.558
[36,   100] loss: 0.597
[36,   110] loss: 0.550
[36,   120] loss: 0.588
[36,   130] loss: 0.599
[36,   140] loss: 0.581
[36,   150] loss: 0.587
[36,   160] loss: 0.595
[36,   170] loss: 0.580
[36,   180] loss: 0.586
[36,   190] loss: 0.579
[36,   200] loss: 0.580
[36,   210] loss: 0.583
[36,   220] loss: 0.594
[36,   230] loss: 0.639
[36,   240] loss: 0.605
[36,   250] loss: 0.625
[36,   260] loss: 0.641
[36,   270] loss: 0.575
[36,   280] loss: 0.635
[36,   290] loss: 0.543
[36,   300] loss: 0.589
[36,   310] loss: 0.628
[36,   320] loss: 0.628
[36,   330] loss: 0.603
[36,   340] loss: 0.546
[36,   350] loss: 0.531
[36,   360] loss: 0.663
[36,   370] loss: 0.577
[36,   380] loss: 0.557
[36,   390] loss: 0.592
[36,   400] loss: 0.553
VALIDATION loss: 0.5362609028816223
[37,    10] loss: 0.624
[37,    20] loss: 0.582
[37,    30] loss: 0.545
[37,    40] loss: 0.563
[37,    50] loss: 0.609
[37,    60] loss: 0.595
[37,    70] loss: 0.569
[37,    80] loss: 0.637
[37,    90] loss: 0.604
[37,   100] loss: 0.610
[37,   110] loss: 0.581
[37,   120] loss: 0.552
[37,   130] loss: 0.553
[37,   140] loss: 0.612
[37,   150] loss: 0.595
[37,   160] loss: 0.570
[37,   170] loss: 0.615
[37,   180] loss: 0.618
[37,   190] loss: 0.593
[37,   200] loss: 0.620
[37,   210] loss: 0.530
[37,   220] loss: 0.571
[37,   230] loss: 0.573
[37,   240] loss: 0.591
[37,   250] loss: 0.611
[37,   260] loss: 0.555
[37,   270] loss: 0.559
[37,   280] loss: 0.564
[37,   290] loss: 0.559
[37,   300] loss: 0.570
[37,   310] loss: 0.618
[37,   320] loss: 0.531
[37,   330] loss: 0.561
[37,   340] loss: 0.592
[37,   350] loss: 0.593
[37,   360] loss: 0.595
[37,   370] loss: 0.556
[37,   380] loss: 0.548
[37,   390] loss: 0.571
[37,   400] loss: 0.632
VALIDATION loss: 0.6581133604049683
[38,    10] loss: 0.557
[38,    20] loss: 0.578
[38,    30] loss: 0.589
[38,    40] loss: 0.532
[38,    50] loss: 0.572
[38,    60] loss: 0.604
[38,    70] loss: 0.545
[38,    80] loss: 0.500
[38,    90] loss: 0.532
[38,   100] loss: 0.619
[38,   110] loss: 0.593
[38,   120] loss: 0.618
[38,   130] loss: 0.593
[38,   140] loss: 0.610
[38,   150] loss: 0.553
[38,   160] loss: 0.532
[38,   170] loss: 0.555
[38,   180] loss: 0.568
[38,   190] loss: 0.573
[38,   200] loss: 0.617
[38,   210] loss: 0.567
[38,   220] loss: 0.562
[38,   230] loss: 0.586
[38,   240] loss: 0.522
[38,   250] loss: 0.583
[38,   260] loss: 0.613
[38,   270] loss: 0.554
[38,   280] loss: 0.643
[38,   290] loss: 0.579
[38,   300] loss: 0.580
[38,   310] loss: 0.554
[38,   320] loss: 0.560
[38,   330] loss: 0.527
[38,   340] loss: 0.580
[38,   350] loss: 0.568
[38,   360] loss: 0.584
[38,   370] loss: 0.637
[38,   380] loss: 0.584
[38,   390] loss: 0.571
[38,   400] loss: 0.579
VALIDATION loss: 0.5663055181503296
[39,    10] loss: 0.601
[39,    20] loss: 0.555
[39,    30] loss: 0.585
[39,    40] loss: 0.517
[39,    50] loss: 0.537
[39,    60] loss: 0.574
[39,    70] loss: 0.592
[39,    80] loss: 0.551
[39,    90] loss: 0.598
[39,   100] loss: 0.544
[39,   110] loss: 0.559
[39,   120] loss: 0.624
[39,   130] loss: 0.588
[39,   140] loss: 0.560
[39,   150] loss: 0.522
[39,   160] loss: 0.574
[39,   170] loss: 0.531
[39,   180] loss: 0.575
[39,   190] loss: 0.606
[39,   200] loss: 0.584
[39,   210] loss: 0.542
[39,   220] loss: 0.583
[39,   230] loss: 0.551
[39,   240] loss: 0.534
[39,   250] loss: 0.551
[39,   260] loss: 0.582
[39,   270] loss: 0.546
[39,   280] loss: 0.517
[39,   290] loss: 0.559
[39,   300] loss: 0.562
[39,   310] loss: 0.534
[39,   320] loss: 0.609
[39,   330] loss: 0.568
[39,   340] loss: 0.535
[39,   350] loss: 0.576
[39,   360] loss: 0.545
[39,   370] loss: 0.567
[39,   380] loss: 0.608
[39,   390] loss: 0.568
[39,   400] loss: 0.584
VALIDATION loss: 0.5218020677566528
[40,    10] loss: 0.573
[40,    20] loss: 0.532
[40,    30] loss: 0.590
[40,    40] loss: 0.528
[40,    50] loss: 0.496
[40,    60] loss: 0.566
[40,    70] loss: 0.589
[40,    80] loss: 0.577
[40,    90] loss: 0.484
[40,   100] loss: 0.558
[40,   110] loss: 0.502
[40,   120] loss: 0.520
[40,   130] loss: 0.596
[40,   140] loss: 0.542
[40,   150] loss: 0.567
[40,   160] loss: 0.601
[40,   170] loss: 0.584
[40,   180] loss: 0.543
[40,   190] loss: 0.554
[40,   200] loss: 0.569
[40,   210] loss: 0.624
[40,   220] loss: 0.552
[40,   230] loss: 0.534
[40,   240] loss: 0.578
[40,   250] loss: 0.593
[40,   260] loss: 0.556
[40,   270] loss: 0.550
[40,   280] loss: 0.541
[40,   290] loss: 0.574
[40,   300] loss: 0.556
[40,   310] loss: 0.581
[40,   320] loss: 0.583
[40,   330] loss: 0.538
[40,   340] loss: 0.542
[40,   350] loss: 0.561
[40,   360] loss: 0.502
[40,   370] loss: 0.549
[40,   380] loss: 0.568
[40,   390] loss: 0.566
[40,   400] loss: 0.454
VALIDATION loss: 0.551332414150238
[41,    10] loss: 0.529
[41,    20] loss: 0.552
[41,    30] loss: 0.537
[41,    40] loss: 0.521
[41,    50] loss: 0.517
[41,    60] loss: 0.545
[41,    70] loss: 0.525
[41,    80] loss: 0.542
[41,    90] loss: 0.543
[41,   100] loss: 0.574
[41,   110] loss: 0.526
[41,   120] loss: 0.502
[41,   130] loss: 0.535
[41,   140] loss: 0.603
[41,   150] loss: 0.606
[41,   160] loss: 0.489
[41,   170] loss: 0.583
[41,   180] loss: 0.537
[41,   190] loss: 0.618
[41,   200] loss: 0.562
[41,   210] loss: 0.553
[41,   220] loss: 0.525
[41,   230] loss: 0.503
[41,   240] loss: 0.552
[41,   250] loss: 0.581
[41,   260] loss: 0.527
[41,   270] loss: 0.549
[41,   280] loss: 0.553
[41,   290] loss: 0.583
[41,   300] loss: 0.534
[41,   310] loss: 0.550
[41,   320] loss: 0.529
[41,   330] loss: 0.495
[41,   340] loss: 0.572
[41,   350] loss: 0.524
[41,   360] loss: 0.553
[41,   370] loss: 0.509
[41,   380] loss: 0.529
[41,   390] loss: 0.572
[41,   400] loss: 0.575
VALIDATION loss: 0.8326730132102966
[42,    10] loss: 0.519
[42,    20] loss: 0.574
[42,    30] loss: 0.569
[42,    40] loss: 0.518
[42,    50] loss: 0.551
[42,    60] loss: 0.554
[42,    70] loss: 0.540
[42,    80] loss: 0.558
[42,    90] loss: 0.595
[42,   100] loss: 0.561
[42,   110] loss: 0.592
[42,   120] loss: 0.568
[42,   130] loss: 0.576
[42,   140] loss: 0.527
[42,   150] loss: 0.518
[42,   160] loss: 0.516
[42,   170] loss: 0.509
[42,   180] loss: 0.498
[42,   190] loss: 0.535
[42,   200] loss: 0.573
[42,   210] loss: 0.503
[42,   220] loss: 0.574
[42,   230] loss: 0.525
[42,   240] loss: 0.542
[42,   250] loss: 0.534
[42,   260] loss: 0.554
[42,   270] loss: 0.522
[42,   280] loss: 0.512
[42,   290] loss: 0.558
[42,   300] loss: 0.517
[42,   310] loss: 0.505
[42,   320] loss: 0.573
[42,   330] loss: 0.581
[42,   340] loss: 0.524
[42,   350] loss: 0.535
[42,   360] loss: 0.513
[42,   370] loss: 0.535
[42,   380] loss: 0.520
[42,   390] loss: 0.487
[42,   400] loss: 0.530
VALIDATION loss: 0.5308498740196228
[43,    10] loss: 0.542
[43,    20] loss: 0.549
[43,    30] loss: 0.504
[43,    40] loss: 0.589
[43,    50] loss: 0.534
[43,    60] loss: 0.524
[43,    70] loss: 0.541
[43,    80] loss: 0.562
[43,    90] loss: 0.557
[43,   100] loss: 0.507
[43,   110] loss: 0.619
[43,   120] loss: 0.531
[43,   130] loss: 0.514
[43,   140] loss: 0.524
[43,   150] loss: 0.507
[43,   160] loss: 0.525
[43,   170] loss: 0.524
[43,   180] loss: 0.556
[43,   190] loss: 0.503
[43,   200] loss: 0.471
[43,   210] loss: 0.480
[43,   220] loss: 0.526
[43,   230] loss: 0.591
[43,   240] loss: 0.553
[43,   250] loss: 0.521
[43,   260] loss: 0.520
[43,   270] loss: 0.532
[43,   280] loss: 0.527
[43,   290] loss: 0.535
[43,   300] loss: 0.520
[43,   310] loss: 0.512
[43,   320] loss: 0.545
[43,   330] loss: 0.531
[43,   340] loss: 0.535
[43,   350] loss: 0.477
[43,   360] loss: 0.495
[43,   370] loss: 0.494
[43,   380] loss: 0.518
[43,   390] loss: 0.560
[43,   400] loss: 0.533
VALIDATION loss: 0.5458323359489441
[44,    10] loss: 0.530
[44,    20] loss: 0.507
[44,    30] loss: 0.486
[44,    40] loss: 0.494
[44,    50] loss: 0.530
[44,    60] loss: 0.471
[44,    70] loss: 0.505
[44,    80] loss: 0.607
[44,    90] loss: 0.558
[44,   100] loss: 0.557
[44,   110] loss: 0.507
[44,   120] loss: 0.524
[44,   130] loss: 0.538
[44,   140] loss: 0.556
[44,   150] loss: 0.524
[44,   160] loss: 0.538
[44,   170] loss: 0.518
[44,   180] loss: 0.488
[44,   190] loss: 0.565
[44,   200] loss: 0.527
[44,   210] loss: 0.543
[44,   220] loss: 0.502
[44,   230] loss: 0.477
[44,   240] loss: 0.553
[44,   250] loss: 0.517
[44,   260] loss: 0.530
[44,   270] loss: 0.491
[44,   280] loss: 0.488
[44,   290] loss: 0.484
[44,   300] loss: 0.550
[44,   310] loss: 0.505
[44,   320] loss: 0.507
[44,   330] loss: 0.503
[44,   340] loss: 0.566
[44,   350] loss: 0.539
[44,   360] loss: 0.559
[44,   370] loss: 0.516
[44,   380] loss: 0.470
[44,   390] loss: 0.553
[44,   400] loss: 0.546
VALIDATION loss: 0.5057648420333862
[45,    10] loss: 0.468
[45,    20] loss: 0.533
[45,    30] loss: 0.494
[45,    40] loss: 0.529
[45,    50] loss: 0.524
[45,    60] loss: 0.474
[45,    70] loss: 0.528
[45,    80] loss: 0.550
[45,    90] loss: 0.553
[45,   100] loss: 0.526
[45,   110] loss: 0.576
[45,   120] loss: 0.545
[45,   130] loss: 0.512
[45,   140] loss: 0.534
[45,   150] loss: 0.518
[45,   160] loss: 0.545
[45,   170] loss: 0.507
[45,   180] loss: 0.565
[45,   190] loss: 0.552
[45,   200] loss: 0.492
[45,   210] loss: 0.521
[45,   220] loss: 0.516
[45,   230] loss: 0.522
[45,   240] loss: 0.426
[45,   250] loss: 0.539
[45,   260] loss: 0.513
[45,   270] loss: 0.462
[45,   280] loss: 0.503
[45,   290] loss: 0.532
[45,   300] loss: 0.529
[45,   310] loss: 0.491
[45,   320] loss: 0.514
[45,   330] loss: 0.447
[45,   340] loss: 0.576
[45,   350] loss: 0.500
[45,   360] loss: 0.530
[45,   370] loss: 0.484
[45,   380] loss: 0.528
[45,   390] loss: 0.567
[45,   400] loss: 0.520
VALIDATION loss: 0.4989694654941559
[46,    10] loss: 0.540
[46,    20] loss: 0.504
[46,    30] loss: 0.505
[46,    40] loss: 0.561
[46,    50] loss: 0.495
[46,    60] loss: 0.510
[46,    70] loss: 0.523
[46,    80] loss: 0.544
[46,    90] loss: 0.488
[46,   100] loss: 0.527
[46,   110] loss: 0.509
[46,   120] loss: 0.526
[46,   130] loss: 0.495
[46,   140] loss: 0.491
[46,   150] loss: 0.513
[46,   160] loss: 0.503
[46,   170] loss: 0.548
[46,   180] loss: 0.485
[46,   190] loss: 0.493
[46,   200] loss: 0.567
[46,   210] loss: 0.513
[46,   220] loss: 0.473
[46,   230] loss: 0.499
[46,   240] loss: 0.506
[46,   250] loss: 0.449
[46,   260] loss: 0.469
[46,   270] loss: 0.491
[46,   280] loss: 0.428
[46,   290] loss: 0.537
[46,   300] loss: 0.518
[46,   310] loss: 0.537
[46,   320] loss: 0.521
[46,   330] loss: 0.558
[46,   340] loss: 0.553
[46,   350] loss: 0.530
[46,   360] loss: 0.549
[46,   370] loss: 0.469
[46,   380] loss: 0.412
[46,   390] loss: 0.451
[46,   400] loss: 0.484
VALIDATION loss: 1.4346791505813599
[47,    10] loss: 0.492
[47,    20] loss: 0.531
[47,    30] loss: 0.523
[47,    40] loss: 0.458
[47,    50] loss: 0.548
[47,    60] loss: 0.484
[47,    70] loss: 0.488
[47,    80] loss: 0.528
[47,    90] loss: 0.554
[47,   100] loss: 0.492
[47,   110] loss: 0.495
[47,   120] loss: 0.467
[47,   130] loss: 0.490
[47,   140] loss: 0.509
[47,   150] loss: 0.459
[47,   160] loss: 0.529
[47,   170] loss: 0.571
[47,   180] loss: 0.492
[47,   190] loss: 0.532
[47,   200] loss: 0.550
[47,   210] loss: 0.529
[47,   220] loss: 0.518
[47,   230] loss: 0.464
[47,   240] loss: 0.480
[47,   250] loss: 0.437
[47,   260] loss: 0.520
[47,   270] loss: 0.498
[47,   280] loss: 0.463
[47,   290] loss: 0.527
[47,   300] loss: 0.516
[47,   310] loss: 0.506
[47,   320] loss: 0.498
[47,   330] loss: 0.485
[47,   340] loss: 0.520
[47,   350] loss: 0.479
[47,   360] loss: 0.468
[47,   370] loss: 0.448
[47,   380] loss: 0.496
[47,   390] loss: 0.485
[47,   400] loss: 0.523
VALIDATION loss: 0.5581076741218567
[48,    10] loss: 0.479
[48,    20] loss: 0.511
[48,    30] loss: 0.465
[48,    40] loss: 0.465
[48,    50] loss: 0.511
[48,    60] loss: 0.522
[48,    70] loss: 0.512
[48,    80] loss: 0.446
[48,    90] loss: 0.536
[48,   100] loss: 0.487
[48,   110] loss: 0.484
[48,   120] loss: 0.476
[48,   130] loss: 0.468
[48,   140] loss: 0.464
[48,   150] loss: 0.495
[48,   160] loss: 0.478
[48,   170] loss: 0.563
[48,   180] loss: 0.558
[48,   190] loss: 0.457
[48,   200] loss: 0.502
[48,   210] loss: 0.518
[48,   220] loss: 0.514
[48,   230] loss: 0.444
[48,   240] loss: 0.506
[48,   250] loss: 0.480
[48,   260] loss: 0.513
[48,   270] loss: 0.486
[48,   280] loss: 0.485
[48,   290] loss: 0.506
[48,   300] loss: 0.518
[48,   310] loss: 0.501
[48,   320] loss: 0.484
[48,   330] loss: 0.528
[48,   340] loss: 0.473
[48,   350] loss: 0.530
[48,   360] loss: 0.437
[48,   370] loss: 0.434
[48,   380] loss: 0.521
[48,   390] loss: 0.557
[48,   400] loss: 0.445
VALIDATION loss: 0.4810083508491516
[49,    10] loss: 0.528
[49,    20] loss: 0.481
[49,    30] loss: 0.424
[49,    40] loss: 0.464
[49,    50] loss: 0.516
[49,    60] loss: 0.469
[49,    70] loss: 0.478
[49,    80] loss: 0.499
[49,    90] loss: 0.543
[49,   100] loss: 0.470
[49,   110] loss: 0.485
[49,   120] loss: 0.572
[49,   130] loss: 0.522
[49,   140] loss: 0.505
[49,   150] loss: 0.416
[49,   160] loss: 0.494
[49,   170] loss: 0.457
[49,   180] loss: 0.428
[49,   190] loss: 0.460
[49,   200] loss: 0.482
[49,   210] loss: 0.403
[49,   220] loss: 0.467
[49,   230] loss: 0.466
[49,   240] loss: 0.469
[49,   250] loss: 0.497
[49,   260] loss: 0.516
[49,   270] loss: 0.547
[49,   280] loss: 0.501
[49,   290] loss: 0.670
[49,   300] loss: 0.494
[49,   310] loss: 0.494
[49,   320] loss: 0.489
[49,   330] loss: 0.492
[49,   340] loss: 0.471
[49,   350] loss: 0.467
[49,   360] loss: 0.473
[49,   370] loss: 0.502
[49,   380] loss: 0.507
[49,   390] loss: 0.480
[49,   400] loss: 0.481
VALIDATION loss: 0.46755722165107727
[50,    10] loss: 0.519
[50,    20] loss: 0.516
[50,    30] loss: 0.486
[50,    40] loss: 0.447
[50,    50] loss: 0.460
[50,    60] loss: 0.510
[50,    70] loss: 0.523
[50,    80] loss: 0.466
[50,    90] loss: 0.456
[50,   100] loss: 0.509
[50,   110] loss: 0.507
[50,   120] loss: 0.444
[50,   130] loss: 0.480
[50,   140] loss: 0.483
[50,   150] loss: 0.484
[50,   160] loss: 0.457
[50,   170] loss: 0.500
[50,   180] loss: 0.422
[50,   190] loss: 0.485
[50,   200] loss: 0.495
[50,   210] loss: 0.493
[50,   220] loss: 0.544
[50,   230] loss: 0.462
[50,   240] loss: 0.500
[50,   250] loss: 0.526
[50,   260] loss: 0.473
[50,   270] loss: 0.514
[50,   280] loss: 0.434
[50,   290] loss: 0.480
[50,   300] loss: 0.508
[50,   310] loss: 0.448
[50,   320] loss: 0.469
[50,   330] loss: 0.470
[50,   340] loss: 0.496
[50,   350] loss: 0.468
[50,   360] loss: 0.515
[50,   370] loss: 0.454
[50,   380] loss: 0.449
[50,   390] loss: 0.451
[50,   400] loss: 0.487
VALIDATION loss: 0.47196492552757263
[51,    10] loss: 0.487
[51,    20] loss: 0.465
[51,    30] loss: 0.514
[51,    40] loss: 0.496
[51,    50] loss: 0.450
[51,    60] loss: 0.507
[51,    70] loss: 0.435
[51,    80] loss: 0.430
[51,    90] loss: 0.481
[51,   100] loss: 0.449
[51,   110] loss: 0.463
[51,   120] loss: 0.481
[51,   130] loss: 0.472
[51,   140] loss: 0.554
[51,   150] loss: 0.438
[51,   160] loss: 0.432
[51,   170] loss: 0.464
[51,   180] loss: 0.460
[51,   190] loss: 0.506
[51,   200] loss: 0.462
[51,   210] loss: 0.452
[51,   220] loss: 0.477
[51,   230] loss: 0.475
[51,   240] loss: 0.519
[51,   250] loss: 0.444
[51,   260] loss: 0.477
[51,   270] loss: 0.450
[51,   280] loss: 0.453
[51,   290] loss: 0.490
[51,   300] loss: 0.411
[51,   310] loss: 0.525
[51,   320] loss: 0.524
[51,   330] loss: 0.480
[51,   340] loss: 0.501
[51,   350] loss: 0.438
[51,   360] loss: 0.457
[51,   370] loss: 0.468
[51,   380] loss: 0.471
[51,   390] loss: 0.510
[51,   400] loss: 0.453
VALIDATION loss: 0.4676247835159302
[52,    10] loss: 0.464
[52,    20] loss: 0.429
[52,    30] loss: 0.478
[52,    40] loss: 0.467
[52,    50] loss: 0.460
[52,    60] loss: 0.497
[52,    70] loss: 0.440
[52,    80] loss: 0.451
[52,    90] loss: 0.498
[52,   100] loss: 0.501
[52,   110] loss: 0.469
[52,   120] loss: 0.430
[52,   130] loss: 0.485
[52,   140] loss: 0.491
[52,   150] loss: 0.479
[52,   160] loss: 0.465
[52,   170] loss: 0.466
[52,   180] loss: 0.487
[52,   190] loss: 0.495
[52,   200] loss: 0.472
[52,   210] loss: 0.498
[52,   220] loss: 0.466
[52,   230] loss: 0.479
[52,   240] loss: 0.472
[52,   250] loss: 0.522
[52,   260] loss: 0.489
[52,   270] loss: 0.500
[52,   280] loss: 0.456
[52,   290] loss: 0.482
[52,   300] loss: 0.488
[52,   310] loss: 0.527
[52,   320] loss: 0.508
[52,   330] loss: 0.435
[52,   340] loss: 0.462
[52,   350] loss: 0.476
[52,   360] loss: 0.429
[52,   370] loss: 0.464
[52,   380] loss: 0.437
[52,   390] loss: 0.455
[52,   400] loss: 0.403
VALIDATION loss: 0.5167902112007141
[53,    10] loss: 0.413
[53,    20] loss: 0.500
[53,    30] loss: 0.497
[53,    40] loss: 0.482
[53,    50] loss: 0.491
[53,    60] loss: 0.422
[53,    70] loss: 0.455
[53,    80] loss: 0.464
[53,    90] loss: 0.488
[53,   100] loss: 0.423
[53,   110] loss: 0.503
[53,   120] loss: 0.483
[53,   130] loss: 0.449
[53,   140] loss: 0.412
[53,   150] loss: 0.472
[53,   160] loss: 0.481
[53,   170] loss: 0.456
[53,   180] loss: 0.435
[53,   190] loss: 0.405
[53,   200] loss: 0.467
[53,   210] loss: 0.447
[53,   220] loss: 0.500
[53,   230] loss: 0.475
[53,   240] loss: 0.487
[53,   250] loss: 0.446
[53,   260] loss: 0.462
[53,   270] loss: 0.474
[53,   280] loss: 0.449
[53,   290] loss: 0.465
[53,   300] loss: 0.447
[53,   310] loss: 0.457
[53,   320] loss: 0.461
[53,   330] loss: 0.429
[53,   340] loss: 0.467
[53,   350] loss: 0.433
[53,   360] loss: 0.436
[53,   370] loss: 0.438
[53,   380] loss: 0.502
[53,   390] loss: 0.489
[53,   400] loss: 0.412
VALIDATION loss: 0.5917680859565735
[54,    10] loss: 0.483
[54,    20] loss: 0.459
[54,    30] loss: 0.468
[54,    40] loss: 0.404
[54,    50] loss: 0.435
[54,    60] loss: 0.462
[54,    70] loss: 0.516
[54,    80] loss: 0.461
[54,    90] loss: 0.465
[54,   100] loss: 0.479
[54,   110] loss: 0.441
[54,   120] loss: 0.483
[54,   130] loss: 0.446
[54,   140] loss: 0.486
[54,   150] loss: 0.457
[54,   160] loss: 0.444
[54,   170] loss: 0.415
[54,   180] loss: 0.445
[54,   190] loss: 0.421
[54,   200] loss: 0.430
[54,   210] loss: 0.488
[54,   220] loss: 0.429
[54,   230] loss: 0.495
[54,   240] loss: 0.455
[54,   250] loss: 0.458
[54,   260] loss: 0.450
[54,   270] loss: 0.479
[54,   280] loss: 0.415
[54,   290] loss: 0.415
[54,   300] loss: 0.479
[54,   310] loss: 0.465
[54,   320] loss: 0.445
[54,   330] loss: 0.450
[54,   340] loss: 0.466
[54,   350] loss: 0.451
[54,   360] loss: 0.425
[54,   370] loss: 0.436
[54,   380] loss: 0.481
[54,   390] loss: 0.449
[54,   400] loss: 0.437
VALIDATION loss: 0.44170138239860535
[55,    10] loss: 0.418
[55,    20] loss: 0.422
[55,    30] loss: 0.458
[55,    40] loss: 0.464
[55,    50] loss: 0.460
[55,    60] loss: 0.449
[55,    70] loss: 0.381
[55,    80] loss: 0.461
[55,    90] loss: 0.429
[55,   100] loss: 0.491
[55,   110] loss: 0.442
[55,   120] loss: 0.472
[55,   130] loss: 0.484
[55,   140] loss: 0.461
[55,   150] loss: 0.420
[55,   160] loss: 0.481
[55,   170] loss: 0.446
[55,   180] loss: 0.460
[55,   190] loss: 0.493
[55,   200] loss: 0.450
[55,   210] loss: 0.421
[55,   220] loss: 0.462
[55,   230] loss: 0.486
[55,   240] loss: 0.455
[55,   250] loss: 0.490
[55,   260] loss: 0.455
[55,   270] loss: 0.469
[55,   280] loss: 0.418
[55,   290] loss: 0.471
[55,   300] loss: 0.461
[55,   310] loss: 0.392
[55,   320] loss: 0.522
[55,   330] loss: 0.401
[55,   340] loss: 0.457
[55,   350] loss: 0.449
[55,   360] loss: 0.438
[55,   370] loss: 0.429
[55,   380] loss: 0.487
[55,   390] loss: 0.446
[55,   400] loss: 0.463
VALIDATION loss: 0.42985984683036804
[56,    10] loss: 0.424
[56,    20] loss: 0.512
[56,    30] loss: 0.405
[56,    40] loss: 0.463
[56,    50] loss: 0.481
[56,    60] loss: 0.471
[56,    70] loss: 0.436
[56,    80] loss: 0.489
[56,    90] loss: 0.445
[56,   100] loss: 0.382
[56,   110] loss: 0.400
[56,   120] loss: 0.448
[56,   130] loss: 0.437
[56,   140] loss: 0.503
[56,   150] loss: 0.508
[56,   160] loss: 0.443
[56,   170] loss: 0.454
[56,   180] loss: 0.439
[56,   190] loss: 0.401
[56,   200] loss: 0.455
[56,   210] loss: 0.424
[56,   220] loss: 0.422
[56,   230] loss: 0.458
[56,   240] loss: 0.427
[56,   250] loss: 0.441
[56,   260] loss: 0.437
[56,   270] loss: 0.474
[56,   280] loss: 0.484
[56,   290] loss: 0.458
[56,   300] loss: 0.497
[56,   310] loss: 0.424
[56,   320] loss: 0.358
[56,   330] loss: 0.426
[56,   340] loss: 0.394
[56,   350] loss: 0.529
[56,   360] loss: 0.473
[56,   370] loss: 0.423
[56,   380] loss: 0.405
[56,   390] loss: 0.415
[56,   400] loss: 0.388
VALIDATION loss: 0.70337975025177
[57,    10] loss: 0.399
[57,    20] loss: 0.433
[57,    30] loss: 0.458
[57,    40] loss: 0.442
[57,    50] loss: 0.409
[57,    60] loss: 0.458
[57,    70] loss: 0.421
[57,    80] loss: 0.433
[57,    90] loss: 0.457
[57,   100] loss: 0.426
[57,   110] loss: 0.471
[57,   120] loss: 0.481
[57,   130] loss: 0.452
[57,   140] loss: 0.471
[57,   150] loss: 0.423
[57,   160] loss: 0.452
[57,   170] loss: 0.427
[57,   180] loss: 0.415
[57,   190] loss: 0.464
[57,   200] loss: 0.460
[57,   210] loss: 0.478
[57,   220] loss: 0.466
[57,   230] loss: 0.430
[57,   240] loss: 0.451
[57,   250] loss: 0.420
[57,   260] loss: 0.458
[57,   270] loss: 0.448
[57,   280] loss: 0.435
[57,   290] loss: 0.391
[57,   300] loss: 0.446
[57,   310] loss: 0.489
[57,   320] loss: 0.421
[57,   330] loss: 0.517
[57,   340] loss: 0.403
[57,   350] loss: 0.417
[57,   360] loss: 0.447
[57,   370] loss: 0.402
[57,   380] loss: 0.395
[57,   390] loss: 0.448
[57,   400] loss: 0.433
VALIDATION loss: 0.41342693567276
[58,    10] loss: 0.363
[58,    20] loss: 0.403
[58,    30] loss: 0.424
[58,    40] loss: 0.368
[58,    50] loss: 0.426
[58,    60] loss: 0.419
[58,    70] loss: 0.439
[58,    80] loss: 0.472
[58,    90] loss: 0.437
[58,   100] loss: 0.438
[58,   110] loss: 0.463
[58,   120] loss: 0.457
[58,   130] loss: 0.437
[58,   140] loss: 0.430
[58,   150] loss: 0.451
[58,   160] loss: 0.417
[58,   170] loss: 0.446
[58,   180] loss: 0.475
[58,   190] loss: 0.413
[58,   200] loss: 0.393
[58,   210] loss: 0.447
[58,   220] loss: 0.412
[58,   230] loss: 0.421
[58,   240] loss: 0.412
[58,   250] loss: 0.391
[58,   260] loss: 0.508
[58,   270] loss: 0.447
[58,   280] loss: 0.439
[58,   290] loss: 0.504
[58,   300] loss: 0.466
[58,   310] loss: 0.466
[58,   320] loss: 0.477
[58,   330] loss: 0.418
[58,   340] loss: 0.455
[58,   350] loss: 0.439
[58,   360] loss: 0.468
[58,   370] loss: 0.471
[58,   380] loss: 0.418
[58,   390] loss: 0.445
[58,   400] loss: 0.414
VALIDATION loss: 0.47752341628074646
[59,    10] loss: 0.443
[59,    20] loss: 0.433
[59,    30] loss: 0.497
[59,    40] loss: 0.453
[59,    50] loss: 0.464
[59,    60] loss: 0.423
[59,    70] loss: 0.373
[59,    80] loss: 0.536
[59,    90] loss: 0.470
[59,   100] loss: 0.433
[59,   110] loss: 0.405
[59,   120] loss: 0.457
[59,   130] loss: 0.423
[59,   140] loss: 0.434
[59,   150] loss: 0.476
[59,   160] loss: 0.461
[59,   170] loss: 0.433
[59,   180] loss: 0.432
[59,   190] loss: 0.393
[59,   200] loss: 0.422
[59,   210] loss: 0.450
[59,   220] loss: 0.394
[59,   230] loss: 0.433
[59,   240] loss: 0.455
[59,   250] loss: 0.399
[59,   260] loss: 0.407
[59,   270] loss: 0.433
[59,   280] loss: 0.442
[59,   290] loss: 0.418
[59,   300] loss: 0.448
[59,   310] loss: 0.435
[59,   320] loss: 0.383
[59,   330] loss: 0.432
[59,   340] loss: 0.396
[59,   350] loss: 0.438
[59,   360] loss: 0.471
[59,   370] loss: 0.407
[59,   380] loss: 0.411
[59,   390] loss: 0.391
[59,   400] loss: 0.444
VALIDATION loss: 0.4031543731689453
[60,    10] loss: 0.416
[60,    20] loss: 0.431
[60,    30] loss: 0.394
[60,    40] loss: 0.387
[60,    50] loss: 0.466
[60,    60] loss: 0.459
[60,    70] loss: 0.385
[60,    80] loss: 0.444
[60,    90] loss: 0.414
[60,   100] loss: 0.452
[60,   110] loss: 0.450
[60,   120] loss: 0.405
[60,   130] loss: 0.459
[60,   140] loss: 0.428
[60,   150] loss: 0.400
[60,   160] loss: 0.435
[60,   170] loss: 0.471
[60,   180] loss: 0.428
[60,   190] loss: 0.393
[60,   200] loss: 0.475
[60,   210] loss: 0.419
[60,   220] loss: 0.394
[60,   230] loss: 0.417
[60,   240] loss: 0.431
[60,   250] loss: 0.452
[60,   260] loss: 0.395
[60,   270] loss: 0.370
[60,   280] loss: 0.413
[60,   290] loss: 0.443
[60,   300] loss: 0.459
[60,   310] loss: 0.398
[60,   320] loss: 0.421
[60,   330] loss: 0.459
[60,   340] loss: 0.445
[60,   350] loss: 0.443
[60,   360] loss: 0.402
[60,   370] loss: 0.402
[60,   380] loss: 0.423
[60,   390] loss: 0.375
[60,   400] loss: 0.459
VALIDATION loss: 0.4539793133735657
[61,    10] loss: 0.413
[61,    20] loss: 0.443
[61,    30] loss: 0.471
[61,    40] loss: 0.443
[61,    50] loss: 0.371
[61,    60] loss: 0.446
[61,    70] loss: 0.434
[61,    80] loss: 0.431
[61,    90] loss: 0.363
[61,   100] loss: 0.426
[61,   110] loss: 0.442
[61,   120] loss: 0.387
[61,   130] loss: 0.409
[61,   140] loss: 0.403
[61,   150] loss: 0.444
[61,   160] loss: 0.355
[61,   170] loss: 0.439
[61,   180] loss: 0.420
[61,   190] loss: 0.423
[61,   200] loss: 0.404
[61,   210] loss: 0.444
[61,   220] loss: 0.441
[61,   230] loss: 0.390
[61,   240] loss: 0.446
[61,   250] loss: 0.433
[61,   260] loss: 0.449
[61,   270] loss: 0.369
[61,   280] loss: 0.419
[61,   290] loss: 0.446
[61,   300] loss: 0.457
[61,   310] loss: 0.388
[61,   320] loss: 0.416
[61,   330] loss: 0.370
[61,   340] loss: 0.434
[61,   350] loss: 0.412
[61,   360] loss: 0.416
[61,   370] loss: 0.407
[61,   380] loss: 0.420
[61,   390] loss: 0.446
[61,   400] loss: 0.413
VALIDATION loss: 0.4362109303474426
[62,    10] loss: 0.378
[62,    20] loss: 0.446
[62,    30] loss: 0.436
[62,    40] loss: 0.406
[62,    50] loss: 0.459
[62,    60] loss: 0.396
[62,    70] loss: 0.384
[62,    80] loss: 0.430
[62,    90] loss: 0.446
[62,   100] loss: 0.410
[62,   110] loss: 0.394
[62,   120] loss: 0.442
[62,   130] loss: 0.387
[62,   140] loss: 0.446
[62,   150] loss: 0.390
[62,   160] loss: 0.444
[62,   170] loss: 0.383
[62,   180] loss: 0.431
[62,   190] loss: 0.373
[62,   200] loss: 0.418
[62,   210] loss: 0.427
[62,   220] loss: 0.452
[62,   230] loss: 0.376
[62,   240] loss: 0.420
[62,   250] loss: 0.394
[62,   260] loss: 0.399
[62,   270] loss: 0.402
[62,   280] loss: 0.453
[62,   290] loss: 0.451
[62,   300] loss: 0.420
[62,   310] loss: 0.371
[62,   320] loss: 0.414
[62,   330] loss: 0.377
[62,   340] loss: 0.431
[62,   350] loss: 0.411
[62,   360] loss: 0.467
[62,   370] loss: 0.429
[62,   380] loss: 0.424
[62,   390] loss: 0.405
[62,   400] loss: 0.417
VALIDATION loss: 0.39313018321990967
[63,    10] loss: 0.404
[63,    20] loss: 0.447
[63,    30] loss: 0.407
[63,    40] loss: 0.409
[63,    50] loss: 0.446
[63,    60] loss: 0.460
[63,    70] loss: 0.407
[63,    80] loss: 0.402
[63,    90] loss: 0.445
[63,   100] loss: 0.429
[63,   110] loss: 0.402
[63,   120] loss: 0.406
[63,   130] loss: 0.446
[63,   140] loss: 0.378
[63,   150] loss: 0.380
[63,   160] loss: 0.367
[63,   170] loss: 0.351
[63,   180] loss: 0.398
[63,   190] loss: 0.425
[63,   200] loss: 0.425
[63,   210] loss: 0.388
[63,   220] loss: 0.439
[63,   230] loss: 0.386
[63,   240] loss: 0.391
[63,   250] loss: 0.450
[63,   260] loss: 0.416
[63,   270] loss: 0.386
[63,   280] loss: 0.431
[63,   290] loss: 0.388
[63,   300] loss: 0.405
[63,   310] loss: 0.405
[63,   320] loss: 0.419
[63,   330] loss: 0.394
[63,   340] loss: 0.407
[63,   350] loss: 0.426
[63,   360] loss: 0.411
[63,   370] loss: 0.400
[63,   380] loss: 0.396
[63,   390] loss: 0.413
[63,   400] loss: 0.395
VALIDATION loss: 0.44128021597862244
[64,    10] loss: 0.423
[64,    20] loss: 0.388
[64,    30] loss: 0.398
[64,    40] loss: 0.439
[64,    50] loss: 0.395
[64,    60] loss: 0.419
[64,    70] loss: 0.306
[64,    80] loss: 0.362
[64,    90] loss: 0.426
[64,   100] loss: 0.402
[64,   110] loss: 0.439
[64,   120] loss: 0.437
[64,   130] loss: 0.361
[64,   140] loss: 0.407
[64,   150] loss: 0.403
[64,   160] loss: 0.386
[64,   170] loss: 0.414
[64,   180] loss: 0.392
[64,   190] loss: 0.381
[64,   200] loss: 0.470
[64,   210] loss: 0.401
[64,   220] loss: 0.452
[64,   230] loss: 0.399
[64,   240] loss: 0.463
[64,   250] loss: 0.414
[64,   260] loss: 0.413
[64,   270] loss: 0.409
[64,   280] loss: 0.375
[64,   290] loss: 0.390
[64,   300] loss: 0.400
[64,   310] loss: 0.424
[64,   320] loss: 0.437
[64,   330] loss: 0.409
[64,   340] loss: 0.383
[64,   350] loss: 0.387
[64,   360] loss: 0.451
[64,   370] loss: 0.436
[64,   380] loss: 0.409
[64,   390] loss: 0.395
[64,   400] loss: 0.408
VALIDATION loss: 0.38357600569725037
[65,    10] loss: 0.477
[65,    20] loss: 0.380
[65,    30] loss: 0.406
[65,    40] loss: 0.424
[65,    50] loss: 0.369
[65,    60] loss: 0.510
[65,    70] loss: 0.428
[65,    80] loss: 0.410
[65,    90] loss: 0.421
[65,   100] loss: 0.367
[65,   110] loss: 0.403
[65,   120] loss: 0.418
[65,   130] loss: 0.388
[65,   140] loss: 0.388
[65,   150] loss: 0.380
[65,   160] loss: 0.386
[65,   170] loss: 0.392
[65,   180] loss: 0.393
[65,   190] loss: 0.398
[65,   200] loss: 0.384
[65,   210] loss: 0.376
[65,   220] loss: 0.410
[65,   230] loss: 0.416
[65,   240] loss: 0.355
[65,   250] loss: 0.402
[65,   260] loss: 0.412
[65,   270] loss: 0.400
[65,   280] loss: 0.459
[65,   290] loss: 0.355
[65,   300] loss: 0.453
[65,   310] loss: 0.382
[65,   320] loss: 0.372
[65,   330] loss: 0.359
[65,   340] loss: 0.370
[65,   350] loss: 0.396
[65,   360] loss: 0.377
[65,   370] loss: 0.414
[65,   380] loss: 0.420
[65,   390] loss: 0.398
[65,   400] loss: 0.365
VALIDATION loss: 0.3689977526664734
[66,    10] loss: 0.393
[66,    20] loss: 0.371
[66,    30] loss: 0.384
[66,    40] loss: 0.362
[66,    50] loss: 0.384
[66,    60] loss: 0.354
[66,    70] loss: 0.391
[66,    80] loss: 0.367
[66,    90] loss: 0.369
[66,   100] loss: 0.360
[66,   110] loss: 0.404
[66,   120] loss: 0.415
[66,   130] loss: 0.397
[66,   140] loss: 0.383
[66,   150] loss: 0.410
[66,   160] loss: 0.428
[66,   170] loss: 0.403
[66,   180] loss: 0.413
[66,   190] loss: 0.440
[66,   200] loss: 0.393
[66,   210] loss: 0.410
[66,   220] loss: 0.398
[66,   230] loss: 0.429
[66,   240] loss: 0.395
[66,   250] loss: 0.417
[66,   260] loss: 0.371
[66,   270] loss: 0.382
[66,   280] loss: 0.487
[66,   290] loss: 0.427
[66,   300] loss: 0.398
[66,   310] loss: 0.376
[66,   320] loss: 0.418
[66,   330] loss: 0.439
[66,   340] loss: 0.445
[66,   350] loss: 0.357
[66,   360] loss: 0.423
[66,   370] loss: 0.410
[66,   380] loss: 0.374
[66,   390] loss: 0.405
[66,   400] loss: 0.419
VALIDATION loss: 0.48965197801589966
[67,    10] loss: 0.434
[67,    20] loss: 0.380
[67,    30] loss: 0.412
[67,    40] loss: 0.433
[67,    50] loss: 0.401
[67,    60] loss: 0.403
[67,    70] loss: 0.391
[67,    80] loss: 0.381
[67,    90] loss: 0.402
[67,   100] loss: 0.399
[67,   110] loss: 0.394
[67,   120] loss: 0.393
[67,   130] loss: 0.367
[67,   140] loss: 0.421
[67,   150] loss: 0.357
[67,   160] loss: 0.427
[67,   170] loss: 0.405
[67,   180] loss: 0.446
[67,   190] loss: 0.389
[67,   200] loss: 0.396
[67,   210] loss: 0.351
[67,   220] loss: 0.365
[67,   230] loss: 0.349
[67,   240] loss: 0.371
[67,   250] loss: 0.373
[67,   260] loss: 0.381
[67,   270] loss: 0.391
[67,   280] loss: 0.401
[67,   290] loss: 0.372
[67,   300] loss: 0.369
[67,   310] loss: 0.388
[67,   320] loss: 0.412
[67,   330] loss: 0.411
[67,   340] loss: 0.358
[67,   350] loss: 0.408
[67,   360] loss: 0.345
[67,   370] loss: 0.387
[67,   380] loss: 0.358
[67,   390] loss: 0.410
[67,   400] loss: 0.382
VALIDATION loss: 0.365710586309433
[68,    10] loss: 0.387
[68,    20] loss: 0.420
[68,    30] loss: 0.403
[68,    40] loss: 0.376
[68,    50] loss: 0.416
[68,    60] loss: 0.390
[68,    70] loss: 0.377
[68,    80] loss: 0.356
[68,    90] loss: 0.367
[68,   100] loss: 0.420
[68,   110] loss: 0.392
[68,   120] loss: 0.351
[68,   130] loss: 0.357
[68,   140] loss: 0.388
[68,   150] loss: 0.423
[68,   160] loss: 0.393
[68,   170] loss: 0.377
[68,   180] loss: 0.399
[68,   190] loss: 0.387
[68,   200] loss: 0.389
[68,   210] loss: 0.411
[68,   220] loss: 0.424
[68,   230] loss: 0.383
[68,   240] loss: 0.383
[68,   250] loss: 0.422
[68,   260] loss: 0.372
[68,   270] loss: 0.415
[68,   280] loss: 0.361
[68,   290] loss: 0.367
[68,   300] loss: 0.373
[68,   310] loss: 0.365
[68,   320] loss: 0.393
[68,   330] loss: 0.351
[68,   340] loss: 0.365
[68,   350] loss: 0.341
[68,   360] loss: 0.381
[68,   370] loss: 0.402
[68,   380] loss: 0.412
[68,   390] loss: 0.410
[68,   400] loss: 0.386
VALIDATION loss: 0.39870545268058777
[69,    10] loss: 0.370
[69,    20] loss: 0.433
[69,    30] loss: 0.405
[69,    40] loss: 0.388
[69,    50] loss: 0.390
[69,    60] loss: 0.357
[69,    70] loss: 0.450
[69,    80] loss: 0.384
[69,    90] loss: 0.376
[69,   100] loss: 0.351
[69,   110] loss: 0.374
[69,   120] loss: 0.342
[69,   130] loss: 0.404
[69,   140] loss: 0.383
[69,   150] loss: 0.376
[69,   160] loss: 0.357
[69,   170] loss: 0.384
[69,   180] loss: 0.364
[69,   190] loss: 0.399
[69,   200] loss: 0.493
[69,   210] loss: 0.423
[69,   220] loss: 0.324
[69,   230] loss: 0.326
[69,   240] loss: 0.418
[69,   250] loss: 0.407
[69,   260] loss: 0.382
[69,   270] loss: 0.386
[69,   280] loss: 0.364
[69,   290] loss: 0.389
[69,   300] loss: 0.402
[69,   310] loss: 0.388
[69,   320] loss: 0.461
[69,   330] loss: 0.359
[69,   340] loss: 0.410
[69,   350] loss: 0.401
[69,   360] loss: 0.402
[69,   370] loss: 0.343
[69,   380] loss: 0.429
[69,   390] loss: 0.381
[69,   400] loss: 0.358
VALIDATION loss: 0.4056069254875183
[70,    10] loss: 0.441
[70,    20] loss: 0.401
[70,    30] loss: 0.382
[70,    40] loss: 0.392
[70,    50] loss: 0.327
[70,    60] loss: 0.392
[70,    70] loss: 0.355
[70,    80] loss: 0.425
[70,    90] loss: 0.351
[70,   100] loss: 0.381
[70,   110] loss: 0.386
[70,   120] loss: 0.394
[70,   130] loss: 0.390
[70,   140] loss: 0.365
[70,   150] loss: 0.395
[70,   160] loss: 0.412
[70,   170] loss: 0.356
[70,   180] loss: 0.368
[70,   190] loss: 0.337
[70,   200] loss: 0.353
[70,   210] loss: 0.360
[70,   220] loss: 0.400
[70,   230] loss: 0.381
[70,   240] loss: 0.313
[70,   250] loss: 0.384
[70,   260] loss: 0.386
[70,   270] loss: 0.377
[70,   280] loss: 0.387
[70,   290] loss: 0.376
[70,   300] loss: 0.432
[70,   310] loss: 0.377
[70,   320] loss: 0.344
[70,   330] loss: 0.401
[70,   340] loss: 0.347
[70,   350] loss: 0.382
[70,   360] loss: 0.361
[70,   370] loss: 0.310
[70,   380] loss: 0.402
[70,   390] loss: 0.388
[70,   400] loss: 0.375
VALIDATION loss: 0.3919733166694641
[71,    10] loss: 0.310
[71,    20] loss: 0.334
[71,    30] loss: 0.377
[71,    40] loss: 0.338
[71,    50] loss: 0.393
[71,    60] loss: 0.329
[71,    70] loss: 0.367
[71,    80] loss: 0.404
[71,    90] loss: 0.351
[71,   100] loss: 0.363
[71,   110] loss: 0.371
[71,   120] loss: 0.387
[71,   130] loss: 0.373
[71,   140] loss: 0.383
[71,   150] loss: 0.371
[71,   160] loss: 0.376
[71,   170] loss: 0.366
[71,   180] loss: 0.367
[71,   190] loss: 0.378
[71,   200] loss: 0.328
[71,   210] loss: 0.414
[71,   220] loss: 0.357
[71,   230] loss: 0.390
[71,   240] loss: 0.392
[71,   250] loss: 0.410
[71,   260] loss: 0.360
[71,   270] loss: 0.425
[71,   280] loss: 0.411
[71,   290] loss: 0.387
[71,   300] loss: 0.375
[71,   310] loss: 0.408
[71,   320] loss: 0.384
[71,   330] loss: 0.385
[71,   340] loss: 0.340
[71,   350] loss: 0.369
[71,   360] loss: 0.397
[71,   370] loss: 0.363
[71,   380] loss: 0.387
[71,   390] loss: 0.345
[71,   400] loss: 0.372
VALIDATION loss: 0.38752445578575134
[72,    10] loss: 0.362
[72,    20] loss: 0.404
[72,    30] loss: 0.341
[72,    40] loss: 0.397
[72,    50] loss: 0.332
[72,    60] loss: 0.376
[72,    70] loss: 0.384
[72,    80] loss: 0.290
[72,    90] loss: 0.392
[72,   100] loss: 0.355
[72,   110] loss: 0.397
[72,   120] loss: 0.400
[72,   130] loss: 0.380
[72,   140] loss: 0.372
[72,   150] loss: 0.363
[72,   160] loss: 0.332
[72,   170] loss: 0.361
[72,   180] loss: 0.390
[72,   190] loss: 0.393
[72,   200] loss: 0.407
[72,   210] loss: 0.334
[72,   220] loss: 0.362
[72,   230] loss: 0.356
[72,   240] loss: 0.373
[72,   250] loss: 0.387
[72,   260] loss: 0.435
[72,   270] loss: 0.402
[72,   280] loss: 0.322
[72,   290] loss: 0.416
[72,   300] loss: 0.370
[72,   310] loss: 0.350
[72,   320] loss: 0.430
[72,   330] loss: 0.363
[72,   340] loss: 0.356
[72,   350] loss: 0.397
[72,   360] loss: 0.392
[72,   370] loss: 0.362
[72,   380] loss: 0.330
[72,   390] loss: 0.372
[72,   400] loss: 0.383
VALIDATION loss: 0.37680861353874207
[73,    10] loss: 0.404
[73,    20] loss: 0.354
[73,    30] loss: 0.427
[73,    40] loss: 0.376
[73,    50] loss: 0.333
[73,    60] loss: 0.368
[73,    70] loss: 0.382
[73,    80] loss: 0.355
[73,    90] loss: 0.329
[73,   100] loss: 0.357
[73,   110] loss: 0.348
[73,   120] loss: 0.399
[73,   130] loss: 0.382
[73,   140] loss: 0.351
[73,   150] loss: 0.353
[73,   160] loss: 0.382
[73,   170] loss: 0.387
[73,   180] loss: 0.380
[73,   190] loss: 0.342
[73,   200] loss: 0.377
[73,   210] loss: 0.360
[73,   220] loss: 0.306
[73,   230] loss: 0.316
[73,   240] loss: 0.399
[73,   250] loss: 0.371
[73,   260] loss: 0.360
[73,   270] loss: 0.377
[73,   280] loss: 0.364
[73,   290] loss: 0.384
[73,   300] loss: 0.414
[73,   310] loss: 0.358
[73,   320] loss: 0.347
[73,   330] loss: 0.354
[73,   340] loss: 0.375
[73,   350] loss: 0.395
[73,   360] loss: 0.367
[73,   370] loss: 0.401
[73,   380] loss: 0.328
[73,   390] loss: 0.366
[73,   400] loss: 0.426
VALIDATION loss: 0.36200955510139465
[74,    10] loss: 0.408
[74,    20] loss: 0.341
[74,    30] loss: 0.397
[74,    40] loss: 0.420
[74,    50] loss: 0.340
[74,    60] loss: 0.400
[74,    70] loss: 0.373
[74,    80] loss: 0.336
[74,    90] loss: 0.389
[74,   100] loss: 0.367
[74,   110] loss: 0.363
[74,   120] loss: 0.399
[74,   130] loss: 0.364
[74,   140] loss: 0.363
[74,   150] loss: 0.383
[74,   160] loss: 0.339
[74,   170] loss: 0.396
[74,   180] loss: 0.345
[74,   190] loss: 0.366
[74,   200] loss: 0.327
[74,   210] loss: 0.367
[74,   220] loss: 0.363
[74,   230] loss: 0.371
[74,   240] loss: 0.364
[74,   250] loss: 0.379
[74,   260] loss: 0.383
[74,   270] loss: 0.342
[74,   280] loss: 0.342
[74,   290] loss: 0.314
[74,   300] loss: 0.308
[74,   310] loss: 0.356
[74,   320] loss: 0.400
[74,   330] loss: 0.345
[74,   340] loss: 0.401
[74,   350] loss: 0.408
[74,   360] loss: 0.340
[74,   370] loss: 0.346
[74,   380] loss: 0.365
[74,   390] loss: 0.356
[74,   400] loss: 0.365
VALIDATION loss: 0.3405511677265167
[75,    10] loss: 0.375
[75,    20] loss: 0.419
[75,    30] loss: 0.345
[75,    40] loss: 0.376
[75,    50] loss: 0.350
[75,    60] loss: 0.395
[75,    70] loss: 0.368
[75,    80] loss: 0.338
[75,    90] loss: 0.389
[75,   100] loss: 0.345
[75,   110] loss: 0.377
[75,   120] loss: 0.385
[75,   130] loss: 0.384
[75,   140] loss: 0.352
[75,   150] loss: 0.360
[75,   160] loss: 0.350
[75,   170] loss: 0.377
[75,   180] loss: 0.393
[75,   190] loss: 0.317
[75,   200] loss: 0.392
[75,   210] loss: 0.349
[75,   220] loss: 0.357
[75,   230] loss: 0.332
[75,   240] loss: 0.363
[75,   250] loss: 0.330
[75,   260] loss: 0.369
[75,   270] loss: 0.392
[75,   280] loss: 0.330
[75,   290] loss: 0.326
[75,   300] loss: 0.348
[75,   310] loss: 0.406
[75,   320] loss: 0.356
[75,   330] loss: 0.346
[75,   340] loss: 0.369
[75,   350] loss: 0.378
[75,   360] loss: 0.320
[75,   370] loss: 0.380
[75,   380] loss: 0.347
[75,   390] loss: 0.323
[75,   400] loss: 0.326
VALIDATION loss: 0.35539108514785767
[76,    10] loss: 0.423
[76,    20] loss: 0.338
[76,    30] loss: 0.344
[76,    40] loss: 0.321
[76,    50] loss: 0.362
[76,    60] loss: 0.367
[76,    70] loss: 0.335
[76,    80] loss: 0.419
[76,    90] loss: 0.361
[76,   100] loss: 0.376
[76,   110] loss: 0.356
[76,   120] loss: 0.371
[76,   130] loss: 0.434
[76,   140] loss: 0.310
[76,   150] loss: 0.324
[76,   160] loss: 0.385
[76,   170] loss: 0.331
[76,   180] loss: 0.288
[76,   190] loss: 0.342
[76,   200] loss: 0.379
[76,   210] loss: 0.387
[76,   220] loss: 0.374
[76,   230] loss: 0.318
[76,   240] loss: 0.416
[76,   250] loss: 0.311
[76,   260] loss: 0.378
[76,   270] loss: 0.367
[76,   280] loss: 0.325
[76,   290] loss: 0.371
[76,   300] loss: 0.403
[76,   310] loss: 0.340
[76,   320] loss: 0.301
[76,   330] loss: 0.366
[76,   340] loss: 0.332
[76,   350] loss: 0.375
[76,   360] loss: 0.323
[76,   370] loss: 0.371
[76,   380] loss: 0.369
[76,   390] loss: 0.378
[76,   400] loss: 0.326
VALIDATION loss: 0.34888288378715515
[77,    10] loss: 0.393
[77,    20] loss: 0.382
[77,    30] loss: 0.372
[77,    40] loss: 0.389
[77,    50] loss: 0.351
[77,    60] loss: 0.337
[77,    70] loss: 0.316
[77,    80] loss: 0.350
[77,    90] loss: 0.380
[77,   100] loss: 0.353
[77,   110] loss: 0.375
[77,   120] loss: 0.336
[77,   130] loss: 0.367
[77,   140] loss: 0.374
[77,   150] loss: 0.347
[77,   160] loss: 0.350
[77,   170] loss: 0.351
[77,   180] loss: 0.372
[77,   190] loss: 0.350
[77,   200] loss: 0.347
[77,   210] loss: 0.407
[77,   220] loss: 0.345
[77,   230] loss: 0.344
[77,   240] loss: 0.332
[77,   250] loss: 0.320
[77,   260] loss: 0.412
[77,   270] loss: 0.310
[77,   280] loss: 0.367
[77,   290] loss: 0.335
[77,   300] loss: 0.325
[77,   310] loss: 0.312
[77,   320] loss: 0.343
[77,   330] loss: 0.369
[77,   340] loss: 0.407
[77,   350] loss: 0.344
[77,   360] loss: 0.372
[77,   370] loss: 0.328
[77,   380] loss: 0.332
[77,   390] loss: 0.310
[77,   400] loss: 0.321
VALIDATION loss: 0.3349030315876007
[78,    10] loss: 0.320
[78,    20] loss: 0.359
[78,    30] loss: 0.339
[78,    40] loss: 0.298
[78,    50] loss: 0.321
[78,    60] loss: 0.405
[78,    70] loss: 0.333
[78,    80] loss: 0.353
[78,    90] loss: 0.387
[78,   100] loss: 0.316
[78,   110] loss: 0.343
[78,   120] loss: 0.359
[78,   130] loss: 0.371
[78,   140] loss: 0.356
[78,   150] loss: 0.335
[78,   160] loss: 0.332
[78,   170] loss: 0.314
[78,   180] loss: 0.368
[78,   190] loss: 0.349
[78,   200] loss: 0.320
[78,   210] loss: 0.330
[78,   220] loss: 0.321
[78,   230] loss: 0.313
[78,   240] loss: 0.355
[78,   250] loss: 0.379
[78,   260] loss: 0.336
[78,   270] loss: 0.340
[78,   280] loss: 0.430
[78,   290] loss: 0.403
[78,   300] loss: 0.334
[78,   310] loss: 0.411
[78,   320] loss: 0.326
[78,   330] loss: 0.389
[78,   340] loss: 0.380
[78,   350] loss: 0.390
[78,   360] loss: 0.317
[78,   370] loss: 0.323
[78,   380] loss: 0.397
[78,   390] loss: 0.359
[78,   400] loss: 0.340
VALIDATION loss: 0.3373732268810272
[79,    10] loss: 0.320
[79,    20] loss: 0.322
[79,    30] loss: 0.349
[79,    40] loss: 0.341
[79,    50] loss: 0.314
[79,    60] loss: 0.338
[79,    70] loss: 0.318
[79,    80] loss: 0.366
[79,    90] loss: 0.375
[79,   100] loss: 0.356
[79,   110] loss: 0.359
[79,   120] loss: 0.382
[79,   130] loss: 0.375
[79,   140] loss: 0.334
[79,   150] loss: 0.339
[79,   160] loss: 0.303
[79,   170] loss: 0.348
[79,   180] loss: 0.356
[79,   190] loss: 0.353
[79,   200] loss: 0.379
[79,   210] loss: 0.330
[79,   220] loss: 0.367
[79,   230] loss: 0.386
[79,   240] loss: 0.335
[79,   250] loss: 0.349
[79,   260] loss: 0.327
[79,   270] loss: 0.321
[79,   280] loss: 0.312
[79,   290] loss: 0.412
[79,   300] loss: 0.393
[79,   310] loss: 0.316
[79,   320] loss: 0.348
[79,   330] loss: 0.331
[79,   340] loss: 0.374
[79,   350] loss: 0.339
[79,   360] loss: 0.399
[79,   370] loss: 0.350
[79,   380] loss: 0.396
[79,   390] loss: 0.339
[79,   400] loss: 0.358
VALIDATION loss: 0.3790716826915741
[80,    10] loss: 0.365
[80,    20] loss: 0.388
[80,    30] loss: 0.297
[80,    40] loss: 0.323
[80,    50] loss: 0.325
[80,    60] loss: 0.355
[80,    70] loss: 0.337
[80,    80] loss: 0.335
[80,    90] loss: 0.351
[80,   100] loss: 0.331
[80,   110] loss: 0.359
[80,   120] loss: 0.324
[80,   130] loss: 0.348
[80,   140] loss: 0.357
[80,   150] loss: 0.358
[80,   160] loss: 0.315
[80,   170] loss: 0.346
[80,   180] loss: 0.333
[80,   190] loss: 0.338
[80,   200] loss: 0.356
[80,   210] loss: 0.329
[80,   220] loss: 0.348
[80,   230] loss: 0.344
[80,   240] loss: 0.340
[80,   250] loss: 0.394
[80,   260] loss: 0.313
[80,   270] loss: 0.348
[80,   280] loss: 0.317
[80,   290] loss: 0.344
[80,   300] loss: 0.359
[80,   310] loss: 0.319
[80,   320] loss: 0.369
[80,   330] loss: 0.337
[80,   340] loss: 0.365
[80,   350] loss: 0.324
[80,   360] loss: 0.352
[80,   370] loss: 0.352
[80,   380] loss: 0.370
[80,   390] loss: 0.337
[80,   400] loss: 0.354
VALIDATION loss: 0.3350909650325775
[81,    10] loss: 0.333
[81,    20] loss: 0.349
[81,    30] loss: 0.331
[81,    40] loss: 0.370
[81,    50] loss: 0.350
[81,    60] loss: 0.380
[81,    70] loss: 0.378
[81,    80] loss: 0.371
[81,    90] loss: 0.344
[81,   100] loss: 0.355
[81,   110] loss: 0.320
[81,   120] loss: 0.369
[81,   130] loss: 0.362
[81,   140] loss: 0.313
[81,   150] loss: 0.275
[81,   160] loss: 0.340
[81,   170] loss: 0.364
[81,   180] loss: 0.384
[81,   190] loss: 0.393
[81,   200] loss: 0.353
[81,   210] loss: 0.356
[81,   220] loss: 0.367
[81,   230] loss: 0.340
[81,   240] loss: 0.332
[81,   250] loss: 0.339
[81,   260] loss: 0.338
[81,   270] loss: 0.316
[81,   280] loss: 0.327
[81,   290] loss: 0.369
[81,   300] loss: 0.298
[81,   310] loss: 0.347
[81,   320] loss: 0.312
[81,   330] loss: 0.348
[81,   340] loss: 0.376
[81,   350] loss: 0.310
[81,   360] loss: 0.323
[81,   370] loss: 0.352
[81,   380] loss: 0.335
[81,   390] loss: 0.341
[81,   400] loss: 0.323
VALIDATION loss: 0.3289206326007843
[82,    10] loss: 0.333
[82,    20] loss: 0.303
[82,    30] loss: 0.328
[82,    40] loss: 0.331
[82,    50] loss: 0.366
[82,    60] loss: 0.353
[82,    70] loss: 0.325
[82,    80] loss: 0.371
[82,    90] loss: 0.365
[82,   100] loss: 0.339
[82,   110] loss: 0.338
[82,   120] loss: 0.330
[82,   130] loss: 0.337
[82,   140] loss: 0.329
[82,   150] loss: 0.372
[82,   160] loss: 0.326
[82,   170] loss: 0.314
[82,   180] loss: 0.330
[82,   190] loss: 0.338
[82,   200] loss: 0.379
[82,   210] loss: 0.371
[82,   220] loss: 0.357
[82,   230] loss: 0.321
[82,   240] loss: 0.308
[82,   250] loss: 0.309
[82,   260] loss: 0.352
[82,   270] loss: 0.320
[82,   280] loss: 0.363
[82,   290] loss: 0.308
[82,   300] loss: 0.344
[82,   310] loss: 0.336
[82,   320] loss: 0.346
[82,   330] loss: 0.366
[82,   340] loss: 0.335
[82,   350] loss: 0.339
[82,   360] loss: 0.307
[82,   370] loss: 0.335
[82,   380] loss: 0.339
[82,   390] loss: 0.303
[82,   400] loss: 0.313
VALIDATION loss: 0.3938720226287842
[83,    10] loss: 0.361
[83,    20] loss: 0.322
[83,    30] loss: 0.310
[83,    40] loss: 0.345
[83,    50] loss: 0.371
[83,    60] loss: 0.290
[83,    70] loss: 0.305
[83,    80] loss: 0.325
[83,    90] loss: 0.294
[83,   100] loss: 0.351
[83,   110] loss: 0.342
[83,   120] loss: 0.335
[83,   130] loss: 0.312
[83,   140] loss: 0.367
[83,   150] loss: 0.330
[83,   160] loss: 0.384
[83,   170] loss: 0.318
[83,   180] loss: 0.351
[83,   190] loss: 0.350
[83,   200] loss: 0.296
[83,   210] loss: 0.364
[83,   220] loss: 0.356
[83,   230] loss: 0.321
[83,   240] loss: 0.311
[83,   250] loss: 0.314
[83,   260] loss: 0.311
[83,   270] loss: 0.357
[83,   280] loss: 0.331
[83,   290] loss: 0.308
[83,   300] loss: 0.357
[83,   310] loss: 0.339
[83,   320] loss: 0.310
[83,   330] loss: 0.330
[83,   340] loss: 0.293
[83,   350] loss: 0.317
[83,   360] loss: 0.303
[83,   370] loss: 0.392
[83,   380] loss: 0.313
[83,   390] loss: 0.328
[83,   400] loss: 0.379
VALIDATION loss: 0.37119486927986145
[84,    10] loss: 0.345
[84,    20] loss: 0.354
[84,    30] loss: 0.318
[84,    40] loss: 0.320
[84,    50] loss: 0.316
[84,    60] loss: 0.337
[84,    70] loss: 0.323
[84,    80] loss: 0.319
[84,    90] loss: 0.337
[84,   100] loss: 0.317
[84,   110] loss: 0.319
[84,   120] loss: 0.350
[84,   130] loss: 0.317
[84,   140] loss: 0.313
[84,   150] loss: 0.310
[84,   160] loss: 0.327
[84,   170] loss: 0.332
[84,   180] loss: 0.315
[84,   190] loss: 0.311
[84,   200] loss: 0.325
[84,   210] loss: 0.324
[84,   220] loss: 0.323
[84,   230] loss: 0.318
[84,   240] loss: 0.346
[84,   250] loss: 0.341
[84,   260] loss: 0.339
[84,   270] loss: 0.304
[84,   280] loss: 0.330
[84,   290] loss: 0.285
[84,   300] loss: 0.366
[84,   310] loss: 0.389
[84,   320] loss: 0.301
[84,   330] loss: 0.388
[84,   340] loss: 0.312
[84,   350] loss: 0.302
[84,   360] loss: 0.356
[84,   370] loss: 0.326
[84,   380] loss: 0.340
[84,   390] loss: 0.301
[84,   400] loss: 0.373
VALIDATION loss: 0.352742463350296
[85,    10] loss: 0.320
[85,    20] loss: 0.321
[85,    30] loss: 0.276
[85,    40] loss: 0.337
[85,    50] loss: 0.370
[85,    60] loss: 0.310
[85,    70] loss: 0.328
[85,    80] loss: 0.311
[85,    90] loss: 0.364
[85,   100] loss: 0.355
[85,   110] loss: 0.342
[85,   120] loss: 0.367
[85,   130] loss: 0.300
[85,   140] loss: 0.317
[85,   150] loss: 0.308
[85,   160] loss: 0.384
[85,   170] loss: 0.278
[85,   180] loss: 0.343
[85,   190] loss: 0.331
[85,   200] loss: 0.304
[85,   210] loss: 0.319
[85,   220] loss: 0.305
[85,   230] loss: 0.389
[85,   240] loss: 0.327
[85,   250] loss: 0.351
[85,   260] loss: 0.360
[85,   270] loss: 0.309
[85,   280] loss: 0.334
[85,   290] loss: 0.305
[85,   300] loss: 0.370
[85,   310] loss: 0.291
[85,   320] loss: 0.380
[85,   330] loss: 0.331
[85,   340] loss: 0.282
[85,   350] loss: 0.284
[85,   360] loss: 0.301
[85,   370] loss: 0.324
[85,   380] loss: 0.350
[85,   390] loss: 0.327
[85,   400] loss: 0.292
VALIDATION loss: 0.3236640989780426
[86,    10] loss: 0.350
[86,    20] loss: 0.310
[86,    30] loss: 0.304
[86,    40] loss: 0.335
[86,    50] loss: 0.332
[86,    60] loss: 0.323
[86,    70] loss: 0.320
[86,    80] loss: 0.326
[86,    90] loss: 0.318
[86,   100] loss: 0.354
[86,   110] loss: 0.305
[86,   120] loss: 0.293
[86,   130] loss: 0.314
[86,   140] loss: 0.297
[86,   150] loss: 0.329
[86,   160] loss: 0.297
[86,   170] loss: 0.378
[86,   180] loss: 0.338
[86,   190] loss: 0.366
[86,   200] loss: 0.311
[86,   210] loss: 0.301
[86,   220] loss: 0.287
[86,   230] loss: 0.344
[86,   240] loss: 0.358
[86,   250] loss: 0.354
[86,   260] loss: 0.291
[86,   270] loss: 0.335
[86,   280] loss: 0.325
[86,   290] loss: 0.388
[86,   300] loss: 0.280
[86,   310] loss: 0.309
[86,   320] loss: 0.300
[86,   330] loss: 0.307
[86,   340] loss: 0.286
[86,   350] loss: 0.353
[86,   360] loss: 0.290
[86,   370] loss: 0.316
[86,   380] loss: 0.315
[86,   390] loss: 0.359
[86,   400] loss: 0.380
VALIDATION loss: 0.3378475308418274
[87,    10] loss: 0.362
[87,    20] loss: 0.321
[87,    30] loss: 0.310
[87,    40] loss: 0.305
[87,    50] loss: 0.349
[87,    60] loss: 0.323
[87,    70] loss: 0.378
[87,    80] loss: 0.322
[87,    90] loss: 0.319
[87,   100] loss: 0.325
[87,   110] loss: 0.316
[87,   120] loss: 0.338
[87,   130] loss: 0.296
[87,   140] loss: 0.283
[87,   150] loss: 0.339
[87,   160] loss: 0.371
[87,   170] loss: 0.367
[87,   180] loss: 0.373
[87,   190] loss: 0.306
[87,   200] loss: 0.323
[87,   210] loss: 0.335
[87,   220] loss: 0.292
[87,   230] loss: 0.321
[87,   240] loss: 0.348
[87,   250] loss: 0.334
[87,   260] loss: 0.354
[87,   270] loss: 0.302
[87,   280] loss: 0.340
[87,   290] loss: 0.302
[87,   300] loss: 0.318
[87,   310] loss: 0.311
[87,   320] loss: 0.319
[87,   330] loss: 0.314
[87,   340] loss: 0.333
[87,   350] loss: 0.341
[87,   360] loss: 0.340
[87,   370] loss: 0.335
[87,   380] loss: 0.349
[87,   390] loss: 0.344
[87,   400] loss: 0.285
VALIDATION loss: 0.31497514247894287
[88,    10] loss: 0.322
[88,    20] loss: 0.386
[88,    30] loss: 0.342
[88,    40] loss: 0.339
[88,    50] loss: 0.300
[88,    60] loss: 0.342
[88,    70] loss: 0.338
[88,    80] loss: 0.325
[88,    90] loss: 0.353
[88,   100] loss: 0.265
[88,   110] loss: 0.293
[88,   120] loss: 0.376
[88,   130] loss: 0.356
[88,   140] loss: 0.293
[88,   150] loss: 0.289
[88,   160] loss: 0.342
[88,   170] loss: 0.348
[88,   180] loss: 0.322
[88,   190] loss: 0.278
[88,   200] loss: 0.332
[88,   210] loss: 0.316
[88,   220] loss: 0.353
[88,   230] loss: 0.255
[88,   240] loss: 0.330
[88,   250] loss: 0.310
[88,   260] loss: 0.294
[88,   270] loss: 0.305
[88,   280] loss: 0.322
[88,   290] loss: 0.334
[88,   300] loss: 0.296
[88,   310] loss: 0.284
[88,   320] loss: 0.389
[88,   330] loss: 0.303
[88,   340] loss: 0.345
[88,   350] loss: 0.292
[88,   360] loss: 0.296
[88,   370] loss: 0.292
[88,   380] loss: 0.283
[88,   390] loss: 0.303
[88,   400] loss: 0.324
VALIDATION loss: 0.3203924894332886
[89,    10] loss: 0.306
[89,    20] loss: 0.295
[89,    30] loss: 0.360
[89,    40] loss: 0.318
[89,    50] loss: 0.292
[89,    60] loss: 0.280
[89,    70] loss: 0.327
[89,    80] loss: 0.325
[89,    90] loss: 0.294
[89,   100] loss: 0.355
[89,   110] loss: 0.326
[89,   120] loss: 0.306
[89,   130] loss: 0.388
[89,   140] loss: 0.321
[89,   150] loss: 0.326
[89,   160] loss: 0.289
[89,   170] loss: 0.341
[89,   180] loss: 0.269
[89,   190] loss: 0.306
[89,   200] loss: 0.327
[89,   210] loss: 0.311
[89,   220] loss: 0.352
[89,   230] loss: 0.364
[89,   240] loss: 0.364
[89,   250] loss: 0.342
[89,   260] loss: 0.299
[89,   270] loss: 0.331
[89,   280] loss: 0.312
[89,   290] loss: 0.352
[89,   300] loss: 0.308
[89,   310] loss: 0.289
[89,   320] loss: 0.322
[89,   330] loss: 0.263
[89,   340] loss: 0.285
[89,   350] loss: 0.308
[89,   360] loss: 0.327
[89,   370] loss: 0.277
[89,   380] loss: 0.310
[89,   390] loss: 0.309
[89,   400] loss: 0.319
VALIDATION loss: 0.706578254699707
[90,    10] loss: 0.343
[90,    20] loss: 0.337
[90,    30] loss: 0.324
[90,    40] loss: 0.292
[90,    50] loss: 0.297
[90,    60] loss: 0.304
[90,    70] loss: 0.344
[90,    80] loss: 0.303
[90,    90] loss: 0.332
[90,   100] loss: 0.310
[90,   110] loss: 0.319
[90,   120] loss: 0.313
[90,   130] loss: 0.341
[90,   140] loss: 0.318
[90,   150] loss: 0.271
[90,   160] loss: 0.358
[90,   170] loss: 0.300
[90,   180] loss: 0.306
[90,   190] loss: 0.297
[90,   200] loss: 0.327
[90,   210] loss: 0.315
[90,   220] loss: 0.309
[90,   230] loss: 0.286
[90,   240] loss: 0.283
[90,   250] loss: 0.294
[90,   260] loss: 0.337
[90,   270] loss: 0.276
[90,   280] loss: 0.352
[90,   290] loss: 0.296
[90,   300] loss: 0.318
[90,   310] loss: 0.278
[90,   320] loss: 0.308
[90,   330] loss: 0.285
[90,   340] loss: 0.367
[90,   350] loss: 0.333
[90,   360] loss: 0.350
[90,   370] loss: 0.315
[90,   380] loss: 0.350
[90,   390] loss: 0.314
[90,   400] loss: 0.265
VALIDATION loss: 0.36210110783576965
[91,    10] loss: 0.275
[91,    20] loss: 0.336
[91,    30] loss: 0.331
[91,    40] loss: 0.356
[91,    50] loss: 0.307
[91,    60] loss: 0.314
[91,    70] loss: 0.306
[91,    80] loss: 0.295
[91,    90] loss: 0.370
[91,   100] loss: 0.292
[91,   110] loss: 0.298
[91,   120] loss: 0.269
[91,   130] loss: 0.257
[91,   140] loss: 0.283
[91,   150] loss: 0.359
[91,   160] loss: 0.313
[91,   170] loss: 0.298
[91,   180] loss: 0.290
[91,   190] loss: 0.280
[91,   200] loss: 0.338
[91,   210] loss: 0.284
[91,   220] loss: 0.295
[91,   230] loss: 0.298
[91,   240] loss: 0.299
[91,   250] loss: 0.290
[91,   260] loss: 0.277
[91,   270] loss: 0.304
[91,   280] loss: 0.357
[91,   290] loss: 0.327
[91,   300] loss: 0.324
[91,   310] loss: 0.295
[91,   320] loss: 0.343
[91,   330] loss: 0.313
[91,   340] loss: 0.339
[91,   350] loss: 0.300
[91,   360] loss: 0.290
[91,   370] loss: 0.351
[91,   380] loss: 0.344
[91,   390] loss: 0.297
[91,   400] loss: 0.313
VALIDATION loss: 0.29458674788475037
[92,    10] loss: 0.308
[92,    20] loss: 0.298
[92,    30] loss: 0.305
[92,    40] loss: 0.308
[92,    50] loss: 0.357
[92,    60] loss: 0.348
[92,    70] loss: 0.319
[92,    80] loss: 0.313
[92,    90] loss: 0.280
[92,   100] loss: 0.305
[92,   110] loss: 0.315
[92,   120] loss: 0.294
[92,   130] loss: 0.307
[92,   140] loss: 0.329
[92,   150] loss: 0.334
[92,   160] loss: 0.336
[92,   170] loss: 0.294
[92,   180] loss: 0.331
[92,   190] loss: 0.298
[92,   200] loss: 0.313
[92,   210] loss: 0.339
[92,   220] loss: 0.291
[92,   230] loss: 0.247
[92,   240] loss: 0.352
[92,   250] loss: 0.292
[92,   260] loss: 0.280
[92,   270] loss: 0.315
[92,   280] loss: 0.336
[92,   290] loss: 0.281
[92,   300] loss: 0.330
[92,   310] loss: 0.307
[92,   320] loss: 0.398
[92,   330] loss: 0.310
[92,   340] loss: 0.287
[92,   350] loss: 0.258
[92,   360] loss: 0.274
[92,   370] loss: 0.331
[92,   380] loss: 0.314
[92,   390] loss: 0.287
[92,   400] loss: 0.297
VALIDATION loss: 0.305489718914032
[93,    10] loss: 0.274
[93,    20] loss: 0.345
[93,    30] loss: 0.301
[93,    40] loss: 0.279
[93,    50] loss: 0.284
[93,    60] loss: 0.301
[93,    70] loss: 0.316
[93,    80] loss: 0.303
[93,    90] loss: 0.281
[93,   100] loss: 0.305
[93,   110] loss: 0.287
[93,   120] loss: 0.325
[93,   130] loss: 0.324
[93,   140] loss: 0.303
[93,   150] loss: 0.376
[93,   160] loss: 0.289
[93,   170] loss: 0.330
[93,   180] loss: 0.332
[93,   190] loss: 0.348
[93,   200] loss: 0.366
[93,   210] loss: 0.282
[93,   220] loss: 0.308
[93,   230] loss: 0.259
[93,   240] loss: 0.305
[93,   250] loss: 0.277
[93,   260] loss: 0.273
[93,   270] loss: 0.291
[93,   280] loss: 0.348
[93,   290] loss: 0.338
[93,   300] loss: 0.327
[93,   310] loss: 0.323
[93,   320] loss: 0.319
[93,   330] loss: 0.308
[93,   340] loss: 0.323
[93,   350] loss: 0.306
[93,   360] loss: 0.288
[93,   370] loss: 0.333
[93,   380] loss: 0.302
[93,   390] loss: 0.296
[93,   400] loss: 0.298
VALIDATION loss: 0.2890188992023468
[94,    10] loss: 0.313
[94,    20] loss: 0.307
[94,    30] loss: 0.271
[94,    40] loss: 0.318
[94,    50] loss: 0.317
[94,    60] loss: 0.322
[94,    70] loss: 0.335
[94,    80] loss: 0.319
[94,    90] loss: 0.275
[94,   100] loss: 0.311
[94,   110] loss: 0.266
[94,   120] loss: 0.295
[94,   130] loss: 0.246
[94,   140] loss: 0.303
[94,   150] loss: 0.304
[94,   160] loss: 0.311
[94,   170] loss: 0.296
[94,   180] loss: 0.314
[94,   190] loss: 0.312
[94,   200] loss: 0.268
[94,   210] loss: 0.305
[94,   220] loss: 0.278
[94,   230] loss: 0.351
[94,   240] loss: 0.317
[94,   250] loss: 0.314
[94,   260] loss: 0.319
[94,   270] loss: 0.284
[94,   280] loss: 0.334
[94,   290] loss: 0.308
[94,   300] loss: 0.294
[94,   310] loss: 0.342
[94,   320] loss: 0.298
[94,   330] loss: 0.384
[94,   340] loss: 0.274
[94,   350] loss: 0.320
[94,   360] loss: 0.281
[94,   370] loss: 0.338
[94,   380] loss: 0.289
[94,   390] loss: 0.287
[94,   400] loss: 0.269
VALIDATION loss: 0.34529826045036316
[95,    10] loss: 0.311
[95,    20] loss: 0.292
[95,    30] loss: 0.312
[95,    40] loss: 0.296
[95,    50] loss: 0.292
[95,    60] loss: 0.249
[95,    70] loss: 0.285
[95,    80] loss: 0.305
[95,    90] loss: 0.310
[95,   100] loss: 0.297
[95,   110] loss: 0.294
[95,   120] loss: 0.318
[95,   130] loss: 0.325
[95,   140] loss: 0.231
[95,   150] loss: 0.287
[95,   160] loss: 0.352
[95,   170] loss: 0.264
[95,   180] loss: 0.293
[95,   190] loss: 0.315
[95,   200] loss: 0.337
[95,   210] loss: 0.357
[95,   220] loss: 0.274
[95,   230] loss: 0.312
[95,   240] loss: 0.290
[95,   250] loss: 0.340
[95,   260] loss: 0.266
[95,   270] loss: 0.373
[95,   280] loss: 0.273
[95,   290] loss: 0.331
[95,   300] loss: 0.334
[95,   310] loss: 0.293
[95,   320] loss: 0.276
[95,   330] loss: 0.304
[95,   340] loss: 0.367
[95,   350] loss: 0.322
[95,   360] loss: 0.251
[95,   370] loss: 0.319
[95,   380] loss: 0.305
[95,   390] loss: 0.267
[95,   400] loss: 0.254
VALIDATION loss: 0.2991332709789276
[96,    10] loss: 0.319
[96,    20] loss: 0.281
[96,    30] loss: 0.304
[96,    40] loss: 0.292
[96,    50] loss: 0.313
[96,    60] loss: 0.287
[96,    70] loss: 0.337
[96,    80] loss: 0.301
[96,    90] loss: 0.257
[96,   100] loss: 0.287
[96,   110] loss: 0.317
[96,   120] loss: 0.252
[96,   130] loss: 0.288
[96,   140] loss: 0.278
[96,   150] loss: 0.287
[96,   160] loss: 0.297
[96,   170] loss: 0.250
[96,   180] loss: 0.317
[96,   190] loss: 0.322
[96,   200] loss: 0.377
[96,   210] loss: 0.303
[96,   220] loss: 0.293
[96,   230] loss: 0.271
[96,   240] loss: 0.283
[96,   250] loss: 0.325
[96,   260] loss: 0.282
[96,   270] loss: 0.274
[96,   280] loss: 0.292
[96,   290] loss: 0.291
[96,   300] loss: 0.329
[96,   310] loss: 0.308
[96,   320] loss: 0.254
[96,   330] loss: 0.335
[96,   340] loss: 0.283
[96,   350] loss: 0.295
[96,   360] loss: 0.334
[96,   370] loss: 0.288
[96,   380] loss: 0.327
[96,   390] loss: 0.340
[96,   400] loss: 0.324
VALIDATION loss: 0.2842365801334381
[97,    10] loss: 0.322
[97,    20] loss: 0.289
[97,    30] loss: 0.287
[97,    40] loss: 0.318
[97,    50] loss: 0.281
[97,    60] loss: 0.274
[97,    70] loss: 0.293
[97,    80] loss: 0.300
[97,    90] loss: 0.300
[97,   100] loss: 0.311
[97,   110] loss: 0.276
[97,   120] loss: 0.273
[97,   130] loss: 0.276
[97,   140] loss: 0.275
[97,   150] loss: 0.306
[97,   160] loss: 0.295
[97,   170] loss: 0.295
[97,   180] loss: 0.330
[97,   190] loss: 0.292
[97,   200] loss: 0.309
[97,   210] loss: 0.344
[97,   220] loss: 0.282
[97,   230] loss: 0.311
[97,   240] loss: 0.312
[97,   250] loss: 0.296
[97,   260] loss: 0.293
[97,   270] loss: 0.282
[97,   280] loss: 0.291
[97,   290] loss: 0.288
[97,   300] loss: 0.247
[97,   310] loss: 0.313
[97,   320] loss: 0.291
[97,   330] loss: 0.270
[97,   340] loss: 0.322
[97,   350] loss: 0.254
[97,   360] loss: 0.299
[97,   370] loss: 0.276
[97,   380] loss: 0.304
[97,   390] loss: 0.306
[97,   400] loss: 0.299
VALIDATION loss: 0.29347506165504456
[98,    10] loss: 0.332
[98,    20] loss: 0.259
[98,    30] loss: 0.302
[98,    40] loss: 0.275
[98,    50] loss: 0.310
[98,    60] loss: 0.293
[98,    70] loss: 0.313
[98,    80] loss: 0.277
[98,    90] loss: 0.327
[98,   100] loss: 0.294
[98,   110] loss: 0.296
[98,   120] loss: 0.285
[98,   130] loss: 0.233
[98,   140] loss: 0.304
[98,   150] loss: 0.297
[98,   160] loss: 0.253
[98,   170] loss: 0.323
[98,   180] loss: 0.280
[98,   190] loss: 0.302
[98,   200] loss: 0.263
[98,   210] loss: 0.339
[98,   220] loss: 0.256
[98,   230] loss: 0.300
[98,   240] loss: 0.259
[98,   250] loss: 0.271
[98,   260] loss: 0.278
[98,   270] loss: 0.324
[98,   280] loss: 0.313
[98,   290] loss: 0.271
[98,   300] loss: 0.288
[98,   310] loss: 0.335
[98,   320] loss: 0.273
[98,   330] loss: 0.285
[98,   340] loss: 0.260
[98,   350] loss: 0.338
[98,   360] loss: 0.303
[98,   370] loss: 0.287
[98,   380] loss: 0.297
[98,   390] loss: 0.320
[98,   400] loss: 0.296
VALIDATION loss: 0.27544766664505005
[99,    10] loss: 0.303
[99,    20] loss: 0.282
[99,    30] loss: 0.273
[99,    40] loss: 0.299
[99,    50] loss: 0.284
[99,    60] loss: 0.277
[99,    70] loss: 0.344
[99,    80] loss: 0.281
[99,    90] loss: 0.308
[99,   100] loss: 0.338
[99,   110] loss: 0.252
[99,   120] loss: 0.280
[99,   130] loss: 0.305
[99,   140] loss: 0.306
[99,   150] loss: 0.273
[99,   160] loss: 0.273
[99,   170] loss: 0.267
[99,   180] loss: 0.326
[99,   190] loss: 0.263
[99,   200] loss: 0.288
[99,   210] loss: 0.279
[99,   220] loss: 0.332
[99,   230] loss: 0.223
[99,   240] loss: 0.267
[99,   250] loss: 0.337
[99,   260] loss: 0.297
[99,   270] loss: 0.288
[99,   280] loss: 0.310
[99,   290] loss: 0.324
[99,   300] loss: 0.317
[99,   310] loss: 0.312
[99,   320] loss: 0.313
[99,   330] loss: 0.261
[99,   340] loss: 0.289
[99,   350] loss: 0.252
[99,   360] loss: 0.303
[99,   370] loss: 0.284
[99,   380] loss: 0.274
[99,   390] loss: 0.302
[99,   400] loss: 0.317
VALIDATION loss: 0.28130802512168884
[100,    10] loss: 0.292
[100,    20] loss: 0.306
[100,    30] loss: 0.306
[100,    40] loss: 0.251
[100,    50] loss: 0.292
[100,    60] loss: 0.285
[100,    70] loss: 0.292
[100,    80] loss: 0.295
[100,    90] loss: 0.268
[100,   100] loss: 0.264
[100,   110] loss: 0.279
[100,   120] loss: 0.308
[100,   130] loss: 0.277
[100,   140] loss: 0.266
[100,   150] loss: 0.339
[100,   160] loss: 0.242
[100,   170] loss: 0.270
[100,   180] loss: 0.303
[100,   190] loss: 0.286
[100,   200] loss: 0.304
[100,   210] loss: 0.260
[100,   220] loss: 0.277
[100,   230] loss: 0.254
[100,   240] loss: 0.324
[100,   250] loss: 0.301
[100,   260] loss: 0.280
[100,   270] loss: 0.294
[100,   280] loss: 0.328
[100,   290] loss: 0.307
[100,   300] loss: 0.262
[100,   310] loss: 0.347
[100,   320] loss: 0.285
[100,   330] loss: 0.250
[100,   340] loss: 0.284
[100,   350] loss: 0.304
[100,   360] loss: 0.272
[100,   370] loss: 0.284
[100,   380] loss: 0.284
[100,   390] loss: 0.279
[100,   400] loss: 0.288
VALIDATION loss: 0.27929478883743286
Finished !!
Accuracy of the network: 87.68 %
