Collecting dill==0.3.4 (from -r requirements.txt (line 1))
  Using cached https://files.pythonhosted.org/packages/b6/c3/973676ceb86b60835bb3978c6db67a5dc06be6cfdbd14ef0f5a13e3fc9fd/dill-0.3.4-py2.py3-none-any.whl
Requirement already satisfied: laplace==0.1 in /zhome/45/c/128687/.local/lib/python3.6/site-packages (from -r requirements.txt (line 2))
Collecting matplotlib==3.4.0 (from -r requirements.txt (line 3))
Small: 0
Transform: 1
MaxPool: 0
Running GPU.
[1,    10] loss: 1.940
[1,    20] loss: 1.913
[1,    30] loss: 1.872
[1,    40] loss: 1.874
[1,    50] loss: 1.854
[1,    60] loss: 1.844
[1,    70] loss: 1.862
[1,    80] loss: 1.824
[1,    90] loss: 1.821
[1,   100] loss: 1.814
[1,   110] loss: 1.785
[1,   120] loss: 1.790
[1,   130] loss: 1.792
[1,   140] loss: 1.748
[1,   150] loss: 1.780
[1,   160] loss: 1.752
[1,   170] loss: 1.776
[1,   180] loss: 1.761
[1,   190] loss: 1.743
[1,   200] loss: 1.727
[1,   210] loss: 1.762
[1,   220] loss: 1.778
[1,   230] loss: 1.696
[1,   240] loss: 1.719
[1,   250] loss: 1.774
[1,   260] loss: 1.705
[1,   270] loss: 1.717
[1,   280] loss: 1.720
[1,   290] loss: 1.730
[1,   300] loss: 1.700
[1,   310] loss: 1.704
[1,   320] loss: 1.705
[1,   330] loss: 1.684
[1,   340] loss: 1.679
[1,   350] loss: 1.686
[1,   360] loss: 1.643
[1,   370] loss: 1.703
[1,   380] loss: 1.702
[1,   390] loss: 1.694
[1,   400] loss: 1.660
VALIDATION loss: 1.6330435276031494
[2,    10] loss: 1.652
[2,    20] loss: 1.665
[2,    30] loss: 1.676
[2,    40] loss: 1.675
[2,    50] loss: 1.691
[2,    60] loss: 1.716
[2,    70] loss: 1.659
[2,    80] loss: 1.665
[2,    90] loss: 1.624
[2,   100] loss: 1.660
[2,   110] loss: 1.617
[2,   120] loss: 1.652
[2,   130] loss: 1.616
[2,   140] loss: 1.656
[2,   150] loss: 1.615
[2,   160] loss: 1.632
[2,   170] loss: 1.670
[2,   180] loss: 1.676
[2,   190] loss: 1.635
[2,   200] loss: 1.634
[2,   210] loss: 1.637
[2,   220] loss: 1.645
[2,   230] loss: 1.607
[2,   240] loss: 1.615
[2,   250] loss: 1.617
[2,   260] loss: 1.618
[2,   270] loss: 1.615
[2,   280] loss: 1.623
[2,   290] loss: 1.620
[2,   300] loss: 1.626
[2,   310] loss: 1.609
[2,   320] loss: 1.631
[2,   330] loss: 1.642
[2,   340] loss: 1.582
[2,   350] loss: 1.629
[2,   360] loss: 1.624
[2,   370] loss: 1.617
[2,   380] loss: 1.620
[2,   390] loss: 1.611
[2,   400] loss: 1.647
VALIDATION loss: 1.5629864931106567
[3,    10] loss: 1.565
[3,    20] loss: 1.575
[3,    30] loss: 1.591
[3,    40] loss: 1.643
[3,    50] loss: 1.581
[3,    60] loss: 1.592
[3,    70] loss: 1.640
[3,    80] loss: 1.659
[3,    90] loss: 1.564
[3,   100] loss: 1.592
[3,   110] loss: 1.532
[3,   120] loss: 1.575
[3,   130] loss: 1.583
[3,   140] loss: 1.564
[3,   150] loss: 1.575
[3,   160] loss: 1.597
[3,   170] loss: 1.625
[3,   180] loss: 1.602
[3,   190] loss: 1.566
[3,   200] loss: 1.568
[3,   210] loss: 1.583
[3,   220] loss: 1.566
[3,   230] loss: 1.534
[3,   240] loss: 1.618
[3,   250] loss: 1.560
[3,   260] loss: 1.598
[3,   270] loss: 1.623
[3,   280] loss: 1.606
[3,   290] loss: 1.592
[3,   300] loss: 1.566
[3,   310] loss: 1.503
[3,   320] loss: 1.619
[3,   330] loss: 1.557
[3,   340] loss: 1.551
[3,   350] loss: 1.535
[3,   360] loss: 1.571
[3,   370] loss: 1.532
[3,   380] loss: 1.524
[3,   390] loss: 1.546
[3,   400] loss: 1.566
VALIDATION loss: 1.529784083366394
[4,    10] loss: 1.518
[4,    20] loss: 1.554
[4,    30] loss: 1.507
[4,    40] loss: 1.565
[4,    50] loss: 1.549
[4,    60] loss: 1.561
[4,    70] loss: 1.596
[4,    80] loss: 1.575
[4,    90] loss: 1.580
[4,   100] loss: 1.546
[4,   110] loss: 1.502
[4,   120] loss: 1.540
[4,   130] loss: 1.537
[4,   140] loss: 1.540
[4,   150] loss: 1.545
[4,   160] loss: 1.530
[4,   170] loss: 1.542
[4,   180] loss: 1.525
[4,   190] loss: 1.520
[4,   200] loss: 1.551
[4,   210] loss: 1.549
[4,   220] loss: 1.487
[4,   230] loss: 1.480
[4,   240] loss: 1.473
[4,   250] loss: 1.534
[4,   260] loss: 1.512
[4,   270] loss: 1.537
[4,   280] loss: 1.522
[4,   290] loss: 1.576
[4,   300] loss: 1.483
[4,   310] loss: 1.494
[4,   320] loss: 1.495
[4,   330] loss: 1.473
[4,   340] loss: 1.582
[4,   350] loss: 1.482
[4,   360] loss: 1.474
[4,   370] loss: 1.495
[4,   380] loss: 1.547
[4,   390] loss: 1.483
[4,   400] loss: 1.541
VALIDATION loss: 1.4596508741378784
[5,    10] loss: 1.514
[5,    20] loss: 1.457
[5,    30] loss: 1.504
[5,    40] loss: 1.516
[5,    50] loss: 1.580
[5,    60] loss: 1.479
[5,    70] loss: 1.517
[5,    80] loss: 1.467
[5,    90] loss: 1.479
[5,   100] loss: 1.522
[5,   110] loss: 1.487
[5,   120] loss: 1.484
[5,   130] loss: 1.517
[5,   140] loss: 1.507
[5,   150] loss: 1.454
[5,   160] loss: 1.480
[5,   170] loss: 1.508
[5,   180] loss: 1.409
[5,   190] loss: 1.528
[5,   200] loss: 1.502
[5,   210] loss: 1.512
[5,   220] loss: 1.463
[5,   230] loss: 1.476
[5,   240] loss: 1.457
[5,   250] loss: 1.503
[5,   260] loss: 1.501
[5,   270] loss: 1.513
[5,   280] loss: 1.463
[5,   290] loss: 1.499
[5,   300] loss: 1.436
[5,   310] loss: 1.463
[5,   320] loss: 1.467
[5,   330] loss: 1.500
[5,   340] loss: 1.393
[5,   350] loss: 1.498
[5,   360] loss: 1.499
[5,   370] loss: 1.390
[5,   380] loss: 1.433
[5,   390] loss: 1.490
[5,   400] loss: 1.470
VALIDATION loss: 1.3829675912857056
[6,    10] loss: 1.436
[6,    20] loss: 1.393
[6,    30] loss: 1.468
[6,    40] loss: 1.465
[6,    50] loss: 1.465
[6,    60] loss: 1.405
[6,    70] loss: 1.461
[6,    80] loss: 1.394
[6,    90] loss: 1.501
[6,   100] loss: 1.422
[6,   110] loss: 1.520
[6,   120] loss: 1.477
[6,   130] loss: 1.488
[6,   140] loss: 1.425
[6,   150] loss: 1.449
[6,   160] loss: 1.501
[6,   170] loss: 1.389
[6,   180] loss: 1.418
[6,   190] loss: 1.465
[6,   200] loss: 1.495
[6,   210] loss: 1.352
[6,   220] loss: 1.435
[6,   230] loss: 1.415
[6,   240] loss: 1.411
[6,   250] loss: 1.402
[6,   260] loss: 1.444
[6,   270] loss: 1.475
[6,   280] loss: 1.451
[6,   290] loss: 1.486
[6,   300] loss: 1.482
[6,   310] loss: 1.441
[6,   320] loss: 1.404
[6,   330] loss: 1.433
[6,   340] loss: 1.413
[6,   350] loss: 1.492
[6,   360] loss: 1.431
[6,   370] loss: 1.437
[6,   380] loss: 1.426
[6,   390] loss: 1.448
[6,   400] loss: 1.416
VALIDATION loss: 1.34687077999115
[7,    10] loss: 1.422
[7,    20] loss: 1.457
[7,    30] loss: 1.387
[7,    40] loss: 1.372
[7,    50] loss: 1.375
[7,    60] loss: 1.426
[7,    70] loss: 1.416
[7,    80] loss: 1.410
[7,    90] loss: 1.443
[7,   100] loss: 1.431
[7,   110] loss: 1.453
[7,   120] loss: 1.454
[7,   130] loss: 1.436
[7,   140] loss: 1.488
[7,   150] loss: 1.434
[7,   160] loss: 1.382
[7,   170] loss: 1.360
[7,   180] loss: 1.381
[7,   190] loss: 1.421
[7,   200] loss: 1.458
[7,   210] loss: 1.403
[7,   220] loss: 1.380
[7,   230] loss: 1.398
[7,   240] loss: 1.349
[7,   250] loss: 1.390
[7,   260] loss: 1.392
[7,   270] loss: 1.392
[7,   280] loss: 1.456
[7,   290] loss: 1.389
[7,   300] loss: 1.363
[7,   310] loss: 1.488
[7,   320] loss: 1.446
[7,   330] loss: 1.435
[7,   340] loss: 1.426
[7,   350] loss: 1.431
[7,   360] loss: 1.390
[7,   370] loss: 1.375
[7,   380] loss: 1.421
[7,   390] loss: 1.405
[7,   400] loss: 1.347
VALIDATION loss: 1.3350822925567627
[8,    10] loss: 1.418
[8,    20] loss: 1.392
[8,    30] loss: 1.378
[8,    40] loss: 1.428
[8,    50] loss: 1.349
[8,    60] loss: 1.433
[8,    70] loss: 1.356
[8,    80] loss: 1.393
[8,    90] loss: 1.473
[8,   100] loss: 1.422
[8,   110] loss: 1.496
[8,   120] loss: 1.377
[8,   130] loss: 1.341
[8,   140] loss: 1.343
[8,   150] loss: 1.437
[8,   160] loss: 1.432
[8,   170] loss: 1.366
[8,   180] loss: 1.332
[8,   190] loss: 1.363
[8,   200] loss: 1.413
[8,   210] loss: 1.403
[8,   220] loss: 1.385
[8,   230] loss: 1.371
[8,   240] loss: 1.381
[8,   250] loss: 1.388
[8,   260] loss: 1.394
[8,   270] loss: 1.375
[8,   280] loss: 1.392
[8,   290] loss: 1.402
[8,   300] loss: 1.307
[8,   310] loss: 1.466
[8,   320] loss: 1.343
[8,   330] loss: 1.329
[8,   340] loss: 1.404
[8,   350] loss: 1.352
[8,   360] loss: 1.381
[8,   370] loss: 1.314
[8,   380] loss: 1.352
[8,   390] loss: 1.463
[8,   400] loss: 1.358
VALIDATION loss: 1.2798218727111816
[9,    10] loss: 1.377
[9,    20] loss: 1.365
[9,    30] loss: 1.382
[9,    40] loss: 1.381
[9,    50] loss: 1.369
[9,    60] loss: 1.365
[9,    70] loss: 1.372
[9,    80] loss: 1.393
[9,    90] loss: 1.343
[9,   100] loss: 1.404
[9,   110] loss: 1.367
[9,   120] loss: 1.339
[9,   130] loss: 1.332
[9,   140] loss: 1.480
[9,   150] loss: 1.414
[9,   160] loss: 1.341
[9,   170] loss: 1.383
[9,   180] loss: 1.383
[9,   190] loss: 1.362
[9,   200] loss: 1.361
[9,   210] loss: 1.263
[9,   220] loss: 1.425
[9,   230] loss: 1.347
[9,   240] loss: 1.350
[9,   250] loss: 1.343
[9,   260] loss: 1.347
[9,   270] loss: 1.363
[9,   280] loss: 1.291
[9,   290] loss: 1.381
[9,   300] loss: 1.280
[9,   310] loss: 1.349
[9,   320] loss: 1.323
[9,   330] loss: 1.360
[9,   340] loss: 1.322
[9,   350] loss: 1.348
[9,   360] loss: 1.324
[9,   370] loss: 1.394
[9,   380] loss: 1.327
[9,   390] loss: 1.428
[9,   400] loss: 1.379
VALIDATION loss: 1.2675392627716064
[10,    10] loss: 1.402
[10,    20] loss: 1.348
[10,    30] loss: 1.328
[10,    40] loss: 1.350
[10,    50] loss: 1.347
[10,    60] loss: 1.379
[10,    70] loss: 1.379
[10,    80] loss: 1.381
[10,    90] loss: 1.335
[10,   100] loss: 1.351
[10,   110] loss: 1.327
[10,   120] loss: 1.401
[10,   130] loss: 1.274
[10,   140] loss: 1.293
[10,   150] loss: 1.362
[10,   160] loss: 1.304
[10,   170] loss: 1.328
[10,   180] loss: 1.373
[10,   190] loss: 1.333
[10,   200] loss: 1.369
[10,   210] loss: 1.344
[10,   220] loss: 1.340
[10,   230] loss: 1.377
[10,   240] loss: 1.244
[10,   250] loss: 1.337
[10,   260] loss: 1.362
[10,   270] loss: 1.235
[10,   280] loss: 1.368
[10,   290] loss: 1.385
[10,   300] loss: 1.349
[10,   310] loss: 1.325
[10,   320] loss: 1.329
[10,   330] loss: 1.327
[10,   340] loss: 1.398
[10,   350] loss: 1.320
[10,   360] loss: 1.321
[10,   370] loss: 1.308
[10,   380] loss: 1.285
[10,   390] loss: 1.312
[10,   400] loss: 1.351
VALIDATION loss: 1.2986866235733032
[11,    10] loss: 1.285
[11,    20] loss: 1.309
[11,    30] loss: 1.341
[11,    40] loss: 1.276
[11,    50] loss: 1.263
[11,    60] loss: 1.240
[11,    70] loss: 1.319
[11,    80] loss: 1.310
[11,    90] loss: 1.372
[11,   100] loss: 1.253
[11,   110] loss: 1.348
[11,   120] loss: 1.301
[11,   130] loss: 1.295
[11,   140] loss: 1.344
[11,   150] loss: 1.343
[11,   160] loss: 1.344
[11,   170] loss: 1.334
[11,   180] loss: 1.310
[11,   190] loss: 1.369
[11,   200] loss: 1.342
[11,   210] loss: 1.325
[11,   220] loss: 1.287
[11,   230] loss: 1.306
[11,   240] loss: 1.337
[11,   250] loss: 1.301
[11,   260] loss: 1.352
[11,   270] loss: 1.298
[11,   280] loss: 1.264
[11,   290] loss: 1.267
[11,   300] loss: 1.348
[11,   310] loss: 1.309
[11,   320] loss: 1.369
[11,   330] loss: 1.355
[11,   340] loss: 1.282
[11,   350] loss: 1.281
[11,   360] loss: 1.280
[11,   370] loss: 1.279
[11,   380] loss: 1.326
[11,   390] loss: 1.294
[11,   400] loss: 1.293
VALIDATION loss: 1.2040632963180542
[12,    10] loss: 1.295
[12,    20] loss: 1.278
[12,    30] loss: 1.316
[12,    40] loss: 1.286
[12,    50] loss: 1.326
[12,    60] loss: 1.340
[12,    70] loss: 1.330
[12,    80] loss: 1.299
[12,    90] loss: 1.343
[12,   100] loss: 1.298
[12,   110] loss: 1.274
[12,   120] loss: 1.243
[12,   130] loss: 1.304
[12,   140] loss: 1.302
[12,   150] loss: 1.304
[12,   160] loss: 1.210
[12,   170] loss: 1.322
[12,   180] loss: 1.381
[12,   190] loss: 1.284
[12,   200] loss: 1.303
[12,   210] loss: 1.264
[12,   220] loss: 1.305
[12,   230] loss: 1.338
[12,   240] loss: 1.266
[12,   250] loss: 1.282
[12,   260] loss: 1.289
[12,   270] loss: 1.301
[12,   280] loss: 1.259
[12,   290] loss: 1.314
[12,   300] loss: 1.230
[12,   310] loss: 1.280
[12,   320] loss: 1.305
[12,   330] loss: 1.273
[12,   340] loss: 1.281
[12,   350] loss: 1.284
[12,   360] loss: 1.316
[12,   370] loss: 1.273
[12,   380] loss: 1.310
[12,   390] loss: 1.278
[12,   400] loss: 1.266
VALIDATION loss: 1.2178882360458374
[13,    10] loss: 1.287
[13,    20] loss: 1.304
[13,    30] loss: 1.338
[13,    40] loss: 1.320
[13,    50] loss: 1.229
[13,    60] loss: 1.284
[13,    70] loss: 1.284
[13,    80] loss: 1.222
[13,    90] loss: 1.251
[13,   100] loss: 1.197
[13,   110] loss: 1.256
[13,   120] loss: 1.235
[13,   130] loss: 1.250
[13,   140] loss: 1.266
[13,   150] loss: 1.291
[13,   160] loss: 1.258
[13,   170] loss: 1.232
[13,   180] loss: 1.257
[13,   190] loss: 1.231
[13,   200] loss: 1.321
[13,   210] loss: 1.283
[13,   220] loss: 1.358
[13,   230] loss: 1.226
[13,   240] loss: 1.313
[13,   250] loss: 1.211
[13,   260] loss: 1.290
[13,   270] loss: 1.218
[13,   280] loss: 1.283
[13,   290] loss: 1.353
[13,   300] loss: 1.331
[13,   310] loss: 1.315
[13,   320] loss: 1.282
[13,   330] loss: 1.304
[13,   340] loss: 1.276
[13,   350] loss: 1.338
[13,   360] loss: 1.229
[13,   370] loss: 1.313
[13,   380] loss: 1.242
[13,   390] loss: 1.249
[13,   400] loss: 1.277
VALIDATION loss: 1.1234140396118164
[14,    10] loss: 1.304
[14,    20] loss: 1.239
[14,    30] loss: 1.345
[14,    40] loss: 1.245
[14,    50] loss: 1.231
[14,    60] loss: 1.267
[14,    70] loss: 1.231
[14,    80] loss: 1.271
[14,    90] loss: 1.302
[14,   100] loss: 1.232
[14,   110] loss: 1.268
[14,   120] loss: 1.313
[14,   130] loss: 1.165
[14,   140] loss: 1.182
[14,   150] loss: 1.233
[14,   160] loss: 1.208
[14,   170] loss: 1.202
[14,   180] loss: 1.257
[14,   190] loss: 1.282
[14,   200] loss: 1.193
[14,   210] loss: 1.247
[14,   220] loss: 1.227
[14,   230] loss: 1.194
[14,   240] loss: 1.237
[14,   250] loss: 1.297
[14,   260] loss: 1.221
[14,   270] loss: 1.238
[14,   280] loss: 1.275
[14,   290] loss: 1.281
[14,   300] loss: 1.256
[14,   310] loss: 1.289
[14,   320] loss: 1.279
[14,   330] loss: 1.259
[14,   340] loss: 1.168
[14,   350] loss: 1.204
[14,   360] loss: 1.242
[14,   370] loss: 1.270
[14,   380] loss: 1.247
[14,   390] loss: 1.234
[14,   400] loss: 1.245
VALIDATION loss: 1.2113291025161743
[15,    10] loss: 1.227
[15,    20] loss: 1.229
[15,    30] loss: 1.264
[15,    40] loss: 1.226
[15,    50] loss: 1.238
[15,    60] loss: 1.205
[15,    70] loss: 1.273
[15,    80] loss: 1.260
[15,    90] loss: 1.186
[15,   100] loss: 1.314
[15,   110] loss: 1.233
[15,   120] loss: 1.180
[15,   130] loss: 1.214
[15,   140] loss: 1.240
[15,   150] loss: 1.235
[15,   160] loss: 1.261
[15,   170] loss: 1.199
[15,   180] loss: 1.271
[15,   190] loss: 1.183
[15,   200] loss: 1.312
[15,   210] loss: 1.274
[15,   220] loss: 1.202
[15,   230] loss: 1.283
[15,   240] loss: 1.229
[15,   250] loss: 1.252
[15,   260] loss: 1.135
[15,   270] loss: 1.197
[15,   280] loss: 1.226
[15,   290] loss: 1.137
[15,   300] loss: 1.187
[15,   310] loss: 1.235
[15,   320] loss: 1.169
[15,   330] loss: 1.214
[15,   340] loss: 1.213
[15,   350] loss: 1.216
[15,   360] loss: 1.266
[15,   370] loss: 1.214
[15,   380] loss: 1.299
[15,   390] loss: 1.229
[15,   400] loss: 1.186
VALIDATION loss: 1.0987656116485596
[16,    10] loss: 1.205
[16,    20] loss: 1.123
[16,    30] loss: 1.169
[16,    40] loss: 1.171
[16,    50] loss: 1.283
[16,    60] loss: 1.185
[16,    70] loss: 1.185
[16,    80] loss: 1.258
[16,    90] loss: 1.192
[16,   100] loss: 1.303
[16,   110] loss: 1.242
[16,   120] loss: 1.196
[16,   130] loss: 1.208
[16,   140] loss: 1.254
[16,   150] loss: 1.266
[16,   160] loss: 1.190
[16,   170] loss: 1.255
[16,   180] loss: 1.220
[16,   190] loss: 1.218
[16,   200] loss: 1.116
[16,   210] loss: 1.293
[16,   220] loss: 1.157
[16,   230] loss: 1.196
[16,   240] loss: 1.112
[16,   250] loss: 1.246
[16,   260] loss: 1.209
[16,   270] loss: 1.260
[16,   280] loss: 1.223
[16,   290] loss: 1.144
[16,   300] loss: 1.230
[16,   310] loss: 1.135
[16,   320] loss: 1.199
[16,   330] loss: 1.231
[16,   340] loss: 1.203
[16,   350] loss: 1.205
[16,   360] loss: 1.136
[16,   370] loss: 1.146
[16,   380] loss: 1.228
[16,   390] loss: 1.202
[16,   400] loss: 1.171
VALIDATION loss: 1.0883549451828003
[17,    10] loss: 1.131
[17,    20] loss: 1.202
[17,    30] loss: 1.196
[17,    40] loss: 1.137
[17,    50] loss: 1.217
[17,    60] loss: 1.217
[17,    70] loss: 1.146
[17,    80] loss: 1.215
[17,    90] loss: 1.133
[17,   100] loss: 1.222
[17,   110] loss: 1.170
[17,   120] loss: 1.275
[17,   130] loss: 1.199
[17,   140] loss: 1.205
[17,   150] loss: 1.214
[17,   160] loss: 1.157
[17,   170] loss: 1.228
[17,   180] loss: 1.222
[17,   190] loss: 1.185
[17,   200] loss: 1.242
[17,   210] loss: 1.186
[17,   220] loss: 1.134
[17,   230] loss: 1.170
[17,   240] loss: 1.207
[17,   250] loss: 1.184
[17,   260] loss: 1.237
[17,   270] loss: 1.257
[17,   280] loss: 1.160
[17,   290] loss: 1.205
[17,   300] loss: 1.167
[17,   310] loss: 1.148
[17,   320] loss: 1.155
[17,   330] loss: 1.191
[17,   340] loss: 1.127
[17,   350] loss: 1.185
[17,   360] loss: 1.174
[17,   370] loss: 1.237
[17,   380] loss: 1.215
[17,   390] loss: 1.088
[17,   400] loss: 1.180
VALIDATION loss: 1.0661296844482422
[18,    10] loss: 1.152
[18,    20] loss: 1.149
[18,    30] loss: 1.107
[18,    40] loss: 1.197
[18,    50] loss: 1.194
[18,    60] loss: 1.154
[18,    70] loss: 1.179
[18,    80] loss: 1.177
[18,    90] loss: 1.162
[18,   100] loss: 1.178
[18,   110] loss: 1.167
[18,   120] loss: 1.218
[18,   130] loss: 1.216
[18,   140] loss: 1.109
[18,   150] loss: 1.179
[18,   160] loss: 1.137
[18,   170] loss: 1.188
[18,   180] loss: 1.196
[18,   190] loss: 1.153
[18,   200] loss: 1.107
[18,   210] loss: 1.132
[18,   220] loss: 1.140
[18,   230] loss: 1.220
[18,   240] loss: 1.124
[18,   250] loss: 1.177
[18,   260] loss: 1.132
[18,   270] loss: 1.128
[18,   280] loss: 1.095
[18,   290] loss: 1.244
[18,   300] loss: 1.200
[18,   310] loss: 1.218
[18,   320] loss: 1.164
[18,   330] loss: 1.108
[18,   340] loss: 1.121
[18,   350] loss: 1.128
[18,   360] loss: 1.215
[18,   370] loss: 1.153
[18,   380] loss: 1.200
[18,   390] loss: 1.065
[18,   400] loss: 1.069
VALIDATION loss: 1.152227520942688
[19,    10] loss: 1.145
[19,    20] loss: 1.130
[19,    30] loss: 1.072
[19,    40] loss: 1.213
[19,    50] loss: 1.119
[19,    60] loss: 1.134
[19,    70] loss: 1.174
[19,    80] loss: 1.175
[19,    90] loss: 1.211
[19,   100] loss: 1.204
[19,   110] loss: 1.214
[19,   120] loss: 1.137
[19,   130] loss: 1.160
[19,   140] loss: 1.146
[19,   150] loss: 1.151
[19,   160] loss: 1.183
[19,   170] loss: 1.109
[19,   180] loss: 1.161
[19,   190] loss: 1.141
[19,   200] loss: 1.185
[19,   210] loss: 1.187
[19,   220] loss: 1.108
[19,   230] loss: 1.136
[19,   240] loss: 1.143
[19,   250] loss: 1.149
[19,   260] loss: 1.071
[19,   270] loss: 1.225
[19,   280] loss: 1.145
[19,   290] loss: 1.164
[19,   300] loss: 1.094
[19,   310] loss: 1.142
[19,   320] loss: 1.109
[19,   330] loss: 1.137
[19,   340] loss: 1.116
[19,   350] loss: 1.103
[19,   360] loss: 1.113
[19,   370] loss: 1.089
[19,   380] loss: 1.112
[19,   390] loss: 1.131
[19,   400] loss: 1.096
VALIDATION loss: 1.1077830791473389
[20,    10] loss: 1.173
[20,    20] loss: 1.188
[20,    30] loss: 1.049
[20,    40] loss: 1.089
[20,    50] loss: 1.177
[20,    60] loss: 1.125
[20,    70] loss: 1.137
[20,    80] loss: 1.065
[20,    90] loss: 1.101
[20,   100] loss: 1.127
[20,   110] loss: 1.023
[20,   120] loss: 1.122
[20,   130] loss: 1.250
[20,   140] loss: 1.115
[20,   150] loss: 1.121
[20,   160] loss: 1.113
[20,   170] loss: 1.100
[20,   180] loss: 1.096
[20,   190] loss: 1.174
[20,   200] loss: 1.175
[20,   210] loss: 1.118
[20,   220] loss: 1.147
[20,   230] loss: 1.139
[20,   240] loss: 1.115
[20,   250] loss: 1.172
[20,   260] loss: 1.149
[20,   270] loss: 1.239
[20,   280] loss: 1.188
[20,   290] loss: 1.064
[20,   300] loss: 1.098
[20,   310] loss: 1.128
[20,   320] loss: 1.123
[20,   330] loss: 1.112
[20,   340] loss: 1.084
[20,   350] loss: 1.067
[20,   360] loss: 1.185
[20,   370] loss: 1.101
[20,   380] loss: 1.088
[20,   390] loss: 1.117
[20,   400] loss: 1.094
VALIDATION loss: 1.0207929611206055
[21,    10] loss: 1.099
[21,    20] loss: 1.168
[21,    30] loss: 1.050
[21,    40] loss: 1.194
[21,    50] loss: 1.131
[21,    60] loss: 1.156
[21,    70] loss: 1.062
[21,    80] loss: 1.106
[21,    90] loss: 1.092
[21,   100] loss: 1.094
[21,   110] loss: 1.101
[21,   120] loss: 1.028
[21,   130] loss: 1.185
[21,   140] loss: 1.058
[21,   150] loss: 1.107
[21,   160] loss: 1.037
[21,   170] loss: 1.023
[21,   180] loss: 1.088
[21,   190] loss: 1.129
[21,   200] loss: 1.105
[21,   210] loss: 1.079
[21,   220] loss: 1.192
[21,   230] loss: 1.184
[21,   240] loss: 1.095
[21,   250] loss: 1.024
[21,   260] loss: 1.114
[21,   270] loss: 1.113
[21,   280] loss: 1.079
[21,   290] loss: 1.112
[21,   300] loss: 1.083
[21,   310] loss: 1.060
[21,   320] loss: 1.054
[21,   330] loss: 1.088
[21,   340] loss: 1.027
[21,   350] loss: 1.086
[21,   360] loss: 1.110
[21,   370] loss: 1.010
[21,   380] loss: 1.139
[21,   390] loss: 1.072
[21,   400] loss: 1.065
VALIDATION loss: 0.9684021472930908
[22,    10] loss: 1.060
[22,    20] loss: 1.044
[22,    30] loss: 1.136
[22,    40] loss: 1.053
[22,    50] loss: 1.208
[22,    60] loss: 1.172
[22,    70] loss: 1.028
[22,    80] loss: 1.047
[22,    90] loss: 1.043
[22,   100] loss: 1.200
[22,   110] loss: 1.082
[22,   120] loss: 1.000
[22,   130] loss: 0.995
[22,   140] loss: 0.996
[22,   150] loss: 1.068
[22,   160] loss: 1.062
[22,   170] loss: 1.085
[22,   180] loss: 1.046
[22,   190] loss: 1.150
[22,   200] loss: 1.104
[22,   210] loss: 1.077
[22,   220] loss: 1.138
[22,   230] loss: 1.025
[22,   240] loss: 1.013
[22,   250] loss: 1.078
[22,   260] loss: 1.085
[22,   270] loss: 1.084
[22,   280] loss: 1.027
[22,   290] loss: 1.116
[22,   300] loss: 0.996
[22,   310] loss: 1.098
[22,   320] loss: 1.026
[22,   330] loss: 1.053
[22,   340] loss: 1.092
[22,   350] loss: 1.131
[22,   360] loss: 1.090
[22,   370] loss: 1.024
[22,   380] loss: 1.114
[22,   390] loss: 1.130
[22,   400] loss: 1.044
VALIDATION loss: 0.8994560241699219
[23,    10] loss: 1.102
[23,    20] loss: 1.050
[23,    30] loss: 1.087
[23,    40] loss: 1.064
[23,    50] loss: 1.104
[23,    60] loss: 1.157
[23,    70] loss: 1.050
[23,    80] loss: 1.057
[23,    90] loss: 1.081
[23,   100] loss: 1.098
[23,   110] loss: 1.085
[23,   120] loss: 1.067
[23,   130] loss: 1.066
[23,   140] loss: 1.075
[23,   150] loss: 0.989
[23,   160] loss: 1.049
[23,   170] loss: 1.068
[23,   180] loss: 1.068
[23,   190] loss: 1.164
[23,   200] loss: 1.191
[23,   210] loss: 1.073
[23,   220] loss: 0.955
[23,   230] loss: 1.020
[23,   240] loss: 1.103
[23,   250] loss: 1.045
[23,   260] loss: 0.986
[23,   270] loss: 1.061
[23,   280] loss: 0.999
[23,   290] loss: 1.045
[23,   300] loss: 1.076
[23,   310] loss: 1.063
[23,   320] loss: 1.069
[23,   330] loss: 1.052
[23,   340] loss: 1.117
[23,   350] loss: 1.002
[23,   360] loss: 0.903
[23,   370] loss: 0.964
[23,   380] loss: 1.127
[23,   390] loss: 1.012
[23,   400] loss: 1.099
VALIDATION loss: 0.9028706550598145
[24,    10] loss: 0.982
[24,    20] loss: 1.024
[24,    30] loss: 1.122
[24,    40] loss: 1.095
[24,    50] loss: 1.129
[24,    60] loss: 1.035
[24,    70] loss: 1.044
[24,    80] loss: 1.048
[24,    90] loss: 0.981
[24,   100] loss: 1.142
[24,   110] loss: 1.008
[24,   120] loss: 1.090
[24,   130] loss: 1.051
[24,   140] loss: 1.052
[24,   150] loss: 1.055
[24,   160] loss: 0.981
[24,   170] loss: 1.094
[24,   180] loss: 1.048
[24,   190] loss: 1.122
[24,   200] loss: 1.022
[24,   210] loss: 1.038
[24,   220] loss: 1.066
[24,   230] loss: 1.056
[24,   240] loss: 1.097
[24,   250] loss: 0.959
[24,   260] loss: 0.958
[24,   270] loss: 0.959
[24,   280] loss: 1.036
[24,   290] loss: 1.046
[24,   300] loss: 1.018
[24,   310] loss: 1.026
[24,   320] loss: 1.097
[24,   330] loss: 1.008
[24,   340] loss: 1.070
[24,   350] loss: 1.044
[24,   360] loss: 1.074
[24,   370] loss: 1.024
[24,   380] loss: 1.029
[24,   390] loss: 1.047
[24,   400] loss: 1.031
VALIDATION loss: 0.9121275544166565
[25,    10] loss: 0.946
[25,    20] loss: 1.030
[25,    30] loss: 1.052
[25,    40] loss: 0.995
[25,    50] loss: 0.987
[25,    60] loss: 1.019
[25,    70] loss: 1.059
[25,    80] loss: 0.987
[25,    90] loss: 0.938
[25,   100] loss: 1.110
[25,   110] loss: 1.019
[25,   120] loss: 1.084
[25,   130] loss: 0.994
[25,   140] loss: 1.081
[25,   150] loss: 1.014
[25,   160] loss: 1.010
[25,   170] loss: 1.004
[25,   180] loss: 0.998
[25,   190] loss: 1.081
[25,   200] loss: 0.977
[25,   210] loss: 1.067
[25,   220] loss: 1.089
[25,   230] loss: 1.086
[25,   240] loss: 1.027
[25,   250] loss: 1.015
[25,   260] loss: 1.047
[25,   270] loss: 1.061
[25,   280] loss: 1.021
[25,   290] loss: 1.053
[25,   300] loss: 1.049
[25,   310] loss: 0.896
[25,   320] loss: 0.986
[25,   330] loss: 1.059
[25,   340] loss: 0.985
[25,   350] loss: 0.957
[25,   360] loss: 1.067
[25,   370] loss: 1.049
[25,   380] loss: 1.035
[25,   390] loss: 1.060
[25,   400] loss: 1.054
VALIDATION loss: 1.0100587606430054
[26,    10] loss: 1.096
[26,    20] loss: 1.021
[26,    30] loss: 0.953
[26,    40] loss: 1.050
[26,    50] loss: 1.016
[26,    60] loss: 1.034
[26,    70] loss: 1.087
[26,    80] loss: 1.054
[26,    90] loss: 0.956
[26,   100] loss: 1.043
[26,   110] loss: 0.984
[26,   120] loss: 1.043
[26,   130] loss: 1.058
[26,   140] loss: 1.041
[26,   150] loss: 1.023
[26,   160] loss: 0.938
[26,   170] loss: 1.011
[26,   180] loss: 1.010
[26,   190] loss: 1.052
[26,   200] loss: 1.033
[26,   210] loss: 1.007
[26,   220] loss: 1.063
[26,   230] loss: 0.978
[26,   240] loss: 1.029
[26,   250] loss: 0.976
[26,   260] loss: 1.008
[26,   270] loss: 1.027
[26,   280] loss: 0.971
[26,   290] loss: 1.134
[26,   300] loss: 0.958
[26,   310] loss: 1.007
[26,   320] loss: 1.074
[26,   330] loss: 1.001
[26,   340] loss: 0.961
[26,   350] loss: 0.965
[26,   360] loss: 1.033
[26,   370] loss: 1.015
[26,   380] loss: 0.972
[26,   390] loss: 1.036
[26,   400] loss: 1.021
VALIDATION loss: 1.1186223030090332
[27,    10] loss: 1.020
[27,    20] loss: 1.018
[27,    30] loss: 1.079
[27,    40] loss: 1.001
[27,    50] loss: 0.962
[27,    60] loss: 1.032
[27,    70] loss: 1.059
[27,    80] loss: 1.041
[27,    90] loss: 0.975
[27,   100] loss: 0.931
[27,   110] loss: 0.915
[27,   120] loss: 1.030
[27,   130] loss: 0.990
[27,   140] loss: 0.970
[27,   150] loss: 1.047
[27,   160] loss: 1.074
[27,   170] loss: 0.989
[27,   180] loss: 0.994
[27,   190] loss: 0.959
[27,   200] loss: 0.953
[27,   210] loss: 0.977
[27,   220] loss: 0.957
[27,   230] loss: 0.987
[27,   240] loss: 1.049
[27,   250] loss: 1.022
[27,   260] loss: 0.986
[27,   270] loss: 1.034
[27,   280] loss: 0.962
[27,   290] loss: 0.982
[27,   300] loss: 1.046
[27,   310] loss: 1.050
[27,   320] loss: 0.960
[27,   330] loss: 0.933
[27,   340] loss: 1.059
[27,   350] loss: 0.994
[27,   360] loss: 0.928
[27,   370] loss: 0.923
[27,   380] loss: 1.075
[27,   390] loss: 1.099
[27,   400] loss: 1.039
VALIDATION loss: 0.9106276035308838
[28,    10] loss: 1.021
[28,    20] loss: 0.963
[28,    30] loss: 1.015
[28,    40] loss: 0.963
[28,    50] loss: 1.065
[28,    60] loss: 0.931
[28,    70] loss: 0.960
[28,    80] loss: 1.011
[28,    90] loss: 0.945
[28,   100] loss: 1.037
[28,   110] loss: 0.986
[28,   120] loss: 0.973
[28,   130] loss: 0.969
[28,   140] loss: 1.088
[28,   150] loss: 0.971
[28,   160] loss: 1.019
[28,   170] loss: 1.022
[28,   180] loss: 0.901
[28,   190] loss: 0.957
[28,   200] loss: 0.998
[28,   210] loss: 1.039
[28,   220] loss: 0.979
[28,   230] loss: 0.945
[28,   240] loss: 1.021
[28,   250] loss: 0.913
[28,   260] loss: 1.020
[28,   270] loss: 0.998
[28,   280] loss: 1.005
[28,   290] loss: 1.000
[28,   300] loss: 1.001
[28,   310] loss: 0.991
[28,   320] loss: 0.947
[28,   330] loss: 0.990
[28,   340] loss: 0.983
[28,   350] loss: 0.947
[28,   360] loss: 0.960
[28,   370] loss: 0.944
[28,   380] loss: 0.982
[28,   390] loss: 1.094
[28,   400] loss: 1.033
VALIDATION loss: 1.0572837591171265
[29,    10] loss: 0.954
[29,    20] loss: 0.982
[29,    30] loss: 0.896
[29,    40] loss: 0.965
[29,    50] loss: 0.923
[29,    60] loss: 0.913
[29,    70] loss: 0.945
[29,    80] loss: 1.003
[29,    90] loss: 1.003
[29,   100] loss: 0.992
[29,   110] loss: 0.951
[29,   120] loss: 1.007
[29,   130] loss: 0.954
[29,   140] loss: 0.977
[29,   150] loss: 1.009
[29,   160] loss: 0.958
[29,   170] loss: 0.925
[29,   180] loss: 0.891
[29,   190] loss: 0.983
[29,   200] loss: 1.030
[29,   210] loss: 0.943
[29,   220] loss: 0.922
[29,   230] loss: 0.881
[29,   240] loss: 1.045
[29,   250] loss: 0.973
[29,   260] loss: 0.867
[29,   270] loss: 0.973
[29,   280] loss: 0.934
[29,   290] loss: 0.919
[29,   300] loss: 1.001
[29,   310] loss: 0.931
[29,   320] loss: 0.940
[29,   330] loss: 1.066
[29,   340] loss: 0.978
[29,   350] loss: 0.947
[29,   360] loss: 0.888
[29,   370] loss: 0.878
[29,   380] loss: 0.949
[29,   390] loss: 1.010
[29,   400] loss: 0.935
VALIDATION loss: 0.8473953604698181
[30,    10] loss: 0.971
[30,    20] loss: 0.970
[30,    30] loss: 0.912
[30,    40] loss: 1.039
[30,    50] loss: 0.972
[30,    60] loss: 1.031
[30,    70] loss: 0.957
[30,    80] loss: 0.907
[30,    90] loss: 1.019
[30,   100] loss: 0.982
[30,   110] loss: 0.927
[30,   120] loss: 0.998
[30,   130] loss: 0.942
[30,   140] loss: 0.943
[30,   150] loss: 0.983
[30,   160] loss: 1.023
[30,   170] loss: 0.903
[30,   180] loss: 1.004
[30,   190] loss: 0.891
[30,   200] loss: 0.966
[30,   210] loss: 0.891
[30,   220] loss: 0.955
[30,   230] loss: 0.879
[30,   240] loss: 0.937
[30,   250] loss: 0.928
[30,   260] loss: 0.972
[30,   270] loss: 0.951
[30,   280] loss: 0.992
[30,   290] loss: 0.945
[30,   300] loss: 0.967
[30,   310] loss: 0.904
[30,   320] loss: 0.883
[30,   330] loss: 0.957
[30,   340] loss: 0.903
[30,   350] loss: 0.918
[30,   360] loss: 1.023
[30,   370] loss: 0.926
[30,   380] loss: 0.969
[30,   390] loss: 0.929
[30,   400] loss: 0.924
VALIDATION loss: 0.9033269882202148
[31,    10] loss: 0.997
[31,    20] loss: 0.959
[31,    30] loss: 0.925
[31,    40] loss: 0.870
[31,    50] loss: 1.034
[31,    60] loss: 0.943
[31,    70] loss: 0.872
[31,    80] loss: 0.978
[31,    90] loss: 0.932
[31,   100] loss: 1.023
[31,   110] loss: 0.955
[31,   120] loss: 0.971
[31,   130] loss: 0.976
[31,   140] loss: 0.961
[31,   150] loss: 0.997
[31,   160] loss: 0.906
[31,   170] loss: 0.911
[31,   180] loss: 0.887
[31,   190] loss: 0.876
[31,   200] loss: 0.894
[31,   210] loss: 0.872
[31,   220] loss: 0.905
[31,   230] loss: 0.967
[31,   240] loss: 1.003
[31,   250] loss: 1.003
[31,   260] loss: 0.966
[31,   270] loss: 0.920
[31,   280] loss: 0.893
[31,   290] loss: 0.940
[31,   300] loss: 0.957
[31,   310] loss: 0.977
[31,   320] loss: 0.933
[31,   330] loss: 0.960
[31,   340] loss: 0.935
[31,   350] loss: 0.907
[31,   360] loss: 1.068
[31,   370] loss: 0.947
[31,   380] loss: 0.867
[31,   390] loss: 0.887
[31,   400] loss: 0.852
VALIDATION loss: 0.7499985098838806
[32,    10] loss: 0.913
[32,    20] loss: 0.855
[32,    30] loss: 0.937
[32,    40] loss: 0.950
[32,    50] loss: 0.963
[32,    60] loss: 0.956
[32,    70] loss: 0.923
[32,    80] loss: 0.970
[32,    90] loss: 0.999
[32,   100] loss: 1.031
[32,   110] loss: 0.892
[32,   120] loss: 0.930
[32,   130] loss: 0.935
[32,   140] loss: 0.981
[32,   150] loss: 0.907
[32,   160] loss: 0.981
[32,   170] loss: 0.955
[32,   180] loss: 0.940
[32,   190] loss: 0.907
[32,   200] loss: 0.899
[32,   210] loss: 0.935
[32,   220] loss: 0.859
[32,   230] loss: 0.914
[32,   240] loss: 0.888
[32,   250] loss: 0.938
[32,   260] loss: 1.004
[32,   270] loss: 0.882
[32,   280] loss: 0.961
[32,   290] loss: 0.848
[32,   300] loss: 1.025
[32,   310] loss: 0.979
[32,   320] loss: 0.962
[32,   330] loss: 0.897
[32,   340] loss: 0.890
[32,   350] loss: 0.772
[32,   360] loss: 0.960
[32,   370] loss: 0.930
[32,   380] loss: 0.953
[32,   390] loss: 0.860
[32,   400] loss: 1.010
VALIDATION loss: 0.770537257194519
[33,    10] loss: 0.936
[33,    20] loss: 0.880
[33,    30] loss: 0.840
[33,    40] loss: 0.897
[33,    50] loss: 0.846
[33,    60] loss: 0.954
[33,    70] loss: 0.918
[33,    80] loss: 0.996
[33,    90] loss: 0.944
[33,   100] loss: 0.830
[33,   110] loss: 0.935
[33,   120] loss: 1.045
[33,   130] loss: 0.813
[33,   140] loss: 0.954
[33,   150] loss: 0.933
[33,   160] loss: 0.893
[33,   170] loss: 0.837
[33,   180] loss: 0.914
[33,   190] loss: 0.954
[33,   200] loss: 0.934
[33,   210] loss: 0.869
[33,   220] loss: 0.927
[33,   230] loss: 0.844
[33,   240] loss: 0.880
[33,   250] loss: 0.857
[33,   260] loss: 0.887
[33,   270] loss: 0.887
[33,   280] loss: 0.948
[33,   290] loss: 0.996
[33,   300] loss: 0.885
[33,   310] loss: 0.933
[33,   320] loss: 0.881
[33,   330] loss: 0.966
[33,   340] loss: 0.944
[33,   350] loss: 0.939
[33,   360] loss: 0.909
[33,   370] loss: 0.850
[33,   380] loss: 0.922
[33,   390] loss: 0.959
[33,   400] loss: 0.855
VALIDATION loss: 0.8299299478530884
[34,    10] loss: 0.957
[34,    20] loss: 0.790
[34,    30] loss: 0.963
[34,    40] loss: 0.815
[34,    50] loss: 0.912
[34,    60] loss: 0.908
[34,    70] loss: 0.934
[34,    80] loss: 0.942
[34,    90] loss: 0.976
[34,   100] loss: 0.831
[34,   110] loss: 0.934
[34,   120] loss: 0.903
[34,   130] loss: 0.904
[34,   140] loss: 0.923
[34,   150] loss: 0.891
[34,   160] loss: 0.926
[34,   170] loss: 0.951
[34,   180] loss: 0.832
[34,   190] loss: 0.883
[34,   200] loss: 0.824
[34,   210] loss: 0.875
[34,   220] loss: 0.913
[34,   230] loss: 0.851
[34,   240] loss: 0.965
[34,   250] loss: 0.926
[34,   260] loss: 0.911
[34,   270] loss: 0.912
[34,   280] loss: 0.885
[34,   290] loss: 0.991
[34,   300] loss: 0.940
[34,   310] loss: 0.952
[34,   320] loss: 0.880
[34,   330] loss: 0.935
[34,   340] loss: 0.857
[34,   350] loss: 0.811
[34,   360] loss: 0.908
[34,   370] loss: 0.822
[34,   380] loss: 0.999
[34,   390] loss: 0.880
[34,   400] loss: 0.892
VALIDATION loss: 1.106680989265442
[35,    10] loss: 0.935
[35,    20] loss: 0.940
[35,    30] loss: 0.851
[35,    40] loss: 0.869
[35,    50] loss: 0.906
[35,    60] loss: 0.874
[35,    70] loss: 0.858
[35,    80] loss: 0.922
[35,    90] loss: 0.922
[35,   100] loss: 0.895
[35,   110] loss: 0.944
[35,   120] loss: 0.782
[35,   130] loss: 0.891
[35,   140] loss: 0.922
[35,   150] loss: 0.820
[35,   160] loss: 0.932
[35,   170] loss: 0.896
[35,   180] loss: 0.840
[35,   190] loss: 0.881
[35,   200] loss: 1.046
[35,   210] loss: 0.814
[35,   220] loss: 0.901
[35,   230] loss: 0.922
[35,   240] loss: 0.869
[35,   250] loss: 0.892
[35,   260] loss: 0.886
[35,   270] loss: 0.892
[35,   280] loss: 0.921
[35,   290] loss: 0.849
[35,   300] loss: 0.788
[35,   310] loss: 0.879
[35,   320] loss: 0.896
[35,   330] loss: 0.869
[35,   340] loss: 0.866
[35,   350] loss: 0.897
[35,   360] loss: 0.810
[35,   370] loss: 0.886
[35,   380] loss: 0.874
[35,   390] loss: 0.964
[35,   400] loss: 0.890
VALIDATION loss: 0.7318363189697266
[36,    10] loss: 0.856
[36,    20] loss: 0.852
[36,    30] loss: 0.901
[36,    40] loss: 0.885
[36,    50] loss: 0.845
[36,    60] loss: 0.851
[36,    70] loss: 0.779
[36,    80] loss: 0.842
[36,    90] loss: 0.897
[36,   100] loss: 0.872
[36,   110] loss: 0.837
[36,   120] loss: 0.846
[36,   130] loss: 0.890
[36,   140] loss: 0.871
[36,   150] loss: 0.892
[36,   160] loss: 0.916
[36,   170] loss: 0.903
[36,   180] loss: 0.742
[36,   190] loss: 0.852
[36,   200] loss: 0.953
[36,   210] loss: 0.911
[36,   220] loss: 0.863
[36,   230] loss: 0.922
[36,   240] loss: 0.992
[36,   250] loss: 0.906
[36,   260] loss: 0.939
[36,   270] loss: 0.853
[36,   280] loss: 0.903
[36,   290] loss: 0.878
[36,   300] loss: 0.786
[36,   310] loss: 0.850
[36,   320] loss: 0.796
[36,   330] loss: 0.852
[36,   340] loss: 0.904
[36,   350] loss: 0.851
[36,   360] loss: 0.874
[36,   370] loss: 0.876
[36,   380] loss: 0.867
[36,   390] loss: 1.003
[36,   400] loss: 0.748
VALIDATION loss: 4.676785469055176
[37,    10] loss: 0.870
[37,    20] loss: 0.865
[37,    30] loss: 0.835
[37,    40] loss: 0.911
[37,    50] loss: 0.905
[37,    60] loss: 0.893
[37,    70] loss: 0.923
[37,    80] loss: 0.820
[37,    90] loss: 0.853
[37,   100] loss: 0.905
[37,   110] loss: 0.936
[37,   120] loss: 0.880
[37,   130] loss: 0.842
[37,   140] loss: 0.806
[37,   150] loss: 0.852
[37,   160] loss: 0.790
[37,   170] loss: 0.839
[37,   180] loss: 0.912
[37,   190] loss: 0.798
[37,   200] loss: 0.832
[37,   210] loss: 0.844
[37,   220] loss: 0.861
[37,   230] loss: 0.921
[37,   240] loss: 0.889
[37,   250] loss: 0.766
[37,   260] loss: 0.892
[37,   270] loss: 0.828
[37,   280] loss: 0.860
[37,   290] loss: 0.850
[37,   300] loss: 0.846
[37,   310] loss: 0.882
[37,   320] loss: 0.910
[37,   330] loss: 0.899
[37,   340] loss: 1.054
[37,   350] loss: 0.922
[37,   360] loss: 0.831
[37,   370] loss: 0.815
[37,   380] loss: 0.831
[37,   390] loss: 0.933
[37,   400] loss: 0.881
VALIDATION loss: 0.9273709654808044
[38,    10] loss: 0.944
[38,    20] loss: 0.949
[38,    30] loss: 0.955
[38,    40] loss: 0.875
[38,    50] loss: 0.894
[38,    60] loss: 0.881
[38,    70] loss: 0.830
[38,    80] loss: 0.870
[38,    90] loss: 0.874
[38,   100] loss: 0.851
[38,   110] loss: 0.902
[38,   120] loss: 0.834
[38,   130] loss: 0.893
[38,   140] loss: 0.803
[38,   150] loss: 0.909
[38,   160] loss: 0.853
[38,   170] loss: 0.928
[38,   180] loss: 0.903
[38,   190] loss: 0.954
[38,   200] loss: 0.906
[38,   210] loss: 0.830
[38,   220] loss: 0.817
[38,   230] loss: 0.943
[38,   240] loss: 0.888
[38,   250] loss: 0.846
[38,   260] loss: 0.736
[38,   270] loss: 0.743
[38,   280] loss: 0.836
[38,   290] loss: 0.869
[38,   300] loss: 0.851
[38,   310] loss: 0.861
[38,   320] loss: 0.895
[38,   330] loss: 0.862
[38,   340] loss: 0.883
[38,   350] loss: 0.842
[38,   360] loss: 0.962
[38,   370] loss: 0.821
[38,   380] loss: 0.803
[38,   390] loss: 0.889
[38,   400] loss: 0.834
VALIDATION loss: 0.7259175181388855
[39,    10] loss: 0.807
[39,    20] loss: 0.824
[39,    30] loss: 0.885
[39,    40] loss: 0.908
[39,    50] loss: 0.883
[39,    60] loss: 0.913
[39,    70] loss: 0.864
[39,    80] loss: 0.860
[39,    90] loss: 0.842
[39,   100] loss: 0.839
[39,   110] loss: 0.814
[39,   120] loss: 0.858
[39,   130] loss: 0.827
[39,   140] loss: 0.866
[39,   150] loss: 0.873
[39,   160] loss: 0.749
[39,   170] loss: 0.822
[39,   180] loss: 0.817
[39,   190] loss: 0.822
[39,   200] loss: 0.709
[39,   210] loss: 0.838
[39,   220] loss: 0.813
[39,   230] loss: 0.808
[39,   240] loss: 0.866
[39,   250] loss: 0.850
[39,   260] loss: 0.839
[39,   270] loss: 0.817
[39,   280] loss: 0.898
[39,   290] loss: 0.842
[39,   300] loss: 0.876
[39,   310] loss: 0.804
[39,   320] loss: 0.956
[39,   330] loss: 0.882
[39,   340] loss: 0.848
[39,   350] loss: 0.763
[39,   360] loss: 0.860
[39,   370] loss: 0.857
[39,   380] loss: 0.935
[39,   390] loss: 0.878
[39,   400] loss: 0.768
VALIDATION loss: 0.6848961114883423
[40,    10] loss: 0.789
[40,    20] loss: 0.800
[40,    30] loss: 0.880
[40,    40] loss: 0.925
[40,    50] loss: 0.900
[40,    60] loss: 0.778
[40,    70] loss: 0.907
[40,    80] loss: 0.779
[40,    90] loss: 0.886
[40,   100] loss: 0.824
[40,   110] loss: 0.889
[40,   120] loss: 0.892
[40,   130] loss: 0.963
[40,   140] loss: 0.880
[40,   150] loss: 0.827
[40,   160] loss: 0.889
[40,   170] loss: 0.853
[40,   180] loss: 0.801
[40,   190] loss: 0.806
[40,   200] loss: 0.859
[40,   210] loss: 0.897
[40,   220] loss: 0.847
[40,   230] loss: 0.782
[40,   240] loss: 0.833
[40,   250] loss: 0.776
[40,   260] loss: 0.704
[40,   270] loss: 0.794
[40,   280] loss: 0.789
[40,   290] loss: 0.743
[40,   300] loss: 0.847
[40,   310] loss: 0.825
[40,   320] loss: 0.876
[40,   330] loss: 0.885
[40,   340] loss: 0.821
[40,   350] loss: 0.883
[40,   360] loss: 0.804
[40,   370] loss: 0.866
[40,   380] loss: 0.825
[40,   390] loss: 0.830
[40,   400] loss: 0.832
VALIDATION loss: 0.6837949156761169
[41,    10] loss: 0.895
[41,    20] loss: 0.861
[41,    30] loss: 0.767
[41,    40] loss: 0.781
[41,    50] loss: 0.795
[41,    60] loss: 0.822
[41,    70] loss: 0.723
[41,    80] loss: 0.871
[41,    90] loss: 0.779
[41,   100] loss: 0.843
[41,   110] loss: 0.925
[41,   120] loss: 0.702
[41,   130] loss: 0.881
[41,   140] loss: 0.764
[41,   150] loss: 0.707
[41,   160] loss: 0.878
[41,   170] loss: 0.788
[41,   180] loss: 0.887
[41,   190] loss: 0.850
[41,   200] loss: 0.760
[41,   210] loss: 0.794
[41,   220] loss: 0.921
[41,   230] loss: 0.846
[41,   240] loss: 0.849
[41,   250] loss: 0.857
[41,   260] loss: 0.860
[41,   270] loss: 0.824
[41,   280] loss: 0.815
[41,   290] loss: 0.809
[41,   300] loss: 0.865
[41,   310] loss: 0.776
[41,   320] loss: 0.718
[41,   330] loss: 0.839
[41,   340] loss: 0.846
[41,   350] loss: 0.822
[41,   360] loss: 0.849
[41,   370] loss: 0.758
[41,   380] loss: 0.840
[41,   390] loss: 0.806
[41,   400] loss: 0.807
VALIDATION loss: 0.6967237591743469
[42,    10] loss: 0.774
[42,    20] loss: 0.826
[42,    30] loss: 0.817
[42,    40] loss: 0.760
[42,    50] loss: 0.835
[42,    60] loss: 0.820
[42,    70] loss: 0.921
[42,    80] loss: 0.852
[42,    90] loss: 0.867
[42,   100] loss: 0.863
[42,   110] loss: 0.813
[42,   120] loss: 0.860
[42,   130] loss: 0.808
[42,   140] loss: 0.758
[42,   150] loss: 0.803
[42,   160] loss: 0.829
[42,   170] loss: 0.774
[42,   180] loss: 0.766
[42,   190] loss: 0.820
[42,   200] loss: 0.904
[42,   210] loss: 0.801
[42,   220] loss: 0.783
[42,   230] loss: 0.746
[42,   240] loss: 0.862
[42,   250] loss: 0.786
[42,   260] loss: 0.832
[42,   270] loss: 0.742
[42,   280] loss: 0.824
[42,   290] loss: 0.771
[42,   300] loss: 0.823
[42,   310] loss: 0.790
[42,   320] loss: 0.825
[42,   330] loss: 0.800
[42,   340] loss: 0.867
[42,   350] loss: 0.792
[42,   360] loss: 0.803
[42,   370] loss: 0.818
[42,   380] loss: 0.794
[42,   390] loss: 0.826
[42,   400] loss: 0.780
VALIDATION loss: 0.7021285891532898
[43,    10] loss: 0.866
[43,    20] loss: 0.796
[43,    30] loss: 0.788
[43,    40] loss: 0.847
[43,    50] loss: 0.786
[43,    60] loss: 0.776
[43,    70] loss: 0.754
[43,    80] loss: 0.802
[43,    90] loss: 0.776
[43,   100] loss: 0.867
[43,   110] loss: 0.767
[43,   120] loss: 0.676
[43,   130] loss: 0.774
[43,   140] loss: 0.869
[43,   150] loss: 0.781
[43,   160] loss: 0.841
[43,   170] loss: 0.834
[43,   180] loss: 0.808
[43,   190] loss: 0.827
[43,   200] loss: 0.793
[43,   210] loss: 0.798
[43,   220] loss: 0.757
[43,   230] loss: 0.749
[43,   240] loss: 0.769
[43,   250] loss: 0.848
[43,   260] loss: 0.820
[43,   270] loss: 0.890
[43,   280] loss: 0.776
[43,   290] loss: 0.755
[43,   300] loss: 0.779
[43,   310] loss: 0.797
[43,   320] loss: 0.853
[43,   330] loss: 0.774
[43,   340] loss: 0.893
[43,   350] loss: 0.791
[43,   360] loss: 0.826
[43,   370] loss: 0.816
[43,   380] loss: 0.810
[43,   390] loss: 0.791
[43,   400] loss: 0.901
VALIDATION loss: 0.8534961938858032
[44,    10] loss: 0.804
[44,    20] loss: 0.838
[44,    30] loss: 0.819
[44,    40] loss: 0.899
[44,    50] loss: 0.759
[44,    60] loss: 0.874
[44,    70] loss: 0.888
[44,    80] loss: 0.806
[44,    90] loss: 0.826
[44,   100] loss: 0.863
[44,   110] loss: 0.722
[44,   120] loss: 0.762
[44,   130] loss: 0.764
[44,   140] loss: 0.782
[44,   150] loss: 0.893
[44,   160] loss: 0.784
[44,   170] loss: 0.759
[44,   180] loss: 0.820
[44,   190] loss: 0.730
[44,   200] loss: 0.775
[44,   210] loss: 0.759
[44,   220] loss: 0.860
[44,   230] loss: 0.739
[44,   240] loss: 0.826
[44,   250] loss: 0.724
[44,   260] loss: 0.728
[44,   270] loss: 0.928
[44,   280] loss: 0.747
[44,   290] loss: 0.820
[44,   300] loss: 0.836
[44,   310] loss: 0.690
[44,   320] loss: 0.697
[44,   330] loss: 0.787
[44,   340] loss: 0.735
[44,   350] loss: 0.829
[44,   360] loss: 0.866
[44,   370] loss: 0.792
[44,   380] loss: 0.727
[44,   390] loss: 0.783
[44,   400] loss: 0.762
VALIDATION loss: 0.6434280276298523
[45,    10] loss: 0.847
[45,    20] loss: 0.794
[45,    30] loss: 0.847
[45,    40] loss: 0.736
[45,    50] loss: 0.850
[45,    60] loss: 0.812
[45,    70] loss: 0.829
[45,    80] loss: 0.765
[45,    90] loss: 0.777
[45,   100] loss: 0.738
[45,   110] loss: 0.784
[45,   120] loss: 0.787
[45,   130] loss: 0.797
[45,   140] loss: 0.843
[45,   150] loss: 0.701
[45,   160] loss: 0.681
[45,   170] loss: 0.841
[45,   180] loss: 0.837
[45,   190] loss: 0.825
[45,   200] loss: 0.698
[45,   210] loss: 0.771
[45,   220] loss: 0.744
[45,   230] loss: 0.819
[45,   240] loss: 0.866
[45,   250] loss: 0.704
[45,   260] loss: 0.715
[45,   270] loss: 0.768
[45,   280] loss: 0.750
[45,   290] loss: 0.761
[45,   300] loss: 0.803
[45,   310] loss: 0.714
[45,   320] loss: 0.929
[45,   330] loss: 0.917
[45,   340] loss: 0.755
[45,   350] loss: 0.835
[45,   360] loss: 0.832
[45,   370] loss: 0.763
[45,   380] loss: 0.807
[45,   390] loss: 0.737
[45,   400] loss: 0.787
VALIDATION loss: 0.9074255228042603
[46,    10] loss: 0.773
[46,    20] loss: 0.750
[46,    30] loss: 0.717
[46,    40] loss: 0.803
[46,    50] loss: 0.788
[46,    60] loss: 0.761
[46,    70] loss: 0.760
[46,    80] loss: 0.701
[46,    90] loss: 0.742
[46,   100] loss: 0.795
[46,   110] loss: 0.746
[46,   120] loss: 0.673
[46,   130] loss: 0.842
[46,   140] loss: 0.821
[46,   150] loss: 0.815
[46,   160] loss: 0.732
[46,   170] loss: 0.700
[46,   180] loss: 0.801
[46,   190] loss: 0.830
[46,   200] loss: 0.786
[46,   210] loss: 0.765
[46,   220] loss: 0.809
[46,   230] loss: 0.767
[46,   240] loss: 0.724
[46,   250] loss: 0.781
[46,   260] loss: 0.769
[46,   270] loss: 0.854
[46,   280] loss: 0.686
[46,   290] loss: 0.788
[46,   300] loss: 0.741
[46,   310] loss: 0.854
[46,   320] loss: 0.723
[46,   330] loss: 0.722
[46,   340] loss: 0.702
[46,   350] loss: 0.762
[46,   360] loss: 0.853
[46,   370] loss: 0.838
[46,   380] loss: 0.814
[46,   390] loss: 0.782
[46,   400] loss: 0.785
VALIDATION loss: 0.7500954270362854
[47,    10] loss: 0.823
[47,    20] loss: 0.806
[47,    30] loss: 0.746
[47,    40] loss: 0.764
[47,    50] loss: 0.760
[47,    60] loss: 0.688
[47,    70] loss: 0.810
[47,    80] loss: 0.812
[47,    90] loss: 0.700
[47,   100] loss: 0.744
[47,   110] loss: 0.800
[47,   120] loss: 0.712
[47,   130] loss: 0.740
[47,   140] loss: 0.624
[47,   150] loss: 0.753
[47,   160] loss: 0.715
[47,   170] loss: 0.781
[47,   180] loss: 0.772
[47,   190] loss: 0.702
[47,   200] loss: 0.783
[47,   210] loss: 0.728
[47,   220] loss: 0.811
[47,   230] loss: 0.772
[47,   240] loss: 0.727
[47,   250] loss: 0.812
[47,   260] loss: 0.777
[47,   270] loss: 0.782
[47,   280] loss: 0.776
[47,   290] loss: 0.755
[47,   300] loss: 0.825
[47,   310] loss: 0.704
[47,   320] loss: 0.716
[47,   330] loss: 0.742
[47,   340] loss: 0.763
[47,   350] loss: 0.819
[47,   360] loss: 0.759
[47,   370] loss: 0.783
[47,   380] loss: 0.741
[47,   390] loss: 0.717
[47,   400] loss: 0.763
VALIDATION loss: 0.6658073663711548
[48,    10] loss: 0.853
[48,    20] loss: 0.744
[48,    30] loss: 0.806
[48,    40] loss: 0.885
[48,    50] loss: 0.835
[48,    60] loss: 0.696
[48,    70] loss: 0.778
[48,    80] loss: 0.759
[48,    90] loss: 0.670
[48,   100] loss: 0.798
[48,   110] loss: 0.630
[48,   120] loss: 0.806
[48,   130] loss: 0.805
[48,   140] loss: 0.846
[48,   150] loss: 0.795
[48,   160] loss: 0.741
[48,   170] loss: 0.663
[48,   180] loss: 0.738
[48,   190] loss: 0.783
[48,   200] loss: 0.674
[48,   210] loss: 0.752
[48,   220] loss: 0.741
[48,   230] loss: 0.778
[48,   240] loss: 0.738
[48,   250] loss: 0.685
[48,   260] loss: 0.824
[48,   270] loss: 0.775
[48,   280] loss: 0.827
[48,   290] loss: 0.717
[48,   300] loss: 0.699
[48,   310] loss: 0.755
[48,   320] loss: 0.755
[48,   330] loss: 0.760
[48,   340] loss: 0.627
[48,   350] loss: 0.670
[48,   360] loss: 0.715
[48,   370] loss: 0.760
[48,   380] loss: 0.746
[48,   390] loss: 0.816
[48,   400] loss: 0.795
VALIDATION loss: 0.6208372712135315
[49,    10] loss: 0.823
[49,    20] loss: 0.906
[49,    30] loss: 0.705
[49,    40] loss: 0.849
[49,    50] loss: 0.948
[49,    60] loss: 0.684
[49,    70] loss: 0.720
[49,    80] loss: 0.782
[49,    90] loss: 0.797
[49,   100] loss: 0.807
[49,   110] loss: 0.738
[49,   120] loss: 0.732
[49,   130] loss: 0.832
[49,   140] loss: 0.771
[49,   150] loss: 0.730
[49,   160] loss: 0.764
[49,   170] loss: 0.813
[49,   180] loss: 0.794
[49,   190] loss: 0.668
[49,   200] loss: 0.696
[49,   210] loss: 0.715
[49,   220] loss: 0.756
[49,   230] loss: 0.774
[49,   240] loss: 0.769
[49,   250] loss: 0.765
[49,   260] loss: 0.806
[49,   270] loss: 0.777
[49,   280] loss: 0.774
[49,   290] loss: 0.807
[49,   300] loss: 0.760
[49,   310] loss: 0.789
[49,   320] loss: 0.671
[49,   330] loss: 0.745
[49,   340] loss: 0.786
[49,   350] loss: 0.752
[49,   360] loss: 0.766
[49,   370] loss: 0.809
[49,   380] loss: 0.701
[49,   390] loss: 0.708
[49,   400] loss: 0.700
VALIDATION loss: 0.6643767356872559
[50,    10] loss: 0.689
[50,    20] loss: 0.812
[50,    30] loss: 0.732
[50,    40] loss: 0.725
[50,    50] loss: 0.726
[50,    60] loss: 0.694
[50,    70] loss: 0.778
[50,    80] loss: 0.839
[50,    90] loss: 0.757
[50,   100] loss: 0.641
[50,   110] loss: 0.837
[50,   120] loss: 0.818
[50,   130] loss: 0.722
[50,   140] loss: 0.812
[50,   150] loss: 0.783
[50,   160] loss: 0.786
[50,   170] loss: 0.779
[50,   180] loss: 0.792
[50,   190] loss: 0.795
[50,   200] loss: 0.828
[50,   210] loss: 0.711
[50,   220] loss: 0.736
[50,   230] loss: 0.707
[50,   240] loss: 0.701
[50,   250] loss: 0.663
[50,   260] loss: 0.725
[50,   270] loss: 0.774
[50,   280] loss: 0.727
[50,   290] loss: 0.683
[50,   300] loss: 0.634
[50,   310] loss: 0.848
[50,   320] loss: 0.764
[50,   330] loss: 0.714
[50,   340] loss: 0.786
[50,   350] loss: 0.721
[50,   360] loss: 0.756
[50,   370] loss: 0.849
[50,   380] loss: 0.748
[50,   390] loss: 0.700
[50,   400] loss: 0.857
VALIDATION loss: 0.6552809476852417
[51,    10] loss: 0.705
[51,    20] loss: 0.806
[51,    30] loss: 0.740
[51,    40] loss: 0.653
[51,    50] loss: 0.784
[51,    60] loss: 0.719
[51,    70] loss: 0.768
[51,    80] loss: 0.695
[51,    90] loss: 0.691
[51,   100] loss: 0.792
[51,   110] loss: 0.715
[51,   120] loss: 0.690
[51,   130] loss: 0.776
[51,   140] loss: 0.736
[51,   150] loss: 0.658
[51,   160] loss: 0.692
[51,   170] loss: 0.721
[51,   180] loss: 0.703
[51,   190] loss: 0.763
[51,   200] loss: 0.783
[51,   210] loss: 0.728
[51,   220] loss: 0.777
[51,   230] loss: 0.664
[51,   240] loss: 0.730
[51,   250] loss: 0.704
[51,   260] loss: 0.656
[51,   270] loss: 0.721
[51,   280] loss: 0.704
[51,   290] loss: 0.713
[51,   300] loss: 0.844
[51,   310] loss: 0.690
[51,   320] loss: 0.795
[51,   330] loss: 0.695
[51,   340] loss: 0.867
[51,   350] loss: 0.768
[51,   360] loss: 0.691
[51,   370] loss: 0.820
[51,   380] loss: 0.750
[51,   390] loss: 0.693
[51,   400] loss: 0.626
VALIDATION loss: 0.5669918060302734
[52,    10] loss: 0.695
[52,    20] loss: 0.793
[52,    30] loss: 0.855
[52,    40] loss: 0.665
[52,    50] loss: 0.796
[52,    60] loss: 0.649
[52,    70] loss: 0.792
[52,    80] loss: 0.818
[52,    90] loss: 0.754
[52,   100] loss: 0.758
[52,   110] loss: 0.638
[52,   120] loss: 0.670
[52,   130] loss: 0.767
[52,   140] loss: 0.782
[52,   150] loss: 0.738
[52,   160] loss: 0.668
[52,   170] loss: 0.831
[52,   180] loss: 0.651
[52,   190] loss: 0.739
[52,   200] loss: 0.766
[52,   210] loss: 0.779
[52,   220] loss: 0.623
[52,   230] loss: 0.737
[52,   240] loss: 0.725
[52,   250] loss: 0.756
[52,   260] loss: 0.689
[52,   270] loss: 0.779
[52,   280] loss: 0.747
[52,   290] loss: 0.672
[52,   300] loss: 0.694
[52,   310] loss: 0.754
[52,   320] loss: 0.700
[52,   330] loss: 0.722
[52,   340] loss: 0.723
[52,   350] loss: 0.723
[52,   360] loss: 0.662
[52,   370] loss: 0.648
[52,   380] loss: 0.726
[52,   390] loss: 0.704
[52,   400] loss: 0.732
VALIDATION loss: 1.0478595495224
[53,    10] loss: 0.745
[53,    20] loss: 0.736
[53,    30] loss: 0.739
[53,    40] loss: 0.683
[53,    50] loss: 0.652
[53,    60] loss: 0.719
[53,    70] loss: 0.661
[53,    80] loss: 0.810
[53,    90] loss: 0.738
[53,   100] loss: 0.781
[53,   110] loss: 0.649
[53,   120] loss: 0.750
[53,   130] loss: 0.711
[53,   140] loss: 0.660
[53,   150] loss: 0.796
[53,   160] loss: 0.658
[53,   170] loss: 0.695
[53,   180] loss: 0.715
[53,   190] loss: 0.731
[53,   200] loss: 0.737
[53,   210] loss: 0.659
[53,   220] loss: 0.781
[53,   230] loss: 0.759
[53,   240] loss: 0.711
[53,   250] loss: 0.686
[53,   260] loss: 0.628
[53,   270] loss: 0.765
[53,   280] loss: 0.696
[53,   290] loss: 0.728
[53,   300] loss: 0.759
[53,   310] loss: 0.683
[53,   320] loss: 0.740
[53,   330] loss: 0.653
[53,   340] loss: 0.704
[53,   350] loss: 0.745
[53,   360] loss: 0.777
[53,   370] loss: 0.750
[53,   380] loss: 0.803
[53,   390] loss: 0.676
[53,   400] loss: 0.778
VALIDATION loss: 0.5976463556289673
[54,    10] loss: 0.760
[54,    20] loss: 0.758
[54,    30] loss: 0.764
[54,    40] loss: 0.799
[54,    50] loss: 0.753
[54,    60] loss: 0.765
[54,    70] loss: 0.644
[54,    80] loss: 0.746
[54,    90] loss: 0.727
[54,   100] loss: 0.672
[54,   110] loss: 0.753
[54,   120] loss: 0.730
[54,   130] loss: 0.754
[54,   140] loss: 0.765
[54,   150] loss: 0.733
[54,   160] loss: 0.829
[54,   170] loss: 0.762
[54,   180] loss: 0.641
[54,   190] loss: 0.717
[54,   200] loss: 0.701
[54,   210] loss: 0.619
[54,   220] loss: 0.665
[54,   230] loss: 0.792
[54,   240] loss: 0.837
[54,   250] loss: 0.679
[54,   260] loss: 0.757
[54,   270] loss: 0.647
[54,   280] loss: 0.825
[54,   290] loss: 0.671
[54,   300] loss: 0.643
[54,   310] loss: 0.683
[54,   320] loss: 0.672
[54,   330] loss: 0.702
[54,   340] loss: 0.722
[54,   350] loss: 0.766
[54,   360] loss: 0.673
[54,   370] loss: 0.694
[54,   380] loss: 0.703
[54,   390] loss: 0.671
[54,   400] loss: 0.671
VALIDATION loss: 0.7280425429344177
[55,    10] loss: 0.813
[55,    20] loss: 0.694
[55,    30] loss: 0.724
[55,    40] loss: 0.717
[55,    50] loss: 0.755
[55,    60] loss: 0.703
[55,    70] loss: 0.652
[55,    80] loss: 0.651
[55,    90] loss: 0.596
[55,   100] loss: 0.709
[55,   110] loss: 0.745
[55,   120] loss: 0.707
[55,   130] loss: 0.776
[55,   140] loss: 0.751
[55,   150] loss: 0.632
[55,   160] loss: 0.727
[55,   170] loss: 0.706
[55,   180] loss: 0.583
[55,   190] loss: 0.692
[55,   200] loss: 0.707
[55,   210] loss: 0.695
[55,   220] loss: 0.690
[55,   230] loss: 0.771
[55,   240] loss: 0.634
[55,   250] loss: 0.753
[55,   260] loss: 0.686
[55,   270] loss: 0.792
[55,   280] loss: 0.656
[55,   290] loss: 0.676
[55,   300] loss: 0.689
[55,   310] loss: 0.618
[55,   320] loss: 0.680
[55,   330] loss: 0.712
[55,   340] loss: 0.626
[55,   350] loss: 0.664
[55,   360] loss: 0.845
[55,   370] loss: 0.676
[55,   380] loss: 0.717
[55,   390] loss: 0.729
[55,   400] loss: 0.686
VALIDATION loss: 0.6139552593231201
[56,    10] loss: 0.595
[56,    20] loss: 0.673
[56,    30] loss: 0.612
[56,    40] loss: 0.705
[56,    50] loss: 0.756
[56,    60] loss: 0.711
[56,    70] loss: 0.634
[56,    80] loss: 0.742
[56,    90] loss: 0.782
[56,   100] loss: 0.811
[56,   110] loss: 0.732
[56,   120] loss: 0.723
[56,   130] loss: 0.715
[56,   140] loss: 0.699
[56,   150] loss: 0.675
[56,   160] loss: 0.670
[56,   170] loss: 0.637
[56,   180] loss: 0.691
[56,   190] loss: 0.729
[56,   200] loss: 0.739
[56,   210] loss: 0.699
[56,   220] loss: 0.788
[56,   230] loss: 0.814
[56,   240] loss: 0.796
[56,   250] loss: 0.754
[56,   260] loss: 0.794
[56,   270] loss: 0.623
[56,   280] loss: 0.697
[56,   290] loss: 0.666
[56,   300] loss: 0.681
[56,   310] loss: 0.609
[56,   320] loss: 0.610
[56,   330] loss: 0.621
[56,   340] loss: 0.758
[56,   350] loss: 0.712
[56,   360] loss: 0.612
[56,   370] loss: 0.672
[56,   380] loss: 0.688
[56,   390] loss: 0.624
[56,   400] loss: 0.724
VALIDATION loss: 0.637292742729187
[57,    10] loss: 0.663
[57,    20] loss: 0.662
[57,    30] loss: 0.868
[57,    40] loss: 0.738
[57,    50] loss: 0.669
[57,    60] loss: 0.698
[57,    70] loss: 0.725
[57,    80] loss: 0.731
[57,    90] loss: 0.691
[57,   100] loss: 0.671
[57,   110] loss: 0.638
[57,   120] loss: 0.772
[57,   130] loss: 0.809
[57,   140] loss: 0.589
[57,   150] loss: 0.694
[57,   160] loss: 0.698
[57,   170] loss: 0.667
[57,   180] loss: 0.525
[57,   190] loss: 0.760
[57,   200] loss: 0.619
[57,   210] loss: 0.703
[57,   220] loss: 0.708
[57,   230] loss: 0.711
[57,   240] loss: 0.622
[57,   250] loss: 0.738
[57,   260] loss: 0.670
[57,   270] loss: 0.768
[57,   280] loss: 0.755
[57,   290] loss: 0.673
[57,   300] loss: 0.721
[57,   310] loss: 0.722
[57,   320] loss: 0.671
[57,   330] loss: 0.690
[57,   340] loss: 0.661
[57,   350] loss: 0.654
[57,   360] loss: 0.644
[57,   370] loss: 0.691
[57,   380] loss: 0.745
[57,   390] loss: 0.745
[57,   400] loss: 0.632
VALIDATION loss: 0.5700938701629639
[58,    10] loss: 0.750
[58,    20] loss: 0.741
[58,    30] loss: 0.758
[58,    40] loss: 0.763
[58,    50] loss: 0.669
[58,    60] loss: 0.673
[58,    70] loss: 0.664
[58,    80] loss: 0.654
[58,    90] loss: 0.772
[58,   100] loss: 0.687
[58,   110] loss: 0.824
[58,   120] loss: 0.747
[58,   130] loss: 0.690
[58,   140] loss: 0.670
[58,   150] loss: 0.623
[58,   160] loss: 0.646
[58,   170] loss: 0.659
[58,   180] loss: 0.671
[58,   190] loss: 0.653
[58,   200] loss: 0.766
[58,   210] loss: 0.733
[58,   220] loss: 0.612
[58,   230] loss: 0.720
[58,   240] loss: 0.727
[58,   250] loss: 0.637
[58,   260] loss: 0.638
[58,   270] loss: 0.750
[58,   280] loss: 0.740
[58,   290] loss: 0.634
[58,   300] loss: 0.693
[58,   310] loss: 0.649
[58,   320] loss: 0.642
[58,   330] loss: 0.598
[58,   340] loss: 0.674
[58,   350] loss: 0.701
[58,   360] loss: 0.662
[58,   370] loss: 0.647
[58,   380] loss: 0.672
[58,   390] loss: 0.677
[58,   400] loss: 0.749
VALIDATION loss: 0.5415662527084351
[59,    10] loss: 0.700
[59,    20] loss: 0.679
[59,    30] loss: 0.585
[59,    40] loss: 0.721
[59,    50] loss: 0.639
[59,    60] loss: 0.662
[59,    70] loss: 0.711
[59,    80] loss: 0.615
[59,    90] loss: 0.630
[59,   100] loss: 0.698
[59,   110] loss: 0.736
[59,   120] loss: 0.742
[59,   130] loss: 0.696
[59,   140] loss: 0.740
[59,   150] loss: 0.739
[59,   160] loss: 0.739
[59,   170] loss: 0.665
[59,   180] loss: 0.689
[59,   190] loss: 0.718
[59,   200] loss: 0.569
[59,   210] loss: 0.595
[59,   220] loss: 0.689
[59,   230] loss: 0.595
[59,   240] loss: 0.615
[59,   250] loss: 0.718
[59,   260] loss: 0.678
[59,   270] loss: 0.614
[59,   280] loss: 0.613
[59,   290] loss: 0.781
[59,   300] loss: 0.752
[59,   310] loss: 0.694
[59,   320] loss: 0.637
[59,   330] loss: 0.657
[59,   340] loss: 0.716
[59,   350] loss: 0.614
[59,   360] loss: 0.688
[59,   370] loss: 0.706
[59,   380] loss: 0.559
[59,   390] loss: 0.675
[59,   400] loss: 0.690
VALIDATION loss: 0.5638226866722107
[60,    10] loss: 0.656
[60,    20] loss: 0.714
[60,    30] loss: 0.673
[60,    40] loss: 0.736
[60,    50] loss: 0.620
[60,    60] loss: 0.710
[60,    70] loss: 0.719
[60,    80] loss: 0.773
[60,    90] loss: 0.719
[60,   100] loss: 0.769
[60,   110] loss: 0.667
[60,   120] loss: 0.729
[60,   130] loss: 0.657
[60,   140] loss: 0.609
[60,   150] loss: 0.661
[60,   160] loss: 0.665
[60,   170] loss: 0.604
[60,   180] loss: 0.677
[60,   190] loss: 0.646
[60,   200] loss: 0.635
[60,   210] loss: 0.655
[60,   220] loss: 0.732
[60,   230] loss: 0.601
[60,   240] loss: 0.670
[60,   250] loss: 0.721
[60,   260] loss: 0.564
[60,   270] loss: 0.664
[60,   280] loss: 0.707
[60,   290] loss: 0.632
[60,   300] loss: 0.655
[60,   310] loss: 0.612
[60,   320] loss: 0.710
[60,   330] loss: 0.627
[60,   340] loss: 0.725
[60,   350] loss: 0.702
[60,   360] loss: 0.727
[60,   370] loss: 0.636
[60,   380] loss: 0.696
[60,   390] loss: 0.759
[60,   400] loss: 0.641
VALIDATION loss: 0.6810278296470642
[61,    10] loss: 0.647
[61,    20] loss: 0.746
[61,    30] loss: 0.863
[61,    40] loss: 0.619
[61,    50] loss: 0.688
[61,    60] loss: 0.689
[61,    70] loss: 0.690
[61,    80] loss: 0.734
[61,    90] loss: 0.655
[61,   100] loss: 0.683
[61,   110] loss: 0.692
[61,   120] loss: 0.664
[61,   130] loss: 0.708
[61,   140] loss: 0.639
[61,   150] loss: 0.676
[61,   160] loss: 0.674
[61,   170] loss: 0.649
[61,   180] loss: 0.699
[61,   190] loss: 0.613
[61,   200] loss: 0.716
[61,   210] loss: 0.645
[61,   220] loss: 0.673
[61,   230] loss: 0.690
[61,   240] loss: 0.563
[61,   250] loss: 0.588
[61,   260] loss: 0.607
[61,   270] loss: 0.595
[61,   280] loss: 0.644
[61,   290] loss: 0.655
[61,   300] loss: 0.632
[61,   310] loss: 0.511
[61,   320] loss: 0.599
[61,   330] loss: 0.661
[61,   340] loss: 0.704
[61,   350] loss: 0.624
[61,   360] loss: 0.617
[61,   370] loss: 0.642
[61,   380] loss: 0.644
[61,   390] loss: 0.699
[61,   400] loss: 0.654
VALIDATION loss: 0.5435822010040283
[62,    10] loss: 0.754
[62,    20] loss: 0.714
[62,    30] loss: 0.562
[62,    40] loss: 0.605
[62,    50] loss: 0.730
[62,    60] loss: 0.663
[62,    70] loss: 0.607
[62,    80] loss: 0.637
[62,    90] loss: 0.630
[62,   100] loss: 0.656
[62,   110] loss: 0.617
[62,   120] loss: 0.739
[62,   130] loss: 0.676
[62,   140] loss: 0.679
[62,   150] loss: 0.634
[62,   160] loss: 0.696
[62,   170] loss: 0.649
[62,   180] loss: 0.789
[62,   190] loss: 0.689
[62,   200] loss: 0.581
[62,   210] loss: 0.692
[62,   220] loss: 0.574
[62,   230] loss: 0.676
[62,   240] loss: 0.650
[62,   250] loss: 0.665
[62,   260] loss: 0.700
[62,   270] loss: 0.674
[62,   280] loss: 0.571
[62,   290] loss: 0.724
[62,   300] loss: 0.647
[62,   310] loss: 0.698
[62,   320] loss: 0.656
[62,   330] loss: 0.633
[62,   340] loss: 0.692
[62,   350] loss: 0.677
[62,   360] loss: 0.677
[62,   370] loss: 0.619
[62,   380] loss: 0.747
[62,   390] loss: 0.674
[62,   400] loss: 0.645
VALIDATION loss: 0.5727337002754211
[63,    10] loss: 0.635
[63,    20] loss: 0.604
[63,    30] loss: 0.713
[63,    40] loss: 0.662
[63,    50] loss: 0.752
[63,    60] loss: 0.631
[63,    70] loss: 0.610
[63,    80] loss: 0.579
[63,    90] loss: 0.591
[63,   100] loss: 0.709
[63,   110] loss: 0.621
[63,   120] loss: 0.704
[63,   130] loss: 0.644
[63,   140] loss: 0.663
[63,   150] loss: 0.712
[63,   160] loss: 0.728
[63,   170] loss: 0.651
[63,   180] loss: 0.632
[63,   190] loss: 0.702
[63,   200] loss: 0.642
[63,   210] loss: 0.637
[63,   220] loss: 0.841
[63,   230] loss: 0.572
[63,   240] loss: 0.759
[63,   250] loss: 0.649
[63,   260] loss: 0.715
[63,   270] loss: 0.574
[63,   280] loss: 0.698
[63,   290] loss: 0.607
[63,   300] loss: 0.609
[63,   310] loss: 0.730
[63,   320] loss: 0.592
[63,   330] loss: 0.720
[63,   340] loss: 0.577
[63,   350] loss: 0.632
[63,   360] loss: 0.643
[63,   370] loss: 0.699
[63,   380] loss: 0.689
[63,   390] loss: 0.606
[63,   400] loss: 0.669
VALIDATION loss: 0.8190910220146179
[64,    10] loss: 0.573
[64,    20] loss: 0.547
[64,    30] loss: 0.574
[64,    40] loss: 0.760
[64,    50] loss: 0.612
[64,    60] loss: 0.704
[64,    70] loss: 0.604
[64,    80] loss: 0.662
[64,    90] loss: 0.679
[64,   100] loss: 0.660
[64,   110] loss: 0.648
[64,   120] loss: 0.592
[64,   130] loss: 0.667
[64,   140] loss: 0.845
[64,   150] loss: 0.671
[64,   160] loss: 0.719
[64,   170] loss: 0.738
[64,   180] loss: 0.681
[64,   190] loss: 0.651
[64,   200] loss: 0.641
[64,   210] loss: 0.600
[64,   220] loss: 0.575
[64,   230] loss: 0.651
[64,   240] loss: 0.612
[64,   250] loss: 0.663
[64,   260] loss: 0.697
[64,   270] loss: 0.660
[64,   280] loss: 0.579
[64,   290] loss: 0.695
[64,   300] loss: 0.611
[64,   310] loss: 0.713
[64,   320] loss: 0.585
[64,   330] loss: 0.653
[64,   340] loss: 0.707
[64,   350] loss: 0.531
[64,   360] loss: 0.663
[64,   370] loss: 0.695
[64,   380] loss: 0.639
[64,   390] loss: 0.611
[64,   400] loss: 0.663
VALIDATION loss: 0.6219794750213623
[65,    10] loss: 0.678
[65,    20] loss: 0.590
[65,    30] loss: 0.672
[65,    40] loss: 0.613
[65,    50] loss: 0.706
[65,    60] loss: 0.659
[65,    70] loss: 0.607
[65,    80] loss: 0.601
[65,    90] loss: 0.589
[65,   100] loss: 0.640
[65,   110] loss: 0.656
[65,   120] loss: 0.620
[65,   130] loss: 0.721
[65,   140] loss: 0.684
[65,   150] loss: 0.689
[65,   160] loss: 0.550
[65,   170] loss: 0.644
[65,   180] loss: 0.641
[65,   190] loss: 0.671
[65,   200] loss: 0.738
[65,   210] loss: 0.610
[65,   220] loss: 0.660
[65,   230] loss: 0.665
[65,   240] loss: 0.696
[65,   250] loss: 0.639
[65,   260] loss: 0.690
[65,   270] loss: 0.664
[65,   280] loss: 0.631
[65,   290] loss: 0.562
[65,   300] loss: 0.653
[65,   310] loss: 0.630
[65,   320] loss: 0.696
[65,   330] loss: 0.737
[65,   340] loss: 0.566
[65,   350] loss: 0.661
[65,   360] loss: 0.589
[65,   370] loss: 0.677
[65,   380] loss: 0.589
[65,   390] loss: 0.628
[65,   400] loss: 0.611
VALIDATION loss: 0.4714847505092621
[66,    10] loss: 0.624
[66,    20] loss: 0.648
[66,    30] loss: 0.649
[66,    40] loss: 0.748
[66,    50] loss: 0.640
[66,    60] loss: 0.626
[66,    70] loss: 0.618
[66,    80] loss: 0.566
[66,    90] loss: 0.623
[66,   100] loss: 0.569
[66,   110] loss: 0.638
[66,   120] loss: 0.681
[66,   130] loss: 0.668
[66,   140] loss: 0.699
[66,   150] loss: 0.585
[66,   160] loss: 0.560
[66,   170] loss: 0.715
[66,   180] loss: 0.629
[66,   190] loss: 0.564
[66,   200] loss: 0.574
[66,   210] loss: 0.609
[66,   220] loss: 0.603
[66,   230] loss: 0.648
[66,   240] loss: 0.654
[66,   250] loss: 0.624
[66,   260] loss: 0.699
[66,   270] loss: 0.691
[66,   280] loss: 0.710
[66,   290] loss: 0.577
[66,   300] loss: 0.653
[66,   310] loss: 0.660
[66,   320] loss: 0.664
[66,   330] loss: 0.641
[66,   340] loss: 0.699
[66,   350] loss: 0.690
[66,   360] loss: 0.623
[66,   370] loss: 0.589
[66,   380] loss: 0.740
[66,   390] loss: 0.574
[66,   400] loss: 0.610
VALIDATION loss: 0.5243996977806091
[67,    10] loss: 0.621
[67,    20] loss: 0.659
[67,    30] loss: 0.636
[67,    40] loss: 0.647
[67,    50] loss: 0.613
[67,    60] loss: 0.546
[67,    70] loss: 0.598
[67,    80] loss: 0.591
[67,    90] loss: 0.606
[67,   100] loss: 0.659
[67,   110] loss: 0.642
[67,   120] loss: 0.671
[67,   130] loss: 0.613
[67,   140] loss: 0.635
[67,   150] loss: 0.597
[67,   160] loss: 0.596
[67,   170] loss: 0.686
[67,   180] loss: 0.696
[67,   190] loss: 0.710
[67,   200] loss: 0.655
[67,   210] loss: 0.605
[67,   220] loss: 0.705
[67,   230] loss: 0.726
[67,   240] loss: 0.727
[67,   250] loss: 0.574
[67,   260] loss: 0.612
[67,   270] loss: 0.653
[67,   280] loss: 0.668
[67,   290] loss: 0.649
[67,   300] loss: 0.666
[67,   310] loss: 0.643
[67,   320] loss: 0.671
[67,   330] loss: 0.608
[67,   340] loss: 0.557
[67,   350] loss: 0.616
[67,   360] loss: 0.551
[67,   370] loss: 0.655
[67,   380] loss: 0.578
[67,   390] loss: 0.605
[67,   400] loss: 0.630
VALIDATION loss: 0.6411072611808777
[68,    10] loss: 0.638
[68,    20] loss: 0.574
[68,    30] loss: 0.617
[68,    40] loss: 0.625
[68,    50] loss: 0.615
[68,    60] loss: 0.605
[68,    70] loss: 0.552
[68,    80] loss: 0.600
[68,    90] loss: 0.614
[68,   100] loss: 0.609
[68,   110] loss: 0.626
[68,   120] loss: 0.637
[68,   130] loss: 0.641
[68,   140] loss: 0.572
[68,   150] loss: 0.616
[68,   160] loss: 0.594
[68,   170] loss: 0.648
[68,   180] loss: 0.753
[68,   190] loss: 0.677
[68,   200] loss: 0.614
[68,   210] loss: 0.610
[68,   220] loss: 0.605
[68,   230] loss: 0.618
[68,   240] loss: 0.703
[68,   250] loss: 0.614
[68,   260] loss: 0.632
[68,   270] loss: 0.615
[68,   280] loss: 0.715
[68,   290] loss: 0.662
[68,   300] loss: 0.577
[68,   310] loss: 0.740
[68,   320] loss: 0.530
[68,   330] loss: 0.587
[68,   340] loss: 0.585
[68,   350] loss: 0.631
[68,   360] loss: 0.576
[68,   370] loss: 0.627
[68,   380] loss: 0.714
[68,   390] loss: 0.662
[68,   400] loss: 0.544
VALIDATION loss: 0.5252753496170044
[69,    10] loss: 0.525
[69,    20] loss: 0.650
[69,    30] loss: 0.608
[69,    40] loss: 0.677
[69,    50] loss: 0.637
[69,    60] loss: 0.610
[69,    70] loss: 0.630
[69,    80] loss: 0.719
[69,    90] loss: 0.619
[69,   100] loss: 0.671
[69,   110] loss: 0.664
[69,   120] loss: 0.626
[69,   130] loss: 0.644
[69,   140] loss: 0.682
[69,   150] loss: 0.674
[69,   160] loss: 0.644
[69,   170] loss: 0.673
[69,   180] loss: 0.732
[69,   190] loss: 0.692
[69,   200] loss: 0.647
[69,   210] loss: 0.582
[69,   220] loss: 0.513
[69,   230] loss: 0.571
[69,   240] loss: 0.682
[69,   250] loss: 0.638
[69,   260] loss: 0.612
[69,   270] loss: 0.594
[69,   280] loss: 0.686
[69,   290] loss: 0.589
[69,   300] loss: 0.719
[69,   310] loss: 0.689
[69,   320] loss: 0.593
[69,   330] loss: 0.634
[69,   340] loss: 0.607
[69,   350] loss: 0.580
[69,   360] loss: 0.574
[69,   370] loss: 0.606
[69,   380] loss: 0.642
[69,   390] loss: 0.569
[69,   400] loss: 0.604
VALIDATION loss: 0.5008289217948914
[70,    10] loss: 0.671
[70,    20] loss: 0.596
[70,    30] loss: 0.640
[70,    40] loss: 0.599
[70,    50] loss: 0.636
[70,    60] loss: 0.676
[70,    70] loss: 0.547
[70,    80] loss: 0.610
[70,    90] loss: 0.659
[70,   100] loss: 0.620
[70,   110] loss: 0.650
[70,   120] loss: 0.600
[70,   130] loss: 0.558
[70,   140] loss: 0.701
[70,   150] loss: 0.646
[70,   160] loss: 0.589
[70,   170] loss: 0.618
[70,   180] loss: 0.717
[70,   190] loss: 0.591
[70,   200] loss: 0.693
[70,   210] loss: 0.652
[70,   220] loss: 0.636
[70,   230] loss: 0.568
[70,   240] loss: 0.654
[70,   250] loss: 0.680
[70,   260] loss: 0.618
[70,   270] loss: 0.678
[70,   280] loss: 0.562
[70,   290] loss: 0.572
[70,   300] loss: 0.649
[70,   310] loss: 0.663
[70,   320] loss: 0.551
[70,   330] loss: 0.617
[70,   340] loss: 0.631
[70,   350] loss: 0.560
[70,   360] loss: 0.637
[70,   370] loss: 0.588
[70,   380] loss: 0.635
[70,   390] loss: 0.588
[70,   400] loss: 0.642
VALIDATION loss: 0.5564904808998108
[71,    10] loss: 0.613
[71,    20] loss: 0.639
[71,    30] loss: 0.639
[71,    40] loss: 0.703
[71,    50] loss: 0.635
[71,    60] loss: 0.655
[71,    70] loss: 0.565
[71,    80] loss: 0.512
[71,    90] loss: 0.581
[71,   100] loss: 0.608
[71,   110] loss: 0.686
[71,   120] loss: 0.703
[71,   130] loss: 0.644
[71,   140] loss: 0.664
[71,   150] loss: 0.533
[71,   160] loss: 0.632
[71,   170] loss: 0.611
[71,   180] loss: 0.610
[71,   190] loss: 0.592
[71,   200] loss: 0.646
[71,   210] loss: 0.625
[71,   220] loss: 0.583
[71,   230] loss: 0.604
[71,   240] loss: 0.559
[71,   250] loss: 0.685
[71,   260] loss: 0.571
[71,   270] loss: 0.619
[71,   280] loss: 0.591
[71,   290] loss: 0.599
[71,   300] loss: 0.686
[71,   310] loss: 0.638
[71,   320] loss: 0.583
[71,   330] loss: 0.501
[71,   340] loss: 0.613
[71,   350] loss: 0.646
[71,   360] loss: 0.621
[71,   370] loss: 0.649
[71,   380] loss: 0.577
[71,   390] loss: 0.663
[71,   400] loss: 0.652
VALIDATION loss: 7.362678050994873
[72,    10] loss: 0.765
[72,    20] loss: 0.644
[72,    30] loss: 0.635
[72,    40] loss: 0.558
[72,    50] loss: 0.636
[72,    60] loss: 0.684
[72,    70] loss: 0.543
[72,    80] loss: 0.602
[72,    90] loss: 0.570
[72,   100] loss: 0.661
[72,   110] loss: 0.651
[72,   120] loss: 0.618
[72,   130] loss: 0.617
[72,   140] loss: 0.624
[72,   150] loss: 0.619
[72,   160] loss: 0.678
[72,   170] loss: 0.567
[72,   180] loss: 0.692
[72,   190] loss: 0.577
[72,   200] loss: 0.596
[72,   210] loss: 0.635
[72,   220] loss: 0.629
[72,   230] loss: 0.522
[72,   240] loss: 0.641
[72,   250] loss: 0.556
[72,   260] loss: 0.590
[72,   270] loss: 0.668
[72,   280] loss: 0.674
[72,   290] loss: 0.697
[72,   300] loss: 0.579
[72,   310] loss: 0.636
[72,   320] loss: 0.620
[72,   330] loss: 0.562
[72,   340] loss: 0.632
[72,   350] loss: 0.618
[72,   360] loss: 0.579
[72,   370] loss: 0.631
[72,   380] loss: 0.577
[72,   390] loss: 0.574
[72,   400] loss: 0.625
VALIDATION loss: 0.5164175629615784
[73,    10] loss: 0.558
[73,    20] loss: 0.635
[73,    30] loss: 0.638
[73,    40] loss: 0.692
[73,    50] loss: 0.631
[73,    60] loss: 0.557
[73,    70] loss: 0.641
[73,    80] loss: 0.639
[73,    90] loss: 0.518
[73,   100] loss: 0.523
[73,   110] loss: 0.535
[73,   120] loss: 0.689
[73,   130] loss: 0.558
[73,   140] loss: 0.594
[73,   150] loss: 0.629
[73,   160] loss: 0.620
[73,   170] loss: 0.611
[73,   180] loss: 0.631
[73,   190] loss: 0.682
[73,   200] loss: 0.528
[73,   210] loss: 0.582
[73,   220] loss: 0.572
[73,   230] loss: 0.634
[73,   240] loss: 0.668
[73,   250] loss: 0.618
[73,   260] loss: 0.597
[73,   270] loss: 0.577
[73,   280] loss: 0.667
[73,   290] loss: 0.548
[73,   300] loss: 0.696
[73,   310] loss: 0.586
[73,   320] loss: 0.595
[73,   330] loss: 0.609
[73,   340] loss: 0.525
[73,   350] loss: 0.606
[73,   360] loss: 0.604
[73,   370] loss: 0.552
[73,   380] loss: 0.603
[73,   390] loss: 0.597
[73,   400] loss: 0.678
VALIDATION loss: 0.5507021546363831
[74,    10] loss: 0.556
[74,    20] loss: 0.583
[74,    30] loss: 0.554
[74,    40] loss: 0.561
[74,    50] loss: 0.647
[74,    60] loss: 0.610
[74,    70] loss: 0.663
[74,    80] loss: 0.580
[74,    90] loss: 0.612
[74,   100] loss: 0.560
[74,   110] loss: 0.544
[74,   120] loss: 0.680
[74,   130] loss: 0.574
[74,   140] loss: 0.571
[74,   150] loss: 0.642
[74,   160] loss: 0.643
[74,   170] loss: 0.556
[74,   180] loss: 0.598
[74,   190] loss: 0.619
[74,   200] loss: 0.611
[74,   210] loss: 0.645
[74,   220] loss: 0.644
[74,   230] loss: 0.600
[74,   240] loss: 0.624
[74,   250] loss: 0.608
[74,   260] loss: 0.636
[74,   270] loss: 0.552
[74,   280] loss: 0.559
[74,   290] loss: 0.664
[74,   300] loss: 0.566
[74,   310] loss: 0.657
[74,   320] loss: 0.588
[74,   330] loss: 0.608
[74,   340] loss: 0.602
[74,   350] loss: 0.596
[74,   360] loss: 0.605
[74,   370] loss: 0.614
[74,   380] loss: 0.556
[74,   390] loss: 0.622
[74,   400] loss: 0.595
VALIDATION loss: 0.5082821249961853
[75,    10] loss: 0.602
[75,    20] loss: 0.607
[75,    30] loss: 0.582
[75,    40] loss: 0.701
[75,    50] loss: 0.634
[75,    60] loss: 0.615
[75,    70] loss: 0.587
[75,    80] loss: 0.663
[75,    90] loss: 0.603
[75,   100] loss: 0.609
[75,   110] loss: 0.583
[75,   120] loss: 0.579
[75,   130] loss: 0.639
[75,   140] loss: 0.578
[75,   150] loss: 0.625
[75,   160] loss: 0.566
[75,   170] loss: 0.607
[75,   180] loss: 0.537
[75,   190] loss: 0.613
[75,   200] loss: 0.599
[75,   210] loss: 0.513
[75,   220] loss: 0.625
[75,   230] loss: 0.613
[75,   240] loss: 0.552
[75,   250] loss: 0.541
[75,   260] loss: 0.645
[75,   270] loss: 0.685
[75,   280] loss: 0.586
[75,   290] loss: 0.603
[75,   300] loss: 0.526
[75,   310] loss: 0.555
[75,   320] loss: 0.574
[75,   330] loss: 0.587
[75,   340] loss: 0.645
[75,   350] loss: 0.591
[75,   360] loss: 0.544
[75,   370] loss: 0.593
[75,   380] loss: 0.611
[75,   390] loss: 0.574
[75,   400] loss: 0.557
VALIDATION loss: 0.6009570956230164
[76,    10] loss: 0.606
[76,    20] loss: 0.573
[76,    30] loss: 0.574
[76,    40] loss: 0.607
[76,    50] loss: 0.617
[76,    60] loss: 0.597
[76,    70] loss: 0.613
[76,    80] loss: 0.582
[76,    90] loss: 0.541
[76,   100] loss: 0.551
[76,   110] loss: 0.541
[76,   120] loss: 0.454
[76,   130] loss: 0.615
[76,   140] loss: 0.591
[76,   150] loss: 0.633
[76,   160] loss: 0.567
[76,   170] loss: 0.567
[76,   180] loss: 0.601
[76,   190] loss: 0.639
[76,   200] loss: 0.669
[76,   210] loss: 0.685
[76,   220] loss: 0.561
[76,   230] loss: 0.619
[76,   240] loss: 0.686
[76,   250] loss: 0.693
[76,   260] loss: 0.570
[76,   270] loss: 0.587
[76,   280] loss: 0.559
[76,   290] loss: 0.556
[76,   300] loss: 0.605
[76,   310] loss: 0.622
[76,   320] loss: 0.588
[76,   330] loss: 0.668
[76,   340] loss: 0.573
[76,   350] loss: 0.598
[76,   360] loss: 0.513
[76,   370] loss: 0.604
[76,   380] loss: 0.639
[76,   390] loss: 0.509
[76,   400] loss: 0.568
VALIDATION loss: 0.62356036901474
[77,    10] loss: 0.658
[77,    20] loss: 0.700
[77,    30] loss: 0.586
[77,    40] loss: 0.579
[77,    50] loss: 0.652
[77,    60] loss: 0.561
[77,    70] loss: 0.569
[77,    80] loss: 0.540
[77,    90] loss: 0.627
[77,   100] loss: 0.620
[77,   110] loss: 0.615
[77,   120] loss: 0.652
[77,   130] loss: 0.484
[77,   140] loss: 0.606
[77,   150] loss: 0.573
[77,   160] loss: 0.561
[77,   170] loss: 0.640
[77,   180] loss: 0.598
[77,   190] loss: 0.570
[77,   200] loss: 0.609
[77,   210] loss: 0.552
[77,   220] loss: 0.483
[77,   230] loss: 0.590
[77,   240] loss: 0.574
[77,   250] loss: 0.541
[77,   260] loss: 0.649
[77,   270] loss: 0.564
[77,   280] loss: 0.526
[77,   290] loss: 0.559
[77,   300] loss: 0.574
[77,   310] loss: 0.578
[77,   320] loss: 0.572
[77,   330] loss: 0.496
[77,   340] loss: 0.566
[77,   350] loss: 0.632
[77,   360] loss: 0.575
[77,   370] loss: 0.643
[77,   380] loss: 0.594
[77,   390] loss: 0.590
[77,   400] loss: 0.606
VALIDATION loss: 0.4659675657749176
[78,    10] loss: 0.609
[78,    20] loss: 0.571
[78,    30] loss: 0.604
[78,    40] loss: 0.646
[78,    50] loss: 0.637
[78,    60] loss: 0.587
[78,    70] loss: 0.596
[78,    80] loss: 0.589
[78,    90] loss: 0.581
[78,   100] loss: 0.681
[78,   110] loss: 0.563
[78,   120] loss: 0.543
[78,   130] loss: 0.540
[78,   140] loss: 0.538
[78,   150] loss: 0.613
[78,   160] loss: 0.521
[78,   170] loss: 0.651
[78,   180] loss: 0.503
[78,   190] loss: 0.596
[78,   200] loss: 0.604
[78,   210] loss: 0.522
[78,   220] loss: 0.468
[78,   230] loss: 0.580
[78,   240] loss: 0.567
[78,   250] loss: 0.547
[78,   260] loss: 0.550
[78,   270] loss: 0.602
[78,   280] loss: 0.661
[78,   290] loss: 0.606
[78,   300] loss: 0.617
[78,   310] loss: 0.518
[78,   320] loss: 0.515
[78,   330] loss: 0.572
[78,   340] loss: 0.563
[78,   350] loss: 0.550
[78,   360] loss: 0.567
[78,   370] loss: 0.620
[78,   380] loss: 0.599
[78,   390] loss: 0.544
[78,   400] loss: 0.544
VALIDATION loss: 0.504156231880188
[79,    10] loss: 0.578
[79,    20] loss: 0.563
[79,    30] loss: 0.631
[79,    40] loss: 0.597
[79,    50] loss: 0.559
[79,    60] loss: 0.557
[79,    70] loss: 0.494
[79,    80] loss: 0.635
[79,    90] loss: 0.561
[79,   100] loss: 0.565
[79,   110] loss: 0.564
[79,   120] loss: 0.544
[79,   130] loss: 0.600
[79,   140] loss: 0.546
[79,   150] loss: 0.670
[79,   160] loss: 0.535
[79,   170] loss: 0.627
[79,   180] loss: 0.545
[79,   190] loss: 0.553
[79,   200] loss: 0.541
[79,   210] loss: 0.539
[79,   220] loss: 0.703
[79,   230] loss: 0.515
[79,   240] loss: 0.621
[79,   250] loss: 0.585
[79,   260] loss: 0.578
[79,   270] loss: 0.496
[79,   280] loss: 0.611
[79,   290] loss: 0.545
[79,   300] loss: 0.560
[79,   310] loss: 0.500
[79,   320] loss: 0.578
[79,   330] loss: 0.669
[79,   340] loss: 0.615
[79,   350] loss: 0.507
[79,   360] loss: 0.552
[79,   370] loss: 0.624
[79,   380] loss: 0.556
[79,   390] loss: 0.707
[79,   400] loss: 0.608
VALIDATION loss: 0.503991425037384
[80,    10] loss: 0.558
[80,    20] loss: 0.483
[80,    30] loss: 0.621
[80,    40] loss: 0.556
[80,    50] loss: 0.545
[80,    60] loss: 0.702
[80,    70] loss: 0.573
[80,    80] loss: 0.570
[80,    90] loss: 0.586
[80,   100] loss: 0.614
[80,   110] loss: 0.527
[80,   120] loss: 0.636
[80,   130] loss: 0.588
[80,   140] loss: 0.620
[80,   150] loss: 0.549
[80,   160] loss: 0.685
[80,   170] loss: 0.629
[80,   180] loss: 0.560
[80,   190] loss: 0.664
[80,   200] loss: 0.718
[80,   210] loss: 0.659
[80,   220] loss: 0.555
[80,   230] loss: 0.534
[80,   240] loss: 0.682
[80,   250] loss: 0.550
[80,   260] loss: 0.619
[80,   270] loss: 0.516
[80,   280] loss: 0.609
[80,   290] loss: 0.559
[80,   300] loss: 0.582
[80,   310] loss: 0.557
[80,   320] loss: 0.566
[80,   330] loss: 0.548
[80,   340] loss: 0.561
[80,   350] loss: 0.626
[80,   360] loss: 0.541
[80,   370] loss: 0.614
[80,   380] loss: 0.498
[80,   390] loss: 0.624
[80,   400] loss: 0.526
VALIDATION loss: 0.506557047367096
[81,    10] loss: 0.593
[81,    20] loss: 0.583
[81,    30] loss: 0.527
[81,    40] loss: 0.566
[81,    50] loss: 0.664
[81,    60] loss: 0.523
[81,    70] loss: 0.591
[81,    80] loss: 0.517
[81,    90] loss: 0.598
[81,   100] loss: 0.572
[81,   110] loss: 0.632
[81,   120] loss: 0.572
[81,   130] loss: 0.577
[81,   140] loss: 0.531
[81,   150] loss: 0.540
[81,   160] loss: 0.592
[81,   170] loss: 0.532
[81,   180] loss: 0.642
[81,   190] loss: 0.588
[81,   200] loss: 0.553
[81,   210] loss: 0.572
[81,   220] loss: 0.503
[81,   230] loss: 0.508
[81,   240] loss: 0.574
[81,   250] loss: 0.602
[81,   260] loss: 0.615
[81,   270] loss: 0.476
[81,   280] loss: 0.683
[81,   290] loss: 0.552
[81,   300] loss: 0.627
[81,   310] loss: 0.568
[81,   320] loss: 0.589
[81,   330] loss: 0.578
[81,   340] loss: 0.585
[81,   350] loss: 0.720
[81,   360] loss: 0.624
[81,   370] loss: 0.551
[81,   380] loss: 0.569
[81,   390] loss: 0.673
[81,   400] loss: 0.534
VALIDATION loss: 0.5611209869384766
[82,    10] loss: 0.611
[82,    20] loss: 0.502
[82,    30] loss: 0.557
[82,    40] loss: 0.630
[82,    50] loss: 0.597
[82,    60] loss: 0.607
[82,    70] loss: 0.594
[82,    80] loss: 0.580
[82,    90] loss: 0.570
[82,   100] loss: 0.542
[82,   110] loss: 0.547
[82,   120] loss: 0.574
[82,   130] loss: 0.554
[82,   140] loss: 0.529
[82,   150] loss: 0.537
[82,   160] loss: 0.526
[82,   170] loss: 0.617
[82,   180] loss: 0.572
[82,   190] loss: 0.586
[82,   200] loss: 0.651
[82,   210] loss: 0.603
[82,   220] loss: 0.608
[82,   230] loss: 0.594
[82,   240] loss: 0.556
[82,   250] loss: 0.635
[82,   260] loss: 0.617
[82,   270] loss: 0.627
[82,   280] loss: 0.603
[82,   290] loss: 0.623
[82,   300] loss: 0.579
[82,   310] loss: 0.516
[82,   320] loss: 0.591
[82,   330] loss: 0.644
[82,   340] loss: 0.567
[82,   350] loss: 0.596
[82,   360] loss: 0.573
[82,   370] loss: 0.542
[82,   380] loss: 0.580
[82,   390] loss: 0.652
[82,   400] loss: 0.557
VALIDATION loss: 0.4187157154083252
[83,    10] loss: 0.524
[83,    20] loss: 0.603
[83,    30] loss: 0.501
[83,    40] loss: 0.531
[83,    50] loss: 0.427
[83,    60] loss: 0.608
[83,    70] loss: 0.477
[83,    80] loss: 0.559
[83,    90] loss: 0.626
[83,   100] loss: 0.659
[83,   110] loss: 0.541
[83,   120] loss: 0.655
[83,   130] loss: 0.540
[83,   140] loss: 0.582
[83,   150] loss: 0.567
[83,   160] loss: 0.542
[83,   170] loss: 0.463
[83,   180] loss: 0.567
[83,   190] loss: 0.643
[83,   200] loss: 0.538
[83,   210] loss: 0.530
[83,   220] loss: 0.635
[83,   230] loss: 0.569
[83,   240] loss: 0.539
[83,   250] loss: 0.653
[83,   260] loss: 0.555
[83,   270] loss: 0.496
[83,   280] loss: 0.546
[83,   290] loss: 0.597
[83,   300] loss: 0.583
[83,   310] loss: 0.576
[83,   320] loss: 0.508
[83,   330] loss: 0.640
[83,   340] loss: 0.525
[83,   350] loss: 0.596
[83,   360] loss: 0.541
[83,   370] loss: 0.608
[83,   380] loss: 0.500
[83,   390] loss: 0.647
[83,   400] loss: 0.567
VALIDATION loss: 0.5421876311302185
[84,    10] loss: 0.608
[84,    20] loss: 0.594
[84,    30] loss: 0.615
[84,    40] loss: 0.597
[84,    50] loss: 0.546
[84,    60] loss: 0.495
[84,    70] loss: 0.588
[84,    80] loss: 0.509
[84,    90] loss: 0.591
[84,   100] loss: 0.537
[84,   110] loss: 0.608
[84,   120] loss: 0.490
[84,   130] loss: 0.512
[84,   140] loss: 0.576
[84,   150] loss: 0.525
[84,   160] loss: 0.539
[84,   170] loss: 0.598
[84,   180] loss: 0.532
[84,   190] loss: 0.493
[84,   200] loss: 0.543
[84,   210] loss: 0.567
[84,   220] loss: 0.486
[84,   230] loss: 0.574
[84,   240] loss: 0.478
[84,   250] loss: 0.503
[84,   260] loss: 0.648
[84,   270] loss: 0.574
[84,   280] loss: 0.525
[84,   290] loss: 0.667
[84,   300] loss: 0.576
[84,   310] loss: 0.680
[84,   320] loss: 0.605
[84,   330] loss: 0.497
[84,   340] loss: 0.506
[84,   350] loss: 0.579
[84,   360] loss: 0.480
[84,   370] loss: 0.536
[84,   380] loss: 0.652
[84,   390] loss: 0.589
[84,   400] loss: 0.543
VALIDATION loss: 0.4406912922859192
[85,    10] loss: 0.591
[85,    20] loss: 0.562
[85,    30] loss: 0.639
[85,    40] loss: 0.608
[85,    50] loss: 0.498
[85,    60] loss: 0.603
[85,    70] loss: 0.494
[85,    80] loss: 0.641
[85,    90] loss: 0.529
[85,   100] loss: 0.509
[85,   110] loss: 0.511
[85,   120] loss: 0.529
[85,   130] loss: 0.565
[85,   140] loss: 0.548
[85,   150] loss: 0.564
[85,   160] loss: 0.604
[85,   170] loss: 0.568
[85,   180] loss: 0.599
[85,   190] loss: 0.636
[85,   200] loss: 0.577
[85,   210] loss: 0.525
[85,   220] loss: 0.610
[85,   230] loss: 0.473
[85,   240] loss: 0.517
[85,   250] loss: 0.596
[85,   260] loss: 0.605
[85,   270] loss: 0.583
[85,   280] loss: 0.546
[85,   290] loss: 0.479
[85,   300] loss: 0.612
[85,   310] loss: 0.560
[85,   320] loss: 0.692
[85,   330] loss: 0.591
[85,   340] loss: 0.450
[85,   350] loss: 0.630
[85,   360] loss: 0.654
[85,   370] loss: 0.533
[85,   380] loss: 0.616
[85,   390] loss: 0.618
[85,   400] loss: 0.477
VALIDATION loss: 0.5480072498321533
[86,    10] loss: 0.582
[86,    20] loss: 0.483
[86,    30] loss: 0.707
[86,    40] loss: 0.553
[86,    50] loss: 0.546
[86,    60] loss: 0.706
[86,    70] loss: 0.605
[86,    80] loss: 0.576
[86,    90] loss: 0.616
[86,   100] loss: 0.534
[86,   110] loss: 0.615
[86,   120] loss: 0.545
[86,   130] loss: 0.558
[86,   140] loss: 0.482
[86,   150] loss: 0.535
[86,   160] loss: 0.574
[86,   170] loss: 0.559
[86,   180] loss: 0.541
[86,   190] loss: 0.464
[86,   200] loss: 0.460
[86,   210] loss: 0.508
[86,   220] loss: 0.471
[86,   230] loss: 0.562
[86,   240] loss: 0.536
[86,   250] loss: 0.521
[86,   260] loss: 0.565
[86,   270] loss: 0.602
[86,   280] loss: 0.534
[86,   290] loss: 0.475
[86,   300] loss: 0.541
[86,   310] loss: 0.517
[86,   320] loss: 0.547
[86,   330] loss: 0.686
[86,   340] loss: 0.581
[86,   350] loss: 0.607
[86,   360] loss: 0.660
[86,   370] loss: 0.471
[86,   380] loss: 0.614
[86,   390] loss: 0.540
[86,   400] loss: 0.523
VALIDATION loss: 0.47616514563560486
[87,    10] loss: 0.638
[87,    20] loss: 0.578
[87,    30] loss: 0.511
[87,    40] loss: 0.505
[87,    50] loss: 0.475
[87,    60] loss: 0.493
[87,    70] loss: 0.562
[87,    80] loss: 0.518
[87,    90] loss: 0.679
[87,   100] loss: 0.557
[87,   110] loss: 0.649
[87,   120] loss: 0.525
[87,   130] loss: 0.567
[87,   140] loss: 0.570
[87,   150] loss: 0.591
[87,   160] loss: 0.522
[87,   170] loss: 0.528
[87,   180] loss: 0.575
[87,   190] loss: 0.648
[87,   200] loss: 0.503
[87,   210] loss: 0.516
[87,   220] loss: 0.562
[87,   230] loss: 0.574
[87,   240] loss: 0.617
[87,   250] loss: 0.473
[87,   260] loss: 0.521
[87,   270] loss: 0.508
[87,   280] loss: 0.560
[87,   290] loss: 0.466
[87,   300] loss: 0.521
[87,   310] loss: 0.566
[87,   320] loss: 0.641
[87,   330] loss: 0.536
[87,   340] loss: 0.459
[87,   350] loss: 0.575
[87,   360] loss: 0.513
[87,   370] loss: 0.559
[87,   380] loss: 0.524
[87,   390] loss: 0.578
[87,   400] loss: 0.584
VALIDATION loss: 0.42148154973983765
[88,    10] loss: 0.523
[88,    20] loss: 0.550
[88,    30] loss: 0.633
[88,    40] loss: 0.516
[88,    50] loss: 0.502
[88,    60] loss: 0.501
[88,    70] loss: 0.470
[88,    80] loss: 0.498
[88,    90] loss: 0.590
[88,   100] loss: 0.549
[88,   110] loss: 0.497
[88,   120] loss: 0.516
[88,   130] loss: 0.603
[88,   140] loss: 0.609
[88,   150] loss: 0.477
[88,   160] loss: 0.534
[88,   170] loss: 0.517
[88,   180] loss: 0.573
[88,   190] loss: 0.622
[88,   200] loss: 0.616
[88,   210] loss: 0.519
[88,   220] loss: 0.566
[88,   230] loss: 0.578
[88,   240] loss: 0.576
[88,   250] loss: 0.552
[88,   260] loss: 0.480
[88,   270] loss: 0.557
[88,   280] loss: 0.522
[88,   290] loss: 0.487
[88,   300] loss: 0.591
[88,   310] loss: 0.626
[88,   320] loss: 0.453
[88,   330] loss: 0.438
[88,   340] loss: 0.534
[88,   350] loss: 0.522
[88,   360] loss: 0.619
[88,   370] loss: 0.643
[88,   380] loss: 0.618
[88,   390] loss: 0.517
[88,   400] loss: 0.550
VALIDATION loss: 0.4447086453437805
[89,    10] loss: 0.538
[89,    20] loss: 0.569
[89,    30] loss: 0.579
[89,    40] loss: 0.532
[89,    50] loss: 0.537
[89,    60] loss: 0.582
[89,    70] loss: 0.538
[89,    80] loss: 0.544
[89,    90] loss: 0.563
[89,   100] loss: 0.578
[89,   110] loss: 0.576
[89,   120] loss: 0.575
[89,   130] loss: 0.563
[89,   140] loss: 0.618
[89,   150] loss: 0.524
[89,   160] loss: 0.590
[89,   170] loss: 0.481
[89,   180] loss: 0.479
[89,   190] loss: 0.539
[89,   200] loss: 0.570
[89,   210] loss: 0.553
[89,   220] loss: 0.558
[89,   230] loss: 0.567
[89,   240] loss: 0.469
[89,   250] loss: 0.560
[89,   260] loss: 0.495
[89,   270] loss: 0.572
[89,   280] loss: 0.508
[89,   290] loss: 0.649
[89,   300] loss: 0.624
[89,   310] loss: 0.483
[89,   320] loss: 0.535
[89,   330] loss: 0.496
[89,   340] loss: 0.497
[89,   350] loss: 0.499
[89,   360] loss: 0.593
[89,   370] loss: 0.561
[89,   380] loss: 0.519
[89,   390] loss: 0.503
[89,   400] loss: 0.571
VALIDATION loss: 0.5429030656814575
[90,    10] loss: 0.569
[90,    20] loss: 0.539
[90,    30] loss: 0.481
[90,    40] loss: 0.489
[90,    50] loss: 0.492
[90,    60] loss: 0.498
[90,    70] loss: 0.501
[90,    80] loss: 0.598
[90,    90] loss: 0.520
[90,   100] loss: 0.620
[90,   110] loss: 0.544
[90,   120] loss: 0.619
[90,   130] loss: 0.567
[90,   140] loss: 0.577
[90,   150] loss: 0.528
[90,   160] loss: 0.492
[90,   170] loss: 0.550
[90,   180] loss: 0.533
[90,   190] loss: 0.576
[90,   200] loss: 0.543
[90,   210] loss: 0.527
[90,   220] loss: 0.520
[90,   230] loss: 0.533
[90,   240] loss: 0.537
[90,   250] loss: 0.506
[90,   260] loss: 0.571
[90,   270] loss: 0.524
[90,   280] loss: 0.604
[90,   290] loss: 0.479
[90,   300] loss: 0.530
[90,   310] loss: 0.521
[90,   320] loss: 0.584
[90,   330] loss: 0.510
[90,   340] loss: 0.476
[90,   350] loss: 0.571
[90,   360] loss: 0.528
[90,   370] loss: 0.554
[90,   380] loss: 0.491
[90,   390] loss: 0.518
[90,   400] loss: 0.526
VALIDATION loss: 0.6279503703117371
[91,    10] loss: 0.570
[91,    20] loss: 0.540
[91,    30] loss: 0.495
[91,    40] loss: 0.571
[91,    50] loss: 0.605
[91,    60] loss: 0.632
[91,    70] loss: 0.577
[91,    80] loss: 0.489
[91,    90] loss: 0.500
[91,   100] loss: 0.562
[91,   110] loss: 0.467
[91,   120] loss: 0.553
[91,   130] loss: 0.551
[91,   140] loss: 0.532
[91,   150] loss: 0.514
[91,   160] loss: 0.485
[91,   170] loss: 0.509
[91,   180] loss: 0.528
[91,   190] loss: 0.454
[91,   200] loss: 0.527
[91,   210] loss: 0.512
[91,   220] loss: 0.616
[91,   230] loss: 0.560
[91,   240] loss: 0.625
[91,   250] loss: 0.485
[91,   260] loss: 0.604
[91,   270] loss: 0.582
[91,   280] loss: 0.468
[91,   290] loss: 0.538
[91,   300] loss: 0.519
[91,   310] loss: 0.505
[91,   320] loss: 0.512
[91,   330] loss: 0.459
[91,   340] loss: 0.546
[91,   350] loss: 0.590
[91,   360] loss: 0.482
[91,   370] loss: 0.501
[91,   380] loss: 0.524
[91,   390] loss: 0.566
[91,   400] loss: 0.471
VALIDATION loss: 0.4078986644744873
[92,    10] loss: 0.449
[92,    20] loss: 0.528
[92,    30] loss: 0.528
[92,    40] loss: 0.525
[92,    50] loss: 0.539
[92,    60] loss: 0.584
[92,    70] loss: 0.483
[92,    80] loss: 0.502
[92,    90] loss: 0.577
[92,   100] loss: 0.533
[92,   110] loss: 0.555
[92,   120] loss: 0.579
[92,   130] loss: 0.587
[92,   140] loss: 0.504
[92,   150] loss: 0.556
[92,   160] loss: 0.452
[92,   170] loss: 0.462
[92,   180] loss: 0.606
[92,   190] loss: 0.553
[92,   200] loss: 0.489
[92,   210] loss: 0.529
[92,   220] loss: 0.539
[92,   230] loss: 0.458
[92,   240] loss: 0.520
[92,   250] loss: 0.526
[92,   260] loss: 0.583
[92,   270] loss: 0.503
[92,   280] loss: 0.559
[92,   290] loss: 0.516
[92,   300] loss: 0.541
[92,   310] loss: 0.542
[92,   320] loss: 0.506
[92,   330] loss: 0.627
[92,   340] loss: 0.489
[92,   350] loss: 0.622
[92,   360] loss: 0.484
[92,   370] loss: 0.550
[92,   380] loss: 0.451
[92,   390] loss: 0.498
[92,   400] loss: 0.504
VALIDATION loss: 0.3929997384548187
[93,    10] loss: 0.406
[93,    20] loss: 0.450
[93,    30] loss: 0.466
[93,    40] loss: 0.591
[93,    50] loss: 0.452
[93,    60] loss: 0.476
[93,    70] loss: 0.470
[93,    80] loss: 0.570
[93,    90] loss: 0.568
[93,   100] loss: 0.473
[93,   110] loss: 0.500
[93,   120] loss: 0.421
[93,   130] loss: 0.560
[93,   140] loss: 0.510
[93,   150] loss: 0.568
[93,   160] loss: 0.514
[93,   170] loss: 0.413
[93,   180] loss: 0.560
[93,   190] loss: 0.578
[93,   200] loss: 0.582
[93,   210] loss: 0.538
[93,   220] loss: 0.483
[93,   230] loss: 0.418
[93,   240] loss: 0.485
[93,   250] loss: 0.532
[93,   260] loss: 0.557
[93,   270] loss: 0.509
[93,   280] loss: 0.532
[93,   290] loss: 0.512
[93,   300] loss: 0.599
[93,   310] loss: 0.505
[93,   320] loss: 0.573
[93,   330] loss: 0.657
[93,   340] loss: 0.562
[93,   350] loss: 0.531
[93,   360] loss: 0.528
[93,   370] loss: 0.538
[93,   380] loss: 0.620
[93,   390] loss: 0.515
[93,   400] loss: 0.519
VALIDATION loss: 0.4635908603668213
[94,    10] loss: 0.583
[94,    20] loss: 0.659
[94,    30] loss: 0.582
[94,    40] loss: 0.479
[94,    50] loss: 0.488
[94,    60] loss: 0.545
[94,    70] loss: 0.576
[94,    80] loss: 0.520
[94,    90] loss: 0.522
[94,   100] loss: 0.499
[94,   110] loss: 0.531
[94,   120] loss: 0.501
[94,   130] loss: 0.559
[94,   140] loss: 0.533
[94,   150] loss: 0.533
[94,   160] loss: 0.544
[94,   170] loss: 0.522
[94,   180] loss: 0.564
[94,   190] loss: 0.529
[94,   200] loss: 0.526
[94,   210] loss: 0.487
[94,   220] loss: 0.503
[94,   230] loss: 0.508
[94,   240] loss: 0.595
[94,   250] loss: 0.565
[94,   260] loss: 0.421
[94,   270] loss: 0.475
[94,   280] loss: 0.496
[94,   290] loss: 0.588
[94,   300] loss: 0.543
[94,   310] loss: 0.520
[94,   320] loss: 0.612
[94,   330] loss: 0.477
[94,   340] loss: 0.506
[94,   350] loss: 0.491
[94,   360] loss: 0.528
[94,   370] loss: 0.486
[94,   380] loss: 0.582
[94,   390] loss: 0.482
[94,   400] loss: 0.420
VALIDATION loss: 0.4066474735736847
[95,    10] loss: 0.564
[95,    20] loss: 0.476
[95,    30] loss: 0.524
[95,    40] loss: 0.560
[95,    50] loss: 0.563
[95,    60] loss: 0.510
[95,    70] loss: 0.439
[95,    80] loss: 0.541
[95,    90] loss: 0.599
[95,   100] loss: 0.550
[95,   110] loss: 0.523
[95,   120] loss: 0.530
[95,   130] loss: 0.495
[95,   140] loss: 0.513
[95,   150] loss: 0.518
[95,   160] loss: 0.429
[95,   170] loss: 0.445
[95,   180] loss: 0.549
[95,   190] loss: 0.538
[95,   200] loss: 0.511
[95,   210] loss: 0.578
[95,   220] loss: 0.477
[95,   230] loss: 0.475
[95,   240] loss: 0.548
[95,   250] loss: 0.454
[95,   260] loss: 0.551
[95,   270] loss: 0.523
[95,   280] loss: 0.551
[95,   290] loss: 0.486
[95,   300] loss: 0.484
[95,   310] loss: 0.492
[95,   320] loss: 0.518
[95,   330] loss: 0.546
[95,   340] loss: 0.501
[95,   350] loss: 0.437
[95,   360] loss: 0.526
[95,   370] loss: 0.543
[95,   380] loss: 0.509
[95,   390] loss: 0.482
[95,   400] loss: 0.468
VALIDATION loss: 0.41224440932273865
[96,    10] loss: 0.492
[96,    20] loss: 0.515
[96,    30] loss: 0.539
[96,    40] loss: 0.584
[96,    50] loss: 0.489
[96,    60] loss: 0.529
[96,    70] loss: 0.535
[96,    80] loss: 0.499
[96,    90] loss: 0.582
[96,   100] loss: 0.556
[96,   110] loss: 0.501
[96,   120] loss: 0.522
[96,   130] loss: 0.493
[96,   140] loss: 0.482
[96,   150] loss: 0.491
[96,   160] loss: 0.549
[96,   170] loss: 0.554
[96,   180] loss: 0.526
[96,   190] loss: 0.449
[96,   200] loss: 0.557
[96,   210] loss: 0.535
[96,   220] loss: 0.550
[96,   230] loss: 0.456
[96,   240] loss: 0.547
[96,   250] loss: 0.463
[96,   260] loss: 0.563
[96,   270] loss: 0.541
[96,   280] loss: 0.440
[96,   290] loss: 0.516
[96,   300] loss: 0.606
[96,   310] loss: 0.491
[96,   320] loss: 0.528
[96,   330] loss: 0.463
[96,   340] loss: 0.632
[96,   350] loss: 0.568
[96,   360] loss: 0.510
[96,   370] loss: 0.535
[96,   380] loss: 0.471
[96,   390] loss: 0.488
[96,   400] loss: 0.481
VALIDATION loss: 0.410288542509079
[97,    10] loss: 0.561
[97,    20] loss: 0.475
[97,    30] loss: 0.452
[97,    40] loss: 0.544
[97,    50] loss: 0.471
[97,    60] loss: 0.587
[97,    70] loss: 0.420
[97,    80] loss: 0.425
[97,    90] loss: 0.500
[97,   100] loss: 0.494
[97,   110] loss: 0.534
[97,   120] loss: 0.444
[97,   130] loss: 0.619
[97,   140] loss: 0.453
[97,   150] loss: 0.531
[97,   160] loss: 0.446
[97,   170] loss: 0.495
[97,   180] loss: 0.527
[97,   190] loss: 0.548
[97,   200] loss: 0.485
[97,   210] loss: 0.582
[97,   220] loss: 0.497
[97,   230] loss: 0.606
[97,   240] loss: 0.518
[97,   250] loss: 0.434
[97,   260] loss: 0.561
[97,   270] loss: 0.532
[97,   280] loss: 0.552
[97,   290] loss: 0.533
[97,   300] loss: 0.550
[97,   310] loss: 0.460
[97,   320] loss: 0.555
[97,   330] loss: 0.578
[97,   340] loss: 0.550
[97,   350] loss: 0.459
[97,   360] loss: 0.489
[97,   370] loss: 0.540
[97,   380] loss: 0.524
[97,   390] loss: 0.588
[97,   400] loss: 0.509
VALIDATION loss: 0.4051688611507416
[98,    10] loss: 0.489
[98,    20] loss: 0.534
[98,    30] loss: 0.537
[98,    40] loss: 0.513
[98,    50] loss: 0.568
[98,    60] loss: 0.437
[98,    70] loss: 0.421
[98,    80] loss: 0.493
[98,    90] loss: 0.408
[98,   100] loss: 0.549
[98,   110] loss: 0.504
[98,   120] loss: 0.510
[98,   130] loss: 0.504
[98,   140] loss: 0.461
[98,   150] loss: 0.575
[98,   160] loss: 0.539
[98,   170] loss: 0.490
[98,   180] loss: 0.490
[98,   190] loss: 0.549
[98,   200] loss: 0.496
[98,   210] loss: 0.491
[98,   220] loss: 0.512
[98,   230] loss: 0.558
[98,   240] loss: 0.581
[98,   250] loss: 0.549
[98,   260] loss: 0.570
[98,   270] loss: 0.439
[98,   280] loss: 0.462
[98,   290] loss: 0.488
[98,   300] loss: 0.473
[98,   310] loss: 0.526
[98,   320] loss: 0.552
[98,   330] loss: 0.492
[98,   340] loss: 0.532
[98,   350] loss: 0.560
[98,   360] loss: 0.555
[98,   370] loss: 0.513
[98,   380] loss: 0.547
[98,   390] loss: 0.510
[98,   400] loss: 0.571
VALIDATION loss: 0.4578292965888977
[99,    10] loss: 0.496
[99,    20] loss: 0.489
[99,    30] loss: 0.565
[99,    40] loss: 0.498
[99,    50] loss: 0.567
[99,    60] loss: 0.474
[99,    70] loss: 0.565
[99,    80] loss: 0.512
[99,    90] loss: 0.512
[99,   100] loss: 0.524
[99,   110] loss: 0.569
[99,   120] loss: 0.559
[99,   130] loss: 0.458
[99,   140] loss: 0.568
[99,   150] loss: 0.449
[99,   160] loss: 0.470
[99,   170] loss: 0.453
[99,   180] loss: 0.511
[99,   190] loss: 0.525
[99,   200] loss: 0.475
[99,   210] loss: 0.470
[99,   220] loss: 0.508
[99,   230] loss: 0.509
[99,   240] loss: 0.547
[99,   250] loss: 0.534
[99,   260] loss: 0.501
[99,   270] loss: 0.522
[99,   280] loss: 0.575
[99,   290] loss: 0.513
[99,   300] loss: 0.487
[99,   310] loss: 0.504
[99,   320] loss: 0.556
[99,   330] loss: 0.561
[99,   340] loss: 0.518
[99,   350] loss: 0.548
[99,   360] loss: 0.519
[99,   370] loss: 0.473
[99,   380] loss: 0.543
[99,   390] loss: 0.502
[99,   400] loss: 0.533
VALIDATION loss: 0.38650381565093994
[100,    10] loss: 0.488
[100,    20] loss: 0.463
[100,    30] loss: 0.544
[100,    40] loss: 0.489
[100,    50] loss: 0.554
[100,    60] loss: 0.526
[100,    70] loss: 0.591
[100,    80] loss: 0.433
[100,    90] loss: 0.482
[100,   100] loss: 0.459
[100,   110] loss: 0.527
[100,   120] loss: 0.541
[100,   130] loss: 0.532
[100,   140] loss: 0.468
[100,   150] loss: 0.507
[100,   160] loss: 0.467
[100,   170] loss: 0.537
[100,   180] loss: 0.507
[100,   190] loss: 0.545
[100,   200] loss: 0.455
[100,   210] loss: 0.501
[100,   220] loss: 0.489
[100,   230] loss: 0.526
[100,   240] loss: 0.513
[100,   250] loss: 0.572
[100,   260] loss: 0.438
[100,   270] loss: 0.501
[100,   280] loss: 0.498
[100,   290] loss: 0.491
[100,   300] loss: 0.503
[100,   310] loss: 0.488
[100,   320] loss: 0.536
[100,   330] loss: 0.424
[100,   340] loss: 0.489
[100,   350] loss: 0.571
[100,   360] loss: 0.511
[100,   370] loss: 0.448
[100,   380] loss: 0.497
[100,   390] loss: 0.542
[100,   400] loss: 0.499
VALIDATION loss: 0.6337109804153442
Finished !!
Accuracy of the network: 69.10 %
